-146.00 9.00 187.00 439.00 -67.00 -1216.00 0
5518 -3.55 -0.28 -2.30 -146.00 12.00 184.00 439.00 -67.00 -1216.00 0
5527 -3.27 -0.28 -2.30 -150.00 11.00 188.00 439.00 -67.00 -1216.00 0
5536 -3.13 -0.14 -2.16 -155.00 8.00 190.00 439.00 -67.00 -1216.00 0
5545 -3.13 -0.14 -2.09 -145.00 17.00 187.00 439.00 -67.00 -1216.00 0
5555 -2.64 -0.63 -1.67 -142.00 13.00 176.00 439.00 -67.00 -1216.00 0
5564 -3.06 -0.56 -1.60 -146.00 9.00 187.00 439.00 -67.00 -1216.00 0
5573 -3.27 0.07 -1.60 -149.00 11.00 179.00 440.00 -66.00 -1342.00 0
5582 -3.13 0.63 -1.60 -146.00 13.00 190.00 440.00 -66.00 -1342.00 0
5592 -3.13 1.11 -1.81 -153.00 12.00 191.00 440.00 -66.00 -1342.00 0
5601 -3.41 1.46 -1.74 -150.00 6.00 188.00 440.00 -66.00 -1342.00 0
5610 -3.83 1.39 -1.81 -145.00 10.00 185.00 440.00 -66.00 -1342.00 0
5619 -3.76 0.70 -1.81 -144.00 16.00 185.00 440.00 -66.00 -1342.00 0
5628 -3.55 0.70 -1.81 -146.00 15.00 187.00 440.00 -66.00 -1342.00 0
5638 -3.62 0.70 -1.74 -148.00 11.00 184.00 438.00 -67.00 -1196.00 0
5647 -3.69 0.70 -1.67 -152.00 13.00 186.00 438.00 -67.00 -1196.00 0
5656 -3.69 0.77 -1.60 -154.00 10.00 188.00 438.00 -67.00 -1196.00 0
5665 -3.83 0.83 -1.67 -155.00 14.00 181.00 438.00 -67.00 -1196.00 0
5675 -3.90 0.77 -1.53 -147.00 6.00 185.00 438.00 -67.00 -1196.00 0
5684 -4.03 0.56 -1.60 -151.00 10.00 183.00 438.00 -67.00 -1196.00 0
5693 -3.90 0.63 -1.60 -150.00 8.00 188.00 438.00 -67.00 -1196.00 0
5702 -3.69 0.56 -1.60 -149.00 14.00 182.00 442.00 -66.00 -1136.00 0
5711 -3.41 0.49 -1.53 -149.00 16.00 183.00 442.00 -66.00 -1136.00 0
5721 -3.20 0.35 -1.39 -149.00 19.00 181.00 442.00 -66.00 -1136.00 0
5730 -3.13 0.35 -0.97 -146.00 16.00 184.00 442.00 -66.00 -1136.00 0
5739 -3.34 0.28 -0.83 -146.00 18.00 184.00 442.00 -66.00 -1136.00 0
5748 -3.62 0.14 -0.63 -147.00 13.00 186.00 442.00 -66.00 -1136.00 0
5757 -3.76 0.07 -0.49 -148.00 11.00 188.00 442.00 -66.00 -1136.00 0
5767 -3.97 0.14 -0.42 -150.00 9.00 188.00 442.00 -66.00 -1136.00 0
5776 -4.24 0.21 -0.35 -148.00 8.00 187.00 442.00 -66.00 -1136.00 0
5785 -4.66 0.14 -0.14 -147.00 6.00 186.00 442.00 -66.00 -1136.00 0
5794 -4.59 0.14 -0.07 -148.00 8.00 187.00 442.00 -66.00 -1136.00 0
5803 -4.52 0.21 -0.07 -152.00 6.00 187.00 442.00 -66.00 -1136.00 0
5812 -4.45 0.35 -0.07 -149.00 7.00 186.00 442.00 -66.00 -1136.00 0
5821 -4.17 0.42 -0.07 -146.00 11.00 185.00 442.00 -66.00 -1136.00 0
5830 -3.76 0.42 -0.14 -149.00 12.00 188.00 442.00 -66.00 -1136.00 0
5839 -3.34 0.21 -0.07 -145.00 17.00 184.00 447.00 -71.00 -798.00 0
5849 -2.99 0.07 -0.14 -147.00 15.00 179.00 447.00 -71.00 -798.00 0
5858 -3.06 0.07 -0.14 -146.00 17.00 184.00 447.00 -71.00 -798.00 0
5867 -3.13 0.28 -0.21 -149.00 20.00 184.00 447.00 -71.00 -798.00 0
5876 -3.20 0.49 -0.28 -153.00 16.00 187.00 447.00 -71.00 -798.00 0
5885 -3.55 0.56 -0.21 -150.00 12.00 184.00 447.00 -71.00 -798.00 0
5895 -3.90 0.49 -0.21 -152.00 8.00 188.00 447.00 -71.00 -798.00 0
5904 -4.38 0.42 -0.14 -155.00 9.00 186.00 447.00 -71.00 -798.00 0
5913 -4.24 0.35 -0.14 -146.00 11.00 188.00 447.00 -71.00 -798.00 0
5922 -4.24 0.07 -0.14 -149.00 14.00 184.00 447.00 -71.00 -798.00 0
5931 -4.03 -0.07 0.07 -151.00 11.00 187.00 447.00 -71.00 -798.00 0
5940 -3.83 -0.21 0.00 -149.00 15.00 187.00 447.00 -71.00 -798.00 0
5949 -3.62 -0.28 -0.07 -148.00 15.00 189.00 447.00 -71.00 -798.00 0
5958 -3.34 -0.35 0.00 -145.00 12.00 187.00 447.00 -71.00 -798.00 0
5967 -3.34 -0.49 -0.07 -147.00 13.00 184.00 448.00 -71.00 -1302.00 0
5977 -3.34 -0.49 -0.07 -154.00 16.00 187.00 448.00 -71.00 -1302.00 0
5986 -3.41 -0.49 0.00 -152.00 16.00 189.00 448.00 -71.00 -1302.00 0
5995 -3.41 -0.63 0.21 -152.00 14.00 190.00 448.00 -71.00 -1302.00 0
6004 -3.48 -0.97 0.49 -151.00 4.00 187.00 448.00 -71.00 -1302.00 0
6013 -3.62 -1.53 0.83 -149.00 8.00 180.00 448.00 -71.00 -1302.00 0
6023 -3.34 -1.95 1.25 -153.00 11.00 184.00 448.00 -71.00 -1302.00 0
6032 -2.85 -2.02 1.46 -156.00 14.00 186.00 444.00 -70.00 -1249.00 0
6041 -2.50 -2.16 1.74 -154.00 12.00 190.00 444.00 -70.00 -1249.00 0
6050 -2.23 -2.37 2.02 -148.00 15.00 184.00 444.00 -70.00 -1249.00 0
6060 -2.16 -2.57 2.30 -149.00 10.00 182.00 444.00 -70.00 -1249.00 0
6069 -2.09 -2.78 2.50 -147.00 7.00 187.00 444.00 -70.00 -1249.00 0
6078 -2.16 -2.99 2.30 -147.00 13.00 183.00 444.00 -70.00 -1249.00 0
6087 -1.95 -2.99 2.02 -143.00 16.00 183.00 444.00 -70.00 -1249.00 0
6096 -1.67 -2.99 1.81 -147.00 23.00 183.00 445.00 -75.00 -1009.00 0
6106 -1.39 -3.06 1.60 -145.00 24.00 188.00 445.00 -75.00 -1009.00 0
6115 -1.32 -3.06 1.32 -148.00 24.00 191.00 445.00 -75.00 -1009.00 0
6124 -1.46 -3.06 1.11 -147.00 20.00 185.00 445.00 -75.00 -1009.00 0
6133 -2.30 -3.34 0.77 -149.00 17.00 188.00 445.00 -75.00 -1009.00 0
6142 -2.78 -3.34 0.63 -149.00 12.00 182.00 445.00 -75.00 -1009.00 0
6152 -3.34 -3.41 0.56 -150.00 10.00 183.00 445.00 -75.00 -1009.00 0
6161 -3.76 -3.55 0.49 -149.00 8.00 187.00 445.00 -75.00 -1009.00 0
6169 -3.90 -3.62 0.49 -150.00 9.00 184.00 445.00 -75.00 -1009.00 0
6178 -3.76 -3.76 0.56 -148.00 16.00 188.00 445.00 -75.00 -1009.00 0
6188 -3.41 -4.17 0.90 -151.00 16.00 186.00 445.00 -75.00 -1009.00 0
6197 -2.50 -4.38 1.04 -149.00 21.00 187.00 445.00 -75.00 -1009.00 0
6206 -2.23 -4.66 1.25 -147.00 21.00 186.00 445.00 -75.00 -1009.00 0
6215 -2.23 -4.66 1.46 -152.00 19.00 190.00 445.00 -75.00 -1009.00 0
6224 -2.23 -4.66 1.81 -147.00 17.00 191.00 445.00 -75.00 -1009.00 0
6234 -2.30 -4.73 2.09 -144.00 14.00 187.00 445.00 -75.00 -1009.00 0
6243 -2.57 -4.94 2.64 -143.00 16.00 185.00 445.00 -75.00 -1009.00 0
6252 -2.71 -5.08 2.71 -145.00 17.00 190.00 445.00 -75.00 -1009.00 0
6261 -2.57 -5.01 2.78 -148.00 21.00 190.00 445.00 -75.00 -1009.00 0
6270 -2.50 -5.08 2.99 -144.00 22.00 185.00 445.00 -75.00 -1009.00 0
6280 -2.57 -5.22 3.06 -143.00 22.00 186.00 445.00 -75.00 -1009.00 0
6289 -2.64 -5.29 3.27 -148.00 27.00 185.00 445.00 -75.00 -1009.00 0
6298 -2.71 -5.22 3.83 -145.00 21.00 187.00 445.00 -75.00 -1009.00 0
6307 -3.27 -5.01 4.03 -149.00 22.00 185.00 445.00 -75.00 -1009.00 0
6317 -3.62 -5.01 4.17 -142.00 23.00 185.00 445.00 -75.00 -1009.00 0
6326 -3.90 -4.87 4.31 -146.00 20.00 187.00 445.00 -75.00 -1009.00 0
6335 -4.24 -4.73 4.45 -151.00 19.00 185.00 445.00 -75.00 -1009.00 0
6344 -4.52 -4.45 4.66 -151.00 20.00 187.00 445.00 -75.00 -1009.00 0
6353 -4.66 -4.38 4.80 -147.00 22.00 188.00 445.00 -75.00 -1009.00 0
6363 -4.59 -4.38 5.08 -145.00 21.00 180.00 445.00 -75.00 -1009.00 0
6372 -4.66 -4.24 5.29 -138.00 22.00 181.00 445.00 -75.00 -1009.00 0
6381 -4.80 -4.03 5.43 -150.00 14.00 195.00 445.00 -75.00 -1009.00 0
6390 -5.08 -3.34 5.57 -148.00 19.00 195.00 445.00 -75.00 -1009.00 0
6400 -4.94 -2.85 5.91 -142.00 14.00 197.00 445.00 -75.00 -1009.00 0
6409 -4.87 -2.99 6.40 -134.00 15.00 185.00 445.00 -75.00 -1009.00 0
6418 -4.80 -4.59 7.79 -130.00 18.00 176.00 445.00 -75.00 -1009.00 0
6427 -4.59 -5.01 8.49 -130.00 19.00 183.00 441.00 -85.00 -1216.00 0
6436 -4.24 -4.80 9.11 -133.00 27.00 184.00 441.00 -85.00 -1216.00 0
6446 -3.97 -4.03 9.60 -134.00 23.00 189.00 441.00 -85.00 -1216.00 0
6455 -4.10 -3.27 9.88 -135.00 24.00 190.00 441.00 -85.00 -1216.00 0
6464 -4.52 -2.50 9.88 -135.00 23.00 195.00 441.00 -85.00 -1216.00 0
6473 -5.43 -1.11 9.39 -137.00 23.00 191.00 441.00 -85.00 -1216.00 0
6482 -5.98 -0.56 9.11 -137.00 18.00 192.00 441.00 -85.00 -1216.00 0
6492 -6.54 -0.07 8.70 -141.00 20.00 187.00 444.00 -89.00 -1152.00 0
6501 -6.75 0.28 8.28 -139.00 22.00 188.00 444.00 -89.00 -1152.00 0
6510 -6.89 0.70 7.79 -140.00 24.00 183.00 444.00 -89.00 -1152.00 0
6519 -6.89 1.11 7.30 -143.00 26.00 183.00 444.00 -89.00 -1152.00 0
6529 -6.40 2.16 6.68 -148.00 28.00 183.00 444.00 -89.00 -1152.00 0
6538 -6.47 2.57 6.33 -150.00 26.00 192.00 444.00 -89.00 -1152.00 0
6547 -6.75 3.55 5.98 -147.00 33.00 184.00 444.00 -89.00 -1152.00 0
6556 -6.82 3.97 5.77 -140.00 27.00 189.00 451.00 -86.00 -1163.00 0
6565 -7.51 4.17 5.63 -135.00 18.00 185.00 451.00 -86.00 -1163.00 0
6575 -8.14 4.10 5.70 -137.00 13.00 184.00 451.00 -86.00 -1163.00 0
6584 -9.39 3.97 5.36 -137.00 10.00 191.00 451.00 -86.00 -1163.00 0
6593 -9.25 4.38 5.22 -135.00 21.00 183.00 451.00 -86.00 -1163.00 0
6602 -8.83 4.52 5.22 -137.00 26.00 180.00 451.00 -86.00 -1163.00 0
6611 -8.42 4.66 5.43 -138.00 22.00 184.00 451.00 -86.00 -1163.00 0
6621 -8.21 5.15 5.77 -144.00 28.00 189.00 451.00 -88.00 -1229.00 0
6630 -7.86 5.84 6.19 -146.00 39.00 189.00 455.00 -88.00 -1229.00 0
6639 -7.65 6.68 7.10 -151.00 33.00 190.00 455.00 -88.00 -1229.00 0
6648 -8.83 6.61 7.65 -155.00 28.00 192.00 455.00 -88.00 -1229.00 0
6658 -9.81 5.98 7.93 -152.00 13.00 193.00 455.00 -88.00 -1229.00 0
6667 -10.92 4.94 7.86 -157.00 8.00 193.00 455.00 -88.00 -1229.00 0
6676 -11.62 3.97 7.86 -144.00 1.00 193.00 455.00 -88.00 -1229.00 0
6685 -11.76 2.92 7.86 -137.00 8.00 190.00 455.00 -88.00 -1229.00 0
6694 -10.85 1.74 8.42 -132.00 13.00 183.00 455.00 -88.00 -1229.00 0
6704 -8.56 -1.53 8.42 -130.00 14.00 183.00 455.00 -88.00 -1229.00 0
6713 -7.10 -1.95 8.56 -129.00 27.00 179.00 455.00 -88.00 -1229.00 0
6722 -5.91 -2.02 8.90 -132.00 33.00 177.00 455.00 -88.00 -1229.00 0
6731 -5.29 -2.16 9.11 -131.00 30.00 175.00 455.00 -88.00 -1229.00 0
6740 -5.01 -2.16 9.39 -132.00 36.00 179.00 455.00 -88.00 -1229.00 0
6750 -5.08 -1.95 9.46 -133.00 50.00 177.00 455.00 -88.00 -1229.00 0
6759 -5.43 -0.28 10.43 -136.00 52.00 177.00 461.00 -94.00 -1247.00 0
6768 -6.96 0.49 10.99 -139.00 48.00 173.00 461.00 -94.00 -1247.00 0
6777 -9.25 1.46 11.06 -148.00 41.00 184.00 461.00 -94.00 -1247.00 0
6787 -11.83 2.57 10.78 -157.00 47.00 187.00 461.00 -94.00 -1247.00 0
6796 -14.19 3.48 10.30 -157.00 49.00 184.00 461.00 -94.00 -1247.00 0
6805 -16.14 4.03 9.11 -153.00 36.00 187.00 461.00 -94.00 -1247.00 0
6814 -22.26 4.59 8.77 -154.00 11.00 188.00 461.00 -94.00 -1247.00 0
6823 -25.11 5.08 8.35 -152.00 6.00 190.00 461.00 -94.00 -1247.00 0
6833 -26.78 5.50 7.86 -152.00 4.00 185.00 461.00 -94.00 -1247.00 0
6842 -27.48 5.91 7.23 -144.00 11.00 178.00 461.00 -94.00 -1247.00 0
6851 -27.55 6.54 6.54 -141.00 10.00 180.00 461.00 -94.00 -1247.00 0
6860 -27.06 6.96 5.98 -143.00 12.00 180.00 461.00 -94.00 -1247.00 0
6870 -25.88 7.86 5.22 -146.00 11.00 188.00 461.00 -94.00 -1247.00 0
6879 -25.11 7.86 4.73 -151.00 15.00 187.00 461.00 -94.00 -1247.00 0
6888 -24.21 7.30 4.17 -146.00 11.00 192.00 461.00 -94.00 -1247.00 0
6897 -23.17 6.19 3.48 -152.00 9.00 185.00 461.00 -94.00 -1247.00 0
6906 -22.40 5.57 2.71 -150.00 4.00 188.00 461.00 -94.00 -1247.00 0
6916 -21.70 5.70 1.81 -147.00 7.00 188.00 461.00 -94.00 -1247.00 0
6925 -18.43 6.96 -0.07 -146.00 21.00 192.00 461.00 -94.00 -1247.00 0
6934 -16.70 7.44 -0.63 -147.00 23.00 182.00 461.00 -94.00 -1247.00 0
6943 -15.93 7.93 -0.97 -146.00 18.00 185.00 461.00 -94.00 -1247.00 0
6952 -15.86 8.35 -1.25 -143.00 22.00 180.00 479.00 -67.00 -1055.00 0
6962 -16.00 8.56 -1.32 -145.00 24.00 180.00 479.00 -67.00 -1055.00 0
6971 -16.42 8.56 -1.11 -151.00 23.00 192.00 479.00 -67.00 -1055.00 0
6980 -18.92 7.65 -0.77 -149.00 14.00 191.00 479.00 -67.00 -1055.00 0
6989 -20.87 6.75 -0.49 -153.00 7.00 185.00 479.00 -67.00 -1055.00 0
6999 -22.40 5.98 -0.21 -147.00 8.00 178.00 479.00 -67.00 -1055.00 0
7008 -23.58 5.63 0.14 -148.00 1.00 173.00 479.00 -67.00 -1055.00 0
7017 -24.28 6.26 0.21 -145.00 -10.00 175.00 485.00 -58.00 -1190.00 0
7026 -24.49 7.86 -0.14 -149.00 -6.00 175.00 485.00 -58.00 -1190.00 0
7035 -22.19 12.03 -1.53 -152.00 0.00 178.00 485.00 -58.00 -1190.00 0
7045 -20.03 13.91 -2.37 -151.00 11.00 178.00 485.00 -58.00 -1190.00 0
7054 -18.02 15.37 -3.27 -154.00 20.00 180.00 485.00 -58.00 -1190.00 0
7063 -16.35 16.56 -3.83 -155.00 19.00 178.00 485.00 -58.00 -1190.00 0
7072 -15.58 17.46 -4.10 -159.00 17.00 182.00 485.00 -58.00 -1190.00 0
7081 -15.44 18.23 -4.24 -167.00 19.00 186.00 494.00 -50.00 -1249.00 0
7091 -16.90 19.13 -4.10 -169.00 15.00 183.00 494.00 -50.00 -1249.00 0
7100 -18.43 18.50 -3.83 -173.00 17.00 186.00 494.00 -50.00 -1249.00 0
7109 -19.90 17.46 -3.20 -173.00 3.00 187.00 494.00 -50.00 -1249.00 0
7118 -21.50 16.14 -2.50 -176.00 -10.00 189.00 494.00 -50.00 -1249.00 0
7128 -23.03 14.54 -2.09 -177.00 -14.00 190.00 494.00 -50.00 -1249.00 0
7138 -23.65 11.27 -1.95 -171.00 -18.00 187.00 494.00 -50.00 -1249.00 0
7147 -22.33 9.74 -2.02 -169.00 -9.00 184.00 498.00 -42.00 -1142.00 0
7156 -20.38 8.28 -1.81 -173.00 -1.00 186.00 498.00 -42.00 -1142.00 0
7165 -18.43 6.54 -1.60 -174.00 -4.00 191.00 498.00 -42.00 -1142.00 0
7175 -16.83 4.45 -1.25 -174.00 0.00 191.00 498.00 -42.00 -1142.00 0
7184 -15.51 1.60 -0.70 -166.00 -1.00 182.00 498.00 -42.00 -1142.00 0
7193 -14.19 -5.01 0.28 -154.00 0.00 174.00 498.00 -42.00 -1142.00 0
7202 -11.76 -7.51 0.42 -151.00 -1.00 166.00 498.00 -42.00 -1142.00 0
7211 -10.43 -8.83 0.56 -154.00 3.00 173.00 498.00 -42.00 -1142.00 0
7220 -9.25 -8.90 0.49 -159.00 2.00 176.00 498.00 -42.00 -1142.00 0
7229 -8.63 -8.42 0.14 -165.00 1.00 185.00 498.00 -42.00 -1142.00 0
7238 -8.28 -7.72 -0.21 -164.00 2.00 186.00 498.00 -42.00 -1142.00 0
7247 -7.86 -7.23 -0.42 -162.00 4.00 185.00 498.00 -42.00 -1142.00 0
7257 -7.10 -7.58 -0.28 -156.00 4.00 180.00 498.00 -42.00 -1142.00 0
7266 -7.10 -7.79 0.00 -152.00 1.00 176.00 498.00 -42.00 -1142.00 0
7275 -7.10 -7.79 0.21 -148.00 2.00 178.00 498.00 -42.00 -1142.00 0
7284 -7.10 -7.58 0.28 -148.00 4.00 179.00 498.00 -42.00 -1142.00 0
7293 -7.03 -7.10 0.21 -152.00 6.00 180.00 498.00 -42.00 -1142.00 0
7303 -7.17 -6.26 0.28 -154.00 3.00 181.00 498.00 -42.00 -1142.00 0
7312 -8.07 -5.01 0.42 -155.00 -2.00 187.00 498.00 -42.00 -1142.00 0
7321 -8.63 -4.80 0.42 -147.00 -6.00 181.00 498.00 -42.00 -1142.00 0
7330 -8.90 -4.66 0.35 -148.00 -10.00 174.00 498.00 -42.00 -1142.00 0
7340 -8.77 -4.31 0.14 -148.00 -11.00 181.00 498.00 -42.00 -1142.00 0
7349 -8.21 -3.76 -0.14 -152.00 -1.00 177.00 498.00 -42.00 -1142.00 0
7358 -7.23 -2.99 -0.42 -154.00 -1.00 180.00 498.00 -42.00 -1142.00 0
7367 -6.19 -1.53 -0.77 -153.00 1.00 179.00 498.00 -42.00 -1142.00 0
7376 -4.31 -1.04 -0.97 -153.00 5.00 183.00 498.00 -42.00 -1142.00 0
7385 -3.34 -0.56 -0.97 -156.00 6.00 179.00 498.00 -42.00 -1142.00 0
7394 -2.85 -0.28 -0.83 -157.00 5.00 178.00 498.00 -42.00 -1142.00 0
7403 -2.71 -0.07 -0.77 -159.00 3.00 182.00 498.00 -42.00 -1142.00 0
7412 -2.64 0.07 -0.83 -159.00 6.00 184.00 490.00 -41.00 -1078.00 0
7421 -2.43 0.35 -0.97 -164.00 5.00 183.00 490.00 -41.00 -1078.00 0
7431 -2.92 1.11 -0.97 -164.00 0.00 183.00 490.00 -41.00 -1078.00 0
7440 -3.55 1.18 -0.90 -159.00 -11.00 182.00 490.00 -41.00 -1078.00 0
7449 -3.83 1.04 -0.90 -161.00 -2.00 186.00 490.00 -41.00 -1078.00 0
7458 -3.55 0.63 -0.97 -158.00 3.00 179.00 490.00 -41.00 -1078.00 0
7468 -3.06 -0.07 -0.90 -150.00 2.00 182.00 490.00 -41.00 -1078.00 0
7477 -2.78 -0.70 -0.90 -148.00 5.00 180.00 494.00 -41.00 -1171.00 0
7486 -2.30 -1.32 -0.77 -154.00 6.00 182.00 494.00 -41.00 -1171.00 0
7495 -2.43 -1.32 -0.70 -153.00 5.00 182.00 494.00 -41.00 -1171.00 0
7504 -2.64 -1.25 -0.77 -153.00 4.00 180.00 494.00 -41.00 -1171.00 0
7514 -2.78 -1.18 -0.77 -151.00 3.00 178.00 494.00 -41.00 -1171.00 0
7523 -3.13 -1.11 -0.77 -157.00 0.00 176.00 494.00 -41.00 -1171.00 0
7532 -3.62 -0.97 -0.83 -158.00 2.00 181.00 494.00 -41.00 -1171.00 0
7540 -3.69 -0.70 -0.90 -162.00 2.00 185.00 492.00 -38.00 -1154.00 0
7549 -3.62 -0.56 -0.77 -164.00 3.00 183.00 492.00 -38.00 -1154.00 0
7559 -3.55 -0.77 -0.49 -159.00 3.00 185.00 492.00 -38.00 -1154.00 0
7568 -3.41 -1.18 -0.21 -160.00 0.00 182.00 492.00 -38.00 -1154.00 0
7577 -3.34 -1.67 0.00 -158.00 1.00 183.00 492.00 -38.00 -1154.00 0
7586 -3.20 -2.30 0.35 -150.00 -4.00 180.00 492.00 -38.00 -1154.00 0
7596 -3.20 -2.85 0.49 -151.00 1.00 178.00 492.00 -38.00 -1154.00 0
7605 -2.92 -3.62 0.63 -148.00 0.00 181.00 492.00 -38.00 -1154.00 0
7614 -2.71 -3.76 0.63 -150.00 3.00 178.00 492.00 -38.00 -1154.00 0
7623 -2.57 -3.69 0.49 -145.00 4.00 179.00 492.00 -38.00 -1154.00 0
7632 -2.71 -3.55 0.42 -151.00 5.00 179.00 492.00 -38.00 -1154.00 0
7642 -2.85 -3.20 0.35 -154.00 7.00 181.00 492.00 -38.00 -1154.00 0
7651 -2.78 -2.78 0.28 -156.00 1.00 187.00 492.00 -38.00 -1154.00 0
7660 -2.92 -1.81 0.21 -155.00 1.00 180.00 492.00 -38.00 -1154.00 0
7669 -2.85 -1.67 0.28 -155.00 2.00 184.00 492.00 -38.00 -1154.00 0
7677 -2.71 -1.53 0.28 -152.00 2.00 181.00 492.00 -38.00 -1154.00 0
7687 -2.64 -1.53 0.21 -150.00 4.00 179.00 492.00 -38.00 -1154.00 0
7696 -2.57 -1.60 0.07 -148.00 6.00 179.00 492.00 -38.00 -1154.00 0
7705 -2.43 -1.74 -0.07 -149.00 6.00 178.00 492.00 -38.00 -1154.00 0
7714 -2.37 -1.74 -0.07 -153.00 9.00 178.00 492.00 -38.00 -1154.00 0
7724 -2.64 -1.25 -0.21 -153.00 4.00 181.00 492.00 -38.00 -1154.00 0
7733 -2.99 -0.97 -0.35 -159.00 2.00 182.00 492.00 -38.00 -1154.00 0
7742 -3.41 -0.63 -0.56 -155.00 1.00 180.00 492.00 -38.00 -1154.00 0
7751 -3.76 -0.35 -0.90 -156.00 2.00 185.00 492.00 -38.00 -1154.00 0
7760 -3.83 -0.14 -1.18 -160.00 -2.00 187.00 492.00 -38.00 -1154.00 0
7770 -3.76 -0.07 -1.46 -156.00 0.00 182.00 492.00 -38.00 -1154.00 0
7779 -3.41 -0.70 -1.81 -156.00 0.00 180.00 492.00 -38.00 -1154.00 0
7788 -2.99 -1.18 -1.74 -154.00 2.00 182.00 492.00 -38.00 -1154.00 0
7797 -2.57 -1.53 -1.60 -153.00 6.00 176.00 492.00 -38.00 -1154.00 0
7806 -2.16 -1.74 -1.53 -150.00 6.00 180.00 494.00 -48.00 -1208.00 0
7816 -1.88 -1.81 -1.53 -151.00 10.00 180.00 494.00 -48.00 -1208.00 0
7825 -1.67 -1.74 -1.46 -151.00 11.00 183.00 494.00 -48.00 -1208.00 0
7834 -1.88 -1.32 -1.46 -154.00 9.00 180.00 494.00 -48.00 -1208.00 0
7843 -2.16 -1.11 -1.46 -158.00 7.00 185.00 494.00 -48.00 -1208.00 0
7853 -2.64 -1.11 -1.39 -159.00 4.00 186.00 494.00 -48.00 -1208.00 0
7861 -3.20 -1.11 -1.46 -161.00 0.00 183.00 494.00 -48.00 -1208.00 0
7870 -3.69 -1.25 -1.53 -157.00 0.00 183.00 492.00 -43.00 -986.00 0
7879 -3.83 -1.39 -1.67 -153.00 0.00 183.00 492.00 -43.00 -986.00 0
7888 -3.69 -1.53 -1.88 -152.00 3.00 182.00 492.00 -43.00 -986.00 0
7898 -2.92 -1.74 -2.16 -151.00 1.00 185.00 492.00 -43.00 -986.00 0
7907 -2.57 -1.60 -2.09 -151.00 4.00 182.00 492.00 -43.00 -986.00 0
7916 -2.30 -1.46 -2.02 -152.00 4.00 183.00 492.00 -43.00 -986.00 0
7925 -2.02 -1.25 -2.02 -153.00 5.00 185.00 492.00 -43.00 -986.00 0
7934 -1.88 -1.11 -2.02 -150.00 6.00 184.00 491.00 -46.00 -1160.00 0
7944 -1.81 -0.90 -1.95 -152.00 6.00 174.00 491.00 -46.00 -1160.00 0
7953 -2.30 -0.63 -1.88 -151.00 5.00 184.00 491.00 -46.00 -1160.00 0
7961 -2.64 -0.49 -1.74 -152.00 4.00 179.00 491.00 -46.00 -1160.00 0
7970 -2.99 -0.42 -1.60 -150.00 2.00 179.00 491.00 -46.00 -1160.00 0
7980 -3.41 -0.42 -1.67 -152.00 0.00 185.00 491.00 -46.00 -1160.00 0
7989 -3.76 -0.21 -1.81 -153.00 0.00 184.00 491.00 -46.00 -1160.00 0
7998 -3.69 0.07 -2.02 -161.00 1.00 186.00 491.00 -46.00 -1160.00 0
8007 -3.55 0.35 -2.16 -156.00 1.00 183.00 491.00 -46.00 -1160.00 0
8016 -3.34 0.70 -2.37 -156.00 4.00 180.00 491.00 -46.00 -1160.00 0
8026 -2.99 0.70 -2.50 -148.00 9.00 178.00 491.00 -46.00 -1160.00 0
8035 -2.57 0.70 -2.43 -154.00 11.00 178.00 491.00 -46.00 -1160.00 0
8044 -2.50 0.90 -2.30 -150.00 10.00 179.00 491.00 -46.00 -1160.00 0
8053 -2.71 1.32 -2.09 -156.00 6.00 183.00 491.00 -46.00 -1160.00 0
8062 -3.20 1.74 -1.95 -159.00 5.00 185.00 491.00 -46.00 -1160.00 0
8072 -4.17 2.23 -1.74 -157.00 5.00 184.00 492.00 -46.00 -1225.00 0
8081 -4.52 2.09 -1.67 -156.00 3.00 181.00 492.00 -46.00 -1225.00 0
8090 -4.80 1.88 -1.60 -155.00 0.00 181.00 492.00 -46.00 -1225.00 0
8099 -5.01 1.60 -1.53 -150.00 -3.00 181.00 492.00 -46.00 -1225.00 0
8109 -5.15 1.39 -1.60 -151.00 0.00 183.00 492.00 -46.00 -1225.00 0
8117 -5.08 1.18 -1.81 -150.00 2.00 181.00 492.00 -46.00 -1225.00 0
8126 -4.87 0.97 -2.16 -155.00 3.00 182.00 492.00 -46.00 -1225.00 0
8135 -4.17 1.11 -2.30 -154.00 7.00 177.00 492.00 -46.00 -1225.00 0
8144 -3.90 1.18 -2.43 -152.00 9.00 179.00 492.00 -46.00 -1225.00 0
8154 -3.90 1.18 -2.37 -150.00 9.00 178.00 492.00 -46.00 -1225.00 0
8163 -4.24 1.32 -2.30 -159.00 9.00 180.00 492.00 -46.00 -1225.00 0
8172 -4.52 1.60 -2.16 -163.00 5.00 187.00 492.00 -46.00 -1225.00 0
8181 -4.94 1.95 -1.88 -163.00 2.00 183.00 492.00 -46.00 -1225.00 0
8190 -5.84 1.88 -1.67 -162.00 0.00 185.00 492.00 -46.00 -1225.00 0
8200 -5.98 1.46 -1.53 -159.00 -1.00 184.00 496.00 -47.00 -1172.00 0
8209 -5.77 0.97 -1.46 -154.00 -2.00 181.00 496.00 -47.00 -1172.00 0
8218 -5.29 0.56 -1.39 -150.00 2.00 179.00 496.00 -47.00 -1172.00 0
8227 -4.66 0.14 -1.32 -152.00 5.00 175.00 496.00 -47.00 -1172.00 0
8237 -4.17 -0.07 -1.25 -154.00 3.00 183.00 496.00 -47.00 -1172.00 0
8246 -3.90 -0.14 -1.18 -154.00 5.00 177.00 496.00 -47.00 -1172.00 0
8255 -3.90 0.00 -1.25 -159.00 6.00 180.00 496.00 -47.00 -1172.00 0
8264 -3.97 0.21 -1.32 -160.00 2.00 186.00 496.00 -45.00 -1231.00 0
8272 -4.10 0.28 -1.39 -161.00 2.00 180.00 496.00 -45.00 -1231.00 0
8282 -4.17 0.28 -1.46 -155.00 2.00 181.00 496.00 -45.00 -1231.00 0
8291 -4.10 0.07 -1.53 -154.00 3.00 175.00 496.00 -45.00 -1231.00 0
8300 -4.03 -0.35 -1.53 -154.00 2.00 177.00 496.00 -45.00 -1231.00 0
8309 -3.97 -0.42 -1.60 -156.00 5.00 178.00 496.00 -45.00 -1231.00 0
8318 -3.76 -0.35 -1.74 -157.00 6.00 180.00 496.00 -45.00 -1231.00 0
8328 -3.62 -0.14 -1.74 -157.00 4.00 182.00 495.00 -44.00 -1136.00 0
8337 -3.69 -0.07 -1.67 -157.00 4.00 182.00 495.00 -44.00 -1136.00 0
8346 -3.83 -0.14 -1.53 -155.00 1.00 179.00 495.00 -44.00 -1136.00 0
8355 -4.10 -0.28 -1.46 -153.00 1.00 178.00 495.00 -44.00 -1136.00 0
8365 -4.52 -0.35 -1.46 -154.00 1.00 181.00 495.00 -44.00 -1136.00 0
8374 -4.52 -0.35 -1.39 -153.00 3.00 180.00 495.00 -44.00 -1136.00 0
8383 -4.59 -0.35 -1.32 -158.00 3.00 181.00 495.00 -44.00 -1136.00 0
8392 -4.80 -0.28 -1.25 -158.00 -1.00 184.00 495.00 -44.00 -1136.00 0
8401 -5.08 -0.35 -1.11 -155.00 1.00 185.00 495.00 -44.00 -1136.00 0
8411 -5.08 -0.35 -1.11 -158.00 2.00 181.00 495.00 -44.00 -1136.00 0
8420 -4.80 -0.35 -1.18 -155.00 3.00 181.00 495.00 -44.00 -1136.00 0
8428 -4.66 -0.35 -1.25 -154.00 5.00 176.00 495.00 -44.00 -1136.00 0
8437 -4.66 -0.28 -1.18 -155.00 1.00 182.00 495.00 -44.00 -1136.00 0
8446 -4.73 -0.14 -1.18 -156.00 3.00 184.00 495.00 -44.00 -1136.00 0
8456 -4.73 0.07 -1.25 -160.00 7.00 184.00 495.00 -44.00 -1136.00 0
8465 -4.66 0.21 -1.25 -157.00 5.00 181.00 495.00 -44.00 -1136.00 0
8474 -4.73 0.14 -1.11 -157.00 2.00 179.00 495.00 -44.00 -1136.00 0
8483 -5.08 -0.28 -1.11 -155.00 1.00 180.00 495.00 -44.00 -1136.00 0
8493 -5.22 -0.35 -1.18 -157.00 0.00 180.00 495.00 -44.00 -1136.00 0
8502 -5.36 -0.35 -1.18 -159.00 -1.00 182.00 495.00 -44.00 -1136.00 0
8511 -5.29 -0.35 -1.18 -156.00 0.00 182.00 495.00 -44.00 -1136.00 0
8520 -5.08 -0.35 -1.18 -158.00 -1.00 183.00 495.00 -44.00 -1136.00 0
8529 -4.66 -0.49 -1.11 -153.00 1.00 176.00 495.00 -44.00 -1136.00 0
8539 -3.97 -0.70 -1.04 -152.00 4.00 177.00 495.00 -44.00 -1136.00 0
8548 -3.83 -0.49 -1.11 -153.00 9.00 177.00 495.00 -44.00 -1136.00 0
8557 -3.83 -0.14 -1.25 -158.00 8.00 183.00 495.00 -44.00 -1136.00 0
8566 -4.03 0.28 -1.39 -157.00 7.00 183.00 495.00 -44.00 -1136.00 0
8576 -4.38 0.49 -1.39 -159.00 1.00 183.00 495.00 -44.00 -1136.00 0
8584 -4.80 0.42 -1.32 -161.00 1.00 181.00 495.00 -44.00 -1136.00 0
8593 -5.08 0.14 -1.18 -157.00 0.00 182.00 493.00 -41.00 -1304.00 0
8602 -5.15 -0.07 -1.11 -158.00 -1.00 180.00 493.00 -41.00 -1304.00 0
8611 -5.08 -0.35 -1.11 -153.00 2.00 181.00 493.00 -41.00 -1304.00 0
8621 -4.94 -0.63 -1.11 -155.00 6.00 175.00 493.00 -41.00 -1304.00 0
8630 -4.80 -0.63 -1.04 -156.00 3.00 182.00 493.00 -41.00 -1304.00 0
8639 -4.73 -0.56 -1.04 -162.00 2.00 183.00 493.00 -41.00 -1304.00 0
8648 -4.59 -0.49 -1.18 -156.00 2.00 184.00 493.00 -41.00 -1304.00 0
8657 -4.45 -0.83 -1.25 -159.00 2.00 183.00 493.00 -42.00 -1151.00 0
8667 -4.38 -1.11 -1.32 -156.00 2.00 183.00 493.00 -42.00 -1151.00 0
8676 -4.17 -1.39 -1.32 -153.00 1.00 180.00 493.00 -42.00 -1151.00 0
8685 -3.97 -1.67 -1.18 -154.00 4.00 172.00 493.00 -42.00 -1151.00 0
8694 -3.69 -1.88 -1.04 -153.00 3.00 175.00 493.00 -42.00 -1151.00 0
8704 -3.55 -1.81 -1.04 -157.00 1.00 180.00 493.00 -42.00 -1151.00 0
8713 -3.48 -1.53 -0.90 -152.00 3.00 179.00 493.00 -42.00 -1151.00 0
8722 -3.48 -1.46 -1.04 -155.00 1.00 177.00 495.00 -43.00 -1044.00 0
8731 -3.55 -1.39 -1.04 -155.00 4.00 177.00 495.00 -43.00 -1044.00 0
8740 -3.55 -1.25 -1.11 -155.00 3.00 181.00 495.00 -43.00 -1044.00 0
8749 -3.48 -1.11 -1.11 -157.00 3.00 181.00 495.00 -43.00 -1044.00 0
8758 -3.41 -0.97 -1.18 -157.00 5.00 183.00 495.00 -43.00 -1044.00 0
8767 -3.27 -0.97 -1.25 -156.00 6.00 180.00 495.00 -43.00 -1044.00 0
8776 -3.27 -1.11 -1.25 -155.00 7.00 178.00 495.00 -43.00 -1044.00 0
8785 -3.41 -1.25 -1.18 -153.00 6.00 174.00 495.00 -43.00 -1044.00 0
8795 -3.55 -1.32 -1.11 -152.00 3.00 178.00 495.00 -43.00 -1044.00 0
8804 -3.69 -1.25 -1.18 -156.00 3.00 182.00 495.00 -43.00 -1044.00 0
8813 -3.90 -0.97 -1.32 -160.00 3.00 186.00 495.00 -43.00 -1044.00 0
8822 -4.10 -0.70 -1.32 -163.00 0.00 188.00 495.00 -43.00 -1044.00 0
8832 -4.38 -0.90 -1.18 -162.00 -1.00 188.00 495.00 -43.00 -1044.00 0
8841 -4.31 -1.53 -0.97 -166.00 0.00 190.00 495.00 -43.00 -1044.00 0
8850 -4.17 -2.43 -0.70 -178.00 2.00 204.00 495.00 -43.00 -1044.00 0
8859 -4.17 -4.17 -0.42 -192.00 10.00 222.00 495.00 -43.00 -1044.00 0
8868 -4.52 -7.51 -0.14 -217.00 16.00 251.00 495.00 -43.00 -1044.00 0
8878 -4.87 -13.22 0.49 -215.00 19.00 252.00 495.00 -43.00 -1044.00 0
8887 -5.77 -35.55 4.03 -245.00 5.00 289.00 495.00 -43.00 -1044.00 0
8896 -7.30 -52.31 5.57 -252.00 51.00 299.00 495.00 -43.00 -1044.00 0
8905 -8.49 -74.85 8.28 -287.00 90.00 344.00 495.00 -43.00 -1044.00 0
8914 -11.13 -102.26 13.98 -289.00 68.00 314.00 495.00 -43.00 -1044.00 0
8924 -18.23 -135.23 21.57 -248.00 32.00 264.00 495.00 -43.00 -1044.00 0
8933 -27.20 -170.85 40.21 -160.00 -32.00 160.00 495.00 -43.00 -1044.00 0
8942 -42.92 -233.18 47.10 -55.00 -92.00 80.00 495.00 -43.00 -1044.00 0
8951 -45.98 -251.27 49.18 -2.00 -90.00 79.00 495.00 -43.00 -1044.00 0
8961 -43.55 -256.70 46.82 -25.00 -54.00 130.00 495.00 -43.00 -1044.00 0
8971 -38.68 -251.27 40.70 -49.00 -15.00 177.00 495.00 -43.00 -1044.00 0
8980 -32.56 -241.81 32.49 -39.00 13.00 233.00 495.00 -43.00 -1044.00 0
8989 -24.70 -225.81 16.70 -63.00 30.00 203.00 495.00 -43.00 -1044.00 0
8998 -23.37 -226.64 10.43 -31.00 16.00 197.00 495.00 -43.00 -1044.00 0
9008 -23.10 -229.15 5.08 2.00 -23.00 188.00 495.00 -43.00 -1044.00 0
9017 -23.86 -228.94 0.07 11.00 -22.00 184.00 495.00 -43.00 -1044.00 0
9026 -23.03 -224.63 -3.83 31.00 -15.00 184.00 495.00 -43.00 -1044.00 0
9035 -20.66 -215.10 -6.96 43.00 -16.00 189.00 495.00 -43.00 -1044.00 0
9044 -14.12 -188.94 -12.52 31.00 -10.00 184.00 495.00 -43.00 -1044.00 0
9055 -10.71 -173.08 -14.54 37.00 1.00 215.00 495.00 -43.00 -1044.00 0
9064 -7.23 -157.29 -16.07 19.00 -11.00 204.00 495.00 -43.00 -1044.00 0
9073 -4.52 -141.98 -17.04 25.00 -2.00 216.00 495.00 -43.00 -1044.00 0
9082 -1.39 -128.00 -17.18 9.00 -3.00 238.00 495.00 -43.00 -1044.00 0
9092 1.25 -113.81 -16.90 5.00 5.00 258.00 495.00 -43.00 -1044.00 0
9101 5.36 -93.36 -16.77 17.00 3.00 253.00 495.00 -43.00 -1044.00 0
9110 6.82 -87.10 -17.04 29.00 1.00 217.00 495.00 -43.00 -1044.00 0
9119 8.21 -80.90 -17.18 43.00 15.00 208.00 115.00 -45.00 -1175.00 0
9128 9.18 -74.02 -17.60 53.00 16.00 202.00 115.00 -45.00 -1175.00 0
9138 8.97 -66.30 -18.02 51.00 12.00 196.00 115.00 -45.00 -1175.00 0
9147 8.56 -58.23 -17.60 56.00 12.00 203.00 115.00 -45.00 -1175.00 0
9156 6.26 -40.42 -14.75 43.00 9.00 211.00 115.00 -45.00 -1175.00 0
9165 4.59 -31.93 -12.80 34.00 19.00 266.00 115.00 -45.00 -1175.00 0
9175 4.17 -25.60 -10.30 2.00 6.00 266.00 115.00 -45.00 -1175.00 0
9184 2.50 -20.10 -8.63 11.00 13.00 286.00 108.00 -47.00 -1152.00 0
9192 1.39 -18.71 -7.37 17.00 8.00 262.00 108.00 -47.00 -1152.00 0
9201 0.07 -19.34 -6.61 28.00 10.00 249.00 108.00 -47.00 -1152.00 0
9210 -1.74 -23.79 -5.43 25.00 3.00 224.00 108.00 -47.00 -1152.00 0
9220 -2.37 -26.16 -4.45 45.00 4.00 222.00 108.00 -47.00 -1152.00 0
9229 -3.13 -27.13 -3.62 58.00 4.00 204.00 108.00 -47.00 -1152.00 0
9238 -4.10 -26.85 -2.78 64.00 -2.00 192.00 108.00 -47.00 -1152.00 0
9247 -4.66 -24.77 -1.88 86.00 -2.00 169.00 91.00 -46.00 -1283.00 0
9256 -5.01 -20.59 -1.25 121.00 33.00 126.00 91.00 -46.00 -1283.00 0
9266 -4.52 -0.07 3.48 182.00 113.00 59.00 91.00 -46.00 -1283.00 0
9275 -1.88 20.80 12.52 237.00 130.00 -35.00 91.00 -46.00 -1283.00 0
9284 -3.13 54.96 29.50 266.00 74.00 -130.00 91.00 -46.00 -1283.00 0
9293 -8.35 111.86 51.69 212.00 -149.00 -221.00 91.00 -46.00 -1283.00 0
9303 -13.77 192.77 72.63 130.00 -278.00 -301.00 91.00 -46.00 -1283.00 0
9312 -9.67 290.30 82.64 -71.00 -175.00 -185.00 360.00 -61.00 -1125.00 0
9321 31.23 478.47 48.28 -129.00 -162.00 -264.00 360.00 -61.00 -1125.00 0
9331 34.30 557.08 -1.95 -175.00 -152.00 -452.00 360.00 -61.00 -1125.00 0
9340 35.34 628.45 -55.10 -365.00 -2.00 -526.00 360.00 -61.00 -1125.00 1
9351 53.01 708.94 -89.60 932.00 -154.00 -827.00 360.00 -61.00 -1125.00 1
9362 -25.11 431.86 -91.62 -395.00 -93.00 -95.00 360.00 -61.00 -1125.00 1
9372 1.25 386.78 -55.30 -238.00 -101.00 73.00 360.00 -61.00 -1125.00 1
9383 6.61 324.45 -26.37 -273.00 -16.00 6.00 360.00 -61.00 -1125.00 1
9395 24.42 228.10 3.97 -163.00 1.00 188.00 360.00 -61.00 -1125.00 1
9405 28.17 190.47 11.48 -160.00 40.00 163.00 360.00 -61.00 -1125.00 1
9416 28.80 120.56 23.86 -190.00 75.00 149.00 360.00 -61.00 -1125.00 1
9427 24.97 93.36 26.30 -183.00 22.00 158.00 360.00 -61.00 -1125.00 1
9438 20.94 69.01 26.92 -161.00 63.00 183.00 360.00 -61.00 -1125.00 1
9449 15.30 35.13 23.51 -184.00 43.00 158.00 552.00 -64.00 -1243.00 1
9460 9.39 26.99 18.43 -167.00 11.00 160.00 552.00 -64.00 -1243.00 1
9472 3.06 20.38 8.63 -187.00 29.00 152.00 552.00 -64.00 -1243.00 1
9482 -4.45 9.46 4.17 -181.00 -5.00 149.00 552.00 -64.00 -1243.00 1
9493 -8.42 4.94 -0.83 -187.00 4.00 159.00 552.00 -64.00 -1243.00 1
9504 -11.69 0.14 -4.66 -209.00 19.00 127.00 552.00 -64.00 -1243.00 1
9515 -12.03 -1.39 -5.01 -179.00 4.00 156.00 550.00 -56.00 -1209.00 1
9526 -12.66 -4.38 -6.12 -169.00 26.00 173.00 550.00 -56.00 -1209.00 1
9537 -15.58 -6.33 -7.30 -175.00 12.00 173.00 550.00 -56.00 -1209.00 1
9548 -19.69 -5.15 -7.93 -186.00 -7.00 170.00 550.00 -56.00 -1209.00 1
9560 -29.22 -2.23 -7.86 -168.00 -4.00 164.00 550.00 -56.00 -1209.00 1
9570 -29.50 -0.63 -7.44 -174.00 4.00 153.00 550.00 -56.00 -1209.00 1
9581 -28.59 -0.14 -7.23 -182.00 12.00 157.00 550.00 -56.00 -1209.00 1
9592 -26.57 -9.95 -9.95 -191.00 48.00 179.00 550.00 -56.00 -1209.00 1
9603 -27.34 -18.92 -10.99 -234.00 21.00 217.00 550.00 -56.00 -1209.00 0
9612 -33.53 -30.19 -10.85 -269.00 9.00 269.00 550.00 -56.00 -1209.00 0
9621 -40.07 -43.76 -10.92 -232.00 0.00 225.00 550.00 -56.00 -1209.00 0
9630 -44.03 -72.35 -5.01 -174.00 -51.00 147.00 550.00 -56.00 -1209.00 0
9639 -44.59 -77.50 0.14 -158.00 -90.00 126.00 550.00 -56.00 -1209.00 0
9649 -42.85 -71.30 4.66 -149.00 -87.00 127.00 550.00 -56.00 -1209.00 0
9658 -36.31 -58.92 7.30 -141.00 -34.00 129.00 550.00 -56.00 -1209.00 0
9667 -25.95 -48.00 7.93 -148.00 -12.00 164.00 550.00 -56.00 -1209.00 0
9677 -16.21 -39.17 7.23 -171.00 -3.00 181.00 550.00 -56.00 -1209.00 0
9687 -3.97 -29.15 4.17 -168.00 6.00 192.00 550.00 -56.00 -1209.00 0
9696 0.35 -28.10 3.48 -171.00 22.00 200.00 550.00 -56.00 -1209.00 0
9705 3.41 -29.15 3.69 -167.00 13.00 198.00 550.00 -56.00 -1209.00 0
9714 4.59 -32.90 4.10 -156.00 -3.00 189.00 550.00 -56.00 -1209.00 0
9723 4.17 -38.89 4.17 -154.00 -2.00 188.00 550.00 -56.00 -1209.00 0
9733 3.69 -45.98 3.69 -156.00 6.00 190.00 550.00 -56.00 -1209.00 0
9742 3.55 -61.84 1.67 -158.00 -6.00 187.00 550.00 -56.00 -1209.00 0
9751 3.69 -71.72 0.14 -134.00 -16.00 179.00 550.00 -56.00 -1209.00 0
9760 4.38 -81.32 -2.09 -125.00 -14.00 171.00 550.00 -56.00 -1209.00 0
9769 6.26 -87.44 -4.03 -103.00 -15.00 161.00 550.00 -56.00 -1209.00 0
9779 9.18 -87.65 -5.22 -100.00 27.00 151.00 550.00 -56.00 -1209.00 0
9788 12.80 -82.50 -5.36 -106.00 2.00 156.00 550.00 -56.00 -1209.00 0
9797 11.90 -64.28 -5.08 -93.00 9.00 160.00 550.00 -56.00 -1209.00 0
9806 10.50 -54.12 -4.94 -89.00 -7.00 152.00 550.00 -56.00 -1209.00 0
9816 8.83 -43.20 -4.80 -84.00 -16.00 143.00 550.00 -56.00 -1209.00 0
9825 7.79 -31.93 -5.43 -88.00 -7.00 150.00 550.00 -56.00 -1209.00 0
9834 8.14 -20.31 -6.68 -102.00 4.00 169.00 550.00 -56.00 -1209.00 0
9843 9.18 -8.90 -8.42 -127.00 19.00 190.00 550.00 -56.00 -1209.00 0
9852 9.67 10.23 -12.45 -148.00 22.00 204.00 550.00 -56.00 -1209.00 0
9862 9.04 17.46 -13.77 -163.00 16.00 223.00 550.00 -56.00 -1209.00 0
9871 7.72 22.68 -14.12 -170.00 15.00 226.00 550.00 -56.00 -1209.00 0
9880 6.54 25.67 -13.63 -176.00 9.00 232.00 550.00 -56.00 -1209.00 0
9889 5.43 26.09 -12.73 -175.00 3.00 229.00 550.00 -56.00 -1209.00 0
9899 4.31 24.00 -11.48 -165.00 1.00 216.00 550.00 -56.00 -1209.00 0
9908 2.92 14.68 -8.90 -153.00 -4.00 199.00 550.00 -56.00 -1209.00 0
9917 2.50 8.90 -7.79 -149.00 -5.00 195.00 550.00 -56.00 -1209.00 0
9926 2.57 3.62 -6.82 -138.00 -9.00 201.00 550.00 -56.00 -1209.00 0
9935 3.13 -0.90 -6.12 -139.00 0.00 192.00 550.00 -56.00 -1209.00 0
9945 4.10 -4.80 -5.50 -134.00 1.00 189.00 550.00 -56.00 -1209.00 0
9953 5.29 -8.21 -4.73 -135.00 7.00 195.00 550.00 -56.00 -1209.00 0
9962 6.75 -13.63 -3.55 -154.00 11.00 214.00 550.00 -56.00 -1209.00 0
9971 6.61 -16.70 -2.92 -161.00 11.00 225.00 461.00 -50.00 -1051.00 0
9981 6.05 -21.01 -2.09 -164.00 11.00 227.00 461.00 -50.00 -1051.00 0
9991 5.50 -26.50 -1.04 -170.00 15.00 235.00 461.00 -50.00 -1051.00 0
10000 4.87 -33.25 0.28 -187.00 23.00 262.00 461.00 -50.00 -1051.00 0
10009 4.24 -41.95 1.88 -205.00 33.00 284.00 461.00 -50.00 -1051.00 0
10018 1.95 -69.63 6.89 -202.00 43.00 286.00 461.00 -50.00 -1051.00 0
10028 0.70 -90.09 10.99 -182.00 34.00 260.00 461.00 -50.00 -1051.00 0
10037 -1.32 -112.77 15.65 -129.00 11.00 204.00 400.00 -60.00 -1317.00 0
10046 -3.97 -133.63 20.24 -84.00 -2.00 167.00 400.00 -60.00 -1317.00 0
10055 -6.54 -149.22 23.58 -84.00 -37.00 173.00 400.00 -60.00 -1317.00 0
10064 -9.18 -158.12 23.51 -111.00 -30.00 223.00 400.00 -60.00 -1317.00 0
10074 -9.18 -164.59 20.73 -105.00 -57.00 228.00 400.00 -60.00 -1317.00 0
10084 -6.47 -169.25 16.56 -103.00 -38.00 230.00 400.00 -60.00 -1317.00 0
10093 -0.83 -176.21 10.43 -80.00 -29.00 231.00 400.00 -60.00 -1317.00 0
10102 4.45 -182.61 2.78 -28.00 14.00 209.00 288.00 -65.00 -1053.00 0
10112 9.95 -188.73 -5.01 -23.00 36.00 189.00 288.00 -65.00 -1053.00 0
10121 15.79 -189.22 -15.30 -22.00 49.00 211.00 288.00 -65.00 -1053.00 0
10130 15.86 -186.37 -17.32 -17.00 36.00 201.00 288.00 -65.00 -1053.00 0
10139 13.98 -182.33 -18.43 -2.00 29.00 204.00 288.00 -65.00 -1053.00 0
10149 11.90 -176.70 -18.50 -8.00 26.00 237.00 288.00 -65.00 -1053.00 0
10159 9.95 -170.02 -17.88 -28.00 23.00 242.00 288.00 -65.00 -1053.00 0
10168 8.00 -163.55 -17.11 -29.00 10.00 254.00 173.00 -70.00 -1295.00 0
10177 5.43 -157.84 -18.02 -1.00 1.00 237.00 173.00 -70.00 -1295.00 0
10186 4.94 -157.43 -20.10 27.00 2.00 200.00 173.00 -70.00 -1295.00 0
10195 5.63 -155.13 -22.33 22.00 13.00 206.00 173.00 -70.00 -1295.00 0
10205 6.75 -150.33 -24.35 25.00 16.00 201.00 173.00 -70.00 -1295.00 0
10214 7.51 -145.53 -26.23 42.00 31.00 195.00 173.00 -70.00 -1295.00 0
10223 8.49 -137.39 -28.94 38.00 22.00 183.00 173.00 -70.00 -1295.00 0
10233 8.07 -131.20 -29.36 49.00 30.00 209.00 79.00 -77.00 -1380.00 0
10243 8.00 -125.15 -28.59 25.00 38.00 238.00 79.00 -77.00 -1380.00 0
10252 7.10 -119.44 -27.90 49.00 40.00 235.00 79.00 -77.00 -1380.00 0
10261 5.29 -115.62 -27.13 59.00 26.00 190.00 79.00 -77.00 -1380.00 0
10270 3.41 -111.65 -25.60 75.00 42.00 207.00 79.00 -77.00 -1380.00 0
10279 0.83 -98.92 -18.71 66.00 31.00 213.00 79.00 -77.00 -1380.00 0
10289 -1.46 -89.74 -15.10 70.00 13.00 197.00 79.00 -77.00 -1380.00 0
10298 -3.34 -80.49 -10.85 102.00 14.00 176.00 32.00 -76.00 -1322.00 0
10307 -4.24 -68.52 -6.40 114.00 5.00 137.00 32.00 -76.00 -1322.00 0
10316 -4.94 -51.48 -2.23 164.00 31.00 96.00 32.00 -76.00 -1322.00 0
10326 -4.73 -27.76 2.85 143.00 115.00 85.00 32.00 -76.00 -1322.00 0
10335 -0.77 46.47 26.09 125.00 108.00 96.00 32.00 -76.00 -1322.00 0
10344 -4.73 92.31 41.81 151.00 87.00 36.00 32.00 -76.00 -1322.00 0
10353 -11.76 143.58 57.81 153.00 66.00 -23.00 32.00 -76.00 -1322.00 0
10362 -17.32 203.83 75.41 89.00 10.00 -20.00 232.00 -73.00 -1214.00 0
10372 -21.63 268.31 92.03 60.00 -112.00 -79.00 232.00 -73.00 -1214.00 0
10381 -25.25 331.48 101.84 16.00 -155.00 -94.00 232.00 -73.00 -1214.00 0
10390 -14.26 455.51 92.87 -79.00 -176.00 -131.00 232.00 -73.00 -1214.00 0
10400 -3.55 519.30 69.36 -97.00 -210.00 -230.00 232.00 -73.00 -1214.00 0
10409 1.67 577.04 27.83 -75.00 -255.00 -465.00 232.00 -73.00 -1214.00 0
10419 7.30 633.25 -22.75 -284.00 31.00 -516.00 232.00 -73.00 -1214.00 1
10430 69.91 656.28 -82.43 1628.00 -44.00 -869.00 544.00 -38.00 -1278.00 1
10440 -15.03 454.12 -66.30 20.00 -305.00 138.00 544.00 -38.00 -1278.00 1
10451 -5.57 402.71 -37.70 -174.00 36.00 148.00 544.00 -38.00 -1278.00 1
10463 16.00 278.05 3.27 -189.00 -25.00 126.00 544.00 -38.00 -1278.00 1
10473 20.17 228.73 12.03 -217.00 16.00 79.00 544.00 -38.00 -1278.00 1
10484 24.77 155.48 19.06 -171.00 37.00 132.00 544.00 -38.00 -1278.00 1
10496 26.71 119.03 21.01 -200.00 87.00 142.00 587.00 -80.00 -1281.00 1
10507 24.00 90.37 20.80 -192.00 44.00 133.00 587.00 -80.00 -1281.00 1
10518 10.37 44.80 10.78 -186.00 28.00 149.00 587.00 -80.00 -1281.00 1
10529 4.24 28.10 4.80 -197.00 16.00 129.00 587.00 -80.00 -1281.00 1
10541 -5.08 7.72 -5.43 -195.00 -3.00 145.00 587.00 -80.00 -1281.00 1
10551 -8.07 0.97 -8.56 -190.00 10.00 154.00 587.00 -80.00 -1281.00 1
10562 -8.56 -3.62 -9.60 -189.00 -2.00 147.00 573.00 -68.00 -1283.00 1
10573 -7.86 -9.60 -8.83 -186.00 5.00 145.00 573.00 -68.00 -1283.00 1
10585 -6.05 -12.31 -6.96 -195.00 17.00 141.00 573.00 -68.00 -1283.00 1
10595 -2.43 -15.65 -3.13 -179.00 -2.00 160.00 573.00 -68.00 -1283.00 1
10606 -1.04 -15.51 -1.67 -171.00 14.00 178.00 573.00 -68.00 -1283.00 1
10617 0.97 -13.91 -0.70 -179.00 12.00 155.00 573.00 -68.00 -1283.00 1
10629 3.90 -7.03 0.90 -187.00 28.00 149.00 570.00 -73.00 -1212.00 1
10640 5.15 -3.83 1.25 -190.00 25.00 137.00 570.00 -73.00 -1212.00 1
10651 4.24 1.46 0.00 -192.00 23.00 139.00 570.00 -73.00 -1212.00 1
10661 2.64 2.57 -0.83 -192.00 13.00 132.00 570.00 -73.00 -1212.00 1
10673 0.63 2.85 -1.81 -189.00 21.00 140.00 570.00 -73.00 -1212.00 1
10684 -2.85 1.32 -3.13 -192.00 25.00 135.00 570.00 -73.00 -1212.00 1
10695 -4.59 0.00 -3.90 -189.00 22.00 141.00 570.00 -72.00 -1126.00 1
10706 -8.63 -2.71 -5.63 -192.00 34.00 136.00 570.00 -72.00 -1126.00 1
10717 -11.48 -3.34 -6.75 -188.00 24.00 151.00 570.00 -72.00 -1126.00 1
10728 -15.79 -3.69 -8.35 -184.00 3.00 169.00 570.00 -72.00 -1126.00 1
10739 -25.60 -2.16 -11.97 -186.00 2.00 179.00 570.00 -72.00 -1126.00 1
10750 -28.31 0.70 -12.66 -194.00 19.00 177.00 570.00 -72.00 -1126.00 1
10762 -32.90 8.83 -11.90 -241.00 -3.00 173.00 568.00 -55.00 -1152.00 1
10772 -33.95 12.87 -10.92 -436.00 96.00 368.00 568.00 -55.00 -1152.00 0
10782 -29.70 12.59 -4.59 -441.00 52.00 331.00 568.00 -55.00 -1152.00 0
10791 -27.97 -3.97 5.57 -267.00 85.00 148.00 568.00 -55.00 -1152.00 0
10801 -27.55 -29.15 18.02 -165.00 -47.00 75.00 568.00 -55.00 -1152.00 0
10810 -44.94 -83.48 36.10 -139.00 -115.00 55.00 568.00 -55.00 -1152.00 0
10819 -52.59 -113.11 34.37 -116.00 -66.00 80.00 568.00 -55.00 -1152.00 0
10828 -52.45 -141.63 27.69 -87.00 3.00 96.00 527.00 -57.00 -1105.00 0
10838 -48.97 -168.28 19.13 -40.00 15.00 86.00 527.00 -57.00 -1105.00 0
10847 -44.87 -185.88 11.97 -40.00 -15.00 101.00 527.00 -57.00 -1105.00 0
10857 -39.23 -182.05 2.50 -63.00 -5.00 130.00 527.00 -57.00 -1105.00 0
10866 -34.64 -169.18 -1.18 -61.00 -2.00 144.00 527.00 -57.00 -1105.00 0
10875 -29.57 -151.23 -3.83 -59.00 -9.00 131.00 527.00 -57.00 -1105.00 0
10885 -24.14 -126.82 -5.36 -60.00 -26.00 122.00 527.00 -57.00 -1105.00 0
10894 -17.88 -97.32 -5.98 -125.00 -3.00 170.00 527.00 -57.00 -1105.00 0
10903 -10.64 -66.64 -7.79 -184.00 26.00 234.00 527.00 -57.00 -1105.00 0
10912 2.09 -22.68 -13.01 -212.00 37.00 262.00 527.00 -57.00 -1105.00 0
10921 6.12 -13.01 -13.91 -200.00 20.00 260.00 527.00 -57.00 -1105.00 0
10931 8.14 -8.63 -13.29 -184.00 -4.00 232.00 527.00 -57.00 -1105.00 0
10940 9.18 -8.00 -12.17 -162.00 -18.00 210.00 527.00 -57.00 -1105.00 0
10950 10.09 -9.53 -11.34 -145.00 -20.00 195.00 527.00 -57.00 -1105.00 0
10959 11.69 -11.06 -9.39 -140.00 -6.00 188.00 527.00 -57.00 -1105.00 0
10969 17.25 -13.84 -8.28 -132.00 3.00 191.00 527.00 -57.00 -1105.00 0
10978 19.34 -16.42 -7.51 -132.00 11.00 188.00 527.00 -57.00 -1105.00 0
10987 20.59 -19.55 -6.89 -130.00 12.00 186.00 527.00 -57.00 -1105.00 0
10996 21.15 -22.68 -6.19 -129.00 14.00 191.00 527.00 -57.00 -1105.00 0
11005 21.43 -25.53 -5.43 -135.00 20.00 196.00 527.00 -57.00 -1105.00 0
11015 20.80 -30.82 -5.08 -144.00 19.00 203.00 527.00 -57.00 -1105.00 0
11024 20.24 -33.32 -5.50 -171.00 18.00 222.00 527.00 -57.00 -1105.00 0
11034 20.59 -37.08 -5.70 -201.00 25.00 271.00 527.00 -57.00 -1105.00 0
11043 21.77 -44.66 -5.77 -213.00 36.00 291.00 527.00 -57.00 -1105.00 0
11053 22.61 -57.11 -5.77 -191.00 47.00 278.00 527.00 -57.00 -1105.00 0
11062 23.10 -72.42 -4.73 -150.00 53.00 235.00 527.00 -57.00 -1105.00 0
11071 18.57 -103.72 0.28 -147.00 62.00 227.00 527.00 -57.00 -1105.00 0
11080 12.38 -118.26 2.30 -127.00 34.00 210.00 527.00 -57.00 -1105.00 0
11089 4.24 -132.73 3.69 -89.00 10.00 192.00 527.00 -57.00 -1105.00 0
11099 -3.48 -145.60 4.38 -83.00 3.00 201.00 527.00 -57.00 -1105.00 0
11108 -10.30 -155.06 4.31 -107.00 1.00 212.00 527.00 -57.00 -1105.00 0
11118 -20.80 -177.74 -1.95 -107.00 -22.00 242.00 527.00 -57.00 -1105.00 0
11127 -23.51 -191.86 -7.17 -78.00 -22.00 248.00 527.00 -57.00 -1105.00 0
11137 -23.65 -202.37 -11.13 -84.00 -35.00 219.00 527.00 -57.00 -1105.00 0
11146 -22.54 -207.93 -13.98 -62.00 -17.00 225.00 527.00 -57.00 -1105.00 0
11155 -19.97 -210.16 -15.72 -46.00 0.00 233.00 527.00 -57.00 -1105.00 0
11164 -15.93 -213.01 -20.10 -32.00 16.00 220.00 527.00 -57.00 -1105.00 0
11174 -10.71 -219.48 -22.05 4.00 11.00 210.00 527.00 -57.00 -1105.00 0
11184 -9.04 -220.94 -22.82 22.00 10.00 213.00 527.00 -57.00 -1105.00 0
11193 -7.03 -220.45 -22.68 32.00 16.00 195.00 527.00 -57.00 -1105.00 0
11202 -5.43 -218.02 -22.19 29.00 13.00 193.00 527.00 -57.00 -1105.00 0
11211 -3.76 -213.70 -22.05 47.00 15.00 195.00 527.00 -57.00 -1105.00 0
11220 -1.95 -198.89 -23.51 68.00 2.00 194.00 527.00 -57.00 -1105.00 0
11230 0.42 -189.63 -24.28 57.00 9.00 188.00 527.00 -57.00 -1105.00 0
11239 2.78 -179.06 -25.67 61.00 14.00 208.00 527.00 -57.00 -1105.00 0
11248 4.45 -167.65 -27.41 60.00 28.00 213.00 527.00 -57.00 -1105.00 0
11258 6.47 -156.87 -28.66 72.00 22.00 206.00 527.00 -57.00 -1105.00 0
11268 7.37 -145.04 -29.22 64.00 15.00 208.00 527.00 -57.00 -1105.00 0
11277 8.42 -119.86 -27.76 65.00 8.00 224.00 527.00 -57.00 -1105.00 0
11286 8.70 -109.01 -26.92 69.00 -3.00 203.00 527.00 -57.00 -1105.00 0
11295 8.90 -99.27 -26.50 91.00 13.00 240.00 527.00 -57.00 -1105.00 0
11304 10.64 -92.03 -25.46 70.00 14.00 228.00 527.00 -57.00 -1105.00 0
11314 12.45 -83.55 -25.39 98.00 32.00 246.00 527.00 -57.00 -1105.00 0
11323 12.31 -69.29 -26.23 61.00 23.00 218.00 527.00 -57.00 -1105.00 0
11332 12.24 -61.43 -26.16 46.00 14.00 203.00 527.00 -57.00 -1105.00 0
11341 12.10 -56.21 -24.49 81.00 34.00 240.00 527.00 -57.00 -1105.00 0
11352 12.52 -52.87 -22.33 65.00 14.00 204.00 527.00 -57.00 -1105.00 0
11361 11.41 -47.72 -20.52 91.00 22.00 201.00 527.00 -57.00 -1105.00 0
11370 11.27 -44.31 -18.71 100.00 30.00 182.00 527.00 -57.00 -1105.00 0
11379 9.60 -34.16 -15.17 95.00 41.00 193.00 527.00 -57.00 -1105.00 0
11388 8.63 -27.34 -12.87 92.00 34.00 189.00 527.00 -57.00 -1105.00 0
11398 6.75 -20.10 -10.71 99.00 34.00 187.00 527.00 -57.00 -1105.00 0
11407 4.94 -13.08 -8.42 91.00 36.00 182.00 527.00 -57.00 -1105.00 0
11416 3.34 -5.36 -5.84 95.00 38.00 175.00 -14.00 -87.00 -1209.00 0
11425 2.23 2.78 -3.13 100.00 42.00 168.00 -14.00 -87.00 -1209.00 0
11435 0.42 19.13 1.95 97.00 50.00 173.00 -14.00 -87.00 -1209.00 0
11444 -0.63 28.59 4.66 101.00 63.00 167.00 -14.00 -87.00 -1209.00 0
11453 -2.02 39.23 7.86 113.00 75.00 155.00 -14.00 -87.00 -1209.00 0
11462 -3.76 52.17 12.59 131.00 71.00 123.00 -14.00 -87.00 -1209.00 0
11471 -6.05 68.87 19.83 145.00 76.00 85.00 -14.00 -87.00 -1209.00 0
11481 -9.04 91.97 29.84 163.00 81.00 27.00 83.00 -78.00 -1189.00 0
11490 -16.28 169.95 57.39 159.00 67.00 -49.00 83.00 -78.00 -1189.00 0
11499 -21.91 226.09 73.60 131.00 1.00 -113.00 83.00 -78.00 -1189.00 0
11508 -28.38 295.17 89.11 112.00 -23.00 -149.00 83.00 -78.00 -1189.00 0
11518 -29.98 372.03 101.91 12.00 -171.00 -173.00 83.00 -78.00 -1189.00 0
11528 -30.05 456.35 106.09 -78.00 -318.00 -154.00 83.00 -78.00 -1189.00 0
11537 -28.87 614.12 51.13 -131.00 -367.00 -346.00 83.00 -78.00 -1189.00 0
11546 -21.36 682.50 -5.43 -249.00 -181.00 -538.00 519.00 -49.00 -1253.00 1
11557 4.03 748.94 -57.11 -2048.00 1157.00 4067.00 519.00 -49.00 -1253.00 1
11569 57.46 741.01 -96.42 -420.00 -339.00 -18.00 519.00 -49.00 -1253.00 1
11579 -26.23 409.53 -73.04 -208.00 -2.00 213.00 519.00 -49.00 -1253.00 1
11590 -10.57 328.35 -52.45 -305.00 21.00 24.00 519.00 -49.00 -1253.00 1
11601 12.17 218.37 -18.85 -182.00 -12.00 225.00 519.00 -49.00 -1253.00 1
11613 16.97 171.90 -10.37 -186.00 -7.00 140.00 546.00 -40.00 -1007.00 1
11623 17.67 139.27 -3.41 -182.00 27.00 164.00 546.00 -40.00 -1007.00 1
11634 13.77 79.58 8.14 -181.00 -6.00 146.00 546.00 -40.00 -1007.00 1
11645 10.92 58.09 11.83 -175.00 19.00 155.00 546.00 -40.00 -1007.00 1
11657 9.46 26.50 16.21 -181.00 31.00 167.00 546.00 -40.00 -1007.00 1
11668 8.35 17.04 16.28 -183.00 7.00 158.00 546.00 -40.00 -1007.00 1
11678 6.61 10.85 14.75 -186.00 20.00 163.00 548.00 -56.00 -1225.00 1
11689 5.36 4.45 11.27 -175.00 1.00 160.00 548.00 -56.00 -1225.00 1
11701 5.01 3.06 8.70 -181.00 20.00 141.00 548.00 -56.00 -1225.00 1
11712 6.61 3.69 7.03 -185.00 -1.00 145.00 548.00 -56.00 -1225.00 1
11722 6.19 2.92 5.63 -179.00 7.00 154.00 548.00 -56.00 -1225.00 1
11734 5.63 1.74 4.24 -179.00 25.00 158.00 548.00 -56.00 -1225.00 1
11745 4.66 2.02 2.85 -185.00 10.00 140.00 550.00 -63.00 -1131.00 1
11755 2.64 2.43 1.81 -180.00 19.00 157.00 550.00 -63.00 -1131.00 1
11766 -1.81 1.32 -0.56 -185.00 16.00 155.00 550.00 -63.00 -1131.00 1
11778 -3.76 1.53 -1.46 -182.00 11.00 158.00 550.00 -63.00 -1131.00 1
11789 -5.22 1.11 -2.50 -181.00 7.00 161.00 550.00 -63.00 -1131.00 1
11800 -6.82 0.14 -4.94 -177.00 7.00 165.00 550.00 -63.00 -1131.00 1
11810 -6.89 -0.42 -5.63 -176.00 10.00 164.00 547.00 -59.00 -1180.00 1
11822 -6.61 -1.11 -5.91 -180.00 2.00 152.00 547.00 -59.00 -1180.00 1
11833 -5.15 -1.32 -5.57 -185.00 2.00 155.00 547.00 -59.00 -1180.00 1
11844 -4.38 -1.81 -5.01 -177.00 8.00 148.00 547.00 -59.00 -1180.00 1
11854 -2.92 -2.16 -3.13 -182.00 9.00 153.00 547.00 -59.00 -1180.00 1
11866 -2.92 -2.09 -2.16 -179.00 13.00 158.00 547.00 -59.00 -1180.00 1
11877 -3.13 -2.30 -1.39 -179.00 9.00 160.00 547.00 -57.00 -1225.00 1
11888 -4.80 -2.43 -1.18 -182.00 3.00 152.00 547.00 -57.00 -1225.00 1
11898 -5.77 -2.50 -1.04 -180.00 7.00 150.00 547.00 -57.00 -1225.00 1
11910 -7.44 -2.99 -0.14 -180.00 10.00 154.00 547.00 -57.00 -1225.00 1
11921 -8.63 -3.20 0.35 -181.00 17.00 153.00 547.00 -57.00 -1225.00 1
11932 -10.09 -3.13 0.63 -179.00 23.00 163.00 547.00 -57.00 -1225.00 1
11943 -16.14 -2.57 0.07 -179.00 3.00 172.00 546.00 -51.00 -1111.00 1
11954 -20.10 -1.95 -0.83 -181.00 1.00 181.00 546.00 -51.00 -1111.00 1
11965 -23.58 1.74 -0.90 -192.00 22.00 184.00 546.00 -51.00 -1111.00 1
11976 -24.49 4.38 0.14 -236.00 6.00 186.00 546.00 -51.00 -1111.00 1
11985 -25.39 7.10 1.53 -431.00 109.00 396.00 546.00 -51.00 -1111.00 0
11996 -22.47 7.03 5.77 -371.00 1.00 295.00 546.00 -51.00 -1111.00 0
12005 -28.73 -35.90 15.17 -277.00 -15.00 209.00 535.00 -50.00 -1197.00 0
12014 -27.27 -68.94 21.08 -229.00 -41.00 167.00 535.00 -50.00 -1197.00 0
12023 -26.43 -102.89 25.25 -171.00 -44.00 129.00 535.00 -50.00 -1197.00 0
12033 -23.37 -134.40 28.10 -130.00 -37.00 116.00 535.00 -50.00 -1197.00 0
12042 -18.43 -159.44 29.22 -108.00 -30.00 113.00 535.00 -50.00 -1197.00 0
12052 -8.42 -192.00 24.83 -77.00 -10.00 114.00 535.00 -50.00 -1197.00 0
12061 -3.20 -200.14 20.59 -66.00 7.00 122.00 535.00 -50.00 -1197.00 0
12070 0.90 -202.09 14.68 -56.00 4.00 141.00 429.00 -64.00 -1077.00 0
12080 3.48 -198.26 8.63 -74.00 35.00 166.00 429.00 -64.00 -1077.00 0
12089 6.89 -191.10 3.69 -103.00 36.00 199.00 429.00 -64.00 -1077.00 0
12098 8.63 -182.40 -0.35 -97.00 46.00 236.00 429.00 -64.00 -1077.00 0
12107 8.83 -170.23 -4.03 -99.00 27.00 216.00 429.00 -64.00 -1077.00 0
12116 7.23 -165.29 -4.38 -96.00 19.00 221.00 429.00 -64.00 -1077.00 0
12126 6.40 -161.67 -4.10 -98.00 12.00 230.00 429.00 -64.00 -1077.00 0
12135 5.63 -159.51 -4.24 -81.00 -2.00 262.00 342.00 -66.00 -1217.00 0
12145 3.97 -159.03 -5.70 -83.00 -2.00 238.00 342.00 -66.00 -1217.00 0
12154 1.53 -157.84 -10.23 -75.00 -7.00 218.00 342.00 -66.00 -1217.00 0
12164 0.42 -155.48 -12.80 -63.00 -3.00 225.00 342.00 -66.00 -1217.00 0
12173 1.53 -151.51 -15.03 -73.00 1.00 245.00 342.00 -66.00 -1217.00 0
12182 3.97 -145.88 -15.93 -76.00 4.00 251.00 342.00 -66.00 -1217.00 0
12191 6.61 -141.36 -16.42 -60.00 2.00 237.00 342.00 -66.00 -1217.00 0
12200 8.83 -139.55 -16.77 -42.00 6.00 233.00 247.00 -73.00 -1032.00 0
12210 12.66 -138.43 -17.04 -33.00 6.00 221.00 247.00 -73.00 -1032.00 0
12219 13.70 -138.16 -17.18 -33.00 13.00 239.00 247.00 -73.00 -1032.00 0
12228 14.40 -138.30 -17.60 -27.00 19.00 232.00 247.00 -73.00 -1032.00 0
12238 14.05 -138.78 -18.71 -34.00 24.00 233.00 247.00 -73.00 -1032.00 0
12248 13.70 -139.83 -19.97 -15.00 31.00 231.00 247.00 -73.00 -1032.00 0
12257 13.22 -141.98 -22.47 -28.00 28.00 238.00 247.00 -73.00 -1032.00 0
12266 12.24 -145.88 -23.72 -18.00 31.00 248.00 145.00 -80.00 -1198.00 0
12275 11.83 -149.98 -25.67 11.00 33.00 233.00 145.00 -80.00 -1198.00 0
12284 11.62 -153.95 -27.69 23.00 35.00 245.00 145.00 -80.00 -1198.00 0
12294 11.83 -157.15 -29.29 56.00 23.00 209.00 145.00 -80.00 -1198.00 0
12304 11.20 -158.82 -31.03 63.00 20.00 172.00 145.00 -80.00 -1198.00 0
12313 11.41 -157.15 -31.93 67.00 19.00 188.00 145.00 -80.00 -1198.00 0
12322 11.20 -150.54 -31.65 65.00 23.00 192.00 145.00 -80.00 -1198.00 0
12332 11.06 -141.43 -31.44 65.00 13.00 182.00 39.00 -93.00 -1237.00 0
12341 10.23 -130.64 -31.51 61.00 31.00 200.00 39.00 -93.00 -1237.00 0
12350 10.37 -119.72 -31.37 57.00 40.00 228.00 39.00 -93.00 -1237.00 0
12359 10.23 -100.80 -29.84 67.00 54.00 228.00 39.00 -93.00 -1237.00 0
12369 10.85 -93.15 -29.57 72.00 49.00 203.00 39.00 -93.00 -1237.00 0
12379 10.02 -84.94 -28.66 71.00 64.00 232.00 39.00 -93.00 -1237.00 0
12388 10.23 -78.47 -26.02 55.00 59.00 225.00 39.00 -93.00 -1237.00 0
12397 9.32 -72.70 -23.23 68.00 56.00 230.00 -217.00 -104.00 -1264.00 0
12406 7.03 -67.97 -20.45 74.00 49.00 227.00 -7.00 -104.00 -1264.00 0
12416 1.46 -58.23 -12.73 67.00 32.00 217.00 -7.00 -104.00 -1264.00 0
12425 -1.81 -52.66 -8.56 81.00 15.00 206.00 -7.00 -104.00 -1264.00 0
12434 -4.31 -46.75 -4.59 72.00 3.00 209.00 -7.00 -104.00 -1264.00 0
12443 -5.84 -40.35 -1.39 80.00 1.00 204.00 -7.00 -104.00 -1264.00 0
12452 -6.54 -34.30 0.14 79.00 11.00 210.00 -7.00 -104.00 -1264.00 0
12462 -6.12 -28.10 0.21 59.00 33.00 236.00 -7.00 -104.00 -1264.00 0
12471 -5.15 -17.25 -1.25 51.00 49.00 258.00 -7.00 -104.00 -1264.00 0
12480 -3.97 -15.37 -1.81 55.00 49.00 255.00 -7.00 -104.00 -1264.00 0
12489 -4.10 -15.79 -1.88 62.00 54.00 244.00 -7.00 -104.00 -1264.00 0
12498 -4.59 -17.11 -1.39 67.00 46.00 232.00 -7.00 -104.00 -1264.00 0
12508 -5.43 -18.43 -0.35 78.00 41.00 215.00 -7.00 -104.00 -1264.00 0
12516 -6.61 -19.62 1.18 90.00 51.00 194.00 -7.00 -104.00 -1264.00 0
12525 -7.65 -20.03 6.26 99.00 45.00 185.00 -7.00 -104.00 -1264.00 0
12534 -10.57 -14.96 10.30 124.00 48.00 146.00 -7.00 -104.00 -1264.00 0
12545 -12.66 -8.42 15.44 128.00 51.00 124.00 -7.00 -104.00 -1264.00 0
12554 -14.89 1.67 21.84 123.00 40.00 124.00 -7.00 -104.00 -1264.00 0
12563 -17.81 15.10 29.01 91.00 30.00 168.00 -7.00 -104.00 -1264.00 0
12572 -20.80 30.26 35.83 59.00 15.00 212.00 -7.00 -104.00 -1264.00 0
12581 -24.14 58.16 43.06 62.00 6.00 232.00 -7.00 -104.00 -1264.00 0
12591 -28.87 69.50 43.20 94.00 -6.00 193.00 -7.00 -104.00 -1264.00 0
12600 -29.08 85.57 43.48 104.00 27.00 168.00 -7.00 -104.00 -1264.00 0
12609 -26.16 108.94 45.84 147.00 130.00 64.00 -7.00 -104.00 -1264.00 0
12618 -22.19 137.67 52.17 201.00 136.00 -16.00 -7.00 -104.00 -1264.00 0
12627 -22.33 175.51 64.97 231.00 11.00 -171.00 -7.00 -104.00 -1264.00 0
12637 -32.07 295.37 99.90 196.00 -149.00 -273.00 -7.00 -104.00 -1264.00 0
12647 -31.30 374.47 109.50 40.00 -274.00 -296.00 -7.00 -104.00 -1264.00 0
12656 -21.84 460.31 104.49 -52.00 -255.00 -285.00 -7.00 -104.00 -1264.00 0
12665 -8.70 544.00 74.92 -100.00 -240.00 -508.00 -7.00 -104.00 -1264.00 0
12675 -4.94 622.47 19.55 -291.00 -278.00 -789.00 -7.00 -104.00 -1264.00 1
12686 19.76 753.25 -98.92 1018.00 -270.00 -1375.00 -7.00 -104.00 -1264.00 1
12697 -30.54 475.48 -119.72 -149.00 -294.00 24.00 -7.00 -104.00 -1264.00 1
12708 -19.13 323.06 -61.15 -139.00 61.00 196.00 -7.00 -104.00 -1264.00 1
12720 2.37 276.24 -33.04 -201.00 15.00 39.00 -7.00 -104.00 -1264.00 1
12730 8.56 230.54 -21.70 -177.00 47.00 192.00 517.00 -27.00 -1284.00 1
12741 5.29 137.39 -12.24 -141.00 -8.00 187.00 517.00 -27.00 -1284.00 1
12752 3.06 99.48 -9.11 -158.00 9.00 182.00 517.00 -27.00 -1284.00 1
12764 2.43 51.76 1.11 -171.00 2.00 180.00 517.00 -27.00 -1284.00 1
12774 -0.28 35.76 5.08 -157.00 -14.00 172.00 517.00 -27.00 -1284.00 1
12785 -2.30 24.42 7.44 -163.00 16.00 185.00 517.00 -27.00 -1284.00 1
12796 -3.48 15.03 10.30 -166.00 7.00 182.00 516.00 -36.00 -1261.00 1
12808 -3.20 13.77 11.13 -169.00 5.00 164.00 516.00 -36.00 -1261.00 1
12819 -2.85 9.81 7.58 -165.00 -15.00 172.00 516.00 -36.00 -1261.00 1
12829 -2.57 8.97 7.30 -181.00 3.00 168.00 516.00 -36.00 -1261.00 1
12840 -0.77 8.70 7.79 -168.00 1.00 163.00 516.00 -36.00 -1261.00 1
12852 0.49 6.47 6.47 -163.00 2.00 169.00 516.00 -36.00 -1261.00 1
12863 0.42 4.10 5.15 -167.00 2.00 170.00 516.00 -36.00 -1261.00 1
12873 0.07 2.99 4.66 -165.00 1.00 176.00 516.00 -36.00 -1261.00 1
12884 -0.63 2.30 4.45 -152.00 -3.00 183.00 516.00 -36.00 -1261.00 1
12896 -1.18 2.50 4.17 -165.00 1.00 174.00 516.00 -36.00 -1261.00 1
12907 -1.60 4.59 4.59 -167.00 -1.00 170.00 516.00 -36.00 -1261.00 1
12918 -1.04 5.77 5.01 -177.00 9.00 158.00 516.00 -36.00 -1261.00 1
12929 -0.42 6.05 5.15 -174.00 12.00 159.00 516.00 -36.00 -1261.00 1
12940 -0.49 4.31 3.69 -169.00 6.00 164.00 516.00 -36.00 -1261.00 1
12951 -0.97 2.50 2.23 -168.00 3.00 164.00 516.00 -36.00 -1261.00 1
12962 -1.39 -0.97 -0.35 -170.00 4.00 164.00 516.00 -36.00 -1261.00 1
12973 -1.67 -2.64 -1.67 -164.00 2.00 167.00 516.00 -36.00 -1261.00 1
12984 -2.23 -4.03 -2.85 -162.00 2.00 167.00 516.00 -36.00 -1261.00 1
12995 -3.27 -5.84 -3.97 -168.00 3.00 169.00 516.00 -36.00 -1261.00 1
13006 -3.90 -6.54 -4.10 -163.00 -1.00 178.00 516.00 -36.00 -1261.00 1
13018 -5.43 -6.61 -3.90 -165.00 -5.00 176.00 516.00 -36.00 -1261.00 1
13028 -6.12 -5.91 -3.69 -163.00 1.00 171.00 516.00 -36.00 -1261.00 1
13039 -5.91 -5.15 -3.13 -168.00 2.00 172.00 516.00 -36.00 -1261.00 1
13050 -4.52 -3.62 -2.30 -165.00 0.00 174.00 516.00 -36.00 -1261.00 1
13062 -3.90 -3.06 -2.16 -168.00 2.00 170.00 516.00 -36.00 -1261.00 1
13073 -2.23 -1.95 -1.81 -164.00 12.00 169.00 516.00 -36.00 -1261.00 1
13083 -1.39 -1.60 -1.74 -169.00 9.00 165.00 516.00 -36.00 -1261.00 1
13094 -1.60 -1.53 -2.02 -161.00 2.00 172.00 516.00 -36.00 -1261.00 1
13106 -4.38 -2.78 -3.83 -163.00 4.00 172.00 516.00 -36.00 -1261.00 1
13117 -5.91 -3.34 -4.31 -164.00 1.00 172.00 516.00 -36.00 -1261.00 1
13128 -9.25 -4.10 -4.59 -167.00 -1.00 173.00 516.00 -36.00 -1261.00 1
13139 -10.71 -4.17 -4.38 -161.00 -1.00 177.00 516.00 -36.00 -1261.00 1
13150 -11.97 -4.17 -3.90 -165.00 -4.00 173.00 516.00 -36.00 -1261.00 1
13161 -13.22 -3.69 -2.37 -166.00 -5.00 181.00 516.00 -36.00 -1261.00 1
13172 -13.01 -2.92 -1.25 -166.00 -6.00 184.00 516.00 -36.00 -1261.00 1
13184 -10.99 -0.56 1.18 -170.00 -3.00 184.00 516.00 -36.00 -1261.00 1
13195 -9.25 1.39 2.30 -186.00 -44.00 172.00 516.00 -36.00 -1261.00 1
13205 -8.63 4.03 2.16 -187.00 -22.00 172.00 516.00 -36.00 -1261.00 1
13216 -4.24 12.59 -3.27 -207.00 12.00 190.00 516.00 -36.00 -1261.00 1
13228 0.14 16.21 -4.66 -251.00 13.00 247.00 516.00 -36.00 -1261.00 0
13237 3.55 17.95 -4.94 -383.00 44.00 397.00 516.00 -36.00 -1261.00 0
13246 5.29 13.50 -1.88 -403.00 64.00 407.00 516.00 -36.00 -1261.00 0
13255 3.90 -44.59 3.06 -347.00 46.00 337.00 516.00 -36.00 -1261.00 0
13264 -0.28 -89.74 11.06 -249.00 1.00 198.00 516.00 -36.00 -1261.00 0
13274 -5.29 -134.82 20.87 -158.00 -50.00 126.00 516.00 -36.00 -1261.00 0
13283 -8.70 -174.40 29.98 -90.00 -78.00 77.00 516.00 -36.00 -1261.00 0
13292 -9.67 -205.77 35.83 -38.00 -73.00 60.00 516.00 -36.00 -1261.00 0
13301 -2.30 -237.70 34.43 -19.00 -55.00 68.00 516.00 -36.00 -1261.00 0
13310 4.80 -236.87 29.01 -24.00 -17.00 101.00 516.00 -36.00 -1261.00 0
13320 11.97 -228.31 22.05 -56.00 13.00 164.00 370.00 -66.00 -1153.00 0
13330 17.60 -216.35 14.40 -81.00 25.00 212.00 370.00 -66.00 -1153.00 0
13339 21.57 -204.87 7.86 -99.00 36.00 246.00 370.00 -66.00 -1153.00 0
13348 25.39 -197.08 3.62 -79.00 42.00 255.00 370.00 -66.00 -1153.00 0
13358 30.40 -194.78 0.21 -58.00 49.00 240.00 370.00 -66.00 -1153.00 0
13367 29.98 -195.55 -0.63 -44.00 28.00 206.00 370.00 -66.00 -1153.00 0
13376 27.06 -193.74 -1.32 -38.00 28.00 204.00 370.00 -66.00 -1153.00 0
13385 23.93 -189.98 -2.64 -40.00 14.00 208.00 255.00 -79.00 -1322.00 0
13394 19.76 -186.02 -4.87 -54.00 20.00 254.00 255.00 -79.00 -1322.00 0
13405 13.50 -179.20 -10.30 -50.00 4.00 246.00 255.00 -79.00 -1322.00 0
13414 11.06 -178.57 -13.91 -37.00 3.00 249.00 255.00 -79.00 -1322.00 0
13423 10.92 -178.50 -17.60 -9.00 7.00 219.00 255.00 -79.00 -1322.00 0
13432 11.76 -176.63 -21.50 9.00 13.00 208.00 255.00 -79.00 -1322.00 0
13442 13.36 -171.27 -25.11 15.00 13.00 215.00 255.00 -79.00 -1322.00 0
13451 15.58 -163.48 -28.38 -4.00 13.00 217.00 144.00 -90.00 -1279.00 0
13460 19.90 -145.39 -33.67 -23.00 26.00 269.00 144.00 -90.00 -1279.00 0
13469 21.57 -138.50 -36.59 -35.00 21.00 270.00 144.00 -90.00 -1279.00 0
13479 22.19 -136.56 -39.79 4.00 32.00 253.00 144.00 -90.00 -1279.00 0
13489 22.89 -137.95 -43.69 31.00 39.00 217.00 144.00 -90.00 -1279.00 0
13498 22.68 -138.99 -47.37 53.00 66.00 221.00 144.00 -90.00 -1279.00 0
13507 22.12 -136.56 -49.39 52.00 70.00 239.00 144.00 -90.00 -1279.00 0
13516 19.97 -133.70 -48.14 51.00 65.00 225.00 43.00 -106.00 -1310.00 0
13526 17.46 -132.17 -45.36 62.00 53.00 196.00 43.00 -106.00 -1310.00 0
13536 14.96 -131.13 -41.74 80.00 48.00 185.00 43.00 -106.00 -1310.00 0
13545 12.66 -129.39 -37.57 68.00 37.00 186.00 43.00 -106.00 -1310.00 0
13554 10.50 -125.57 -33.53 83.00 38.00 192.00 43.00 -106.00 -1310.00 0
13563 6.33 -117.84 -28.17 84.00 32.00 167.00 43.00 -106.00 -1310.00 0
13573 4.94 -114.09 -26.30 104.00 52.00 183.00 43.00 -106.00 -1310.00 0
13582 3.97 -109.36 -24.70 87.00 44.00 190.00 -31.00 -111.00 -1438.00 0
13591 2.09 -102.61 -23.44 86.00 53.00 217.00 -31.00 -111.00 -1438.00 0
13600 0.97 -97.95 -21.50 90.00 41.00 213.00 -31.00 -111.00 -1438.00 0
13611 -1.18 -90.64 -18.50 100.00 44.00 190.00 -31.00 -111.00 -1438.00 0
13620 -2.16 -86.12 -16.90 103.00 37.00 198.00 -31.00 -111.00 -1438.00 0
13629 -2.30 -81.11 -14.40 90.00 35.00 193.00 -31.00 -111.00 -1438.00 0
13638 -2.92 -74.50 -12.10 104.00 42.00 199.00 -31.00 -111.00 -1438.00 0
13647 -3.83 -67.90 -9.53 110.00 38.00 193.00 -72.00 -110.00 -1240.00 0
13657 -5.01 -59.69 -6.40 107.00 42.00 189.00 -72.00 -110.00 -1240.00 0
13666 -6.89 -37.57 1.32 118.00 40.00 184.00 -72.00 -110.00 -1240.00 0
13675 -7.93 -25.53 5.43 121.00 44.00 167.00 -72.00 -110.00 -1240.00 0
13684 -8.56 -12.24 9.88 115.00 49.00 173.00 -72.00 -110.00 -1240.00 0
13693 -8.90 2.92 15.03 117.00 48.00 174.00 -72.00 -110.00 -1240.00 0
13703 -9.39 20.66 21.22 117.00 74.00 164.00 -72.00 -110.00 -1240.00 0
13713 -9.39 40.56 28.59 130.00 95.00 145.00 -18.00 -100.00 -1044.00 0
13722 -10.57 91.48 49.74 162.00 179.00 113.00 -18.00 -100.00 -1044.00 0
13731 -11.69 131.41 66.99 32.00 208.00 200.00 -18.00 -100.00 -1044.00 0
13741 -16.49 173.77 88.83 29.00 162.00 191.00 -18.00 -100.00 -1044.00 0
13750 -29.29 206.82 109.70 36.00 90.00 157.00 -18.00 -100.00 -1044.00 0
13759 -45.77 231.72 128.90 134.00 9.00 49.00 -18.00 -100.00 -1044.00 0
13769 -77.91 287.86 152.90 151.00 -25.00 -78.00 -18.00 -100.00 -1044.00 0
13778 -88.49 328.07 156.87 197.00 -155.00 -206.00 271.00 -53.00 -1345.00 0
13788 -95.17 377.67 153.81 191.00 -306.00 -310.00 271.00 -53.00 -1345.00 0
13798 -93.01 443.34 141.01 130.00 -361.00 -350.00 271.00 -53.00 -1345.00 0
13807 -80.97 517.84 111.51 64.00 -306.00 -532.00 271.00 -53.00 -1345.00 0
13816 -43.90 671.23 3.55 8.00 -422.00 -754.00 271.00 -53.00 -1345.00 1
13828 -18.16 754.78 -54.61 -2787.00 1620.00 4031.00 271.00 -53.00 -1345.00 1
13839 51.76 784.97 -103.17 -557.00 -609.00 49.00 271.00 -53.00 -1345.00 1
13850 -8.63 415.23 -83.62 -246.00 42.00 216.00 271.00 -53.00 -1345.00 1
13861 38.47 329.67 -45.70 -296.00 63.00 44.00 271.00 -53.00 -1345.00 1
13872 72.42 231.51 -2.92 -106.00 100.00 230.00 271.00 -53.00 -1345.00 1
13883 69.36 181.98 -1.25 -217.00 5.00 100.00 271.00 -53.00 -1345.00 1
13894 57.81 143.30 0.28 -193.00 -1.00 125.00 271.00 -53.00 -1345.00 1
13905 38.19 72.97 1.74 -195.00 -34.00 124.00 271.00 -53.00 -1345.00 1
13917 31.58 50.92 3.76 -177.00 16.00 156.00 271.00 -53.00 -1345.00 1
13928 25.95 15.23 7.10 -211.00 -2.00 131.00 271.00 -53.00 -1345.00 1
13939 23.03 4.10 8.21 -189.00 6.00 151.00 271.00 -53.00 -1345.00 1
13950 19.62 -9.95 11.06 -189.00 11.00 152.00 271.00 -53.00 -1345.00 1
13962 18.37 -14.68 12.31 -171.00 1.00 170.00 271.00 -53.00 -1345.00 1
13973 15.58 -18.16 12.80 -177.00 17.00 153.00 544.00 -54.00 -1092.00 1
13984 12.17 -19.97 15.23 -155.00 1.00 186.00 544.00 -54.00 -1092.00 1
13996 8.83 -19.90 15.30 -165.00 14.00 180.00 544.00 -54.00 -1092.00 1
14007 1.88 -16.28 15.51 -176.00 10.00 162.00 544.00 -54.00 -1092.00 1
14018 -0.70 -13.29 15.23 -176.00 10.00 168.00 544.00 -54.00 -1092.00 1
14029 -2.09 -10.64 12.80 -181.00 21.00 158.00 544.00 -54.00 -1092.00 1
14041 -3.83 -5.98 11.55 -179.00 13.00 162.00 547.00 -58.00 -1266.00 1
14052 -4.38 -4.24 9.39 -181.00 11.00 157.00 547.00 -58.00 -1266.00 1
14063 -4.52 -2.16 5.22 -173.00 7.00 167.00 547.00 -58.00 -1266.00 1
14073 -4.52 -1.67 3.41 -182.00 13.00 156.00 547.00 -58.00 -1266.00 1
14085 -4.59 -1.18 0.70 -176.00 8.00 157.00 547.00 -58.00 -1266.00 1
14096 -4.80 -1.67 -0.35 -174.00 5.00 159.00 547.00 -58.00 -1266.00 1
14107 -4.94 -1.88 -0.90 -174.00 8.00 164.00 549.00 -58.00 -1243.00 1
14118 -5.63 -1.39 -0.90 -179.00 0.00 155.00 549.00 -58.00 -1243.00 1
14130 -6.12 -1.11 -0.56 -182.00 9.00 160.00 549.00 -58.00 -1243.00 1
14141 -5.63 -0.49 0.83 -180.00 4.00 157.00 549.00 -58.00 -1243.00 1
14152 -5.77 -0.28 1.39 -181.00 12.00 152.00 549.00 -58.00 -1243.00 1
14163 -5.29 -0.28 1.88 -181.00 11.00 157.00 549.00 -58.00 -1243.00 1
14175 -4.45 -1.53 2.16 -178.00 11.00 160.00 552.00 -60.00 -1221.00 1
14186 -4.38 -2.16 1.74 -175.00 8.00 160.00 552.00 -60.00 -1221.00 1
14197 -4.45 -2.78 0.97 -177.00 11.00 163.00 552.00 -60.00 -1221.00 1
14208 -4.59 -2.71 0.77 -175.00 11.00 164.00 552.00 -60.00 -1221.00 1
14219 -5.29 -1.95 0.35 -175.00 10.00 163.00 552.00 -60.00 -1221.00 1
14230 -6.12 -1.39 0.21 -180.00 18.00 155.00 552.00 -60.00 -1221.00 1
14241 -7.17 -0.56 0.07 -179.00 -3.00 152.00 552.00 -60.00 -1221.00 1
14253 -9.74 0.56 -0.07 -182.00 4.00 157.00 552.00 -60.00 -1221.00 1
14264 -9.39 0.49 0.35 -179.00 6.00 149.00 552.00 -60.00 -1221.00 1
14275 -8.21 -0.35 0.90 -179.00 12.00 158.00 552.00 -60.00 -1221.00 1
14286 -7.37 -1.04 1.04 -175.00 11.00 158.00 552.00 -60.00 -1221.00 1
14298 -6.75 -1.74 0.97 -178.00 13.00 155.00 552.00 -60.00 -1221.00 1
14309 -6.75 -3.06 0.07 -178.00 6.00 155.00 552.00 -60.00 -1221.00 1
14320 -7.10 -3.69 -0.56 -177.00 5.00 158.00 552.00 -60.00 -1221.00 1
14331 -7.03 -4.38 -1.39 -177.00 7.00 167.00 552.00 -60.00 -1221.00 1
14343 -6.82 -4.31 -1.74 -174.00 8.00 162.00 552.00 -60.00 -1221.00 1
14354 -6.61 -3.41 -2.02 -175.00 9.00 164.00 552.00 -60.00 -1221.00 1
14365 -6.26 -2.78 -2.16 -177.00 6.00 159.00 552.00 -60.00 -1221.00 1
14376 -5.98 -2.16 -2.16 -177.00 4.00 159.00 552.00 -60.00 -1221.00 1
14388 -5.50 -0.90 -2.43 -176.00 12.00 160.00 552.00 -60.00 -1221.00 1
14399 -5.22 -0.28 -2.57 -177.00 13.00 162.00 552.00 -60.00 -1221.00 1
14409 -5.36 0.90 -2.99 -175.00 10.00 160.00 552.00 -60.00 -1221.00 1
14420 -5.70 1.25 -3.13 -179.00 12.00 154.00 552.00 -60.00 -1221.00 1
14432 -6.40 1.74 -3.20 -183.00 19.00 153.00 549.00 -55.00 -1143.00 1
14443 -9.39 2.09 -3.90 -182.00 17.00 153.00 549.00 -55.00 -1143.00 1
14454 -11.90 1.81 -4.80 -176.00 26.00 167.00 549.00 -55.00 -1143.00 1
14466 -19.34 1.18 -6.75 -179.00 -18.00 149.00 549.00 -55.00 -1143.00 1
14477 -26.57 1.81 -7.86 -179.00 6.00 163.00 549.00 -55.00 -1143.00 1
14488 -31.58 1.95 -8.56 -177.00 -10.00 158.00 549.00 -55.00 -1143.00 1
14499 -32.97 1.88 -8.70 -176.00 13.00 170.00 548.00 -40.00 -1025.00 1
14511 -32.77 1.74 -7.79 -179.00 -3.00 161.00 548.00 -40.00 -1025.00 1
14522 -32.28 2.02 -3.41 -182.00 1.00 167.00 548.00 -40.00 -1025.00 1
14533 -30.68 1.81 -1.04 -191.00 0.00 185.00 548.00 -40.00 -1025.00 1
14543 -28.03 -0.56 2.50 -206.00 34.00 200.00 548.00 -40.00 -1025.00 0
14554 -27.83 -5.70 4.24 -231.00 -28.00 196.00 548.00 -40.00 -1025.00 0
14563 -31.65 -16.00 4.10 -198.00 3.00 191.00 548.00 -31.00 -1293.00 0
14572 -30.82 -28.17 3.27 -189.00 -19.00 169.00 540.00 -31.00 -1293.00 0
14581 -29.63 -38.40 3.34 -192.00 -32.00 170.00 540.00 -31.00 -1293.00 0
14590 -29.15 -47.10 2.37 -200.00 -23.00 196.00 540.00 -31.00 -1293.00 0
14600 -25.18 -63.44 1.25 -211.00 -4.00 211.00 540.00 -31.00 -1293.00 0
14610 -22.75 -72.77 0.49 -169.00 36.00 160.00 540.00 -31.00 -1293.00 0
14619 -21.36 -82.50 0.97 -149.00 -28.00 148.00 540.00 -31.00 -1293.00 0
14628 -23.30 -89.74 1.88 -133.00 -44.00 151.00 540.00 -31.00 -1293.00 0
14638 -25.04 -92.66 1.81 -128.00 -20.00 159.00 540.00 -31.00 -1293.00 0
14647 -22.12 -90.02 1.25 -119.00 2.00 143.00 540.00 -31.00 -1293.00 0
14656 -21.08 -85.50 1.18 -101.00 -27.00 130.00 540.00 -31.00 -1293.00 0
14665 -21.08 -77.98 1.04 -102.00 -23.00 136.00 540.00 -31.00 -1293.00 0
14674 -19.76 -67.34 0.56 -109.00 -10.00 157.00 540.00 -31.00 -1293.00 0
14684 -16.90 -55.23 0.00 -130.00 -12.00 183.00 540.00 -31.00 -1293.00 0
14694 -14.19 -43.20 -0.70 -152.00 -7.00 208.00 540.00 -31.00 -1293.00 0
14703 -9.88 -26.57 -2.71 -147.00 1.00 200.00 540.00 -31.00 -1293.00 0
14712 -8.49 -22.61 -3.48 -142.00 -12.00 195.00 540.00 -31.00 -1293.00 0
14722 -7.44 -19.06 -3.76 -146.00 -11.00 191.00 540.00 -31.00 -1293.00 0
14731 -6.47 -15.65 -3.97 -155.00 -15.00 199.00 540.00 -31.00 -1293.00 0
14740 -5.63 -13.50 -4.45 -148.00 -7.00 197.00 540.00 -31.00 -1293.00 0
14749 -4.66 -12.59 -5.29 -141.00 -2.00 189.00 540.00 -31.00 -1293.00 0
14758 -3.41 -12.87 -5.01 -143.00 -14.00 188.00 540.00 -31.00 -1293.00 0
14768 -3.76 -13.29 -4.66 -146.00 -15.00 191.00 540.00 -31.00 -1293.00 0
14777 -3.90 -13.63 -4.45 -149.00 -9.00 195.00 540.00 -31.00 -1293.00 0
14786 -3.48 -14.12 -4.31 -146.00 -9.00 194.00 540.00 -31.00 -1293.00 0
14795 -3.13 -15.03 -4.10 -138.00 -12.00 193.00 540.00 -31.00 -1293.00 0
14804 -2.57 -17.25 -3.97 -141.00 -13.00 196.00 540.00 -31.00 -1293.00 0
14814 -1.88 -18.50 -4.10 -151.00 -14.00 210.00 540.00 -31.00 -1293.00 0
14824 -0.90 -20.52 -4.24 -164.00 -24.00 225.00 540.00 -31.00 -1293.00 0
14833 0.28 -23.86 -4.59 -168.00 -26.00 233.00 540.00 -31.00 -1293.00 0
14842 1.67 -28.80 -5.29 -168.00 -21.00 233.00 540.00 -31.00 -1293.00 0
14852 3.83 -34.92 -6.19 -157.00 -24.00 221.00 540.00 -31.00 -1293.00 0
14861 9.60 -47.79 -7.79 -139.00 -33.00 200.00 540.00 -31.00 -1293.00 0
14870 13.08 -54.12 -8.49 -120.00 -25.00 181.00 540.00 -31.00 -1293.00 0
14879 16.97 -60.03 -9.60 -94.00 13.00 159.00 540.00 -31.00 -1293.00 0
14888 20.66 -65.04 -10.57 -98.00 5.00 169.00 540.00 -31.00 -1293.00 0
14898 21.98 -67.41 -11.13 -105.00 0.00 187.00 431.00 -32.00 -1312.00 0
14907 21.50 -67.20 -11.48 -102.00 -5.00 194.00 431.00 -32.00 -1312.00 0
14916 20.59 -63.30 -12.31 -101.00 1.00 192.00 431.00 -32.00 -1312.00 0
14926 21.36 -59.97 -12.52 -94.00 11.00 188.00 431.00 -32.00 -1312.00 0
14936 21.84 -55.72 -12.80 -91.00 19.00 189.00 431.00 -32.00 -1312.00 0
14945 21.70 -50.78 -12.52 -89.00 12.00 186.00 431.00 -32.00 -1312.00 0
14954 20.45 -44.80 -12.17 -93.00 3.00 191.00 431.00 -32.00 -1312.00 0
14963 16.90 -30.61 -11.69 -95.00 13.00 200.00 431.00 -32.00 -1312.00 0
14972 14.96 -23.58 -11.41 -106.00 42.00 209.00 431.00 -32.00 -1312.00 0
14982 12.24 -17.32 -10.30 -117.00 13.00 220.00 431.00 -32.00 -1312.00 0
14991 7.30 -12.17 -8.56 -128.00 -12.00 227.00 431.00 -32.00 -1312.00 0
15000 1.88 -8.83 -6.89 -131.00 -7.00 232.00 431.00 -32.00 -1312.00 0
15009 -1.60 -7.93 -5.43 -121.00 1.00 224.00 431.00 -32.00 -1312.00 0
15019 -3.62 -10.50 -3.06 -118.00 3.00 217.00 431.00 -32.00 -1312.00 0
15028 -4.45 -12.24 -2.02 -121.00 2.00 223.00 431.00 -32.00 -1312.00 0
15037 -5.57 -14.40 -1.25 -116.00 2.00 224.00 431.00 -32.00 -1312.00 0
15047 -6.61 -17.25 -0.28 -101.00 15.00 208.00 431.00 -32.00 -1312.00 0
15056 -7.65 -20.17 1.11 -99.00 -5.00 196.00 431.00 -32.00 -1312.00 0
15066 -9.67 -22.12 2.71 -93.00 -29.00 196.00 431.00 -32.00 -1312.00 0
15075 -13.01 -22.54 3.83 -96.00 -21.00 194.00 431.00 -32.00 -1312.00 0
15084 -11.97 -20.80 3.48 -98.00 2.00 202.00 431.00 -32.00 -1312.00 0
15093 -10.30 -18.43 2.78 -102.00 13.00 218.00 431.00 -32.00 -1312.00 0
15102 -9.04 -16.14 2.23 -101.00 3.00 212.00 431.00 -32.00 -1312.00 0
15112 -8.83 -14.19 2.09 -97.00 -7.00 205.00 431.00 -32.00 -1312.00 0
15121 -9.39 -12.38 2.16 -95.00 -17.00 200.00 431.00 -32.00 -1312.00 0
15130 -9.25 -7.86 1.46 -95.00 -7.00 202.00 431.00 -32.00 -1312.00 0
15139 -8.28 -5.08 0.63 -101.00 -7.00 212.00 431.00 -32.00 -1312.00 0
15149 -7.44 -2.57 -0.28 -104.00 -8.00 213.00 431.00 -32.00 -1312.00 0
15158 -6.68 -0.56 -1.25 -109.00 -1.00 212.00 401.00 -34.00 -1346.00 0
15167 -5.77 1.04 -2.09 -109.00 -1.00 213.00 401.00 -34.00 -1346.00 0
15176 -4.73 2.37 -2.85 -109.00 1.00 215.00 401.00 -34.00 -1346.00 0
15185 -2.43 4.38 -3.97 -104.00 0.00 213.00 401.00 -34.00 -1346.00 0
15195 -1.53 4.94 -4.38 -105.00 1.00 207.00 401.00 -34.00 -1346.00 0
15204 -0.97 5.43 -4.73 -100.00 10.00 204.00 401.00 -34.00 -1346.00 0
15213 -0.83 6.12 -4.66 -106.00 3.00 209.00 401.00 -34.00 -1346.00 0
15222 -1.67 7.23 -4.31 -109.00 -9.00 216.00 403.00 -34.00 -1194.00 0
15232 -3.06 8.35 -3.97 -113.00 -12.00 218.00 403.00 -34.00 -1194.00 0
15241 -4.24 9.60 -3.69 -112.00 -3.00 219.00 403.00 -34.00 -1194.00 0
15250 -4.17 9.60 -3.69 -114.00 -1.00 221.00 403.00 -34.00 -1194.00 0
15259 -3.90 9.04 -3.62 -117.00 0.00 219.00 403.00 -34.00 -1194.00 0
15268 -3.69 8.35 -3.48 -115.00 2.00 217.00 403.00 -34.00 -1194.00 0
15278 -3.48 7.30 -3.41 -114.00 3.00 221.00 403.00 -34.00 -1194.00 0
15287 -3.27 5.91 -3.34 -115.00 9.00 223.00 407.00 -36.00 -1405.00 0
15296 -2.85 1.32 -2.85 -106.00 7.00 220.00 407.00 -36.00 -1405.00 0
15305 -3.06 -1.46 -2.30 -103.00 -2.00 209.00 407.00 -36.00 -1405.00 0
15314 -3.62 -3.62 -1.81 -102.00 -6.00 204.00 407.00 -36.00 -1405.00 0
15324 -3.90 -4.94 -1.67 -98.00 -11.00 200.00 407.00 -36.00 -1405.00 0
15333 -3.76 -5.57 -1.74 -98.00 -8.00 202.00 407.00 -36.00 -1405.00 0
15342 -3.06 -5.63 -1.88 -97.00 -9.00 206.00 407.00 -36.00 -1405.00 0
15351 -1.74 -3.83 -2.57 -104.00 4.00 206.00 402.00 -36.00 -1164.00 0
15361 -1.25 -2.30 -2.78 -110.00 2.00 213.00 402.00 -36.00 -1164.00 0
15370 -1.18 -0.83 -2.85 -102.00 -1.00 211.00 402.00 -36.00 -1164.00 0
15379 -1.11 0.21 -2.99 -106.00 1.00 204.00 402.00 -36.00 -1164.00 0
15387 -0.83 1.18 -3.13 -96.00 2.00 199.00 402.00 -36.00 -1164.00 0
15396 -0.56 2.16 -3.48 -102.00 0.00 199.00 402.00 -36.00 -1164.00 0
15406 -0.21 5.22 -4.45 -111.00 -1.00 210.00 402.00 -36.00 -1164.00 0
15415 0.35 6.96 -4.80 -126.00 5.00 237.00 402.00 -36.00 -1164.00 0
15424 0.63 7.44 -4.87 -132.00 10.00 244.00 402.00 -36.00 -1164.00 0
15433 0.21 5.77 -4.31 -125.00 0.00 229.00 402.00 -36.00 -1164.00 0
15442 -1.11 2.50 -3.34 -118.00 -13.00 213.00 402.00 -36.00 -1164.00 0
15452 -2.50 -1.18 -2.50 -106.00 -12.00 205.00 402.00 -36.00 -1164.00 0
15461 -3.06 -6.75 -1.67 -100.00 -8.00 200.00 402.00 -36.00 -1164.00 0
15470 -2.30 -8.14 -1.81 -93.00 -8.00 197.00 402.00 -36.00 -1164.00 0
15479 -1.39 -8.49 -2.30 -97.00 0.00 199.00 402.00 -36.00 -1164.00 0
15489 -0.49 -8.00 -2.78 -93.00 14.00 200.00 402.00 -36.00 -1164.00 0
15498 0.21 -6.89 -3.13 -103.00 10.00 206.00 402.00 -36.00 -1164.00 0
15507 0.00 -5.29 -3.27 -106.00 0.00 213.00 402.00 -36.00 -1164.00 0
15516 -1.11 -3.55 -3.20 -113.00 4.00 220.00 402.00 -36.00 -1164.00 0
15525 -2.50 -1.25 -2.99 -112.00 10.00 217.00 402.00 -36.00 -1164.00 0
15535 -3.06 -0.83 -2.43 -107.00 -1.00 213.00 402.00 -36.00 -1164.00 0
15544 -4.10 -0.63 -1.95 -104.00 -8.00 210.00 402.00 -36.00 -1164.00 0
15553 -4.87 -0.56 -1.60 -108.00 -3.00 209.00 402.00 -36.00 -1164.00 0
15562 -5.01 -0.28 -1.46 -110.00 -2.00 212.00 402.00 -36.00 -1164.00 0
15571 -4.94 -0.07 -1.60 -106.00 -1.00 213.00 402.00 -36.00 -1164.00 0
15581 -4.80 -0.07 -1.81 -108.00 -3.00 218.00 402.00 -36.00 -1164.00 0
15590 -4.94 -0.14 -1.81 -108.00 -7.00 214.00 402.00 -36.00 -1164.00 0
15599 -4.87 -0.28 -1.88 -104.00 -4.00 212.00 402.00 -36.00 -1164.00 0
15608 -4.52 -0.49 -2.09 -111.00 2.00 214.00 402.00 -36.00 -1164.00 0
15618 -4.03 -0.70 -2.37 -108.00 6.00 210.00 402.00 -36.00 -1164.00 0
15627 -3.76 -1.04 -2.57 -107.00 1.00 213.00 402.00 -36.00 -1164.00 0
15636 -3.62 -1.74 -2.50 -109.00 -1.00 212.00 402.00 -36.00 -1164.00 0
15645 -3.48 -2.02 -2.50 -112.00 4.00 217.00 402.00 -36.00 -1164.00 0
15654 -3.34 -2.57 -2.50 -111.00 5.00 212.00 402.00 -36.00 -1164.00 0
15664 -3.27 -3.34 -2.43 -107.00 1.00 210.00 402.00 -36.00 -1164.00 0
15673 -3.20 -4.03 -2.23 -104.00 -4.00 214.00 402.00 -36.00 -1164.00 0
15682 -3.41 -4.52 -2.02 -109.00 -4.00 211.00 399.00 -34.00 -1136.00 0
15691 -3.27 -5.22 -1.95 -106.00 -5.00 214.00 399.00 -34.00 -1136.00 0
15700 -2.92 -5.77 -2.02 -104.00 -3.00 214.00 399.00 -34.00 -1136.00 0
15710 -2.64 -6.19 -2.02 -102.00 -4.00 211.00 399.00 -34.00 -1136.00 0
15719 -2.23 -6.33 -2.02 -104.00 -4.00 204.00 399.00 -34.00 -1136.00 0
15728 -1.53 -6.12 -1.95 -101.00 -1.00 210.00 399.00 -34.00 -1136.00 0
15737 -0.70 -5.50 -1.74 -102.00 -8.00 205.00 399.00 -34.00 -1136.00 0
15747 0.42 -3.62 -1.46 -108.00 -5.00 208.00 392.00 -40.00 -1265.00 0
15756 1.25 -2.50 -1.67 -105.00 -5.00 215.00 392.00 -40.00 -1265.00 0
15765 2.23 -1.60 -1.88 -110.00 0.00 216.00 392.00 -40.00 -1265.00 0
15774 3.13 -0.97 -2.16 -108.00 0.00 216.00 392.00 -40.00 -1265.00 0
15783 3.90 -0.83 -2.50 -108.00 1.00 216.00 392.00 -40.00 -1265.00 0
15793 5.01 -0.97 -2.78 -104.00 11.00 218.00 392.00 -40.00 -1265.00 0
15802 7.37 -1.95 -3.62 -99.00 11.00 214.00 392.00 -40.00 -1265.00 0
15811 7.37 -2.37 -4.03 -97.00 13.00 209.00 393.00 -41.00 -1095.00 0
15820 6.61 -2.37 -4.38 -96.00 7.00 208.00 393.00 -41.00 -1095.00 0
15830 5.22 -1.88 -4.66 -99.00 9.00 210.00 393.00 -41.00 -1095.00 0
15839 3.97 -1.18 -4.94 -100.00 8.00 211.00 393.00 -41.00 -1095.00 0
15848 2.78 -0.63 -5.15 -101.00 1.00 211.00 393.00 -41.00 -1095.00 0
15857 0.63 0.07 -5.36 -99.00 2.00 211.00 393.00 -41.00 -1095.00 0
15866 -0.07 0.42 -5.29 -103.00 1.00 209.00 393.00 -41.00 -1095.00 0
15876 -0.63 0.90 -5.22 -106.00 0.00 212.00 393.00 -45.00 -1014.00 0
15885 -1.04 1.53 -5.22 -107.00 2.00 217.00 395.00 -45.00 -1014.00 0
15894 -1.39 1.95 -5.22 -116.00 2.00 219.00 395.00 -45.00 -1014.00 0
15903 -1.67 2.09 -5.01 -117.00 2.00 225.00 395.00 -45.00 -1014.00 0
15912 -2.57 1.11 -4.52 -112.00 -3.00 216.00 395.00 -45.00 -1014.00 0
15922 -2.64 0.21 -4.17 -107.00 -7.00 216.00 395.00 -45.00 -1014.00 0
15931 -2.37 -0.70 -3.90 -110.00 -6.00 214.00 395.00 -45.00 -1014.00 0
15940 -2.09 -1.32 -3.83 -109.00 -3.00 217.00 395.00 -45.00 -1014.00 0
15949 -1.67 -1.95 -3.97 -101.00 1.00 209.00 395.00 -45.00 -1014.00 0
15959 -1.04 -2.37 -4.17 -99.00 10.00 211.00 395.00 -45.00 -1014.00 0
15968 -0.49 -2.37 -4.45 -101.00 8.00 212.00 395.00 -45.00 -1014.00 0
15977 -0.77 -1.81 -4.38 -96.00 8.00 216.00 395.00 -45.00 -1014.00 0
15986 -1.04 -1.39 -4.24 -101.00 5.00 211.00 395.00 -45.00 -1014.00 0
15995 -1.32 -0.90 -4.03 -100.00 5.00 212.00 395.00 -45.00 -1014.00 0
16005 -1.74 -0.49 -3.76 -102.00 4.00 211.00 395.00 -45.00 -1014.00 0
16014 -2.16 -0.14 -3.55 -106.00 5.00 211.00 395.00 -45.00 -1014.00 0
16023 -2.50 0.35 -3.06 -107.00 5.00 220.00 395.00 -45.00 -1014.00 0
16032 -2.71 0.07 -2.64 -104.00 3.00 214.00 395.00 -45.00 -1014.00 0
16041 -2.92 -0.49 -2.37 -106.00 0.00 214.00 395.00 -45.00 -1014.00 0
16051 -2.99 -0.97 -2.02 -108.00 0.00 211.00 395.00 -45.00 -1014.00 0
16060 -2.78 -1.25 -1.81 -101.00 5.00 207.00 395.00 -45.00 -1014.00 0
16069 -2.43 -1.46 -1.67 -104.00 4.00 206.00 395.00 -45.00 -1014.00 0
16078 -2.43 -1.32 -1.46 -104.00 2.00 212.00 395.00 -45.00 -1014.00 0
16088 -2.92 -1.11 -1.32 -105.00 0.00 213.00 395.00 -45.00 -1014.00 0
16097 -2.92 -0.77 -1.25 -111.00 4.00 216.00 395.00 -45.00 -1014.00 0
16106 -2.78 -0.49 -1.18 -109.00 8.00 216.00 395.00 -45.00 -1014.00 0
16115 -2.71 -0.35 -0.97 -110.00 5.00 214.00 395.00 -45.00 -1014.00 0
16124 -2.78 -0.42 -0.77 -105.00 6.00 215.00 395.00 -45.00 -1014.00 0
16134 -2.78 -0.90 -0.21 -106.00 13.00 211.00 395.00 -45.00 -1014.00 0
16143 -2.43 -1.11 0.07 -110.00 9.00 216.00 395.00 -45.00 -1014.00 0
16152 -2.43 -1.39 0.35 -106.00 6.00 214.00 395.00 -45.00 -1014.00 0
16161 -2.71 -2.02 0.77 -103.00 1.00 210.00 395.00 -45.00 -1014.00 0
16171 -3.06 -2.57 0.97 -100.00 2.00 208.00 395.00 -45.00 -1014.00 0
16180 -3.34 -3.06 1.11 -101.00 -1.00 212.00 395.00 -45.00 -1014.00 0
16189 -3.48 -2.99 1.04 -108.00 0.00 211.00 395.00 -45.00 -1014.00 0
16198 -3.48 -2.78 0.77 -98.00 1.00 211.00 395.00 -45.00 -1014.00 0
16207 -3.13 -2.57 0.49 -105.00 8.00 210.00 389.00 -45.00 -1343.00 0
16217 -2.64 -2.23 0.28 -109.00 10.00 216.00 389.00 -45.00 -1343.00 0
16226 -2.30 -2.02 0.07 -111.00 11.00 221.00 389.00 -45.00 -1343.00 0
16235 -2.23 -2.09 -0.07 -107.00 13.00 216.00 389.00 -45.00 -1343.00 0
16244 -2.43 -2.43 -0.14 -104.00 10.00 216.00 389.00 -45.00 -1343.00 0
16253 -2.92 -3.27 0.07 -103.00 9.00 212.00 389.00 -45.00 -1343.00 0
16263 -3.27 -3.62 0.35 -100.00 2.00 213.00 389.00 -45.00 -1343.00 0
16272 -3.62 -3.83 0.56 -98.00 1.00 208.00 390.00 -49.00 -1175.00 0
16281 -3.83 -3.90 0.63 -96.00 2.00 211.00 390.00 -49.00 -1175.00 0
16290 -3.83 -3.83 0.63 -103.00 2.00 210.00 390.00 -49.00 -1175.00 0
16300 -3.83 -3.41 0.49 -105.00 2.00 213.00 390.00 -49.00 -1175.00 0
16309 -3.62 -2.64 0.28 -107.00 3.00 214.00 390.00 -49.00 -1175.00 0
16318 -3.48 -2.57 0.14 -104.00 4.00 215.00 390.00 -49.00 -1175.00 0
16327 -3.20 -2.50 -0.07 -103.00 7.00 217.00 390.00 -49.00 -1175.00 0
16336 -2.92 -2.50 -0.21 -104.00 4.00 217.00 391.00 -48.00 -1269.00 0
16346 -2.64 -2.64 -0.35 -102.00 11.00 216.00 391.00 -48.00 -1269.00 0
16355 -2.37 -2.85 -0.35 -103.00 12.00 216.00 391.00 -48.00 -1269.00 0
16364 -2.64 -2.85 -0.14 -104.00 7.00 213.00 391.00 -48.00 -1269.00 0
16373 -2.85 -2.78 0.00 -103.00 9.00 216.00 391.00 -48.00 -1269.00 0
16382 -2.92 -2.78 0.21 -100.00 4.00 213.00 391.00 -48.00 -1269.00 0
16392 -3.20 -2.92 0.42 -100.00 1.00 212.00 391.00 -48.00 -1269.00 0
16401 -3.62 -2.99 0.56 -101.00 1.00 212.00 388.00 -51.00 -1183.00 0
16410 -3.76 -2.85 0.42 -106.00 4.00 216.00 388.00 -51.00 -1183.00 0
16419 -3.34 -2.30 -0.07 -104.00 2.00 215.00 388.00 -51.00 -1183.00 0
16429 -3.20 -2.16 -0.35 -104.00 3.00 212.00 388.00 -51.00 -1183.00 0
16438 -2.92 -2.09 -0.70 -101.00 8.00 214.00 388.00 -51.00 -1183.00 0
16447 -2.50 -2.02 -0.90 -101.00 11.00 214.00 388.00 -51.00 -1183.00 0
16456 -2.30 -1.95 -1.11 -106.00 10.00 217.00 388.00 -51.00 -1183.00 0
16465 -2.23 -1.95 -1.25 -99.00 10.00 213.00 388.00 -51.00 -1183.00 0
16475 -2.57 -2.16 -1.39 -99.00 6.00 209.00 388.00 -51.00 -1183.00 0
16484 -2.85 -2.23 -1.39 -103.00 8.00 210.00 388.00 -51.00 -1183.00 0
16493 -3.06 -2.02 -1.39 -101.00 7.00 213.00 388.00 -51.00 -1183.00 0
16502 -3.34 -1.74 -1.25 -99.00 3.00 214.00 388.00 -51.00 -1183.00 0
16512 -3.69 -1.60 -1.18 -103.00 7.00 216.00 388.00 -51.00 -1183.00 0
16521 -3.90 -1.46 -1.25 -105.00 3.00 219.00 388.00 -51.00 -1183.00 0
16530 -4.31 -1.53 -1.18 -105.00 3.00 214.00 388.00 -51.00 -1183.00 0
16539 -4.59 -1.74 -1.11 -100.00 1.00 215.00 388.00 -51.00 -1183.00 0
16548 -4.66 -1.95 -1.11 -101.00 2.00 211.00 388.00 -51.00 -1183.00 0
16558 -4.52 -2.02 -1.18 -99.00 6.00 212.00 388.00 -51.00 -1183.00 0
16567 -4.31 -2.02 -1.32 -101.00 3.00 219.00 388.00 -51.00 -1183.00 0
16576 -4.24 -1.95 -1.53 -101.00 6.00 214.00 388.00 -51.00 -1183.00 0
16585 -3.90 -2.16 -1.81 -98.00 5.00 215.00 388.00 -51.00 -1183.00 0
16594 -3.76 -2.16 -1.95 -96.00 3.00 209.00 388.00 -51.00 -1183.00 0
16604 -3.41 -2.09 -1.95 -98.00 5.00 213.00 388.00 -51.00 -1183.00 0
16613 -3.20 -1.60 -2.02 -101.00 6.00 217.00 388.00 -51.00 -1183.00 0
16622 -2.92 -1.11 -2.23 -104.00 8.00 212.00 388.00 -51.00 -1183.00 0
16631 -2.64 -0.90 -2.30 -96.00 2.00 212.00 388.00 -51.00 -1183.00 0
16641 -2.43 -0.83 -2.37 -99.00 2.00 210.00 388.00 -51.00 -1183.00 0
16650 -2.02 -0.70 -2.43 -98.00 9.00 210.00 388.00 -51.00 -1183.00 0
16659 -1.60 -0.42 -2.50 -101.00 11.00 220.00 388.00 -51.00 -1183.00 0
16668 -1.53 -0.14 -2.50 -99.00 10.00 217.00 388.00 -51.00 -1183.00 0
16677 -1.74 -0.07 -2.43 -100.00 10.00 213.00 388.00 -51.00 -1183.00 0
16687 -1.95 0.00 -2.30 -104.00 11.00 205.00 388.00 -51.00 -1183.00 0
16696 -2.50 0.35 -2.02 -103.00 9.00 212.00 388.00 -51.00 -1183.00 0
16705 -2.99 0.63 -1.95 -100.00 5.00 213.00 388.00 -51.00 -1183.00 0
16714 -3.55 0.70 -1.88 -103.00 3.00 217.00 388.00 -51.00 -1183.00 0