110 -3.34 -5.50 -0.28 -115.00 0.00 206.00 430.00 -41.00 -1216.00 0
119 -3.62 -5.98 -0.07 -118.00 -4.00 207.00 427.00 -39.00 -1150.00 0
129 -3.62 -6.33 0.07 -116.00 1.00 211.00 427.00 -39.00 -1150.00 0
138 -3.41 -6.75 0.07 -117.00 2.00 214.00 427.00 -39.00 -1150.00 0
147 -3.20 -7.17 0.00 -115.00 4.00 209.00 427.00 -39.00 -1150.00 0
156 -3.13 -7.58 -0.07 -118.00 5.00 212.00 427.00 -39.00 -1150.00 0
164 -2.99 -8.28 -0.07 -116.00 4.00 213.00 427.00 -39.00 -1150.00 0
174 -2.92 -10.50 -0.07 -113.00 -1.00 217.00 427.00 -39.00 -1150.00 0
183 -3.06 -11.83 0.00 -111.00 0.00 211.00 421.00 -39.00 -1203.00 0
192 -3.13 -13.22 0.07 -114.00 2.00 213.00 421.00 -39.00 -1203.00 0
201 -3.13 -14.68 0.07 -111.00 6.00 209.00 421.00 -39.00 -1203.00 0
210 -2.92 -16.00 0.14 -108.00 11.00 213.00 421.00 -39.00 -1203.00 0
220 -2.78 -17.18 0.56 -107.00 6.00 212.00 421.00 -39.00 -1203.00 0
229 -4.03 -18.85 1.74 -103.00 0.00 212.00 421.00 -39.00 -1203.00 0
238 -5.15 -19.41 2.23 -99.00 -9.00 207.00 421.00 -39.00 -1203.00 0
247 -5.91 -19.34 2.57 -98.00 -5.00 202.00 421.00 -39.00 -1203.00 0
257 -5.98 -18.64 2.57 -96.00 -9.00 199.00 421.00 -39.00 -1203.00 0
266 -5.70 -17.39 2.30 -99.00 -8.00 203.00 421.00 -39.00 -1203.00 0
274 -4.94 -15.58 1.95 -97.00 -3.00 207.00 421.00 -39.00 -1203.00 0
283 -3.83 -13.29 1.53 -105.00 2.00 212.00 421.00 -39.00 -1203.00 0
292 -1.88 -8.77 0.97 -107.00 5.00 217.00 421.00 -39.00 -1203.00 0
302 -1.18 -7.30 0.83 -106.00 12.00 218.00 421.00 -39.00 -1203.00 0
311 -1.04 -6.33 0.70 -100.00 10.00 213.00 421.00 -39.00 -1203.00 0
320 -1.18 -5.77 0.63 -100.00 9.00 209.00 421.00 -39.00 -1203.00 0
329 -1.67 -5.29 0.70 -100.00 6.00 212.00 421.00 -39.00 -1203.00 0
338 -2.37 -4.87 0.90 -99.00 1.00 206.00 421.00 -39.00 -1203.00 0
348 -3.55 -4.10 0.90 -97.00 1.00 206.00 421.00 -39.00 -1203.00 0
356 -5.63 -3.48 0.77 -104.00 5.00 212.00 421.00 -39.00 -1203.00 0
365 -6.40 -2.78 0.70 -107.00 1.00 211.00 421.00 -39.00 -1203.00 0
374 -7.37 -2.16 0.70 -106.00 -4.00 217.00 421.00 -39.00 -1203.00 0
384 -7.79 -1.74 0.56 -106.00 1.00 213.00 421.00 -39.00 -1203.00 0
393 -7.58 -1.53 0.42 -103.00 12.00 211.00 421.00 -39.00 -1203.00 0
402 -7.03 -1.39 0.28 -99.00 5.00 206.00 421.00 -39.00 -1203.00 0
411 -7.17 -0.63 0.28 -104.00 6.00 213.00 421.00 -39.00 -1203.00 0
420 -7.58 -0.07 0.56 -107.00 3.00 214.00 421.00 -39.00 -1203.00 0
430 -8.42 0.28 0.70 -110.00 0.00 219.00 421.00 -39.00 -1203.00 0
438 -9.11 0.35 0.70 -116.00 -2.00 219.00 421.00 -39.00 -1203.00 0
447 -9.32 0.07 0.63 -113.00 0.00 219.00 411.00 -38.00 -1099.00 0
456 -9.32 -0.70 0.49 -111.00 -2.00 219.00 411.00 -38.00 -1099.00 0
465 -8.97 -1.88 0.28 -106.00 -3.00 222.00 411.00 -38.00 -1099.00 0
475 -7.79 -4.52 0.14 -108.00 2.00 217.00 411.00 -38.00 -1099.00 0
484 -7.03 -5.77 0.14 -103.00 1.00 218.00 411.00 -38.00 -1099.00 0
493 -6.26 -6.68 0.28 -108.00 0.00 217.00 411.00 -38.00 -1099.00 0
502 -5.63 -7.58 0.21 -100.00 -4.00 219.00 411.00 -38.00 -1099.00 0
510 -5.15 -9.04 0.28 -99.00 -7.00 210.00 406.00 -40.00 -1189.00 0
520 -4.66 -9.95 0.28 -92.00 -6.00 202.00 406.00 -40.00 -1189.00 0
529 -4.17 -10.71 -0.07 -88.00 0.00 206.00 406.00 -40.00 -1189.00 0
538 -2.71 -10.30 -0.42 -88.00 8.00 205.00 406.00 -40.00 -1189.00 0
547 -2.71 -9.25 -0.42 -88.00 19.00 204.00 406.00 -40.00 -1189.00 0
557 -3.34 -7.79 -0.07 -89.00 18.00 203.00 406.00 -40.00 -1189.00 0
566 -4.73 -5.84 0.77 -88.00 7.00 208.00 406.00 -40.00 -1189.00 0
574 -6.68 -3.55 1.53 -97.00 1.00 206.00 406.00 -40.00 -1189.00 0
583 -8.56 -1.11 2.23 -97.00 6.00 206.00 406.00 -40.00 -1189.00 0
592 -9.81 1.32 3.06 -98.00 11.00 207.00 406.00 -40.00 -1189.00 0
602 -12.59 6.19 3.55 -90.00 24.00 197.00 406.00 -40.00 -1189.00 0
611 -14.75 8.21 4.31 -83.00 40.00 192.00 406.00 -40.00 -1189.00 0
620 -18.16 9.67 5.70 -77.00 47.00 179.00 406.00 -40.00 -1189.00 0
629 -24.07 10.78 7.51 -82.00 13.00 175.00 406.00 -40.00 -1189.00 0
638 -31.79 12.80 9.60 -89.00 -35.00 177.00 406.00 -40.00 -1189.00 0
648 -40.00 16.42 11.06 -75.00 -61.00 160.00 406.00 -40.00 -1189.00 0
657 -48.35 25.18 8.63 -66.00 -30.00 152.00 406.00 -40.00 -1189.00 0
666 -46.19 32.00 6.26 -66.00 -35.00 139.00 406.00 -40.00 -1189.00 0
675 -44.59 42.09 3.55 -69.00 -58.00 138.00 406.00 -40.00 -1189.00 0
685 -42.43 56.70 0.35 -63.00 -21.00 100.00 406.00 -40.00 -1189.00 0
694 -38.26 74.92 -2.71 -74.00 -39.00 102.00 406.00 -40.00 -1189.00 0
703 -33.46 97.39 -4.87 -109.00 -83.00 99.00 406.00 -40.00 -1189.00 0
712 -24.70 152.70 -11.06 -135.00 -72.00 97.00 406.00 -40.00 -1189.00 1
721 -16.21 180.52 -15.58 -1447.00 178.00 1486.00 406.00 -40.00 -1189.00 1
732 -1.18 185.81 -20.45 -85.00 -85.00 -85.00 406.00 -40.00 -1189.00 1
742 -2.85 118.82 -26.92 -168.00 -50.00 167.00 406.00 -40.00 -1189.00 1
752 -6.61 70.05 -19.69 -136.00 -26.00 212.00 406.00 -40.00 -1189.00 1
762 -6.54 53.43 -17.81 -148.00 -56.00 181.00 406.00 -40.00 -1189.00 1
773 -6.82 42.16 -14.47 -148.00 4.00 187.00 406.00 -40.00 -1189.00 1
783 -1.95 25.39 -7.86 -155.00 -28.00 184.00 406.00 -40.00 -1189.00 1
793 -1.46 18.50 -5.57 -154.00 -13.00 191.00 406.00 -40.00 -1189.00 1
803 -0.07 12.94 -3.76 -151.00 -15.00 191.00 406.00 -40.00 -1189.00 1
815 0.63 9.04 -2.30 -164.00 -17.00 209.00 406.00 -40.00 -1189.00 1
824 1.67 3.13 -0.70 -173.00 -13.00 237.00 406.00 -40.00 -1189.00 1
834 1.74 0.07 -0.28 -207.00 18.00 270.00 406.00 -40.00 -1189.00 0
843 0.63 -2.78 0.56 -288.00 29.00 365.00 406.00 -40.00 -1189.00 0
852 -2.50 -11.83 1.74 -242.00 84.00 316.00 406.00 -40.00 -1189.00 0
862 -5.57 -35.41 4.03 -166.00 18.00 210.00 406.00 -40.00 -1189.00 0
871 -19.76 -91.83 16.35 -104.00 -89.00 114.00 406.00 -40.00 -1189.00 0
880 -27.48 -112.21 20.87 -62.00 -116.00 77.00 406.00 -40.00 -1189.00 0
889 -29.43 -122.02 21.57 -56.00 -89.00 96.00 406.00 -40.00 -1189.00 0
899 -25.53 -122.02 18.99 -72.00 -44.00 132.00 406.00 -40.00 -1189.00 0
908 -18.85 -115.27 14.75 -93.00 -30.00 165.00 441.00 -5.00 -1171.00 0
917 -12.24 -104.00 10.37 -100.00 -20.00 181.00 441.00 -5.00 -1171.00 0
926 -0.83 -80.28 2.99 -92.00 -16.00 187.00 441.00 -5.00 -1171.00 0
935 3.97 -69.50 0.21 -81.00 -6.00 175.00 441.00 -5.00 -1171.00 0
945 7.51 -58.37 -2.09 -79.00 -2.00 171.00 441.00 -5.00 -1171.00 0
954 9.39 -45.84 -3.55 -99.00 -21.00 193.00 441.00 -5.00 -1171.00 0
963 9.32 -32.97 -4.80 -118.00 -13.00 208.00 441.00 -5.00 -1171.00 0
972 8.77 -20.94 -6.33 -128.00 6.00 231.00 432.00 -9.00 -1207.00 0
980 8.21 -7.17 -8.28 -127.00 3.00 230.00 432.00 -9.00 -1207.00 0
990 6.82 -4.87 -8.21 -121.00 -12.00 219.00 432.00 -9.00 -1207.00 0
999 4.94 -4.17 -7.86 -112.00 -22.00 205.00 432.00 -9.00 -1207.00 0
1008 3.83 -3.83 -7.58 -103.00 -5.00 196.00 432.00 -9.00 -1207.00 0
1017 3.76 -3.06 -7.17 -110.00 -6.00 204.00 432.00 -9.00 -1207.00 0
1027 3.69 -1.74 -6.47 -119.00 -12.00 213.00 432.00 -9.00 -1207.00 0
1036 2.50 -0.49 -5.98 -119.00 -10.00 219.00 433.00 -11.00 -1271.00 0
1045 1.04 -0.97 -4.87 -114.00 -12.00 213.00 433.00 -11.00 -1271.00 0
1054 0.70 -2.37 -4.10 -106.00 -17.00 198.00 433.00 -11.00 -1271.00 0
1063 0.42 -3.55 -3.62 -103.00 -21.00 199.00 433.00 -11.00 -1271.00 0
1073 0.14 -3.90 -3.48 -108.00 -18.00 199.00 433.00 -11.00 -1271.00 0
1082 0.07 -3.55 -3.76 -109.00 -14.00 203.00 433.00 -11.00 -1271.00 0
1091 0.21 -2.85 -4.24 -109.00 -7.00 207.00 433.00 -11.00 -1271.00 0
1100 0.63 -0.83 -5.15 -110.00 -10.00 200.00 433.00 -11.00 -1271.00 0
1110 0.42 0.56 -5.29 -115.00 -11.00 213.00 433.00 -11.00 -1271.00 0
1119 0.49 2.02 -5.36 -118.00 -20.00 208.00 433.00 -11.00 -1271.00 0
1128 0.77 3.13 -5.57 -119.00 -18.00 213.00 433.00 -11.00 -1271.00 0
1137 1.39 3.76 -5.84 -120.00 -17.00 216.00 433.00 -11.00 -1271.00 0
1146 2.23 3.83 -6.12 -121.00 1.00 219.00 433.00 -11.00 -1271.00 0
1156 3.62 2.16 -6.05 -116.00 5.00 211.00 433.00 -11.00 -1271.00 0
1165 3.20 0.70 -5.22 -111.00 -10.00 205.00 433.00 -11.00 -1271.00 0
1174 2.16 -0.49 -4.31 -112.00 -13.00 204.00 434.00 -16.00 -1286.00 0
1183 1.25 -1.18 -3.62 -107.00 -7.00 202.00 434.00 -16.00 -1286.00 0
1191 0.42 -1.46 -3.20 -111.00 -6.00 206.00 434.00 -16.00 -1286.00 0
1201 -0.49 -1.74 -2.92 -114.00 -19.00 207.00 434.00 -16.00 -1286.00 0
1210 -1.53 -2.09 -2.78 -117.00 -19.00 206.00 434.00 -16.00 -1286.00 0
1219 -2.92 -2.09 -2.92 -114.00 -13.00 207.00 434.00 -16.00 -1286.00 0
1228 -2.92 -2.16 -3.13 -120.00 -12.00 212.00 434.00 -16.00 -1286.00 0
1238 -2.85 -2.37 -3.27 -116.00 -16.00 214.00 434.00 -16.00 -1286.00 0
1247 -2.78 -2.71 -3.48 -118.00 -16.00 215.00 434.00 -16.00 -1286.00 0
1256 -2.23 -3.06 -3.62 -113.00 -12.00 210.00 434.00 -16.00 -1286.00 0
1265 -1.32 -3.55 -3.97 -110.00 2.00 206.00 434.00 -16.00 -1286.00 0
1274 0.42 -4.45 -3.69 -111.00 -3.00 210.00 434.00 -16.00 -1286.00 0
1284 0.49 -4.59 -3.34 -115.00 -8.00 212.00 434.00 -16.00 -1286.00 0
1293 0.28 -4.80 -2.99 -117.00 -9.00 214.00 434.00 -16.00 -1286.00 0
1302 0.14 -5.15 -2.71 -113.00 -2.00 206.00 428.00 -16.00 -1228.00 0
1311 -0.14 -5.43 -2.30 -111.00 -14.00 206.00 428.00 -16.00 -1228.00 0
1320 -0.97 -5.63 -1.74 -110.00 -16.00 204.00 428.00 -16.00 -1228.00 0
1330 -2.71 -5.01 -0.90 -110.00 -9.00 201.00 428.00 -16.00 -1228.00 0
1339 -2.92 -4.31 -0.70 -113.00 -6.00 205.00 428.00 -16.00 -1228.00 0
1348 -3.34 -3.83 -0.56 -113.00 -12.00 211.00 428.00 -16.00 -1228.00 0
1357 -3.62 -3.48 -0.49 -112.00 -11.00 209.00 428.00 -16.00 -1228.00 0
1367 -3.48 -3.55 -0.56 -107.00 -5.00 207.00 427.00 -14.00 -1221.00 0
1376 -3.06 -3.69 -0.63 -112.00 -6.00 213.00 427.00 -14.00 -1221.00 0
1385 -2.43 -3.55 -1.04 -116.00 -10.00 214.00 427.00 -14.00 -1221.00 0
1394 -2.30 -3.90 -1.32 -112.00 -10.00 210.00 427.00 -14.00 -1221.00 0
1403 -1.88 -4.45 -1.53 -104.00 -9.00 207.00 427.00 -14.00 -1221.00 0
1413 -1.32 -4.80 -1.60 -105.00 -18.00 204.00 427.00 -14.00 -1221.00 0
1422 -1.11 -4.73 -1.60 -107.00 -18.00 203.00 427.00 -14.00 -1221.00 0
1431 -0.90 -4.24 -1.81 -110.00 -9.00 209.00 427.00 -16.00 -1342.00 0
1440 -0.42 -2.92 -2.02 -109.00 -3.00 211.00 427.00 -16.00 -1342.00 0
1449 -0.35 -2.57 -1.95 -115.00 -6.00 211.00 427.00 -16.00 -1342.00 0
1459 -0.97 -2.50 -1.74 -119.00 -5.00 216.00 427.00 -16.00 -1342.00 0
1468 -1.46 -2.71 -1.53 -118.00 -4.00 212.00 427.00 -16.00 -1342.00 0
1477 -1.53 -3.34 -1.25 -108.00 0.00 206.00 427.00 -16.00 -1342.00 0
1486 -1.53 -4.03 -1.04 -106.00 -3.00 200.00 427.00 -16.00 -1342.00 0
1495 -1.74 -4.52 -0.63 -106.00 -11.00 203.00 427.00 -20.00 -1176.00 0
1504 -3.34 -4.03 0.07 -105.00 -20.00 202.00 425.00 -20.00 -1176.00 0
1513 -3.62 -3.27 -0.07 -108.00 -17.00 210.00 425.00 -20.00 -1176.00 0
1522 -3.48 -2.30 -0.35 -116.00 -8.00 213.00 425.00 -20.00 -1176.00 0
1531 -3.41 -1.53 -0.83 -113.00 -8.00 218.00 425.00 -20.00 -1176.00 0
1541 -3.76 -0.90 -1.11 -119.00 -16.00 216.00 425.00 -20.00 -1176.00 0
1550 -4.24 -0.49 -1.25 -120.00 -16.00 220.00 425.00 -20.00 -1176.00 0
1559 -4.24 -1.53 -1.60 -113.00 -10.00 212.00 425.00 -20.00 -1176.00 0
1568 -3.83 -2.50 -1.81 -106.00 -10.00 203.00 425.00 -20.00 -1176.00 0
1577 -3.41 -3.34 -2.02 -103.00 -6.00 200.00 425.00 -20.00 -1176.00 0
1587 -2.78 -3.90 -2.23 -103.00 -4.00 197.00 425.00 -20.00 -1176.00 0
1596 -2.30 -3.90 -2.43 -106.00 -3.00 202.00 425.00 -20.00 -1176.00 0
1605 -2.23 -3.55 -2.71 -111.00 -6.00 208.00 425.00 -20.00 -1176.00 0
1614 -2.16 -2.02 -3.13 -111.00 -10.00 214.00 425.00 -20.00 -1176.00 0
1624 -2.30 -1.32 -3.27 -111.00 -4.00 212.00 425.00 -20.00 -1176.00 0
1633 -2.37 -0.97 -3.27 -114.00 -6.00 215.00 423.00 -19.00 -1195.00 0
1642 -2.30 -1.04 -3.20 -106.00 -1.00 208.00 423.00 -19.00 -1195.00 0
1651 -2.09 -1.32 -2.92 -112.00 -2.00 210.00 423.00 -19.00 -1195.00 0
1660 -2.23 -1.53 -2.50 -112.00 -16.00 205.00 423.00 -19.00 -1195.00 0
1670 -2.99 -1.60 -1.60 -111.00 -11.00 211.00 423.00 -19.00 -1195.00 0
1679 -3.62 -1.53 -1.32 -106.00 -13.00 207.00 423.00 -19.00 -1195.00 0
1688 -3.83 -1.39 -1.32 -108.00 -10.00 204.00 423.00 -19.00 -1195.00 0
1697 -3.76 -1.04 -1.53 -109.00 -8.00 214.00 423.00 -19.00 -1195.00 0
1707 -3.41 -0.77 -1.67 -107.00 -11.00 206.00 423.00 -19.00 -1195.00 0
1716 -3.06 -0.56 -1.95 -107.00 -6.00 206.00 423.00 -19.00 -1195.00 0
1725 -2.71 -0.49 -2.71 -106.00 -4.00 208.00 423.00 -19.00 -1195.00 0
1734 -1.81 -0.14 -2.92 -114.00 -2.00 211.00 423.00 -19.00 -1195.00 0
1743 -1.60 0.07 -2.92 -114.00 -13.00 219.00 423.00 -19.00 -1195.00 0
1753 -1.74 0.00 -2.78 -114.00 -13.00 209.00 423.00 -19.00 -1195.00 0
1762 -1.67 -0.42 -2.64 -116.00 -15.00 211.00 424.00 -21.00 -1376.00 0
1771 -1.18 -1.04 -2.64 -112.00 -8.00 206.00 424.00 -21.00 -1376.00 0
1780 -0.49 -1.74 -2.71 -108.00 2.00 209.00 424.00 -21.00 -1376.00 0
1789 0.83 -2.78 -2.85 -108.00 0.00 207.00 424.00 -21.00 -1376.00 0
1798 0.42 -2.92 -2.57 -110.00 -9.00 207.00 424.00 -21.00 -1376.00 0
1807 -0.49 -2.92 -2.37 -106.00 -16.00 209.00 424.00 -21.00 -1376.00 0
1816 -0.90 -2.78 -2.30 -106.00 -5.00 205.00 424.00 -21.00 -1376.00 0
1825 -0.77 -2.57 -2.30 -106.00 -3.00 204.00 420.00 -22.00 -1095.00 0
1835 -0.56 -2.16 -2.37 -110.00 -5.00 208.00 420.00 -22.00 -1095.00 0
1844 -1.11 -0.83 -2.30 -113.00 -9.00 215.00 420.00 -22.00 -1095.00 0
1853 -1.25 -0.49 -2.43 -113.00 -10.00 214.00 420.00 -22.00 -1095.00 0
1862 -1.18 -0.35 -2.57 -111.00 -7.00 212.00 420.00 -22.00 -1095.00 0
1871 -0.90 -0.42 -2.78 -115.00 -5.00 212.00 420.00 -22.00 -1095.00 0
1881 -0.49 -0.56 -3.06 -108.00 -4.00 214.00 420.00 -22.00 -1095.00 0
1890 0.00 -0.97 -3.34 -110.00 -14.00 208.00 418.00 -22.00 -1284.00 0
1899 0.28 -1.60 -3.41 -108.00 -3.00 205.00 418.00 -22.00 -1284.00 0
1908 0.90 -2.50 -3.34 -105.00 9.00 208.00 418.00 -22.00 -1284.00 0
1917 1.18 -2.30 -2.85 -113.00 -3.00 212.00 418.00 -22.00 -1284.00 0
1927 -0.07 -1.74 -2.30 -110.00 -17.00 210.00 418.00 -22.00 -1284.00 0
1936 -1.32 -1.25 -2.02 -109.00 -8.00 208.00 418.00 -22.00 -1284.00 0
1945 -1.60 -0.90 -2.02 -110.00 1.00 213.00 418.00 -22.00 -1284.00 0
1954 -1.46 -0.83 -2.09 -108.00 1.00 211.00 418.00 -22.00 -1284.00 0
1964 -2.43 -0.63 -2.09 -109.00 -8.00 210.00 418.00 -22.00 -1284.00 0
1973 -3.06 -0.70 -2.02 -111.00 -7.00 210.00 418.00 -22.00 -1284.00 0
1982 -3.62 -0.56 -1.95 -112.00 -14.00 213.00 418.00 -22.00 -1284.00 0
1990 -4.10 -0.56 -1.95 -109.00 -16.00 214.00 418.00 -22.00 -1284.00 0
1999 -4.31 -0.83 -1.95 -107.00 -8.00 206.00 418.00 -22.00 -1284.00 0
2009 -4.17 -1.39 -1.95 -104.00 -2.00 204.00 418.00 -22.00 -1284.00 0
2018 -3.90 -1.95 -1.88 -102.00 5.00 211.00 418.00 -22.00 -1284.00 0
2027 -4.45 -1.60 -1.46 -108.00 -3.00 202.00 418.00 -22.00 -1284.00 0
2036 -5.84 -1.18 -1.18 -106.00 4.00 208.00 418.00 -22.00 -1284.00 0
2045 -6.61 -0.77 -0.90 -106.00 9.00 209.00 418.00 -22.00 -1284.00 0
2055 -7.17 -0.21 -0.35 -111.00 2.00 209.00 418.00 -22.00 -1284.00 0
2064 -8.49 0.42 0.42 -106.00 -4.00 208.00 418.00 -22.00 -1284.00 0
2073 -10.02 1.11 2.02 -99.00 0.00 198.00 418.00 -22.00 -1284.00 0
2082 -12.59 2.43 2.71 -95.00 8.00 197.00 418.00 -22.00 -1284.00 0
2092 -14.19 3.06 3.69 -99.00 -8.00 192.00 418.00 -22.00 -1284.00 0
2101 -17.04 3.90 4.38 -99.00 -22.00 194.00 418.00 -22.00 -1284.00 0
2110 -19.41 5.22 4.59 -98.00 1.00 192.00 418.00 -22.00 -1284.00 0
2119 -20.17 6.82 4.73 -101.00 -16.00 195.00 418.00 -22.00 -1284.00 0
2128 -21.57 8.77 4.94 -96.00 -46.00 179.00 418.00 -22.00 -1284.00 0
2138 -23.51 14.68 3.41 -74.00 -22.00 145.00 418.00 -22.00 -1284.00 0
2147 -21.15 21.08 2.43 -70.00 -38.00 131.00 418.00 -22.00 -1284.00 0
2156 -18.92 31.65 0.63 -71.00 -33.00 123.00 418.00 -22.00 -1284.00 0
2165 -15.86 46.33 -1.81 -82.00 -29.00 126.00 418.00 -22.00 -1284.00 0
2174 -12.17 64.70 -4.45 -109.00 -35.00 139.00 418.00 -22.00 -1284.00 0
2184 -8.97 85.84 -7.23 -127.00 -28.00 140.00 418.00 -22.00 -1284.00 0
2193 -2.71 126.68 -13.43 -147.00 -38.00 143.00 418.00 -22.00 -1284.00 1
2203 0.35 143.72 -16.49 -372.00 140.00 750.00 418.00 -22.00 -1284.00 1
2213 7.65 121.81 -21.29 -83.00 -44.00 129.00 418.00 -22.00 -1284.00 1
2223 -3.13 76.45 -23.10 -164.00 -29.00 199.00 418.00 -22.00 -1284.00 1
2233 -6.61 45.63 -15.30 -154.00 -33.00 206.00 418.00 -22.00 -1284.00 1
2243 -7.30 34.43 -11.90 -177.00 -19.00 197.00 418.00 -22.00 -1284.00 1
2252 -6.40 27.27 -8.42 -155.00 -21.00 213.00 418.00 -22.00 -1284.00 0
2262 -4.87 19.06 -6.33 -196.00 -10.00 261.00 418.00 -22.00 -1284.00 0
2271 -3.83 0.63 -2.57 -223.00 0.00 317.00 418.00 -22.00 -1284.00 0
2280 -1.32 -16.42 -2.23 -224.00 4.00 312.00 418.00 -22.00 -1284.00 0
2289 -1.32 -36.52 -0.56 -197.00 -19.00 271.00 418.00 -22.00 -1284.00 0
2298 -1.53 -57.67 2.43 -150.00 -50.00 201.00 418.00 -22.00 -1284.00 0
2308 -1.53 -76.80 5.63 -101.00 -32.00 143.00 418.00 -22.00 -1284.00 0
2318 0.70 -90.85 8.42 -71.00 -11.00 119.00 418.00 -22.00 -1284.00 0
2326 3.90 -99.55 11.90 -45.00 2.00 96.00 418.00 -22.00 -1284.00 0
2335 4.59 -99.97 12.31 -50.00 -26.00 111.00 418.00 -22.00 -1284.00 0
2344 2.37 -92.45 11.55 -67.00 -43.00 143.00 418.00 -22.00 -1284.00 0
2354 0.77 -81.18 9.32 -71.00 -20.00 162.00 418.00 -22.00 -1284.00 0
2363 1.74 -67.76 6.54 -85.00 9.00 177.00 418.00 -22.00 -1284.00 0
2372 3.41 -53.50 3.76 -85.00 20.00 181.00 418.00 -22.00 -1284.00 0
2381 4.17 -39.86 1.53 -98.00 0.00 192.00 418.00 -22.00 -1284.00 0
2391 2.02 -16.35 -0.56 -103.00 -9.00 194.00 418.00 -22.00 -1284.00 0
2400 0.63 -6.54 -1.46 -123.00 -2.00 227.00 418.00 -22.00 -1284.00 0
2409 -0.14 1.18 -2.37 -137.00 0.00 244.00 418.00 -22.00 -1284.00 0
2418 -1.04 5.29 -2.92 -135.00 -16.00 235.00 418.00 -22.00 -1284.00 0
2427 -2.30 6.12 -2.99 -130.00 -26.00 228.00 418.00 -22.00 -1284.00 0
2437 -3.62 4.73 -2.78 -117.00 -29.00 206.00 418.00 -22.00 -1284.00 0
2446 -3.34 0.28 -2.71 -113.00 -22.00 203.00 418.00 -22.00 -1284.00 0
2455 -2.16 -0.77 -3.13 -111.00 -5.00 200.00 418.00 -22.00 -1284.00 0
2464 -0.83 -1.32 -3.48 -110.00 -10.00 203.00 418.00 -22.00 -1284.00 0
2473 -0.14 -1.39 -3.69 -110.00 -6.00 200.00 418.00 -22.00 -1284.00 0
2483 0.21 -1.04 -3.90 -116.00 3.00 211.00 432.00 -17.00 -1195.00 0
2492 0.49 -0.35 -3.83 -122.00 -8.00 207.00 432.00 -17.00 -1195.00 0
2501 -1.67 0.83 -3.06 -119.00 -18.00 212.00 432.00 -17.00 -1195.00 0
2510 -2.50 1.18 -2.92 -113.00 2.00 200.00 432.00 -17.00 -1195.00 0
2520 -2.30 1.53 -2.57 -112.00 7.00 206.00 432.00 -17.00 -1195.00 0
2529 -2.64 2.02 -1.46 -119.00 -19.00 201.00 432.00 -17.00 -1195.00 0
2538 -4.31 2.64 -0.42 -115.00 -24.00 202.00 432.00 -17.00 -1195.00 0
2547 -5.63 3.06 0.07 -113.00 -17.00 203.00 437.00 -17.00 -1046.00 0
2556 -5.57 3.41 -0.56 -117.00 -12.00 206.00 437.00 -17.00 -1046.00 0
2566 -4.38 3.83 -1.18 -123.00 -9.00 206.00 437.00 -17.00 -1046.00 0
2575 -3.97 3.55 -1.81 -124.00 -3.00 217.00 437.00 -17.00 -1046.00 0
2584 -3.76 2.71 -2.23 -119.00 -10.00 208.00 437.00 -17.00 -1046.00 0
2593 -3.90 1.46 -2.37 -120.00 -19.00 206.00 437.00 -17.00 -1046.00 0
2603 -4.24 0.28 -2.37 -115.00 -14.00 210.00 437.00 -17.00 -1046.00 0
2612 -4.10 -0.42 -2.43 -116.00 -8.00 206.00 436.00 -18.00 -1186.00 0
2621 -2.43 -0.83 -2.85 -116.00 -5.00 204.00 436.00 -18.00 -1186.00 0
2629 -1.74 -1.32 -2.85 -119.00 0.00 210.00 436.00 -18.00 -1186.00 0
2638 -1.32 -2.16 -2.71 -121.00 -3.00 214.00 436.00 -18.00 -1186.00 0
2648 -1.60 -2.99 -2.37 -118.00 -10.00 212.00 436.00 -18.00 -1186.00 0
2657 -2.37 -3.76 -1.95 -118.00 -16.00 208.00 436.00 -18.00 -1186.00 0
2666 -2.71 -4.73 -1.67 -112.00 0.00 199.00 436.00 -18.00 -1186.00 0
2675 -2.50 -6.26 -1.25 -109.00 -1.00 197.00 436.00 -18.00 -1186.00 0
2684 -3.48 -6.12 -0.83 -112.00 -15.00 195.00 436.00 -18.00 -1186.00 0
2694 -5.15 -5.22 -0.49 -114.00 -23.00 205.00 436.00 -18.00 -1186.00 0
2703 -5.91 -4.31 -0.56 -118.00 -7.00 210.00 436.00 -18.00 -1186.00 0
2712 -5.57 -3.62 -0.70 -117.00 3.00 209.00 436.00 -18.00 -1186.00 0
2721 -5.08 -3.27 -0.77 -116.00 -7.00 206.00 436.00 -18.00 -1186.00 0
2731 -5.70 -3.34 -0.35 -114.00 -20.00 212.00 436.00 -18.00 -1186.00 0
2740 -5.84 -3.41 -0.35 -114.00 -13.00 203.00 436.00 -18.00 -1186.00 0
2749 -5.50 -3.34 -0.56 -112.00 -9.00 204.00 436.00 -18.00 -1186.00 0
2758 -4.94 -3.06 -0.70 -112.00 -10.00 203.00 436.00 -18.00 -1186.00 0
2767 -4.66 -2.85 -0.83 -113.00 -12.00 203.00 436.00 -18.00 -1186.00 0
2777 -4.45 -2.57 -0.90 -120.00 -18.00 216.00 436.00 -18.00 -1186.00 0
2786 -4.17 -2.23 -1.32 -121.00 -9.00 213.00 436.00 -18.00 -1186.00 0
2795 -3.13 -2.78 -1.60 -119.00 -7.00 218.00 436.00 -18.00 -1186.00 0
2804 -2.71 -3.69 -1.81 -119.00 -11.00 220.00 436.00 -18.00 -1186.00 0
2813 -2.50 -4.87 -2.02 -117.00 -16.00 211.00 436.00 -18.00 -1186.00 0
2823 -2.16 -6.19 -2.09 -111.00 -9.00 207.00 436.00 -18.00 -1186.00 0
2832 -1.53 -7.51 -2.23 -109.00 -3.00 199.00 436.00 -18.00 -1186.00 0
2841 -0.83 -8.56 -2.02 -105.00 -1.00 197.00 436.00 -18.00 -1186.00 0
2850 -0.70 -8.28 -1.74 -104.00 -8.00 200.00 436.00 -18.00 -1186.00 0
2860 -1.25 -7.03 -1.39 -110.00 -7.00 202.00 436.00 -18.00 -1186.00 0
2869 -1.95 -5.57 -1.04 -110.00 -13.00 203.00 436.00 -18.00 -1186.00 0
2878 -2.57 -4.31 -0.83 -113.00 -11.00 198.00 436.00 -18.00 -1186.00 0
2887 -3.13 -3.41 -0.83 -107.00 -3.00 206.00 436.00 -18.00 -1186.00 0
2896 -3.27 -2.57 -0.70 -115.00 -9.00 208.00 436.00 -18.00 -1186.00 0
2906 -4.52 -1.39 -0.35 -114.00 -12.00 208.00 436.00 -18.00 -1186.00 0
2915 -4.94 -1.04 -0.35 -117.00 -8.00 208.00 436.00 -18.00 -1186.00 0
2924 -5.08 -0.83 -0.49 -112.00 -6.00 210.00 436.00 -18.00 -1186.00 0
2933 -5.01 -0.77 -0.70 -114.00 -7.00 212.00 436.00 -18.00 -1186.00 0
2942 -5.01 -0.97 -0.90 -116.00 -8.00 209.00 427.00 -16.00 -1170.00 0
2951 -5.01 -1.39 -1.11 -117.00 -16.00 214.00 427.00 -16.00 -1170.00 0
2960 -5.22 -2.37 -1.11 -115.00 -16.00 211.00 427.00 -16.00 -1170.00 0
2969 -5.36 -3.06 -0.97 -114.00 -13.00 204.00 427.00 -16.00 -1170.00 0
2978 -5.22 -3.83 -0.70 -110.00 -11.00 204.00 427.00 -16.00 -1170.00 0
2988 -5.08 -4.24 -0.28 -106.00 -13.00 201.00 427.00 -16.00 -1170.00 0
2997 -5.29 -4.24 0.07 -106.00 -15.00 201.00 427.00 -16.00 -1170.00 0
3006 -5.57 -3.69 0.35 -110.00 -10.00 201.00 428.00 -16.00 -1193.00 0
3015 -5.50 -1.46 0.00 -111.00 -9.00 204.00 428.00 -16.00 -1193.00 0
3024 -5.36 -0.35 -0.42 -118.00 -9.00 210.00 428.00 -16.00 -1193.00 0
3034 -5.22 0.49 -0.83 -116.00 -10.00 209.00 428.00 -16.00 -1193.00 0
3043 -4.94 0.97 -1.25 -121.00 -15.00 211.00 428.00 -16.00 -1193.00 0
3052 -4.66 1.11 -1.60 -121.00 -11.00 217.00 428.00 -16.00 -1193.00 0
3061 -4.38 0.77 -1.88 -119.00 -21.00 218.00 428.00 -16.00 -1193.00 0
3070 -4.03 0.00 -2.02 -122.00 -21.00 219.00 426.00 -16.00 -1243.00 0
3080 -2.92 -2.85 -2.16 -118.00 -14.00 213.00 426.00 -16.00 -1243.00 0
3089 -1.95 -4.66 -2.30 -114.00 -10.00 213.00 426.00 -16.00 -1243.00 0
3098 -0.90 -6.40 -2.30 -107.00 5.00 203.00 426.00 -16.00 -1243.00 0
3107 -0.21 -7.79 -2.23 -104.00 2.00 201.00 426.00 -16.00 -1243.00 0
3117 -0.35 -8.56 -1.81 -106.00 0.00 199.00 426.00 -16.00 -1243.00 0
3126 -1.25 -8.49 -1.32 -106.00 -3.00 201.00 426.00 -16.00 -1243.00 0
3135 -3.41 -6.61 -0.70 -100.00 -11.00 195.00 426.00 -16.00 -1243.00 0
3144 -4.45 -5.29 -0.63 -111.00 -13.00 199.00 426.00 -16.00 -1243.00 0
3153 -5.15 -3.41 -0.70 -115.00 -15.00 212.00 426.00 -16.00 -1243.00 0
3163 -5.70 -1.60 -0.83 -116.00 -20.00 216.00 426.00 -16.00 -1243.00 0
3172 -5.98 -0.21 -1.04 -115.00 -21.00 208.00 426.00 -16.00 -1243.00 0
3181 -5.91 0.56 -1.25 -115.00 -8.00 208.00 426.00 -16.00 -1243.00 0
3190 -4.17 1.32 -1.95 -119.00 -1.00 223.00 426.00 -16.00 -1243.00 0
3200 -3.55 0.90 -2.16 -114.00 1.00 214.00 426.00 -16.00 -1243.00 0
3209 -3.41 0.00 -2.09 -107.00 -5.00 207.00 427.00 -18.00 -1122.00 0
3218 -3.90 -0.97 -1.67 -107.00 -5.00 200.00 427.00 -18.00 -1122.00 0
3227 -4.59 -1.46 -1.25 -108.00 -7.00 206.00 427.00 -18.00 -1122.00 0
3236 -5.15 -1.32 -0.83 -113.00 -17.00 204.00 427.00 -18.00 -1122.00 0
3246 -6.47 -0.21 -0.42 -106.00 -16.00 207.00 427.00 -18.00 -1122.00 0
3255 -6.40 0.49 -0.42 -105.00 -4.00 199.00 427.00 -18.00 -1122.00 0
3263 -6.33 1.32 -0.21 -108.00 -14.00 204.00 427.00 -18.00 -1122.00 0
3272 -6.68 2.37 0.00 -107.00 -15.00 205.00 427.00 -18.00 -1122.00 0
3281 -6.96 3.48 0.07 -101.00 4.00 197.00 427.00 -18.00 -1122.00 0
3291 -6.82 4.66 0.21 -93.00 20.00 187.00 427.00 -18.00 -1122.00 0
3300 -7.30 6.33 1.74 -90.00 1.00 176.00 427.00 -18.00 -1122.00 0
3309 -12.66 12.66 2.99 -80.00 -35.00 144.00 427.00 -18.00 -1122.00 0
3318 -14.96 19.06 3.76 -50.00 -49.00 104.00 427.00 -18.00 -1122.00 0
3328 -14.75 30.96 3.90 -41.00 -52.00 76.00 427.00 -18.00 -1122.00 0
3337 -12.87 49.04 2.64 -66.00 -59.00 85.00 458.00 -11.00 -1332.00 0
3346 -10.64 72.56 -0.42 -98.00 -58.00 106.00 458.00 -11.00 -1332.00 0
3355 -6.82 99.55 -4.80 -143.00 -39.00 136.00 458.00 -11.00 -1332.00 1
3365 5.22 152.35 -15.44 -944.00 130.00 982.00 458.00 -11.00 -1332.00 1
3375 15.37 152.77 -20.52 -99.00 -51.00 77.00 458.00 -11.00 -1332.00 1
3385 9.95 101.43 -23.03 -140.00 -20.00 129.00 458.00 -11.00 -1332.00 1
3395 3.41 80.21 -18.23 -168.00 -2.00 225.00 458.00 -11.00 -1332.00 1
3404 0.00 48.90 -12.10 -157.00 -43.00 189.00 458.00 -11.00 -1332.00 1
3415 -2.09 38.75 -9.04 -154.00 0.00 213.00 458.00 -11.00 -1332.00 0
3424 -0.21 30.19 -6.33 -188.00 -25.00 217.00 458.00 -11.00 -1332.00 0
3433 -1.39 22.47 -4.03 -244.00 22.00 329.00 458.00 -11.00 -1332.00 0
3442 -1.60 12.66 -1.60 -242.00 16.00 319.00 458.00 -11.00 -1332.00 0
3451 -4.38 -28.52 2.50 -208.00 13.00 277.00 458.00 -11.00 -1332.00 0
3461 -6.96 -53.70 6.61 -157.00 -7.00 191.00 458.00 -11.00 -1332.00 0
3470 -10.50 -76.17 11.06 -105.00 -30.00 131.00 458.00 -11.00 -1332.00 0
3479 -13.43 -94.33 14.75 -68.00 -45.00 107.00 458.00 -11.00 -1332.00 0
3488 -15.17 -106.16 16.49 -53.00 -38.00 106.00 458.00 -11.00 -1332.00 0
3499 -15.30 -110.68 16.21 -53.00 -32.00 122.00 458.00 -11.00 -1332.00 0
3508 -11.69 -98.99 12.38 -71.00 -32.00 149.00 458.00 -11.00 -1332.00 0
3517 -9.18 -86.54 9.46 -81.00 -23.00 166.00 458.00 -11.00 -1332.00 0
3526 -6.26 -72.63 6.40 -89.00 -4.00 180.00 458.00 -11.00 -1332.00 0
3535 -2.99 -58.37 3.48 -98.00 -4.00 191.00 458.00 -11.00 -1332.00 0
3545 -0.63 -44.52 1.04 -107.00 -17.00 203.00 458.00 -11.00 -1332.00 0
3554 0.70 -32.21 -1.11 -115.00 -7.00 206.00 458.00 -11.00 -1332.00 0
3563 3.90 -13.63 -4.94 -124.00 3.00 228.00 458.00 -11.00 -1332.00 0
3572 5.01 -8.07 -6.05 -125.00 4.00 228.00 458.00 -11.00 -1332.00 0
3580 4.87 -5.43 -6.47 -124.00 -5.00 224.00 458.00 -11.00 -1332.00 0
3590 3.69 -5.01 -6.05 -114.00 -16.00 205.00 458.00 -11.00 -1332.00 0
3599 2.09 -5.29 -5.43 -110.00 -14.00 197.00 433.00 -16.00 -1211.00 0
3608 0.97 -5.29 -4.87 -112.00 -10.00 197.00 433.00 -16.00 -1211.00 0
3617 -0.28 -3.34 -4.31 -118.00 -9.00 203.00 433.00 -16.00 -1211.00 0
3627 -0.56 -2.50 -4.31 -119.00 -15.00 210.00 433.00 -16.00 -1211.00 0
3636 -0.56 -2.23 -4.38 -119.00 -6.00 206.00 433.00 -16.00 -1211.00 0
3645 -0.42 -2.30 -4.45 -119.00 1.00 210.00 433.00 -16.00 -1211.00 0
3654 -0.21 -2.64 -4.31 -115.00 -4.00 209.00 433.00 -16.00 -1211.00 0
3663 -0.49 -2.85 -3.76 -119.00 -14.00 206.00 435.00 -17.00 -1283.00 0
3673 -2.50 -2.43 -2.50 -117.00 -18.00 207.00 435.00 -17.00 -1283.00 0
3682 -2.85 -2.23 -2.23 -116.00 -6.00 208.00 435.00 -17.00 -1283.00 0
3691 -2.92 -2.23 -2.09 -117.00 -11.00 213.00 435.00 -17.00 -1283.00 0
3700 -3.13 -2.43 -1.81 -114.00 -17.00 208.00 435.00 -17.00 -1283.00 0
3709 -3.48 -2.64 -1.60 -112.00 -15.00 205.00 435.00 -17.00 -1283.00 0
3719 -3.41 -2.78 -1.53 -116.00 -13.00 206.00 435.00 -17.00 -1283.00 0
3728 -2.50 -2.99 -1.67 -107.00 10.00 201.00 433.00 -19.00 -1260.00 0
3737 -2.43 -3.13 -1.39 -114.00 -2.00 200.00 433.00 -19.00 -1260.00 0
3746 -3.69 -2.85 -0.77 -114.00 -21.00 201.00 433.00 -19.00 -1260.00 0
3756 -5.15 -2.50 -0.49 -112.00 -16.00 204.00 433.00 -19.00 -1260.00 0
3765 -5.36 -1.95 -0.56 -113.00 -7.00 198.00 433.00 -19.00 -1260.00 0
3774 -4.94 -1.32 -0.77 -120.00 -9.00 211.00 433.00 -19.00 -1260.00 0
3783 -4.73 0.00 -1.32 -120.00 -16.00 215.00 433.00 -19.00 -1260.00 0
3792 -5.29 0.28 -1.53 -119.00 -20.00 206.00 434.00 -17.00 -1287.00 0
3802 -5.08 0.28 -1.81 -113.00 -19.00 209.00 434.00 -17.00 -1287.00 0
3811 -4.38 0.21 -2.30 -120.00 -8.00 213.00 434.00 -17.00 -1287.00 0
3820 -3.55 0.07 -2.71 -122.00 7.00 218.00 434.00 -17.00 -1287.00 0
3829 -2.64 -0.42 -2.85 -127.00 -2.00 220.00 434.00 -17.00 -1287.00 0
3838 -2.57 -1.32 -2.37 -123.00 -16.00 214.00 434.00 -17.00 -1287.00 0
3848 -3.62 -4.59 -1.81 -118.00 -14.00 213.00 434.00 -17.00 -1287.00 0
3857 -3.13 -6.47 -1.60 -108.00 -6.00 200.00 434.00 -17.00 -1287.00 0
3866 -2.78 -8.14 -1.32 -109.00 -10.00 200.00 434.00 -17.00 -1287.00 0
3875 -2.92 -8.90 -1.11 -109.00 -10.00 208.00 434.00 -17.00 -1287.00 0
3885 -3.13 -9.39 -1.11 -119.00 -10.00 215.00 434.00 -17.00 -1287.00 0
3894 -3.41 -9.81 -1.11 -112.00 -12.00 204.00 434.00 -17.00 -1287.00 0
3903 -3.90 -10.78 -1.18 -105.00 -9.00 200.00 434.00 -17.00 -1287.00 0
3912 -3.69 -10.71 -1.25 -105.00 -16.00 199.00 434.00 -17.00 -1287.00 0
3921 -3.55 -9.81 -1.32 -107.00 -12.00 202.00 434.00 -17.00 -1287.00 0
3931 -3.34 -8.56 -1.60 -107.00 -1.00 205.00 427.00 -17.00 -1249.00 0
3940 -3.13 -7.10 -1.74 -114.00 -11.00 210.00 427.00 -17.00 -1249.00 0
3949 -3.20 -5.50 -1.74 -115.00 -11.00 212.00 427.00 -17.00 -1249.00 0
3958 -3.83 -3.06 -1.32 -118.00 -7.00 217.00 427.00 -17.00 -1249.00 0
3968 -3.97 -2.71 -0.97 -119.00 -13.00 216.00 427.00 -17.00 -1249.00 0
3977 -4.24 -2.85 -0.70 -114.00 -11.00 206.00 427.00 -17.00 -1249.00 0
3986 -4.66 -3.27 -0.56 -110.00 -13.00 202.00 427.00 -17.00 -1249.00 0
3995 -4.87 -3.41 -0.35 -111.00 -16.00 205.00 427.00 -17.00 -1249.00 0
4004 -5.01 -3.27 -0.35 -107.00 -16.00 203.00 427.00 -17.00 -1249.00 0
4014 -3.97 -2.37 -0.77 -105.00 -7.00 199.00 427.00 -17.00 -1249.00 0
4023 -3.48 -1.60 -0.90 -104.00 -8.00 203.00 427.00 -17.00 -1249.00 0
4031 -3.69 -0.56 -0.90 -106.00 -12.00 205.00 427.00 -17.00 -1249.00 0
4040 -3.90 0.42 -1.04 -111.00 -9.00 209.00 427.00 -17.00 -1249.00 0
4049 -3.76 1.32 -1.18 -112.00 -4.00 209.00 427.00 -17.00 -1249.00 0
4059 -3.76 2.09 -1.32 -112.00 -9.00 208.00 431.00 -18.00 -1234.00 0
4068 -4.03 2.71 -1.46 -120.00 -5.00 211.00 431.00 -18.00 -1234.00 0
4077 -4.59 3.13 -1.39 -118.00 -11.00 220.00 431.00 -18.00 -1234.00 0
4086 -4.80 2.64 -1.25 -118.00 -14.00 211.00 431.00 -18.00 -1234.00 0
4096 -5.08 1.88 -1.11 -114.00 -17.00 207.00 431.00 -18.00 -1234.00 0
4105 -5.15 1.04 -1.18 -116.00 -18.00 213.00 431.00 -18.00 -1234.00 0
4114 -4.80 0.28 -1.32 -111.00 -18.00 212.00 431.00 -18.00 -1234.00 0
4123 -4.38 -0.56 -1.53 -112.00 -10.00 203.00 429.00 -20.00 -1267.00 0
4132 -3.27 -1.88 -2.09 -107.00 -3.00 198.00 429.00 -20.00 -1267.00 0
4142 -2.99 -1.88 -2.09 -109.00 -8.00 203.00 429.00 -20.00 -1267.00 0
4151 -3.13 -1.25 -1.95 -115.00 -12.00 209.00 429.00 -20.00 -1267.00 0
4160 -3.27 -0.49 -1.88 -113.00 -10.00 215.00 429.00 -20.00 -1267.00 0
4169 -3.20 -0.14 -1.88 -114.00 -4.00 211.00 429.00 -20.00 -1267.00 0
4178 -3.13 0.00 -1.95 -112.00 -6.00 210.00 429.00 -20.00 -1267.00 0
4188 -3.48 0.00 -1.81 -118.00 -10.00 220.00 429.00 -17.00 -1165.00 0
4197 -3.62 -0.56 -1.74 -116.00 -11.00 211.00 429.00 -17.00 -1165.00 0
4206 -3.55 -1.39 -1.67 -111.00 -16.00 206.00 429.00 -17.00 -1165.00 0
4215 -3.55 -2.16 -1.67 -108.00 -16.00 204.00 429.00 -17.00 -1165.00 0
4225 -3.27 -2.57 -1.81 -111.00 -13.00 209.00 429.00 -17.00 -1165.00 0
4234 -2.78 -2.64 -1.95 -110.00 -11.00 207.00 429.00 -17.00 -1165.00 0
4243 -1.67 -2.57 -2.50 -110.00 -1.00 206.00 429.00 -17.00 -1165.00 0
4252 -1.25 -2.43 -2.50 -112.00 -7.00 211.00 426.00 -18.00 -1258.00 0
4261 -1.53 -2.23 -2.30 -112.00 -17.00 209.00 426.00 -18.00 -1258.00 0
4271 -2.09 -2.02 -2.30 -112.00 -4.00 209.00 426.00 -18.00 -1258.00 0
4280 -2.16 -1.88 -2.37 -114.00 -3.00 215.00 426.00 -18.00 -1258.00 0
4289 -2.37 -1.88 -2.30 -112.00 -17.00 212.00 426.00 -18.00 -1258.00 0
4298 -3.13 -2.57 -2.16 -111.00 -13.00 209.00 426.00 -18.00 -1258.00 0
4307 -3.06 -2.99 -2.09 -109.00 -7.00 209.00 426.00 -18.00 -1258.00 0
4317 -2.57 -3.13 -2.02 -112.00 -11.00 211.00 426.00 -18.00 -1258.00 0
4326 -2.37 -3.27 -2.09 -111.00 -8.00 206.00 426.00 -18.00 -1258.00 0
4335 -2.09 -3.41 -2.23 -115.00 -10.00 214.00 426.00 -18.00 -1258.00 0
4344 -1.74 -3.76 -2.37 -113.00 -18.00 213.00 426.00 -18.00 -1258.00 0
4354 -1.53 -4.17 -2.78 -114.00 -15.00 214.00 426.00 -18.00 -1258.00 0
4363 -0.90 -5.63 -3.13 -108.00 -8.00 207.00 426.00 -18.00 -1258.00 0
4371 -0.49 -6.40 -3.34 -109.00 -1.00 203.00 426.00 -18.00 -1258.00 0
4380 -0.42 -6.68 -3.34 -104.00 -2.00 200.00 426.00 -18.00 -1258.00 0
4389 -0.77 -6.33 -3.06 -102.00 -9.00 204.00 420.00 -23.00 -1369.00 0
4399 -1.39 -5.43 -2.78 -107.00 -6.00 209.00 420.00 -23.00 -1369.00 0
4408 -2.09 -4.17 -2.57 -108.00 5.00 207.00 420.00 -23.00 -1369.00 0
4417 -3.34 -2.23 -2.02 -112.00 0.00 213.00 420.00 -23.00 -1369.00 0
4426 -4.73 -1.46 -1.46 -110.00 -11.00 215.00 420.00 -23.00 -1369.00 0
4435 -6.19 -0.90 -0.77 -108.00 -11.00 205.00 420.00 -23.00 -1369.00 0
4445 -7.23 -0.49 -0.14 -107.00 -16.00 208.00 420.00 -23.00 -1369.00 0
4454 -8.00 0.00 0.42 -110.00 -16.00 207.00 420.00 -23.00 -1369.00 0
4463 -8.56 0.49 0.77 -108.00 -9.00 206.00 420.00 -23.00 -1369.00 0
4472 -8.49 1.32 1.11 -105.00 -8.00 205.00 420.00 -23.00 -1369.00 0
4482 -8.70 2.02 1.25 -104.00 -5.00 199.00 420.00 -23.00 -1369.00 0
4491 -8.83 2.92 1.46 -108.00 -8.00 203.00 420.00 -23.00 -1369.00 0
4500 -9.25 4.10 1.67 -105.00 -6.00 202.00 420.00 -23.00 -1369.00 0
4509 -9.81 5.43 1.81 -99.00 15.00 187.00 420.00 -23.00 -1369.00 0
4518 -10.16 6.89 2.37 -100.00 -12.00 191.00 431.00 -12.00 -1176.00 0
4528 -11.83 10.50 4.17 -97.00 -20.00 183.00 431.00 -12.00 -1176.00 0
4537 -15.79 11.41 4.10 -89.00 -26.00 177.00 431.00 -12.00 -1176.00 0
4546 -15.93 14.19 3.76 -76.00 -33.00 144.00 431.00 -12.00 -1176.00 0
4555 -15.58 19.76 2.92 -63.00 -41.00 120.00 431.00 -12.00 -1176.00 0
4564 -13.77 29.77 1.39 -69.00 -40.00 119.00 431.00 -12.00 -1176.00 0
4574 -10.50 44.45 -0.83 -85.00 -50.00 123.00 431.00 -12.00 -1176.00 0
4583 -7.65 83.20 -8.14 -115.00 -42.00 138.00 468.00 -7.00 -1245.00 0
4592 0.63 103.86 -12.52 -131.00 -37.00 148.00 468.00 -7.00 -1245.00 0
4601 5.84 123.41 -17.04 -489.00 44.00 455.00 468.00 -7.00 -1245.00 1
4612 12.24 138.02 -21.29 -139.00 -22.00 178.00 468.00 -7.00 -1245.00 1
4622 18.37 101.43 -26.23 -117.00 8.00 152.00 468.00 -7.00 -1245.00 1
4631 11.69 57.18 -18.23 -162.00 8.00 227.00 468.00 -7.00 -1245.00 1
4641 8.97 44.10 -14.40 -142.00 -45.00 192.00 468.00 -7.00 -1245.00 1
4652 5.29 35.20 -11.13 -140.00 2.00 193.00 468.00 -7.00 -1245.00 1
4662 5.43 28.17 -8.35 -158.00 -21.00 193.00 468.00 -7.00 -1245.00 1
4671 3.06 15.86 -5.01 -168.00 -13.00 219.00 468.00 -7.00 -1245.00 0
4680 3.62 10.37 -3.62 -191.00 -27.00 248.00 468.00 -7.00 -1245.00 0
4689 2.16 4.03 -3.83 -240.00 6.00 326.00 468.00 -7.00 -1245.00 0
4699 1.32 -8.42 -4.59 -241.00 10.00 337.00 468.00 -7.00 -1245.00 0
4708 2.09 -27.62 -3.83 -226.00 -16.00 300.00 468.00 -7.00 -1245.00 0
4717 1.18 -50.09 2.78 -168.00 -22.00 216.00 468.00 -7.00 -1245.00 0
4726 2.85 -93.01 7.51 -92.00 21.00 133.00 468.00 -7.00 -1245.00 0
4736 4.38 -109.77 12.52 -36.00 7.00 73.00 468.00 -7.00 -1245.00 0
4745 2.02 -119.51 16.42 -28.00 -34.00 70.00 468.00 -7.00 -1245.00 0
4754 -2.71 -120.14 18.50 -34.00 -67.00 102.00 468.00 -7.00 -1245.00 0
4763 -6.19 -112.28 17.81 -55.00 -36.00 136.00 468.00 -7.00 -1245.00 0
4772 -5.77 -98.43 14.89 -76.00 12.00 169.00 468.00 -7.00 -1245.00 0
4782 0.56 -63.93 7.30 -90.00 16.00 189.00 468.00 -7.00 -1245.00 0
4791 1.39 -48.49 3.97 -103.00 -2.00 207.00 468.00 -7.00 -1245.00 0
4800 1.04 -35.27 1.46 -113.00 -9.00 218.00 468.00 -7.00 -1245.00 0
4809 0.83 -24.56 -0.49 -120.00 0.00 233.00 468.00 -7.00 -1245.00 0
4818 1.11 -16.63 -2.16 -132.00 1.00 243.00 468.00 -7.00 -1245.00 0
4828 1.32 -11.76 -3.27 -125.00 -1.00 236.00 468.00 -7.00 -1245.00 0
4837 0.70 -11.97 -3.62 -109.00 -2.00 207.00 468.00 -7.00 -1245.00 0
4846 0.21 -12.73 -2.78 -97.00 -9.00 189.00 419.00 -24.00 -1106.00 0
4855 -0.90 -12.38 -1.95 -93.00 -22.00 197.00 419.00 -24.00 -1106.00 0
4865 -2.23 -10.85 -1.53 -104.00 -15.00 209.00 419.00 -24.00 -1106.00 0
4874 -2.57 -9.11 -1.46 -108.00 -10.00 206.00 419.00 -24.00 -1106.00 0
4883 -2.50 -7.51 -1.74 -108.00 -12.00 205.00 419.00 -24.00 -1106.00 0
4892 -2.37 -5.29 -2.30 -106.00 -13.00 207.00 419.00 -24.00 -1106.00 0
4901 -1.95 -4.10 -2.64 -112.00 -9.00 220.00 419.00 -24.00 -1106.00 0
4911 -1.18 -3.27 -2.92 -111.00 0.00 217.00 418.00 -24.00 -1173.00 0
4919 -0.56 -2.99 -3.13 -113.00 8.00 226.00 418.00 -24.00 -1173.00 0
4928 -0.35 -3.13 -2.85 -112.00 -4.00 219.00 418.00 -24.00 -1173.00 0
4937 -1.18 -3.97 -2.30 -108.00 -12.00 207.00 418.00 -24.00 -1173.00 0
4946 -2.16 -5.08 -1.46 -101.00 -12.00 204.00 418.00 -24.00 -1173.00 0
4956 -1.67 -6.40 -1.60 -104.00 -6.00 204.00 418.00 -24.00 -1173.00 0
4965 -0.83 -6.33 -2.02 -100.00 1.00 208.00 418.00 -24.00 -1173.00 0
4974 -0.14 -5.84 -2.43 -103.00 13.00 212.00 412.00 -22.00 -1107.00 0
4983 0.00 -5.22 -2.37 -107.00 -5.00 210.00 412.00 -22.00 -1107.00 0
4993 -1.18 -4.52 -2.02 -106.00 -13.00 215.00 412.00 -22.00 -1107.00 0
5002 -2.43 -4.10 -1.67 -105.00 -2.00 209.00 412.00 -22.00 -1107.00 0
5011 -2.57 -3.34 -1.11 -104.00 13.00 213.00 412.00 -22.00 -1107.00 0
5020 -3.13 -3.13 -0.42 -105.00 18.00 214.00 412.00 -22.00 -1107.00 0
5029 -5.22 -2.85 0.97 -108.00 -3.00 214.00 412.00 -22.00 -1107.00 0
5039 -8.56 -2.50 2.64 -109.00 -29.00 213.00 412.00 -22.00 -1107.00 0
5048 -11.55 -2.02 3.76 -107.00 -28.00 211.00 412.00 -22.00 -1107.00 0
5057 -12.73 -1.60 4.03 -108.00 -12.00 213.00 412.00 -22.00 -1107.00 0
5066 -11.27 -1.74 2.92 -109.00 -16.00 216.00 412.00 -22.00 -1107.00 0
5075 -10.37 -2.02 2.09 -112.00 -19.00 217.00 412.00 -22.00 -1107.00 0
5085 -9.11 -2.50 1.25 -116.00 -12.00 219.00 412.00 -22.00 -1107.00 0
5094 -7.44 -3.06 0.49 -114.00 -12.00 214.00 412.00 -22.00 -1107.00 0
5103 -5.77 -3.83 -0.14 -107.00 -11.00 213.00 412.00 -22.00 -1107.00 0
5112 -4.10 -4.94 -0.70 -103.00 -11.00 208.00 412.00 -22.00 -1107.00 0
5122 -1.18 -6.68 -1.81 -98.00 6.00 203.00 412.00 -22.00 -1107.00 0
5131 -0.14 -6.89 -2.09 -93.00 10.00 203.00 412.00 -22.00 -1107.00 0
5140 -0.70 -6.12 -1.81 -109.00 -8.00 213.00 412.00 -22.00 -1107.00 0
5149 -2.64 -5.15 -1.39 -107.00 -17.00 218.00 412.00 -22.00 -1107.00 0
5158 -3.97 -4.80 -1.11 -106.00 -12.00 218.00 412.00 -22.00 -1107.00 0
5168 -4.10 -4.94 -0.97 -104.00 -11.00 213.00 412.00 -22.00 -1107.00 0
5177 -4.03 -5.36 -1.11 -102.00 -12.00 208.00 412.00 -22.00 -1107.00 0
5186 -3.69 -5.22 -1.46 -101.00 -11.00 206.00 412.00 -22.00 -1107.00 0
5195 -3.20 -4.80 -1.81 -100.00 -5.00 206.00 412.00 -22.00 -1107.00 0
5204 -2.64 -4.03 -2.37 -102.00 -5.00 211.00 412.00 -22.00 -1107.00 0
5214 -2.02 -3.27 -2.85 -109.00 -3.00 217.00 412.00 -22.00 -1107.00 0
5223 -1.39 -2.57 -2.99 -109.00 -13.00 220.00 412.00 -22.00 -1107.00 0
5232 -1.11 -2.02 -3.27 -105.00 -10.00 216.00 412.00 -22.00 -1107.00 0
5241 -0.35 -2.50 -3.48 -98.00 9.00 208.00 412.00 -22.00 -1107.00 0
5251 -0.14 -2.71 -3.06 -105.00 3.00 212.00 412.00 -22.00 -1107.00 0
5260 -1.18 -2.50 -2.30 -106.00 -12.00 213.00 412.00 -22.00 -1107.00 0
5269 -2.99 -2.30 -1.67 -100.00 -11.00 209.00 412.00 -22.00 -1107.00 0
5278 -3.97 -2.30 -1.32 -100.00 -3.00 205.00 412.00 -22.00 -1107.00 0
5287 -4.10 -2.30 -1.18 -104.00 -2.00 215.00 412.00 -22.00 -1107.00 0
5296 -4.80 -1.81 -1.39 -106.00 -9.00 220.00 412.00 -22.00 -1107.00 0
5305 -5.36 -1.81 -1.32 -100.00 -1.00 210.00 407.00 -25.00 -1100.00 0
5314 -5.70 -1.81 -1.04 -105.00 -13.00 212.00 407.00 -25.00 -1100.00 0
5323 -6.19 -1.74 -0.77 -106.00 -16.00 214.00 407.00 -25.00 -1100.00 0
5332 -6.33 -1.67 -0.63 -106.00 -13.00 213.00 407.00 -25.00 -1100.00 0
5342 -5.63 -1.67 -0.70 -102.00 -8.00 214.00 407.00 -25.00 -1100.00 0
5351 -3.76 -1.53 -1.18 -104.00 -9.00 214.00 407.00 -25.00 -1100.00 0
5360 -2.92 -1.46 -1.53 -101.00 4.00 214.00 407.00 -25.00 -1100.00 0
5369 -2.23 -1.46 -1.81 -102.00 1.00 215.00 411.00 -26.00 -1168.00 0
5379 -2.16 -1.18 -1.81 -102.00 -10.00 218.00 411.00 -26.00 -1168.00 0
5388 -2.57 -0.90 -1.81 -105.00 -1.00 216.00 411.00 -26.00 -1168.00 0
5397 -2.78 -0.77 -1.95 -101.00 1.00 211.00 411.00 -26.00 -1168.00 0
5406 -3.34 -1.04 -1.88 -103.00 0.00 213.00 411.00 -26.00 -1168.00 0
5415 -4.17 -0.83 -1.46 -108.00 -16.00 211.00 411.00 -26.00 -1168.00 0
5425 -5.01 -0.63 -1.25 -106.00 -17.00 214.00 411.00 -26.00 -1168.00 0
5434 -4.87 -0.35 -1.18 -109.00 -6.00 218.00 409.00 -24.00 -1183.00 0
5443 -4.03 -0.28 -1.18 -108.00 -4.00 220.00 409.00 -24.00 -1183.00 0
5452 -3.41 -0.56 -1.18 -105.00 -8.00 214.00 409.00 -24.00 -1183.00 0
5462 -3.06 -1.11 -1.46 -98.00 -7.00 210.00 409.00 -24.00 -1183.00 0
5471 -2.50 -1.88 -1.67 -100.00 -8.00 207.00 409.00 -24.00 -1183.00 0
5480 -2.23 -1.88 -1.95 -102.00 -11.00 210.00 409.00 -24.00 -1183.00 0
5489 -1.88 -1.74 -2.30 -99.00 -15.00 212.00 409.00 -24.00 -1183.00 0
5498 -1.67 -1.39 -2.64 -103.00 -10.00 215.00 409.00 -24.00 -1183.00 0
5508 -1.25 -0.90 -3.06 -109.00 4.00 221.00 409.00 -24.00 -1183.00 0
5517 -0.63 -0.49 -3.34 -112.00 4.00 219.00 409.00 -24.00 -1183.00 0
5526 -1.04 -0.83 -2.64 -110.00 0.00 217.00 409.00 -24.00 -1183.00 0
5534 -1.74 -1.32 -2.02 -102.00 -6.00 210.00 409.00 -24.00 -1183.00 0
5543 -2.23 -1.74 -1.53 -96.00 -2.00 211.00 409.00 -24.00 -1183.00 0
5553 -2.78 -1.67 -1.18 -97.00 1.00 201.00 409.00 -24.00 -1183.00 0
5562 -3.48 -1.39 -0.90 -101.00 -13.00 209.00 409.00 -24.00 -1183.00 0
5571 -4.38 -0.97 -0.77 -101.00 -13.00 213.00 412.00 -24.00 -1157.00 0
5580 -5.43 0.28 -0.97 -106.00 -10.00 217.00 412.00 -24.00 -1157.00 0
5590 -5.43 0.49 -1.25 -109.00 0.00 220.00 412.00 -24.00 -1157.00 0
5599 -5.29 0.35 -1.39 -107.00 -5.00 216.00 412.00 -24.00 -1157.00 0
5608 -5.50 -0.07 -1.25 -100.00 -9.00 213.00 412.00 -24.00 -1157.00 0
5617 -5.63 -0.63 -1.04 -103.00 -11.00 209.00 412.00 -24.00 -1157.00 0
5626 -5.57 -0.90 -0.77 -106.00 -14.00 213.00 412.00 -24.00 -1157.00 0
5636 -5.43 -0.97 -0.97 -104.00 -9.00 210.00 412.00 -24.00 -1157.00 0
5645 -4.59 -0.83 -1.25 -105.00 -5.00 215.00 412.00 -24.00 -1157.00 0
5654 -3.97 -0.77 -1.46 -106.00 5.00 214.00 412.00 -24.00 -1157.00 0
5663 -3.69 -0.90 -1.46 -109.00 1.00 211.00 412.00 -24.00 -1157.00 0
5672 -4.24 -0.83 -1.11 -103.00 -11.00 210.00 412.00 -24.00 -1157.00 0
5682 -5.01 -0.70 -0.97 -101.00 -4.00 210.00 412.00 -24.00 -1157.00 0
5691 -5.15 -0.56 -0.90 -104.00 -5.00 209.00 412.00 -24.00 -1157.00 0
5700 -5.08 0.00 -1.18 -101.00 -10.00 211.00 411.00 -25.00 -1127.00 0
5709 -4.94 0.14 -1.46 -105.00 -13.00 219.00 411.00 -25.00 -1127.00 0
5719 -4.38 0.28 -1.81 -106.00 -16.00 213.00 411.00 -25.00 -1127.00 0
5728 -3.69 0.42 -2.09 -106.00 -16.00 211.00 411.00 -25.00 -1127.00 0
5737 -2.78 0.49 -2.43 -104.00 -9.00 212.00 411.00 -25.00 -1127.00 0
5745 -1.81 0.42 -2.99 -102.00 -5.00 211.00 411.00 -25.00 -1127.00 0
5754 0.70 0.21 -4.17 -105.00 -1.00 214.00 411.00 -25.00 -1127.00 0
5764 1.81 0.00 -4.66 -102.00 -1.00 212.00 409.00 -26.00 -1102.00 0
5773 2.71 -0.42 -5.01 -95.00 10.00 207.00 409.00 -26.00 -1102.00 0
5782 3.27 -0.63 -5.15 -101.00 13.00 213.00 409.00 -26.00 -1102.00 0
5791 2.64 -0.49 -4.73 -105.00 1.00 217.00 409.00 -26.00 -1102.00 0
5800 0.77 -0.21 -3.90 -102.00 -1.00 212.00 409.00 -26.00 -1102.00 0
5810 -1.53 0.14 -1.60 -100.00 -4.00 208.00 409.00 -26.00 -1102.00 0
5819 -5.57 1.39 -0.49 -98.00 -4.00 203.00 409.00 -26.00 -1102.00 0
5828 -7.79 2.71 0.49 -103.00 5.00 203.00 413.00 -25.00 -1146.00 0
5837 -9.74 4.31 1.53 -102.00 -4.00 204.00 413.00 -25.00 -1146.00 0
5847 -12.03 6.26 2.57 -96.00 -8.00 200.00 413.00 -25.00 -1146.00 0
5856 -14.05 8.14 2.92 -98.00 -5.00 201.00 413.00 -25.00 -1146.00 0
5865 -14.82 10.16 3.13 -89.00 1.00 198.00 413.00 -25.00 -1146.00 0
5874 -15.65 14.26 3.41 -97.00 -19.00 182.00 413.00 -25.00 -1146.00 0
5883 -16.49 15.93 3.34 -79.00 -10.00 167.00 413.00 -25.00 -1146.00 0
5893 -16.49 18.78 2.85 -64.00 -16.00 139.00 413.00 -25.00 -1146.00 0
5902 -16.35 25.32 2.50 -62.00 -52.00 128.00 413.00 -25.00 -1146.00 0
5911 -16.14 36.94 1.88 -70.00 -61.00 116.00 413.00 -25.00 -1146.00 0
5920 -14.68 52.45 -0.21 -62.00 -31.00 85.00 413.00 -25.00 -1146.00 0
5929 -5.36 93.84 -7.51 -78.00 -36.00 83.00 413.00 -25.00 -1146.00 0
5939 -0.14 120.42 -11.76 -120.00 -46.00 96.00 413.00 -25.00 -1146.00 0
5948 4.87 149.22 -16.70 -948.00 151.00 852.00 413.00 -25.00 -1146.00 1
5958 11.55 174.68 -21.43 -104.00 -53.00 30.00 413.00 -25.00 -1146.00 1
5968 16.97 131.69 -28.66 -150.00 -22.00 139.00 413.00 -25.00 -1146.00 1
5979 -1.53 74.57 -20.87 -149.00 -22.00 215.00 413.00 -25.00 -1146.00 1
5988 -3.34 57.67 -17.53 -147.00 -35.00 182.00 413.00 -25.00 -1146.00 1
5998 -4.73 44.66 -13.84 -148.00 8.00 201.00 413.00 -25.00 -1146.00 1
6008 -2.99 25.67 -8.07 -161.00 -25.00 198.00 413.00 -25.00 -1146.00 1
6019 -3.83 19.06 -5.91 -169.00 -16.00 241.00 413.00 -25.00 -1146.00 0
6028 -3.06 13.08 -3.83 -203.00 13.00 266.00 489.00 -15.00 -1029.00 0
6037 -2.02 7.30 -1.39 -267.00 40.00 381.00 489.00 -15.00 -1029.00 0
6046 -2.30 -2.99 0.63 -247.00 18.00 326.00 489.00 -15.00 -1029.00 0
6055 -4.80 -53.98 6.26 -202.00 -5.00 268.00 489.00 -15.00 -1029.00 0
6065 -10.78 -82.09 10.92 -130.00 -22.00 165.00 489.00 -15.00 -1029.00 0
6074 -12.94 -105.67 15.86 -76.00 -31.00 80.00 489.00 -15.00 -1029.00 0
6083 -14.47 -122.57 19.48 -43.00 -55.00 70.00 489.00 -15.00 -1029.00 0
6092 -15.37 -131.13 20.59 -31.00 -38.00 83.00 428.00 -19.00 -1175.00 0
6102 -15.30 -130.23 18.64 -41.00 -21.00 111.00 428.00 -19.00 -1175.00 0
6111 -9.81 -106.37 12.31 -64.00 -16.00 163.00 428.00 -19.00 -1175.00 0
6121 -7.72 -88.56 9.18 -81.00 -10.00 176.00 428.00 -19.00 -1175.00 0
6130 -5.50 -70.61 6.12 -90.00 -9.00 194.00 428.00 -19.00 -1175.00 0
6138 -3.20 -54.47 3.27 -94.00 -11.00 198.00 428.00 -19.00 -1175.00 0
6148 -1.32 -39.93 0.97 -99.00 -16.00 201.00 428.00 -19.00 -1175.00 0
6157 0.07 -27.20 -1.11 -119.00 -2.00 230.00 421.00 -18.00 -998.00 0
6166 2.16 -9.25 -4.31 -137.00 6.00 255.00 421.00 -18.00 -998.00 0
6175 1.81 -6.05 -4.94 -130.00 5.00 242.00 421.00 -18.00 -998.00 0
6184 0.90 -6.05 -4.59 -114.00 -9.00 216.00 421.00 -18.00 -998.00 0
6194 -0.35 -7.10 -3.76 -109.00 -22.00 203.00 421.00 -18.00 -998.00 0
6203 -1.46 -7.65 -3.13 -112.00 -13.00 210.00 421.00 -18.00 -998.00 0
6212 -1.67 -7.65 -3.06 -109.00 -10.00 213.00 421.00 -18.00 -998.00 0
6221 -1.53 -7.79 -3.20 -104.00 -11.00 202.00 419.00 -22.00 -1245.00 0
6231 -0.97 -8.90 -3.27 -102.00 -11.00 203.00 419.00 -22.00 -1245.00 0
6240 -0.49 -8.97 -3.27 -106.00 5.00 210.00 419.00 -22.00 -1245.00 0
6249 -0.14 -8.56 -3.27 -108.00 -2.00 216.00 419.00 -22.00 -1245.00 0
6258 -0.49 -7.86 -2.85 -109.00 -11.00 208.00 419.00 -22.00 -1245.00 0
6267 -1.32 -7.37 -2.43 -104.00 -14.00 209.00 419.00 -22.00 -1245.00 0
6277 -1.81 -6.75 -2.30 -105.00 -15.00 202.00 419.00 -22.00 -1245.00 0
6286 -1.60 -5.22 -2.43 -101.00 -18.00 200.00 419.00 -22.00 -1245.00 0
6295 -1.18 -4.17 -2.92 -101.00 -6.00 213.00 419.00 -22.00 -1245.00 0
6304 -0.49 -3.13 -3.34 -105.00 30.00 212.00 419.00 -22.00 -1245.00 0
6313 -0.49 -2.16 -2.92 -109.00 -6.00 215.00 419.00 -22.00 -1245.00 0
6323 -2.85 -1.32 -1.67 -107.00 -25.00 208.00 419.00 -22.00 -1245.00 0
6332 -5.77 -0.90 -0.63 -111.00 -12.00 214.00 419.00 -22.00 -1245.00 0
6341 -6.82 -0.35 0.35 -108.00 -1.00 215.00 419.00 -22.00 -1245.00 0
6350 -7.03 -0.35 0.56 -110.00 -13.00 214.00 419.00 -22.00 -1245.00 0
6359 -7.51 -0.56 0.83 -110.00 -21.00 210.00 419.00 -19.00 -1239.00 0
6368 -7.51 -0.97 0.83 -108.00 -18.00 208.00 419.00 -19.00 -1239.00 0
6377 -6.89 -1.32 0.49 -109.00 -14.00 215.00 419.00 -19.00 -1239.00 0
6386 -6.05 -1.74 -0.14 -108.00 -11.00 211.00 419.00 -19.00 -1239.00 0
6395 -5.29 -2.85 -1.11 -106.00 -9.00 214.00 419.00 -19.00 -1239.00 0
6405 -3.97 -3.41 -1.25 -107.00 -15.00 214.00 419.00 -19.00 -1239.00 0
6414 -3.55 -3.76 -1.39 -101.00 -7.00 210.00 419.00 -19.00 -1239.00 0
6423 -3.20 -3.97 -1.53 -101.00 -4.00 201.00 419.00 -19.00 -1239.00 0
6432 -2.99 -3.69 -1.60 -102.00 -11.00 201.00 419.00 -19.00 -1239.00 0
6441 -3.27 -2.99 -1.53 -110.00 -19.00 214.00 419.00 -19.00 -1239.00 0
6451 -3.48 -2.02 -1.95 -115.00 -3.00 223.00 419.00 -19.00 -1239.00 0
6460 -2.50 -1.25 -2.23 -114.00 4.00 226.00 419.00 -19.00 -1239.00 0
6469 -2.57 -2.09 -1.88 -106.00 -6.00 220.00 419.00 -19.00 -1239.00 0
6478 -3.20 -3.13 -1.25 -105.00 -14.00 208.00 419.00 -19.00 -1239.00 0
6488 -3.83 -3.97 -0.83 -97.00 -6.00 199.00 415.00 -17.00 -1104.00 0
6497 -3.76 -4.59 -0.63 -97.00 -6.00 197.00 415.00 -17.00 -1104.00 0
6506 -3.76 -4.59 -0.56 -98.00 -19.00 200.00 415.00 -17.00 -1104.00 0
6515 -4.66 -2.71 -0.90 -105.00 -14.00 205.00 415.00 -17.00 -1104.00 0
6524 -4.38 -1.39 -1.25 -110.00 -10.00 218.00 415.00 -17.00 -1104.00 0
6534 -3.97 -0.14 -1.67 -115.00 -11.00 216.00 415.00 -17.00 -1104.00 0
6543 -3.83 0.56 -2.09 -114.00 -9.00 222.00 415.00 -17.00 -1104.00 0
6552 -3.41 0.63 -2.43 -114.00 -7.00 222.00 413.00 -19.00 -1075.00 0
6561 -2.99 -0.07 -2.64 -108.00 -13.00 214.00 413.00 -19.00 -1075.00 0
6571 -2.78 -2.64 -2.71 -102.00 -13.00 209.00 413.00 -19.00 -1075.00 0
6580 -2.57 -3.62 -2.71 -104.00 -15.00 207.00 413.00 -19.00 -1075.00 0
6589 -2.23 -4.17 -2.78 -102.00 -7.00 208.00 413.00 -19.00 -1075.00 0
6598 -1.88 -4.38 -2.92 -98.00 5.00 205.00 413.00 -19.00 -1075.00 0
6607 -1.74 -4.03 -2.64 -104.00 -5.00 204.00 413.00 -19.00 -1075.00 0
6617 -2.23 -3.27 -1.88 -104.00 -17.00 215.00 410.00 -21.00 -1165.00 0
6626 -3.41 -1.39 -0.97 -108.00 -5.00 215.00 410.00 -21.00 -1165.00 0
6634 -4.03 -1.18 -0.90 -104.00 -3.00 209.00 410.00 -21.00 -1165.00 0
6643 -4.31 -1.18 -0.83 -107.00 -14.00 214.00 410.00 -21.00 -1165.00 0
6652 -4.80 -1.04 -0.83 -107.00 -17.00 217.00 410.00 -21.00 -1165.00 0
6662 -4.94 -0.70 -1.04 -106.00 -9.00 215.00 410.00 -21.00 -1165.00 0
6671 -4.80 -0.56 -1.25 -103.00 -5.00 214.00 410.00 -21.00 -1165.00 0
6680 -4.52 -0.70 -1.25 -105.00 -18.00 208.00 410.00 -19.00 -1203.00 0
6689 -5.08 -1.04 -0.83 -104.00 -17.00 209.00 411.00 -19.00 -1203.00 0
6699 -4.73 -0.97 -0.97 -108.00 -4.00 208.00 411.00 -19.00 -1203.00 0
6708 -4.03 -0.90 -1.18 -107.00 -5.00 217.00 411.00 -19.00 -1203.00 0
6717 -3.62 -1.18 -1.39 -106.00 -10.00 212.00 411.00 -19.00 -1203.00 0
6726 -3.41 -1.67 -1.53 -102.00 -14.00 216.00 411.00 -19.00 -1203.00 0
6735 -3.20 -2.09 -1.67 -105.00 -8.00 207.00 411.00 -19.00 -1203.00 0
6745 -2.57 -2.30 -2.09 -103.00 -6.00 208.00 411.00 -19.00 -1203.00 0
6754 -2.37 -2.09 -2.23 -104.00 -9.00 206.00 411.00 -19.00 -1203.00 0
6763 -2.64 -1.60 -2.30 -104.00 -10.00 208.00 411.00 -19.00 -1203.00 0
6772 -2.85 -1.11 -2.37 -104.00 -8.00 214.00 411.00 -19.00 -1203.00 0
6781 -2.78 -0.49 -2.43 -108.00 -3.00 215.00 411.00 -19.00 -1203.00 0
6791 -2.78 0.14 -2.23 -108.00 -16.00 214.00 411.00 -19.00 -1203.00 0
6800 -3.69 1.11 -1.74 -110.00 -10.00 213.00 411.00 -19.00 -1203.00 0
6809 -3.55 1.11 -1.53 -102.00 1.00 214.00 411.00 -19.00 -1203.00 0
6818 -3.41 1.04 -1.18 -102.00 -11.00 211.00 411.00 -19.00 -1203.00 0
6828 -3.90 1.04 -0.83 -105.00 -15.00 209.00 411.00 -19.00 -1203.00 0
6837 -4.31 0.83 -0.56 -103.00 -15.00 211.00 411.00 -19.00 -1203.00 0
6846 -4.31 0.63 -0.56 -102.00 -14.00 212.00 411.00 -19.00 -1203.00 0
6855 -4.24 0.49 -1.04 -110.00 -14.00 216.00 411.00 -19.00 -1203.00 0
6864 -4.03 0.42 -1.46 -112.00 -12.00 217.00 411.00 -19.00 -1203.00 0
6874 -3.55 0.07 -1.88 -110.00 -6.00 218.00 411.00 -19.00 -1203.00 0
6883 -2.92 -0.56 -2.16 -108.00 -3.00 212.00 411.00 -19.00 -1203.00 0
6892 -2.43 -1.25 -2.23 -103.00 -2.00 208.00 411.00 -19.00 -1203.00 0
6901 -2.37 -2.02 -2.30 -104.00 -5.00 208.00 411.00 -19.00 -1203.00 0
6910 -2.57 -2.50 -1.95 -102.00 -12.00 212.00 411.00 -19.00 -1203.00 0
6920 -3.90 -2.43 -1.74 -105.00 -10.00 209.00 411.00 -19.00 -1203.00 0
6929 -4.17 -2.09 -1.53 -105.00 -10.00 210.00 411.00 -19.00 -1203.00 0
6938 -4.31 -1.74 -1.39 -106.00 -15.00 214.00 411.00 -19.00 -1203.00 0
6947 -4.52 -1.46 -1.32 -105.00 -19.00 215.00 414.00 -16.00 -1220.00 0
6957 -4.66 -1.11 -1.39 -110.00 -15.00 218.00 414.00 -16.00 -1220.00 0
6966 -4.38 -0.90 -1.46 -109.00 -11.00 216.00 414.00 -16.00 -1220.00 0
6975 -3.13 -1.04 -1.60 -104.00 -7.00 213.00 414.00 -16.00 -1220.00 0
6984 -2.64 -1.46 -1.60 -104.00 -10.00 209.00 414.00 -16.00 -1220.00 0
6993 -2.37 -1.60 -1.67 -104.00 -8.00 215.00 414.00 -16.00 -1220.00 0
7002 -2.30 -1.74 -1.67 -104.00 -12.00 215.00 414.00 -16.00 -1220.00 0
7011 -2.50 -1.88 -1.60 -106.00 -10.00 209.00 415.00 -19.00 -1164.00 0
7020 -2.71 -2.23 -1.74 -103.00 -3.00 209.00 415.00 -19.00 -1164.00 0
7029 -2.85 -2.37 -1.81 -101.00 -11.00 212.00 415.00 -19.00 -1164.00 0
7038 -3.62 -2.30 -1.67 -104.00 -13.00 211.00 415.00 -19.00 -1164.00 0
7048 -4.03 -2.16 -1.67 -104.00 -5.00 209.00 415.00 -19.00 -1164.00 0
7057 -3.97 -1.88 -1.74 -104.00 -1.00 208.00 415.00 -19.00 -1164.00 0
7066 -3.83 -1.53 -1.67 -106.00 -11.00 216.00 415.00 -19.00 -1164.00 0
7075 -4.03 -1.11 -1.39 -108.00 -12.00 218.00 413.00 -17.00 -1196.00 0
7085 -4.38 -0.63 -0.83 -108.00 -14.00 212.00 413.00 -17.00 -1196.00 0
7094 -4.24 -0.63 -0.83 -105.00 -14.00 209.00 413.00 -17.00 -1196.00 0
7103 -3.97 -0.56 -0.97 -103.00 -11.00 209.00 413.00 -17.00 -1196.00 0
7112 -3.48 -0.49 -1.25 -106.00 -13.00 217.00 413.00 -17.00 -1196.00 0
7121 -3.13 -0.49 -1.53 -106.00 -16.00 216.00 413.00 -17.00 -1196.00 0
7131 -2.78 -0.63 -1.88 -106.00 -8.00 211.00 413.00 -17.00 -1196.00 0
7140 -1.67 -0.90 -2.57 -109.00 -3.00 219.00 414.00 -21.00 -1014.00 0
7149 -1.39 -1.04 -2.43 -112.00 -2.00 216.00 414.00 -21.00 -1014.00 0
7158 -1.53 -1.46 -2.23 -103.00 -2.00 211.00 414.00 -21.00 -1014.00 0
7168 -1.88 -1.95 -1.88 -97.00 -7.00 206.00 414.00 -21.00 -1014.00 0
7177 -2.30 -2.23 -1.67 -104.00 -9.00 206.00 414.00 -21.00 -1014.00 0
7186 -2.85 -2.23 -1.67 -102.00 -11.00 208.00 414.00 -21.00 -1014.00 0
7195 -3.20 -1.95 -1.74 -109.00 -11.00 213.00 414.00 -21.00 -1014.00 0
7204 -3.34 -1.18 -1.88 -107.00 -14.00 216.00 414.00 -21.00 -1014.00 0
7214 -3.34 -0.97 -2.09 -112.00 -16.00 215.00 414.00 -21.00 -1014.00 0
7223 -3.06 -0.97 -2.30 -109.00 -14.00 216.00 414.00 -21.00 -1014.00 0
7232 -2.50 -1.18 -2.57 -106.00 2.00 217.00 414.00 -21.00 -1014.00 0
7241 -1.74 -1.81 -2.85 -100.00 9.00 211.00 414.00 -21.00 -1014.00 0
7250 -1.18 -2.78 -2.71 -102.00 -4.00 205.00 414.00 -21.00 -1014.00 0
7260 -2.85 -3.62 -1.32 -102.00 -15.00 207.00 414.00 -21.00 -1014.00 0
7269 -3.62 -3.41 -0.90 -102.00 -6.00 209.00 414.00 -21.00 -1014.00 0
7278 -3.90 -2.85 -0.77 -106.00 -8.00 213.00 414.00 -21.00 -1014.00 0
7287 -4.38 -2.37 -0.70 -107.00 -18.00 209.00 414.00 -21.00 -1014.00 0
7297 -4.94 -1.74 -0.70 -108.00 -21.00 213.00 414.00 -21.00 -1014.00 0
7306 -5.15 -1.25 -0.83 -105.00 -13.00 212.00 414.00 -21.00 -1014.00 0
7315 -4.10 -0.35 -1.88 -107.00 -3.00 214.00 414.00 -21.00 -1014.00 0
7324 -3.48 -0.14 -2.23 -109.00 1.00 210.00 414.00 -21.00 -1014.00 0
7333 -3.27 0.07 -2.16 -107.00 -6.00 213.00 414.00 -21.00 -1014.00 0
7342 -3.55 0.21 -1.95 -109.00 0.00 217.00 414.00 -21.00 -1014.00 0
7351 -3.76 0.21 -1.67 -111.00 3.00 218.00 414.00 -21.00 -1014.00 0
7360 -3.90 0.00 -1.25 -104.00 -5.00 217.00 414.00 -21.00 -1014.00 0
7369 -4.38 -1.46 0.14 -103.00 -17.00 207.00 414.00 -21.00 -1014.00 0
7378 -5.43 -1.95 0.70 -106.00 -18.00 209.00 414.00 -21.00 -1014.00 0
7388 -5.50 -2.02 0.77 -103.00 -21.00 212.00 414.00 -21.00 -1014.00 0
7397 -5.29 -2.09 0.56 -106.00 -14.00 216.00 414.00 -21.00 -1014.00 0
7406 -4.73 -2.16 0.21 -108.00 -11.00 220.00 411.00 -19.00 -1184.00 0
7415 -4.03 -2.43 -0.14 -107.00 -8.00 222.00 411.00 -19.00 -1184.00 0
7425 -3.55 -2.92 -0.56 -108.00 -10.00 218.00 411.00 -19.00 -1184.00 0
7434 -3.20 -4.17 -0.90 -99.00 -6.00 211.00 411.00 -19.00 -1184.00 0
7443 -2.92 -4.80 -1.18 -101.00 -1.00 203.00 411.00 -19.00 -1184.00 0
7452 -2.64 -4.94 -1.32 -96.00 -11.00 200.00 411.00 -19.00 -1184.00 0
7461 -2.92 -4.59 -1.53 -102.00 -10.00 206.00 411.00 -19.00 -1184.00 0
7471 -3.06 -3.90 -1.81 -103.00 -1.00 210.00 409.00 -22.00 -1005.00 0
7480 -2.78 -3.06 -2.16 -103.00 -5.00 216.00 409.00 -22.00 -1005.00 0
7489 -2.57 -1.32 -2.57 -106.00 -3.00 219.00 409.00 -22.00 -1005.00 0
7498 -2.57 -0.77 -2.57 -110.00 -3.00 218.00 409.00 -22.00 -1005.00 0
7507 -2.78 -0.49 -2.50 -111.00 -9.00 215.00 409.00 -22.00 -1005.00 0
7517 -3.06 -0.49 -2.43 -106.00 -8.00 215.00 409.00 -22.00 -1005.00 0
7526 -3.06 -0.63 -2.37 -105.00 -6.00 211.00 409.00 -22.00 -1005.00 0
7535 -2.99 -0.83 -2.30 -104.00 -14.00 217.00 411.00 -22.00 -1156.00 0
7544 -3.55 -1.18 -1.88 -105.00 -20.00 216.00 411.00 -22.00 -1156.00 0
7554 -3.41 -1.53 -1.81 -105.00 -15.00 216.00 411.00 -22.00 -1156.00 0
7563 -2.78 -1.74 -1.81 -105.00 0.00 216.00 411.00 -22.00 -1156.00 0
7572 -2.30 -2.02 -1.81 -107.00 -13.00 220.00 411.00 -22.00 -1156.00 0
7581 -2.16 -2.30 -1.67 -101.00 -10.00 213.00 411.00 -22.00 -1156.00 0
7590 -1.95 -2.71 -1.67 -103.00 -8.00 209.00 411.00 -22.00 -1156.00 0
7599 -1.67 -2.99 -1.88 -104.00 -3.00 210.00 411.00 -22.00 -1156.00 0
7608 -1.46 -2.92 -2.02 -102.00 0.00 211.00 411.00 -22.00 -1156.00 0
7617 -1.32 -2.78 -1.95 -99.00 1.00 216.00 411.00 -22.00 -1156.00 0
7626 -1.74 -2.50 -1.67 -105.00 -10.00 216.00 411.00 -22.00 -1156.00 0
7635 -2.64 -2.30 -1.39 -103.00 -9.00 214.00 411.00 -22.00 -1156.00 0
7645 -3.27 -2.23 -1.18 -104.00 -5.00 209.00 411.00 -22.00 -1156.00 0
7654 -3.55 -2.09 -0.90 -102.00 -14.00 215.00 411.00 -22.00 -1156.00 0
7663 -3.90 -1.46 -0.49 -101.00 -14.00 216.00 411.00 -22.00 -1156.00 0
7672 -3.62 -1.18 -0.42 -104.00 -8.00 214.00 411.00 -22.00 -1156.00 0
7682 -3.27 -1.18 -0.42 -108.00 -8.00 221.00 411.00 -22.00 -1156.00 0
7691 -3.06 -1.32 -0.49 -103.00 -8.00 217.00 411.00 -22.00 -1156.00 0
7700 -2.99 -1.88 -0.56 -100.00 -9.00 209.00 411.00 -22.00 -1156.00 0
7709 -2.99 -2.43 -0.63 -98.00 -9.00 212.00 411.00 -22.00 -1156.00 0
7718 -2.92 -2.71 -0.97 -98.00 -11.00 211.00 411.00 -22.00 -1156.00 0
7728 -2.92 -2.50 -1.32 -102.00 -7.00 209.00 411.00 -22.00 -1156.00 0
7737 -2.85 -2.30 -1.67 -102.00 -8.00 210.00 411.00 -22.00 -1156.00 0
7746 -2.85 -1.88 -1.88 -103.00 -12.00 213.00 411.00 -22.00 -1156.00 0
7755 -2.78 -1.46 -2.09 -105.00 -3.00 212.00 411.00 -22.00 -1156.00 0
7764 -2.50 -1.11 -2.43 -103.00 0.00 210.00 411.00 -22.00 -1156.00 0
7774 -2.16 -0.49 -2.43 -102.00 -5.00 211.00 411.00 -22.00 -1156.00 0
7783 -2.23 -0.28 -2.43 -103.00 -5.00 213.00 411.00 -22.00 -1156.00 0
7792 -2.16 -0.07 -2.50 -105.00 1.00 220.00 411.00 -22.00 -1156.00 0
7800 -2.16 0.00 -2.43 -108.00 -5.00 221.00 411.00 -22.00 -1156.00 0
7810 -2.85 -0.14 -2.09 -105.00 -14.00 217.00 411.00 -22.00 -1156.00 0
7819 -3.76 -0.56 -1.74 -103.00 -13.00 209.00 411.00 -22.00 -1156.00 0
7828 -4.03 -1.04 -1.46 -100.00 -12.00 213.00 411.00 -22.00 -1156.00 0
7837 -4.10 -1.39 -1.32 -97.00 -9.00 205.00 411.00 -22.00 -1156.00 0
7846 -3.97 -1.25 -1.46 -98.00 -12.00 208.00 411.00 -22.00 -1156.00 0
7856 -3.69 -0.83 -1.67 -105.00 -3.00 213.00 411.00 -22.00 -1156.00 0
7865 -3.41 -0.49 -2.02 -105.00 0.00 218.00 407.00 -22.00 -1315.00 0
7874 -3.13 -0.14 -2.23 -106.00 -4.00 223.00 407.00 -22.00 -1315.00 0
7883 -3.13 -0.07 -2.37 -107.00 -4.00 216.00 407.00 -22.00 -1315.00 0
7892 -3.48 -0.63 -2.37 -105.00 -3.00 216.00 407.00 -22.00 -1315.00 0
7902 -3.41 -0.97 -2.09 -104.00 -8.00 212.00 407.00 -22.00 -1315.00 0
7911 -3.34 -1.18 -1.81 -100.00 -16.00 210.00 407.00 -22.00 -1315.00 0
7920 -3.41 -1.25 -1.67 -98.00 -13.00 209.00 407.00 -22.00 -1315.00 0
7929 -3.48 -1.11 -1.74 -98.00 -6.00 212.00 407.00 -22.00 -1226.00 0
7939 -3.34 -0.83 -1.95 -105.00 -1.00 214.00 407.00 -22.00 -1226.00 0
7948 -2.99 0.21 -2.16 -112.00 -4.00 231.00 407.00 -22.00 -1226.00 0
7957 -3.69 0.77 -2.16 -99.00 -11.00 199.00 407.00 -22.00 -1226.00 0
7966 -3.69 0.14 -1.95 -102.00 -18.00 211.00 407.00 -22.00 -1226.00 0
7975 -3.76 0.35 -2.02 -105.00 6.00 226.00 407.00 -22.00 -1226.00 0
7985 -3.13 0.35 -2.23 -106.00 -7.00 214.00 407.00 -22.00 -1226.00 0
7994 -3.48 -0.14 -2.02 -99.00 -23.00 207.00 407.00 -21.00 -1206.00 0
8002 -3.90 -0.77 -1.67 -98.00 -14.00 208.00 406.00 -21.00 -1206.00 0
8011 -3.41 -0.70 -2.02 -99.00 -2.00 213.00 406.00 -21.00 -1206.00 0
8020 -2.99 -0.56 -2.16 -103.00 -6.00 214.00 406.00 -21.00 -1206.00 0
8030 -2.99 -0.56 -2.16 -107.00 -3.00 216.00 406.00 -21.00 -1206.00 0
8039 -3.06 -0.70 -2.23 -105.00 0.00 215.00 406.00 -21.00 -1206.00 0
8048 -3.13 -0.90 -2.23 -102.00 -4.00 209.00 406.00 -21.00 -1206.00 0
8057 -3.34 -1.18 -2.16 -99.00 -6.00 207.00 406.00 -21.00 -1206.00 0
8067 -3.90 -0.77 -1.95 -98.00 -7.00 210.00 406.00 -21.00 -1206.00 0
8076 -4.17 0.70 -1.60 -109.00 -12.00 212.00 406.00 -21.00 -1206.00 0
8085 -4.59 1.25 -1.39 -106.00 -12.00 218.00 406.00 -21.00 -1206.00 0
8094 -4.66 1.25 -1.46 -105.00 -11.00 217.00 406.00 -21.00 -1206.00 0
8103 -4.24 1.25 -1.32 -103.00 -8.00 214.00 406.00 -21.00 -1206.00 0
8113 -3.83 1.04 -1.18 -105.00 -9.00 215.00 406.00 -21.00 -1206.00 0
8122 -3.55 0.70 -0.97 -105.00 -5.00 211.00 406.00 -21.00 -1206.00 0
8131 -3.27 -0.28 -0.83 -104.00 -7.00 213.00 406.00 -21.00 -1206.00 0
8140 -3.41 -0.63 -0.77 -106.00 -9.00 215.00 406.00 -21.00 -1206.00 0
8150 -3.41 -0.90 -0.83 -107.00 -9.00 216.00 406.00 -21.00 -1206.00 0
8158 -3.13 -1.04 -0.97 -103.00 -8.00 213.00 406.00 -21.00 -1206.00 0
8167 -2.99 -1.18 -1.18 -107.00 -7.00 211.00 406.00 -21.00 -1206.00 0
8176 -2.85 -1.25 -1.39 -107.00 -4.00 214.00 406.00 -21.00 -1206.00 0
8185 -2.57 -1.04 -1.74 -107.00 -6.00 213.00 406.00 -21.00 -1206.00 0
8195 -2.37 -0.97 -2.02 -105.00 -2.00 214.00 406.00 -21.00 -1206.00 0
8204 -2.02 -1.04 -2.23 -106.00 0.00 212.00 406.00 -21.00 -1206.00 0
8213 -1.81 -1.18 -2.23 -107.00 0.00 214.00 406.00 -21.00 -1206.00 0
8222 -1.74 -1.32 -2.09 -101.00 -5.00 211.00 406.00 -21.00 -1206.00 0
8231 -1.74 -1.46 -1.81 -105.00 -7.00 215.00 406.00 -21.00 -1206.00 0
8241 -2.16 -1.53 -1.60 -104.00 -11.00 217.00 406.00 -21.00 -1206.00 0
8250 -2.43 -1.53 -1.53 -102.00 -7.00 214.00 406.00 -21.00 -1206.00 0
8259 -2.71 -1.46 -1.60 -101.00 -4.00 211.00 409.00 -23.00 -1204.00 0
8268 -3.13 -1.39 -1.53 -104.00 -12.00 210.00 409.00 -23.00 -1204.00 0
8278 -3.55 -1.39 -1.32 -101.00 -10.00 214.00 409.00 -23.00 -1204.00 0
8287 -3.69 -1.25 -1.18 -105.00 -8.00 213.00 409.00 -23.00 -1204.00 0
8296 -3.76 -0.90 -1.25 -104.00 -3.00 212.00 409.00 -23.00 -1204.00 0
8305 -4.10 -0.83 -1.39 -106.00 -6.00 217.00 409.00 -23.00 -1204.00 0
8314 -4.10 -0.90 -1.46 -108.00 -5.00 218.00 409.00 -23.00 -1204.00 0
8324 -4.03 -1.18 -1.39 -103.00 -11.00 214.00 411.00 -26.00 -1231.00 0
8333 -3.90 -1.46 -1.25 -106.00 -8.00 206.00 411.00 -26.00 -1231.00 0
8342 -3.90 -1.67 -1.25 -104.00 -4.00 215.00 411.00 -26.00 -1231.00 0
8351 -3.76 -1.74 -1.32 -104.00 -8.00 217.00 411.00 -26.00 -1231.00 0
8360 -3.41 -1.53 -1.46 -103.00 -5.00 211.00 411.00 -26.00 -1231.00 0
8370 -3.20 -1.53 -1.46 -103.00 -5.00 214.00 411.00 -26.00 -1231.00 0
8379 -3.06 -1.60 -1.46 -102.00 1.00 209.00 411.00 -26.00 -1231.00 0
8387 -3.06 -1.60 -1.25 -106.00 -1.00 217.00 411.00 -24.00 -1279.00 0
8396 -3.48 -1.46 -0.97 -106.00 -15.00 222.00 411.00 -24.00 -1279.00 0
8406 -4.03 -1.53 -0.70 -103.00 -13.00 215.00 411.00 -24.00 -1279.00 0
8415 -3.97 -2.16 -0.63 -105.00 -7.00 211.00 411.00 -24.00 -1279.00 0
8424 -3.83 -2.37 -0.77 -103.00 -9.00 213.00 411.00 -24.00 -1279.00 0
8433 -3.69 -2.43 -0.90 -102.00 -9.00 211.00 411.00 -24.00 -1279.00 0
8442 -3.48 -2.43 -1.11 -103.00 -6.00 209.00 411.00 -24.00 -1279.00 0
8452 -3.27 -2.43 -1.39 -101.00 -4.00 213.00 411.00 -24.00 -1279.00 0
8461 -2.92 -2.43 -1.60 -103.00 0.00 212.00 411.00 -24.00 -1279.00 0
8470 -2.57 -2.30 -1.60 -101.00 -3.00 214.00 411.00 -24.00 -1279.00 0
8479 -2.78 -2.16 -1.53 -104.00 -9.00 214.00 411.00 -24.00 -1279.00 0
8488 -3.20 -2.16 -1.46 -103.00 -7.00 211.00 411.00 -24.00 -1279.00 0
8498 -3.34 -2.09 -1.39 -102.00 -4.00 210.00 411.00 -24.00 -1279.00 0
8507 -3.48 -1.88 -1.32 -100.00 -4.00 210.00 411.00 -24.00 -1279.00 0
8516 -3.69 -1.67 -1.18 -109.00 -11.00 220.00 411.00 -24.00 -1279.00 0
8525 -3.90 -1.46 -1.04 -102.00 -7.00 219.00 409.00 -25.00 -1047.00 0
8535 -3.55 -1.32 -1.04 -106.00 -6.00 219.00 409.00 -25.00 -1047.00 0
8544 -3.34 -1.46 -1.11 -105.00 0.00 210.00 409.00 -25.00 -1047.00 0
8553 -3.34 -1.81 -0.97 -101.00 -9.00 210.00 409.00 -25.00 -1047.00 0
8562 -3.62 -2.02 -0.97 -103.00 -9.00 213.00 409.00 -25.00 -1047.00 0
8571 -3.76 -2.02 -1.25 -101.00 -5.00 217.00 409.00 -25.00 -1047.00 0
8581 -3.76 -1.88 -1.39 -108.00 -8.00 220.00 409.00 -25.00 -1047.00 0
8590 -3.76 -1.88 -1.60 -104.00 -6.00 214.00 409.00 -25.00 -1047.00 0
8599 -3.62 -2.02 -1.67 -101.00 -2.00 211.00 409.00 -25.00 -1047.00 0
8607 -3.48 -2.16 -1.60 -99.00 -3.00 208.00 409.00 -25.00 -1047.00 0
8616 -3.55 -2.02 -1.53 -102.00 -12.00 215.00 409.00 -25.00 -1047.00 0
8626 -3.62 -1.81 -1.46 -102.00 -4.00 213.00 409.00 -25.00 -1047.00 0
8635 -3.62 -1.53 -1.32 -103.00 -9.00 217.00 409.00 -25.00 -1047.00 0
8644 -3.62 -1.11 -1.25 -104.00 -4.00 216.00 409.00 -25.00 -1047.00 0
8653 -3.76 -1.32 -1.25 -104.00 -5.00 219.00 407.00 -23.00 -1120.00 0
8663 -3.76 -1.67 -1.18 -101.00 -6.00 212.00 407.00 -23.00 -1120.00 0
8672 -3.83 -1.95 -1.11 -98.00 -12.00 211.00 407.00 -23.00 -1120.00 0
8681 -3.97 -2.09 -0.97 -103.00 -9.00 211.00 407.00 -23.00 -1120.00 0
8690 -4.03 -2.09 -1.04 -101.00 -1.00 216.00 407.00 -23.00 -1120.00 0
8699 -3.97 -1.95 -1.18 -104.00 -4.00 214.00 407.00 -23.00 -1120.00 0
8709 -4.03 -1.74 -1.32 -105.00 -6.00 216.00 407.00 -23.00 -1120.00 0
8718 -3.97 -1.67 -1.32 -104.00 -8.00 213.00 408.00 -24.00 -1300.00 0
8727 -3.90 -1.60 -1.25 -100.00 -8.00 210.00 408.00 -24.00 -1300.00 0
8736 -3.83 -1.60 -1.46 -101.00 -4.00 211.00 408.00 -24.00 -1300.00 0
8745 -3.62 -1.39 -1.67 -102.00 -3.00 215.00 408.00 -24.00 -1300.00 0
8755 -3.27 -1.18 -1.81 -104.00 -2.00 217.00 408.00 -24.00 -1300.00 0
8764 -3.06 -0.97 -1.60 -102.00 -4.00 220.00 408.00 -24.00 -1300.00 0
8773 -3.20 -0.97 -1.46 -100.00 -7.00 216.00 408.00 -24.00 -1300.00 0
8782 -3.55 -1.18 -1.25 -99.00 -11.00 212.00 408.00 -25.00 -1234.00 0
8792 -3.90 -1.25 -1.04 -102.00 -12.00 211.00 408.00 -25.00 -1234.00 0
8801 -4.10 -1.11 -0.97 -104.00 -9.00 215.00 408.00 -25.00 -1234.00 0
8809 -4.24 -0.97 -0.97 -102.00 -9.00 216.00 408.00 -25.00 -1234.00 0
8818 -4.24 -0.90 -1.04 -102.00 -7.00 219.00 408.00 -25.00 -1234.00 0
8827 -4.03 -0.83 -1.18 -104.00 -5.00 221.00 408.00 -25.00 -1234.00 0
8837 -3.90 -0.90 -1.25 -103.00 -7.00 216.00 408.00 -25.00 -1234.00 0
8846 -3.97 -1.04 -1.25 -101.00 -11.00 214.00 408.00 -25.00 -1234.00 0
8855 -4.10 -1.18 -1.25 -103.00 -6.00 214.00 408.00 -25.00 -1234.00 0
8864 -3.97 -1.18 -1.25 -106.00 -8.00 212.00 408.00 -25.00 -1234.00 0
8873 -3.83 -1.18 -1.18 -105.00 -12.00 218.00 408.00 -25.00 -1234.00 0
8883 -3.48 -1.39 -1.25 -102.00 -2.00 216.00 408.00 -25.00 -1234.00 0
8892 -3.06 -1.46 -1.32 -103.00 -4.00 214.00 408.00 -25.00 -1234.00 0
8901 -2.78 -1.46 -1.39 -103.00 -1.00 212.00 408.00 -25.00 -1234.00 0
8910 -2.64 -1.32 -1.46 -100.00 0.00 216.00 408.00 -25.00 -1234.00 0
8920 -2.37 -1.25 -1.46 -101.00 0.00 210.00 408.00 -25.00 -1234.00 0
8929 -2.30 -1.25 -1.39 -103.00 -10.00 212.00 408.00 -25.00 -1234.00 0
8938 -3.20 -1.11 -1.39 -105.00 -14.00 219.00 408.00 -25.00 -1234.00 0
8947 -3.20 -1.11 -1.53 -101.00 -10.00 215.00 408.00 -25.00 -1234.00 0
8956 -3.06 -1.25 -1.53 -103.00 -9.00 212.00 408.00 -25.00 -1234.00 0
8966 -2.92 -1.32 -1.53 -104.00 -9.00 214.00 408.00 -25.00 -1234.00 0
8975 -2.78 -1.39 -1.53 -104.00 -3.00 214.00 408.00 -25.00 -1234.00 0
8984 -2.64 -1.53 -1.60 -100.00 0.00 210.00 408.00 -25.00 -1234.00 0
8993 -2.43 -2.30 -1.81 -102.00 1.00 212.00 408.00 -25.00 -1234.00 0
9003 -2.57 -2.43 -1.60 -100.00 0.00 218.00 408.00 -25.00 -1234.00 0
9012 -3.06 -2.50 -1.32 -98.00 -11.00 213.00 408.00 -25.00 -1234.00 0
9021 -3.69 -2.50 -1.25 -102.00 -7.00 211.00 408.00 -25.00 -1234.00 0
9030 -3.97 -2.43 -1.18 -102.00 -4.00 215.00 408.00 -25.00 -1234.00 0
9038 -4.10 -2.23 -1.18 -104.00 -9.00 212.00 408.00 -25.00 -1234.00 0
9048 -4.24 -1.88 -1.04 -107.00 -11.00 218.00 408.00 -25.00 -1234.00 0
9057 -4.17 -1.53 -1.04 -103.00 -9.00 217.00 408.00 -25.00 -1234.00 0
9066 -3.83 -1.67 -1.04 -104.00 -6.00 213.00 408.00 -25.00 -1234.00 0
9075 -3.48 -2.02 -1.04 -107.00 -2.00 217.00 408.00 -25.00 -1234.00 0
9084 -3.06 -2.30 -1.11 -104.00 -1.00 216.00 408.00 -25.00 -1234.00 0
9094 -2.71 -2.64 -1.04 -103.00 -5.00 217.00 408.00 -25.00 -1234.00 0
9103 -2.50 -2.99 -0.90 -102.00 -6.00 215.00 408.00 -25.00 -1234.00 0
9112 -2.43 -3.83 -0.77 -102.00 -2.00 212.00 403.00 -26.00 -1362.00 0
9121 -2.37 -4.10 -0.77 -99.00 0.00 212.00 403.00 -26.00 -1362.00 0
9131 -2.37 -4.24 -0.70 -95.00 -6.00 211.00 403.00 -26.00 -1362.00 0
9140 -2.64 -4.24 -0.70 -96.00 -7.00 210.00 403.00 -26.00 -1362.00 0
9149 -2.92 -4.03 -0.77 -97.00 0.00 211.00 403.00 -26.00 -1362.00 0
9158 -3.06 -3.62 -0.77 -99.00 -7.00 218.00 403.00 -26.00 -1362.00 0
9167 -3.20 -2.50 -1.18 -100.00 -6.00 215.00 403.00 -26.00 -1362.00 0
9177 -3.34 -2.09 -1.32 -100.00 -2.00 212.00 402.00 -28.00 -1312.00 0
9185 -3.27 -1.81 -1.53 -98.00 -6.00 215.00 402.00 -28.00 -1312.00 0
9194 -3.34 -1.67 -1.74 -101.00 -7.00 214.00 402.00 -28.00 -1312.00 0
9203 -3.20 -1.46 -1.74 -104.00 -3.00 218.00 402.00 -28.00 -1312.00 0
9212 -3.20 -1.32 -1.67 -101.00 -4.00 217.00 402.00 -28.00 -1312.00 0
9222 -3.20 -1.53 -1.67 -105.00 -3.00 217.00 402.00 -28.00 -1312.00 0
9231 -3.06 -2.30 -1.60 -102.00 -3.00 219.00 402.00 -28.00 -1312.00 0
9240 -2.85 -2.64 -1.60 -101.00 -3.00 218.00 402.00 -28.00 -1312.00 0
9249 -2.71 -2.99 -1.46 -96.00 -2.00 211.00 402.00 -28.00 -1312.00 0
9259 -2.78 -3.41 -1.18 -97.00 -11.00 213.00 402.00 -28.00 -1312.00 0
9268 -2.99 -3.69 -1.11 -99.00 -3.00 209.00 402.00 -28.00 -1312.00 0
9277 -3.13 -3.69 -0.97 -97.00 -2.00 212.00 402.00 -28.00 -1312.00 0
9286 -3.41 -3.27 -0.90 -96.00 -10.00 215.00 402.00 -28.00 -1312.00 0
9295 -3.62 -2.92 -1.04 -97.00 -7.00 214.00 402.00 -28.00 -1312.00 0
9305 -3.62 -2.50 -1.25 -98.00 -1.00 215.00 402.00 -28.00 -1312.00 0
9313 -3.55 -2.02 -1.46 -100.00 -2.00 215.00 402.00 -28.00 -1312.00 0
9322 -3.48 -1.67 -1.67 -102.00 -6.00 219.00 402.00 -28.00 -1312.00 0
9331 -3.55 -1.32 -1.88 -100.00 -4.00 220.00 402.00 -28.00 -1312.00 0
9340 -3.41 -1.18 -2.09 -103.00 -3.00 219.00 402.00 -28.00 -1312.00 0
9350 -3.41 -1.46 -2.09 -101.00 -2.00 220.00 402.00 -28.00 -1312.00 0
9359 -3.34 -1.74 -1.95 -97.00 -3.00 221.00 402.00 -28.00 -1312.00 0
9368 -3.13 -1.95 -1.60 -97.00 -6.00 215.00 402.00 -28.00 -1312.00 0
9377 -3.34 -2.23 -1.32 -98.00 -8.00 214.00 402.00 -28.00 -1312.00 0
9387 -3.55 -2.43 -1.18 -95.00 -8.00 214.00 402.00 -28.00 -1312.00 0
9396 -3.55 -2.50 -1.11 -101.00 -4.00 217.00 402.00 -28.00 -1312.00 0
9405 -3.48 -2.09 -1.11 -104.00 -7.00 219.00 402.00 -28.00 -1312.00 0
9414 -3.34 -2.09 -1.18 -100.00 -2.00 217.00 402.00 -28.00 -1312.00 0
9423 -3.20 -2.16 -1.25 -99.00 -1.00 215.00 402.00 -28.00 -1312.00 0
9433 -3.20 -2.16 -1.32 -98.00 -1.00 213.00 402.00 -28.00 -1312.00 0
9442 -3.34 -2.09 -1.32 -98.00 -1.00 215.00 403.00 -26.00 -1239.00 0
9450 -3.55 -1.95 -1.25 -101.00 -4.00 209.00 403.00 -26.00 -1239.00 0
9459 -3.69 -1.88 -1.18 -98.00 -8.00 218.00 403.00 -26.00 -1239.00 0
9468 -3.69 -1.32 -1.25 -102.00 -4.00 216.00 403.00 -26.00 -1239.00 0
9478 -3.69 -0.97 -1.25 -103.00 -5.00 220.00 403.00 -26.00 -1239.00 0
9487 -3.62 -0.83 -1.32 -106.00 0.00 217.00 403.00 -26.00 -1239.00 0
9496 -3.48 -0.90 -1.39 -107.00 -2.00 222.00 403.00 -26.00 -1239.00 0
9505 -3.27 -1.39 -1.39 -102.00 -4.00 219.00 403.00 -29.00 -1266.00 0
9515 -3.20 -2.09 -1.32 -99.00 -3.00 216.00 403.00 -29.00 -1266.00 0
9524 -2.99 -3.13 -1.18 -98.00 -8.00 216.00 403.00 -29.00 -1266.00 0
9533 -2.78 -3.20 -1.11 -96.00 -3.00 211.00 403.00 -29.00 -1266.00 0
9542 -2.71 -3.13 -1.04 -98.00 -5.00 215.00 403.00 -29.00 -1266.00 0
9551 -2.71 -2.92 -1.04 -98.00 -6.00 215.00 403.00 -29.00 -1266.00 0
9561 -2.64 -2.57 -1.11 -98.00 -5.00 214.00 403.00 -29.00 -1266.00 0
9569 -2.57 -2.37 -1.25 -101.00 0.00 219.00 402.00 -29.00 -1051.00 0
9578 -2.43 -2.16 -1.46 -102.00 -1.00 220.00 402.00 -29.00 -1051.00 0
9587 -2.71 -2.23 -1.39 -95.00 -7.00 213.00 402.00 -29.00 -1051.00 0
9596 -2.92 -2.50 -1.39 -96.00 -8.00 211.00 402.00 -29.00 -1051.00 0
9606 -2.85 -2.71 -1.39 -94.00 -4.00 210.00 402.00 -29.00 -1051.00 0
9615 -2.85 -2.64 -1.46 -99.00 -2.00 214.00 402.00 -29.00 -1051.00 0
9624 -2.92 -2.37 -1.53 -99.00 -2.00 222.00 402.00 -29.00 -1051.00 0
9633 -2.78 -2.23 -1.46 -97.00 -7.00 217.00 402.00 -29.00 -1051.00 0
9643 -3.20 -2.09 -1.32 -97.00 -4.00 213.00 402.00 -29.00 -1051.00 0
9652 -3.20 -2.02 -1.39 -96.00 0.00 218.00 402.00 -29.00 -1051.00 0
9661 -3.27 -1.88 -1.32 -101.00 -8.00 220.00 402.00 -29.00 -1051.00 0
9670 -3.55 -1.74 -1.25 -96.00 -8.00 218.00 402.00 -29.00 -1051.00 0
9678 -3.76 -1.81 -1.18 -97.00 -2.00 213.00 402.00 -29.00 -1051.00 0
9688 -3.69 -1.81 -1.11 -97.00 -5.00 212.00 402.00 -29.00 -1051.00 0
9697 -3.69 -1.74 -0.97 -99.00 -1.00 218.00 402.00 -29.00 -1051.00 0
9706 -3.76 -1.53 -0.97 -101.00 -3.00 216.00 402.00 -29.00 -1051.00 0
9715 -3.69 -1.46 -0.90 -98.00 -7.00 216.00 402.00 -29.00 -1051.00 0
9724 -3.69 -1.53 -0.97 -101.00 -4.00 215.00 402.00 -29.00 -1051.00 0
9734 -3.69 -1.53 -1.11 -97.00 -3.00 214.00 402.00 -29.00 -1051.00 0
9743 -3.55 -1.60 -1.25 -103.00 -2.00 219.00 402.00 -29.00 -1051.00 0
9752 -3.34 -1.60 -1.32 -105.00 -1.00 227.00 402.00 -29.00 -1051.00 0
9761 -3.48 -2.30 -1.25 -94.00 -1.00 217.00 402.00 -29.00 -1051.00 0
9771 -3.48 -2.78 -1.18 -97.00 -3.00 215.00 402.00 -29.00 -1051.00 0
9780 -3.34 -3.13 -1.04 -97.00 -2.00 214.00 402.00 -29.00 -1051.00 0
9788 -3.13 -3.34 -1.04 -98.00 -2.00 215.00 402.00 -29.00 -1051.00 0
9797 -2.92 -3.34 -0.90 -94.00 -4.00 216.00 402.00 -29.00 -1051.00 0
9806 -2.85 -3.20 -0.77 -97.00 -2.00 212.00 402.00 -29.00 -1051.00 0
9816 -2.71 -2.99 -0.70 -99.00 -5.00 216.00 402.00 -29.00 -1051.00 0
9825 -2.78 -2.43 -0.63 -101.00 -2.00 212.00 402.00 -29.00 -1051.00 0
9834 -2.71 -2.09 -0.77 -98.00 0.00 216.00 398.00 -29.00 -1268.00 0
9843 -2.50 -1.88 -0.90 -102.00 -3.00 221.00 398.00 -29.00 -1268.00 0
9852 -2.64 -1.88 -0.97 -97.00 -7.00 224.00 398.00 -29.00 -1268.00 0
9862 -2.85 -2.30 -0.97 -99.00 -6.00 218.00 398.00 -29.00 -1268.00 0
9871 -2.92 -2.85 -0.97 -94.00 -6.00 215.00 398.00 -29.00 -1268.00 0
9879 -2.71 -3.48 -1.04 -93.00 -1.00 217.00 398.00 -29.00 -1268.00 0
9888 -2.57 -3.55 -0.97 -91.00 -1.00 211.00 398.00 -29.00 -1268.00 0
9897 -2.50 -3.48 -1.04 -95.00 -1.00 215.00 396.00 -31.00 -1259.00 0
9907 -2.43 -3.27 -1.18 -96.00 0.00 216.00 396.00 -31.00 -1259.00 0
9916 -2.43 -3.13 -1.25 -97.00 1.00 215.00 396.00 -31.00 -1259.00 0
9925 -2.50 -3.06 -1.25 -96.00 0.00 213.00 396.00 -31.00 -1259.00 0
9934 -2.78 -2.99 -1.18 -97.00 -7.00 217.00 396.00 -31.00 -1259.00 0
9944 -3.27 -2.92 -0.97 -92.00 -4.00 209.00 396.00 -31.00 -1259.00 0
9953 -3.34 -2.78 -1.04 -99.00 -5.00 220.00 396.00 -31.00 -1259.00 0
9962 -3.20 -2.43 -1.11 -101.00 0.00 227.00 396.00 -31.00 -1259.00 0