473.00 -76.00 -1177.00 0
477 -3.83 0.07 -1.74 -144.00 24.00 185.00 473.00 -76.00 -1177.00 0
486 -3.90 0.07 -1.46 -145.00 17.00 187.00 473.00 -78.00 -1153.00 0
495 -4.03 0.00 -1.46 -148.00 20.00 186.00 471.00 -78.00 -1153.00 0
503 -4.03 0.07 -1.46 -145.00 18.00 187.00 471.00 -78.00 -1153.00 0
513 -4.10 0.21 -1.53 -146.00 16.00 188.00 471.00 -78.00 -1153.00 0
522 -4.31 0.28 -1.53 -144.00 13.00 192.00 471.00 -78.00 -1153.00 0
531 -4.24 0.14 -1.53 -145.00 19.00 186.00 471.00 -78.00 -1153.00 0
540 -4.10 -0.07 -1.53 -146.00 19.00 187.00 471.00 -78.00 -1153.00 0
549 -4.03 -0.07 -1.46 -146.00 20.00 188.00 471.00 -78.00 -1153.00 0
559 -4.03 -0.07 -1.39 -150.00 16.00 191.00 471.00 -78.00 -1153.00 0
568 -4.03 -0.14 -1.39 -143.00 15.00 188.00 471.00 -78.00 -1153.00 0
577 -4.10 -0.35 -1.32 -142.00 15.00 186.00 471.00 -78.00 -1153.00 0
586 -3.97 -0.49 -1.32 -143.00 20.00 186.00 471.00 -78.00 -1153.00 0
595 -3.90 -0.56 -1.39 -144.00 23.00 182.00 471.00 -78.00 -1153.00 0
605 -3.83 -0.49 -1.53 -145.00 19.00 186.00 471.00 -78.00 -1153.00 0
614 -3.83 -0.28 -1.60 -149.00 17.00 189.00 471.00 -78.00 -1153.00 0
622 -3.83 -0.07 -1.67 -149.00 19.00 183.00 471.00 -78.00 -1153.00 0
631 -3.83 0.00 -1.74 -150.00 17.00 187.00 471.00 -78.00 -1153.00 0
641 -3.62 0.07 -1.60 -150.00 19.00 186.00 471.00 -78.00 -1153.00 0
650 -3.55 -0.07 -1.53 -151.00 21.00 190.00 471.00 -78.00 -1153.00 0
659 -3.48 -0.35 -1.39 -149.00 17.00 191.00 471.00 -78.00 -1153.00 0
668 -3.41 -0.56 -1.32 -147.00 18.00 184.00 471.00 -78.00 -1153.00 0
677 -3.34 -0.83 -1.25 -143.00 19.00 185.00 471.00 -78.00 -1153.00 0
687 -3.20 -1.04 -1.25 -142.00 17.00 184.00 475.00 -78.00 -1222.00 0
696 -2.92 -1.11 -1.32 -142.00 18.00 188.00 475.00 -78.00 -1222.00 0
705 -2.78 -0.90 -1.39 -143.00 17.00 184.00 475.00 -78.00 -1222.00 0
714 -2.78 -0.63 -1.46 -145.00 21.00 185.00 475.00 -78.00 -1222.00 0
723 -2.78 -0.35 -1.46 -144.00 19.00 184.00 475.00 -78.00 -1222.00 0
733 -2.57 -0.14 -1.53 -145.00 19.00 188.00 475.00 -78.00 -1222.00 0
742 -2.57 0.07 -1.60 -149.00 17.00 188.00 475.00 -78.00 -1222.00 0
751 -2.57 0.21 -1.67 -148.00 19.00 187.00 473.00 -78.00 -1109.00 0
759 -2.43 0.00 -1.74 -145.00 20.00 184.00 473.00 -78.00 -1109.00 0
769 -2.43 -0.14 -1.74 -145.00 23.00 183.00 473.00 -78.00 -1109.00 0
778 -2.50 -0.14 -1.88 -145.00 21.00 186.00 473.00 -78.00 -1109.00 0
787 -2.57 0.00 -1.81 -149.00 18.00 189.00 473.00 -78.00 -1109.00 0
796 -2.71 0.14 -1.74 -146.00 17.00 188.00 473.00 -78.00 -1109.00 0
805 -2.92 0.07 -1.67 -148.00 23.00 185.00 473.00 -78.00 -1109.00 0
815 -3.13 0.07 -1.67 -146.00 20.00 187.00 472.00 -77.00 -1288.00 0
824 -3.34 0.07 -1.60 -144.00 17.00 187.00 472.00 -77.00 -1288.00 0
833 -3.90 0.00 -1.60 -146.00 17.00 188.00 472.00 -77.00 -1288.00 0
842 -4.31 0.00 -1.67 -144.00 14.00 185.00 472.00 -77.00 -1288.00 0
851 -4.45 -0.14 -1.74 -145.00 17.00 188.00 472.00 -77.00 -1288.00 0
860 -4.31 -0.21 -1.81 -144.00 20.00 187.00 472.00 -77.00 -1288.00 0
869 -4.03 -0.14 -1.88 -145.00 18.00 185.00 472.00 -77.00 -1288.00 0
878 -3.97 -0.07 -1.74 -150.00 18.00 186.00 472.00 -77.00 -1288.00 0
887 -4.03 -0.14 -1.74 -149.00 19.00 187.00 472.00 -77.00 -1288.00 0
897 -3.97 -0.14 -1.67 -149.00 20.00 187.00 472.00 -77.00 -1288.00 0
906 -3.76 -0.07 -1.67 -147.00 20.00 188.00 472.00 -77.00 -1288.00 0
915 -3.62 -0.07 -1.60 -148.00 22.00 188.00 472.00 -77.00 -1288.00 0
924 -3.55 -0.14 -1.53 -143.00 21.00 182.00 472.00 -77.00 -1288.00 0
933 -3.62 -0.28 -1.39 -144.00 19.00 184.00 472.00 -77.00 -1288.00 0
943 -3.69 -0.28 -1.39 -144.00 16.00 186.00 472.00 -77.00 -1288.00 0
952 -3.76 -0.21 -1.46 -143.00 19.00 184.00 476.00 -79.00 -1184.00 0
961 -3.76 0.00 -1.53 -149.00 19.00 190.00 476.00 -79.00 -1184.00 0
970 -3.69 0.21 -1.67 -150.00 21.00 186.00 476.00 -79.00 -1184.00 0
979 -3.62 0.35 -1.67 -149.00 20.00 187.00 476.00 -79.00 -1184.00 0
989 -3.55 0.35 -1.74 -147.00 21.00 185.00 476.00 -79.00 -1184.00 0
997 -3.76 0.07 -1.81 -146.00 21.00 186.00 476.00 -79.00 -1184.00 0
1006 -3.83 -0.14 -1.88 -149.00 19.00 187.00 476.00 -79.00 -1184.00 0
1015 -3.90 -0.35 -1.88 -148.00 20.00 186.00 476.00 -79.00 -1184.00 0
1025 -3.97 -0.56 -1.88 -150.00 17.00 188.00 476.00 -79.00 -1184.00 0
1034 -4.03 -0.70 -1.81 -148.00 16.00 186.00 476.00 -79.00 -1184.00 0
1043 -4.03 -0.97 -1.88 -143.00 23.00 180.00 476.00 -79.00 -1184.00 0
1052 -3.97 -1.11 -2.02 -145.00 22.00 187.00 476.00 -79.00 -1184.00 0
1061 -4.10 -0.90 -2.02 -148.00 18.00 184.00 476.00 -79.00 -1184.00 0
1071 -4.24 -0.70 -2.02 -146.00 16.00 189.00 476.00 -79.00 -1184.00 0
1080 -4.24 -0.77 -1.95 -144.00 18.00 184.00 472.00 -78.00 -1197.00 0
1089 -4.24 -0.83 -1.95 -149.00 18.00 185.00 472.00 -78.00 -1197.00 0
1098 -4.17 -0.83 -1.88 -147.00 20.00 189.00 472.00 -78.00 -1197.00 0
1107 -4.10 -0.83 -1.74 -146.00 21.00 184.00 472.00 -78.00 -1197.00 0
1117 -4.10 -0.90 -1.60 -143.00 19.00 184.00 472.00 -78.00 -1197.00 0
1126 -4.10 -0.90 -1.53 -147.00 18.00 186.00 472.00 -78.00 -1197.00 0
1135 -4.17 -0.97 -1.46 -148.00 21.00 186.00 472.00 -78.00 -1197.00 0
1144 -4.17 -0.90 -1.39 -150.00 24.00 186.00 476.00 -75.00 -1135.00 0
1154 -4.24 -0.83 -1.32 -151.00 19.00 190.00 476.00 -75.00 -1135.00 0
1163 -4.45 -1.11 -1.25 -147.00 17.00 186.00 476.00 -75.00 -1135.00 0
1172 -4.59 -1.39 -1.11 -146.00 18.00 186.00 476.00 -75.00 -1135.00 0
1181 -4.73 -1.60 -1.04 -147.00 14.00 184.00 476.00 -75.00 -1135.00 0
1190 -4.73 -1.60 -1.04 -146.00 17.00 186.00 476.00 -75.00 -1135.00 0
1200 -4.66 -1.67 -1.18 -145.00 24.00 185.00 476.00 -75.00 -1135.00 0
1209 -4.52 -1.67 -1.25 -145.00 23.00 187.00 474.00 -76.00 -1276.00 0
1218 -4.59 -1.60 -1.11 -146.00 18.00 188.00 474.00 -76.00 -1276.00 0
1227 -4.80 -1.60 -1.11 -145.00 16.00 184.00 474.00 -76.00 -1276.00 0
1236 -4.94 -1.60 -1.11 -145.00 18.00 188.00 474.00 -76.00 -1276.00 0
1246 -4.94 -1.53 -1.04 -150.00 16.00 189.00 474.00 -76.00 -1276.00 0
1255 -4.94 -1.53 -0.97 -147.00 11.00 190.00 474.00 -76.00 -1276.00 0
1264 -5.01 -1.60 -0.83 -142.00 16.00 185.00 474.00 -76.00 -1276.00 0
1273 -4.94 -1.95 -0.83 -143.00 20.00 183.00 473.00 -76.00 -1063.00 0
1283 -4.38 -2.09 -0.83 -144.00 13.00 182.00 473.00 -76.00 -1063.00 0
1292 -4.52 -1.81 -0.90 -149.00 16.00 186.00 473.00 -76.00 -1063.00 0
1301 -4.38 -1.67 -0.97 -144.00 24.00 189.00 473.00 -76.00 -1063.00 0
1310 -4.17 -1.53 -0.97 -146.00 26.00 188.00 473.00 -76.00 -1063.00 0
1319 -4.17 -1.53 -0.90 -147.00 18.00 190.00 473.00 -76.00 -1063.00 0
1329 -4.52 -1.81 -0.63 -146.00 16.00 185.00 473.00 -76.00 -1063.00 0
1338 -5.22 -2.02 -0.49 -146.00 15.00 185.00 473.00 -76.00 -1063.00 0
1347 -5.22 -2.16 -0.35 -144.00 15.00 184.00 473.00 -76.00 -1063.00 0
1356 -5.08 -2.23 -0.35 -142.00 12.00 189.00 473.00 -76.00 -1063.00 0
1366 -5.01 -2.09 -0.35 -143.00 13.00 186.00 473.00 -76.00 -1063.00 0
1375 -4.80 -1.95 -0.49 -146.00 13.00 187.00 473.00 -76.00 -1063.00 0
1384 -4.31 -1.74 -0.70 -144.00 19.00 187.00 473.00 -76.00 -1063.00 0
1393 -3.34 -1.18 -0.77 -145.00 21.00 187.00 473.00 -76.00 -1063.00 0
1402 -3.20 -0.83 -0.77 -143.00 23.00 186.00 473.00 -76.00 -1063.00 0
1412 -3.06 -0.63 -0.63 -140.00 27.00 186.00 473.00 -76.00 -1063.00 0
1421 -3.06 -0.42 -0.49 -137.00 19.00 185.00 473.00 -76.00 -1063.00 0
1430 -3.34 -0.28 -0.35 -137.00 17.00 186.00 473.00 -76.00 -1063.00 0
1439 -3.83 -0.14 -0.28 -134.00 17.00 186.00 473.00 -76.00 -1063.00 0
1448 -4.03 0.56 -0.28 -136.00 23.00 185.00 473.00 -76.00 -1063.00 0
1458 -4.10 0.90 -0.14 -138.00 19.00 185.00 473.00 -76.00 -1063.00 0
1467 -4.45 0.97 0.21 -136.00 16.00 189.00 473.00 -76.00 -1063.00 0
1476 -4.80 0.83 0.49 -139.00 13.00 184.00 473.00 -76.00 -1063.00 0
1485 -5.15 0.83 0.77 -147.00 19.00 189.00 473.00 -76.00 -1063.00 0
1495 -5.22 1.11 0.97 -146.00 22.00 187.00 473.00 -76.00 -1063.00 0
1504 -4.66 1.32 1.46 -150.00 22.00 186.00 473.00 -76.00 -1063.00 0
1513 -4.59 1.32 1.81 -153.00 18.00 190.00 473.00 -76.00 -1063.00 0
1522 -4.80 1.18 2.23 -152.00 19.00 195.00 473.00 -76.00 -1063.00 0
1531 -4.94 0.70 2.57 -147.00 22.00 193.00 473.00 -76.00 -1063.00 0
1541 -5.01 -0.28 2.85 -143.00 24.00 181.00 473.00 -76.00 -1063.00 0
1550 -5.29 -1.74 3.20 -138.00 21.00 182.00 473.00 -76.00 -1063.00 0
1559 -6.54 -3.69 3.41 -132.00 23.00 176.00 473.00 -76.00 -1063.00 0
1568 -7.30 -3.76 3.13 -135.00 22.00 179.00 473.00 -76.00 -1063.00 0
1577 -8.07 -3.62 2.78 -135.00 22.00 190.00 473.00 -76.00 -1063.00 0
1587 -8.77 -3.41 2.50 -137.00 30.00 191.00 473.00 -76.00 -1063.00 0
1596 -9.39 -3.83 2.30 -139.00 42.00 188.00 473.00 -76.00 -1063.00 0
1605 -10.16 -5.22 2.37 -141.00 41.00 182.00 475.00 -76.00 -1321.00 0
1614 -13.36 -7.51 4.17 -141.00 33.00 186.00 475.00 -76.00 -1321.00 0
1624 -15.65 -7.17 5.70 -141.00 21.00 185.00 475.00 -76.00 -1321.00 0
1633 -17.95 -6.61 6.89 -145.00 19.00 189.00 475.00 -76.00 -1321.00 0
1642 -19.69 -6.33 7.58 -147.00 17.00 185.00 475.00 -76.00 -1321.00 0
1651 -21.01 -6.82 7.93 -146.00 14.00 183.00 475.00 -76.00 -1321.00 0
1660 -22.05 -7.93 7.65 -148.00 17.00 191.00 475.00 -76.00 -1321.00 0
1670 -22.26 -7.86 7.17 -150.00 19.00 192.00 473.00 -68.00 -1323.00 0
1679 -22.40 -7.65 7.10 -147.00 14.00 191.00 473.00 -68.00 -1323.00 0
1688 -22.75 -7.79 7.03 -143.00 8.00 190.00 473.00 -68.00 -1323.00 0
1697 -22.96 -7.86 7.03 -139.00 15.00 189.00 473.00 -68.00 -1323.00 0
1707 -22.89 -7.93 7.23 -132.00 18.00 188.00 473.00 -68.00 -1323.00 0
1716 -22.68 -7.86 7.79 -131.00 22.00 187.00 473.00 -68.00 -1323.00 0
1725 -23.72 -7.93 9.74 -134.00 14.00 189.00 473.00 -68.00 -1323.00 0
1734 -25.04 -8.07 10.85 -136.00 14.00 183.00 473.00 -62.00 -1266.00 0
1743 -26.23 -8.21 11.83 -139.00 15.00 188.00 473.00 -62.00 -1266.00 0
1753 -27.27 -7.72 12.45 -144.00 10.00 189.00 473.00 -62.00 -1266.00 0
1762 -28.66 -6.47 12.80 -151.00 1.00 190.00 473.00 -62.00 -1266.00 0
1771 -29.98 -4.66 12.87 -154.00 2.00 195.00 473.00 -62.00 -1266.00 0
1780 -30.19 -1.25 12.24 -156.00 0.00 195.00 473.00 -62.00 -1266.00 0
1789 -29.08 -0.42 11.90 -152.00 1.00 194.00 473.00 -62.00 -1266.00 0
1799 -27.69 -0.07 11.34 -148.00 -3.00 195.00 482.00 -57.00 -1191.00 0
1808 -26.30 -0.28 10.71 -142.00 -1.00 188.00 482.00 -57.00 -1191.00 0
1817 -24.56 -0.83 9.88 -138.00 6.00 184.00 482.00 -57.00 -1191.00 0
1826 -22.75 -1.25 9.18 -143.00 0.00 186.00 482.00 -57.00 -1191.00 0
1836 -20.94 -0.90 7.93 -144.00 -10.00 193.00 482.00 -57.00 -1191.00 0
1845 -19.97 -0.90 6.82 -147.00 -8.00 198.00 482.00 -57.00 -1191.00 0
1854 -18.37 -0.97 5.63 -149.00 -2.00 199.00 482.00 -57.00 -1191.00 0
1863 -16.14 -1.11 4.52 -150.00 0.00 197.00 482.00 -57.00 -1191.00 0
1872 -13.98 -1.60 3.55 -147.00 -1.00 200.00 482.00 -57.00 -1191.00 0
1882 -12.03 -2.23 2.64 -145.00 -1.00 192.00 482.00 -57.00 -1191.00 0
1891 -8.35 -3.34 0.97 -146.00 1.00 192.00 482.00 -57.00 -1191.00 0
1900 -6.33 -3.76 0.21 -144.00 7.00 195.00 482.00 -57.00 -1191.00 0
1909 -4.38 -4.17 -0.42 -140.00 15.00 192.00 482.00 -57.00 -1191.00 0
1918 -2.78 -4.59 -0.77 -143.00 16.00 188.00 482.00 -57.00 -1191.00 0
1928 -1.67 -4.94 -0.97 -138.00 14.00 192.00 482.00 -57.00 -1191.00 0
1937 -1.18 -4.94 -1.11 -142.00 12.00 192.00 482.00 -57.00 -1191.00 0
1946 -1.18 -4.66 -1.11 -144.00 18.00 193.00 482.00 -57.00 -1191.00 0
1955 -2.09 -4.52 -0.97 -143.00 7.00 196.00 482.00 -57.00 -1191.00 0
1965 -3.13 -4.17 -0.70 -143.00 1.00 195.00 482.00 -57.00 -1191.00 0
1974 -4.24 -3.76 -0.56 -138.00 3.00 190.00 482.00 -57.00 -1191.00 0
1983 -4.66 -3.62 -0.56 -139.00 6.00 189.00 482.00 -57.00 -1191.00 0
1992 -4.87 -3.41 -0.63 -140.00 3.00 191.00 482.00 -57.00 -1191.00 0
2001 -5.08 -3.06 -0.77 -137.00 2.00 191.00 482.00 -57.00 -1191.00 0
2011 -5.01 -2.37 -1.53 -136.00 9.00 189.00 482.00 -57.00 -1191.00 0
2020 -4.59 -1.95 -1.81 -141.00 11.00 193.00 482.00 -57.00 -1191.00 0
2029 -4.24 -1.46 -1.88 -142.00 9.00 193.00 482.00 -57.00 -1191.00 0
2038 -4.03 -1.11 -1.81 -141.00 5.00 194.00 482.00 -57.00 -1191.00 0
2048 -3.97 -0.97 -1.67 -136.00 2.00 192.00 482.00 -57.00 -1191.00 0
2057 -3.69 -0.90 -1.67 -138.00 12.00 187.00 482.00 -57.00 -1191.00 0
2066 -2.92 -0.63 -1.95 -138.00 8.00 188.00 482.00 -57.00 -1191.00 0
2075 -2.78 -0.28 -2.09 -139.00 12.00 191.00 482.00 -57.00 -1191.00 0
2084 -2.71 0.14 -2.09 -137.00 12.00 190.00 482.00 -57.00 -1191.00 0
2094 -2.85 0.49 -2.09 -139.00 4.00 192.00 482.00 -57.00 -1191.00 0
2102 -3.13 0.83 -2.02 -140.00 4.00 191.00 482.00 -57.00 -1191.00 0
2111 -3.48 0.97 -2.02 -138.00 6.00 189.00 482.00 -57.00 -1191.00 0
2120 -3.83 0.83 -2.50 -139.00 2.00 187.00 482.00 -57.00 -1191.00 0
2129 -3.97 0.77 -2.85 -139.00 4.00 188.00 479.00 -52.00 -1226.00 0
2139 -3.76 0.83 -3.27 -140.00 8.00 192.00 479.00 -52.00 -1226.00 0
2148 -3.34 1.04 -3.55 -142.00 12.00 193.00 479.00 -52.00 -1226.00 0
2157 -2.99 1.11 -3.69 -142.00 8.00 197.00 479.00 -52.00 -1226.00 0
2166 -2.99 0.97 -3.69 -143.00 8.00 194.00 479.00 -52.00 -1226.00 0
2176 -2.99 0.49 -3.76 -139.00 9.00 190.00 479.00 -52.00 -1226.00 0
2185 -2.99 -0.49 -3.69 -141.00 8.00 190.00 479.00 -52.00 -1226.00 0
2194 -2.92 -0.83 -3.55 -139.00 9.00 189.00 478.00 -52.00 -1160.00 0
2203 -2.92 -1.11 -3.34 -140.00 8.00 194.00 478.00 -52.00 -1160.00 0
2212 -2.85 -1.39 -3.06 -143.00 5.00 197.00 478.00 -52.00 -1160.00 0
2222 -3.06 -1.81 -2.85 -141.00 5.00 198.00 478.00 -52.00 -1160.00 0
2231 -3.20 -2.43 -2.64 -146.00 4.00 202.00 478.00 -52.00 -1160.00 0
2240 -3.34 -4.31 -2.23 -155.00 9.00 207.00 478.00 -52.00 -1160.00 0
2249 -3.34 -6.12 -1.95 -155.00 11.00 212.00 478.00 -52.00 -1160.00 0
2258 -3.55 -8.97 -1.60 -150.00 10.00 209.00 478.00 -54.00 -1321.00 0
2268 -3.97 -12.52 -1.18 -141.00 5.00 193.00 473.00 -54.00 -1321.00 0
2277 -4.17 -15.93 -0.77 -129.00 1.00 184.00 473.00 -54.00 -1321.00 0
2286 -3.97 -18.57 -0.49 -127.00 2.00 178.00 473.00 -54.00 -1321.00 0
2295 -2.30 -19.76 -0.70 -128.00 6.00 182.00 473.00 -54.00 -1321.00 0
2305 -1.25 -18.37 -0.90 -133.00 4.00 189.00 473.00 -54.00 -1321.00 0
2313 -0.49 -16.28 -1.04 -131.00 11.00 196.00 473.00 -54.00 -1321.00 0
2323 0.07 -13.98 -1.11 -135.00 12.00 195.00 473.00 -54.00 -1321.00 0
2332 0.07 -12.03 -0.97 -136.00 15.00 196.00 473.00 -54.00 -1321.00 0
2341 -0.28 -10.71 -0.77 -138.00 10.00 195.00 473.00 -54.00 -1321.00 0
2351 -0.90 -9.32 -0.56 -141.00 12.00 208.00 473.00 -54.00 -1321.00 0
2360 -2.16 -9.67 -0.49 -152.00 16.00 222.00 473.00 -54.00 -1321.00 0
2369 -2.78 -11.20 -0.35 -156.00 20.00 229.00 473.00 -54.00 -1321.00 0
2378 -3.62 -14.26 -0.07 -144.00 14.00 215.00 473.00 -54.00 -1321.00 0
2387 -4.59 -18.23 0.49 -132.00 9.00 199.00 473.00 -54.00 -1321.00 0
2397 -5.43 -21.84 1.39 -119.00 2.00 188.00 473.00 -54.00 -1321.00 0
2406 -5.98 -25.60 3.76 -111.00 -3.00 176.00 473.00 -54.00 -1321.00 0
2415 -6.05 -25.74 4.38 -106.00 -6.00 173.00 473.00 -54.00 -1321.00 0
2424 -5.43 -24.56 4.31 -106.00 4.00 171.00 473.00 -54.00 -1321.00 0
2434 -4.24 -22.47 3.69 -109.00 9.00 178.00 473.00 -54.00 -1321.00 0
2443 -2.57 -19.48 2.71 -113.00 15.00 185.00 473.00 -54.00 -1321.00 0
2452 -0.90 -15.72 1.67 -121.00 16.00 189.00 473.00 -54.00 -1321.00 0
2461 0.28 -11.76 -0.21 -127.00 14.00 200.00 473.00 -54.00 -1321.00 0
2470 0.90 -5.15 -0.97 -133.00 8.00 204.00 473.00 -54.00 -1321.00 0
2479 0.83 -2.85 -1.53 -135.00 5.00 204.00 473.00 -54.00 -1321.00 0
2488 0.77 -1.18 -1.95 -134.00 2.00 207.00 473.00 -54.00 -1321.00 0
2497 0.83 -0.07 -2.43 -133.00 5.00 210.00 473.00 -54.00 -1321.00 0
2506 1.11 0.49 -3.06 -131.00 11.00 204.00 473.00 -54.00 -1321.00 0
2515 1.53 0.28 -3.62 -124.00 14.00 193.00 473.00 -54.00 -1321.00 0
2525 2.43 -1.25 -4.17 -119.00 21.00 185.00 473.00 -54.00 -1321.00 0
2534 2.64 -1.60 -4.10 -121.00 22.00 188.00 473.00 -54.00 -1321.00 0
2543 2.57 -1.18 -3.97 -126.00 22.00 195.00 473.00 -54.00 -1321.00 0
2552 2.02 -0.35 -3.83 -129.00 15.00 204.00 473.00 -54.00 -1321.00 0
2562 0.97 0.49 -3.69 -133.00 19.00 208.00 473.00 -54.00 -1321.00 0
2571 -0.07 1.11 -3.55 -138.00 9.00 213.00 473.00 -54.00 -1321.00 0
2580 -2.16 0.77 -2.92 -134.00 9.00 206.00 473.00 -54.00 -1321.00 0
2589 -3.06 -0.42 -2.57 -131.00 6.00 201.00 450.00 -60.00 -1080.00 0
2598 -3.69 -1.60 -2.09 -131.00 4.00 208.00 450.00 -60.00 -1080.00 0
2608 -3.97 -2.71 -1.74 -134.00 2.00 211.00 450.00 -60.00 -1080.00 0
2617 -3.97 -3.90 -1.60 -132.00 9.00 203.00 450.00 -60.00 -1080.00 0
2626 -3.83 -5.36 -1.53 -128.00 10.00 195.00 450.00 -60.00 -1080.00 0
2635 -3.41 -8.14 -1.39 -120.00 9.00 194.00 450.00 -60.00 -1080.00 0
2644 -2.43 -8.83 -1.25 -120.00 18.00 195.00 450.00 -60.00 -1080.00 0
2654 -1.95 -9.04 -1.11 -120.00 21.00 193.00 450.00 -59.00 -1147.00 0
2663 -1.88 -8.63 -0.97 -119.00 16.00 194.00 450.00 -59.00 -1147.00 0
2672 -2.09 -7.79 -0.83 -125.00 14.00 208.00 450.00 -59.00 -1147.00 0
2681 -2.57 -6.82 -0.83 -139.00 16.00 221.00 450.00 -59.00 -1147.00 0
2691 -3.20 -6.33 -0.83 -143.00 13.00 225.00 450.00 -59.00 -1147.00 0
2700 -4.52 -8.77 -0.63 -140.00 12.00 224.00 450.00 -59.00 -1147.00 0
2709 -5.08 -11.55 -0.14 -152.00 21.00 237.00 450.00 -59.00 -1147.00 0
2718 -5.70 -15.17 0.70 -152.00 26.00 242.00 441.00 -62.00 -1132.00 0
2727 -6.68 -19.20 2.16 -135.00 23.00 223.00 441.00 -62.00 -1132.00 0
2737 -7.79 -24.14 4.24 -118.00 12.00 204.00 441.00 -62.00 -1132.00 0
2746 -9.46 -29.43 8.70 -107.00 10.00 191.00 441.00 -62.00 -1132.00 0
2755 -11.97 -36.73 10.37 -98.00 2.00 189.00 441.00 -62.00 -1132.00 0
2764 -12.73 -39.23 11.27 -97.00 5.00 187.00 441.00 -62.00 -1132.00 0
2774 -13.08 -41.04 11.41 -100.00 9.00 192.00 441.00 -62.00 -1132.00 0
2783 -13.43 -42.16 10.78 -98.00 9.00 195.00 441.00 -62.00 -1132.00 0
2792 -13.70 -42.23 9.88 -113.00 18.00 218.00 441.00 -62.00 -1132.00 0
2801 -13.63 -41.53 8.56 -129.00 29.00 246.00 441.00 -62.00 -1132.00 0
2810 -15.44 -42.99 8.42 -136.00 31.00 253.00 441.00 -62.00 -1132.00 0
2820 -17.32 -47.30 8.97 -130.00 20.00 249.00 441.00 -62.00 -1132.00 0
2829 -19.48 -54.05 10.09 -125.00 15.00 241.00 441.00 -62.00 -1132.00 0
2838 -21.36 -62.33 11.55 -106.00 7.00 226.00 441.00 -62.00 -1132.00 0
2847 -22.68 -71.03 13.08 -85.00 2.00 198.00 441.00 -62.00 -1132.00 0
2856 -23.93 -84.87 14.89 -63.00 -3.00 183.00 441.00 -62.00 -1132.00 0
2866 -24.21 -88.42 15.03 -58.00 -5.00 177.00 441.00 -62.00 -1132.00 0
2875 -24.35 -89.04 14.19 -55.00 -7.00 185.00 441.00 -62.00 -1132.00 0
2885 -24.70 -87.65 12.31 -55.00 -11.00 196.00 441.00 -62.00 -1132.00 0
2894 -24.21 -85.15 10.02 -54.00 -6.00 199.00 441.00 -62.00 -1132.00 0
2904 -23.17 -80.97 7.37 -53.00 -9.00 187.00 441.00 -62.00 -1132.00 0
2913 -19.55 -67.55 2.57 -47.00 2.00 191.00 441.00 -62.00 -1132.00 0
2922 -16.97 -58.37 0.77 -37.00 11.00 189.00 441.00 -62.00 -1132.00 0
2931 -15.37 -47.86 -0.77 -38.00 27.00 185.00 441.00 -62.00 -1132.00 0
2940 -14.96 -36.45 -1.53 -40.00 22.00 182.00 441.00 -62.00 -1132.00 0
2950 -16.21 -24.35 -1.39 -41.00 28.00 176.00 441.00 -62.00 -1132.00 0
2959 -18.37 -12.24 -0.77 -38.00 30.00 173.00 441.00 -62.00 -1132.00 0
2968 -27.62 14.82 1.32 -39.00 -12.00 157.00 441.00 -62.00 -1132.00 0
2977 -34.09 31.79 2.50 -30.00 -21.00 126.00 441.00 -62.00 -1132.00 0
2987 -37.98 50.64 3.34 -9.00 -26.00 101.00 441.00 -62.00 -1132.00 0
2996 -39.10 72.49 3.62 -20.00 -40.00 38.00 441.00 -62.00 -1132.00 0
3005 -37.84 101.22 3.97 -15.00 -119.00 9.00 441.00 -62.00 -1132.00 0
3014 -34.64 138.85 3.69 -63.00 -118.00 -15.00 441.00 -62.00 -1132.00 0
3023 -15.72 241.18 -6.68 -133.00 -113.00 -1.00 441.00 -62.00 -1132.00 0
3033 0.14 295.93 -15.17 -187.00 -47.00 20.00 441.00 -62.00 -1132.00 1
3043 18.78 343.72 -25.88 -2823.00 594.00 2519.00 441.00 -62.00 -1132.00 1
3053 38.54 359.51 -34.57 -111.00 -44.00 -186.00 441.00 -62.00 -1132.00 1
3063 19.13 196.24 -34.99 -150.00 -82.00 185.00 441.00 -62.00 -1132.00 1
3074 9.25 158.40 -27.41 -162.00 -3.00 163.00 441.00 -62.00 -1132.00 1
3084 7.23 126.61 -18.99 -145.00 3.00 188.00 441.00 -62.00 -1132.00 1
3094 7.51 100.24 -13.01 -169.00 -11.00 153.00 441.00 -62.00 -1132.00 1
3104 2.85 61.63 -5.98 -164.00 9.00 182.00 441.00 -62.00 -1132.00 1
3115 1.53 47.30 -2.71 -170.00 -7.00 168.00 525.00 -26.00 -1170.00 1
3125 -0.42 36.66 -1.25 -167.00 -3.00 177.00 525.00 -26.00 -1170.00 1
3135 -3.83 19.90 0.49 -164.00 -5.00 182.00 525.00 -26.00 -1170.00 1
3145 -4.73 15.03 1.25 -168.00 -3.00 169.00 525.00 -26.00 -1170.00 1
3155 -5.22 11.20 1.81 -165.00 2.00 177.00 525.00 -26.00 -1170.00 1
3166 -5.50 7.79 2.02 -164.00 0.00 158.00 525.00 -26.00 -1170.00 1
3175 -7.79 2.71 1.95 -164.00 -2.00 170.00 525.00 -26.00 -1170.00 1
3185 -8.97 0.21 1.46 -173.00 -11.00 175.00 525.00 -26.00 -1170.00 1
3195 -9.81 -2.09 0.90 -170.00 -12.00 172.00 525.00 -26.00 -1170.00 1
3206 -8.42 -2.92 -0.35 -170.00 -6.00 175.00 525.00 -26.00 -1170.00 1
3216 -6.89 -2.43 -0.56 -172.00 -7.00 181.00 525.00 -26.00 -1170.00 1
3226 -5.57 -2.02 -0.77 -183.00 -14.00 196.00 525.00 -26.00 -1170.00 1
3236 -4.38 -1.81 -0.83 -208.00 -1.00 235.00 525.00 -26.00 -1170.00 0
3246 -1.53 -2.23 0.70 -280.00 36.00 342.00 525.00 -28.00 -1045.00 0
3255 -0.83 -7.79 3.41 -315.00 3.00 375.00 525.00 -28.00 -1045.00 0
3264 -3.27 -27.55 5.98 -273.00 -18.00 298.00 525.00 -28.00 -1045.00 0
3273 -4.59 -52.87 9.88 -201.00 13.00 195.00 525.00 -28.00 -1045.00 0
3282 -3.27 -76.17 16.63 -107.00 60.00 66.00 525.00 -28.00 -1045.00 0
3292 -2.57 -95.51 24.97 -40.00 28.00 19.00 525.00 -28.00 -1045.00 0
3301 -17.25 -119.10 34.92 -29.00 -45.00 16.00 525.00 -28.00 -1045.00 0
3310 -27.97 -122.16 33.46 -51.00 -69.00 81.00 473.00 -32.00 -1032.00 0
3319 -33.46 -117.08 28.45 -68.00 -63.00 110.00 473.00 -32.00 -1032.00 0
3329 -33.53 -105.32 21.57 -83.00 11.00 153.00 473.00 -32.00 -1032.00 0
3338 -27.97 -92.73 15.23 -91.00 -16.00 146.00 473.00 -32.00 -1032.00 0
3347 -24.21 -78.12 9.04 -90.00 -30.00 148.00 473.00 -32.00 -1032.00 0
3356 -18.02 -41.46 0.49 -102.00 -36.00 151.00 473.00 -32.00 -1032.00 0
3365 -12.94 -21.36 -3.13 -121.00 -24.00 174.00 473.00 -32.00 -1032.00 0
3375 -7.37 -2.78 -6.61 -145.00 -12.00 207.00 476.00 -31.00 -1100.00 0
3384 -2.16 13.01 -9.95 -167.00 10.00 241.00 476.00 -31.00 -1100.00 0
3393 2.02 24.07 -12.52 -175.00 10.00 243.00 476.00 -31.00 -1100.00 0
3402 4.66 29.84 -14.47 -169.00 5.00 236.00 476.00 -31.00 -1100.00 0
3412 5.98 29.98 -14.05 -169.00 -5.00 231.00 476.00 -31.00 -1100.00 0
3422 5.91 26.43 -13.22 -172.00 -3.00 221.00 476.00 -31.00 -1100.00 0
3431 6.19 20.59 -12.17 -155.00 2.00 211.00 476.00 -31.00 -1100.00 0
3440 7.03 13.43 -11.20 -152.00 9.00 197.00 483.00 -33.00 -1076.00 0
3449 7.58 6.19 -10.16 -138.00 7.00 186.00 483.00 -33.00 -1076.00 0
3459 7.58 0.07 -7.58 -127.00 -6.00 183.00 483.00 -33.00 -1076.00 0
3468 6.33 -7.17 -6.40 -126.00 0.00 183.00 483.00 -33.00 -1076.00 0
3476 5.77 -8.49 -5.50 -132.00 2.00 188.00 483.00 -33.00 -1076.00 0
3485 4.80 -8.77 -4.73 -135.00 4.00 191.00 483.00 -33.00 -1076.00 0
3494 3.90 -8.83 -4.10 -138.00 5.00 198.00 483.00 -33.00 -1076.00 0
3504 2.64 -8.77 -3.48 -138.00 0.00 197.00 483.00 -33.00 -1076.00 0
3513 1.11 -8.70 -2.99 -142.00 -2.00 196.00 483.00 -33.00 -1076.00 0
3522 -0.77 -9.81 -2.43 -136.00 11.00 190.00 483.00 -33.00 -1076.00 0
3531 -1.39 -10.23 -2.09 -134.00 -1.00 193.00 483.00 -33.00 -1076.00 0
3540 -2.37 -10.50 -1.74 -137.00 -3.00 195.00 483.00 -33.00 -1076.00 0
3550 -3.41 -10.57 -1.46 -139.00 0.00 201.00 483.00 -33.00 -1076.00 0
3559 -4.10 -10.64 -1.25 -135.00 -2.00 204.00 483.00 -33.00 -1076.00 0
3568 -4.52 -11.34 -1.11 -141.00 -3.00 198.00 483.00 -33.00 -1076.00 0
3577 -4.80 -14.33 -0.97 -133.00 0.00 193.00 468.00 -31.00 -1155.00 0
3587 -4.52 -16.07 -0.90 -128.00 0.00 191.00 468.00 -31.00 -1155.00 0
3596 -4.52 -17.18 -0.70 -127.00 1.00 192.00 468.00 -31.00 -1155.00 0
3605 -5.08 -17.67 -0.49 -129.00 -9.00 194.00 468.00 -31.00 -1155.00 0
3614 -5.98 -17.67 -0.42 -126.00 -8.00 190.00 468.00 -31.00 -1155.00 0
3623 -6.61 -17.18 -0.49 -127.00 -4.00 193.00 468.00 -31.00 -1155.00 0
3633 -6.61 -15.23 -0.90 -127.00 -8.00 196.00 468.00 -31.00 -1155.00 0
3642 -6.26 -13.84 -1.18 -131.00 -5.00 197.00 468.00 -31.00 -1155.00 0
3651 -5.57 -12.38 -1.46 -128.00 -6.00 198.00 468.00 -31.00 -1155.00 0
3660 -4.73 -10.92 -1.53 -137.00 -8.00 202.00 468.00 -31.00 -1155.00 0
3670 -3.90 -9.67 -1.74 -130.00 -8.00 200.00 468.00 -31.00 -1155.00 0
3679 -2.92 -9.18 -2.16 -132.00 -9.00 205.00 468.00 -31.00 -1155.00 0
3688 -1.74 -8.90 -3.06 -139.00 -15.00 209.00 468.00 -31.00 -1155.00 0
3697 0.70 -9.46 -3.76 -140.00 -13.00 221.00 468.00 -31.00 -1155.00 0
3706 2.64 -10.78 -4.45 -139.00 -13.00 217.00 468.00 -31.00 -1155.00 0
3716 4.94 -12.24 -5.15 -140.00 -8.00 218.00 468.00 -31.00 -1155.00 0
3725 7.79 -14.47 -5.77 -137.00 -6.00 210.00 468.00 -31.00 -1155.00 0
3734 10.78 -17.46 -6.40 -136.00 2.00 215.00 468.00 -31.00 -1155.00 0
3743 13.77 -24.35 -7.51 -139.00 11.00 224.00 468.00 -31.00 -1155.00 0
3752 18.30 -28.45 -7.79 -142.00 11.00 225.00 468.00 -31.00 -1155.00 0
3762 19.41 -32.63 -7.44 -138.00 14.00 241.00 468.00 -31.00 -1155.00 0
3771 19.97 -36.80 -6.26 -146.00 18.00 236.00 430.00 -46.00 -1214.00 0
3780 19.62 -42.43 -4.66 -133.00 19.00 224.00 430.00 -46.00 -1214.00 0
3790 18.57 -49.67 -2.71 -118.00 16.00 214.00 430.00 -46.00 -1214.00 0
3800 16.07 -64.77 2.02 -109.00 13.00 199.00 430.00 -46.00 -1214.00 0
3809 14.33 -70.40 4.38 -113.00 15.00 215.00 430.00 -46.00 -1214.00 0
3818 12.52 -74.85 6.40 -125.00 22.00 235.00 430.00 -46.00 -1214.00 0
3827 10.30 -80.21 7.86 -119.00 23.00 240.00 430.00 -46.00 -1214.00 0
3836 7.72 -86.33 9.39 -107.00 17.00 226.00 381.00 -54.00 -1225.00 0
3846 5.77 -93.36 11.34 -98.00 6.00 220.00 381.00 -54.00 -1225.00 0
3855 1.18 -105.67 15.03 -98.00 10.00 238.00 381.00 -54.00 -1225.00 0
3864 -1.04 -110.82 16.00 -94.00 0.00 232.00 381.00 -54.00 -1225.00 0
3873 -3.13 -116.10 16.49 -74.00 3.00 228.00 381.00 -54.00 -1225.00 0
3883 -3.83 -121.46 16.63 -55.00 -4.00 186.00 381.00 -54.00 -1225.00 0
3892 -3.97 -125.29 16.42 -23.00 -5.00 171.00 381.00 -54.00 -1225.00 0
3901 -3.48 -126.05 15.86 -20.00 -4.00 160.00 311.00 -60.00 -1318.00 0
3910 -1.67 -115.34 12.38 -27.00 8.00 180.00 311.00 -60.00 -1318.00 0
3919 -0.56 -106.37 9.88 -24.00 21.00 196.00 311.00 -60.00 -1318.00 0
3929 0.28 -96.90 7.44 -33.00 16.00 205.00 311.00 -60.00 -1318.00 0
3938 0.21 -87.03 5.36 -39.00 21.00 222.00 311.00 -60.00 -1318.00 0
3947 0.07 -77.77 4.03 -52.00 19.00 229.00 311.00 -60.00 -1318.00 0
3956 -0.70 -69.70 3.13 -43.00 13.00 243.00 311.00 -60.00 -1318.00 0
3965 -2.50 -58.23 2.16 -52.00 11.00 245.00 279.00 -67.00 -1278.00 0
3975 -3.34 -54.61 1.95 -42.00 12.00 242.00 279.00 -67.00 -1278.00 0
3984 -4.17 -52.10 1.60 -37.00 3.00 218.00 279.00 -67.00 -1278.00 0
3993 -4.87 -49.81 0.97 -24.00 10.00 212.00 279.00 -67.00 -1278.00 0
4002 -4.31 -47.23 0.63 -11.00 4.00 211.00 279.00 -67.00 -1278.00 0
4012 -3.76 -43.48 -0.07 -14.00 11.00 204.00 279.00 -67.00 -1278.00 0
4021 -2.78 -32.63 -1.88 -12.00 10.00 198.00 279.00 -67.00 -1278.00 0
4030 -2.23 -25.60 -2.50 -16.00 10.00 206.00 279.00 -67.00 -1278.00 0
4039 -1.81 -18.23 -3.06 -18.00 9.00 213.00 279.00 -67.00 -1278.00 0
4048 -1.60 -10.37 -3.55 -20.00 9.00 209.00 279.00 -67.00 -1278.00 0
4058 -1.25 -2.64 -4.03 -22.00 11.00 212.00 279.00 -67.00 -1278.00 0
4067 -0.63 4.94 -4.59 -31.00 15.00 218.00 279.00 -67.00 -1278.00 0
4076 0.07 12.17 -5.77 -45.00 16.00 239.00 279.00 -67.00 -1278.00 0
4085 0.83 24.77 -6.19 -69.00 24.00 259.00 279.00 -67.00 -1278.00 0
4094 0.49 28.38 -6.33 -68.00 24.00 263.00 279.00 -67.00 -1278.00 0
4104 -0.35 29.22 -6.12 -63.00 15.00 252.00 279.00 -67.00 -1278.00 0
4112 -1.32 28.03 -5.57 -50.00 8.00 229.00 279.00 -67.00 -1278.00 0
4121 -2.16 26.16 -4.80 -44.00 6.00 221.00 279.00 -67.00 -1278.00 0
4130 -2.43 24.42 -4.03 -42.00 8.00 212.00 279.00 -67.00 -1278.00 0
4140 -2.43 24.35 -3.27 -13.00 34.00 196.00 279.00 -67.00 -1278.00 0
4149 -1.95 25.67 -2.37 3.00 64.00 162.00 279.00 -67.00 -1278.00 0
4158 -3.06 30.26 0.35 44.00 54.00 103.00 279.00 -67.00 -1278.00 0
4167 -7.10 39.51 4.45 93.00 38.00 10.00 279.00 -67.00 -1278.00 0
4176 -13.36 57.11 9.39 127.00 -1.00 -31.00 279.00 -67.00 -1278.00 0
4186 -20.38 89.39 14.82 58.00 -109.00 -14.00 279.00 -67.00 -1278.00 0
4195 -41.04 205.57 14.26 -25.00 -156.00 -38.00 279.00 -67.00 -1278.00 0
4204 -46.82 268.52 1.81 -43.00 -193.00 -68.00 279.00 -67.00 -1278.00 0
4213 -42.16 327.44 -15.44 -113.00 -124.00 -115.00 279.00 -67.00 -1278.00 0
4224 -20.80 384.21 -30.75 -231.00 -8.00 -79.00 279.00 -67.00 -1278.00 1
4234 8.90 436.94 -43.76 -1518.00 602.00 3299.00 279.00 -67.00 -1278.00 1
4244 32.90 321.04 -68.94 -109.00 -37.00 1.00 279.00 -67.00 -1278.00 1
4254 -0.49 246.68 -56.07 -155.00 -82.00 177.00 279.00 -67.00 -1278.00 1
4264 -4.03 200.90 -44.24 -215.00 32.00 135.00 279.00 -67.00 -1278.00 1
4275 -0.83 131.83 -19.83 -150.00 2.00 200.00 279.00 -67.00 -1278.00 1
4285 -0.14 104.28 -12.87 -179.00 -4.00 137.00 279.00 -67.00 -1278.00 1
4296 -0.35 84.10 -7.65 -168.00 11.00 171.00 536.00 -38.00 -1164.00 1
4306 -1.11 49.88 1.39 -185.00 3.00 157.00 536.00 -38.00 -1164.00 1
4317 -2.02 38.19 3.69 -170.00 23.00 163.00 536.00 -38.00 -1164.00 1
4327 -2.23 28.17 4.45 -175.00 -2.00 164.00 536.00 -38.00 -1164.00 1
4337 -4.38 15.23 2.92 -168.00 12.00 173.00 536.00 -38.00 -1164.00 1
4347 -5.77 10.23 0.90 -175.00 8.00 173.00 536.00 -38.00 -1164.00 1
4359 -7.23 6.33 -0.63 -170.00 -4.00 167.00 536.00 -38.00 -1164.00 1
4369 -8.63 -0.35 -2.64 -174.00 1.00 173.00 536.00 -38.00 -1164.00 1
4379 -9.60 -3.13 -2.92 -174.00 -7.00 160.00 536.00 -38.00 -1164.00 1
4389 -9.81 -4.66 -3.27 -174.00 -6.00 168.00 536.00 -38.00 -1164.00 1
4400 -9.53 -5.77 -3.20 -168.00 2.00 167.00 536.00 -38.00 -1164.00 1
4411 -8.21 -6.82 -2.99 -171.00 -5.00 173.00 536.00 -38.00 -1164.00 1
4421 -7.65 -6.40 -2.64 -172.00 1.00 184.00 536.00 -38.00 -1164.00 1
4431 -7.03 -5.63 -2.30 -174.00 1.00 187.00 536.00 -38.00 -1164.00 1
4442 -7.37 -3.06 -2.02 -186.00 10.00 202.00 536.00 -38.00 -1164.00 1
4452 -8.77 -1.11 -1.25 -226.00 33.00 242.00 536.00 -38.00 -1164.00 0
4461 -10.78 1.32 1.18 -329.00 34.00 349.00 536.00 -38.00 -1164.00 0
4470 -11.34 0.14 5.77 -281.00 31.00 265.00 536.00 -38.00 -1164.00 0
4480 -14.26 -12.80 14.75 -195.00 68.00 156.00 536.00 -38.00 -1164.00 0
4489 -20.52 -56.35 21.22 -142.00 15.00 108.00 536.00 -38.00 -1164.00 0
4498 -31.30 -78.89 24.90 -117.00 -62.00 94.00 536.00 -38.00 -1164.00 0
4507 -41.25 -97.60 24.97 -98.00 -63.00 112.00 536.00 -38.00 -1164.00 0
4516 -45.29 -110.82 22.54 -90.00 -26.00 123.00 536.00 -38.00 -1164.00 0
4526 -44.10 -119.72 18.78 -96.00 -22.00 128.00 536.00 -38.00 -1164.00 0
4535 -38.61 -126.05 10.02 -97.00 -29.00 144.00 536.00 -38.00 -1164.00 0
4545 -35.76 -123.76 5.15 -100.00 -29.00 164.00 536.00 -38.00 -1164.00 0
4554 -31.79 -117.70 1.04 -93.00 -29.00 160.00 536.00 -38.00 -1164.00 0
4563 -27.20 -108.31 -2.23 -95.00 -27.00 168.00 536.00 -38.00 -1164.00 0
4573 -21.84 -95.30 -4.52 -103.00 -34.00 182.00 536.00 -38.00 -1164.00 0
4582 -16.21 -79.65 -6.40 -116.00 -28.00 192.00 536.00 -38.00 -1164.00 0
4591 -4.66 -48.97 -9.60 -148.00 -5.00 222.00 536.00 -38.00 -1164.00 0
4600 0.70 -37.22 -10.85 -154.00 2.00 241.00 536.00 -38.00 -1164.00 0
4610 4.73 -30.33 -11.83 -140.00 8.00 224.00 536.00 -38.00 -1164.00 0
4619 7.44 -27.34 -12.59 -128.00 8.00 209.00 536.00 -38.00 -1164.00 0
4628 9.18 -26.64 -12.24 -122.00 2.00 195.00 536.00 -38.00 -1164.00 0
4637 9.81 -26.78 -11.34 -112.00 0.00 189.00 536.00 -38.00 -1164.00 0
4646 8.49 -26.50 -9.74 -106.00 -12.00 191.00 536.00 -38.00 -1164.00 0
4656 7.23 -25.25 -9.18 -112.00 -15.00 191.00 536.00 -38.00 -1164.00 0
4665 6.40 -22.82 -8.70 -114.00 -18.00 195.00 536.00 -38.00 -1164.00 0
4674 6.26 -19.90 -8.28 -125.00 -16.00 202.00 536.00 -38.00 -1164.00 0
4683 7.03 -16.83 -8.21 -126.00 -11.00 208.00 536.00 -38.00 -1164.00 0
4692 8.28 -14.26 -8.49 -129.00 -8.00 213.00 536.00 -38.00 -1164.00 0
4702 12.03 -11.27 -9.53 -130.00 -2.00 215.00 536.00 -38.00 -1164.00 0
4711 13.84 -11.13 -10.16 -129.00 -1.00 215.00 536.00 -38.00 -1164.00 0
4721 15.51 -11.90 -10.50 -123.00 -2.00 210.00 536.00 -38.00 -1164.00 0
4730 16.97 -12.94 -10.99 -121.00 2.00 202.00 536.00 -38.00 -1164.00 0
4740 18.09 -13.50 -11.34 -115.00 3.00 195.00 536.00 -38.00 -1164.00 0
4749 19.13 -13.08 -11.55 -109.00 6.00 191.00 536.00 -38.00 -1164.00 0
4758 20.10 -11.27 -11.62 -107.00 6.00 187.00 536.00 -38.00 -1164.00 0
4767 19.97 -10.02 -11.55 -112.00 11.00 193.00 536.00 -38.00 -1164.00 0
4776 19.41 -8.42 -11.27 -114.00 13.00 209.00 536.00 -38.00 -1164.00 0
4786 18.64 -6.89 -10.85 -119.00 15.00 212.00 536.00 -38.00 -1164.00 0
4795 17.60 -5.98 -9.95 -119.00 10.00 216.00 536.00 -38.00 -1164.00 0
4804 14.19 -5.50 -7.58 -118.00 10.00 206.00 536.00 -38.00 -1164.00 0
4813 12.24 -5.50 -6.33 -119.00 8.00 209.00 536.00 -38.00 -1164.00 0
4823 10.43 -5.57 -5.29 -121.00 2.00 208.00 536.00 -38.00 -1164.00 0
4832 8.70 -5.43 -4.59 -120.00 0.00 207.00 536.00 -38.00 -1164.00 0
4841 7.51 -5.08 -4.03 -114.00 1.00 203.00 536.00 -38.00 -1164.00 0
4850 6.82 -4.59 -3.69 -121.00 1.00 213.00 536.00 -38.00 -1164.00 0
4859 6.05 -3.27 -3.48 -128.00 4.00 213.00 536.00 -38.00 -1164.00 0
4869 5.01 -3.06 -3.41 -128.00 6.00 214.00 536.00 -38.00 -1164.00 0
4878 4.94 -3.62 -3.27 -127.00 8.00 210.00 536.00 -38.00 -1164.00 0
4887 5.01 -4.73 -2.78 -122.00 9.00 205.00 425.00 -48.00 -1175.00 0
4896 4.94 -5.98 -2.37 -118.00 13.00 203.00 425.00 -48.00 -1175.00 0
4905 4.66 -6.96 -1.88 -116.00 13.00 201.00 425.00 -48.00 -1175.00 0
4915 4.10 -7.30 -1.53 -114.00 9.00 211.00 425.00 -48.00 -1175.00 0
4924 3.06 -6.96 -0.49 -106.00 5.00 205.00 425.00 -48.00 -1175.00 0
4933 2.09 -6.54 0.07 -98.00 3.00 198.00 425.00 -48.00 -1175.00 0
4942 1.18 -6.05 0.49 -98.00 1.00 202.00 425.00 -48.00 -1175.00 0
4951 0.35 -5.29 0.56 -107.00 1.00 206.00 422.00 -51.00 -1279.00 0
4960 -0.14 -4.66 0.28 -107.00 2.00 206.00 422.00 -51.00 -1279.00 0
4969 -0.21 -4.73 -0.07 -107.00 3.00 206.00 422.00 -51.00 -1279.00 0
4978 -0.07 -5.29 -0.83 -118.00 8.00 210.00 422.00 -51.00 -1279.00 0
4987 -0.07 -5.57 -1.25 -120.00 11.00 218.00 422.00 -51.00 -1279.00 0
4997 -0.14 -6.19 -1.81 -123.00 14.00 217.00 422.00 -51.00 -1279.00 0
5006 -0.07 -7.03 -2.09 -119.00 17.00 213.00 422.00 -51.00 -1279.00 0
5015 -0.07 -8.07 -2.16 -124.00 18.00 224.00 415.00 -54.00 -1138.00 0
5024 -0.35 -9.32 -1.95 -121.00 14.00 223.00 415.00 -54.00 -1138.00 0
5033 -1.04 -13.57 -0.90 -123.00 12.00 217.00 415.00 -54.00 -1138.00 0
5043 -2.92 -16.14 -0.21 -123.00 10.00 222.00 415.00 -54.00 -1138.00 0
5052 -3.90 -18.78 0.56 -124.00 7.00 231.00 415.00 -54.00 -1138.00 0
5061 -4.87 -22.05 1.39 -122.00 5.00 226.00 415.00 -54.00 -1138.00 0
5070 -5.84 -26.16 2.37 -107.00 2.00 214.00 415.00 -54.00 -1138.00 0
5080 -6.54 -30.47 3.34 -99.00 1.00 212.00 415.00 -54.00 -1138.00 0
5089 -7.03 -34.16 4.73 -100.00 0.00 213.00 415.00 -54.00 -1138.00 0
5098 -7.37 -38.75 4.94 -108.00 4.00 224.00 415.00 -54.00 -1138.00 0
5107 -6.96 -40.77 5.01 -114.00 9.00 237.00 415.00 -54.00 -1138.00 0
5116 -6.89 -43.48 4.94 -125.00 17.00 250.00 415.00 -54.00 -1138.00 0
5126 -6.96 -47.37 5.01 -130.00 19.00 254.00 415.00 -54.00 -1138.00 0
5135 -7.03 -53.15 5.36 -121.00 25.00 257.00 415.00 -54.00 -1138.00 0
5144 -7.65 -61.29 7.10 -105.00 19.00 241.00 415.00 -54.00 -1138.00 0
5153 -10.23 -81.11 8.42 -67.00 7.00 207.00 415.00 -54.00 -1138.00 0
5163 -11.48 -89.74 9.74 -56.00 -5.00 180.00 415.00 -54.00 -1138.00 0
5172 -12.38 -95.23 10.37 -33.00 -8.00 170.00 415.00 -54.00 -1138.00 0
5181 -12.66 -96.90 10.30 -39.00 -9.00 168.00 415.00 -54.00 -1138.00 0
5190 -12.17 -94.12 9.53 -43.00 1.00 191.00 415.00 -54.00 -1138.00 0
5199 -10.99 -88.21 6.05 -55.00 0.00 210.00 415.00 -54.00 -1138.00 0
5209 -8.70 -72.90 3.76 -66.00 4.00 242.00 415.00 -54.00 -1138.00 0
5218 -7.51 -66.37 1.67 -77.00 20.00 258.00 415.00 -54.00 -1138.00 0
5227 -6.96 -62.33 -0.14 -72.00 15.00 241.00 415.00 -54.00 -1138.00 0
5236 -7.23 -61.29 -1.32 -64.00 21.00 242.00 415.00 -54.00 -1138.00 0
5245 -7.30 -62.61 -1.81 -59.00 17.00 232.00 415.00 -54.00 -1138.00 0
5255 -8.00 -66.09 -2.16 -42.00 18.00 224.00 415.00 -54.00 -1138.00 0
5264 -10.50 -75.69 -2.71 -33.00 1.00 211.00 415.00 -54.00 -1138.00 0
5273 -11.55 -78.19 -2.57 -24.00 -4.00 198.00 415.00 -54.00 -1138.00 0
5282 -12.52 -77.50 -2.37 -18.00 -1.00 197.00 415.00 -54.00 -1138.00 0
5292 -12.73 -74.16 -2.23 3.00 1.00 197.00 415.00 -54.00 -1138.00 0
5301 -12.80 -69.22 -2.57 0.00 -2.00 177.00 415.00 -54.00 -1138.00 0
5310 -12.87 -61.84 -3.34 7.00 5.00 185.00 415.00 -54.00 -1138.00 0
5319 -10.43 -40.83 -3.55 3.00 18.00 177.00 415.00 -54.00 -1138.00 0
5328 -9.60 -27.90 -3.13 10.00 31.00 174.00 415.00 -54.00 -1138.00 0
5338 -8.90 -13.91 -1.39 21.00 36.00 154.00 415.00 -54.00 -1138.00 0
5347 -8.97 1.81 1.88 49.00 51.00 102.00 274.00 -41.00 -1101.00 0
5356 -10.02 21.15 6.82 72.00 47.00 20.00 274.00 -41.00 -1101.00 0
5365 -12.17 48.07 13.29 78.00 -69.00 -40.00 274.00 -41.00 -1101.00 0
5374 -18.23 141.15 20.66 36.00 -126.00 -78.00 274.00 -41.00 -1101.00 0
5384 -32.42 206.75 15.17 -44.00 -190.00 -76.00 274.00 -41.00 -1101.00 0
5393 -34.71 277.36 2.09 -99.00 -192.00 -50.00 274.00 -41.00 -1101.00 0
5402 -24.83 344.14 -14.47 -222.00 -34.00 -5.00 274.00 -41.00 -1101.00 0
5411 -0.14 403.27 -29.77 -314.00 15.00 44.00 513.00 -35.00 -1184.00 1
5422 49.39 455.72 -54.82 -173.00 244.00 1177.00 513.00 -35.00 -1184.00 1
5432 35.48 297.81 -68.73 -45.00 -2.00 -48.00 513.00 -35.00 -1184.00 1
5442 12.80 236.73 -49.25 -164.00 -126.00 199.00 513.00 -35.00 -1184.00 1
5452 9.53 193.53 -35.83 -189.00 30.00 125.00 513.00 -35.00 -1184.00 1
5463 8.28 123.13 -16.14 -169.00 30.00 189.00 513.00 -35.00 -1184.00 1
5473 6.26 96.49 -11.69 -140.00 -2.00 170.00 513.00 -35.00 -1184.00 1
5483 1.60 75.90 -9.11 -163.00 8.00 180.00 513.00 -35.00 -1184.00 1
5493 -3.27 43.55 -4.24 -158.00 -6.00 179.00 513.00 -35.00 -1184.00 1
5504 -5.57 32.00 -3.27 -162.00 7.00 186.00 513.00 -35.00 -1184.00 1
5514 -7.17 21.84 -2.99 -169.00 -7.00 175.00 513.00 -35.00 -1184.00 1
5524 -9.88 14.82 -2.85 -161.00 -12.00 176.00 513.00 -35.00 -1184.00 1
5534 -13.43 4.66 -2.57 -163.00 -21.00 181.00 513.00 -35.00 -1184.00 1
5544 -13.77 1.60 -2.02 -163.00 -4.00 186.00 508.00 -24.00 -979.00 1
5555 -11.55 -1.53 -0.63 -167.00 -16.00 194.00 508.00 -24.00 -979.00 1
5565 -6.47 -5.91 2.09 -177.00 0.00 202.00 508.00 -24.00 -979.00 1
5574 -2.57 -7.93 3.83 -202.00 24.00 248.00 508.00 -24.00 -979.00 0
5583 -0.21 -11.55 5.98 -305.00 -12.00 366.00 508.00 -24.00 -979.00 0
5593 -2.57 -22.12 6.19 -320.00 -7.00 383.00 508.00 -24.00 -979.00 0
5602 -4.80 -46.33 4.59 -292.00 3.00 325.00 508.00 -24.00 -979.00 0
5611 -3.41 -78.26 4.52 -217.00 -8.00 209.00 508.00 -24.00 -979.00 0
5620 -0.77 -139.06 10.30 -128.00 -14.00 119.00 508.00 -24.00 -979.00 0
5629 0.77 -156.80 14.40 -62.00 -2.00 57.00 508.00 -24.00 -979.00 0
5639 2.16 -163.90 17.81 -11.00 -4.00 53.00 508.00 -24.00 -979.00 0
5648 2.85 -161.46 19.83 0.00 4.00 46.00 508.00 -24.00 -979.00 0
5656 2.92 -151.17 20.80 -11.00 -13.00 74.00 508.00 -24.00 -979.00 0
5665 1.32 -136.00 20.10 -19.00 -14.00 113.00 508.00 -24.00 -979.00 0
5675 -0.77 -95.93 14.19 -39.00 -7.00 132.00 411.00 -40.00 -1059.00 0
5684 -2.02 -73.04 10.99 -61.00 -6.00 150.00 411.00 -40.00 -1059.00 0
5693 -2.02 -50.23 7.30 -67.00 -10.00 156.00 411.00 -40.00 -1059.00 0
5702 -1.95 -28.17 3.27 -92.00 -3.00 176.00 411.00 -40.00 -1059.00 0
5711 -0.97 -7.23 -0.77 -123.00 -4.00 200.00 411.00 -40.00 -1059.00 0
5721 0.14 11.34 -4.87 -170.00 10.00 259.00 411.00 -40.00 -1059.00 0
5730 1.67 26.02 -10.64 -190.00 26.00 295.00 411.00 -40.00 -1059.00 0
5739 4.59 35.76 -11.48 -189.00 30.00 285.00 435.00 -40.00 -1263.00 0
5748 4.45 31.03 -10.71 -167.00 24.00 259.00 435.00 -40.00 -1263.00 0
5758 2.85 22.33 -8.70 -139.00 -5.00 214.00 435.00 -40.00 -1263.00 0
5768 0.56 12.73 -6.26 -117.00 -12.00 187.00 435.00 -40.00 -1263.00 0
5777 -1.11 4.52 -4.31 -105.00 4.00 183.00 435.00 -40.00 -1263.00 0
5786 -1.60 -1.60 -2.30 -102.00 4.00 187.00 435.00 -40.00 -1263.00 0
5794 -1.74 -8.07 -1.67 -102.00 4.00 192.00 435.00 -40.00 -1263.00 0
5804 -2.37 -9.18 -1.32 -117.00 0.00 190.00 431.00 -40.00 -1276.00 0
5813 -2.71 -9.18 -0.90 -110.00 -6.00 195.00 431.00 -40.00 -1276.00 0
5822 -2.64 -8.42 -0.83 -115.00 -2.00 202.00 431.00 -40.00 -1276.00 0
5831 -2.37 -6.75 -0.90 -120.00 1.00 201.00 431.00 -40.00 -1276.00 0
5840 -1.88 -4.73 -1.11 -127.00 4.00 216.00 431.00 -40.00 -1276.00 0
5850 -1.67 -1.53 -1.67 -132.00 10.00 220.00 431.00 -40.00 -1276.00 0
5859 -1.67 -1.46 -1.32 -132.00 4.00 219.00 431.00 -40.00 -1276.00 0
5868 -2.02 -2.16 -0.90 -127.00 2.00 213.00 431.00 -40.00 -1276.00 0
5877 -2.37 -3.55 -0.42 -123.00 -3.00 212.00 431.00 -40.00 -1276.00 0
5886 -2.71 -5.15 -0.14 -120.00 -1.00 201.00 431.00 -40.00 -1276.00 0
5896 -2.78 -6.68 -0.14 -115.00 1.00 196.00 431.00 -40.00 -1276.00 0
5905 -1.39 -8.42 -0.35 -115.00 6.00 203.00 431.00 -40.00 -1276.00 0
5914 -0.70 -8.63 -0.42 -121.00 13.00 207.00 431.00 -40.00 -1276.00 0
5923 -0.49 -9.18 -0.28 -117.00 9.00 212.00 431.00 -40.00 -1276.00 0
5933 -0.56 -10.09 0.00 -121.00 6.00 216.00 431.00 -40.00 -1276.00 0
5942 -0.83 -11.27 0.35 -128.00 6.00 221.00 431.00 -40.00 -1276.00 0
5951 -1.18 -12.94 0.63 -131.00 0.00 226.00 431.00 -40.00 -1276.00 0
5960 -1.60 -17.95 1.11 -135.00 -2.00 236.00 431.00 -40.00 -1276.00 0
5969 -1.74 -22.05 1.46 -137.00 0.00 236.00 431.00 -40.00 -1276.00 0
5979 -1.25 -27.20 2.02 -131.00 3.00 231.00 431.00 -40.00 -1276.00 0
5988 -0.42 -33.11 2.64 -125.00 6.00 225.00 431.00 -40.00 -1276.00 0
5997 0.42 -39.37 3.41 -108.00 8.00 209.00 431.00 -40.00 -1276.00 0
6006 1.25 -45.43 4.24 -94.00 7.00 197.00 431.00 -40.00 -1276.00 0
6016 2.02 -50.43 5.15 -82.00 7.00 189.00 431.00 -40.00 -1276.00 0
6024 2.16 -54.19 6.19 -84.00 10.00 193.00 431.00 -40.00 -1276.00 0
6033 1.81 -53.50 6.19 -90.00 13.00 207.00 431.00 -40.00 -1276.00 0
6042 1.11 -52.03 5.98 -101.00 15.00 236.00 431.00 -40.00 -1276.00 0
6051 0.14 -51.06 5.91 -113.00 14.00 248.00 431.00 -40.00 -1276.00 0
6061 -1.32 -51.62 6.05 -115.00 14.00 245.00 431.00 -40.00 -1276.00 0
6070 -2.92 -53.84 6.61 -125.00 12.00 263.00 431.00 -40.00 -1276.00 0
6080 -5.77 -63.30 8.21 -124.00 16.00 268.00 431.00 -40.00 -1276.00 0
6089 -6.75 -71.17 9.18 -113.00 1.00 238.00 431.00 -40.00 -1276.00 0
6098 -7.72 -79.37 10.23 -76.00 -6.00 206.00 431.00 -40.00 -1276.00 0
6108 -8.00 -86.61 11.06 -47.00 -10.00 186.00 431.00 -40.00 -1276.00 0
6117 -8.07 -90.78 11.27 -33.00 -10.00 172.00 431.00 -40.00 -1276.00 0
6126 -7.23 -91.62 10.57 -19.00 -4.00 179.00 431.00 -40.00 -1276.00 0
6135 -4.59 -81.32 7.44 -31.00 2.00 179.00 315.00 -56.00 -1290.00 0
6145 -2.57 -72.97 5.91 -27.00 9.00 191.00 315.00 -56.00 -1290.00 0
6153 -0.90 -63.58 4.52 -36.00 9.00 189.00 315.00 -56.00 -1290.00 0
6162 -0.07 -53.50 3.20 -42.00 14.00 203.00 315.00 -56.00 -1290.00 0
6171 0.77 -43.62 2.09 -61.00 18.00 232.00 315.00 -56.00 -1290.00 0
6180 0.97 -34.71 1.18 -80.00 16.00 257.00 315.00 -56.00 -1290.00 0
6190 -0.14 -23.51 -0.28 -88.00 20.00 276.00 315.00 -56.00 -1290.00 0
6199 -0.90 -22.75 -0.63 -91.00 20.00 270.00 302.00 -57.00 -1127.00 0
6208 -1.39 -25.04 -0.56 -85.00 18.00 270.00 302.00 -57.00 -1127.00 0
6217 -1.74 -29.84 -0.14 -74.00 11.00 251.00 302.00 -57.00 -1127.00 0
6226 -2.30 -35.97 0.56 -63.00 5.00 234.00 302.00 -57.00 -1127.00 0
6236 -2.78 -42.02 1.25 -39.00 1.00 215.00 302.00 -57.00 -1127.00 0
6245 -3.27 -49.46 1.88 -37.00 1.00 195.00 302.00 -57.00 -1127.00 0
6254 -3.27 -49.81 1.81 -31.00 1.00 197.00 302.00 -57.00 -1127.00 0
6263 -2.71 -48.49 1.53 -23.00 7.00 204.00 273.00 -58.00 -1175.00 0
6273 -2.02 -45.91 1.32 -16.00 10.00 210.00 273.00 -58.00 -1175.00 0
6282 -1.60 -42.23 0.97 -25.00 16.00 209.00 273.00 -58.00 -1175.00 0
6291 -1.39 -37.70 0.77 -40.00 14.00 231.00 273.00 -58.00 -1175.00 0
6300 -1.32 -32.77 0.21 -47.00 14.00 240.00 273.00 -58.00 -1175.00 0
6309 -2.43 -24.83 0.00 -50.00 11.00 254.00 273.00 -58.00 -1175.00 0
6319 -2.92 -22.47 -0.07 -58.00 13.00 256.00 273.00 -58.00 -1175.00 0
6328 -3.62 -21.63 0.00 -52.00 11.00 249.00 273.00 -58.00 -1175.00 0
6337 -4.31 -22.19 -0.07 -40.00 1.00 240.00 273.00 -58.00 -1175.00 0
6346 -4.80 -23.93 0.00 -33.00 14.00 220.00 273.00 -58.00 -1175.00 0
6355 -4.73 -26.57 0.07 -21.00 17.00 220.00 273.00 -58.00 -1175.00 0
6365 -5.77 -28.10 -0.07 -14.00 9.00 210.00 273.00 -58.00 -1175.00 0
6373 -6.12 -27.62 0.00 -14.00 12.00 203.00 273.00 -58.00 -1175.00 0
6382 -6.54 -25.95 -0.14 -12.00 11.00 198.00 273.00 -58.00 -1175.00 0
6391 -7.44 -22.54 -0.42 -12.00 24.00 207.00 273.00 -58.00 -1175.00 0
6401 -8.21 -18.16 -0.63 3.00 44.00 195.00 273.00 -58.00 -1175.00 0
6410 -9.81 -14.54 -1.11 13.00 77.00 173.00 273.00 -58.00 -1175.00 0
6419 -15.79 -9.32 1.67 3.00 71.00 173.00 273.00 -58.00 -1175.00 0
6428 -22.12 -5.36 6.47 2.00 19.00 172.00 273.00 -58.00 -1175.00 0
6437 -30.82 2.09 11.90 0.00 -17.00 175.00 273.00 -58.00 -1175.00 0
6447 -39.51 14.82 16.00 -21.00 -80.00 152.00 273.00 -58.00 -1175.00 0
6456 -46.96 32.14 16.49 -37.00 -72.00 180.00 273.00 -58.00 -1175.00 0
6465 -49.88 50.50 12.52 -54.00 -45.00 191.00 273.00 -58.00 -1175.00 0
6474 -49.46 82.23 -1.88 -56.00 -3.00 214.00 273.00 -58.00 -1175.00 0
6483 -41.25 95.65 -8.21 -54.00 11.00 205.00 273.00 -58.00 -1175.00 0
6493 -37.77 107.83 -12.38 -42.00 49.00 159.00 273.00 -58.00 -1175.00 0
6502 -35.06 119.65 -13.15 -22.00 -2.00 101.00 273.00 -58.00 -1175.00 0
6512 -35.27 134.96 -10.64 31.00 -67.00 -42.00 273.00 -58.00 -1175.00 0
6521 -35.34 157.98 -6.26 72.00 -119.00 -167.00 273.00 -58.00 -1175.00 0
6531 -23.44 265.53 -0.07 -3.00 -149.00 -202.00 273.00 -58.00 -1175.00 0
6540 -11.97 345.53 -3.13 -169.00 -143.00 -162.00 273.00 -58.00 -1175.00 1
6550 2.43 421.43 -13.15 -2752.00 395.00 3908.00 273.00 -58.00 -1175.00 1
6560 37.22 437.29 -30.89 -71.00 23.00 -54.00 273.00 -58.00 -1175.00 1
6572 28.38 229.15 -38.61 -154.00 -107.00 270.00 273.00 -58.00 -1175.00 1
6582 22.19 184.07 -31.51 -181.00 14.00 145.00 273.00 -58.00 -1175.00 1
6592 22.82 150.33 -22.33 -191.00 -12.00 218.00 505.00 -22.00 -1182.00 1
6602 21.91 97.60 -10.92 -143.00 -10.00 168.00 505.00 -22.00 -1182.00 1
6614 19.20 80.21 -5.98 -166.00 15.00 189.00 505.00 -22.00 -1182.00 1
6624 17.04 65.18 -1.46 -159.00 5.00 182.00 505.00 -22.00 -1182.00 1
6634 9.46 37.15 3.06 -155.00 -4.00 199.00 505.00 -22.00 -1182.00 1
6645 4.66 25.11 4.10 -158.00 1.00 192.00 505.00 -22.00 -1182.00 1
6656 0.07 16.42 5.36 -156.00 1.00 195.00 505.00 -22.00 -1182.00 1
6666 -8.35 3.76 6.26 -160.00 -2.00 175.00 505.00 -22.00 -1182.00 1
6676 -11.97 0.77 5.98 -157.00 -6.00 175.00 505.00 -22.00 -1182.00 1
6686 -14.68 -1.11 5.98 -157.00 -3.00 176.00 505.00 -22.00 -1182.00 1
6697 -17.18 -1.67 6.33 -164.00 -3.00 163.00 505.00 -22.00 -1182.00 1
6708 -17.53 -0.42 5.98 -150.00 -10.00 181.00 505.00 -22.00 -1182.00 1
6718 -16.70 1.39 5.01 -166.00 -7.00 173.00 505.00 -22.00 -1182.00 1
6728 -12.38 4.59 3.34 -165.00 -8.00 187.00 505.00 -22.00 -1182.00 1
6738 -10.43 5.70 2.37 -178.00 -14.00 177.00 505.00 -22.00 -1182.00 1
6749 -8.83 6.82 1.46 -185.00 -21.00 200.00 505.00 -22.00 -1182.00 1
6759 -7.72 9.39 1.18 -189.00 -21.00 191.00 505.00 -22.00 -1182.00 1
6768 -4.03 18.64 2.23 -220.00 -7.00 246.00 505.00 -22.00 -1182.00 0
6777 -1.88 17.18 1.60 -289.00 8.00 325.00 505.00 -22.00 -1182.00 0
6787 -2.50 3.27 -0.83 -227.00 140.00 248.00 505.00 -22.00 -1182.00 0
6796 -2.23 -22.33 -0.28 -159.00 101.00 174.00 505.00 -22.00 -1182.00 0
6805 -7.58 -49.04 6.19 -124.00 -38.00 113.00 505.00 -22.00 -1182.00 0
6814 -23.79 -84.03 20.17 -98.00 -88.00 95.00 505.00 -22.00 -1182.00 0
6823 -48.07 -92.94 21.84 -66.00 -80.00 73.00 505.00 -22.00 -1182.00 0
6834 -49.18 -93.36 20.45 -65.00 -64.00 100.00 505.00 -22.00 -1182.00 0
6843 -46.26 -84.66 17.32 -84.00 -37.00 118.00 505.00 -22.00 -1182.00 0
6852 -41.67 -68.73 13.22 -90.00 -46.00 124.00 505.00 -22.00 -1182.00 0
6861 -36.52 -50.92 8.63 -105.00 -50.00 132.00 505.00 -22.00 -1182.00 0
6871 -23.79 -15.65 -0.49 -126.00 -37.00 161.00 505.00 -22.00 -1182.00 0
6880 -15.86 -0.14 -4.59 -148.00 -3.00 205.00 505.00 -22.00 -1182.00 0
6889 -8.28 12.73 -7.58 -173.00 20.00 241.00 505.00 -22.00 -1182.00 0
6898 -2.43 20.52 -9.18 -176.00 23.00 241.00 505.00 -22.00 -1182.00 0
6907 0.83 22.82 -9.60 -180.00 8.00 247.00 505.00 -22.00 -1182.00 0
6917 1.74 20.73 -8.83 -179.00 -7.00 231.00 505.00 -22.00 -1182.00 0
6926 0.70 7.72 -6.19 -170.00 -7.00 223.00 505.00 -22.00 -1182.00 0
6935 0.70 -0.77 -5.22 -160.00 0.00 214.00 505.00 -22.00 -1182.00 0
6944 0.63 -9.60 -4.45 -154.00 -9.00 202.00 505.00 -22.00 -1182.00 0
6953 -0.49 -17.95 -3.69 -132.00 1.00 177.00 505.00 -22.00 -1182.00 0
6963 -1.74 -24.97 -2.99 -129.00 -9.00 167.00 505.00 -22.00 -1182.00 0
6972 -3.90 -30.19 -1.81 -131.00 -26.00 174.00 505.00 -22.00 -1182.00 0
6981 -6.68 -33.39 0.07 -128.00 -28.00 168.00 505.00 -22.00 -1182.00 0
6990 -9.18 -33.32 0.49 -124.00 -17.00 170.00 505.00 -22.00 -1182.00 0
7000 -8.83 -30.54 0.63 -121.00 -19.00 173.00 505.00 -22.00 -1182.00 0
7009 -8.28 -26.71 0.63 -125.00 -19.00 175.00 505.00 -22.00 -1182.00 0
7018 -7.51 -21.98 0.49 -129.00 -18.00 184.00 505.00 -22.00 -1182.00 0
7027 -6.33 -16.97 0.07 -130.00 -2.00 185.00 505.00 -22.00 -1182.00 0
7036 -4.94 -12.10 -0.70 -131.00 -4.00 191.00 505.00 -22.00 -1182.00 0
7046 -3.48 -4.52 -0.77 -137.00 -10.00 194.00 505.00 -22.00 -1182.00 0
7055 -3.41 -1.60 -0.77 -146.00 -13.00 196.00 505.00 -22.00 -1182.00 0
7064 -3.20 0.42 -0.97 -153.00 -9.00 215.00 505.00 -22.00 -1182.00 0
7073 -2.92 1.04 -1.18 -147.00 -13.00 207.00 505.00 -22.00 -1182.00 0
7083 -3.06 0.07 -1.46 -146.00 -16.00 198.00 505.00 -22.00 -1182.00 0
7092 -3.20 -1.95 -1.60 -145.00 -19.00 206.00 505.00 -22.00 -1182.00 0
7101 -2.64 -6.12 -2.37 -142.00 -13.00 208.00 505.00 -22.00 -1182.00 0
7110 -2.16 -8.77 -2.71 -146.00 -13.00 205.00 505.00 -22.00 -1182.00 0
7119 -2.09 -11.69 -3.06 -148.00 -12.00 212.00 466.00 -17.00 -1249.00 0
7129 -2.23 -15.03 -3.20 -145.00 -16.00 214.00 466.00 -17.00 -1249.00 0
7138 -1.88 -18.99 -3.27 -144.00 -23.00 221.00 466.00 -17.00 -1249.00 0
7147 -1.25 -23.37 -3.41 -153.00 -24.00 233.00 466.00 -17.00 -1249.00 0
7156 0.83 -34.23 -4.24 -161.00 -23.00 232.00 466.00 -17.00 -1249.00 0
7165 2.37 -41.81 -5.01 -158.00 -30.00 240.00 466.00 -17.00 -1249.00 0
7175 4.66 -50.92 -5.77 -151.00 -20.00 239.00 466.00 -17.00 -1249.00 0
7184 7.44 -59.83 -6.26 -148.00 -19.00 238.00 428.00 -17.00 -1187.00 0
7193 10.50 -68.45 -6.61 -143.00 -9.00 236.00 428.00 -17.00 -1187.00 0
7202 13.57 -77.36 -6.68 -138.00 -5.00 226.00 428.00 -17.00 -1187.00 0
7212 19.62 -92.66 -5.91 -138.00 4.00 233.00 428.00 -17.00 -1187.00 0
7221 21.50 -100.66 -5.15 -123.00 17.00 224.00 428.00 -17.00 -1187.00 0
7230 22.26 -110.12 -4.17 -98.00 15.00 213.00 428.00 -17.00 -1187.00 0
7239 22.33 -119.51 -2.64 -83.00 7.00 188.00 428.00 -17.00 -1187.00 0
7248 21.50 -126.61 -0.63 -67.00 -6.00 186.00 353.00 -35.00 -1340.00 0
7258 20.10 -130.30 2.30 -54.00 -16.00 179.00 353.00 -35.00 -1340.00 0
7267 16.49 -127.93 2.92 -61.00 -9.00 190.00 353.00 -35.00 -1340.00 0
7276 15.23 -122.50 3.13 -71.00 1.00 231.00 353.00 -35.00 -1340.00 0
7285 14.12 -117.91 2.71 -73.00 0.00 236.00 353.00 -35.00 -1340.00 0
7294 12.94 -114.78 2.16 -57.00 3.00 229.00 353.00 -35.00 -1340.00 0
7304 12.80 -113.53 1.88 -56.00 1.00 218.00 353.00 -35.00 -1340.00 0
7314 12.66 -112.28 1.60 -49.00 -1.00 206.00 287.00 -46.00 -1226.00 0
7323 12.66 -108.52 1.25 -36.00 0.00 209.00 287.00 -46.00 -1226.00 0
7332 12.94 -105.32 0.49 -36.00 0.00 208.00 287.00 -46.00 -1226.00 0
7342 12.87 -100.66 -0.63 -28.00 -5.00 203.00 287.00 -46.00 -1226.00 0
7351 13.01 -94.96 -1.67 -16.00 1.00 194.00 287.00 -46.00 -1226.00 0
7360 13.50 -88.21 -2.43 -17.00 8.00 193.00 287.00 -46.00 -1226.00 0
7369 13.84 -79.79 -3.83 -4.00 7.00 194.00 287.00 -46.00 -1226.00 0
7377 14.19 -60.80 -4.52 -7.00 18.00 192.00 287.00 -46.00 -1226.00 0
7387 14.19 -50.71 -5.08 -20.00 22.00 220.00 287.00 -46.00 -1226.00 0
7396 13.50 -40.63 -5.50 -33.00 22.00 241.00 287.00 -46.00 -1226.00 0
7405 12.38 -32.00 -5.50 -43.00 22.00 249.00 287.00 -46.00 -1226.00 0
7414 10.57 -25.32 -5.22 -61.00 16.00 268.00 287.00 -46.00 -1226.00 0
7425 8.35 -20.94 -4.73 -65.00 18.00 276.00 287.00 -46.00 -1226.00 0
7434 3.76 -22.47 -3.06 -54.00 14.00 263.00 287.00 -46.00 -1226.00 0
7442 1.81 -26.16 -2.16 -49.00 7.00 254.00 287.00 -46.00 -1226.00 0
7451 0.07 -30.61 -1.11 -27.00 9.00 253.00 287.00 -46.00 -1226.00 0
7460 -0.77 -35.69 -0.21 -35.00 3.00 228.00 287.00 -46.00 -1226.00 0
7470 -2.09 -39.17 0.14 -17.00 11.00 241.00 287.00 -46.00 -1226.00 0
7479 -2.64 -42.37 0.28 -22.00 3.00 218.00 287.00 -46.00 -1226.00 0
7488 -3.76 -44.73 -0.14 -6.00 10.00 237.00 287.00 -46.00 -1226.00 0
7497 -3.55 -44.38 -0.21 -4.00 3.00 227.00 287.00 -46.00 -1226.00 0
7506 -3.48 -42.50 -0.35 -3.00 5.00 219.00 287.00 -46.00 -1226.00 0
7516 -2.71 -39.44 -0.42 -1.00 2.00 209.00 287.00 -46.00 -1226.00 0
7525 -2.16 -35.13 -0.70 -14.00 4.00 231.00 287.00 -46.00 -1226.00 0
7534 -1.53 -30.19 -1.18 -24.00 12.00 237.00 287.00 -46.00 -1226.00 0
7543 -0.90 -23.37 -2.30 -10.00 15.00 241.00 287.00 -46.00 -1226.00 0
7553 -0.28 -21.22 -2.64 -18.00 13.00 231.00 287.00 -46.00 -1226.00 0
7562 -0.07 -19.34 -2.92 -21.00 15.00 238.00 287.00 -46.00 -1226.00 0
7571 0.14 -17.60 -3.20 -20.00 22.00 256.00 287.00 -46.00 -1226.00 0
7580 0.35 -16.70 -3.20 -24.00 22.00 251.00 287.00 -46.00 -1226.00 0
7589 0.14 -16.63 -3.13 -14.00 15.00 249.00 287.00 -46.00 -1226.00 0
7599 -0.63 -17.11 -2.99 -14.00 9.00 233.00 287.00 -46.00 -1226.00 0
7608 -1.88 -18.43 -1.95 -4.00 2.00 227.00 287.00 -46.00 -1226.00 0
7616 -2.23 -18.16 -1.39 1.00 1.00 222.00 287.00 -46.00 -1226.00 0
7625 -2.02 -17.46 -1.11 1.00 3.00 216.00 287.00 -46.00 -1226.00 0
7634 -1.67 -15.23 -1.25 -1.00 11.00 220.00 287.00 -46.00 -1226.00 0
7644 -1.39 -12.38 -1.60 -3.00 11.00 225.00 196.00 -62.00 -1195.00 0
7653 -1.11 -9.32 -1.88 -5.00 14.00 232.00 196.00 -62.00 -1195.00 0
7662 -1.04 -3.20 -2.64 -16.00 24.00 247.00 196.00 -62.00 -1195.00 0
7671 -1.32 -1.04 -2.92 -24.00 23.00 260.00 196.00 -62.00 -1195.00 0
7681 -1.95 -0.14 -2.99 -24.00 20.00 258.00 196.00 -62.00 -1195.00 0
7690 -2.71 -0.77 -2.85 -22.00 14.00 256.00 196.00 -62.00 -1195.00 0
7699 -3.34 -2.30 -2.43 -22.00 14.00 248.00 196.00 -62.00 -1195.00 0
7708 -3.62 -4.17 -1.81 -17.00 10.00 247.00 197.00 -63.00 -1106.00 0
7717 -3.83 -6.40 -0.63 -9.00 5.00 242.00 197.00 -63.00 -1106.00 0
7726 -3.97 -10.99 -0.21 1.00 4.00 224.00 197.00 -63.00 -1106.00 0
7735 -4.10 -12.10 0.00 7.00 5.00 219.00 197.00 -63.00 -1106.00 0
7744 -3.69 -12.52 0.00 7.00 7.00 208.00 197.00 -63.00 -1106.00 0
7753 -3.27 -11.34 -0.35 11.00 9.00 210.00 197.00 -63.00 -1106.00 0
7762 -2.71 -9.11 -0.77 7.00 19.00 211.00 197.00 -63.00 -1106.00 0
7772 -2.30 -5.70 -1.18 8.00 14.00 209.00 197.00 -63.00 -1106.00 0
7781 -2.16 2.92 -1.18 10.00 13.00 209.00 197.00 -63.00 -1106.00 0
7790 -2.57 7.86 -1.11 17.00 21.00 195.00 197.00 -63.00 -1106.00 0
7799 -2.64 13.43 -0.77 35.00 52.00 174.00 197.00 -63.00 -1106.00 0
7808 -2.50 20.45 0.77 46.00 65.00 143.00 197.00 -63.00 -1106.00 0
7817 -3.20 30.12 4.52 43.00 49.00 147.00 197.00 -63.00 -1106.00 0
7826 -5.63 43.83 9.88 23.00 8.00 137.00 197.00 -63.00 -1106.00 0
7835 -10.43 61.91 14.75 20.00 2.00 135.00 197.00 -63.00 -1106.00 0
7844 -18.02 103.17 19.69 16.00 38.00 121.00 197.00 -63.00 -1106.00 0
7854 -21.22 127.30 20.73 4.00 15.00 116.00 197.00 -63.00 -1106.00 0
7864 -26.16 154.09 21.50 26.00 10.00 45.00 197.00 -63.00 -1106.00 0
7873 -33.74 184.56 20.87 45.00 -77.00 -20.00 197.00 -63.00 -1106.00 0
7882 -43.62 222.96 18.09 38.00 -245.00 -144.00 197.00 -63.00 -1106.00 0
7891 -51.76 274.78 0.63 -58.00 -206.00 -239.00 197.00 -63.00 -1106.00 0
7901 -23.03 413.84 -13.57 -131.00 -87.00 -246.00 197.00 -63.00 -1106.00 0
7910 7.51 488.77 -29.15 -271.00 -13.00 -240.00 197.00 -63.00 -1106.00 1
7920 35.62 556.38 -44.17 -69.00 -234.00 -584.00 197.00 -63.00 -1106.00 1
7931 49.18 303.37 -58.92 -291.00 29.00 216.00 197.00 -63.00 -1106.00 1
7942 10.57 247.51 -44.45 -135.00 -65.00 134.00 197.00 -63.00 -1106.00 1
7952 9.95 198.89 -30.75 -218.00 -4.00 115.00 197.00 -63.00 -1106.00 1
7962 12.59 123.83 -13.15 -194.00 21.00 148.00 197.00 -63.00 -1106.00 1
7973 10.78 97.25 -9.53 -159.00 -14.00 194.00 528.00 -33.00 -1299.00 1
7984 7.10 71.37 -5.98 -180.00 30.00 177.00 528.00 -33.00 -1299.00 1
7994 5.29 36.94 0.00 -205.00 8.00 164.00 528.00 -33.00 -1299.00 1
8005 -2.43 23.51 0.49 -164.00 7.00 186.00 528.00 -33.00 -1299.00 1
8015 -5.22 13.43 0.21 -159.00 2.00 184.00 528.00 -33.00 -1299.00 1
8026 -7.72 7.23 -0.77 -161.00 4.00 192.00 528.00 -33.00 -1299.00 1
8036 -11.48 2.09 -1.74 -170.00 -15.00 182.00 524.00 -35.00 -978.00 1
8046 -13.22 1.39 -2.30 -171.00 -4.00 195.00 524.00 -35.00 -978.00 1
8056 -13.29 0.90 -1.88 -197.00 -14.00 207.00 524.00 -35.00 -978.00 1
8067 -11.69 3.90 0.83 -270.00 19.00 296.00 524.00 -35.00 -978.00 0
8076 -10.09 3.27 2.64 -361.00 0.00 374.00 524.00 -35.00 -978.00 0
8085 -10.02 -13.29 2.78 -324.00 23.00 321.00 524.00 -35.00 -978.00 0
8094 -6.75 -40.21 5.77 -248.00 30.00 212.00 524.00 -35.00 -978.00 0
8103 -4.17 -69.08 11.62 -172.00 3.00 116.00 491.00 -36.00 -1337.00 0
8113 -5.91 -99.27 16.83 -100.00 -3.00 71.00 491.00 -36.00 -1337.00 0
8122 -13.22 -154.02 19.48 -57.00 35.00 63.00 491.00 -36.00 -1337.00 0
8131 -17.67 -169.67 18.99 -66.00 0.00 81.00 491.00 -36.00 -1337.00 0
8140 -24.77 -174.96 18.30 -58.00 -39.00 115.00 491.00 -36.00 -1337.00 0
8150 -30.54 -173.29 16.49 -57.00 -29.00 128.00 491.00 -36.00 -1337.00 0
8159 -32.21 -167.86 13.29 -54.00 -3.00 158.00 491.00 -36.00 -1337.00 0
8168 -30.54 -160.07 9.39 -55.00 -12.00 167.00 406.00 -29.00 -1158.00 0
8177 -26.23 -135.65 3.27 -63.00 -5.00 169.00 406.00 -29.00 -1158.00 0
8186 -23.30 -119.51 1.46 -77.00 -1.00 170.00 406.00 -29.00 -1158.00 0
8196 -21.15 -101.77 0.14 -79.00 -11.00 202.00 406.00 -29.00 -1158.00 0
8205 -19.48 -84.45 -1.04 -109.00 -11.00 231.00 406.00 -29.00 -1158.00 0
8214 -17.60 -68.80 -1.81 -128.00 -8.00 252.00 406.00 -29.00 -1158.00 0
8223 -14.96 -55.79 -2.43 -140.00 4.00 265.00 406.00 -29.00 -1158.00 0
8232 -9.25 -42.43 -2.23 -126.00 -10.00 257.00 388.00 -25.00 -1183.00 0
8242 -6.96 -41.67 -1.81 -112.00 -9.00 220.00 388.00 -25.00 -1183.00 0
8251 -4.59 -42.37 -1.11 -93.00 -3.00 206.00 388.00 -25.00 -1183.00 0
8260 -2.23 -42.78 -0.28 -94.00 -3.00 204.00 388.00 -25.00 -1183.00 0
8269 -0.83 -42.43 0.56 -89.00 -5.00 215.00 388.00 -25.00 -1183.00 0
8279 -0.21 -42.02 1.04 -81.00 -9.00 207.00 388.00 -25.00 -1183.00 0
8288 0.63 -40.00 0.90 -78.00 -15.00 205.00 388.00 -25.00 -1183.00 0
8297 1.11 -37.91 0.35 -73.00 -13.00 196.00 388.00 -33.00 -1068.00 0
8306 2.02 -34.78 -0.56 -71.00 -12.00 195.00 369.00 -33.00 -1068.00 0
8315 3.20 -30.47 -2.09 -71.00 8.00 197.00 369.00 -33.00 -1068.00 0
8325 4.66 -25.32 -3.62 -70.00 20.00 199.00 369.00 -33.00 -1068.00 0
8334 5.63 -19.83 -4.59 -81.00 1.00 206.00 369.00 -33.00 -1068.00 0
8343 4.03 -8.97 -5.43 -82.00 -6.00 208.00 369.00 -33.00 -1068.00 0
8352 3.27 -3.90 -5.91 -83.00 -6.00 207.00 369.00 -33.00 -1068.00 0
8361 3.06 0.77 -6.68 -84.00 -7.00 208.00 369.00 -33.00 -1068.00 0
8371 3.48 5.01 -7.51 -97.00 6.00 227.00 369.00 -33.00 -1068.00 0
8380 3.97 8.63 -8.21 -112.00 30.00 246.00 369.00 -33.00 -1068.00 0
8389 4.38 10.71 -8.28 -117.00 24.00 250.00 369.00 -33.00 -1068.00 0
8398 3.20 8.63 -5.43 -106.00 -3.00 234.00 369.00 -33.00 -1068.00 0
8408 -2.71 5.29 -3.69 -91.00 -23.00 212.00 369.00 -33.00 -1068.00 0
8417 -4.31 2.37 -2.64 -85.00 -17.00 206.00 369.00 -33.00 -1068.00 0
8425 -4.38 0.70 -2.30 -90.00 -10.00 211.00 369.00 -33.00 -1068.00 0
8434 -3.83 0.28 -2.57 -96.00 1.00 218.00 369.00 -33.00 -1068.00 0
8443 -3.27 0.42 -3.27 -94.00 -3.00 220.00 369.00 -33.00 -1068.00 0
8453 -2.85 0.49 -3.90 -96.00 -1.00 224.00 369.00 -33.00 -1068.00 0
8462 -2.30 0.14 -4.38 -98.00 1.00 229.00 369.00 -33.00 -1068.00 0
8471 -1.95 -0.83 -4.24 -96.00 0.00 226.00 369.00 -33.00 -1068.00 0
8480 -1.39 -2.16 -3.90 -95.00 2.00 220.00 369.00 -33.00 -1068.00 0
8489 -0.83 -3.48 -3.48 -92.00 17.00 220.00 369.00 -33.00 -1068.00 0
8499 -0.42 -4.52 -2.71 -93.00 16.00 222.00 372.00 -37.00 -1150.00 0
8508 -1.18 -5.50 -1.60 -92.00 0.00 220.00 372.00 -37.00 -1150.00 0
8516 -3.06 -7.65 1.32 -87.00 -10.00 216.00 372.00 -37.00 -1150.00 0
8525 -6.33 -8.63 2.43 -86.00 -12.00 210.00 372.00 -37.00 -1150.00 0
8535 -6.89 -9.04 2.99 -89.00 -6.00 212.00 372.00 -37.00 -1150.00 0
8544 -6.75 -8.90 2.85 -88.00 -8.00 217.00 372.00 -37.00 -1150.00 0
8553 -6.26 -8.49 2.37 -86.00 -6.00 219.00 372.00 -37.00 -1150.00 0
8562 -5.70 -7.93 1.74 -86.00 -5.00 216.00 366.00 -34.00 -1034.00 0
8571 -5.08 -7.17 1.04 -92.00 -1.00 223.00 366.00 -34.00 -1034.00 0
8581 -3.55 -5.70 -0.35 -90.00 7.00 226.00 366.00 -34.00 -1034.00 0
8590 -2.57 -5.29 -0.63 -88.00 13.00 220.00 366.00 -34.00 -1034.00 0
8599 -2.30 -4.94 -0.42 -87.00 -2.00 219.00 366.00 -34.00 -1034.00 0
8608 -2.78 -4.59 0.00 -87.00 -9.00 213.00 366.00 -34.00 -1034.00 0
8616 -3.20 -4.17 0.14 -84.00 3.00 213.00 366.00 -34.00 -1034.00 0
8626 -2.99 -3.55 0.07 -90.00 2.00 222.00 366.00 -36.00 -1171.00 0
8635 -2.78 -2.64 -0.35 -93.00 -10.00 223.00 366.00 -36.00 -1171.00 0
8644 -3.90 -0.97 -0.70 -92.00 -9.00 224.00 366.00 -36.00 -1171.00 0
8653 -3.97 -0.35 -1.25 -93.00 -3.00 230.00 366.00 -36.00 -1171.00 0
8663 -3.34 -0.21 -1.60 -85.00 3.00 222.00 366.00 -36.00 -1171.00 0
8672 -2.71 -0.70 -1.95 -86.00 -4.00 219.00 366.00 -36.00 -1171.00 0
8681 -2.43 -1.39 -2.23 -84.00 -1.00 216.00 366.00 -36.00 -1171.00 0
8690 -2.09 -1.81 -2.71 -83.00 -2.00 207.00 366.00 -36.00 -1171.00 0
8699 -1.32 -1.25 -3.76 -85.00 -3.00 209.00 366.00 -36.00 -1171.00 0
8708 -0.70 -0.42 -4.52 -81.00 10.00 214.00 366.00 -36.00 -1171.00 0
8717 0.14 0.42 -5.01 -87.00 18.00 218.00 366.00 -36.00 -1171.00 0
8726 0.14 1.25 -5.08 -95.00 7.00 223.00 366.00 -36.00 -1171.00 0
8735 -0.90 2.09 -4.66 -97.00 2.00 231.00 366.00 -36.00 -1171.00 0
8744 -1.88 2.50 -4.10 -99.00 0.00 230.00 366.00 -36.00 -1171.00 0
8754 -2.85 2.30 -3.55 -93.00 -3.00 223.00 366.00 -36.00 -1171.00 0
8763 -3.97 0.56 -2.64 -89.00 -2.00 215.00 366.00 -36.00 -1171.00 0
8772 -4.17 -0.14 -2.50 -89.00 -2.00 219.00 366.00 -36.00 -1171.00 0
8781 -4.24 -0.56 -2.37 -91.00 -3.00 220.00 366.00 -36.00 -1171.00 0
8791 -4.24 -0.83 -2.23 -89.00 1.00 216.00 366.00 -36.00 -1171.00 0
8799 -4.10 -1.04 -2.09 -89.00 -2.00 220.00 366.00 -36.00 -1171.00 0
8808 -4.03 -1.11 -1.81 -87.00 -6.00 215.00 366.00 -36.00 -1171.00 0
8817 -4.17 -0.90 -1.53 -88.00 -4.00 222.00 366.00 -36.00 -1171.00 0
8826 -3.90 -0.83 -1.67 -86.00 -5.00 223.00 365.00 -34.00 -1225.00 0
8836 -3.69 -0.63 -1.88 -90.00 0.00 213.00 365.00 -34.00 -1225.00 0
8845 -3.34 -0.56 -2.09 -87.00 1.00 213.00 365.00 -34.00 -1225.00 0
8854 -3.06 -0.35 -2.30 -90.00 4.00 217.00 365.00 -34.00 -1225.00 0
8863 -2.85 0.00 -2.37 -91.00 3.00 222.00 365.00 -34.00 -1225.00 0
8872 -2.71 0.35 -2.37 -89.00 7.00 221.00 365.00 -34.00 -1225.00 0
8881 -3.13 0.49 -1.95 -86.00 2.00 222.00 365.00 -34.00 -1225.00 0
8890 -3.48 0.49 -1.81 -86.00 3.00 220.00 367.00 -37.00 -1385.00 0
8899 -3.69 0.63 -1.74 -92.00 1.00 223.00 367.00 -37.00 -1385.00 0
8908 -3.97 0.83 -1.60 -87.00 4.00 219.00 367.00 -37.00 -1385.00 0
8918 -4.38 0.56 -1.46 -90.00 4.00 219.00 367.00 -37.00 -1385.00 0
8927 -4.73 0.42 -1.18 -92.00 -9.00 221.00 367.00 -37.00 -1385.00 0
8936 -5.63 0.49 -0.97 -86.00 -16.00 220.00 367.00 -37.00 -1385.00 0
8945 -6.68 0.83 -1.25 -87.00 -14.00 220.00 367.00 -37.00 -1385.00 0
8954 -6.33 1.04 -1.74 -94.00 -6.00 222.00 370.00 -37.00 -1122.00 0
8964 -5.84 1.11 -2.23 -95.00 1.00 221.00 370.00 -37.00 -1122.00 0
8972 -5.36 1.04 -2.71 -95.00 -4.00 223.00 370.00 -37.00 -1122.00 0
8981 -5.08 0.77 -2.99 -97.00 -2.00 221.00 370.00 -37.00 -1122.00 0
8990 -4.80 0.35 -3.20 -94.00 1.00 219.00 370.00 -37.00 -1122.00 0
8999 -4.31 -0.56 -3.34 -93.00 3.00 222.00 370.00 -37.00 -1122.00 0
9009 -3.48 -0.97 -3.34 -88.00 -1.00 221.00 370.00 -37.00 -1122.00 0
9018 -3.20 -1.25 -3.27 -94.00 -2.00 216.00 370.00 -37.00 -1122.00 0
9027 -2.92 -1.53 -3.41 -86.00 -3.00 219.00 370.00 -37.00 -1122.00 0
9036 -2.57 -1.60 -3.55 -90.00 -3.00 220.00 370.00 -37.00 -1122.00 0
9046 -2.16 -1.53 -3.69 -90.00 -5.00 221.00 370.00 -37.00 -1122.00 0
9054 -1.67 -1.32 -3.83 -91.00 -2.00 220.00 370.00 -37.00 -1122.00 0
9063 -0.42 -0.83 -4.10 -90.00 -4.00 219.00 370.00 -37.00 -1122.00 0
9072 0.28 -0.77 -4.24 -91.00 -7.00 221.00 370.00 -37.00 -1122.00 0
9081 1.11 -0.49 -4.24 -89.00 -6.00 219.00 370.00 -37.00 -1122.00 0
9091 2.02 -0.42 -4.31 -93.00 -4.00 218.00 370.00 -37.00 -1122.00 0
9100 2.92 -0.21 -4.45 -93.00 0.00 220.00 370.00 -37.00 -1122.00 0
9109 3.97 -0.14 -4.59 -90.00 9.00 217.00 370.00 -37.00 -1122.00 0
9118 5.01 -0.56 -4.52 -89.00 14.00 217.00 370.00 -37.00 -1122.00 0
9127 5.15 -1.53 -3.55 -91.00 6.00 222.00 370.00 -37.00 -1122.00 0
9137 4.03 -1.88 -2.78 -92.00 1.00 223.00 370.00 -37.00 -1122.00 0
9145 3.06 -2.37 -2.02 -91.00 1.00 225.00 370.00 -37.00 -1122.00 0
9154 2.37 -3.13 -1.53 -93.00 5.00 225.00 368.00 -44.00 -1302.00 0
9163 2.02 -4.03 -1.11 -93.00 3.00 221.00 368.00 -44.00 -1302.00 0
9172 1.95 -4.80 -0.70 -81.00 3.00 216.00 368.00 -44.00 -1302.00 0
9182 1.74 -5.50 0.07 -85.00 0.00 217.00 368.00 -44.00 -1302.00 0
9191 1.67 -5.36 0.42 -87.00 0.00 211.00 368.00 -44.00 -1302.00 0
9200 1.67 -5.01 0.56 -82.00 2.00 212.00 368.00 -44.00 -1302.00 0
9209 1.74 -4.45 0.49 -85.00 0.00 209.00 368.00 -44.00 -1302.00 0
9218 1.74 -3.48 0.21 -86.00 -1.00 214.00 361.00 -44.00 -1239.00 0
9227 2.02 -2.43 -0.14 -87.00 3.00 219.00 361.00 -44.00 -1239.00 0
9236 2.57 -1.60 -0.63 -88.00 4.00 222.00 361.00 -44.00 -1239.00 0
9245 3.97 -0.28 -1.60 -88.00 12.00 221.00 361.00 -44.00 -1239.00 0
9254 4.31 0.21 -1.88 -87.00 10.00 218.00 361.00 -44.00 -1239.00 0
9264 3.97 0.63 -2.02 -87.00 7.00 219.00 361.00 -44.00 -1239.00 0
9273 3.41 0.90 -2.02 -85.00 5.00 219.00 361.00 -44.00 -1239.00 0
9282 2.85 1.11 -2.02 -91.00 11.00 223.00 361.00 -50.00 -1331.00 0
9291 2.30 1.46 -2.09 -92.00 15.00 225.00 362.00 -50.00 -1331.00 0
9300 1.74 1.46 -1.46 -92.00 13.00 226.00 362.00 -50.00 -1331.00 0
9310 -0.35 0.21 -0.77 -88.00 1.00 218.00 362.00 -50.00 -1331.00 0
9318 -1.81 -0.49 -0.07 -86.00 -1.00 216.00 362.00 -50.00 -1331.00 0
9327 -2.85 -0.83 0.21 -90.00 0.00 217.00 362.00 -50.00 -1331.00 0
9336 -3.41 -0.77 0.14 -92.00 2.00 222.00 362.00 -50.00 -1331.00 0
9346 -3.55 -0.49 -0.14 -92.00 3.00 220.00 362.00 -50.00 -1331.00 0
9355 -3.41 -0.21 -0.56 -91.00 3.00 221.00 362.00 -50.00 -1331.00 0
9364 -3.06 0.07 -1.18 -89.00 2.00 219.00 362.00 -50.00 -1331.00 0
9373 -2.64 0.28 -1.46 -88.00 2.00 219.00 362.00 -50.00 -1331.00 0
9382 -2.16 0.63 -1.81 -92.00 6.00 223.00 362.00 -50.00 -1331.00 0
9392 -1.74 0.90 -2.23 -89.00 11.00 228.00 362.00 -50.00 -1331.00 0
9400 -1.46 1.04 -2.50 -92.00 10.00 227.00 362.00 -50.00 -1331.00 0
9409 -1.53 0.70 -2.37 -90.00 8.00 226.00 362.00 -50.00 -1331.00 0
9418 -1.81 -0.21 -2.09 -87.00 8.00 214.00 362.00 -50.00 -1331.00 0
9427 -2.64 -2.16 -1.46 -85.00 8.00 215.00 362.00 -50.00 -1331.00 0
9437 -3.06 -2.43 -1.18 -87.00 4.00 215.00 362.00 -50.00 -1331.00 0
9446 -3.41 -2.37 -1.18 -86.00 2.00 215.00 362.00 -50.00 -1331.00 0
9455 -3.55 -2.09 -1.25 -85.00 5.00 211.00 362.00 -50.00 -1331.00 0
9464 -3.69 -1.67 -1.46 -88.00 2.00 216.00 362.00 -50.00 -1331.00 0
9474 -3.83 -1.11 -1.81 -87.00 2.00 220.00 362.00 -50.00 -1331.00 0
9483 -3.90 0.14 -2.64 -91.00 4.00 219.00 364.00 -48.00 -1393.00 0
9491 -3.34 0.63 -3.06 -92.00 5.00 221.00 364.00 -48.00 -1393.00 0
9500 -3.13 0.97 -3.41 -94.00 4.00 224.00 364.00 -48.00 -1393.00 0
9509 -2.92 1.11 -3.62 -94.00 11.00 220.00 364.00 -48.00 -1393.00 0
9519 -2.64 0.90 -3.62 -90.00 8.00 224.00 364.00 -48.00 -1393.00 0
9528 -2.50 0.70 -3.55 -88.00 3.00 222.00 364.00 -48.00 -1393.00 0
9537 -2.43 0.49 -3.48 -88.00 5.00 219.00 364.00 -48.00 -1393.00 0
9546 -2.50 0.56 -3.48 -90.00 2.00 219.00 362.00 -51.00 -1160.00 0
9555 -2.43 0.70 -3.55 -89.00 3.00 221.00 362.00 -51.00 -1160.00 0
9565 -2.37 0.83 -3.69 -89.00 7.00 218.00 362.00 -51.00 -1160.00 0
9574 -2.30 0.97 -3.76 -93.00 5.00 224.00 362.00 -51.00 -1160.00 0
9582 -2.30 1.18 -3.76 -93.00 2.00 220.00 362.00 -51.00 -1160.00 0
9591 -2.30 1.32 -3.83 -89.00 5.00 222.00 362.00 -51.00 -1160.00 0
9601 -2.09 1.39 -4.03 -93.00 9.00 222.00 362.00 -51.00 -1160.00 0
9610 -1.25 1.18 -4.03 -90.00 8.00 219.00 362.00 -52.00 -1155.00 0
9619 -1.11 0.90 -3.83 -90.00 11.00 210.00 365.00 -52.00 -1155.00 0
9628 -1.18 0.77 -3.69 -90.00 2.00 214.00 365.00 -52.00 -1155.00 0
9637 -1.18 0.90 -3.62 -90.00 8.00 219.00 365.00 -52.00 -1155.00 0
9647 -1.04 1.18 -3.69 -90.00 10.00 218.00 365.00 -52.00 -1155.00 0
9656 -0.77 1.60 -3.76 -94.00 12.00 218.00 365.00 -52.00 -1155.00 0
9665 -0.63 2.43 -3.69 -95.00 10.00 224.00 365.00 -52.00 -1155.00 0
9673 -0.90 2.50 -3.62 -97.00 11.00 225.00 365.00 -52.00 -1155.00 0