23906 -12.38 10.43 -7.58 -179.00 26.00 170.00 492.00 -82.00 -1088.00 0
23915 -12.17 9.39 -6.75 -177.00 16.00 168.00 492.00 -82.00 -1088.00 0
23924 -12.52 8.14 -5.84 -178.00 7.00 170.00 492.00 -82.00 -1088.00 0
23933 -12.94 7.17 -5.22 -173.00 18.00 169.00 492.00 -82.00 -1088.00 0
23943 -12.66 6.54 -4.73 -163.00 21.00 167.00 492.00 -82.00 -1088.00 0
23952 -12.59 5.08 -3.83 -160.00 7.00 157.00 492.00 -82.00 -1088.00 0
23961 -13.70 4.59 -3.83 -168.00 -7.00 163.00 492.00 -82.00 -1088.00 0
23970 -14.05 4.24 -4.38 -175.00 5.00 177.00 492.00 -82.00 -1088.00 0
23980 -12.94 2.85 -5.15 -179.00 22.00 182.00 492.00 -82.00 -1088.00 0
23989 -10.92 0.28 -5.63 -176.00 26.00 182.00 492.00 -82.00 -1088.00 0
23998 -9.18 -3.20 -5.70 -170.00 19.00 176.00 492.00 -82.00 -1088.00 0
24007 -7.58 -10.30 -5.43 -163.00 22.00 162.00 492.00 -82.00 -1088.00 0
24017 -6.96 -13.15 -5.29 -165.00 16.00 169.00 492.00 -82.00 -1088.00 0
24027 -6.54 -15.17 -5.29 -165.00 27.00 169.00 492.00 -82.00 -1088.00 0
24036 -6.54 -16.35 -5.36 -164.00 29.00 160.00 492.00 -82.00 -1088.00 0
24045 -7.37 -16.83 -5.36 -164.00 15.00 166.00 492.00 -82.00 -1088.00 0
24054 -8.90 -16.56 -5.29 -168.00 9.00 168.00 492.00 -82.00 -1088.00 0
24064 -11.69 -14.26 -5.36 -168.00 4.00 174.00 492.00 -82.00 -1088.00 0
24073 -11.97 -12.03 -5.29 -169.00 4.00 173.00 492.00 -82.00 -1088.00 0
24082 -11.41 -9.39 -5.22 -165.00 7.00 175.00 492.00 -82.00 -1088.00 0
24091 -10.64 -6.89 -5.22 -164.00 6.00 177.00 492.00 -82.00 -1088.00 0
24100 -9.67 -4.87 -5.29 -165.00 18.00 176.00 492.00 -82.00 -1088.00 0
24110 -8.42 -3.48 -4.73 -166.00 9.00 177.00 492.00 -82.00 -1088.00 0
24119 -7.03 -2.64 -4.38 -165.00 2.00 176.00 492.00 -82.00 -1088.00 0
24128 -6.40 -3.27 -3.97 -165.00 3.00 175.00 492.00 -82.00 -1088.00 0
24137 -5.22 -4.17 -3.62 -160.00 26.00 168.00 492.00 -82.00 -1088.00 0
24146 -3.83 -4.94 -3.06 -160.00 23.00 171.00 492.00 -82.00 -1088.00 0
24156 -3.34 -5.29 -2.37 -168.00 14.00 172.00 515.00 -66.00 -1220.00 0
24165 -3.90 -5.15 -1.53 -167.00 13.00 170.00 515.00 -66.00 -1220.00 0
24174 -4.80 -5.70 -1.46 -167.00 17.00 173.00 515.00 -66.00 -1220.00 0
24183 -5.22 -6.19 -1.60 -165.00 12.00 175.00 515.00 -66.00 -1220.00 0
24193 -5.70 -6.75 -2.02 -164.00 10.00 171.00 515.00 -66.00 -1220.00 0
24202 -6.05 -7.17 -2.37 -162.00 4.00 175.00 515.00 -66.00 -1220.00 0
24211 -6.19 -7.51 -2.78 -164.00 9.00 175.00 515.00 -66.00 -1220.00 0
24220 -6.12 -7.93 -3.41 -164.00 12.00 175.00 508.00 -61.00 -1181.00 0
24229 -5.01 -8.21 -3.48 -164.00 9.00 178.00 508.00 -61.00 -1181.00 0
24239 -4.31 -8.28 -3.48 -161.00 9.00 176.00 508.00 -61.00 -1181.00 0
24248 -3.62 -8.28 -3.48 -157.00 8.00 171.00 508.00 -61.00 -1181.00 0
24257 -2.85 -8.14 -3.69 -158.00 23.00 177.00 508.00 -61.00 -1181.00 0
24267 -1.95 -7.79 -3.83 -160.00 22.00 178.00 508.00 -61.00 -1181.00 0
24276 -1.53 -7.44 -3.27 -163.00 19.00 180.00 508.00 -61.00 -1181.00 0
24286 -2.85 -7.37 -2.64 -163.00 13.00 179.00 508.00 -62.00 -1442.00 0
24295 -3.62 -7.37 -1.95 -165.00 5.00 176.00 508.00 -62.00 -1442.00 0
24304 -4.17 -7.51 -1.46 -158.00 12.00 169.00 508.00 -62.00 -1442.00 0
24313 -4.31 -7.65 -1.39 -155.00 14.00 166.00 508.00 -62.00 -1442.00 0
24323 -4.31 -7.44 -1.53 -154.00 12.00 170.00 508.00 -62.00 -1442.00 0
24332 -4.45 -5.63 -1.95 -157.00 6.00 179.00 508.00 -62.00 -1442.00 0
24341 -5.15 -4.38 -2.09 -162.00 4.00 178.00 508.00 -62.00 -1442.00 0
24350 -5.15 -3.27 -2.43 -165.00 13.00 176.00 507.00 -62.00 -1060.00 0
24359 -4.73 -2.37 -2.71 -165.00 12.00 181.00 507.00 -62.00 -1060.00 0
24369 -4.24 -1.67 -2.78 -167.00 16.00 182.00 507.00 -62.00 -1060.00 0
24378 -3.76 -1.39 -2.78 -165.00 18.00 178.00 507.00 -62.00 -1060.00 0
24387 -3.48 -2.16 -2.16 -159.00 14.00 179.00 507.00 -62.00 -1060.00 0
24396 -2.71 -2.92 -1.60 -155.00 10.00 174.00 507.00 -62.00 -1060.00 0
24406 -2.64 -3.48 -1.11 -158.00 13.00 173.00 507.00 -62.00 -1060.00 0
24415 -2.50 -3.69 -0.97 -154.00 17.00 175.00 507.00 -62.00 -1188.00 0
24424 -2.37 -3.83 -0.83 -156.00 10.00 173.00 505.00 -62.00 -1188.00 0
24433 -2.71 -3.62 -0.70 -158.00 2.00 177.00 505.00 -62.00 -1188.00 0
24442 -3.48 -2.43 -1.18 -159.00 4.00 177.00 505.00 -62.00 -1188.00 0
24452 -2.99 -1.95 -1.46 -161.00 13.00 175.00 505.00 -62.00 -1188.00 0
24461 -2.37 -1.74 -1.74 -158.00 12.00 174.00 505.00 -62.00 -1188.00 0
24470 -1.95 -1.53 -2.02 -158.00 13.00 175.00 505.00 -62.00 -1188.00 0
24479 -1.39 -1.32 -2.30 -163.00 17.00 179.00 505.00 -62.00 -1188.00 0
24488 -0.70 -1.11 -2.37 -166.00 23.00 181.00 505.00 -62.00 -1188.00 0
24498 -0.28 -1.67 -2.30 -167.00 19.00 180.00 505.00 -62.00 -1188.00 0
24507 -0.63 -2.23 -2.16 -163.00 13.00 177.00 505.00 -62.00 -1188.00 0
24516 -1.04 -2.85 -2.02 -160.00 7.00 181.00 505.00 -62.00 -1188.00 0
24525 -1.39 -3.48 -1.95 -162.00 7.00 176.00 505.00 -62.00 -1188.00 0
24535 -1.46 -3.90 -2.02 -162.00 6.00 180.00 505.00 -62.00 -1188.00 0
24544 -1.18 -4.31 -2.09 -155.00 35.00 172.00 505.00 -62.00 -1188.00 0
24553 -0.49 -5.01 -1.39 -153.00 21.00 178.00 505.00 -62.00 -1188.00 0
24562 -2.23 -4.59 -0.77 -154.00 0.00 173.00 505.00 -62.00 -1188.00 0
24571 -4.03 -3.69 -0.42 -157.00 4.00 175.00 505.00 -62.00 -1188.00 0
24581 -4.45 -2.71 -0.42 -158.00 17.00 177.00 505.00 -62.00 -1188.00 0
24590 -4.03 -2.09 -0.35 -159.00 19.00 180.00 505.00 -62.00 -1188.00 0
24599 -3.69 -1.88 -0.28 -158.00 14.00 179.00 505.00 -62.00 -1188.00 0
24608 -3.90 -2.16 -0.35 -160.00 10.00 177.00 505.00 -62.00 -1188.00 0
24617 -3.83 -2.43 -0.35 -158.00 12.00 181.00 505.00 -62.00 -1188.00 0
24627 -3.76 -2.78 -0.56 -164.00 8.00 179.00 505.00 -62.00 -1188.00 0
24636 -3.76 -3.13 -0.90 -164.00 6.00 180.00 505.00 -62.00 -1188.00 0
24645 -3.55 -3.34 -1.32 -165.00 14.00 184.00 505.00 -62.00 -1188.00 0
24654 -2.99 -3.69 -1.53 -164.00 12.00 183.00 505.00 -62.00 -1188.00 0
24665 -1.74 -5.36 -1.88 -162.00 10.00 183.00 505.00 -62.00 -1188.00 0
24674 -0.90 -6.47 -1.88 -156.00 14.00 179.00 505.00 -62.00 -1188.00 0
24683 0.00 -7.65 -1.81 -154.00 16.00 180.00 505.00 -62.00 -1188.00 0
24692 1.18 -8.70 -1.67 -148.00 22.00 172.00 505.00 -62.00 -1188.00 0
24701 2.30 -9.67 -1.46 -147.00 28.00 170.00 505.00 -62.00 -1188.00 0
24711 2.64 -9.95 -0.97 -144.00 11.00 174.00 505.00 -62.00 -1188.00 0
24720 0.49 -8.49 -0.49 -150.00 4.00 172.00 505.00 -62.00 -1188.00 0
24729 -0.28 -7.30 -0.70 -148.00 18.00 176.00 505.00 -62.00 -1188.00 0
24738 -0.35 -6.05 -0.97 -149.00 23.00 172.00 505.00 -62.00 -1188.00 0
24748 -0.49 -4.66 -1.18 -155.00 14.00 182.00 494.00 -69.00 -1200.00 0
24757 -1.25 -3.06 -1.32 -163.00 18.00 190.00 494.00 -69.00 -1200.00 0
24766 -2.09 -1.95 -1.39 -160.00 20.00 189.00 494.00 -69.00 -1200.00 0
24775 -2.64 -2.50 -1.18 -157.00 19.00 186.00 494.00 -69.00 -1200.00 0
24784 -2.99 -3.48 -0.97 -151.00 17.00 179.00 494.00 -69.00 -1200.00 0
24794 -3.55 -4.38 -0.70 -154.00 12.00 179.00 494.00 -69.00 -1200.00 0
24803 -4.10 -4.80 -0.63 -153.00 11.00 178.00 494.00 -69.00 -1200.00 0
24812 -4.17 -4.87 -0.63 -150.00 12.00 180.00 494.00 -68.00 -1174.00 0
24821 -4.03 -4.80 -0.63 -155.00 13.00 182.00 494.00 -68.00 -1174.00 0
24830 -3.62 -5.29 -0.77 -156.00 13.00 179.00 494.00 -68.00 -1174.00 0
24840 -3.20 -5.91 -0.97 -156.00 12.00 182.00 494.00 -68.00 -1174.00 0
24849 -2.50 -6.68 -1.32 -158.00 15.00 182.00 494.00 -68.00 -1174.00 0
24858 -1.53 -7.44 -1.67 -155.00 14.00 182.00 494.00 -68.00 -1174.00 0
24867 -0.56 -8.35 -2.09 -158.00 10.00 189.00 494.00 -68.00 -1174.00 0
24877 0.56 -9.18 -2.50 -150.00 21.00 182.00 487.00 -75.00 -1093.00 0
24886 3.48 -11.48 -3.34 -154.00 18.00 185.00 487.00 -75.00 -1093.00 0
24895 4.73 -12.59 -3.48 -154.00 19.00 189.00 487.00 -75.00 -1093.00 0
24904 5.57 -13.84 -3.48 -153.00 20.00 189.00 487.00 -75.00 -1093.00 0
24913 6.26 -15.23 -3.41 -154.00 16.00 193.00 487.00 -75.00 -1093.00 0
24923 6.82 -16.70 -3.13 -153.00 17.00 190.00 487.00 -75.00 -1093.00 0
24933 7.51 -18.02 -2.50 -146.00 17.00 184.00 487.00 -75.00 -1093.00 0
24942 8.28 -19.62 -2.30 -144.00 17.00 185.00 475.00 -75.00 -1337.00 0
24951 8.49 -19.83 -2.16 -142.00 17.00 183.00 475.00 -75.00 -1337.00 0
24961 8.63 -19.55 -2.09 -142.00 23.00 181.00 475.00 -75.00 -1337.00 0
24970 8.77 -19.13 -2.09 -144.00 24.00 184.00 475.00 -75.00 -1337.00 0
24979 8.77 -18.64 -2.09 -150.00 25.00 186.00 475.00 -75.00 -1337.00 0
24988 7.79 -18.09 -2.16 -147.00 25.00 190.00 475.00 -75.00 -1337.00 0
24997 7.17 -18.23 -2.02 -143.00 25.00 186.00 475.00 -75.00 -1337.00 0
25007 6.54 -18.43 -1.74 -142.00 27.00 189.00 471.00 -83.00 -1198.00 0
25016 6.26 -18.50 -1.32 -139.00 30.00 184.00 471.00 -83.00 -1198.00 0
25025 5.98 -18.37 -0.90 -137.00 33.00 182.00 471.00 -83.00 -1198.00 0
25034 5.43 -18.09 -0.49 -129.00 33.00 183.00 471.00 -83.00 -1198.00 0
25043 3.27 -16.35 0.35 -131.00 27.00 177.00 471.00 -83.00 -1198.00 0
25054 1.74 -14.54 0.56 -131.00 17.00 185.00 471.00 -83.00 -1198.00 0
25063 0.28 -12.24 0.42 -140.00 20.00 193.00 471.00 -83.00 -1198.00 0
25072 -0.83 -9.95 0.00 -144.00 24.00 194.00 464.00 -87.00 -1285.00 0
25081 -1.67 -8.14 -0.56 -143.00 22.00 190.00 464.00 -87.00 -1285.00 0
25091 -2.37 -7.17 -1.04 -143.00 18.00 196.00 464.00 -87.00 -1285.00 0
25100 -2.78 -6.61 -1.46 -143.00 23.00 190.00 464.00 -87.00 -1285.00 0
25109 -2.57 -6.75 -1.46 -143.00 26.00 191.00 464.00 -87.00 -1285.00 0
25118 -2.16 -6.82 -1.39 -141.00 25.00 190.00 464.00 -87.00 -1285.00 0
25127 -1.95 -6.96 -1.25 -135.00 24.00 189.00 464.00 -87.00 -1285.00 0
25137 -1.88 -6.75 -1.18 -140.00 26.00 192.00 464.00 -87.00 -1285.00 0
25146 -1.95 -6.33 -1.18 -142.00 29.00 191.00 464.00 -87.00 -1285.00 0
25155 -2.64 -6.19 -1.04 -142.00 32.00 192.00 464.00 -87.00 -1285.00 0
25164 -3.41 -6.61 -0.83 -135.00 26.00 189.00 464.00 -87.00 -1285.00 0
25174 -4.38 -7.03 -0.63 -134.00 21.00 187.00 464.00 -87.00 -1285.00 0
25183 -5.22 -7.30 -0.42 -132.00 23.00 186.00 464.00 -87.00 -1285.00 0
25192 -5.63 -7.23 -0.35 -132.00 24.00 184.00 464.00 -87.00 -1285.00 0
25201 -5.70 -6.75 -0.56 -129.00 21.00 191.00 464.00 -87.00 -1285.00 0
25210 -6.05 -4.94 -0.90 -136.00 24.00 188.00 464.00 -87.00 -1285.00 0
25220 -6.19 -3.76 -1.32 -147.00 28.00 201.00 464.00 -87.00 -1285.00 0
25229 -6.05 -2.85 -1.60 -148.00 26.00 205.00 464.00 -87.00 -1285.00 0
25238 -6.19 -2.64 -1.67 -147.00 21.00 195.00 464.00 -87.00 -1285.00 0
25247 -6.33 -3.34 -1.60 -143.00 19.00 196.00 464.00 -87.00 -1285.00 0
25256 -6.33 -5.22 -1.11 -143.00 26.00 198.00 464.00 -87.00 -1285.00 0
25266 -5.15 -6.40 -0.77 -144.00 31.00 197.00 464.00 -87.00 -1285.00 0
25275 -4.73 -7.86 -0.35 -136.00 28.00 192.00 464.00 -87.00 -1285.00 0
25284 -4.45 -9.39 0.21 -138.00 32.00 190.00 464.00 -87.00 -1285.00 0
25293 -4.52 -10.92 0.77 -129.00 31.00 188.00 464.00 -87.00 -1285.00 0
25304 -4.94 -12.24 1.25 -125.00 25.00 184.00 464.00 -87.00 -1285.00 0
25313 -6.75 -12.94 2.02 -123.00 18.00 183.00 464.00 -87.00 -1285.00 0
25322 -7.72 -12.24 1.88 -121.00 12.00 184.00 464.00 -87.00 -1285.00 0
25331 -8.21 -10.92 1.53 -124.00 10.00 185.00 464.00 -87.00 -1285.00 0
25340 -8.14 -8.97 0.90 -131.00 16.00 192.00 464.00 -87.00 -1285.00 0
25350 -7.44 -6.61 0.14 -136.00 22.00 196.00 464.00 -87.00 -1285.00 0
25359 -6.33 -4.17 -0.49 -140.00 25.00 197.00 464.00 -87.00 -1285.00 0
25368 -4.66 -1.04 -1.11 -142.00 28.00 205.00 464.00 -87.00 -1285.00 0
25377 -4.24 -0.77 -1.11 -143.00 27.00 201.00 464.00 -87.00 -1285.00 0
25387 -4.03 -1.18 -0.77 -140.00 24.00 200.00 464.00 -87.00 -1285.00 0
25396 -3.97 -2.02 -0.35 -143.00 23.00 196.00 464.00 -87.00 -1285.00 0
25405 -3.97 -3.13 0.00 -139.00 20.00 198.00 464.00 -87.00 -1285.00 0
25414 -3.97 -4.38 0.21 -136.00 20.00 194.00 464.00 -87.00 -1285.00 0
25423 -3.83 -7.17 0.42 -134.00 21.00 193.00 464.00 -87.00 -1285.00 0
25433 -3.69 -8.21 0.42 -132.00 18.00 195.00 464.00 -87.00 -1285.00 0
25442 -3.55 -8.97 0.35 -129.00 20.00 194.00 464.00 -87.00 -1285.00 0
25451 -3.27 -9.60 0.28 -129.00 20.00 194.00 464.00 -87.00 -1285.00 0
25460 -2.99 -9.88 0.14 -129.00 24.00 192.00 464.00 -87.00 -1285.00 0
25469 -2.85 -10.02 0.00 -130.00 25.00 195.00 464.00 -87.00 -1285.00 0
25479 -2.92 -9.39 -0.49 -134.00 30.00 198.00 464.00 -87.00 -1285.00 0
25488 -3.06 -9.18 -0.63 -135.00 25.00 203.00 464.00 -87.00 -1285.00 0
25497 -3.20 -9.32 -0.56 -136.00 24.00 203.00 464.00 -87.00 -1285.00 0
25506 -3.48 -9.95 -0.49 -136.00 23.00 204.00 464.00 -87.00 -1285.00 0
25516 -3.83 -10.92 -0.42 -136.00 30.00 203.00 464.00 -87.00 -1285.00 0
25525 -3.97 -12.24 -0.35 -133.00 25.00 200.00 464.00 -87.00 -1285.00 0
25535 -4.10 -15.03 0.42 -127.00 25.00 193.00 439.00 -87.00 -1266.00 0
25544 -4.24 -16.21 0.70 -127.00 23.00 192.00 439.00 -87.00 -1266.00 0
25553 -4.31 -17.11 0.90 -123.00 20.00 191.00 439.00 -87.00 -1266.00 0
25563 -4.31 -17.53 0.97 -119.00 21.00 195.00 439.00 -87.00 -1266.00 0
25572 -4.24 -17.46 0.77 -123.00 20.00 193.00 439.00 -87.00 -1266.00 0
25581 -4.10 -16.90 0.14 -124.00 28.00 195.00 439.00 -87.00 -1266.00 0
25590 -3.55 -15.03 -0.21 -127.00 28.00 201.00 439.00 -87.00 -1266.00 0
25600 -3.48 -13.84 -0.49 -131.00 29.00 210.00 433.00 -85.00 -1367.00 0
25609 -3.55 -13.08 -0.63 -143.00 29.00 221.00 433.00 -85.00 -1367.00 0
25618 -4.03 -13.22 -0.56 -146.00 30.00 221.00 433.00 -85.00 -1367.00 0
25627 -4.66 -14.61 -0.28 -140.00 30.00 222.00 433.00 -85.00 -1367.00 0
25636 -5.29 -20.52 1.18 -129.00 31.00 211.00 433.00 -85.00 -1367.00 0
25646 -5.50 -24.42 2.43 -123.00 29.00 203.00 433.00 -85.00 -1367.00 0
25656 -5.98 -27.97 3.48 -121.00 25.00 201.00 433.00 -85.00 -1367.00 0
25665 -6.54 -31.03 4.31 -109.00 24.00 198.00 413.00 -87.00 -996.00 0
25674 -7.03 -33.32 4.94 -104.00 19.00 192.00 413.00 -87.00 -996.00 0
25683 -7.44 -34.50 5.36 -109.00 19.00 189.00 413.00 -87.00 -996.00 0
25693 -7.79 -33.46 5.01 -105.00 19.00 195.00 413.00 -87.00 -996.00 0
25702 -7.65 -31.65 4.38 -109.00 18.00 197.00 413.00 -87.00 -996.00 0
25711 -7.23 -29.36 3.62 -109.00 24.00 203.00 413.00 -87.00 -996.00 0
25720 -6.82 -26.71 2.78 -114.00 29.00 207.00 413.00 -87.00 -996.00 0
25730 -6.19 -24.35 2.23 -118.00 33.00 216.00 399.00 -91.00 -1056.00 0
25739 -5.70 -22.82 1.95 -120.00 35.00 220.00 399.00 -91.00 -1056.00 0
25748 -5.77 -22.68 2.57 -115.00 31.00 217.00 399.00 -91.00 -1056.00 0
25757 -6.19 -23.93 3.20 -106.00 27.00 205.00 399.00 -91.00 -1056.00 0
25766 -6.61 -25.25 3.90 -101.00 24.00 203.00 399.00 -91.00 -1056.00 0
25776 -7.30 -26.16 4.38 -95.00 17.00 201.00 399.00 -91.00 -1056.00 0
25785 -7.93 -26.43 4.59 -95.00 18.00 198.00 399.00 -91.00 -1056.00 0
25794 -8.28 -25.95 4.45 -92.00 19.00 195.00 386.00 -86.00 -1122.00 0
25803 -8.14 -22.75 3.55 -95.00 20.00 198.00 386.00 -86.00 -1122.00 0
25812 -7.72 -20.03 2.78 -97.00 21.00 209.00 386.00 -86.00 -1122.00 0
25822 -7.44 -17.04 2.02 -105.00 23.00 217.00 386.00 -86.00 -1122.00 0
25831 -7.30 -14.47 1.25 -109.00 24.00 215.00 386.00 -86.00 -1122.00 0
25840 -7.17 -12.45 0.70 -114.00 30.00 226.00 386.00 -86.00 -1122.00 0
25849 -7.10 -11.27 0.49 -112.00 25.00 226.00 386.00 -86.00 -1122.00 0
25860 -7.30 -11.55 0.83 -103.00 24.00 219.00 381.00 -87.00 -1334.00 0
25869 -7.30 -12.45 1.53 -95.00 19.00 203.00 381.00 -87.00 -1334.00 0
25878 -7.30 -13.22 2.02 -90.00 19.00 200.00 381.00 -87.00 -1334.00 0
25887 -7.17 -13.43 2.23 -88.00 17.00 196.00 381.00 -87.00 -1334.00 0
25896 -6.89 -12.73 1.95 -84.00 16.00 201.00 381.00 -87.00 -1334.00 0
25906 -6.19 -8.56 0.49 -87.00 27.00 201.00 381.00 -87.00 -1334.00 0
25915 -4.73 -5.57 -0.35 -97.00 29.00 213.00 381.00 -87.00 -1334.00 0
25924 -4.38 -2.92 -0.97 -95.00 31.00 215.00 381.00 -87.00 -1334.00 0
25933 -4.38 -1.18 -1.39 -94.00 32.00 213.00 381.00 -87.00 -1334.00 0
25943 -4.52 0.14 -1.60 -93.00 22.00 211.00 381.00 -87.00 -1334.00 0
25952 -4.87 1.32 -1.67 -95.00 18.00 208.00 381.00 -87.00 -1334.00 0
25961 -5.36 2.37 -1.88 -93.00 21.00 205.00 381.00 -87.00 -1334.00 0
25970 -5.70 3.90 -2.16 -95.00 19.00 207.00 381.00 -87.00 -1334.00 0
25979 -5.77 4.59 -2.57 -91.00 18.00 204.00 381.00 -87.00 -1334.00 0
25989 -5.77 5.36 -3.27 -93.00 20.00 200.00 381.00 -87.00 -1334.00 0
25997 -5.70 6.54 -3.83 -84.00 41.00 197.00 381.00 -87.00 -1334.00 0
26006 -5.57 7.86 -4.17 -80.00 44.00 193.00 381.00 -87.00 -1334.00 0
26015 -6.12 9.81 -3.97 -76.00 43.00 181.00 381.00 -87.00 -1334.00 0
26024 -12.03 17.39 -2.71 -77.00 17.00 175.00 381.00 -87.00 -1334.00 0
26035 -16.42 23.58 -2.57 -65.00 24.00 157.00 381.00 -87.00 -1334.00 0
26044 -19.55 31.23 -2.92 -48.00 59.00 141.00 381.00 -87.00 -1334.00 0
26053 -21.50 41.39 -2.71 -31.00 64.00 104.00 381.00 -87.00 -1334.00 0
26062 -26.30 56.07 -2.16 -12.00 23.00 44.00 381.00 -87.00 -1334.00 0
26072 -34.78 76.73 -2.02 -11.00 -86.00 1.00 381.00 -87.00 -1334.00 0
26081 -49.53 143.58 -2.71 -26.00 -150.00 -46.00 381.00 -87.00 -1334.00 0
26090 -44.87 189.22 -6.19 -61.00 -134.00 -70.00 381.00 -87.00 -1334.00 0
26099 -30.05 240.07 -12.87 -135.00 -66.00 -26.00 381.00 -87.00 -1334.00 0
26108 -9.11 292.10 -22.05 -239.00 37.00 -25.00 381.00 -87.00 -1334.00 1
26119 12.66 319.79 -37.15 195.00 -29.00 264.00 381.00 -87.00 -1334.00 1
26129 6.26 197.22 -43.97 -180.00 80.00 187.00 542.00 -54.00 -1106.00 1
26139 4.45 156.38 -33.88 -210.00 -79.00 104.00 542.00 -54.00 -1106.00 1
26149 -4.31 123.06 -26.78 -217.00 -3.00 129.00 542.00 -54.00 -1106.00 1
26160 -3.76 75.62 -13.22 -199.00 11.00 129.00 542.00 -54.00 -1106.00 1
26170 -5.84 62.54 -9.25 -180.00 -2.00 147.00 542.00 -54.00 -1106.00 1
26180 -9.11 49.81 -7.10 -190.00 4.00 146.00 542.00 -54.00 -1106.00 1
26190 -9.95 28.73 -1.46 -182.00 13.00 154.00 543.00 -51.00 -1117.00 1
26201 -9.95 20.31 0.07 -184.00 12.00 148.00 543.00 -51.00 -1117.00 1
26211 -9.32 13.63 0.97 -181.00 10.00 161.00 543.00 -51.00 -1117.00 1
26221 -8.70 8.14 1.18 -179.00 13.00 160.00 543.00 -51.00 -1117.00 1
26231 -9.11 2.78 -0.21 -179.00 3.00 161.00 543.00 -51.00 -1117.00 1
26242 -9.25 1.60 -1.11 -181.00 9.00 153.00 543.00 -51.00 -1117.00 1
26252 -8.83 0.70 -1.95 -182.00 -3.00 160.00 543.00 -51.00 -1117.00 1
26262 -8.49 -0.49 -2.99 -184.00 4.00 149.00 543.00 -51.00 -1117.00 1
26272 -8.14 -0.97 -3.13 -185.00 2.00 154.00 543.00 -51.00 -1117.00 1
26283 -7.65 -1.67 -3.13 -183.00 3.00 153.00 543.00 -51.00 -1117.00 1
26293 -6.89 -2.23 -2.99 -182.00 9.00 153.00 543.00 -51.00 -1117.00 1
26303 -5.98 -2.43 -2.92 -183.00 3.00 156.00 543.00 -51.00 -1117.00 1
26313 -6.05 -2.16 -3.06 -180.00 2.00 158.00 543.00 -51.00 -1117.00 1
26323 -5.84 -1.88 -3.13 -181.00 4.00 161.00 541.00 -46.00 -1232.00 1
26333 -5.29 -1.18 -2.99 -182.00 1.00 148.00 541.00 -46.00 -1232.00 1
26343 -4.87 -0.83 -2.78 -182.00 5.00 153.00 541.00 -46.00 -1232.00 1
26353 -4.52 -0.63 -2.57 -186.00 5.00 153.00 541.00 -46.00 -1232.00 1
26363 -4.45 -0.49 -2.64 -183.00 1.00 153.00 541.00 -46.00 -1232.00 1
26374 -5.63 -0.77 -2.71 -181.00 2.00 152.00 541.00 -46.00 -1232.00 1
26384 -5.57 -0.83 -2.57 -180.00 4.00 148.00 541.00 -48.00 -1249.00 1
26394 -5.29 -0.90 -2.43 -180.00 4.00 155.00 541.00 -48.00 -1249.00 1
26404 -4.52 -1.32 -2.23 -181.00 10.00 161.00 541.00 -48.00 -1249.00 1
26415 -4.24 -1.53 -2.23 -181.00 11.00 153.00 541.00 -48.00 -1249.00 1
26425 -4.31 -1.74 -2.43 -180.00 3.00 155.00 541.00 -48.00 -1249.00 1
26435 -5.50 -1.81 -3.27 -183.00 0.00 156.00 541.00 -48.00 -1249.00 1
26445 -5.57 -1.74 -3.34 -182.00 4.00 154.00 541.00 -48.00 -1249.00 1
26456 -5.36 -1.53 -3.27 -181.00 0.00 157.00 541.00 -48.00 -1249.00 1
26466 -5.36 -1.46 -3.06 -180.00 4.00 155.00 541.00 -48.00 -1249.00 1
26476 -4.66 -1.11 -2.02 -183.00 1.00 157.00 541.00 -48.00 -1249.00 1
26486 -4.03 -0.97 -1.39 -182.00 5.00 153.00 541.00 -48.00 -1249.00 1
26497 -3.41 -0.83 -0.83 -182.00 7.00 153.00 541.00 -48.00 -1249.00 1
26507 -2.50 -0.70 -0.35 -182.00 15.00 150.00 541.00 -48.00 -1249.00 1
26517 -2.43 -0.70 -0.56 -180.00 0.00 154.00 538.00 -49.00 -1025.00 1
26527 -3.48 -0.90 -1.18 -183.00 3.00 155.00 538.00 -49.00 -1025.00 1
26537 -4.17 -1.11 -2.23 -183.00 2.00 154.00 538.00 -49.00 -1025.00 1
26548 -4.31 -1.32 -2.30 -182.00 1.00 156.00 538.00 -49.00 -1025.00 1
26558 -4.24 -1.46 -2.23 -184.00 3.00 158.00 538.00 -49.00 -1025.00 1
26569 -3.97 -1.39 -2.16 -182.00 2.00 157.00 538.00 -49.00 -1025.00 1
26579 -3.55 -1.04 -1.53 -182.00 4.00 153.00 538.00 -49.00 -1025.00 1
26590 -3.13 -0.90 -1.25 -185.00 5.00 154.00 538.00 -49.00 -1025.00 1
26600 -2.85 -0.77 -1.04 -184.00 4.00 156.00 538.00 -49.00 -1025.00 1
26610 -1.88 -0.70 -0.77 -190.00 2.00 163.00 538.00 -49.00 -1025.00 1
26620 -1.04 -0.77 -0.56 -188.00 1.00 167.00 538.00 -49.00 -1025.00 1
26630 0.07 -0.63 -0.07 -205.00 5.00 193.00 538.00 -49.00 -1025.00 0
26640 1.32 -0.35 0.77 -246.00 35.00 238.00 538.00 -49.00 -1025.00 0
26649 2.50 -5.50 2.09 -304.00 23.00 294.00 537.00 -52.00 -1115.00 0
26658 -1.46 -21.29 2.16 -270.00 16.00 271.00 537.00 -52.00 -1115.00 0
26668 -1.04 -37.77 5.98 -232.00 -11.00 199.00 537.00 -52.00 -1115.00 0
26677 -0.21 -51.90 12.24 -195.00 -19.00 161.00 537.00 -52.00 -1115.00 0
26686 0.77 -65.18 17.67 -185.00 -16.00 131.00 537.00 -52.00 -1115.00 0
26695 2.30 -80.00 20.87 -153.00 -25.00 114.00 537.00 -52.00 -1115.00 0
26704 6.47 -121.88 17.67 -128.00 -2.00 106.00 537.00 -52.00 -1115.00 0
26714 11.06 -141.36 14.61 -108.00 9.00 121.00 470.00 -68.00 -1059.00 0
26724 16.28 -156.03 11.41 -99.00 12.00 128.00 470.00 -68.00 -1059.00 0
26733 20.45 -165.70 7.51 -101.00 24.00 153.00 470.00 -68.00 -1059.00 0
26742 23.86 -169.39 3.69 -133.00 45.00 212.00 470.00 -68.00 -1059.00 0
26752 26.23 -167.86 -1.18 -140.00 51.00 239.00 470.00 -68.00 -1059.00 0
26761 24.28 -160.21 -1.67 -131.00 47.00 220.00 470.00 -68.00 -1059.00 0
26770 21.43 -155.55 -0.28 -110.00 36.00 194.00 470.00 -68.00 -1059.00 0
26780 18.57 -150.26 2.43 -96.00 31.00 187.00 389.00 -84.00 -1180.00 0
26789 16.28 -144.00 5.50 -91.00 36.00 186.00 389.00 -84.00 -1180.00 0
26799 13.77 -136.63 7.93 -90.00 36.00 196.00 389.00 -84.00 -1180.00 0
26808 7.79 -120.63 10.57 -95.00 22.00 204.00 389.00 -84.00 -1180.00 0
26817 4.45 -112.49 11.20 -88.00 28.00 207.00 389.00 -84.00 -1180.00 0
26826 1.81 -105.25 11.76 -86.00 17.00 208.00 389.00 -84.00 -1180.00 0
26835 -0.77 -98.09 12.10 -102.00 12.00 231.00 389.00 -84.00 -1180.00 0
26845 -2.16 -92.10 12.52 -95.00 9.00 242.00 341.00 -87.00 -1026.00 0
26854 -2.30 -88.97 12.52 -78.00 11.00 215.00 341.00 -87.00 -1026.00 0
26863 -0.97 -90.30 11.97 -61.00 17.00 195.00 341.00 -87.00 -1026.00 0
26873 0.00 -91.55 10.92 -56.00 24.00 191.00 341.00 -87.00 -1026.00 0
26883 0.56 -91.69 9.53 -45.00 28.00 189.00 341.00 -87.00 -1026.00 0
26892 0.70 -90.09 8.21 -39.00 26.00 188.00 341.00 -87.00 -1026.00 0
26901 0.49 -86.12 7.17 -52.00 33.00 194.00 341.00 -87.00 -1026.00 0
26910 0.21 -72.83 5.01 -56.00 26.00 205.00 297.00 -91.00 -1133.00 0
26919 -1.04 -65.04 3.83 -56.00 29.00 224.00 297.00 -91.00 -1133.00 0
26929 -1.67 -57.39 2.64 -66.00 30.00 239.00 297.00 -91.00 -1133.00 0
26938 -1.74 -50.50 1.53 -78.00 33.00 253.00 297.00 -91.00 -1133.00 0
26947 -2.02 -45.08 0.63 -88.00 42.00 271.00 297.00 -91.00 -1133.00 0
26956 -2.37 -42.30 0.28 -74.00 39.00 258.00 297.00 -91.00 -1133.00 0
26966 -2.78 -45.29 1.46 -56.00 29.00 229.00 297.00 -91.00 -1133.00 0
26975 -4.80 -48.07 2.78 -42.00 24.00 207.00 297.00 -91.00 -1133.00 0
26984 -5.98 -49.25 3.97 -43.00 17.00 215.00 297.00 -91.00 -1133.00 0
26993 -6.68 -49.11 4.80 -42.00 17.00 218.00 297.00 -91.00 -1133.00 0
27002 -7.23 -47.86 5.15 -42.00 24.00 216.00 297.00 -91.00 -1133.00 0
27012 -7.72 -46.12 4.80 -45.00 20.00 227.00 297.00 -91.00 -1133.00 0
27021 -7.93 -42.57 3.62 -47.00 21.00 233.00 297.00 -91.00 -1133.00 0
27030 -7.37 -41.32 2.85 -48.00 17.00 239.00 297.00 -91.00 -1133.00 0
27039 -6.75 -40.42 1.88 -60.00 25.00 252.00 297.00 -91.00 -1133.00 0
27048 -5.91 -40.56 0.77 -57.00 27.00 255.00 297.00 -91.00 -1133.00 0
27058 -5.43 -42.16 -0.49 -38.00 27.00 234.00 297.00 -91.00 -1133.00 0
27067 -4.73 -44.73 -1.53 -29.00 30.00 224.00 297.00 -91.00 -1133.00 0
27076 -3.69 -48.21 -2.71 -15.00 30.00 212.00 297.00 -91.00 -1133.00 0
27085 -3.20 -47.51 -2.78 -13.00 29.00 208.00 297.00 -91.00 -1133.00 0
27095 -3.06 -45.01 -2.92 -3.00 26.00 205.00 297.00 -91.00 -1133.00 0
27104 -2.99 -40.97 -2.92 2.00 20.00 192.00 297.00 -91.00 -1133.00 0
27113 -3.06 -35.20 -2.78 2.00 25.00 194.00 297.00 -91.00 -1133.00 0
27122 -3.20 -27.48 -2.57 -7.00 23.00 198.00 297.00 -91.00 -1133.00 0
27131 -3.41 -7.86 -2.57 -37.00 27.00 237.00 297.00 -91.00 -1133.00 0
27141 -3.34 0.90 -2.85 -50.00 34.00 255.00 297.00 -91.00 -1133.00 0
27150 -3.41 6.96 -3.27 -52.00 40.00 258.00 297.00 -91.00 -1133.00 0
27159 -3.76 10.02 -3.55 -43.00 34.00 244.00 297.00 -91.00 -1133.00 0
27168 -4.45 10.85 -3.41 -34.00 28.00 233.00 297.00 -91.00 -1133.00 0
27177 -5.22 10.78 -3.06 -23.00 21.00 227.00 297.00 -91.00 -1133.00 0
27187 -6.26 11.76 -2.71 -19.00 21.00 217.00 297.00 -91.00 -1133.00 0
27196 -6.61 14.26 -2.99 -14.00 17.00 202.00 297.00 -91.00 -1133.00 0
27205 -6.19 19.55 -3.20 6.00 9.00 176.00 297.00 -91.00 -1133.00 0
27214 -5.29 31.23 -2.85 14.00 47.00 157.00 297.00 -91.00 -1133.00 0
27224 -1.88 50.09 -0.42 24.00 65.00 138.00 297.00 -91.00 -1133.00 0
27233 1.04 73.60 3.34 42.00 77.00 95.00 297.00 -91.00 -1133.00 0
27242 -1.46 128.00 12.17 62.00 76.00 45.00 297.00 -91.00 -1133.00 0
27251 -6.12 161.18 17.11 64.00 -57.00 -7.00 297.00 -91.00 -1133.00 0
27260 -12.24 200.77 18.78 16.00 -135.00 -49.00 297.00 -91.00 -1133.00 0
27270 -16.83 245.70 11.34 -10.00 -164.00 -92.00 297.00 -91.00 -1133.00 0
27280 -19.69 288.77 -9.67 -40.00 -133.00 -187.00 297.00 -91.00 -1133.00 0
27289 -19.55 328.07 -40.42 -135.00 -35.00 -177.00 297.00 -91.00 -1133.00 0
27298 11.62 422.05 -87.30 -305.00 83.00 -103.00 297.00 -91.00 -1133.00 1
27309 30.96 468.73 -96.77 185.00 6.00 1120.00 297.00 -91.00 -1133.00 1
27319 19.41 336.28 -108.03 -166.00 -32.00 49.00 297.00 -91.00 -1133.00 1
27330 -18.09 200.63 -70.12 -191.00 -48.00 133.00 297.00 -91.00 -1133.00 1
27340 -12.59 164.87 -52.66 -225.00 27.00 181.00 297.00 -91.00 -1133.00 1
27351 -4.87 134.33 -38.05 -202.00 17.00 163.00 297.00 -91.00 -1133.00 1
27362 -2.50 96.63 -19.97 -171.00 -16.00 158.00 297.00 -91.00 -1133.00 1
27372 -3.48 81.88 -12.45 -176.00 20.00 184.00 528.00 -52.00 -1415.00 1
27382 -2.16 68.24 -4.80 -185.00 9.00 158.00 528.00 -52.00 -1415.00 1
27394 -2.02 50.30 4.87 -193.00 3.00 175.00 528.00 -52.00 -1415.00 1
27404 -2.78 41.60 7.23 -175.00 20.00 159.00 528.00 -52.00 -1415.00 1
27414 -3.34 34.23 8.90 -170.00 13.00 154.00 528.00 -52.00 -1415.00 1
27425 -7.23 19.69 6.75 -169.00 21.00 155.00 528.00 -52.00 -1415.00 1
27436 -8.21 12.10 5.22 -161.00 5.00 153.00 528.00 -53.00 -1061.00 1
27446 -10.43 5.63 3.20 -174.00 8.00 162.00 528.00 -53.00 -1061.00 1
27457 -12.73 -5.22 -0.83 -174.00 3.00 161.00 528.00 -53.00 -1061.00 1
27467 -12.59 -8.00 -1.95 -177.00 2.00 163.00 528.00 -53.00 -1061.00 1
27478 -12.17 -9.39 -2.57 -176.00 2.00 161.00 528.00 -53.00 -1061.00 1
27489 -10.64 -8.42 -2.85 -175.00 7.00 163.00 528.00 -53.00 -1061.00 1
27499 -9.53 -7.10 -2.30 -178.00 7.00 157.00 528.00 -53.00 -1061.00 1
27510 -8.70 -5.70 -1.53 -179.00 10.00 154.00 528.00 -53.00 -1061.00 1
27521 -7.44 -3.83 -0.56 -177.00 3.00 156.00 528.00 -53.00 -1061.00 1
27531 -7.10 -3.20 -0.21 -179.00 10.00 157.00 528.00 -53.00 -1061.00 1
27542 -6.40 -2.71 0.07 -180.00 10.00 157.00 528.00 -53.00 -1061.00 1
27552 -5.98 -2.37 -0.35 -175.00 9.00 158.00 528.00 -53.00 -1061.00 1
27563 -6.40 -2.64 -1.11 -176.00 3.00 158.00 528.00 -53.00 -1061.00 1
27574 -6.89 -2.92 -1.88 -173.00 4.00 158.00 528.00 -53.00 -1061.00 1
27584 -7.30 -3.62 -2.71 -180.00 3.00 164.00 528.00 -53.00 -1061.00 1
27594 -7.37 -3.83 -2.92 -175.00 2.00 160.00 528.00 -53.00 -1061.00 1
27606 -7.30 -4.17 -3.06 -177.00 1.00 158.00 528.00 -53.00 -1061.00 1
27616 -6.12 -4.24 -2.37 -179.00 7.00 159.00 528.00 -53.00 -1061.00 1
27626 -5.50 -4.10 -2.02 -175.00 7.00 159.00 528.00 -53.00 -1061.00 1
27637 -5.15 -3.97 -1.74 -175.00 2.00 161.00 520.00 -50.00 -1193.00 1
27648 -4.87 -3.69 -1.04 -173.00 3.00 166.00 520.00 -50.00 -1193.00 1
27658 -4.73 -3.41 -0.63 -173.00 3.00 160.00 520.00 -50.00 -1193.00 1
27669 -4.52 -2.99 0.14 -174.00 7.00 162.00 520.00 -50.00 -1193.00 1
27679 -3.55 -2.16 0.21 -173.00 4.00 166.00 520.00 -50.00 -1193.00 1
27691 -3.13 -1.74 0.14 -177.00 9.00 160.00 520.00 -50.00 -1193.00 1
27701 -2.85 -0.77 -0.42 -180.00 10.00 155.00 521.00 -47.00 -1165.00 1
27711 -3.48 -0.77 -0.90 -176.00 7.00 158.00 521.00 -47.00 -1165.00 1
27722 -4.03 -0.97 -1.53 -177.00 4.00 164.00 521.00 -47.00 -1165.00 1
27732 -4.45 -1.04 -2.43 -177.00 7.00 158.00 521.00 -47.00 -1165.00 1
27743 -5.63 -1.18 -2.71 -175.00 2.00 163.00 521.00 -47.00 -1165.00 1
27754 -6.19 -1.39 -2.99 -176.00 2.00 163.00 521.00 -47.00 -1165.00 1
27764 -6.75 -1.53 -2.78 -175.00 3.00 166.00 522.00 -45.00 -1140.00 1
27774 -6.68 -1.60 -2.37 -175.00 1.00 167.00 522.00 -45.00 -1140.00 1
27786 -6.47 -1.53 -1.74 -176.00 7.00 165.00 522.00 -45.00 -1140.00 1
27796 -5.77 -0.90 -0.49 -176.00 1.00 163.00 522.00 -45.00 -1140.00 1
27807 -5.43 -0.63 0.00 -173.00 5.00 166.00 522.00 -45.00 -1140.00 1
27817 -4.73 -0.42 0.35 -180.00 16.00 158.00 522.00 -45.00 -1140.00 1
27828 -4.87 -0.07 0.14 -174.00 2.00 157.00 522.00 -46.00 -1097.00 1
27839 -5.22 -0.21 -0.35 -177.00 6.00 163.00 523.00 -46.00 -1097.00 1
27849 -5.29 -0.28 -0.63 -177.00 4.00 160.00 523.00 -46.00 -1097.00 1
27860 -5.77 -0.63 -1.46 -174.00 4.00 158.00 523.00 -46.00 -1097.00 1
27871 -5.91 -0.77 -1.74 -177.00 2.00 164.00 523.00 -46.00 -1097.00 1
27881 -5.70 -0.90 -1.88 -177.00 4.00 159.00 523.00 -46.00 -1097.00 1
27892 -5.15 -1.11 -1.81 -176.00 4.00 159.00 523.00 -46.00 -1097.00 1
27902 -4.80 -1.11 -1.67 -176.00 3.00 163.00 523.00 -46.00 -1097.00 1
27913 -4.52 -1.11 -1.46 -175.00 2.00 167.00 523.00 -46.00 -1097.00 1
27924 -3.41 -0.49 -0.90 -175.00 6.00 169.00 523.00 -46.00 -1097.00 1
27934 -2.78 0.35 -0.42 -174.00 9.00 166.00 523.00 -46.00 -1097.00 1
27944 -2.78 1.81 -0.07 -180.00 7.00 169.00 523.00 -46.00 -1097.00 1
27956 -3.55 5.15 -0.14 -182.00 2.00 174.00 523.00 -46.00 -1097.00 1
27966 -3.41 6.75 -0.42 -186.00 13.00 178.00 523.00 -46.00 -1097.00 1
27976 -3.27 8.70 -0.56 -193.00 -4.00 165.00 523.00 -46.00 -1097.00 1
27986 -2.23 14.96 0.35 -209.00 26.00 176.00 523.00 -46.00 -1097.00 0
27996 -0.63 14.75 0.90 -271.00 34.00 241.00 523.00 -46.00 -1097.00 0
28005 -2.30 8.63 0.77 -277.00 16.00 258.00 523.00 -46.00 -1097.00 0
28014 -5.15 -6.40 0.21 -282.00 1.00 259.00 523.00 -46.00 -1097.00 0
28023 -6.26 -26.71 1.39 -263.00 -14.00 235.00 523.00 -46.00 -1097.00 0
28033 -6.05 -49.67 7.10 -223.00 -10.00 212.00 523.00 -46.00 -1097.00 0
28042 -1.60 -98.50 10.09 -189.00 0.00 183.00 523.00 -46.00 -1097.00 0
28051 0.49 -120.97 13.08 -160.00 8.00 163.00 523.00 -46.00 -1097.00 0
28060 1.53 -140.94 15.72 -141.00 13.00 164.00 523.00 -46.00 -1097.00 0
28070 1.53 -158.05 18.02 -159.00 15.00 182.00 523.00 -46.00 -1097.00 0
28080 0.63 -172.17 20.17 -169.00 30.00 218.00 523.00 -46.00 -1097.00 0
28089 -0.97 -200.63 25.53 -138.00 31.00 194.00 523.00 -46.00 -1097.00 0
28098 -0.83 -214.12 29.77 -99.00 20.00 163.00 523.00 -46.00 -1097.00 0
28107 -0.35 -223.44 34.30 -96.00 -4.00 165.00 523.00 -46.00 -1097.00 0
28116 -0.21 -227.34 37.70 -102.00 -10.00 193.00 523.00 -46.00 -1097.00 0
28126 0.49 -227.76 38.75 -88.00 0.00 213.00 523.00 -46.00 -1097.00 0
28135 1.88 -227.13 37.29 -81.00 -1.00 191.00 523.00 -46.00 -1097.00 0
28145 4.87 -221.70 29.98 -44.00 12.00 186.00 523.00 -46.00 -1097.00 0
28154 7.30 -216.63 26.02 -20.00 8.00 179.00 523.00 -46.00 -1097.00 0
28164 8.70 -208.97 22.19 -25.00 15.00 186.00 523.00 -46.00 -1097.00 0
28173 9.95 -199.72 18.50 -4.00 18.00 170.00 523.00 -46.00 -1097.00 0
28182 10.09 -189.91 14.68 14.00 22.00 159.00 523.00 -46.00 -1097.00 0
28191 8.42 -165.29 7.79 9.00 29.00 172.00 523.00 -46.00 -1097.00 0
28200 7.03 -151.23 4.73 6.00 30.00 184.00 523.00 -46.00 -1097.00 0
28210 5.15 -137.60 1.95 -17.00 33.00 222.00 523.00 -46.00 -1097.00 0
28219 3.62 -124.87 0.07 -40.00 31.00 258.00 523.00 -46.00 -1097.00 0
28228 2.16 -114.09 -1.04 -41.00 28.00 255.00 523.00 -46.00 -1097.00 0
28237 0.63 -105.74 -1.67 -31.00 23.00 253.00 523.00 -46.00 -1097.00 0
28247 -1.25 -96.49 -2.78 -23.00 19.00 241.00 523.00 -46.00 -1097.00 0
28256 -1.67 -94.12 -3.55 -13.00 28.00 239.00 523.00 -46.00 -1097.00 0
28265 -1.25 -92.03 -4.45 3.00 21.00 219.00 523.00 -46.00 -1097.00 0
28274 -0.97 -88.90 -5.63 17.00 24.00 207.00 523.00 -46.00 -1097.00 0
28283 -0.63 -83.48 -6.47 12.00 27.00 211.00 523.00 -46.00 -1097.00 0
28294 -0.28 -76.17 -6.61 12.00 24.00 219.00 523.00 -46.00 -1097.00 0
28303 0.07 -60.59 -5.70 19.00 11.00 197.00 523.00 -46.00 -1097.00 0
28312 0.63 -53.36 -5.15 3.00 27.00 228.00 523.00 -46.00 -1097.00 0
28321 1.88 -46.89 -4.94 8.00 33.00 238.00 523.00 -46.00 -1097.00 0
28329 1.88 -41.04 -5.43 15.00 32.00 237.00 523.00 -46.00 -1097.00 0
28339 1.60 -36.45 -5.91 11.00 38.00 228.00 523.00 -46.00 -1097.00 0
28349 1.18 -32.28 -6.05 16.00 37.00 231.00 523.00 -46.00 -1097.00 0
28358 0.00 -24.42 -5.50 19.00 23.00 215.00 523.00 -46.00 -1097.00 0
28367 -0.83 -19.20 -5.15 22.00 17.00 213.00 523.00 -46.00 -1097.00 0
28377 -1.18 -11.97 -4.66 22.00 17.00 212.00 523.00 -46.00 -1097.00 0
28386 -0.70 -3.06 -3.90 35.00 10.00 192.00 523.00 -46.00 -1097.00 0
28395 0.49 7.93 -3.20 38.00 12.00 190.00 523.00 -46.00 -1097.00 0
28403 2.64 23.44 -2.23 26.00 32.00 183.00 523.00 -46.00 -1097.00 0
28412 8.63 64.35 0.56 42.00 48.00 169.00 523.00 -46.00 -1097.00 0
28423 10.92 87.37 2.09 66.00 103.00 134.00 201.00 -99.00 -1332.00 0
28432 12.80 113.25 6.68 59.00 136.00 107.00 201.00 -99.00 -1332.00 0
28441 12.73 139.48 15.17 75.00 107.00 71.00 201.00 -99.00 -1332.00 0
28450 6.12 166.61 24.90 61.00 5.00 55.00 201.00 -99.00 -1332.00 0
28460 -4.52 197.91 33.53 19.00 -81.00 20.00 201.00 -99.00 -1332.00 0
28469 -18.71 266.78 39.65 -11.00 -130.00 -13.00 201.00 -99.00 -1332.00 0
28478 -21.36 300.80 27.06 -34.00 -155.00 -52.00 201.00 -99.00 -1332.00 0
28487 -22.12 334.68 2.09 -34.00 -164.00 -115.00 435.00 -84.00 -1242.00 0
28497 -19.27 372.87 -29.91 -94.00 -89.00 -179.00 435.00 -84.00 -1242.00 0
28507 -8.97 415.79 -61.22 -215.00 51.00 -169.00 435.00 -84.00 -1242.00 1
28517 27.69 510.26 -99.20 -3686.00 1733.00 3520.00 435.00 -84.00 -1242.00 1
28527 38.96 477.43 -106.57 -159.00 -356.00 -825.00 435.00 -84.00 -1242.00 1
28538 -34.16 291.48 -102.40 -188.00 -215.00 185.00 435.00 -84.00 -1242.00 1
28549 -28.38 195.55 -57.88 -126.00 72.00 233.00 435.00 -84.00 -1242.00 1
28560 -15.79 152.77 -42.37 -122.00 -17.00 192.00 435.00 -84.00 -1242.00 1
28570 -13.43 121.60 -25.81 -200.00 51.00 125.00 435.00 -84.00 -1242.00 1
28581 -10.23 74.71 -20.73 -179.00 -10.00 151.00 435.00 -84.00 -1242.00 1
28592 -11.62 53.91 -17.95 -188.00 11.00 149.00 435.00 -84.00 -1242.00 1
28603 -10.50 24.63 -12.17 -189.00 10.00 149.00 435.00 -84.00 -1242.00 1
28613 -10.78 11.97 -11.13 -176.00 21.00 173.00 435.00 -84.00 -1242.00 1
28624 -10.85 1.11 -10.09 -166.00 0.00 171.00 435.00 -84.00 -1242.00 1
28635 -13.36 -10.23 -11.13 -168.00 -1.00 171.00 435.00 -84.00 -1242.00 1
28646 -14.05 -12.87 -10.92 -170.00 -2.00 179.00 435.00 -84.00 -1242.00 1
28656 -13.98 -14.26 -10.16 -166.00 -11.00 178.00 435.00 -84.00 -1242.00 1
28667 -12.17 -13.50 -7.79 -167.00 -13.00 175.00 435.00 -84.00 -1242.00 1
28679 -10.23 -11.69 -5.70 -165.00 3.00 178.00 435.00 -84.00 -1242.00 1
28689 -7.72 -9.04 -1.53 -167.00 4.00 166.00 435.00 -84.00 -1242.00 1
28700 -5.15 -3.34 -0.14 -175.00 3.00 158.00 435.00 -84.00 -1242.00 1
28710 -5.15 -0.70 0.97 -174.00 1.00 154.00 435.00 -84.00 -1242.00 1
28722 -4.80 3.06 2.78 -181.00 9.00 149.00 435.00 -84.00 -1242.00 1
28732 -4.45 3.41 3.06 -178.00 6.00 153.00 435.00 -84.00 -1242.00 1
28742 -4.52 2.71 2.85 -176.00 6.00 160.00 435.00 -84.00 -1242.00 1
28753 -4.10 0.83 1.60 -177.00 12.00 160.00 435.00 -84.00 -1242.00 1
28764 -4.38 -0.35 0.49 -172.00 3.00 165.00 435.00 -84.00 -1242.00 1
28775 -4.94 -1.53 -0.63 -170.00 5.00 162.00 435.00 -84.00 -1242.00 1
28785 -5.70 -2.78 -1.95 -172.00 -1.00 166.00 435.00 -84.00 -1242.00 1
28796 -6.19 -3.27 -2.30 -173.00 3.00 169.00 435.00 -84.00 -1242.00 1
28807 -6.33 -3.55 -2.43 -169.00 1.00 169.00 435.00 -84.00 -1242.00 1
28818 -6.19 -2.99 -2.16 -170.00 -1.00 171.00 517.00 -42.00 -1184.00 1
28828 -5.84 -2.43 -1.74 -171.00 -2.00 167.00 517.00 -42.00 -1184.00 1
28839 -5.22 -1.67 -1.32 -170.00 0.00 166.00 517.00 -42.00 -1184.00 1
28850 -2.50 0.00 0.35 -173.00 4.00 167.00 517.00 -42.00 -1184.00 1
28861 -1.04 0.97 1.39 -174.00 6.00 159.00 517.00 -42.00 -1184.00 1
28871 0.21 2.64 2.37 -176.00 10.00 161.00 517.00 -42.00 -1184.00 1
28882 0.90 2.92 2.23 -172.00 10.00 156.00 518.00 -44.00 -1302.00 1
28893 0.21 2.99 1.46 -176.00 3.00 157.00 518.00 -44.00 -1302.00 1
28904 -2.09 1.95 -0.28 -176.00 5.00 161.00 518.00 -44.00 -1302.00 1
28914 -2.92 1.39 -0.90 -176.00 2.00 158.00 518.00 -44.00 -1302.00 1
28925 -3.83 0.90 -1.39 -172.00 4.00 161.00 518.00 -44.00 -1302.00 1
28936 -4.52 -0.07 -1.46 -173.00 1.00 164.00 518.00 -44.00 -1302.00 1
28947 -4.38 -0.21 -1.25 -172.00 5.00 162.00 516.00 -46.00 -1202.00 1
28957 -4.17 -0.42 -1.04 -169.00 1.00 165.00 516.00 -46.00 -1202.00 1
28968 -4.03 -0.63 -0.97 -174.00 3.00 166.00 516.00 -46.00 -1202.00 1
28979 -3.83 -0.56 -0.97 -172.00 4.00 164.00 516.00 -46.00 -1202.00 1
28990 -3.69 -0.42 -0.63 -174.00 9.00 160.00 516.00 -46.00 -1202.00 1
29000 -3.34 -0.21 -0.56 -173.00 4.00 165.00 516.00 -46.00 -1202.00 1
29011 -3.34 -0.21 -0.42 -174.00 2.00 162.00 518.00 -45.00 -1129.00 1
29022 -3.41 -0.21 -0.21 -175.00 2.00 163.00 518.00 -45.00 -1129.00 1
29033 -3.27 -0.28 -0.14 -174.00 5.00 166.00 518.00 -45.00 -1129.00 1
29043 -3.20 -0.42 -0.28 -174.00 4.00 164.00 518.00 -45.00 -1129.00 1
29054 -2.64 -0.56 -0.70 -173.00 3.00 166.00 518.00 -45.00 -1129.00 1
29065 -2.37 -0.56 -0.83 -174.00 9.00 159.00 518.00 -45.00 -1129.00 1
29076 -2.23 -0.35 -0.97 -177.00 2.00 164.00 520.00 -44.00 -1211.00 1
29086 -3.55 -0.63 -1.60 -173.00 3.00 162.00 520.00 -44.00 -1211.00 1
29097 -3.97 -0.77 -1.60 -170.00 7.00 164.00 520.00 -44.00 -1211.00 1
29108 -4.03 -0.77 -1.32 -172.00 5.00 162.00 520.00 -44.00 -1211.00 1
29119 -4.45 -0.63 -0.56 -175.00 4.00 166.00 520.00 -44.00 -1211.00 1
29129 -4.80 -0.49 -0.28 -178.00 7.00 165.00 520.00 -44.00 -1211.00 1
29140 -5.43 0.21 0.21 -174.00 3.00 163.00 520.00 -44.00 -1211.00 1
29151 -6.05 0.70 0.07 -176.00 5.00 162.00 520.00 -44.00 -1211.00 1
29162 -6.47 1.18 0.00 -174.00 3.00 167.00 520.00 -44.00 -1211.00 1
29172 -6.33 2.57 -0.07 -176.00 2.00 164.00 520.00 -44.00 -1211.00 1
29184 -6.05 3.62 -0.14 -176.00 1.00 166.00 520.00 -44.00 -1211.00 1
29194 -5.63 4.87 -0.21 -171.00 0.00 175.00 520.00 -44.00 -1211.00 1
29205 -3.27 9.39 0.56 -172.00 1.00 173.00 520.00 -44.00 -1211.00 1
29215 -1.60 12.80 1.46 -177.00 0.00 171.00 520.00 -44.00 -1211.00 1
29227 0.00 16.77 2.30 -184.00 8.00 162.00 520.00 -44.00 -1211.00 1
29237 3.06 25.60 3.90 -190.00 -19.00 167.00 520.00 -44.00 -1211.00 1
29248 5.57 31.30 3.83 -194.00 -17.00 158.00 520.00 -44.00 -1211.00 1
29258 10.50 38.33 4.87 -217.00 -29.00 149.00 520.00 -44.00 -1211.00 0
29267 24.21 43.90 6.54 -354.00 15.00 296.00 520.00 -44.00 -1211.00 0
29277 28.66 28.38 4.66 -341.00 44.00 282.00 520.00 -44.00 -1211.00 0
29286 33.18 -2.30 3.55 -286.00 66.00 243.00 520.00 -44.00 -1211.00 0
29295 38.19 -37.91 7.30 -214.00 55.00 187.00 520.00 -44.00 -1211.00 0
29304 38.61 -73.88 13.15 -210.00 45.00 177.00 520.00 -44.00 -1211.00 0
29315 35.06 -142.68 23.03 -179.00 44.00 180.00 520.00 -44.00 -1211.00 0
29324 22.75 -176.35 26.57 -155.00 56.00 159.00 520.00 -44.00 -1211.00 0
29333 16.63 -207.30 29.98 -134.00 51.00 161.00 520.00 -44.00 -1211.00 0
29342 10.43 -233.25 33.46 -104.00 37.00 148.00 520.00 -44.00 -1211.00 0
29351 4.24 -253.43 36.45 -85.00 32.00 166.00 520.00 -44.00 -1211.00 0
29362 -1.11 -266.37 38.82 -82.00 18.00 159.00 520.00 -44.00 -1211.00 0
29371 -13.29 -267.76 38.68 -64.00 9.00 160.00 520.00 -44.00 -1211.00 0
29380 -17.95 -260.80 36.45 -66.00 11.00 170.00 520.00 -44.00 -1211.00 0
29389 -20.03 -251.62 33.32 -56.00 -1.00 187.00 520.00 -44.00 -1211.00 0
29399 -20.66 -241.39 29.15 -67.00 -3.00 204.00 520.00 -44.00 -1211.00 0
29408 -19.90 -231.23 23.93 -67.00 0.00 234.00 520.00 -44.00 -1211.00 0
29417 -15.93 -213.70 12.17 -47.00 -4.00 221.00 520.00 -44.00 -1211.00 0
29426 -14.40 -204.24 6.96 -15.00 3.00 199.00 520.00 -44.00 -1211.00 0
29436 -12.03 -192.00 2.78 -18.00 6.00 194.00 520.00 -44.00 -1211.00 0
29446 -9.04 -177.18 0.42 -9.00 16.00 196.00 520.00 -44.00 -1211.00 0
29455 -5.01 -162.78 -0.70 -9.00 14.00 189.00 520.00 -44.00 -1211.00 0
29464 -1.81 -148.45 -2.23 -8.00 28.00 200.00 520.00 -44.00 -1211.00 0
29473 2.64 -120.77 -5.57 -16.00 28.00 226.00 195.00 -85.00 -1252.00 0
29483 4.10 -108.45 -6.89 -21.00 41.00 231.00 195.00 -85.00 -1252.00 0
29492 5.01 -97.88 -7.65 -25.00 46.00 249.00 195.00 -85.00 -1252.00 0
29501 5.29 -89.18 -7.86 -20.00 45.00 245.00 195.00 -85.00 -1252.00 0
29510 4.59 -82.78 -7.72 -27.00 27.00 256.00 195.00 -85.00 -1252.00 0
29519 3.20 -78.26 -7.23 -21.00 30.00 256.00 195.00 -85.00 -1252.00 0
29529 1.53 -74.64 -6.05 -8.00 24.00 233.00 195.00 -85.00 -1252.00 0
29538 1.04 -73.88 -6.05 5.00 29.00 213.00 149.00 -91.00 -1239.00 0
29547 1.11 -72.00 -6.33 18.00 26.00 204.00 149.00 -91.00 -1239.00 0
29556 1.11 -68.17 -6.54 16.00 34.00 208.00 149.00 -91.00 -1239.00 0
29565 1.18 -62.19 -6.47 19.00 40.00 205.00 149.00 -91.00 -1239.00 0
29575 0.97 -55.17 -6.19 26.00 38.00 205.00 149.00 -91.00 -1239.00 0
29584 -0.14 -38.68 -4.80 26.00 38.00 201.00 149.00 -91.00 -1239.00 0
29593 -0.97 -29.43 -3.13 24.00 37.00 203.00 149.00 -91.00 -1239.00 0
29602 -2.16 -20.03 -1.39 13.00 24.00 211.00 139.00 -94.00 -1233.00 0
29612 -3.48 -10.85 0.28 15.00 27.00 215.00 139.00 -94.00 -1233.00 0
29621 -4.31 -2.16 1.95 4.00 21.00 220.00 139.00 -94.00 -1233.00 0
29630 -4.66 6.05 3.20 11.00 25.00 235.00 139.00 -94.00 -1233.00 0
29639 -5.50 19.90 3.41 29.00 53.00 185.00 139.00 -94.00 -1233.00 0
29648 -5.43 27.55 4.45 53.00 106.00 172.00 139.00 -94.00 -1233.00 0
29658 -5.77 37.29 8.35 79.00 120.00 140.00 139.00 -94.00 -1233.00 0
29667 -9.04 53.98 16.21 96.00 118.00 79.00 207.00 -90.00 -1288.00 0
29676 -14.40 82.78 29.08 119.00 64.00 9.00 207.00 -90.00 -1288.00 0
29685 -22.75 127.03 45.29 84.00 -102.00 -35.00 207.00 -90.00 -1288.00 0
29694 -41.88 255.65 72.07 36.00 -236.00 -63.00 207.00 -90.00 -1288.00 0
29704 -43.69 321.39 67.55 25.00 -274.00 -115.00 207.00 -90.00 -1288.00 0
29714 -37.91 384.70 42.71 -46.00 -201.00 -219.00 207.00 -90.00 -1288.00 0
29723 -25.67 443.06 3.48 -108.00 -159.00 -319.00 207.00 -90.00 -1288.00 0
29732 -11.90 494.26 -42.43 -307.00 58.00 -239.00 530.00 -57.00 -1233.00 1
29743 43.90 593.53 -101.15 180.00 548.00 2933.00 530.00 -57.00 -1233.00 1
29754 41.74 414.96 -113.46 -330.00 -37.00 120.00 530.00 -57.00 -1233.00 1
29765 -15.30 293.84 -70.89 -273.00 35.00 57.00 530.00 -57.00 -1233.00 1
29775 4.45 189.57 -50.23 -257.00 -32.00 159.00 530.00 -57.00 -1233.00 1
29787 3.69 152.77 -37.91 -197.00 67.00 188.00 530.00 -57.00 -1233.00 1
29797 6.54 111.23 -16.56 -180.00 6.00 143.00 530.00 -49.00 -1120.00 1
29808 3.48 91.62 -10.92 -179.00 17.00 153.00 527.00 -49.00 -1120.00 1
29818 2.57 73.88 -6.19 -172.00 17.00 167.00 527.00 -49.00 -1120.00 1
29830 -0.63 41.32 -1.11 -179.00 15.00 159.00 527.00 -49.00 -1120.00 1
29840 -2.30 27.90 -0.42 -170.00 23.00 177.00 527.00 -49.00 -1120.00 1
29851 -3.41 17.11 0.35 -176.00 3.00 175.00 527.00 -49.00 -1120.00 1
29861 -6.96 5.50 -1.04 -174.00 0.00 171.00 527.00 -49.00 -1120.00 1
29873 -8.00 2.23 -1.39 -171.00 8.00 163.00 527.00 -49.00 -1120.00 1
29883 -8.00 -0.07 -1.46 -176.00 5.00 160.00 527.00 -49.00 -1120.00 1
29894 -7.51 -2.30 -1.60 -173.00 9.00 164.00 527.00 -49.00 -1120.00 1
29904 -6.82 -2.99 -1.60 -174.00 9.00 162.00 527.00 -49.00 -1120.00 1
29916 -6.05 -4.17 -2.64 -171.00 3.00 168.00 527.00 -49.00 -1120.00 1
29926 -6.05 -3.76 -2.92 -178.00 12.00 159.00 527.00 -49.00 -1120.00 1
29937 -6.12 -2.92 -2.71 -169.00 7.00 159.00 520.00 -49.00 -1075.00 1
29947 -7.17 -2.16 -2.30 -176.00 3.00 157.00 520.00 -49.00 -1075.00 1
29959 -7.72 -2.37 -2.09 -173.00 0.00 164.00 520.00 -49.00 -1075.00 1
29969 -7.93 -2.37 -1.60 -173.00 10.00 159.00 520.00 -49.00 -1075.00 1
29980 -7.03 -1.95 -0.42 -176.00 6.00 161.00 520.00 -49.00 -1075.00 1
29990 -7.10 -2.16 -0.49 -172.00 7.00 162.00 520.00 -49.00 -1075.00 1
30002 -6.89 -2.50 -0.63 -173.00 4.00 163.00 520.00 -49.00 -1075.00 1
30012 -6.68 -2.37 -0.97 -174.00 11.00 156.00 520.00 -49.00 -1075.00 1
30023 -6.26 -2.09 -1.11 -176.00 2.00 154.00 520.00 -49.00 -1075.00 1
30033 -6.33 -2.30 -1.81 -176.00 5.00 161.00 520.00 -49.00 -1075.00 1
30045 -6.26 -2.50 -2.16 -177.00 4.00 161.00 520.00 -49.00 -1075.00 1
30055 -6.33 -2.64 -2.50 -173.00 3.00 167.00 520.00 -49.00 -1075.00 1
30066 -6.40 -2.71 -2.71 -171.00 3.00 165.00 520.00 -49.00 -1075.00 1
30077 -6.05 -2.71 -2.57 -174.00 1.00 166.00 520.00 -49.00 -1075.00 1
30088 -5.57 -2.43 -2.09 -174.00 4.00 163.00 520.00 -49.00 -1075.00 1
30099 -4.59 -1.46 -1.04 -173.00 7.00 163.00 520.00 -49.00 -1075.00 1
30109 -4.24 -1.11 -0.70 -171.00 5.00 161.00 520.00 -49.00 -1075.00 1
30120 -4.03 -0.90 -0.56 -176.00 5.00 165.00 520.00 -49.00 -1075.00 1
30131 -3.62 -0.28 -0.56 -174.00 5.00 167.00 518.00 -45.00 -1259.00 1
30141 -3.34 0.21 -0.49 -173.00 10.00 162.00 518.00 -45.00 -1259.00 1
30152 -2.99 0.77 -0.42 -180.00 5.00 157.00 518.00 -45.00 -1259.00 1
30163 -3.41 0.97 -0.77 -177.00 4.00 165.00 518.00 -45.00 -1259.00 1
30174 -3.62 0.56 -0.97 -177.00 6.00 161.00 518.00 -45.00 -1259.00 1
30185 -3.90 0.21 -0.97 -176.00 2.00 158.00 518.00 -45.00 -1259.00 1
30195 -3.97 0.00 -0.83 -174.00 6.00 163.00 519.00 -48.00 -1207.00 1
30206 -3.83 -0.35 -0.70 -173.00 7.00 161.00 519.00 -48.00 -1207.00 1
30217 -3.62 -0.49 -0.56 -174.00 6.00 164.00 519.00 -48.00 -1207.00 1
30228 -3.76 -0.63 -0.70 -175.00 3.00 163.00 519.00 -48.00 -1207.00 1
30238 -3.83 -0.70 -1.04 -173.00 4.00 166.00 519.00 -48.00 -1207.00 1
30249 -3.34 -0.56 -1.39 -174.00 3.00 166.00 519.00 -48.00 -1207.00 1
30260 -2.92 -0.28 -1.32 -177.00 7.00 158.00 517.00 -48.00 -1256.00 1
30271 -2.50 0.00 -1.18 -174.00 3.00 162.00 517.00 -48.00 -1256.00 1
30281 -2.92 0.35 -0.97 -171.00 11.00 159.00 517.00 -48.00 -1256.00 1
30292 -3.06 0.49 -0.77 -175.00 2.00 160.00 517.00 -48.00 -1256.00 1
30303 -4.17 0.07 -0.83 -173.00 4.00 165.00 517.00 -48.00 -1256.00 1
30314 -4.45 -0.14 -0.83 -174.00 7.00 161.00 517.00 -48.00 -1256.00 1
30324 -4.52 -0.35 -0.83 -177.00 7.00 159.00 519.00 -48.00 -1331.00 1
30336 -4.59 -0.63 -0.97 -173.00 2.00 160.00 519.00 -48.00 -1331.00 1
30347 -4.59 -0.77 -1.04 -173.00 2.00 166.00 519.00 -48.00 -1331.00 1
30357 -4.38 -0.77 -1.04 -176.00 8.00 158.00 519.00 -48.00 -1331.00 1
30368 -3.69 -0.56 -0.77 -172.00 3.00 164.00 519.00 -48.00 -1331.00 1
30379 -3.55 -0.56 -0.70 -173.00 3.00 165.00 519.00 -48.00 -1331.00 1
30390 -3.34 -0.56 -0.56 -173.00 3.00 163.00 517.00 -48.00 -1297.00 1
30400 -2.64 -0.42 -0.28 -176.00 5.00 165.00 517.00 -48.00 -1297.00 1
30411 -2.30 -0.14 -0.07 -173.00 3.00 166.00 517.00 -48.00 -1297.00 1
30422 -1.39 0.63 0.35 -177.00 11.00 166.00 517.00 -48.00 -1297.00 1
30433 -0.77 1.39 0.70 -175.00 8.00 172.00 517.00 -48.00 -1297.00 1
30443 -0.56 2.57 0.90 -174.00 2.00 176.00 517.00 -48.00 -1297.00 1
30454 -0.90 7.10 1.67 -184.00 -10.00 180.00 521.00 -51.00 -1157.00 1
30465 -0.63 10.64 2.09 -188.00 -55.00 175.00 521.00 -51.00 -1157.00 1
30476 -0.14 16.83 0.77 -230.00 16.00 199.00 521.00 -51.00 -1157.00 0
30485 11.34 28.24 0.83 -304.00 23.00 278.00 521.00 -51.00 -1157.00 0
30494 15.72 21.22 0.56 -331.00 26.00 290.00 521.00 -51.00 -1157.00 0
30503 18.57 1.25 0.83 -287.00 17.00 227.00 521.00 -51.00 -1157.00 0
30513 23.72 -21.36 5.43 -250.00 27.00 188.00 521.00 -51.00 -1157.00 0
30522 29.29 -45.15 12.45 -221.00 40.00 168.00 506.00 -75.00 -1289.00 0
30532 31.65 -70.33 18.09 -191.00 41.00 153.00 506.00 -75.00 -1289.00 0
30541 27.55 -122.43 25.53 -167.00 47.00 137.00 506.00 -75.00 -1289.00 0
30551 23.51 -149.29 28.52 -130.00 36.00 125.00 506.00 -75.00 -1289.00 0
30560 18.43 -172.94 31.03 -116.00 32.00 131.00 506.00 -75.00 -1289.00 0
30569 12.80 -191.65 32.70 -92.00 27.00 139.00 506.00 -75.00 -1289.00 0
30579 7.44 -206.54 32.83 -86.00 23.00 157.00 506.00 -75.00 -1289.00 0
30588 -1.95 -222.54 30.19 -89.00 19.00 185.00 380.00 -95.00 -1230.00 0
30598 -5.08 -224.21 27.83 -89.00 21.00 192.00 380.00 -95.00 -1230.00 0
30607 -7.30 -223.44 25.60 -76.00 26.00 205.00 380.00 -95.00 -1230.00 0
30616 -8.42 -221.08 23.65 -72.00 22.00 200.00 380.00 -95.00 -1230.00 0
30625 -9.46 -215.72 21.77 -66.00 18.00 203.00 380.00 -95.00 -1230.00 0
30635 -10.23 -208.14 18.09 -60.00 20.00 207.00 380.00 -95.00 -1230.00 0
30644 -9.25 -192.35 16.35 -54.00 23.00 221.00 380.00 -95.00 -1230.00 0
30654 -8.35 -185.32 14.26 -46.00 20.00 192.00 268.00 -90.00 -1166.00 0
30663 -8.28 -178.02 11.76 -32.00 9.00 199.00 268.00 -90.00 -1166.00 0
30672 -7.44 -169.11 9.53 -24.00 6.00 216.00 268.00 -90.00 -1166.00 0
30682 -5.98 -158.40 7.37 -31.00 -6.00 218.00 268.00 -90.00 -1166.00 0
30691 -2.92 -135.72 1.46 -51.00 -13.00 233.00 268.00 -90.00 -1166.00 0
30700 0.77 -127.72 -2.71 -41.00 -5.00 233.00 268.00 -90.00 -1166.00 0
30709 4.94 -123.20 -8.42 -15.00 11.00 221.00 268.00 -90.00 -1166.00 0
30718 9.46 -121.46 -15.03 -6.00 28.00 209.00 190.00 -96.00 -1253.00 0
30728 13.63 -119.65 -21.22 10.00 56.00 200.00 190.00 -96.00 -1253.00 0
30737 17.18 -117.36 -25.95 22.00 61.00 193.00 190.00 -96.00 -1253.00 0
30747 18.43 -104.97 -29.50 13.00 67.00 208.00 190.00 -96.00 -1253.00 0
30756 17.46 -96.00 -28.03 17.00 64.00 205.00 190.00 -96.00 -1253.00 0
30766 14.89 -87.37 -25.74 3.00 56.00 199.00 190.00 -96.00 -1253.00 0
30775 11.20 -78.33 -23.10 5.00 64.00 222.00 190.00 -96.00 -1253.00 0
30784 7.58 -69.77 -19.90 12.00 65.00 217.00 144.00 -103.00 -1208.00 0
30793 3.90 -55.37 -12.66 24.00 59.00 200.00 144.00 -103.00 -1208.00 0
30802 -5.08 -47.37 -8.56 35.00 43.00 186.00 144.00 -103.00 -1208.00 0
30812 -8.77 -37.01 -3.76 38.00 32.00 176.00 144.00 -103.00 -1208.00 0
30821 -11.41 -24.49 1.04 49.00 23.00 157.00 144.00 -103.00 -1208.00 0
30830 -13.36 -9.81 5.01 62.00 40.00 139.00 144.00 -103.00 -1208.00 0
30839 -13.91 7.86 8.35 93.00 62.00 92.00 144.00 -103.00 -1208.00 0
30849 -13.98 59.97 18.43 116.00 74.00 16.00 200.00 -96.00 -1325.00 0
30859 -14.68 101.29 27.62 69.00 -22.00 -14.00 200.00 -96.00 -1325.00 0
30868 -16.21 152.21 36.38 59.00 -115.00 -48.00 200.00 -96.00 -1325.00 0
30877 -17.67 207.86 37.63 11.00 -117.00 -94.00 200.00 -96.00 -1325.00 0
30886 -16.00 267.34 28.38 -57.00 -121.00 -134.00 200.00 -96.00 -1325.00 0
30896 -14.89 327.72 -25.95 -129.00 -137.00 -185.00 200.00 -96.00 -1325.00 0
30905 -19.34 454.96 -59.83 -241.00 -28.00 -121.00 200.00 -96.00 -1325.00 0
30915 -2.64 526.33 -79.72 -396.00 133.00 -36.00 526.00 -70.00 -1133.00 1
30925 16.83 599.03 -89.11 125.00 -231.00 822.00 526.00 -70.00 -1133.00 1
30936 -55.44 356.31 -83.06 -195.00 100.00 -84.00 526.00 -70.00 -1133.00 1
30947 -22.12 307.06 -49.74 -255.00 -59.00 69.00 526.00 -70.00 -1133.00 1
30957 -24.63 253.70 -30.96 -199.00 -40.00 104.00 526.00 -70.00 -1133.00 1
30968 -17.18 169.60 -14.61 -159.00 4.00 181.00 526.00 -70.00 -1133.00 1
30979 -12.94 143.65 -8.07 -154.00 26.00 163.00 526.00 -59.00 -1018.00 1
30990 -10.85 120.56 -3.55 -181.00 25.00 146.00 539.00 -59.00 -1018.00 1
31000 -10.09 75.13 1.18 -177.00 -9.00 144.00 539.00 -59.00 -1018.00 1
31010 -10.85 56.49 1.74 -199.00 20.00 128.00 539.00 -59.00 -1018.00 1
31022 -9.11 41.04 2.43 -173.00 28.00 162.00 539.00 -59.00 -1018.00 1
31032 -7.93 15.65 1.11 -184.00 15.00 157.00 539.00 -59.00 -1018.00 1
31043 -9.11 9.67 -0.77 -186.00 23.00 149.00 539.00 -59.00 -1018.00 1
31053 -9.88 6.05 -2.37 -177.00 0.00 158.00 539.00 -59.00 -1018.00 1
31065 -10.85 -0.42 -5.91 -184.00 15.00 156.00 539.00 -59.00 -1018.00 1
31075 -10.37 -1.74 -6.26 -185.00 8.00 145.00 539.00 -59.00 -1018.00 1
31086 -10.57 -2.92 -6.47 -186.00 -4.00 145.00 539.00 -59.00 -1018.00 1
31096 -10.02 -4.03 -5.98 -187.00 12.00 148.00 539.00 -59.00 -1018.00 1
31108 -8.97 -4.73 -5.29 -180.00 9.00 153.00 539.00 -59.00 -1018.00 1
31118 -8.77 -6.40 -4.38 -181.00 9.00 147.00 526.00 -52.00 -1315.00 1
31129 -9.04 -7.10 -3.76 -183.00 11.00 154.00 526.00 -52.00 -1315.00 1
31139 -9.60 -7.51 -3.20 -178.00 8.00 157.00 526.00 -52.00 -1315.00 1
31151 -10.71 -8.56 -2.57 -183.00 11.00 158.00 526.00 -52.00 -1315.00 1
31162 -11.06 -8.42 -2.30 -179.00 1.00 162.00 526.00 -52.00 -1315.00 1
31172 -11.90 -8.07 -2.30 -182.00 1.00 155.00 526.00 -52.00 -1315.00 1
31183 -11.97 -6.12 -1.81 -179.00 5.00 158.00 526.00 -52.00 -1315.00 1
31194 -10.99 -5.50 -1.60 -181.00 3.00 154.00 526.00 -52.00 -1315.00 1
31205 -8.14 -3.76 -1.11 -181.00 6.00 160.00 526.00 -52.00 -1315.00 1
31215 -6.61 -3.13 -0.90 -180.00 3.00 163.00 526.00 -52.00 -1315.00 1
31226 -5.50 -2.50 -0.97 -175.00 5.00 163.00 526.00 -52.00 -1315.00 1
31237 -3.97 -1.46 -1.32 -177.00 6.00 155.00 526.00 -52.00 -1315.00 1
31248 -3.41 -0.77 -1.25 -186.00 9.00 154.00 526.00 -52.00 -1315.00 1
31258 -3.41 -0.07 -1.32 -179.00 -1.00 150.00 526.00 -52.00 -1315.00 1
31269 -3.69 0.63 -1.04 -182.00 5.00 152.00 526.00 -52.00 -1315.00 1
31280 -3.06 0.70 -0.35 -179.00 5.00 158.00 526.00 -52.00 -1315.00 1
31291 -2.78 0.63 0.14 -184.00 7.00 153.00 526.00 -52.00 -1315.00 1
31301 -2.50 0.28 0.56 -184.00 9.00 160.00 526.00 -52.00 -1315.00 1
31312 -2.64 0.07 0.63 -180.00 10.00 156.00 527.00 -52.00 -1198.00 1
31324 -2.85 -0.14 0.42 -183.00 10.00 155.00 527.00 -52.00 -1198.00 1
31334 -3.76 -0.28 0.14 -181.00 8.00 155.00 527.00 -52.00 -1198.00 1
31345 -4.38 -0.49 -0.28 -180.00 4.00 161.00 527.00 -52.00 -1198.00 1
31355 -4.87 -0.56 -0.77 -179.00 5.00 160.00 527.00 -52.00 -1198.00 1
31367 -4.87 -0.21 -0.83 -180.00 4.00 159.00 527.00 -52.00 -1198.00 1
31377 -4.66 0.21 -0.70 -178.00 1.00 158.00 526.00 -52.00 -1068.00 1
31388 -3.69 1.67 0.07 -183.00 10.00 151.00 526.00 -52.00 -1068.00 1
31398 -2.92 2.23 0.56 -182.00 7.00 157.00 526.00 -52.00 -1068.00 1
31410 -2.57 2.09 0.63 -178.00 3.00 160.00 526.00 -52.00 -1068.00 1
31420 -2.09 1.74 0.42 -188.00 21.00 149.00 526.00 -52.00 -1068.00 1
31431 -1.67 1.88 0.42 -182.00 2.00 157.00 526.00 -52.00 -1068.00 1
31441 -3.34 0.70 -0.90 -182.00 6.00 156.00 529.00 -52.00 -1302.00 1
31453 -3.76 0.21 -1.25 -182.00 9.00 154.00 529.00 -52.00 -1302.00 1
31464 -4.03 -0.07 -1.18 -179.00 8.00 154.00 529.00 -52.00 -1302.00 1
31474 -4.66 -0.63 -1.04 -180.00 9.00 156.00 529.00 -52.00 -1302.00 1
31485 -4.73 -0.77 -0.77 -178.00 8.00 149.00 529.00 -52.00 -1302.00 1
31496 -5.01 -0.77 -0.49 -176.00 7.00 159.00 529.00 -52.00 -1302.00 1
31507 -5.01 -0.90 -0.35 -181.00 8.00 158.00 529.00 -52.00 -1112.00 1
31517 -4.87 -0.97 -0.35 -181.00 5.00 154.00 529.00 -52.00 -1112.00 1
31528 -4.59 -0.83 -0.49 -178.00 9.00 155.00 529.00 -52.00 -1112.00 1
31539 -3.62 -0.42 -0.70 -181.00 10.00 150.00 529.00 -52.00 -1112.00 1
31550 -3.55 -0.21 -0.83 -182.00 8.00 155.00 529.00 -52.00 -1112.00 1
31561 -4.03 -0.63 -1.39 -181.00 8.00 155.00 529.00 -52.00 -1112.00 1
31571 -4.31 -0.77 -1.46 -181.00 7.00 157.00 528.00 -54.00 -1072.00 1
31583 -4.38 -1.04 -1.46 -180.00 4.00 153.00 528.00 -54.00 -1072.00 1
31593 -4.80 -1.95 -1.53 -179.00 8.00 161.00 528.00 -54.00 -1072.00 1
31604 -4.73 -2.37 -1.53 -181.00 7.00 162.00 528.00 -54.00 -1072.00 1
31616 -4.52 -2.37 -1.46 -181.00 6.00 155.00 528.00 -54.00 -1072.00 1
31626 -3.62 -1.53 -1.04 -183.00 6.00 152.00 528.00 -54.00 -1072.00 1
31637 -3.13 -0.90 -0.83 -184.00 11.00 156.00 531.00 -53.00 -1327.00 1
31647 -2.37 0.00 -0.49 -180.00 9.00 153.00 531.00 -53.00 -1327.00 1
31659 -2.23 0.28 -0.42 -185.00 8.00 151.00 531.00 -53.00 -1327.00 1
31669 -2.16 0.42 -0.49 -180.00 7.00 157.00 531.00 -53.00 -1327.00 1
31680 -2.71 0.14 -1.04 -181.00 7.00 157.00 531.00 -53.00 -1327.00 1
31690 -2.99 0.07 -1.18 -181.00 9.00 152.00 531.00 -53.00 -1327.00 1
31702 -2.99 0.07 -1.11 -182.00 11.00 153.00 528.00 -55.00 -1117.00 1
31713 -3.41 -0.07 -1.04 -184.00 8.00 154.00 528.00 -55.00 -1117.00 1
31723 -3.69 -0.35 -1.11 -183.00 7.00 156.00 528.00 -55.00 -1117.00 1
31734 -3.97 -0.70 -1.18 -179.00 7.00 154.00 528.00 -55.00 -1117.00 1
31746 -4.24 -1.18 -1.32 -183.00 6.00 156.00 528.00 -55.00 -1117.00 1
31756 -4.24 -1.11 -1.25 -179.00 6.00 158.00 528.00 -55.00 -1117.00 1
31767 -4.31 -1.18 -1.25 -181.00 8.00 155.00 527.00 -53.00 -1078.00 1
31777 -4.38 -1.11 -1.18 -180.00 6.00 153.00 527.00 -53.00 -1078.00 1
31789 -4.31 -1.11 -1.11 -179.00 5.00 157.00 527.00 -53.00 -1078.00 1
31800 -4.10 -0.83 -0.56 -188.00 13.00 152.00 527.00 -53.00 -1078.00 1
31810 -3.97 -0.63 -0.14 -182.00 9.00 154.00 527.00 -53.00 -1078.00 1
31821 -4.17 -0.83 0.00 -180.00 7.00 157.00 527.00 -53.00 -1078.00 1
31832 -4.94 -1.46 -0.35 -181.00 11.00 153.00 527.00 -53.00 -1078.00 1
31843 -5.15 -1.67 -0.63 -181.00 8.00 157.00 527.00 -53.00 -1078.00 1
31854 -5.29 -1.74 -1.04 -179.00 7.00 154.00 527.00 -53.00 -1078.00 1
31864 -4.94 -1.60 -1.04 -181.00 11.00 156.00 527.00 -53.00 -1078.00 1
31876 -4.45 -1.46 -0.97 -183.00 7.00 158.00 527.00 -53.00 -1078.00 1
31886 -3.55 -1.25 -0.97 -179.00 7.00 160.00 527.00 -53.00 -1078.00 1
31897 -2.99 -0.97 -0.90 -181.00 4.00 157.00 527.00 -53.00 -1078.00 1
31908 -2.57 -0.63 -0.83 -180.00 10.00 154.00 527.00 -53.00 -1078.00 1
31919 -2.09 0.00 -0.63 -184.00 9.00 154.00 527.00 -53.00 -1078.00 1
31930 -2.43 0.07 -0.63 -180.00 9.00 158.00 527.00 -53.00 -1078.00 1
31940 -2.92 -0.21 -0.83 -182.00 11.00 154.00 527.00 -53.00 -1078.00 1
31951 -2.92 -0.21 -0.83 -181.00 7.00 159.00 527.00 -53.00 -1078.00 1
31963 -2.99 -0.14 -0.77 -182.00 9.00 156.00 527.00 -53.00 -1078.00 1
31973 -3.13 0.28 -0.83 -179.00 12.00 155.00 527.00 -53.00 -1078.00 1
31984 -3.13 0.56 -0.97 -181.00 8.00 153.00 527.00 -53.00 -1078.00 1
31995 -2.92 0.70 -1.18 -182.00 14.00 157.00 527.00 -53.00 -1078.00 1
32006 -2.85 0.77 -2.09 -179.00 13.00 162.00 527.00 -53.00 -1078.00 1
32017 -3.27 1.11 -2.71 -181.00 10.00 169.00 527.00 -53.00 -1078.00 1
32027 -6.47 3.62 -3.90 -178.00 -11.00 172.00 527.00 -53.00 -1078.00 1
32038 -7.86 5.77 -3.97 -187.00 -12.00 177.00 527.00 -53.00 -1078.00 1
32049 -6.82 8.56 -2.92 -212.00 1.00 179.00 527.00 -53.00 -1078.00 1
32059 1.74 13.29 1.18 -289.00 -2.00 239.00 527.00 -53.00 -1078.00 0
32068 5.29 11.41 1.18 -352.00 10.00 310.00 527.00 -53.00 -1078.00 0
32077 8.14 -2.85 0.42 -293.00 3.00 240.00 527.00 -53.00 -1078.00 0
32087 16.42 -19.34 3.55 -255.00 -17.00 163.00 527.00 -53.00 -1078.00 0
32097 26.57 -30.82 10.78 -207.00 8.00 128.00 522.00 -80.00 -1255.00 0
32106 36.45 -38.89 17.11 -162.00 67.00 127.00 522.00 -80.00 -1255.00 0
32115 46.05 -49.53 24.07 -147.00 97.00 114.00 522.00 -80.00 -1255.00 0
32124 41.11 -56.63 27.06 -146.00 34.00 130.00 522.00 -80.00 -1255.00 0
32134 29.84 -66.23 27.90 -143.00 -9.00 140.00 522.00 -80.00 -1255.00 0
32143 18.50 -78.47 26.71 -131.00 -3.00 140.00 522.00 -80.00 -1255.00 0
32152 11.27 -92.45 24.42 -110.00 26.00 136.00 522.00 -80.00 -1255.00 0
32162 6.12 -118.82 20.24 -99.00 44.00 139.00 468.00 -95.00 -1365.00 0
32172 3.34 -129.88 17.53 -98.00 21.00 150.00 468.00 -95.00 -1365.00 0
32181 0.07 -139.06 14.26 -97.00 17.00 155.00 468.00 -95.00 -1365.00 0
32190 -2.30 -144.21 10.50 -95.00 27.00 157.00 468.00 -95.00 -1365.00 0
32199 -3.34 -145.04 7.03 -105.00 37.00 186.00 468.00 -95.00 -1365.00 0
32208 -3.20 -142.68 4.38 -113.00 33.00 191.00 468.00 -95.00 -1365.00 0
32218 -2.30 -131.76 1.81 -117.00 26.00 193.00 468.00 -95.00 -1365.00 0
32227 -1.81 -125.22 0.97 -117.00 23.00 200.00 396.00 -94.00 -1087.00 0
32237 -0.90 -119.10 0.14 -123.00 21.00 205.00 396.00 -94.00 -1087.00 0
32246 0.35 -112.49 -0.49 -126.00 17.00 193.00 396.00 -94.00 -1087.00 0
32256 2.09 -105.39 -0.90 -105.00 23.00 191.00 396.00 -94.00 -1087.00 0
32265 6.19 -89.53 -1.32 -104.00 35.00 204.00 396.00 -94.00 -1087.00 0
32274 7.72 -81.46 -1.25 -113.00 36.00 204.00 396.00 -94.00 -1087.00 0
32283 8.14 -73.88 -0.97 -111.00 38.00 208.00 396.00 -94.00 -1087.00 0
32292 8.28 -67.06 -0.42 -99.00 48.00 214.00 359.00 -103.00 -1017.00 0
32302 7.72 -60.87 0.21 -99.00 47.00 208.00 359.00 -103.00 -1017.00 0
32311 6.33 -55.23 0.97 -88.00 48.00 200.00 359.00 -103.00 -1017.00 0
32320 1.60 -44.31 3.69 -86.00 45.00 196.00 359.00 -103.00 -1017.00 0
32329 -1.25 -38.68 4.94 -80.00 38.00 197.00 359.00 -103.00 -1017.00 0
32338 -3.97 -32.77 5.84 -75.00 39.00 195.00 359.00 -103.00 -1017.00 0
32349 -6.26 -26.92 6.33 -69.00 30.00 192.00 359.00 -103.00 -1017.00 0
32358 -8.07 -21.08 6.54 -66.00 32.00 194.00 356.00 -104.00 -1184.00 0
32367 -9.39 -15.72 6.54 -62.00 26.00 191.00 356.00 -104.00 -1184.00 0
32376 -11.83 -6.05 5.15 -66.00 26.00 188.00 356.00 -104.00 -1184.00 0
32386 -12.87 -1.25 3.76 -69.00 25.00 187.00 356.00 -104.00 -1184.00 0
32395 -13.57 3.27 2.23 -87.00 29.00 207.00 356.00 -104.00 -1184.00 0
32404 -13.57 7.37 0.56 -106.00 33.00 230.00 356.00 -104.00 -1184.00 0
32413 -13.70 10.23 -0.97 -125.00 32.00 242.00 356.00 -104.00 -1184.00 0
32422 -14.68 9.53 -2.57 -130.00 32.00 252.00 356.00 -97.00 -1188.00 0
32432 -15.10 6.33 -2.37 -127.00 26.00 240.00 359.00 -97.00 -1188.00 0
32441 -15.17 1.95 -1.53 -118.00 25.00 227.00 359.00 -97.00 -1188.00 0
32451 -14.89 -2.57 -0.49 -111.00 17.00 219.00 359.00 -97.00 -1188.00 0
32460 -14.33 -6.47 0.42 -102.00 9.00 212.00 359.00 -97.00 -1188.00 0
32470 -13.57 -9.53 0.90 -101.00 11.00 211.00 359.00 -97.00 -1188.00 0
32479 -10.43 -12.38 0.83 -100.00 23.00 211.00 359.00 -97.00 -1188.00 0
32488 -8.70 -12.80 0.70 -97.00 27.00 214.00 359.00 -97.00 -1188.00 0
32497 -7.03 -13.15 0.70 -94.00 24.00 210.00 359.00 -97.00 -1188.00 0
32506 -5.29 -13.36 0.77 -92.00 32.00 207.00 359.00 -97.00 -1188.00 0
32516 -3.76 -13.22 0.83 -84.00 34.00 206.00 359.00 -97.00 -1188.00 0
32525 -2.50 -12.66 0.70 -86.00 35.00 208.00 359.00 -97.00 -1188.00 0
32534 -1.32 -9.39 0.35 -88.00 36.00 212.00 359.00 -97.00 -1188.00 0
32543 -1.67 -7.37 0.14 -90.00 36.00 213.00 359.00 -97.00 -1188.00 0
32552 -2.37 -5.57 -0.07 -93.00 35.00 211.00 359.00 -97.00 -1188.00 0
32562 -3.13 -4.10 -0.28 -93.00 34.00 212.00 359.00 -97.00 -1188.00 0
32571 -3.90 -2.92 -0.49 -91.00 29.00 211.00 359.00 -97.00 -1188.00 0
32580 -4.73 -2.02 -0.63 -97.00 27.00 211.00 359.00 -97.00 -1188.00 0
32589 -5.63 -0.14 -0.77 -92.00 24.00 207.00 359.00 -97.00 -1188.00 0
32599 -5.57 0.77 -0.97 -94.00 24.00 211.00 359.00 -97.00 -1188.00 0
32608 -5.15 1.81 -1.32 -95.00 24.00 211.00 359.00 -97.00 -1188.00 0
32617 -4.52 2.78 -1.74 -100.00 32.00 217.00 359.00 -97.00 -1188.00 0
32626 -3.83 3.62 -2.09 -104.00 32.00 226.00 359.00 -97.00 -1188.00 0
32635 -3.41 4.03 -2.30 -104.00 34.00 224.00 359.00 -97.00 -1188.00 0
32645 -3.34 2.92 -2.16 -100.00 30.00 217.00 359.00 -97.00 -1188.00 0
32654 -3.62 1.74 -1.74 -97.00 25.00 216.00 359.00 -97.00 -1188.00 0
32663 -4.17 0.63 -1.32 -92.00 27.00 210.00 359.00 -97.00 -1188.00 0
32672 -4.66 -0.21 -1.04 -95.00 23.00 216.00 359.00 -97.00 -1188.00 0
32681 -5.08 -0.63 -0.97 -93.00 26.00 213.00 359.00 -97.00 -1188.00 0
32691 -5.22 -0.90 -1.18 -90.00 30.00 213.00 359.00 -97.00 -1188.00 0
32700 -4.94 -0.63 -1.67 -96.00 35.00 215.00 359.00 -97.00 -1188.00 0
32709 -4.94 -0.28 -1.67 -98.00 29.00 216.00 359.00 -97.00 -1188.00 0
32718 -5.22 0.00 -1.53 -93.00 21.00 211.00 359.00 -97.00 -1188.00 0
32728 -5.50 0.28 -1.53 -90.00 20.00 213.00 359.00 -97.00 -1188.00 0
32737 -5.50 0.70 -1.67 -93.00 25.00 209.00 359.00 -97.00 -1188.00 0
32746 -5.15 1.39 -1.88 -100.00 26.00 217.00 359.00 -97.00 -1188.00 0
32755 -4.73 2.71 -2.09 -104.00 27.00 224.00 356.00 -93.00 -1347.00 0
32764 -4.03 2.57 -2.16 -103.00 30.00 219.00 356.00 -93.00 -1347.00 0
32774 -3.76 1.88 -2.16 -95.00 30.00 213.00 356.00 -93.00 -1347.00 0
32783 -3.48 1.11 -1.95 -94.00 31.00 208.00 356.00 -93.00 -1347.00 0
32792 -3.48 0.77 -1.74 -97.00 30.00 212.00 356.00 -93.00 -1347.00 0
32801 -3.76 0.90 -1.39 -100.00 24.00 218.00 356.00 -93.00 -1347.00 0
32811 -3.97 1.25 -1.04 -101.00 28.00 215.00 356.00 -93.00 -1347.00 0
32820 -4.52 1.18 -1.11 -98.00 34.00 216.00 354.00 -94.00 -1186.00 0
32829 -4.80 0.97 -1.11 -98.00 32.00 215.00 354.00 -94.00 -1186.00 0
32838 -5.08 0.70 -0.97 -98.00 27.00 216.00 354.00 -94.00 -1186.00 0
32847 -5.36 0.28 -0.77 -96.00 23.00 211.00 354.00 -94.00 -1186.00 0
32857 -5.70 -0.07 -0.56 -92.00 24.00 208.00 354.00 -94.00 -1186.00 0
32865 -5.91 -0.42 -0.42 -92.00 20.00 207.00 354.00 -94.00 -1186.00 0
32874 -6.05 -0.14 -0.63 -97.00 22.00 206.00 354.00 -94.00 -1186.00 0
32883 -5.63 0.28 -0.97 -99.00 25.00 217.00 355.00 -93.00 -1096.00 0
32892 -4.94 0.63 -1.46 -104.00 35.00 223.00 355.00 -93.00 -1096.00 0
32902 -4.24 0.83 -1.74 -107.00 39.00 222.00 355.00 -93.00 -1096.00 0
32911 -3.90 0.70 -1.81 -105.00 31.00 220.00 355.00 -93.00 -1096.00 0
32920 -3.97 0.14 -1.25 -99.00 26.00 213.00 355.00 -93.00 -1096.00 0
32929 -4.38 -1.46 -0.97 -95.00 26.00 210.00 355.00 -93.00 -1096.00 0
32939 -4.45 -1.67 -0.90 -93.00 27.00 214.00 355.00 -93.00 -1096.00 0
32948 -4.45 -1.74 -0.90 -92.00 26.00 214.00 355.00 -94.00 -1458.00 0
32957 -4.52 -1.67 -0.97 -93.00 24.00 211.00 355.00 -94.00 -1458.00 0
32966 -4.59 -1.53 -1.04 -91.00 25.00 214.00 355.00 -94.00 -1458.00 0
32975 -4.59 -1.32 -1.04 -96.00 26.00 215.00 355.00 -94.00 -1458.00 0
32985 -4.31 -0.35 -0.97 -96.00 29.00 217.00 355.00 -94.00 -1458.00 0
32994 -4.31 0.07 -0.90 -98.00 27.00 217.00 355.00 -94.00 -1458.00 0
33003 -4.10 0.35 -0.77 -98.00 25.00 214.00 355.00 -94.00 -1458.00 0
33012 -3.97 0.35 -0.70 -98.00 19.00 214.00 355.00 -94.00 -1458.00 0
33021 -3.90 0.35 -0.77 -100.00 19.00 208.00 355.00 -94.00 -1458.00 0
33031 -3.62 0.42 -1.04 -97.00 27.00 213.00 355.00 -94.00 -1458.00 0
33040 -2.30 0.83 -1.95 -103.00 31.00 213.00 355.00 -94.00 -1458.00 0
33049 -1.81 0.90 -2.30 -106.00 34.00 215.00 355.00 -94.00 -1458.00 0
33058 -1.67 0.83 -2.57 -105.00 32.00 220.00 355.00 -94.00 -1458.00 0
33068 -1.74 0.42 -2.71 -106.00 34.00 213.00 355.00 -94.00 -1458.00 0
33077 -1.88 -0.21 -2.64 -98.00 33.00 212.00 355.00 -94.00 -1458.00 0
33086 -2.16 -0.83 -2.57 -96.00 37.00 208.00 355.00 -94.00 -1458.00 0
33095 -2.64 -1.18 -2.23 -94.00 33.00 213.00 355.00 -94.00 -1458.00 0
33104 -3.13 -1.11 -2.02 -95.00 28.00 212.00 355.00 -94.00 -1458.00 0
33114 -3.69 -1.18 -1.95 -91.00 28.00 212.00 355.00 -94.00 -1458.00 0
33123 -4.24 -1.39 -1.88 -84.00 27.00 212.00 355.00 -94.00 -1458.00 0
33132 -4.45 -1.39 -1.60 -89.00 26.00 211.00 355.00 -94.00 -1458.00 0
33141 -4.73 -1.04 -1.25 -91.00 22.00 207.00 355.00 -94.00 -1458.00 0
33150 -5.15 0.70 -0.63 -91.00 20.00 210.00 355.00 -94.00 -1458.00 0
33160 -5.29 1.81 -0.70 -96.00 21.00 207.00 355.00 -94.00 -1458.00 0
33169 -5.29 2.92 -0.83 -96.00 22.00 213.00 355.00 -94.00 -1458.00 0
33178 -5.22 3.97 -0.97 -104.00 27.00 211.00 355.00 -94.00 -1458.00 0
33187 -5.15 4.87 -1.25 -106.00 28.00 219.00 355.00 -94.00 -1458.00 0
33197 -5.01 5.63 -1.53 -105.00 28.00 218.00 355.00 -94.00 -1458.00 0
33206 -4.52 5.98 -2.16 -107.00 35.00 221.00 355.00 -94.00 -1458.00 0
33215 -4.45 5.84 -2.43 -107.00 33.00 219.00 355.00 -94.00 -1458.00 0
33224 -4.45 5.22 -2.43 -102.00 33.00 216.00 355.00 -94.00 -1458.00 0
33233 -4.52 4.24 -2.43 -100.00 31.00 213.00 355.00 -94.00 -1458.00 0
33244 -4.66 3.27 -2.23 -99.00 30.00 213.00 355.00 -94.00 -1458.00 0
33253 -4.80 2.64 -2.02 -101.00 26.00 216.00 355.00 -94.00 -1458.00 0
33262 -5.22 2.09 -1.53 -98.00 29.00 210.00 355.00 -94.00 -1458.00 0
33271 -5.36 2.16 -1.32 -102.00 27.00 209.00 355.00 -94.00 -1458.00 0
33281 -5.57 2.30 -1.04 -104.00 25.00 216.00 358.00 -92.00 -1267.00 0
33290 -5.63 2.30 -0.83 -105.00 23.00 211.00 358.00 -92.00 -1267.00 0
33299 -5.77 2.09 -0.63 -103.00 23.00 210.00 358.00 -92.00 -1267.00 0
33308 -5.70 1.81 -0.63 -102.00 28.00 214.00 358.00 -92.00 -1267.00 0
33317 -5.15 1.60 -0.56 -106.00 30.00 218.00 358.00 -92.00 -1267.00 0
33327 -4.87 1.67 -0.49 -103.00 30.00 217.00 358.00 -92.00 -1267.00 0
33336 -4.80 1.74 -0.35 -100.00 30.00 220.00 358.00 -92.00 -1267.00 0
33345 -5.01 1.74 -0.14 -99.00 32.00 212.00 361.00 -90.00 -1137.00 0
33354 -5.29 1.88 0.21 -99.00 28.00 215.00 361.00 -90.00 -1137.00 0
33363 -5.63 1.81 0.49 -102.00 27.00 220.00 361.00 -90.00 -1137.00 0
33373 -6.82 1.46 1.18 -98.00 24.00 219.00 361.00 -90.00 -1137.00 0
33382 -7.30 0.97 1.67 -92.00 26.00 207.00 361.00 -90.00 -1137.00 0
33391 -7.65 0.77 2.02 -91.00 24.00 204.00 361.00 -90.00 -1137.00 0
33400 -7.79 1.46 2.43 -94.00 25.00 203.00 361.00 -90.00 -1137.00 0
33410 -7.65 2.85 2.78 -100.00 23.00 208.00 368.00 -87.00 -1167.00 0
33419 -7.30 4.31 3.13 -102.00 24.00 205.00 368.00 -87.00 -1167.00 0
33428 -6.68 6.89 2.92 -100.00 25.00 209.00 368.00 -87.00 -1167.00 0
33437 -6.40 8.14 2.64 -107.00 28.00 211.00 368.00 -87.00 -1167.00 0
33446 -5.91 9.25 2.37 -114.00 36.00 220.00 368.00 -87.00 -1167.00 0
33456 -5.43 10.09 2.30 -114.00 30.00 217.00 368.00 -87.00 -1167.00 0
33465 -5.29 10.37 2.43 -111.00 28.00 215.00 368.00 -87.00 -1167.00 0
33474 -5.36 10.30 2.71 -107.00 25.00 215.00 373.00 -92.00 -1156.00 0
33483 -5.57 9.39 3.41 -105.00 24.00 211.00 373.00 -92.00 -1156.00 0
33492 -5.57 8.83 3.69 -104.00 23.00 204.00 373.00 -92.00 -1156.00 0
33502 -5.57 8.42 3.69 -100.00 25.00 205.00 373.00 -92.00 -1156.00 0
33511 -5.22 7.93 3.48 -102.00 28.00 207.00 373.00 -92.00 -1156.00 0
33520 -4.73 7.23 3.06 -105.00 31.00 210.00 373.00 -92.00 -1156.00 0
33529 -4.24 6.61 2.43 -107.00 34.00 210.00 373.00 -92.00 -1156.00 0
33539 -3.76 5.36 1.46 -104.00 31.00 214.00 373.00 -94.00 -1209.00 0
33548 -3.97 4.59 1.18 -108.00 30.00 213.00 374.00 -94.00 -1209.00 0
33557 -4.31 3.62 0.83 -109.00 29.00 212.00 374.00 -94.00 -1209.00 0
33566 -4.73 2.57 0.49 -105.00 28.00 210.00 374.00 -94.00 -1209.00 0
33575 -5.08 1.53 0.28 -107.00 23.00 211.00 374.00 -94.00 -1209.00 0
33585 -5.43 0.83 -0.21 -107.00 22.00 213.00 374.00 -94.00 -1209.00 0
33594 -5.50 0.00 -0.42 -110.00 25.00 212.00 374.00 -94.00 -1209.00 0
33603 -5.22 -0.42 -0.63 -107.00 27.00 208.00 374.00 -94.00 -1209.00 0
33612 -4.87 -0.83 -0.63 -112.00 24.00 211.00 374.00 -94.00 -1209.00 0
33622 -4.59 -1.18 -0.56 -107.00 28.00 209.00 374.00 -94.00 -1209.00 0
33631 -4.38 -1.53 -0.56 -99.00 29.00 208.00 374.00 -94.00 -1209.00 0
33640 -3.83 -2.02 -0.49 -100.00 30.00 208.00 374.00 -94.00 -1209.00 0
33649 -3.27 -2.50 -0.42 -100.00 28.00 202.00 374.00 -94.00 -1209.00 0
33658 -3.27 -2.37 -0.49 -103.00 28.00 206.00 374.00 -94.00 -1209.00 0
33668 -3.27 -2.09 -0.70 -105.00 28.00 209.00 374.00 -94.00 -1209.00 0
33677 -3.34 -1.74 -0.90 -103.00 27.00 212.00 374.00 -94.00 -1209.00 0
33686 -3.62 -1.32 -1.11 -104.00 25.00 217.00 374.00 -94.00 -1209.00 0
33696 -3.90 -1.04 -1.46 -111.00 28.00 216.00 374.00 -94.00 -1209.00 0
33705 -4.17 -0.77 -1.53 -109.00 30.00 213.00 374.00 -94.00 -1209.00 0
33715 -4.31 -0.90 -1.60 -108.00 27.00 210.00 374.00 -94.00 -1209.00 0
33724 -4.45 -1.11 -1.60 -107.00 27.00 205.00 374.00 -94.00 -1209.00 0
33733 -4.59 -1.25 -1.53 -104.00 29.00 204.00 374.00 -94.00 -1209.00 0
33742 -4.59 -1.25 -1.60 -102.00 28.00 204.00 374.00 -94.00 -1209.00 0
33752 -4.66 -0.97 -1.81 -101.00 29.00 208.00 374.00 -94.00 -1209.00 0
33761 -4.87 -0.77 -1.95 -105.00 31.00 214.00 374.00 -94.00 -1209.00 0
33770 -4.94 -0.56 -1.95 -108.00 33.00 212.00 374.00 -94.00 -1209.00 0
33779 -5.08 -0.42 -1.81 -105.00 26.00 211.00 374.00 -94.00 -1209.00 0
33788 -5.36 -0.42 -1.67 -103.00 21.00 207.00 374.00 -94.00 -1209.00 0
33798 -5.63 -0.42 -1.46 -100.00 21.00 208.00 374.00 -94.00 -1209.00 0
33807 -5.77 -0.07 -1.32 -101.00 28.00 208.00 374.00 -94.00 -1209.00 0
33816 -5.63 0.35 -1.25 -103.00 23.00 208.00 374.00 -94.00 -1209.00 0
33825 -5.63 0.77 -1.25 -108.00 22.00 212.00 374.00 -94.00 -1209.00 0
33835 -5.50 1.18 -1.25 -109.00 25.00 214.00 374.00 -94.00 -1209.00 0
33844 -5.15 1.32 -1.18 -107.00 28.00 214.00 374.00 -94.00 -1209.00 0
33853 -4.73 1.32 -1.18 -111.00 28.00 210.00 374.00 -94.00 -1209.00 0
33862 -3.83 1.04 -0.97 -109.00 29.00 215.00 374.00 -94.00 -1209.00 0
33871 -3.62 0.77 -0.90 -104.00 30.00 209.00 373.00 -93.00 -1351.00 0
33881 -3.48 0.35 -0.77 -105.00 27.00 212.00 373.00 -93.00 -1351.00 0
33890 -3.48 -0.07 -0.56 -103.00 27.00 207.00 373.00 -93.00 -1351.00 0
33899 -3.55 -0.28 -0.28 -104.00 21.00 209.00 373.00 -93.00 -1351.00 0
33908 -3.41 -0.42 0.00 -102.00 22.00 211.00 373.00 -93.00 -1351.00 0
33917 -2.92 -0.49 0.07 -103.00 24.00 208.00 373.00 -93.00 -1351.00 0
33927 -2.64 -0.49 -0.07 -107.00 22.00 211.00 373.00 -93.00 -1351.00 0
33936 -2.30 -0.35 -0.14 -106.00 28.00 216.00 377.00 -94.00 -1270.00 0
33945 -1.95 -0.28 -0.21 -111.00 30.00 209.00 377.00 -94.00 -1270.00 0
33954 -1.74 -0.42 -0.28 -106.00 28.00 205.00 377.00 -94.00 -1270.00 0
33964 -1.60 -0.56 -0.35 -105.00 31.00 205.00 377.00 -94.00 -1270.00 0
33973 -1.81 -0.63 -0.77 -107.00 31.00 211.00 377.00 -94.00 -1270.00 0
33982 -2.09 -0.70 -1.04 -108.00 33.00 210.00 377.00 -94.00 -1270.00 0
33991 -2.50 -0.83 -1.25 -106.00 29.00 208.00 377.00 -94.00 -1270.00 0
34000 -2.92 -1.04 -1.39 -106.00 29.00 209.00 376.00 -90.00 -1109.00 0
34011 -3.27 -1.18 -1.46 -104.00 30.00 206.00 376.00 -90.00 -1109.00 0
34020 -3.55 -1.25 -1.46 -107.00 33.00 207.00 376.00 -90.00 -1109.00 0
34029 -4.10 -0.97 -1.32 -106.00 29.00 210.00 376.00 -90.00 -1109.00 0
34038 -4.45 -0.77 -1.11 -107.00 24.00 211.00 376.00 -90.00 -1109.00 0
34048 -4.73 -0.63 -0.97 -102.00 25.00 206.00 376.00 -90.00 -1109.00 0
34057 -4.87 -0.56 -0.97 -103.00 27.00 210.00 376.00 -90.00 -1109.00 0
34066 -4.94 -0.49 -0.97 -101.00 24.00 208.00 375.00 -92.00 -1302.00 0
34075 -4.94 -0.28 -1.04 -105.00 24.00 209.00 375.00 -92.00 -1302.00 0
34084 -5.08 0.21 -1.32 -105.00 25.00 210.00 375.00 -92.00 -1302.00 0
34094 -5.01 0.49 -1.46 -105.00 27.00 210.00 375.00 -92.00 -1302.00 0
34103 -4.94 0.56 -1.60 -106.00 27.00 213.00 375.00 -92.00 -1302.00 0
34112 -4.80 0.63 -1.60 -109.00 28.00 213.00 375.00 -92.00 -1302.00 0
34121 -4.73 0.63 -1.60 -106.00 29.00 211.00 375.00 -92.00 -1302.00 0
34130 -4.66 0.42 -1.46 -108.00 32.00 211.00 378.00 -90.00 -1306.00 0
34140 -4.80 -0.14 -1.11 -105.00 30.00 211.00 378.00 -90.00 -1306.00 0
34149 -4.80 -0.35 -0.77 -101.00 23.00 213.00 378.00 -90.00 -1306.00 0
34158 -4.94 -0.56 -0.56 -101.00 27.00 207.00 378.00 -90.00 -1306.00 0
34167 -5.01 -0.70 -0.49 -102.00 28.00 208.00 378.00 -90.00 -1306.00 0
34177 -5.01 -0.56 -0.49 -102.00 23.00 209.00 378.00 -90.00 -1306.00 0
34186 -5.01 -0.28 -0.63 -106.00 26.00 206.00 378.00 -90.00 -1306.00 0
34195 -4.94 0.28 -0.90 -106.00 26.00 207.00 378.00 -90.00 -1306.00 0
34204 -4.94 0.49 -0.97 -108.00 23.00 212.00 378.00 -90.00 -1306.00 0
34213 -4.94 0.77 -1.04 -108.00 24.00 212.00 378.00 -90.00 -1306.00 0