364.00 5.00 -1290.00 0
545 -3.41 -4.03 0.28 -82.00 -17.00 217.00 364.00 5.00 -1290.00 0
555 -2.57 -4.03 -0.14 -82.00 -9.00 207.00 364.00 5.00 -1290.00 0
564 -2.02 -3.69 -0.14 -80.00 -16.00 207.00 364.00 5.00 -1290.00 0
573 -2.30 -2.92 0.28 -86.00 -27.00 223.00 364.00 5.00 -1290.00 0
582 -2.71 -2.02 0.63 -86.00 -20.00 222.00 364.00 5.00 -1290.00 0
591 -2.85 -1.46 0.56 -83.00 -20.00 220.00 362.00 5.00 -1233.00 0
600 -2.78 -1.04 0.42 -86.00 -22.00 220.00 362.00 5.00 -1233.00 0
609 -3.27 -0.42 0.07 -90.00 -21.00 226.00 362.00 5.00 -1233.00 0
618 -3.41 -0.07 -0.14 -94.00 -23.00 229.00 362.00 5.00 -1233.00 0
627 -3.55 -0.07 -0.42 -92.00 -22.00 228.00 362.00 5.00 -1233.00 0
636 -3.76 -0.42 -0.63 -93.00 -25.00 226.00 362.00 5.00 -1233.00 0
646 -3.90 -0.90 -0.90 -91.00 -24.00 222.00 362.00 5.00 -1233.00 0
654 -3.83 -1.60 -1.11 -88.00 -24.00 221.00 362.00 1.00 -1320.00 0
663 -3.55 -2.37 -1.39 -85.00 -21.00 216.00 362.00 1.00 -1320.00 0
672 -3.34 -2.92 -1.60 -84.00 -17.00 220.00 362.00 1.00 -1320.00 0
681 -3.34 -2.78 -1.60 -86.00 -15.00 217.00 362.00 1.00 -1320.00 0
691 -3.55 -2.78 -1.39 -84.00 -23.00 217.00 362.00 1.00 -1320.00 0
700 -4.03 -2.71 -0.97 -85.00 -24.00 213.00 362.00 1.00 -1320.00 0
709 -4.45 -2.50 -0.63 -84.00 -17.00 217.00 362.00 1.00 -1320.00 0
717 -4.52 -2.09 -0.42 -86.00 -22.00 222.00 362.00 1.00 -1320.00 0
727 -4.45 -1.25 -0.35 -83.00 -22.00 219.00 362.00 1.00 -1320.00 0
736 -4.59 -0.90 -0.42 -89.00 -23.00 223.00 362.00 1.00 -1320.00 0
745 -4.59 -0.77 -0.49 -89.00 -23.00 220.00 362.00 1.00 -1320.00 0
754 -4.66 -0.63 -0.63 -88.00 -23.00 218.00 362.00 1.00 -1320.00 0
763 -4.66 -0.56 -0.83 -88.00 -20.00 219.00 362.00 1.00 -1320.00 0
772 -4.31 -0.49 -1.04 -92.00 -20.00 226.00 362.00 1.00 -1320.00 0
781 -3.83 -0.49 -0.90 -88.00 -23.00 223.00 362.00 1.00 -1320.00 0
790 -3.55 -0.90 -0.83 -84.00 -21.00 217.00 362.00 1.00 -1320.00 0
799 -3.20 -1.11 -0.97 -86.00 -18.00 219.00 362.00 1.00 -1320.00 0
808 -3.20 -1.18 -1.18 -82.00 -17.00 217.00 362.00 1.00 -1320.00 0
818 -3.27 -1.11 -1.32 -83.00 -12.00 216.00 362.00 1.00 -1320.00 0
826 -3.20 -1.18 -1.25 -80.00 -9.00 207.00 362.00 1.00 -1320.00 0
835 -3.48 -0.97 -0.83 -83.00 -23.00 210.00 362.00 1.00 -1320.00 0
844 -4.17 -0.28 -0.21 -88.00 -18.00 222.00 362.00 1.00 -1320.00 0
854 -5.01 1.11 0.49 -87.00 -14.00 225.00 362.00 4.00 -1280.00 0
863 -5.36 1.11 0.90 -91.00 -24.00 228.00 362.00 4.00 -1280.00 0
872 -5.98 0.70 1.53 -90.00 -28.00 221.00 362.00 4.00 -1280.00 0
880 -6.12 0.00 1.81 -90.00 -37.00 226.00 362.00 4.00 -1280.00 0
889 -6.40 -0.35 1.74 -92.00 -29.00 232.00 362.00 4.00 -1280.00 0
899 -6.26 -0.35 1.18 -90.00 -22.00 223.00 362.00 4.00 -1280.00 0
908 -5.43 -0.83 0.56 -85.00 -29.00 225.00 362.00 4.00 -1280.00 0
917 -4.45 -2.09 -0.35 -88.00 -26.00 216.00 362.00 5.00 -1215.00 0
926 -3.69 -2.37 -0.90 -86.00 -14.00 216.00 364.00 5.00 -1215.00 0
934 -3.06 -2.57 -1.32 -89.00 -17.00 224.00 364.00 5.00 -1215.00 0
944 -2.85 -2.85 -1.60 -88.00 -10.00 221.00 364.00 5.00 -1215.00 0
953 -2.99 -3.34 -1.53 -87.00 -11.00 222.00 364.00 5.00 -1215.00 0
962 -3.27 -3.76 -1.18 -82.00 -15.00 220.00 364.00 5.00 -1215.00 0
971 -3.76 -4.03 -0.70 -82.00 -26.00 217.00 364.00 5.00 -1215.00 0
980 -4.80 -4.03 0.14 -83.00 -22.00 215.00 364.00 5.00 -1215.00 0
989 -4.80 -3.55 0.28 -83.00 -23.00 213.00 363.00 5.00 -1298.00 0
998 -4.80 -2.85 0.28 -83.00 -26.00 219.00 363.00 5.00 -1298.00 0
1007 -4.73 -2.09 0.14 -88.00 -24.00 222.00 363.00 5.00 -1298.00 0
1016 -4.52 -1.25 -0.28 -89.00 -21.00 227.00 363.00 5.00 -1298.00 0
1026 -4.31 -0.56 -0.77 -92.00 -20.00 232.00 363.00 5.00 -1298.00 0
1035 -4.24 -0.42 -1.11 -86.00 -23.00 228.00 363.00 5.00 -1298.00 0
1044 -4.10 -1.46 -1.25 -86.00 -20.00 219.00 363.00 5.00 -1298.00 0
1053 -3.97 -1.95 -1.32 -83.00 -19.00 218.00 363.00 5.00 -1298.00 0
1061 -3.62 -2.23 -1.39 -83.00 -16.00 216.00 363.00 5.00 -1298.00 0
1071 -3.41 -2.16 -1.46 -79.00 -16.00 214.00 363.00 5.00 -1298.00 0
1080 -3.41 -2.02 -1.46 -83.00 -16.00 221.00 363.00 5.00 -1298.00 0
1089 -3.62 -1.67 -1.39 -90.00 -18.00 223.00 363.00 5.00 -1298.00 0
1098 -3.97 -1.11 -1.32 -90.00 -21.00 230.00 363.00 5.00 -1298.00 0
1107 -4.31 -1.39 -1.18 -87.00 -22.00 224.00 363.00 5.00 -1298.00 0
1117 -4.38 -1.81 -0.97 -87.00 -25.00 219.00 359.00 6.00 -1044.00 0
1126 -4.31 -2.16 -0.83 -82.00 -20.00 216.00 359.00 6.00 -1044.00 0
1135 -4.10 -2.23 -0.77 -90.00 -25.00 221.00 359.00 6.00 -1044.00 0
1144 -4.03 -2.23 -0.56 -80.00 -27.00 217.00 359.00 6.00 -1044.00 0
1153 -4.10 -2.16 -0.49 -83.00 -19.00 221.00 359.00 6.00 -1044.00 0
1162 -3.48 -1.74 -0.63 -85.00 -14.00 218.00 359.00 6.00 -1044.00 0
1171 -3.55 -1.53 -0.70 -81.00 -13.00 220.00 359.00 6.00 -1044.00 0
1180 -3.69 -1.25 -0.70 -86.00 -15.00 221.00 360.00 0.00 -1189.00 0
1189 -3.90 -0.97 -0.63 -86.00 -22.00 220.00 360.00 0.00 -1189.00 0
1199 -4.17 -0.77 -0.56 -83.00 -21.00 223.00 360.00 0.00 -1189.00 0
1208 -4.24 -0.77 -0.56 -84.00 -22.00 221.00 360.00 0.00 -1189.00 0
1217 -4.10 -0.83 -0.70 -85.00 -17.00 218.00 360.00 0.00 -1189.00 0
1226 -3.97 -0.77 -0.49 -89.00 -24.00 223.00 360.00 0.00 -1189.00 0
1234 -4.10 -0.77 -0.28 -85.00 -30.00 219.00 360.00 0.00 -1189.00 0
1244 -4.17 -0.77 -0.28 -86.00 -21.00 220.00 360.00 0.00 -1189.00 0
1253 -3.97 -0.70 -0.49 -84.00 -22.00 224.00 360.00 0.00 -1189.00 0
1262 -3.76 -0.63 -0.77 -87.00 -16.00 225.00 360.00 0.00 -1189.00 0
1271 -3.69 -0.77 -1.04 -85.00 -13.00 224.00 360.00 0.00 -1189.00 0
1281 -3.62 -1.53 -1.18 -85.00 -15.00 224.00 360.00 0.00 -1189.00 0
1290 -3.76 -2.02 -1.11 -83.00 -21.00 224.00 360.00 0.00 -1189.00 0
1299 -3.76 -2.50 -0.90 -83.00 -23.00 215.00 360.00 0.00 -1189.00 0
1307 -3.83 -2.71 -0.63 -84.00 -28.00 219.00 360.00 0.00 -1189.00 0
1316 -3.97 -2.71 -0.42 -87.00 -18.00 216.00 360.00 0.00 -1189.00 0
1326 -4.03 -2.37 -0.49 -86.00 -20.00 220.00 360.00 0.00 -1189.00 0
1335 -3.90 -1.95 -0.63 -84.00 -19.00 224.00 360.00 0.00 -1189.00 0
1344 -3.97 -1.18 -0.83 -84.00 -18.00 226.00 360.00 0.00 -1189.00 0
1353 -3.90 -1.18 -0.90 -87.00 -21.00 226.00 360.00 0.00 -1189.00 0
1362 -3.83 -1.60 -0.83 -79.00 -22.00 213.00 360.00 0.00 -1189.00 0
1372 -3.83 -2.09 -0.83 -81.00 -23.00 216.00 360.00 0.00 -1189.00 0
1381 -3.76 -2.16 -0.83 -80.00 -21.00 217.00 356.00 1.00 -1286.00 0
1389 -3.69 -1.74 -1.04 -79.00 -20.00 217.00 356.00 1.00 -1286.00 0
1398 -3.76 -0.21 -1.18 -82.00 -22.00 218.00 356.00 1.00 -1286.00 0
1408 -4.10 0.49 -1.32 -85.00 -16.00 223.00 356.00 1.00 -1286.00 0
1417 -4.17 1.11 -1.46 -89.00 -15.00 224.00 356.00 1.00 -1286.00 0
1426 -4.45 1.39 -1.46 -86.00 -18.00 224.00 356.00 1.00 -1286.00 0
1435 -4.87 1.25 -1.39 -86.00 -16.00 223.00 356.00 1.00 -1286.00 0
1444 -5.08 1.18 -1.11 -88.00 -29.00 224.00 362.00 3.00 -1448.00 0
1454 -5.43 1.18 -0.77 -89.00 -27.00 220.00 362.00 3.00 -1448.00 0
1463 -5.36 1.04 -0.70 -85.00 -25.00 221.00 362.00 3.00 -1448.00 0
1471 -5.01 1.04 -0.83 -88.00 -28.00 219.00 362.00 3.00 -1448.00 0
1480 -4.73 1.11 -1.18 -83.00 -24.00 224.00 362.00 3.00 -1448.00 0
1489 -4.24 1.18 -1.60 -87.00 -16.00 222.00 362.00 3.00 -1448.00 0
1499 -3.69 1.11 -1.88 -88.00 -19.00 222.00 362.00 3.00 -1448.00 0
1508 -3.48 0.97 -2.02 -85.00 -22.00 225.00 361.00 2.00 -1237.00 0
1517 -3.62 0.56 -2.16 -83.00 -13.00 221.00 361.00 2.00 -1237.00 0
1526 -3.48 -0.14 -2.02 -85.00 -19.00 220.00 361.00 2.00 -1237.00 0
1536 -3.83 -0.28 -1.81 -85.00 -25.00 222.00 361.00 2.00 -1237.00 0
1545 -3.97 -0.35 -1.60 -84.00 -21.00 221.00 361.00 2.00 -1237.00 0
1553 -3.90 -0.49 -1.53 -82.00 -21.00 216.00 361.00 2.00 -1237.00 0
1562 -4.03 -0.63 -1.60 -83.00 -18.00 214.00 361.00 2.00 -1237.00 0
1571 -4.03 -0.63 -1.74 -82.00 -21.00 217.00 361.00 2.00 -1237.00 0
1581 -3.97 -0.07 -2.16 -85.00 -16.00 217.00 361.00 2.00 -1237.00 0
1590 -3.90 0.14 -2.23 -85.00 -10.00 216.00 361.00 2.00 -1237.00 0
1599 -3.97 0.49 -1.95 -86.00 -23.00 220.00 361.00 2.00 -1237.00 0
1608 -4.31 0.97 -1.74 -89.00 -22.00 223.00 361.00 2.00 -1237.00 0
1617 -4.31 1.53 -1.53 -90.00 -25.00 224.00 361.00 2.00 -1237.00 0
1627 -4.45 1.88 -1.32 -90.00 -31.00 233.00 361.00 2.00 -1237.00 0
1636 -4.66 1.88 -1.32 -92.00 -21.00 230.00 361.00 2.00 -1237.00 0
1644 -4.17 0.63 -1.53 -88.00 -17.00 220.00 361.00 2.00 -1237.00 0
1653 -3.97 -0.56 -1.60 -83.00 -22.00 219.00 361.00 2.00 -1237.00 0
1662 -3.83 -1.46 -1.60 -83.00 -15.00 213.00 361.00 2.00 -1237.00 0
1672 -3.62 -1.88 -1.67 -82.00 -18.00 217.00 361.00 2.00 -1237.00 0
1681 -3.69 -2.02 -1.67 -85.00 -18.00 221.00 361.00 2.00 -1237.00 0
1690 -3.90 -1.95 -1.67 -83.00 -22.00 220.00 361.00 2.00 -1237.00 0
1699 -3.97 -1.60 -1.95 -86.00 -27.00 226.00 361.00 2.00 -1237.00 0
1709 -3.76 -1.46 -2.16 -86.00 -9.00 227.00 360.00 0.00 -1219.00 0
1718 -3.34 -1.60 -2.37 -89.00 -16.00 224.00 360.00 0.00 -1219.00 0
1726 -3.20 -2.02 -2.23 -87.00 -25.00 226.00 360.00 0.00 -1219.00 0
1735 -3.48 -2.43 -2.09 -87.00 -19.00 230.00 360.00 0.00 -1219.00 0
1744 -3.55 -2.78 -2.09 -90.00 -18.00 231.00 360.00 0.00 -1219.00 0
1754 -3.48 -3.27 -2.02 -90.00 -24.00 238.00 360.00 0.00 -1219.00 0
1763 -3.83 -5.50 -1.74 -86.00 -22.00 228.00 360.00 0.00 -1219.00 0
1772 -3.69 -7.10 -1.53 -82.00 -21.00 220.00 358.00 1.00 -1264.00 0
1781 -3.55 -8.49 -1.39 -77.00 -23.00 212.00 358.00 1.00 -1264.00 0
1790 -3.48 -9.25 -1.18 -86.00 -26.00 211.00 358.00 1.00 -1264.00 0
1800 -3.34 -9.53 -1.11 -79.00 -21.00 219.00 358.00 1.00 -1264.00 0
1808 -2.64 -9.60 -0.90 -75.00 -23.00 225.00 358.00 1.00 -1264.00 0
1817 -2.71 -8.70 -0.70 -87.00 -23.00 236.00 358.00 1.00 -1264.00 0
1826 -2.16 -5.57 -0.83 -85.00 -22.00 228.00 358.00 1.00 -1264.00 0
1836 -2.09 -5.22 -1.32 -89.00 -20.00 216.00 358.00 1.00 -1295.00 0
1845 -1.39 -4.94 -1.32 -76.00 -6.00 211.00 354.00 1.00 -1295.00 0
1854 -0.90 -4.80 -1.18 -71.00 -23.00 207.00 354.00 1.00 -1295.00 0
1863 -1.53 -4.17 -0.97 -71.00 -16.00 205.00 354.00 1.00 -1295.00 0
1872 -2.09 -3.13 -0.83 -67.00 0.00 199.00 354.00 1.00 -1295.00 0
1881 -2.78 -0.42 -0.07 -69.00 -14.00 205.00 354.00 1.00 -1295.00 0
1890 -4.10 1.53 0.83 -78.00 -23.00 221.00 354.00 1.00 -1295.00 0
1899 -4.87 3.62 1.60 -81.00 -21.00 223.00 354.00 1.00 -1295.00 0
1908 -5.22 5.29 2.09 -85.00 -17.00 226.00 354.00 1.00 -1295.00 0
1917 -5.77 6.12 2.43 -92.00 -25.00 242.00 354.00 1.00 -1295.00 0
1927 -6.40 6.40 2.37 -90.00 -28.00 238.00 354.00 1.00 -1295.00 0
1936 -6.54 5.43 2.09 -92.00 -33.00 235.00 354.00 1.00 -1295.00 0
1945 -6.33 1.53 0.83 -92.00 -31.00 233.00 354.00 1.00 -1295.00 0
1954 -5.57 0.00 0.00 -89.00 -24.00 231.00 354.00 1.00 -1295.00 0
1963 -4.73 -1.32 -0.90 -91.00 -24.00 230.00 354.00 1.00 -1295.00 0
1972 -3.90 -2.50 -1.67 -85.00 -24.00 223.00 354.00 1.00 -1295.00 0
1981 -3.06 -3.48 -2.30 -83.00 -18.00 223.00 354.00 1.00 -1295.00 0
1990 -2.16 -4.03 -2.99 -79.00 -2.00 217.00 354.00 1.00 -1295.00 0
1999 -1.25 -5.01 -3.20 -74.00 -5.00 206.00 354.00 1.00 -1295.00 0
2009 -1.11 -5.01 -2.64 -74.00 -18.00 208.00 354.00 1.00 -1295.00 0
2018 -1.67 -4.45 -2.16 -75.00 -13.00 210.00 354.00 1.00 -1295.00 0
2027 -2.09 -3.20 -1.67 -81.00 -21.00 218.00 354.00 1.00 -1295.00 0
2035 -2.92 -1.81 -1.32 -82.00 -26.00 230.00 354.00 1.00 -1206.00 0
2044 -3.62 -0.70 -1.11 -86.00 -29.00 234.00 354.00 1.00 -1206.00 0
2054 -3.90 -0.07 -1.11 -90.00 -28.00 236.00 354.00 1.00 -1206.00 0
2063 -3.97 -0.77 -1.53 -88.00 -26.00 231.00 354.00 1.00 -1206.00 0
2072 -3.62 -1.67 -1.88 -84.00 -29.00 229.00 354.00 1.00 -1206.00 0
2081 -3.06 -2.71 -2.37 -86.00 -27.00 228.00 354.00 1.00 -1206.00 0
2091 -2.43 -3.76 -2.85 -82.00 -20.00 227.00 354.00 1.00 -1206.00 0
2100 -1.60 -4.73 -3.27 -83.00 -18.00 226.00 353.00 1.00 -1073.00 0
2109 -0.77 -5.50 -3.62 -80.00 -16.00 227.00 353.00 1.00 -1073.00 0
2118 0.14 -6.12 -3.76 -80.00 -21.00 227.00 353.00 1.00 -1073.00 0
2126 1.53 -7.51 -4.10 -80.00 -25.00 230.00 353.00 1.00 -1073.00 0
2136 2.16 -7.72 -4.52 -77.00 -31.00 234.00 353.00 1.00 -1073.00 0
2145 3.20 -8.14 -5.29 -80.00 -37.00 236.00 353.00 1.00 -1073.00 0
2154 4.59 -8.49 -6.47 -80.00 -36.00 243.00 353.00 1.00 -1073.00 0
2163 6.47 -9.04 -8.00 -85.00 -32.00 229.00 353.00 1.00 -1073.00 0
2172 8.14 -9.46 -9.67 -84.00 -24.00 227.00 353.00 1.00 -1073.00 0
2182 13.01 -10.71 -13.15 -80.00 -23.00 226.00 353.00 1.00 -1073.00 0
2191 15.58 -11.62 -14.61 -75.00 -22.00 222.00 353.00 1.00 -1073.00 0
2200 18.02 -12.03 -15.93 -77.00 -10.00 225.00 353.00 1.00 -1073.00 0
2209 20.10 -11.90 -16.70 -76.00 -9.00 222.00 353.00 1.00 -1073.00 0
2219 21.91 -11.69 -17.32 -73.00 0.00 215.00 353.00 1.00 -1073.00 0
2228 23.37 -11.48 -17.60 -70.00 4.00 211.00 353.00 1.00 -1073.00 0
2237 24.77 -10.37 -17.11 -67.00 2.00 207.00 353.00 1.00 -1073.00 0
2246 24.56 -9.18 -16.42 -63.00 5.00 204.00 353.00 1.00 -1073.00 0
2255 23.58 -7.72 -15.79 -64.00 9.00 206.00 353.00 1.00 -1073.00 0
2265 22.19 -6.05 -15.30 -64.00 9.00 209.00 353.00 1.00 -1073.00 0
2274 20.31 -4.38 -14.61 -70.00 6.00 217.00 353.00 1.00 -1073.00 0
2283 17.74 -2.78 -13.84 -75.00 2.00 223.00 353.00 1.00 -1073.00 0
2291 14.61 -1.32 -11.83 -81.00 1.00 229.00 353.00 1.00 -1073.00 0
2300 8.83 0.77 -10.71 -75.00 -8.00 229.00 353.00 1.00 -1073.00 0
2310 6.75 1.39 -9.60 -78.00 -9.00 224.00 353.00 1.00 -1073.00 0
2319 5.22 1.88 -8.70 -76.00 -6.00 228.00 353.00 1.00 -1073.00 0
2328 4.38 2.23 -7.86 -74.00 -1.00 229.00 353.00 1.00 -1073.00 0
2337 3.83 2.57 -7.23 -74.00 2.00 221.00 353.00 1.00 -1073.00 0
2347 3.34 2.78 -6.54 -76.00 1.00 222.00 353.00 1.00 -1073.00 0
2355 1.74 3.27 -5.29 -76.00 0.00 229.00 353.00 1.00 -1073.00 0
2364 0.77 3.27 -4.66 -78.00 -1.00 228.00 329.00 -22.00 -1125.00 0
2373 -0.28 2.85 -4.03 -75.00 -11.00 227.00 329.00 -22.00 -1125.00 0
2382 -1.18 2.43 -3.41 -74.00 -16.00 226.00 329.00 -22.00 -1125.00 0
2392 -2.02 2.02 -2.99 -77.00 -10.00 225.00 329.00 -22.00 -1125.00 0
2401 -2.37 1.60 -2.85 -74.00 -4.00 222.00 329.00 -22.00 -1125.00 0
2410 -2.30 1.18 -2.92 -70.00 15.00 212.00 329.00 -22.00 -1125.00 0
2419 -1.39 0.90 -2.23 -71.00 14.00 216.00 329.00 -22.00 -1125.00 0
2428 -2.78 1.60 -0.97 -73.00 0.00 221.00 327.00 -24.00 -1168.00 0
2438 -5.29 2.57 0.28 -80.00 -11.00 224.00 327.00 -24.00 -1168.00 0
2447 -7.30 3.48 1.32 -76.00 -17.00 225.00 327.00 -24.00 -1168.00 0
2456 -8.35 4.10 1.74 -74.00 -6.00 216.00 327.00 -24.00 -1168.00 0
2464 -8.49 4.66 1.67 -75.00 -3.00 220.00 327.00 -24.00 -1168.00 0
2473 -8.21 6.26 1.32 -78.00 -10.00 222.00 327.00 -24.00 -1168.00 0
2483 -8.56 7.37 1.11 -79.00 -17.00 224.00 327.00 -24.00 -1168.00 0
2492 -8.63 8.63 0.77 -80.00 -19.00 223.00 327.00 -22.00 -1229.00 0
2501 -8.07 9.95 0.00 -79.00 -15.00 223.00 337.00 -22.00 -1229.00 0
2510 -7.10 11.34 -1.04 -81.00 -9.00 225.00 337.00 -22.00 -1229.00 0
2520 -6.05 12.87 -2.23 -87.00 1.00 229.00 337.00 -22.00 -1229.00 0
2529 -4.94 14.05 -3.76 -89.00 13.00 242.00 337.00 -22.00 -1229.00 0
2538 -4.38 14.26 -3.34 -90.00 4.00 244.00 337.00 -22.00 -1229.00 0
2547 -5.57 12.73 -2.09 -87.00 -12.00 233.00 337.00 -22.00 -1229.00 0
2556 -6.96 10.37 -0.70 -82.00 -22.00 216.00 337.00 -22.00 -1229.00 0
2566 -7.44 8.14 0.21 -78.00 -15.00 210.00 337.00 -22.00 -1229.00 0
2575 -6.89 6.54 0.42 -79.00 -5.00 219.00 337.00 -22.00 -1229.00 0
2584 -5.70 5.70 0.21 -84.00 -2.00 223.00 337.00 -22.00 -1229.00 0
2592 -4.52 5.08 -0.42 -86.00 -2.00 226.00 337.00 -22.00 -1229.00 0
2601 -4.31 4.45 -0.63 -84.00 -6.00 224.00 337.00 -22.00 -1229.00 0
2611 -4.17 3.69 -0.90 -82.00 -7.00 221.00 337.00 -22.00 -1229.00 0
2620 -4.03 3.06 -1.32 -79.00 -3.00 223.00 337.00 -22.00 -1229.00 0
2629 -3.90 2.64 -1.74 -83.00 -3.00 219.00 337.00 -22.00 -1229.00 0
2638 -3.83 2.37 -2.16 -85.00 -9.00 222.00 337.00 -22.00 -1229.00 0
2648 -3.90 2.23 -2.78 -87.00 -8.00 223.00 337.00 -22.00 -1229.00 0
2657 -4.17 1.95 -3.13 -88.00 -9.00 230.00 337.00 -22.00 -1229.00 0
2666 -4.17 1.53 -3.41 -88.00 -1.00 230.00 337.00 -22.00 -1229.00 0
2674 -4.17 0.70 -3.62 -89.00 2.00 228.00 337.00 -22.00 -1229.00 0
2683 -4.52 -0.77 -3.41 -86.00 -4.00 222.00 337.00 -22.00 -1229.00 0
2693 -5.08 -2.50 -2.99 -80.00 -14.00 215.00 340.00 -19.00 -1300.00 0
2702 -5.77 -3.97 -2.57 -78.00 -9.00 213.00 340.00 -19.00 -1300.00 0
2711 -5.91 -5.01 -2.50 -77.00 -7.00 217.00 340.00 -19.00 -1300.00 0
2720 -5.77 -4.52 -2.64 -80.00 -2.00 218.00 340.00 -19.00 -1300.00 0
2729 -5.84 -3.55 -2.64 -82.00 -2.00 221.00 340.00 -19.00 -1300.00 0
2739 -5.98 -2.64 -2.50 -86.00 -4.00 228.00 340.00 -19.00 -1300.00 0
2748 -6.19 -1.88 -2.37 -86.00 -9.00 227.00 340.00 -19.00 -1300.00 0
2757 -6.33 -1.46 -2.16 -83.00 -17.00 226.00 343.00 -19.00 -1338.00 0
2766 -6.40 -1.32 -1.88 -83.00 -20.00 223.00 343.00 -19.00 -1338.00 0
2775 -5.36 -1.67 -2.09 -79.00 -17.00 220.00 343.00 -19.00 -1338.00 0
2784 -4.45 -2.09 -2.43 -76.00 -2.00 217.00 343.00 -19.00 -1338.00 0
2793 -3.83 -2.30 -2.99 -75.00 14.00 209.00 343.00 -19.00 -1338.00 0
2802 -3.76 -2.02 -3.13 -77.00 18.00 214.00 343.00 -19.00 -1338.00 0
2811 -4.45 -1.32 -2.43 -80.00 6.00 231.00 343.00 -19.00 -1338.00 0
2821 -6.54 -0.63 -0.90 -88.00 -8.00 237.00 343.00 -15.00 -1202.00 0
2830 -11.62 -0.35 2.16 -85.00 -23.00 234.00 343.00 -15.00 -1202.00 0
2839 -13.08 -0.97 2.85 -83.00 -23.00 227.00 343.00 -15.00 -1202.00 0
2848 -13.01 -1.60 2.78 -74.00 -20.00 213.00 343.00 -15.00 -1202.00 0
2857 -12.17 -1.88 2.09 -78.00 -17.00 215.00 343.00 -15.00 -1202.00 0
2867 -11.20 -1.53 1.11 -78.00 -10.00 221.00 343.00 -15.00 -1202.00 0
2876 -10.09 -0.56 0.14 -79.00 -10.00 218.00 343.00 -15.00 -1202.00 0
2885 -8.90 1.60 -1.46 -84.00 -9.00 233.00 343.00 -15.00 -1202.00 0
2894 -8.56 2.37 -1.88 -89.00 -5.00 237.00 343.00 -15.00 -1202.00 0
2904 -8.42 2.43 -2.09 -95.00 2.00 241.00 343.00 -15.00 -1202.00 0
2912 -8.56 1.39 -1.95 -97.00 -3.00 248.00 343.00 -15.00 -1202.00 0
2921 -8.90 -0.83 -1.67 -99.00 -9.00 254.00 343.00 -15.00 -1202.00 0
2930 -9.39 -4.17 -1.25 -94.00 -13.00 248.00 343.00 -15.00 -1202.00 0
2939 -9.74 -8.49 -0.42 -99.00 -16.00 256.00 343.00 -15.00 -1202.00 0
2949 -10.37 -19.13 1.81 -100.00 -13.00 271.00 343.00 -15.00 -1202.00 0
2958 -10.16 -26.99 2.71 -94.00 -19.00 271.00 343.00 -15.00 -1202.00 0
2967 -9.95 -36.45 3.48 -95.00 -5.00 270.00 343.00 -15.00 -1202.00 0
2976 -9.18 -46.47 4.52 -103.00 8.00 292.00 343.00 -15.00 -1202.00 0
2985 -8.70 -57.95 5.84 -115.00 16.00 316.00 343.00 -15.00 -1202.00 0
2995 -9.53 -73.18 10.02 -124.00 12.00 327.00 343.00 -15.00 -1202.00 0
3004 -13.84 -118.40 12.80 -110.00 -12.00 325.00 343.00 -15.00 -1202.00 0
3014 -15.79 -145.88 15.58 -91.00 -28.00 304.00 343.00 -15.00 -1202.00 0
3023 -16.28 -174.96 17.39 -76.00 -39.00 278.00 343.00 -15.00 -1202.00 0
3033 -16.21 -202.50 17.60 -41.00 -61.00 251.00 343.00 -15.00 -1202.00 0
3042 -14.75 -227.27 16.00 5.00 -72.00 182.00 343.00 -15.00 -1202.00 0
3051 -8.56 -256.28 7.10 45.00 -49.00 100.00 343.00 -15.00 -1202.00 0
3060 -4.66 -255.72 0.77 66.00 -25.00 77.00 343.00 -15.00 -1202.00 0
3069 -1.95 -245.98 -5.98 67.00 10.00 112.00 343.00 -15.00 -1202.00 0
3079 0.49 -229.77 -11.62 64.00 26.00 140.00 343.00 -15.00 -1202.00 0
3088 2.16 -210.37 -14.89 77.00 10.00 159.00 343.00 -15.00 -1202.00 0
3097 2.16 -189.50 -16.00 75.00 2.00 174.00 343.00 -15.00 -1202.00 0
3106 -0.35 -146.23 -13.70 74.00 -3.00 181.00 343.00 -15.00 -1202.00 0
3116 -1.46 -124.10 -12.10 75.00 -9.00 185.00 343.00 -15.00 -1202.00 0
3125 -1.95 -102.26 -10.64 71.00 -13.00 186.00 343.00 -15.00 -1202.00 0
3134 -2.09 -79.58 -9.67 45.00 7.00 220.00 343.00 -15.00 -1202.00 0
3143 -1.88 -57.88 -8.97 43.00 17.00 259.00 343.00 -15.00 -1202.00 0
3152 -2.09 -40.07 -8.00 44.00 0.00 257.00 64.00 -13.00 -1095.00 0
3162 -4.59 -16.83 -3.76 48.00 -15.00 235.00 64.00 -13.00 -1095.00 0
3171 -4.94 -8.90 -0.77 45.00 -19.00 230.00 64.00 -13.00 -1095.00 0
3180 -4.66 -1.81 2.09 45.00 -30.00 238.00 64.00 -13.00 -1095.00 0
3189 -4.45 4.24 4.17 42.00 -38.00 234.00 64.00 -13.00 -1095.00 0
3198 -4.17 9.46 5.29 52.00 -17.00 200.00 64.00 -13.00 -1095.00 0
3208 -3.20 13.84 5.29 63.00 21.00 173.00 64.00 -13.00 -1095.00 0
3216 -1.11 17.81 7.23 69.00 33.00 165.00 90.00 -13.00 -1174.00 0
3225 0.49 31.58 11.62 98.00 41.00 86.00 90.00 -13.00 -1174.00 0
3234 0.70 44.66 18.50 123.00 51.00 -4.00 90.00 -13.00 -1174.00 0
3244 0.28 69.08 28.10 114.00 4.00 -73.00 90.00 -13.00 -1174.00 0
3253 -3.13 110.89 39.17 91.00 -148.00 -178.00 90.00 -13.00 -1174.00 0
3262 -8.21 173.15 46.96 3.00 -168.00 -198.00 90.00 -13.00 -1174.00 0
3271 -9.25 251.41 45.50 -89.00 -136.00 -164.00 90.00 -13.00 -1174.00 0
3280 -14.33 429.77 7.79 -162.00 -223.00 -194.00 369.00 -3.00 -1101.00 1
3292 -16.49 517.15 -22.89 763.00 713.00 3974.00 369.00 -3.00 -1101.00 1
3302 20.17 508.52 -62.19 -240.00 -64.00 -159.00 369.00 -3.00 -1101.00 1
3313 -4.10 303.93 -45.57 -131.00 32.00 237.00 369.00 -3.00 -1101.00 1
3323 11.34 257.11 -31.51 -144.00 -14.00 165.00 369.00 -3.00 -1101.00 1
3335 23.86 212.31 -20.31 -93.00 14.00 235.00 369.00 -3.00 -1101.00 1
3345 24.28 143.10 -7.86 -130.00 -1.00 190.00 405.00 -18.00 -1202.00 1
3356 21.43 117.36 -3.69 -124.00 -3.00 202.00 405.00 -18.00 -1202.00 1
3367 14.26 73.46 1.67 -119.00 -4.00 206.00 405.00 -18.00 -1202.00 1
3379 10.57 56.35 2.23 -123.00 -9.00 208.00 405.00 -18.00 -1202.00 1
3389 7.51 42.71 2.23 -114.00 6.00 255.00 405.00 -18.00 -1202.00 1
3400 0.21 25.46 0.63 -111.00 -6.00 208.00 405.00 -18.00 -1202.00 1
3410 -3.83 20.24 -0.49 -108.00 -13.00 205.00 405.00 -18.00 -1202.00 1
3422 -7.10 13.70 -1.81 -104.00 -18.00 201.00 405.00 -18.00 -1202.00 1
3432 -12.94 -0.42 -3.27 -108.00 -23.00 203.00 405.00 -18.00 -1202.00 1
3443 -13.98 -5.43 -3.48 -106.00 -12.00 211.00 405.00 -18.00 -1202.00 1
3454 -11.20 -10.02 -2.37 -106.00 -6.00 211.00 405.00 -18.00 -1202.00 1
3466 -9.88 -10.92 -1.95 -104.00 -8.00 217.00 405.00 -18.00 -1202.00 1
3476 -9.11 -10.85 -1.81 -108.00 -13.00 220.00 405.00 -10.00 -1242.00 1
3487 -8.63 -8.83 -1.60 -105.00 -11.00 215.00 396.00 -10.00 -1242.00 1
3499 -8.56 -7.23 -1.46 -110.00 -17.00 219.00 396.00 -10.00 -1242.00 1
3510 -8.56 -4.17 -0.83 -108.00 -16.00 217.00 396.00 -10.00 -1242.00 1
3520 -8.77 -2.92 -0.49 -109.00 -11.00 211.00 396.00 -10.00 -1242.00 1
3531 -9.18 -2.16 -0.21 -108.00 -13.00 210.00 396.00 -10.00 -1242.00 1
3543 -10.50 -1.67 0.35 -111.00 -10.00 206.00 396.00 -8.00 -1303.00 1
3553 -11.34 -2.23 0.35 -107.00 -10.00 207.00 394.00 -8.00 -1303.00 1
3564 -12.31 -3.55 0.14 -107.00 -22.00 211.00 394.00 -8.00 -1303.00 1
3575 -13.15 -5.22 -0.70 -105.00 -18.00 205.00 394.00 -8.00 -1303.00 1
3587 -12.52 -5.70 -1.04 -107.00 -18.00 209.00 394.00 -8.00 -1303.00 1
3597 -10.71 -6.05 -1.46 -105.00 -19.00 212.00 394.00 -8.00 -1303.00 1
3608 -9.74 -5.91 -1.53 -105.00 -13.00 214.00 390.00 -5.00 -1213.00 1
3619 -8.56 -5.63 -1.46 -102.00 -18.00 215.00 390.00 -5.00 -1213.00 1
3630 -7.58 -5.08 -1.46 -107.00 -14.00 212.00 390.00 -5.00 -1213.00 1
3641 -7.30 -4.52 -1.53 -103.00 -20.00 213.00 390.00 -5.00 -1213.00 1
3652 -7.03 -3.41 -1.53 -107.00 -11.00 210.00 390.00 -5.00 -1213.00 1
3662 -6.75 -2.92 -1.53 -105.00 -21.00 216.00 390.00 -5.00 -1213.00 1
3674 -6.75 -2.71 -1.60 -104.00 -15.00 207.00 390.00 -2.00 -1250.00 1
3685 -6.61 -2.37 -1.39 -104.00 -19.00 213.00 390.00 -2.00 -1250.00 1
3696 -7.10 -2.43 -1.25 -102.00 -22.00 211.00 390.00 -2.00 -1250.00 1
3706 -7.86 -3.13 -0.83 -107.00 -19.00 212.00 390.00 -2.00 -1250.00 1
3718 -8.70 -3.41 -0.63 -104.00 -18.00 207.00 390.00 -2.00 -1250.00 1
3729 -9.60 -3.69 -0.35 -107.00 -17.00 212.00 390.00 -2.00 -1250.00 1
3739 -10.23 -3.90 -0.56 -106.00 -18.00 211.00 386.00 -3.00 -1101.00 1
3750 -9.81 -3.62 -0.83 -105.00 -21.00 208.00 386.00 -3.00 -1101.00 1
3762 -9.32 -3.20 -1.18 -102.00 -22.00 211.00 386.00 -3.00 -1101.00 1
3773 -7.37 -2.64 -1.74 -105.00 -23.00 220.00 386.00 -3.00 -1101.00 1
3783 -6.40 -2.37 -1.88 -105.00 -16.00 213.00 386.00 -3.00 -1101.00 1
3794 -4.31 -1.81 -2.09 -102.00 -17.00 217.00 386.00 -3.00 -1101.00 1
3806 -3.76 -1.53 -2.09 -103.00 -15.00 218.00 385.00 -3.00 -1028.00 1
3816 -3.62 -1.46 -1.95 -107.00 -17.00 210.00 385.00 -3.00 -1028.00 1
3827 -4.80 -1.53 -1.74 -103.00 -19.00 213.00 385.00 -3.00 -1028.00 1
3838 -5.36 -1.60 -1.60 -103.00 -18.00 211.00 385.00 -3.00 -1028.00 1
3850 -6.12 -2.09 -1.39 -105.00 -22.00 215.00 385.00 -3.00 -1028.00 1
3860 -6.33 -2.30 -1.25 -107.00 -15.00 214.00 385.00 -3.00 -1028.00 1
3871 -6.68 -2.43 -1.11 -105.00 -16.00 218.00 387.00 3.00 -1285.00 1
3883 -8.70 -2.92 -0.63 -103.00 -23.00 219.00 387.00 3.00 -1285.00 1
3893 -9.32 -3.13 -0.49 -105.00 -21.00 212.00 387.00 3.00 -1285.00 1
3904 -9.95 -3.34 -0.14 -105.00 -24.00 221.00 387.00 3.00 -1285.00 1
3914 -10.02 -3.83 0.28 -116.00 -13.00 240.00 387.00 3.00 -1285.00 1
3926 -10.02 -4.59 0.77 -130.00 -9.00 270.00 387.00 3.00 -1285.00 0
3935 -9.81 -6.82 1.67 -164.00 -6.00 356.00 387.00 3.00 -1285.00 0
3944 -8.90 -12.38 5.08 -178.00 -25.00 384.00 387.00 3.00 -1285.00 0
3953 -9.74 -46.26 6.40 -153.00 -52.00 328.00 387.00 3.00 -1285.00 0
3962 -7.23 -71.58 8.42 -125.00 -57.00 252.00 387.00 3.00 -1285.00 0
3972 -2.64 -95.51 9.88 -94.00 -62.00 206.00 387.00 3.00 -1285.00 0
3981 2.43 -114.99 9.88 -72.00 -53.00 182.00 387.00 3.00 -1285.00 0
3990 8.00 -129.46 8.42 -73.00 -37.00 179.00 387.00 3.00 -1285.00 0
3999 13.77 -139.41 6.19 -71.00 -29.00 203.00 387.00 3.00 -1285.00 0
4008 23.03 -149.70 0.90 -63.00 -10.00 243.00 387.00 3.00 -1285.00 0
4018 25.39 -154.30 -1.88 -72.00 -3.00 253.00 387.00 3.00 -1285.00 0
4027 26.64 -158.19 -4.31 -68.00 11.00 279.00 387.00 3.00 -1285.00 0
4036 27.83 -163.41 -6.12 -67.00 4.00 288.00 387.00 3.00 -1285.00 0
4045 28.03 -169.88 -7.44 -53.00 6.00 279.00 387.00 3.00 -1285.00 0
4055 28.03 -178.16 -7.65 -21.00 -15.00 222.00 387.00 3.00 -1285.00 0
4064 26.09 -194.50 -8.35 -5.00 -13.00 195.00 387.00 3.00 -1285.00 0
4073 25.32 -198.12 -9.53 9.00 -17.00 175.00 387.00 3.00 -1285.00 0
4082 24.63 -197.84 -11.41 23.00 -16.00 172.00 387.00 3.00 -1285.00 0
4091 23.65 -193.74 -13.91 33.00 0.00 178.00 387.00 3.00 -1285.00 0
4101 23.03 -187.48 -16.28 40.00 -2.00 183.00 387.00 3.00 -1285.00 0
4110 22.19 -179.48 -18.57 46.00 1.00 191.00 387.00 3.00 -1285.00 0
4119 20.66 -159.72 -21.84 42.00 0.00 209.00 387.00 3.00 -1285.00 0
4128 19.97 -150.82 -23.58 49.00 10.00 223.00 387.00 3.00 -1285.00 0
4137 19.41 -143.79 -25.74 60.00 10.00 206.00 387.00 3.00 -1285.00 0
4147 19.06 -137.67 -27.76 70.00 21.00 198.00 387.00 3.00 -1285.00 0
4156 18.78 -131.62 -29.15 70.00 19.00 184.00 387.00 3.00 -1285.00 0
4165 18.23 -114.50 -29.36 72.00 23.00 184.00 387.00 3.00 -1285.00 0
4174 16.00 -103.37 -28.31 72.00 20.00 195.00 387.00 3.00 -1285.00 0
4184 14.47 -91.69 -26.64 67.00 22.00 202.00 387.00 3.00 -1285.00 0
4193 12.87 -80.28 -24.42 66.00 16.00 219.00 387.00 3.00 -1285.00 0
4202 10.99 -69.50 -22.12 53.00 15.00 253.00 3.00 -54.00 -1139.00 0
4211 9.32 -60.17 -19.97 62.00 19.00 259.00 3.00 -54.00 -1139.00 0
4220 8.14 -50.99 -16.28 66.00 8.00 246.00 3.00 -54.00 -1139.00 0
4230 6.19 -49.81 -14.40 67.00 11.00 238.00 3.00 -54.00 -1139.00 0
4239 6.05 -49.18 -12.87 69.00 13.00 218.00 3.00 -54.00 -1139.00 0
4248 5.36 -48.70 -11.83 74.00 14.00 217.00 3.00 -54.00 -1139.00 0
4257 4.94 -48.00 -10.85 75.00 15.00 218.00 3.00 -54.00 -1139.00 0
4267 4.24 -46.61 -10.02 76.00 8.00 218.00 -25.00 -60.00 -1160.00 0
4276 3.55 -45.22 -9.18 79.00 10.00 217.00 -25.00 -60.00 -1160.00 0
4284 1.95 -41.88 -7.72 77.00 14.00 223.00 -25.00 -60.00 -1160.00 0
4293 1.32 -40.21 -7.23 85.00 20.00 237.00 -25.00 -60.00 -1160.00 0
4302 0.77 -39.37 -6.89 81.00 16.00 243.00 -25.00 -60.00 -1160.00 0
4312 0.07 -39.10 -6.82 86.00 22.00 234.00 -25.00 -60.00 -1160.00 0
4321 -0.28 -39.72 -6.61 89.00 25.00 225.00 -25.00 -60.00 -1160.00 0
4330 -0.63 -40.35 -6.12 97.00 28.00 205.00 -50.00 -63.00 -1163.00 0
4339 -2.02 -38.89 -4.10 102.00 21.00 195.00 -50.00 -63.00 -1163.00 0
4348 -3.06 -36.17 -2.71 102.00 24.00 187.00 -50.00 -63.00 -1163.00 0
4358 -4.38 -31.79 -1.11 104.00 12.00 176.00 -50.00 -63.00 -1163.00 0
4367 -5.98 -25.25 0.70 105.00 17.00 176.00 -50.00 -63.00 -1163.00 0
4376 -7.51 -16.83 2.57 103.00 19.00 162.00 -50.00 -63.00 -1163.00 0
4385 -9.46 -7.30 4.38 129.00 55.00 106.00 -50.00 -63.00 -1163.00 0
4395 -11.20 14.96 10.71 132.00 125.00 66.00 -50.00 -63.00 -1163.00 0
4404 -9.95 30.40 20.31 155.00 110.00 -7.00 -50.00 -63.00 -1163.00 0
4413 -12.66 55.65 34.57 121.00 33.00 -73.00 -50.00 -63.00 -1163.00 0
4422 -18.30 93.36 50.78 75.00 -83.00 -112.00 -50.00 -63.00 -1163.00 0
4431 -24.77 141.84 64.35 44.00 -157.00 -142.00 -50.00 -63.00 -1163.00 0
4441 -26.71 200.77 70.47 -52.00 -126.00 -84.00 -50.00 -63.00 -1163.00 0
4450 -20.87 341.15 47.93 -149.00 -116.00 -67.00 -50.00 -63.00 -1163.00 0
4459 -28.80 407.51 20.94 -214.00 -144.00 -52.00 -50.00 -63.00 -1163.00 0
4468 -44.45 466.50 -10.43 -291.00 -184.00 -45.00 -50.00 -63.00 -1163.00 1
4480 -56.56 529.46 -43.27 3154.00 570.00 2198.00 -50.00 -63.00 -1163.00 1
4490 -48.77 346.43 -74.57 -475.00 -229.00 -486.00 -50.00 -63.00 -1163.00 1
4501 -63.37 325.08 -41.11 -92.00 -158.00 138.00 -50.00 -63.00 -1163.00 1
4512 -45.36 272.14 -23.72 -118.00 41.00 189.00 -50.00 -63.00 -1163.00 1
4523 -10.09 181.29 -5.63 -88.00 -2.00 234.00 -50.00 -63.00 -1163.00 1
4534 -2.23 147.62 -0.28 -102.00 16.00 216.00 -50.00 -63.00 -1163.00 1
4544 3.76 122.99 7.03 -105.00 5.00 219.00 -50.00 -63.00 -1163.00 1
4555 6.40 88.35 8.07 -103.00 -28.00 194.00 -50.00 -63.00 -1163.00 1
4567 6.40 75.55 8.21 -107.00 16.00 212.00 -50.00 -63.00 -1163.00 1
4577 8.70 51.83 6.26 -102.00 -10.00 205.00 -50.00 -63.00 -1163.00 1
4588 6.82 41.67 4.03 -87.00 30.00 279.00 -50.00 -63.00 -1163.00 1
4598 5.36 34.37 2.23 -98.00 -14.00 200.00 -50.00 -63.00 -1163.00 1
4610 2.71 26.85 0.42 -110.00 -8.00 205.00 -50.00 -63.00 -1163.00 1
4621 3.62 22.82 -0.42 -97.00 1.00 217.00 -50.00 -63.00 -1163.00 1
4631 4.24 19.41 -1.04 -106.00 -5.00 219.00 -50.00 -63.00 -1163.00 1
4642 2.99 13.29 -1.11 -97.00 -1.00 221.00 -50.00 -63.00 -1163.00 1
4654 2.09 10.30 -1.18 -96.00 -4.00 214.00 -50.00 -63.00 -1163.00 1
4664 -0.83 5.70 -0.90 -97.00 0.00 223.00 372.00 -19.00 -1204.00 1
4675 -2.16 3.62 -0.77 -97.00 -2.00 220.00 372.00 -19.00 -1204.00 1
4686 -3.90 2.23 -0.70 -98.00 -7.00 219.00 372.00 -19.00 -1204.00 1
4697 -7.10 0.90 -0.14 -100.00 -10.00 210.00 372.00 -19.00 -1204.00 1
4708 -8.63 0.42 0.07 -104.00 -1.00 211.00 372.00 -19.00 -1204.00 1
4719 -9.53 -0.28 0.07 -99.00 -10.00 211.00 372.00 -19.00 -1204.00 1
4729 -9.53 -0.42 -0.07 -101.00 -8.00 214.00 369.00 -17.00 -1255.00 1
4741 -9.39 -0.56 -0.35 -99.00 -12.00 212.00 369.00 -17.00 -1255.00 1
4752 -9.11 -1.11 -0.70 -97.00 -10.00 215.00 369.00 -17.00 -1255.00 1
4763 -8.49 -1.18 -0.77 -98.00 -8.00 214.00 369.00 -17.00 -1255.00 1
4773 -7.79 -1.25 -0.49 -101.00 0.00 213.00 369.00 -17.00 -1255.00 1
4785 -6.75 -1.95 -0.28 -97.00 -5.00 215.00 369.00 -17.00 -1255.00 1
4796 -7.10 -2.85 -0.14 -98.00 -10.00 215.00 369.00 -17.00 -1255.00 1
4806 -7.51 -3.90 -0.14 -99.00 -12.00 214.00 369.00 -17.00 -1255.00 1
4817 -7.10 -4.03 -0.28 -98.00 -2.00 216.00 369.00 -17.00 -1255.00 1
4829 -6.47 -4.03 -0.49 -99.00 -6.00 217.00 369.00 -17.00 -1255.00 1
4840 -6.54 -3.90 -1.04 -97.00 -9.00 212.00 369.00 -17.00 -1255.00 1
4850 -6.96 -3.69 -1.25 -98.00 -9.00 217.00 369.00 -17.00 -1255.00 1
4861 -7.44 -3.41 -1.39 -97.00 -9.00 216.00 369.00 -17.00 -1255.00 1
4873 -7.30 -3.13 -1.18 -94.00 -8.00 215.00 369.00 -17.00 -1255.00 1
4883 -6.89 -2.71 -0.97 -100.00 -9.00 218.00 369.00 -17.00 -1255.00 1
4894 -5.63 -1.88 -0.63 -98.00 -4.00 218.00 369.00 -17.00 -1255.00 1
4905 -5.22 -1.46 -0.49 -95.00 -13.00 215.00 369.00 -17.00 -1255.00 1
4917 -5.08 -0.83 -0.49 -101.00 -7.00 217.00 369.00 -17.00 -1255.00 1
4928 -4.80 -0.63 -0.49 -100.00 -8.00 214.00 369.00 -17.00 -1255.00 1
4938 -4.80 -0.49 -0.56 -99.00 -6.00 212.00 369.00 -17.00 -1255.00 1
4950 -4.94 -0.21 -0.77 -100.00 -7.00 217.00 369.00 -17.00 -1255.00 1
4961 -5.43 -0.35 -0.90 -97.00 -3.00 214.00 369.00 -17.00 -1255.00 1
4971 -5.91 -0.63 -0.97 -95.00 -16.00 213.00 369.00 -17.00 -1255.00 1
4982 -6.96 -0.97 -0.97 -96.00 -9.00 212.00 369.00 -17.00 -1255.00 1
4994 -7.03 -1.18 -0.97 -98.00 -12.00 215.00 369.00 -17.00 -1255.00 1
5005 -6.68 -1.11 -0.77 -96.00 -6.00 215.00 369.00 -17.00 -1255.00 1
5016 -6.26 -0.97 -0.56 -95.00 -8.00 218.00 369.00 -17.00 -1255.00 1
5026 -6.12 -0.70 -0.28 -100.00 -9.00 218.00 369.00 -17.00 -1255.00 1
5038 -5.70 -0.07 -0.14 -100.00 -14.00 216.00 369.00 -17.00 -1255.00 1
5049 -5.57 0.21 0.00 -96.00 -4.00 216.00 369.00 -17.00 -1255.00 1
5059 -4.59 0.42 0.00 -98.00 -14.00 216.00 369.00 -17.00 -1255.00 1
5070 -4.52 0.42 -0.14 -98.00 -7.00 215.00 369.00 -17.00 -1255.00 1
5082 -4.45 0.35 -0.28 -98.00 -12.00 216.00 369.00 -17.00 -1255.00 1
5093 -4.94 0.07 -0.49 -96.00 -12.00 216.00 369.00 -17.00 -1255.00 1
5103 -5.15 -0.21 -0.56 -91.00 -12.00 221.00 369.00 -17.00 -1255.00 1
5114 -5.29 -0.49 -0.63 -96.00 -11.00 218.00 369.00 -17.00 -1255.00 1
5126 -5.57 -0.56 -0.49 -96.00 -12.00 215.00 369.00 -17.00 -1255.00 1
5137 -5.98 -0.56 -0.35 -95.00 -16.00 218.00 369.00 -17.00 -1255.00 1
5148 -6.68 -0.70 -0.21 -93.00 -5.00 225.00 369.00 -17.00 -1255.00 1
5158 -6.75 -0.56 -0.21 -99.00 -7.00 218.00 369.00 -17.00 -1255.00 1
5170 -7.03 -0.42 0.00 -98.00 -6.00 224.00 369.00 -17.00 -1255.00 1
5180 -7.86 0.07 -0.14 -97.00 -10.00 229.00 369.00 -17.00 -1255.00 1
5191 -9.46 0.63 0.14 -103.00 -12.00 240.00 369.00 -17.00 -1255.00 1
5202 -13.43 2.50 1.04 -109.00 -11.00 259.00 369.00 -17.00 -1255.00 1
5213 -16.00 4.31 2.37 -123.00 -33.00 269.00 369.00 -17.00 -1255.00 1
5223 -18.09 5.98 3.97 -159.00 -3.00 349.00 369.00 -17.00 -1255.00 0
5232 -15.93 4.59 7.93 -172.00 -48.00 366.00 369.00 -17.00 -1255.00 0
5241 -11.69 -26.16 7.23 -135.00 -46.00 293.00 369.00 -17.00 -1255.00 0
5251 -6.61 -47.30 6.89 -132.00 -44.00 242.00 345.00 -14.00 -1233.00 0
5260 0.42 -65.25 7.58 -115.00 -27.00 222.00 345.00 -14.00 -1233.00 0
5269 7.65 -82.57 7.72 -111.00 -13.00 238.00 345.00 -14.00 -1233.00 0
5278 13.98 -101.08 7.23 -105.00 -5.00 254.00 345.00 -14.00 -1233.00 0
5287 22.82 -140.31 4.38 -92.00 -1.00 252.00 345.00 -14.00 -1233.00 0
5297 26.30 -158.61 3.62 -67.00 0.00 226.00 345.00 -14.00 -1233.00 0
5306 28.31 -174.05 2.99 -62.00 3.00 223.00 345.00 -14.00 -1233.00 0
5315 28.80 -185.32 2.37 -48.00 -1.00 228.00 223.00 -35.00 -1141.00 0
5324 28.17 -193.81 1.60 -28.00 -21.00 199.00 223.00 -35.00 -1141.00 0
5334 27.20 -200.07 0.21 -7.00 -18.00 187.00 223.00 -35.00 -1141.00 0
5344 26.09 -202.30 -4.73 8.00 -8.00 170.00 223.00 -35.00 -1141.00 0
5352 25.67 -197.98 -8.07 10.00 6.00 170.00 223.00 -35.00 -1141.00 0
5362 24.70 -191.37 -11.55 12.00 14.00 193.00 223.00 -35.00 -1141.00 0
5371 23.03 -184.21 -14.82 16.00 24.00 212.00 223.00 -35.00 -1141.00 0
5381 21.22 -177.60 -17.46 37.00 20.00 213.00 98.00 -49.00 -1108.00 0
5390 19.13 -171.48 -18.99 44.00 21.00 190.00 98.00 -49.00 -1108.00 0
5399 15.58 -155.62 -19.27 53.00 22.00 181.00 98.00 -49.00 -1108.00 0
5408 13.84 -145.25 -18.64 45.00 21.00 194.00 98.00 -49.00 -1108.00 0
5417 12.73 -134.33 -17.25 40.00 21.00 223.00 98.00 -49.00 -1108.00 0
5427 12.03 -123.76 -15.51 43.00 20.00 225.00 98.00 -49.00 -1108.00 0
5436 10.78 -114.57 -13.57 52.00 10.00 214.00 98.00 -49.00 -1108.00 0
5445 9.95 -106.23 -11.34 57.00 1.00 216.00 98.00 -49.00 -1108.00 0
5454 8.70 -90.78 -8.14 56.00 0.00 213.00 98.00 -49.00 -1108.00 0
5464 8.21 -83.69 -7.44 63.00 1.00 218.00 98.00 -49.00 -1108.00 0
5473 7.79 -77.15 -7.44 63.00 5.00 216.00 98.00 -49.00 -1108.00 0
5482 7.51 -70.61 -8.07 54.00 14.00 230.00 98.00 -49.00 -1108.00 0
5491 7.37 -64.56 -8.90 55.00 20.00 252.00 98.00 -49.00 -1108.00 0
5500 6.82 -59.90 -9.74 65.00 35.00 239.00 98.00 -49.00 -1108.00 0
5509 5.15 -55.86 -9.39 66.00 32.00 231.00 98.00 -49.00 -1108.00 0
5518 4.10 -54.26 -8.00 67.00 31.00 214.00 98.00 -49.00 -1108.00 0
5527 3.34 -52.10 -5.84 75.00 30.00 204.00 98.00 -49.00 -1108.00 0
5536 2.64 -49.32 -3.20 72.00 22.00 217.00 98.00 -49.00 -1108.00 0
5545 1.67 -45.43 -0.35 72.00 18.00 229.00 98.00 -49.00 -1108.00 0
5555 0.21 -41.60 2.50 79.00 6.00 216.00 98.00 -49.00 -1108.00 0
5564 -1.25 -38.40 5.01 80.00 1.00 205.00 98.00 -49.00 -1108.00 0
5573 -3.06 -30.89 7.93 74.00 4.00 222.00 98.00 -49.00 -1108.00 0
5582 -3.69 -26.50 8.00 78.00 2.00 217.00 98.00 -49.00 -1108.00 0
5592 -4.10 -22.40 7.44 76.00 8.00 204.00 98.00 -49.00 -1108.00 0
5600 -4.45 -18.09 6.54 71.00 14.00 221.00 98.00 -49.00 -1108.00 0
5609 -4.66 -13.84 5.50 74.00 13.00 230.00 98.00 -49.00 -1108.00 0
5618 -4.94 -10.23 4.59 87.00 38.00 208.00 98.00 -49.00 -1108.00 0
5627 -3.69 -3.20 4.94 93.00 70.00 189.00 98.00 -49.00 -1108.00 0
5637 -2.92 1.53 8.49 82.00 84.00 182.00 98.00 -49.00 -1108.00 0
5646 -3.97 7.37 15.58 94.00 73.00 163.00 1.00 -60.00 -1222.00 0
5655 -7.17 13.98 25.18 89.00 41.00 168.00 1.00 -60.00 -1222.00 0
5664 -12.52 23.03 35.55 92.00 2.00 137.00 1.00 -60.00 -1222.00 0
5673 -18.92 35.06 45.50 123.00 -3.00 69.00 1.00 -60.00 -1222.00 0
5683 -23.72 50.57 53.91 138.00 -41.00 2.00 1.00 -60.00 -1222.00 0
5691 -30.26 111.79 64.28 115.00 -116.00 -101.00 1.00 -60.00 -1222.00 0
5701 -29.50 163.76 64.49 53.00 -93.00 -49.00 1.00 -60.00 -1222.00 0
5710 -22.19 222.40 58.85 6.00 -124.00 -35.00 186.00 -45.00 -1242.00 0
5720 -17.32 282.71 45.15 -48.00 -126.00 -48.00 186.00 -45.00 -1242.00 0
5729 -14.68 343.23 23.23 -149.00 -67.00 -25.00 186.00 -45.00 -1242.00 0
5738 -14.12 401.81 -34.64 -231.00 -150.00 -38.00 186.00 -45.00 -1242.00 0
5747 -34.92 503.30 -67.69 -318.00 -63.00 18.00 186.00 -45.00 -1242.00 1
5757 -32.56 547.97 -93.22 357.00 254.00 744.00 186.00 -45.00 -1242.00 1
5769 -16.56 380.87 -112.21 -107.00 -223.00 65.00 186.00 -45.00 -1242.00 1
5779 -44.45 278.96 -53.50 -123.00 -32.00 148.00 389.00 -3.00 -1170.00 1
5790 -28.45 237.50 -35.13 -116.00 20.00 184.00 389.00 -3.00 -1170.00 1
5801 -17.32 194.71 -21.98 -110.00 -48.00 188.00 389.00 -3.00 -1170.00 1
5812 -10.37 130.50 -9.32 -122.00 -38.00 214.00 389.00 -3.00 -1170.00 1
5823 -5.01 104.49 -4.03 -120.00 -2.00 206.00 389.00 -3.00 -1170.00 1
5833 5.50 65.18 2.85 -115.00 6.00 205.00 389.00 -3.00 -1170.00 1
5844 6.96 50.99 3.62 -120.00 -6.00 197.00 405.00 -15.00 -1200.00 1
5856 6.05 40.00 3.34 -126.00 14.00 225.00 405.00 -15.00 -1200.00 1
5866 2.16 25.74 1.46 -126.00 -13.00 199.00 405.00 -15.00 -1200.00 1
5877 1.11 21.91 0.35 -117.00 -1.00 200.00 405.00 -15.00 -1200.00 1
5888 0.49 18.64 -0.35 -112.00 -12.00 199.00 405.00 -15.00 -1200.00 1
5899 -1.95 12.24 -1.88 -113.00 -5.00 208.00 405.00 -15.00 -1200.00 1
5910 -2.64 8.42 -2.37 -116.00 -13.00 204.00 404.00 -16.00 -1286.00 1
5921 -4.31 1.81 -2.78 -116.00 -13.00 201.00 404.00 -16.00 -1286.00 1
5932 -4.59 -0.42 -2.78 -116.00 -7.00 210.00 404.00 -16.00 -1286.00 1
5943 -4.59 -2.64 -2.57 -115.00 -14.00 208.00 404.00 -16.00 -1286.00 1
5954 -4.94 -4.94 -2.09 -114.00 -14.00 208.00 404.00 -16.00 -1286.00 1
5964 -4.73 -4.73 -1.60 -119.00 -2.00 205.00 404.00 -16.00 -1286.00 1
5976 -4.38 -3.90 -1.18 -114.00 -9.00 204.00 402.00 -12.00 -1151.00 1
5987 -4.59 -3.27 -1.11 -115.00 -9.00 205.00 402.00 -12.00 -1151.00 1
5998 -4.66 -2.43 -1.11 -117.00 -14.00 207.00 402.00 -12.00 -1151.00 1
6008 -4.38 -1.25 -0.83 -120.00 -9.00 201.00 402.00 -12.00 -1151.00 1
6020 -3.90 -0.90 -0.63 -117.00 -4.00 204.00 402.00 -12.00 -1151.00 1
6031 -3.41 -0.97 -0.42 -117.00 -8.00 205.00 402.00 -12.00 -1151.00 1
6041 -3.34 -1.46 -0.49 -113.00 -11.00 207.00 403.00 -15.00 -1220.00 1
6052 -3.55 -2.02 -0.70 -114.00 -6.00 207.00 403.00 -15.00 -1220.00 1
6064 -4.59 -3.13 -1.04 -116.00 -12.00 205.00 403.00 -15.00 -1220.00 1
6075 -5.29 -3.55 -1.11 -112.00 -14.00 213.00 403.00 -15.00 -1220.00 1
6086 -5.84 -3.90 -1.11 -112.00 -11.00 207.00 403.00 -15.00 -1220.00 1
6096 -6.26 -3.83 -0.77 -113.00 -9.00 208.00 403.00 -15.00 -1220.00 1
6108 -6.40 -3.48 -0.56 -111.00 -15.00 210.00 398.00 -14.00 -1216.00 1
6119 -6.61 -3.06 -0.28 -111.00 -15.00 206.00 398.00 -14.00 -1216.00 1
6130 -6.12 -2.64 -0.21 -118.00 -2.00 207.00 398.00 -14.00 -1216.00 1
6140 -5.36 -2.30 -0.14 -114.00 -10.00 207.00 398.00 -14.00 -1216.00 1
6152 -4.87 -1.74 -0.63 -112.00 -10.00 206.00 398.00 -14.00 -1216.00 1
6163 -4.66 -1.32 -0.77 -114.00 -12.00 207.00 398.00 -14.00 -1216.00 1
6174 -4.52 -0.63 -0.97 -115.00 -13.00 208.00 398.00 -14.00 -1139.00 1
6185 -4.73 -0.42 -1.04 -114.00 -12.00 204.00 398.00 -14.00 -1139.00 1
6196 -4.66 -0.21 -0.83 -114.00 -7.00 204.00 398.00 -14.00 -1139.00 1
6207 -4.52 0.07 -0.28 -117.00 -9.00 208.00 398.00 -14.00 -1139.00 1
6218 -4.80 0.00 -0.14 -118.00 -8.00 204.00 398.00 -14.00 -1139.00 1
6228 -5.22 -0.42 -0.28 -116.00 -7.00 206.00 398.00 -14.00 -1139.00 1
6240 -5.22 -0.70 -0.49 -116.00 -10.00 212.00 398.00 -14.00 -1139.00 1
6251 -5.63 -1.46 -0.77 -112.00 -13.00 212.00 398.00 -14.00 -1139.00 1
6262 -6.82 -2.85 -1.11 -116.00 -8.00 207.00 398.00 -14.00 -1139.00 1
6273 -7.30 -3.20 -1.18 -115.00 -16.00 217.00 398.00 -14.00 -1139.00 1
6284 -7.79 -3.48 -0.97 -114.00 -11.00 213.00 398.00 -14.00 -1139.00 1
6295 -7.72 -3.34 -0.83 -124.00 -42.00 227.00 398.00 -14.00 -1139.00 1
6305 -7.86 -3.34 -1.04 -130.00 -28.00 258.00 398.00 -14.00 -1139.00 1
6316 -5.36 -3.76 -4.10 -155.00 -26.00 294.00 398.00 -14.00 -1139.00 0
6326 -2.85 -5.22 -5.43 -196.00 -5.00 349.00 398.00 -14.00 -1139.00 0
6335 2.23 -14.68 -6.26 -183.00 78.00 319.00 398.00 -14.00 -1139.00 0
6344 8.49 -35.41 -4.10 -129.00 25.00 234.00 398.00 -14.00 -1139.00 0
6353 11.34 -61.01 2.37 -109.00 -74.00 160.00 398.00 -14.00 -1139.00 0
6363 10.02 -84.66 8.49 -87.00 -47.00 149.00 398.00 -14.00 -1139.00 0
6372 7.58 -126.05 8.83 -85.00 40.00 216.00 398.00 -14.00 -1139.00 0
6381 8.49 -143.51 8.28 -55.00 6.00 240.00 398.00 -14.00 -1139.00 0
6390 4.66 -158.12 8.14 -61.00 -6.00 200.00 398.00 -14.00 -1139.00 0
6400 0.35 -167.58 8.28 -53.00 -6.00 203.00 398.00 -14.00 -1139.00 0
6409 -1.60 -173.15 8.56 -44.00 2.00 226.00 398.00 -14.00 -1139.00 0
6418 -2.50 -174.26 8.83 -41.00 -6.00 226.00 398.00 -14.00 -1139.00 0
6427 -2.64 -166.89 10.02 -38.00 -14.00 240.00 398.00 -14.00 -1139.00 0
6436 -2.16 -160.28 10.71 -39.00 -18.00 250.00 398.00 -14.00 -1139.00 0
6446 -1.32 -153.88 11.06 -42.00 -20.00 257.00 398.00 -14.00 -1139.00 0
6455 0.21 -149.15 11.34 -32.00 -23.00 243.00 398.00 -14.00 -1139.00 0
6464 3.20 -146.78 11.20 -4.00 -42.00 228.00 398.00 -14.00 -1139.00 0
6473 6.82 -144.83 8.49 -5.00 -30.00 223.00 398.00 -14.00 -1139.00 0
6482 16.14 -136.56 5.84 -12.00 -34.00 221.00 398.00 -14.00 -1139.00 0
6492 20.59 -131.48 2.43 2.00 -4.00 202.00 398.00 -14.00 -1139.00 0
6501 24.90 -126.05 -1.25 21.00 99.00 180.00 398.00 -14.00 -1139.00 0
6510 29.43 -120.42 -1.88 16.00 24.00 194.00 398.00 -14.00 -1139.00 0
6519 27.34 -113.67 1.04 14.00 -22.00 209.00 398.00 -14.00 -1139.00 0
6529 20.31 -97.60 6.75 9.00 -9.00 230.00 398.00 -14.00 -1139.00 0
6538 12.10 -90.09 7.44 4.00 16.00 238.00 398.00 -14.00 -1139.00 0
6547 9.81 -83.97 7.51 14.00 49.00 259.00 398.00 -14.00 -1139.00 0
6556 8.28 -80.56 8.35 10.00 31.00 257.00 398.00 -14.00 -1139.00 0
6565 5.15 -78.89 10.09 22.00 8.00 253.00 108.00 -43.00 -1146.00 0
6575 1.88 -78.61 12.24 27.00 -10.00 242.00 108.00 -43.00 -1146.00 0
6584 -0.70 -78.96 13.91 22.00 -11.00 248.00 108.00 -43.00 -1146.00 0
6593 -3.13 -78.75 13.43 31.00 -13.00 241.00 108.00 -43.00 -1146.00 0
6602 -3.06 -78.33 12.03 36.00 -21.00 232.00 108.00 -43.00 -1146.00 0
6611 -2.37 -77.08 10.16 40.00 -13.00 223.00 108.00 -43.00 -1146.00 0
6621 -1.39 -75.69 7.65 51.00 -20.00 211.00 108.00 -43.00 -1146.00 0
6630 -0.70 -74.16 4.31 56.00 -15.00 209.00 61.00 -48.00 -1204.00 0
6639 0.21 -71.37 0.42 53.00 -9.00 221.00 61.00 -48.00 -1204.00 0
6648 2.85 -63.10 -8.28 44.00 -3.00 246.00 61.00 -48.00 -1204.00 0
6658 4.03 -59.55 -12.59 51.00 3.00 248.00 61.00 -48.00 -1204.00 0
6667 5.50 -57.60 -16.49 62.00 9.00 237.00 61.00 -48.00 -1204.00 0
6676 7.23 -55.93 -19.83 66.00 53.00 205.00 61.00 -48.00 -1204.00 0
6685 9.39 -54.05 -21.70 70.00 69.00 208.00 61.00 -48.00 -1204.00 0
6694 10.02 -52.24 -20.94 66.00 47.00 217.00 28.00 -60.00 -1119.00 0
6704 5.57 -46.26 -11.97 62.00 24.00 224.00 28.00 -60.00 -1119.00 0
6713 2.57 -42.37 -6.26 67.00 4.00 211.00 28.00 -60.00 -1119.00 0
6721 0.07 -38.54 -1.95 66.00 6.00 207.00 28.00 -60.00 -1119.00 0
6730 -1.46 -34.37 0.63 67.00 12.00 205.00 28.00 -60.00 -1119.00 0
6739 -2.57 -29.84 2.23 67.00 7.00 212.00 28.00 -60.00 -1119.00 0
6749 -3.76 -24.83 3.27 63.00 4.00 238.00 28.00 -60.00 -1119.00 0
6758 -4.94 -19.90 3.76 58.00 9.00 260.00 28.00 -60.00 -1119.00 0
6767 -7.10 -14.40 3.13 56.00 8.00 266.00 28.00 -60.00 -1119.00 0
6776 -7.65 -14.33 2.71 60.00 1.00 256.00 28.00 -60.00 -1119.00 0
6786 -7.86 -15.58 2.16 62.00 -1.00 250.00 28.00 -60.00 -1119.00 0
6795 -7.79 -17.60 1.39 63.00 -1.00 242.00 28.00 -60.00 -1119.00 0
6803 -7.30 -20.03 0.42 72.00 10.00 210.00 28.00 -60.00 -1119.00 0
6812 -6.05 -22.05 -0.42 76.00 19.00 207.00 28.00 -60.00 -1119.00 0
6821 -5.01 -21.63 0.21 70.00 8.00 200.00 28.00 -60.00 -1119.00 0
6831 -4.80 -18.85 1.25 74.00 8.00 202.00 28.00 -60.00 -1119.00 0
6840 -4.94 -15.10 2.37 66.00 13.00 219.00 28.00 -60.00 -1119.00 0
6849 -5.01 -10.92 3.20 68.00 21.00 232.00 28.00 -60.00 -1119.00 0
6858 -5.43 -7.51 3.83 66.00 15.00 241.00 28.00 -60.00 -1119.00 0
6867 -6.12 -5.01 4.59 61.00 3.00 269.00 28.00 -60.00 -1119.00 0
6877 -6.89 -3.62 5.15 63.00 3.00 266.00 28.00 -60.00 -1119.00 0
6885 -7.79 -5.77 4.73 62.00 2.00 254.00 28.00 -60.00 -1119.00 0
6894 -7.79 -8.21 4.03 70.00 -5.00 235.00 28.00 -60.00 -1119.00 0
6903 -7.65 -10.50 3.06 73.00 -6.00 217.00 28.00 -60.00 -1119.00 0
6913 -7.10 -12.24 1.74 76.00 -4.00 212.00 28.00 -60.00 -1119.00 0
6922 -6.19 -13.01 0.21 83.00 8.00 194.00 28.00 -60.00 -1119.00 0
6931 -5.43 -12.38 -1.39 78.00 23.00 201.00 28.00 -60.00 -1119.00 0
6940 -4.38 -10.30 -2.16 79.00 16.00 208.00 28.00 -60.00 -1119.00 0
6949 -5.08 -3.13 -0.90 75.00 11.00 211.00 28.00 -60.00 -1119.00 0
6958 -5.84 1.18 0.07 63.00 20.00 244.00 5.00 -51.00 -1357.00 0
6967 -6.26 4.87 0.90 59.00 24.00 288.00 5.00 -51.00 -1357.00 0
6976 -6.89 5.98 2.02 67.00 6.00 263.00 5.00 -51.00 -1357.00 0
6985 -8.00 4.52 3.20 69.00 -2.00 234.00 5.00 -51.00 -1357.00 0
6994 -8.42 2.78 4.24 70.00 3.00 221.00 5.00 -51.00 -1357.00 0
7003 -8.42 1.60 4.94 80.00 13.00 205.00 5.00 -51.00 -1357.00 0
7012 -7.93 1.60 6.82 88.00 52.00 177.00 5.00 -51.00 -1357.00 0
7021 -7.51 3.90 10.57 115.00 72.00 117.00 5.00 -47.00 -1300.00 0
7030 -8.00 9.32 17.67 122.00 65.00 67.00 17.00 -47.00 -1300.00 0
7040 -8.63 21.50 28.87 113.00 29.00 31.00 17.00 -47.00 -1300.00 0
7049 -11.83 42.30 40.97 167.00 -47.00 -63.00 17.00 -47.00 -1300.00 0
7058 -15.72 74.64 51.13 106.00 -139.00 -160.00 17.00 -47.00 -1300.00 0
7067 -13.70 194.23 56.97 23.00 -52.00 -127.00 17.00 -47.00 -1300.00 0
7076 -8.83 262.96 48.00 -38.00 -18.00 -50.00 17.00 -47.00 -1300.00 0
7086 -11.90 327.72 32.83 -113.00 -118.00 -39.00 17.00 -47.00 -1300.00 0
7095 -25.18 385.67 11.55 -165.00 -203.00 -24.00 17.00 -47.00 -1300.00 0
7104 -40.07 439.58 -14.61 -255.00 -173.00 -23.00 17.00 -47.00 -1300.00 1
7115 -35.34 546.64 -68.73 -926.00 1036.00 3999.00 17.00 -47.00 -1300.00 1
7126 1.18 421.98 -94.89 -315.00 -299.00 -222.00 17.00 -47.00 -1300.00 1
7137 -28.10 344.70 -65.74 -115.00 58.00 200.00 17.00 -47.00 -1300.00 1
7148 4.24 256.07 -30.40 -179.00 -6.00 102.00 17.00 -47.00 -1300.00 1
7158 13.01 209.95 -21.15 -101.00 3.00 226.00 17.00 -47.00 -1300.00 1
7170 18.92 166.82 -15.03 -122.00 5.00 208.00 17.00 -47.00 -1300.00 1
7180 23.65 108.10 -5.57 -119.00 0.00 205.00 17.00 -47.00 -1300.00 1
7191 23.58 86.82 -3.27 -118.00 -8.00 215.00 17.00 -47.00 -1300.00 1
7202 20.59 55.72 -0.77 -118.00 14.00 208.00 17.00 -47.00 -1300.00 1
7214 19.27 45.50 -0.49 -119.00 -7.00 202.00 17.00 -47.00 -1300.00 1
7224 16.63 37.15 -1.04 -121.00 4.00 218.00 17.00 -47.00 -1300.00 1
7235 11.83 26.30 -2.43 -109.00 1.00 221.00 17.00 -47.00 -1300.00 1
7246 9.11 23.23 -2.78 -109.00 -8.00 196.00 17.00 -47.00 -1300.00 1
7258 4.94 19.41 -2.57 -104.00 0.00 194.00 17.00 -47.00 -1300.00 1
7268 3.27 16.97 -2.30 -114.00 -6.00 206.00 17.00 -47.00 -1300.00 1
7279 1.46 14.54 -2.30 -106.00 1.00 204.00 17.00 -47.00 -1300.00 1
7290 -0.49 10.37 -2.43 -113.00 -2.00 202.00 17.00 -47.00 -1300.00 1
7301 -0.97 8.42 -2.50 -115.00 -1.00 209.00 17.00 -47.00 -1300.00 1
7312 -1.74 5.01 -2.71 -117.00 -3.00 208.00 17.00 -47.00 -1300.00 1
7323 -2.71 4.03 -2.57 -118.00 -3.00 207.00 17.00 -47.00 -1300.00 1
7334 -2.78 3.41 -2.30 -116.00 -6.00 205.00 17.00 -47.00 -1300.00 1
7345 -2.64 2.71 -1.81 -123.00 1.00 202.00 17.00 -47.00 -1300.00 1
7356 -2.64 2.16 -1.53 -117.00 0.00 204.00 17.00 -47.00 -1300.00 1
7367 -2.92 1.39 -1.39 -120.00 -1.00 203.00 17.00 -47.00 -1300.00 1
7377 -3.83 -0.63 -1.53 -118.00 -2.00 205.00 17.00 -47.00 -1300.00 1
7389 -4.38 -1.88 -1.60 -119.00 3.00 200.00 17.00 -47.00 -1300.00 1
7400 -5.36 -4.24 -1.95 -117.00 -1.00 203.00 17.00 -47.00 -1300.00 1
7411 -5.57 -5.29 -2.16 -116.00 -3.00 215.00 17.00 -47.00 -1300.00 1
7421 -5.63 -5.98 -2.16 -115.00 -1.00 213.00 17.00 -47.00 -1300.00 1
7433 -5.08 -6.05 -1.74 -114.00 0.00 212.00 17.00 -47.00 -1300.00 1
7444 -4.87 -5.70 -1.53 -113.00 -2.00 207.00 17.00 -47.00 -1300.00 1
7455 -4.87 -4.52 -1.18 -117.00 1.00 210.00 17.00 -47.00 -1300.00 1
7465 -5.01 -3.90 -0.97 -113.00 -1.00 211.00 17.00 -47.00 -1300.00 1
7477 -5.43 -3.62 -0.83 -118.00 0.00 208.00 17.00 -47.00 -1300.00 1
7488 -7.79 -4.66 -0.83 -118.00 0.00 207.00 17.00 -47.00 -1300.00 1
7499 -8.77 -5.70 -0.90 -115.00 -1.00 208.00 17.00 -47.00 -1300.00 1
7510 -9.67 -7.58 -0.97 -115.00 -1.00 211.00 17.00 -47.00 -1300.00 1
7521 -11.55 -8.14 -0.97 -111.00 -6.00 210.00 17.00 -47.00 -1300.00 1
7532 -12.38 -8.49 -0.97 -111.00 -7.00 218.00 17.00 -47.00 -1300.00 1
7543 -14.12 -8.28 -0.56 -111.00 -2.00 224.00 17.00 -47.00 -1300.00 1
7554 -15.58 -7.72 -0.14 -123.00 -10.00 187.00 17.00 -47.00 -1300.00 1
7565 -19.27 -7.17 1.18 -122.00 -8.00 240.00 17.00 -47.00 -1300.00 1
7576 -28.80 -7.72 1.67 -131.00 -16.00 276.00 17.00 -47.00 -1300.00 1
7585 -30.96 -6.19 2.43 -196.00 -29.00 373.00 17.00 -47.00 -1300.00 0
7595 -30.54 -8.21 2.99 -175.00 -25.00 305.00 17.00 -47.00 -1300.00 0
7604 -27.13 -21.70 2.78 -128.00 30.00 199.00 17.00 -47.00 -1300.00 0
7613 -10.64 -57.04 6.96 -114.00 -14.00 178.00 371.00 -18.00 -1213.00 0
7623 -8.21 -73.11 9.74 -96.00 -52.00 178.00 371.00 -18.00 -1213.00 0
7632 -7.86 -88.21 9.60 -90.00 -12.00 191.00 371.00 -18.00 -1213.00 0
7641 -5.29 -102.96 8.49 -75.00 0.00 195.00 371.00 -18.00 -1213.00 0
7650 -2.99 -116.03 7.10 -60.00 3.00 198.00 371.00 -18.00 -1213.00 0
7659 -1.46 -125.63 6.05 -55.00 -5.00 182.00 371.00 -18.00 -1213.00 0
7668 -1.25 -132.52 3.55 -54.00 -2.00 198.00 371.00 -18.00 -1213.00 0
7677 -0.56 -131.62 2.16 -63.00 6.00 211.00 294.00 -22.00 -1218.00 0
7687 0.21 -128.07 1.18 -50.00 3.00 239.00 294.00 -22.00 -1218.00 0
7696 0.14 -123.27 0.14 -46.00 -10.00 254.00 294.00 -22.00 -1218.00 0
7705 -0.70 -118.68 -0.70 -59.00 -3.00 260.00 294.00 -22.00 -1218.00 0
7714 -0.14 -114.57 -1.18 -58.00 3.00 265.00 294.00 -22.00 -1218.00 0
7724 2.37 -109.15 -0.49 -51.00 -7.00 255.00 294.00 -22.00 -1218.00 0
7733 3.69 -107.69 0.56 -39.00 -14.00 250.00 294.00 -22.00 -1218.00 0
7742 5.57 -106.85 1.81 -40.00 -30.00 240.00 294.00 -22.00 -1218.00 0
7752 7.03 -105.74 2.43 -31.00 -28.00 236.00 294.00 -22.00 -1218.00 0
7761 9.53 -104.63 2.85 -39.00 -29.00 249.00 294.00 -22.00 -1218.00 0
7771 12.87 -102.61 2.92 -39.00 -8.00 259.00 294.00 -22.00 -1218.00 0
7780 19.41 -102.61 1.81 -17.00 -5.00 235.00 294.00 -22.00 -1218.00 0
7789 21.63 -104.70 0.77 -30.00 -4.00 255.00 294.00 -22.00 -1218.00 0
7798 23.30 -106.57 -0.83 -48.00 6.00 316.00 294.00 -22.00 -1218.00 0
7808 24.63 -111.44 -3.27 -49.00 15.00 334.00 294.00 -22.00 -1218.00 0
7817 24.90 -122.99 -6.26 -41.00 4.00 294.00 294.00 -22.00 -1218.00 0
7826 24.63 -139.48 -8.97 -11.00 -4.00 277.00 294.00 -22.00 -1218.00 0
7835 22.89 -174.82 -15.30 7.00 -15.00 220.00 294.00 -22.00 -1218.00 0
7844 21.70 -188.73 -20.03 35.00 -14.00 164.00 294.00 -22.00 -1218.00 0
7854 21.15 -198.40 -25.32 65.00 -10.00 131.00 294.00 -22.00 -1218.00 0
7863 21.50 -202.37 -30.96 71.00 -11.00 110.00 294.00 -22.00 -1218.00 0
7872 22.19 -198.75 -36.24 72.00 6.00 156.00 294.00 -22.00 -1218.00 0
7881 25.81 -177.39 -44.10 80.00 17.00 193.00 294.00 -22.00 -1218.00 0
7890 27.20 -164.24 -46.75 81.00 19.00 174.00 294.00 -22.00 -1218.00 0
7901 28.17 -149.77 -48.07 92.00 28.00 175.00 294.00 -22.00 -1218.00 0
7910 28.59 -134.33 -48.77 89.00 43.00 173.00 294.00 -22.00 -1218.00 0
7919 28.45 -118.61 -49.04 100.00 54.00 190.00 294.00 -22.00 -1218.00 0
7928 27.55 -103.23 -48.70 98.00 55.00 191.00 294.00 -22.00 -1218.00 0
7938 23.93 -73.81 -44.87 87.00 57.00 191.00 294.00 -22.00 -1218.00 0
7947 21.15 -60.38 -41.46 91.00 55.00 207.00 -54.00 -95.00 -1374.00 0
7956 18.09 -48.21 -37.43 84.00 53.00 203.00 -54.00 -95.00 -1374.00 0
7965 15.10 -37.22 -32.83 79.00 59.00 223.00 -54.00 -95.00 -1374.00 0
7974 12.31 -28.17 -27.90 76.00 53.00 240.00 -54.00 -95.00 -1374.00 0
7984 8.77 -21.63 -23.03 79.00 39.00 232.00 -54.00 -95.00 -1374.00 0
7993 2.71 -14.61 -13.22 81.00 24.00 231.00 -54.00 -95.00 -1374.00 0
8002 0.35 -12.38 -9.11 84.00 17.00 225.00 -54.00 -95.00 -1374.00 0
8011 -1.53 -10.37 -6.26 81.00 21.00 222.00 -54.00 -95.00 -1374.00 0
8020 -2.71 -8.21 -4.17 76.00 29.00 233.00 -54.00 -95.00 -1374.00 0
8030 -3.13 -6.40 -2.64 72.00 28.00 243.00 -54.00 -95.00 -1374.00 0
8039 -3.62 -5.22 -1.25 73.00 26.00 256.00 -54.00 -95.00 -1374.00 0
8048 -4.17 -5.63 1.88 76.00 21.00 251.00 -54.00 -95.00 -1374.00 0
8057 -4.24 -7.10 2.99 85.00 22.00 223.00 -54.00 -95.00 -1374.00 0
8066 -4.10 -8.49 3.69 79.00 21.00 223.00 -54.00 -95.00 -1374.00 0
8075 -3.83 -9.11 3.76 86.00 23.00 222.00 -53.00 -89.00 -1168.00 0
8084 -3.62 -9.53 3.41 87.00 24.00 215.00 -53.00 -89.00 -1168.00 0
8093 -3.41 -9.46 2.92 89.00 28.00 211.00 -53.00 -89.00 -1168.00 0
8102 -3.13 -8.77 2.57 90.00 29.00 216.00 -53.00 -89.00 -1168.00 0
8112 -3.55 -5.91 2.71 88.00 32.00 218.00 -53.00 -89.00 -1168.00 0
8121 -3.83 -4.24 2.99 86.00 39.00 212.00 -53.00 -89.00 -1168.00 0
8130 -4.10 -2.30 3.55 81.00 36.00 236.00 -53.00 -89.00 -1168.00 0
8139 -4.66 -0.70 4.31 84.00 27.00 240.00 -54.00 -92.00 -1270.00 0
8147 -5.36 0.14 5.01 80.00 28.00 231.00 -54.00 -92.00 -1270.00 0
8157 -5.98 0.49 5.50 83.00 28.00 232.00 -54.00 -92.00 -1270.00 0
8166 -6.61 0.35 5.84 81.00 25.00 231.00 -54.00 -92.00 -1270.00 0
8175 -7.79 -0.14 5.77 84.00 19.00 224.00 -54.00 -92.00 -1270.00 0
8184 -8.28 -0.42 5.63 85.00 15.00 216.00 -54.00 -92.00 -1270.00 0
8194 -8.56 -0.14 5.36 78.00 12.00 228.00 -54.00 -92.00 -1270.00 0
8203 -8.77 0.56 4.80 78.00 13.00 234.00 -54.00 -92.00 -1270.00 0
8212 -8.77 1.11 3.90 83.00 15.00 232.00 -54.00 -92.00 -1270.00 0
8220 -8.63 1.25 2.71 82.00 27.00 233.00 -54.00 -92.00 -1270.00 0
8229 -7.86 1.53 1.11 84.00 28.00 235.00 -54.00 -92.00 -1270.00 0
8239 -7.58 1.32 0.83 73.00 22.00 245.00 -54.00 -92.00 -1270.00 0
8248 -7.17 0.77 0.77 81.00 21.00 245.00 -54.00 -92.00 -1270.00 0
8257 -6.82 -0.28 0.49 81.00 27.00 229.00 -54.00 -92.00 -1270.00 0
8266 -6.33 -1.32 0.14 81.00 24.00 224.00 -54.00 -92.00 -1270.00 0
8275 -5.70 -2.23 0.07 88.00 22.00 217.00 -50.00 -82.00 -1220.00 0
8285 -5.43 -2.71 0.07 85.00 30.00 215.00 -50.00 -82.00 -1220.00 0
8293 -5.63 -2.16 0.70 89.00 27.00 217.00 -50.00 -82.00 -1220.00 0
8302 -5.91 -1.18 1.39 91.00 26.00 211.00 -50.00 -82.00 -1220.00 0
8311 -6.05 0.28 2.16 92.00 42.00 201.00 -50.00 -82.00 -1220.00 0
8321 -6.26 2.23 3.34 94.00 49.00 200.00 -50.00 -82.00 -1220.00 0
8330 -6.75 4.73 5.43 94.00 45.00 200.00 -50.00 -82.00 -1220.00 0
8339 -7.86 7.79 8.63 105.00 62.00 183.00 -50.00 -82.00 -1220.00 0
8348 -9.25 11.20 17.88 108.00 104.00 153.00 -50.00 -82.00 -1220.00 0
8357 -10.37 23.10 26.71 110.00 113.00 136.00 -50.00 -82.00 -1220.00 0
8367 -13.22 33.88 38.61 111.00 67.00 102.00 -50.00 -82.00 -1220.00 0
8376 -20.10 48.90 51.55 122.00 17.00 26.00 -50.00 -82.00 -1220.00 0
8385 -27.83 69.29 64.00 169.00 7.00 -89.00 -50.00 -82.00 -1220.00 0
8394 -35.20 100.03 74.57 106.00 21.00 -84.00 -50.00 -82.00 -1220.00 0
8403 -36.59 210.37 96.21 69.00 -53.00 -170.00 122.00 -50.00 -1343.00 0
8413 -43.34 280.42 99.90 -35.00 -116.00 -107.00 122.00 -50.00 -1343.00 0
8422 -51.90 358.40 94.40 -104.00 -156.00 -130.00 122.00 -50.00 -1343.00 0
8431 -67.41 434.99 76.38 -188.00 -274.00 -220.00 122.00 -50.00 -1343.00 0
8441 -84.31 510.40 48.90 -311.00 -295.00 -249.00 122.00 -50.00 -1343.00 1
8452 -68.10 644.66 -23.44 1399.00 501.00 1143.00 122.00 -50.00 -1343.00 1
8463 -42.30 425.67 -53.29 -183.00 -414.00 -106.00 122.00 -50.00 -1343.00 1
8474 -59.62 384.35 -25.60 -84.00 100.00 240.00 122.00 -50.00 -1343.00 1
8485 -0.28 267.34 -6.47 -144.00 11.00 191.00 122.00 -50.00 -1343.00 1
8496 14.33 214.68 -4.10 -154.00 19.00 192.00 122.00 -50.00 -1343.00 1
8507 31.79 138.30 -3.69 -127.00 -26.00 202.00 122.00 -50.00 -1343.00 1
8518 35.06 110.47 -3.48 -125.00 27.00 205.00 122.00 -50.00 -1343.00 1
8529 38.33 87.86 -3.76 -134.00 -2.00 207.00 122.00 -50.00 -1343.00 1
8541 32.49 54.96 -5.70 -128.00 -11.00 200.00 122.00 -50.00 -1343.00 1
8552 28.45 43.69 -6.47 -122.00 2.00 199.00 122.00 -50.00 -1343.00 1
8562 21.36 28.03 -6.61 -127.00 -12.00 205.00 122.00 -50.00 -1343.00 1
8573 17.39 23.30 -6.47 -122.00 -9.00 195.00 122.00 -50.00 -1343.00 1
8585 13.84 19.90 -6.19 -124.00 -7.00 205.00 122.00 -50.00 -1343.00 1
8596 6.40 15.23 -5.29 -120.00 17.00 203.00 122.00 -50.00 -1343.00 1
8607 3.97 12.94 -4.45 -108.00 11.00 201.00 122.00 -50.00 -1343.00 1
8619 -0.63 7.03 -3.48 -105.00 4.00 202.00 122.00 -50.00 -1343.00 1
8629 -1.25 3.83 -2.85 -111.00 4.00 207.00 122.00 -50.00 -1343.00 1
8640 -1.32 0.90 -2.50 -117.00 1.00 208.00 122.00 -50.00 -1343.00 1
8651 -2.43 -2.02 -2.30 -119.00 5.00 213.00 122.00 -50.00 -1343.00 1
8663 -2.64 -2.23 -2.16 -120.00 -4.00 201.00 423.00 -34.00 -1171.00 1
8674 -3.90 -1.81 -2.50 -122.00 -4.00 204.00 423.00 -34.00 -1171.00 1
8684 -4.10 -1.53 -2.50 -127.00 1.00 199.00 423.00 -34.00 -1171.00 1
8695 -4.17 -1.25 -2.30 -121.00 -5.00 200.00 423.00 -34.00 -1171.00 1
8707 -4.59 -1.32 -1.74 -121.00 -1.00 204.00 423.00 -34.00 -1171.00 1
8718 -4.80 -1.53 -1.39 -123.00 0.00 200.00 423.00 -34.00 -1171.00 1
8729 -5.43 -2.09 -0.90 -120.00 1.00 201.00 420.00 -37.00 -1176.00 1
8739 -5.43 -2.43 -0.83 -121.00 3.00 204.00 420.00 -37.00 -1176.00 1
8751 -5.36 -2.71 -0.90 -123.00 3.00 203.00 420.00 -37.00 -1176.00 1
8762 -5.57 -3.41 -1.39 -119.00 2.00 199.00 420.00 -37.00 -1176.00 1
8773 -6.12 -3.97 -1.74 -122.00 -2.00 207.00 420.00 -37.00 -1176.00 1
8784 -7.23 -5.15 -2.37 -117.00 3.00 206.00 420.00 -37.00 -1176.00 1
8796 -7.17 -5.63 -2.30 -120.00 -3.00 204.00 418.00 -34.00 -1313.00 1
8807 -7.23 -5.77 -2.37 -119.00 2.00 206.00 418.00 -34.00 -1313.00 1
8817 -6.54 -6.05 -2.02 -117.00 4.00 207.00 418.00 -34.00 -1313.00 1
8828 -6.54 -6.26 -1.88 -118.00 -2.00 209.00 418.00 -34.00 -1313.00 1
8840 -7.86 -6.82 -2.02 -118.00 -1.00 208.00 418.00 -34.00 -1313.00 1
8851 -8.63 -6.89 -2.16 -118.00 -3.00 205.00 418.00 -34.00 -1313.00 1
8862 -9.39 -6.68 -2.23 -114.00 -5.00 206.00 412.00 -29.00 -1259.00 1
8873 -9.39 -6.26 -2.09 -119.00 -3.00 204.00 412.00 -29.00 -1259.00 1
8885 -9.25 -5.70 -1.88 -116.00 -9.00 206.00 412.00 -29.00 -1259.00 1
8895 -8.00 -4.59 -1.46 -117.00 -2.00 208.00 412.00 -29.00 -1259.00 1
8906 -7.17 -4.10 -1.32 -119.00 0.00 205.00 412.00 -29.00 -1259.00 1
8918 -6.26 -2.92 -1.32 -119.00 2.00 205.00 412.00 -29.00 -1259.00 1
8929 -6.40 -2.57 -1.46 -117.00 -3.00 205.00 410.00 -26.00 -1181.00 1
8940 -6.89 -2.50 -1.67 -118.00 -8.00 207.00 410.00 -26.00 -1181.00 1
8951 -7.58 -2.43 -1.88 -118.00 -5.00 204.00 410.00 -26.00 -1181.00 1
8963 -7.93 -2.57 -1.88 -115.00 -3.00 206.00 410.00 -26.00 -1181.00 1
8974 -7.72 -2.43 -1.53 -117.00 4.00 208.00 410.00 -26.00 -1181.00 1
8984 -7.58 -2.30 -1.25 -114.00 -5.00 206.00 410.00 -26.00 -1181.00 1
8995 -7.65 -2.16 -1.18 -118.00 -5.00 207.00 411.00 -28.00 -1197.00 1
9007 -7.65 -1.88 -1.11 -122.00 0.00 206.00 411.00 -28.00 -1197.00 1
9018 -7.93 -1.74 -1.11 -116.00 -5.00 206.00 411.00 -28.00 -1197.00 1
9029 -8.77 -1.88 -0.97 -116.00 -11.00 206.00 411.00 -28.00 -1197.00 1
9040 -8.56 -2.09 -0.77 -117.00 -5.00 204.00 411.00 -28.00 -1197.00 1
9052 -8.42 -2.50 -0.56 -118.00 -6.00 208.00 411.00 -28.00 -1197.00 1
9062 -8.00 -2.85 -0.35 -118.00 -5.00 206.00 411.00 -28.00 -1197.00 1
9073 -7.65 -2.85 -0.35 -118.00 -4.00 203.00 411.00 -28.00 -1197.00 1
9084 -7.10 -2.71 -0.63 -115.00 -4.00 209.00 411.00 -28.00 -1197.00 1
9096 -6.61 -2.50 -0.77 -119.00 -3.00 203.00 411.00 -28.00 -1197.00 1
9107 -6.26 -2.30 -0.90 -116.00 -8.00 203.00 411.00 -28.00 -1197.00 1
9117 -6.33 -2.09 -1.25 -115.00 -5.00 202.00 411.00 -28.00 -1197.00 1
9128 -6.19 -1.81 -1.18 -113.00 -11.00 208.00 411.00 -28.00 -1197.00 1
9140 -6.05 -1.46 -0.90 -112.00 -10.00 207.00 411.00 -28.00 -1197.00 1
9151 -5.84 -1.18 -0.56 -116.00 -4.00 207.00 411.00 -28.00 -1197.00 1
9162 -5.70 -0.90 -0.28 -116.00 -6.00 206.00 411.00 -28.00 -1197.00 1
9174 -5.29 -0.56 -0.14 -117.00 -3.00 210.00 411.00 -28.00 -1197.00 1
9184 -5.01 -0.49 -0.28 -116.00 -5.00 208.00 411.00 -28.00 -1197.00 1
9195 -5.15 -0.35 -1.04 -115.00 -7.00 204.00 411.00 -28.00 -1197.00 1
9206 -5.43 -0.49 -1.32 -115.00 -11.00 210.00 411.00 -28.00 -1197.00 1
9218 -5.57 -0.63 -1.39 -118.00 -6.00 210.00 411.00 -28.00 -1197.00 1
9229 -4.59 -0.42 -0.83 -117.00 5.00 200.00 411.00 -28.00 -1197.00 1
9239 -4.17 -0.35 -0.63 -113.00 -8.00 208.00 411.00 -28.00 -1197.00 1
9250 -4.94 -0.83 -0.49 -116.00 -7.00 208.00 411.00 -28.00 -1197.00 1
9262 -5.15 -0.97 -0.56 -115.00 -4.00 208.00 411.00 -28.00 -1197.00 1
9273 -5.43 -1.04 -0.70 -117.00 -6.00 208.00 411.00 -28.00 -1197.00 1
9284 -5.91 -1.11 -0.97 -113.00 -8.00 211.00 411.00 -28.00 -1197.00 1
9295 -5.98 -0.97 -0.97 -114.00 -4.00 207.00 411.00 -28.00 -1197.00 1
9306 -5.77 -0.77 -0.90 -116.00 -9.00 206.00 411.00 -28.00 -1197.00 1
9317 -5.57 -0.63 -0.77 -116.00 -7.00 211.00 411.00 -28.00 -1197.00 1
9328 -5.57 -0.63 -0.63 -115.00 -10.00 205.00 411.00 -28.00 -1197.00 1
9339 -6.05 -0.83 -0.49 -117.00 -4.00 206.00 411.00 -28.00 -1197.00 1
9351 -6.33 -1.04 -0.49 -115.00 -10.00 208.00 411.00 -28.00 -1197.00 1
9362 -6.89 -1.32 -0.63 -119.00 -9.00 207.00 411.00 -28.00 -1197.00 1
9372 -7.17 -1.39 -0.63 -114.00 -13.00 205.00 411.00 -28.00 -1197.00 1
9383 -7.17 -1.46 -0.77 -113.00 -7.00 210.00 411.00 -28.00 -1197.00 1
9395 -6.12 -1.32 -1.04 -119.00 -6.00 209.00 411.00 -28.00 -1197.00 1
9406 -5.77 -1.25 -1.18 -115.00 -5.00 211.00 411.00 -28.00 -1197.00 1
9417 -5.29 -1.18 -1.32 -114.00 -9.00 210.00 411.00 -28.00 -1197.00 1
9428 -4.94 -1.04 -1.32 -114.00 -5.00 203.00 411.00 -28.00 -1197.00 1
9439 -4.59 -0.83 -1.18 -112.00 -9.00 206.00 411.00 -28.00 -1197.00 1
9450 -4.03 -0.56 -1.11 -116.00 -4.00 211.00 414.00 -22.00 -1095.00 1
9461 -3.76 -0.56 -1.11 -117.00 -2.00 205.00 414.00 -22.00 -1095.00 1
9473 -4.24 -0.63 -1.32 -115.00 -11.00 201.00 414.00 -22.00 -1095.00 1
9484 -4.66 -0.77 -1.46 -114.00 -7.00 203.00 414.00 -22.00 -1095.00 1
9495 -4.87 -0.90 -1.67 -117.00 -10.00 206.00 414.00 -22.00 -1095.00 1
9505 -5.43 -1.25 -1.67 -116.00 -9.00 205.00 414.00 -22.00 -1095.00 1
9517 -5.43 -1.39 -1.46 -114.00 -11.00 211.00 408.00 -18.00 -1013.00 1
9528 -5.98 -1.32 -0.63 -113.00 -14.00 208.00 408.00 -18.00 -1013.00 1
9539 -7.58 -1.32 -0.28 -114.00 -3.00 203.00 408.00 -18.00 -1013.00 1
9550 -7.51 -0.97 -0.35 -116.00 -9.00 207.00 408.00 -18.00 -1013.00 1
9561 -7.51 -1.04 -0.49 -113.00 -6.00 205.00 408.00 -18.00 -1013.00 1
9572 -7.37 -0.90 -0.70 -117.00 -8.00 206.00 408.00 -18.00 -1013.00 1
9583 -6.47 -0.90 -1.18 -119.00 -9.00 209.00 406.00 -17.00 -1128.00 1
9594 -6.19 -0.90 -1.39 -118.00 -6.00 211.00 406.00 -17.00 -1128.00 1
9606 -6.05 -0.83 -1.46 -115.00 -6.00 212.00 406.00 -17.00 -1128.00 1
9616 -6.47 -0.77 -1.25 -118.00 -14.00 204.00 406.00 -17.00 -1128.00 1
9627 -7.37 -0.70 -0.70 -118.00 -11.00 217.00 406.00 -17.00 -1128.00 1
9638 -8.00 -0.70 0.49 -117.00 -9.00 209.00 406.00 -17.00 -1128.00 1
9649 -7.86 -0.56 0.97 -123.00 1.00 215.00 410.00 -17.00 -1239.00 1
9660 -7.72 -0.28 1.11 -131.00 3.00 239.00 410.00 -17.00 -1239.00 1
9670 -8.83 -1.11 1.04 -166.00 5.00 301.00 410.00 -17.00 -1239.00 0
9679 -10.02 -4.66 1.46 -192.00 44.00 379.00 410.00 -17.00 -1239.00 0
9689 -9.60 -15.17 3.20 -181.00 0.00 361.00 410.00 -17.00 -1239.00 0
9698 -10.64 -32.63 7.23 -158.00 -34.00 291.00 410.00 -17.00 -1239.00 0
9707 -11.20 -52.38 12.94 -112.00 -3.00 158.00 410.00 -17.00 -1239.00 0
9717 -7.44 -86.75 24.42 -72.00 -62.00 110.00 410.00 -17.00 -1239.00 0
9726 -7.58 -99.76 26.92 -53.00 -63.00 124.00 410.00 -17.00 -1239.00 0
9736 -7.79 -108.24 24.97 -50.00 -32.00 116.00 410.00 -17.00 -1239.00 0
9745 -6.47 -109.57 21.15 -52.00 -16.00 150.00 410.00 -17.00 -1239.00 0
9754 -3.83 -106.71 17.25 -54.00 -17.00 172.00 410.00 -17.00 -1239.00 0
9763 -2.43 -100.59 13.15 -53.00 -2.00 183.00 410.00 -17.00 -1239.00 0
9773 1.39 -82.23 5.43 -72.00 16.00 205.00 410.00 -17.00 -1239.00 0
9782 2.71 -71.51 2.64 -75.00 18.00 238.00 329.00 -27.00 -1217.00 0
9791 2.64 -62.19 0.49 -72.00 2.00 239.00 329.00 -27.00 -1217.00 0
9800 1.67 -55.23 -0.97 -75.00 4.00 245.00 329.00 -27.00 -1217.00 0
9809 0.90 -50.23 -1.67 -84.00 -8.00 265.00 329.00 -27.00 -1217.00 0
9819 -0.14 -47.03 -2.23 -87.00 -15.00 275.00 329.00 -27.00 -1217.00 0
9828 -1.32 -48.14 -3.83 -88.00 -23.00 280.00 329.00 -27.00 -1217.00 0
9837 -0.56 -52.45 -4.66 -80.00 -28.00 282.00 329.00 -27.00 -1217.00 0
9846 1.25 -58.30 -5.57 -73.00 -34.00 248.00 295.00 -28.00 -1275.00 0
9856 4.38 -64.83 -6.33 -62.00 -20.00 222.00 295.00 -28.00 -1275.00 0
9865 8.70 -72.21 -7.30 -40.00 18.00 195.00 295.00 -28.00 -1275.00 0
9874 12.87 -80.28 -7.93 -30.00 27.00 177.00 295.00 -28.00 -1275.00 0
9883 15.44 -89.81 -5.15 -27.00 20.00 177.00 295.00 -28.00 -1275.00 0
9892 13.22 -89.11 -2.85 -28.00 4.00 199.00 295.00 -28.00 -1275.00 0
9902 9.81 -86.82 -1.39 -23.00 3.00 221.00 295.00 -28.00 -1275.00 0
9911 7.10 -83.20 -0.77 -26.00 6.00 224.00 237.00 -36.00 -1103.00 0
9919 5.77 -78.75 -0.28 -10.00 12.00 209.00 237.00 -36.00 -1103.00 0
9928 4.45 -73.60 -0.28 -11.00 4.00 208.00 237.00 -36.00 -1103.00 0
9937 1.88 -59.69 -0.70 -19.00 0.00 222.00 237.00 -36.00 -1103.00 0
9947 1.11 -52.24 -1.04 -19.00 11.00 232.00 237.00 -36.00 -1103.00 0
9956 0.35 -45.70 -1.53 -18.00 4.00 233.00 237.00 -36.00 -1103.00 0
9965 -0.70 -40.42 -1.74 -15.00 2.00 217.00 237.00 -36.00 -1103.00 0
9974 -1.74 -36.03 -1.81 -14.00 -1.00 217.00 237.00 -36.00 -1103.00 0
9984 -2.30 -31.44 -1.95 -18.00 -1.00 227.00 237.00 -36.00 -1103.00 0
9993 -2.57 -26.50 -2.30 -21.00 1.00 232.00 237.00 -36.00 -1103.00 0
10002 -3.55 -17.53 -3.20 -26.00 5.00 239.00 237.00 -36.00 -1103.00 0
10011 -3.97 -13.77 -3.20 -25.00 7.00 248.00 237.00 -36.00 -1103.00 0
10020 -4.31 -11.06 -2.99 -28.00 5.00 247.00 237.00 -36.00 -1103.00 0
10030 -4.66 -9.60 -2.43 -25.00 -5.00 246.00 237.00 -36.00 -1103.00 0
10039 -4.87 -8.90 -1.95 -23.00 -2.00 233.00 237.00 -36.00 -1103.00 0
10048 -4.94 -8.42 -1.81 -22.00 0.00 227.00 237.00 -36.00 -1103.00 0
10057 -4.66 -6.82 -2.16 -21.00 3.00 229.00 237.00 -36.00 -1103.00 0
10066 -4.38 -5.57 -2.23 -22.00 -1.00 231.00 237.00 -36.00 -1103.00 0
10076 -4.59 -3.90 -2.23 -23.00 -4.00 231.00 237.00 -36.00 -1103.00 0
10084 -4.73 -2.09 -2.37 -22.00 -9.00 237.00 237.00 -36.00 -1103.00 0
10093 -4.87 -0.35 -2.71 -26.00 13.00 239.00 237.00 -36.00 -1103.00 0
10102 -4.73 1.18 -3.13 -30.00 4.00 253.00 237.00 -36.00 -1103.00 0
10112 -5.57 2.43 -2.30 -28.00 -12.00 247.00 237.00 -36.00 -1103.00 0
10121 -6.19 1.95 -2.16 -28.00 -2.00 249.00 237.00 -36.00 -1103.00 0
10130 -6.12 1.18 -2.43 -33.00 8.00 257.00 237.00 -36.00 -1103.00 0
10139 -6.19 -0.21 -2.64 -33.00 10.00 260.00 237.00 -36.00 -1103.00 0
10148 -6.19 -2.50 -2.30 -25.00 3.00 242.00 237.00 -36.00 -1103.00 0
10158 -5.98 -5.43 -1.18 -18.00 -6.00 228.00 237.00 -36.00 -1103.00 0
10167 -5.84 -10.09 1.11 -17.00 -5.00 222.00 237.00 -36.00 -1103.00 0
10176 -5.15 -10.92 1.32 -14.00 1.00 217.00 237.00 -36.00 -1103.00 0
10185 -4.80 -10.78 0.90 -14.00 -1.00 224.00 237.00 -36.00 -1103.00 0
10194 -4.52 -9.53 0.42 -14.00 1.00 226.00 237.00 -36.00 -1103.00 0
10204 -4.38 -7.44 -0.21 -19.00 0.00 235.00 237.00 -36.00 -1103.00 0
10213 -4.38 -4.87 -0.83 -21.00 1.00 240.00 237.00 -36.00 -1103.00 0
10222 -4.24 -1.95 -1.18 -24.00 7.00 245.00 237.00 -36.00 -1103.00 0
10231 -4.31 1.88 -1.74 -32.00 17.00 256.00 237.00 -36.00 -1103.00 0
10241 -4.94 2.02 -1.18 -30.00 -6.00 250.00 221.00 -38.00 -1281.00 0
10250 -6.05 0.90 -0.49 -26.00 -5.00 244.00 221.00 -38.00 -1281.00 0
10259 -6.40 -0.28 0.00 -23.00 -3.00 239.00 221.00 -38.00 -1281.00 0
10267 -6.19 -0.97 0.21 -21.00 -1.00 239.00 221.00 -38.00 -1281.00 0
10276 -5.98 -1.81 0.49 -22.00 -3.00 240.00 221.00 -38.00 -1281.00 0
10286 -5.84 -3.27 0.90 -18.00 1.00 239.00 221.00 -38.00 -1281.00 0
10295 -5.57 -3.97 1.25 -17.00 7.00 225.00 221.00 -38.00 -1281.00 0
10304 -5.08 -4.17 2.09 -17.00 -5.00 232.00 217.00 -35.00 -1295.00 0
10313 -5.15 -3.76 2.99 -14.00 -9.00 228.00 217.00 -35.00 -1295.00 0
10322 -5.29 -2.92 3.34 -17.00 -1.00 229.00 217.00 -35.00 -1295.00 0
10332 -4.94 -1.60 3.20 -15.00 1.00 230.00 217.00 -35.00 -1295.00 0
10341 -4.59 0.00 2.43 -20.00 -3.00 233.00 217.00 -35.00 -1295.00 0
10350 -4.17 3.55 2.09 -23.00 1.00 235.00 217.00 -35.00 -1295.00 0
10359 -3.69 5.29 1.88 -23.00 2.00 238.00 217.00 -35.00 -1295.00 0
10369 -3.13 6.82 1.74 -24.00 3.00 241.00 217.00 -35.00 -1295.00 0
10378 -2.85 8.07 1.74 -29.00 1.00 246.00 217.00 -35.00 -1295.00 0
10387 -2.92 9.11 1.95 -32.00 14.00 260.00 217.00 -35.00 -1295.00 0
10396 -2.85 9.53 2.09 -28.00 9.00 256.00 217.00 -35.00 -1295.00 0
10404 -2.64 7.37 3.06 -27.00 -2.00 242.00 217.00 -35.00 -1295.00 0
10414 -3.06 5.70 3.97 -26.00 -9.00 239.00 217.00 -35.00 -1295.00 0
10423 -3.34 4.52 4.24 -28.00 -5.00 244.00 217.00 -35.00 -1295.00 0
10432 -3.48 3.62 4.03 -26.00 -10.00 245.00 217.00 -35.00 -1295.00 0
10441 -3.76 2.78 3.69 -27.00 -12.00 239.00 217.00 -35.00 -1295.00 0
10450 -4.17 2.02 3.13 -26.00 -7.00 237.00 217.00 -35.00 -1295.00 0
10460 -3.76 1.39 1.74 -26.00 3.00 239.00 217.00 -35.00 -1295.00 0
10469 -3.20 1.11 1.32 -26.00 4.00 238.00 217.00 -35.00 -1295.00 0
10478 -2.85 0.83 1.18 -25.00 -1.00 234.00 217.00 -35.00 -1295.00 0
10487 -2.30 0.35 1.04 -23.00 3.00 234.00 217.00 -35.00 -1295.00 0
10497 -1.81 0.00 0.49 -20.00 3.00 235.00 217.00 -35.00 -1295.00 0
10506 -1.46 0.14 -0.07 -22.00 4.00 228.00 217.00 -35.00 -1295.00 0
10515 -1.60 0.35 -0.56 -26.00 7.00 240.00 217.00 -35.00 -1295.00 0
10524 -1.95 0.83 -1.25 -29.00 11.00 246.00 217.00 -35.00 -1295.00 0
10533 -2.50 0.56 -1.32 -25.00 6.00 241.00 217.00 -35.00 -1295.00 0
10542 -3.20 -0.07 -1.11 -26.00 0.00 247.00 217.00 -35.00 -1295.00 0
10551 -3.69 -0.70 -0.83 -28.00 0.00 246.00 217.00 -35.00 -1295.00 0
10560 -4.10 -1.46 -0.77 -26.00 0.00 242.00 217.00 -35.00 -1295.00 0
10569 -4.38 -2.23 -0.49 -19.00 -4.00 235.00 228.00 -39.00 -1160.00 0
10578 -4.80 -2.99 0.07 -21.00 -7.00 230.00 228.00 -39.00 -1160.00 0
10588 -4.45 -2.23 0.35 -25.00 -6.00 232.00 228.00 -39.00 -1160.00 0
10597 -3.76 -1.04 0.42 -24.00 0.00 236.00 228.00 -39.00 -1160.00 0
10606 -3.06 0.00 0.21 -25.00 -1.00 239.00 228.00 -39.00 -1160.00 0
10615 -2.37 1.11 -0.14 -26.00 1.00 239.00 228.00 -39.00 -1160.00 0
10625 -1.67 2.37 -0.42 -25.00 4.00 235.00 228.00 -39.00 -1160.00 0
10634 -1.04 3.55 -0.83 -22.00 3.00 237.00 231.00 -42.00 -1096.00 0
10643 0.21 5.91 -0.97 -26.00 2.00 236.00 231.00 -42.00 -1096.00 0
10652 0.90 7.23 -1.18 -27.00 2.00 238.00 231.00 -42.00 -1096.00 0
10660 1.67 8.63 -1.39 -27.00 0.00 236.00 231.00 -42.00 -1096.00 0
10670 2.43 10.30 -1.60 -29.00 -2.00 241.00 231.00 -42.00 -1096.00 0
10679 3.48 11.83 -1.81 -33.00 -8.00 251.00 231.00 -42.00 -1096.00 0
10688 4.52 12.94 -2.23 -32.00 -10.00 257.00 231.00 -42.00 -1096.00 0
10697 6.96 13.36 -4.24 -33.00 -12.00 250.00 238.00 -47.00 -1258.00 0
10706 8.49 12.94 -5.77 -30.00 -10.00 250.00 238.00 -47.00 -1258.00 0
10716 10.16 12.52 -7.44 -28.00 0.00 233.00 238.00 -47.00 -1258.00 0
10725 11.90 11.97 -9.11 -27.00 13.00 231.00 238.00 -47.00 -1258.00 0
10734 13.43 11.27 -10.57 -27.00 28.00 218.00 238.00 -47.00 -1258.00 0
10744 14.12 10.85 -11.48 -25.00 37.00 210.00 238.00 -47.00 -1258.00 0
10754 12.73 10.09 -10.85 -28.00 44.00 220.00 238.00 -47.00 -1258.00 0
10763 10.43 9.95 -9.04 -38.00 28.00 237.00 242.00 -56.00 -1166.00 0
10772 7.03 9.53 -6.40 -41.00 12.00 246.00 242.00 -56.00 -1166.00 0
10781 3.34 8.70 -3.90 -38.00 6.00 250.00 242.00 -56.00 -1166.00 0
10790 0.42 7.23 -2.09 -38.00 16.00 242.00 242.00 -56.00 -1166.00 0
10800 -1.46 5.77 -0.63 -32.00 13.00 236.00 242.00 -56.00 -1166.00 0
10809 -4.87 3.41 2.16 -32.00 6.00 233.00 242.00 -56.00 -1166.00 0
10818 -6.61 2.78 3.34 -31.00 -1.00 234.00 242.00 -56.00 -1166.00 0
10826 -7.65 2.64 4.24 -33.00 -2.00 232.00 242.00 -56.00 -1166.00 0
10835 -8.14 2.64 4.52 -31.00 4.00 232.00 242.00 -56.00 -1166.00 0
10845 -7.86 2.85 4.10 -32.00 4.00 237.00 242.00 -56.00 -1166.00 0
10854 -7.10 3.34 3.48 -31.00 3.00 240.00 242.00 -56.00 -1166.00 0
10863 -5.63 4.03 2.30 -35.00 4.00 239.00 242.00 -56.00 -1166.00 0
10872 -4.87 3.83 1.74 -35.00 8.00 236.00 242.00 -56.00 -1166.00 0
10882 -4.10 3.69 1.18 -34.00 4.00 240.00 242.00 -56.00 -1166.00 0
10891 -3.55 3.69 0.77 -35.00 1.00 239.00 242.00 -56.00 -1166.00 0
10900 -3.06 3.90 0.42 -39.00 2.00 243.00 242.00 -56.00 -1166.00 0
10909 -2.57 4.17 0.14 -39.00 2.00 245.00 242.00 -56.00 -1166.00 0
10918 -2.16 4.10 -0.77 -37.00 -1.00 248.00 242.00 -56.00 -1166.00 0
10928 -0.97 2.92 -1.39 -39.00 2.00 241.00 242.00 -56.00 -1166.00 0
10937 0.00 2.37 -2.09 -34.00 10.00 229.00 242.00 -56.00 -1166.00 0
10946 1.04 2.09 -2.64 -28.00 28.00 217.00 242.00 -56.00 -1166.00 0
10954 2.02 1.81 -2.64 -27.00 24.00 229.00 242.00 -56.00 -1166.00 0
10963 1.67 1.74 -1.88 -37.00 6.00 234.00 242.00 -56.00 -1166.00 0