-3.69 -1.46 0.14 -207.00 58.00 112.00 595.00 -157.00 -1061.00 0
2309 -3.97 -1.60 -0.07 -198.00 55.00 112.00 595.00 -157.00 -1061.00 0
2318 -3.97 -1.74 -0.21 -200.00 59.00 111.00 595.00 -157.00 -1061.00 0
2327 -4.03 -1.67 -0.42 -201.00 54.00 112.00 595.00 -157.00 -1061.00 0
2336 -4.10 -1.60 -0.63 -204.00 59.00 111.00 595.00 -157.00 -1061.00 0
2345 -3.97 -1.53 -0.77 -202.00 62.00 111.00 595.00 -157.00 -1061.00 0
2355 -3.83 -1.46 -0.83 -202.00 59.00 117.00 595.00 -157.00 -1061.00 0
2364 -3.83 -1.46 -0.90 -203.00 59.00 116.00 595.00 -157.00 -1061.00 0
2373 -4.10 -1.32 -1.04 -202.00 62.00 113.00 595.00 -157.00 -1061.00 0
2382 -4.31 -1.25 -1.18 -201.00 57.00 116.00 595.00 -157.00 -1061.00 0
2392 -4.52 -1.18 -1.32 -201.00 52.00 116.00 595.00 -157.00 -1061.00 0
2401 -4.80 -1.11 -1.39 -200.00 53.00 114.00 595.00 -157.00 -1061.00 0
2411 -4.94 -1.04 -1.46 -204.00 53.00 117.00 595.00 -157.00 -1061.00 0
2420 -4.80 -0.90 -1.46 -199.00 54.00 114.00 595.00 -157.00 -1061.00 0
2429 -4.52 -0.97 -1.32 -204.00 56.00 114.00 595.00 -157.00 -1061.00 0
2439 -4.17 -0.97 -1.18 -197.00 59.00 116.00 595.00 -157.00 -1061.00 0
2448 -3.90 -0.90 -1.11 -200.00 58.00 115.00 595.00 -157.00 -1061.00 0
2457 -3.83 -0.83 -0.97 -199.00 54.00 116.00 595.00 -157.00 -1061.00 0
2466 -3.97 -0.70 -1.04 -201.00 56.00 115.00 595.00 -157.00 -1061.00 0
2476 -4.17 -0.56 -1.04 -203.00 55.00 116.00 595.00 -157.00 -1061.00 0
2485 -4.31 -0.63 -0.97 -204.00 58.00 115.00 595.00 -157.00 -1061.00 0
2494 -4.52 -0.77 -0.90 -204.00 53.00 118.00 595.00 -157.00 -1061.00 0
2503 -4.73 -0.97 -0.90 -201.00 52.00 116.00 595.00 -157.00 -1061.00 0
2512 -4.73 -1.18 -0.90 -200.00 54.00 115.00 595.00 -157.00 -1061.00 0
2522 -4.52 -1.46 -0.70 -199.00 57.00 113.00 595.00 -157.00 -1061.00 0
2531 -4.38 -1.53 -0.70 -200.00 58.00 114.00 595.00 -157.00 -1061.00 0
2540 -4.45 -1.46 -0.77 -202.00 61.00 113.00 595.00 -157.00 -1061.00 0
2549 -4.38 -1.32 -0.77 -200.00 62.00 113.00 595.00 -157.00 -1061.00 0
2558 -4.38 -1.25 -0.70 -201.00 59.00 117.00 595.00 -157.00 -1061.00 0
2568 -4.59 -1.18 -0.56 -202.00 58.00 113.00 595.00 -157.00 -1061.00 0
2577 -5.08 -1.04 -0.28 -201.00 58.00 116.00 595.00 -157.00 -1061.00 0
2586 -5.29 -1.04 -0.28 -197.00 59.00 114.00 595.00 -157.00 -1061.00 0
2595 -5.50 -0.97 -0.21 -209.00 60.00 114.00 595.00 -157.00 -1061.00 0
2605 -5.70 -0.83 -0.07 -223.00 59.00 119.00 595.00 -157.00 -1061.00 0
2614 -6.19 -1.11 -0.35 -234.00 61.00 123.00 595.00 -157.00 -1061.00 0
2623 -6.61 -1.74 -0.90 -236.00 69.00 123.00 591.00 -161.00 -1254.00 0
2632 -7.65 -6.12 -2.43 -237.00 58.00 135.00 591.00 -161.00 -1254.00 0
2641 -9.11 -9.11 -4.80 -243.00 62.00 123.00 591.00 -161.00 -1254.00 0
2651 -9.95 -11.90 -7.79 -211.00 110.00 133.00 591.00 -161.00 -1254.00 0
2661 -9.46 -16.14 -9.32 -174.00 83.00 127.00 591.00 -161.00 -1254.00 0
2670 -11.62 -20.52 -8.90 -127.00 47.00 125.00 591.00 -161.00 -1254.00 0
2679 -15.44 -23.79 -8.14 -122.00 41.00 102.00 591.00 -161.00 -1254.00 0
2689 -21.98 -19.34 -5.98 -133.00 42.00 122.00 584.00 -152.00 -1160.00 0
2698 -22.89 -12.31 -4.87 -130.00 34.00 131.00 584.00 -152.00 -1160.00 0
2707 -24.21 -1.74 -4.24 -171.00 49.00 116.00 584.00 -152.00 -1160.00 0
2716 -24.00 12.94 -2.78 -196.00 46.00 117.00 584.00 -152.00 -1160.00 0
2725 -23.65 27.27 -1.18 -219.00 38.00 139.00 584.00 -152.00 -1160.00 0
2736 -24.14 44.73 1.46 -231.00 25.00 91.00 584.00 -152.00 -1160.00 0
2745 -24.35 47.44 4.59 -260.00 70.00 124.00 584.00 -152.00 -1160.00 0
2754 -19.62 40.35 9.46 -198.00 44.00 125.00 606.00 -153.00 -994.00 0
2763 -19.62 33.67 8.42 -219.00 58.00 96.00 606.00 -153.00 -994.00 0
2772 -20.38 33.04 7.30 -236.00 45.00 103.00 606.00 -153.00 -994.00 0
2782 -20.03 29.98 7.65 -215.00 25.00 142.00 606.00 -153.00 -994.00 0
2791 -21.91 20.38 11.13 -222.00 52.00 129.00 606.00 -153.00 -994.00 0
2800 -21.43 18.99 13.15 -213.00 39.00 103.00 606.00 -153.00 -994.00 0
2809 -22.61 17.04 13.29 -193.00 19.00 105.00 606.00 -153.00 -994.00 0
2819 -22.89 13.43 13.98 -192.00 33.00 103.00 613.00 -153.00 -1042.00 0
2828 -21.50 10.57 14.19 -192.00 39.00 105.00 613.00 -153.00 -1042.00 0
2838 -19.76 8.28 11.97 -195.00 42.00 102.00 613.00 -153.00 -1042.00 0
2847 -15.51 4.10 10.85 -189.00 47.00 112.00 613.00 -153.00 -1042.00 0
2856 -13.50 1.53 8.77 -182.00 52.00 108.00 613.00 -153.00 -1042.00 0
2866 -11.69 -0.90 6.26 -171.00 65.00 102.00 613.00 -153.00 -1042.00 0
2875 -10.09 -2.71 3.48 -156.00 69.00 103.00 613.00 -153.00 -1042.00 0
2884 -9.32 -4.73 0.97 -167.00 64.00 95.00 609.00 -153.00 -1068.00 0
2893 -9.53 -3.13 -3.06 -185.00 67.00 99.00 609.00 -153.00 -1068.00 0
2903 -10.43 -0.83 -5.08 -191.00 57.00 103.00 609.00 -153.00 -1068.00 0
2912 -11.55 2.23 -6.40 -207.00 48.00 101.00 609.00 -153.00 -1068.00 0
2921 -12.10 6.33 -6.82 -211.00 46.00 106.00 609.00 -153.00 -1068.00 0
2930 -12.52 9.60 -7.30 -215.00 57.00 110.00 609.00 -153.00 -1068.00 0
2939 -12.38 12.03 -7.65 -218.00 70.00 105.00 609.00 -153.00 -1068.00 0
2950 -11.69 15.79 -7.10 -213.00 79.00 104.00 620.00 -145.00 -1066.00 0
2959 -12.87 17.46 -6.54 -204.00 74.00 99.00 620.00 -145.00 -1066.00 0
2968 -15.03 19.41 -6.33 -206.00 72.00 79.00 620.00 -145.00 -1066.00 0
2977 -17.60 22.89 -6.96 -226.00 63.00 100.00 620.00 -145.00 -1066.00 0
2987 -20.66 28.17 -8.00 -238.00 64.00 105.00 620.00 -145.00 -1066.00 0
2996 -23.17 33.32 -10.23 -224.00 66.00 95.00 620.00 -145.00 -1066.00 0
3005 -27.20 39.10 -10.16 -221.00 65.00 98.00 620.00 -145.00 -1066.00 0
3014 -29.15 40.70 -9.25 -216.00 63.00 96.00 630.00 -132.00 -1167.00 0
3023 -31.44 41.60 -8.56 -207.00 50.00 92.00 630.00 -132.00 -1167.00 0
3034 -34.16 42.71 -8.35 -210.00 47.00 85.00 630.00 -132.00 -1167.00 0
3043 -36.31 44.59 -8.21 -210.00 41.00 79.00 630.00 -132.00 -1167.00 0
3052 -39.93 47.79 -10.50 -220.00 46.00 80.00 630.00 -132.00 -1167.00 0
3061 -40.56 49.18 -12.87 -221.00 59.00 78.00 630.00 -132.00 -1167.00 0
3070 -40.70 49.67 -15.58 -206.00 60.00 71.00 630.00 -132.00 -1167.00 0
3080 -40.63 48.97 -18.71 -193.00 79.00 76.00 640.00 -104.00 -1070.00 0
3089 -40.49 47.72 -22.54 -198.00 86.00 73.00 640.00 -104.00 -1070.00 0
3098 -41.32 46.12 -26.64 -196.00 77.00 72.00 640.00 -104.00 -1070.00 0
3107 -47.10 43.90 -34.85 -222.00 52.00 83.00 640.00 -104.00 -1070.00 0
3118 -52.03 44.87 -38.68 -242.00 -3.00 79.00 640.00 -104.00 -1070.00 0
3127 -58.30 46.05 -42.37 -239.00 -29.00 76.00 640.00 -104.00 -1070.00 0
3136 -63.58 47.44 -44.87 -260.00 -62.00 72.00 640.00 -104.00 -1070.00 0
3145 -66.99 49.53 -45.63 -264.00 -96.00 81.00 640.00 -60.00 -1164.00 0
3154 -67.62 51.20 -42.57 -265.00 -100.00 69.00 640.00 -60.00 -1164.00 0
3164 -63.37 48.21 -38.19 -264.00 -88.00 69.00 640.00 -60.00 -1164.00 0
3173 -56.90 43.62 -32.56 -261.00 -75.00 69.00 640.00 -60.00 -1164.00 0
3182 -49.60 38.33 -27.13 -255.00 -54.00 74.00 640.00 -60.00 -1164.00 0
3191 -41.81 31.93 -22.05 -251.00 -24.00 68.00 640.00 -60.00 -1164.00 0
3201 -33.74 25.32 -16.83 -228.00 2.00 79.00 640.00 -60.00 -1164.00 0
3210 -18.64 13.43 -6.40 -215.00 19.00 72.00 640.00 -60.00 -1174.00 0
3219 -12.80 9.60 -2.64 -200.00 48.00 72.00 643.00 -60.00 -1174.00 0
3228 -8.56 7.93 -0.42 -196.00 54.00 72.00 643.00 -60.00 -1174.00 0
3237 -6.75 8.21 0.42 -203.00 42.00 72.00 643.00 -60.00 -1174.00 0
3247 -6.75 9.95 -0.07 -216.00 29.00 68.00 643.00 -60.00 -1174.00 0
3256 -7.93 12.87 -1.60 -229.00 14.00 72.00 643.00 -60.00 -1174.00 0
3265 -10.23 18.30 -4.73 -243.00 5.00 74.00 643.00 -60.00 -1174.00 0
3274 -11.27 19.62 -6.61 -256.00 -15.00 68.00 643.00 -60.00 -1174.00 0
3283 -11.69 19.62 -7.86 -264.00 -20.00 65.00 643.00 -60.00 -1174.00 0
3293 -10.92 17.74 -7.86 -264.00 -19.00 71.00 643.00 -60.00 -1174.00 0
3302 -9.25 14.47 -7.10 -257.00 -29.00 61.00 643.00 -60.00 -1174.00 0
3311 -7.37 10.78 -5.98 -252.00 -22.00 63.00 643.00 -60.00 -1174.00 0
3320 -1.74 4.87 -2.30 -247.00 -13.00 61.00 643.00 -60.00 -1174.00 0
3330 1.18 2.85 0.14 -241.00 -3.00 60.00 643.00 -60.00 -1174.00 0
3339 4.10 1.74 2.57 -229.00 23.00 63.00 643.00 -60.00 -1174.00 0
3348 6.47 1.32 4.73 -228.00 19.00 59.00 643.00 -60.00 -1174.00 0
3357 7.37 1.32 6.61 -222.00 8.00 64.00 643.00 -60.00 -1174.00 0
3366 7.17 1.74 7.65 -225.00 19.00 62.00 643.00 -60.00 -1174.00 0
3376 7.17 2.50 9.32 -218.00 31.00 63.00 643.00 -60.00 -1174.00 0
3385 7.37 3.20 9.88 -224.00 25.00 61.00 643.00 -60.00 -1174.00 0
3394 6.61 3.76 9.46 -230.00 22.00 61.00 643.00 -60.00 -1174.00 0
3403 5.57 4.45 8.42 -235.00 19.00 61.00 643.00 -60.00 -1174.00 0
3412 4.66 5.63 7.44 -242.00 12.00 65.00 643.00 -60.00 -1174.00 0
3421 3.83 7.44 6.68 -235.00 7.00 65.00 643.00 -60.00 -1174.00 0
3430 3.06 9.25 5.91 -244.00 -6.00 63.00 643.00 -60.00 -1174.00 0
3439 1.81 11.97 4.59 -258.00 11.00 66.00 643.00 -60.00 -1174.00 0
3448 1.81 12.38 4.24 -251.00 24.00 66.00 643.00 -60.00 -1174.00 0
3458 1.46 11.20 4.31 -231.00 15.00 64.00 643.00 -60.00 -1174.00 0
3467 0.49 8.90 4.80 -225.00 14.00 59.00 643.00 -60.00 -1174.00 0
3476 -0.49 6.68 5.36 -223.00 8.00 64.00 649.00 -74.00 -1208.00 0
3485 -1.32 4.66 5.08 -215.00 17.00 62.00 649.00 -74.00 -1208.00 0
3494 -1.95 2.23 4.10 -221.00 15.00 61.00 649.00 -74.00 -1208.00 0
3504 -2.30 1.88 3.76 -240.00 16.00 63.00 649.00 -74.00 -1208.00 0
3513 -2.16 1.95 2.99 -250.00 23.00 67.00 649.00 -74.00 -1208.00 0
3522 -1.95 1.88 2.30 -243.00 16.00 67.00 649.00 -74.00 -1208.00 0
3531 -2.09 1.32 1.88 -234.00 7.00 64.00 649.00 -74.00 -1208.00 0
3539 -2.30 0.49 1.74 -235.00 8.00 59.00 653.00 -73.00 -1117.00 0
3549 -2.23 -0.21 1.74 -235.00 5.00 60.00 653.00 -73.00 -1117.00 0
3558 -1.53 -1.81 1.60 -231.00 10.00 62.00 653.00 -73.00 -1117.00 0
3567 -0.70 -2.50 2.16 -238.00 15.00 63.00 653.00 -73.00 -1117.00 0
3576 0.07 -2.99 2.92 -239.00 18.00 62.00 653.00 -73.00 -1117.00 0
3586 0.70 -3.55 3.48 -236.00 18.00 60.00 653.00 -73.00 -1117.00 0
3595 1.11 -4.03 3.69 -236.00 21.00 59.00 653.00 -73.00 -1117.00 0
3604 1.46 -4.59 3.97 -236.00 19.00 63.00 653.00 -73.00 -1117.00 0
3613 1.81 -5.43 4.31 -228.00 34.00 62.00 653.00 -73.00 -1117.00 0
3622 2.16 -5.70 4.31 -227.00 41.00 64.00 653.00 -73.00 -1117.00 0
3632 1.25 -5.77 4.10 -233.00 20.00 67.00 653.00 -73.00 -1117.00 0
3641 -0.83 -5.70 3.41 -234.00 6.00 64.00 653.00 -73.00 -1117.00 0
3649 -2.85 -5.63 2.43 -232.00 4.00 68.00 653.00 -73.00 -1117.00 0
3658 -3.97 -6.05 1.74 -239.00 4.00 64.00 653.00 -73.00 -1117.00 0
3667 -4.59 -7.17 1.39 -231.00 10.00 68.00 653.00 -73.00 -1117.00 0
3677 -4.80 -11.06 0.70 -230.00 15.00 64.00 653.00 -73.00 -1117.00 0
3686 -4.59 -13.01 0.42 -234.00 13.00 70.00 653.00 -73.00 -1117.00 0
3695 -4.17 -14.54 0.00 -231.00 15.00 70.00 653.00 -73.00 -1117.00 0
3704 -3.55 -15.51 -0.42 -233.00 19.00 64.00 653.00 -73.00 -1117.00 0
3714 -2.57 -16.28 -0.42 -230.00 18.00 66.00 653.00 -73.00 -1117.00 0
3723 -1.74 -17.04 -0.70 -227.00 17.00 69.00 653.00 -73.00 -1117.00 0
3732 0.28 -18.57 -2.23 -228.00 14.00 63.00 653.00 -73.00 -1117.00 0
3741 1.46 -19.41 -3.34 -227.00 9.00 64.00 653.00 -73.00 -1117.00 0
3750 2.92 -20.45 -4.52 -220.00 22.00 59.00 653.00 -73.00 -1117.00 0
3760 5.01 -22.12 -5.57 -213.00 25.00 67.00 653.00 -73.00 -1117.00 0
3769 7.10 -24.35 -6.47 -240.00 39.00 77.00 653.00 -73.00 -1117.00 0
3778 8.83 -26.78 -7.23 -257.00 48.00 82.00 653.00 -73.00 -1117.00 0
3787 7.86 -34.57 -8.35 -260.00 48.00 87.00 653.00 -73.00 -1117.00 0
3796 5.63 -39.79 -8.00 -254.00 40.00 87.00 653.00 -73.00 -1117.00 0
3806 2.57 -44.80 -7.23 -247.00 26.00 87.00 653.00 -73.00 -1117.00 0
3815 -1.11 -48.14 -6.89 -250.00 6.00 80.00 653.00 -73.00 -1117.00 0
3824 -4.87 -48.00 -6.61 -268.00 0.00 100.00 653.00 -73.00 -1117.00 0
3833 -7.30 -43.41 -5.29 -268.00 -10.00 92.00 653.00 -73.00 -1117.00 0
3843 -9.67 -32.21 -1.46 -254.00 -20.00 91.00 653.00 -73.00 -1117.00 0
3852 -9.39 -28.03 0.42 -240.00 -21.00 77.00 653.00 -73.00 -1117.00 0
3861 -7.58 -23.72 2.57 -223.00 -3.00 96.00 653.00 -73.00 -1117.00 0
3870 -4.73 -18.99 4.87 -232.00 8.00 86.00 634.00 -82.00 -1028.00 0
3879 -1.67 -15.23 7.10 -216.00 11.00 89.00 634.00 -82.00 -1028.00 0
3889 0.90 -14.26 9.04 -199.00 14.00 85.00 634.00 -82.00 -1028.00 0
3898 2.57 -13.70 10.99 -195.00 23.00 90.00 634.00 -82.00 -1028.00 0
3907 4.73 -11.41 11.69 -200.00 33.00 92.00 634.00 -82.00 -1028.00 0
3916 5.01 -11.20 11.76 -211.00 32.00 97.00 634.00 -82.00 -1028.00 0
3926 4.24 -11.97 10.78 -220.00 30.00 95.00 634.00 -82.00 -1028.00 0
3935 2.78 -13.01 8.97 -226.00 31.00 102.00 634.00 -91.00 -1149.00 0
3944 1.18 -14.33 6.96 -228.00 36.00 106.00 634.00 -91.00 -1149.00 0
3953 -0.28 -16.90 4.73 -231.00 35.00 105.00 634.00 -91.00 -1149.00 0
3962 -3.69 -25.39 3.62 -226.00 28.00 104.00 634.00 -91.00 -1149.00 0
3972 -5.98 -30.40 2.37 -227.00 19.00 98.00 634.00 -91.00 -1149.00 0
3981 -8.21 -34.85 0.90 -229.00 11.00 102.00 634.00 -91.00 -1149.00 0
3990 -9.88 -38.68 -0.70 -224.00 6.00 95.00 634.00 -91.00 -1149.00 0
3999 -10.78 -41.88 -1.88 -216.00 0.00 95.00 623.00 -85.00 -1229.00 0
4008 -10.78 -43.62 -2.37 -243.00 15.00 103.00 623.00 -85.00 -1229.00 0
4018 -8.21 -41.81 -1.39 -260.00 18.00 113.00 623.00 -85.00 -1229.00 0
4027 -7.10 -40.63 0.00 -252.00 14.00 109.00 623.00 -85.00 -1229.00 0
4036 -6.12 -39.30 2.43 -238.00 12.00 103.00 623.00 -85.00 -1229.00 0
4045 -4.87 -37.70 5.57 -215.00 14.00 108.00 623.00 -85.00 -1229.00 0
4055 -3.41 -36.52 8.56 -210.00 26.00 109.00 623.00 -85.00 -1229.00 0
4064 -2.37 -36.17 11.48 -214.00 40.00 119.00 623.00 -99.00 -1209.00 0
4073 -2.30 -39.23 12.59 -230.00 50.00 123.00 612.00 -99.00 -1209.00 0
4082 -4.10 -44.24 13.29 -222.00 47.00 116.00 612.00 -99.00 -1209.00 0
4091 -7.03 -51.20 13.91 -213.00 44.00 122.00 612.00 -99.00 -1209.00 0
4101 -10.43 -59.13 14.75 -202.00 36.00 119.00 612.00 -99.00 -1209.00 0
4110 -13.91 -67.69 15.51 -189.00 35.00 119.00 612.00 -99.00 -1209.00 0
4119 -20.10 -80.70 16.07 -177.00 29.00 121.00 612.00 -99.00 -1209.00 0
4128 -21.84 -83.83 16.63 -161.00 25.00 121.00 612.00 -99.00 -1209.00 0
4139 -22.75 -85.70 17.04 -135.00 20.00 118.00 612.00 -99.00 -1209.00 0
4148 -23.03 -86.68 16.70 -116.00 9.00 118.00 612.00 -99.00 -1209.00 0
4157 -22.47 -85.43 15.86 -122.00 13.00 125.00 612.00 -99.00 -1209.00 0
4166 -20.66 -80.56 14.82 -144.00 26.00 134.00 612.00 -99.00 -1209.00 0
4175 -16.07 -66.43 11.69 -149.00 25.00 136.00 612.00 -99.00 -1209.00 0
4185 -14.40 -60.10 10.09 -154.00 28.00 136.00 612.00 -99.00 -1209.00 0
4194 -13.01 -53.98 8.77 -149.00 24.00 136.00 612.00 -99.00 -1209.00 0
4203 -11.76 -48.00 7.51 -138.00 22.00 130.00 612.00 -99.00 -1209.00 0
4212 -10.23 -41.18 6.26 -149.00 29.00 142.00 612.00 -99.00 -1209.00 0
4221 -8.56 -24.77 3.76 -206.00 48.00 157.00 612.00 -99.00 -1209.00 0
4231 -6.33 -18.02 2.71 -220.00 48.00 153.00 612.00 -99.00 -1209.00 0
4240 -7.03 -14.82 2.09 -195.00 30.00 148.00 612.00 -99.00 -1209.00 0
4249 -8.35 -14.26 2.02 -171.00 17.00 142.00 612.00 -99.00 -1209.00 0
4258 -8.90 -13.91 2.37 -155.00 21.00 134.00 612.00 -99.00 -1209.00 0
4269 -8.42 -12.52 2.57 -133.00 14.00 132.00 612.00 -99.00 -1209.00 0
4278 -7.65 -5.15 1.88 -126.00 9.00 129.00 612.00 -99.00 -1209.00 0
4286 -4.87 1.81 1.53 -124.00 18.00 123.00 612.00 -99.00 -1209.00 0
4295 -2.99 10.09 0.97 -75.00 100.00 117.00 612.00 -99.00 -1209.00 0
4304 -1.67 18.99 0.83 -35.00 129.00 101.00 612.00 -99.00 -1209.00 0
4315 -4.66 30.05 2.50 -2.00 94.00 80.00 612.00 -99.00 -1209.00 0
4323 -13.36 46.19 4.38 54.00 17.00 56.00 612.00 -99.00 -1209.00 0
4332 -24.97 68.10 -2.02 74.00 -113.00 1.00 612.00 -99.00 -1209.00 0
4341 -42.78 125.98 -15.37 81.00 -199.00 -81.00 612.00 -99.00 -1209.00 0
4350 -39.30 161.18 -35.48 66.00 -176.00 -119.00 612.00 -99.00 -1209.00 0
4361 -26.02 200.49 -59.48 28.00 -136.00 -203.00 612.00 -99.00 -1209.00 0
4370 -5.50 241.81 -79.72 -127.00 -3.00 -223.00 612.00 -99.00 -1209.00 1
4380 22.47 285.91 -86.33 -3637.00 1607.00 3534.00 612.00 -99.00 -1209.00 0
4389 66.16 345.04 -78.68 -1028.00 -143.00 -34.00 612.00 -99.00 -1209.00 1
4400 30.33 254.75 -56.07 -245.00 -234.00 -17.00 612.00 -99.00 -1209.00 1
4410 10.23 190.12 -45.15 -282.00 132.00 78.00 612.00 -99.00 -1209.00 1
4419 17.46 116.52 -17.53 -209.00 -18.00 128.00 612.00 -99.00 -1209.00 1
4429 12.03 99.83 -16.49 -228.00 -58.00 24.00 612.00 -99.00 -1209.00 1
4440 9.81 86.68 -12.10 -256.00 -3.00 5.00 612.00 -99.00 -1209.00 1
4449 11.13 74.78 -3.13 -246.00 22.00 37.00 612.00 -99.00 -1209.00 1
4459 12.17 62.33 5.29 -242.00 33.00 48.00 658.00 -66.00 -1148.00 1
4468 10.02 43.34 12.59 -237.00 29.00 44.00 658.00 -66.00 -1148.00 1
4478 8.07 36.73 13.08 -243.00 24.00 27.00 658.00 -66.00 -1148.00 1
4489 5.91 31.72 12.45 -243.00 16.00 37.00 658.00 -66.00 -1148.00 1
4498 4.03 27.55 10.85 -245.00 12.00 29.00 658.00 -66.00 -1148.00 1
4508 1.81 20.94 7.23 -245.00 18.00 26.00 658.00 -66.00 -1148.00 1
4517 1.39 17.25 5.98 -244.00 16.00 30.00 658.00 -66.00 -1148.00 1
4528 0.42 12.94 4.45 -244.00 27.00 35.00 660.00 -69.00 -1254.00 1
4537 -0.97 8.49 2.64 -245.00 7.00 34.00 660.00 -69.00 -1254.00 1
4547 -4.73 1.81 -1.25 -243.00 12.00 35.00 660.00 -69.00 -1254.00 1
4557 -6.33 -1.18 -2.50 -238.00 10.00 45.00 660.00 -69.00 -1254.00 1
4567 -7.72 -3.90 -3.34 -236.00 12.00 51.00 660.00 -69.00 -1254.00 1
4577 -8.83 -6.05 -4.17 -241.00 10.00 43.00 660.00 -69.00 -1254.00 1
4587 -10.23 -9.04 -4.80 -239.00 12.00 50.00 660.00 -69.00 -1254.00 1
4596 -10.71 -10.09 -4.94 -237.00 0.00 50.00 657.00 -65.00 -1171.00 1
4606 -10.64 -10.78 -4.73 -237.00 11.00 50.00 657.00 -65.00 -1171.00 1
4617 -9.81 -10.99 -4.17 -235.00 6.00 53.00 657.00 -65.00 -1171.00 1
4627 -8.49 -10.64 -3.27 -235.00 3.00 56.00 657.00 -65.00 -1171.00 1
4636 -7.86 -9.67 -2.85 -235.00 10.00 49.00 657.00 -65.00 -1171.00 1
4646 -7.03 -8.21 -2.09 -240.00 11.00 49.00 657.00 -65.00 -1171.00 1
4657 -6.19 -6.75 -0.70 -237.00 14.00 43.00 655.00 -65.00 -1055.00 1
4667 -4.73 -4.10 -0.49 -240.00 18.00 47.00 655.00 -65.00 -1055.00 1
4677 -5.43 -3.20 -1.25 -239.00 8.00 43.00 655.00 -65.00 -1055.00 1
4686 -6.82 -2.64 -2.64 -242.00 5.00 45.00 655.00 -65.00 -1055.00 1
4697 -8.49 -2.50 -3.97 -237.00 6.00 46.00 655.00 -65.00 -1055.00 1
4707 -8.97 -2.85 -4.10 -241.00 10.00 46.00 655.00 -65.00 -1055.00 1
4717 -9.46 -3.20 -4.17 -241.00 9.00 47.00 655.00 -65.00 -1055.00 1
4726 -10.23 -3.62 -4.66 -239.00 5.00 49.00 655.00 -65.00 -1055.00 1
4737 -11.41 -4.59 -5.15 -239.00 16.00 47.00 655.00 -65.00 -1055.00 1
4747 -11.55 -5.29 -5.08 -236.00 1.00 49.00 655.00 -65.00 -1055.00 1
4757 -12.24 -5.77 -5.43 -240.00 8.00 46.00 655.00 -65.00 -1055.00 1
4767 -12.45 -6.26 -5.63 -236.00 -2.00 49.00 655.00 -65.00 -1055.00 1
4776 -11.97 -7.17 -5.77 -236.00 0.00 57.00 655.00 -65.00 -1055.00 1
4787 -11.13 -7.30 -5.15 -238.00 2.00 50.00 655.00 -60.00 -1160.00 1
4797 -10.02 -7.17 -4.24 -239.00 6.00 51.00 655.00 -60.00 -1160.00 1
4807 -9.11 -7.03 -2.23 -237.00 4.00 51.00 655.00 -60.00 -1160.00 1
4817 -8.70 -7.51 -1.46 -235.00 0.00 59.00 655.00 -60.00 -1160.00 1
4827 -8.63 -7.58 -0.70 -238.00 1.00 55.00 655.00 -60.00 -1160.00 1
4837 -8.07 -7.37 0.14 -232.00 9.00 54.00 655.00 -60.00 -1160.00 1
4847 -6.19 -6.26 2.23 -236.00 10.00 49.00 655.00 -60.00 -1160.00 1
4857 -5.63 -5.77 2.92 -235.00 15.00 57.00 655.00 -60.00 -1160.00 1
4868 -5.29 -5.43 2.99 -240.00 24.00 58.00 655.00 -60.00 -1160.00 1
4878 -5.15 -5.22 2.43 -235.00 5.00 53.00 655.00 -60.00 -1160.00 1
4887 -7.51 -4.59 -1.67 -240.00 0.00 54.00 655.00 -60.00 -1160.00 1
4897 -7.93 -4.10 -2.99 -244.00 0.00 61.00 655.00 -60.00 -1160.00 1
4908 -7.72 -3.97 -3.48 -242.00 1.00 55.00 655.00 -60.00 -1160.00 1
4918 -7.10 -3.76 -2.85 -260.00 0.00 58.00 650.00 -58.00 -1234.00 1
4927 -5.98 -3.97 -3.34 -268.00 6.00 63.00 650.00 -58.00 -1234.00 0
4936 -4.80 -7.03 -3.34 -326.00 21.00 90.00 650.00 -58.00 -1234.00 0
4945 -3.48 -12.38 -1.67 -358.00 14.00 95.00 650.00 -58.00 -1234.00 0
4955 -2.64 -20.24 0.83 -355.00 5.00 89.00 650.00 -58.00 -1234.00 0
4964 -2.23 -29.91 4.03 -327.00 0.00 81.00 650.00 -58.00 -1234.00 0
4973 -1.74 -52.24 13.43 -277.00 2.00 63.00 650.00 -58.00 -1234.00 0
4982 1.18 -61.84 19.06 -214.00 2.00 45.00 650.00 -76.00 -1179.00 0
4992 2.92 -67.27 23.86 -180.00 -12.00 47.00 646.00 -76.00 -1179.00 0
5001 4.45 -67.90 27.34 -180.00 -3.00 46.00 646.00 -76.00 -1179.00 0
5010 6.26 -66.30 31.37 -176.00 5.00 58.00 646.00 -76.00 -1179.00 0
5019 8.00 -65.04 34.09 -194.00 29.00 65.00 646.00 -76.00 -1179.00 0
5028 9.74 -64.21 35.06 -216.00 40.00 75.00 646.00 -76.00 -1179.00 0
5038 9.46 -65.74 33.81 -233.00 53.00 89.00 646.00 -76.00 -1179.00 0
5047 7.58 -69.36 32.14 -263.00 59.00 100.00 646.00 -76.00 -1179.00 0
5056 4.80 -75.34 30.33 -296.00 64.00 118.00 646.00 -76.00 -1179.00 0
5065 0.77 -83.97 28.66 -291.00 61.00 111.00 646.00 -76.00 -1179.00 0
5074 -4.45 -96.07 27.55 -261.00 45.00 105.00 646.00 -76.00 -1179.00 0
5084 -16.97 -127.10 26.99 -193.00 10.00 82.00 646.00 -76.00 -1179.00 0
5094 -21.98 -140.45 26.23 -127.00 -21.00 78.00 646.00 -76.00 -1179.00 0
5103 -23.79 -144.35 24.77 -130.00 -12.00 88.00 646.00 -76.00 -1179.00 0
5112 -22.05 -139.55 22.89 -162.00 4.00 111.00 646.00 -76.00 -1179.00 0
5122 -18.99 -130.99 19.97 -198.00 19.00 125.00 646.00 -76.00 -1179.00 0
5131 -15.79 -120.97 17.11 -220.00 38.00 132.00 646.00 -76.00 -1179.00 0
5140 -10.23 -107.55 14.75 -196.00 27.00 128.00 646.00 -76.00 -1179.00 0
5150 -9.46 -103.93 13.36 -192.00 27.00 123.00 646.00 -76.00 -1179.00 0
5159 -8.07 -101.98 13.36 -173.00 34.00 130.00 646.00 -76.00 -1179.00 0
5169 -6.47 -101.91 13.77 -167.00 36.00 131.00 646.00 -76.00 -1179.00 0
5178 -5.29 -101.43 13.43 -170.00 37.00 140.00 646.00 -76.00 -1179.00 0
5187 -5.08 -99.20 10.64 -152.00 31.00 131.00 646.00 -76.00 -1179.00 0
5196 -5.22 -98.37 9.11 -147.00 21.00 135.00 646.00 -76.00 -1179.00 0
5206 -4.80 -95.37 8.07 -144.00 17.00 143.00 646.00 -76.00 -1179.00 0
5215 -3.48 -88.49 7.03 -138.00 23.00 141.00 646.00 -76.00 -1179.00 0
5224 -1.11 -79.30 6.33 -143.00 27.00 141.00 646.00 -76.00 -1179.00 0
5233 1.46 -69.98 5.77 -167.00 34.00 151.00 646.00 -76.00 -1179.00 0
5242 5.50 -53.91 5.84 -170.00 32.00 156.00 646.00 -76.00 -1179.00 0
5252 6.61 -47.79 5.91 -166.00 27.00 156.00 553.00 -120.00 -1429.00 0
5261 7.44 -42.57 6.05 -189.00 36.00 165.00 553.00 -120.00 -1429.00 0
5270 8.49 -38.26 6.82 -201.00 50.00 170.00 553.00 -120.00 -1429.00 0
5280 9.32 -36.24 7.17 -179.00 48.00 160.00 553.00 -120.00 -1429.00 0
5289 9.25 -36.31 6.19 -168.00 60.00 157.00 553.00 -120.00 -1429.00 0
5299 8.83 -37.36 3.55 -147.00 67.00 155.00 553.00 -120.00 -1429.00 0
5308 8.07 -37.43 2.78 -138.00 62.00 154.00 553.00 -120.00 -1429.00 0
5317 6.75 -36.24 2.37 -138.00 64.00 153.00 553.00 -120.00 -1429.00 0
5326 5.08 -33.53 2.09 -149.00 66.00 157.00 553.00 -120.00 -1429.00 0
5336 3.06 -29.98 2.02 -150.00 54.00 160.00 553.00 -120.00 -1429.00 0
5345 0.49 -23.03 2.16 -138.00 31.00 160.00 553.00 -120.00 -1429.00 0
5354 -5.01 -19.13 2.43 -143.00 27.00 154.00 553.00 -120.00 -1429.00 0
5363 -6.68 -14.47 2.50 -146.00 27.00 153.00 553.00 -120.00 -1429.00 0
5372 -7.23 -9.60 2.30 -164.00 35.00 163.00 553.00 -120.00 -1429.00 0
5382 -7.03 -4.94 1.88 -178.00 43.00 165.00 553.00 -120.00 -1429.00 0
5391 -6.68 -1.18 1.32 -173.00 42.00 167.00 553.00 -120.00 -1429.00 0
5400 -6.12 2.85 0.49 -163.00 43.00 161.00 553.00 -120.00 -1429.00 0
5409 -5.77 4.38 0.35 -157.00 51.00 160.00 553.00 -120.00 -1429.00 0
5419 -5.70 6.19 0.42 -141.00 42.00 151.00 553.00 -120.00 -1429.00 0
5429 -5.98 8.90 0.70 -130.00 28.00 148.00 553.00 -120.00 -1429.00 0
5438 -6.26 14.12 1.39 -127.00 31.00 148.00 553.00 -120.00 -1429.00 0
5447 -5.98 22.33 2.50 -124.00 65.00 144.00 553.00 -120.00 -1429.00 0
5456 -5.01 42.37 6.05 -132.00 103.00 147.00 553.00 -120.00 -1429.00 0
5466 -7.44 51.55 9.18 -137.00 117.00 147.00 553.00 -120.00 -1429.00 0
5475 -13.36 60.17 12.73 -150.00 88.00 146.00 553.00 -120.00 -1429.00 0
5484 -22.54 69.15 15.86 -150.00 63.00 134.00 553.00 -120.00 -1429.00 0
5493 -32.49 77.36 17.53 -107.00 73.00 112.00 553.00 -120.00 -1429.00 0
5502 -41.81 84.03 16.49 -96.00 -3.00 96.00 553.00 -120.00 -1429.00 0
5512 -60.59 101.15 13.15 -68.00 -61.00 76.00 553.00 -120.00 -1429.00 0
5522 -63.79 112.70 6.40 -3.00 -50.00 39.00 553.00 -120.00 -1429.00 0
5531 -60.94 126.61 -2.23 -1.00 -45.00 37.00 553.00 -120.00 -1429.00 0
5540 -53.70 146.30 -11.20 -19.00 -102.00 -4.00 553.00 -120.00 -1429.00 0
5550 -45.08 170.37 -24.28 -18.00 -112.00 -66.00 553.00 -120.00 -1429.00 0
5559 -18.02 222.75 -60.17 -27.00 -134.00 -148.00 553.00 -120.00 -1429.00 0
5568 0.28 249.74 -78.75 -33.00 -99.00 -215.00 553.00 -120.00 -1429.00 1
5578 22.89 281.39 -91.62 -3764.00 1177.00 2137.00 651.00 -67.00 -1130.00 1
5588 53.36 319.17 -88.07 -381.00 -325.00 183.00 651.00 -67.00 -1130.00 1
5599 26.23 214.47 -57.67 -193.00 -14.00 130.00 651.00 -67.00 -1130.00 1
5609 27.62 158.26 -38.19 -258.00 58.00 60.00 651.00 -67.00 -1130.00 1
5618 30.82 126.47 -18.37 -230.00 -26.00 52.00 651.00 -67.00 -1130.00 1
5628 28.52 102.61 -6.68 -235.00 17.00 43.00 651.00 -67.00 -1130.00 1
5638 27.55 64.63 14.05 -243.00 48.00 50.00 651.00 -67.00 -1130.00 1
5648 26.16 50.99 22.12 -234.00 70.00 59.00 651.00 -67.00 -1130.00 1
5658 23.51 40.42 24.07 -242.00 29.00 35.00 651.00 -67.00 -1130.00 1
5667 18.85 32.49 21.98 -237.00 35.00 49.00 651.00 -67.00 -1130.00 1
5678 12.31 18.37 16.90 -236.00 36.00 53.00 651.00 -67.00 -1130.00 1
5688 9.74 13.57 13.50 -241.00 29.00 44.00 651.00 -67.00 -1130.00 1
5698 7.10 9.74 9.95 -241.00 30.00 39.00 651.00 -67.00 -1130.00 1
5707 4.87 6.26 7.44 -235.00 24.00 50.00 663.00 -94.00 -1065.00 1
5718 1.25 -0.56 3.69 -238.00 26.00 54.00 663.00 -94.00 -1065.00 1
5727 -0.14 -3.13 1.88 -238.00 32.00 53.00 663.00 -94.00 -1065.00 1
5737 -1.32 -5.29 0.21 -236.00 22.00 58.00 663.00 -94.00 -1065.00 1
5747 -2.85 -6.61 -1.60 -236.00 37.00 58.00 663.00 -94.00 -1065.00 1
5757 -6.61 -7.37 -5.91 -234.00 28.00 58.00 663.00 -94.00 -1065.00 1
5767 -8.70 -7.10 -8.14 -235.00 7.00 59.00 663.00 -94.00 -1065.00 1
5777 -10.92 -6.75 -10.30 -232.00 10.00 59.00 663.00 -94.00 -1065.00 1
5787 -12.10 -6.61 -11.69 -236.00 11.00 57.00 663.00 -94.00 -1065.00 1
5797 -11.48 -5.98 -11.76 -237.00 11.00 56.00 663.00 -94.00 -1065.00 1
5808 -10.50 -5.63 -11.20 -233.00 7.00 60.00 663.00 -94.00 -1065.00 1
5817 -9.39 -5.08 -10.43 -236.00 18.00 58.00 663.00 -94.00 -1065.00 1
5827 -8.35 -3.34 -8.56 -233.00 13.00 60.00 663.00 -94.00 -1065.00 1
5837 -7.37 -2.57 -7.44 -235.00 11.00 60.00 657.00 -85.00 -1092.00 1
5848 -7.23 -1.81 -6.47 -233.00 18.00 59.00 657.00 -85.00 -1092.00 1
5858 -6.89 -1.25 -5.43 -235.00 19.00 57.00 657.00 -85.00 -1092.00 1
5868 -6.75 -0.35 -3.97 -234.00 22.00 57.00 657.00 -85.00 -1092.00 1
5878 -6.96 0.00 -3.76 -236.00 7.00 53.00 657.00 -85.00 -1092.00 1
5888 -7.30 0.28 -3.90 -235.00 18.00 56.00 657.00 -85.00 -1092.00 1
5898 -7.10 0.28 -3.76 -239.00 15.00 57.00 657.00 -85.00 -1092.00 1
5908 -5.29 -0.28 -2.64 -237.00 17.00 60.00 657.00 -85.00 -1092.00 1
5918 -4.45 -0.42 -1.95 -234.00 17.00 60.00 657.00 -85.00 -1092.00 1
5928 -3.62 -0.70 -1.60 -233.00 26.00 55.00 657.00 -85.00 -1092.00 1
5939 -2.99 -1.11 -1.39 -239.00 30.00 58.00 657.00 -85.00 -1092.00 1
5948 -4.38 -1.46 -2.43 -233.00 17.00 55.00 657.00 -85.00 -1092.00 1
5958 -5.91 -1.88 -3.90 -234.00 7.00 57.00 657.00 -85.00 -1092.00 1
5968 -7.17 -2.16 -4.80 -234.00 14.00 61.00 657.00 -80.00 -1209.00 1
5979 -8.49 -2.92 -5.29 -237.00 21.00 58.00 657.00 -80.00 -1209.00 1
5989 -8.70 -2.92 -5.22 -233.00 10.00 61.00 657.00 -80.00 -1209.00 1
5999 -9.04 -2.85 -5.29 -234.00 8.00 63.00 657.00 -80.00 -1209.00 1
6008 -8.70 -2.64 -4.80 -238.00 15.00 58.00 657.00 -80.00 -1209.00 1
6019 -6.82 -2.16 -2.78 -236.00 15.00 61.00 657.00 -80.00 -1209.00 1
6029 -5.91 -1.74 -2.02 -236.00 32.00 63.00 657.00 -80.00 -1209.00 1
6039 -5.08 -1.25 -1.46 -235.00 16.00 62.00 657.00 -80.00 -1209.00 1
6049 -5.63 -0.70 -2.09 -235.00 19.00 61.00 657.00 -80.00 -1209.00 1
6060 -5.77 -0.49 -2.43 -234.00 15.00 57.00 657.00 -80.00 -1209.00 1
6070 -6.05 -0.42 -2.64 -234.00 14.00 59.00 657.00 -80.00 -1209.00 1
6080 -6.26 -0.49 -2.71 -240.00 17.00 57.00 657.00 -80.00 -1209.00 1
6090 -6.40 -0.56 -2.92 -234.00 15.00 60.00 657.00 -80.00 -1209.00 1
6100 -6.54 -0.77 -2.92 -237.00 16.00 55.00 657.00 -80.00 -1038.00 1
6111 -6.68 -1.11 -2.78 -231.00 11.00 60.00 657.00 -80.00 -1038.00 1
6121 -6.82 -1.60 -2.71 -235.00 18.00 58.00 657.00 -80.00 -1038.00 1
6130 -6.75 -1.74 -2.64 -235.00 19.00 59.00 657.00 -80.00 -1038.00 1
6140 -6.75 -1.81 -2.78 -234.00 17.00 60.00 657.00 -80.00 -1038.00 1
6151 -6.82 -1.81 -2.99 -235.00 19.00 57.00 657.00 -80.00 -1038.00 1
6161 -7.10 -1.81 -3.48 -232.00 15.00 58.00 657.00 -80.00 -1038.00 1
6171 -7.51 -1.74 -4.03 -236.00 23.00 50.00 657.00 -80.00 -1038.00 1
6181 -8.00 -1.67 -4.38 -241.00 23.00 40.00 657.00 -80.00 -1038.00 1
6192 -11.27 -2.50 -5.08 -243.00 33.00 49.00 657.00 -80.00 -1038.00 1
6202 -15.65 -3.97 -5.91 -230.00 13.00 82.00 657.00 -80.00 -1038.00 1
6212 -20.73 -6.26 -7.51 -227.00 34.00 91.00 657.00 -80.00 -1038.00 1
6221 -23.72 -7.65 -9.46 -261.00 75.00 90.00 657.00 -80.00 -1038.00 1
6232 -31.58 -7.93 -14.75 -377.00 71.00 137.00 649.00 -64.00 -1244.00 0
6241 -38.33 -17.04 -15.30 -426.00 35.00 127.00 649.00 -64.00 -1244.00 0
6250 -46.33 -30.33 -14.96 -330.00 -12.00 87.00 649.00 -64.00 -1244.00 0
6259 -52.73 -43.83 -11.76 -255.00 -59.00 52.00 649.00 -64.00 -1244.00 0
6269 -57.46 -54.54 -6.89 -191.00 -94.00 33.00 649.00 -64.00 -1244.00 0
6279 -54.19 -65.25 2.57 -201.00 -78.00 42.00 649.00 -64.00 -1244.00 0
6288 -45.84 -68.52 7.37 -211.00 -52.00 62.00 649.00 -64.00 -1244.00 0
6297 -35.90 -70.40 11.06 -235.00 -29.00 64.00 641.00 -65.00 -1082.00 0
6306 -24.49 -70.82 15.10 -249.00 -13.00 74.00 641.00 -65.00 -1082.00 0
6316 -12.94 -71.86 19.76 -275.00 22.00 100.00 641.00 -65.00 -1082.00 0
6325 -1.74 -74.64 25.74 -277.00 37.00 97.00 641.00 -65.00 -1082.00 0
6334 15.17 -85.63 38.75 -242.00 51.00 92.00 641.00 -65.00 -1082.00 0
6343 19.48 -94.40 45.01 -158.00 104.00 83.00 641.00 -65.00 -1082.00 0
6352 19.76 -103.51 49.32 -141.00 79.00 80.00 641.00 -65.00 -1082.00 0
6362 13.29 -109.22 49.95 -161.00 0.00 86.00 627.00 -102.00 -1240.00 0
6371 3.20 -110.96 45.63 -162.00 -2.00 94.00 627.00 -102.00 -1240.00 0
6380 -4.66 -109.50 39.10 -184.00 17.00 112.00 627.00 -102.00 -1240.00 0
6390 -9.60 -101.08 30.33 -192.00 28.00 122.00 627.00 -102.00 -1240.00 0
6400 -10.23 -96.63 27.20 -200.00 32.00 124.00 627.00 -102.00 -1240.00 0
6409 -10.50 -92.87 24.77 -213.00 33.00 132.00 627.00 -102.00 -1240.00 0
6418 -10.57 -91.06 22.75 -197.00 13.00 126.00 627.00 -102.00 -1240.00 0
6427 -10.43 -90.78 20.59 -177.00 0.00 125.00 602.00 -108.00 -1039.00 0
6436 -6.19 -88.97 17.53 -176.00 9.00 117.00 602.00 -108.00 -1039.00 0
6446 -1.95 -86.61 15.58 -169.00 14.00 128.00 602.00 -108.00 -1039.00 0
6456 2.09 -82.92 13.29 -169.00 21.00 136.00 602.00 -108.00 -1039.00 0
6465 5.98 -78.12 11.55 -162.00 20.00 129.00 602.00 -108.00 -1039.00 0
6474 9.25 -72.90 10.43 -135.00 40.00 130.00 602.00 -108.00 -1039.00 0
6483 12.45 -66.99 9.74 -116.00 81.00 128.00 602.00 -108.00 -1039.00 0
6493 15.86 -52.17 10.16 -117.00 74.00 129.00 588.00 -125.00 -1118.00 0
6502 13.36 -44.38 10.16 -141.00 51.00 131.00 588.00 -125.00 -1118.00 0
6511 9.25 -36.03 9.67 -185.00 56.00 144.00 588.00 -125.00 -1118.00 0
6520 5.63 -27.76 8.42 -233.00 71.00 162.00 588.00 -125.00 -1118.00 0
6531 2.23 -21.84 6.26 -228.00 52.00 158.00 588.00 -125.00 -1118.00 0
6540 -5.50 -20.17 2.64 -206.00 33.00 149.00 588.00 -125.00 -1118.00 0
6549 -8.14 -22.33 1.95 -187.00 18.00 149.00 588.00 -125.00 -1118.00 0
6558 -9.46 -24.42 1.32 -169.00 4.00 140.00 582.00 -123.00 -1025.00 0
6567 -9.32 -25.67 0.49 -165.00 17.00 139.00 582.00 -123.00 -1025.00 0
6577 -8.07 -25.53 -0.07 -149.00 20.00 133.00 582.00 -123.00 -1025.00 0
6586 -5.98 -24.35 -0.28 -129.00 34.00 130.00 582.00 -123.00 -1025.00 0
6595 -1.53 -18.64 -0.90 -140.00 61.00 137.00 582.00 -123.00 -1025.00 0
6604 -0.90 -12.87 -0.83 -168.00 57.00 144.00 582.00 -123.00 -1025.00 0
6614 -1.81 -6.47 -0.49 -189.00 48.00 149.00 582.00 -123.00 -1025.00 0
6623 -3.41 -0.90 -0.28 -180.00 47.00 148.00 582.00 -123.00 -1025.00 0
6632 -4.94 3.20 0.07 -173.00 58.00 144.00 582.00 -123.00 -1025.00 0
6641 -6.40 6.26 0.42 -185.00 43.00 142.00 582.00 -123.00 -1025.00 0
6650 -10.37 10.92 0.90 -173.00 37.00 147.00 582.00 -123.00 -1025.00 0
6660 -12.17 12.59 1.11 -163.00 36.00 137.00 582.00 -123.00 -1025.00 0
6670 -13.50 13.98 1.46 -147.00 31.00 134.00 582.00 -123.00 -1025.00 0
6679 -14.75 15.79 0.97 -126.00 34.00 127.00 582.00 -123.00 -1025.00 0
6688 -15.86 19.27 -0.14 -85.00 42.00 111.00 582.00 -123.00 -1025.00 0
6697 -18.50 31.23 -2.09 -12.00 71.00 83.00 582.00 -123.00 -1025.00 0
6707 -21.08 40.90 -3.27 1.00 52.00 50.00 582.00 -123.00 -1025.00 0
6716 -26.57 54.26 -6.05 -41.00 -39.00 40.00 582.00 -123.00 -1025.00 0
6725 -33.74 72.77 -14.54 -69.00 -82.00 26.00 582.00 -123.00 -1025.00 0
6734 -37.15 94.96 -30.26 -119.00 -58.00 6.00 582.00 -123.00 -1025.00 0
6744 -34.71 117.70 -50.02 -128.00 -22.00 -12.00 582.00 -123.00 -1025.00 0
6753 -23.03 158.75 -94.05 -115.00 -98.00 -71.00 582.00 -123.00 -1025.00 0
6762 -15.58 182.61 -107.62 -79.00 -101.00 -87.00 582.00 -123.00 -1025.00 0
6772 3.13 213.84 -106.92 -193.00 -28.00 -141.00 582.00 -123.00 -1025.00 1
6781 25.95 248.49 -99.20 872.00 191.00 -580.00 582.00 -123.00 -1025.00 1
6793 9.04 165.84 -66.30 -124.00 -225.00 13.00 582.00 -123.00 -1025.00 1
6802 -4.73 111.93 -59.69 -249.00 32.00 98.00 582.00 -123.00 -1025.00 1
6812 -0.42 82.23 -43.13 -230.00 -11.00 92.00 582.00 -123.00 -1025.00 1
6822 1.18 63.58 -30.33 -212.00 -38.00 95.00 635.00 -50.00 -1134.00 1
6833 -0.77 34.71 -11.90 -241.00 37.00 74.00 635.00 -50.00 -1134.00 1
6843 1.18 27.48 -2.43 -230.00 30.00 85.00 635.00 -50.00 -1134.00 1
6853 0.83 20.66 1.53 -230.00 12.00 78.00 635.00 -50.00 -1134.00 1
6863 -1.25 12.38 1.32 -230.00 10.00 75.00 635.00 -50.00 -1134.00 1
6874 -2.09 9.39 0.14 -226.00 6.00 87.00 635.00 -50.00 -1134.00 1
6884 -2.78 8.07 -1.39 -229.00 8.00 71.00 635.00 -50.00 -1134.00 1
6894 -3.48 8.21 -2.85 -233.00 1.00 64.00 637.00 -53.00 -1136.00 1
6904 -5.43 8.21 -5.08 -230.00 -12.00 68.00 637.00 -53.00 -1136.00 1
6914 -5.50 6.40 -5.50 -233.00 0.00 74.00 637.00 -53.00 -1136.00 1
6924 -4.94 4.03 -5.01 -225.00 -5.00 80.00 637.00 -53.00 -1136.00 1
6934 -4.80 0.21 -3.48 -228.00 10.00 81.00 637.00 -53.00 -1136.00 1
6944 -4.59 -0.70 -2.43 -232.00 -1.00 73.00 637.00 -53.00 -1136.00 1
6955 -5.29 -1.32 -2.02 -227.00 -12.00 74.00 635.00 -51.00 -897.00 1
6965 -5.63 -1.67 -1.60 -227.00 7.00 86.00 635.00 -51.00 -897.00 1
6975 -3.76 -2.16 -0.14 -227.00 4.00 88.00 635.00 -51.00 -897.00 1
6985 -3.34 -2.16 0.21 -228.00 4.00 82.00 635.00 -51.00 -897.00 1
6995 -2.99 -1.67 0.14 -227.00 1.00 78.00 635.00 -51.00 -897.00 1
7006 -2.64 -0.97 0.21 -228.00 -1.00 80.00 635.00 -51.00 -897.00 1
7016 -1.95 -0.21 0.28 -230.00 6.00 77.00 635.00 -51.00 -897.00 1
7025 -1.39 0.14 0.56 -230.00 3.00 73.00 635.00 -51.00 -897.00 1
7035 -1.11 0.35 0.63 -228.00 2.00 79.00 635.00 -51.00 -897.00 1
7046 -1.60 0.21 0.42 -227.00 8.00 80.00 635.00 -51.00 -897.00 1
7056 -2.02 0.00 0.21 -227.00 0.00 81.00 635.00 -51.00 -897.00 1
7066 -2.64 -0.21 0.00 -227.00 -1.00 82.00 635.00 -51.00 -897.00 1
7076 -2.99 -0.35 -0.14 -223.00 4.00 80.00 635.00 -51.00 -897.00 1
7087 -3.13 -0.42 -0.07 -231.00 4.00 81.00 636.00 -53.00 -1404.00 1
7097 -3.13 -0.35 -0.14 -228.00 1.00 78.00 636.00 -53.00 -1404.00 1
7107 -3.13 -0.28 -0.14 -231.00 8.00 77.00 636.00 -53.00 -1404.00 1
7117 -2.99 -0.14 0.28 -228.00 0.00 80.00 636.00 -53.00 -1404.00 1
7128 -3.34 -0.35 0.21 -228.00 -2.00 83.00 636.00 -53.00 -1404.00 1
7138 -3.27 -0.42 0.35 -229.00 15.00 80.00 636.00 -53.00 -1404.00 1
7148 -2.85 -0.35 0.97 -229.00 6.00 82.00 636.00 -53.00 -1404.00 1
7158 -3.69 -0.28 0.56 -229.00 7.00 79.00 636.00 -53.00 -1404.00 1
7169 -3.97 0.00 0.14 -229.00 -2.00 79.00 636.00 -53.00 -1404.00 1
7179 -4.45 0.07 -0.42 -230.00 4.00 77.00 636.00 -53.00 -1404.00 1
7189 -4.59 0.28 -0.70 -228.00 3.00 78.00 636.00 -53.00 -1404.00 1
7199 -4.59 0.21 -0.63 -226.00 4.00 78.00 636.00 -53.00 -1404.00 1
7209 -4.31 0.28 -0.28 -231.00 6.00 83.00 636.00 -53.00 -1404.00 1
7220 -3.69 0.42 -0.14 -228.00 3.00 79.00 639.00 -56.00 -1145.00 1
7230 -3.34 0.42 -0.21 -229.00 2.00 77.00 639.00 -56.00 -1145.00 1
7240 -2.78 0.49 -0.28 -230.00 4.00 75.00 639.00 -56.00 -1145.00 1
7250 -2.23 0.63 -0.35 -227.00 1.00 81.00 639.00 -56.00 -1145.00 1
7261 -0.77 0.83 0.49 -230.00 13.00 67.00 639.00 -56.00 -1145.00 1
7271 -0.97 1.18 0.90 -230.00 3.00 80.00 639.00 -56.00 -1145.00 1
7281 -2.30 1.04 1.04 -226.00 3.00 99.00 637.00 -58.00 -1307.00 1
7291 -3.13 0.07 0.90 -239.00 19.00 88.00 637.00 -58.00 -1307.00 1
7302 -1.32 1.11 -0.35 -353.00 26.00 146.00 637.00 -58.00 -1307.00 0
7311 -0.14 -1.11 -4.94 -637.00 105.00 273.00 637.00 -58.00 -1307.00 0
7320 -0.97 -13.29 -8.49 -662.00 89.00 264.00 637.00 -58.00 -1307.00 0
7329 -5.15 -37.29 -5.98 -498.00 -45.00 129.00 637.00 -58.00 -1307.00 0
7339 -16.83 -87.86 19.69 -211.00 -107.00 -8.00 637.00 -58.00 -1307.00 0
7348 -13.15 -105.67 40.07 -100.00 -25.00 -29.00 628.00 -78.00 -1362.00 0
7357 -7.30 -123.20 58.85 -67.00 -48.00 15.00 628.00 -78.00 -1362.00 0
7366 -6.12 -139.20 70.61 -54.00 -71.00 26.00 628.00 -78.00 -1362.00 0
7375 -5.29 -148.94 72.49 -137.00 -22.00 60.00 628.00 -78.00 -1362.00 0
7385 -2.43 -150.40 59.83 -200.00 35.00 110.00 628.00 -78.00 -1362.00 0
7394 6.96 -150.89 52.87 -202.00 80.00 129.00 628.00 -78.00 -1362.00 0
7403 9.60 -153.74 47.23 -145.00 69.00 124.00 628.00 -78.00 -1362.00 0
7413 9.04 -156.80 41.74 -141.00 57.00 116.00 585.00 -110.00 -1257.00 0
7422 6.05 -157.84 36.17 -139.00 59.00 126.00 585.00 -110.00 -1257.00 0
7432 2.37 -157.70 30.96 -116.00 28.00 125.00 585.00 -110.00 -1257.00 0
7441 -6.75 -153.88 20.87 -60.00 27.00 125.00 585.00 -110.00 -1257.00 0
7450 -8.35 -144.42 16.83 -57.00 33.00 125.00 585.00 -110.00 -1257.00 0
7459 -9.39 -129.74 13.70 -74.00 26.00 137.00 585.00 -110.00 -1257.00 0
7469 -10.71 -111.93 10.92 -99.00 18.00 149.00 585.00 -110.00 -1257.00 0
7479 -11.97 -93.08 8.35 -102.00 4.00 140.00 548.00 -107.00 -1185.00 0
7488 -12.80 -74.99 3.76 -133.00 26.00 153.00 548.00 -107.00 -1185.00 0
7497 -11.27 -42.85 3.06 -170.00 38.00 172.00 548.00 -107.00 -1185.00 0
7506 -10.64 -31.03 2.43 -181.00 50.00 171.00 548.00 -107.00 -1185.00 0
7516 -10.57 -22.40 2.23 -182.00 37.00 168.00 548.00 -107.00 -1185.00 0
7525 -11.13 -16.56 2.09 -189.00 36.00 173.00 548.00 -107.00 -1185.00 0
7534 -11.90 -12.73 1.53 -172.00 30.00 167.00 548.00 -107.00 -1185.00 0
7543 -13.22 -8.70 0.35 -152.00 20.00 156.00 550.00 -104.00 -1274.00 0
7554 -13.77 -6.89 0.00 -140.00 2.00 150.00 550.00 -104.00 -1274.00 0
7563 -13.70 -3.90 -0.35 -142.00 -1.00 146.00 550.00 -104.00 -1274.00 0
7572 -12.38 0.07 -0.77 -146.00 16.00 148.00 550.00 -104.00 -1274.00 0
7581 -10.09 4.17 -0.90 -152.00 12.00 155.00 550.00 -104.00 -1274.00 0
7590 -7.65 8.83 -0.56 -181.00 19.00 161.00 550.00 -104.00 -1274.00 0
7600 -3.27 16.63 -0.21 -186.00 32.00 162.00 550.00 -104.00 -1274.00 0
7609 -1.53 17.74 -0.28 -184.00 35.00 163.00 562.00 -106.00 -1143.00 0
7618 -0.14 17.88 -0.07 -187.00 55.00 163.00 562.00 -106.00 -1143.00 0
7627 0.77 17.67 0.00 -184.00 66.00 163.00 562.00 -106.00 -1143.00 0
7636 0.42 16.97 -0.35 -187.00 49.00 161.00 562.00 -106.00 -1143.00 0
7646 -1.95 15.86 0.35 -186.00 31.00 157.00 562.00 -106.00 -1143.00 0
7655 -7.03 12.80 0.14 -178.00 23.00 156.00 562.00 -106.00 -1143.00 0
7664 -8.77 11.34 -0.63 -169.00 17.00 152.00 562.00 -106.00 -1143.00 0
7673 -9.74 9.81 -0.97 -156.00 10.00 146.00 563.00 -104.00 -1322.00 0
7683 -10.09 8.35 -1.25 -150.00 9.00 142.00 563.00 -104.00 -1322.00 0
7692 -9.74 7.79 -1.81 -154.00 10.00 147.00 563.00 -104.00 -1322.00 0
7701 -8.56 9.04 -2.99 -164.00 16.00 154.00 563.00 -104.00 -1322.00 0
7710 -4.94 10.43 -3.41 -191.00 33.00 164.00 563.00 -104.00 -1322.00 0
7719 -3.13 11.41 -3.48 -215.00 31.00 166.00 563.00 -104.00 -1322.00 0
7730 -2.02 10.78 -3.27 -206.00 41.00 162.00 563.00 -104.00 -1322.00 0
7739 -0.97 8.00 -2.78 -190.00 44.00 167.00 563.00 -104.00 -1322.00 0
7748 -0.28 4.52 -2.30 -182.00 43.00 159.00 563.00 -104.00 -1322.00 0
7757 -0.49 0.07 -0.70 -164.00 21.00 151.00 563.00 -104.00 -1322.00 0
7767 -1.53 -0.56 -0.07 -147.00 35.00 143.00 563.00 -104.00 -1322.00 0
7776 -2.23 -0.21 0.14 -124.00 65.00 142.00 563.00 -104.00 -1322.00 0
7785 -3.76 1.74 1.04 -95.00 90.00 133.00 563.00 -104.00 -1322.00 0
7794 -7.86 5.63 2.50 -81.00 63.00 130.00 563.00 -104.00 -1322.00 0
7803 -15.65 12.38 4.10 -67.00 40.00 105.00 563.00 -104.00 -1322.00 0
7813 -32.28 31.51 5.77 -6.00 -31.00 63.00 563.00 -104.00 -1322.00 0
7822 -37.08 48.56 5.22 0.00 -54.00 52.00 563.00 -104.00 -1322.00 0
7831 -36.45 73.11 1.25 -14.00 -65.00 33.00 563.00 -104.00 -1322.00 0
7840 -31.51 102.26 -7.23 -48.00 -88.00 -14.00 563.00 -104.00 -1322.00 0
7849 -22.96 133.98 -19.62 -56.00 -94.00 -17.00 563.00 -104.00 -1322.00 0
7859 -11.20 167.51 -36.17 -100.00 -76.00 -64.00 563.00 -104.00 -1322.00 0
7868 17.39 234.30 -76.45 -116.00 -76.00 -116.00 563.00 -104.00 -1322.00 0
7877 34.16 264.90 -87.93 -184.00 18.00 -125.00 563.00 -104.00 -1322.00 1
7887 57.32 295.72 -86.96 827.00 454.00 -861.00 563.00 -104.00 -1322.00 1
7899 76.73 304.70 -73.81 -97.00 -250.00 70.00 563.00 -104.00 -1322.00 1
7909 19.97 154.23 -56.42 -179.00 -26.00 163.00 563.00 -104.00 -1322.00 1
7919 18.37 105.39 -40.97 -227.00 19.00 92.00 563.00 -104.00 -1322.00 1
7929 17.46 77.77 -27.90 -254.00 -30.00 40.00 563.00 -104.00 -1322.00 1
7940 7.86 40.97 -14.33 -226.00 -4.00 72.00 641.00 -59.00 -1071.00 1
7950 5.77 26.99 -5.77 -231.00 35.00 83.00 641.00 -59.00 -1071.00 1
7960 4.45 17.74 1.11 -226.00 16.00 75.00 641.00 -59.00 -1071.00 1
7970 0.07 6.40 4.10 -224.00 11.00 80.00 641.00 -59.00 -1071.00 1
7981 -1.04 1.39 4.24 -228.00 16.00 86.00 641.00 -59.00 -1071.00 1
7991 -1.60 -1.81 4.31 -217.00 3.00 87.00 641.00 -59.00 -1071.00 1
8001 -2.09 -3.27 3.48 -231.00 14.00 71.00 641.00 -65.00 -1111.00 1
8012 -1.88 -1.25 3.06 -231.00 9.00 74.00 641.00 -65.00 -1111.00 1
8022 -1.60 -0.70 2.85 -231.00 8.00 79.00 641.00 -65.00 -1111.00 1
8033 -0.97 -0.28 2.64 -226.00 25.00 81.00 641.00 -65.00 -1111.00 1
8043 -0.07 1.25 1.39 -228.00 16.00 70.00 641.00 -65.00 -1111.00 1
8053 -1.04 2.57 0.07 -231.00 6.00 71.00 641.00 -65.00 -1111.00 1
8064 -2.50 3.55 -1.32 -227.00 7.00 78.00 641.00 -65.00 -1111.00 1
8074 -4.66 4.10 -3.48 -227.00 2.00 78.00 641.00 -65.00 -1111.00 1
8084 -4.87 3.90 -3.90 -229.00 7.00 75.00 641.00 -65.00 -1111.00 1
8094 -4.10 3.69 -3.69 -231.00 12.00 71.00 641.00 -65.00 -1111.00 1
8104 -3.20 3.55 -2.30 -225.00 4.00 82.00 641.00 -65.00 -1111.00 1
8115 -2.30 3.69 -1.53 -232.00 13.00 74.00 641.00 -65.00 -1111.00 1
8125 -2.30 3.97 -0.83 -230.00 3.00 70.00 641.00 -65.00 -1111.00 1
8136 -2.78 3.90 -0.56 -228.00 5.00 77.00 644.00 -65.00 -1200.00 1
8146 -2.92 3.20 0.56 -230.00 22.00 72.00 644.00 -65.00 -1200.00 1
8157 -3.13 2.78 1.04 -230.00 11.00 73.00 644.00 -65.00 -1200.00 1
8167 -4.03 2.37 0.77 -230.00 18.00 74.00 644.00 -65.00 -1200.00 1
8177 -5.70 1.74 -0.49 -233.00 3.00 72.00 644.00 -65.00 -1200.00 1
8187 -6.75 1.04 -1.60 -231.00 -4.00 75.00 644.00 -65.00 -1200.00 1
8198 -7.03 0.42 -2.37 -229.00 2.00 74.00 644.00 -65.00 -1200.00 1
8209 -4.10 -0.77 -1.25 -229.00 4.00 78.00 644.00 -65.00 -1200.00 1
8219 -2.37 -1.46 0.00 -226.00 4.00 81.00 644.00 -65.00 -1200.00 1
8229 -0.83 -1.81 1.11 -227.00 27.00 77.00 644.00 -65.00 -1200.00 1
8240 1.18 -1.74 2.78 -230.00 7.00 78.00 644.00 -65.00 -1200.00 1
8250 0.21 -1.74 2.30 -227.00 9.00 79.00 644.00 -65.00 -1200.00 1
8260 -0.42 -1.32 1.81 -228.00 15.00 78.00 644.00 -65.00 -1200.00 1
8270 -0.90 -0.07 1.46 -230.00 11.00 73.00 644.00 -65.00 -1200.00 1
8281 -2.09 0.49 1.25 -230.00 14.00 73.00 644.00 -65.00 -1200.00 1
8292 -2.57 0.90 0.97 -227.00 12.00 76.00 644.00 -65.00 -1200.00 1
8302 -3.06 1.25 0.70 -230.00 10.00 73.00 644.00 -65.00 -1200.00 1
8312 -3.62 1.74 0.14 -229.00 10.00 74.00 644.00 -65.00 -1200.00 1
8323 -3.76 1.88 0.00 -232.00 7.00 72.00 644.00 -65.00 -1200.00 1
8333 -3.97 2.09 -0.28 -228.00 12.00 75.00 645.00 -68.00 -1339.00 1
8344 -3.97 2.37 -0.14 -232.00 10.00 68.00 645.00 -68.00 -1339.00 1
8354 -4.10 2.50 0.07 -232.00 21.00 68.00 645.00 -68.00 -1339.00 1
8365 -4.45 2.50 0.28 -230.00 19.00 79.00 645.00 -68.00 -1339.00 1
8375 -6.82 1.32 -0.56 -226.00 14.00 90.00 645.00 -68.00 -1339.00 1
8385 -7.30 1.53 -1.67 -230.00 23.00 92.00 645.00 -68.00 -1339.00 1
8396 -7.37 2.71 -3.27 -424.00 65.00 192.00 644.00 -66.00 -1110.00 0
8406 -8.00 -7.79 -6.40 -572.00 58.00 208.00 644.00 -66.00 -1110.00 0
8415 -16.90 -30.26 -4.59 -483.00 91.00 188.00 644.00 -66.00 -1110.00 0
8424 -21.57 -55.65 4.10 -261.00 35.00 46.00 644.00 -66.00 -1110.00 0
8433 -30.05 -78.40 15.58 -114.00 -120.00 -22.00 644.00 -66.00 -1110.00 0
8442 -41.53 -97.32 22.61 -107.00 -112.00 1.00 644.00 -66.00 -1110.00 0
8452 -47.51 -111.58 24.97 -109.00 -31.00 58.00 644.00 -66.00 -1110.00 0
8461 -38.47 -122.37 24.83 -143.00 -12.00 65.00 644.00 -73.00 -1039.00 0
8470 -32.21 -117.43 23.37 -178.00 20.00 91.00 621.00 -73.00 -1039.00 0
8479 -25.60 -109.77 21.01 -223.00 50.00 121.00 621.00 -73.00 -1039.00 0
8488 -19.97 -103.30 19.27 -259.00 64.00 147.00 621.00 -73.00 -1039.00 0
8499 -15.86 -98.99 18.43 -265.00 38.00 151.00 621.00 -73.00 -1039.00 0
8508 -13.70 -96.49 18.92 -264.00 8.00 142.00 621.00 -73.00 -1039.00 0
8517 -7.79 -98.43 26.23 -245.00 -4.00 125.00 621.00 -73.00 -1039.00 0
8526 -2.30 -103.93 31.86 -169.00 23.00 104.00 621.00 -73.00 -1039.00 0
8536 4.17 -110.26 36.94 -96.00 66.00 87.00 621.00 -73.00 -1039.00 0
8545 8.21 -113.88 39.86 -126.00 5.00 116.00 621.00 -73.00 -1039.00 0
8554 6.61 -112.35 38.89 -158.00 11.00 128.00 621.00 -73.00 -1039.00 0
8563 0.97 -101.43 28.17 -189.00 29.00 144.00 621.00 -73.00 -1039.00 0
8572 -0.83 -97.39 23.65 -197.00 23.00 153.00 621.00 -73.00 -1039.00 0
8582 -3.13 -96.14 20.45 -198.00 26.00 159.00 621.00 -73.00 -1039.00 0
8591 -5.70 -97.60 17.95 -183.00 24.00 153.00 621.00 -73.00 -1039.00 0
8601 -8.21 -101.29 16.42 -180.00 27.00 155.00 621.00 -73.00 -1039.00 0
8610 -9.60 -107.34 15.79 -186.00 40.00 163.00 621.00 -73.00 -1039.00 0
8620 -12.31 -125.57 13.22 -145.00 17.00 142.00 621.00 -73.00 -1039.00 0
8629 -13.43 -135.03 11.55 -79.00 -27.00 145.00 621.00 -73.00 -1039.00 0
8638 -11.41 -135.17 10.71 -99.00 -11.00 136.00 621.00 -73.00 -1039.00 0
8647 -5.63 -123.83 10.78 -125.00 24.00 158.00 621.00 -73.00 -1039.00 0
8656 1.39 -108.17 10.23 -136.00 35.00 172.00 621.00 -73.00 -1039.00 0
8666 7.37 -77.63 7.17 -127.00 22.00 174.00 621.00 -73.00 -1039.00 0
8676 15.86 -64.21 6.05 -119.00 30.00 166.00 621.00 -73.00 -1039.00 0
8685 19.20 -52.17 5.01 -114.00 38.00 160.00 621.00 -73.00 -1039.00 0
8694 22.12 -41.11 3.97 -118.00 55.00 167.00 621.00 -73.00 -1039.00 0
8704 24.63 -31.79 3.13 -110.00 61.00 168.00 621.00 -73.00 -1039.00 0
8713 25.32 -23.86 1.67 -100.00 108.00 170.00 621.00 -73.00 -1039.00 0
8722 19.20 -9.39 -0.28 -136.00 90.00 177.00 621.00 -73.00 -1039.00 0
8731 11.13 -2.85 0.70 -163.00 65.00 182.00 621.00 -73.00 -1039.00 0
8740 1.67 2.37 2.09 -163.00 37.00 179.00 621.00 -73.00 -1039.00 0
8750 -7.10 6.19 3.20 -149.00 7.00 169.00 621.00 -73.00 -1039.00 0
8759 -13.36 8.70 3.69 -142.00 14.00 163.00 621.00 -73.00 -1039.00 0
8768 -16.35 10.92 3.34 -162.00 23.00 178.00 621.00 -73.00 -1039.00 0
8777 -16.77 14.82 1.39 -172.00 29.00 178.00 621.00 -73.00 -1039.00 0
8786 -16.00 15.30 0.56 -174.00 22.00 175.00 621.00 -73.00 -1039.00 0
8796 -15.03 14.89 -0.07 -174.00 19.00 178.00 621.00 -73.00 -1039.00 0
8805 -13.57 13.77 -0.56 -172.00 21.00 181.00 621.00 -73.00 -1039.00 0
8814 -11.62 11.97 -1.11 -165.00 27.00 172.00 621.00 -73.00 -1039.00 0
8823 -9.39 9.95 -1.60 -163.00 24.00 178.00 621.00 -73.00 -1039.00 0
8833 -4.80 5.84 -2.64 -163.00 34.00 176.00 621.00 -73.00 -1039.00 0
8842 -2.64 3.97 -2.92 -160.00 36.00 171.00 621.00 -73.00 -1039.00 0
8851 -0.63 2.50 -3.13 -160.00 38.00 173.00 621.00 -73.00 -1039.00 0
8860 1.32 1.39 -3.13 -151.00 64.00 170.00 621.00 -73.00 -1039.00 0
8869 2.85 0.42 -3.06 -147.00 63.00 181.00 621.00 -73.00 -1039.00 0
8879 2.78 -0.42 -2.78 -160.00 38.00 175.00 621.00 -73.00 -1039.00 0
8888 -1.88 0.21 -1.53 -159.00 32.00 173.00 621.00 -73.00 -1039.00 0
8897 -3.90 0.49 -0.83 -158.00 37.00 177.00 621.00 -73.00 -1039.00 0
8906 -5.36 0.28 -0.07 -154.00 28.00 170.00 621.00 -73.00 -1039.00 0
8915 -6.47 0.00 0.28 -154.00 26.00 174.00 621.00 -73.00 -1039.00 0
8925 -6.89 -0.07 0.28 -154.00 30.00 169.00 621.00 -73.00 -1039.00 0
8934 -6.54 0.00 0.00 -146.00 35.00 168.00 621.00 -73.00 -1039.00 0
8943 -5.01 0.28 -0.97 -148.00 36.00 174.00 621.00 -73.00 -1039.00 0
8952 -4.24 1.18 -1.46 -149.00 34.00 171.00 621.00 -73.00 -1039.00 0
8962 -3.34 2.37 -1.74 -153.00 38.00 174.00 621.00 -73.00 -1039.00 0
8971 -2.50 3.48 -1.81 -160.00 33.00 171.00 621.00 -73.00 -1039.00 0
8980 -1.95 4.31 -1.95 -172.00 34.00 182.00 621.00 -73.00 -1039.00 0
8989 -1.60 4.73 -2.23 -166.00 48.00 176.00 532.00 -119.00 -1116.00 0
8998 -1.46 2.99 -2.71 -162.00 41.00 172.00 532.00 -119.00 -1116.00 0
9008 -2.57 1.67 -2.37 -166.00 29.00 177.00 532.00 -119.00 -1116.00 0
9017 -3.34 0.63 -2.23 -164.00 29.00 171.00 532.00 -119.00 -1116.00 0
9026 -3.62 -0.56 -2.43 -163.00 40.00 172.00 532.00 -119.00 -1116.00 0
9035 -3.62 -1.81 -2.78 -167.00 43.00 177.00 532.00 -119.00 -1116.00 0
9044 -3.76 -3.34 -3.13 -159.00 38.00 175.00 532.00 -119.00 -1116.00 0
9054 -4.66 -7.10 -4.10 -139.00 41.00 168.00 529.00 -121.00 -1224.00 0
9063 -5.01 -7.93 -4.10 -132.00 32.00 166.00 529.00 -121.00 -1224.00 0
9072 -5.36 -7.30 -3.90 -133.00 30.00 165.00 529.00 -121.00 -1224.00 0
9081 -5.57 -5.43 -4.03 -132.00 36.00 167.00 529.00 -121.00 -1224.00 0
9091 -5.43 -2.78 -4.03 -121.00 55.00 163.00 529.00 -121.00 -1224.00 0
9100 -5.43 0.35 -3.69 -112.00 72.00 156.00 529.00 -121.00 -1224.00 0
9109 -9.46 8.42 -2.30 -81.00 103.00 154.00 529.00 -121.00 -1224.00 0
9119 -14.68 13.63 -1.11 -53.00 116.00 134.00 535.00 -112.00 -1301.00 0
9128 -24.00 18.78 0.49 -76.00 23.00 118.00 535.00 -112.00 -1301.00 0
9138 -37.08 24.83 0.28 -50.00 -75.00 97.00 535.00 -112.00 -1301.00 0
9147 -47.17 33.04 -3.69 -1.00 -23.00 79.00 535.00 -112.00 -1301.00 0
9156 -49.11 44.59 -9.53 -15.00 -11.00 59.00 535.00 -112.00 -1301.00 0
9165 -41.46 77.22 -24.90 -26.00 -57.00 44.00 535.00 -112.00 -1301.00 0
9175 -37.91 96.42 -38.82 -34.00 -77.00 15.00 535.00 -112.00 -1301.00 0
9184 -31.58 117.91 -54.54 -28.00 -49.00 -52.00 578.00 -64.00 -1144.00 0
9193 -22.05 140.66 -69.84 -7.00 -57.00 -104.00 578.00 -64.00 -1144.00 0
9202 -10.71 166.82 -82.57 -46.00 -70.00 -187.00 578.00 -64.00 -1144.00 0
9211 4.31 201.88 -89.53 -129.00 -18.00 -234.00 578.00 -64.00 -1144.00 1
9222 48.00 304.14 -86.82 1434.00 109.00 -957.00 578.00 -64.00 -1144.00 1
9233 45.29 252.38 -79.51 -15.00 -258.00 100.00 578.00 -64.00 -1144.00 1
9243 20.17 186.23 -59.69 -245.00 85.00 79.00 578.00 -64.00 -1144.00 1
9253 20.45 106.99 -38.61 -223.00 -52.00 115.00 617.00 -49.00 -1130.00 1
9264 16.90 86.12 -30.75 -217.00 -13.00 116.00 617.00 -49.00 -1130.00 1
9275 16.49 71.30 -21.01 -216.00 18.00 105.00 617.00 -49.00 -1130.00 1
9285 17.25 48.14 -3.55 -213.00 19.00 98.00 617.00 -49.00 -1130.00 1
9295 16.00 38.19 0.97 -212.00 2.00 101.00 617.00 -49.00 -1130.00 1
9306 14.05 30.05 3.48 -213.00 15.00 99.00 617.00 -49.00 -1130.00 1
9316 12.17 19.41 7.51 -220.00 22.00 95.00 625.00 -62.00 -1201.00 1
9326 11.41 16.42 8.28 -223.00 21.00 89.00 625.00 -62.00 -1201.00 1
9336 9.88 14.96 7.79 -219.00 16.00 89.00 625.00 -62.00 -1201.00 1
9347 6.40 13.29 6.40 -220.00 17.00 86.00 625.00 -62.00 -1201.00 1
9357 5.01 12.45 6.05 -228.00 13.00 81.00 625.00 -62.00 -1201.00 1
9367 3.41 11.06 5.63 -218.00 10.00 92.00 625.00 -62.00 -1201.00 1
9377 1.60 8.42 3.97 -220.00 9.00 91.00 625.00 -62.00 -1201.00 1
9388 -0.14 4.17 3.55 -217.00 9.00 101.00 628.00 -67.00 -1031.00 1
9398 -0.56 2.37 3.34 -218.00 14.00 100.00 628.00 -67.00 -1031.00 1
9408 -0.83 1.32 3.20 -218.00 13.00 102.00 628.00 -67.00 -1031.00 1
9418 -2.16 0.21 2.09 -218.00 17.00 104.00 628.00 -67.00 -1031.00 1
9428 -2.85 0.07 1.46 -219.00 13.00 104.00 628.00 -67.00 -1031.00 1
9440 -3.83 0.28 0.70 -217.00 13.00 97.00 628.00 -67.00 -1031.00 1
9450 -5.77 0.70 -0.83 -219.00 1.00 95.00 628.00 -66.00 -1177.00 1
9460 -6.26 0.83 -1.32 -221.00 14.00 94.00 628.00 -66.00 -1177.00 1
9470 -6.05 0.90 -1.25 -222.00 13.00 96.00 628.00 -66.00 -1177.00 1
9481 -6.12 0.70 -1.18 -220.00 10.00 99.00 628.00 -66.00 -1177.00 1
9491 -6.19 -0.07 -1.18 -218.00 2.00 100.00 628.00 -66.00 -1177.00 1
9501 -6.19 -0.83 -1.18 -222.00 12.00 97.00 628.00 -66.00 -1177.00 1
9511 -5.77 -1.25 -0.83 -217.00 10.00 100.00 627.00 -68.00 -1045.00 1
9522 -4.87 -1.74 -0.07 -219.00 17.00 101.00 627.00 -68.00 -1045.00 1
9532 -4.52 -1.95 0.07 -220.00 8.00 96.00 627.00 -68.00 -1045.00 1
9542 -4.45 -2.02 0.00 -219.00 9.00 104.00 627.00 -68.00 -1045.00 1
9553 -3.20 -2.02 0.49 -219.00 9.00 104.00 627.00 -68.00 -1045.00 1
9564 -2.64 -2.09 0.83 -220.00 13.00 96.00 627.00 -68.00 -1045.00 1
9574 -2.09 -1.81 1.25 -231.00 37.00 72.00 627.00 -68.00 -1045.00 1
9584 -3.69 -1.25 1.25 -218.00 25.00 94.00 627.00 -68.00 -1045.00 1
9594 -6.82 -2.02 -0.21 -220.00 18.00 109.00 627.00 -68.00 -1045.00 1
9606 -9.74 -2.71 -2.37 -208.00 1.00 129.00 627.00 -68.00 -1045.00 1
9616 -12.24 -2.92 -7.03 -218.00 0.00 124.00 627.00 -68.00 -1045.00 1
9626 -10.71 -0.49 -8.35 -288.00 -2.00 137.00 627.00 -68.00 -1045.00 0
9635 -8.63 3.06 -9.18 -479.00 19.00 254.00 627.00 -68.00 -1045.00 0
9645 -7.51 1.74 -10.23 -454.00 -24.00 202.00 621.00 -65.00 -1219.00 0
9654 -5.50 -8.77 -6.68 -296.00 -91.00 97.00 621.00 -65.00 -1219.00 0
9663 9.32 -33.53 19.41 -136.00 8.00 17.00 621.00 -65.00 -1219.00 0
9672 17.60 -48.00 29.98 -161.00 13.00 28.00 621.00 -65.00 -1219.00 0
9681 17.95 -63.93 32.83 -191.00 -3.00 89.00 621.00 -65.00 -1219.00 0
9691 15.58 -81.25 30.61 -143.00 12.00 75.00 621.00 -65.00 -1219.00 0
9700 14.68 -94.12 28.17 -115.00 45.00 84.00 621.00 -65.00 -1219.00 0
9709 14.82 -99.06 26.78 -113.00 84.00 86.00 603.00 -93.00 -1116.00 0
9718 11.27 -91.76 23.65 -131.00 51.00 106.00 603.00 -93.00 -1116.00 0
9728 5.77 -82.16 20.87 -139.00 52.00 117.00 603.00 -93.00 -1116.00 0
9737 1.18 -68.80 18.23 -166.00 52.00 116.00 603.00 -93.00 -1116.00 0
9747 -2.43 -54.05 16.56 -162.00 21.00 117.00 603.00 -93.00 -1116.00 0
9756 -5.77 -41.11 15.03 -167.00 17.00 113.00 603.00 -93.00 -1116.00 0
9765 -7.72 -29.91 12.87 -179.00 26.00 121.00 603.00 -93.00 -1116.00 0
9775 -7.51 -10.30 8.83 -230.00 32.00 150.00 605.00 -95.00 -1181.00 0
9784 -6.96 -1.46 8.00 -260.00 27.00 157.00 605.00 -95.00 -1181.00 0
9793 -6.96 5.43 7.93 -265.00 25.00 156.00 605.00 -95.00 -1181.00 0
9802 -6.54 10.64 9.95 -261.00 20.00 144.00 605.00 -95.00 -1181.00 0
9811 -5.43 14.61 13.57 -238.00 6.00 135.00 605.00 -95.00 -1181.00 0
9821 -3.76 18.16 18.09 -158.00 75.00 97.00 605.00 -95.00 -1181.00 0
9830 0.77 24.70 27.62 -148.00 45.00 91.00 605.00 -95.00 -1181.00 0
9839 -2.09 27.48 28.59 -169.00 15.00 112.00 605.00 -95.00 -1181.00 0
9848 -5.50 31.30 26.71 -168.00 36.00 103.00 605.00 -95.00 -1181.00 0
9858 -7.72 34.78 23.44 -185.00 22.00 95.00 605.00 -95.00 -1181.00 0
9867 -9.32 36.45 19.76 -180.00 24.00 107.00 605.00 -95.00 -1181.00 0
9876 -10.30 35.62 10.30 -205.00 34.00 108.00 605.00 -95.00 -1181.00 0
9885 -10.57 33.04 5.98 -209.00 33.00 107.00 605.00 -95.00 -1181.00 0
9894 -10.71 29.43 2.50 -200.00 19.00 106.00 605.00 -95.00 -1181.00 0
9904 -10.37 24.97 0.21 -209.00 30.00 116.00 605.00 -95.00 -1181.00 0
9913 -9.32 20.24 -1.32 -210.00 32.00 122.00 605.00 -95.00 -1181.00 0
9922 -8.07 15.79 -2.30 -226.00 35.00 119.00 605.00 -95.00 -1181.00 0
9931 -7.23 7.51 -2.78 -215.00 44.00 121.00 605.00 -95.00 -1181.00 0
9940 -7.93 3.13 -2.43 -218.00 32.00 120.00 605.00 -95.00 -1181.00 0
9950 -9.11 -0.70 -2.02 -214.00 34.00 121.00 605.00 -95.00 -1181.00 0
9959 -10.37 -4.17 -1.88 -212.00 25.00 121.00 605.00 -95.00 -1181.00 0
9968 -11.55 -7.37 -1.74 -198.00 24.00 113.00 605.00 -95.00 -1181.00 0
9977 -12.10 -10.16 -1.53 -197.00 30.00 116.00 605.00 -95.00 -1181.00 0
9988 -11.27 -13.77 -0.77 -187.00 22.00 111.00 605.00 -95.00 -1181.00 0
9997 -10.64 -13.57 -0.35 -182.00 19.00 110.00 605.00 -95.00 -1181.00 0
10006 -9.74 -11.48 -0.07 -177.00 21.00 115.00 605.00 -95.00 -1181.00 0
10015 -8.70 -8.00 0.14 -182.00 14.00 111.00 605.00 -95.00 -1181.00 0
10024 -7.58 -4.31 0.14 -198.00 24.00 118.00 605.00 -95.00 -1181.00 0
10034 -6.05 -0.83 0.00 -202.00 35.00 115.00 605.00 -95.00 -1181.00 0
10043 -3.13 3.76 -0.21 -212.00 32.00 121.00 605.00 -95.00 -1181.00 0
10052 -2.30 4.87 -0.35 -219.00 57.00 121.00 605.00 -95.00 -1181.00 0
10061 -1.88 5.08 -0.42 -224.00 47.00 122.00 605.00 -95.00 -1181.00 0
10071 -2.99 4.24 -0.63 -217.00 34.00 120.00 605.00 -95.00 -1181.00 0
10080 -4.94 2.85 -1.32 -206.00 33.00 113.00 605.00 -95.00 -1181.00 0
10089 -6.61 1.46 -1.81 -207.00 30.00 117.00 605.00 -95.00 -1181.00 0
10098 -9.60 -0.97 -2.78 -203.00 17.00 110.00 605.00 -95.00 -1181.00 0
10107 -10.85 -1.67 -3.55 -200.00 11.00 112.00 605.00 -95.00 -1181.00 0
10117 -10.92 -1.39 -4.03 -202.00 12.00 111.00 605.00 -95.00 -1181.00 0
10126 -10.02 -0.21 -4.17 -199.00 13.00 114.00 605.00 -95.00 -1181.00 0
10135 -8.35 1.18 -3.97 -202.00 25.00 116.00 605.00 -95.00 -1181.00 0
10144 -6.19 2.64 -3.69 -214.00 38.00 119.00 605.00 -95.00 -1181.00 0
10153 -2.50 4.80 -2.37 -214.00 47.00 120.00 605.00 -95.00 -1181.00 0
10163 -1.88 4.66 -1.39 -205.00 40.00 113.00 605.00 -95.00 -1181.00 0
10172 -2.37 4.10 -0.83 -207.00 28.00 117.00 605.00 -95.00 -1181.00 0
10181 -2.99 3.69 -0.77 -199.00 43.00 113.00 605.00 -95.00 -1181.00 0
10190 -3.48 3.27 -0.83 -204.00 31.00 115.00 605.00 -95.00 -1181.00 0
10200 -4.45 2.99 -1.95 -206.00 20.00 110.00 605.00 -95.00 -1181.00 0
10209 -5.77 2.99 -2.78 -217.00 32.00 115.00 605.00 -95.00 -1181.00 0
10219 -5.91 2.78 -3.48 -213.00 30.00 117.00 605.00 -95.00 -1181.00 0
10228 -6.19 2.16 -3.90 -205.00 21.00 116.00 605.00 -95.00 -1181.00 0
10237 -6.19 1.67 -3.97 -204.00 23.00 113.00 624.00 -104.00 -1077.00 0
10247 -5.84 1.46 -3.90 -210.00 32.00 113.00 624.00 -104.00 -1077.00 0
10256 -5.08 1.25 -3.48 -217.00 28.00 120.00 624.00 -104.00 -1077.00 0
10265 -4.17 0.90 -3.06 -217.00 26.00 114.00 624.00 -104.00 -1077.00 0
10274 -3.90 0.35 -2.64 -215.00 27.00 116.00 624.00 -104.00 -1077.00 0
10284 -3.55 -0.42 -2.16 -219.00 27.00 118.00 624.00 -104.00 -1077.00 0
10293 -3.20 -1.46 -1.46 -217.00 40.00 121.00 624.00 -104.00 -1077.00 0
10302 -2.92 -2.85 -0.77 -211.00 25.00 117.00 623.00 -105.00 -888.00 0
10311 -3.83 -5.57 0.00 -196.00 21.00 109.00 623.00 -105.00 -888.00 0
10320 -4.03 -6.19 0.00 -187.00 30.00 109.00 623.00 -105.00 -888.00 0
10330 -4.03 -5.70 0.14 -198.00 22.00 112.00 623.00 -105.00 -888.00 0
10339 -3.90 -4.38 0.00 -203.00 25.00 113.00 623.00 -105.00 -888.00 0
10348 -3.62 -2.85 -0.28 -205.00 30.00 116.00 623.00 -105.00 -888.00 0
10357 -2.99 -1.39 -0.42 -210.00 31.00 121.00 623.00 -105.00 -888.00 0
10366 -2.02 0.63 -0.63 -210.00 33.00 118.00 621.00 -104.00 -1058.00 0
10376 -1.67 0.97 -0.49 -206.00 35.00 120.00 621.00 -104.00 -1058.00 0
10385 -1.25 0.77 -0.21 -204.00 42.00 118.00 621.00 -104.00 -1058.00 0
10394 -1.39 0.35 0.35 -209.00 27.00 115.00 621.00 -104.00 -1058.00 0
10404 -2.43 0.14 0.42 -213.00 26.00 119.00 621.00 -104.00 -1058.00 0
10414 -3.34 0.14 0.14 -212.00 32.00 121.00 621.00 -104.00 -1058.00 0
10423 -4.87 -0.83 0.07 -213.00 22.00 118.00 621.00 -104.00 -1058.00 0
10432 -5.43 -1.60 0.21 -215.00 16.00 114.00 623.00 -107.00 -1200.00 0
10441 -5.50 -2.37 0.28 -207.00 23.00 109.00 623.00 -107.00 -1200.00 0
10450 -4.87 -3.27 0.49 -202.00 33.00 111.00 623.00 -107.00 -1200.00 0
10460 -4.03 -4.03 0.70 -200.00 30.00 109.00 623.00 -107.00 -1200.00 0
10469 -3.41 -4.24 0.49 -203.00 39.00 107.00 623.00 -107.00 -1200.00 0
10478 -2.09 -2.71 0.28 -201.00 53.00 115.00 623.00 -107.00 -1200.00 0
10487 -1.88 -2.02 0.21 -204.00 42.00 116.00 623.00 -107.00 -1200.00 0
10497 -2.71 -1.46 -0.07 -206.00 35.00 113.00 621.00 -109.00 -1021.00 0
10506 -3.83 -0.77 -0.63 -210.00 36.00 113.00 621.00 -109.00 -1021.00 0
10516 -4.59 -0.14 -1.18 -206.00 26.00 118.00 621.00 -109.00 -1021.00 0
10525 -5.70 0.28 -1.95 -203.00 23.00 115.00 621.00 -109.00 -1021.00 0
10534 -5.91 0.42 -2.37 -204.00 26.00 116.00 621.00 -109.00 -1021.00 0
10544 -5.84 0.56 -2.64 -213.00 23.00 124.00 621.00 -109.00 -1021.00 0
10553 -5.63 0.63 -2.92 -212.00 36.00 120.00 621.00 -109.00 -1021.00 0
10562 -5.29 0.35 -2.99 -214.00 28.00 121.00 622.00 -105.00 -1240.00 0
10571 -5.36 0.07 -2.99 -210.00 19.00 117.00 622.00 -105.00 -1240.00 0
10580 -5.77 -0.56 -3.06 -201.00 28.00 120.00 622.00 -105.00 -1240.00 0
10590 -5.57 -0.83 -2.99 -205.00 29.00 122.00 622.00 -105.00 -1240.00 0
10599 -5.50 -1.11 -3.06 -209.00 31.00 118.00 622.00 -105.00 -1240.00 0
10608 -5.63 -1.39 -3.20 -216.00 30.00 115.00 622.00 -105.00 -1240.00 0
10617 -5.63 -1.74 -3.13 -211.00 28.00 121.00 622.00 -105.00 -1240.00 0
10628 -5.63 -2.43 -2.50 -205.00 28.00 115.00 621.00 -107.00 -1182.00 0
10637 -5.29 -4.45 -1.88 -200.00 34.00 117.00 621.00 -107.00 -1182.00 0
10646 -5.36 -4.66 -1.32 -205.00 27.00 113.00 621.00 -107.00 -1182.00 0
10655 -5.84 -4.10 -1.11 -208.00 21.00 116.00 621.00 -107.00 -1182.00 0
10664 -6.19 -3.27 -1.04 -203.00 21.00 113.00 621.00 -107.00 -1182.00 0
10674 -6.33 -2.50 -0.90 -203.00 18.00 114.00 621.00 -107.00 -1182.00 0
10683 -6.05 -0.97 -1.04 -210.00 23.00 123.00 621.00 -107.00 -1182.00 0
10692 -5.77 -0.42 -0.97 -219.00 27.00 124.00 621.00 -107.00 -1182.00 0
10701 -5.70 -0.70 -0.70 -204.00 17.00 120.00 621.00 -107.00 -1182.00 0
10711 -5.70 -1.67 -0.21 -197.00 26.00 117.00 621.00 -107.00 -1182.00 0
10720 -4.87 -2.57 0.70 -195.00 30.00 124.00 621.00 -107.00 -1182.00 0
10729 -3.90 -3.13 1.39 -191.00 35.00 117.00 621.00 -107.00 -1182.00 0
10738 -2.99 -2.92 1.53 -189.00 38.00 115.00 621.00 -107.00 -1182.00 0
10748 -3.06 -2.09 1.11 -195.00 32.00 121.00 621.00 -107.00 -1182.00 0
10758 -3.20 -0.90 0.35 -210.00 40.00 120.00 621.00 -107.00 -1182.00 0
10767 -3.27 0.21 -0.49 -219.00 35.00 123.00 621.00 -107.00 -1182.00 0
10776 -3.48 0.63 -1.25 -217.00 34.00 114.00 621.00 -107.00 -1182.00 0
10785 -3.76 0.35 -2.16 -210.00 29.00 116.00 621.00 -107.00 -1182.00 0
10795 -3.90 -0.77 -2.37 -207.00 27.00 114.00 621.00 -107.00 -1182.00 0
10804 -3.62 -1.18 -2.57 -211.00 28.00 114.00 621.00 -107.00 -1182.00 0
10813 -3.20 -1.46 -2.64 -211.00 26.00 115.00 621.00 -107.00 -1182.00 0
10822 -2.78 -1.74 -2.57 -216.00 29.00 115.00 621.00 -107.00 -1182.00 0
10831 -2.43 -1.95 -2.43 -221.00 22.00 117.00 621.00 -107.00 -1182.00 0
10841 -1.67 -2.16 -1.25 -224.00 26.00 121.00 621.00 -107.00 -1182.00 0
10851 -1.11 -2.23 -0.28 -206.00 44.00 121.00 621.00 -107.00 -1182.00 0
10860 -1.39 -2.43 0.56 -199.00 41.00 115.00 621.00 -107.00 -1182.00 0
10869 -2.85 -2.57 0.90 -202.00 25.00 116.00 621.00 -107.00 -1182.00 0
10878 -4.94 -2.16 0.70 -208.00 20.00 121.00 621.00 -107.00 -1182.00 0
10888 -6.75 -1.32 0.00 -203.00 23.00 121.00 621.00 -107.00 -1182.00 0
10897 -8.21 -0.42 -0.77 -204.00 26.00 122.00 621.00 -107.00 -1182.00 0
10906 -8.77 -0.14 -1.25 -198.00 28.00 117.00 621.00 -107.00 -1182.00 0
10915 -9.32 0.00 -1.53 -197.00 34.00 121.00 621.00 -107.00 -1182.00 0
10925 -9.46 0.21 -1.60 -198.00 28.00 123.00 621.00 -107.00 -1182.00 0
10934 -9.88 0.49 -1.74 -204.00 19.00 117.00 621.00 -107.00 -1182.00 0
10943 -10.57 0.83 -1.95 -202.00 17.00 120.00 621.00 -107.00 -1182.00 0
10952 -10.50 1.11 -2.71 -209.00 14.00 117.00 621.00 -107.00 -1182.00 0
10962 -9.46 1.11 -2.78 -213.00 34.00 121.00 620.00 -104.00 -1093.00 0
10972 -7.65 0.77 -2.43 -210.00 48.00 118.00 620.00 -104.00 -1093.00 0
10981 -6.05 -0.07 -1.88 -208.00 33.00 119.00 620.00 -104.00 -1093.00 0
10990 -5.43 -1.04 -1.32 -206.00 24.00 117.00 620.00 -104.00 -1093.00 0
10999 -5.01 -2.37 -0.70 -204.00 27.00 116.00 620.00 -104.00 -1093.00 0
11009 -4.80 -2.71 -0.35 -203.00 24.00 116.00 620.00 -104.00 -1093.00 0
11018 -4.66 -2.99 -0.28 -200.00 23.00 118.00 620.00 -104.00 -1093.00 0
11027 -4.52 -2.78 -0.35 -209.00 20.00 119.00 620.00 -104.00 -1093.00 0
11036 -4.38 -2.30 -0.56 -213.00 22.00 117.00 620.00 -104.00 -1093.00 0
11045 -4.10 -1.74 -0.77 -211.00 25.00 118.00 620.00 -104.00 -1093.00 0
11055 -3.34 -1.60 0.00 -212.00 23.00 122.00 620.00 -104.00 -1093.00 0
11064 -3.13 -1.95 0.42 -214.00 32.00 124.00 620.00 -104.00 -1093.00 0
11073 -2.92 -2.30 0.77 -198.00 34.00 121.00 620.00 -104.00 -1093.00 0
11083 -3.06 -2.71 1.25 -195.00 33.00 119.00 620.00 -104.00 -1093.00 0
11092 -3.55 -2.85 1.53 -195.00 36.00 120.00 620.00 -104.00 -1093.00 0
11102 -3.76 -2.57 1.67 -195.00 33.00 119.00 620.00 -104.00 -1093.00 0
11111 -4.45 -2.23 1.18 -199.00 31.00 122.00 620.00 -104.00 -1093.00 0
11120 -4.80 -1.88 0.56 -203.00 23.00 121.00 620.00 -104.00 -1093.00 0
11129 -5.01 -1.39 -0.21 -204.00 23.00 118.00 620.00 -104.00 -1093.00 0