07 -0.21 -205.00 24.00 121.00 561.00 -132.00 -1013.00 0
808 -4.17 -0.21 -0.56 -204.00 22.00 116.00 561.00 -132.00 -1013.00 0
818 -4.52 -0.35 -0.83 -206.00 25.00 127.00 561.00 -132.00 -1013.00 0
827 -4.31 -0.49 -0.90 -201.00 32.00 120.00 561.00 -132.00 -1013.00 0
836 -3.76 -1.11 -0.70 -199.00 28.00 118.00 561.00 -132.00 -1013.00 0
845 -3.62 -1.39 -0.56 -204.00 33.00 122.00 561.00 -132.00 -1013.00 0
855 -3.27 -1.39 -0.70 -201.00 35.00 119.00 561.00 -132.00 -1013.00 0
864 -3.27 -1.32 -0.70 -202.00 30.00 119.00 561.00 -132.00 -1013.00 0
873 -3.55 -1.32 -0.70 -201.00 30.00 119.00 561.00 -132.00 -1013.00 0
882 -3.97 -1.04 -1.11 -205.00 28.00 120.00 561.00 -132.00 -1013.00 0
891 -4.31 -0.63 -1.46 -207.00 24.00 121.00 561.00 -132.00 -1013.00 0
901 -4.66 -0.49 -1.67 -207.00 24.00 119.00 561.00 -132.00 -1013.00 0
910 -4.73 -0.90 -1.67 -206.00 25.00 122.00 561.00 -132.00 -1013.00 0
919 -4.38 -1.04 -1.53 -205.00 28.00 122.00 561.00 -132.00 -1013.00 0
928 -4.03 -1.18 -1.18 -202.00 31.00 121.00 561.00 -132.00 -1013.00 0
937 -3.69 -1.18 -0.83 -202.00 31.00 120.00 561.00 -132.00 -1013.00 0
947 -3.62 -1.18 -0.56 -204.00 35.00 117.00 561.00 -132.00 -1013.00 0
956 -3.55 -1.11 -0.49 -202.00 34.00 118.00 561.00 -132.00 -1013.00 0
965 -3.62 -0.97 -0.56 -204.00 31.00 121.00 561.00 -132.00 -1013.00 0
974 -3.90 -0.90 -0.77 -202.00 26.00 122.00 561.00 -132.00 -1013.00 0
984 -4.24 -0.83 -1.04 -208.00 26.00 123.00 561.00 -132.00 -1013.00 0
993 -4.31 -0.90 -1.25 -204.00 27.00 122.00 561.00 -132.00 -1013.00 0
1002 -4.10 -0.90 -1.32 -206.00 29.00 122.00 561.00 -132.00 -1013.00 0
1011 -3.83 -0.90 -1.32 -206.00 28.00 123.00 561.00 -132.00 -1013.00 0
1020 -3.34 -1.11 -1.11 -201.00 29.00 119.00 561.00 -132.00 -1013.00 0
1030 -2.99 -1.32 -1.04 -203.00 33.00 120.00 561.00 -132.00 -1013.00 0
1039 -2.78 -1.46 -1.04 -202.00 31.00 121.00 561.00 -132.00 -1013.00 0
1048 -2.78 -1.39 -1.11 -207.00 35.00 117.00 561.00 -132.00 -1013.00 0
1057 -2.92 -1.25 -1.25 -202.00 33.00 119.00 561.00 -132.00 -1013.00 0
1067 -3.06 -1.11 -1.46 -204.00 33.00 120.00 561.00 -132.00 -1013.00 0
1076 -3.55 -0.77 -1.74 -209.00 31.00 122.00 561.00 -132.00 -1013.00 0
1086 -3.90 -0.70 -1.74 -213.00 23.00 122.00 561.00 -132.00 -1013.00 0
1095 -4.31 -0.90 -1.67 -207.00 25.00 121.00 561.00 -132.00 -1013.00 0
1104 -4.38 -1.39 -1.53 -199.00 27.00 120.00 561.00 -132.00 -1013.00 0
1114 -4.24 -1.88 -1.25 -200.00 27.00 124.00 561.00 -132.00 -1013.00 0
1123 -4.03 -2.09 -0.83 -202.00 33.00 119.00 562.00 -130.00 -1146.00 0
1132 -3.97 -1.74 -0.35 -198.00 34.00 123.00 562.00 -130.00 -1146.00 0
1141 -4.03 -1.67 -0.35 -199.00 37.00 122.00 562.00 -130.00 -1146.00 0
1150 -4.17 -1.53 -0.42 -200.00 33.00 123.00 562.00 -130.00 -1146.00 0
1160 -4.59 -1.25 -0.70 -205.00 25.00 122.00 562.00 -130.00 -1146.00 0
1169 -5.08 -0.90 -1.11 -206.00 23.00 120.00 562.00 -130.00 -1146.00 0
1178 -5.43 -0.56 -1.53 -203.00 23.00 129.00 562.00 -130.00 -1146.00 0
1187 -5.29 -0.07 -1.81 -207.00 19.00 127.00 562.00 -134.00 -920.00 0
1197 -5.22 0.07 -1.88 -206.00 20.00 129.00 562.00 -134.00 -920.00 0
1206 -4.80 0.00 -1.81 -202.00 32.00 127.00 562.00 -134.00 -920.00 0
1215 -4.17 -0.42 -1.53 -193.00 31.00 117.00 562.00 -134.00 -920.00 0
1224 -3.69 -1.04 -1.11 -201.00 25.00 117.00 562.00 -134.00 -920.00 0
1233 -3.76 -0.90 -0.97 -202.00 33.00 117.00 562.00 -134.00 -920.00 0
1243 -3.06 -0.42 -1.46 -208.00 39.00 123.00 562.00 -134.00 -920.00 0
1252 -2.85 -0.42 -1.53 -207.00 29.00 115.00 561.00 -135.00 -1058.00 0
1261 -2.99 -0.56 -1.74 -202.00 26.00 120.00 561.00 -135.00 -1058.00 0
1270 -3.13 -0.83 -2.16 -206.00 27.00 112.00 561.00 -135.00 -1058.00 0
1280 -3.06 -0.90 -2.43 -202.00 31.00 117.00 561.00 -135.00 -1058.00 0
1289 -2.71 -0.90 -2.71 -208.00 34.00 117.00 561.00 -135.00 -1058.00 0
1298 -2.43 -0.49 -3.27 -207.00 39.00 116.00 561.00 -135.00 -1058.00 0
1307 -2.23 -0.56 -3.48 -209.00 35.00 118.00 561.00 -135.00 -1058.00 0
1316 -2.50 -0.56 -3.76 -205.00 31.00 122.00 563.00 -131.00 -1076.00 0
1326 -2.85 -0.49 -3.90 -207.00 26.00 117.00 563.00 -131.00 -1076.00 0
1335 -3.27 -0.56 -4.10 -204.00 17.00 115.00 563.00 -131.00 -1076.00 0
1344 -3.90 -0.56 -4.59 -208.00 30.00 119.00 563.00 -131.00 -1076.00 0
1353 -3.83 -0.77 -5.29 -209.00 29.00 125.00 563.00 -131.00 -1076.00 0
1362 -3.83 -0.83 -5.36 -211.00 24.00 126.00 563.00 -131.00 -1076.00 0
1372 -3.97 -1.04 -5.50 -205.00 31.00 124.00 563.00 -131.00 -1076.00 0
1381 -3.97 -1.67 -5.50 -200.00 30.00 126.00 560.00 -129.00 -1212.00 0
1390 -4.10 -2.37 -5.43 -199.00 28.00 124.00 560.00 -129.00 -1212.00 0
1399 -4.38 -2.85 -5.29 -198.00 28.00 130.00 560.00 -129.00 -1212.00 0
1409 -4.80 -3.06 -5.01 -199.00 19.00 133.00 560.00 -129.00 -1212.00 0
1418 -4.73 -3.34 -4.59 -205.00 26.00 124.00 560.00 -129.00 -1212.00 0
1427 -4.52 -3.13 -4.03 -210.00 28.00 129.00 560.00 -129.00 -1212.00 0
1436 -4.24 -3.13 -2.78 -210.00 23.00 124.00 560.00 -129.00 -1212.00 0
1446 -4.17 -3.27 -1.67 -204.00 28.00 121.00 560.00 -129.00 -1212.00 0
1456 -4.24 -3.69 0.35 -203.00 26.00 118.00 560.00 -129.00 -1212.00 0
1465 -4.10 -4.17 1.46 -206.00 23.00 122.00 560.00 -129.00 -1212.00 0
1474 -4.24 -4.31 2.57 -209.00 26.00 122.00 560.00 -129.00 -1212.00 0
1483 -4.10 -4.59 3.83 -206.00 28.00 122.00 560.00 -129.00 -1212.00 0
1492 -3.97 -4.94 4.94 -210.00 26.00 125.00 560.00 -129.00 -1212.00 0
1502 -3.83 -5.15 5.98 -209.00 31.00 125.00 560.00 -129.00 -1212.00 0
1511 -3.76 -5.43 7.51 -206.00 27.00 122.00 560.00 -129.00 -1212.00 0
1520 -3.69 -6.40 7.86 -207.00 27.00 129.00 560.00 -129.00 -1212.00 0
1529 -3.69 -6.75 7.86 -192.00 37.00 122.00 560.00 -129.00 -1212.00 0
1539 -3.41 -7.37 7.93 -191.00 36.00 121.00 560.00 -129.00 -1212.00 0
1548 -3.27 -7.51 7.93 -196.00 37.00 124.00 560.00 -129.00 -1212.00 0
1557 -3.27 -7.30 7.51 -193.00 47.00 121.00 560.00 -129.00 -1212.00 0
1566 -3.06 -6.54 6.05 -191.00 45.00 128.00 560.00 -129.00 -1212.00 0
1575 -3.62 -6.19 5.29 -188.00 42.00 123.00 560.00 -129.00 -1212.00 0
1585 -4.24 -6.05 4.45 -190.00 34.00 123.00 555.00 -136.00 -1180.00 0
1594 -4.94 -5.63 3.48 -197.00 33.00 122.00 555.00 -136.00 -1180.00 0
1603 -5.63 -5.08 2.23 -196.00 36.00 122.00 555.00 -136.00 -1180.00 0
1612 -6.26 -4.52 0.97 -207.00 26.00 124.00 555.00 -136.00 -1180.00 0
1622 -7.72 -3.20 -1.04 -212.00 26.00 130.00 555.00 -136.00 -1180.00 0
1631 -8.14 -2.85 -1.46 -213.00 26.00 127.00 555.00 -136.00 -1180.00 0
1640 -8.21 -2.85 -1.32 -208.00 22.00 124.00 555.00 -136.00 -1180.00 0
1649 -8.00 -3.27 -0.90 -203.00 28.00 124.00 555.00 -136.00 -1180.00 0
1658 -7.30 -3.69 -0.35 -204.00 33.00 125.00 555.00 -136.00 -1180.00 0
1668 -6.68 -3.90 0.21 -203.00 32.00 124.00 555.00 -136.00 -1180.00 0
1677 -5.57 -4.17 1.39 -203.00 36.00 123.00 555.00 -136.00 -1180.00 0
1686 -5.43 -4.31 1.88 -198.00 33.00 125.00 555.00 -136.00 -1180.00 0
1696 -5.50 -4.45 2.16 -203.00 26.00 127.00 555.00 -136.00 -1180.00 0
1705 -5.77 -4.59 2.16 -198.00 24.00 127.00 555.00 -136.00 -1180.00 0
1715 -5.98 -4.66 2.02 -195.00 24.00 125.00 555.00 -136.00 -1180.00 0
1724 -5.91 -4.73 1.74 -194.00 26.00 127.00 555.00 -136.00 -1180.00 0
1733 -5.01 -4.73 1.46 -198.00 30.00 130.00 555.00 -136.00 -1180.00 0
1742 -4.45 -4.66 1.46 -196.00 38.00 127.00 555.00 -136.00 -1180.00 0
1752 -3.97 -4.59 1.60 -195.00 36.00 125.00 555.00 -136.00 -1180.00 0
1761 -3.69 -4.59 1.74 -192.00 34.00 128.00 555.00 -136.00 -1180.00 0
1770 -3.62 -4.45 1.81 -198.00 33.00 129.00 555.00 -136.00 -1180.00 0
1779 -3.76 -4.24 1.67 -197.00 31.00 126.00 553.00 -137.00 -1165.00 0
1788 -4.17 -3.83 1.04 -194.00 32.00 128.00 553.00 -137.00 -1165.00 0
1798 -4.31 -3.62 0.70 -195.00 32.00 122.00 553.00 -137.00 -1165.00 0
1807 -4.52 -3.41 0.35 -194.00 32.00 124.00 553.00 -137.00 -1165.00 0
1816 -4.59 -2.99 0.14 -195.00 32.00 125.00 553.00 -137.00 -1165.00 0
1825 -4.80 -2.57 -0.07 -200.00 32.00 123.00 553.00 -137.00 -1165.00 0
1835 -4.87 -2.30 -0.28 -202.00 37.00 123.00 553.00 -137.00 -1165.00 0
1844 -4.73 -1.67 -1.04 -202.00 36.00 130.00 554.00 -136.00 -1074.00 0
1853 -4.87 -1.46 -1.53 -199.00 37.00 126.00 554.00 -136.00 -1074.00 0
1862 -5.01 -1.32 -1.88 -194.00 36.00 128.00 554.00 -136.00 -1074.00 0
1871 -5.22 -1.18 -2.30 -196.00 33.00 129.00 554.00 -136.00 -1074.00 0
1881 -5.57 -1.04 -2.71 -193.00 32.00 128.00 554.00 -136.00 -1074.00 0
1890 -5.98 -0.70 -3.20 -197.00 27.00 124.00 554.00 -136.00 -1074.00 0
1899 -6.54 -0.07 -4.03 -195.00 24.00 127.00 554.00 -136.00 -1074.00 0
1908 -6.61 0.07 -4.45 -196.00 25.00 127.00 553.00 -137.00 -1061.00 0
1917 -6.33 0.28 -4.87 -198.00 27.00 130.00 553.00 -137.00 -1061.00 0
1927 -5.91 0.49 -5.15 -196.00 34.00 128.00 553.00 -137.00 -1061.00 0
1936 -5.36 0.70 -5.43 -200.00 36.00 129.00 553.00 -137.00 -1061.00 0
1946 -5.01 0.97 -5.63 -203.00 35.00 129.00 553.00 -137.00 -1061.00 0
1955 -4.80 1.04 -5.91 -197.00 35.00 130.00 553.00 -137.00 -1061.00 0
1965 -4.94 1.11 -6.12 -196.00 30.00 124.00 553.00 -137.00 -1061.00 0
1974 -5.22 1.04 -6.26 -200.00 29.00 127.00 552.00 -130.00 -1163.00 0
1983 -5.50 1.11 -6.26 -202.00 21.00 125.00 552.00 -130.00 -1163.00 0
1992 -5.77 1.18 -6.19 -204.00 18.00 125.00 552.00 -130.00 -1163.00 0
2001 -5.98 1.32 -6.12 -207.00 25.00 126.00 552.00 -130.00 -1163.00 0
2011 -5.22 1.32 -5.57 -203.00 30.00 127.00 552.00 -130.00 -1163.00 0
2020 -4.80 1.04 -5.01 -205.00 24.00 127.00 552.00 -130.00 -1163.00 0
2029 -4.66 0.77 -4.52 -203.00 28.00 127.00 552.00 -130.00 -1163.00 0
2038 -4.52 0.35 -4.03 -201.00 28.00 125.00 555.00 -131.00 -1181.00 0
2048 -4.10 -0.14 -3.55 -201.00 30.00 128.00 555.00 -131.00 -1181.00 0
2057 -3.76 -0.42 -3.06 -199.00 32.00 129.00 555.00 -131.00 -1181.00 0
2066 -3.69 -0.56 -2.64 -202.00 35.00 128.00 555.00 -131.00 -1181.00 0
2075 -3.83 -0.77 -2.43 -195.00 29.00 127.00 555.00 -131.00 -1181.00 0
2084 -4.17 -1.04 -2.43 -196.00 32.00 128.00 555.00 -131.00 -1181.00 0
2094 -4.38 -1.25 -2.37 -196.00 32.00 127.00 555.00 -131.00 -1181.00 0
2103 -4.59 -1.32 -2.16 -197.00 27.00 128.00 555.00 -127.00 -1121.00 0
2112 -5.08 -1.32 -2.02 -199.00 23.00 126.00 551.00 -127.00 -1121.00 0
2121 -5.91 -1.25 -2.02 -199.00 20.00 130.00 551.00 -127.00 -1121.00 0
2130 -5.84 -1.04 -1.88 -201.00 23.00 129.00 551.00 -127.00 -1121.00 0
2140 -5.63 -0.83 -1.60 -203.00 21.00 130.00 551.00 -127.00 -1121.00 0
2149 -5.43 -0.83 -1.25 -207.00 22.00 128.00 551.00 -127.00 -1121.00 0
2158 -5.08 -0.97 -0.77 -204.00 22.00 126.00 551.00 -127.00 -1121.00 0
2167 -4.59 -1.53 0.00 -196.00 29.00 124.00 551.00 -127.00 -1121.00 0
2177 -3.34 -1.74 0.28 -198.00 36.00 124.00 551.00 -127.00 -1121.00 0
2186 -2.85 -1.74 0.56 -198.00 37.00 125.00 551.00 -127.00 -1121.00 0
2195 -2.64 -1.67 0.77 -199.00 40.00 128.00 551.00 -127.00 -1121.00 0
2204 -2.78 -1.60 0.83 -197.00 39.00 126.00 551.00 -127.00 -1121.00 0
2213 -3.13 -1.67 0.70 -197.00 38.00 126.00 551.00 -127.00 -1121.00 0
2224 -3.62 -1.53 0.14 -197.00 28.00 125.00 551.00 -127.00 -1121.00 0
2233 -5.01 -1.25 -0.14 -199.00 26.00 124.00 551.00 -127.00 -1121.00 0
2242 -5.50 -1.04 -0.42 -202.00 26.00 128.00 551.00 -127.00 -1121.00 0
2251 -5.57 -0.97 -0.70 -203.00 26.00 131.00 551.00 -127.00 -1121.00 0
2260 -5.63 -1.04 -0.83 -201.00 24.00 128.00 551.00 -127.00 -1121.00 0
2270 -5.70 -1.04 -0.97 -204.00 24.00 130.00 551.00 -127.00 -1121.00 0
2279 -5.43 -1.18 -1.04 -202.00 28.00 128.00 551.00 -127.00 -1121.00 0
2288 -5.15 -1.46 -1.04 -198.00 30.00 126.00 551.00 -127.00 -1121.00 0
2297 -4.94 -1.60 -0.97 -199.00 29.00 128.00 551.00 -127.00 -1121.00 0
2307 -4.80 -1.74 -0.90 -196.00 31.00 126.00 551.00 -127.00 -1121.00 0
2316 -4.73 -1.81 -0.77 -197.00 30.00 126.00 551.00 -127.00 -1121.00 0
2325 -4.73 -1.95 -0.63 -198.00 25.00 128.00 551.00 -127.00 -1121.00 0
2334 -4.80 -1.88 -0.35 -202.00 34.00 129.00 551.00 -127.00 -1121.00 0
2343 -4.52 -1.88 0.00 -198.00 24.00 130.00 551.00 -127.00 -1121.00 0
2353 -4.73 -1.88 0.14 -199.00 21.00 128.00 551.00 -127.00 -1121.00 0
2362 -4.87 -2.09 0.14 -195.00 21.00 127.00 551.00 -127.00 -1121.00 0
2371 -4.66 -2.16 0.07 -200.00 27.00 128.00 551.00 -127.00 -1121.00 0
2380 -4.10 -2.09 0.00 -199.00 31.00 127.00 551.00 -127.00 -1121.00 0
2390 -3.13 -2.23 0.00 -196.00 28.00 126.00 551.00 -127.00 -1121.00 0
2399 -2.78 -2.43 -0.14 -194.00 34.00 127.00 551.00 -127.00 -1121.00 0
2408 -2.43 -2.50 -0.42 -195.00 36.00 125.00 551.00 -127.00 -1121.00 0
2417 -2.23 -2.30 -0.63 -197.00 32.00 127.00 551.00 -127.00 -1121.00 0
2426 -2.30 -2.02 -0.83 -192.00 40.00 127.00 551.00 -127.00 -1121.00 0
2436 -2.37 -1.88 -1.18 -193.00 36.00 127.00 551.00 -127.00 -1121.00 0
2445 -3.34 -1.25 -1.95 -194.00 30.00 132.00 551.00 -127.00 -1121.00 0
2454 -4.03 -0.97 -2.30 -196.00 33.00 123.00 551.00 -127.00 -1121.00 0
2463 -4.52 -0.83 -2.50 -200.00 33.00 128.00 551.00 -127.00 -1121.00 0
2472 -4.94 -0.83 -2.71 -198.00 31.00 130.00 551.00 -127.00 -1121.00 0
2482 -5.50 -1.04 -2.85 -196.00 28.00 129.00 551.00 -127.00 -1121.00 0
2491 -5.98 -1.32 -2.92 -206.00 37.00 138.00 551.00 -127.00 -1121.00 0
2500 -7.03 -1.88 -2.78 -211.00 28.00 132.00 551.00 -127.00 -1369.00 0
2509 -7.79 -3.20 -2.23 -191.00 19.00 118.00 551.00 -127.00 -1369.00 0
2519 -8.77 -4.73 -1.95 -185.00 19.00 118.00 551.00 -127.00 -1369.00 0
2529 -9.32 -5.50 -1.81 -190.00 20.00 130.00 551.00 -127.00 -1369.00 0
2538 -9.46 -5.08 -1.60 -194.00 34.00 131.00 551.00 -127.00 -1369.00 0
2547 -9.46 -4.31 -1.04 -195.00 30.00 127.00 551.00 -127.00 -1369.00 0
2556 -9.18 -3.13 1.11 -197.00 23.00 125.00 551.00 -127.00 -1369.00 0
2566 -9.18 -2.71 1.81 -193.00 30.00 123.00 547.00 -130.00 -1087.00 0
2575 -8.83 -2.09 2.50 -194.00 23.00 129.00 547.00 -130.00 -1087.00 0
2584 -8.42 -1.04 2.99 -205.00 24.00 126.00 547.00 -130.00 -1087.00 0
2593 -8.14 0.42 3.13 -203.00 33.00 131.00 547.00 -130.00 -1087.00 0
2603 -7.58 1.67 3.06 -200.00 31.00 128.00 547.00 -130.00 -1087.00 0
2612 -6.61 3.13 1.95 -196.00 30.00 129.00 547.00 -130.00 -1087.00 0
2621 -6.33 3.34 1.39 -200.00 33.00 133.00 547.00 -130.00 -1087.00 0
2630 -6.26 3.55 0.90 -193.00 39.00 128.00 547.00 -130.00 -1116.00 0
2639 -6.26 3.48 0.83 -188.00 41.00 128.00 547.00 -130.00 -1116.00 0
2649 -6.68 3.27 0.83 -191.00 37.00 131.00 547.00 -130.00 -1116.00 0
2658 -7.58 3.27 1.32 -190.00 29.00 128.00 547.00 -130.00 -1116.00 0
2667 -9.46 4.24 2.78 -192.00 34.00 126.00 547.00 -130.00 -1116.00 0
2676 -10.16 5.29 3.34 -197.00 34.00 127.00 547.00 -130.00 -1116.00 0
2685 -10.78 6.33 3.83 -203.00 32.00 127.00 547.00 -130.00 -1116.00 0
2695 -11.48 7.23 4.03 -203.00 31.00 124.00 557.00 -126.00 -1220.00 0
2704 -12.17 7.93 4.03 -209.00 22.00 129.00 557.00 -126.00 -1220.00 0
2713 -12.59 8.42 3.55 -209.00 5.00 129.00 557.00 -126.00 -1220.00 0
2722 -13.43 8.21 2.64 -208.00 6.00 124.00 557.00 -126.00 -1220.00 0
2732 -12.45 7.58 2.02 -205.00 16.00 123.00 557.00 -126.00 -1220.00 0
2741 -10.71 6.61 1.60 -196.00 34.00 120.00 557.00 -126.00 -1220.00 0
2751 -8.97 6.12 1.53 -200.00 42.00 125.00 557.00 -126.00 -1220.00 0
2760 -7.86 5.98 1.88 -199.00 46.00 127.00 558.00 -123.00 -1100.00 0
2769 -7.30 4.52 3.27 -196.00 41.00 130.00 558.00 -123.00 -1100.00 0
2779 -8.77 3.69 3.55 -193.00 36.00 123.00 558.00 -123.00 -1100.00 0
2788 -9.81 3.20 3.62 -193.00 40.00 120.00 558.00 -123.00 -1100.00 0
2797 -10.71 3.27 3.55 -204.00 41.00 125.00 558.00 -123.00 -1100.00 0
2806 -11.83 3.97 3.34 -212.00 31.00 130.00 558.00 -123.00 -1100.00 0
2816 -13.70 4.66 2.71 -208.00 19.00 125.00 558.00 -123.00 -1100.00 0
2825 -16.49 4.45 1.04 -205.00 13.00 124.00 558.00 -120.00 -1253.00 0
2834 -16.77 4.03 0.21 -206.00 5.00 126.00 558.00 -120.00 -1253.00 0
2843 -16.14 3.69 -0.63 -203.00 13.00 122.00 558.00 -120.00 -1253.00 0
2852 -14.61 3.34 -1.46 -204.00 29.00 125.00 558.00 -120.00 -1253.00 0
2862 -12.45 2.99 -2.02 -204.00 32.00 126.00 558.00 -120.00 -1253.00 0
2871 -10.64 2.78 -2.43 -196.00 34.00 119.00 558.00 -120.00 -1253.00 0
2880 -8.42 3.13 -2.57 -205.00 34.00 124.00 558.00 -120.00 -1253.00 0
2889 -7.93 3.90 -2.43 -206.00 38.00 124.00 558.00 -120.00 -1253.00 0
2898 -7.51 4.52 -2.09 -200.00 45.00 125.00 558.00 -120.00 -1253.00 0
2908 -7.65 5.01 -1.67 -202.00 39.00 127.00 558.00 -120.00 -1253.00 0
2917 -8.70 5.70 -1.46 -202.00 29.00 125.00 558.00 -120.00 -1253.00 0
2927 -10.43 6.75 -1.46 -200.00 28.00 124.00 558.00 -120.00 -1253.00 0
2936 -14.33 9.53 -1.32 -206.00 18.00 118.00 558.00 -120.00 -1253.00 0
2946 -16.21 11.06 -1.46 -200.00 4.00 115.00 558.00 -120.00 -1253.00 0
2955 -17.04 11.97 -1.88 -200.00 16.00 123.00 558.00 -120.00 -1253.00 0
2964 -16.49 12.94 -1.81 -215.00 14.00 128.00 558.00 -120.00 -1253.00 0
2973 -15.58 14.33 -1.60 -223.00 18.00 128.00 558.00 -120.00 -1253.00 0
2982 -14.47 15.30 -0.97 -217.00 23.00 124.00 558.00 -120.00 -1253.00 0
2992 -11.48 14.19 -0.42 -208.00 25.00 117.00 558.00 -120.00 -1253.00 0
3001 -10.50 13.29 0.07 -203.00 23.00 114.00 558.00 -120.00 -1253.00 0
3010 -9.53 12.87 0.49 -192.00 28.00 114.00 558.00 -120.00 -1253.00 0
3020 -8.77 12.73 0.49 -195.00 21.00 112.00 558.00 -120.00 -1253.00 0
3030 -8.35 13.77 0.49 -207.00 11.00 115.00 558.00 -120.00 -1253.00 0
3039 -7.44 19.20 0.83 -215.00 14.00 108.00 558.00 -120.00 -1253.00 0
3048 -6.61 21.08 1.04 -209.00 14.00 133.00 558.00 -120.00 -1253.00 0
3057 -5.77 22.68 1.46 -215.00 23.00 109.00 558.00 -120.00 -1253.00 0
3066 -4.66 22.82 1.95 -213.00 22.00 113.00 558.00 -120.00 -1253.00 0
3076 -4.10 21.84 2.09 -210.00 27.00 115.00 558.00 -120.00 -1253.00 0
3085 -3.48 20.45 2.02 -208.00 35.00 112.00 558.00 -120.00 -1253.00 0
3094 -2.43 18.50 1.81 -212.00 32.00 117.00 585.00 -115.00 -1054.00 0
3103 -2.43 17.88 1.67 -215.00 33.00 113.00 585.00 -115.00 -1054.00 0
3112 -2.85 16.28 1.25 -213.00 27.00 113.00 585.00 -115.00 -1054.00 0
3122 -3.62 13.77 0.42 -209.00 22.00 108.00 585.00 -115.00 -1054.00 0
3131 -4.24 11.48 -0.42 -213.00 19.00 106.00 585.00 -115.00 -1054.00 0
3141 -4.59 9.67 -0.97 -210.00 27.00 109.00 585.00 -115.00 -1054.00 0
3150 -4.87 7.23 -1.74 -212.00 35.00 107.00 585.00 -115.00 -1054.00 0
3160 -5.22 6.26 -1.88 -211.00 32.00 106.00 585.00 -115.00 -1054.00 0
3169 -5.98 5.50 -2.09 -208.00 38.00 104.00 585.00 -115.00 -1054.00 0
3178 -7.03 4.87 -2.30 -205.00 29.00 107.00 585.00 -115.00 -1054.00 0
3187 -8.42 4.66 -2.43 -210.00 17.00 110.00 585.00 -115.00 -1054.00 0
3196 -9.88 4.94 -2.92 -219.00 15.00 113.00 585.00 -115.00 -1054.00 0
3206 -11.20 5.57 -4.03 -221.00 19.00 113.00 585.00 -115.00 -1054.00 0
3215 -11.27 5.22 -4.31 -215.00 12.00 115.00 585.00 -115.00 -1054.00 0
3224 -11.13 4.24 -4.45 -209.00 19.00 109.00 585.00 -115.00 -1054.00 0
3233 -10.57 3.13 -4.52 -203.00 21.00 107.00 585.00 -115.00 -1054.00 0
3243 -9.74 2.37 -4.38 -210.00 16.00 110.00 585.00 -115.00 -1054.00 0
3252 -9.18 2.64 -4.31 -212.00 26.00 109.00 585.00 -115.00 -1054.00 0
3261 -8.14 2.99 -4.38 -213.00 26.00 110.00 585.00 -115.00 -1054.00 0
3270 -7.79 3.20 -4.38 -214.00 25.00 110.00 585.00 -115.00 -1054.00 0
3279 -7.79 3.34 -4.52 -217.00 23.00 112.00 585.00 -115.00 -1054.00 0
3289 -7.86 3.41 -4.52 -209.00 14.00 111.00 585.00 -115.00 -1054.00 0
3298 -7.86 3.34 -4.52 -212.00 18.00 110.00 585.00 -115.00 -1054.00 0
3307 -7.17 3.20 -4.45 -215.00 24.00 107.00 585.00 -115.00 -1054.00 0
3316 -6.96 3.20 -4.24 -215.00 18.00 111.00 585.00 -115.00 -1054.00 0
3325 -7.03 2.99 -3.97 -213.00 16.00 112.00 585.00 -115.00 -1054.00 0
3335 -7.23 2.71 -3.69 -210.00 20.00 109.00 585.00 -115.00 -1054.00 0
3345 -7.37 2.50 -3.62 -211.00 17.00 107.00 585.00 -115.00 -1054.00 0
3354 -7.51 2.43 -3.27 -212.00 10.00 108.00 587.00 -104.00 -1108.00 0
3363 -8.21 2.99 -2.92 -214.00 12.00 109.00 587.00 -104.00 -1108.00 0
3373 -8.14 3.34 -2.57 -215.00 11.00 114.00 587.00 -104.00 -1108.00 0
3382 -7.93 3.41 -2.09 -220.00 13.00 107.00 587.00 -104.00 -1108.00 0
3391 -7.51 2.92 -1.53 -221.00 13.00 112.00 587.00 -104.00 -1108.00 0
3400 -6.82 1.88 -0.90 -220.00 14.00 106.00 587.00 -104.00 -1108.00 0
3409 -6.19 0.21 -0.49 -219.00 15.00 105.00 587.00 -104.00 -1108.00 0
3419 -4.66 -2.43 0.21 -212.00 26.00 105.00 590.00 -103.00 -1087.00 0
3428 -3.83 -3.27 0.56 -205.00 25.00 107.00 590.00 -103.00 -1087.00 0
3437 -3.48 -3.83 0.77 -207.00 22.00 107.00 590.00 -103.00 -1087.00 0
3446 -3.69 -4.31 0.56 -206.00 26.00 106.00 590.00 -103.00 -1087.00 0
3456 -3.83 -4.73 -0.07 -205.00 26.00 111.00 590.00 -103.00 -1087.00 0
3465 -3.90 -5.29 -0.70 -196.00 45.00 107.00 590.00 -103.00 -1087.00 0
3474 -5.29 -6.75 -2.43 -203.00 36.00 108.00 590.00 -103.00 -1087.00 0
3483 -7.23 -7.58 -3.62 -196.00 40.00 110.00 585.00 -102.00 -1094.00 0
3492 -9.46 -8.77 -5.01 -206.00 29.00 102.00 585.00 -102.00 -1094.00 0
3502 -12.24 -10.57 -6.33 -210.00 15.00 105.00 585.00 -102.00 -1094.00 0
3511 -15.23 -12.59 -8.00 -219.00 11.00 114.00 585.00 -102.00 -1094.00 0
3520 -17.18 -14.61 -9.46 -220.00 1.00 113.00 585.00 -102.00 -1094.00 0
3530 -18.78 -17.67 -11.13 -227.00 2.00 116.00 585.00 -102.00 -1094.00 0
3539 -18.16 -18.50 -11.34 -223.00 0.00 118.00 585.00 -102.00 -1094.00 0
3549 -16.97 -19.13 -11.27 -234.00 0.00 123.00 575.00 -91.00 -1092.00 0
3558 -15.51 -19.76 -11.06 -235.00 2.00 126.00 575.00 -91.00 -1092.00 0
3567 -13.77 -20.66 -10.57 -225.00 9.00 122.00 575.00 -91.00 -1092.00 0
3576 -11.69 -22.96 -8.83 -220.00 16.00 117.00 575.00 -91.00 -1092.00 0
3586 -7.86 -23.72 -7.86 -216.00 6.00 114.00 575.00 -91.00 -1092.00 0
3595 -6.61 -23.79 -7.17 -208.00 12.00 110.00 575.00 -91.00 -1092.00 0
3604 -5.01 -23.17 -6.75 -214.00 27.00 108.00 575.00 -91.00 -1092.00 0
3613 -3.34 -21.98 -6.54 -221.00 35.00 115.00 565.00 -89.00 -1217.00 0
3622 -1.60 -20.59 -6.26 -222.00 38.00 117.00 565.00 -89.00 -1217.00 0
3632 -0.97 -18.30 -6.40 -217.00 38.00 121.00 565.00 -89.00 -1217.00 0
3641 -1.60 -17.88 -6.61 -216.00 51.00 120.00 565.00 -89.00 -1217.00 0
3650 -2.99 -18.30 -6.82 -203.00 56.00 117.00 565.00 -89.00 -1217.00 0
3659 -5.57 -19.41 -7.37 -197.00 48.00 117.00 565.00 -89.00 -1217.00 0
3668 -9.25 -21.01 -8.35 -197.00 44.00 118.00 565.00 -89.00 -1217.00 0
3678 -13.77 -23.10 -10.16 -193.00 51.00 132.00 561.00 -79.00 -1090.00 0
3688 -22.05 -28.03 -14.75 -206.00 74.00 137.00 561.00 -79.00 -1090.00 0
3697 -26.71 -31.51 -16.28 -239.00 -71.00 82.00 561.00 -79.00 -1090.00 0
3706 -34.50 -37.01 -14.12 -168.00 -43.00 109.00 561.00 -79.00 -1090.00 0
3716 -35.41 -43.41 -10.43 -182.00 61.00 101.00 561.00 -79.00 -1090.00 0
3725 -29.91 -52.24 -5.29 -195.00 -4.00 123.00 561.00 -79.00 -1090.00 0
3734 -29.91 -62.89 -1.11 -220.00 -62.00 150.00 561.00 -79.00 -1090.00 0
3743 -34.99 -76.17 -0.28 -237.00 -62.00 157.00 561.00 -63.00 -966.00 0
3752 -35.13 -78.75 -2.23 -232.00 -58.00 175.00 525.00 -63.00 -966.00 0
3762 -34.02 -78.96 -4.52 -210.00 -45.00 157.00 525.00 -63.00 -966.00 0
3771 -31.72 -77.63 -6.47 -172.00 -21.00 134.00 525.00 -63.00 -966.00 0
3780 -29.43 -75.90 -9.04 -137.00 -1.00 130.00 525.00 -63.00 -966.00 0
3789 -28.66 -73.88 -11.97 -129.00 -10.00 119.00 525.00 -63.00 -966.00 0
3799 -32.97 -62.19 -17.95 -114.00 -30.00 126.00 525.00 -63.00 -966.00 0
3808 -37.36 -54.47 -20.94 -120.00 -67.00 132.00 525.00 -63.00 -966.00 0
3818 -41.18 -45.43 -22.47 -136.00 -78.00 158.00 525.00 -63.00 -966.00 0
3827 -42.16 -36.52 -22.54 -146.00 -64.00 182.00 525.00 -63.00 -966.00 0
3836 -39.44 -28.94 -21.29 -147.00 -37.00 185.00 525.00 -63.00 -966.00 0
3846 -33.39 -23.51 -14.33 -151.00 -12.00 167.00 525.00 -63.00 -966.00 0
3855 -17.53 -25.74 -9.88 -151.00 -1.00 186.00 525.00 -63.00 -966.00 0
3864 -10.43 -27.20 -5.63 -161.00 4.00 198.00 525.00 -63.00 -966.00 0
3873 -3.97 -26.64 -1.95 -174.00 16.00 209.00 525.00 -63.00 -966.00 0
3883 2.37 -25.46 1.67 -180.00 33.00 213.00 525.00 -63.00 -966.00 0
3892 8.42 -25.04 5.43 -174.00 47.00 190.00 525.00 -63.00 -966.00 0
3901 12.73 -26.71 9.46 -158.00 35.00 177.00 525.00 -63.00 -966.00 0
3910 12.52 -27.69 8.90 -146.00 19.00 162.00 525.00 -63.00 -966.00 0
3919 10.16 -26.71 8.28 -148.00 8.00 147.00 525.00 -63.00 -966.00 0
3929 8.35 -24.42 7.79 -143.00 19.00 143.00 525.00 -63.00 -966.00 0
3938 7.51 -22.05 7.23 -155.00 35.00 151.00 525.00 -63.00 -966.00 0
3947 6.68 -19.62 6.54 -171.00 30.00 157.00 525.00 -63.00 -966.00 0
3956 4.45 -16.63 5.84 -180.00 19.00 159.00 525.00 -63.00 -966.00 0
3965 -0.90 -9.88 5.70 -192.00 20.00 157.00 525.00 -63.00 -966.00 0
3974 -3.48 -7.10 6.26 -204.00 8.00 159.00 525.00 -63.00 -966.00 0
3983 -7.03 -3.90 6.47 -219.00 -9.00 156.00 525.00 -63.00 -966.00 0
3992 -10.78 0.14 6.40 -229.00 -37.00 164.00 525.00 -63.00 -966.00 0
4001 -13.22 3.48 6.12 -232.00 -45.00 164.00 525.00 -63.00 -966.00 0
4011 -13.77 4.52 5.84 -207.00 -32.00 164.00 525.00 -63.00 -966.00 0
4020 -9.32 1.25 6.19 -191.00 -33.00 148.00 525.00 -63.00 -966.00 0
4029 -6.96 -0.83 7.30 -183.00 -46.00 142.00 525.00 -63.00 -966.00 0
4038 -4.38 -2.23 8.28 -177.00 -32.00 153.00 525.00 -63.00 -966.00 0
4047 -0.70 -2.64 9.18 -176.00 -11.00 155.00 525.00 -63.00 -966.00 0
4057 3.41 -2.64 10.09 -179.00 -11.00 160.00 525.00 -63.00 -966.00 0
4066 6.75 -2.37 10.71 -182.00 -6.00 174.00 525.00 -63.00 -966.00 0
4075 9.74 -1.46 11.27 -181.00 8.00 181.00 497.00 -68.00 -1051.00 0
4084 15.10 -0.83 11.06 -170.00 23.00 181.00 497.00 -68.00 -1051.00 0
4093 17.11 -0.49 10.57 -155.00 50.00 174.00 497.00 -68.00 -1051.00 0
4103 17.88 -0.63 10.02 -148.00 56.00 163.00 497.00 -68.00 -1051.00 0
4112 16.77 -0.97 9.18 -137.00 49.00 158.00 497.00 -68.00 -1051.00 0
4121 14.26 -1.39 8.21 -143.00 43.00 160.00 497.00 -68.00 -1051.00 0
4130 7.10 -0.70 5.36 -150.00 32.00 164.00 497.00 -68.00 -1051.00 0
4140 2.92 0.21 3.13 -153.00 21.00 166.00 497.00 -74.00 -1176.00 0
4149 -1.25 1.04 0.56 -164.00 7.00 169.00 497.00 -74.00 -1176.00 0
4158 -4.87 2.09 -2.02 -181.00 4.00 172.00 497.00 -74.00 -1176.00 0
4167 -7.51 3.13 -3.90 -186.00 -2.00 177.00 497.00 -74.00 -1176.00 0
4176 -9.04 3.83 -4.94 -179.00 -9.00 170.00 497.00 -74.00 -1176.00 0
4186 -10.09 3.90 -5.84 -175.00 -25.00 162.00 497.00 -74.00 -1176.00 0
4195 -10.43 2.71 -6.19 -176.00 -15.00 156.00 497.00 -74.00 -1176.00 0
4204 -9.04 2.50 -6.40 -179.00 -9.00 163.00 500.00 -71.00 -933.00 0
4213 -7.23 2.71 -6.33 -184.00 3.00 161.00 500.00 -71.00 -933.00 0
4222 -5.36 3.06 -5.84 -179.00 5.00 163.00 500.00 -71.00 -933.00 0
4232 -4.17 3.34 -5.43 -178.00 7.00 162.00 500.00 -71.00 -933.00 0
4240 -3.48 3.27 -4.87 -179.00 7.00 166.00 500.00 -71.00 -933.00 0
4249 -3.13 3.41 -3.62 -180.00 5.00 163.00 500.00 -71.00 -933.00 0
4258 -3.55 3.55 -3.13 -180.00 1.00 167.00 500.00 -71.00 -933.00 0
4268 -3.97 3.27 -2.85 -183.00 -1.00 161.00 500.00 -71.00 -933.00 0
4277 -4.24 2.85 -2.50 -178.00 1.00 161.00 500.00 -71.00 -933.00 0
4286 -4.10 2.37 -2.16 -179.00 5.00 164.00 500.00 -71.00 -933.00 0
4295 -3.69 1.81 -1.67 -175.00 4.00 165.00 500.00 -71.00 -933.00 0
4304 -3.34 0.97 -1.25 -170.00 10.00 163.00 500.00 -71.00 -933.00 0
4314 -2.92 -0.97 -0.70 -173.00 15.00 163.00 500.00 -71.00 -933.00 0
4323 -3.41 -2.16 -0.70 -169.00 12.00 164.00 500.00 -71.00 -933.00 0
4331 -4.24 -3.20 -0.83 -170.00 8.00 165.00 500.00 -71.00 -933.00 0
4340 -5.08 -3.97 -1.18 -172.00 2.00 169.00 500.00 -71.00 -933.00 0
4349 -5.84 -4.59 -1.67 -176.00 -1.00 163.00 500.00 -71.00 -933.00 0
4359 -6.33 -5.15 -2.09 -175.00 -7.00 165.00 500.00 -71.00 -933.00 0
4368 -6.40 -6.26 -3.13 -185.00 0.00 178.00 500.00 -71.00 -933.00 0
4377 -5.70 -6.75 -3.34 -194.00 1.00 180.00 500.00 -71.00 -933.00 0
4386 -5.01 -8.14 -3.20 -194.00 6.00 186.00 500.00 -71.00 -933.00 0
4396 -4.38 -10.92 -2.85 -196.00 6.00 188.00 500.00 -71.00 -933.00 0
4405 -4.38 -15.30 -2.50 -203.00 6.00 192.00 500.00 -71.00 -933.00 0
4414 -4.94 -21.22 -2.09 -188.00 -2.00 203.00 500.00 -71.00 -933.00 0
4423 -5.91 -29.98 -1.74 -197.00 12.00 182.00 500.00 -71.00 -933.00 0
4431 -8.70 -64.49 -5.01 -188.00 13.00 192.00 500.00 -71.00 -933.00 0
4441 -11.13 -89.32 -8.97 -172.00 2.00 187.00 500.00 -71.00 -933.00 0
4450 -12.87 -113.04 -13.01 -140.00 -10.00 182.00 500.00 -71.00 -933.00 0
4460 -13.57 -131.41 -15.93 -133.00 -1.00 187.00 500.00 -71.00 -933.00 0
4469 -12.38 -142.26 -17.11 -132.00 -1.00 191.00 412.00 -59.00 -1035.00 0
4478 -10.92 -146.78 -16.14 -147.00 0.00 213.00 412.00 -59.00 -1035.00 0
4488 -8.56 -146.92 -15.03 -168.00 4.00 242.00 412.00 -59.00 -1035.00 0
4497 -7.65 -147.90 -13.50 -176.00 -4.00 256.00 412.00 -59.00 -1035.00 0
4506 -6.61 -151.86 -10.78 -175.00 4.00 280.00 412.00 -59.00 -1035.00 0
4515 -4.73 -158.19 -6.68 -169.00 -6.00 257.00 412.00 -59.00 -1035.00 0
4525 -3.69 -165.63 -2.16 -123.00 -27.00 207.00 412.00 -59.00 -1035.00 0
4534 -0.49 -186.02 5.50 -64.00 -31.00 154.00 308.00 -60.00 -1087.00 0
4543 2.50 -191.86 7.03 -11.00 -38.00 123.00 308.00 -60.00 -1087.00 0
4552 5.84 -189.91 6.75 0.00 -15.00 124.00 308.00 -60.00 -1087.00 0
4561 9.67 -179.62 5.08 -14.00 8.00 144.00 308.00 -60.00 -1087.00 0
4571 13.22 -163.41 2.37 -25.00 29.00 174.00 308.00 -60.00 -1087.00 0
4580 15.37 -144.70 -0.70 -53.00 50.00 211.00 308.00 -60.00 -1087.00 0
4590 16.14 -107.90 -4.66 -65.00 53.00 231.00 308.00 -60.00 -1087.00 0
4599 14.61 -93.57 -4.59 -56.00 41.00 228.00 251.00 -67.00 -1212.00 0
4609 12.17 -81.81 -3.41 -64.00 20.00 231.00 251.00 -67.00 -1212.00 0
4618 9.32 -71.17 -1.81 -76.00 2.00 250.00 251.00 -67.00 -1212.00 0
4627 6.54 -62.68 -0.21 -67.00 -13.00 247.00 251.00 -67.00 -1212.00 0
4636 4.73 -56.70 1.04 -56.00 -20.00 225.00 251.00 -67.00 -1212.00 0
4645 5.15 -45.43 2.50 -44.00 -11.00 208.00 251.00 -67.00 -1212.00 0
4655 6.89 -39.65 2.50 -33.00 7.00 202.00 251.00 -67.00 -1212.00 0
4663 8.77 -33.81 1.81 -31.00 27.00 191.00 238.00 -78.00 -1092.00 0
4672 9.18 -28.31 0.56 -18.00 29.00 186.00 238.00 -78.00 -1092.00 0
4681 8.00 -23.37 -0.77 -8.00 45.00 188.00 238.00 -78.00 -1092.00 0
4690 6.40 -17.46 -1.04 11.00 83.00 169.00 238.00 -78.00 -1092.00 0
4700 4.10 1.39 5.63 10.00 92.00 153.00 238.00 -78.00 -1092.00 0
4709 -6.68 15.44 12.03 39.00 93.00 118.00 238.00 -78.00 -1092.00 0
4718 -18.09 33.46 18.92 53.00 70.00 67.00 238.00 -78.00 -1092.00 0
4727 -32.77 57.81 25.60 71.00 -46.00 0.00 238.00 -78.00 -1092.00 0
4737 -51.41 91.06 29.36 96.00 -186.00 -85.00 238.00 -78.00 -1092.00 0
4746 -68.80 136.63 26.99 81.00 -209.00 -167.00 238.00 -78.00 -1092.00 0
4755 -77.15 269.98 2.64 24.00 -252.00 -237.00 238.00 -78.00 -1092.00 0
4765 -53.63 346.57 -16.56 -123.00 -97.00 -263.00 238.00 -78.00 -1092.00 0
4774 -22.68 423.37 -38.19 -295.00 69.00 -275.00 238.00 -78.00 -1092.00 1
4785 5.50 492.52 -58.16 586.00 -124.00 856.00 238.00 -78.00 -1092.00 1
4795 28.94 248.35 -75.69 -193.00 4.00 34.00 471.00 -35.00 -1067.00 1
4805 12.66 208.77 -57.60 -151.00 -6.00 173.00 471.00 -35.00 -1067.00 1
4816 15.86 168.63 -41.32 -237.00 -63.00 79.00 471.00 -35.00 -1067.00 1
4827 20.10 141.63 -17.32 -178.00 28.00 168.00 471.00 -35.00 -1067.00 1
4837 20.10 84.73 -12.66 -157.00 -9.00 185.00 471.00 -35.00 -1067.00 1
4848 14.19 63.79 -10.99 -190.00 -19.00 168.00 471.00 -35.00 -1067.00 1
4858 9.74 37.70 -5.43 -154.00 0.00 187.00 471.00 -35.00 -1067.00 1
4869 6.54 28.87 -3.55 -181.00 0.00 151.00 471.00 -35.00 -1067.00 1
4879 2.71 24.90 -1.88 -179.00 -1.00 165.00 471.00 -35.00 -1067.00 1
4890 -0.56 15.51 -1.81 -173.00 -4.00 178.00 471.00 -35.00 -1067.00 1
4900 -6.33 11.34 -2.02 -177.00 -12.00 173.00 471.00 -35.00 -1067.00 1
4911 -8.35 8.77 -1.74 -172.00 -4.00 166.00 471.00 -35.00 -1067.00 1
4922 -9.32 6.26 -1.32 -172.00 -17.00 157.00 471.00 -35.00 -1067.00 1
4932 -11.55 4.45 -1.53 -170.00 -5.00 164.00 471.00 -35.00 -1067.00 1
4942 -10.99 2.02 -1.88 -165.00 -13.00 171.00 471.00 -35.00 -1067.00 1
4953 -10.57 -0.14 -2.09 -168.00 -13.00 168.00 471.00 -35.00 -1067.00 1
4964 -10.16 0.14 -2.30 -172.00 -7.00 163.00 471.00 -35.00 -1067.00 1
4974 -9.81 -0.35 -2.57 -167.00 -5.00 171.00 471.00 -35.00 -1067.00 1
4984 -9.39 -0.56 -2.85 -171.00 -16.00 171.00 471.00 -35.00 -1067.00 1
4996 -9.46 0.42 -2.71 -173.00 -13.00 169.00 480.00 -38.00 -1324.00 1
5006 -9.04 1.53 -2.37 -171.00 -10.00 165.00 480.00 -38.00 -1324.00 1
5017 -7.65 2.85 -1.25 -176.00 -8.00 159.00 480.00 -38.00 -1324.00 1
5027 -7.10 3.27 -0.90 -175.00 -10.00 165.00 480.00 -38.00 -1324.00 1
5038 -6.54 3.27 -0.70 -170.00 -15.00 162.00 480.00 -38.00 -1324.00 1
5049 -5.22 3.27 0.14 -171.00 -5.00 162.00 480.00 -38.00 -1324.00 1
5059 -4.73 3.55 0.42 -175.00 -6.00 159.00 483.00 -37.00 -1043.00 1
5069 -4.45 3.55 0.35 -170.00 -12.00 166.00 483.00 -37.00 -1043.00 1
5081 -4.03 3.55 -0.35 -173.00 -13.00 170.00 483.00 -37.00 -1043.00 1
5091 -3.69 4.10 -0.49 -172.00 -8.00 169.00 483.00 -37.00 -1043.00 1
5101 -3.34 4.87 -0.56 -178.00 -1.00 165.00 483.00 -37.00 -1043.00 1
5112 -4.45 5.84 -0.90 -174.00 -22.00 163.00 483.00 -37.00 -1043.00 1
5123 -5.36 5.63 -1.11 -171.00 -18.00 160.00 482.00 -38.00 -1128.00 1
5133 -4.80 5.15 -0.90 -172.00 -14.00 164.00 482.00 -38.00 -1128.00 1
5143 -2.85 3.97 0.21 -179.00 -8.00 164.00 482.00 -38.00 -1128.00 1
5154 -2.16 3.76 0.70 -179.00 -14.00 167.00 482.00 -38.00 -1128.00 1
5165 -1.95 4.24 0.90 -179.00 -14.00 167.00 482.00 -38.00 -1128.00 1
5175 -1.81 6.40 1.81 -183.00 -9.00 169.00 482.00 -38.00 -1128.00 1
5185 -0.90 7.17 2.57 -190.00 -13.00 182.00 482.00 -38.00 -1128.00 1
5194 -0.56 7.23 3.27 -211.00 -5.00 205.00 482.00 -38.00 -1128.00 0
5203 -0.07 5.63 3.76 -272.00 0.00 270.00 482.00 -38.00 -1128.00 0
5213 -0.77 -2.02 3.27 -266.00 0.00 270.00 482.00 -38.00 -1128.00 0
5222 -2.43 -49.46 -0.35 -224.00 44.00 232.00 482.00 -38.00 -1128.00 0
5231 -4.24 -78.68 0.83 -191.00 26.00 197.00 482.00 -38.00 -1128.00 0
5240 -8.63 -106.02 3.55 -188.00 -14.00 191.00 482.00 -38.00 -1128.00 0
5250 -15.17 -132.24 5.63 -191.00 -43.00 206.00 482.00 -38.00 -1128.00 0
5260 -21.15 -160.21 5.36 -172.00 -44.00 209.00 482.00 -38.00 -1128.00 0
5269 -23.44 -188.94 3.06 -136.00 -43.00 193.00 482.00 -38.00 -1128.00 0
5278 -16.07 -232.35 -0.28 -111.00 -29.00 173.00 482.00 -38.00 -1128.00 0
5287 -10.09 -242.09 -1.67 -69.00 -30.00 132.00 482.00 -38.00 -1128.00 0
5297 -5.36 -243.69 -4.03 -54.00 -15.00 141.00 482.00 -38.00 -1128.00 0
5306 -0.42 -238.47 -6.61 -77.00 13.00 191.00 482.00 -38.00 -1128.00 0
5315 4.38 -229.36 -8.77 -82.00 21.00 220.00 482.00 -38.00 -1128.00 0
5324 7.30 -220.17 -10.02 -82.00 4.00 226.00 482.00 -38.00 -1128.00 0
5334 9.11 -202.64 -7.72 -82.00 -2.00 245.00 482.00 -38.00 -1128.00 0
5343 9.46 -194.09 -5.01 -63.00 -12.00 223.00 482.00 -38.00 -1128.00 0
5352 9.11 -186.92 -2.57 -51.00 -14.00 209.00 482.00 -38.00 -1128.00 0
5361 9.53 -180.52 -0.56 -40.00 -16.00 199.00 482.00 -38.00 -1128.00 0
5370 10.37 -173.77 0.56 -22.00 -9.00 193.00 482.00 -38.00 -1128.00 0
5380 11.06 -165.63 1.11 -21.00 1.00 201.00 482.00 -38.00 -1128.00 0
5389 12.10 -148.45 0.77 -12.00 1.00 199.00 482.00 -38.00 -1128.00 0
5398 11.48 -139.48 0.07 -9.00 3.00 201.00 482.00 -38.00 -1128.00 0
5407 10.99 -129.46 -0.42 -13.00 6.00 213.00 482.00 -38.00 -1128.00 0
5416 10.50 -118.96 -0.63 -13.00 5.00 223.00 482.00 -38.00 -1128.00 0
5426 9.95 -108.66 -0.70 -12.00 5.00 223.00 482.00 -38.00 -1128.00 0
5435 9.60 -98.64 -0.56 -13.00 0.00 237.00 482.00 -38.00 -1128.00 0
5444 9.04 -80.70 -0.07 -27.00 1.00 257.00 482.00 -38.00 -1128.00 0
5453 8.63 -74.57 -0.07 -29.00 2.00 262.00 132.00 -56.00 -1346.00 0
5463 8.00 -71.30 -0.21 -21.00 0.00 256.00 132.00 -56.00 -1346.00 0
5472 7.79 -70.75 -0.28 -3.00 -4.00 234.00 132.00 -56.00 -1346.00 0
5481 7.93 -71.37 -0.42 16.00 -4.00 204.00 132.00 -56.00 -1346.00 0
5490 8.21 -71.03 -0.63 27.00 0.00 188.00 132.00 -56.00 -1346.00 0
5499 8.83 -63.86 -2.85 26.00 5.00 192.00 132.00 -56.00 -1346.00 0
5509 8.63 -56.83 -4.31 24.00 13.00 200.00 132.00 -56.00 -1346.00 0
5518 7.93 -48.35 -5.57 27.00 16.00 197.00 102.00 -59.00 -1154.00 0
5527 6.89 -38.47 -6.40 7.00 17.00 222.00 102.00 -59.00 -1154.00 0
5536 5.63 -27.62 -6.75 1.00 16.00 235.00 102.00 -59.00 -1154.00 0
5545 3.97 -17.25 -6.54 5.00 7.00 231.00 102.00 -59.00 -1154.00 0
5554 2.30 -8.07 -5.84 -2.00 3.00 237.00 102.00 -59.00 -1154.00 0
5563 0.21 7.03 -4.31 -14.00 1.00 255.00 102.00 -59.00 -1154.00 0
5572 -0.42 11.97 -3.97 -23.00 3.00 264.00 102.00 -59.00 -1154.00 0
5581 -0.77 14.89 -3.69 -13.00 3.00 257.00 102.00 -61.00 -1256.00 0
5591 -0.70 16.00 -3.27 -9.00 1.00 248.00 116.00 -61.00 -1256.00 0
5600 -0.49 15.72 -2.85 -7.00 4.00 238.00 116.00 -61.00 -1256.00 0
5609 -0.42 14.40 -2.50 -4.00 3.00 237.00 116.00 -61.00 -1256.00 0
5618 -0.35 11.48 -2.37 -2.00 9.00 235.00 116.00 -61.00 -1256.00 0
5627 -0.42 10.71 -2.43 -8.00 8.00 248.00 116.00 -61.00 -1256.00 0
5636 -0.70 10.23 -2.43 -9.00 11.00 249.00 116.00 -61.00 -1256.00 0
5645 -0.90 9.60 -2.37 -15.00 16.00 249.00 116.00 -61.00 -1256.00 0
5654 -1.32 8.56 -2.30 -7.00 12.00 242.00 116.00 -61.00 -1256.00 0
5663 -2.09 7.03 -1.95 -6.00 8.00 237.00 116.00 -61.00 -1256.00 0
5672 -2.92 5.29 -1.53 -11.00 -2.00 239.00 116.00 -61.00 -1256.00 0
5682 -4.52 2.85 -0.42 -9.00 -3.00 238.00 116.00 -61.00 -1256.00 0
5691 -4.73 2.16 -0.28 -12.00 -4.00 244.00 116.00 -61.00 -1256.00 0
5700 -4.38 1.67 -0.42 -13.00 3.00 248.00 116.00 -61.00 -1256.00 0
5708 -3.76 1.04 -0.90 -15.00 10.00 252.00 116.00 -61.00 -1256.00 0
5718 -2.99 0.14 -1.39 -20.00 19.00 259.00 116.00 -61.00 -1256.00 0
5727 -2.30 -1.32 -1.67 -17.00 18.00 252.00 116.00 -61.00 -1256.00 0
5736 -2.02 -3.55 -1.25 -14.00 21.00 251.00 116.00 -61.00 -1256.00 0
5745 -2.57 -10.09 -0.63 -1.00 12.00 234.00 116.00 -61.00 -1256.00 0
5754 -3.48 -13.50 0.14 1.00 5.00 220.00 116.00 -61.00 -1256.00 0
5764 -4.24 -15.58 0.83 5.00 1.00 218.00 116.00 -61.00 -1256.00 0
5773 -4.94 -15.93 1.39 5.00 -5.00 217.00 116.00 -61.00 -1256.00 0
5782 -5.36 -14.89 1.39 5.00 0.00 226.00 111.00 -65.00 -1183.00 0
5791 -5.36 -12.45 1.04 2.00 1.00 232.00 111.00 -65.00 -1183.00 0
5799 -4.59 -6.05 -0.28 2.00 5.00 230.00 111.00 -65.00 -1183.00 0
5809 -4.03 -2.85 -0.90 0.00 8.00 228.00 111.00 -65.00 -1183.00 0
5818 -3.48 0.35 -1.60 -1.00 14.00 234.00 111.00 -65.00 -1183.00 0
5827 -2.99 3.41 -2.23 0.00 20.00 231.00 111.00 -65.00 -1183.00 0
5836 -2.85 5.84 -2.78 0.00 24.00 226.00 111.00 -65.00 -1183.00 0
5846 -3.06 8.00 -2.85 11.00 29.00 212.00 121.00 -65.00 -1150.00 0
5855 -3.76 10.50 -2.37 28.00 70.00 192.00 121.00 -65.00 -1150.00 0
5864 -4.66 18.37 4.03 51.00 138.00 160.00 121.00 -65.00 -1150.00 0
5873 -8.14 26.09 13.43 47.00 108.00 139.00 121.00 -65.00 -1150.00 0
5882 -17.46 38.19 27.06 79.00 3.00 49.00 121.00 -65.00 -1150.00 0
5892 -31.37 57.25 41.18 89.00 -102.00 -3.00 121.00 -65.00 -1150.00 0
5901 -45.50 86.47 50.57 90.00 -130.00 -58.00 121.00 -65.00 -1150.00 0
5910 -55.86 127.17 50.78 53.00 -124.00 -87.00 258.00 -37.00 -1131.00 0
5919 -62.47 248.83 30.54 15.00 -184.00 -111.00 258.00 -37.00 -1131.00 0
5928 -57.74 332.73 16.07 -77.00 -158.00 -206.00 258.00 -37.00 -1131.00 0
5938 -39.79 426.50 1.25 -167.00 -107.00 -258.00 258.00 -37.00 -1131.00 0
5947 -14.61 523.76 -14.61 -333.00 3.00 -293.00 258.00 -37.00 -1131.00 1
5958 11.48 617.25 -52.52 122.00 -357.00 -539.00 258.00 -37.00 -1131.00 1
5968 -4.38 367.72 -45.50 22.00 -80.00 210.00 258.00 -37.00 -1131.00 1
5979 18.16 326.75 -24.28 -114.00 15.00 147.00 482.00 -43.00 -1031.00 1
5990 20.38 274.78 1.25 -244.00 -23.00 43.00 482.00 -43.00 -1031.00 1
6000 25.39 171.76 7.44 -200.00 -8.00 126.00 482.00 -43.00 -1031.00 1
6010 21.77 127.17 6.12 -138.00 -35.00 210.00 482.00 -43.00 -1031.00 1
6022 16.00 65.95 4.03 -181.00 16.00 151.00 482.00 -43.00 -1031.00 1
6032 13.36 51.55 6.19 -148.00 17.00 201.00 482.00 -43.00 -1031.00 1
6042 10.37 35.41 5.22 -178.00 -11.00 163.00 479.00 -52.00 -1127.00 1
6053 1.18 19.83 -0.83 -170.00 4.00 175.00 479.00 -52.00 -1127.00 1
6064 -0.49 13.98 -2.43 -169.00 -18.00 170.00 479.00 -52.00 -1127.00 1
6075 -2.71 10.50 -3.90 -176.00 -8.00 160.00 479.00 -52.00 -1127.00 1
6085 -3.20 5.70 -3.62 -173.00 -3.00 159.00 479.00 -52.00 -1127.00 1
6095 -3.41 3.34 -3.13 -169.00 0.00 166.00 479.00 -52.00 -1127.00 1
6107 -3.55 0.90 -2.64 -163.00 -1.00 175.00 479.00 -54.00 -1078.00 1
6117 -4.80 -2.30 -2.16 -167.00 -2.00 173.00 476.00 -54.00 -1078.00 1
6128 -5.77 -2.09 -2.02 -169.00 2.00 160.00 476.00 -54.00 -1078.00 1
6138 -6.61 -1.81 -1.95 -169.00 0.00 165.00 476.00 -54.00 -1078.00 1
6150 -8.07 -2.92 -2.85 -164.00 -6.00 170.00 476.00 -54.00 -1078.00 1
6160 -8.56 -3.41 -3.06 -169.00 -8.00 164.00 476.00 -54.00 -1078.00 1
6171 -8.77 -3.62 -2.92 -170.00 -4.00 175.00 476.00 -54.00 -1078.00 1
6181 -8.56 -3.97 -2.50 -167.00 -4.00 182.00 476.00 -54.00 -1078.00 1
6192 -8.56 -3.55 -2.16 -165.00 1.00 181.00 476.00 -54.00 -1078.00 1
6203 -8.77 -2.30 -1.74 -138.00 23.00 190.00 476.00 -54.00 -1078.00 1
6213 -13.50 0.56 -1.60 -173.00 -7.00 193.00 476.00 -54.00 -1078.00 1
6224 -17.74 0.90 -2.37 -171.00 7.00 184.00 476.00 -54.00 -1078.00 1
6235 -20.31 3.13 -2.71 -183.00 32.00 174.00 476.00 -54.00 -1078.00 1
6245 -21.84 9.95 1.81 -188.00 2.00 184.00 476.00 -54.00 -1078.00 1
6255 -21.50 12.38 6.89 -210.00 -26.00 177.00 476.00 -54.00 -1078.00 0
6264 -22.89 12.17 9.95 -221.00 -17.00 200.00 476.00 -54.00 -1078.00 0
6274 -24.70 3.62 9.11 -209.00 10.00 217.00 476.00 -54.00 -1078.00 0
6283 -26.57 -31.65 6.47 -194.00 -24.00 192.00 476.00 -54.00 -1078.00 0
6292 -28.31 -50.85 6.19 -192.00 -9.00 193.00 476.00 -54.00 -1078.00 0
6301 -27.90 -67.76 6.47 -190.00 2.00 208.00 476.00 -54.00 -1078.00 0
6310 -26.78 -84.24 6.54 -163.00 -34.00 200.00 476.00 -54.00 -1078.00 0
6320 -27.90 -100.03 6.33 -131.00 -47.00 174.00 476.00 -54.00 -1078.00 0
6329 -28.45 -110.61 6.40 -133.00 -52.00 180.00 476.00 -54.00 -1078.00 0
6338 -23.10 -110.96 8.49 -117.00 -42.00 168.00 476.00 -54.00 -1078.00 0
6347 -17.81 -106.23 9.32 -103.00 9.00 128.00 476.00 -54.00 -1078.00 0
6358 -11.62 -100.38 10.64 -95.00 -23.00 132.00 476.00 -54.00 -1078.00 0
6367 -8.49 -92.59 11.20 -110.00 -40.00 158.00 476.00 -54.00 -1078.00 0
6376 -6.54 -82.50 10.30 -117.00 -15.00 184.00 403.00 -38.00 -1121.00 0
6385 -2.85 -71.86 8.90 -114.00 -18.00 181.00 403.00 -38.00 -1121.00 0
6394 4.45 -50.71 6.96 -118.00 -21.00 188.00 403.00 -38.00 -1121.00 0
6404 7.17 -39.51 5.57 -137.00 -20.00 209.00 403.00 -38.00 -1121.00 0
6413 10.02 -29.22 4.24 -170.00 -8.00 245.00 403.00 -38.00 -1121.00 0
6422 13.15 -21.63 3.06 -204.00 -3.00 299.00 403.00 -38.00 -1121.00 0
6431 15.72 -17.67 2.23 -215.00 -8.00 306.00 403.00 -38.00 -1121.00 0
6440 18.16 -17.81 4.94 -190.00 1.00 265.00 403.00 -38.00 -1121.00 0
6450 25.46 -25.04 9.46 -147.00 -2.00 203.00 403.00 -38.00 -1121.00 0
6459 29.50 -28.24 15.44 -125.00 -17.00 173.00 403.00 -38.00 -1121.00 0
6468 32.90 -31.03 21.29 -111.00 -11.00 174.00 403.00 -38.00 -1121.00 0
6477 36.03 -34.57 25.88 -120.00 4.00 165.00 403.00 -38.00 -1121.00 0
6487 38.61 -39.86 28.94 -100.00 12.00 164.00 403.00 -38.00 -1121.00 0
6496 41.39 -52.94 29.43 -101.00 26.00 165.00 403.00 -38.00 -1121.00 0
6506 40.63 -59.27 26.43 -97.00 35.00 164.00 403.00 -38.00 -1121.00 0
6515 38.68 -65.32 22.33 -96.00 43.00 180.00 403.00 -38.00 -1121.00 0
6524 36.59 -72.42 18.43 -91.00 52.00 191.00 403.00 -38.00 -1121.00 0
6534 34.23 -79.93 15.10 -84.00 52.00 199.00 403.00 -38.00 -1121.00 0
6543 30.96 -87.37 12.45 -79.00 41.00 196.00 403.00 -38.00 -1121.00 0
6552 20.80 -95.30 8.28 -71.00 26.00 197.00 403.00 -38.00 -1121.00 0
6561 15.44 -96.70 6.96 -70.00 24.00 204.00 403.00 -38.00 -1121.00 0
6571 10.71 -96.90 5.91 -75.00 11.00 202.00 403.00 -38.00 -1121.00 0
6580 6.19 -96.28 4.66 -70.00 1.00 202.00 403.00 -38.00 -1121.00 0
6589 2.64 -95.10 3.13 -67.00 0.00 212.00 403.00 -38.00 -1121.00 0
6598 0.70 -92.87 1.67 -65.00 4.00 212.00 403.00 -38.00 -1121.00 0
6607 0.63 -83.83 -1.53 -65.00 18.00 207.00 403.00 -38.00 -1121.00 0
6617 1.46 -77.70 -3.27 -58.00 25.00 209.00 403.00 -38.00 -1121.00 0
6626 2.23 -71.23 -4.80 -59.00 37.00 217.00 403.00 -38.00 -1121.00 0
6635 2.57 -64.56 -5.91 -49.00 36.00 210.00 269.00 -98.00 -1134.00 0
6644 2.43 -57.88 -6.40 -50.00 42.00 208.00 269.00 -98.00 -1134.00 0
6653 2.02 -50.71 -6.33 -58.00 32.00 218.00 269.00 -98.00 -1134.00 0
6663 1.11 -35.76 -4.87 -64.00 18.00 227.00 269.00 -98.00 -1134.00 0
6672 -2.23 -29.22 -3.90 -74.00 11.00 236.00 269.00 -98.00 -1134.00 0
6681 -3.55 -24.14 -2.92 -80.00 11.00 243.00 269.00 -98.00 -1134.00 0
6690 -4.10 -21.22 -2.23 -67.00 15.00 231.00 269.00 -98.00 -1134.00 0
6700 -4.03 -19.62 -2.02 -65.00 20.00 229.00 258.00 -98.00 -1104.00 0
6708 -3.76 -18.43 -1.88 -64.00 24.00 226.00 258.00 -98.00 -1104.00 0
6717 -3.20 -17.39 -1.60 -63.00 20.00 225.00 258.00 -98.00 -1104.00 0
6726 -2.37 -16.07 -1.46 -60.00 20.00 220.00 258.00 -98.00 -1104.00 0
6735 -2.23 -15.37 -1.46 -55.00 21.00 221.00 258.00 -98.00 -1104.00 0
6745 -2.23 -14.19 -1.53 -54.00 20.00 227.00 258.00 -98.00 -1104.00 0
6754 -2.23 -12.87 -1.74 -63.00 26.00 224.00 258.00 -98.00 -1104.00 0
6763 -2.30 -11.48 -1.88 -61.00 26.00 226.00 255.00 -98.00 -953.00 0
6772 -2.50 -10.30 -2.09 -64.00 26.00 231.00 255.00 -98.00 -953.00 0
6781 -3.34 -8.07 -2.30 -65.00 27.00 235.00 255.00 -98.00 -953.00 0
6791 -3.90 -7.79 -2.23 -71.00 28.00 240.00 255.00 -98.00 -953.00 0
6800 -4.31 -8.28 -1.95 -69.00 24.00 236.00 255.00 -98.00 -953.00 0
6809 -4.80 -9.74 -1.74 -65.00 21.00 236.00 255.00 -98.00 -953.00 0
6818 -5.22 -11.69 -1.46 -62.00 17.00 232.00 255.00 -98.00 -953.00 0
6828 -5.57 -13.57 -1.11 -59.00 15.00 230.00 255.00 -98.00 -953.00 0
6837 -5.63 -16.00 -0.56 -60.00 13.00 224.00 255.00 -98.00 -953.00 0
6846 -5.29 -16.70 -0.49 -54.00 15.00 227.00 255.00 -98.00 -953.00 0
6854 -5.01 -17.18 -0.56 -58.00 14.00 234.00 255.00 -98.00 -953.00 0
6863 -4.38 -17.39 -0.77 -54.00 18.00 229.00 255.00 -98.00 -953.00 0
6873 -3.90 -17.53 -1.11 -54.00 27.00 233.00 255.00 -98.00 -953.00 0
6882 -3.34 -17.46 -1.39 -63.00 29.00 236.00 255.00 -98.00 -953.00 0
6891 -2.78 -17.25 -1.53 -68.00 38.00 245.00 255.00 -98.00 -953.00 0
6900 -3.27 -19.55 -1.60 -61.00 30.00 239.00 255.00 -98.00 -953.00 0
6909 -4.10 -22.19 -1.32 -55.00 27.00 235.00 255.00 -98.00 -953.00 0
6919 -4.87 -25.25 -1.11 -60.00 25.00 242.00 255.00 -98.00 -953.00 0
6928 -5.91 -28.73 -1.11 -55.00 19.00 236.00 255.00 -98.00 -953.00 0
6937 -6.82 -32.77 -1.11 -49.00 17.00 230.00 255.00 -98.00 -953.00 0
6946 -7.44 -37.15 -1.32 -43.00 14.00 232.00 255.00 -98.00 -953.00 0
6956 -8.14 -44.31 -2.43 -38.00 11.00 234.00 255.00 -98.00 -953.00 0
6965 -8.07 -46.19 -2.92 -44.00 13.00 234.00 255.00 -98.00 -953.00 0
6974 -7.72 -47.17 -3.34 -39.00 16.00 239.00 255.00 -98.00 -953.00 0
6983 -7.17 -48.14 -3.97 -33.00 20.00 230.00 255.00 -98.00 -953.00 0
6991 -6.47 -48.90 -4.66 -29.00 27.00 225.00 255.00 -98.00 -953.00 0
7001 -5.91 -49.60 -5.50 -20.00 31.00 220.00 255.00 -98.00 -953.00 0
7010 -5.63 -50.02 -6.26 -18.00 30.00 221.00 255.00 -98.00 -953.00 0
7019 -6.47 -49.53 -7.37 -16.00 27.00 221.00 255.00 -98.00 -953.00 0
7028 -7.44 -48.07 -7.58 -14.00 17.00 222.00 170.00 -94.00 -1026.00 0
7037 -8.49 -45.43 -7.58 -12.00 14.00 222.00 170.00 -94.00 -1026.00 0
7047 -9.32 -41.60 -7.44 -10.00 10.00 228.00 170.00 -94.00 -1026.00 0
7056 -9.88 -36.59 -7.17 -9.00 9.00 224.00 170.00 -94.00 -1026.00 0
7065 -9.95 -30.54 -6.82 -5.00 10.00 219.00 170.00 -94.00 -1026.00 0
7074 -9.11 -15.65 -5.77 -7.00 21.00 213.00 170.00 -94.00 -1026.00 0
7084 -8.83 -7.79 -5.50 2.00 36.00 204.00 170.00 -94.00 -1026.00 0
7093 -8.77 -0.07 -5.22 13.00 58.00 196.00 172.00 -84.00 -1153.00 0
7102 -9.39 8.21 -3.83 32.00 75.00 169.00 172.00 -84.00 -1153.00 0
7111 -11.34 17.67 -0.90 51.00 78.00 129.00 172.00 -84.00 -1153.00 0
7120 -15.30 29.36 3.76 56.00 53.00 114.00 172.00 -84.00 -1153.00 0
7130 -21.08 66.57 16.00 82.00 66.00 62.00 172.00 -84.00 -1153.00 0
7139 -35.48 95.10 23.23 85.00 31.00 12.00 172.00 -84.00 -1153.00 0
7148 -44.80 132.24 30.47 98.00 -72.00 -48.00 172.00 -84.00 -1153.00 0
7157 -56.56 181.63 33.74 105.00 -128.00 -102.00 333.00 -60.00 -1165.00 0
7166 -65.53 246.40 31.23 65.00 -171.00 -230.00 333.00 -60.00 -1165.00 0
7176 -68.38 321.60 21.43 1.00 -305.00 -381.00 333.00 -60.00 -1165.00 0
7185 -55.30 502.54 -26.99 -177.00 -201.00 -509.00 333.00 -60.00 -1165.00 1
7196 -19.90 598.68 -51.20 427.00 623.00 2985.00 333.00 -60.00 -1165.00 1
7206 17.11 465.46 -82.71 -115.00 -56.00 183.00 333.00 -60.00 -1165.00 1
7218 2.71 275.69 -44.59 -205.00 83.00 115.00 333.00 -60.00 -1165.00 1
7228 18.85 228.17 -23.17 -219.00 -12.00 62.00 493.00 -47.00 -1151.00 1
7238 21.22 190.96 -11.34 -217.00 25.00 114.00 493.00 -47.00 -1151.00 1
7249 18.57 114.37 -1.88 -152.00 41.00 195.00 493.00 -47.00 -1151.00 1
7260 15.93 82.50 -2.43 -187.00 -28.00 138.00 493.00 -47.00 -1151.00 1
7271 11.27 62.75 -2.57 -190.00 11.00 146.00 493.00 -47.00 -1151.00 1
7281 7.37 31.30 -0.70 -160.00 14.00 180.00 493.00 -47.00 -1151.00 1
7292 4.59 19.90 -1.11 -175.00 -12.00 155.00 491.00 -51.00 -1138.00 1
7303 1.04 13.70 -2.57 -171.00 -1.00 173.00 491.00 -51.00 -1138.00 1
7314 -4.10 5.84 -2.99 -182.00 -23.00 154.00 491.00 -51.00 -1138.00 1
7324 -5.63 4.10 -2.64 -176.00 2.00 164.00 491.00 -51.00 -1138.00 1
7335 -6.05 -0.63 -1.88 -171.00 -6.00 160.00 491.00 -51.00 -1138.00 1
7346 -6.68 -2.02 -2.02 -171.00 5.00 167.00 491.00 -51.00 -1138.00 1
7357 -7.03 -2.99 -2.02 -174.00 -9.00 163.00 489.00 -50.00 -1121.00 1
7367 -8.63 -3.20 -2.57 -172.00 -2.00 169.00 489.00 -50.00 -1121.00 1
7377 -8.49 -3.41 -2.71 -167.00 -9.00 168.00 489.00 -50.00 -1121.00 1
7389 -8.63 -3.20 -3.13 -170.00 0.00 169.00 489.00 -50.00 -1121.00 1
7399 -8.14 -2.30 -2.85 -172.00 -8.00 160.00 489.00 -50.00 -1121.00 1
7410 -8.35 -1.60 -2.99 -175.00 -7.00 160.00 489.00 -50.00 -1121.00 1
7420 -8.28 -1.39 -3.06 -174.00 -2.00 165.00 486.00 -45.00 -1002.00 1
7432 -7.51 -2.23 -2.64 -178.00 -5.00 166.00 486.00 -45.00 -1002.00 1
7442 -6.89 -2.57 -2.43 -171.00 -10.00 168.00 486.00 -45.00 -1002.00 1
7453 -6.61 -2.57 -2.37 -172.00 -7.00 166.00 486.00 -45.00 -1002.00 1
7463 -5.98 -1.74 -1.88 -174.00 -2.00 161.00 486.00 -45.00 -1002.00 1
7474 -5.63 -1.18 -1.53 -174.00 -3.00 164.00 486.00 -45.00 -1002.00 1
7485 -5.57 -0.49 -1.25 -174.00 -8.00 168.00 486.00 -48.00 -920.00 1
7495 -6.19 1.11 -1.18 -175.00 -11.00 165.00 488.00 -48.00 -920.00 1
7506 -6.33 1.81 -1.18 -175.00 -8.00 164.00 488.00 -48.00 -920.00 1
7517 -6.33 3.06 -0.77 -173.00 -1.00 164.00 488.00 -48.00 -920.00 1
7528 -6.33 3.20 -0.56 -173.00 -7.00 153.00 488.00 -48.00 -920.00 1
7538 -6.54 2.85 -0.70 -174.00 -3.00 162.00 488.00 -48.00 -920.00 1
7548 -6.75 1.46 -1.04 -174.00 -4.00 162.00 488.00 -48.00 -920.00 1
7560 -7.10 0.70 -1.32 -172.00 -6.00 164.00 488.00 -48.00 -920.00 1
7570 -7.17 0.14 -1.39 -174.00 -4.00 161.00 488.00 -48.00 -920.00 1
7580 -7.37 -0.28 -1.60 -173.00 -11.00 165.00 488.00 -48.00 -920.00 1
7591 -7.65 -0.49 -1.81 -172.00 -9.00 165.00 488.00 -48.00 -920.00 1
7602 -7.58 -0.63 -1.81 -172.00 -6.00 168.00 488.00 -48.00 -920.00 1
7613 -7.17 -0.21 -1.39 -173.00 -10.00 172.00 488.00 -48.00 -920.00 1
7623 -6.96 0.28 -1.39 -175.00 -4.00 168.00 488.00 -48.00 -920.00 1
7634 -6.82 0.83 -1.32 -177.00 -8.00 168.00 488.00 -48.00 -920.00 1
7645 -6.82 2.30 -1.25 -176.00 10.00 185.00 488.00 -48.00 -920.00 1
7655 -7.65 3.41 -0.90 -179.00 -23.00 169.00 488.00 -48.00 -920.00 1
7666 -10.78 5.84 -0.56 -184.00 -9.00 181.00 488.00 -48.00 -920.00 1
7676 -11.76 14.61 0.77 -197.00 -15.00 186.00 488.00 -48.00 -920.00 1
7687 -11.20 21.15 2.71 -198.00 14.00 192.00 499.00 -42.00 -1079.00 0
7696 -10.43 27.90 6.26 -293.00 38.00 272.00 499.00 -42.00 -1079.00 0
7705 -10.57 31.51 11.34 -326.00 -15.00 286.00 499.00 -42.00 -1079.00 0
7715 -17.46 -2.57 17.53 -266.00 -34.00 225.00 499.00 -42.00 -1079.00 0
7725 -16.63 -30.26 21.15 -203.00 -39.00 160.00 499.00 -42.00 -1079.00 0
7734 -14.54 -59.48 23.65 -177.00 -28.00 128.00 499.00 -42.00 -1079.00 0
7743 -11.62 -89.95 24.00 -140.00 -9.00 94.00 499.00 -42.00 -1079.00 0
7752 -8.42 -120.83 21.43 -95.00 -5.00 119.00 499.00 -42.00 -1079.00 0
7761 -5.57 -147.97 17.11 -98.00 -12.00 121.00 499.00 -42.00 -1079.00 0
7771 -1.39 -181.22 5.70 -100.00 -16.00 146.00 499.00 -42.00 -1079.00 0
7780 1.18 -187.13 0.49 -103.00 -4.00 167.00 499.00 -42.00 -1079.00 0
7789 3.97 -187.83 -3.55 -117.00 12.00 189.00 499.00 -42.00 -1079.00 0
7798 5.84 -185.39 -6.47 -127.00 11.00 217.00 499.00 -42.00 -1079.00 0
7808 6.54 -181.36 -8.42 -132.00 18.00 247.00 499.00 -42.00 -1079.00 0
7817 6.54 -177.39 -9.18 -125.00 3.00 233.00 338.00 -49.00 -1319.00 0
7826 4.59 -174.33 -7.65 -108.00 -4.00 225.00 338.00 -49.00 -1319.00 0
7836 4.73 -174.33 -6.05 -111.00 9.00 234.00 338.00 -49.00 -1319.00 0
7845 5.08 -175.44 -4.87 -96.00 4.00 220.00 338.00 -49.00 -1319.00 0
7855 3.76 -179.76 -4.66 -66.00 -3.00 206.00 338.00 -49.00 -1319.00 0
7864 2.37 -185.60 -4.73 -53.00 -2.00 194.00 338.00 -49.00 -1319.00 0
7873 2.09 -189.50 -5.01 -37.00 -15.00 191.00 338.00 -49.00 -1319.00 0
7882 1.60 -187.55 -6.96 -33.00 -21.00 191.00 226.00 -52.00 -1001.00 0
7891 2.09 -182.89 -8.56 -38.00 -11.00 220.00 226.00 -52.00 -1001.00 0
7901 2.92 -176.21 -10.57 -41.00 -1.00 234.00 226.00 -52.00 -1001.00 0
7910 3.97 -168.63 -12.59 -33.00 -3.00 236.00 226.00 -52.00 -1001.00 0
7919 5.15 -160.56 -13.84 -44.00 14.00 261.00 226.00 -52.00 -1001.00 0
7928 6.54 -152.07 -14.05 -26.00 8.00 239.00 226.00 -52.00 -1001.00 0
7938 7.79 -140.52 -13.63 -4.00 5.00 213.00 226.00 -52.00 -1001.00 0
7947 8.42 -134.61 -12.87 7.00 -2.00 207.00 141.00 -58.00 -1255.00 0
7956 9.18 -126.26 -12.03 9.00 -12.00 197.00 141.00 -58.00 -1255.00 0
7965 9.81 -115.34 -11.13 12.00 -14.00 196.00 141.00 -58.00 -1255.00 0
7974 10.71 -102.96 -10.30 19.00 -9.00 196.00 141.00 -58.00 -1255.00 0
7984 11.97 -89.81 -10.30 24.00 -8.00 195.00 141.00 -58.00 -1255.00 0
7993 14.33 -61.63 -11.34 17.00 8.00 189.00 141.00 -58.00 -1255.00 0
8002 15.51 -46.96 -12.45 9.00 17.00 213.00 141.00 -58.00 -1255.00 0
8011 16.07 -32.14 -13.50 -8.00 27.00 241.00 125.00 -70.00 -1293.00 0
8020 16.07 -18.30 -14.05 -19.00 31.00 261.00 125.00 -70.00 -1293.00 0
8030 15.58 -6.89 -13.98 -40.00 43.00 297.00 125.00 -70.00 -1293.00 0
8039 14.54 1.39 -10.99 -40.00 37.00 291.00 125.00 -70.00 -1293.00 0
8048 9.60 0.35 -8.56 -16.00 10.00 255.00 125.00 -70.00 -1293.00 0
8057 6.75 -5.36 -5.91 -12.00 1.00 245.00 125.00 -70.00 -1293.00 0
8067 4.59 -10.57 -3.41 -3.00 -9.00 227.00 125.00 -70.00 -1293.00 0
8076 3.27 -14.68 -1.60 4.00 -8.00 216.00 125.00 -73.00 -1035.00 0
8085 2.71 -17.46 -1.04 7.00 0.00 217.00 118.00 -73.00 -1035.00 0
8093 2.85 -18.64 -1.46 9.00 12.00 216.00 118.00 -73.00 -1035.00 0
8102 3.69 -16.77 -3.69 7.00 22.00 218.00 118.00 -73.00 -1035.00 0
8112 3.69 -14.19 -4.59 4.00 34.00 224.00 118.00 -73.00 -1035.00 0
8121 3.13 -10.57 -4.87 -2.00 37.00 231.00 118.00 -73.00 -1035.00 0
8130 1.67 -6.96 -4.31 -11.00 32.00 244.00 118.00 -73.00 -1035.00 0
8139 -0.35 -4.03 -3.20 -9.00 15.00 248.00 118.00 -73.00 -1035.00 0
8148 -2.57 -2.16 -1.67 -11.00 2.00 251.00 118.00 -73.00 -1035.00 0
8158 -4.59 -1.04 1.39 -11.00 0.00 247.00 118.00 -73.00 -1035.00 0
8167 -6.89 -1.46 2.23 -8.00 -5.00 237.00 118.00 -73.00 -1035.00 0
8176 -6.75 -1.74 2.50 -4.00 1.00 230.00 118.00 -73.00 -1035.00 0
8184 -5.91 -1.60 2.16 -4.00 8.00 232.00 118.00 -73.00 -1035.00 0
8194 -4.94 -0.97 1.32 0.00 19.00 232.00 118.00 -73.00 -1035.00 0
8203 -4.10 -0.07 0.42 0.00 21.00 230.00 118.00 -73.00 -1035.00 0
8212 -3.55 1.18 -0.21 2.00 19.00 223.00 118.00 -73.00 -1035.00 0
8221 -3.48 5.22 -0.63 -2.00 18.00 233.00 118.00 -73.00 -1035.00 0
8230 -4.17 7.72 -0.35 -18.00 18.00 249.00 118.00 -73.00 -1035.00 0
8240 -4.87 9.60 0.14 -16.00 17.00 261.00 118.00 -73.00 -1035.00 0
8249 -5.63 10.09 0.77 -21.00 6.00 256.00 118.00 -73.00 -1035.00 0
8258 -6.33 9.46 1.67 -18.00 -4.00 256.00 118.00 -73.00 -1035.00 0
8266 -6.61 8.14 2.57 -17.00 -11.00 247.00 118.00 -73.00 -1035.00 0
8275 -6.33 6.26 3.06 -15.00 -1.00 249.00 125.00 -75.00 -1181.00 0
8285 -3.90 1.88 2.16 -12.00 0.00 251.00 125.00 -75.00 -1181.00 0
8294 -2.23 -0.42 1.11 -5.00 10.00 237.00 125.00 -75.00 -1181.00 0
8303 -0.56 -2.57 0.14 0.00 12.00 223.00 125.00 -75.00 -1181.00 0
8312 0.83 -3.62 -0.77 0.00 19.00 222.00 125.00 -75.00 -1181.00 0
8322 1.88 -3.20 -1.39 0.00 24.00 226.00 125.00 -75.00 -1181.00 0
8331 2.43 -1.32 -1.81 -2.00 27.00 229.00 125.00 -75.00 -1181.00 0
8339 2.37 1.18 -1.46 -1.00 21.00 232.00 124.00 -78.00 -1209.00 0
8348 0.63 7.17 -0.77 -10.00 14.00 236.00 124.00 -78.00 -1209.00 0
8357 -0.56 10.30 0.21 -20.00 1.00 251.00 124.00 -78.00 -1209.00 0
8367 -1.53 12.38 0.90 -26.00 7.00 254.00 124.00 -78.00 -1209.00 0
8376 -1.95 13.01 1.04 -20.00 14.00 248.00 124.00 -78.00 -1209.00 0
8385 -1.95 11.76 0.49 -10.00 17.00 233.00 124.00 -78.00 -1209.00 0
8394 -1.74 9.25 -0.35 0.00 24.00 224.00 124.00 -78.00 -1209.00 0
8403 -1.74 5.57 -1.60 3.00 27.00 216.00 124.00 -78.00 -1209.00 0
8413 -2.30 5.43 -1.74 2.00 23.00 221.00 124.00 -78.00 -1209.00 0
8422 -3.55 6.26 -1.74 41.00 44.00 187.00 124.00 -78.00 -1209.00 0
8431 -4.87 8.70 -1.18 94.00 93.00 135.00 124.00 -78.00 -1209.00 0
8440 -5.50 15.65 2.71 156.00 73.00 51.00 124.00 -78.00 -1209.00 0
8450 -8.77 35.69 11.69 182.00 39.00 -72.00 124.00 -78.00 -1209.00 0
8459 -12.38 77.50 42.92 183.00 -119.00 -189.00 124.00 -78.00 -1209.00 0
8468 -21.84 215.72 48.49 108.00 -120.00 -272.00 124.00 -78.00 -1209.00 0
8477 -21.77 301.57 40.14 -21.00 -234.00 -306.00 124.00 -78.00 -1209.00 0
8486 -25.32 388.38 12.59 -125.00 -314.00 -332.00 124.00 -78.00 -1209.00 0
8496 -29.84 473.74 -32.28 -307.00 -88.00 -329.00 124.00 -78.00 -1209.00 1
8507 21.50 587.62 -104.07 602.00 -77.00 434.00 124.00 -78.00 -1209.00 1
8517 -18.23 343.44 -120.28 -160.00 -128.00 -70.00 124.00 -78.00 -1209.00 1
8527 -29.43 289.88 -91.41 -164.00 9.00 148.00 124.00 -78.00 -1209.00 1
8539 -2.16 200.70 -46.61 -226.00 -47.00 110.00 448.00 -42.00 -1223.00 1
8549 -2.09 160.97 -30.47 -203.00 -1.00 155.00 448.00 -42.00 -1223.00 1
8559 -1.88 126.12 -23.65 -139.00 13.00 212.00 448.00 -42.00 -1223.00 1
8570 -5.77 66.71 -18.71 -151.00 -35.00 189.00 448.00 -42.00 -1223.00 1
8581 -6.68 53.29 -13.50 -150.00 4.00 193.00 448.00 -42.00 -1223.00 1
8591 -6.33 39.79 -9.32 -149.00 -16.00 183.00 448.00 -42.00 -1223.00 1
8602 -10.16 22.96 -6.47 -154.00 -25.00 182.00 447.00 -39.00 -1236.00 1
8612 -10.85 19.97 -4.45 -163.00 0.00 169.00 447.00 -39.00 -1236.00 1
8624 -9.53 16.97 -2.64 -170.00 -15.00 176.00 447.00 -39.00 -1236.00 1
8634 -7.51 8.70 -2.02 -155.00 -12.00 177.00 447.00 -39.00 -1236.00 1
8644 -7.65 5.84 -2.30 -171.00 -19.00 159.00 447.00 -39.00 -1236.00 1
8655 -7.51 5.50 -2.02 -156.00 -5.00 171.00 447.00 -39.00 -1236.00 1
8666 -5.77 0.90 -1.67 -157.00 -15.00 180.00 447.00 -39.00 -1236.00 1
8676 -5.77 -0.97 -1.81 -158.00 -11.00 182.00 447.00 -39.00 -1236.00 1
8686 -5.22 -1.18 -1.46 -163.00 -10.00 179.00 447.00 -39.00 -1236.00 1
8697 -4.66 -0.21 -0.83 -160.00 -8.00 175.00 447.00 -39.00 -1236.00 1
8708 -4.73 -0.21 -0.90 -160.00 -5.00 173.00 447.00 -39.00 -1236.00 1
8718 -4.66 0.35 -0.83 -163.00 -4.00 171.00 447.00 -39.00 -1236.00 1
8728 -5.70 -0.14 -1.32 -159.00 -9.00 175.00 447.00 -39.00 -1236.00 1
8739 -6.68 -1.04 -2.02 -159.00 -10.00 176.00 447.00 -39.00 -1236.00 1
8750 -7.72 -1.74 -2.50 -162.00 -8.00 174.00 447.00 -39.00 -1236.00 1
8760 -9.67 -2.99 -3.34 -158.00 -17.00 177.00 447.00 -39.00 -1236.00 1
8771 -10.43 -3.76 -3.55 -158.00 -13.00 178.00 447.00 -39.00 -1236.00 1
8781 -10.57 -4.38 -3.48 -160.00 -13.00 179.00 447.00 -39.00 -1236.00 1
8793 -10.71 -4.66 -2.92 -155.00 -12.00 182.00 447.00 -39.00 -1236.00 1
8803 -10.50 -4.03 -2.57 -156.00 -15.00 187.00 446.00 -33.00 -1116.00 1
8813 -10.09 -2.99 -2.23 -159.00 -13.00 183.00 446.00 -33.00 -1116.00 1
8824 -9.46 0.63 -1.60 -162.00 -9.00 181.00 446.00 -33.00 -1116.00 1
8835 -9.60 2.78 -1.25 -166.00 2.00 200.00 446.00 -33.00 -1116.00 1
8845 -10.23 4.87 -0.90 -160.00 -36.00 196.00 446.00 -33.00 -1116.00 1
8856 -17.39 14.82 1.95 -174.00 -8.00 210.00 446.00 -33.00 -1116.00 1
8866 -18.09 22.82 5.36 -184.00 6.00 190.00 459.00 -31.00 -936.00 1
8876 -18.23 31.79 10.02 -198.00 20.00 200.00 459.00 -31.00 -936.00 0
8886 -18.30 40.00 15.72 -294.00 -18.00 257.00 459.00 -31.00 -936.00 0
8895 -22.54 36.38 24.56 -276.00 -80.00 241.00 459.00 -31.00 -936.00 0
8904 -21.91 14.89 23.72 -221.00 -25.00 207.00 459.00 -31.00 -936.00 0
8913 -14.82 -11.48 23.23 -173.00 -6.00 166.00 459.00 -31.00 -936.00 0
8923 -7.10 -36.80 24.21 -142.00 24.00 130.00 459.00 -31.00 -936.00 0
8932 -2.02 -59.20 25.88 -149.00 12.00 148.00 435.00 -41.00 -940.00 0
8941 -1.18 -81.46 24.42 -142.00 -18.00 159.00 435.00 -41.00 -940.00 0
8950 -5.57 -126.40 20.45 -130.00 -32.00 166.00 435.00 -41.00 -940.00 0
8960 -6.12 -146.37 15.86 -129.00 -26.00 187.00 435.00 -41.00 -940.00 0
8969 -4.38 -161.67 11.69 -136.00 -13.00 208.00 435.00 -41.00 -940.00 0
8978 -1.67 -172.38 8.56 -138.00 -1.00 221.00 435.00 -41.00 -940.00 0
8987 1.39 -180.24 6.96 -130.00 -5.00 228.00 435.00 -41.00 -940.00 0
8996 4.17 -189.22 5.91 -117.00 -15.00 213.00 324.00 -48.00 -1223.00 0
9006 9.39 -190.82 5.98 -97.00 -11.00 211.00 324.00 -48.00 -1223.00 0
9015 12.10 -190.61 5.77 -98.00 -26.00 221.00 324.00 -48.00 -1223.00 0
9024 13.70 -188.66 5.57 -104.00 -8.00 226.00 324.00 -48.00 -1223.00 0
9033 16.35 -188.59 5.29 -75.00 -25.00 206.00 324.00 -48.00 -1223.00 0
9042 17.88 -192.07 3.76 -40.00 -27.00 194.00 324.00 -48.00 -1223.00 0
9053 21.36 -197.57 -1.74 -17.00 -16.00 168.00 324.00 -48.00 -1223.00 0
9062 23.23 -192.77 -5.15 -4.00 -2.00 154.00 207.00 -64.00 -979.00 0
9071 24.49 -182.68 -8.21 1.00 16.00 168.00 207.00 -64.00 -979.00 0
9080 25.46 -168.63 -10.64 -4.00 18.00 185.00 207.00 -64.00 -979.00 0
9090 24.90 -151.65 -12.38 -16.00 29.00 206.00 207.00 -64.00 -979.00 0
9099 24.00 -133.15 -13.08 -15.00 29.00 224.00 207.00 -64.00 -979.00 0
9108 21.08 -97.60 -11.76 -23.00 12.00 222.00 207.00 -64.00 -979.00 0
9117 18.85 -81.67 -10.30 -24.00 3.00 225.00 207.00 -64.00 -979.00 0
9126 17.25 -67.69 -8.83 -24.00 2.00 223.00 174.00 -74.00 -1198.00 0
9136 16.35 -55.30 -7.65 -42.00 0.00 254.00 174.00 -74.00 -1198.00 0
9145 16.00 -44.59 -6.61 -45.00 6.00 259.00 174.00 -74.00 -1198.00 0
9154 16.07 -37.22 -5.70 -40.00 8.00 249.00 174.00 -74.00 -1198.00 0
9162 16.83 -30.19 -4.66 -32.00 14.00 239.00 174.00 -74.00 -1198.00 0
9172 17.46 -28.31 -4.31 -28.00 22.00 233.00 174.00 -74.00 -1198.00 0
9182 17.60 -26.99 -4.24 -29.00 33.00 224.00 174.00 -74.00 -1198.00 0
9191 17.25 -26.23 -4.24 -22.00 37.00 224.00 174.00 -74.00 -1198.00 0
9200 16.35 -26.09 -4.10 -24.00 41.00 228.00 174.00 -74.00 -1198.00 0
9209 14.47 -25.88 -3.83 -20.00 33.00 229.00 174.00 -74.00 -1198.00 0
9219 9.81 -25.04 -1.60 -14.00 18.00 224.00 174.00 -74.00 -1198.00 0
9228 7.17 -23.86 -0.28 -12.00 8.00 217.00 174.00 -74.00 -1198.00 0
9236 5.01 -21.84 0.77 -14.00 6.00 223.00 174.00 -74.00 -1198.00 0
9245 3.55 -19.13 1.32 -13.00 9.00 224.00 174.00 -74.00 -1198.00 0
9254 2.50 -15.93 1.18 -18.00 20.00 235.00 174.00 -74.00 -1198.00 0
9264 1.88 -12.80 0.77 -28.00 26.00 247.00 174.00 -74.00 -1198.00 0
9273 1.46 -10.23 -0.14 -27.00 27.00 250.00 174.00 -74.00 -1198.00 0
9282 0.14 -8.35 -0.42 -31.00 29.00 250.00 174.00 -74.00 -1198.00 0
9291 -0.63 -8.97 -0.42 -23.00 22.00 238.00 174.00 -74.00 -1198.00 0
9300 -1.53 -10.02 -0.21 -19.00 18.00 235.00 174.00 -74.00 -1198.00 0
9310 -2.57 -10.92 0.14 -15.00 9.00 232.00 174.00 -74.00 -1198.00 0
9319 -3.62 -11.48 0.49 -16.00 8.00 227.00 174.00 -74.00 -1198.00 0
9328 -4.38 -11.27 0.63 -18.00 6.00 236.00 174.00 -74.00 -1198.00 0
9337 -4.52 -8.97 0.28 -18.00 8.00 239.00 174.00 -74.00 -1198.00 0
9347 -4.03 -7.37 -0.07 -17.00 12.00 234.00 174.00 -74.00 -1198.00 0
9356 -3.48 -5.91 -0.63 -11.00 20.00 228.00 174.00 -74.00 -1198.00 0
9365 -2.71 -4.38 -1.25 -12.00 25.00 225.00 174.00 -74.00 -1198.00 0
9374 -2.16 -2.43 -1.81 -26.00 32.00 243.00 174.00 -74.00 -1198.00 0
9383 -2.16 -0.56 -2.23 -26.00 31.00 252.00 174.00 -74.00 -1198.00 0
9392 -2.43 0.56 -1.95 -27.00 21.00 251.00 146.00 -88.00 -1239.00 0
9401 -3.55 -0.07 -1.32 -27.00 17.00 249.00 146.00 -88.00 -1239.00 0
9410 -4.17 -1.18 -0.70 -18.00 9.00 232.00 146.00 -88.00 -1239.00 0
9419 -4.52 -2.37 -0.14 -17.00 6.00 236.00 146.00 -88.00 -1239.00 0
9428 -4.45 -3.27 0.14 -22.00 9.00 238.00 146.00 -88.00 -1239.00 0
9438 -4.10 -3.55 0.00 -24.00 18.00 235.00 146.00 -88.00 -1239.00 0
9447 -3.62 -3.69 -0.28 -20.00 22.00 235.00 146.00 -88.00 -1239.00 0
9456 -2.57 -3.83 -0.83 -19.00 22.00 237.00 142.00 -91.00 -1152.00 0
9465 -2.43 -3.83 -0.90 -16.00 19.00 237.00 142.00 -91.00 -1152.00 0
9475 -2.43 -3.69 -0.97 -16.00 24.00 230.00 142.00 -91.00 -1152.00 0
9484 -2.57 -3.27 -1.04 -20.00 24.00 238.00 142.00 -91.00 -1152.00 0
9493 -2.92 -2.71 -1.25 -29.00 26.00 248.00 142.00 -91.00 -1152.00 0
9501 -3.55 -2.43 -1.18 -32.00 26.00 257.00 142.00 -91.00 -1152.00 0
9510 -4.17 -4.80 -0.70 -32.00 21.00 255.00 142.00 -91.00 -1152.00 0
9520 -5.29 -7.23 -0.14 -21.00 12.00 246.00 141.00 -89.00 -1100.00 0
9529 -5.63 -10.16 0.49 -14.00 5.00 235.00 141.00 -89.00 -1100.00 0
9538 -5.57 -12.73 1.04 -10.00 7.00 238.00 141.00 -89.00 -1100.00 0
9547 -5.22 -14.54 1.25 -13.00 11.00 234.00 141.00 -89.00 -1100.00 0
9556 -4.73 -15.72 0.83 -9.00 19.00 232.00 141.00 -89.00 -1100.00 0
9566 -3.83 -16.42 0.28 -5.00 23.00 229.00 141.00 -89.00 -1100.00 0
9575 -2.64 -15.23 -0.77 -7.00 24.00 224.00 141.00 -89.00 -1100.00 0
9584 -2.43 -13.57 -1.11 -7.00 25.00 235.00 141.00 -89.00 -1100.00 0
9593 -2.64 -11.55 -1.25 -16.00 23.00 242.00 141.00 -89.00 -1100.00 0
9603 -3.13 -9.60 -1.18 -20.00 25.00 247.00 141.00 -89.00 -1100.00 0
9612 -3.69 -8.21 -0.97 -28.00 23.00 256.00 141.00 -89.00 -1100.00 0
9621 -4.24 -7.86 -0.70 -25.00 19.00 256.00 141.00 -89.00 -1100.00 0
9630 -5.08 -10.85 0.35 -15.00 16.00 244.00 141.00 -89.00 -1100.00 0
9639 -5.29 -13.36 0.90 -10.00 10.00 241.00 141.00 -89.00 -1100.00 0
9649 -5.15 -15.65 1.11 -6.00 8.00 240.00 141.00 -89.00 -1100.00 0
9657 -4.80 -17.53 0.90 -2.00 15.00 235.00 141.00 -89.00 -1100.00 0
9666 -4.10 -18.85 0.42 -6.00 21.00 234.00 141.00 -89.00 -1100.00 0
9675 -3.55 -19.69 -0.28 -8.00 27.00 240.00 141.00 -89.00 -1100.00 0
9684 -3.06 -20.59 -1.32 2.00 32.00 223.00 141.00 -89.00 -1100.00 0
9694 -3.06 -21.57 -1.39 15.00 49.00 214.00 141.00 -89.00 -1100.00 0
9703 -3.41 -20.94 -0.49 17.00 51.00 215.00 141.00 -89.00 -1100.00 0
9712 -5.08 -19.06 1.60 30.00 58.00 194.00 141.00 -89.00 -1100.00 0
9721 -8.07 -16.00 4.66 55.00 109.00 162.00 141.00 -89.00 -1100.00 0
9731 -11.76 -11.90 9.32 60.00 132.00 156.00 141.00 -89.00 -1100.00 0
9740 -17.32 -5.98 17.04 49.00 96.00 145.00 141.00 -89.00 -1100.00 0
9749 -38.96 18.78 41.46 62.00 -3.00 109.00 141.00 -89.00 -1100.00 0
9758 -51.69 41.74 53.98 80.00 -114.00 39.00 141.00 -89.00 -1100.00 0
9767 -59.76 73.46 61.57 110.00 -172.00 -32.00 141.00 -89.00 -1100.00 0
9777 -61.91 117.22 60.87 99.00 -102.00 -85.00 141.00 -89.00 -1100.00 0
9787 -56.83 176.42 53.29 40.00 -110.00 -104.00 141.00 -89.00 -1100.00 0
9796 -46.05 326.75 22.40 -48.00 -156.00 -123.00 141.00 -89.00 -1100.00 0
9805 -44.73 405.43 -4.87 -122.00 -198.00 -189.00 141.00 -89.00 -1100.00 0
9815 -37.50 480.21 -34.99 -204.00 -109.00 -230.00 141.00 -89.00 -1100.00 1
9825 -13.08 555.62 -57.95 -1528.00 1066.00 4034.00 141.00 -89.00 -1100.00 1
9836 11.27 381.50 -90.16 -211.00 -80.00 27.00 141.00 -89.00 -1100.00 1
9846 1.46 325.77 -66.09 -306.00 -71.00 112.00 141.00 -89.00 -1100.00 1
9857 12.10 278.05 -51.90 -203.00 69.00 133.00 141.00 -89.00 -1100.00 1
9868 19.69 184.97 -25.88 -174.00 -16.00 164.00 141.00 -89.00 -1100.00 1
9878 17.04 147.69 -21.22 -163.00 11.00 175.00 141.00 -89.00 -1100.00 1
9889 14.05 115.62 -19.55 -174.00 -44.00 175.00 141.00 -89.00 -1100.00 1
9901 6.47 70.12 -15.17 -166.00 1.00 182.00 141.00 -89.00 -1100.00 1
9911 4.52 52.45 -11.55 -169.00 -5.00 187.00 141.00 -89.00 -1100.00 1
9922 1.04 39.03 -8.90 -174.00 -17.00 178.00 469.00 -44.00 -1167.00 1
9932 -6.40 21.36 -5.36 -167.00 -6.00 179.00 469.00 -44.00 -1167.00 1
9943 -8.83 15.17 -3.62 -170.00 -20.00 167.00 469.00 -44.00 -1167.00 1
9954 -11.27 5.77 -1.18 -175.00 -4.00 161.00 469.00 -44.00 -1167.00 1
9964 -12.45 3.20 -0.56 -171.00 -8.00 166.00 469.00 -44.00 -1167.00 1
9975 -12.03 1.04 -0.14 -165.00 -7.00 163.00 469.00 -44.00 -1167.00 1
9986 -10.23 -1.46 -0.35 -168.00 -7.00 165.00 469.00 -44.00 -1167.00 1
9997 -9.88 -2.02 -0.90 -167.00 -13.00 168.00 469.00 -44.00 -1167.00 1
10007 -9.60 -2.16 -1.25 -168.00 -6.00 164.00 469.00 -44.00 -1167.00 1
10018 -8.07 -2.71 -1.60 -166.00 -9.00 167.00 469.00 -44.00 -1167.00 1
10029 -7.30 -3.13 -1.53 -168.00 -7.00 166.00 469.00 -44.00 -1167.00 1
10040 -6.54 -3.27 -1.32 -166.00 -14.00 170.00 469.00 -44.00 -1167.00 1
10050 -5.36 -3.69 -1.11 -169.00 -6.00 174.00 466.00 -40.00 -1114.00 1
10061 -4.59 -4.03 -1.04 -169.00 -6.00 176.00 466.00 -40.00 -1114.00 1
10072 -4.24 -4.10 -1.18 -164.00 -10.00 172.00 466.00 -40.00 -1114.00 1
10083 -4.73 -3.90 -1.81 -165.00 -8.00 171.00 466.00 -40.00 -1114.00 1
10093 -4.80 -3.62 -2.02 -167.00 -8.00 168.00 466.00 -40.00 -1114.00 1
10104 -5.08 -3.27 -2.71 -165.00 -12.00 168.00 466.00 -40.00 -1114.00 1
10115 -5.77 -3.34 -2.85 -166.00 -14.00 165.00 462.00 -35.00 -1074.00 1
10126 -5.84 -3.27 -2.85 -166.00 -17.00 173.00 462.00 -35.00 -1074.00 1
10136 -5.29 -3.34 -2.23 -165.00 -12.00 174.00 462.00 -35.00 -1074.00 1
10147 -4.80 -3.48 -1.81 -164.00 -7.00 171.00 462.00 -35.00 -1074.00 1
10159 -4.31 -3.55 -1.46 -164.00 -8.00 171.00 462.00 -35.00 -1074.00 1
10169 -3.55 -3.83 -1.25 -163.00 -7.00 174.00 462.00 -35.00 -1074.00 1
10180 -3.13 -3.76 -1.18 -164.00 -10.00 173.00 462.00 -40.00 -1183.00 1
10190 -2.99 -3.48 -1.25 -166.00 -6.00 173.00 462.00 -40.00 -1183.00 1
10202 -2.99 -2.78 -1.53 -165.00 -11.00 173.00 462.00 -40.00 -1183.00 1
10212 -2.99 -2.37 -1.60 -163.00 -14.00 177.00 462.00 -40.00 -1183.00 1
10223 -3.13 -1.46 -1.32 -164.00 -12.00 180.00 462.00 -40.00 -1183.00 1
10233 -3.13 -0.90 -0.90 -162.00 -13.00 185.00 462.00 -40.00 -1183.00 1
10245 -3.20 -0.07 -0.35 -166.00 -10.00 182.00 462.00 -40.00 -1150.00 1
10255 -3.41 2.85 0.97 -161.00 -13.00 192.00 462.00 -40.00 -1150.00 1
10266 -4.17 5.22 1.39 -168.00 -3.00 185.00 462.00 -40.00 -1150.00 1
10276 -5.22 8.77 2.09 -174.00 -14.00 171.00 462.00 -40.00 -1150.00 1
10288 -7.58 16.63 2.64 -190.00 -11.00 164.00 462.00 -40.00 -1150.00 1
10298 -6.75 18.50 2.64 -208.00 -73.00 164.00 462.00 -40.00 -1150.00 0
10307 -6.68 18.16 1.25 -287.00 3.00 262.00 462.00 -39.00 -1111.00 0
10316 -5.98 14.33 -2.50 -285.00 37.00 291.00 469.00 -39.00 -1111.00 0
10326 -0.90 -24.97 1.88 -239.00 -10.00 253.00 469.00 -39.00 -1111.00 0
10335 4.87 -49.25 8.14 -194.00 -43.00 202.00 469.00 -39.00 -1111.00 0
10344 5.91 -73.11 12.94 -180.00 -22.00 181.00 469.00 -39.00 -1111.00 0
10354 7.79 -98.92 16.00 -163.00 -14.00 170.00 469.00 -39.00 -1111.00 0
10363 10.99 -126.12 17.53 -146.00 -5.00 157.00 469.00 -39.00 -1111.00 0
10373 13.91 -153.32 16.35 -116.00 16.00 162.00 469.00 -58.00 -1142.00 0
10382 19.06 -197.98 10.37 -93.00 8.00 163.00 374.00 -58.00 -1142.00 0
10391 20.17 -210.99 7.65 -71.00 35.00 147.00 374.00 -58.00 -1142.00 0
10400 21.43 -215.23 5.91 -56.00 38.00 157.00 374.00 -58.00 -1142.00 0
10409 20.17 -211.76 5.57 -71.00 1.00 176.00 374.00 -58.00 -1142.00 0
10419 15.17 -202.64 5.29 -83.00 -10.00 203.00 374.00 -58.00 -1142.00 0
10429 10.50 -179.83 4.45 -97.00 3.00 248.00 374.00 -58.00 -1142.00 0
10438 5.98 -171.55 4.80 -97.00 13.00 246.00 374.00 -58.00 -1142.00 0
10447 5.63 -164.66 6.05 -72.00 -2.00 229.00 374.00 -58.00 -1142.00 0
10457 4.94 -157.50 7.44 -56.00 -3.00 203.00 374.00 -58.00 -1142.00 0
10466 4.38 -149.08 8.70 -56.00 1.00 206.00 374.00 -58.00 -1142.00 0
10475 5.08 -140.10 9.95 -64.00 12.00 233.00 374.00 -58.00 -1142.00 0
10484 6.54 -125.36 11.27 -48.00 25.00 218.00 374.00 -58.00 -1142.00 0
10493 6.33 -120.63 11.90 -35.00 17.00 206.00 374.00 -58.00 -1142.00 0
10503 4.66 -115.62 12.59 -28.00 0.00 199.00 374.00 -58.00 -1142.00 0
10512 2.09 -109.01 13.29 -25.00 -4.00 196.00 374.00 -58.00 -1142.00 0
10521 -0.63 -100.73 13.57 -25.00 -6.00 202.00 374.00 -58.00 -1142.00 0
10530 -2.43 -90.99 13.50 -17.00 13.00 192.00 374.00 -58.00 -1142.00 0
10540 -3.90 -70.40 12.59 -9.00 15.00 195.00 374.00 -58.00 -1142.00 0
10549 -4.80 -59.76 12.59 -7.00 8.00 188.00 374.00 -58.00 -1142.00 0
10558 -6.33 -48.63 12.03 -2.00 2.00 181.00 374.00 -58.00 -1142.00 0
10567 -7.79 -36.52 10.78 -2.00 1.00 190.00 374.00 -58.00 -1142.00 0
10576 -8.77 -23.03 8.83 -20.00 6.00 206.00 374.00 -58.00 -1142.00 0
10586 -9.53 -8.56 6.82 -42.00 2.00 228.00 374.00 -58.00 -1142.00 0
10595 -11.48 17.39 3.20 -69.00 6.00 260.00 374.00 -58.00 -1142.00 0
10604 -12.17 25.18 1.74 -86.00 2.00 294.00 374.00 -58.00 -1142.00 0
10613 -12.45 28.03 0.90 -86.00 0.00 290.00 374.00 -58.00 -1142.00 0
10622 -12.03 26.30 0.77 -83.00 -12.00 272.00 374.00 -58.00 -1142.00 0
10632 -11.20 21.84 0.70 -64.00 -4.00 254.00 374.00 -58.00 -1142.00 0
10641 -9.25 15.79 0.56 -49.00 -1.00 228.00 374.00 -58.00 -1142.00 0
10650 -4.94 4.59 -0.77 -38.00 1.00 213.00 374.00 -58.00 -1142.00 0
10659 -2.85 0.77 -1.11 -38.00 12.00 217.00 374.00 -58.00 -1142.00 0
10669 -0.70 -2.16 -1.32 -41.00 11.00 221.00 374.00 -58.00 -1142.00 0
10678 0.28 -3.55 -1.53 -47.00 13.00 230.00 374.00 -58.00 -1142.00 0
10687 0.70 -3.76 -1.74 -52.00 14.00 236.00 374.00 -58.00 -1142.00 0
10696 0.77 -3.48 -1.67 -45.00 12.00 236.00 374.00 -58.00 -1142.00 0
10705 0.00 -3.90 -1.39 -42.00 10.00 231.00 374.00 -58.00 -1142.00 0
10715 -0.77 -3.83 -1.11 -41.00 11.00 219.00 374.00 -58.00 -1142.00 0
10724 -1.46 -3.34 -0.77 -44.00 6.00 229.00 374.00 -58.00 -1142.00 0
10733 -2.30 -2.64 -0.70 -47.00 10.00 232.00 374.00 -58.00 -1142.00 0
10742 -3.27 -2.02 -0.77 -55.00 13.00 243.00 374.00 -58.00 -1142.00 0
10752 -4.10 -1.81 -0.63 -51.00 5.00 239.00 374.00 -58.00 -1142.00 0
10761 -5.01 -2.57 -0.28 -51.00 1.00 242.00 374.00 -58.00 -1142.00 0
10770 -5.70 -3.20 -0.07 -49.00 3.00 236.00 211.00 -64.00 -1165.00 0
10779 -5.63 -4.17 0.00 -49.00 -1.00 231.00 211.00 -64.00 -1165.00 0
10788 -5.29 -5.15 -0.14 -46.00 4.00 229.00 211.00 -64.00 -1165.00 0
10798 -4.52 -5.70 -0.42 -51.00 15.00 237.00 211.00 -64.00 -1165.00 0
10807 -3.69 -5.98 -0.83 -50.00 18.00 245.00 211.00 -64.00 -1165.00 0
10816 -3.20 -6.54 -0.83 -47.00 8.00 239.00 211.00 -64.00 -1165.00 0
10825 -3.41 -8.42 0.00 -47.00 5.00 237.00 211.00 -64.00 -1165.00 0
10834 -3.48 -9.25 0.35 -45.00 8.00 232.00 204.00 -63.00 -1057.00 0
10843 -3.62 -9.88 0.56 -37.00 3.00 227.00 204.00 -63.00 -1057.00 0
10852 -3.90 -10.23 0.49 -42.00 3.00 222.00 204.00 -63.00 -1057.00 0
10861 -3.76 -9.88 0.42 -38.00 -2.00 226.00 204.00 -63.00 -1057.00 0
10870 -3.55 -8.83 0.07 -34.00 -2.00 223.00 204.00 -63.00 -1057.00 0
10880 -2.30 -5.50 -1.46 -39.00 0.00 221.00 204.00 -63.00 -1057.00 0
10889 -1.04 -3.27 -2.50 -38.00 0.00 228.00 204.00 -63.00 -1057.00 0
10898 0.21 -0.83 -3.90 -40.00 7.00 225.00 204.00 -72.00 -1251.00 0
10907 1.53 1.74 -5.43 -44.00 16.00 236.00 204.00 -72.00 -1251.00 0
10916 2.50 4.17 -6.82 -55.00 23.00 249.00 204.00 -72.00 -1251.00 0
10926 2.64 5.77 -7.79 -56.00 21.00 256.00 204.00 -72.00 -1251.00 0
10935 2.16 5.84 -7.79 -50.00 21.00 240.00 204.00 -72.00 -1251.00 0
10944 0.56 2.71 -6.96 -45.00 21.00 237.00 204.00 -72.00 -1251.00 0
10953 -0.49 0.90 -5.57 -46.00 12.00 234.00 204.00 -72.00 -1251.00 0
10962 -1.95 -0.63 -4.03 -45.00 3.00 235.00 204.00 -72.00 -1251.00 0
10972 -3.27 -1.67 -2.64 -48.00 5.00 245.00 204.00 -72.00 -1251.00 0
10981 -4.10 -2.64 -1.60 -47.00 5.00 239.00 204.00 -72.00 -1251.00 0
10990 -4.80 -3.83 -0.83 -43.00 3.00 230.00 204.00 -72.00 -1251.00 0
10999 -5.29 -5.36 0.00 -38.00 -2.00 222.00 204.00 -72.00 -1251.00 0
11008 -5.08 -5.29 -0.07 -37.00 0.00 229.00 204.00 -72.00 -1251.00 0
11017 -4.52 -4.59 -0.49 -41.00 4.00 231.00 204.00 -72.00 -1251.00 0
11026 -3.76 -3.76 -1.04 -40.00 9.00 228.00 204.00 -72.00 -1251.00 0
11035 -3.06 -2.92 -1.60 -39.00 8.00 229.00 204.00 -72.00 -1251.00 0
11044 -2.71 -1.67 -2.16 -48.00 12.00 236.00 204.00 -72.00 -1251.00 0
11054 -2.37 1.18 -2.85 -54.00 20.00 250.00 204.00 -72.00 -1251.00 0
11063 -2.50 1.04 -2.99 -54.00 12.00 254.00 204.00 -72.00 -1251.00 0
11072 -3.06 -0.28 -2.71 -48.00 0.00 250.00 204.00 -72.00 -1251.00 0
11081 -3.69 -2.02 -2.16 -40.00 -4.00 227.00 204.00 -72.00 -1251.00 0
11090 -3.97 -3.55 -1.74 -35.00 2.00 222.00 204.00 -72.00 -1251.00 0
11100 -3.76 -4.17 -1.67 -37.00 7.00 220.00 204.00 -72.00 -1251.00 0
11109 -3.20 -3.76 -1.88 -39.00 14.00 230.00 204.00 -72.00 -1251.00 0
11118 -2.43 -0.77 -2.50 -47.00 17.00 237.00 204.00 -72.00 -1251.00 0
11127 -2.50 0.70 -2.57 -47.00 13.00 250.00 204.00 -72.00 -1251.00 0
11137 -2.78 1.32 -2.37 -47.00 9.00 239.00 204.00 -72.00 -1251.00 0
11146 -3.06 1.25 -2.02 -44.00 2.00 236.00 204.00 -72.00 -1251.00 0
11155 -3.27 1.04 -1.67 -39.00 2.00 228.00 204.00 -72.00 -1251.00 0
11164 -3.20 0.90 -1.46 -41.00 3.00 228.00 201.00 -70.00 -1219.00 0
11172 -3.55 0.49 -1.39 -50.00 5.00 237.00 201.00 -70.00 -1219.00 0
11182 -3.69 0.07 -1.53 -51.00 8.00 242.00 201.00 -70.00 -1219.00 0
11191 -3.69 -0.56 -1.81 -49.00 19.00 235.00 201.00 -70.00 -1219.00 0
11200 -3.55 -1.25 -2.02 -52.00 26.00 236.00 201.00 -70.00 -1219.00 0
11209 -3.55 -2.02 -2.23 -49.00 1.00 243.00 201.00 -70.00 -1219.00 0
11218 -4.31 -2.92 -2.37 -47.00 -2.00 236.00 201.00 -70.00 -1219.00 0
11228 -5.15 -4.38 -2.43 -41.00 8.00 234.00 197.00 -69.00 -1250.00 0
11237 -3.55 -5.01 -2.78 -37.00 30.00 229.00 197.00 -69.00 -1250.00 0
11246 -2.37 -5.84 -3.48 -32.00 31.00 229.00 197.00 -69.00 -1250.00 0
11255 -2.78 -6.26 -3.83 -35.00 16.00 228.00 197.00 -69.00 -1250.00 0
11265 -4.38 -6.12 -3.34 -37.00 -2.00 233.00 197.00 -69.00 -1250.00 0
11274 -5.98 -5.43 -2.57 -44.00 0.00 239.00 197.00 -69.00 -1250.00 0
11283 -7.17 -4.45 -1.95 -45.00 -1.00 244.00 197.00 -69.00 -1250.00 0
11292 -7.51 -3.55 -2.02 -42.00 -2.00 242.00 196.00 -70.00 -1003.00 0
11301 -6.89 -3.55 -2.02 -37.00 2.00 232.00 196.00 -70.00 -1003.00 0
11311 -6.12 -3.41 -2.16 -38.00 3.00 232.00 196.00 -70.00 -1003.00 0
11320 -5.43 -3.06 -2.23 -40.00 4.00 230.00 196.00 -70.00 -1003.00 0
11329 -4.80 -2.37 -2.37 -37.00 6.00 230.00 196.00 -70.00 -1003.00 0
11338 -4.24 -1.53 -2.37 -43.00 11.00 235.00 196.00 -70.00 -1003.00 0
11347 -3.20 0.49 -2.57 -50.00 15.00 246.00 196.00 -70.00 -1003.00 0
11357 -2.92 0.77 -2.57 -49.00 16.00 246.00 196.00 -70.00 -1003.00 0
11366 -2.85 0.28 -2.37 -48.00 8.00 242.00 196.00 -70.00 -1003.00 0
11374 -2.92 -0.56 -2.02 -45.00 5.00 230.00 196.00 -70.00 -1003.00 0
11383 -3.13 -1.39 -1.60 -38.00 1.00 229.00 196.00 -70.00 -1003.00 0
11393 -3.27 -1.88 -1.39 -38.00 2.00 224.00 196.00 -70.00 -1003.00 0
11402 -3.06 -1.46 -1.32 -42.00 5.00 239.00 196.00 -70.00 -1003.00 0
11411 -2.99 -1.04 -1.46 -43.00 12.00 235.00 196.00 -70.00 -1003.00 0
11420 -2.99 -0.83 -1.67 -39.00 15.00 238.00 196.00 -70.00 -1003.00 0
11429 -2.85 -0.83 -1.74 -41.00 16.00 237.00 196.00 -70.00 -1003.00 0
11439 -3.06 -0.90 -1.88 -41.00 8.00 233.00 196.00 -70.00 -1003.00 0
11448 -4.03 -0.97 -2.02 -40.00 2.00 230.00 196.00 -70.00 -1003.00 0
11457 -5.01 -1.11 -2.02 -42.00 10.00 231.00 196.00 -70.00 -1003.00 0
11466 -5.15 -0.70 -2.16 -41.00 16.00 237.00 196.00 -70.00 -1003.00 0
11475 -5.29 -0.07 -2.30 -46.00 14.00 234.00 196.00 -70.00 -1003.00 0
11485 -6.05 0.35 -2.30 -43.00 0.00 239.00 196.00 -70.00 -1003.00 0
11494 -6.68 0.63 -2.16 -49.00 -5.00 241.00 196.00 -70.00 -1003.00 0
11503 -6.82 0.90 -2.02 -49.00 0.00 241.00 196.00 -70.00 -1003.00 0
11512 -6.54 0.97 -2.16 -47.00 4.00 235.00 196.00 -70.00 -1003.00 0
11522 -4.17 0.28 -2.71 -43.00 15.00 237.00 196.00 -70.00 -1003.00 0
11531 -2.78 -0.07 -2.85 -40.00 17.00 233.00 196.00 -70.00 -1003.00 0
11540 -2.23 -0.42 -3.06 -45.00 11.00 234.00 196.00 -70.00 -1003.00 0
11549 -2.37 -0.70 -2.99 -45.00 9.00 239.00 196.00 -70.00 -1003.00 0
11558 -2.37 -1.04 -2.71 -44.00 9.00 236.00 195.00 -68.00 -1082.00 0
11567 -2.37 -1.39 -2.50 -44.00 11.00 231.00 195.00 -68.00 -1082.00 0
11576 -2.64 -1.88 -2.57 -41.00 10.00 230.00 195.00 -68.00 -1082.00 0
11585 -2.78 -2.02 -2.50 -48.00 8.00 242.00 195.00 -68.00 -1082.00 0
11594 -2.85 -2.02 -2.43 -44.00 6.00 238.00 195.00 -68.00 -1082.00 0
11603 -2.99 -2.16 -2.50 -46.00 10.00 236.00 195.00 -68.00 -1082.00 0
11613 -2.85 -2.30 -2.50 -44.00 8.00 233.00 195.00 -68.00 -1082.00 0
11622 -2.64 -2.37 -2.30 -43.00 7.00 233.00 194.00 -70.00 -1132.00 0
11631 -2.43 -2.30 -2.43 -45.00 5.00 238.00 194.00 -70.00 -1132.00 0
11640 -1.74 -2.43 -2.37 -46.00 7.00 244.00 194.00 -70.00 -1132.00 0
11650 -1.32 -2.71 -2.16 -42.00 9.00 239.00 194.00 -70.00 -1132.00 0
11659 -1.11 -3.27 -2.16 -43.00 8.00 230.00 194.00 -70.00 -1132.00 0
11668 -1.04 -3.76 -2.02 -35.00 3.00 229.00 194.00 -70.00 -1132.00 0
11677 -1.04 -4.03 -1.74 -38.00 4.00 236.00 194.00 -70.00 -1132.00 0
11686 -0.90 -3.83 -1.39 -36.00 1.00 239.00 191.00 -72.00 -1085.00 0
11696 -0.97 -3.69 -0.90 -36.00 0.00 233.00 191.00 -72.00 -1085.00 0
11705 -0.83 -3.76 -0.56 -33.00 5.00 232.00 191.00 -72.00 -1085.00 0
11714 -0.28 -3.76 -0.49 -37.00 11.00 231.00 191.00 -72.00 -1085.00 0
11723 0.21 -3.48 -0.63 -38.00 13.00 228.00 191.00 -72.00 -1085.00 0
11732 0.28 -3.06 -0.70 -43.00 15.00 232.00 191.00 -72.00 -1085.00 0
11741 0.14 -2.23 -0.56 -45.00 8.00 233.00 191.00 -72.00 -1085.00 0
11750 -0.35 -0.42 -0.28 -47.00 8.00 233.00 191.00 -72.00 -1085.00 0
11759 -0.28 0.42 -0.21 -52.00 10.00 242.00 191.00 -72.00 -1085.00 0
11768 -0.21 0.63 -0.07 -48.00 0.00 238.00 191.00 -72.00 -1085.00 0
11778 0.00 0.28 0.07 -49.00 15.00 237.00 191.00 -72.00 -1085.00 0
11787 0.49 -0.21 0.28 -45.00 4.00 242.00 191.00 -72.00 -1085.00 0
11796 0.63 -0.63 0.35 -45.00 9.00 239.00 191.00 -72.00 -1085.00 0
11805 1.04 -0.90 0.07 -52.00 11.00 246.00 191.00 -72.00 -1085.00 0
11814 2.37 -1.88 -0.70 -36.00 22.00 235.00 191.00 -72.00 -1085.00 0
11824 3.34 -2.57 -1.18 -24.00 23.00 227.00 191.00 -72.00 -1085.00 0
11833 3.97 -2.71 -1.53 -23.00 26.00 220.00 191.00 -72.00 -1085.00 0
11842 3.69 -2.09 -1.95 -24.00 33.00 225.00 191.00 -72.00 -1085.00 0
11851 2.71 -0.70 -2.43 -28.00 30.00 219.00 191.00 -72.00 -1085.00 0
11860 1.25 0.83 -2.71 -31.00 19.00 230.00 191.00 -72.00 -1085.00 0
11870 -2.37 4.24 -3.13 -32.00 12.00 230.00 191.00 -72.00 -1085.00 0
11879 -3.90 5.98 -3.20 -39.00 10.00 232.00 191.00 -72.00 -1085.00 0
11888 -5.08 7.65 -3.48 -51.00 5.00 250.00 191.00 -72.00 -1085.00 0
11897 -6.33 8.77 -3.90 -52.00 2.00 245.00 191.00 -72.00 -1085.00 0
11907 -7.37 8.83 -4.45 -46.00 4.00 240.00 191.00 -72.00 -1085.00 0
11916 -7.86 8.14 -4.87 -47.00 4.00 234.00 191.00 -72.00 -1085.00 0
11924 -7.79 7.03 -5.50 -47.00 9.00 233.00 191.00 -72.00 -1085.00 0
11933 -7.30 6.68 -5.77 -48.00 15.00 240.00 191.00 -72.00 -1085.00 0
11942 -6.96 6.33 -5.91 -48.00 17.00 241.00 191.00 -72.00 -1085.00 0
11952 -6.75 5.63 -5.84 -47.00 12.00 243.00 198.00 -72.00 -1069.00 0
11961 -6.54 4.59 -5.57 -46.00 9.00 232.00 198.00 -72.00 -1069.00 0
11970 -6.47 3.55 -5.36 -45.00 6.00 236.00 198.00 -72.00 -1069.00 0
11979 -6.19 2.78 -4.59 -47.00 6.00 240.00 198.00 -72.00 -1069.00 0
11988 -5.91 2.85 -4.24 -48.00 0.00 239.00 198.00 -72.00 -1069.00 0
11998 -5.57 2.57 -3.90 -40.00 8.00 224.00 198.00 -72.00 -1069.00 0
12007 -4.59 1.88 -3.13 -40.00 2.00 227.00 198.00 -72.00 -1069.00 0
12016 -4.03 1.25 -2.64 -46.00 6.00 233.00 200.00 -74.00 -1076.00 0
12025 -3.69 0.90 -2.30 -46.00 3.00 237.00 200.00 -74.00 -1076.00 0
12035 -3.34 0.56 -1.95 -45.00 4.00 231.00 200.00 -74.00 -1076.00 0
12044 -2.02 0.07 -1.32 -44.00 13.00 229.00 200.00 -74.00 -1076.00 0
12053 -1.18 0.35 -1.18 -45.00 13.00 233.00 200.00 -74.00 -1076.00 0
12062 -0.49 0.77 -0.97 -48.00 20.00 233.00 200.00 -74.00 -1076.00 0
12071 -0.07 1.25 -0.63 -45.00 15.00 234.00 200.00 -74.00 -1076.00 0
12081 0.07 1.67 -0.21 -43.00 12.00 230.00 201.00 -78.00 -1042.00 0
12090 -0.07 2.16 0.14 -46.00 11.00 231.00 201.00 -78.00 -1042.00 0
12098 -0.21 3.41 0.63 -45.00 9.00 232.00 201.00 -78.00 -1042.00 0
12107 0.00 4.17 0.56 -40.00 6.00 227.00 201.00 -78.00 -1042.00 0
12116 0.21 5.22 0.35 -43.00 8.00 232.00 201.00 -78.00 -1042.00 0
12126 0.35 6.33 -0.07 -42.00 13.00 225.00 201.00 -78.00 -1042.00 0
12135 0.49 7.65 -0.63 -47.00 9.00 230.00 201.00 -78.00 -1042.00 0
12144 0.49 9.04 -1.46 -56.00 28.00 242.00 201.00 -78.00 -1042.00 0
12153 0.70 10.64 -2.92 -56.00 28.00 242.00 201.00 -78.00 -1042.00 0
12163 0.35 10.16 -3.41 -56.00 26.00 243.00 201.00 -78.00 -1042.00 0
12172 -0.35 9.04 -3.41 -55.00 22.00 238.00 201.00 -78.00 -1042.00 0
12181 -1.39 7.51 -3.20 -53.00 14.00 231.00 201.00 -78.00 -1042.00 0
12190 -2.50 5.91 -2.92 -48.00 9.00 230.00 201.00 -78.00 -1042.00 0
12199 -3.41 4.52 -2.78 -48.00 11.00 229.00 201.00 -78.00 -1042.00 0
12209 -4.10 3.55 -3.13 -46.00 15.00 234.00 201.00 -78.00 -1042.00 0
12218 -5.15 2.30 -3.48 -52.00 13.00 237.00 201.00 -78.00 -1042.00 0
12227 -5.84 1.67 -3.76 -51.00 10.00 235.00 201.00 -78.00 -1042.00 0
12236 -6.61 1.04 -3.90 -50.00 8.00 233.00 201.00 -78.00 -1042.00 0
12246 -6.82 0.49 -3.83 -47.00 17.00 230.00 201.00 -78.00 -1042.00 0
12255 -6.54 0.00 -3.76 -45.00 14.00 231.00 201.00 -78.00 -1042.00 0
12264 -6.40 -0.35 -3.83 -47.00 13.00 230.00 201.00 -78.00 -1042.00 0
12273 -7.03 -0.35 -3.62 -50.00 12.00 235.00 201.00 -78.00 -1042.00 0
12282 -7.30 -0.14 -3.41 -59.00 10.00 239.00 201.00 -78.00 -1042.00 0
12292 -7.51 -0.28 -3.27 -55.00 7.00 242.00 201.00 -78.00 -1042.00 0
12301 -7.65 -0.77 -2.99 -54.00 8.00 238.00 201.00 -78.00 -1042.00 0
12310 -7.72 -1.60 -2.71 -54.00 12.00 232.00 201.00 -78.00 -1042.00 0
12318 -7.65 -2.64 -2.37 -50.00 10.00 229.00 201.00 -78.00 -1042.00 0
12327 -7.51 -4.38 -1.95 -45.00 13.00 228.00 201.00 -78.00 -1042.00 0
12337 -7.23 -4.52 -1.88 -48.00 10.00 231.00 201.00 -78.00 -1042.00 0
12346 -7.03 -4.38 -1.88 -45.00 15.00 237.00 207.00 -75.00 -1008.00 0
12355 -6.75 -4.17 -1.88 -49.00 18.00 245.00 207.00 -75.00 -1008.00 0
12364 -6.47 -4.17 -1.88 -46.00 11.00 236.00 207.00 -75.00 -1008.00 0
12374 -6.26 -4.45 -1.67 -46.00 9.00 228.00 207.00 -75.00 -1008.00 0
12383 -6.26 -5.15 -1.18 -40.00 4.00 229.00 207.00 -75.00 -1008.00 0
12392 -6.12 -4.80 -1.11 -45.00 5.00 227.00 207.00 -75.00 -1008.00 0
12401 -5.91 -3.90 -1.25 -48.00 7.00 233.00 207.00 -75.00 -1008.00 0
12410 -5.77 -2.92 -1.53 -52.00 11.00 239.00 204.00 -75.00 -1115.00 0
12420 -5.57 -2.16 -1.81 -51.00 15.00 235.00 204.00 -75.00 -1115.00 0
12429 -5.50 -1.74 -2.16 -48.00 1.00 233.00 204.00 -75.00 -1115.00 0
12438 -5.77 -1.39 -2.50 -51.00 0.00 237.00 204.00 -75.00 -1115.00 0
12447 -5.15 -1.18 -2.50 -48.00 8.00 241.00 204.00 -75.00 -1115.00 0
12456 -3.97 -1.25 -2.64 -43.00 17.00 232.00 204.00 -75.00 -1115.00 0
12466 -3.34 -1.46 -2.78 -43.00 6.00 228.00 204.00 -75.00 -1115.00 0
12475 -3.34 -1.46 -2.64 -46.00 1.00 235.00 205.00 -77.00 -1171.00 0
12484 -3.41 -1.25 -2.43 -52.00 5.00 238.00 205.00 -77.00 -1171.00 0
12493 -3.13 -1.11 -2.37 -44.00 14.00 234.00 205.00 -77.00 -1171.00 0
12503 -2.43 -1.25 -2.57 -46.00 11.00 232.00 205.00 -77.00 -1171.00 0
12512 -2.37 -1.18 -2.30 -47.00 7.00 230.00 205.00 -77.00 -1171.00 0
12521 -2.64 -0.97 -2.16 -49.00 7.00 234.00 205.00 -77.00 -1171.00 0
12530 -2.57 -0.49 -2.16 -50.00 14.00 232.00 205.00 -77.00 -1171.00 0
12539 -2.50 0.14 -2.37 -50.00 19.00 235.00 205.00 -75.00 -1101.00 0
12549 -2.43 0.56 -2.57 -49.00 14.00 232.00 203.00 -75.00 -1101.00 0
12557 -2.85 0.70 -2.71 -49.00 18.00 231.00 203.00 -75.00 -1101.00 0
12566 -3.13 0.56 -2.71 -47.00 9.00 235.00 203.00 -75.00 -1101.00 0
12575 -3.48 0.49 -2.57 -49.00 9.00 235.00 203.00 -75.00 -1101.00 0
12584 -3.69 0.56 -2.37 -48.00 9.00 238.00 203.00 -75.00 -1101.00 0
12594 -3.76 0.77 -2.30 -48.00 6.00 238.00 203.00 -75.00 -1101.00 0
12603 -3.90 0.70 -2.16 -52.00 3.00 237.00 203.00 -75.00 -1101.00 0
12612 -4.03 0.35 -2.16 -48.00 1.00 232.00 203.00 -75.00 -1101.00 0
12621 -4.31 0.00 -2.30 -50.00 -3.00 226.00 203.00 -75.00 -1101.00 0
12631 -3.90 0.14 -2.43 -53.00 13.00 231.00 203.00 -75.00 -1101.00 0
12640 -2.71 0.49 -2.64 -54.00 24.00 233.00 203.00 -75.00 -1101.00 0
12649 -1.81 0.83 -2.85 -54.00 25.00 236.00 203.00 -75.00 -1101.00 0
12658 -1.53 0.83 -2.85 -52.00 21.00 239.00 203.00 -75.00 -1101.00 0