0.70 1.39 -14.61 -159.00 -40.00 209.00 435.00 -8.00 -1197.00 0
82548 2.16 0.90 -15.10 -158.00 -44.00 203.00 435.00 -8.00 -1197.00 0
82557 3.06 -0.42 -15.86 -158.00 -46.00 199.00 435.00 -8.00 -1197.00 0
82567 5.91 -4.03 -17.53 -152.00 -44.00 195.00 435.00 -8.00 -1197.00 0
82576 8.42 -5.22 -18.30 -152.00 -35.00 195.00 435.00 -8.00 -1197.00 0
82585 11.55 -6.12 -19.06 -144.00 -6.00 192.00 435.00 -8.00 -1197.00 0
82594 14.26 -6.68 -19.27 -137.00 -3.00 191.00 435.00 -8.00 -1197.00 0
82604 14.96 -6.54 -18.57 -145.00 -17.00 197.00 435.00 -8.00 -1197.00 0
82614 13.63 -5.57 -17.11 -148.00 -27.00 205.00 435.00 -8.00 -1197.00 0
82623 9.95 -3.20 -12.31 -157.00 -41.00 205.00 435.00 -8.00 -1197.00 0
82632 8.90 -2.71 -9.46 -160.00 -51.00 205.00 435.00 -8.00 -1197.00 0
82641 9.04 -2.99 -6.26 -162.00 -57.00 214.00 435.00 -8.00 -1197.00 0
82651 10.37 -3.76 -3.06 -167.00 -62.00 214.00 435.00 -8.00 -1197.00 0
82660 12.59 -5.15 0.07 -166.00 -56.00 224.00 435.00 -8.00 -1197.00 0
82669 16.21 -7.30 3.27 -172.00 -53.00 234.00 435.00 -8.00 -1197.00 0
82678 26.64 -14.05 10.92 -175.00 -59.00 237.00 435.00 -8.00 -1197.00 0
82688 32.97 -19.13 15.72 -170.00 -64.00 236.00 435.00 -8.00 -1197.00 0
82697 40.42 -25.25 21.29 -174.00 -70.00 230.00 435.00 -8.00 -1197.00 0
82706 49.18 -31.37 27.34 -172.00 -65.00 220.00 435.00 -8.00 -1197.00 0
82715 60.03 -36.87 33.60 -160.00 -31.00 209.00 435.00 -8.00 -1197.00 0
82724 72.49 -41.53 45.29 -144.00 -5.00 201.00 435.00 -8.00 -1197.00 0
82734 95.51 -48.56 49.81 -108.00 30.00 200.00 435.00 -8.00 -1197.00 0
82743 103.65 -50.64 52.80 -109.00 54.00 166.00 435.00 -8.00 -1197.00 0
82752 107.41 -50.71 53.77 -96.00 79.00 133.00 435.00 -8.00 -1197.00 0
82762 107.13 -50.09 53.08 -56.00 115.00 152.00 435.00 -8.00 -1197.00 0
82771 102.75 -49.81 49.81 -39.00 103.00 143.00 435.00 -8.00 -1197.00 0
82781 73.46 -38.40 39.03 -47.00 85.00 129.00 435.00 -8.00 -1197.00 0
82790 54.68 -28.38 33.53 -44.00 55.00 135.00 435.00 -8.00 -1197.00 0
82799 34.23 -18.71 26.30 -53.00 25.00 137.00 435.00 -8.00 -1197.00 0
82808 15.44 -8.63 19.06 -70.00 3.00 154.00 435.00 -8.00 -1197.00 0
82818 -0.77 1.25 11.97 -89.00 -16.00 150.00 435.00 -8.00 -1197.00 0
82827 -14.82 10.43 4.66 -89.00 -29.00 159.00 435.00 -8.00 -1197.00 0
82836 -32.42 24.21 -7.44 -98.00 -35.00 165.00 435.00 -8.00 -1197.00 0
82845 -36.38 29.36 -12.17 -120.00 -40.00 175.00 435.00 -8.00 -1197.00 0
82854 -37.70 33.74 -15.86 -142.00 -31.00 193.00 435.00 -8.00 -1197.00 0
82864 -36.66 36.94 -18.64 -177.00 -24.00 220.00 422.00 -60.00 -1187.00 0
82873 -34.16 38.61 -20.24 -223.00 -17.00 266.00 422.00 -60.00 -1187.00 0
82882 -31.03 37.08 -20.03 -230.00 -20.00 284.00 422.00 -60.00 -1187.00 0
82892 -25.32 17.25 -18.57 -225.00 -35.00 276.00 422.00 -60.00 -1187.00 0
82902 -22.54 1.04 -16.42 -196.00 -49.00 244.00 422.00 -60.00 -1187.00 0
82911 -19.27 -17.53 -14.40 -162.00 -49.00 216.00 422.00 -60.00 -1187.00 0
82920 -14.82 -35.13 -12.59 -141.00 -37.00 199.00 422.00 -60.00 -1187.00 0
82929 -9.04 -49.04 -11.06 -126.00 -24.00 197.00 388.00 -60.00 -1302.00 0
82938 3.34 -65.39 -8.56 -115.00 -25.00 191.00 388.00 -60.00 -1302.00 0
82948 8.83 -69.77 -7.93 -109.00 -18.00 190.00 388.00 -60.00 -1302.00 0
82957 15.30 -71.44 -7.10 -92.00 0.00 180.00 388.00 -60.00 -1302.00 0
82966 21.84 -72.70 -6.47 -78.00 16.00 170.00 388.00 -60.00 -1302.00 0
82975 27.76 -73.88 -6.19 -75.00 40.00 175.00 388.00 -60.00 -1302.00 0
82984 32.63 -73.88 -6.33 -82.00 62.00 189.00 388.00 -60.00 -1302.00 0
82995 35.34 -71.17 -7.23 -92.00 72.00 198.00 341.00 -81.00 -1132.00 0
83004 32.49 -70.33 -7.72 -93.00 74.00 193.00 341.00 -81.00 -1132.00 0
83013 27.62 -71.10 -7.58 -76.00 63.00 193.00 341.00 -81.00 -1132.00 0
83022 21.36 -72.56 -6.82 -64.00 44.00 181.00 341.00 -81.00 -1132.00 0
83032 14.05 -73.46 -6.05 -84.00 26.00 136.00 341.00 -81.00 -1132.00 0
83041 6.96 -71.58 -5.29 -54.00 24.00 168.00 341.00 -81.00 -1132.00 0
83050 -4.66 -66.85 -5.01 -59.00 42.00 171.00 341.00 -81.00 -1132.00 0
83059 -8.35 -60.73 -4.94 -58.00 48.00 196.00 306.00 -75.00 -1289.00 0
83068 -11.76 -51.76 -4.52 -77.00 44.00 182.00 306.00 -75.00 -1289.00 0
83078 -15.86 -40.63 -3.90 -79.00 35.00 201.00 306.00 -75.00 -1289.00 0
83087 -19.90 -30.68 -3.83 -94.00 14.00 209.00 306.00 -75.00 -1289.00 0
83096 -31.03 -10.50 -3.90 -103.00 1.00 235.00 306.00 -75.00 -1289.00 0
83105 -36.52 -1.32 -3.69 -134.00 -15.00 248.00 306.00 -75.00 -1289.00 0
83115 -40.90 5.29 -3.41 -146.00 -23.00 250.00 306.00 -75.00 -1289.00 0
83124 -44.24 8.28 -3.41 -137.00 -35.00 258.00 313.00 -50.00 -1223.00 0
83133 -46.68 6.89 -3.13 -126.00 -31.00 260.00 313.00 -50.00 -1223.00 0
83142 -46.61 2.30 -1.67 -121.00 -60.00 221.00 313.00 -50.00 -1223.00 0
83151 -43.83 -10.71 0.56 -93.00 -43.00 218.00 313.00 -50.00 -1223.00 0
83161 -39.79 -16.56 1.39 -87.00 -59.00 191.00 313.00 -50.00 -1223.00 0
83171 -36.38 -20.38 1.53 -77.00 -56.00 195.00 313.00 -50.00 -1223.00 0
83180 -31.03 -22.26 1.81 -93.00 -52.00 216.00 313.00 -50.00 -1223.00 0
83189 -24.97 -22.61 1.67 -108.00 -29.00 238.00 302.00 -40.00 -1313.00 0
83198 -18.37 -23.79 1.74 -93.00 -1.00 229.00 302.00 -40.00 -1313.00 0
83208 -2.02 -32.77 3.62 -76.00 31.00 220.00 302.00 -40.00 -1313.00 0
83217 3.20 -37.63 3.41 -53.00 34.00 198.00 302.00 -40.00 -1313.00 0
83226 3.41 -39.10 2.23 -53.00 30.00 196.00 302.00 -40.00 -1313.00 0
83235 1.46 -38.33 1.74 -52.00 22.00 213.00 302.00 -40.00 -1313.00 0
83245 -1.95 -36.38 2.09 -56.00 0.00 216.00 302.00 -40.00 -1313.00 0
83254 -6.26 -33.18 1.81 -58.00 -17.00 212.00 302.00 -40.00 -1313.00 0
83263 -15.58 -22.47 -0.35 -52.00 -9.00 228.00 302.00 -40.00 -1313.00 0
83272 -16.83 -15.03 -1.04 -67.00 -23.00 217.00 302.00 -40.00 -1313.00 0
83281 -18.23 -6.68 -2.85 -90.00 0.00 235.00 302.00 -40.00 -1313.00 0
83291 -17.67 0.35 -4.45 -102.00 -2.00 257.00 302.00 -40.00 -1313.00 0
83300 -16.77 4.59 -5.43 -108.00 9.00 258.00 302.00 -40.00 -1313.00 0
83309 -14.89 5.36 -5.08 -99.00 14.00 258.00 302.00 -40.00 -1313.00 0
83318 -12.10 1.95 -2.92 -93.00 12.00 258.00 302.00 -40.00 -1313.00 0
83328 -11.48 -1.11 -1.11 -101.00 4.00 260.00 302.00 -40.00 -1313.00 0
83337 -11.20 -4.66 0.70 -93.00 0.00 260.00 302.00 -40.00 -1313.00 0
83346 -11.34 -9.39 2.30 -79.00 -7.00 243.00 302.00 -40.00 -1313.00 0
83355 -11.48 -14.40 3.41 -73.00 -1.00 241.00 302.00 -40.00 -1313.00 0
83364 -11.20 -19.13 4.31 -68.00 -5.00 232.00 302.00 -40.00 -1313.00 0
83374 -10.64 -26.16 5.22 -63.00 -15.00 233.00 302.00 -40.00 -1313.00 0
83383 -10.16 -28.10 5.22 -62.00 -15.00 228.00 302.00 -40.00 -1313.00 0
83392 -9.39 -28.59 4.87 -55.00 -9.00 216.00 273.00 -36.00 -1262.00 0
83401 -8.35 -27.62 4.66 -52.00 -14.00 217.00 273.00 -36.00 -1262.00 0
83410 -7.30 -25.39 4.66 -54.00 -16.00 210.00 273.00 -36.00 -1262.00 0
83420 -6.40 -22.05 4.66 -56.00 -14.00 213.00 273.00 -36.00 -1262.00 0
83429 -4.03 -14.47 4.38 -59.00 -8.00 213.00 273.00 -36.00 -1262.00 0
83438 -2.92 -10.64 4.17 -61.00 -6.00 209.00 273.00 -36.00 -1262.00 0
83447 -2.30 -6.96 3.83 -59.00 -6.00 210.00 273.00 -36.00 -1262.00 0
83457 -2.23 -3.27 3.34 -64.00 -7.00 211.00 273.00 -36.00 -1262.00 0
83466 -2.64 0.70 2.92 -72.00 -5.00 220.00 273.00 -36.00 -1262.00 0
83475 -3.41 5.01 2.64 -83.00 -10.00 233.00 273.00 -36.00 -1262.00 0
83484 -5.15 12.94 3.06 -99.00 -6.00 237.00 273.00 -36.00 -1262.00 0
83492 -5.63 15.51 4.17 -111.00 -4.00 250.00 273.00 -36.00 -1262.00 0
83503 -5.63 16.35 5.63 -102.00 -2.00 238.00 273.00 -36.00 -1262.00 0
83512 -5.63 15.58 7.17 -102.00 -6.00 230.00 273.00 -36.00 -1262.00 0
83521 -5.91 13.91 8.90 -97.00 -17.00 218.00 286.00 -35.00 -970.00 0
83529 -5.77 11.76 11.13 -88.00 -30.00 212.00 286.00 -35.00 -970.00 0
83538 -2.16 7.17 16.00 -78.00 -40.00 199.00 286.00 -35.00 -970.00 0
83548 1.60 4.73 18.37 -74.00 -41.00 197.00 286.00 -35.00 -970.00 0
83557 6.54 2.30 20.52 -64.00 -37.00 195.00 286.00 -35.00 -970.00 0
83566 12.73 -0.70 22.40 -51.00 -20.00 187.00 286.00 -35.00 -970.00 0
83575 19.48 -3.83 23.44 -49.00 0.00 187.00 286.00 -35.00 -970.00 0
83585 25.53 -6.75 23.23 -43.00 24.00 193.00 290.00 -64.00 -1153.00 0
83594 33.53 -10.99 21.15 -44.00 29.00 197.00 290.00 -64.00 -1153.00 0
83603 33.32 -11.06 19.41 -48.00 26.00 204.00 290.00 -64.00 -1153.00 0
83613 30.89 -9.60 17.53 -56.00 30.00 224.00 290.00 -64.00 -1153.00 0
83622 26.92 -7.30 15.23 -65.00 29.00 229.00 290.00 -64.00 -1153.00 0
83632 21.91 -5.15 13.01 -62.00 23.00 229.00 290.00 -64.00 -1153.00 0
83641 16.00 -3.55 10.57 -58.00 3.00 229.00 290.00 -64.00 -1153.00 0
83650 3.20 -0.83 6.05 -58.00 -3.00 227.00 291.00 -68.00 -1083.00 0
83659 -1.60 0.49 3.97 -60.00 -8.00 228.00 291.00 -68.00 -1083.00 0
83667 -5.15 2.23 1.60 -63.00 -10.00 235.00 291.00 -68.00 -1083.00 0
83677 -7.58 4.38 -0.90 -72.00 -1.00 243.00 291.00 -68.00 -1083.00 0
83686 -8.56 6.12 -2.99 -77.00 3.00 241.00 291.00 -68.00 -1083.00 0
83695 -8.07 7.30 -4.31 -73.00 4.00 240.00 291.00 -68.00 -1083.00 0
83704 -4.66 8.70 -5.63 -70.00 7.00 239.00 291.00 -68.00 -1083.00 0
83714 -2.50 9.46 -6.26 -70.00 12.00 235.00 303.00 -68.00 -1053.00 0
83723 -0.21 10.43 -6.96 -70.00 19.00 241.00 303.00 -68.00 -1053.00 0
83732 1.67 11.62 -7.58 -79.00 19.00 251.00 303.00 -68.00 -1053.00 0
83741 2.71 12.94 -8.49 -80.00 17.00 249.00 303.00 -68.00 -1053.00 0
83750 2.92 13.91 -9.53 -77.00 23.00 244.00 303.00 -68.00 -1053.00 0
83760 2.85 15.65 -10.85 -76.00 24.00 239.00 303.00 -68.00 -1053.00 0
83769 3.34 16.63 -10.85 -70.00 23.00 237.00 303.00 -68.00 -1053.00 0
83778 3.06 18.16 -10.85 -72.00 14.00 231.00 303.00 -68.00 -1053.00 0
83787 2.50 20.66 -10.85 -72.00 11.00 228.00 303.00 -68.00 -1053.00 0
83796 1.95 24.14 -10.99 -69.00 9.00 221.00 303.00 -68.00 -1053.00 0
83806 1.32 28.45 -11.55 -69.00 1.00 208.00 303.00 -68.00 -1053.00 0
83815 -0.49 40.14 -14.26 -67.00 -3.00 201.00 303.00 -68.00 -1053.00 0
83824 -0.83 47.30 -16.90 -61.00 -10.00 190.00 303.00 -68.00 -1053.00 0
83833 -1.25 56.07 -20.03 -61.00 -12.00 186.00 303.00 -68.00 -1053.00 0
83843 -0.70 66.50 -22.68 -70.00 -8.00 189.00 303.00 -68.00 -1053.00 0
83852 0.77 77.70 -24.70 -80.00 -16.00 183.00 303.00 -68.00 -1053.00 0
83862 2.57 88.83 -26.85 -89.00 -13.00 192.00 303.00 -68.00 -1053.00 0
83871 10.02 107.76 -28.87 -113.00 4.00 217.00 303.00 -68.00 -1053.00 0
83880 15.79 113.39 -28.94 -130.00 4.00 224.00 303.00 -68.00 -1053.00 0
83890 20.03 116.80 -28.66 -146.00 9.00 228.00 303.00 -68.00 -1053.00 0
83899 23.17 117.63 -27.48 -153.00 42.00 238.00 303.00 -68.00 -1053.00 0
83908 24.77 115.20 -26.16 -153.00 30.00 242.00 303.00 -68.00 -1053.00 0
83917 22.61 102.75 -24.35 -187.00 14.00 232.00 303.00 -68.00 -1053.00 0
83928 14.89 93.91 -20.45 -180.00 18.00 250.00 303.00 -68.00 -1053.00 0
83937 10.99 82.23 -17.11 -182.00 9.00 239.00 303.00 -68.00 -1053.00 0
83946 6.26 69.77 -14.47 -173.00 7.00 229.00 303.00 -68.00 -1053.00 0
83955 2.57 56.28 -11.69 -162.00 7.00 209.00 303.00 -68.00 -1053.00 0
83964 -0.28 41.95 -9.11 -137.00 2.00 191.00 303.00 -68.00 -1053.00 0
83974 -3.41 17.25 -5.01 -130.00 8.00 184.00 303.00 -68.00 -1053.00 0
83983 -3.97 10.43 -2.85 -125.00 7.00 178.00 303.00 -68.00 -1053.00 0
83992 -4.66 6.68 -1.32 -124.00 16.00 179.00 303.00 -68.00 -1053.00 0
84001 -5.43 5.43 -0.21 -109.00 50.00 172.00 303.00 -68.00 -1053.00 0
84011 -6.19 5.70 1.04 -113.00 58.00 170.00 303.00 -68.00 -1053.00 0
84020 -9.11 8.42 2.99 -128.00 15.00 171.00 303.00 -68.00 -1053.00 0
84029 -23.79 18.50 5.01 -137.00 -21.00 173.00 303.00 -68.00 -1053.00 0
84038 -30.05 24.07 4.52 -144.00 -39.00 174.00 303.00 -68.00 -1053.00 0
84047 -32.28 28.94 3.13 -140.00 -26.00 171.00 303.00 -68.00 -1053.00 0
84058 -30.47 32.97 0.90 -130.00 -16.00 165.00 303.00 -68.00 -1053.00 0
84067 -26.57 36.94 -1.53 -130.00 -9.00 161.00 303.00 -68.00 -1053.00 0
84076 -21.63 41.46 -4.66 -130.00 -13.00 153.00 303.00 -68.00 -1053.00 0
84085 -11.48 53.22 -5.84 -133.00 -19.00 154.00 303.00 -68.00 -1053.00 0
84094 -6.12 59.97 -6.96 -136.00 -16.00 151.00 303.00 -68.00 -1053.00 0
84104 -0.49 67.06 -8.00 -140.00 0.00 147.00 303.00 -68.00 -1053.00 0
84113 5.22 74.23 -9.04 -146.00 9.00 150.00 303.00 -68.00 -1053.00 0
84122 10.50 80.42 -9.60 -151.00 18.00 158.00 303.00 -68.00 -1053.00 0
84131 16.56 91.13 -10.78 -167.00 6.00 155.00 303.00 -68.00 -1053.00 0
84141 17.18 95.51 -11.13 -174.00 -1.00 169.00 303.00 -68.00 -1053.00 0
84150 17.32 98.78 -11.55 -206.00 5.00 181.00 303.00 -68.00 -1053.00 0
84159 16.56 100.24 -11.90 -218.00 6.00 207.00 303.00 -68.00 -1053.00 0
84168 15.30 98.09 -12.17 -245.00 11.00 228.00 303.00 -68.00 -1053.00 0
84178 13.43 93.08 -12.24 -250.00 11.00 230.00 303.00 -68.00 -1053.00 0
84188 8.35 70.54 -11.83 -234.00 8.00 224.00 303.00 -68.00 -1053.00 0
84197 5.77 53.57 -10.57 -205.00 6.00 193.00 303.00 -68.00 -1053.00 0
84206 3.48 35.69 -8.63 -192.00 1.00 184.00 303.00 -68.00 -1053.00 0
84215 1.39 19.06 -6.40 -178.00 1.00 166.00 303.00 -68.00 -1053.00 0
84225 -0.28 4.73 -4.24 -164.00 -1.00 155.00 303.00 -68.00 -1053.00 0
84234 -1.32 -6.61 -2.43 -157.00 -1.00 151.00 303.00 -68.00 -1053.00 0
84243 -0.97 -19.55 -0.07 -151.00 1.00 144.00 303.00 -68.00 -1053.00 0
84252 0.35 -21.29 0.63 -157.00 7.00 148.00 303.00 -68.00 -1053.00 0
84261 1.67 -20.31 0.97 -165.00 17.00 158.00 303.00 -68.00 -1053.00 0
84271 2.23 -17.39 0.90 -177.00 19.00 170.00 303.00 -68.00 -1053.00 0
84280 2.16 -13.57 0.63 -179.00 15.00 173.00 303.00 -68.00 -1053.00 0
84289 1.53 -9.88 0.35 -178.00 15.00 171.00 303.00 -68.00 -1053.00 0
84298 -1.04 -4.73 -0.56 -176.00 12.00 167.00 303.00 -68.00 -1053.00 0
84307 -2.23 -3.06 -1.25 -174.00 9.00 164.00 490.00 -67.00 -1046.00 0
84317 -3.20 -1.46 -1.95 -173.00 9.00 164.00 490.00 -67.00 -1046.00 0
84326 -4.10 0.28 -2.78 -180.00 6.00 159.00 490.00 -67.00 -1046.00 0
84335 -4.94 2.16 -3.76 -181.00 10.00 160.00 490.00 -67.00 -1046.00 0
84344 -5.50 4.24 -4.73 -187.00 15.00 174.00 490.00 -67.00 -1046.00 0
84354 -5.70 7.37 -6.47 -194.00 19.00 181.00 490.00 -67.00 -1046.00 0
84363 -6.12 7.03 -7.44 -202.00 28.00 202.00 490.00 -67.00 -1046.00 0
84372 -7.72 4.59 -8.70 -206.00 24.00 202.00 492.00 -62.00 -959.00 0
84381 -11.06 -0.49 -10.64 -191.00 0.00 187.00 492.00 -62.00 -959.00 0
84390 -16.14 -7.44 -14.40 -172.00 -13.00 161.00 492.00 -62.00 -959.00 0
84400 -22.26 -14.54 -20.87 -155.00 -8.00 137.00 492.00 -62.00 -959.00 0
84409 -31.58 -22.47 -39.17 -144.00 8.00 140.00 492.00 -62.00 -959.00 0
84418 -34.99 -21.43 -48.83 -144.00 21.00 150.00 492.00 -62.00 -959.00 0
84427 -38.82 -17.46 -57.04 -151.00 8.00 160.00 492.00 -62.00 -959.00 0
84436 -43.13 -11.62 -62.89 -159.00 -6.00 167.00 459.00 -13.00 -1185.00 0
84446 -47.37 -5.43 -65.88 -160.00 -39.00 166.00 459.00 -13.00 -1185.00 0
84455 -51.27 3.90 -69.43 -160.00 -62.00 170.00 459.00 -13.00 -1185.00 0
84465 -55.03 7.17 -71.10 -161.00 -63.00 164.00 459.00 -13.00 -1185.00 0
84474 -53.70 9.60 -72.77 -148.00 -56.00 170.00 459.00 -13.00 -1185.00 0
84484 -51.34 11.20 -74.99 -135.00 -59.00 163.00 459.00 -13.00 -1185.00 0
84493 -50.16 12.24 -79.10 -123.00 -60.00 149.00 459.00 -13.00 -1185.00 0
84502 -49.74 13.15 -83.97 -115.00 -47.00 145.00 435.00 38.00 -1308.00 0
84511 -46.40 17.39 -90.23 -117.00 -41.00 132.00 435.00 38.00 -1308.00 0
84520 -44.66 21.15 -90.09 -131.00 -50.00 132.00 435.00 38.00 -1308.00 0
84531 -42.71 25.81 -88.14 -166.00 -59.00 158.00 435.00 38.00 -1308.00 0
84540 -40.35 30.33 -83.76 -194.00 -58.00 163.00 435.00 38.00 -1308.00 0
84549 -36.94 33.18 -77.15 -217.00 -58.00 173.00 435.00 38.00 -1308.00 0
84558 -29.98 31.10 -61.84 -212.00 -57.00 179.00 435.00 38.00 -1308.00 0
84568 -26.71 28.24 -53.63 -215.00 -58.00 166.00 430.00 66.00 -958.00 0
84577 -24.14 24.49 -45.29 -211.00 -65.00 156.00 430.00 66.00 -958.00 0
84586 -21.50 19.83 -37.29 -208.00 -70.00 154.00 430.00 66.00 -958.00 0
84595 -18.78 15.65 -29.91 -201.00 -66.00 165.00 430.00 66.00 -958.00 0
84605 -15.58 12.59 -22.75 -199.00 -61.00 172.00 430.00 66.00 -958.00 0
84615 -10.30 7.37 -8.90 -196.00 -64.00 172.00 430.00 66.00 -958.00 0
84624 -9.46 3.69 -2.57 -192.00 -72.00 165.00 430.00 66.00 -958.00 0
84633 -9.11 -1.18 3.20 -172.00 -75.00 160.00 433.00 65.00 -1219.00 0
84642 -8.70 -6.61 8.14 -167.00 -86.00 140.00 433.00 65.00 -1219.00 0
84652 -8.07 -11.48 12.24 -156.00 -90.00 139.00 433.00 65.00 -1219.00 0
84661 -7.10 -15.93 15.23 -149.00 -89.00 132.00 433.00 65.00 -1219.00 0
84670 -2.99 -19.20 19.48 -155.00 -81.00 133.00 433.00 65.00 -1219.00 0
84679 0.07 -18.57 20.59 -150.00 -82.00 131.00 433.00 65.00 -1219.00 0
84688 2.30 -16.97 21.15 -153.00 -72.00 135.00 433.00 65.00 -1219.00 0
84698 4.73 -13.98 22.05 -158.00 -70.00 138.00 433.00 52.00 -1234.00 0
84707 7.23 -10.92 22.47 -162.00 -63.00 143.00 435.00 52.00 -1234.00 0
84716 11.48 -5.77 22.40 -167.00 -59.00 151.00 435.00 52.00 -1234.00 0
84725 12.52 -3.55 21.84 -160.00 -61.00 158.00 435.00 52.00 -1234.00 0
84734 12.31 -1.95 20.66 -165.00 -60.00 147.00 435.00 52.00 -1234.00 0
84745 11.34 -0.56 19.27 -166.00 -63.00 147.00 435.00 52.00 -1234.00 0
84754 10.43 0.90 17.74 -169.00 -61.00 147.00 435.00 52.00 -1234.00 0
84763 9.74 2.37 15.86 -170.00 -57.00 146.00 435.00 52.00 -1234.00 0
84772 9.18 4.80 11.97 -169.00 -53.00 147.00 435.00 52.00 -1234.00 0
84782 9.18 5.77 10.57 -170.00 -49.00 154.00 435.00 52.00 -1234.00 0
84791 9.25 6.82 9.81 -169.00 -45.00 152.00 435.00 52.00 -1234.00 0
84800 9.32 7.51 9.53 -169.00 -44.00 154.00 435.00 52.00 -1234.00 0
84809 9.53 7.79 9.67 -166.00 -42.00 153.00 435.00 52.00 -1234.00 0
84818 9.81 7.65 10.23 -175.00 -37.00 157.00 435.00 52.00 -1234.00 0
84828 9.88 6.54 11.83 -179.00 -37.00 161.00 435.00 52.00 -1234.00 0
84837 9.18 5.77 12.52 -183.00 -42.00 160.00 435.00 52.00 -1234.00 0
84846 8.21 4.80 12.87 -184.00 -39.00 165.00 435.00 52.00 -1234.00 0
84855 7.44 3.69 13.01 -181.00 -40.00 165.00 435.00 52.00 -1234.00 0
84865 6.82 2.64 12.87 -173.00 -41.00 163.00 435.00 52.00 -1234.00 0
84874 5.91 1.74 12.31 -167.00 -35.00 157.00 435.00 52.00 -1234.00 0
84883 4.03 0.70 10.50 -169.00 -37.00 151.00 435.00 52.00 -1234.00 0
84892 3.83 0.83 9.74 -169.00 -37.00 159.00 435.00 52.00 -1234.00 0
84901 3.76 1.46 9.32 -171.00 -27.00 160.00 435.00 52.00 -1234.00 0
84911 3.90 2.37 9.25 -171.00 -24.00 159.00 435.00 52.00 -1234.00 0
84920 3.97 3.27 9.60 -173.00 -24.00 164.00 435.00 52.00 -1234.00 0
84929 4.24 4.10 10.43 -182.00 -28.00 169.00 435.00 52.00 -1234.00 0
84938 4.17 4.66 13.01 -180.00 -29.00 172.00 435.00 52.00 -1234.00 0
84947 3.90 4.17 14.12 -178.00 -30.00 163.00 435.00 52.00 -1234.00 0
84957 3.83 3.13 15.30 -177.00 -24.00 158.00 435.00 52.00 -1234.00 0
84966 4.38 1.81 16.42 -170.00 -18.00 159.00 435.00 52.00 -1234.00 0
84976 4.80 0.42 17.53 -168.00 -21.00 162.00 435.00 52.00 -1234.00 0
84985 4.66 -0.49 19.34 -164.00 -36.00 165.00 435.00 52.00 -1234.00 0
84995 3.06 -1.60 19.55 -168.00 -42.00 167.00 435.00 52.00 -1234.00 0
85004 3.13 -2.64 19.13 -161.00 -42.00 163.00 435.00 52.00 -1234.00 0
85013 3.69 -4.38 18.16 -161.00 -39.00 170.00 435.00 52.00 -1234.00 0
85022 4.87 -5.77 17.11 -164.00 -24.00 163.00 435.00 52.00 -1234.00 0
85031 6.12 -7.03 16.00 -164.00 -17.00 161.00 435.00 52.00 -1234.00 0
85041 7.17 -10.85 14.19 -154.00 -13.00 168.00 435.00 52.00 -1234.00 0
85050 6.96 -12.17 13.70 -157.00 -13.00 155.00 435.00 52.00 -1234.00 0
85059 5.70 -12.38 13.15 -155.00 -28.00 145.00 435.00 52.00 -1234.00 0
85068 3.97 -12.03 12.45 -157.00 -35.00 149.00 435.00 52.00 -1234.00 0
85078 2.85 -11.41 11.69 -165.00 -39.00 159.00 435.00 52.00 -1234.00 0
85087 2.23 -10.23 10.64 -170.00 -35.00 174.00 435.00 52.00 -1234.00 0
85096 2.02 -8.90 7.65 -172.00 -35.00 169.00 435.00 52.00 -1234.00 0
85105 2.43 -9.88 5.84 -173.00 -28.00 162.00 435.00 52.00 -1234.00 0
85114 3.41 -11.55 4.59 -156.00 -22.00 161.00 435.00 52.00 -1234.00 0
85125 4.38 -13.98 3.69 -146.00 -24.00 149.00 435.00 52.00 -1234.00 0
85134 4.94 -16.70 2.78 -152.00 -23.00 148.00 435.00 52.00 -1234.00 0
85143 5.29 -19.41 2.02 -154.00 -27.00 166.00 435.00 52.00 -1234.00 0
85152 3.83 -25.04 0.42 -182.00 -32.00 185.00 435.00 52.00 -1234.00 0
85161 2.71 -29.84 -0.56 -189.00 -23.00 195.00 456.00 -1.00 -1034.00 0
85171 2.23 -37.91 -1.04 -187.00 -31.00 193.00 456.00 -1.00 -1034.00 0
85180 0.49 -48.70 -1.53 -156.00 -32.00 171.00 456.00 -1.00 -1034.00 0
85189 -1.04 -60.66 -2.37 -120.00 -38.00 140.00 456.00 -1.00 -1034.00 0
85198 -2.57 -72.70 -3.48 -100.00 -54.00 123.00 456.00 -1.00 -1034.00 0
85208 -8.07 -89.60 -8.49 -89.00 -64.00 113.00 456.00 -1.00 -1034.00 0
85217 -10.23 -94.26 -12.87 -86.00 -78.00 101.00 456.00 -1.00 -1034.00 0
85226 -10.43 -95.93 -17.46 -83.00 -81.00 77.00 404.00 7.00 -1152.00 0
85235 -8.63 -92.73 -21.57 -95.00 -72.00 73.00 404.00 7.00 -1152.00 1
85245 -4.24 -83.62 -24.56 -257.00 -52.00 -5.00 404.00 7.00 -1152.00 1
85256 10.30 -47.79 -28.17 -272.00 -61.00 290.00 404.00 7.00 -1152.00 1
85266 19.06 -21.70 -31.37 -442.00 -60.00 487.00 404.00 7.00 -1152.00 1
85277 29.36 3.83 -29.57 -412.00 31.00 481.00 404.00 7.00 -1152.00 1
85287 48.42 12.10 -22.05 -283.00 73.00 330.00 404.00 7.00 -1152.00 1
85299 50.37 -3.34 -14.12 -178.00 63.00 211.00 404.00 7.00 -1152.00 1
85309 46.19 -35.55 9.39 -186.00 27.00 220.00 404.00 7.00 -1152.00 1
85320 25.74 -51.62 22.26 -211.00 -9.00 204.00 404.00 7.00 -1152.00 1
85330 14.89 -71.51 33.11 -175.00 -9.00 195.00 404.00 7.00 -1152.00 1
85341 0.83 -115.76 48.49 -121.00 -7.00 164.00 404.00 7.00 -1152.00 0
85351 -3.34 -131.90 55.10 -69.00 -19.00 116.00 404.00 7.00 -1152.00 0
85360 -9.32 -139.20 59.27 -38.00 -38.00 95.00 404.00 7.00 -1152.00 0
85369 -16.70 -137.39 60.31 -50.00 -47.00 115.00 404.00 7.00 -1152.00 0
85379 -23.65 -127.93 58.16 -78.00 -62.00 176.00 404.00 7.00 -1152.00 0
85388 -29.57 -113.32 52.87 -97.00 -62.00 198.00 404.00 7.00 -1152.00 0
85397 -34.23 -81.39 38.82 -93.00 -51.00 207.00 404.00 7.00 -1152.00 0
85406 -32.63 -68.66 32.49 -87.00 -60.00 193.00 404.00 7.00 -1152.00 0
85415 -29.63 -57.88 27.06 -80.00 -63.00 190.00 404.00 7.00 -1152.00 0
85425 -24.83 -48.07 22.26 -71.00 -59.00 183.00 404.00 7.00 -1152.00 0
85434 -18.16 -38.82 17.95 -74.00 -43.00 182.00 404.00 7.00 -1152.00 0
85443 -9.67 -19.55 11.90 -81.00 -24.00 192.00 404.00 7.00 -1152.00 0
85452 7.79 -9.25 10.30 -97.00 -8.00 196.00 404.00 7.00 -1152.00 0
85462 15.93 -0.83 9.32 -121.00 7.00 220.00 404.00 7.00 -1152.00 0
85471 22.40 5.22 8.56 -116.00 9.00 227.00 404.00 7.00 -1152.00 0
85480 27.41 7.72 8.70 -105.00 24.00 218.00 404.00 7.00 -1152.00 0
85489 31.44 6.89 10.02 -97.00 24.00 198.00 338.00 -53.00 -1331.00 0
85498 33.11 5.08 11.90 -93.00 21.00 190.00 338.00 -53.00 -1331.00 0
85508 30.61 3.13 11.34 -91.00 23.00 199.00 338.00 -53.00 -1331.00 0
85517 27.48 4.94 9.74 -105.00 21.00 198.00 338.00 -53.00 -1331.00 0
85527 23.72 8.07 7.30 -113.00 33.00 212.00 338.00 -53.00 -1331.00 0
85536 20.38 10.16 4.66 -117.00 35.00 213.00 338.00 -53.00 -1331.00 0
85545 16.42 10.57 1.74 -109.00 40.00 215.00 338.00 -53.00 -1331.00 0
85555 7.37 10.64 -2.37 -103.00 34.00 208.00 345.00 -62.00 -1190.00 0
85564 2.37 11.48 -3.06 -98.00 27.00 203.00 345.00 -62.00 -1190.00 0
85573 -2.57 12.87 -3.20 -102.00 24.00 201.00 345.00 -62.00 -1190.00 0
85582 -7.37 14.33 -3.20 -107.00 14.00 205.00 345.00 -62.00 -1190.00 0
85592 -11.55 15.44 -3.55 -107.00 5.00 199.00 345.00 -62.00 -1190.00 0
85601 -14.61 15.86 -3.83 -105.00 0.00 205.00 345.00 -62.00 -1190.00 0
85610 -17.67 15.79 -4.66 -111.00 -3.00 196.00 345.00 -62.00 -1190.00 0
85619 -17.81 16.49 -5.08 -114.00 -2.00 206.00 353.00 -48.00 -1350.00 0
85628 -16.97 17.60 -5.15 -115.00 0.00 208.00 353.00 -48.00 -1350.00 0
85638 -15.72 18.57 -4.94 -115.00 2.00 205.00 353.00 -48.00 -1350.00 0
85647 -14.12 19.20 -4.38 -114.00 0.00 215.00 353.00 -48.00 -1350.00 0
85656 -12.38 19.48 -3.41 -120.00 1.00 213.00 353.00 -48.00 -1350.00 0
85665 -8.70 18.78 -0.28 -118.00 0.00 208.00 353.00 -48.00 -1350.00 0
85675 -6.33 17.32 1.88 -112.00 2.00 206.00 353.00 -48.00 -1350.00 0
85684 -3.55 15.03 4.31 -102.00 6.00 209.00 367.00 -54.00 -1253.00 0
85693 -1.18 12.24 6.68 -103.00 12.00 213.00 367.00 -54.00 -1253.00 0
85702 0.77 9.46 9.11 -112.00 15.00 210.00 367.00 -54.00 -1253.00 0
85711 1.95 6.68 11.48 -105.00 9.00 204.00 367.00 -54.00 -1253.00 0
85721 0.70 1.11 13.57 -101.00 -1.00 193.00 367.00 -54.00 -1253.00 0
85730 -1.18 -0.77 13.08 -98.00 1.00 197.00 367.00 -54.00 -1253.00 0
85739 -2.37 -1.95 12.24 -101.00 -1.00 196.00 367.00 -54.00 -1253.00 0
85748 -3.62 -1.95 10.85 -107.00 0.00 212.00 371.00 -62.00 -1182.00 0
85757 -4.66 -1.39 9.39 -121.00 2.00 216.00 371.00 -62.00 -1182.00 0
85767 -5.43 -0.28 8.21 -125.00 3.00 218.00 371.00 -62.00 -1182.00 0
85776 -5.15 -0.28 7.44 -124.00 8.00 220.00 371.00 -62.00 -1182.00 0
85785 -4.59 -1.81 7.65 -117.00 5.00 216.00 371.00 -62.00 -1182.00 0
85794 -4.45 -3.76 7.86 -113.00 3.00 212.00 371.00 -62.00 -1182.00 0
85804 -4.66 -5.63 7.86 -115.00 2.00 210.00 371.00 -62.00 -1182.00 0
85813 -5.08 -6.82 7.58 -120.00 2.00 209.00 371.00 -62.00 -1182.00 0
85822 -5.43 -7.44 6.96 -119.00 1.00 213.00 371.00 -62.00 -1182.00 0
85831 -5.63 -7.17 5.01 -120.00 4.00 216.00 371.00 -62.00 -1182.00 0
85840 -5.77 -6.75 4.03 -116.00 4.00 218.00 371.00 -62.00 -1182.00 0
85850 -6.12 -6.47 3.27 -112.00 3.00 207.00 371.00 -62.00 -1182.00 0
85859 -6.54 -6.19 2.64 -107.00 -3.00 205.00 371.00 -62.00 -1182.00 0
85868 -6.89 -5.77 2.23 -106.00 -4.00 202.00 371.00 -62.00 -1182.00 0
85877 -6.96 -4.80 1.88 -105.00 -4.00 206.00 371.00 -62.00 -1182.00 0
85886 -6.40 -1.67 1.18 -113.00 0.00 204.00 371.00 -62.00 -1182.00 0
85896 -6.12 0.07 0.77 -113.00 -1.00 208.00 371.00 -62.00 -1182.00 0
85905 -5.91 1.53 0.28 -116.00 -1.00 213.00 371.00 -62.00 -1182.00 0
85914 -5.63 2.43 -0.21 -120.00 1.00 216.00 371.00 -62.00 -1182.00 0
85923 -5.29 2.85 -0.56 -114.00 1.00 211.00 371.00 -62.00 -1182.00 0
85933 -5.08 2.43 -0.77 -115.00 4.00 205.00 371.00 -62.00 -1182.00 0
85942 -4.52 0.56 -0.70 -111.00 4.00 207.00 371.00 -62.00 -1182.00 0
85951 -4.45 -0.28 -0.77 -110.00 3.00 206.00 371.00 -62.00 -1182.00 0
85960 -4.66 -0.77 -0.77 -109.00 12.00 196.00 371.00 -62.00 -1182.00 0
85969 -4.80 -0.83 -0.83 -104.00 8.00 201.00 371.00 -62.00 -1182.00 0
85979 -5.15 -0.63 -0.97 -108.00 7.00 200.00 371.00 -62.00 -1182.00 0
85988 -5.63 -0.21 -1.18 -109.00 6.00 202.00 371.00 -62.00 -1182.00 0
85997 -6.19 1.11 -1.74 -110.00 5.00 199.00 371.00 -62.00 -1182.00 0
86006 -7.23 2.02 -1.88 -111.00 2.00 205.00 371.00 -62.00 -1182.00 0
86016 -7.72 3.06 -2.02 -111.00 0.00 201.00 371.00 -62.00 -1182.00 0
86025 -7.93 4.03 -2.16 -114.00 0.00 204.00 371.00 -62.00 -1182.00 0
86034 -7.93 5.08 -2.37 -112.00 0.00 206.00 371.00 -62.00 -1182.00 0
86043 -7.58 6.19 -2.43 -111.00 2.00 203.00 371.00 -62.00 -1182.00 0
86052 -6.96 7.17 -2.37 -108.00 2.00 194.00 371.00 -62.00 -1182.00 0
86062 -5.63 9.32 -2.37 -107.00 1.00 198.00 371.00 -62.00 -1182.00 0
86071 -5.15 10.92 -2.50 -110.00 3.00 194.00 371.00 -62.00 -1182.00 0
86080 -4.73 12.87 -2.57 -106.00 2.00 193.00 374.00 -56.00 -1092.00 0
86089 -4.52 15.44 -2.85 -111.00 -1.00 194.00 374.00 -56.00 -1092.00 0
86098 -4.38 18.50 -3.27 -105.00 -3.00 191.00 374.00 -56.00 -1092.00 0
86108 -4.10 22.05 -3.83 -109.00 -3.00 188.00 374.00 -56.00 -1092.00 0
86117 -2.78 31.03 -5.22 -112.00 -3.00 188.00 374.00 -56.00 -1092.00 0
86126 -1.88 36.03 -6.12 -116.00 -2.00 196.00 374.00 -56.00 -1092.00 0
86135 -1.04 40.90 -6.96 -128.00 0.00 194.00 374.00 -56.00 -1092.00 0
86145 -0.28 46.12 -7.58 -134.00 1.00 197.00 400.00 -56.00 -1145.00 0
86154 0.56 50.57 -7.93 -138.00 -1.00 201.00 400.00 -56.00 -1145.00 0
86163 1.46 53.43 -8.14 -146.00 3.00 206.00 400.00 -56.00 -1145.00 0
86172 4.17 54.47 -8.00 -146.00 4.00 204.00 400.00 -56.00 -1145.00 0
86181 4.94 53.22 -8.07 -144.00 9.00 195.00 400.00 -56.00 -1145.00 0
86191 5.77 51.48 -7.58 -157.00 13.00 198.00 400.00 -56.00 -1145.00 0
86200 6.33 49.53 -6.96 -163.00 15.00 201.00 400.00 -56.00 -1145.00 0
86209 6.47 46.96 -6.54 -162.00 13.00 207.00 423.00 -60.00 -1384.00 0
86218 5.91 43.69 -6.19 -162.00 11.00 198.00 423.00 -60.00 -1384.00 0
86227 3.27 35.41 -5.22 -154.00 11.00 194.00 423.00 -60.00 -1384.00 0
86237 1.32 31.23 -4.80 -150.00 1.00 180.00 423.00 -60.00 -1384.00 0
86246 -0.70 27.76 -4.52 -140.00 -2.00 177.00 423.00 -60.00 -1384.00 0
86255 -2.16 24.90 -4.45 -141.00 -6.00 182.00 423.00 -60.00 -1384.00 0
86264 -3.27 23.17 -4.52 -150.00 -9.00 184.00 423.00 -60.00 -1384.00 0
86274 -3.90 22.33 -4.59 -153.00 -7.00 179.00 435.00 -58.00 -1199.00 0
86283 -3.34 21.98 -4.59 -154.00 -1.00 186.00 435.00 -58.00 -1199.00 0
86292 -2.50 21.57 -4.52 -155.00 2.00 185.00 435.00 -58.00 -1199.00 0
86301 -1.46 20.73 -4.17 -150.00 6.00 186.00 435.00 -58.00 -1199.00 0
86310 -0.77 19.27 -3.90 -152.00 6.00 184.00 435.00 -58.00 -1199.00 0
86320 -0.56 17.46 -3.69 -149.00 4.00 185.00 435.00 -58.00 -1199.00 0
86329 -0.83 14.54 -3.34 -149.00 2.00 183.00 435.00 -58.00 -1199.00 0
86338 -2.57 14.05 -3.41 -154.00 -1.00 183.00 435.00 -58.00 -1199.00 0
86347 -3.48 14.05 -3.55 -152.00 -3.00 178.00 435.00 -58.00 -1199.00 0
86356 -4.10 14.33 -3.69 -152.00 -4.00 181.00 435.00 -58.00 -1199.00 0
86366 -4.38 14.96 -3.69 -149.00 -1.00 182.00 435.00 -58.00 -1199.00 0
86375 -4.38 15.30 -3.83 -161.00 3.00 186.00 435.00 -58.00 -1199.00 0
86384 -4.17 15.23 -3.83 -178.00 7.00 203.00 435.00 -58.00 -1199.00 0
86393 -4.45 13.63 -3.69 -184.00 5.00 205.00 435.00 -58.00 -1199.00 0
86403 -5.36 10.23 -3.13 -170.00 3.00 192.00 435.00 -58.00 -1199.00 0
86412 -6.26 5.63 -2.37 -158.00 -7.00 181.00 435.00 -58.00 -1199.00 0
86421 -6.75 0.83 -1.53 -142.00 -6.00 169.00 435.00 -58.00 -1199.00 0
86430 -6.47 -2.92 -0.77 -139.00 -5.00 167.00 435.00 -58.00 -1199.00 0
86439 -5.77 -5.22 -0.07 -142.00 2.00 175.00 435.00 -58.00 -1199.00 0
86449 -3.27 -4.24 -0.14 -148.00 6.00 176.00 435.00 -58.00 -1199.00 0
86458 -2.16 -2.57 -0.28 -152.00 5.00 179.00 435.00 -58.00 -1199.00 0
86467 -1.81 -0.77 -0.56 -152.00 1.00 181.00 435.00 -58.00 -1199.00 0
86476 -1.95 0.90 -0.83 -157.00 3.00 184.00 443.00 -59.00 -1090.00 0
86486 -2.23 2.09 -1.11 -166.00 3.00 191.00 443.00 -59.00 -1090.00 0
86495 -2.64 2.78 -1.60 -172.00 6.00 193.00 443.00 -59.00 -1090.00 0
86504 -3.55 0.90 -1.60 -169.00 1.00 196.00 443.00 -59.00 -1090.00 0
86513 -4.03 -1.74 -1.25 -164.00 2.00 188.00 443.00 -59.00 -1090.00 0
86522 -4.45 -5.01 -0.83 -151.00 1.00 176.00 443.00 -59.00 -1090.00 0
86532 -4.59 -8.56 -0.42 -142.00 -2.00 171.00 443.00 -59.00 -1090.00 0
86541 -4.38 -11.20 0.14 -134.00 2.00 169.00 443.00 -59.00 -1090.00 0
86550 -3.90 -12.24 0.56 -134.00 2.00 176.00 443.00 -59.00 -1090.00 0
86559 -2.43 -10.50 1.04 -135.00 5.00 172.00 443.00 -59.00 -1090.00 0
86568 -1.67 -8.49 1.32 -144.00 10.00 177.00 443.00 -59.00 -1090.00 0
86578 -1.18 -6.47 1.46 -145.00 11.00 180.00 443.00 -59.00 -1090.00 0
86587 -1.25 -4.66 1.39 -148.00 11.00 184.00 443.00 -59.00 -1090.00 0
86596 -1.95 -3.27 1.25 -155.00 10.00 185.00 443.00 -59.00 -1090.00 0
86605 -2.92 -2.02 0.49 -160.00 1.00 194.00 443.00 -59.00 -1090.00 0
86615 -5.36 -0.28 0.00 -163.00 -4.00 194.00 443.00 -59.00 -1090.00 0
86624 -6.40 -0.28 -0.35 -152.00 -5.00 187.00 443.00 -59.00 -1090.00 0
86633 -6.61 -0.90 -0.49 -146.00 -3.00 186.00 443.00 -59.00 -1090.00 0
86642 -6.19 -1.67 -0.49 -142.00 -1.00 178.00 443.00 -59.00 -1090.00 0
86651 -5.36 -2.09 -0.42 -136.00 3.00 179.00 443.00 -59.00 -1090.00 0
86661 -4.45 -2.02 -0.35 -140.00 3.00 180.00 443.00 -59.00 -1090.00 0
86670 -3.83 -0.14 -0.21 -147.00 1.00 186.00 440.00 -62.00 -1192.00 0
86679 -3.83 1.11 -0.21 -148.00 -2.00 188.00 440.00 -62.00 -1192.00 0
86688 -3.76 2.23 -0.35 -152.00 1.00 186.00 440.00 -62.00 -1192.00 0
86697 -3.62 2.85 -0.49 -158.00 7.00 191.00 440.00 -62.00 -1192.00 0
86707 -3.20 3.13 -0.63 -160.00 6.00 192.00 440.00 -62.00 -1192.00 0
86716 -2.85 3.06 -0.63 -155.00 2.00 193.00 440.00 -62.00 -1192.00 0
86725 -2.43 1.81 -0.42 -144.00 5.00 184.00 440.00 -62.00 -1192.00 0
86734 -2.09 0.83 -0.28 -144.00 4.00 184.00 439.00 -60.00 -1200.00 0
86744 -1.88 0.21 -0.28 -139.00 6.00 177.00 439.00 -60.00 -1200.00 0
86753 -1.67 0.14 -0.42 -137.00 6.00 180.00 439.00 -60.00 -1200.00 0
86762 -1.53 0.42 -0.70 -146.00 9.00 185.00 439.00 -60.00 -1200.00 0
86771 -1.67 1.11 -0.97 -147.00 7.00 187.00 439.00 -60.00 -1200.00 0
86780 -2.43 2.02 -1.39 -147.00 8.00 179.00 439.00 -60.00 -1200.00 0
86790 -2.78 1.74 -1.39 -143.00 2.00 185.00 439.00 -60.00 -1200.00 0
86799 -2.92 1.11 -1.11 -138.00 1.00 179.00 441.00 -60.00 -1131.00 0
86807 -3.06 0.49 -0.97 -141.00 4.00 180.00 441.00 -60.00 -1131.00 0
86816 -3.13 0.00 -1.04 -139.00 4.00 179.00 441.00 -60.00 -1131.00 0
86825 -3.41 -0.07 -1.25 -136.00 5.00 171.00 441.00 -60.00 -1131.00 0
86835 -3.62 0.07 -1.46 -137.00 0.00 174.00 441.00 -60.00 -1131.00 0
86844 -4.38 0.07 -2.37 -145.00 -3.00 170.00 441.00 -60.00 -1131.00 0
86853 -4.17 -0.21 -2.85 -138.00 14.00 188.00 441.00 -60.00 -1131.00 0
86862 -3.55 -1.46 -3.20 -145.00 13.00 176.00 441.00 -60.00 -1131.00 0
86872 -4.03 -2.57 -4.24 -128.00 7.00 174.00 441.00 -60.00 -1131.00 0
86881 -5.22 -4.45 -5.01 -128.00 -1.00 174.00 441.00 -60.00 -1131.00 0
86890 -6.68 -8.07 -5.50 -119.00 -17.00 170.00 441.00 -60.00 -1131.00 0
86899 -9.32 -9.81 -5.70 -116.00 -24.00 166.00 441.00 -60.00 -1131.00 0
86908 -9.04 -11.62 -5.57 -100.00 -27.00 168.00 441.00 -60.00 -1131.00 0
86918 -8.35 -13.57 -5.50 -94.00 -28.00 154.00 441.00 -60.00 -1131.00 0
86927 -7.65 -15.10 -5.63 -81.00 -26.00 154.00 441.00 -60.00 -1131.00 0
86936 -6.96 -16.90 -5.57 -83.00 -21.00 143.00 441.00 -60.00 -1131.00 0
86945 -6.26 -21.50 -5.63 -77.00 -34.00 126.00 441.00 -60.00 -1131.00 0
86956 -6.61 -23.58 -6.19 -81.00 -30.00 117.00 441.00 -60.00 -1131.00 0
86965 -5.50 -24.35 -6.47 -85.00 -36.00 104.00 441.00 -60.00 -1131.00 0
86974 -2.92 -23.37 -6.54 -98.00 -46.00 88.00 441.00 -60.00 -1131.00 1
86984 0.90 -20.24 -6.82 -147.00 -22.00 85.00 441.00 -60.00 -1131.00 1
86994 17.53 -5.70 -7.44 -215.00 76.00 213.00 441.00 -60.00 -1131.00 1
87005 29.63 7.93 -11.97 -406.00 83.00 351.00 441.00 -60.00 -1131.00 1
87016 39.10 21.50 -14.26 -391.00 65.00 461.00 441.00 -60.00 -1131.00 1
87026 38.47 27.76 -24.28 -374.00 71.00 414.00 441.00 -60.00 -1131.00 1
87037 32.70 20.45 -23.37 -276.00 70.00 371.00 441.00 -60.00 -1131.00 1
87048 26.02 6.96 -8.21 -235.00 38.00 288.00 441.00 -60.00 -1131.00 1
87059 10.43 -28.66 2.57 -190.00 30.00 219.00 441.00 -60.00 -1131.00 1
87070 5.91 -50.64 13.84 -158.00 26.00 194.00 441.00 -60.00 -1131.00 1
87080 -1.95 -95.86 28.87 -135.00 23.00 170.00 441.00 -60.00 -1131.00 1
87092 -6.19 -112.63 34.09 -122.00 48.00 175.00 441.00 -60.00 -1131.00 1
87101 -9.74 -122.09 39.10 -94.00 27.00 151.00 441.00 -60.00 -1131.00 0
87110 -16.49 -124.59 41.81 -73.00 -6.00 130.00 441.00 -60.00 -1131.00 0
87120 -37.15 -111.17 37.63 -88.00 -30.00 155.00 441.00 -60.00 -1131.00 0
87130 -45.43 -97.25 31.93 -111.00 -27.00 189.00 358.00 -64.00 -1093.00 0
87139 -49.46 -82.30 25.11 -106.00 -13.00 206.00 358.00 -64.00 -1093.00 0
87148 -50.64 -68.45 18.64 -93.00 -12.00 197.00 358.00 -64.00 -1093.00 0
87157 -50.78 -56.14 13.29 -78.00 -25.00 195.00 358.00 -64.00 -1093.00 0
87166 -50.23 -46.61 5.98 -67.00 -65.00 179.00 358.00 -64.00 -1093.00 0
87176 -44.80 -32.42 4.45 -72.00 -63.00 184.00 358.00 -64.00 -1093.00 0
87185 -36.87 -25.81 3.76 -69.00 -65.00 190.00 358.00 -64.00 -1093.00 0
87194 -26.92 -20.52 3.34 -79.00 -26.00 193.00 351.00 -51.00 -1217.00 0
87204 -14.61 -15.72 3.90 -84.00 0.00 192.00 351.00 -51.00 -1217.00 0
87214 -2.50 -11.55 4.94 -93.00 8.00 192.00 351.00 -51.00 -1217.00 0
87223 8.14 -5.29 6.33 -95.00 21.00 201.00 351.00 -51.00 -1217.00 0
87231 24.42 -3.48 6.47 -84.00 34.00 207.00 351.00 -51.00 -1217.00 0
87240 29.22 -1.88 6.26 -86.00 53.00 192.00 351.00 -51.00 -1217.00 0
87249 31.58 0.83 6.19 -89.00 56.00 188.00 351.00 -51.00 -1217.00 0
87259 30.68 3.97 5.84 -95.00 59.00 194.00 354.00 -78.00 -1105.00 0
87268 27.62 6.54 4.73 -111.00 53.00 210.00 354.00 -78.00 -1105.00 0
87278 22.40 9.18 0.90 -112.00 50.00 219.00 354.00 -78.00 -1105.00 0
87287 9.32 9.53 -0.56 -113.00 42.00 207.00 354.00 -78.00 -1105.00 0
87297 2.37 9.39 -1.46 -108.00 27.00 206.00 354.00 -78.00 -1105.00 0
87306 -4.45 8.77 -2.23 -105.00 10.00 203.00 354.00 -78.00 -1105.00 0
87315 -10.43 8.90 -2.71 -109.00 3.00 204.00 354.00 -78.00 -1105.00 0
87324 -14.96 9.60 -2.92 -108.00 -5.00 203.00 359.00 -68.00 -1290.00 0
87333 -17.95 11.41 -2.92 -110.00 -6.00 192.00 359.00 -68.00 -1290.00 0
87343 -19.34 11.97 -2.99 -108.00 0.00 199.00 359.00 -68.00 -1290.00 0
87352 -18.02 12.24 -2.92 -117.00 -1.00 208.00 359.00 -68.00 -1290.00 0
87361 -16.35 12.87 -2.78 -125.00 5.00 215.00 359.00 -68.00 -1290.00 0
87370 -14.47 13.15 -2.71 -122.00 11.00 220.00 359.00 -68.00 -1290.00 0
87379 -12.52 12.17 -2.57 -121.00 13.00 208.00 359.00 -68.00 -1290.00 0
87389 -10.78 9.60 -1.74 -115.00 3.00 207.00 359.00 -64.00 -1335.00 0
87398 -10.50 8.63 -1.11 -124.00 6.00 204.00 367.00 -64.00 -1335.00 0
87407 -10.37 7.86 -0.56 -124.00 0.00 210.00 367.00 -64.00 -1335.00 0
87416 -10.64 6.47 -0.56 -121.00 4.00 212.00 367.00 -64.00 -1335.00 0
87426 -10.92 4.52 -0.77 -119.00 2.00 204.00 367.00 -64.00 -1335.00 0
87435 -10.99 2.92 -0.83 -111.00 2.00 197.00 367.00 -64.00 -1335.00 0
87444 -10.57 0.42 -0.90 -108.00 1.00 197.00 367.00 -64.00 -1335.00 0
87453 -10.30 -0.07 -0.97 -106.00 1.00 196.00 367.00 -64.00 -1335.00 0
87462 -10.16 -0.49 -1.18 -111.00 1.00 202.00 367.00 -64.00 -1335.00 0
87472 -10.16 -0.90 -1.18 -105.00 -5.00 198.00 367.00 -64.00 -1335.00 0
87481 -10.30 -1.53 -1.32 -101.00 3.00 198.00 367.00 -64.00 -1335.00 0
87490 -10.16 -1.88 -1.32 -105.00 0.00 201.00 367.00 -64.00 -1335.00 0
87499 -9.53 -1.25 -1.04 -107.00 -2.00 201.00 367.00 -64.00 -1335.00 0
87508 -9.67 -0.63 -1.18 -106.00 -7.00 212.00 367.00 -64.00 -1335.00 0
87518 -9.53 0.07 -1.32 -108.00 -2.00 205.00 367.00 -64.00 -1335.00 0
87527 -8.90 0.90 -1.39 -106.00 -5.00 206.00 367.00 -64.00 -1335.00 0
87536 -7.93 1.46 -1.39 -113.00 0.00 209.00 367.00 -64.00 -1335.00 0
87545 -7.03 2.16 -1.32 -116.00 2.00 210.00 367.00 -64.00 -1335.00 0
87555 -5.43 2.43 -1.39 -119.00 5.00 211.00 367.00 -64.00 -1335.00 0
87564 -4.80 1.74 -1.25 -110.00 6.00 205.00 367.00 -64.00 -1335.00 0
87573 -4.52 1.18 -1.18 -116.00 5.00 205.00 367.00 -64.00 -1335.00 0
87582 -4.59 0.90 -1.11 -109.00 2.00 206.00 367.00 -64.00 -1335.00 0
87591 -4.87 0.70 -1.32 -111.00 2.00 214.00 367.00 -64.00 -1335.00 0
87601 -5.29 0.70 -1.60 -113.00 2.00 207.00 367.00 -64.00 -1335.00 0
87610 -5.91 1.11 -2.16 -115.00 4.00 208.00 367.00 -64.00 -1335.00 0
87619 -5.84 1.25 -2.23 -112.00 1.00 214.00 367.00 -64.00 -1335.00 0
87628 -5.77 1.46 -2.23 -115.00 3.00 211.00 367.00 -64.00 -1335.00 0
87638 -5.63 1.74 -2.30 -115.00 3.00 208.00 367.00 -64.00 -1335.00 0
87647 -5.29 1.88 -2.16 -118.00 7.00 215.00 367.00 -64.00 -1335.00 0
87656 -4.94 1.67 -1.95 -119.00 4.00 211.00 367.00 -64.00 -1335.00 0
87665 -4.87 0.97 -1.46 -114.00 3.00 209.00 367.00 -64.00 -1335.00 0
87674 -4.87 0.35 -1.32 -111.00 6.00 208.00 367.00 -64.00 -1335.00 0
87684 -4.73 0.21 -1.25 -115.00 5.00 207.00 367.00 -64.00 -1335.00 0
87693 -4.66 0.28 -1.18 -115.00 7.00 209.00 367.00 -64.00 -1335.00 0
87702 -4.59 0.35 -1.18 -115.00 11.00 210.00 367.00 -64.00 -1335.00 0
87711 -4.52 0.35 -1.25 -111.00 7.00 211.00 367.00 -64.00 -1335.00 0
87720 -4.66 0.49 -1.25 -118.00 7.00 206.00 368.00 -58.00 -1084.00 0
87730 -5.43 0.77 -1.39 -122.00 2.00 215.00 368.00 -58.00 -1084.00 0
87739 -5.57 1.04 -1.39 -125.00 4.00 216.00 368.00 -58.00 -1084.00 0
87748 -5.43 0.90 -1.46 -118.00 2.00 211.00 368.00 -58.00 -1084.00 0
87757 -5.01 0.21 -1.39 -114.00 4.00 214.00 368.00 -58.00 -1084.00 0
87767 -4.38 -0.70 -1.25 -108.00 4.00 205.00 368.00 -58.00 -1084.00 0
87776 -3.97 -1.46 -1.11 -109.00 3.00 202.00 368.00 -58.00 -1084.00 0
87785 -4.10 -2.09 -1.25 -111.00 3.00 204.00 367.00 -58.00 -1062.00 0
87793 -4.24 -1.74 -1.39 -116.00 4.00 207.00 367.00 -58.00 -1062.00 0
87802 -4.38 -1.25 -1.53 -116.00 6.00 206.00 367.00 -58.00 -1062.00 0
87812 -4.52 -0.77 -1.67 -116.00 4.00 212.00 367.00 -58.00 -1062.00 0
87821 -4.80 -0.42 -1.81 -118.00 2.00 210.00 367.00 -58.00 -1062.00 0
87830 -5.15 -0.28 -1.95 -119.00 4.00 205.00 367.00 -58.00 -1062.00 0
87839 -5.29 -0.63 -1.88 -112.00 4.00 205.00 367.00 -58.00 -1062.00 0
87848 -5.36 -0.83 -1.74 -117.00 6.00 203.00 368.00 -60.00 -1094.00 0
87858 -5.43 -0.90 -1.74 -112.00 2.00 206.00 368.00 -60.00 -1094.00 0
87867 -5.57 -0.90 -1.67 -114.00 4.00 210.00 368.00 -60.00 -1094.00 0
87876 -5.57 -0.70 -1.60 -115.00 1.00 207.00 368.00 -60.00 -1094.00 0
87885 -5.57 -0.49 -1.46 -113.00 4.00 206.00 368.00 -60.00 -1094.00 0
87895 -5.36 -0.28 -1.11 -113.00 5.00 205.00 368.00 -60.00 -1094.00 0
87904 -5.15 -0.28 -0.90 -113.00 4.00 200.00 368.00 -60.00 -1094.00 0
87913 -5.08 -0.14 -0.77 -111.00 5.00 201.00 368.00 -60.00 -1094.00 0
87922 -5.15 0.07 -0.77 -112.00 7.00 200.00 368.00 -60.00 -1094.00 0
87931 -5.36 0.42 -0.77 -117.00 3.00 206.00 368.00 -60.00 -1094.00 0
87941 -5.70 0.77 -0.77 -116.00 6.00 206.00 368.00 -60.00 -1094.00 0
87950 -7.03 0.56 -0.83 -117.00 0.00 206.00 368.00 -60.00 -1094.00 0
87959 -7.86 0.21 -0.77 -118.00 -4.00 205.00 368.00 -60.00 -1094.00 0
87968 -8.42 0.00 -0.77 -117.00 -7.00 206.00 368.00 -60.00 -1094.00 0
87977 -8.49 -0.14 -0.83 -118.00 -3.00 209.00 368.00 -60.00 -1094.00 0
87987 -8.14 -0.14 -0.90 -117.00 -1.00 208.00 368.00 -60.00 -1094.00 0
87996 -7.86 -0.14 -1.11 -119.00 0.00 211.00 368.00 -60.00 -1094.00 0
88005 -7.37 0.00 -1.60 -123.00 0.00 216.00 368.00 -60.00 -1094.00 0
88014 -7.17 0.00 -1.81 -122.00 2.00 213.00 368.00 -60.00 -1094.00 0
88024 -7.10 -0.14 -1.95 -122.00 -1.00 213.00 368.00 -60.00 -1094.00 0
88033 -7.03 -0.21 -2.09 -121.00 -1.00 216.00 368.00 -60.00 -1094.00 0
88042 -6.82 -0.42 -2.09 -122.00 -1.00 214.00 368.00 -60.00 -1094.00 0
88051 -6.40 -0.63 -2.02 -122.00 -2.00 216.00 368.00 -60.00 -1094.00 0
88060 -6.12 -0.83 -1.81 -124.00 0.00 213.00 368.00 -60.00 -1094.00 0
88069 -5.63 -1.53 -1.88 -123.00 -2.00 217.00 368.00 -60.00 -1094.00 0
88078 -5.43 -1.95 -2.09 -120.00 -2.00 211.00 368.00 -60.00 -1094.00 0
88087 -5.22 -2.43 -2.30 -120.00 1.00 213.00 368.00 -60.00 -1094.00 0
88096 -4.94 -2.85 -2.37 -113.00 0.00 208.00 368.00 -60.00 -1094.00 0
88105 -4.66 -3.55 -2.50 -110.00 2.00 205.00 368.00 -60.00 -1094.00 0
88115 -4.45 -4.10 -2.50 -117.00 0.00 212.00 362.00 -52.00 -1187.00 0
88124 -4.03 -5.01 -2.43 -115.00 2.00 211.00 362.00 -52.00 -1187.00 0
88133 -3.69 -5.77 -2.37 -111.00 1.00 207.00 362.00 -52.00 -1187.00 0
88142 -3.41 -6.40 -2.16 -105.00 2.00 199.00 362.00 -52.00 -1187.00 0
88152 -3.27 -6.68 -2.02 -101.00 2.00 200.00 362.00 -52.00 -1187.00 0
88161 -3.06 -6.47 -1.88 -98.00 3.00 202.00 362.00 -52.00 -1187.00 0
88170 -2.85 -5.70 -1.67 -105.00 8.00 202.00 362.00 -52.00 -1187.00 0
88179 -3.06 -3.62 -1.88 -109.00 9.00 210.00 363.00 -54.00 -1184.00 0
88188 -3.55 -2.85 -1.95 -110.00 4.00 216.00 363.00 -54.00 -1184.00 0
88198 -4.24 -2.64 -1.88 -111.00 3.00 213.00 363.00 -54.00 -1184.00 0
88207 -4.87 -2.64 -1.67 -113.00 0.00 216.00 363.00 -54.00 -1184.00 0
88216 -5.57 -2.85 -1.46 -115.00 0.00 218.00 363.00 -54.00 -1184.00 0
88225 -6.05 -3.20 -1.25 -118.00 1.00 218.00 363.00 -54.00 -1184.00 0
88235 -6.33 -4.52 -1.11 -118.00 2.00 214.00 363.00 -54.00 -1184.00 0
88244 -6.47 -5.22 -1.04 -111.00 3.00 214.00 357.00 -50.00 -938.00 0
88253 -6.26 -5.84 -0.56 -111.00 5.00 205.00 357.00 -50.00 -938.00 0
88262 -5.98 -6.40 -0.21 -95.00 -1.00 203.00 357.00 -50.00 -938.00 0
88271 -5.98 -7.03 0.14 -101.00 0.00 196.00 357.00 -50.00 -938.00 0
88281 -5.63 -6.19 0.83 -98.00 3.00 195.00 357.00 -50.00 -938.00 0
88289 -5.01 -5.36 1.18 -92.00 7.00 194.00 357.00 -50.00 -938.00 0
88298 -3.55 -5.84 1.11 -80.00 9.00 193.00 357.00 -50.00 -938.00 0
88307 -2.78 -5.98 1.46 -84.00 4.00 182.00 357.00 -50.00 -938.00 0
88316 -2.30 -5.43 1.74 -76.00 5.00 187.00 357.00 -50.00 -938.00 0
88326 -2.09 -5.36 1.74 -70.00 3.00 177.00 357.00 -50.00 -938.00 0
88335 -1.95 -5.15 1.60 -64.00 -1.00 174.00 357.00 -50.00 -938.00 0
88344 -1.81 -4.52 1.67 -63.00 0.00 161.00 357.00 -50.00 -938.00 0
88353 -0.83 -0.97 2.23 -62.00 -4.00 164.00 357.00 -50.00 -938.00 0
88361 0.07 1.25 2.71 -62.00 3.00 161.00 357.00 -50.00 -938.00 0
88371 1.46 3.13 3.34 -50.00 12.00 158.00 357.00 -50.00 -938.00 0
88380 3.20 4.17 4.31 -42.00 17.00 150.00 363.00 -59.00 -1068.00 0
88389 4.59 4.73 5.91 -36.00 20.00 140.00 363.00 -59.00 -1068.00 0
88398 5.50 5.29 8.14 -44.00 10.00 129.00 363.00 -59.00 -1068.00 0
88408 5.63 6.40 10.85 -45.00 2.00 135.00 363.00 -59.00 -1068.00 0
88417 3.34 9.18 15.17 -60.00 -19.00 119.00 363.00 -59.00 -1068.00 0
88426 1.32 10.71 15.44 -61.00 -53.00 126.00 363.00 -59.00 -1068.00 0
88435 -0.35 13.36 13.08 -69.00 -106.00 123.00 363.00 -59.00 -1068.00 0
88444 -0.77 17.81 8.56 -87.00 -128.00 119.00 363.00 -59.00 -1068.00 0
88454 0.83 24.83 0.90 -98.00 -102.00 115.00 363.00 -59.00 -1068.00 1
88465 20.87 39.44 -18.92 -239.00 -37.00 106.00 363.00 -59.00 -1068.00 1
88475 35.34 46.82 -30.75 -341.00 26.00 256.00 363.00 -59.00 -1068.00 1
88486 52.59 57.74 -48.00 -397.00 65.00 565.00 363.00 -59.00 -1068.00 1
88497 79.58 85.63 -76.31 -486.00 129.00 615.00 363.00 -59.00 -1068.00 1
88508 77.98 92.87 -83.06 -431.00 174.00 535.00 414.00 -79.00 -1211.00 1
88519 62.54 67.27 -60.03 -263.00 136.00 360.00 414.00 -79.00 -1211.00 1
88530 48.70 37.70 -37.50 -158.00 89.00 203.00 414.00 -79.00 -1211.00 1
88541 33.81 8.07 -12.66 -91.00 -2.00 103.00 414.00 -79.00 -1211.00 1
88552 4.59 -31.79 29.15 -103.00 -34.00 121.00 414.00 -79.00 -1211.00 1
88561 -4.10 -40.49 41.60 -104.00 -18.00 134.00 414.00 -79.00 -1211.00 0
88571 -10.57 -45.22 46.33 -93.00 -5.00 138.00 386.00 -91.00 -1070.00 0
88581 -16.14 -48.49 44.87 -94.00 0.00 157.00 386.00 -91.00 -1070.00 0
88590 -20.24 -50.71 34.71 -97.00 16.00 171.00 386.00 -91.00 -1070.00 0
88599 -26.23 -50.09 28.03 -81.00 12.00 191.00 386.00 -91.00 -1070.00 0
88608 -30.68 -46.89 21.15 -88.00 5.00 177.00 386.00 -91.00 -1070.00 0
88617 -34.92 -41.32 16.00 -78.00 0.00 180.00 386.00 -91.00 -1070.00 0
88627 -37.43 -35.76 13.15 -78.00 -11.00 170.00 386.00 -91.00 -1070.00 0
88636 -38.05 -31.23 11.83 -87.00 -11.00 175.00 370.00 -74.00 -1133.00 0
88645 -32.90 -21.98 10.85 -88.00 -33.00 174.00 370.00 -74.00 -1133.00 0
88654 -29.57 -16.21 9.95 -92.00 -20.00 193.00 370.00 -74.00 -1133.00 0
88665 -23.58 -10.02 9.74 -106.00 -13.00 190.00 370.00 -74.00 -1133.00 0
88674 -18.02 -2.99 8.77 -111.00 -8.00 195.00 370.00 -74.00 -1133.00 0
88683 -13.22 4.10 6.89 -117.00 0.00 197.00 370.00 -74.00 -1133.00 0
88692 -8.14 10.43 5.43 -114.00 5.00 201.00 370.00 -74.00 -1133.00 0
88701 0.56 19.06 1.67 -125.00 12.00 208.00 370.00 -74.00 -1133.00 0
88711 3.27 22.54 -0.63 -125.00 23.00 211.00 370.00 -74.00 -1133.00 0
88720 5.63 24.63 -2.57 -127.00 32.00 212.00 370.00 -74.00 -1133.00 0
88729 7.79 25.18 -3.62 -123.00 41.00 203.00 370.00 -74.00 -1133.00 0
88738 8.97 24.56 -4.17 -128.00 27.00 206.00 370.00 -74.00 -1133.00 0
88748 8.77 23.30 -4.59 -127.00 34.00 209.00 370.00 -74.00 -1133.00 0
88757 7.93 17.53 -4.59 -122.00 34.00 198.00 370.00 -74.00 -1133.00 0
88766 6.47 14.61 -4.73 -120.00 38.00 201.00 370.00 -74.00 -1133.00 0
88775 4.87 12.24 -4.52 -122.00 44.00 197.00 370.00 -74.00 -1133.00 0
88784 2.99 10.09 -4.31 -118.00 30.00 194.00 370.00 -74.00 -1133.00 0
88794 0.42 7.79 -4.17 -114.00 24.00 195.00 370.00 -74.00 -1133.00 0
88803 -1.81 5.63 -3.13 -116.00 21.00 191.00 370.00 -74.00 -1133.00 0
88812 -4.94 3.48 -2.64 -113.00 20.00 191.00 370.00 -74.00 -1133.00 0
88821 -5.43 3.83 -2.16 -122.00 26.00 193.00 370.00 -74.00 -1133.00 0
88830 -5.57 4.94 -1.81 -117.00 23.00 197.00 370.00 -74.00 -1133.00 0
88840 -5.98 5.77 -1.95 -120.00 21.00 197.00 370.00 -74.00 -1133.00 0
88849 -6.75 6.82 -2.30 -127.00 19.00 205.00 370.00 -74.00 -1133.00 0
88858 -7.65 9.67 -2.43 -136.00 20.00 210.00 370.00 -74.00 -1133.00 0
88867 -9.11 10.23 -2.37 -142.00 19.00 215.00 370.00 -74.00 -1133.00 0
88877 -9.81 9.39 -2.09 -140.00 17.00 208.00 370.00 -74.00 -1133.00 0
88886 -10.09 7.30 -1.60 -133.00 17.00 203.00 370.00 -74.00 -1133.00 0
88896 -10.16 4.66 -0.90 -123.00 16.00 205.00 370.00 -74.00 -1133.00 0
88905 -9.95 2.16 -0.28 -131.00 13.00 196.00 370.00 -74.00 -1133.00 0
88914 -9.46 -0.35 1.25 -135.00 16.00 201.00 370.00 -74.00 -1133.00 0
88924 -8.28 -1.46 1.46 -129.00 20.00 207.00 370.00 -74.00 -1133.00 0
88933 -8.56 -2.09 1.39 -133.00 22.00 199.00 370.00 -74.00 -1133.00 0
88942 -9.18 -2.23 1.11 -126.00 15.00 201.00 370.00 -74.00 -1133.00 0
88951 -10.02 -2.71 0.90 -125.00 4.00 195.00 370.00 -74.00 -1133.00 0
88961 -10.85 -3.41 0.70 -122.00 1.00 197.00 370.00 -74.00 -1133.00 0
88970 -10.99 -3.34 0.21 -121.00 2.00 195.00 370.00 -74.00 -1133.00 0
88979 -10.16 -2.37 0.07 -121.00 9.00 192.00 370.00 -74.00 -1133.00 0
88988 -9.25 -1.25 -0.21 -124.00 14.00 194.00 370.00 -74.00 -1133.00 0
88997 -8.70 -0.14 -0.42 -123.00 9.00 195.00 370.00 -74.00 -1133.00 0
89007 -8.42 1.11 -0.49 -130.00 10.00 194.00 370.00 -74.00 -1133.00 0
89016 -8.35 2.57 -0.49 -139.00 9.00 210.00 370.00 -74.00 -1133.00 0
89025 -8.56 3.34 -0.70 -142.00 9.00 218.00 370.00 -74.00 -1133.00 0
89034 -8.97 1.88 -0.56 -133.00 8.00 212.00 398.00 -75.00 -968.00 0
89042 -9.11 -0.28 -0.21 -118.00 6.00 201.00 398.00 -75.00 -968.00 0
89052 -8.97 -2.43 0.21 -112.00 1.00 194.00 398.00 -75.00 -968.00 0
89061 -8.83 -3.69 0.28 -117.00 6.00 192.00 398.00 -75.00 -968.00 0
89070 -8.56 -4.03 -0.07 -114.00 6.00 194.00 398.00 -75.00 -968.00 0
89079 -8.07 -3.62 -0.35 -119.00 9.00 197.00 398.00 -75.00 -968.00 0
89089 -7.17 -1.32 -0.83 -123.00 3.00 201.00 398.00 -75.00 -968.00 0
89098 -6.89 -0.28 -1.11 -124.00 11.00 206.00 393.00 -77.00 -1200.00 0
89107 -6.19 0.56 -1.18 -128.00 14.00 206.00 393.00 -77.00 -1200.00 0
89116 -5.63 0.90 -1.25 -126.00 7.00 206.00 393.00 -77.00 -1200.00 0
89125 -5.50 1.25 -1.18 -126.00 8.00 204.00 393.00 -77.00 -1200.00 0
89135 -5.22 1.53 -0.90 -125.00 10.00 204.00 393.00 -77.00 -1200.00 0
89144 -4.66 1.32 -0.97 -125.00 7.00 198.00 393.00 -77.00 -1200.00 0
89153 -4.31 1.32 -1.25 -123.00 12.00 196.00 393.00 -77.00 -1200.00 0
89162 -3.90 1.46 -1.46 -121.00 13.00 200.00 397.00 -77.00 -1055.00 0
89171 -3.76 1.81 -1.81 -124.00 19.00 203.00 397.00 -77.00 -1055.00 0
89181 -3.55 1.95 -1.95 -124.00 12.00 201.00 397.00 -77.00 -1055.00 0
89190 -3.48 1.81 -1.95 -121.00 15.00 198.00 397.00 -77.00 -1055.00 0
89199 -3.20 1.95 -1.53 -121.00 16.00 194.00 397.00 -77.00 -1055.00 0
89208 -3.06 2.50 -1.18 -127.00 19.00 205.00 397.00 -77.00 -1055.00 0
89218 -3.13 2.78 -1.11 -129.00 19.00 209.00 397.00 -77.00 -1055.00 0
89227 -3.41 2.64 -1.18 -134.00 17.00 216.00 399.00 -81.00 -1167.00 0
89236 -3.97 1.88 -1.18 -130.00 15.00 202.00 399.00 -81.00 -1167.00 0
89245 -4.80 0.42 -1.18 -125.00 14.00 201.00 399.00 -81.00 -1167.00 0
89254 -5.91 -3.06 -0.77 -121.00 13.00 198.00 399.00 -81.00 -1167.00 0
89264 -6.33 -3.97 -0.77 -122.00 11.00 201.00 399.00 -81.00 -1167.00 0
89273 -6.47 -4.10 -0.77 -125.00 13.00 203.00 399.00 -81.00 -1167.00 0
89282 -6.47 -3.90 -0.77 -122.00 15.00 200.00 399.00 -81.00 -1167.00 0
89291 -6.40 -3.55 -0.70 -122.00 12.00 198.00 399.00 -81.00 -1167.00 0
89300 -6.26 -3.20 -0.70 -121.00 7.00 199.00 399.00 -81.00 -1167.00 0
89310 -5.70 -2.09 -0.63 -124.00 14.00 197.00 399.00 -81.00 -1167.00 0
89319 -5.08 -1.32 -0.63 -119.00 11.00 197.00 399.00 -81.00 -1167.00 0
89328 -4.45 -0.63 -0.70 -115.00 13.00 193.00 399.00 -81.00 -1167.00 0
89337 -4.03 0.14 -0.90 -116.00 14.00 195.00 399.00 -81.00 -1167.00 0
89347 -3.62 1.11 -0.97 -113.00 19.00 192.00 399.00 -81.00 -1167.00 0
89356 -3.34 2.16 -0.97 -112.00 15.00 194.00 399.00 -81.00 -1167.00 0
89365 -3.48 4.10 -1.18 -116.00 11.00 194.00 399.00 -81.00 -1167.00 0
89374 -3.90 4.87 -1.18 -117.00 13.00 196.00 399.00 -81.00 -1167.00 0
89383 -3.90 5.15 -1.18 -115.00 9.00 196.00 399.00 -81.00 -1167.00 0
89393 -3.90 5.36 -1.39 -116.00 11.00 196.00 399.00 -81.00 -1167.00 0
89402 -3.62 5.50 -1.53 -117.00 14.00 193.00 399.00 -81.00 -1167.00 0
89411 -3.41 5.36 -1.60 -123.00 11.00 194.00 399.00 -81.00 -1167.00 0
89420 -3.27 5.57 -1.81 -119.00 14.00 190.00 399.00 -81.00 -1167.00 0
89430 -2.92 5.36 -1.95 -115.00 8.00 196.00 399.00 -81.00 -1167.00 0
89439 -2.78 4.80 -2.30 -117.00 11.00 192.00 399.00 -81.00 -1167.00 0
89448 -2.43 4.73 -2.85 -116.00 9.00 192.00 399.00 -81.00 -1167.00 0
89457 -2.02 4.52 -3.27 -116.00 10.00 188.00 399.00 -81.00 -1167.00 0
89466 -1.53 4.38 -3.76 -111.00 11.00 185.00 399.00 -81.00 -1167.00 0
89476 -0.83 4.45 -4.73 -108.00 10.00 183.00 399.00 -81.00 -1167.00 0
89485 -0.49 4.59 -4.80 -110.00 8.00 183.00 399.00 -81.00 -1167.00 0
89494 -0.21 4.80 -4.73 -117.00 9.00 187.00 399.00 -81.00 -1167.00 0
89503 0.14 4.45 -4.52 -107.00 9.00 184.00 399.00 -81.00 -1167.00 0
89512 0.35 3.69 -4.03 -98.00 4.00 169.00 399.00 -81.00 -1167.00 0
89522 0.35 2.92 -3.27 -93.00 -3.00 164.00 399.00 -81.00 -1167.00 0
89531 0.07 2.64 -2.02 -76.00 -14.00 166.00 399.00 -81.00 -1167.00 0
89540 0.14 3.13 -1.46 -72.00 -23.00 157.00 399.00 -81.00 -1167.00 0
89549 0.35 3.34 -1.32 -63.00 -23.00 148.00 399.00 -81.00 -1167.00 0
89559 0.56 2.78 -1.74 -54.00 -5.00 129.00 403.00 -78.00 -1162.00 0
89568 1.67 2.09 -2.09 -49.00 23.00 124.00 403.00 -78.00 -1162.00 0
89577 4.45 1.25 -1.95 -41.00 0.00 100.00 403.00 -78.00 -1162.00 0
89586 4.80 -0.56 -2.43 -48.00 -31.00 77.00 403.00 -78.00 -1162.00 0
89595 3.62 1.11 -4.45 -47.00 -50.00 62.00 403.00 -78.00 -1162.00 1
89606 7.03 3.90 -6.54 -194.00 -17.00 0.00 403.00 -78.00 -1162.00 1
89616 12.80 8.90 -10.30 -377.00 17.00 233.00 403.00 -78.00 -1162.00 1
89627 25.04 35.69 -33.81 -439.00 -12.00 505.00 403.00 -78.00 -1162.00 1
89637 29.08 50.78 -49.39 -445.00 89.00 601.00 403.00 -78.00 -1162.00 1
89649 32.70 58.50 -59.20 -390.00 116.00 548.00 403.00 -78.00 -1162.00 1
89660 30.05 49.25 -50.92 -270.00 112.00 346.00 403.00 -78.00 -1162.00 1
89671 26.16 29.77 -33.67 -199.00 105.00 211.00 403.00 -78.00 -1162.00 1
89681 17.04 -24.97 8.70 -131.00 52.00 172.00 403.00 -78.00 -1162.00 1
89693 8.90 -49.46 24.97 -121.00 4.00 141.00 403.00 -78.00 -1162.00 1
89703 1.67 -66.71 38.82 -119.00 -1.00 141.00 403.00 -78.00 -1162.00 0
89712 -4.38 -79.23 51.76 -108.00 -27.00 120.00 403.00 -78.00 -1162.00 0
89721 -16.35 -76.24 51.13 -121.00 -9.00 146.00 403.00 -78.00 -1162.00 0
89732 -18.02 -69.43 48.28 -126.00 25.00 194.00 403.00 -78.00 -1162.00 0
89741 -18.50 -61.98 42.30 -125.00 31.00 202.00 403.00 -78.00 -1162.00 0
89750 -21.29 -53.91 34.37 -114.00 25.00 201.00 403.00 -78.00 -1162.00 0
89759 -25.18 -45.50 27.41 -104.00 8.00 198.00 403.00 -78.00 -1162.00 0
89768 -32.70 -30.82 19.83 -97.00 -12.00 179.00 403.00 -78.00 -1162.00 0
89778 -35.06 -25.39 17.95 -80.00 -15.00 174.00 403.00 -78.00 -1162.00 0
89787 -35.34 -21.91 16.07 -64.00 -27.00 168.00 403.00 -78.00 -1162.00 0
89797 -34.09 -19.48 13.43 -54.00 -23.00 161.00 403.00 -78.00 -1162.00 0
89806 -30.61 -18.09 11.48 -56.00 -16.00 147.00 403.00 -78.00 -1162.00 0
89816 -17.95 -13.70 9.74 -57.00 -4.00 144.00 403.00 -78.00 -1162.00 0
89825 -10.23 -10.23 9.46 -65.00 6.00 162.00 403.00 -78.00 -1162.00 0
89834 -1.81 -5.91 9.81 -88.00 22.00 178.00 403.00 -78.00 -1162.00 0
89843 6.26 -0.97 10.16 -105.00 38.00 204.00 403.00 -78.00 -1162.00 0
89852 12.87 3.62 9.88 -121.00 52.00 213.00 403.00 -78.00 -1162.00 0
89862 17.18 7.10 9.18 -118.00 56.00 222.00 403.00 -78.00 -1162.00 0
89871 18.30 7.93 8.14 -114.00 44.00 218.00 403.00 -78.00 -1162.00 0
89880 15.58 6.33 7.51 -118.00 38.00 202.00 403.00 -78.00 -1162.00 0
89889 11.97 5.77 6.40 -118.00 36.00 198.00 403.00 -78.00 -1162.00 0
89899 8.35 4.80 4.80 -116.00 34.00 196.00 403.00 -78.00 -1162.00 0
89908 4.94 3.83 2.85 -111.00 34.00 194.00 403.00 -78.00 -1162.00 0
89917 1.04 3.48 0.56 -108.00 43.00 199.00 403.00 -78.00 -1162.00 0
89926 -5.63 5.57 -2.43 -120.00 32.00 193.00 403.00 -78.00 -1162.00 0
89935 -8.97 7.37 -3.41 -117.00 26.00 202.00 403.00 -78.00 -1162.00 0
89945 -11.20 8.90 -3.90 -127.00 18.00 207.00 403.00 -78.00 -1162.00 0
89954 -12.73 10.71 -4.24 -135.00 17.00 211.00 403.00 -78.00 -1162.00 0
89963 -13.22 11.62 -4.31 -137.00 24.00 220.00 403.00 -78.00 -1162.00 0
89972 -12.31 10.85 -4.10 -131.00 22.00 214.00 403.00 -78.00 -1162.00 0
89981 -9.46 6.68 -2.85 -124.00 24.00 206.00 403.00 -78.00 -1162.00 0
89991 -8.21 4.31 -2.09 -117.00 20.00 200.00 403.00 -78.00 -1162.00 0
90000 -7.37 2.57 -1.60 -112.00 24.00 197.00 403.00 -78.00 -1162.00 0
90009 -6.96 1.74 -1.53 -113.00 25.00 197.00 403.00 -78.00 -1162.00 0
90018 -6.68 1.81 -1.67 -116.00 24.00 200.00 403.00 -78.00 -1162.00 0
90028 -6.47 2.16 -1.88 -117.00 22.00 203.00 403.00 -78.00 -1162.00 0
90037 -6.82 3.13 -2.85 -120.00 23.00 200.00 403.00 -78.00 -1162.00 0
90047 -7.37 3.76 -3.48 -117.00 22.00 204.00 403.00 -78.00 -1162.00 0
90056 -7.58 4.45 -3.90 -118.00 24.00 198.00 403.00 -78.00 -1162.00 0
90065 -7.79 4.87 -4.24 -115.00 21.00 203.00 403.00 -78.00 -1162.00 0
90075 -7.93 5.15 -4.52 -111.00 18.00 195.00 403.00 -78.00 -1162.00 0
90084 -8.35 5.57 -4.66 -118.00 20.00 197.00 394.00 -93.00 -1146.00 0
90093 -8.49 7.23 -4.24 -122.00 17.00 206.00 394.00 -93.00 -1146.00 0
90102 -8.56 8.14 -3.97 -123.00 15.00 200.00 394.00 -93.00 -1146.00 0
90112 -8.77 8.90 -3.83 -125.00 13.00 201.00 394.00 -93.00 -1146.00 0
90121 -8.49 9.67 -3.69 -123.00 20.00 201.00 394.00 -93.00 -1146.00 0
90130 -7.86 10.23 -3.62 -128.00 19.00 204.00 394.00 -93.00 -1146.00 0
90139 -7.37 10.57 -3.83 -127.00 17.00 207.00 394.00 -93.00 -1146.00 0
90148 -7.30 10.64 -4.80 -130.00 22.00 210.00 398.00 -91.00 -1176.00 0
90158 -7.23 10.02 -5.01 -136.00 18.00 220.00 398.00 -91.00 -1176.00 0
90167 -7.58 8.90 -5.22 -130.00 19.00 216.00 398.00 -91.00 -1176.00 0
90176 -8.07 7.30 -5.15 -123.00 18.00 203.00 398.00 -91.00 -1176.00 0
90185 -8.35 5.22 -4.80 -118.00 13.00 200.00 398.00 -91.00 -1176.00 0
90194 -8.56 3.06 -3.76 -117.00 10.00 204.00 398.00 -91.00 -1176.00 0
90204 -8.42 0.77 -3.48 -117.00 17.00 200.00 398.00 -91.00 -1176.00 0
90213 -8.07 0.49 -3.34 -121.00 14.00 202.00 397.00 -86.00 -1257.00 0
90222 -7.72 0.90 -3.27 -123.00 16.00 204.00 397.00 -86.00 -1257.00 0
90231 -7.37 1.67 -3.27 -126.00 16.00 203.00 397.00 -86.00 -1257.00 0
90241 -7.03 2.30 -3.20 -131.00 17.00 214.00 397.00 -86.00 -1257.00 0
90250 -6.96 2.64 -3.41 -131.00 20.00 217.00 397.00 -86.00 -1257.00 0
90259 -6.96 1.18 -3.20 -123.00 15.00 207.00 397.00 -86.00 -1257.00 0
90268 -7.30 -0.28 -2.85 -120.00 14.00 199.00 397.00 -86.00 -1257.00 0
90277 -7.58 -1.74 -2.50 -116.00 10.00 198.00 395.00 -86.00 -1186.00 0
90287 -7.51 -2.71 -2.30 -114.00 14.00 197.00 395.00 -86.00 -1186.00 0
90296 -7.17 -3.13 -2.37 -115.00 14.00 198.00 395.00 -86.00 -1186.00 0
90305 -6.61 -2.99 -2.57 -118.00 19.00 196.00 395.00 -86.00 -1186.00 0
90314 -5.91 -1.81 -2.64 -124.00 12.00 201.00 395.00 -86.00 -1186.00 0
90323 -5.77 -1.25 -2.64 -128.00 14.00 202.00 395.00 -86.00 -1186.00 0
90333 -5.43 -1.11 -2.50 -124.00 15.00 200.00 395.00 -86.00 -1186.00 0
90342 -4.87 -1.32 -2.16 -120.00 19.00 193.00 395.00 -86.00 -1186.00 0
90351 -4.31 -1.74 -1.81 -116.00 22.00 194.00 395.00 -86.00 -1186.00 0
90360 -3.76 -2.02 -1.11 -112.00 25.00 192.00 395.00 -86.00 -1186.00 0
90370 -3.27 -1.74 -0.90 -107.00 25.00 191.00 395.00 -86.00 -1186.00 0
90379 -3.55 -1.11 -0.83 -110.00 24.00 192.00 395.00 -86.00 -1186.00 0
90388 -4.03 -0.07 -0.90 -122.00 22.00 193.00 395.00 -86.00 -1186.00 0
90397 -4.80 1.18 -1.04 -123.00 16.00 201.00 395.00 -86.00 -1186.00 0
90406 -5.63 2.37 -1.39 -129.00 14.00 200.00 395.00 -86.00 -1186.00 0
90416 -6.33 3.97 -1.67 -128.00 15.00 201.00 395.00 -86.00 -1186.00 0
90425 -6.47 3.48 -1.74 -127.00 14.00 199.00 395.00 -86.00 -1186.00 0
90434 -6.33 3.13 -1.74 -124.00 12.00 198.00 395.00 -86.00 -1186.00 0
90443 -5.98 2.78 -1.67 -126.00 8.00 195.00 395.00 -86.00 -1186.00 0
90452 -5.50 2.30 -1.60 -120.00 12.00 193.00 395.00 -86.00 -1186.00 0
90462 -4.66 1.88 -1.74 -116.00 19.00 193.00 395.00 -86.00 -1186.00 0
90471 -3.69 1.67 -2.02 -115.00 14.00 194.00 395.00 -86.00 -1186.00 0
90480 -3.13 2.02 -2.16 -118.00 15.00 193.00 396.00 -85.00 -1082.00 0
90489 -3.06 2.64 -2.30 -119.00 11.00 193.00 396.00 -85.00 -1082.00 0
90499 -3.20 3.20 -2.50 -120.00 9.00 195.00 396.00 -85.00 -1082.00 0
90508 -3.27 3.62 -2.85 -125.00 7.00 196.00 396.00 -85.00 -1082.00 0
90517 -3.27 3.90 -3.41 -125.00 9.00 199.00 396.00 -85.00 -1082.00 0
90526 -3.06 4.03 -4.31 -125.00 6.00 195.00 396.00 -85.00 -1082.00 0
90535 -2.37 3.97 -5.01 -117.00 5.00 188.00 396.00 -85.00 -1082.00 0
90545 -2.16 3.90 -5.77 -118.00 5.00 193.00 396.00 -85.00 -1082.00 0
90554 -1.74 4.24 -6.33 -114.00 8.00 190.00 396.00 -85.00 -1082.00 0
90563 -1.11 4.94 -7.03 -109.00 8.00 185.00 396.00 -85.00 -1082.00 0
90572 -0.49 5.63 -7.79 -113.00 14.00 181.00 396.00 -85.00 -1082.00 0
90582 0.21 6.47 -8.83 -114.00 14.00 178.00 396.00 -85.00 -1082.00 0
90591 0.90 8.42 -9.46 -114.00 13.00 184.00 396.00 -85.00 -1082.00 0
90600 0.83 9.60 -10.09 -120.00 13.00 191.00 396.00 -85.00 -1082.00 0
90609 0.42 10.43 -10.92 -119.00 17.00 198.00 396.00 -85.00 -1082.00 0
90618 -0.28 10.64 -11.62 -114.00 21.00 190.00 396.00 -85.00 -1082.00 0
90628 -1.11 10.71 -11.90 -112.00 10.00 187.00 396.00 -85.00 -1082.00 0
90638 -5.15 9.60 -11.90 -113.00 4.00 183.00 396.00 -85.00 -1082.00 0
90647 -6.89 9.32 -11.41 -110.00 14.00 189.00 396.00 -85.00 -1082.00 0
90656 -7.44 8.21 -10.09 -86.00 20.00 192.00 396.00 -85.00 -1082.00 0
90665 -8.07 5.70 -7.44 -72.00 -5.00 172.00 396.00 -85.00 -1082.00 0
90675 -9.67 2.23 -3.76 -51.00 -25.00 150.00 406.00 -78.00 -1026.00 0
90684 -10.85 -2.16 0.49 -42.00 -63.00 115.00 406.00 -78.00 -1026.00 0
90693 -9.46 -9.88 8.14 -47.00 -78.00 102.00 406.00 -78.00 -1026.00 0
90702 -3.48 -10.43 10.43 -65.00 -77.00 90.00 406.00 -78.00 -1026.00 0
90712 6.96 -9.53 11.20 -86.00 -33.00 86.00 406.00 -78.00 -1026.00 1
90722 21.36 -8.49 10.09 -234.00 20.00 78.00 406.00 -78.00 -1026.00 1
90732 34.92 -0.14 -6.05 -295.00 116.00 236.00 406.00 -78.00 -1026.00 1
90742 64.70 9.67 -14.89 -360.00 133.00 473.00 406.00 -78.00 -1026.00 1
90754 74.09 22.19 -21.15 -345.00 169.00 490.00 406.00 -78.00 -1026.00 1
90764 60.66 34.57 -24.00 -295.00 172.00 445.00 406.00 -78.00 -1026.00 1
90775 41.88 31.44 -18.78 -248.00 74.00 299.00 406.00 -78.00 -1026.00 1
90786 21.36 23.51 -8.83 -212.00 59.00 237.00 406.00 -78.00 -1026.00 1
90797 0.97 -13.08 19.41 -258.00 33.00 273.00 406.00 -78.00 -1026.00 1
90807 -4.31 -39.79 29.01 -205.00 19.00 231.00 394.00 -116.00 -1217.00 1
90818 -8.83 -71.65 34.37 -126.00 58.00 161.00 394.00 -116.00 -1217.00 0
90827 -17.18 -121.25 40.07 -62.00 59.00 108.00 394.00 -116.00 -1217.00 0
90836 -27.20 -130.02 38.89 -47.00 28.00 107.00 394.00 -116.00 -1217.00 0
90846 -37.08 -128.49 37.63 -95.00 2.00 176.00 394.00 -116.00 -1217.00 0
90855 -44.38 -119.23 36.03 -92.00 -7.00 217.00 394.00 -116.00 -1217.00 0
90865 -49.60 -107.76 34.02 -83.00 -20.00 193.00 394.00 -116.00 -1217.00 0
90874 -52.52 -95.58 30.40 -60.00 -35.00 170.00 330.00 -98.00 -1215.00 0
90884 -50.30 -78.40 28.87 -55.00 -40.00 161.00 330.00 -98.00 -1215.00 0
90893 -43.97 -72.83 27.06 -38.00 -31.00 170.00 330.00 -98.00 -1215.00 0
90902 -35.20 -68.03 24.90 -30.00 -19.00 163.00 330.00 -98.00 -1215.00 0
90911 -25.88 -62.26 22.33 -33.00 -15.00 165.00 330.00 -98.00 -1215.00 0
90920 -16.83 -53.70 19.76 -66.00 0.00 174.00 330.00 -98.00 -1215.00 0
90930 0.63 -32.42 15.86 -63.00 21.00 195.00 330.00 -98.00 -1215.00 0
90939 9.32 -23.51 14.40 -74.00 31.00 207.00 330.00 -98.00 -1215.00 0
90949 15.79 -14.89 12.59 -77.00 46.00 225.00 330.00 -98.00 -1215.00 0
90958 20.24 -8.21 10.09 -81.00 50.00 208.00 330.00 -98.00 -1215.00 0
90968 22.68 -3.41 7.51 -81.00 55.00 212.00 330.00 -98.00 -1215.00 0
90977 22.75 -0.49 5.08 -78.00 55.00 207.00 330.00 -98.00 -1215.00 0
90986 17.53 4.10 0.07 -79.00 44.00 212.00 330.00 -98.00 -1215.00 0
90995 13.57 5.98 -1.95 -77.00 44.00 213.00 330.00 -98.00 -1215.00 0
91004 9.95 7.72 -3.55 -79.00 44.00 213.00 330.00 -98.00 -1215.00 0
91014 6.54 9.53 -4.87 -85.00 43.00 216.00 330.00 -98.00 -1215.00 0
91023 3.69 11.48 -5.98 -84.00 45.00 217.00 330.00 -98.00 -1215.00 0
91032 1.46 13.08 -6.75 -83.00 47.00 211.00 330.00 -98.00 -1215.00 0
91041 -2.92 15.72 -8.07 -82.00 39.00 216.00 330.00 -98.00 -1215.00 0
91051 -5.36 17.46 -8.70 -93.00 30.00 222.00 330.00 -98.00 -1215.00 0
91060 -7.30 18.64 -9.11 -91.00 24.00 217.00 330.00 -98.00 -1215.00 0
91069 -8.49 19.13 -9.39 -93.00 24.00 223.00 337.00 -115.00 -1198.00 0
91078 -8.42 19.20 -9.32 -98.00 30.00 216.00 337.00 -115.00 -1198.00 0
91087 -7.03 18.50 -9.11 -93.00 38.00 215.00 337.00 -115.00 -1198.00 0
91097 -2.78 14.89 -8.00 -91.00 42.00 203.00 337.00 -115.00 -1198.00 0
91106 -0.97 13.43 -7.17 -85.00 43.00 206.00 337.00 -115.00 -1198.00 0
91115 0.35 12.10 -6.33 -87.00 45.00 200.00 337.00 -115.00 -1198.00 0
91124 1.18 11.48 -5.57 -86.00 41.00 197.00 337.00 -115.00 -1198.00 0
91133 1.60 11.27 -5.15 -98.00 39.00 197.00 344.00 -121.00 -1251.00 0
91143 1.67 11.27 -5.01 -96.00 45.00 201.00 344.00 -121.00 -1251.00 0
91152 2.09 11.20 -5.70 -90.00 59.00 201.00 344.00 -121.00 -1251.00 0
91161 2.50 10.85 -5.91 -89.00 59.00 200.00 344.00 -121.00 -1251.00 0
91170 1.95 10.85 -5.84 -94.00 52.00 207.00 344.00 -121.00 -1251.00 0
91180 0.56 10.71 -5.50 -100.00 44.00 211.00 344.00 -121.00 -1251.00 0
91189 -0.90 9.95 -4.73 -97.00 41.00 210.00 344.00 -121.00 -1251.00 0
91198 -2.09 8.70 -2.57 -90.00 35.00 204.00 347.00 -121.00 -1132.00 0
91207 -3.69 6.75 -1.67 -91.00 26.00 207.00 347.00 -121.00 -1132.00 0
91216 -4.17 6.47 -1.04 -96.00 25.00 213.00 347.00 -121.00 -1132.00 0
91226 -4.45 6.33 -0.83 -98.00 29.00 210.00 347.00 -121.00 -1132.00 0
91235 -4.38 6.68 -0.70 -99.00 33.00 209.00 347.00 -121.00 -1132.00 0
91244 -4.03 7.44 -0.63 -104.00 31.00 221.00 347.00 -121.00 -1132.00 0
91253 -3.62 8.28 -0.97 -109.00 31.00 223.00 347.00 -121.00 -1132.00 0
91264 -3.20 9.11 -1.18 -105.00 31.00 217.00 352.00 -119.00 -1101.00 0
91273 -3.27 8.97 -1.32 -105.00 32.00 213.00 352.00 -119.00 -1101.00 0
91282 -3.55 8.83 -1.39 -100.00 28.00 208.00 352.00 -119.00 -1101.00 0
91291 -3.83 8.70 -1.60 -96.00 25.00 203.00 352.00 -119.00 -1101.00 0
91300 -3.83 8.90 -1.95 -96.00 38.00 208.00 352.00 -119.00 -1101.00 0
91310 -3.48 10.64 -2.71 -98.00 41.00 206.00 352.00 -119.00 -1101.00 0
91319 -3.55 12.10 -3.06 -103.00 40.00 212.00 352.00 -119.00 -1101.00 0
91328 -4.52 13.50 -3.41 -109.00 38.00 216.00 364.00 -118.00 -1292.00 0
91337 -5.63 14.89 -3.69 -114.00 39.00 226.00 364.00 -118.00 -1292.00 0
91346 -6.96 16.21 -3.76 -135.00 28.00 246.00 364.00 -118.00 -1292.00 0
91356 -8.70 17.18 -3.76 -135.00 27.00 254.00 364.00 -118.00 -1292.00 0
91365 -11.83 13.77 -2.92 -123.00 24.00 234.00 364.00 -118.00 -1292.00 0
91375 -12.45 9.88 -1.81 -107.00 14.00 216.00 364.00 -118.00 -1292.00 0
91384 -12.59 5.98 -0.42 -100.00 7.00 208.00 364.00 -118.00 -1292.00 0
91394 -12.03 3.20 0.83 -104.00 10.00 207.00 367.00 -115.00 -1274.00 0
91403 -10.71 1.60 1.74 -104.00 16.00 209.00 367.00 -115.00 -1274.00 0
91412 -8.90 0.63 2.57 -103.00 24.00 206.00 367.00 -115.00 -1274.00 0
91421 -5.50 0.14 2.71 -104.00 20.00 207.00 367.00 -115.00 -1274.00 0
91430 -4.52 0.35 2.71 -99.00 23.00 198.00 367.00 -115.00 -1274.00 0
91440 -3.55 0.77 2.50 -96.00 31.00 198.00 367.00 -115.00 -1274.00 0
91449 -2.57 1.53 2.02 -93.00 31.00 197.00 367.00 -115.00 -1274.00 0
91458 -2.23 2.78 1.32 -105.00 32.00 206.00 367.00 -116.00 -1133.00 0
91467 -2.57 6.05 -0.14 -111.00 32.00 212.00 370.00 -116.00 -1133.00 0
91476 -3.69 6.89 -0.70 -118.00 37.00 211.00 370.00 -116.00 -1133.00 0
91486 -4.45 6.89 -1.04 -116.00 36.00 213.00 370.00 -116.00 -1133.00 0
91495 -5.08 6.19 -1.11 -120.00 33.00 213.00 370.00 -116.00 -1133.00 0
91504 -5.84 5.08 -0.83 -117.00 27.00 211.00 370.00 -116.00 -1133.00 0
91513 -6.47 3.62 -0.42 -110.00 29.00 206.00 370.00 -116.00 -1133.00 0
91523 -6.61 1.32 0.21 -106.00 30.00 198.00 370.00 -116.00 -1133.00 0
91533 -6.33 0.77 0.49 -105.00 24.00 206.00 370.00 -116.00 -1133.00 0
91542 -6.05 0.56 0.77 -106.00 29.00 198.00 370.00 -116.00 -1133.00 0
91551 -5.70 0.49 0.83 -102.00 33.00 201.00 370.00 -116.00 -1133.00 0
91560 -5.29 0.56 0.83 -107.00 31.00 200.00 370.00 -116.00 -1133.00 0
91570 -5.22 0.97 0.70 -110.00 30.00 209.00 370.00 -116.00 -1133.00 0
91579 -5.98 2.37 0.42 -122.00 31.00 213.00 370.00 -116.00 -1133.00 0
91588 -6.26 2.37 0.28 -123.00 27.00 221.00 370.00 -116.00 -1133.00 0
91597 -6.54 1.39 0.35 -109.00 23.00 207.00 370.00 -116.00 -1133.00 0
91607 -6.68 -0.14 0.49 -102.00 20.00 199.00 370.00 -116.00 -1133.00 0
91616 -6.54 -1.67 0.77 -98.00 22.00 197.00 370.00 -116.00 -1133.00 0
91625 -6.19 -2.57 0.97 -100.00 23.00 199.00 370.00 -116.00 -1133.00 0
91634 -5.43 -2.64 0.42 -101.00 25.00 196.00 370.00 -116.00 -1133.00 0
91643 -4.87 -1.81 0.00 -106.00 24.00 204.00 370.00 -116.00 -1133.00 0
91653 -4.24 -0.90 -0.35 -110.00 24.00 205.00 370.00 -116.00 -1133.00 0
91662 -3.69 -0.21 -0.63 -106.00 31.00 199.00 371.00 -116.00 -1172.00 0
91671 -2.99 0.28 -0.97 -109.00 38.00 206.00 371.00 -116.00 -1172.00 0
91680 -1.95 0.49 -1.32 -107.00 37.00 205.00 371.00 -116.00 -1172.00 0
91689 -1.25 0.77 -1.46 -108.00 34.00 201.00 371.00 -116.00 -1172.00 0
91699 -1.39 0.83 -1.39 -104.00 37.00 203.00 371.00 -116.00 -1172.00 0
91709 -1.74 1.11 -1.25 -104.00 35.00 203.00 371.00 -116.00 -1172.00 0
91718 -2.43 1.60 -1.25 -116.00 31.00 209.00 371.00 -116.00 -1172.00 0
91727 -3.13 1.95 -1.32 -121.00 28.00 221.00 371.00 -116.00 -1172.00 0
91737 -4.17 0.97 -0.63 -112.00 31.00 219.00 371.00 -116.00 -1172.00 0
91746 -4.24 -0.42 -0.35 -100.00 30.00 213.00 371.00 -116.00 -1172.00 0
91755 -4.24 -1.67 -0.21 -100.00 25.00 200.00 371.00 -116.00 -1172.00 0
91764 -4.17 -2.37 -0.21 -96.00 25.00 197.00 371.00 -116.00 -1172.00 0
91773 -3.97 -2.43 -0.35 -99.00 31.00 209.00 371.00 -116.00 -1172.00 0
91783 -3.48 -2.16 -0.56 -104.00 35.00 207.00 371.00 -116.00 -1172.00 0
91792 -2.71 -0.56 -0.90 -100.00 38.00 205.00 371.00 -116.00 -1172.00 0
91801 -2.71 0.28 -0.90 -101.00 31.00 206.00 371.00 -116.00 -1172.00 0
91810 -3.06 0.90 -0.97 -101.00 31.00 206.00 371.00 -116.00 -1172.00 0
91820 -3.41 1.60 -1.11 -106.00 33.00 207.00 371.00 -116.00 -1172.00 0
91829 -3.69 2.30 -1.25 -112.00 33.00 212.00 371.00 -116.00 -1172.00 0
91838 -3.90 3.13 -1.46 -116.00 33.00 214.00 371.00 -116.00 -1172.00 0
91847 -3.97 4.24 -1.60 -114.00 32.00 216.00 371.00 -116.00 -1172.00 0
91856 -3.76 4.45 -1.39 -118.00 34.00 222.00 371.00 -116.00 -1172.00 0
91867 -3.55 4.52 -1.25 -121.00 36.00 219.00 371.00 -116.00 -1172.00 0
91876 -3.34 4.10 -1.18 -119.00 36.00 217.00 371.00 -116.00 -1172.00 0
91885 -2.85 3.41 -1.11 -115.00 43.00 210.00 371.00 -116.00 -1172.00 0
91894 -2.37 2.50 -0.90 -113.00 40.00 209.00 371.00 -116.00 -1172.00 0
91904 -2.57 1.25 -0.97 -117.00 40.00 214.00 371.00 -116.00 -1172.00 0
91913 -2.99 0.83 -1.04 -117.00 43.00 209.00 371.00 -116.00 -1172.00 0
91922 -3.48 0.56 -1.04 -117.00 39.00 217.00 379.00 -116.00 -1294.00 0
91931 -4.17 0.49 -0.90 -125.00 35.00 218.00 379.00 -116.00 -1294.00 0
91940 -4.87 0.35 -0.77 -120.00 32.00 219.00 379.00 -116.00 -1294.00 0
91950 -5.36 -0.42 -0.21 -115.00 30.00 212.00 379.00 -116.00 -1294.00 0
91959 -5.84 -1.25 0.21 -108.00 29.00 210.00 379.00 -116.00 -1294.00 0
91968 -5.77 -2.09 0.63 -106.00 32.00 206.00 379.00 -116.00 -1294.00 0
91977 -5.63 -2.92 1.04 -101.00 30.00 198.00 379.00 -116.00 -1294.00 0
91986 -5.70 -3.76 1.32 -97.00 27.00 197.00 378.00 -113.00 -1150.00 0
91996 -5.98 -4.17 1.46 -95.00 26.00 195.00 378.00 -113.00 -1150.00 0
92005 -6.47 -3.55 1.46 -95.00 22.00 196.00 378.00 -113.00 -1150.00 0
92014 -6.75 -2.99 1.18 -94.00 26.00 198.00 378.00 -113.00 -1150.00 0
92023 -6.82 -2.37 0.77 -89.00 28.00 198.00 378.00 -113.00 -1150.00 0
92033 -6.82 -1.46 0.42 -89.00 29.00 198.00 378.00 -113.00 -1150.00 0
92043 -6.96 -0.42 0.00 -94.00 27.00 196.00 378.00 -113.00 -1150.00 0
92051 -7.51 0.90 -0.42 -101.00 27.00 206.00 378.00 -114.00 -1147.00 0
92061 -8.63 3.20 -1.32 -112.00 27.00 207.00 378.00 -114.00 -1147.00 0
92070 -9.04 3.90 -1.74 -109.00 23.00 212.00 378.00 -114.00 -1147.00 0
92080 -9.25 3.97 -1.95 -112.00 24.00 205.00 378.00 -114.00 -1147.00 0
92089 -8.83 3.62 -2.09 -109.00 25.00 206.00 378.00 -114.00 -1147.00 0
92098 -7.86 2.71 -2.37 -108.00 35.00 205.00 378.00 -114.00 -1147.00 0
92107 -6.68 2.02 -2.71 -109.00 40.00 204.00 378.00 -114.00 -1147.00 0
92116 -4.94 2.43 -2.85 -114.00 39.00 201.00 380.00 -109.00 -1263.00 0
92126 -4.80 2.92 -2.78 -114.00 32.00 209.00 380.00 -109.00 -1263.00 0
92135 -4.80 3.13 -2.64 -117.00 36.00 210.00 380.00 -109.00 -1263.00 0
92144 -4.66 3.20 -2.57 -116.00 34.00 212.00 380.00 -109.00 -1263.00 0
92153 -4.59 3.13 -2.43 -119.00 32.00 206.00 380.00 -109.00 -1263.00 0
92163 -4.80 3.55 -2.23 -121.00 29.00 211.00 380.00 -109.00 -1263.00 0
92172 -5.36 3.20 -2.37 -117.00 30.00 211.00 380.00 -109.00 -1263.00 0
92181 -5.36 2.37 -2.43 -118.00 28.00 205.00 382.00 -110.00 -1276.00 0
92190 -5.50 1.74 -2.43 -119.00 28.00 203.00 382.00 -110.00 -1276.00 0
92200 -5.57 1.39 -2.43 -115.00 27.00 205.00 382.00 -110.00 -1276.00 0
92210 -5.77 1.25 -2.43 -111.00 30.00 202.00 382.00 -110.00 -1276.00 0
92219 -5.77 1.53 -2.23 -116.00 30.00 201.00 382.00 -110.00 -1276.00 0
92228 -5.70 1.46 -2.16 -115.00 27.00 199.00 382.00 -110.00 -1276.00 0
92237 -5.63 1.74 -2.02 -114.00 28.00 204.00 382.00 -110.00 -1276.00 0
92247 -5.50 2.30 -1.95 -117.00 29.00 209.00 382.00 -109.00 -1210.00 0
92256 -5.63 2.50 -2.02 -116.00 27.00 210.00 382.00 -109.00 -1210.00 0
92265 -5.84 2.43 -2.02 -115.00 27.00 209.00 382.00 -109.00 -1210.00 0
92274 -6.47 2.30 -1.95 -120.00 29.00 211.00 382.00 -109.00 -1210.00 0
92283 -6.82 2.23 -1.88 -119.00 24.00 211.00 382.00 -109.00 -1210.00 0
92293 -7.37 2.16 -1.88 -119.00 23.00 214.00 382.00 -109.00 -1210.00 0
92302 -7.79 2.02 -1.88 -118.00 24.00 210.00 382.00 -109.00 -1210.00 0
92311 -8.00 1.95 -1.74 -118.00 18.00 214.00 382.00 -106.00 -1032.00 0
92320 -8.35 1.88 -1.74 -119.00 18.00 210.00 386.00 -106.00 -1032.00 0
92329 -8.07 1.95 -1.74 -119.00 20.00 214.00 386.00 -106.00 -1032.00 0
92340 -7.72 1.81 -1.81 -123.00 22.00 214.00 386.00 -106.00 -1032.00 0
92349 -7.37 1.46 -1.95 -119.00 26.00 213.00 386.00 -106.00 -1032.00 0
92358 -7.10 0.97 -1.95 -118.00 23.00 214.00 386.00 -106.00 -1032.00 0
92367 -6.68 0.35 -1.88 -115.00 25.00 213.00 386.00 -106.00 -1032.00 0
92377 -6.26 -0.42 -1.60 -111.00 30.00 204.00 386.00 -106.00 -1032.00 0
92386 -5.50 -1.74 -1.39 -109.00 28.00 207.00 386.00 -106.00 -1032.00 0
92395 -5.29 -2.02 -1.11 -112.00 28.00 207.00 386.00 -106.00 -1032.00 0
92404 -5.29 -2.09 -0.97 -117.00 29.00 210.00 386.00 -106.00 -1032.00 0
92413 -5.50 -1.95 -0.97 -112.00 22.00 210.00 386.00 -106.00 -1032.00 0
92423 -5.84 -1.74 -1.04 -113.00 22.00 210.00 386.00 -106.00 -1032.00 0
92432 -6.26 -1.46 -1.11 -111.00 21.00 211.00 386.00 -106.00 -1032.00 0
92441 -6.05 -1.46 -1.04 -111.00 24.00 204.00 386.00 -106.00 -1032.00 0
92450 -5.77 -1.18 -1.04 -109.00 29.00 204.00 386.00 -106.00 -1032.00 0
92460 -5.36 -1.11 -0.90 -110.00 28.00 210.00 386.00 -106.00 -1032.00 0
92469 -5.15 -1.04 -0.83 -115.00 28.00 206.00 386.00 -106.00 -1032.00 0
92479 -5.22 -1.18 -0.83 -109.00 25.00 201.00 386.00 -106.00 -1032.00 0
92488 -5.22 -1.60 -0.77 -111.00 24.00 201.00 386.00 -106.00 -1032.00 0
92497 -5.08 -1.60 -0.63 -107.00 25.00 205.00 386.00 -106.00 -1032.00 0
92507 -4.94 -1.60 -0.56 -109.00 28.00 202.00 386.00 -106.00 -1032.00 0
92516 -4.66 -1.74 -0.56 -106.00 29.00 199.00 386.00 -106.00 -1032.00 0
92525 -4.31 -2.09 -0.49 -105.00 28.00 200.00 386.00 -106.00 -1032.00 0
92534 -3.97 -2.30 -0.35 -105.00 31.00 201.00 386.00 -106.00 -1032.00 0
92544 -3.69 -1.95 -0.35 -107.00 32.00 204.00 386.00 -106.00 -1032.00 0
92553 -3.55 -1.60 -0.56 -113.00 33.00 202.00 386.00 -106.00 -1032.00 0
92562 -3.34 -1.18 -0.70 -110.00 34.00 202.00 386.00 -106.00 -1032.00 0
92571 -3.34 -0.77 -0.70 -110.00 30.00 202.00 386.00 -106.00 -1032.00 0
92580 -3.34 -0.35 -0.70 -110.00 26.00 207.00 386.00 -106.00 -1032.00 0
92590 -3.41 0.42 -0.83 -116.00 28.00 212.00 386.00 -106.00 -1032.00 0
92599 -3.13 0.56 -0.77 -113.00 33.00 205.00 386.00 -106.00 -1032.00 0
92608 -2.78 0.42 -0.63 -109.00 32.00 204.00 386.00 -106.00 -1032.00 0
92618 -2.57 0.14 -0.42 -107.00 28.00 197.00 386.00 -106.00 -1032.00 0
92627 -2.64 0.00 -0.28 -106.00 31.00 200.00 386.00 -106.00 -1032.00 0
92637 -2.71 0.14 -0.21 -113.00 30.00 203.00 386.00 -106.00 -1032.00 0
92646 -2.99 0.83 -0.28 -115.00 35.00 207.00 386.00 -106.00 -1032.00 0
92655 -3.20 0.83 -0.28 -114.00 33.00 204.00 386.00 -106.00 -1032.00 0
92664 -3.55 0.70 -0.07 -113.00 30.00 203.00 386.00 -106.00 -1032.00 0
92674 -4.03 0.49 0.07 -113.00 27.00 202.00 386.00 -106.00 -1032.00 0
92683 -4.45 0.49 0.14 -111.00 26.00 205.00 386.00 -106.00 -1032.00 0
92692 -4.80 0.70 0.07 -113.00 29.00 205.00 386.00 -106.00 -1032.00 0
92701 -5.70 1.53 -0.21 -113.00 24.00 207.00 386.00 -106.00 -1032.00 0
92710 -6.26 2.02 -0.35 -115.00 19.00 209.00 386.00 -106.00 -1032.00 0
92720 -6.68 2.71 -0.56 -120.00 21.00 205.00 386.00 -106.00 -1032.00 0
92729 -6.89 3.27 -0.83 -121.00 23.00 212.00 386.00 -106.00 -1032.00 0