0
990 9.11 4.03 -1.60 -203.00 -39.00 132.00 554.00 34.00 -1016.00 0
999 4.45 -3.20 -3.76 -187.00 -46.00 126.00 554.00 34.00 -1016.00 0
1008 0.49 -10.30 -4.52 -177.00 -46.00 114.00 554.00 34.00 -1016.00 0
1017 -2.50 -17.18 -3.76 -171.00 -44.00 101.00 554.00 34.00 -1016.00 0
1027 -4.52 -23.30 -1.88 -174.00 -41.00 85.00 554.00 34.00 -1016.00 0
1036 -5.84 -30.19 4.10 -176.00 -27.00 86.00 545.00 35.00 -1168.00 0
1045 -5.22 -30.26 7.93 -182.00 -19.00 86.00 545.00 35.00 -1168.00 0
1054 -4.87 -28.31 11.83 -194.00 -25.00 103.00 545.00 35.00 -1168.00 0
1063 -5.15 -24.97 15.72 -202.00 -36.00 105.00 545.00 35.00 -1168.00 0
1073 -5.91 -20.17 19.20 -219.00 -53.00 111.00 545.00 35.00 -1168.00 0
1082 -6.89 -14.68 22.26 -217.00 -59.00 124.00 545.00 35.00 -1168.00 0
1091 -7.44 -5.15 25.18 -207.00 -63.00 134.00 545.00 35.00 -1168.00 0
1100 -6.61 -1.67 25.25 -205.00 -55.00 121.00 545.00 18.00 -1032.00 0
1110 -5.08 0.90 24.70 -198.00 -50.00 120.00 558.00 18.00 -1032.00 0
1119 -3.41 1.81 23.51 -193.00 -39.00 111.00 558.00 18.00 -1032.00 0
1128 -1.67 2.02 21.91 -190.00 -33.00 106.00 558.00 18.00 -1032.00 0
1137 -0.56 1.95 18.71 -195.00 -27.00 106.00 558.00 18.00 -1032.00 0
1146 0.77 3.13 17.39 -193.00 -25.00 109.00 558.00 18.00 -1032.00 0
1156 0.90 4.10 16.56 -200.00 -18.00 105.00 558.00 18.00 -1032.00 0
1165 0.77 5.15 16.07 -207.00 -21.00 113.00 558.00 18.00 -1032.00 0
1174 0.70 5.98 16.21 -208.00 -22.00 115.00 558.00 18.00 -1032.00 0
1183 0.77 6.75 16.97 -209.00 -23.00 115.00 558.00 18.00 -1032.00 0
1192 1.11 7.44 18.57 -212.00 -20.00 114.00 558.00 18.00 -1032.00 0
1202 2.23 8.07 22.89 -208.00 -25.00 123.00 558.00 18.00 -1032.00 0
1211 2.85 7.51 24.63 -200.00 -24.00 113.00 558.00 18.00 -1032.00 0
1220 3.55 6.89 26.09 -196.00 -23.00 114.00 558.00 18.00 -1032.00 0
1229 4.17 6.12 26.99 -195.00 -17.00 109.00 558.00 18.00 -1032.00 0
1239 4.52 5.15 27.27 -191.00 -16.00 101.00 558.00 18.00 -1032.00 0
1248 4.66 4.17 26.71 -193.00 -13.00 100.00 558.00 18.00 -1032.00 0
1257 3.97 2.78 23.86 -192.00 -11.00 103.00 558.00 18.00 -1032.00 0
1266 3.13 2.30 21.91 -203.00 -6.00 101.00 558.00 18.00 -1032.00 0
1275 1.95 2.16 19.97 -206.00 1.00 104.00 558.00 18.00 -1032.00 0
1285 0.56 2.64 18.30 -216.00 -11.00 119.00 558.00 18.00 -1032.00 0
1294 -0.90 3.90 17.32 -224.00 -9.00 121.00 558.00 18.00 -1032.00 0
1303 -2.23 5.57 16.90 -229.00 -14.00 127.00 558.00 18.00 -1032.00 0
1312 -3.48 7.58 17.04 -227.00 -16.00 129.00 558.00 18.00 -1032.00 0
1321 -3.76 7.58 17.18 -222.00 -16.00 123.00 558.00 18.00 -1032.00 0
1331 -3.83 7.03 17.25 -219.00 -13.00 116.00 558.00 18.00 -1032.00 0
1340 -3.90 5.98 16.97 -212.00 -14.00 117.00 558.00 18.00 -1032.00 0
1349 -4.17 4.87 16.42 -210.00 -17.00 108.00 558.00 18.00 -1032.00 0
1358 -4.45 3.83 15.58 -206.00 -22.00 113.00 558.00 18.00 -1032.00 0
1368 -4.73 3.06 13.01 -210.00 -21.00 112.00 558.00 18.00 -1032.00 0
1377 -4.66 2.99 11.20 -212.00 -18.00 112.00 558.00 18.00 -1032.00 0
1386 -4.31 2.99 9.60 -215.00 -15.00 113.00 558.00 18.00 -1032.00 0
1395 -3.97 2.85 8.21 -216.00 -11.00 115.00 558.00 18.00 -1032.00 0
1404 -3.62 2.57 7.03 -216.00 -12.00 113.00 558.00 18.00 -1032.00 0
1414 -3.55 1.95 6.05 -211.00 -15.00 116.00 558.00 18.00 -1032.00 0
1423 -3.76 -0.07 5.22 -208.00 -14.00 110.00 558.00 18.00 -1032.00 0
1432 -3.76 -1.25 5.36 -205.00 -16.00 107.00 589.00 -29.00 -1077.00 0
1441 -3.83 -2.16 5.43 -205.00 -17.00 104.00 589.00 -29.00 -1077.00 0
1451 -3.76 -2.71 5.63 -200.00 -17.00 101.00 589.00 -29.00 -1077.00 0
1460 -3.69 -2.85 5.91 -204.00 -17.00 106.00 589.00 -29.00 -1077.00 0
1469 -3.34 -2.71 6.19 -204.00 -16.00 114.00 589.00 -29.00 -1077.00 0
1478 -2.30 -2.57 6.82 -206.00 -17.00 110.00 589.00 -29.00 -1077.00 0
1487 -1.88 -2.78 7.03 -207.00 -13.00 115.00 589.00 -29.00 -1077.00 0
1497 -1.53 -3.20 7.10 -201.00 -15.00 115.00 592.00 -34.00 -1013.00 0
1506 -1.39 -3.90 7.17 -199.00 -19.00 109.00 592.00 -34.00 -1013.00 0
1515 -1.25 -4.66 7.23 -196.00 -19.00 111.00 592.00 -34.00 -1013.00 0
1524 -0.90 -5.29 7.10 -192.00 -17.00 112.00 592.00 -34.00 -1013.00 0
1533 0.07 -5.50 5.63 -201.00 -10.00 115.00 592.00 -34.00 -1013.00 0
1543 0.70 -5.01 5.01 -210.00 -1.00 119.00 592.00 -34.00 -1013.00 0
1552 1.39 -4.73 4.66 -212.00 0.00 124.00 592.00 -34.00 -1013.00 0
1561 1.60 -5.01 4.24 -213.00 2.00 124.00 592.00 -41.00 -1176.00 0
1569 1.53 -5.57 4.24 -219.00 1.00 130.00 592.00 -41.00 -1176.00 0
1579 1.39 -6.33 4.59 -230.00 1.00 142.00 592.00 -41.00 -1176.00 0
1588 0.97 -7.86 5.84 -241.00 5.00 161.00 592.00 -41.00 -1176.00 0
1597 -0.70 -17.18 6.40 -245.00 1.00 168.00 592.00 -41.00 -1176.00 0
1606 -2.16 -25.04 7.17 -242.00 0.00 160.00 592.00 -41.00 -1176.00 0
1615 -3.41 -34.30 8.00 -226.00 2.00 151.00 592.00 -41.00 -1176.00 0
1625 -4.45 -44.17 9.04 -201.00 3.00 130.00 592.00 -41.00 -1176.00 0
1634 -5.70 -53.36 10.37 -183.00 8.00 114.00 592.00 -41.00 -1176.00 0
1643 -7.30 -60.59 11.90 -164.00 -1.00 105.00 592.00 -41.00 -1176.00 0
1652 -11.20 -67.20 14.12 -158.00 -7.00 100.00 592.00 -41.00 -1176.00 0
1661 -12.94 -65.67 14.54 -160.00 -19.00 104.00 592.00 -41.00 -1176.00 0
1671 -13.77 -61.70 14.12 -159.00 -20.00 117.00 592.00 -41.00 -1176.00 0
1680 -12.87 -56.56 13.29 -168.00 -10.00 121.00 592.00 -41.00 -1176.00 0
1689 -11.06 -50.23 12.03 -176.00 -5.00 131.00 592.00 -41.00 -1176.00 0
1699 -8.70 -37.57 9.81 -181.00 -5.00 137.00 592.00 -41.00 -1176.00 0
1709 -4.45 -32.28 8.90 -179.00 0.00 141.00 592.00 -41.00 -1176.00 0
1717 -2.85 -27.62 8.42 -189.00 3.00 148.00 592.00 -41.00 -1176.00 0
1726 -1.32 -23.44 8.28 -192.00 3.00 150.00 592.00 -41.00 -1176.00 0
1735 -0.14 -20.17 8.49 -198.00 5.00 152.00 592.00 -41.00 -1176.00 0
1744 0.56 -17.88 8.70 -203.00 1.00 157.00 592.00 -41.00 -1176.00 0
1754 0.63 -16.35 8.63 -210.00 9.00 154.00 592.00 -41.00 -1176.00 0
1763 0.70 -14.61 7.79 -212.00 14.00 162.00 592.00 -41.00 -1176.00 0
1772 0.42 -14.75 7.23 -207.00 16.00 158.00 592.00 -41.00 -1176.00 0
1781 -0.28 -15.10 6.61 -212.00 20.00 158.00 592.00 -41.00 -1176.00 0
1790 -1.11 -15.58 6.12 -211.00 17.00 161.00 592.00 -41.00 -1176.00 0
1800 -2.37 -16.28 5.77 -210.00 21.00 165.00 592.00 -41.00 -1176.00 0
1809 -3.69 -17.18 5.50 -205.00 23.00 166.00 592.00 -41.00 -1176.00 0
1818 -6.47 -19.41 5.98 -200.00 13.00 157.00 592.00 -41.00 -1176.00 0
1827 -8.21 -20.80 6.61 -190.00 -3.00 148.00 592.00 -41.00 -1176.00 0
1837 -9.95 -22.12 6.96 -181.00 -6.00 142.00 592.00 -41.00 -1176.00 0
1846 -10.57 -23.03 6.89 -175.00 -6.00 140.00 592.00 -41.00 -1176.00 0
1855 -10.02 -23.30 6.40 -174.00 8.00 141.00 592.00 -41.00 -1176.00 0
1864 -8.70 -22.54 5.84 -173.00 9.00 144.00 592.00 -41.00 -1176.00 0
1873 -7.17 -20.10 4.17 -177.00 8.00 147.00 592.00 -41.00 -1176.00 0
1883 -6.96 -18.71 3.48 -173.00 10.00 149.00 592.00 -41.00 -1176.00 0
1892 -7.10 -17.18 2.71 -178.00 9.00 145.00 561.00 -60.00 -1165.00 0
1901 -7.51 -15.51 1.88 -179.00 11.00 150.00 561.00 -60.00 -1165.00 0
1910 -7.72 -14.05 1.39 -177.00 7.00 149.00 561.00 -60.00 -1165.00 0
1920 -7.86 -12.80 1.11 -176.00 7.00 153.00 561.00 -60.00 -1165.00 0
1929 -8.56 -10.09 0.97 -186.00 0.00 157.00 561.00 -60.00 -1165.00 0
1938 -9.18 -8.97 0.49 -186.00 -6.00 163.00 561.00 -60.00 -1165.00 0
1947 -9.53 -8.63 -0.35 -188.00 -5.00 159.00 561.00 -60.00 -1165.00 0
1956 -9.67 -9.04 -1.32 -180.00 -5.00 154.00 558.00 -58.00 -1311.00 0
1966 -9.32 -10.02 -2.43 -175.00 1.00 148.00 558.00 -58.00 -1311.00 0
1975 -8.70 -10.99 -3.62 -177.00 5.00 145.00 558.00 -58.00 -1311.00 0
1984 -6.40 -11.62 -5.15 -177.00 10.00 150.00 558.00 -58.00 -1311.00 0
1993 -5.57 -11.34 -5.22 -184.00 10.00 154.00 558.00 -58.00 -1311.00 0
2002 -5.22 -11.13 -4.80 -196.00 3.00 169.00 558.00 -58.00 -1311.00 0
2012 -5.22 -11.69 -3.97 -201.00 3.00 173.00 558.00 -58.00 -1311.00 0
2021 -5.43 -13.57 -2.71 -200.00 -1.00 172.00 549.00 -56.00 -1164.00 0
2030 -5.98 -16.83 -1.04 -195.00 -10.00 165.00 549.00 -56.00 -1164.00 0
2039 -5.84 -25.67 3.27 -190.00 -9.00 159.00 549.00 -56.00 -1164.00 0
2049 -5.29 -30.05 5.15 -203.00 -5.00 178.00 549.00 -56.00 -1164.00 0
2058 -4.66 -34.85 6.89 -216.00 -4.00 193.00 549.00 -56.00 -1164.00 0
2067 -4.38 -41.18 8.21 -218.00 -2.00 198.00 549.00 -56.00 -1164.00 0
2076 -4.45 -50.09 8.77 -255.00 0.00 228.00 549.00 -56.00 -1164.00 0
2085 -4.80 -61.01 9.32 -290.00 13.00 267.00 549.00 -65.00 -1277.00 0
2095 -5.36 -97.18 10.37 -292.00 30.00 267.00 518.00 -65.00 -1277.00 0
2104 -5.98 -123.55 12.59 -250.00 52.00 245.00 518.00 -65.00 -1277.00 0
2113 -8.21 -151.10 18.09 -209.00 84.00 185.00 518.00 -65.00 -1277.00 0
2122 -13.08 -176.49 25.53 -116.00 25.00 135.00 518.00 -65.00 -1277.00 0
2131 -21.29 -198.89 34.02 -58.00 8.00 83.00 518.00 -65.00 -1277.00 0
2141 -29.08 -213.98 44.94 -20.00 -24.00 75.00 518.00 -65.00 -1277.00 0
2150 -41.81 -216.42 58.02 4.00 -70.00 80.00 518.00 -65.00 -1277.00 0
2159 -45.36 -205.15 56.56 -12.00 -86.00 109.00 518.00 -65.00 -1277.00 0
2168 -44.45 -187.20 50.85 -46.00 -56.00 159.00 518.00 -65.00 -1277.00 0
2178 -38.96 -165.63 42.37 -75.00 -13.00 206.00 518.00 -65.00 -1277.00 0
2188 -30.96 -142.82 33.04 -87.00 16.00 220.00 518.00 -65.00 -1277.00 0
2197 -22.75 -121.32 18.43 -90.00 34.00 227.00 518.00 -65.00 -1277.00 0
2206 -12.45 -90.50 13.57 -81.00 36.00 216.00 518.00 -65.00 -1277.00 0
2215 -11.06 -80.56 10.09 -73.00 23.00 216.00 518.00 -65.00 -1277.00 0
2225 -11.27 -72.90 7.51 -74.00 20.00 218.00 518.00 -65.00 -1277.00 0
2234 -12.10 -66.71 5.70 -78.00 15.00 225.00 518.00 -65.00 -1277.00 0
2243 -13.01 -61.57 4.45 -83.00 16.00 224.00 518.00 -65.00 -1277.00 0
2252 -13.50 -53.50 2.57 -87.00 24.00 224.00 518.00 -65.00 -1277.00 0
2262 -13.43 -50.71 2.23 -81.00 31.00 222.00 518.00 -65.00 -1277.00 0
2271 -13.36 -48.49 2.30 -66.00 30.00 220.00 518.00 -65.00 -1277.00 0
2280 -13.84 -45.91 2.50 -67.00 30.00 217.00 518.00 -65.00 -1277.00 0
2289 -14.61 -42.57 2.78 -64.00 26.00 214.00 367.00 -65.00 -1370.00 0
2298 -15.30 -38.82 3.13 -69.00 30.00 216.00 367.00 -65.00 -1370.00 0
2308 -16.14 -34.71 3.34 -73.00 32.00 224.00 367.00 -65.00 -1370.00 0
2317 -17.88 -25.74 3.34 -78.00 35.00 224.00 367.00 -65.00 -1370.00 0
2326 -19.41 -22.19 3.48 -77.00 31.00 223.00 367.00 -65.00 -1370.00 0
2335 -21.36 -19.76 3.90 -65.00 32.00 208.00 367.00 -65.00 -1370.00 0
2344 -23.86 -18.23 4.24 -54.00 31.00 190.00 367.00 -65.00 -1370.00 0
2354 -26.64 -16.90 4.45 -49.00 31.00 182.00 367.00 -65.00 -1370.00 0
2363 -29.77 -15.37 4.73 -50.00 24.00 182.00 367.00 -65.00 -1370.00 0
2372 -37.01 -12.17 4.45 -43.00 18.00 191.00 367.00 -65.00 -1370.00 0
2381 -41.11 -12.03 4.03 -42.00 8.00 174.00 367.00 -65.00 -1370.00 0
2391 -45.50 -12.52 3.76 -6.00 -7.00 142.00 367.00 -65.00 -1370.00 0
2400 -49.11 -15.37 4.59 32.00 -27.00 101.00 367.00 -65.00 -1370.00 0
2409 -50.92 -20.03 6.82 71.00 -32.00 63.00 367.00 -65.00 -1370.00 0
2418 -50.64 -25.39 9.39 54.00 -47.00 41.00 367.00 -65.00 -1370.00 0
2427 -44.45 -37.36 10.57 15.00 -51.00 62.00 367.00 -65.00 -1370.00 1
2437 -39.23 -42.92 7.65 -79.00 -54.00 154.00 367.00 -65.00 -1370.00 1
2447 -33.81 -49.81 -1.18 -211.00 18.00 341.00 367.00 -65.00 -1370.00 1
2458 -27.62 -58.50 -25.04 -210.00 59.00 513.00 367.00 -65.00 -1370.00 1
2468 -27.76 -63.37 -32.28 -253.00 39.00 544.00 367.00 -65.00 -1370.00 1
2479 -29.08 -62.89 -27.90 -219.00 12.00 553.00 367.00 -10.00 -1040.00 1
2489 -29.08 -59.13 -2.16 -152.00 -44.00 463.00 318.00 -10.00 -1040.00 1
2500 -37.22 -55.51 9.81 -88.00 -135.00 326.00 318.00 -10.00 -1040.00 1
2510 -38.89 -53.91 20.38 -84.00 -156.00 298.00 318.00 -10.00 -1040.00 1
2521 -35.13 -54.75 29.50 -95.00 -140.00 309.00 318.00 -10.00 -1040.00 1
2531 -19.69 -66.64 26.57 -82.00 -126.00 279.00 318.00 -10.00 -1040.00 0
2540 -9.32 -77.98 21.77 -57.00 -72.00 259.00 318.00 -10.00 -1040.00 0
2549 3.06 -89.74 17.11 -5.00 -9.00 193.00 318.00 -10.00 -1040.00 0
2558 13.77 -97.60 12.80 32.00 37.00 159.00 318.00 -10.00 -1040.00 0
2568 20.24 -100.38 8.70 32.00 38.00 173.00 318.00 -10.00 -1040.00 0
2577 16.90 -90.43 4.73 19.00 5.00 192.00 318.00 -10.00 -1040.00 0
2586 11.41 -80.77 6.05 11.00 -31.00 198.00 318.00 -10.00 -1040.00 0
2595 6.96 -71.37 9.04 11.00 -45.00 195.00 318.00 -10.00 -1040.00 0
2605 4.38 -63.37 11.62 19.00 -66.00 190.00 318.00 -10.00 -1040.00 0
2614 2.50 -56.49 12.24 34.00 -85.00 187.00 246.00 -31.00 -1018.00 0
2623 2.71 -49.95 11.55 52.00 -86.00 170.00 246.00 -31.00 -1018.00 0
2632 10.50 -32.90 7.58 58.00 -82.00 154.00 246.00 -31.00 -1018.00 0
2641 16.28 -20.80 3.55 59.00 -76.00 144.00 246.00 -31.00 -1018.00 0
2651 21.77 -5.63 -2.78 76.00 -65.00 120.00 246.00 -31.00 -1018.00 0
2660 27.41 16.21 -10.30 80.00 -44.00 109.00 246.00 -31.00 -1018.00 0
2669 33.67 49.81 -17.60 44.00 4.00 107.00 246.00 -31.00 -1018.00 0
2678 40.83 94.96 -23.44 2.00 39.00 105.00 322.00 -58.00 -1074.00 0
2688 52.52 191.72 -32.14 -40.00 68.00 133.00 322.00 -58.00 -1074.00 0
2697 53.36 229.98 -35.62 -91.00 70.00 119.00 322.00 -58.00 -1074.00 0
2706 49.18 260.38 -39.23 -114.00 64.00 155.00 322.00 -58.00 -1074.00 0
2715 40.90 280.42 -45.22 -156.00 29.00 164.00 322.00 -58.00 -1074.00 0
2725 28.80 293.08 -52.94 -192.00 8.00 172.00 322.00 -58.00 -1074.00 0
2735 18.02 300.66 -65.88 -192.00 -21.00 195.00 322.00 -58.00 -1074.00 0
2744 1.53 296.56 -73.25 -216.00 -51.00 179.00 473.00 -35.00 -1253.00 0
2753 1.67 289.95 -76.94 -214.00 -31.00 195.00 473.00 -35.00 -1253.00 0
2762 8.63 281.25 -77.91 -218.00 -12.00 195.00 473.00 -35.00 -1253.00 0
2771 16.83 271.72 -78.54 -209.00 2.00 198.00 473.00 -35.00 -1253.00 0
2781 25.74 261.91 -78.82 -208.00 27.00 192.00 473.00 -35.00 -1253.00 0
2790 38.89 243.34 -78.12 -206.00 44.00 180.00 473.00 -35.00 -1253.00 0
2800 41.53 234.37 -76.52 -203.00 49.00 184.00 473.00 -35.00 -1253.00 0
2809 41.18 225.11 -74.02 -207.00 44.00 175.00 540.00 -21.00 -1256.00 0
2819 37.70 215.65 -70.75 -201.00 27.00 173.00 540.00 -21.00 -1256.00 0
2828 32.07 206.12 -66.85 -203.00 1.00 163.00 540.00 -21.00 -1256.00 0
2837 17.46 189.50 -58.09 -209.00 -15.00 155.00 540.00 -21.00 -1256.00 0
2846 11.76 180.52 -54.47 -211.00 -31.00 150.00 540.00 -21.00 -1256.00 0
2855 8.07 171.41 -51.34 -215.00 -29.00 149.00 540.00 -21.00 -1256.00 0
2866 6.54 162.71 -48.56 -222.00 -25.00 154.00 540.00 -21.00 -1256.00 0
2875 5.98 153.18 -46.33 -230.00 -28.00 157.00 568.00 -3.00 -1160.00 0
2884 5.57 142.82 -44.80 -234.00 -34.00 158.00 568.00 -3.00 -1160.00 0
2893 4.66 119.03 -43.48 -227.00 -37.00 149.00 568.00 -3.00 -1160.00 0
2903 4.73 107.27 -43.06 -215.00 -36.00 132.00 568.00 -3.00 -1160.00 0
2912 5.08 97.04 -42.50 -211.00 -32.00 122.00 568.00 -3.00 -1160.00 0
2921 6.05 88.77 -41.81 -215.00 -30.00 120.00 568.00 -3.00 -1160.00 0
2930 7.30 81.67 -40.35 -221.00 -16.00 123.00 568.00 -3.00 -1160.00 0
2939 8.56 74.30 -38.61 -226.00 -8.00 126.00 571.00 15.00 -1232.00 0
2949 8.77 59.13 -33.39 -227.00 -7.00 125.00 571.00 15.00 -1232.00 0
2958 7.10 51.34 -29.57 -225.00 -17.00 118.00 571.00 15.00 -1232.00 0
2967 4.38 43.41 -25.25 -220.00 -30.00 112.00 571.00 15.00 -1232.00 0
2976 1.53 35.90 -20.94 -208.00 -31.00 102.00 571.00 15.00 -1232.00 0
2985 -0.97 28.73 -17.04 -208.00 -31.00 93.00 571.00 15.00 -1232.00 0
2995 -3.06 21.63 -11.69 -197.00 -35.00 94.00 571.00 15.00 -1232.00 0
3004 -6.26 10.16 -10.30 -198.00 -38.00 89.00 571.00 17.00 -1211.00 0
3013 -7.65 6.82 -9.18 -208.00 -40.00 95.00 570.00 17.00 -1211.00 0
3022 -8.56 5.08 -8.14 -207.00 -47.00 99.00 570.00 17.00 -1211.00 0
3032 -9.11 4.52 -7.10 -218.00 -47.00 99.00 570.00 17.00 -1211.00 0
3041 -9.11 4.59 -6.05 -219.00 -46.00 104.00 570.00 17.00 -1211.00 0
3050 -8.63 4.94 -4.94 -224.00 -42.00 106.00 570.00 17.00 -1211.00 0
3059 -6.68 5.29 -2.71 -223.00 -41.00 103.00 570.00 17.00 -1211.00 0
3068 -5.77 4.94 -1.81 -231.00 -32.00 110.00 570.00 17.00 -1211.00 0
3078 -5.01 3.83 -0.90 -227.00 -29.00 114.00 570.00 17.00 -1211.00 0
3087 -4.59 2.09 -0.07 -229.00 -34.00 111.00 570.00 17.00 -1211.00 0
3096 -4.73 -0.07 0.70 -219.00 -36.00 106.00 570.00 17.00 -1211.00 0
3105 -5.36 -2.37 1.18 -214.00 -40.00 100.00 570.00 17.00 -1211.00 0
3115 -6.12 -5.84 1.60 -208.00 -40.00 98.00 570.00 17.00 -1211.00 0
3124 -5.91 -6.54 1.53 -206.00 -34.00 98.00 570.00 17.00 -1211.00 0
3133 -5.50 -6.54 1.39 -211.00 -35.00 102.00 570.00 17.00 -1211.00 0
3142 -5.01 -6.19 1.18 -212.00 -26.00 102.00 570.00 17.00 -1211.00 0
3150 -4.66 -5.63 0.97 -212.00 -30.00 105.00 570.00 17.00 -1211.00 0
3160 -4.52 -5.08 0.83 -220.00 -26.00 111.00 570.00 17.00 -1211.00 0
3169 -4.94 -5.01 1.04 -225.00 -28.00 115.00 570.00 17.00 -1211.00 0
3178 -5.70 -5.98 1.18 -219.00 -31.00 113.00 570.00 17.00 -1211.00 0
3187 -6.75 -7.58 1.46 -208.00 -35.00 109.00 570.00 17.00 -1211.00 0
3196 -7.51 -9.46 1.74 -202.00 -30.00 103.00 570.00 17.00 -1211.00 0
3206 -8.21 -11.20 1.95 -202.00 -34.00 100.00 570.00 17.00 -1211.00 0
3215 -8.63 -12.45 2.02 -202.00 -33.00 99.00 570.00 17.00 -1211.00 0
3224 -8.97 -12.45 1.67 -202.00 -39.00 99.00 570.00 17.00 -1211.00 0
3233 -9.32 -11.27 1.11 -204.00 -42.00 109.00 570.00 17.00 -1211.00 0
3243 -9.11 -9.60 0.35 -211.00 -37.00 107.00 570.00 17.00 -1211.00 0
3252 -8.56 -7.79 -0.35 -216.00 -34.00 113.00 570.00 17.00 -1211.00 0
3261 -8.00 -6.26 -0.83 -217.00 -37.00 113.00 570.00 17.00 -1211.00 0
3270 -7.58 -5.36 -1.32 -215.00 -33.00 112.00 571.00 20.00 -968.00 0
3279 -7.44 -4.94 -1.53 -214.00 -35.00 110.00 571.00 20.00 -968.00 0
3289 -6.89 -4.94 -1.53 -211.00 -32.00 108.00 571.00 20.00 -968.00 0
3298 -6.47 -4.94 -1.25 -214.00 -26.00 109.00 571.00 20.00 -968.00 0
3307 -6.19 -4.94 -0.90 -212.00 -30.00 109.00 571.00 20.00 -968.00 0
3316 -6.19 -4.94 -0.63 -211.00 -30.00 113.00 571.00 20.00 -968.00 0
3325 -6.40 -4.80 -0.28 -209.00 -35.00 112.00 571.00 20.00 -968.00 0
3335 -6.68 -4.59 0.00 -211.00 -32.00 113.00 568.00 19.00 -1301.00 0
3343 -7.23 -4.24 0.21 -213.00 -37.00 111.00 568.00 19.00 -1301.00 0
3352 -7.23 -4.24 0.14 -213.00 -39.00 109.00 568.00 19.00 -1301.00 0
3361 -7.03 -4.31 0.00 -210.00 -38.00 105.00 568.00 19.00 -1301.00 0
3371 -6.75 -4.24 -0.35 -208.00 -34.00 107.00 568.00 19.00 -1301.00 0
3380 -6.26 -4.03 -0.63 -210.00 -28.00 105.00 568.00 19.00 -1301.00 0
3389 -5.70 -3.62 -0.83 -211.00 -28.00 109.00 568.00 19.00 -1301.00 0
3398 -5.15 -2.50 -0.63 -217.00 -27.00 113.00 567.00 17.00 -1281.00 0
3407 -4.59 -2.09 -0.21 -214.00 -29.00 115.00 567.00 17.00 -1281.00 0
3417 -4.66 -1.88 0.35 -214.00 -28.00 110.00 567.00 17.00 -1281.00 0
3426 -4.73 -1.95 1.04 -218.00 -27.00 111.00 567.00 17.00 -1281.00 0
3435 -4.87 -2.09 1.88 -219.00 -29.00 117.00 567.00 17.00 -1281.00 0
3444 -5.01 -2.43 2.71 -224.00 -32.00 118.00 567.00 17.00 -1281.00 0
3453 -5.43 -2.99 4.17 -225.00 -35.00 112.00 567.00 17.00 -1281.00 0
3463 -6.33 -5.01 5.01 -221.00 -42.00 116.00 567.00 17.00 -1281.00 0
3472 -6.19 -6.12 5.91 -221.00 -34.00 120.00 567.00 17.00 -1281.00 0
3481 -5.43 -7.30 6.89 -227.00 -29.00 127.00 567.00 17.00 -1281.00 0
3490 -4.38 -8.77 8.14 -247.00 -19.00 143.00 567.00 17.00 -1281.00 0
3500 -3.62 -11.20 9.81 -266.00 -25.00 168.00 567.00 17.00 -1281.00 0
3509 -3.41 -15.79 11.76 -285.00 -39.00 174.00 567.00 17.00 -1281.00 0
3518 -3.97 -34.50 16.77 -288.00 -41.00 178.00 567.00 17.00 -1281.00 0
3527 -3.06 -48.83 20.03 -257.00 -25.00 159.00 567.00 17.00 -1281.00 0
3536 -1.11 -64.97 24.07 -215.00 -11.00 136.00 567.00 17.00 -1281.00 0
3546 0.77 -80.56 28.87 -186.00 -2.00 119.00 567.00 17.00 -1281.00 0
3555 1.39 -93.63 33.81 -167.00 -7.00 110.00 567.00 17.00 -1281.00 0
3564 0.97 -103.37 43.20 -151.00 -4.00 102.00 567.00 17.00 -1281.00 0
3573 -1.18 -110.40 47.03 -139.00 -10.00 104.00 567.00 17.00 -1281.00 0
3582 -2.71 -108.59 49.39 -133.00 -18.00 109.00 567.00 17.00 -1281.00 0
3592 -4.38 -104.00 50.09 -142.00 -30.00 120.00 567.00 17.00 -1281.00 0
3601 -5.77 -97.25 48.90 -153.00 -30.00 127.00 567.00 17.00 -1281.00 0
3611 -6.33 -89.74 46.05 -158.00 -19.00 138.00 567.00 17.00 -1281.00 0
3620 -5.50 -75.27 37.01 -164.00 -4.00 144.00 567.00 17.00 -1281.00 0
3630 -5.15 -69.01 32.21 -181.00 16.00 162.00 567.00 17.00 -1281.00 0
3639 -5.57 -64.83 28.10 -185.00 21.00 171.00 567.00 17.00 -1281.00 0
3648 -7.51 -62.75 24.70 -176.00 14.00 163.00 567.00 17.00 -1281.00 0
3657 -11.13 -62.40 22.26 -161.00 -3.00 154.00 567.00 17.00 -1281.00 0
3666 -16.21 -62.54 20.17 -148.00 -23.00 146.00 567.00 17.00 -1281.00 0
3676 -26.23 -60.87 15.72 -138.00 -37.00 133.00 567.00 17.00 -1281.00 0
3685 -29.15 -58.23 13.63 -134.00 -38.00 134.00 567.00 17.00 -1281.00 0
3694 -30.19 -54.19 11.48 -132.00 -35.00 134.00 567.00 17.00 -1281.00 0
3703 -29.50 -48.70 9.25 -135.00 -34.00 132.00 567.00 17.00 -1281.00 0
3713 -27.48 -42.16 6.96 -141.00 -21.00 135.00 567.00 17.00 -1281.00 0
3722 -24.28 -34.99 4.94 -158.00 -16.00 152.00 567.00 17.00 -1281.00 0
3731 -16.97 -19.41 2.09 -180.00 -9.00 161.00 567.00 17.00 -1281.00 0
3740 -13.70 -12.94 1.39 -204.00 9.00 185.00 567.00 17.00 -1281.00 0
3749 -10.85 -8.63 1.32 -207.00 8.00 193.00 567.00 17.00 -1281.00 0
3759 -9.39 -7.44 1.67 -196.00 -1.00 187.00 567.00 17.00 -1281.00 0
3768 -9.46 -8.77 2.09 -200.00 -9.00 191.00 567.00 17.00 -1281.00 0
3777 -10.71 -11.34 2.23 -200.00 -15.00 190.00 567.00 17.00 -1281.00 0
3786 -13.84 -19.83 1.46 -182.00 -16.00 185.00 567.00 17.00 -1281.00 0
3795 -15.17 -25.04 0.83 -161.00 -13.00 164.00 517.00 -17.00 -1172.00 0
3805 -16.42 -29.70 0.14 -146.00 -12.00 159.00 517.00 -17.00 -1172.00 0
3814 -17.74 -33.04 -0.28 -141.00 -23.00 157.00 517.00 -17.00 -1172.00 0
3824 -19.06 -34.71 -0.42 -134.00 -23.00 149.00 517.00 -17.00 -1172.00 0
3833 -19.90 -34.99 0.21 -137.00 -29.00 156.00 517.00 -17.00 -1172.00 0
3843 -19.55 -32.70 0.77 -137.00 -30.00 162.00 517.00 -17.00 -1172.00 0
3852 -18.43 -31.17 1.04 -143.00 -38.00 171.00 517.00 -17.00 -1172.00 0
3861 -16.56 -30.26 1.67 -144.00 -33.00 177.00 504.00 -15.00 -1128.00 0
3870 -14.12 -30.89 2.50 -130.00 -31.00 182.00 504.00 -15.00 -1128.00 0
3879 -11.41 -34.09 3.55 -99.00 -3.00 173.00 504.00 -15.00 -1128.00 0
3889 -8.00 -50.37 7.72 -61.00 23.00 133.00 504.00 -15.00 -1128.00 0
3898 -2.37 -62.68 12.24 -15.00 55.00 121.00 504.00 -15.00 -1128.00 0
3907 -2.85 -75.48 20.03 -60.00 42.00 75.00 504.00 -15.00 -1128.00 1
3916 -8.35 -88.07 29.29 -134.00 5.00 60.00 504.00 -15.00 -1128.00 1
3927 -17.11 -99.34 35.62 -208.00 -56.00 170.00 471.00 -16.00 -1186.00 1
3937 -40.00 -103.17 17.74 -285.00 -41.00 288.00 471.00 -16.00 -1186.00 1
3947 -47.79 -99.41 -1.60 -368.00 -63.00 443.00 471.00 -16.00 -1186.00 1
3957 -49.39 -92.03 -15.79 -370.00 -22.00 513.00 471.00 -16.00 -1186.00 1
3969 -35.06 -82.30 -17.81 -280.00 3.00 423.00 471.00 -16.00 -1186.00 1
3979 -27.55 -84.38 -10.02 -179.00 8.00 287.00 471.00 -16.00 -1186.00 1
3989 -23.17 -90.57 0.07 -105.00 -46.00 212.00 471.00 -1.00 -1264.00 1
3999 -23.37 -97.74 16.35 -111.00 -86.00 217.00 425.00 -1.00 -1264.00 1
4009 -23.51 -101.77 20.52 -115.00 -97.00 208.00 425.00 -1.00 -1264.00 1
4020 -20.59 -101.63 21.22 -74.00 -71.00 168.00 425.00 -1.00 -1264.00 1
4029 -15.79 -101.70 19.55 -50.00 -64.00 134.00 425.00 -1.00 -1264.00 0
4039 -10.92 -98.92 14.61 -57.00 -33.00 129.00 425.00 -1.00 -1264.00 0
4048 -1.32 -93.36 12.17 -65.00 -10.00 136.00 425.00 -1.00 -1264.00 0
4058 1.46 -86.40 8.21 -79.00 30.00 172.00 382.00 -16.00 -1120.00 0
4067 2.37 -79.65 4.17 -105.00 36.00 195.00 382.00 -16.00 -1120.00 0
4076 0.77 -72.77 1.46 -95.00 26.00 219.00 382.00 -16.00 -1120.00 0
4085 -3.06 -67.41 0.97 -81.00 13.00 208.00 382.00 -16.00 -1120.00 0
4094 -7.58 -57.39 5.91 -66.00 -20.00 196.00 382.00 -16.00 -1120.00 0
4103 -15.44 -53.43 9.46 -58.00 -42.00 198.00 382.00 -16.00 -1120.00 0
4113 -16.63 -50.57 12.24 -59.00 -50.00 188.00 382.00 -16.00 -1120.00 0
4122 -15.30 -47.58 14.19 -64.00 -56.00 187.00 362.00 -16.00 -1106.00 0
4131 -11.41 -44.94 15.03 -70.00 -40.00 199.00 362.00 -16.00 -1106.00 0
4141 -5.50 -42.50 15.03 -65.00 -25.00 204.00 362.00 -16.00 -1106.00 0
4150 0.83 -36.24 12.24 -65.00 -11.00 208.00 362.00 -16.00 -1106.00 0
4159 11.90 -32.07 10.71 -67.00 -4.00 212.00 362.00 -16.00 -1106.00 0
4168 15.37 -27.27 8.90 -63.00 -9.00 215.00 362.00 -16.00 -1106.00 0
4177 17.39 -21.84 6.68 -62.00 2.00 217.00 362.00 -16.00 -1106.00 0
4187 18.64 -15.86 4.24 -58.00 9.00 218.00 356.00 -32.00 -1014.00 0
4196 18.57 -10.09 1.25 -58.00 14.00 209.00 356.00 -32.00 -1014.00 0
4205 17.18 -4.03 -5.08 -66.00 17.00 224.00 356.00 -32.00 -1014.00 0
4213 12.10 6.47 -7.30 -67.00 19.00 225.00 356.00 -32.00 -1014.00 0
4222 9.32 9.11 -8.56 -62.00 19.00 222.00 356.00 -32.00 -1014.00 0
4232 6.75 10.50 -8.83 -60.00 21.00 213.00 356.00 -32.00 -1014.00 0
4241 4.66 10.92 -8.14 -57.00 17.00 221.00 356.00 -32.00 -1014.00 0
4250 2.30 10.78 -7.23 -69.00 12.00 230.00 356.00 -32.00 -1014.00 0
4259 -0.21 10.57 -6.47 -85.00 2.00 238.00 356.00 -32.00 -1014.00 0
4269 -4.17 8.14 -4.94 -86.00 1.00 241.00 356.00 -32.00 -1014.00 0
4278 -5.29 5.01 -4.17 -79.00 2.00 237.00 356.00 -32.00 -1014.00 0
4287 -5.98 2.02 -3.41 -72.00 4.00 225.00 356.00 -32.00 -1014.00 0
4296 -6.40 -0.35 -2.37 -65.00 9.00 216.00 356.00 -32.00 -1014.00 0
4305 -7.17 -1.88 -1.60 -63.00 7.00 207.00 356.00 -32.00 -1014.00 0
4315 -8.49 -2.43 -1.11 -57.00 12.00 207.00 356.00 -32.00 -1014.00 0
4323 -10.37 -0.42 -2.30 -56.00 10.00 217.00 356.00 -32.00 -1014.00 0
4332 -17.39 2.02 -4.03 -53.00 7.00 207.00 356.00 -32.00 -1014.00 0
4341 -21.98 5.43 -6.12 -56.00 4.00 195.00 356.00 -32.00 -1014.00 0
4350 -26.16 10.30 -7.93 -57.00 5.00 195.00 356.00 -32.00 -1014.00 0
4360 -29.57 16.63 -9.25 -52.00 3.00 191.00 356.00 -32.00 -1014.00 0
4369 -32.63 24.42 -10.37 -45.00 -6.00 178.00 356.00 -32.00 -1014.00 0
4378 -35.34 34.02 -10.99 -46.00 -15.00 160.00 356.00 -32.00 -1014.00 0
4387 -39.79 58.78 -13.08 -24.00 -22.00 152.00 356.00 -32.00 -1014.00 0
4397 -42.71 73.39 -16.77 -31.00 -44.00 131.00 356.00 -32.00 -1014.00 0
4406 -44.87 91.41 -20.66 -35.00 -28.00 128.00 356.00 -32.00 -1014.00 0
4415 -44.10 110.68 -24.21 -45.00 -23.00 129.00 356.00 -32.00 -1014.00 0
4425 -43.41 129.67 -27.90 -60.00 -34.00 124.00 356.00 -32.00 -1014.00 0
4434 -43.34 166.12 -34.99 -74.00 -62.00 122.00 356.00 -32.00 -1014.00 0
4444 -42.78 183.37 -36.87 -93.00 -74.00 124.00 356.00 -32.00 -1014.00 0
4453 -40.21 198.75 -37.70 -121.00 -106.00 120.00 475.00 30.00 -1102.00 0
4462 -36.17 212.80 -38.26 -145.00 -109.00 127.00 475.00 30.00 -1102.00 0
4471 -29.15 224.35 -38.61 -173.00 -110.00 133.00 475.00 30.00 -1102.00 0
4481 -20.24 232.70 -39.17 -195.00 -110.00 136.00 475.00 30.00 -1102.00 0
4491 1.25 242.16 -40.49 -221.00 -85.00 151.00 475.00 30.00 -1102.00 0
4500 13.08 243.90 -40.70 -238.00 -72.00 162.00 475.00 30.00 -1102.00 0
4509 23.44 243.06 -40.70 -267.00 -59.00 164.00 475.00 30.00 -1102.00 0
4518 31.58 239.44 -40.14 -280.00 -45.00 188.00 546.00 39.00 -1168.00 0
4528 37.70 232.70 -38.89 -300.00 -53.00 180.00 546.00 39.00 -1168.00 0
4537 40.90 211.69 -35.69 -300.00 -58.00 183.00 546.00 39.00 -1168.00 0
4547 40.28 198.89 -33.74 -282.00 -69.00 182.00 546.00 39.00 -1168.00 0
4556 39.03 186.16 -31.72 -278.00 -83.00 151.00 546.00 39.00 -1168.00 0
4566 39.23 176.00 -28.80 -272.00 -70.00 140.00 546.00 39.00 -1168.00 0
4575 41.67 167.93 -25.39 -262.00 -49.00 136.00 546.00 39.00 -1168.00 0
4584 44.80 151.10 -20.24 -265.00 -25.00 145.00 573.00 41.00 -966.00 0
4593 49.32 140.03 -17.60 -281.00 1.00 165.00 573.00 41.00 -966.00 0
4602 48.56 125.01 -14.54 -297.00 10.00 182.00 573.00 41.00 -966.00 0
4612 44.87 106.37 -10.57 -288.00 -11.00 161.00 573.00 41.00 -966.00 0
4621 37.43 85.98 -6.96 -273.00 -42.00 136.00 573.00 41.00 -966.00 0
4630 27.62 64.56 -3.83 -245.00 -54.00 120.00 573.00 41.00 -966.00 0
4639 12.94 23.51 1.95 -228.00 -54.00 104.00 573.00 41.00 -966.00 0
4648 9.04 7.23 4.17 -208.00 -48.00 92.00 577.00 35.00 -1081.00 0
4658 6.89 -6.68 5.63 -196.00 -35.00 87.00 577.00 35.00 -1081.00 0
4667 5.43 -18.16 6.26 -190.00 -29.00 86.00 577.00 35.00 -1081.00 0
4676 3.83 -26.09 6.19 -188.00 -32.00 88.00 577.00 35.00 -1081.00 0
4685 1.95 -30.12 5.77 -191.00 -43.00 92.00 577.00 35.00 -1081.00 0
4695 -0.28 -29.22 3.97 -193.00 -48.00 95.00 577.00 35.00 -1081.00 0
4704 -3.41 -25.88 3.06 -194.00 -44.00 100.00 577.00 35.00 -1081.00 0
4713 -3.41 -21.84 2.64 -203.00 -39.00 101.00 566.00 29.00 -1095.00 0
4722 -2.85 -17.95 2.57 -205.00 -38.00 106.00 566.00 29.00 -1095.00 0
4731 -2.50 -14.54 2.85 -208.00 -42.00 107.00 566.00 29.00 -1095.00 0
4741 -2.37 -11.55 3.27 -209.00 -44.00 112.00 566.00 29.00 -1095.00 0
4750 -2.50 -6.75 3.13 -216.00 -43.00 115.00 566.00 29.00 -1095.00 0
4759 -2.78 -5.43 2.99 -224.00 -36.00 114.00 566.00 29.00 -1095.00 0
4768 -3.06 -5.08 2.92 -222.00 -34.00 115.00 566.00 29.00 -1095.00 0
4777 -3.48 -5.84 2.78 -218.00 -42.00 114.00 571.00 30.00 -1026.00 0
4787 -3.90 -7.37 2.64 -210.00 -41.00 112.00 571.00 30.00 -1026.00 0
4796 -4.17 -8.90 2.50 -203.00 -42.00 103.00 571.00 30.00 -1026.00 0
4805 -4.31 -9.95 2.50 -200.00 -41.00 102.00 571.00 30.00 -1026.00 0
4814 -4.38 -10.09 2.57 -195.00 -42.00 100.00 571.00 30.00 -1026.00 0
4824 -4.10 -9.11 2.92 -194.00 -36.00 100.00 571.00 30.00 -1026.00 0
4833 -3.48 -7.72 3.48 -199.00 -36.00 99.00 571.00 30.00 -1026.00 0
4842 -2.71 -5.77 3.97 -201.00 -27.00 107.00 571.00 30.00 -1026.00 0
4851 -1.74 -3.62 4.45 -207.00 -34.00 106.00 571.00 30.00 -1026.00 0
4860 -1.46 -1.25 4.45 -209.00 -35.00 114.00 571.00 30.00 -1026.00 0
4870 -2.02 1.95 4.38 -216.00 -33.00 115.00 571.00 30.00 -1026.00 0
4879 -2.57 3.06 4.10 -217.00 -39.00 115.00 571.00 30.00 -1026.00 0
4888 -3.27 3.83 3.76 -221.00 -37.00 116.00 571.00 30.00 -1026.00 0
4897 -3.83 4.10 3.48 -223.00 -37.00 122.00 571.00 30.00 -1026.00 0
4907 -4.03 3.97 3.69 -229.00 -39.00 124.00 571.00 30.00 -1026.00 0
4916 -4.17 3.27 4.10 -238.00 -41.00 131.00 571.00 30.00 -1026.00 0
4925 -3.90 -1.11 5.70 -239.00 -43.00 138.00 571.00 30.00 -1026.00 0
4934 -3.20 -5.50 7.03 -235.00 -34.00 139.00 571.00 30.00 -1026.00 0
4943 -2.30 -11.27 8.83 -234.00 -32.00 133.00 571.00 30.00 -1026.00 0
4953 -1.46 -17.67 11.13 -236.00 -28.00 142.00 571.00 30.00 -1026.00 0
4962 -0.90 -24.70 13.84 -247.00 -32.00 155.00 571.00 30.00 -1026.00 0
4971 -0.97 -32.42 16.70 -246.00 -30.00 155.00 571.00 30.00 -1026.00 0
4980 -1.67 -53.15 21.91 -238.00 -20.00 149.00 571.00 30.00 -1026.00 0
4989 -2.02 -64.90 24.14 -216.00 -8.00 144.00 571.00 30.00 -1026.00 0
4999 -2.99 -77.08 25.32 -194.00 -8.00 133.00 571.00 30.00 -1026.00 0
5008 -5.22 -88.49 25.95 -179.00 -12.00 125.00 571.00 30.00 -1026.00 0
5017 -8.07 -97.46 26.02 -160.00 -23.00 111.00 571.00 30.00 -1026.00 0
5026 -11.76 -103.23 25.18 -141.00 -22.00 108.00 571.00 30.00 -1026.00 0
5036 -17.67 -104.90 21.01 -133.00 -26.00 110.00 571.00 30.00 -1026.00 0
5045 -18.99 -101.63 19.13 -141.00 -28.00 124.00 571.00 30.00 -1026.00 0
5054 -19.34 -96.35 17.04 -152.00 -36.00 132.00 571.00 30.00 -1026.00 0
5063 -18.99 -90.78 14.68 -157.00 -27.00 142.00 571.00 30.00 -1026.00 0
5072 -17.11 -85.84 12.73 -147.00 -15.00 144.00 571.00 30.00 -1026.00 0
5083 -10.99 -77.91 9.95 -132.00 0.00 145.00 571.00 30.00 -1026.00 0
5092 -8.70 -73.95 8.90 -134.00 -2.00 144.00 571.00 30.00 -1026.00 0
5101 -7.65 -69.01 7.93 -135.00 2.00 148.00 571.00 30.00 -1026.00 0
5110 -7.79 -63.51 6.75 -152.00 3.00 159.00 571.00 30.00 -1026.00 0
5118 -8.90 -58.02 5.63 -161.00 1.00 164.00 571.00 30.00 -1026.00 0
5128 -10.85 -53.29 4.94 -167.00 -1.00 170.00 571.00 30.00 -1026.00 0
5137 -13.15 -47.58 5.29 -175.00 -10.00 168.00 571.00 30.00 -1026.00 0
5147 -19.06 -46.75 5.84 -174.00 -24.00 164.00 571.00 30.00 -1026.00 0
5156 -21.29 -47.10 6.68 -165.00 -27.00 167.00 571.00 30.00 -1026.00 0
5166 -22.40 -47.86 8.07 -163.00 -27.00 163.00 571.00 30.00 -1026.00 0
5175 -22.82 -48.83 9.67 -159.00 -29.00 168.00 510.00 2.00 -1430.00 0
5184 -22.82 -50.09 11.06 -156.00 -28.00 162.00 510.00 2.00 -1430.00 0
5193 -22.89 -52.66 12.80 -153.00 -28.00 154.00 510.00 2.00 -1430.00 0
5202 -23.30 -52.52 13.36 -138.00 -27.00 153.00 510.00 2.00 -1430.00 0
5212 -23.37 -50.85 13.84 -133.00 -32.00 148.00 510.00 2.00 -1430.00 0
5221 -23.23 -47.86 14.75 -132.00 -21.00 163.00 510.00 2.00 -1430.00 0
5230 -22.89 -44.66 15.93 -132.00 -13.00 159.00 510.00 2.00 -1430.00 0
5239 -23.10 -42.23 17.25 -116.00 0.00 162.00 501.00 3.00 -1044.00 0
5249 -22.68 -41.88 24.77 -94.00 10.00 154.00 501.00 3.00 -1044.00 0
5258 -24.07 -43.55 31.23 -48.00 23.00 106.00 501.00 3.00 -1044.00 0
5267 -27.20 -46.33 39.10 -28.00 18.00 66.00 501.00 3.00 -1044.00 1
5277 -32.63 -48.97 47.65 -60.00 -43.00 53.00 501.00 3.00 -1044.00 1
5287 -41.04 -50.09 54.89 -164.00 -88.00 108.00 501.00 3.00 -1044.00 1
5298 -56.70 -47.30 47.30 -259.00 -113.00 211.00 501.00 3.00 -1044.00 1
5308 -62.05 -44.66 28.59 -372.00 -141.00 370.00 501.00 3.00 -1044.00 1
5319 -66.43 -43.27 3.27 -440.00 -103.00 457.00 501.00 3.00 -1044.00 1
5329 -56.49 -43.62 -27.69 -358.00 -65.00 424.00 501.00 3.00 -1044.00 1
5340 -47.93 -48.83 -31.93 -169.00 -53.00 270.00 501.00 3.00 -1044.00 1
5351 -41.88 -57.25 -23.79 -106.00 -84.00 194.00 501.00 3.00 -1044.00 1
5361 -40.70 -71.58 -16.70 -95.00 -138.00 162.00 501.00 3.00 -1044.00 1
5372 -42.64 -76.52 -12.87 -107.00 -152.00 167.00 455.00 38.00 -1124.00 1
5383 -39.30 -86.05 -20.59 -96.00 -89.00 136.00 455.00 38.00 -1124.00 1
5393 -35.20 -91.90 -29.84 -63.00 -48.00 131.00 455.00 38.00 -1124.00 1
5403 -32.49 -96.07 -38.75 -94.00 -42.00 144.00 455.00 38.00 -1124.00 1
5413 -30.89 -97.11 -43.83 -110.00 -42.00 166.00 455.00 38.00 -1124.00 1
5424 -26.37 -91.27 -44.73 -106.00 -20.00 157.00 455.00 38.00 -1124.00 1
5434 -22.05 -85.77 -42.16 -125.00 -6.00 183.00 392.00 57.00 -1184.00 0
5443 -17.04 -78.61 -38.75 -134.00 4.00 214.00 392.00 57.00 -1184.00 0
5453 -12.24 -70.61 -34.50 -143.00 31.00 221.00 392.00 57.00 -1184.00 0
5463 -1.74 -53.08 -21.91 -147.00 48.00 230.00 392.00 57.00 -1184.00 0
5472 2.37 -43.76 -13.98 -154.00 56.00 267.00 392.00 57.00 -1184.00 0
5481 4.03 -34.09 -5.57 -146.00 31.00 263.00 392.00 57.00 -1184.00 0
5490 2.92 -25.67 2.99 -131.00 3.00 254.00 392.00 57.00 -1184.00 0
5499 1.18 -19.20 12.03 -126.00 -17.00 244.00 393.00 43.00 -1043.00 0
5509 -0.63 -13.57 20.80 -112.00 -49.00 237.00 393.00 43.00 -1043.00 0
5518 -1.11 -4.87 33.25 -106.00 -59.00 223.00 393.00 43.00 -1043.00 0
5527 1.46 -1.39 36.38 -88.00 -62.00 218.00 393.00 43.00 -1043.00 0
5536 5.98 1.32 37.57 -75.00 -51.00 210.00 393.00 43.00 -1043.00 0
5545 11.90 3.41 37.08 -63.00 -39.00 203.00 393.00 43.00 -1043.00 0
5555 18.23 5.29 35.13 -49.00 -15.00 186.00 393.00 43.00 -1043.00 0
5564 23.93 7.65 32.07 -38.00 3.00 178.00 393.00 43.00 -1043.00 0
5573 29.22 17.04 23.44 -33.00 4.00 166.00 393.00 43.00 -1043.00 0
5582 27.76 23.72 18.71 -35.00 1.00 165.00 393.00 43.00 -1043.00 0
5592 24.21 31.58 14.47 -39.00 -9.00 152.00 393.00 43.00 -1043.00 0
5601 18.99 41.04 10.50 -39.00 -32.00 154.00 393.00 43.00 -1043.00 0
5610 12.38 52.59 6.19 -54.00 -57.00 138.00 393.00 43.00 -1043.00 0
5619 5.08 66.37 1.39 -58.00 -69.00 144.00 393.00 43.00 -1043.00 0
5628 -6.40 97.11 -9.67 -68.00 -80.00 134.00 393.00 43.00 -1043.00 0
5638 -9.25 113.11 -15.65 -73.00 -90.00 132.00 393.00 43.00 -1043.00 0
5647 -9.74 128.14 -21.43 -101.00 -95.00 127.00 393.00 43.00 -1043.00 0
5656 -7.23 143.51 -26.43 -128.00 -79.00 122.00 393.00 43.00 -1043.00 0
5665 -1.46 157.84 -30.61 -157.00 -76.00 117.00 393.00 43.00 -1043.00 0
5675 6.05 170.09 -34.57 -179.00 -60.00 136.00 393.00 43.00 -1043.00 0
5684 23.79 186.23 -41.25 -200.00 -49.00 145.00 393.00 43.00 -1043.00 0
5693 31.86 190.82 -44.10 -226.00 -39.00 163.00 393.00 43.00 -1043.00 0
5702 38.33 193.60 -46.47 -239.00 -28.00 163.00 520.00 31.00 -1054.00 0
5711 42.92 194.37 -48.21 -252.00 -27.00 179.00 520.00 31.00 -1054.00 0
5722 45.43 193.25 -48.97 -258.00 -19.00 185.00 520.00 31.00 -1054.00 0
5731 44.17 184.97 -47.10 -262.00 -29.00 178.00 520.00 31.00 -1054.00 0
5740 40.42 177.60 -45.22 -254.00 -42.00 178.00 520.00 31.00 -1054.00 0
5749 35.34 168.70 -42.92 -255.00 -56.00 167.00 520.00 31.00 -1054.00 0
5758 30.47 159.23 -39.86 -246.00 -67.00 170.00 520.00 31.00 -1054.00 0
5768 26.92 148.94 -35.90 -241.00 -62.00 164.00 520.00 31.00 -1054.00 0
5777 25.18 137.88 -31.72 -235.00 -62.00 147.00 520.00 31.00 -1054.00 0
5787 24.56 112.00 -24.21 -220.00 -55.00 135.00 520.00 31.00 -1054.00 0
5796 24.77 98.57 -21.43 -210.00 -46.00 133.00 520.00 31.00 -1054.00 0
5806 24.83 86.05 -19.20 -208.00 -45.00 116.00 520.00 31.00 -1054.00 0
5815 24.70 75.69 -17.25 -197.00 -46.00 107.00 520.00 31.00 -1054.00 0
5824 24.83 69.08 -15.51 -200.00 -41.00 97.00 520.00 31.00 -1054.00 0
5833 25.95 68.31 -12.52 -193.00 -39.00 79.00 520.00 31.00 -1054.00 0
5842 27.62 72.83 -10.71 -195.00 -25.00 81.00 520.00 31.00 -1054.00 0
5852 29.98 80.70 -8.70 -193.00 -12.00 82.00 520.00 31.00 -1054.00 0
5861 32.49 89.60 -5.70 -200.00 5.00 112.00 520.00 31.00 -1054.00 0
5870 33.67 96.63 -1.88 -214.00 -7.00 121.00 520.00 31.00 -1054.00 0
5879 30.40 100.10 0.28 -227.00 -5.00 123.00 520.00 31.00 -1054.00 0
5889 17.53 98.37 -1.39 -252.00 -39.00 103.00 520.00 31.00 -1054.00 0
5898 10.99 91.13 -2.78 -241.00 -58.00 116.00 520.00 31.00 -1054.00 0
5907 7.72 78.33 -3.06 -244.00 -43.00 103.00 520.00 31.00 -1054.00 0
5916 7.58 65.60 -2.37 -233.00 -24.00 102.00 520.00 31.00 -1054.00 0
5925 8.49 52.45 -0.77 -225.00 -23.00 100.00 520.00 31.00 -1054.00 0
5935 8.97 38.75 0.70 -222.00 -23.00 91.00 520.00 31.00 -1054.00 0
5944 4.94 17.60 0.35 -227.00 -34.00 94.00 520.00 31.00 -1054.00 0
5953 1.39 10.50 -0.77 -217.00 -46.00 86.00 520.00 31.00 -1054.00 0
5962 -1.25 5.63 -1.60 -222.00 -46.00 87.00 578.00 26.00 -1069.00 0
5971 -2.23 2.57 -2.23 -216.00 -39.00 91.00 578.00 26.00 -1069.00 0
5981 -2.64 0.63 -2.23 -217.00 -44.00 102.00 578.00 26.00 -1069.00 0
5990 -3.06 -0.83 -1.39 -213.00 -48.00 94.00 578.00 26.00 -1069.00 0
5999 -3.83 -4.31 2.30 -208.00 -41.00 89.00 578.00 26.00 -1069.00 0
6008 -3.83 -5.77 4.17 -209.00 -48.00 90.00 578.00 26.00 -1069.00 0
6018 -4.52 -6.75 5.01 -217.00 -48.00 90.00 578.00 26.00 -1069.00 0
6027 -5.63 -7.58 4.87 -220.00 -48.00 88.00 585.00 23.00 -1047.00 0
6036 -6.75 -8.28 4.24 -224.00 -47.00 94.00 585.00 23.00 -1047.00 0
6045 -7.79 -9.11 3.41 -229.00 -48.00 92.00 585.00 23.00 -1047.00 0
6054 -8.70 -10.23 2.50 -227.00 -47.00 93.00 585.00 23.00 -1047.00 0
6063 -9.81 -13.63 0.42 -225.00 -47.00 98.00 585.00 23.00 -1047.00 0
6072 -10.09 -15.44 -0.63 -225.00 -44.00 95.00 585.00 23.00 -1047.00 0
6081 -10.16 -16.90 -1.46 -220.00 -47.00 96.00 585.00 23.00 -1047.00 0
6090 -10.09 -17.67 -2.23 -225.00 -48.00 97.00 576.00 25.00 -1265.00 0
6099 -10.16 -18.02 -3.34 -227.00 -44.00 99.00 576.00 25.00 -1265.00 0
6109 -10.09 -18.09 -4.66 -224.00 -44.00 97.00 576.00 25.00 -1265.00 0
6118 -9.95 -17.74 -7.03 -224.00 -46.00 102.00 576.00 25.00 -1265.00 0
6127 -9.81 -17.04 -7.93 -225.00 -44.00 102.00 576.00 25.00 -1265.00 0
6136 -9.53 -15.93 -8.35 -226.00 -43.00 98.00 576.00 25.00 -1265.00 0
6146 -8.77 -14.96 -8.28 -230.00 -42.00 109.00 576.00 25.00 -1265.00 0
6155 -7.86 -14.26 -8.00 -230.00 -46.00 110.00 576.00 33.00 -1289.00 0
6164 -7.03 -14.26 -7.72 -233.00 -39.00 113.00 571.00 33.00 -1289.00 0
6173 -6.26 -16.42 -7.93 -228.00 -39.00 109.00 571.00 33.00 -1289.00 0
6182 -6.26 -18.16 -8.49 -218.00 -43.00 110.00 571.00 33.00 -1289.00 0
6192 -6.82 -20.03 -9.25 -211.00 -51.00 108.00 571.00 33.00 -1289.00 0
6201 -7.51 -21.91 -10.16 -207.00 -54.00 109.00 571.00 33.00 -1289.00 0
6211 -8.14 -23.58 -11.13 -211.00 -53.00 112.00 571.00 33.00 -1289.00 0
6220 -8.07 -25.46 -12.03 -210.00 -55.00 119.00 571.00 33.00 -1289.00 0
6230 -7.17 -30.89 -13.01 -220.00 -49.00 129.00 571.00 33.00 -1289.00 0
6239 -6.82 -35.13 -13.29 -224.00 -49.00 146.00 571.00 33.00 -1289.00 0
6248 -6.47 -40.97 -13.22 -233.00 -52.00 162.00 571.00 33.00 -1289.00 0
6257 -6.89 -49.32 -12.80 -232.00 -54.00 156.00 571.00 33.00 -1289.00 0
6266 -7.72 -60.66 -11.41 -214.00 -55.00 156.00 571.00 33.00 -1289.00 0
6276 -8.63 -74.09 -5.57 -200.00 -55.00 150.00 571.00 33.00 -1289.00 0
6285 -13.63 -101.70 -2.85 -184.00 -52.00 145.00 571.00 33.00 -1289.00 0
6294 -17.04 -115.62 -0.21 -166.00 -51.00 139.00 571.00 33.00 -1289.00 0
6303 -21.01 -128.42 2.30 -148.00 -51.00 127.00 571.00 33.00 -1289.00 0
6312 -25.04 -139.69 4.66 -142.00 -39.00 115.00 571.00 33.00 -1289.00 0
6322 -28.52 -149.70 6.61 -158.00 -29.00 86.00 571.00 33.00 -1289.00 0
6331 -32.42 -162.85 9.81 -164.00 -17.00 95.00 571.00 33.00 -1289.00 0
6341 -32.77 -165.29 11.97 -180.00 -15.00 113.00 571.00 33.00 -1289.00 0
6350 -33.04 -163.97 14.05 -194.00 -27.00 150.00 571.00 33.00 -1289.00 0
6360 -33.04 -160.42 15.65 -210.00 -27.00 178.00 571.00 33.00 -1289.00 0
6369 -32.56 -155.34 16.63 -237.00 -17.00 212.00 571.00 33.00 -1289.00 0
6378 -31.58 -149.70 18.02 -239.00 0.00 212.00 571.00 33.00 -1289.00 0
6387 -30.75 -143.44 19.41 -207.00 16.00 205.00 571.00 33.00 -1289.00 0
6396 -32.56 -143.79 20.87 -177.00 0.00 187.00 571.00 33.00 -1289.00 0
6406 -36.80 -143.23 21.91 -144.00 -24.00 168.00 571.00 33.00 -1289.00 0
6416 -41.53 -140.66 23.37 -125.00 -45.00 162.00 571.00 33.00 -1289.00 0
6425 -44.80 -135.58 25.46 -113.00 -64.00 157.00 437.00 47.00 -1182.00 0
6434 -45.50 -121.67 28.59 -99.00 -63.00 156.00 437.00 47.00 -1182.00 0
6444 -42.37 -113.67 28.59 -102.00 -70.00 174.00 437.00 47.00 -1182.00 0
6453 -37.29 -104.97 28.17 -117.00 -63.00 191.00 437.00 47.00 -1182.00 0
6462 -31.03 -96.63 27.69 -116.00 -43.00 189.00 437.00 47.00 -1182.00 0
6471 -24.42 -89.67 26.85 -108.00 -34.00 186.00 437.00 47.00 -1182.00 0
6481 -18.37 -83.83 24.14 -99.00 -29.00 187.00 437.00 47.00 -1182.00 0
6491 -10.71 -73.11 22.40 -91.00 -31.00 187.00 437.00 47.00 -1182.00 0
6500 -9.39 -67.06 20.17 -91.00 -28.00 185.00 437.00 47.00 -1182.00 0
6509 -9.18 -60.52 17.95 -95.00 -30.00 189.00 437.00 47.00 -1182.00 0
6518 -9.88 -53.91 15.65 -94.00 -32.00 187.00 437.00 47.00 -1182.00 0
6528 -11.27 -47.03 13.22 -90.00 -32.00 187.00 437.00 47.00 -1182.00 0
6537 -12.59 -33.67 10.09 -87.00 -33.00 178.00 437.00 47.00 -1182.00 0
6546 -14.82 -27.48 9.46 -81.00 -45.00 172.00 437.00 47.00 -1182.00 0
6555 -15.93 -21.84 8.77 -90.00 -50.00 177.00 437.00 47.00 -1182.00 0
6564 -16.83 -17.18 8.00 -105.00 -52.00 198.00 437.00 47.00 -1182.00 0
6574 -17.53 -14.19 7.37 -121.00 -35.00 199.00 437.00 47.00 -1182.00 0
6583 -18.30 -14.47 7.23 -97.00 -32.00 187.00 437.00 47.00 -1182.00 0
6592 -18.64 -26.23 10.02 -59.00 -26.00 147.00 437.00 47.00 -1182.00 0
6601 -17.25 -36.45 14.26 -26.00 -21.00 112.00 437.00 47.00 -1182.00 0
6610 -15.44 -46.82 20.03 6.00 -18.00 73.00 437.00 47.00 -1182.00 0
6620 -12.94 -55.10 26.23 -5.00 -30.00 45.00 437.00 47.00 -1182.00 1
6630 -10.64 -59.20 30.75 -68.00 38.00 120.00 437.00 47.00 -1182.00 1
6640 -6.89 -58.02 29.08 -129.00 60.00 214.00 437.00 47.00 -1182.00 1
6650 -15.58 -54.54 21.70 -170.00 42.00 307.00 437.00 47.00 -1182.00 1
6661 -32.90 -50.50 12.24 -244.00 -105.00 447.00 437.00 47.00 -1182.00 1
6671 -67.69 -43.27 8.63 -274.00 -203.00 462.00 437.00 47.00 -1182.00 1
6682 -74.09 -41.39 13.01 -240.00 -236.00 389.00 396.00 66.00 -1091.00 1
6692 -70.33 -43.62 17.46 -145.00 -224.00 292.00 396.00 66.00 -1091.00 1
6704 -44.87 -58.71 16.97 -107.00 -165.00 240.00 396.00 66.00 -1091.00 1
6714 -29.08 -65.67 12.31 -95.00 -105.00 239.00 396.00 66.00 -1091.00 1
6724 -15.65 -73.32 5.98 -74.00 -51.00 229.00 396.00 66.00 -1091.00 1
6734 -1.39 -84.31 -6.61 -56.00 -40.00 194.00 396.00 66.00 -1091.00 1
6745 -1.53 -85.98 -11.20 -64.00 -60.00 200.00 396.00 66.00 -1091.00 1
6755 -4.52 -84.80 -14.89 -64.00 -80.00 193.00 396.00 66.00 -1091.00 0
6765 -8.00 -81.46 -17.67 -63.00 -64.00 186.00 396.00 66.00 -1091.00 0
6774 -9.04 -69.08 -20.24 -71.00 -40.00 192.00 396.00 66.00 -1091.00 0
6784 -6.82 -62.47 -20.73 -66.00 -3.00 201.00 396.00 66.00 -1091.00 0
6793 -4.17 -55.72 -20.66 -66.00 5.00 210.00 396.00 66.00 -1091.00 0
6802 -2.16 -48.97 -18.78 -75.00 1.00 233.00 396.00 66.00 -1091.00 0
6811 -0.56 -41.95 -14.40 -88.00 -23.00 245.00 396.00 66.00 -1091.00 0
6820 0.49 -34.85 -8.28 -88.00 -45.00 254.00 396.00 66.00 -1091.00 0
6830 3.69 -25.18 4.52 -80.00 -56.00 240.00 396.00 66.00 -1091.00 0
6839 6.40 -21.84 9.81 -67.00 -56.00 217.00 396.00 66.00 -1091.00 0
6848 10.09 -19.48 14.05 -55.00 -56.00 207.00 396.00 66.00 -1091.00 0
6857 13.57 -17.46 16.90 -50.00 -48.00 201.00 396.00 66.00 -1091.00 0
6866 16.28 -15.10 18.09 -42.00 -47.00 198.00 396.00 66.00 -1091.00 0
6876 17.60 -12.66 18.23 -38.00 -65.00 193.00 396.00 66.00 -1091.00 0
6885 16.63 -6.61 17.32 -39.00 -68.00 190.00 396.00 66.00 -1091.00 0
6894 16.42 -2.43 16.35 -47.00 -74.00 200.00 396.00 66.00 -1091.00 0
6903 16.28 2.71 14.68 -55.00 -74.00 207.00 396.00 66.00 -1091.00 0
6913 17.04 8.56 12.66 -58.00 -61.00 210.00 396.00 66.00 -1091.00 0
6922 19.06 14.40 10.71 -56.00 -49.00 207.00 396.00 66.00 -1091.00 0
6931 21.84 20.31 9.18 -43.00 -26.00 193.00 396.00 66.00 -1091.00 0
6940 26.09 36.10 6.12 -29.00 -25.00 178.00 396.00 66.00 -1091.00 0
6949 25.81 50.37 4.66 -35.00 -37.00 171.00 396.00 66.00 -1091.00 0
6959 24.28 72.14 3.48 -54.00 -45.00 168.00 396.00 66.00 -1091.00 0
6968 22.47 99.76 1.95 -75.00 -67.00 186.00 396.00 66.00 -1091.00 0
6977 19.76 129.67 -1.46 -118.00 -76.00 179.00 396.00 66.00 -1091.00 0
6986 16.90 159.58 -7.10 -127.00 -84.00 187.00 396.00 66.00 -1091.00 0
6995 13.01 206.47 -25.88 -135.00 -76.00 178.00 396.00 66.00 -1091.00 0
7005 13.77 220.73 -35.97 -144.00 -63.00 160.00 396.00 66.00 -1091.00 0
7014 16.97 230.96 -44.24 -132.00 -45.00 143.00 396.00 66.00 -1091.00 0
7023 22.54 236.80 -50.30 -126.00 -27.00 145.00 396.00 66.00 -1091.00 0
7033 29.50 238.40 -54.05 -133.00 -24.00 121.00 396.00 66.00 -1091.00 0
7043 35.62 241.53 -56.90 -152.00 -33.00 118.00 396.00 66.00 -1091.00 0
7052 44.52 241.32 -56.42 -153.00 -40.00 130.00 396.00 66.00 -1091.00 0
7061 47.86 239.86 -56.14 -174.00 -48.00 130.00 396.00 66.00 -1091.00 0
7070 50.71 240.83 -55.72 -196.00 -41.00 138.00 396.00 66.00 -1091.00 0
7079 54.40 242.64 -54.12 -197.00 -31.00 162.00 396.00 66.00 -1091.00 0
7089 58.30 243.06 -51.48 -250.00 -5.00 189.00 396.00 66.00 -1091.00 0
7099 63.51 235.90 -42.71 -278.00 4.00 217.00 396.00 66.00 -1091.00 0
7108 62.61 221.01 -36.80 -272.00 13.00 217.00 396.00 66.00 -1091.00 0
7117 58.85 197.29 -29.98 -246.00 2.00 192.00 396.00 66.00 -1091.00 0
7127 52.38 169.53 -22.61 -214.00 -11.00 164.00 396.00 66.00 -1091.00 0
7136 43.90 142.61 -15.72 -177.00 -35.00 122.00 396.00 66.00 -1091.00 0
7145 27.13 104.42 -4.31 -162.00 -50.00 101.00 396.00 66.00 -1091.00 0
7154 20.73 94.54 -0.49 -164.00 -60.00 102.00 396.00 66.00 -1091.00 0
7163 16.07 88.21 1.67 -184.00 -59.00 116.00 396.00 66.00 -1091.00 0
7173 13.36 82.85 2.64 -203.00 -53.00 127.00 396.00 66.00 -1091.00 0
7182 11.90 76.24 2.85 -217.00 -37.00 127.00 396.00 66.00 -1091.00 0
7191 11.20 67.69 2.99 -226.00 -26.00 133.00 396.00 66.00 -1091.00 0
7200 10.78 48.49 4.87 -230.00 -19.00 130.00 396.00 66.00 -1091.00 0
7211 8.56 39.79 5.08 -233.00 -36.00 126.00 396.00 66.00 -1091.00 0
7220 5.36 31.86 4.87 -244.00 -38.00 126.00 396.00 66.00 -1091.00 0
7229 2.71 24.83 4.59 -245.00 -37.00 129.00 396.00 66.00 -1091.00 0
7238 0.83 18.43 4.17 -245.00 -28.00 128.00 396.00 66.00 -1091.00 0
7247 -0.49 12.17 3.55 -232.00 -29.00 128.00 396.00 66.00 -1091.00 0
7257 -3.69 -1.32 2.02 -223.00 -41.00 119.00 396.00 66.00 -1091.00 0
7266 -6.19 -7.44 1.25 -214.00 -37.00 119.00 396.00 66.00 -1091.00 0
7274 -6.89 -11.48 0.97 -212.00 -34.00 109.00 564.00 17.00 -1111.00 0
7283 -7.23 -13.98 0.90 -208.00 -28.00 120.00 564.00 17.00 -1111.00 0
7292 -6.96 -16.49 1.53 -208.00 -28.00 120.00 564.00 17.00 -1111.00 0
7303 -7.10 -18.02 2.37 -207.00 -30.00 116.00 564.00 17.00 -1111.00 0
7312 -8.90 -17.95 2.85 -204.00 -36.00 121.00 564.00 17.00 -1111.00 0
7321 -9.74 -17.81 2.78 -203.00 -43.00 117.00 564.00 17.00 -1111.00 0
7330 -10.30 -17.25 2.78 -205.00 -41.00 121.00 564.00 17.00 -1111.00 0
7340 -10.16 -16.70 2.78 -208.00 -38.00 121.00 562.00 15.00 -917.00 0
7349 -9.88 -16.21 2.64 -206.00 -34.00 120.00 562.00 15.00 -917.00 0
7358 -9.60 -15.44 2.23 -210.00 -38.00 119.00 562.00 15.00 -917.00 0
7366 -9.18 -13.22 0.77 -213.00 -38.00 121.00 562.00 15.00 -917.00 0
7375 -9.25 -11.83 -0.28 -212.00 -37.00 122.00 562.00 15.00 -917.00 0
7385 -9.32 -10.50 -1.25 -211.00 -40.00 121.00 562.00 15.00 -917.00 0
7394 -9.04 -9.32 -2.23 -206.00 -37.00 121.00 562.00 15.00 -917.00 0
7403 -8.49 -8.00 -2.92 -205.00 -38.00 124.00 559.00 16.00 -1102.00 0
7412 -7.79 -6.47 -3.34 -204.00 -38.00 119.00 559.00 16.00 -1102.00 0
7421 -7.23 -3.69 -4.03 -204.00 -36.00 122.00 559.00 16.00 -1102.00 0
7431 -6.26 -2.92 -4.10 -198.00 -36.00 121.00 559.00 16.00 -1102.00 0
7440 -5.70 -2.43 -3.90 -200.00 -35.00 121.00 559.00 16.00 -1102.00 0
7449 -5.36 -2.16 -3.55 -196.00 -33.00 116.00 559.00 16.00 -1102.00 0
7458 -5.15 -2.09 -3.27 -196.00 -32.00 114.00 559.00 16.00 -1102.00 0
7468 -5.15 -1.88 -3.06 -201.00 -28.00 117.00 559.00 16.00 -1102.00 0
7477 -5.36 -1.67 -2.99 -209.00 -30.00 119.00 559.00 16.00 -1102.00 0
7486 -6.12 -2.37 -2.99 -207.00 -32.00 121.00 559.00 16.00 -1102.00 0
7495 -6.61 -3.62 -3.06 -201.00 -33.00 119.00 559.00 16.00 -1102.00 0
7504 -6.96 -5.08 -3.13 -202.00 -32.00 119.00 559.00 16.00 -1102.00 0
7514 -7.03 -6.40 -3.20 -197.00 -31.00 121.00 559.00 16.00 -1102.00 0
7523 -6.96 -7.23 -3.20 -197.00 -29.00 119.00 559.00 16.00 -1102.00 0
7532 -6.82 -7.72 -2.78 -198.00 -29.00 120.00 559.00 16.00 -1102.00 0
7541 -6.82 -7.44 -2.78 -198.00 -34.00 123.00 559.00 16.00 -1102.00 0
7550 -7.17 -7.17 -2.92 -198.00 -35.00 124.00 559.00 16.00 -1102.00 0
7560 -7.44 -6.82 -3.06 -200.00 -33.00 123.00 559.00 16.00 -1102.00 0
7569 -7.58 -6.47 -3.13 -198.00 -34.00 124.00 559.00 16.00 -1102.00 0
7578 -7.86 -5.98 -3.48 -203.00 -38.00 122.00 559.00 16.00 -1102.00 0
7587 -8.42 -5.57 -3.97 -199.00 -41.00 119.00 559.00 16.00 -1102.00 0
7597 -9.18 -4.31 -5.01 -200.00 -44.00 126.00 559.00 16.00 -1102.00 0
7606 -8.97 -3.69 -5.43 -202.00 -44.00 126.00 559.00 16.00 -1102.00 0
7615 -8.56 -2.99 -5.70 -203.00 -46.00 125.00 559.00 16.00 -1102.00 0
7624 -7.93 -2.30 -5.91 -202.00 -44.00 128.00 559.00 16.00 -1102.00 0
7633 -7.23 -1.53 -5.98 -202.00 -45.00 131.00 559.00 16.00 -1102.00 0
7643 -6.54 -0.90 -5.98 -204.00 -43.00 131.00 559.00 16.00 -1102.00 0
7652 -5.36 0.07 -5.63 -208.00 -45.00 127.00 559.00 16.00 -1102.00 0
7661 -5.01 0.14 -5.36 -211.00 -46.00 134.00 559.00 16.00 -1102.00 0
7670 -4.66 -0.35 -4.94 -215.00 -45.00 133.00 559.00 16.00 -1102.00 0
7680 -4.24 -1.53 -4.45 -213.00 -46.00 136.00 559.00 16.00 -1102.00 0
7688 -3.69 -3.48 -3.97 -214.00 -39.00 139.00 559.00 16.00 -1102.00 0
7697 -3.06 -6.05 -3.13 -211.00 -39.00 145.00 559.00 16.00 -1102.00 0
7706 -1.60 -13.63 -1.32 -207.00 -32.00 152.00 559.00 16.00 -1102.00 0
7715 -1.60 -18.57 0.00 -207.00 -35.00 151.00 559.00 16.00 -1102.00 0
7725 -2.43 -23.93 1.67 -202.00 -31.00 146.00 559.00 16.00 -1102.00 0
7734 -3.48 -30.05 3.27 -205.00 -40.00 145.00 546.00 22.00 -1281.00 0
7743 -4.94 -37.15 4.59 -205.00 -37.00 143.00 546.00 22.00 -1281.00 0
7752 -6.19 -44.73 5.50 -203.00 -40.00 143.00 546.00 22.00 -1281.00 0
7761 -8.97 -60.24 5.29 -203.00 -36.00 144.00 546.00 22.00 -1281.00 0
7771 -9.67 -67.62 4.73 -198.00 -30.00 139.00 546.00 22.00 -1281.00 0
7780 -10.23 -74.09 4.31 -183.00 -21.00 140.00 546.00 22.00 -1281.00 0
7790 -10.71 -78.75 4.45 -175.00 -26.00 139.00 546.00 22.00 -1281.00 0
7799 -11.83 -81.81 4.87 -181.00 -29.00 144.00 520.00 23.00 -1059.00 0
7809 -13.84 -83.69 5.36 -204.00 -38.00 171.00 520.00 23.00 -1059.00 0
7818 -18.71 -89.18 4.80 -219.00 -37.00 180.00 520.00 23.00 -1059.00 0
7827 -20.31 -95.03 4.52 -196.00 -23.00 167.00 520.00 23.00 -1059.00 0
7836 -20.52 -102.61 5.70 -175.00 -8.00 148.00 520.00 23.00 -1059.00 0
7845 -20.17 -110.26 8.42 -142.00 -2.00 137.00 520.00 23.00 -1059.00 0
7855 -20.52 -115.83 11.76 -137.00 -12.00 132.00 520.00 23.00 -1059.00 0
7864 -21.84 -117.91 14.47 -170.00 -38.00 161.00 484.00 24.00 -1208.00 0
7873 -26.43 -114.43 15.10 -168.00 -30.00 182.00 484.00 24.00 -1208.00 0
7882 -26.85 -113.18 13.91 -154.00 -16.00 169.00 484.00 24.00 -1208.00 0
7892 -26.43 -112.90 12.94 -144.00 -2.00 166.00 484.00 24.00 -1208.00 0
7902 -25.88 -113.11 12.80 -129.00 7.00 160.00 484.00 24.00 -1208.00 0
7911 -26.30 -113.74 13.15 -114.00 14.00 153.00 484.00 24.00 -1208.00 0
7920 -31.65 -114.78 15.86 -107.00 10.00 171.00 484.00 24.00 -1208.00 0
7929 -36.03 -114.43 18.43 -96.00 -5.00 169.00 442.00 29.00 -1088.00 0
7939 -41.67 -112.77 21.50 -85.00 -24.00 167.00 442.00 29.00 -1088.00 0
7948 -47.17 -109.98 25.53 -74.00 -58.00 171.00 442.00 29.00 -1088.00 0
7957 -52.73 -106.50 29.77 -71.00 -74.00 146.00 442.00 29.00 -1088.00 0
7966 -57.32 -102.68 34.09 -36.00 -93.00 119.00 442.00 29.00 -1088.00 0
7976 -62.47 -98.43 39.17 -18.00 -102.00 98.00 442.00 29.00 -1088.00 0
7986 -62.47 -97.46 40.00 13.00 -102.00 66.00 442.00 29.00 -1088.00 0
7995 -61.36 -96.77 39.10 54.00 -111.00 14.00 424.00 44.00 -1017.00 0
8004 -59.20 -95.30 36.24 33.00 -125.00 -2.00 424.00 44.00 -1017.00 1
8014 -55.51 -91.97 31.79 -48.00 -135.00 31.00 424.00 44.00 -1017.00 1
8025 -41.46 -75.34 13.91 -186.00 -53.00 176.00 424.00 44.00 -1017.00 1
8035 -29.01 -61.63 -1.32 -300.00 6.00 307.00 424.00 44.00 -1017.00 1
8045 -21.91 -47.58 -17.88 -412.00 26.00 576.00 424.00 44.00 -1017.00 1
8056 -23.58 -22.40 -38.54 -460.00 -12.00 688.00 424.00 44.00 -1017.00 1
8067 -27.97 -16.35 -36.59 -362.00 -66.00 582.00 424.00 44.00 -1017.00 1
8078 -31.58 -18.50 -12.24 -233.00 -113.00 386.00 424.00 44.00 -1017.00 1
8089 -30.33 -25.04 1.95 -127.00 -151.00 251.00 424.00 44.00 -1017.00 1
8099 -27.06 -33.11 12.94 -75.00 -166.00 173.00 424.00 44.00 -1017.00 1
8110 -16.21 -48.07 17.74 -51.00 -138.00 146.00 424.00 44.00 -1017.00 1
8121 -9.11 -55.86 13.15 -55.00 -108.00 140.00 424.00 44.00 -1017.00 1
8131 -0.70 -60.45 7.03 -27.00 -25.00 129.00 424.00 44.00 -1017.00 0
8140 9.67 -63.65 2.57 11.00 12.00 68.00 424.00 44.00 -1017.00 0
8148 20.66 -63.65 -2.02 20.00 56.00 48.00 424.00 44.00 -1017.00 0
8158 19.06 -59.69 -3.13 -2.00 48.00 88.00 424.00 44.00 -1017.00 0
8167 11.97 -53.50 -3.97 -32.00 16.00 129.00 424.00 44.00 -1017.00 0
8176 1.53 -46.19 -3.83 -67.00 -35.00 170.00 424.00 44.00 -1017.00 0
8185 -9.39 -38.19 -2.50 -91.00 -63.00 198.00 424.00 44.00 -1017.00 0
8195 -17.11 -29.50 0.07 -104.00 -73.00 214.00 424.00 44.00 -1017.00 0
8204 -22.05 -12.45 6.68 -108.00 -68.00 219.00 424.00 44.00 -1017.00 0
8213 -21.01 -4.80 9.04 -115.00 -70.00 219.00 424.00 44.00 -1017.00 0
8222 -19.13 1.25 10.50 -125.00 -72.00 231.00 424.00 44.00 -1017.00 0
8231 -17.11 5.22 10.78 -128.00 -71.00 237.00 424.00 44.00 -1017.00 0
8241 -15.17 7.03 9.74 -125.00 -75.00 232.00 424.00 44.00 -1017.00 0
8250 -13.36 7.23 7.93 -119.00 -67.00 230.00 424.00 44.00 -1017.00 0
8260 -8.42 6.54 4.38 -120.00 -67.00 233.00 382.00 55.00 -1187.00 0
8268 -5.70 6.68 2.92 -115.00 -68.00 234.00 382.00 55.00 -1187.00 0
8278 -2.78 7.30 1.81 -109.00 -68.00 224.00 382.00 55.00 -1187.00 0
8287 0.35 8.28 1.11 -97.00 -62.00 210.00 382.00 55.00 -1187.00 0
8296 3.83 9.60 0.70 -85.00 -58.00 197.00 382.00 55.00 -1187.00 0
8305 6.82 11.55 -0.07 -75.00 -50.00 190.00 382.00 55.00 -1187.00 0
8314 9.18 18.43 -2.92 -70.00 -46.00 185.00 382.00 55.00 -1187.00 0
8324 11.90 24.14 -4.94 -65.00 -50.00 188.00 388.00 48.00 -1119.00 0
8333 12.24 32.00 -7.44 -77.00 -64.00 182.00 388.00 48.00 -1119.00 0
8342 11.76 42.30 -10.78 -85.00 -65.00 184.00 388.00 48.00 -1119.00 0
8351 11.55 54.54 -14.96 -105.00 -68.00 187.00 388.00 48.00 -1119.00 0
8360 12.10 68.94 -19.76 -141.00 -65.00 216.00 388.00 48.00 -1119.00 0
8370 13.01 96.28 -30.68 -149.00 -53.00 218.00 388.00 48.00 -1119.00 0
8379 17.18 104.07 -35.41 -141.00 -29.00 207.00 388.00 48.00 -1119.00 0
8389 20.10 108.24 -38.40 -140.00 -29.00 197.00 427.00 52.00 -1064.00 0
8398 21.91 111.23 -39.51 -136.00 -49.00 191.00 427.00 52.00 -1064.00 0
8408 21.57 114.02 -39.65 -136.00 -68.00 178.00 427.00 52.00 -1064.00 0
8417 20.52 117.63 -38.75 -132.00 -90.00 170.00 427.00 52.00 -1064.00 0
8426 23.23 128.63 -35.41 -131.00 -89.00 161.00 427.00 52.00 -1064.00 0
8435 28.10 135.58 -33.74 -125.00 -68.00 158.00 427.00 52.00 -1064.00 0
8444 35.34 141.84 -32.63 -130.00 -45.00 141.00 427.00 52.00 -1064.00 0
8455 43.34 148.59 -31.58 -126.00 -33.00 153.00 479.00 37.00 -1042.00 0
8464 50.64 154.50 -30.26 -132.00 -13.00 150.00 479.00 37.00 -1042.00 0
8473 59.55 164.17 -27.55 -145.00 -10.00 139.00 479.00 37.00 -1042.00 0
8482 60.80 168.00 -25.46 -154.00 -3.00 152.00 479.00 37.00 -1042.00 0
8492 60.17 169.67 -23.17 -179.00 -9.00 153.00 479.00 37.00 -1042.00 0
8501 58.09 169.46 -20.52 -188.00 -3.00 186.00 479.00 37.00 -1042.00 0
8510 55.17 164.17 -17.88 -206.00 -38.00 188.00 479.00 37.00 -1042.00 0
8520 49.53 156.45 -16.49 -218.00 -37.00 186.00 525.00 29.00 -1249.00 0
8529 39.93 137.18 -11.69 -197.00 -38.00 193.00 525.00 29.00 -1249.00 0
8539 35.97 124.52 -8.83 -195.00 -36.00 167.00 525.00 29.00 -1249.00 0
8548 32.97 112.00 -5.57 -187.00 -42.00 145.00 525.00 29.00 -1249.00 0
8557 31.17 100.59 -1.74 -177.00 -44.00 140.00 525.00 29.00 -1249.00 0
8566 30.40 91.76 2.50 -198.00 -43.00 143.00 525.00 29.00 -1249.00 0
8576 30.05 82.92 9.88 -202.00 -35.00 161.00 525.00 29.00 -1249.00 0
8585 30.47 76.94 12.45 -204.00 -20.00 163.00 546.00 11.00 -1254.00 0
8594 30.47 69.01 14.54 -199.00 -9.00 160.00 546.00 11.00 -1254.00 0
8603 29.50 59.27 15.79 -187.00 -5.00 145.00 546.00 11.00 -1254.00 0
8612 26.50 48.49 15.51 -173.00 -17.00 125.00 546.00 11.00 -1254.00 0
8623 21.57 37.63 13.84 -163.00 -27.00 119.00 546.00 11.00 -1254.00 0
8632 10.78 21.63 9.39 -158.00 -32.00 121.00 546.00 11.00 -1254.00 0
8641 6.12 17.81 7.51 -187.00 -35.00 100.00 546.00 11.00 -1254.00 0
8650 2.50 17.18 5.15 -193.00 -31.00 110.00 546.00 1.00 -1088.00 0
8659 -0.21 18.02 2.30 -208.00 -36.00 107.00 554.00 1.00 -1088.00 0
8669 -2.16 19.20 -0.56 -221.00 -40.00 114.00 554.00 1.00 -1088.00 0
8678 -3.34 19.20 -1.67 -244.00 -37.00 126.00 554.00 1.00 -1088.00 0
8686 -0.63 20.31 0.42 -255.00 -44.00 136.00 554.00 1.00 -1088.00 0
8695 0.83 19.97 1.60 -256.00 -31.00 141.00 554.00 1.00 -1088.00 0
8705 2.78 18.30 2.43 -247.00 -25.00 143.00 554.00 1.00 -1088.00 0
8714 4.31 14.68 2.99 -232.00 -16.00 130.00 554.00 1.00 -1088.00 0
8723 4.94 10.09 3.41 -211.00 -19.00 126.00 554.00 1.00 -1088.00 0
8732 4.66 5.50 3.55 -200.00 -27.00 117.00 554.00 1.00 -1088.00 0
8741 1.25 -0.49 2.16 -200.00 -36.00 121.00 554.00 1.00 -1088.00 0
8751 0.00 -1.60 1.60 -207.00 -35.00 121.00 554.00 1.00 -1088.00 0
8760 -0.97 -2.02 1.11 -205.00 -34.00 125.00 554.00 1.00 -1088.00 0
8769 -1.60 -2.43 0.70 -204.00 -32.00 122.00 554.00 1.00 -1088.00 0
8778 -1.95 -2.43 0.63 -201.00 -34.00 120.00 554.00 1.00 -1088.00 0
8787 -1.88 -2.16 0.77 -204.00 -34.00 122.00 554.00 1.00 -1088.00 0
8797 -1.67 -1.60 1.04 -205.00 -30.00 126.00 554.00 1.00 -1088.00 0
8806 -0.56 -0.97 1.95 -204.00 -27.00 122.00 554.00 1.00 -1088.00 0
8814 0.00 -0.97 2.50 -196.00 -27.00 127.00 554.00 1.00 -1088.00 0
8823 0.42 -1.25 2.99 -193.00 -25.00 120.00 554.00 1.00 -1088.00 0
8833 0.56 -1.25 3.20 -190.00 -23.00 122.00 554.00 1.00 -1088.00 0
8842 0.42 -0.97 3.27 -190.00 -22.00 118.00 554.00 1.00 -1088.00 0
8851 0.35 -0.56 3.20 -190.00 -21.00 122.00 557.00 -3.00 -1074.00 0
8860 -0.28 0.63 2.50 -191.00 -18.00 121.00 557.00 -3.00 -1074.00 0
8869 -0.56 1.25 2.09 -196.00 -19.00 128.00 557.00 -3.00 -1074.00 0
8879 -1.11 1.88 1.39 -200.00 -16.00 132.00 557.00 -3.00 -1074.00 0
8888 -1.95 2.09 0.42 -198.00 -20.00 126.00 557.00 -3.00 -1074.00 0
8897 -2.78 1.81 -0.49 -198.00 -16.00 123.00 557.00 -3.00 -1074.00 0
8906 -3.55 1.32 -1.11 -197.00 -20.00 131.00 557.00 -3.00 -1074.00 0
8914 -4.17 0.77 -1.53 -202.00 -22.00 125.00 557.00 -5.00 -1003.00 0
8924 -5.22 0.63 -2.43 -199.00 -24.00 129.00 557.00 -5.00 -1003.00 0
8933 -5.63 0.63 -3.13 -204.00 -26.00 127.00 557.00 -5.00 -1003.00 0
8942 -5.84 0.83 -3.41 -204.00 -23.00 125.00 557.00 -5.00 -1003.00 0
8951 -5.70 0.42 -3.27 -201.00 -28.00 125.00 557.00 -5.00 -1003.00 0
8961 -5.43 -0.42 -2.99 -202.00 -23.00 125.00 557.00 -5.00 -1003.00 0
8970 -5.01 -1.04 -2.57 -205.00 -19.00 124.00 557.00 -5.00 -1003.00 0
8979 -3.76 -1.18 -1.81 -199.00 -19.00 128.00 557.00 -5.00 -1177.00 0
8988 -3.41 -0.90 -1.60 -202.00 -11.00 127.00 557.00 -5.00 -1177.00 0
8997 -3.34 0.00 -1.46 -206.00 -10.00 130.00 557.00 -5.00 -1177.00 0
9007 -3.69 1.18 -1.46 -212.00 -13.00 129.00 557.00 -5.00 -1177.00 0
9016 -4.52 2.09 -1.74 -212.00 -20.00 130.00 557.00 -5.00 -1177.00 0
9025 -5.57 2.37 -2.16 -210.00 -26.00 125.00 557.00 -5.00 -1177.00 0
9034 -6.47 2.30 -2.43 -206.00 -22.00 127.00 557.00 -5.00 -1177.00 0
9042 -6.96 1.46 -2.09 -201.00 -19.00 124.00 557.00 -5.00 -1177.00 0
9052 -6.89 1.11 -1.74 -201.00 -21.00 126.00 557.00 -5.00 -1177.00 0
9061 -6.89 0.90 -1.53 -201.00 -26.00 126.00 557.00 -5.00 -1177.00 0
9070 -6.96 0.90 -1.32 -204.00 -24.00 125.00 557.00 -5.00 -1177.00 0
9079 -6.82 1.11 -1.04 -199.00 -18.00 127.00 557.00 -5.00 -1177.00 0
9089 -6.61 1.32 -0.83 -197.00 -19.00 125.00 557.00 -5.00 -1177.00 0
9098 -6.33 1.81 -0.70 -199.00 -17.00 126.00 557.00 -5.00 -1177.00 0
9107 -6.47 1.95 -0.83 -198.00 -24.00 126.00 557.00 -5.00 -1177.00 0
9116 -6.75 2.09 -1.11 -197.00 -24.00 124.00 555.00 -2.00 -1257.00 0
9125 -7.03 2.30 -1.39 -196.00 -24.00 127.00 555.00 -2.00 -1257.00 0
9135 -7.17 2.71 -1.53 -195.00 -23.00 124.00 555.00 -2.00 -1257.00 0
9144 -7.17 3.34 -1.32 -202.00 -23.00 117.00 555.00 -2.00 -1257.00 0
9153 -7.51 4.38 -2.09 -202.00 -25.00 123.00 555.00 -2.00 -1257.00 0
9162 -7.30 4.17 -2.30 -202.00 -28.00 119.00 555.00 -2.00 -1257.00 0
9170 -6.96 4.10 -2.30 -201.00 -24.00 119.00 555.00 -2.00 -1257.00 0
9180 -6.26 4.03 -2.16 -203.00 -25.00 123.00 555.00 -2.00 -1257.00 0
9189 -5.63 3.97 -2.02 -207.00 -21.00 129.00 555.00 -2.00 -1257.00 0
9198 -5.29 3.69 -2.02 -211.00 -20.00 126.00 555.00 -2.00 -1257.00 0
9207 -5.22 3.06 -2.02 -205.00 -21.00 127.00 555.00 -2.00 -1257.00 0
9217 -5.22 1.04 -1.60 -200.00 -21.00 119.00 555.00 -2.00 -1257.00 0
9226 -5.36 0.07 -1.25 -194.00 -24.00 122.00 555.00 -2.00 -1257.00 0
9235 -5.70 -0.63 -1.18 -198.00 -26.00 121.00 555.00 -2.00 -1257.00 0
9244 -5.91 -0.56 -1.18 -197.00 -29.00 119.00 559.00 -2.00 -1071.00 0
9253 -6.12 -0.35 -1.32 -198.00 -30.00 120.00 559.00 -2.00 -1071.00 0
9263 -6.12 0.07 -1.46 -201.00 -26.00 124.00 559.00 -2.00 -1071.00 0
9272 -5.63 1.39 -1.39 -201.00 -30.00 126.00 559.00 -2.00 -1071.00 0
9281 -5.70 2.23 -1.25 -207.00 -29.00 119.00 559.00 -2.00 -1071.00 0
9290 -5.84 2.99 -1.18 -210.00 -36.00 121.00 559.00 -2.00 -1071.00 0
9298 -5.98 3.34 -1.18 -211.00 -33.00 125.00 559.00 -2.00 -1071.00 0
9308 -5.70 3.48 -1.18 -206.00 -28.00 122.00 558.00 -1.00 -1042.00 0
9317 -5.22 3.41 -0.90 -210.00 -20.00 122.00 558.00 -1.00 -1042.00 0
9326 -4.66 2.92 -0.63 -202.00 -30.00 125.00 558.00 -1.00 -1042.00 0
9335 -4.87 2.64 -0.83 -207.00 -29.00 126.00 558.00 -1.00 -1042.00 0
9345 -5.01 2.50 -0.97 -204.00 -28.00 122.00 558.00 -1.00 -1042.00 0
9354 -5.22 2.37 -1.25 -203.00 -24.00 123.00 558.00 -1.00 -1042.00 0
9363 -5.29 2.16 -1.32 -199.00 -22.00 122.00 558.00 -1.00 -1042.00 0
9372 -5.15 2.23 -1.25 -199.00 -26.00 122.00 562.00 1.00 -996.00 0
9381 -5.43 2.02 -1.32 -207.00 -25.00 116.00 562.00 1.00 -996.00 0
9391 -5.77 2.37 -1.81 -205.00 -30.00 118.00 562.00 1.00 -996.00 0
9400 -6.05 2.78 -1.88 -212.00 -24.00 123.00 562.00 1.00 -996.00 0
9408 -5.91 3.55 -1.95 -213.00 -25.00 126.00 562.00 1.00 -996.00 0
9417 -6.12 4.17 -2.37 -212.00 -22.00 124.00 562.00 1.00 -996.00 0
9426 -6.54 4.17 -2.78 -213.00 -30.00 123.00 562.00 1.00 -996.00 0
9436 -6.89 4.31 -2.85 -210.00 -31.00 123.00 562.00 1.00 -996.00 0
9445 -7.10 4.38 -1.95 -207.00 -30.00 121.00 562.00 1.00 -996.00 0
9454 -6.40 3.76 -1.46 -208.00 -25.00 121.00 562.00 1.00 -996.00 0
9463 -6.05 3.41 -1.04 -201.00 -25.00 120.00 562.00 1.00 -996.00 0
9473 -5.91 3.27 -0.70 -200.00 -29.00 122.00 562.00 1.00 -996.00 0
9481 -5.98 3.41 -0.70 -203.00 -30.00 119.00 562.00 1.00 -996.00 0
9490 -6.26 3.90 -0.90 -206.00 -28.00 120.00 562.00 1.00 -996.00 0
9499 -6.54 4.45 -1.32 -206.00 -28.00 121.00 562.00 1.00 -996.00 0
9508 -6.89 5.15 -2.30 -206.00 -28.00 120.00 562.00 1.00 -996.00 0
9518 -6.89 5.29 -2.50 -207.00 -30.00 122.00 562.00 1.00 -996.00 0
9527 -6.75 5.43 -2.43 -208.00 -27.00 117.00 562.00 1.00 -996.00 0
9536 -6.33 5.57 -2.16 -208.00 -27.00 120.00 562.00 1.00 -996.00 0
9545 -5.98 5.29 -1.88 -209.00 -28.00 118.00 562.00 1.00 -996.00 0
9553 -5.84 5.22 -1.74 -211.00 -22.00 115.00 562.00 1.00 -996.00 0
9563 -5.84 5.29 -1.60 -206.00 -25.00 118.00 562.00 1.00 -996.00 0
9572 -5.91 5.50 -1.81 -209.00 -28.00 109.00 566.00 3.00 -1202.00 0
9581 -6.05 5.84 -2.02 -211.00 -25.00 118.00 566.00 3.00 -1202.00 0
9590 -6.19 6.12 -2.16 -216.00 -28.00 114.00 566.00 3.00 -1202.00 0
9600 -6.19 6.19 -2.23 -215.00 -30.00 122.00 566.00 3.00 -1202.00 0
9609 -5.98 5.91 -2.09 -214.00 -28.00 121.00 566.00 3.00 -1202.00 0
9618 -5.50 5.29 -1.81 -210.00 -25.00 117.00 566.00 3.00 -1202.00 0
9627 -4.66 3.34 -1.04 -208.00 -26.00 117.00 566.00 3.00 -1202.00 0