-27.20 -77.57 28.66 -130.00 -35.00 192.00 440.00 -51.00 -1190.00 0
34887 -23.93 -57.74 22.33 -132.00 -26.00 218.00 440.00 -51.00 -1190.00 0
34896 -21.08 -50.57 20.73 -145.00 -20.00 227.00 440.00 -51.00 -1190.00 0
34906 -18.99 -44.66 18.57 -136.00 -27.00 229.00 440.00 -51.00 -1190.00 0
34915 -17.67 -40.56 16.35 -134.00 -25.00 213.00 440.00 -51.00 -1190.00 0
34924 -15.86 -37.22 14.75 -119.00 -23.00 210.00 440.00 -51.00 -1190.00 0
34933 -13.70 -35.20 13.70 -113.00 -18.00 209.00 433.00 -54.00 -1189.00 0
34942 -8.28 -30.61 13.36 -106.00 -8.00 213.00 433.00 -54.00 -1189.00 0
34953 -5.57 -27.76 12.80 -110.00 -10.00 204.00 433.00 -54.00 -1189.00 0
34962 -3.69 -24.49 12.10 -116.00 1.00 217.00 433.00 -54.00 -1189.00 0
34971 -1.53 -21.98 12.10 -113.00 8.00 214.00 433.00 -54.00 -1189.00 0
34980 0.00 -20.10 11.97 -109.00 6.00 210.00 433.00 -54.00 -1189.00 0
34990 1.32 -17.32 11.69 -107.00 12.00 214.00 433.00 -54.00 -1189.00 0
34999 1.39 -16.28 11.69 -104.00 9.00 205.00 432.00 -65.00 -1093.00 0
35008 0.56 -15.44 11.48 -105.00 2.00 213.00 432.00 -65.00 -1093.00 0
35017 -0.56 -14.40 11.34 -102.00 -1.00 213.00 432.00 -65.00 -1093.00 0
35026 -2.16 -13.08 10.99 -100.00 -9.00 210.00 432.00 -65.00 -1093.00 0
35036 -3.97 -11.55 10.30 -97.00 -10.00 208.00 432.00 -65.00 -1093.00 0
35045 -6.40 -8.00 8.83 -99.00 -19.00 206.00 432.00 -65.00 -1093.00 0
35054 -7.30 -5.43 7.79 -97.00 -18.00 200.00 432.00 -65.00 -1093.00 0
35063 -7.79 -2.57 6.68 -101.00 -18.00 202.00 433.00 -63.00 -1144.00 0
35073 -7.79 0.35 5.43 -105.00 -27.00 207.00 433.00 -63.00 -1144.00 0
35082 -7.79 3.34 3.83 -115.00 -23.00 215.00 433.00 -63.00 -1144.00 0
35091 -6.96 6.26 2.85 -123.00 -13.00 222.00 433.00 -63.00 -1144.00 0
35100 -4.66 10.23 0.97 -137.00 -13.00 226.00 433.00 -63.00 -1144.00 0
35109 -3.69 10.85 0.35 -138.00 -11.00 230.00 433.00 -63.00 -1144.00 0
35119 -2.71 10.37 0.21 -137.00 -15.00 226.00 433.00 -63.00 -1144.00 0
35128 -1.95 8.97 0.28 -133.00 -17.00 223.00 441.00 -64.00 -1199.00 0
35137 -1.25 7.51 -0.07 -127.00 -22.00 211.00 441.00 -64.00 -1199.00 0
35146 -0.83 6.40 -1.18 -133.00 -6.00 222.00 441.00 -64.00 -1199.00 0
35155 2.02 5.29 -2.09 -132.00 -1.00 225.00 441.00 -64.00 -1199.00 0
35165 3.20 4.52 -2.99 -131.00 6.00 223.00 441.00 -64.00 -1199.00 0
35174 3.83 3.69 -4.17 -125.00 5.00 218.00 441.00 -64.00 -1199.00 0
35183 4.03 2.71 -4.94 -125.00 6.00 211.00 441.00 -64.00 -1199.00 0
35192 4.31 1.67 -5.29 -123.00 5.00 209.00 441.00 -64.00 -1199.00 0
35202 4.38 0.97 -5.50 -118.00 7.00 208.00 441.00 -64.00 -1199.00 0
35211 4.87 -0.77 -5.57 -112.00 8.00 203.00 441.00 -64.00 -1199.00 0
35220 5.36 -1.46 -5.22 -108.00 9.00 202.00 441.00 -64.00 -1199.00 0
35229 5.98 -1.74 -4.87 -105.00 9.00 197.00 441.00 -64.00 -1199.00 0
35238 6.54 -1.67 -4.52 -108.00 13.00 194.00 441.00 -64.00 -1199.00 0
35248 6.96 -1.25 -4.45 -104.00 11.00 197.00 441.00 -64.00 -1199.00 0
35257 7.10 -0.63 -4.52 -105.00 16.00 198.00 441.00 -64.00 -1199.00 0
35266 6.40 1.46 -5.50 -107.00 14.00 197.00 441.00 -64.00 -1199.00 0
35275 5.43 2.78 -6.40 -104.00 14.00 203.00 441.00 -64.00 -1199.00 0
35284 3.97 4.24 -7.30 -108.00 8.00 197.00 441.00 -64.00 -1199.00 0
35294 2.37 5.91 -8.28 -105.00 5.00 198.00 441.00 -64.00 -1199.00 0
35303 0.83 7.37 -8.97 -107.00 2.00 193.00 441.00 -64.00 -1199.00 0
35312 -0.49 9.04 -9.46 -109.00 -1.00 191.00 441.00 -64.00 -1199.00 0
35321 -1.95 12.66 -9.95 -102.00 -3.00 192.00 441.00 -64.00 -1199.00 0
35331 -2.16 14.68 -10.23 -104.00 -4.00 188.00 441.00 -64.00 -1199.00 0
35340 -1.95 16.83 -10.57 -103.00 -1.00 189.00 441.00 -64.00 -1199.00 0
35349 -1.18 19.06 -10.71 -101.00 -3.00 191.00 441.00 -64.00 -1199.00 0
35358 -0.28 21.57 -10.85 -105.00 2.00 187.00 441.00 -64.00 -1199.00 0
35367 0.83 24.21 -10.92 -117.00 6.00 189.00 441.00 -64.00 -1199.00 0
35377 3.27 29.63 -11.48 -126.00 13.00 193.00 441.00 -64.00 -1199.00 0
35387 4.24 31.79 -11.90 -125.00 19.00 196.00 441.00 -64.00 -1199.00 0
35396 4.80 32.90 -12.17 -129.00 25.00 191.00 441.00 -64.00 -1199.00 0
35405 4.45 33.53 -12.38 -127.00 23.00 191.00 441.00 -64.00 -1199.00 0
35415 3.41 33.81 -12.38 -128.00 13.00 190.00 441.00 -64.00 -1199.00 0
35424 1.81 34.02 -11.69 -127.00 0.00 187.00 441.00 -64.00 -1199.00 0
35433 -2.09 35.41 -10.92 -127.00 0.00 181.00 441.00 -64.00 -1199.00 0
35442 -3.48 36.73 -10.02 -133.00 -3.00 182.00 441.00 -64.00 -1199.00 0
35451 -4.31 38.47 -9.18 -130.00 -9.00 180.00 441.00 -64.00 -1199.00 0
35461 -4.66 40.63 -8.56 -132.00 -10.00 183.00 441.00 -64.00 -1199.00 0
35470 -4.45 42.64 -8.00 -132.00 -9.00 183.00 441.00 -64.00 -1199.00 0
35479 -3.48 45.77 -7.72 -141.00 -2.00 191.00 441.00 -64.00 -1199.00 0
35488 -0.97 46.75 -8.07 -156.00 -1.00 196.00 441.00 -64.00 -1199.00 0
35497 0.14 46.40 -8.49 -166.00 1.00 205.00 441.00 -64.00 -1199.00 0
35507 0.90 44.38 -8.70 -172.00 3.00 205.00 441.00 -64.00 -1199.00 0
35516 1.39 41.11 -8.63 -181.00 12.00 205.00 441.00 -64.00 -1199.00 0
35525 1.39 36.45 -8.42 -180.00 9.00 210.00 488.00 -64.00 -1369.00 0
35534 0.07 24.21 -7.03 -168.00 7.00 197.00 488.00 -64.00 -1369.00 0
35544 -1.46 17.67 -5.84 -152.00 -2.00 184.00 488.00 -64.00 -1369.00 0
35553 -3.06 11.83 -4.66 -140.00 -5.00 176.00 488.00 -64.00 -1369.00 0
35562 -4.24 7.30 -3.62 -144.00 -10.00 177.00 488.00 -64.00 -1369.00 0
35571 -4.80 4.03 -2.85 -144.00 -16.00 184.00 488.00 -64.00 -1369.00 0
35580 -4.73 2.09 -2.37 -146.00 -9.00 180.00 488.00 -64.00 -1369.00 0
35590 -4.31 0.35 -2.23 -152.00 -4.00 191.00 487.00 -63.00 -1121.00 0
35599 -2.85 -0.35 -2.43 -148.00 -5.00 189.00 487.00 -63.00 -1121.00 0
35608 -2.43 -0.97 -2.78 -153.00 -1.00 188.00 487.00 -63.00 -1121.00 0
35617 -1.95 -1.53 -2.85 -160.00 -3.00 194.00 487.00 -63.00 -1121.00 0
35627 -1.67 -2.23 -2.78 -163.00 -1.00 194.00 487.00 -63.00 -1121.00 0
35636 -1.39 -3.55 -2.50 -168.00 -1.00 203.00 487.00 -63.00 -1121.00 0
35645 -0.77 -8.63 -1.11 -170.00 3.00 200.00 487.00 -63.00 -1121.00 0
35654 0.63 -12.38 -0.49 -168.00 6.00 201.00 482.00 -66.00 -1112.00 0
35663 1.11 -16.90 0.14 -157.00 7.00 195.00 482.00 -66.00 -1112.00 0
35673 1.46 -21.50 0.77 -146.00 12.00 188.00 482.00 -66.00 -1112.00 0
35682 1.67 -25.32 1.39 -141.00 15.00 194.00 482.00 -66.00 -1112.00 0
35691 1.39 -28.10 2.02 -137.00 9.00 196.00 482.00 -66.00 -1112.00 0
35700 0.97 -31.30 3.55 -143.00 8.00 205.00 482.00 -66.00 -1112.00 0
35709 -0.07 -32.49 4.66 -147.00 5.00 213.00 482.00 -66.00 -1112.00 0
35719 -0.49 -34.30 5.98 -137.00 13.00 207.00 463.00 -70.00 -895.00 0
35728 -0.77 -37.08 7.65 -170.00 48.00 192.00 463.00 -70.00 -895.00 0
35737 -1.32 -40.42 9.53 -125.00 4.00 207.00 463.00 -70.00 -895.00 0
35746 -2.37 -44.03 11.13 -117.00 4.00 199.00 463.00 -70.00 -895.00 0
35756 -3.90 -51.34 12.87 -111.00 -5.00 192.00 463.00 -70.00 -895.00 0
35765 -7.30 -53.84 13.15 -112.00 -3.00 190.00 463.00 -70.00 -895.00 0
35774 -8.42 -55.23 13.01 -115.00 -3.00 185.00 463.00 -70.00 -895.00 0
35783 -9.18 -55.44 12.17 -111.00 -1.00 192.00 463.00 -70.00 -895.00 0
35792 -9.18 -54.89 11.20 -107.00 9.00 194.00 463.00 -70.00 -895.00 0
35802 -8.35 -53.57 10.50 -98.00 12.00 189.00 463.00 -70.00 -895.00 0
35811 -7.10 -48.70 10.16 -94.00 8.00 189.00 463.00 -70.00 -895.00 0
35820 -4.80 -44.66 10.57 -103.00 12.00 198.00 463.00 -70.00 -895.00 0
35829 -2.92 -40.28 11.27 -99.00 10.00 206.00 463.00 -70.00 -895.00 0
35838 -0.97 -36.38 11.76 -95.00 30.00 198.00 463.00 -70.00 -895.00 0
35848 1.32 -33.39 12.31 -89.00 34.00 199.00 463.00 -70.00 -895.00 0
35857 3.06 -31.44 12.94 -84.00 38.00 198.00 463.00 -70.00 -895.00 0
35866 3.69 -27.62 13.43 -87.00 25.00 203.00 463.00 -70.00 -895.00 0
35875 1.46 -25.04 13.29 -101.00 8.00 216.00 463.00 -70.00 -895.00 0
35885 -0.07 -22.47 13.29 -103.00 1.00 216.00 463.00 -70.00 -895.00 0
35894 -1.04 -20.17 13.22 -92.00 -4.00 220.00 463.00 -70.00 -895.00 0
35903 -1.18 -18.37 13.08 -91.00 -5.00 215.00 463.00 -70.00 -895.00 0
35912 -0.63 -16.63 12.59 -84.00 5.00 212.00 463.00 -70.00 -895.00 0
35921 0.70 -15.03 10.71 -84.00 18.00 210.00 463.00 -70.00 -895.00 0
35931 4.17 -10.99 9.18 -87.00 29.00 215.00 463.00 -70.00 -895.00 0
35940 5.50 -8.14 7.30 -102.00 45.00 229.00 463.00 -70.00 -895.00 0
35949 6.19 -4.87 5.22 -120.00 54.00 237.00 463.00 -70.00 -895.00 0
35958 5.84 -2.16 3.13 -125.00 58.00 240.00 463.00 -70.00 -895.00 0
35968 4.38 -0.42 1.60 -125.00 48.00 241.00 463.00 -70.00 -895.00 0
35977 1.88 0.83 0.70 -126.00 33.00 225.00 463.00 -70.00 -895.00 0
35986 -4.73 2.16 0.21 -121.00 21.00 218.00 463.00 -70.00 -895.00 0
35995 -7.44 2.71 -0.14 -125.00 15.00 215.00 463.00 -70.00 -895.00 0
36004 -9.18 3.55 -0.35 -119.00 18.00 208.00 463.00 -70.00 -895.00 0
36014 -10.02 4.52 -0.42 -123.00 11.00 208.00 463.00 -70.00 -895.00 0
36023 -10.37 5.77 -0.42 -131.00 10.00 219.00 463.00 -70.00 -895.00 0
36032 -10.57 6.75 -0.28 -130.00 5.00 217.00 463.00 -70.00 -895.00 0
36041 -10.78 6.68 0.14 -123.00 6.00 209.00 463.00 -70.00 -895.00 0
36050 -10.71 6.12 0.63 -118.00 5.00 198.00 436.00 -86.00 -1211.00 0
36060 -10.71 5.91 1.11 -114.00 5.00 195.00 436.00 -86.00 -1211.00 0
36069 -10.92 6.19 1.11 -117.00 4.00 198.00 436.00 -86.00 -1211.00 0
36078 -10.99 7.10 0.77 -123.00 3.00 206.00 436.00 -86.00 -1211.00 0
36087 -11.20 8.42 0.28 -127.00 3.00 208.00 436.00 -86.00 -1211.00 0
36097 -11.55 10.02 -0.83 -128.00 2.00 208.00 436.00 -86.00 -1211.00 0
36106 -11.55 10.50 -1.46 -125.00 1.00 205.00 436.00 -86.00 -1211.00 0
36115 -11.41 10.99 -2.09 -123.00 4.00 203.00 443.00 -84.00 -1167.00 0
36124 -11.06 11.76 -2.92 -121.00 4.00 204.00 443.00 -84.00 -1167.00 0
36133 -10.37 12.87 -3.62 -118.00 10.00 207.00 443.00 -84.00 -1167.00 0
36143 -9.18 14.05 -4.66 -124.00 15.00 204.00 443.00 -84.00 -1167.00 0
36153 -6.75 16.42 -4.73 -124.00 17.00 210.00 443.00 -84.00 -1167.00 0
36162 -5.77 17.11 -4.45 -123.00 22.00 205.00 443.00 -84.00 -1167.00 0
36171 -5.01 17.67 -3.97 -121.00 20.00 212.00 443.00 -84.00 -1167.00 0
36180 -4.45 18.30 -3.20 -122.00 19.00 214.00 450.00 -83.00 -1093.00 0
36190 -4.38 18.85 -2.43 -120.00 16.00 211.00 450.00 -83.00 -1093.00 0
36199 -4.59 19.48 -1.39 -117.00 14.00 211.00 450.00 -83.00 -1093.00 0
36208 -5.98 19.48 -1.11 -120.00 13.00 210.00 450.00 -83.00 -1093.00 0
36217 -6.68 19.41 -0.90 -117.00 12.00 206.00 450.00 -83.00 -1093.00 0
36227 -7.37 18.85 -0.97 -109.00 7.00 205.00 450.00 -83.00 -1093.00 0
36236 -7.93 18.02 -1.32 -108.00 8.00 197.00 450.00 -83.00 -1093.00 0
36245 -8.14 17.39 -1.53 -108.00 7.00 199.00 458.00 -84.00 -1179.00 0
36254 -7.30 17.25 -1.04 -110.00 10.00 196.00 458.00 -84.00 -1179.00 0
36263 -6.75 17.39 -0.63 -118.00 14.00 199.00 458.00 -84.00 -1179.00 0
36273 -6.26 17.53 -0.28 -119.00 11.00 205.00 458.00 -84.00 -1179.00 0
36282 -6.12 17.04 0.14 -127.00 14.00 203.00 458.00 -84.00 -1179.00 0
36291 -6.19 15.72 0.70 -111.00 11.00 200.00 458.00 -84.00 -1179.00 0
36300 -6.75 13.50 1.11 -108.00 7.00 187.00 458.00 -84.00 -1179.00 0
36310 -9.39 9.46 1.32 -102.00 -5.00 185.00 467.00 -81.00 -1170.00 0
36319 -10.78 8.28 1.04 -104.00 -1.00 184.00 467.00 -81.00 -1170.00 0
36328 -11.83 8.21 0.35 -107.00 -6.00 189.00 467.00 -81.00 -1170.00 0
36337 -12.59 8.70 -0.63 -117.00 -14.00 191.00 467.00 -81.00 -1170.00 0
36346 -13.08 9.81 -1.53 -121.00 -11.00 192.00 467.00 -81.00 -1170.00 0
36356 -12.87 11.13 -2.23 -124.00 -10.00 195.00 467.00 -81.00 -1170.00 0
36366 -11.13 12.59 -3.34 -125.00 -3.00 204.00 467.00 -81.00 -1170.00 0
36375 -9.88 12.66 -3.55 -137.00 2.00 204.00 467.00 -81.00 -1170.00 0
36384 -8.63 12.17 -3.27 -149.00 13.00 216.00 467.00 -81.00 -1170.00 0
36393 -7.72 10.37 -2.85 -142.00 8.00 215.00 467.00 -81.00 -1170.00 0
36403 -7.65 7.10 -2.30 -133.00 15.00 209.00 467.00 -81.00 -1170.00 0
36412 -8.14 2.78 -1.60 -126.00 0.00 189.00 467.00 -81.00 -1170.00 0
36421 -10.85 -4.10 -0.83 -130.00 -5.00 193.00 467.00 -81.00 -1170.00 0
36430 -11.48 -5.84 -0.56 -134.00 -13.00 195.00 467.00 -81.00 -1170.00 0
36440 -11.48 -7.23 -0.77 -141.00 -11.00 211.00 467.00 -81.00 -1170.00 0
36449 -10.37 -9.11 -1.25 -149.00 -7.00 213.00 467.00 -81.00 -1170.00 0
36458 -8.83 -11.34 -2.09 -144.00 -2.00 214.00 467.00 -81.00 -1170.00 0
36467 -6.89 -14.47 -3.06 -128.00 3.00 200.00 467.00 -81.00 -1170.00 0
36476 -3.06 -21.15 -4.17 -126.00 7.00 198.00 467.00 -81.00 -1170.00 0
36486 -1.81 -23.10 -4.31 -115.00 6.00 195.00 467.00 -81.00 -1170.00 0
36495 -1.11 -23.51 -4.38 -116.00 10.00 194.00 467.00 -81.00 -1170.00 0
36504 -0.77 -22.61 -4.38 -118.00 9.00 198.00 467.00 -81.00 -1170.00 0
36513 -0.56 -20.66 -4.24 -116.00 10.00 198.00 454.00 -75.00 -1301.00 0
36523 -0.35 -18.02 -3.27 -113.00 14.00 194.00 454.00 -75.00 -1301.00 0
36532 1.11 -11.69 -2.37 -110.00 18.00 196.00 454.00 -75.00 -1301.00 0
36541 2.16 -8.14 -1.53 -115.00 24.00 198.00 454.00 -75.00 -1301.00 0
36550 2.85 -4.17 -0.77 -116.00 24.00 206.00 454.00 -75.00 -1301.00 0
36559 3.06 -0.42 -0.14 -120.00 27.00 203.00 454.00 -75.00 -1301.00 0
36569 2.64 3.06 0.28 -127.00 19.00 215.00 454.00 -75.00 -1301.00 0
36578 1.81 8.49 0.70 -129.00 16.00 214.00 454.00 -75.00 -1301.00 0
36587 -0.83 10.30 0.63 -133.00 14.00 216.00 454.00 -75.00 -1301.00 0
36596 -2.50 11.41 0.63 -135.00 9.00 214.00 454.00 -75.00 -1301.00 0
36605 -4.03 11.55 0.56 -131.00 2.00 210.00 454.00 -75.00 -1301.00 0
36615 -5.22 10.85 0.63 -126.00 1.00 201.00 454.00 -75.00 -1301.00 0
36624 -5.91 9.53 0.77 -125.00 2.00 203.00 454.00 -75.00 -1301.00 0
36633 -5.91 6.96 0.90 -123.00 6.00 201.00 454.00 -75.00 -1301.00 0
36642 -4.73 6.05 0.83 -122.00 5.00 207.00 454.00 -75.00 -1301.00 0
36652 -4.38 5.43 0.70 -121.00 7.00 202.00 454.00 -75.00 -1301.00 0
36661 -4.24 5.22 0.56 -119.00 5.00 198.00 454.00 -75.00 -1301.00 0
36670 -4.38 5.22 0.28 -120.00 6.00 196.00 454.00 -75.00 -1301.00 0
36679 -4.66 5.50 -0.07 -124.00 1.00 200.00 454.00 -75.00 -1301.00 0
36688 -4.87 5.84 -0.90 -121.00 3.00 195.00 454.00 -75.00 -1301.00 0
36698 -4.94 5.22 -1.11 -113.00 3.00 186.00 454.00 -75.00 -1301.00 0
36707 -4.94 4.38 -1.39 -112.00 5.00 182.00 467.00 -76.00 -1056.00 0
36716 -5.01 3.62 -1.74 -98.00 4.00 180.00 467.00 -76.00 -1056.00 0
36725 -5.22 3.41 -2.23 -93.00 10.00 173.00 467.00 -76.00 -1056.00 0
36734 -5.43 3.62 -3.13 -88.00 15.00 161.00 467.00 -76.00 -1056.00 0
36744 -6.54 3.90 -4.94 -89.00 20.00 167.00 467.00 -76.00 -1056.00 0
36753 -10.16 7.44 -9.81 -83.00 17.00 163.00 467.00 -76.00 -1056.00 0
36762 -13.63 9.81 -13.43 -83.00 17.00 167.00 467.00 -76.00 -1056.00 0
36771 -17.46 12.17 -16.83 -95.00 6.00 165.00 470.00 -63.00 -1153.00 0
36781 -21.84 14.33 -19.90 -95.00 1.00 172.00 470.00 -63.00 -1153.00 0
36790 -26.37 15.44 -22.68 -94.00 -15.00 178.00 470.00 -63.00 -1153.00 0
36799 -30.33 15.51 -25.25 -105.00 -25.00 184.00 470.00 -63.00 -1153.00 0
36808 -35.62 13.01 -24.97 -115.00 -35.00 200.00 470.00 -63.00 -1153.00 0
36818 -36.38 9.04 -23.65 -127.00 -38.00 208.00 470.00 -63.00 -1153.00 0
36828 -35.90 3.41 -21.57 -127.00 -23.00 217.00 470.00 -63.00 -1153.00 1
36838 -32.63 -3.83 -17.67 -188.00 -20.00 169.00 464.00 -41.00 -1274.00 1
36848 -22.40 -22.26 -8.28 -266.00 -14.00 279.00 464.00 -41.00 -1274.00 1
36858 -16.28 -27.48 -8.83 -346.00 0.00 360.00 464.00 -41.00 -1274.00 1
36869 -10.78 -29.70 -11.55 -351.00 14.00 440.00 464.00 -41.00 -1274.00 1
36879 -7.37 -37.63 -16.97 -295.00 58.00 416.00 464.00 -41.00 -1274.00 1
36889 -5.91 -47.44 -15.65 -200.00 12.00 338.00 464.00 -41.00 -1274.00 1
36899 -11.90 -59.06 -11.55 -126.00 -58.00 235.00 464.00 -41.00 -1274.00 1
36910 -19.13 -69.57 -5.57 -97.00 -92.00 173.00 464.00 -41.00 -1274.00 0
36919 -26.02 -82.85 8.00 -75.00 -102.00 146.00 464.00 -41.00 -1274.00 0
36928 -21.36 -86.26 12.31 -62.00 -55.00 136.00 464.00 -41.00 -1274.00 0
36937 -11.90 -88.56 14.12 -56.00 -1.00 149.00 464.00 -41.00 -1274.00 0
36947 -0.14 -88.63 13.98 -52.00 65.00 181.00 464.00 -41.00 -1274.00 0
36957 10.99 -85.43 13.22 -41.00 94.00 190.00 464.00 -41.00 -1274.00 0
36966 18.02 -74.43 13.29 -40.00 66.00 190.00 464.00 -41.00 -1274.00 0
36975 11.90 -66.78 13.98 -51.00 17.00 200.00 464.00 -41.00 -1274.00 0
36984 3.20 -56.97 15.17 -67.00 -14.00 192.00 464.00 -41.00 -1274.00 0
36994 -5.22 -45.50 16.42 -79.00 -36.00 193.00 464.00 -41.00 -1274.00 0
37003 -11.06 -34.02 16.90 -88.00 -35.00 195.00 464.00 -41.00 -1274.00 0
37012 -13.43 -23.51 16.77 -93.00 -33.00 211.00 464.00 -41.00 -1274.00 0
37021 -10.92 -11.27 15.72 -87.00 -22.00 202.00 464.00 -41.00 -1274.00 0
37030 -7.65 -9.95 15.17 -74.00 -15.00 192.00 464.00 -41.00 -1274.00 0
37040 -4.17 -10.43 14.33 -63.00 -12.00 187.00 464.00 -41.00 -1274.00 0
37049 -1.46 -10.50 13.01 -70.00 -8.00 198.00 464.00 -41.00 -1274.00 0
37058 0.49 -9.32 11.13 -89.00 -2.00 215.00 464.00 -41.00 -1274.00 0
37067 1.46 -7.44 9.11 -92.00 -3.00 214.00 464.00 -41.00 -1274.00 0
37076 0.49 -3.90 4.66 -90.00 -13.00 213.00 464.00 -41.00 -1274.00 0
37086 -0.56 -2.37 2.43 -84.00 -19.00 202.00 464.00 -41.00 -1274.00 0
37095 -1.04 -1.18 0.35 -84.00 -15.00 193.00 464.00 -41.00 -1274.00 0
37104 -0.90 0.14 -1.95 -85.00 -5.00 195.00 464.00 -41.00 -1274.00 0
37113 -0.35 2.02 -4.73 -98.00 5.00 205.00 464.00 -41.00 -1274.00 0
37123 0.14 4.73 -8.00 -99.00 6.00 218.00 464.00 -41.00 -1274.00 0
37132 -0.14 11.41 -14.61 -100.00 10.00 221.00 464.00 -41.00 -1274.00 0
37141 -0.77 14.89 -16.83 -102.00 7.00 222.00 464.00 -41.00 -1274.00 0
37150 -1.60 18.23 -18.37 -107.00 5.00 226.00 464.00 -41.00 -1274.00 0
37159 -2.50 21.15 -19.20 -104.00 7.00 226.00 464.00 -41.00 -1274.00 0
37169 -3.20 23.10 -19.20 -101.00 -1.00 219.00 464.00 -41.00 -1274.00 0
37178 -3.90 24.28 -18.50 -96.00 1.00 226.00 464.00 -41.00 -1274.00 0
37187 -5.01 25.39 -16.35 -100.00 -1.00 220.00 464.00 -41.00 -1274.00 0
37196 -5.08 26.23 -15.51 -96.00 -4.00 211.00 464.00 -41.00 -1274.00 0
37206 -4.73 26.50 -14.96 -95.00 1.00 208.00 464.00 -41.00 -1274.00 0
37215 -4.03 26.78 -14.82 -95.00 0.00 210.00 464.00 -41.00 -1274.00 0
37224 -3.27 27.55 -15.10 -100.00 4.00 204.00 464.00 -41.00 -1274.00 0
37233 -2.50 28.80 -15.51 -95.00 4.00 205.00 464.00 -41.00 -1274.00 0
37243 -3.55 30.82 -17.95 -98.00 25.00 210.00 464.00 -41.00 -1274.00 0
37253 -3.97 31.10 -19.41 -112.00 36.00 220.00 464.00 -41.00 -1274.00 0
37262 -6.19 29.84 -21.57 -115.00 44.00 221.00 464.00 -41.00 -1274.00 0
37271 -11.55 25.18 -24.97 -104.00 28.00 218.00 464.00 -41.00 -1274.00 0
37280 -19.41 17.46 -28.80 -97.00 20.00 218.00 464.00 -41.00 -1274.00 0
37289 -27.48 0.42 -31.72 -70.00 -12.00 201.00 464.00 -41.00 -1274.00 0
37299 -41.60 -7.17 -30.68 -77.00 0.00 193.00 464.00 -41.00 -1274.00 0
37308 -45.63 -14.40 -28.10 -65.00 2.00 190.00 464.00 -41.00 -1274.00 0
37317 -50.37 -24.21 -27.13 -52.00 -6.00 178.00 464.00 -41.00 -1274.00 0
37326 -54.89 -36.66 -26.23 -56.00 14.00 177.00 464.00 -41.00 -1274.00 0
37336 -57.11 -48.35 -23.10 -70.00 7.00 195.00 464.00 -41.00 -1274.00 0
37345 -62.75 -66.37 -15.65 -71.00 -50.00 185.00 464.00 -41.00 -1274.00 0
37354 -66.09 -71.86 -10.30 -101.00 -34.00 213.00 464.00 -41.00 -1274.00 0
37364 -64.14 -74.37 -3.41 -105.00 -58.00 231.00 368.00 12.00 -1184.00 0
37373 -63.44 -75.20 0.97 -99.00 -68.00 245.00 368.00 12.00 -1184.00 0
37383 -61.84 -74.78 4.03 -96.00 -75.00 253.00 368.00 12.00 -1184.00 0
37392 -58.57 -72.63 6.96 -91.00 -78.00 258.00 368.00 12.00 -1184.00 0
37401 -48.63 -61.29 12.52 -94.00 -81.00 248.00 368.00 12.00 -1184.00 0
37410 -42.57 -54.40 14.82 -86.00 -76.00 246.00 368.00 12.00 -1184.00 0
37420 -35.76 -48.07 16.77 -78.00 -80.00 250.00 368.00 12.00 -1184.00 0
37429 -28.87 -41.88 18.09 -82.00 -74.00 256.00 364.00 15.00 -1140.00 0
37438 -21.43 -35.97 19.62 -87.00 -67.00 259.00 364.00 15.00 -1140.00 0
37447 -13.08 -25.81 21.57 -86.00 -65.00 254.00 364.00 15.00 -1140.00 0
37457 -0.14 -22.19 21.50 -80.00 -64.00 252.00 364.00 15.00 -1140.00 0
37467 5.01 -19.06 20.94 -71.00 -53.00 240.00 364.00 15.00 -1140.00 0
37476 9.11 -15.37 19.69 -70.00 -49.00 237.00 364.00 15.00 -1140.00 0
37485 12.17 -10.99 17.95 -66.00 -44.00 235.00 364.00 15.00 -1140.00 0
37494 14.12 -6.54 16.28 -65.00 -38.00 228.00 373.00 -2.00 -1193.00 0
37504 14.75 1.95 13.36 -74.00 -45.00 233.00 373.00 -2.00 -1193.00 0
37513 14.26 5.63 12.10 -82.00 -48.00 240.00 373.00 -2.00 -1193.00 0
37522 13.84 8.35 10.92 -83.00 -45.00 236.00 373.00 -2.00 -1193.00 0
37531 13.36 9.88 9.81 -79.00 -52.00 238.00 373.00 -2.00 -1193.00 0
37540 12.80 10.37 8.56 -81.00 -47.00 234.00 373.00 -2.00 -1193.00 0
37550 12.52 10.16 7.30 -84.00 -46.00 242.00 373.00 -2.00 -1193.00 0
37559 12.80 8.21 4.66 -83.00 -38.00 228.00 375.00 -14.00 -1202.00 0
37568 12.94 5.77 3.41 -73.00 -34.00 225.00 375.00 -14.00 -1202.00 0
37577 12.94 3.55 2.50 -70.00 -28.00 219.00 375.00 -14.00 -1202.00 0
37586 13.29 2.02 2.16 -69.00 -28.00 220.00 375.00 -14.00 -1202.00 0
37596 13.43 0.90 1.95 -69.00 -26.00 217.00 375.00 -14.00 -1202.00 0
37605 13.01 0.28 1.88 -66.00 -30.00 212.00 375.00 -14.00 -1202.00 0
37614 12.38 -0.97 2.02 -62.00 -29.00 210.00 375.00 -14.00 -1202.00 0
37623 11.20 -1.18 2.23 -64.00 -31.00 207.00 374.00 -23.00 -1200.00 0
37633 10.71 -0.70 2.50 -65.00 -31.00 212.00 374.00 -23.00 -1200.00 0
37642 10.57 0.07 2.57 -64.00 -34.00 215.00 374.00 -23.00 -1200.00 0
37651 10.50 0.28 2.37 -65.00 -30.00 215.00 374.00 -23.00 -1200.00 0
37660 10.64 1.11 2.23 -65.00 -32.00 212.00 374.00 -23.00 -1200.00 0
37669 10.43 4.24 1.39 -62.00 -33.00 210.00 374.00 -23.00 -1200.00 0
37679 8.97 6.26 0.56 -60.00 -35.00 209.00 374.00 -23.00 -1200.00 0
37688 7.79 8.63 -0.49 -65.00 -32.00 215.00 374.00 -23.00 -1200.00 0
37697 6.75 11.06 -1.74 -64.00 -26.00 211.00 374.00 -23.00 -1200.00 0
37706 5.91 13.08 -3.13 -72.00 -27.00 220.00 374.00 -23.00 -1200.00 0
37715 5.57 14.47 -4.45 -75.00 -22.00 217.00 374.00 -23.00 -1200.00 0
37725 5.22 15.23 -6.68 -69.00 -20.00 218.00 374.00 -23.00 -1200.00 0
37734 4.80 14.54 -7.51 -68.00 -18.00 206.00 374.00 -23.00 -1200.00 0
37743 4.45 13.77 -8.14 -67.00 -12.00 206.00 374.00 -23.00 -1200.00 0
37752 4.03 13.77 -8.90 -67.00 -18.00 204.00 374.00 -23.00 -1200.00 0
37762 3.06 14.61 -9.88 -73.00 -11.00 210.00 374.00 -23.00 -1200.00 0
37771 2.23 15.93 -10.78 -74.00 -7.00 218.00 374.00 -23.00 -1200.00 0
37780 1.39 16.90 -12.10 -75.00 -8.00 219.00 374.00 -23.00 -1200.00 0
37789 -0.70 19.13 -12.17 -85.00 -13.00 212.00 374.00 -23.00 -1200.00 0
37798 -1.95 20.10 -12.10 -89.00 -21.00 227.00 374.00 -23.00 -1200.00 0
37808 -2.92 20.24 -11.76 -89.00 -28.00 225.00 374.00 -23.00 -1200.00 0
37817 -3.69 19.62 -11.41 -86.00 -27.00 218.00 374.00 -23.00 -1200.00 0
37826 -3.90 18.71 -10.99 -79.00 -26.00 215.00 374.00 -23.00 -1200.00 0
37835 -3.69 16.28 -10.78 -79.00 -22.00 213.00 374.00 -23.00 -1200.00 0
37844 -2.02 15.65 -10.50 -80.00 -20.00 204.00 374.00 -23.00 -1200.00 0
37854 -1.18 15.58 -10.30 -82.00 -18.00 210.00 374.00 -23.00 -1200.00 0
37863 -0.56 15.72 -10.23 -75.00 -23.00 209.00 374.00 -23.00 -1200.00 0
37872 -0.56 16.56 -10.37 -77.00 -23.00 201.00 374.00 -23.00 -1200.00 0
37881 -0.83 18.85 -10.43 -79.00 -26.00 204.00 374.00 -23.00 -1200.00 0
37891 -2.09 27.34 -11.06 -85.00 -24.00 199.00 374.00 -23.00 -1200.00 0
37900 -2.71 32.07 -11.62 -87.00 -22.00 200.00 374.00 -23.00 -1200.00 0
37909 -3.55 36.17 -12.45 -94.00 -23.00 203.00 374.00 -23.00 -1200.00 0
37918 -4.45 38.89 -13.43 -106.00 -16.00 203.00 374.00 -23.00 -1200.00 0
37927 -5.22 40.42 -14.47 -109.00 -17.00 207.00 374.00 -23.00 -1200.00 0
37938 -5.50 41.25 -15.23 -117.00 -19.00 209.00 374.00 -23.00 -1200.00 0
37947 -5.01 41.53 -15.86 -118.00 -14.00 207.00 374.00 -23.00 -1200.00 0
37956 -4.31 41.95 -15.86 -114.00 1.00 203.00 374.00 -23.00 -1200.00 0
37965 -3.48 43.27 -15.58 -111.00 4.00 204.00 374.00 -23.00 -1200.00 0
37975 -3.13 45.70 -14.61 -106.00 5.00 198.00 374.00 -23.00 -1200.00 0
37984 -3.69 49.74 -13.08 -108.00 -7.00 192.00 374.00 -23.00 -1200.00 0
37993 -5.50 55.37 -10.37 -94.00 -25.00 170.00 374.00 -23.00 -1200.00 0
38002 -9.81 71.86 -9.60 -89.00 -26.00 147.00 374.00 -23.00 -1200.00 0
38011 -10.50 83.62 -9.11 -99.00 -45.00 152.00 374.00 -23.00 -1200.00 0
38021 -10.37 98.09 -8.97 -123.00 -66.00 157.00 374.00 -23.00 -1200.00 0
38030 -9.18 114.09 -9.60 -139.00 -68.00 165.00 374.00 -23.00 -1200.00 0
38039 -6.19 129.60 -10.99 -168.00 -59.00 175.00 374.00 -23.00 -1200.00 0
38049 6.75 153.46 -13.91 -180.00 -29.00 188.00 374.00 -23.00 -1200.00 0
38059 14.89 160.00 -14.47 -199.00 -14.00 181.00 374.00 -23.00 -1200.00 0
38068 22.19 163.13 -13.98 -197.00 26.00 193.00 374.00 -23.00 -1200.00 0
38077 28.03 161.88 -13.57 -205.00 35.00 184.00 374.00 -23.00 -1200.00 0
38086 29.22 157.70 -13.50 -213.00 25.00 188.00 374.00 -23.00 -1200.00 0
38095 26.99 145.74 -10.99 -222.00 -8.00 192.00 374.00 -23.00 -1200.00 0
38106 15.58 139.97 -9.32 -227.00 -27.00 193.00 374.00 -23.00 -1200.00 0
38115 10.30 134.40 -7.86 -238.00 -42.00 183.00 374.00 -23.00 -1200.00 0
38124 7.03 128.63 -6.54 -228.00 -34.00 180.00 374.00 -23.00 -1200.00 0
38133 6.68 121.67 -5.01 -227.00 -29.00 174.00 374.00 -23.00 -1200.00 0
38142 8.35 113.46 -3.34 -216.00 -14.00 173.00 374.00 -23.00 -1200.00 0
38152 14.89 94.82 2.09 -211.00 -6.00 169.00 556.00 -22.00 -1004.00 0
38161 17.39 85.15 5.01 -202.00 -3.00 162.00 556.00 -22.00 -1004.00 0
38170 18.37 75.83 7.65 -202.00 2.00 158.00 556.00 -22.00 -1004.00 0
38179 18.64 67.48 10.23 -202.00 -5.00 153.00 556.00 -22.00 -1004.00 0
38190 18.02 60.17 12.45 -201.00 -9.00 157.00 556.00 -22.00 -1004.00 0
38199 16.83 53.84 15.23 -203.00 -2.00 146.00 556.00 -22.00 -1004.00 0
38208 14.47 42.92 15.72 -200.00 -3.00 140.00 556.00 -22.00 -1004.00 0
38217 13.01 38.61 15.58 -198.00 -1.00 142.00 569.00 -39.00 -1277.00 0
38226 11.41 34.57 14.96 -197.00 -5.00 139.00 569.00 -39.00 -1277.00 0
38236 9.74 30.96 13.77 -194.00 -6.00 135.00 569.00 -39.00 -1277.00 0
38245 8.07 27.97 12.31 -203.00 -9.00 128.00 569.00 -39.00 -1277.00 0
38254 6.19 23.72 9.67 -194.00 -13.00 133.00 569.00 -39.00 -1277.00 0
38263 5.43 22.54 8.77 -191.00 -6.00 132.00 569.00 -39.00 -1277.00 0
38273 5.08 21.77 8.28 -187.00 -4.00 130.00 569.00 -39.00 -1277.00 0
38282 4.45 21.29 7.72 -184.00 -9.00 126.00 580.00 -45.00 -1090.00 0
38291 3.27 21.36 7.17 -193.00 -12.00 121.00 580.00 -45.00 -1090.00 0
38300 2.02 21.63 6.40 -178.00 -8.00 134.00 580.00 -45.00 -1090.00 0
38309 -0.42 22.82 4.52 -189.00 -17.00 123.00 580.00 -45.00 -1090.00 0
38319 -1.46 25.67 3.76 -192.00 -18.00 127.00 580.00 -45.00 -1090.00 0
38328 -1.74 27.41 3.06 -192.00 -19.00 134.00 580.00 -45.00 -1090.00 0
38338 -1.46 27.97 2.16 -196.00 -18.00 127.00 580.00 -45.00 -1090.00 0
38347 -0.90 28.17 1.11 -202.00 -10.00 133.00 589.00 -49.00 -1100.00 0
38356 0.28 28.73 0.35 -202.00 -6.00 133.00 589.00 -49.00 -1100.00 0
38366 2.02 29.01 -0.56 -203.00 -3.00 131.00 589.00 -49.00 -1100.00 0
38375 2.16 28.73 -0.90 -202.00 -7.00 132.00 589.00 -49.00 -1100.00 0
38384 2.09 27.83 -0.90 -199.00 -12.00 132.00 589.00 -49.00 -1100.00 0
38393 2.02 26.30 -0.70 -195.00 -10.00 140.00 589.00 -49.00 -1100.00 0
38403 1.81 23.72 -0.42 -195.00 -10.00 123.00 589.00 -49.00 -1100.00 0
38412 1.04 21.70 -0.56 -193.00 -14.00 125.00 591.00 -49.00 -1229.00 0
38421 -0.77 18.09 -0.63 -185.00 -18.00 128.00 591.00 -49.00 -1229.00 0
38430 -1.46 15.72 -0.90 -186.00 -25.00 127.00 591.00 -49.00 -1229.00 0
38439 -2.23 13.84 -1.53 -184.00 -28.00 124.00 591.00 -49.00 -1229.00 0
38449 -2.50 11.83 -2.30 -184.00 -21.00 121.00 591.00 -49.00 -1229.00 0
38458 -2.43 9.81 -3.20 -182.00 -19.00 119.00 591.00 -49.00 -1229.00 0
38467 -2.43 8.21 -5.43 -185.00 -13.00 119.00 591.00 -49.00 -1229.00 0
38476 -2.78 6.68 -6.19 -191.00 -12.00 115.00 591.00 -46.00 -1094.00 0
38486 -3.20 6.12 -6.96 -191.00 -12.00 120.00 591.00 -46.00 -1094.00 0
38495 -3.62 5.70 -7.44 -198.00 -17.00 123.00 591.00 -46.00 -1094.00 0
38504 -4.17 5.57 -7.72 -199.00 -21.00 122.00 591.00 -46.00 -1094.00 0
38513 -4.59 5.22 -8.07 -204.00 -17.00 126.00 591.00 -46.00 -1094.00 0
38522 -5.08 3.69 -8.90 -202.00 -13.00 120.00 591.00 -46.00 -1094.00 0
38532 -4.94 2.85 -9.11 -204.00 -8.00 123.00 591.00 -46.00 -1094.00 0
38541 -4.59 1.95 -9.18 -204.00 -8.00 124.00 591.00 -46.00 -1094.00 0
38550 -4.24 1.11 -9.11 -205.00 -9.00 126.00 591.00 -46.00 -1094.00 0
38559 -4.10 0.35 -8.83 -205.00 -8.00 125.00 591.00 -46.00 -1094.00 0
38568 -4.38 -0.49 -8.63 -202.00 -11.00 126.00 591.00 -46.00 -1094.00 0
38578 -4.73 -1.32 -8.14 -204.00 -12.00 118.00 591.00 -46.00 -1094.00 0
38587 -5.15 -3.13 -8.00 -200.00 -11.00 117.00 591.00 -46.00 -1094.00 0
38596 -5.15 -4.10 -7.79 -198.00 -13.00 121.00 591.00 -46.00 -1094.00 0
38605 -5.15 -4.73 -7.58 -197.00 -13.00 122.00 591.00 -46.00 -1094.00 0
38615 -5.15 -5.15 -7.37 -196.00 -17.00 126.00 591.00 -46.00 -1094.00 0
38624 -5.29 -5.29 -7.17 -193.00 -18.00 124.00 591.00 -46.00 -1094.00 0
38633 -5.36 -6.26 -6.75 -193.00 -17.00 129.00 591.00 -46.00 -1094.00 0
38642 -5.50 -7.10 -6.75 -196.00 -20.00 123.00 591.00 -46.00 -1094.00 0
38651 -5.63 -8.21 -6.96 -210.00 -17.00 137.00 591.00 -46.00 -1094.00 0
38661 -6.12 -9.88 -7.72 -229.00 -18.00 156.00 591.00 -46.00 -1094.00 0
38670 -6.96 -13.36 -8.97 -273.00 -23.00 198.00 591.00 -46.00 -1094.00 0
38680 -8.00 -20.73 -10.85 -317.00 -33.00 253.00 579.00 -30.00 -1030.00 0
38689 -9.67 -56.28 -15.10 -306.00 -23.00 249.00 579.00 -30.00 -1030.00 0
38699 -8.97 -83.69 -15.30 -268.00 0.00 203.00 579.00 -30.00 -1030.00 0
38708 -8.00 -113.67 -13.70 -230.00 20.00 167.00 579.00 -30.00 -1030.00 0
38717 -8.56 -143.37 -11.27 -179.00 28.00 127.00 579.00 -30.00 -1030.00 0
38726 -11.90 -168.77 -8.00 -151.00 15.00 104.00 579.00 -30.00 -1030.00 0
38735 -17.81 -186.99 -4.31 -156.00 2.00 121.00 579.00 -30.00 -1030.00 0
38745 -31.65 -200.90 2.99 -166.00 -7.00 133.00 579.00 -30.00 -1030.00 0
38754 -37.91 -200.42 6.40 -166.00 -13.00 153.00 579.00 -30.00 -1030.00 0
38764 -42.71 -196.45 9.11 -154.00 -23.00 156.00 579.00 -30.00 -1030.00 0
38773 -46.12 -191.23 10.57 -136.00 -27.00 146.00 579.00 -30.00 -1030.00 0
38782 -47.03 -185.04 11.83 -122.00 -32.00 152.00 579.00 -30.00 -1030.00 0
38792 -43.06 -164.59 13.50 -128.00 -26.00 166.00 579.00 -30.00 -1030.00 0
38801 -39.58 -150.96 13.15 -132.00 -24.00 180.00 579.00 -30.00 -1030.00 0
38811 -36.17 -137.32 12.03 -136.00 -16.00 197.00 456.00 -12.00 -1277.00 0
38820 -32.49 -124.66 10.85 -128.00 -14.00 196.00 456.00 -12.00 -1277.00 0
38830 -28.94 -113.60 10.09 -115.00 -10.00 191.00 456.00 -12.00 -1277.00 0
38839 -23.65 -94.05 9.39 -106.00 -16.00 191.00 456.00 -12.00 -1277.00 0
38848 -21.70 -84.03 9.18 -100.00 -22.00 191.00 456.00 -12.00 -1277.00 0
38857 -19.83 -73.67 8.90 -94.00 -22.00 189.00 456.00 -12.00 -1277.00 0
38866 -17.74 -63.44 8.49 -87.00 -29.00 183.00 456.00 -12.00 -1277.00 0
38877 -15.58 -53.50 7.79 -77.00 -27.00 173.00 456.00 -12.00 -1277.00 0
38886 -13.43 -43.62 6.61 -79.00 -22.00 182.00 456.00 -12.00 -1277.00 0
38895 -9.11 -23.93 3.34 -86.00 -20.00 186.00 456.00 -12.00 -1277.00 0
38904 -7.93 -15.23 1.46 -87.00 -20.00 191.00 456.00 -12.00 -1277.00 0
38914 -7.51 -7.65 -0.49 -101.00 -20.00 196.00 456.00 -12.00 -1277.00 0
38923 -7.93 -1.74 -2.23 -122.00 -25.00 210.00 456.00 -12.00 -1277.00 0
38932 -8.97 1.74 -3.83 -123.00 -20.00 215.00 456.00 -12.00 -1277.00 0
38941 -9.88 1.60 -5.01 -126.00 -25.00 215.00 456.00 -12.00 -1277.00 0
38950 -11.83 -7.58 -5.29 -115.00 -29.00 201.00 456.00 -12.00 -1277.00 0
38960 -13.29 -14.89 -4.87 -87.00 -33.00 187.00 456.00 -12.00 -1277.00 0
38969 -14.47 -22.89 -3.90 -53.00 -33.00 165.00 456.00 -12.00 -1277.00 0
38978 -15.10 -30.68 -1.67 -17.00 -30.00 143.00 456.00 -12.00 -1277.00 0
38987 -15.17 -37.43 1.18 -9.00 -34.00 123.00 456.00 -12.00 -1277.00 0
38996 -15.51 -42.09 3.48 -14.00 -31.00 100.00 456.00 -12.00 -1277.00 1
39007 -17.67 -44.10 3.62 -59.00 -21.00 72.00 456.00 -12.00 -1277.00 1
39017 -17.88 -41.04 2.02 -155.00 11.00 201.00 456.00 -12.00 -1277.00 1
39027 -17.25 -33.95 -2.78 -276.00 15.00 327.00 456.00 -12.00 -1277.00 1
39038 -15.86 -11.69 -12.31 -327.00 -5.00 446.00 456.00 -12.00 -1277.00 1
39049 -19.13 -8.90 -14.68 -303.00 -31.00 418.00 456.00 -12.00 -1277.00 1
39059 -23.51 -13.77 -12.66 -211.00 -77.00 334.00 456.00 -12.00 -1277.00 1
39070 -27.41 -31.44 1.74 -166.00 -84.00 269.00 413.00 10.00 -1110.00 1
39080 -25.53 -38.89 9.04 -136.00 -84.00 248.00 413.00 10.00 -1110.00 1
39092 -22.05 -45.15 14.26 -115.00 -74.00 224.00 413.00 10.00 -1110.00 1
39102 -11.13 -57.88 20.59 -107.00 -63.00 211.00 413.00 10.00 -1110.00 1
39111 -4.87 -64.00 21.70 -96.00 -38.00 214.00 413.00 10.00 -1110.00 0
39121 1.11 -68.38 21.29 -74.00 -38.00 196.00 413.00 10.00 -1110.00 0
39131 6.47 -70.89 19.97 -58.00 -18.00 190.00 413.00 10.00 -1110.00 0
39140 14.68 -65.74 17.32 -51.00 4.00 195.00 413.00 10.00 -1110.00 0
39149 16.42 -58.57 16.28 -53.00 5.00 196.00 413.00 10.00 -1110.00 0
39158 15.03 -49.39 14.61 -56.00 5.00 203.00 413.00 10.00 -1110.00 0
39168 11.69 -39.30 12.80 -59.00 -13.00 207.00 413.00 10.00 -1110.00 0
39177 7.65 -29.57 11.41 -68.00 -29.00 214.00 413.00 10.00 -1110.00 0
39186 3.83 -20.94 10.57 -74.00 -40.00 219.00 413.00 10.00 -1110.00 0
39195 -0.35 -8.70 10.16 -71.00 -57.00 217.00 413.00 10.00 -1110.00 0
39204 -0.83 -4.87 9.46 -61.00 -64.00 205.00 413.00 10.00 -1110.00 0
39214 0.28 -1.95 8.90 -51.00 -60.00 189.00 413.00 10.00 -1110.00 0
39223 3.27 0.63 8.56 -50.00 -47.00 182.00 413.00 10.00 -1110.00 0
39232 7.23 3.41 7.44 -53.00 -25.00 177.00 413.00 10.00 -1110.00 0
39241 11.48 7.23 5.29 -60.00 -11.00 189.00 413.00 10.00 -1110.00 0
39250 16.90 18.37 -1.53 -65.00 0.00 194.00 413.00 10.00 -1110.00 0
39260 17.39 24.70 -5.63 -62.00 3.00 187.00 413.00 10.00 -1110.00 0
39269 16.21 31.65 -9.88 -61.00 5.00 180.00 413.00 10.00 -1110.00 0
39278 13.77 39.79 -13.91 -63.00 -2.00 171.00 413.00 10.00 -1110.00 0
39287 10.23 49.74 -17.60 -63.00 -7.00 166.00 413.00 10.00 -1110.00 0
39297 6.54 61.50 -21.08 -64.00 -21.00 165.00 413.00 10.00 -1110.00 0
39306 -2.30 89.39 -29.57 -73.00 -30.00 160.00 413.00 10.00 -1110.00 0
39315 -5.84 104.63 -33.95 -87.00 -41.00 157.00 413.00 10.00 -1110.00 0
39324 -7.79 119.93 -37.91 -108.00 -43.00 150.00 413.00 10.00 -1110.00 0
39333 -7.58 134.89 -41.25 -116.00 -37.00 160.00 413.00 10.00 -1110.00 0
39343 -5.15 148.17 -43.90 -128.00 -32.00 169.00 413.00 10.00 -1110.00 0
39353 -1.88 159.79 -47.23 -149.00 -24.00 167.00 413.00 10.00 -1110.00 0
39362 5.22 176.83 -47.51 -162.00 -24.00 173.00 413.00 10.00 -1110.00 0
39371 8.35 182.19 -46.40 -176.00 -24.00 182.00 413.00 10.00 -1110.00 0
39380 11.06 185.18 -44.45 -190.00 -25.00 190.00 413.00 10.00 -1110.00 0
39390 12.87 185.74 -42.30 -200.00 -26.00 190.00 413.00 10.00 -1110.00 0
39399 13.63 183.72 -40.14 -210.00 -22.00 197.00 413.00 10.00 -1110.00 0
39409 13.77 172.45 -35.41 -216.00 -26.00 197.00 413.00 10.00 -1110.00 0
39418 13.29 163.55 -32.77 -225.00 -20.00 195.00 413.00 10.00 -1110.00 0
39428 12.80 151.93 -30.05 -221.00 -20.00 195.00 413.00 10.00 -1110.00 0
39437 11.76 138.43 -27.13 -217.00 -19.00 191.00 413.00 10.00 -1110.00 0
39446 10.50 124.17 -23.72 -215.00 -23.00 185.00 413.00 10.00 -1110.00 0
39456 5.91 95.86 -17.88 -206.00 -30.00 172.00 413.00 10.00 -1110.00 0
39465 3.34 82.99 -15.72 -198.00 -33.00 155.00 413.00 10.00 -1110.00 0
39475 1.25 71.72 -13.70 -191.00 -42.00 153.00 413.00 10.00 -1110.00 0
39484 0.21 62.33 -11.62 -188.00 -37.00 149.00 413.00 10.00 -1110.00 0
39493 0.00 54.89 -9.32 -189.00 -35.00 154.00 413.00 10.00 -1110.00 0
39502 0.56 48.77 -7.10 -188.00 -30.00 156.00 413.00 10.00 -1110.00 0
39512 2.37 39.23 -2.43 -193.00 -30.00 161.00 413.00 10.00 -1110.00 0
39521 2.85 34.92 -0.49 -194.00 -31.00 161.00 413.00 10.00 -1110.00 0
39530 2.64 30.54 0.63 -192.00 -35.00 156.00 545.00 -2.00 -1223.00 0
39539 1.95 26.30 1.04 -192.00 -32.00 145.00 545.00 -2.00 -1223.00 0
39548 1.18 22.68 1.39 -190.00 -34.00 144.00 545.00 -2.00 -1223.00 0
39558 0.63 19.55 1.39 -191.00 -36.00 144.00 545.00 -2.00 -1223.00 0
39567 -0.77 15.72 1.11 -191.00 -38.00 145.00 545.00 -2.00 -1223.00 0
39576 -1.46 14.96 0.83 -192.00 -39.00 141.00 545.00 -2.00 -1223.00 0
39585 -1.81 14.54 0.56 -194.00 -44.00 146.00 545.00 -2.00 -1223.00 0
39595 -1.88 14.40 0.42 -195.00 -38.00 144.00 552.00 -2.00 -1169.00 0
39604 -1.39 14.40 0.49 -196.00 -32.00 142.00 552.00 -2.00 -1169.00 0
39613 -0.49 14.47 1.60 -196.00 -33.00 144.00 552.00 -2.00 -1169.00 0
39622 1.04 14.33 2.43 -193.00 -34.00 145.00 552.00 -2.00 -1169.00 0
39631 1.46 14.05 3.13 -196.00 -31.00 139.00 552.00 -2.00 -1169.00 0
39641 1.74 13.70 3.76 -196.00 -30.00 141.00 552.00 -2.00 -1169.00 0
39650 2.09 13.15 4.45 -199.00 -26.00 145.00 552.00 -2.00 -1169.00 0
39659 2.50 12.52 5.15 -200.00 -27.00 145.00 558.00 -4.00 -1247.00 0
39668 2.64 11.83 6.12 -200.00 -26.00 142.00 558.00 -4.00 -1247.00 0
39677 2.64 9.18 6.54 -198.00 -24.00 142.00 558.00 -4.00 -1247.00 0
39687 2.43 7.51 6.68 -197.00 -25.00 141.00 558.00 -4.00 -1247.00 0
39696 1.95 5.70 6.47 -192.00 -23.00 136.00 558.00 -4.00 -1247.00 0
39705 1.18 4.10 5.98 -192.00 -29.00 138.00 558.00 -4.00 -1247.00 0
39714 0.35 2.85 5.43 -191.00 -28.00 136.00 558.00 -4.00 -1247.00 0
39724 -0.42 1.95 4.87 -190.00 -27.00 134.00 560.00 -11.00 -1206.00 0
39733 -1.11 0.97 4.10 -190.00 -27.00 133.00 560.00 -11.00 -1206.00 0
39742 -1.11 0.70 4.03 -190.00 -28.00 136.00 560.00 -11.00 -1206.00 0
39751 -1.04 0.49 4.03 -191.00 -24.00 140.00 560.00 -11.00 -1206.00 0
39760 -0.90 0.28 4.10 -191.00 -26.00 140.00 560.00 -11.00 -1206.00 0
39770 -0.83 -0.14 4.24 -191.00 -23.00 138.00 560.00 -11.00 -1206.00 0
39779 -0.63 -0.63 4.87 -189.00 -18.00 139.00 560.00 -11.00 -1206.00 0
39788 -0.21 -1.46 5.08 -190.00 -20.00 141.00 560.00 -11.00 -1206.00 0
39797 -0.70 -1.74 4.94 -190.00 -27.00 142.00 560.00 -11.00 -1206.00 0
39806 -1.53 -1.95 4.59 -190.00 -33.00 146.00 560.00 -11.00 -1206.00 0
39816 -2.30 -2.43 4.10 -189.00 -21.00 143.00 560.00 -11.00 -1206.00 0
39825 -2.78 -2.92 3.55 -186.00 -21.00 142.00 560.00 -11.00 -1206.00 0
39834 -3.27 -3.41 2.43 -187.00 -24.00 138.00 560.00 -11.00 -1206.00 0
39843 -4.38 -4.52 2.37 -185.00 -28.00 136.00 560.00 -11.00 -1206.00 0
39853 -4.59 -5.84 2.71 -186.00 -27.00 134.00 560.00 -11.00 -1206.00 0
39862 -4.73 -6.47 2.78 -183.00 -31.00 134.00 560.00 -11.00 -1206.00 0
39871 -4.94 -6.47 2.64 -185.00 -29.00 139.00 560.00 -11.00 -1206.00 0
39880 -4.87 -6.05 2.85 -182.00 -29.00 140.00 560.00 -11.00 -1206.00 0
39889 -4.59 -5.63 2.99 -189.00 -32.00 141.00 560.00 -11.00 -1206.00 0
39900 -4.80 -4.38 2.78 -184.00 -32.00 144.00 560.00 -11.00 -1206.00 0
39909 -5.08 -4.17 2.23 -183.00 -32.00 143.00 560.00 -11.00 -1206.00 0
39918 -5.29 -4.17 1.60 -180.00 -31.00 141.00 560.00 -11.00 -1206.00 0
39927 -5.43 -4.31 0.83 -181.00 -36.00 141.00 559.00 -16.00 -1087.00 0
39937 -5.70 -4.38 0.07 -178.00 -34.00 139.00 559.00 -16.00 -1087.00 0
39946 -5.91 -4.10 -1.25 -184.00 -39.00 141.00 559.00 -16.00 -1087.00 0
39955 -6.75 -3.90 -1.67 -181.00 -38.00 144.00 559.00 -16.00 -1087.00 0
39964 -7.37 -3.62 -2.16 -188.00 -44.00 143.00 559.00 -16.00 -1087.00 0
39973 -8.00 -3.34 -2.57 -189.00 -50.00 146.00 559.00 -16.00 -1087.00 0
39983 -8.28 -3.20 -2.71 -191.00 -51.00 152.00 559.00 -16.00 -1087.00 0
39992 -8.21 -3.13 -2.71 -198.00 -52.00 156.00 559.00 -16.00 -1087.00 0
40001 -7.93 -5.43 -3.13 -212.00 -50.00 175.00 559.00 -16.00 -1087.00 0
40010 -6.96 -8.90 -3.62 -224.00 -43.00 181.00 559.00 -16.00 -1087.00 0
40019 -6.47 -14.47 -4.52 -245.00 -32.00 200.00 559.00 -16.00 -1087.00 0
40029 -5.91 -23.44 -5.77 -242.00 -30.00 196.00 559.00 -16.00 -1087.00 0
40038 -5.63 -35.41 -6.68 -224.00 -13.00 194.00 559.00 -16.00 -1087.00 0
40047 -4.45 -49.46 -6.75 -210.00 -7.00 166.00 559.00 -16.00 -1087.00 0
40056 -5.29 -78.40 -7.10 -171.00 2.00 160.00 559.00 -16.00 -1087.00 0
40066 -6.26 -90.16 -6.54 -168.00 17.00 143.00 559.00 -16.00 -1087.00 0
40075 -6.68 -97.39 -5.08 -163.00 19.00 136.00 559.00 -16.00 -1087.00 0
40084 -7.72 -103.10 -4.45 -143.00 22.00 143.00 559.00 -16.00 -1087.00 0
40093 -9.46 -107.62 -4.59 -129.00 23.00 137.00 559.00 -16.00 -1087.00 0
40102 -11.27 -109.29 -4.38 -130.00 17.00 128.00 559.00 -16.00 -1087.00 0
40113 -15.93 -103.72 -2.99 -123.00 13.00 127.00 559.00 -16.00 -1087.00 0
40122 -18.02 -98.09 -2.30 -122.00 4.00 128.00 559.00 -16.00 -1087.00 0
40131 -19.90 -90.16 -1.60 -127.00 -7.00 131.00 559.00 -16.00 -1087.00 0
40140 -20.94 -80.21 -0.56 -139.00 -16.00 143.00 559.00 -16.00 -1087.00 0
40150 -20.87 -69.29 0.70 -180.00 -11.00 192.00 559.00 -16.00 -1087.00 0
40159 -19.69 -52.38 2.99 -204.00 -8.00 213.00 559.00 -16.00 -1087.00 0
40168 -15.58 -51.76 4.31 -200.00 -4.00 209.00 559.00 -16.00 -1087.00 0
40177 -13.63 -55.58 6.33 -169.00 3.00 195.00 559.00 -16.00 -1087.00 0
40186 -11.97 -61.22 9.53 -121.00 4.00 166.00 477.00 -5.00 -1142.00 0
40196 -11.69 -66.02 13.57 -82.00 -8.00 136.00 477.00 -5.00 -1142.00 0
40205 -13.50 -66.23 17.67 -62.00 -37.00 127.00 477.00 -5.00 -1142.00 0
40214 -21.57 -48.70 24.14 -59.00 -48.00 127.00 477.00 -5.00 -1142.00 0
40223 -26.16 -35.62 25.32 -67.00 -65.00 125.00 477.00 -5.00 -1142.00 0
40233 -30.12 -23.17 24.83 -74.00 -68.00 126.00 477.00 -5.00 -1142.00 1
40244 -32.35 -12.45 23.10 -127.00 -74.00 110.00 477.00 -5.00 -1142.00 1
40254 -33.11 3.34 15.93 -167.00 -121.00 182.00 477.00 -5.00 -1142.00 1
40264 -30.33 8.63 9.11 -261.00 -73.00 234.00 477.00 -5.00 -1142.00 1
40275 -25.95 10.43 1.46 -297.00 -47.00 293.00 477.00 -5.00 -1142.00 1
40286 -15.86 0.00 -11.27 -297.00 -15.00 299.00 477.00 -5.00 -1142.00 1
40296 -11.55 -12.59 -11.90 -245.00 7.00 269.00 477.00 -5.00 -1142.00 1
40306 -8.77 -26.57 -8.97 -217.00 -13.00 250.00 477.00 -5.00 -1142.00 1
40317 -10.23 -50.02 1.74 -202.00 -29.00 216.00 472.00 5.00 -1257.00 1
40328 -11.55 -58.37 6.89 -182.00 -36.00 218.00 472.00 5.00 -1257.00 1
40338 -11.06 -64.70 11.76 -157.00 -16.00 213.00 472.00 5.00 -1257.00 1
40348 -5.91 -73.11 19.90 -132.00 -6.00 203.00 472.00 5.00 -1257.00 1
40358 -4.73 -75.62 21.63 -122.00 -15.00 188.00 472.00 5.00 -1257.00 1
40369 -5.63 -76.17 21.36 -110.00 -25.00 182.00 472.00 5.00 -1257.00 0
40378 -7.58 -74.92 19.76 -99.00 -29.00 180.00 472.00 5.00 -1257.00 0
40387 -9.32 -71.58 17.81 -87.00 -34.00 179.00 472.00 5.00 -1257.00 0
40396 -12.03 -58.92 12.80 -86.00 -35.00 167.00 472.00 5.00 -1257.00 0
40406 -11.97 -50.43 10.64 -84.00 -22.00 172.00 472.00 5.00 -1257.00 0
40415 -11.62 -41.11 8.49 -82.00 -34.00 178.00 472.00 5.00 -1257.00 0
40424 -11.55 -31.37 6.19 -91.00 -43.00 185.00 472.00 5.00 -1257.00 0
40433 -11.62 -21.15 4.38 -109.00 -52.00 195.00 472.00 5.00 -1257.00 0
40442 -11.69 -11.13 2.57 -123.00 -58.00 198.00 472.00 5.00 -1257.00 0
40452 -10.30 5.63 -1.04 -129.00 -60.00 197.00 447.00 -4.00 -1064.00 0
40461 -8.21 11.83 -2.85 -128.00 -52.00 201.00 447.00 -4.00 -1064.00 0
40470 -4.87 16.63 -4.24 -127.00 -39.00 193.00 447.00 -4.00 -1064.00 0
40479 -0.83 20.66 -5.22 -122.00 -27.00 191.00 447.00 -4.00 -1064.00 0
40488 3.69 24.00 -5.63 -127.00 -19.00 187.00 447.00 -4.00 -1064.00 0
40498 7.65 27.27 -5.91 -132.00 -10.00 189.00 447.00 -4.00 -1064.00 0
40507 12.10 33.95 -6.82 -132.00 -7.00 190.00 447.00 -4.00 -1064.00 0
40516 12.38 37.01 -7.65 -132.00 -8.00 192.00 447.00 -4.00 -1064.00 0
40525 11.69 40.07 -8.70 -134.00 -12.00 185.00 447.00 -4.00 -1064.00 0
40536 10.57 43.41 -9.32 -134.00 -14.00 179.00 447.00 -4.00 -1064.00 0
40545 9.60 47.10 -9.53 -129.00 -14.00 168.00 447.00 -4.00 -1064.00 0
40554 8.83 51.27 -9.74 -131.00 -16.00 165.00 447.00 -4.00 -1064.00 0
40563 7.65 62.12 -10.23 -127.00 -15.00 166.00 447.00 -4.00 -1064.00 0
40572 7.44 68.52 -10.43 -125.00 -21.00 157.00 447.00 -4.00 -1064.00 0
40582 7.37 75.62 -10.85 -127.00 -24.00 151.00 447.00 -4.00 -1064.00 0
40591 7.37 82.92 -11.41 -125.00 -28.00 152.00 447.00 -4.00 -1064.00 0
40600 8.00 90.71 -11.83 -128.00 -27.00 145.00 447.00 -4.00 -1064.00 0
40609 9.32 106.23 -12.10 -138.00 -20.00 140.00 447.00 -4.00 -1064.00 0
40619 12.66 114.09 -12.17 -148.00 -19.00 143.00 447.00 -4.00 -1064.00 0
40628 14.61 121.88 -11.97 -159.00 -19.00 144.00 447.00 -4.00 -1064.00 0
40637 16.42 129.32 -11.41 -170.00 -23.00 150.00 447.00 -4.00 -1064.00 0
40646 17.88 136.49 -10.78 -185.00 -21.00 166.00 447.00 -4.00 -1064.00 0
40656 18.85 142.33 -10.37 -212.00 -18.00 159.00 447.00 -4.00 -1064.00 0
40666 20.38 147.83 -9.04 -220.00 -13.00 177.00 447.00 -4.00 -1064.00 0
40675 20.03 145.74 -8.83 -226.00 -12.00 184.00 447.00 -4.00 -1064.00 0
40684 19.06 140.59 -8.49 -226.00 -19.00 185.00 447.00 -4.00 -1064.00 0
40693 16.97 132.94 -8.07 -227.00 -20.00 182.00 447.00 -4.00 -1064.00 0
40702 14.54 123.55 -7.10 -224.00 -28.00 178.00 447.00 -4.00 -1064.00 0
40712 9.81 101.22 -4.45 -217.00 -31.00 164.00 447.00 -4.00 -1064.00 0
40721 7.58 89.81 -3.13 -207.00 -32.00 152.00 447.00 -4.00 -1064.00 0
40730 5.98 78.47 -1.74 -199.00 -30.00 142.00 447.00 -4.00 -1064.00 0
40739 5.15 68.38 0.00 -199.00 -29.00 133.00 447.00 -4.00 -1064.00 0
40749 4.94 60.03 2.02 -191.00 -31.00 133.00 447.00 -4.00 -1064.00 0
40758 5.01 53.15 3.83 -190.00 -30.00 131.00 447.00 -4.00 -1064.00 0
40767 5.50 43.90 6.12 -186.00 -26.00 129.00 447.00 -4.00 -1064.00 0
40776 5.98 41.32 6.54 -182.00 -25.00 131.00 580.00 -24.00 -1088.00 0
40786 6.47 40.14 6.61 -189.00 -27.00 132.00 580.00 -24.00 -1088.00 0
40796 6.82 39.79 6.33 -186.00 -35.00 127.00 580.00 -24.00 -1088.00 0
40805 7.03 39.72 5.70 -191.00 -17.00 146.00 580.00 -24.00 -1088.00 0
40814 7.17 39.10 4.87 -204.00 -28.00 137.00 580.00 -24.00 -1088.00 0
40823 5.29 34.71 2.02 -203.00 -26.00 142.00 580.00 -24.00 -1088.00 0
40833 4.52 30.26 0.90 -207.00 -17.00 137.00 580.00 -24.00 -1088.00 0
40842 3.69 24.77 0.14 -204.00 -18.00 133.00 586.00 -28.00 -1127.00 0
40851 2.37 19.13 -0.83 -192.00 -20.00 129.00 586.00 -28.00 -1127.00 0
40860 0.83 14.05 -1.81 -198.00 -21.00 116.00 586.00 -28.00 -1127.00 0
40869 -0.63 10.16 -2.50 -192.00 -24.00 116.00 586.00 -28.00 -1127.00 0
40879 -2.78 4.80 -3.97 -194.00 -22.00 119.00 586.00 -28.00 -1127.00 0
40888 -3.62 3.62 -4.66 -205.00 -24.00 120.00 586.00 -28.00 -1127.00 0
40897 -4.24 3.13 -5.22 -209.00 -21.00 124.00 586.00 -28.00 -1127.00 0
40906 -4.59 2.71 -5.63 -214.00 -20.00 127.00 582.00 -27.00 -1071.00 0
40915 -4.80 2.37 -6.26 -218.00 -18.00 128.00 582.00 -27.00 -1071.00 0
40925 -5.08 1.88 -6.68 -218.00 -21.00 127.00 582.00 -27.00 -1071.00 0
40934 -5.98 0.00 -6.82 -217.00 -22.00 121.00 582.00 -27.00 -1071.00 0
40943 -6.47 -1.25 -6.82 -215.00 -18.00 117.00 582.00 -27.00 -1071.00 0
40952 -6.33 -2.50 -6.61 -216.00 -20.00 130.00 582.00 -27.00 -1071.00 0
40962 -5.84 -3.97 -5.98 -217.00 -18.00 129.00 582.00 -27.00 -1071.00 0
40971 -5.29 -5.43 -5.29 -211.00 -15.00 126.00 580.00 -23.00 -953.00 0
40980 -5.08 -7.17 -4.73 -206.00 -17.00 127.00 580.00 -23.00 -953.00 0
40989 -4.80 -10.85 -3.41 -199.00 -17.00 121.00 580.00 -23.00 -953.00 0
40998 -4.87 -11.90 -2.64 -197.00 -15.00 121.00 580.00 -23.00 -953.00 0
41008 -5.22 -12.10 -2.23 -193.00 -16.00 115.00 580.00 -23.00 -953.00 0
41017 -5.84 -11.76 -2.02 -192.00 -22.00 118.00 580.00 -23.00 -953.00 0
41026 -6.40 -10.99 -1.74 -198.00 -23.00 123.00 580.00 -23.00 -953.00 0
41035 -6.82 -9.74 -1.60 -196.00 -27.00 124.00 580.00 -23.00 -953.00 0
41044 -6.96 -7.65 -1.67 -199.00 -19.00 126.00 580.00 -23.00 -953.00 0
41054 -6.61 -6.96 -1.60 -194.00 -22.00 129.00 580.00 -23.00 -953.00 0
41063 -6.26 -6.47 -1.53 -193.00 -17.00 126.00 580.00 -23.00 -953.00 0
41072 -6.12 -6.12 -1.39 -190.00 -22.00 127.00 580.00 -23.00 -953.00 0
41081 -6.12 -5.98 -1.32 -189.00 -17.00 127.00 580.00 -23.00 -953.00 0
41091 -6.19 -5.77 -1.39 -191.00 -23.00 129.00 580.00 -23.00 -953.00 0
41100 -6.40 -4.87 -1.88 -191.00 -22.00 126.00 580.00 -23.00 -953.00 0
41109 -6.68 -4.10 -2.50 -194.00 -26.00 130.00 580.00 -23.00 -953.00 0
41118 -7.17 -3.48 -3.13 -202.00 -30.00 131.00 580.00 -23.00 -953.00 0
41127 -7.65 -2.92 -3.76 -204.00 -31.00 132.00 580.00 -23.00 -953.00 0
41137 -8.00 -2.85 -4.38 -209.00 -31.00 135.00 580.00 -23.00 -953.00 0
41146 -8.00 -3.34 -5.08 -210.00 -30.00 137.00 580.00 -23.00 -953.00 0
41155 -6.82 -6.68 -5.57 -207.00 -23.00 138.00 580.00 -23.00 -953.00 0
41164 -6.40 -9.04 -5.63 -204.00 -30.00 134.00 580.00 -23.00 -953.00 0
41174 -6.05 -11.06 -5.43 -201.00 -26.00 134.00 580.00 -23.00 -953.00 0
41183 -5.70 -13.29 -5.22 -201.00 -28.00 139.00 580.00 -23.00 -953.00 0
41192 -5.63 -15.65 -5.22 -199.00 -30.00 139.00 580.00 -23.00 -953.00 0
41201 -5.70 -17.88 -5.08 -201.00 -29.00 144.00 580.00 -23.00 -953.00 0
41210 -6.05 -23.86 -5.36 -205.00 -25.00 151.00 580.00 -23.00 -953.00 0
41220 -6.68 -28.10 -5.63 -200.00 -26.00 159.00 580.00 -23.00 -953.00 0
41229 -7.44 -33.88 -5.63 -188.00 -33.00 158.00 580.00 -23.00 -953.00 0
41238 -8.49 -40.97 -5.22 -179.00 -29.00 146.00 580.00 -23.00 -953.00 0
41247 -9.74 -48.49 -4.66 -187.00 -20.00 152.00 580.00 -23.00 -953.00 0
41256 -10.92 -55.79 -3.97 -228.00 -8.00 194.00 580.00 -23.00 -953.00 0
41266 -15.03 -76.59 -3.90 -274.00 -2.00 232.00 580.00 -23.00 -953.00 0
41275 -18.71 -94.40 -4.45 -296.00 -6.00 248.00 580.00 -23.00 -953.00 0
41284 -23.37 -118.40 -4.59 -304.00 -1.00 238.00 580.00 -23.00 -953.00 0
41293 -28.59 -147.20 -3.97 -245.00 -9.00 179.00 580.00 -23.00 -953.00 0
41303 -34.57 -177.81 -2.92 -154.00 -13.00 96.00 580.00 -23.00 -953.00 0
41312 -40.28 -205.84 -1.18 -65.00 -28.00 57.00 580.00 -23.00 -953.00 0
41321 -50.78 -236.24 1.60 -25.00 -37.00 35.00 580.00 -23.00 -953.00 0
41330 -54.96 -234.09 1.74 -2.00 -47.00 37.00 580.00 -23.00 -953.00 0
41339 -57.46 -222.26 0.90 -17.00 -50.00 75.00 580.00 -23.00 -953.00 0
41349 -58.43 -203.34 -1.04 -49.00 -62.00 110.00 580.00 -23.00 -953.00 0
41359 -58.37 -180.94 -3.34 -62.00 -51.00 131.00 580.00 -23.00 -953.00 0
41368 -56.14 -157.91 -6.12 -68.00 -55.00 126.00 433.00 26.00 -999.00 0
41377 -47.03 -119.17 -6.05 -63.00 -48.00 125.00 433.00 26.00 -999.00 0
41387 -39.86 -103.03 -4.59 -74.00 -30.00 125.00 433.00 26.00 -999.00 1
41397 -31.86 -88.42 -2.92 -110.00 -23.00 119.00 433.00 26.00 -999.00 1
41407 -25.11 -75.90 -2.09 -184.00 7.00 241.00 433.00 26.00 -999.00 1
41417 -16.28 -52.87 -8.07 -289.00 -12.00 327.00 433.00 26.00 -999.00 1
41428 -17.18 -43.76 -12.73 -282.00 -32.00 377.00 433.00 26.00 -999.00 1
41439 -18.23 -32.42 -13.91 -263.00 -65.00 358.00 433.00 26.00 -999.00 1
41450 -20.73 -27.06 -10.30 -222.00 -90.00 332.00 433.00 26.00 -999.00 1
41460 -19.90 -22.82 -5.91 -180.00 -97.00 293.00 433.00 26.00 -999.00 1
41472 -13.22 -21.08 1.95 -158.00 -90.00 249.00 433.00 26.00 -999.00 1
41483 -8.42 -23.44 5.22 -160.00 -89.00 248.00 433.00 26.00 -999.00 1
41493 -2.78 -28.38 7.72 -159.00 -83.00 247.00 433.00 26.00 -999.00 1
41503 9.60 -42.64 9.46 -110.00 -61.00 199.00 433.00 26.00 -999.00 1
41513 15.51 -51.20 9.88 -76.00 -35.00 143.00 433.00 26.00 -999.00 0
41523 20.10 -58.37 9.46 -26.00 -1.00 118.00 433.00 26.00 -999.00 0
41532 22.75 -63.23 7.93 -15.00 34.00 106.00 433.00 26.00 -999.00 0
41541 23.72 -63.65 1.95 -32.00 58.00 153.00 433.00 26.00 -999.00 0
41550 18.43 -51.69 -0.77 -59.00 31.00 181.00 433.00 26.00 -999.00 0
41560 10.78 -41.53 -1.95 -68.00 -1.00 183.00 433.00 26.00 -999.00 0
41569 2.85 -31.79 -0.56 -66.00 -22.00 182.00 433.00 26.00 -999.00 0
41578 -3.69 -22.89 2.64 -64.00 -40.00 177.00 433.00 26.00 -999.00 0
41587 -7.93 -13.91 6.40 -68.00 -54.00 182.00 433.00 26.00 -999.00 0
41596 -10.16 -4.66 9.74 -81.00 -61.00 193.00 433.00 26.00 -999.00 0
41606 -10.43 12.17 13.36 -121.00 -64.00 211.00 433.00 26.00 -999.00 0
41615 -9.46 18.09 12.80 -152.00 -64.00 240.00 433.00 26.00 -999.00 0
41624 -7.65 21.98 10.50 -148.00 -51.00 254.00 433.00 26.00 -999.00 0
41633 -4.10 23.79 8.42 -140.00 -27.00 245.00 433.00 26.00 -999.00 0
41643 0.56 23.23 7.79 -122.00 -21.00 232.00 433.00 26.00 -999.00 0
41652 4.17 20.45 8.28 -102.00 -26.00 205.00 433.00 26.00 -999.00 0
41661 5.70 13.98 8.42 -94.00 -37.00 192.00 433.00 26.00 -999.00 0
41670 5.01 12.52 7.86 -92.00 -39.00 191.00 433.00 26.00 -999.00 0
41679 4.24 12.73 6.40 -97.00 -33.00 195.00 433.00 26.00 -999.00 0
41689 3.76 14.33 4.17 -115.00 -22.00 193.00 433.00 26.00 -999.00 0
41698 3.48 17.25 1.46 -117.00 -10.00 201.00 433.00 26.00 -999.00 0
41707 3.20 21.22 -1.81 -126.00 -9.00 204.00 433.00 26.00 -999.00 0
41716 -0.35 33.60 -9.39 -120.00 -20.00 207.00 433.00 26.00 -999.00 0
41725 -4.10 42.09 -13.57 -112.00 -39.00 201.00 433.00 26.00 -999.00 0
41735 -8.63 51.62 -17.95 -101.00 -56.00 188.00 433.00 26.00 -999.00 0
41744 -12.66 61.57 -22.40 -94.00 -63.00 175.00 433.00 26.00 -999.00 0
41753 -14.96 71.58 -26.43 -100.00 -60.00 174.00 433.00 26.00 -999.00 0
41762 -15.10 81.25 -32.63 -107.00 -49.00 179.00 433.00 26.00 -999.00 0
41773 -10.92 96.35 -34.50 -119.00 -43.00 190.00 433.00 26.00 -999.00 0
41782 -7.72 101.15 -34.78 -131.00 -42.00 198.00 433.00 26.00 -999.00 0
41791 -4.66 103.72 -33.60 -139.00 -45.00 192.00 433.00 26.00 -999.00 0
41800 -2.23 104.70 -31.03 -128.00 -53.00 187.00 433.00 26.00 -999.00 0
41809 -0.14 106.57 -27.90 -119.00 -70.00 165.00 433.00 26.00 -999.00 0
41819 4.31 126.68 -21.84 -126.00 -75.00 153.00 433.00 26.00 -999.00 0
41828 8.14 146.30 -19.83 -130.00 -81.00 135.00 433.00 26.00 -999.00 0
41837 12.80 168.49 -18.92 -146.00 -70.00 128.00 433.00 26.00 -999.00 0
41846 18.57 192.14 -18.30 -166.00 -45.00 139.00 433.00 26.00 -999.00 0
41857 24.56 212.94 -17.67 -185.00 -28.00 162.00 433.00 26.00 -999.00 0
41866 28.45 224.77 -18.02 -215.00 -32.00 192.00 433.00 26.00 -999.00 0
41875 26.78 214.47 -19.06 -244.00 -32.00 199.00 433.00 26.00 -999.00 0
41884 22.40 195.97 -18.37 -247.00 -42.00 180.00 433.00 26.00 -999.00 0
41893 17.32 171.13 -15.65 -234.00 -49.00 166.00 433.00 26.00 -999.00 0
41903 12.73 144.63 -11.90 -204.00 -68.00 135.00 433.00 26.00 -999.00 0
41912 8.83 120.56 -6.54 -176.00 -67.00 100.00 433.00 26.00 -999.00 0
41922 10.43 86.47 9.11 -175.00 -58.00 103.00 433.00 26.00 -999.00 0
41931 13.84 82.92 16.14 -167.00 -65.00 63.00 433.00 26.00 -999.00 0
41940 18.71 89.32 21.91 -188.00 -46.00 90.00 433.00 26.00 -999.00 0
41950 26.37 105.04 27.55 -255.00 -33.00 63.00 433.00 26.00 -999.00 0
41959 33.60 123.97 31.37 -253.00 1.00 108.00 580.00 -7.00 -1285.00 0
41968 38.82 136.70 33.11 -263.00 -3.00 118.00 580.00 -7.00 -1285.00 0
41977 39.37 143.86 31.30 -273.00 5.00 107.00 580.00 -7.00 -1285.00 0
41987 37.22 138.30 28.31 -270.00 0.00 130.00 580.00 -7.00 -1285.00 0
41996 33.95 125.84 25.60 -289.00 8.00 133.00 580.00 -7.00 -1285.00 0
42005 30.61 109.43 24.77 -278.00 -12.00 135.00 580.00 -7.00 -1285.00 0
42014 25.67 88.90 24.07 -265.00 -9.00 128.00 580.00 -7.00 -1285.00 0
42023 19.34 42.23 21.22 -255.00 7.00 128.00 596.00 -22.00 -1030.00 0
42034 5.77 18.43 18.64 -247.00 14.00 125.00 596.00 -22.00 -1030.00 0
42043 -3.20 -6.47 14.61 -224.00 -11.00 110.00 596.00 -22.00 -1030.00 0
42052 -13.91 -32.35 9.81 -194.00 -31.00 91.00 596.00 -22.00 -1030.00 0
42061 -23.93 -57.67 5.77 -172.00 -49.00 89.00 596.00 -22.00 -1030.00 0
42071 -31.65 -79.44 2.85 -160.00 -54.00 86.00 596.00 -22.00 -1030.00 0
42080 -36.10 -99.55 0.63 -163.00 -40.00 91.00 596.00 -22.00 -1030.00 0
42089 -33.95 -98.09 0.56 -160.00 -37.00 109.00 574.00 -16.00 -1064.00 0
42098 -30.89 -91.48 0.35 -180.00 -28.00 112.00 574.00 -16.00 -1064.00 0
42107 -27.76 -81.25 0.35 -191.00 -32.00 116.00 574.00 -16.00 -1064.00 0
42117 -24.90 -69.50 0.07 -200.00 -33.00 123.00 574.00 -16.00 -1064.00 0
42126 -22.47 -58.02 -0.35 -209.00 -37.00 125.00 574.00 -16.00 -1064.00 0
42135 -16.83 -39.65 -0.07 -219.00 -26.00 130.00 574.00 -16.00 -1064.00 0
42145 -14.05 -33.46 0.14 -222.00 -17.00 136.00 574.00 -16.00 -1064.00 0
42155 -11.76 -29.50 0.42 -219.00 -15.00 132.00 570.00 -13.00 -1047.00 0
42164 -10.57 -27.62 0.42 -209.00 -16.00 134.00 570.00 -13.00 -1047.00 0
42173 -10.37 -27.20 0.14 -197.00 -17.00 128.00 570.00 -13.00 -1047.00 0
42182 -11.13 -28.10 -0.28 -192.00 -25.00 128.00 570.00 -13.00 -1047.00 0
42191 -11.76 -28.59 -0.35 -187.00 -27.00 122.00 570.00 -13.00 -1047.00 0
42201 -11.83 -28.52 -0.14 -180.00 -27.00 122.00 570.00 -13.00 -1047.00 0
42210 -11.55 -28.24 0.21 -182.00 -28.00 121.00 570.00 -13.00 -1047.00 0
42219 -10.78 -27.55 0.42 -186.00 -25.00 125.00 563.00 -12.00 -1371.00 0
42229 -9.81 -26.09 0.49 -187.00 -23.00 128.00 563.00 -12.00 -1371.00 0
42238 -7.93 -20.59 0.90 -191.00 -25.00 129.00 563.00 -12.00 -1371.00 0
42248 -7.44 -17.25 0.70 -189.00 -23.00 128.00 563.00 -12.00 -1371.00 0
42257 -7.10 -14.12 0.21 -187.00 -27.00 127.00 563.00 -12.00 -1371.00 0
42266 -6.75 -11.34 -0.42 -189.00 -22.00 122.00 563.00 -12.00 -1371.00 0
42275 -6.33 -8.90 -0.97 -189.00 -22.00 125.00 563.00 -12.00 -1371.00 0
42285 -5.70 -6.61 -1.32 -197.00 -22.00 130.00 564.00 -12.00 -986.00 0
42294 -4.24 -2.30 -1.25 -206.00 -19.00 137.00 564.00 -12.00 -986.00 0
42303 -3.69 -1.04 -1.11 -218.00 -24.00 146.00 564.00 -12.00 -986.00 0
42312 -3.62 -0.97 -0.97 -220.00 -19.00 146.00 564.00 -12.00 -986.00 0
42321 -3.76 -2.02 -0.83 -215.00 -20.00 144.00 564.00 -12.00 -986.00 0
42331 -4.31 -4.17 -0.42 -201.00 -24.00 141.00 564.00 -12.00 -986.00 0
42340 -5.36 -6.82 0.14 -187.00 -36.00 132.00 564.00 -12.00 -986.00 0
42349 -7.93 -10.92 0.21 -179.00 -42.00 129.00 564.00 -15.00 -952.00 0
42358 -8.70 -11.62 -0.28 -185.00 -39.00 128.00 561.00 -15.00 -952.00 0
42368 -8.42 -11.55 -0.70 -188.00 -31.00 132.00 561.00 -15.00 -952.00 0
42377 -7.72 -11.13 -1.11 -192.00 -28.00 133.00 561.00 -15.00 -952.00 0
42386 -7.10 -10.71 -1.60 -198.00 -28.00 138.00 561.00 -15.00 -952.00 0
42395 -6.33 -10.43 -1.88 -201.00 -21.00 143.00 561.00 -15.00 -952.00 0
42404 -5.70 -10.50 -1.95 -205.00 -28.00 140.00 561.00 -15.00 -952.00 0
42414 -5.98 -10.92 -2.02 -203.00 -24.00 147.00 561.00 -15.00 -952.00 0
42423 -6.33 -11.76 -2.02 -200.00 -33.00 144.00 561.00 -15.00 -952.00 0
42432 -6.75 -12.66 -1.95 -192.00 -28.00 133.00 561.00 -15.00 -952.00 0
42441 -6.96 -13.63 -1.81 -187.00 -29.00 138.00 561.00 -15.00 -952.00 0
42450 -7.10 -14.26 -1.67 -186.00 -32.00 143.00 561.00 -15.00 -952.00 0
42460 -7.10 -13.84 -1.32 -186.00 -34.00 143.00 561.00 -15.00 -952.00 0
42469 -7.03 -13.22 -1.53 -184.00 -37.00 144.00 561.00 -15.00 -952.00 0
42478 -6.89 -12.45 -1.67 -184.00 -39.00 145.00 561.00 -15.00 -952.00 0
42487 -6.47 -11.69 -1.88 -183.00 -41.00 148.00 561.00 -15.00 -952.00 0
42497 -6.12 -11.06 -2.37 -181.00 -43.00 147.00 561.00 -15.00 -952.00 0
42506 -5.57 -10.50 -2.85 -177.00 -41.00 148.00 561.00 -15.00 -952.00 0
42515 -4.03 -9.88 -4.03 -182.00 -38.00 146.00 561.00 -15.00 -952.00 0
42524 -3.06 -9.74 -4.59 -185.00 -35.00 152.00 561.00 -15.00 -952.00 0
42533 -1.81 -10.02 -5.08 -189.00 -35.00 160.00 561.00 -15.00 -952.00 0
42543 -0.42 -11.34 -5.36 -185.00 -31.00 160.00 561.00 -15.00 -952.00 0
42552 0.97 -13.63 -5.57 -183.00 -29.00 164.00 561.00 -15.00 -952.00 0
42561 2.37 -16.70 -5.43 -172.00 -28.00 148.00 561.00 -15.00 -952.00 0
42570 5.01 -22.82 -3.90 -177.00 -27.00 150.00 561.00 -15.00 -952.00 0
42579 6.40 -25.04 -2.78 -187.00 -18.00 152.00 561.00 -15.00 -952.00 0
42589 7.79 -26.78 -1.81 -191.00 -11.00 160.00 561.00 -15.00 -952.00 0
42598 9.11 -28.31 -0.63 -201.00 -18.00 172.00 561.00 -15.00 -952.00 0
42607 9.88 -30.82 1.11 -197.00 -4.00 183.00 561.00 -15.00 -952.00 0
42616 10.85 -34.64 3.55 -170.00 -4.00 162.00 561.00 -15.00 -952.00 0
42626 10.71 -44.73 8.35 -149.00 0.00 156.00 561.00 -15.00 -952.00 0
42635 10.23 -48.56 11.90 -129.00 1.00 144.00 561.00 -15.00 -952.00 0
42644 9.11 -50.71 15.51 -115.00 0.00 138.00 561.00 -15.00 -952.00 0
42653 6.61 -49.60 17.60 -123.00 -9.00 128.00 561.00 -15.00 -952.00 0
42662 2.92 -45.63 18.16 -114.00 -27.00 95.00 561.00 -15.00 -952.00 0
42672 -0.83 -39.65 16.14 -106.00 -13.00 102.00 561.00 -15.00 -952.00 0
42681 -2.64 -13.91 13.22 -134.00 -15.00 118.00 538.00 -21.00 -1389.00 0
42690 -3.06 2.57 13.08 -162.00 -23.00 123.00 538.00 -21.00 -1389.00 0
42699 -2.85 17.18 14.12 -200.00 20.00 147.00 538.00 -21.00 -1389.00 0
42708 -1.32 29.57 16.35 -191.00 -13.00 134.00 538.00 -21.00 -1389.00 0
42718 -2.37 37.98 14.68 -193.00 14.00 132.00 538.00 -21.00 -1389.00 0
42727 -2.64 41.11 19.41 -170.00 4.00 130.00 538.00 -21.00 -1389.00 0
42736 -3.83 35.06 21.50 -133.00 1.00 113.00 538.00 -21.00 -1389.00 0
42745 -6.47 29.57 22.68 -108.00 -21.00 98.00 565.00 -30.00 -1103.00 0
42755 -10.37 25.81 22.89 -120.00 -47.00 88.00 565.00 -30.00 -1103.00 1
42766 -14.05 23.51 22.19 -180.00 -112.00 36.00 565.00 -30.00 -1103.00 1
42776 -16.63 21.77 14.26 -294.00 -65.00 124.00 565.00 -30.00 -1103.00 1
42786 -11.62 24.14 5.08 -442.00 -4.00 238.00 565.00 -30.00 -1103.00 1
42798 -7.10 27.34 -10.16 -454.00 55.00 260.00 565.00 -30.00 -1103.00 1
42809 1.18 16.21 -26.99 -392.00 52.00 258.00 564.00 -15.00 -1108.00 1
42819 1.11 7.10 -25.18 -306.00 6.00 234.00 564.00 -15.00 -1108.00 1
42830 -5.91 -9.18 -8.83 -244.00 -36.00 185.00 564.00 -15.00 -1108.00 1
42841 -10.64 -16.90 -0.83 -210.00 -52.00 162.00 564.00 -15.00 -1108.00 1
42852 -13.57 -25.60 5.50 -187.00 -38.00 150.00 564.00 -15.00 -1108.00 1
42863 -13.01 -43.76 13.15 -177.00 -25.00 136.00 564.00 -15.00 -1108.00 1
42873 -11.76 -54.26 13.98 -155.00 10.00 134.00 564.00 -27.00 -1130.00 1
42884 -11.20 -65.88 12.45 -140.00 20.00 129.00 545.00 -27.00 -1130.00 0
42893 -12.38 -87.30 6.89 -120.00 19.00 129.00 545.00 -27.00 -1130.00 0
42902 -18.92 -94.12 5.22 -113.00 10.00 129.00 545.00 -27.00 -1130.00 0
42912 -23.03 -98.02 4.52 -114.00 16.00 130.00 545.00 -27.00 -1130.00 0
42921 -27.06 -99.34 4.38 -124.00 -5.00 143.00 545.00 -27.00 -1130.00 0
42931 -31.79 -99.48 3.55 -148.00 -14.00 159.00 545.00 -27.00 -1130.00 0
42940 -36.94 -98.57 1.95 -151.00 -43.00 165.00 506.00 -9.00 -1014.00 0
42949 -45.29 -93.36 -4.66 -157.00 -51.00 169.00 506.00 -9.00 -1014.00 0
42958 -45.98 -88.00 -7.65 -164.00 -62.00 166.00 506.00 -9.00 -1014.00 0
42968 -44.59 -80.28 -10.85 -171.00 -69.00 168.00 506.00 -9.00 -1014.00 0
42977 -40.63 -69.91 -13.57 -177.00 -54.00 174.00 506.00 -9.00 -1014.00 0
42986 -33.46 -54.96 -15.79 -191.00 -59.00 181.00 506.00 -9.00 -1014.00 0
42995 -25.60 -34.43 -21.57 -193.00 -51.00 191.00 506.00 -9.00 -1014.00 0
43005 -9.39 11.27 -24.70 -186.00 -50.00 189.00 506.00 2.00 -1099.00 0
43015 -2.78 29.98 -28.59 -163.00 -52.00 164.00 502.00 2.00 -1099.00 0
43024 3.13 45.15 -32.14 -150.00 -45.00 150.00 502.00 2.00 -1099.00 0
43033 9.18 57.60 -34.64 -142.00 -37.00 139.00 502.00 2.00 -1099.00 0
43042 15.23 68.03 -36.38 -140.00 -30.00 138.00 502.00 2.00 -1099.00 0
43052 26.37 85.50 -37.63 -149.00 -19.00 134.00 502.00 2.00 -1099.00 0
43061 30.96 92.45 -37.08 -159.00 -4.00 149.00 502.00 2.00 -1099.00 0
43070 34.71 97.46 -35.13 -178.00 -8.00 166.00 502.00 2.00 -1099.00 0
43079 36.66 100.03 -32.00 -191.00 0.00 161.00 502.00 2.00 -1099.00 0
43088 36.94 99.62 -27.83 -191.00 -5.00 161.00 502.00 2.00 -1099.00 0
43098 35.55 95.93 -23.37 -180.00 -5.00 159.00 502.00 2.00 -1099.00 0
43107 29.22 82.30 -14.40 -178.00 -19.00 144.00 502.00 2.00 -1099.00 0
43116 25.18 73.46 -10.37 -175.00 -19.00 137.00 502.00 2.00 -1099.00 0
43126 21.84 65.04 -7.03 -173.00 -19.00 130.00 502.00 2.00 -1099.00 0
43136 18.43 58.02 -5.29 -168.00 -23.00 125.00 502.00 2.00 -1099.00 0
43145 15.51 52.24 -4.17 -166.00 -23.00 119.00 502.00 2.00 -1099.00 0
43154 13.15 48.90 -3.55 -166.00 -24.00 121.00 502.00 2.00 -1099.00 0
43163 10.09 50.50 -3.90 -166.00 -22.00 125.00 502.00 2.00 -1099.00 0
43172 9.46 53.70 -3.76 -171.00 -24.00 122.00 502.00 2.00 -1099.00 0
43182 9.18 57.67 -3.34 -175.00 -19.00 120.00 502.00 2.00 -1099.00 0
43191 9.32 61.77 -2.37 -181.00 -19.00 121.00 502.00 2.00 -1099.00 0
43200 9.81 65.67 -0.90 -189.00 -22.00 118.00 502.00 2.00 -1099.00 0
43209 10.02 69.63 2.02 -191.00 -22.00 120.00 502.00 2.00 -1099.00 0
43218 10.92 76.59 3.06 -192.00 -23.00 124.00 502.00 2.00 -1099.00 0
43228 11.97 79.10 3.62 -192.00 -10.00 126.00 502.00 2.00 -1099.00 0
43237 13.01 81.18 4.10 -192.00 -11.00 128.00 502.00 2.00 -1099.00 0
43246 13.50 82.71 4.45 -198.00 -14.00 131.00 502.00 2.00 -1099.00 0
43255 13.15 83.48 4.45 -202.00 -20.00 125.00 502.00 2.00 -1099.00 0
43265 12.03 81.95 3.62 -202.00 -27.00 131.00 502.00 2.00 -1099.00 0
43274 8.63 79.79 2.92 -210.00 -33.00 126.00 502.00 2.00 -1099.00 0
43283 7.10 77.08 2.30 -215.00 -33.00 125.00 502.00 2.00 -1099.00 0
43292 6.26 73.25 1.39 -223.00 -28.00 119.00 502.00 2.00 -1099.00 0
43301 6.19 68.59 0.77 -224.00 -21.00 117.00 502.00 2.00 -1099.00 0
43311 6.33 63.44 0.14 -229.00 -12.00 113.00 502.00 2.00 -1099.00 0
43320 6.33 53.77 -0.77 -230.00 -12.00 111.00 502.00 2.00 -1099.00 0
43329 4.94 49.32 -1.32 -233.00 -17.00 108.00 502.00 2.00 -1099.00 0
43338 3.69 45.29 -1.74 -236.00 -22.00 107.00 502.00 2.00 -1099.00 0
43347 2.43 41.95 -2.16 -238.00 -23.00 105.00 502.00 2.00 -1099.00 0
43357 1.39 39.23 -2.16 -237.00 -22.00 107.00 502.00 2.00 -1099.00 0
43366 0.70 36.52 -2.02 -238.00 -24.00 105.00 502.00 2.00 -1099.00 0
43375 0.07 30.26 -1.46 -236.00 -26.00 101.00 502.00 2.00 -1099.00 0
43384 -0.63 26.78 -0.97 -235.00 -21.00 97.00 502.00 2.00 -1099.00 0
43394 -0.97 23.37 -0.42 -237.00 -20.00 102.00 502.00 2.00 -1099.00 0
43403 -1.60 20.10 0.07 -249.00 -24.00 114.00 597.00 -21.00 -978.00 0
43412 -2.85 16.70 0.35 -258.00 -22.00 121.00 597.00 -21.00 -978.00 0
43421 -4.10 11.97 0.42 -255.00 -28.00 105.00 597.00 -21.00 -978.00 0
43430 -5.57 -1.18 -0.97 -253.00 -23.00 101.00 597.00 -21.00 -978.00 0
43440 -7.44 -7.10 -1.11 -242.00 -20.00 90.00 597.00 -21.00 -978.00 0
43449 -8.07 -11.41 -1.11 -236.00 -26.00 85.00 597.00 -21.00 -978.00 0
43458 -8.63 -13.77 -1.11 -229.00 -29.00 83.00 597.00 -21.00 -978.00 0
43467 -8.83 -14.54 -1.25 -232.00 -26.00 86.00 597.00 -19.00 -1186.00 0
43476 -8.77 -13.57 -1.39 -235.00 -26.00 93.00 597.00 -19.00 -1186.00 0
43486 -8.21 -8.56 -1.95 -242.00 -26.00 97.00 597.00 -19.00 -1186.00 0
43495 -6.05 -5.84 -2.09 -244.00 -19.00 98.00 597.00 -19.00 -1186.00 0
43504 -5.01 -3.41 -2.02 -242.00 -22.00 99.00 597.00 -19.00 -1186.00 0
43513 -4.24 -1.60 -1.81 -237.00 -24.00 98.00 597.00 -19.00 -1186.00 0
43523 -3.76 -0.21 -1.46 -229.00 -29.00 99.00 597.00 -19.00 -1186.00 0
43532 -3.20 0.49 -1.04 -225.00 -27.00 94.00 594.00 -24.00 -1113.00 0
43541 -2.37 0.97 0.35 -217.00 -25.00 93.00 594.00 -24.00 -1113.00 0
43550 -0.21 1.32 1.18 -210.00 -21.00 96.00 594.00 -24.00 -1113.00 0
43559 0.77 1.39 1.81 -203.00 -17.00 91.00 594.00 -24.00 -1113.00 0
43569 1.32 1.60 2.09 -203.00 -14.00 85.00 594.00 -24.00 -1113.00 0
43578 1.60 1.95 2.16 -196.00 -12.00 86.00 594.00 -24.00 -1113.00 0
43587 1.67 2.57 2.09 -197.00 -19.00 89.00 594.00 -24.00 -1113.00 0
43596 1.46 3.55 2.02 -195.00 -11.00 89.00 597.00 -30.00 -1303.00 0
43606 1.25 5.70 1.74 -197.00 -12.00 87.00 597.00 -30.00 -1303.00 0
43615 1.04 6.61 1.67 -196.00 -7.00 91.00 597.00 -30.00 -1303.00 0
43624 0.90 7.17 1.81 -198.00 -12.00 89.00 597.00 -30.00 -1303.00 0
43633 0.49 7.51 1.81 -194.00 -12.00 92.00 597.00 -30.00 -1303.00 0
43642 -0.21 7.72 1.46 -201.00 -16.00 89.00 597.00 -30.00 -1303.00 0
43651 -0.97 7.86 0.90 -195.00 -15.00 87.00 597.00 -30.00 -1303.00 0
43660 -2.02 7.58 0.07 -195.00 -16.00 87.00 597.00 -30.00 -1303.00 0
43669 -2.43 7.65 -0.42 -199.00 -15.00 87.00 597.00 -30.00 -1303.00 0
43678 -2.85 7.79 -1.04 -201.00 -16.00 88.00 597.00 -30.00 -1303.00 0
43687 -3.41 8.14 -1.74 -202.00 -22.00 93.00 597.00 -30.00 -1303.00 0
43697 -3.97 8.56 -2.50 -205.00 -18.00 93.00 597.00 -30.00 -1303.00 0
43706 -4.31 9.11 -3.13 -211.00 -19.00 90.00 597.00 -30.00 -1303.00 0
43715 -4.87 10.43 -4.24 -215.00 -17.00 93.00 597.00 -30.00 -1303.00 0
43724 -5.15 10.85 -4.66 -223.00 -16.00 97.00 597.00 -30.00 -1303.00 0
43734 -5.50 11.13 -4.94 -220.00 -19.00 93.00 598.00 -31.00 -1244.00 0
43743 -5.77 11.20 -5.01 -228.00 -15.00 92.00 598.00 -31.00 -1244.00 0
43752 -5.98 11.13 -4.87 -233.00 -10.00 90.00 598.00 -31.00 -1244.00 0
43761 -5.91 10.85 -4.73 -235.00 -11.00 90.00 598.00 -31.00 -1244.00 0
43770 -6.12 10.64 -4.59 -237.00 -11.00 87.00 598.00 -31.00 -1244.00 0
43780 -6.40 10.85 -4.80 -238.00 -18.00 94.00 598.00 -31.00 -1244.00 0
43789 -6.40 10.99 -5.01 -239.00 -13.00 96.00 598.00 -31.00 -1244.00 0
43798 -6.19 10.92 -4.94 -241.00 -11.00 94.00 598.00 -31.00 -1244.00 0
43807 -5.70 10.43 -4.52 -240.00 -8.00 96.00 598.00 -31.00 -1244.00 0
43816 -5.22 9.32 -3.76 -236.00 -9.00 95.00 598.00 -31.00 -1244.00 0
43826 -5.43 6.33 -2.43 -237.00 -13.00 95.00 598.00 -31.00 -1244.00 0
43835 -5.91 4.87 -1.95 -233.00 -15.00 93.00 598.00 -31.00 -1244.00 0
43844 -6.33 3.55 -1.53 -230.00 -16.00 91.00 598.00 -31.00 -1244.00 0
43853 -6.61 2.50 -1.18 -231.00 -19.00 90.00 598.00 -31.00 -1244.00 0
43863 -6.75 1.67 -0.83 -229.00 -19.00 88.00 598.00 -23.00 -1187.00 0
43872 -6.75 0.90 -0.70 -226.00 -19.00 89.00 598.00 -23.00 -1187.00 0
43881 -6.61 -0.49 -0.49 -225.00 -22.00 89.00 598.00 -23.00 -1187.00 0
43890 -6.12 -1.04 -0.49 -227.00 -22.00 87.00 598.00 -23.00 -1187.00 0
43899 -5.84 -1.46 -0.49 -226.00 -21.00 87.00 598.00 -23.00 -1187.00 0
43909 -5.43 -1.81 -0.42 -229.00 -18.00 83.00 598.00 -23.00 -1187.00 0
43918 -4.94 -2.02 -0.28 -226.00 -19.00 84.00 598.00 -23.00 -1187.00 0
43927 -4.59 -2.16 -0.21 -229.00 -19.00 87.00 600.00 -25.00 -1098.00 0
43936 -4.52 -2.37 -0.42 -228.00 -20.00 86.00 600.00 -25.00 -1098.00 0
43945 -4.94 -2.99 -0.77 -226.00 -23.00 87.00 600.00 -25.00 -1098.00 0
43955 -5.22 -3.20 -1.04 -226.00 -22.00 81.00 600.00 -25.00 -1098.00 0
43964 -5.29 -3.20 -1.25 -225.00 -25.00 81.00 600.00 -25.00 -1098.00 0
43973 -5.29 -3.13 -1.46 -224.00 -24.00 86.00 600.00 -25.00 -1098.00 0
43982 -5.01 -2.99 -1.32 -226.00 -20.00 85.00 600.00 -25.00 -1098.00 0
43992 -4.73 -2.71 -1.11 -224.00 -21.00 83.00 600.00 -21.00 -1086.00 0
44001 -4.87 -2.37 -0.97 -225.00 -22.00 84.00 600.00 -21.00 -1086.00 0
44010 -5.08 -2.16 -0.97 -227.00 -19.00 83.00 600.00 -21.00 -1086.00 0
44019 -5.29 -2.09 -1.04 -222.00 -23.00 85.00 600.00 -21.00 -1086.00 0
44028 -5.43 -2.02 -1.18 -223.00 -21.00 84.00 600.00 -21.00 -1086.00 0
44038 -5.57 -1.81 -1.39 -225.00 -22.00 83.00 600.00 -21.00 -1086.00 0
44047 -5.70 -1.53 -1.46 -221.00 -24.00 83.00 600.00 -21.00 -1086.00 0
44056 -5.91 -1.11 -1.46 -223.00 -23.00 83.00 598.00 -20.00 -1062.00 0
44064 -5.84 -1.11 -1.39 -227.00 -21.00 86.00 598.00 -20.00 -1062.00 0
44073 -5.70 -1.11 -1.32 -223.00 -17.00 86.00 598.00 -20.00 -1062.00 0
44083 -5.63 -1.04 -1.18 -222.00 -21.00 89.00 598.00 -20.00 -1062.00 0
44092 -5.57 -1.04 -1.04 -218.00 -22.00 89.00 598.00 -20.00 -1062.00 0
44101 -5.57 -1.04 -0.97 -219.00 -20.00 89.00 598.00 -20.00 -1062.00 0
44110 -5.36 -0.97 -0.70 -220.00 -18.00 84.00 598.00 -20.00 -1062.00 0
44120 -5.22 -0.77 -0.56 -222.00 -16.00 82.00 598.00 -20.00 -1062.00 0
44129 -5.15 -0.35 -0.49 -225.00 -16.00 82.00 598.00 -20.00 -1062.00 0
44138 -5.29 0.07 -0.63 -231.00 -14.00 82.00 598.00 -20.00 -1062.00 0
44147 -5.57 0.63 -0.97 -231.00 -16.00 83.00 598.00 -20.00 -1062.00 0
44156 -5.84 1.11 -1.32 -233.00 -16.00 81.00 598.00 -20.00 -1062.00 0
44166 -6.19 1.81 -1.32 -237.00 -20.00 83.00 598.00 -20.00 -1062.00 0
44175 -6.61 1.88 -1.25 -236.00 -23.00 83.00 598.00 -20.00 -1062.00 0
44184 -6.82 1.81 -0.90 -237.00 -20.00 83.00 598.00 -20.00 -1062.00 0
44193 -6.75 1.60 -0.35 -236.00 -22.00 89.00 599.00 -20.00 -1105.00 0
44203 -6.68 1.32 0.42 -237.00 -19.00 87.00 599.00 -20.00 -1105.00 0
44212 -6.68 0.97 1.18 -234.00 -25.00 90.00 599.00 -20.00 -1105.00 0
44221 -7.10 -0.14 2.43 -233.00 -31.00 86.00 599.00 -20.00 -1105.00 0
44230 -8.00 -0.77 2.99 -233.00 -34.00 83.00 599.00 -20.00 -1105.00 0
44239 -7.79 -1.60 3.55 -229.00 -30.00 85.00 599.00 -20.00 -1105.00 0
44249 -7.10 -2.57 4.03 -227.00 -25.00 88.00 599.00 -20.00 -1105.00 0
44258 -6.12 -3.55 4.59 -220.00 -21.00 89.00 599.00 -20.00 -1105.00 0
44267 -4.94 -4.73 5.36 -221.00 -10.00 84.00 599.00 -20.00 -1105.00 0
44276 -3.97 -5.84 6.68 -214.00 -13.00 92.00 599.00 -20.00 -1105.00 0
44285 -3.55 -7.30 6.96 -209.00 -15.00 91.00 599.00 -20.00 -1105.00 0
44295 -3.69 -7.72 7.17 -209.00 -20.00 90.00 599.00 -20.00 -1105.00 0
44304 -3.62 -7.93 7.51 -213.00 -12.00 88.00 599.00 -20.00 -1105.00 0
44313 -3.06 -8.14 7.86 -212.00 -5.00 89.00 599.00 -20.00 -1105.00 0
44322 -2.37 -8.21 8.21 -211.00 1.00 93.00 602.00 -34.00 -1063.00 0
44332 -1.53 -7.93 8.77 -209.00 3.00 94.00 602.00 -34.00 -1063.00 0
44340 -1.67 -7.58 9.18 -208.00 -4.00 92.00 602.00 -34.00 -1063.00 0
44349 -2.37 -7.44 9.11 -205.00 -9.00 92.00 602.00 -34.00 -1063.00 0
44358 -2.85 -7.23 9.18 -207.00 -10.00 95.00 602.00 -34.00 -1063.00 0
44367 -3.27 -6.89 9.18 -206.00 -12.00 91.00 602.00 -34.00 -1063.00 0