4.73 -4.52 14.05 -82.00 15.00 200.00 314.00 -104.00 -1232.00 0
8051 6.47 -4.73 13.08 -75.00 33.00 203.00 314.00 -104.00 -1232.00 0
8060 8.63 -4.38 9.88 -71.00 48.00 206.00 314.00 -104.00 -1232.00 0
8070 10.30 -1.39 8.00 -76.00 55.00 208.00 314.00 -104.00 -1232.00 0
8079 9.32 1.04 6.75 -75.00 56.00 218.00 314.00 -104.00 -1232.00 0
8088 7.10 3.34 5.84 -71.00 34.00 221.00 314.00 -104.00 -1232.00 0
8097 4.31 5.43 5.43 -85.00 46.00 232.00 314.00 -104.00 -1232.00 0
8107 2.57 7.51 5.22 -82.00 16.00 228.00 314.00 -104.00 -1232.00 0
8116 -0.83 8.14 5.01 -77.00 19.00 233.00 314.00 -104.00 -1232.00 0
8125 -2.99 5.63 5.77 -71.00 10.00 216.00 314.00 -104.00 -1232.00 0
8134 -4.03 3.97 5.84 -79.00 -7.00 211.00 314.00 -104.00 -1232.00 0
8143 -5.50 3.27 4.66 -92.00 -7.00 209.00 314.00 -104.00 -1232.00 0
8153 -6.05 3.48 2.99 -106.00 -3.00 216.00 314.00 -104.00 -1232.00 0
8162 -5.36 4.17 1.04 -116.00 1.00 216.00 314.00 -104.00 -1232.00 0
8171 -3.90 4.59 -0.90 -122.00 15.00 218.00 314.00 -104.00 -1232.00 0
8180 0.63 3.62 -4.03 -117.00 28.00 216.00 314.00 -104.00 -1232.00 0
8189 2.92 2.57 -5.01 -115.00 42.00 207.00 314.00 -104.00 -1232.00 0
8199 4.94 1.88 -5.63 -119.00 46.00 209.00 314.00 -104.00 -1232.00 0
8208 6.26 1.46 -5.84 -121.00 52.00 214.00 314.00 -104.00 -1232.00 0
8217 6.89 0.70 -5.63 -112.00 53.00 206.00 314.00 -104.00 -1232.00 0
8226 6.89 -0.42 -5.08 -107.00 55.00 201.00 314.00 -104.00 -1232.00 0
8236 5.29 -2.02 -3.41 -113.00 45.00 202.00 314.00 -104.00 -1232.00 0
8245 3.83 -1.88 -2.57 -116.00 38.00 211.00 314.00 -104.00 -1232.00 0
8254 2.43 -1.67 -1.67 -120.00 30.00 216.00 314.00 -104.00 -1232.00 0
8264 1.46 -2.09 -0.77 -114.00 32.00 211.00 314.00 -104.00 -1232.00 0
8273 1.18 -2.78 0.14 -105.00 26.00 209.00 314.00 -104.00 -1232.00 0
8283 1.18 -3.55 0.90 -102.00 28.00 208.00 314.00 -104.00 -1232.00 0
8292 1.81 -4.31 1.74 -105.00 34.00 213.00 314.00 -104.00 -1232.00 0
8301 2.23 -4.73 1.67 -102.00 38.00 214.00 314.00 -104.00 -1232.00 0
8310 2.37 -5.01 1.32 -93.00 33.00 210.00 314.00 -104.00 -1232.00 0
8320 2.16 -5.08 0.90 -90.00 32.00 209.00 314.00 -104.00 -1232.00 0
8329 1.60 -4.80 0.42 -79.00 24.00 200.00 314.00 -104.00 -1232.00 0
8338 0.77 -4.03 0.00 -88.00 24.00 207.00 314.00 -104.00 -1232.00 0
8347 -0.77 -1.25 -1.11 -109.00 29.00 219.00 314.00 -104.00 -1232.00 0
8356 -1.32 -0.49 -1.81 -112.00 38.00 224.00 321.00 -129.00 -1039.00 0
8366 -1.88 -1.04 -2.64 -106.00 36.00 221.00 321.00 -129.00 -1039.00 0
8375 -2.57 -2.02 -3.06 -105.00 36.00 209.00 321.00 -129.00 -1039.00 0
8384 -3.55 -2.78 -2.85 -99.00 23.00 198.00 321.00 -129.00 -1039.00 0
8393 -4.52 -3.20 -2.43 -102.00 18.00 205.00 321.00 -129.00 -1039.00 0
8402 -5.36 -2.43 -2.09 -106.00 20.00 212.00 321.00 -129.00 -1039.00 0
8412 -4.87 -1.67 -2.16 -107.00 25.00 221.00 321.00 -129.00 -1039.00 0
8421 -4.17 -1.39 -2.16 -110.00 41.00 220.00 324.00 -126.00 -1244.00 0
8430 -3.48 -1.81 -2.23 -102.00 45.00 213.00 324.00 -126.00 -1244.00 0
8439 -3.13 -2.64 -2.16 -95.00 43.00 207.00 324.00 -126.00 -1244.00 0
8449 -3.34 -3.62 -1.95 -87.00 44.00 196.00 324.00 -126.00 -1244.00 0
8458 -4.94 -3.97 -1.60 -92.00 35.00 201.00 324.00 -126.00 -1244.00 0
8467 -5.84 -3.06 -1.60 -99.00 33.00 205.00 324.00 -126.00 -1244.00 0
8476 -6.61 -1.67 -1.67 -105.00 31.00 214.00 324.00 -126.00 -1244.00 0
8485 -7.30 -0.42 -1.74 -112.00 25.00 214.00 323.00 -126.00 -1141.00 0
8495 -7.86 0.56 -1.60 -114.00 17.00 220.00 323.00 -126.00 -1141.00 0
8504 -8.28 0.97 -1.25 -104.00 10.00 220.00 323.00 -126.00 -1141.00 0
8513 -7.58 0.49 -0.63 -100.00 14.00 216.00 323.00 -126.00 -1141.00 0
8522 -6.54 0.21 -0.49 -94.00 16.00 211.00 323.00 -126.00 -1141.00 0
8531 -5.08 0.28 -0.49 -99.00 24.00 218.00 323.00 -126.00 -1141.00 0
8541 -3.48 0.35 -0.63 -99.00 29.00 213.00 323.00 -126.00 -1141.00 0
8550 -2.16 0.56 -0.56 -100.00 26.00 216.00 321.00 -129.00 -1056.00 0
8559 -1.25 0.70 -0.35 -99.00 20.00 215.00 321.00 -129.00 -1056.00 0
8568 0.77 1.18 0.56 -107.00 29.00 216.00 321.00 -129.00 -1056.00 0
8578 2.09 1.32 1.25 -107.00 31.00 212.00 321.00 -129.00 -1056.00 0
8587 3.34 1.32 2.30 -113.00 33.00 215.00 321.00 -129.00 -1056.00 0
8596 4.52 1.11 3.62 -116.00 30.00 217.00 321.00 -129.00 -1056.00 0
8605 5.84 0.56 5.22 -110.00 40.00 220.00 321.00 -129.00 -1056.00 0
8614 7.23 -0.70 6.75 -113.00 56.00 219.00 321.00 -129.00 -1056.00 0
8624 10.30 -4.38 9.67 -120.00 75.00 226.00 321.00 -129.00 -1056.00 0
8633 11.55 -7.17 11.69 -125.00 84.00 233.00 321.00 -129.00 -1056.00 0
8642 11.62 -11.06 14.68 -131.00 70.00 239.00 321.00 -129.00 -1056.00 0
8651 9.67 -16.70 18.37 -117.00 27.00 246.00 321.00 -129.00 -1056.00 0
8660 6.12 -23.37 22.75 -92.00 -38.00 241.00 321.00 -129.00 -1056.00 0
8671 2.16 -29.63 31.44 -82.00 -89.00 237.00 321.00 -129.00 -1056.00 0
8680 -1.74 -37.22 33.81 -71.00 -118.00 242.00 321.00 -129.00 -1056.00 0
8689 1.95 -38.19 33.81 -64.00 -116.00 226.00 321.00 -129.00 -1056.00 0
8698 9.46 -38.05 30.75 -52.00 -76.00 228.00 321.00 -129.00 -1056.00 0
8708 20.31 -35.97 24.63 -50.00 -16.00 220.00 321.00 -129.00 -1056.00 0
8717 33.11 -31.37 16.21 -56.00 42.00 224.00 321.00 -129.00 -1056.00 0
8726 60.31 -22.12 -0.83 -63.00 79.00 187.00 321.00 -129.00 -1056.00 0
8735 72.77 -20.45 -8.00 -12.00 122.00 186.00 321.00 -129.00 -1056.00 0
8744 82.78 -22.54 -13.84 -2.00 108.00 143.00 321.00 -129.00 -1056.00 0
8755 86.12 -21.43 -19.34 -23.00 134.00 140.00 321.00 -129.00 -1056.00 0
8764 85.70 -15.93 -26.50 -63.00 167.00 170.00 321.00 -129.00 -1056.00 0
8773 82.43 -9.18 -34.37 -111.00 196.00 202.00 321.00 -129.00 -1056.00 0
8782 71.79 -1.60 -44.24 -109.00 195.00 245.00 321.00 -129.00 -1056.00 0
8792 62.33 -2.50 -43.97 -100.00 156.00 215.00 321.00 -129.00 -1056.00 0
8801 48.49 -2.50 -41.39 -82.00 92.00 211.00 321.00 -129.00 -1056.00 0
8810 32.63 -2.02 -37.77 -128.00 44.00 297.00 321.00 -129.00 -1056.00 0
8820 22.82 0.83 -32.49 -133.00 126.00 275.00 321.00 -129.00 -1056.00 0
8829 25.25 4.24 -16.77 -68.00 46.00 170.00 321.00 -129.00 -1056.00 0
8839 16.28 2.64 -18.92 -65.00 54.00 186.00 321.00 -129.00 -1056.00 0
8848 12.03 1.53 -23.58 -86.00 72.00 223.00 321.00 -129.00 -1056.00 0
8857 12.66 3.13 -27.20 -108.00 68.00 225.00 321.00 -129.00 -1056.00 0
8866 13.77 7.23 -30.82 -119.00 64.00 206.00 321.00 -129.00 -1056.00 0
8876 14.05 11.83 -35.13 -123.00 76.00 213.00 321.00 -129.00 -1056.00 0
8885 20.94 17.11 -41.81 -127.00 83.00 211.00 321.00 -129.00 -1056.00 0
8895 26.30 18.37 -42.30 -135.00 94.00 193.00 321.00 -129.00 -1056.00 0
8904 31.37 17.39 -39.93 -120.00 80.00 175.00 321.00 -129.00 -1056.00 0
8913 34.78 14.61 -35.69 -122.00 58.00 137.00 321.00 -129.00 -1056.00 0
8923 36.03 12.24 -30.12 -98.00 39.00 122.00 321.00 -129.00 -1056.00 0
8932 34.57 7.65 -19.41 -66.00 20.00 109.00 321.00 -129.00 -1056.00 0
8941 30.96 7.58 -16.07 -65.00 13.00 74.00 321.00 -129.00 -1056.00 0
8950 26.99 10.85 -14.05 -75.00 -3.00 72.00 321.00 -129.00 -1056.00 0
8960 23.44 14.89 -12.80 -87.00 8.00 73.00 321.00 -129.00 -1056.00 0
8969 21.70 18.02 -11.83 -62.00 27.00 97.00 321.00 -129.00 -1056.00 0
8978 19.83 19.76 -11.97 54.00 73.00 197.00 321.00 -129.00 -1056.00 0
8987 11.41 21.98 -27.90 -87.00 243.00 253.00 321.00 -129.00 -1056.00 0
8997 5.98 16.00 -46.61 -359.00 148.00 368.00 321.00 -129.00 -1056.00 0
9007 0.00 6.47 -53.50 -352.00 111.00 400.00 321.00 -129.00 -1056.00 0
9016 0.90 0.90 -42.85 -232.00 96.00 291.00 297.00 -248.00 -1215.00 0
9025 3.13 -5.50 -22.47 -151.00 36.00 224.00 297.00 -248.00 -1215.00 0
9034 -0.70 -12.59 10.78 -120.00 -88.00 176.00 297.00 -248.00 -1215.00 0
9043 -13.01 -13.77 22.89 -111.00 -110.00 162.00 297.00 -248.00 -1215.00 0
9053 -7.58 -10.09 33.60 -104.00 -83.00 151.00 297.00 -248.00 -1215.00 0
9062 2.09 -6.54 37.63 -96.00 -57.00 161.00 297.00 -248.00 -1215.00 0
9072 12.03 -3.62 32.14 -100.00 -15.00 151.00 297.00 -248.00 -1215.00 0
9081 23.79 -0.07 20.59 -114.00 69.00 147.00 297.00 -248.00 -1215.00 0
9091 51.83 9.25 -5.15 -103.00 133.00 185.00 297.00 -248.00 -1215.00 0
9100 61.98 13.70 -17.53 -96.00 177.00 199.00 297.00 -248.00 -1215.00 0
9109 67.41 19.13 -29.01 -76.00 195.00 200.00 297.00 -248.00 -1215.00 0
9118 67.90 24.00 -38.19 -71.00 207.00 195.00 297.00 -248.00 -1215.00 0
9127 64.49 27.48 -43.62 -63.00 197.00 196.00 297.00 -248.00 -1215.00 0
9138 56.97 29.08 -45.98 -54.00 170.00 192.00 297.00 -248.00 -1215.00 0
9147 34.02 27.76 -43.48 -61.00 165.00 186.00 297.00 -248.00 -1215.00 0
9156 23.17 28.45 -39.17 -100.00 141.00 170.00 297.00 -248.00 -1215.00 0
9165 14.89 26.78 -33.67 -78.00 128.00 195.00 297.00 -248.00 -1215.00 0
9175 7.93 22.61 -29.77 -93.00 99.00 189.00 297.00 -248.00 -1215.00 0
9184 0.70 20.03 -28.52 -104.00 110.00 201.00 297.00 -248.00 -1215.00 0
9193 -3.69 17.81 -23.23 -127.00 123.00 216.00 297.00 -248.00 -1215.00 0
9203 -4.80 17.18 -20.24 -121.00 85.00 201.00 297.00 -248.00 -1215.00 0
9212 -9.39 15.10 -18.85 -107.00 53.00 171.00 297.00 -248.00 -1215.00 0
9222 -14.19 12.52 -17.95 -102.00 39.00 176.00 297.00 -248.00 -1215.00 0
9231 -18.02 9.11 -16.70 -119.00 46.00 167.00 297.00 -248.00 -1215.00 0
9240 -16.63 4.24 -10.71 -134.00 70.00 185.00 297.00 -248.00 -1215.00 0
9249 -8.77 3.83 -9.04 -152.00 91.00 181.00 297.00 -248.00 -1215.00 0
9259 -4.52 4.24 -8.35 -146.00 119.00 183.00 297.00 -248.00 -1215.00 0
9268 -0.42 3.90 -7.58 -154.00 129.00 180.00 297.00 -248.00 -1215.00 0
9278 2.85 3.06 -6.05 -156.00 145.00 186.00 297.00 -248.00 -1215.00 0
9287 4.59 1.46 -4.24 -152.00 129.00 188.00 297.00 -248.00 -1215.00 0
9296 1.81 -2.64 -1.04 -129.00 110.00 164.00 297.00 -248.00 -1215.00 0
9306 -1.04 -5.98 0.77 -110.00 105.00 158.00 297.00 -248.00 -1215.00 0
9315 -3.27 -9.81 2.43 -109.00 104.00 156.00 297.00 -248.00 -1215.00 0
9324 -5.29 -12.24 3.06 -99.00 107.00 164.00 297.00 -248.00 -1215.00 0
9333 -7.93 -13.15 1.46 -103.00 117.00 157.00 297.00 -248.00 -1215.00 0
9342 -11.48 -12.59 -1.88 -104.00 129.00 171.00 297.00 -248.00 -1215.00 0
9352 -20.31 -9.88 -11.48 -103.00 129.00 190.00 297.00 -248.00 -1215.00 0
9362 -26.02 -8.90 -16.35 -116.00 119.00 199.00 297.00 -248.00 -1215.00 0
9371 -32.56 -7.93 -20.31 -108.00 96.00 213.00 297.00 -248.00 -1215.00 0
9380 -40.42 -7.44 -23.65 -112.00 69.00 213.00 297.00 -248.00 -1215.00 0
9390 -48.49 -6.89 -26.16 -108.00 31.00 197.00 297.00 -248.00 -1215.00 0
9399 -61.29 -6.54 -30.05 -102.00 21.00 188.00 297.00 -248.00 -1215.00 0
9408 -64.07 -6.33 -32.07 -97.00 20.00 187.00 297.00 -248.00 -1215.00 0
9417 -64.21 -5.70 -33.67 -108.00 27.00 201.00 297.00 -248.00 -1215.00 0
9426 -62.47 -4.59 -34.30 -124.00 34.00 203.00 297.00 -248.00 -1215.00 0
9437 -60.10 -2.78 -34.37 -130.00 35.00 211.00 297.00 -248.00 -1215.00 0
9446 -57.32 -1.18 -32.42 -138.00 46.00 209.00 297.00 -248.00 -1215.00 0
9455 -49.39 -1.95 -30.26 -126.00 52.00 205.00 297.00 -248.00 -1215.00 0
9464 -45.01 -4.31 -27.34 -119.00 40.00 211.00 297.00 -248.00 -1215.00 0
9474 -41.67 -7.03 -24.28 -109.00 8.00 193.00 297.00 -248.00 -1215.00 0
9483 -39.17 -10.57 -20.31 -147.00 13.00 207.00 297.00 -248.00 -1215.00 0
9492 -35.48 -12.94 -15.72 -134.00 12.00 211.00 297.00 -248.00 -1215.00 0
9502 -26.99 -18.50 -9.60 -130.00 14.00 211.00 297.00 -248.00 -1215.00 0
9511 -21.91 -20.38 -6.82 -127.00 15.00 206.00 297.00 -248.00 -1215.00 0
9521 -16.83 -21.29 -4.38 -128.00 24.00 195.00 297.00 -248.00 -1215.00 0
9530 -11.69 -21.36 -2.50 -119.00 34.00 199.00 297.00 -248.00 -1215.00 0
9539 -6.40 -21.43 -1.25 -121.00 57.00 193.00 297.00 -248.00 -1215.00 0
9548 -1.18 -19.97 -0.21 -118.00 72.00 192.00 297.00 -248.00 -1215.00 0
9558 7.37 -15.44 -0.21 -111.00 96.00 193.00 297.00 -248.00 -1215.00 0
9567 9.81 -13.08 -0.28 -110.00 106.00 182.00 297.00 -248.00 -1215.00 0
9577 10.64 -10.64 0.21 -115.00 109.00 190.00 297.00 -248.00 -1215.00 0
9586 9.88 -8.49 1.46 -110.00 83.00 188.00 297.00 -248.00 -1215.00 0
9595 6.54 -6.68 1.95 -104.00 66.00 181.00 297.00 -248.00 -1215.00 0
9605 -2.78 -2.92 0.77 -109.00 70.00 189.00 297.00 -248.00 -1215.00 0
9614 -5.77 -1.53 0.42 -124.00 66.00 205.00 297.00 -248.00 -1215.00 0
9623 -8.63 -0.90 0.00 -119.00 60.00 203.00 297.00 -248.00 -1215.00 0
9632 -11.83 -1.39 -1.04 -116.00 42.00 204.00 297.00 -248.00 -1215.00 0
9641 -14.75 -2.37 -2.02 -107.00 41.00 197.00 297.00 -248.00 -1215.00 0
9651 -16.56 -2.99 -2.37 -105.00 29.00 202.00 297.00 -248.00 -1215.00 0
9660 -19.13 -2.71 -3.62 -115.00 18.00 203.00 297.00 -248.00 -1215.00 0
9669 -19.13 -1.53 -4.17 -120.00 12.00 209.00 301.00 -199.00 -1278.00 0
9678 -17.53 -0.28 -4.66 -121.00 28.00 212.00 301.00 -199.00 -1278.00 0
9688 -14.89 0.42 -5.15 -126.00 38.00 211.00 301.00 -199.00 -1278.00 0
9697 -12.03 0.77 -5.50 -119.00 45.00 211.00 301.00 -199.00 -1278.00 0
9706 -9.04 0.77 -5.08 -113.00 50.00 206.00 301.00 -199.00 -1278.00 0
9716 -4.10 1.18 -3.62 -116.00 57.00 203.00 301.00 -199.00 -1278.00 0
9725 -2.37 1.32 -2.78 -110.00 60.00 195.00 301.00 -199.00 -1278.00 0
9735 -1.46 1.60 -2.09 -106.00 59.00 190.00 304.00 -198.00 -1121.00 0
9744 -1.53 1.81 -2.09 -106.00 54.00 193.00 304.00 -198.00 -1121.00 0
9753 -2.37 2.23 -2.57 -115.00 57.00 200.00 304.00 -198.00 -1121.00 0
9762 -3.13 2.92 -2.92 -119.00 63.00 199.00 304.00 -198.00 -1121.00 0
9772 -4.80 3.62 -3.69 -120.00 56.00 199.00 304.00 -198.00 -1121.00 0
9781 -6.26 3.41 -4.03 -118.00 50.00 202.00 304.00 -198.00 -1121.00 0
9790 -7.86 3.13 -4.17 -120.00 41.00 199.00 304.00 -198.00 -1121.00 0
9799 -9.04 3.06 -4.17 -123.00 38.00 199.00 304.00 -193.00 -1339.00 0
9808 -9.32 3.13 -3.97 -121.00 42.00 201.00 304.00 -193.00 -1339.00 0
9818 -9.25 3.41 -3.55 -121.00 43.00 202.00 304.00 -193.00 -1339.00 0
9827 -8.07 3.69 -3.34 -120.00 45.00 205.00 304.00 -193.00 -1339.00 0
9836 -7.17 3.55 -2.99 -124.00 47.00 205.00 304.00 -193.00 -1339.00 0
9845 -6.33 3.27 -2.43 -124.00 53.00 207.00 304.00 -193.00 -1339.00 0
9854 -5.63 2.78 -1.74 -116.00 51.00 200.00 304.00 -193.00 -1339.00 0
9864 -5.22 1.74 -1.11 -114.00 45.00 199.00 309.00 -195.00 -1015.00 0
9873 -5.22 0.21 -0.28 -117.00 43.00 197.00 309.00 -195.00 -1015.00 0
9882 -5.01 0.07 -0.07 -113.00 49.00 196.00 309.00 -195.00 -1015.00 0
9891 -4.45 0.14 0.07 -116.00 51.00 200.00 309.00 -195.00 -1015.00 0
9901 -4.10 0.28 0.07 -117.00 49.00 202.00 309.00 -195.00 -1015.00 0
9910 -4.10 0.42 -0.14 -117.00 48.00 198.00 309.00 -195.00 -1015.00 0
9919 -4.17 0.49 -0.35 -119.00 44.00 203.00 309.00 -195.00 -1015.00 0
9928 -4.03 0.28 -0.70 -114.00 45.00 198.00 310.00 -195.00 -1089.00 0
9937 -3.76 0.21 -0.97 -117.00 46.00 199.00 310.00 -195.00 -1089.00 0
9947 -3.55 0.00 -1.46 -116.00 49.00 197.00 310.00 -195.00 -1089.00 0
9956 -3.27 -0.21 -1.81 -117.00 55.00 200.00 310.00 -195.00 -1089.00 0
9965 -2.92 -0.35 -2.23 -119.00 59.00 198.00 310.00 -195.00 -1089.00 0
9974 -2.85 -0.42 -2.50 -117.00 57.00 196.00 310.00 -195.00 -1089.00 0
9984 -3.76 -0.49 -2.71 -119.00 56.00 195.00 310.00 -195.00 -1089.00 0
9994 -4.52 -0.42 -2.57 -117.00 51.00 197.00 310.00 -195.00 -1089.00 0
10003 -5.36 -0.35 -2.50 -119.00 42.00 201.00 310.00 -195.00 -1089.00 0
10012 -6.05 -0.28 -2.43 -121.00 37.00 202.00 310.00 -195.00 -1089.00 0
10021 -6.61 -0.28 -2.30 -119.00 35.00 202.00 310.00 -195.00 -1089.00 0
10031 -6.75 -0.21 -2.37 -118.00 36.00 202.00 310.00 -195.00 -1089.00 0
10040 -5.63 0.14 -2.23 -117.00 45.00 199.00 310.00 -195.00 -1089.00 0
10049 -4.87 0.35 -2.02 -113.00 46.00 199.00 310.00 -195.00 -1089.00 0
10058 -4.38 0.56 -1.95 -116.00 51.00 195.00 310.00 -195.00 -1089.00 0
10067 -4.03 0.97 -1.95 -117.00 54.00 195.00 310.00 -195.00 -1089.00 0
10077 -3.76 1.39 -2.02 -123.00 57.00 204.00 310.00 -195.00 -1089.00 0
10086 -3.62 1.67 -1.95 -122.00 55.00 200.00 310.00 -195.00 -1089.00 0
10095 -4.52 1.67 -1.81 -118.00 48.00 197.00 310.00 -195.00 -1089.00 0
10105 -4.87 1.53 -1.74 -117.00 46.00 200.00 310.00 -195.00 -1089.00 0
10115 -5.29 1.39 -1.60 -118.00 40.00 199.00 310.00 -195.00 -1089.00 0
10124 -5.63 1.32 -1.60 -117.00 40.00 201.00 310.00 -195.00 -1089.00 0
10133 -5.77 1.32 -1.67 -115.00 45.00 195.00 310.00 -195.00 -1089.00 0
10142 -5.50 1.67 -1.74 -119.00 49.00 199.00 310.00 -195.00 -1089.00 0
10151 -4.66 2.02 -1.74 -123.00 51.00 201.00 310.00 -195.00 -1089.00 0
10161 -4.31 2.23 -1.74 -124.00 52.00 200.00 310.00 -195.00 -1089.00 0
10170 -4.10 2.09 -1.67 -120.00 52.00 201.00 310.00 -195.00 -1089.00 0
10179 -4.17 1.67 -1.60 -116.00 45.00 199.00 310.00 -195.00 -1089.00 0
10188 -4.24 1.18 -1.46 -120.00 42.00 199.00 310.00 -195.00 -1089.00 0
10198 -4.45 0.83 -1.32 -122.00 44.00 199.00 310.00 -195.00 -1089.00 0
10208 -4.17 0.83 -1.32 -120.00 43.00 201.00 310.00 -195.00 -1089.00 0
10217 -3.62 0.70 -1.25 -120.00 44.00 202.00 310.00 -195.00 -1089.00 0
10226 -3.20 0.70 -1.32 -114.00 49.00 197.00 310.00 -195.00 -1089.00 0
10235 -2.85 0.70 -1.32 -115.00 49.00 196.00 310.00 -195.00 -1089.00 0
10245 -2.71 0.90 -1.32 -119.00 52.00 202.00 310.00 -195.00 -1089.00 0
10254 -2.64 1.60 -1.60 -123.00 53.00 198.00 310.00 -195.00 -1089.00 0
10263 -2.99 1.95 -1.74 -125.00 54.00 196.00 316.00 -193.00 -1093.00 0
10272 -3.34 2.09 -1.81 -124.00 45.00 199.00 316.00 -193.00 -1093.00 0
10281 -3.83 2.09 -1.74 -123.00 45.00 201.00 316.00 -193.00 -1093.00 0
10291 -4.24 2.02 -1.67 -127.00 47.00 204.00 316.00 -193.00 -1093.00 0
10300 -4.24 0.77 -1.11 -122.00 49.00 198.00 316.00 -193.00 -1093.00 0
10310 -3.69 -0.21 -0.77 -121.00 48.00 196.00 316.00 -193.00 -1093.00 0
10319 -3.62 -0.83 -0.56 -120.00 49.00 196.00 316.00 -193.00 -1093.00 0
10329 -3.55 -1.11 -0.35 -121.00 47.00 194.00 316.00 -193.00 -1093.00 0
10338 -3.48 -1.04 -0.07 -120.00 48.00 198.00 316.00 -193.00 -1093.00 0
10347 -3.41 -0.90 0.21 -124.00 49.00 197.00 316.00 -193.00 -1093.00 0
10356 -3.27 -0.70 0.35 -118.00 55.00 197.00 316.00 -193.00 -1093.00 0
10365 -3.27 -0.77 0.49 -122.00 55.00 196.00 316.00 -193.00 -1093.00 0
10375 -3.41 -0.77 0.70 -120.00 50.00 198.00 316.00 -193.00 -1093.00 0
10384 -3.83 -0.77 0.77 -122.00 49.00 199.00 316.00 -193.00 -1093.00 0
10393 -4.31 -0.83 0.70 -121.00 53.00 199.00 316.00 -193.00 -1093.00 0
10402 -4.66 -1.11 0.63 -121.00 66.00 224.00 316.00 -193.00 -1093.00 0
10412 -3.69 -1.04 1.46 -112.00 30.00 207.00 316.00 -193.00 -1093.00 0
10422 -5.57 -2.02 1.60 -121.00 24.00 171.00 316.00 -193.00 -1093.00 0
10431 -6.82 -2.30 1.25 -115.00 44.00 202.00 316.00 -193.00 -1093.00 0
10440 -6.47 -2.43 1.39 -120.00 38.00 205.00 316.00 -193.00 -1093.00 0
10449 -5.91 -2.57 1.39 -114.00 42.00 189.00 316.00 -193.00 -1093.00 0
10459 -4.38 -2.16 0.70 -119.00 55.00 200.00 316.00 -193.00 -1093.00 0
10468 -3.48 -2.30 0.70 -124.00 51.00 194.00 316.00 -193.00 -1093.00 0
10477 -3.41 -2.50 0.00 -116.00 56.00 199.00 316.00 -193.00 -1093.00 0
10486 -3.27 -2.02 -0.63 -104.00 52.00 209.00 316.00 -193.00 -1093.00 0
10496 -3.62 -1.74 -0.56 -120.00 46.00 192.00 316.00 -193.00 -1093.00 0
10505 -3.83 -1.04 -0.56 -118.00 44.00 192.00 316.00 -193.00 -1093.00 0
10514 -4.31 -0.28 -0.35 -116.00 38.00 201.00 316.00 -193.00 -1093.00 0
10523 -4.03 -0.07 -0.35 -124.00 55.00 199.00 316.00 -193.00 -1093.00 0
10532 -3.20 0.49 -0.28 -120.00 45.00 205.00 316.00 -193.00 -1093.00 0
10543 -3.34 0.21 -0.49 -123.00 59.00 202.00 316.00 -193.00 -1093.00 0
10552 -2.92 0.14 -0.49 -115.00 45.00 205.00 316.00 -193.00 -1093.00 0
10561 -2.99 -0.42 -0.21 -121.00 50.00 194.00 316.00 -193.00 -1093.00 0
10570 -2.92 -1.53 0.14 -112.00 41.00 196.00 316.00 -193.00 -1093.00 0
10579 -3.13 -1.74 -0.21 -119.00 52.00 193.00 316.00 -193.00 -1093.00 0
10589 -2.71 -1.60 -0.14 -117.00 55.00 194.00 313.00 -195.00 -1187.00 0
10598 -2.57 -1.46 -0.28 -119.00 55.00 196.00 313.00 -195.00 -1187.00 0
10607 -2.92 -1.25 -0.77 -116.00 50.00 199.00 313.00 -195.00 -1187.00 0
10616 -3.55 -1.04 -1.39 -116.00 47.00 196.00 313.00 -195.00 -1187.00 0
10626 -4.87 -0.14 -1.67 -117.00 45.00 197.00 313.00 -195.00 -1187.00 0
10635 -5.36 0.28 -1.95 -117.00 44.00 200.00 313.00 -195.00 -1187.00 0
10645 -5.57 0.70 -2.09 -120.00 45.00 199.00 313.00 -195.00 -1187.00 0
10654 -5.50 1.11 -2.16 -121.00 45.00 201.00 315.00 -195.00 -1046.00 0
10663 -5.29 1.53 -2.16 -123.00 51.00 202.00 315.00 -195.00 -1046.00 0
10673 -4.59 1.88 -1.95 -121.00 53.00 199.00 315.00 -195.00 -1046.00 0
10682 -4.52 1.74 -1.81 -125.00 52.00 202.00 315.00 -195.00 -1046.00 0
10691 -4.66 1.32 -1.67 -121.00 55.00 200.00 315.00 -195.00 -1046.00 0
10700 -4.94 0.63 -1.46 -117.00 46.00 199.00 315.00 -195.00 -1046.00 0
10710 -5.29 -0.07 -1.25 -121.00 40.00 199.00 315.00 -195.00 -1046.00 0
10719 -5.70 -0.63 -1.11 -126.00 45.00 192.00 315.00 -191.00 -1187.00 0
10728 -5.15 -0.70 -0.49 -128.00 64.00 201.00 315.00 -191.00 -1187.00 0
10737 -4.59 -0.90 0.21 -107.00 34.00 205.00 315.00 -191.00 -1187.00 0
10746 -5.91 -1.67 -0.35 -118.00 48.00 192.00 315.00 -191.00 -1187.00 0
10757 -5.50 -0.97 -0.14 -110.00 47.00 203.00 315.00 -191.00 -1187.00 0
10766 -5.29 -1.18 0.14 -123.00 38.00 197.00 315.00 -191.00 -1187.00 0
10775 -4.94 -0.77 0.28 -110.00 56.00 199.00 315.00 -191.00 -1187.00 0
10784 -5.57 -0.56 -0.21 -117.00 40.00 191.00 316.00 -194.00 -1120.00 0
10793 -5.29 -0.07 0.77 -126.00 50.00 198.00 316.00 -194.00 -1120.00 0
10803 -5.43 -0.14 0.83 -114.00 44.00 201.00 316.00 -194.00 -1120.00 0
10812 -6.33 -0.49 0.14 -118.00 40.00 197.00 316.00 -194.00 -1120.00 0
10821 -6.26 0.00 0.07 -122.00 43.00 200.00 316.00 -194.00 -1120.00 0
10830 -5.84 0.14 -0.35 -122.00 46.00 202.00 316.00 -194.00 -1120.00 0
10840 -5.01 -0.07 -0.56 -116.00 46.00 195.00 316.00 -194.00 -1120.00 0
10849 -4.31 -0.56 -0.70 -117.00 45.00 198.00 314.00 -192.00 -1107.00 0
10858 -3.83 -0.90 -0.83 -115.00 49.00 195.00 314.00 -192.00 -1107.00 0
10867 -3.55 -0.90 -1.11 -114.00 50.00 196.00 314.00 -192.00 -1107.00 0
10876 -3.34 -0.70 -1.32 -119.00 53.00 195.00 314.00 -192.00 -1107.00 0
10887 -3.27 0.28 -1.74 -124.00 57.00 196.00 314.00 -192.00 -1107.00 0
10896 -3.48 0.56 -1.95 -124.00 50.00 200.00 314.00 -192.00 -1107.00 0
10905 -3.83 0.63 -2.09 -122.00 47.00 203.00 314.00 -192.00 -1107.00 0
10914 -4.24 0.63 -2.16 -123.00 42.00 200.00 317.00 -193.00 -1333.00 0
10924 -4.52 0.28 -2.09 -118.00 40.00 196.00 317.00 -193.00 -1333.00 0
10933 -4.66 0.00 -1.95 -117.00 41.00 198.00 317.00 -193.00 -1333.00 0
10942 -4.24 -0.14 -1.74 -121.00 47.00 199.00 317.00 -193.00 -1333.00 0
10951 -3.76 0.00 -1.67 -119.00 56.00 195.00 317.00 -193.00 -1333.00 0
10960 -3.55 0.14 -1.53 -125.00 54.00 199.00 317.00 -193.00 -1333.00 0
10970 -3.62 0.14 -1.39 -122.00 53.00 202.00 317.00 -193.00 -1333.00 0
10979 -3.69 0.07 -1.25 -121.00 49.00 203.00 318.00 -193.00 -1352.00 0
10988 -3.97 -0.21 -0.83 -120.00 42.00 198.00 318.00 -193.00 -1352.00 0
10998 -4.73 -0.77 -0.77 -119.00 41.00 201.00 318.00 -193.00 -1352.00 0
11008 -4.87 -1.18 -0.70 -116.00 39.00 203.00 318.00 -193.00 -1352.00 0
11017 -4.73 -1.53 -0.63 -114.00 46.00 201.00 318.00 -193.00 -1352.00 0
11026 -4.38 -1.67 -0.83 -116.00 54.00 200.00 318.00 -193.00 -1352.00 0
11035 -3.90 -1.67 -0.90 -115.00 52.00 201.00 318.00 -193.00 -1352.00 0
11044 -3.69 -1.53 -0.97 -113.00 47.00 194.00 316.00 -189.00 -1034.00 0
11054 -3.90 -1.39 -1.18 -115.00 46.00 195.00 316.00 -189.00 -1034.00 0
11063 -4.03 -1.11 -1.53 -116.00 49.00 198.00 316.00 -189.00 -1034.00 0
11072 -4.17 -0.70 -1.74 -121.00 51.00 197.00 316.00 -189.00 -1034.00 0
11081 -4.45 -0.28 -2.02 -124.00 50.00 199.00 316.00 -189.00 -1034.00 0
11090 -5.01 0.21 -2.30 -124.00 47.00 202.00 316.00 -189.00 -1034.00 0
11100 -6.12 0.21 -2.30 -124.00 40.00 201.00 316.00 -189.00 -1034.00 0
11110 -6.54 -0.28 -2.16 -123.00 37.00 208.00 316.00 -191.00 -1119.00 0
11119 -6.47 -0.77 -1.88 -122.00 43.00 199.00 314.00 -191.00 -1119.00 0
11128 -5.84 -1.32 -1.32 -122.00 44.00 204.00 314.00 -191.00 -1119.00 0
11138 -5.15 -2.23 -0.90 -118.00 49.00 197.00 314.00 -191.00 -1119.00 0
11147 -4.59 -3.13 -0.70 -116.00 53.00 197.00 314.00 -191.00 -1119.00 0
11156 -3.62 -4.66 -0.21 -116.00 47.00 199.00 314.00 -191.00 -1119.00 0
11165 -3.48 -4.94 0.00 -118.00 47.00 200.00 314.00 -191.00 -1119.00 0
11174 -3.41 -5.08 0.07 -119.00 42.00 199.00 314.00 -191.00 -1119.00 0
11184 -3.34 -5.29 0.14 -114.00 38.00 197.00 314.00 -191.00 -1119.00 0
11193 -3.13 -5.22 0.14 -115.00 40.00 196.00 314.00 -191.00 -1119.00 0
11202 -2.57 -4.31 0.35 -121.00 46.00 195.00 314.00 -191.00 -1119.00 0
11211 -0.70 -3.83 0.49 -122.00 42.00 200.00 314.00 -191.00 -1119.00 0
11222 -0.35 -3.34 0.14 -120.00 54.00 200.00 314.00 -191.00 -1119.00 0
11231 0.28 -3.27 -0.42 -124.00 53.00 206.00 314.00 -191.00 -1119.00 0
11240 1.04 -3.55 -0.35 -128.00 57.00 210.00 314.00 -191.00 -1119.00 0
11249 1.60 -4.38 0.21 -125.00 51.00 210.00 314.00 -191.00 -1119.00 0
11258 1.95 -7.44 1.46 -115.00 49.00 200.00 314.00 -191.00 -1119.00 0
11268 2.16 -9.39 1.95 -106.00 47.00 198.00 314.00 -191.00 -1119.00 0
11277 2.02 -10.92 2.02 -105.00 40.00 194.00 314.00 -191.00 -1119.00 0
11286 1.67 -11.83 1.60 -104.00 38.00 195.00 314.00 -191.00 -1119.00 0
11295 1.81 -11.83 1.11 -110.00 49.00 203.00 314.00 -191.00 -1119.00 0
11304 2.64 -10.99 0.97 -111.00 49.00 195.00 314.00 -191.00 -1119.00 0
11314 4.10 -8.42 0.63 -108.00 56.00 192.00 314.00 -191.00 -1119.00 0
11324 4.24 -7.10 0.00 -106.00 63.00 192.00 314.00 -191.00 -1119.00 0
11333 4.17 -5.77 -0.70 -106.00 66.00 193.00 314.00 -191.00 -1119.00 0
11342 3.76 -4.45 -1.25 -112.00 76.00 199.00 314.00 -191.00 -1119.00 0
11352 2.71 -2.99 -1.53 -121.00 67.00 200.00 314.00 -191.00 -1119.00 0
11361 1.04 -2.02 -1.39 -124.00 57.00 210.00 314.00 -191.00 -1119.00 0
11370 -2.37 -1.53 -0.90 -119.00 48.00 210.00 314.00 -191.00 -1119.00 0
11379 -3.06 -2.09 0.07 -115.00 38.00 208.00 303.00 -200.00 -1163.00 0
11388 -3.06 -2.50 1.32 -114.00 37.00 199.00 303.00 -200.00 -1163.00 0
11398 -2.64 -2.71 2.43 -112.00 37.00 201.00 303.00 -200.00 -1163.00 0
11407 -1.88 -2.50 3.20 -114.00 37.00 202.00 303.00 -200.00 -1163.00 0
11416 0.49 -1.81 3.83 -103.00 54.00 194.00 303.00 -200.00 -1163.00 0
11425 1.60 -1.46 3.34 -107.00 63.00 194.00 303.00 -200.00 -1163.00 0
11435 1.95 -1.11 2.43 -109.00 65.00 193.00 303.00 -200.00 -1163.00 0
11444 1.81 -0.63 1.74 -113.00 61.00 199.00 303.00 -200.00 -1163.00 0
11454 1.25 0.00 1.25 -112.00 60.00 195.00 303.00 -200.00 -1163.00 0
11463 0.49 0.77 0.83 -113.00 61.00 192.00 303.00 -200.00 -1163.00 0
11472 -1.04 1.88 -0.63 -114.00 55.00 194.00 303.00 -200.00 -1163.00 0
11482 -1.46 2.16 -1.39 -111.00 57.00 194.00 303.00 -200.00 -1163.00 0
11491 -1.81 2.30 -2.30 -106.00 56.00 192.00 303.00 -200.00 -1163.00 0
11500 -2.50 2.50 -3.55 -105.00 57.00 193.00 303.00 -200.00 -1163.00 0
11509 -3.27 2.99 -5.01 -106.00 52.00 195.00 303.00 -200.00 -1163.00 0
11518 -3.90 3.76 -6.19 -106.00 54.00 189.00 303.00 -200.00 -1163.00 0
11528 -5.70 5.91 -8.90 -96.00 64.00 191.00 303.00 -200.00 -1163.00 0
11537 -6.96 6.96 -10.71 -105.00 51.00 199.00 303.00 -200.00 -1163.00 0
11546 -8.42 8.42 -12.03 -113.00 40.00 200.00 303.00 -200.00 -1163.00 0
11555 -9.95 10.23 -13.08 -104.00 34.00 186.00 303.00 -200.00 -1163.00 0
11566 -11.27 11.83 -14.54 -88.00 57.00 171.00 303.00 -200.00 -1163.00 0
11575 -13.08 14.12 -18.43 -76.00 73.00 163.00 303.00 -200.00 -1163.00 0
11584 -15.44 15.93 -21.57 -84.00 91.00 167.00 303.00 -200.00 -1163.00 0
11593 -19.55 19.06 -25.25 -114.00 96.00 188.00 303.00 -200.00 -1163.00 1
11604 -25.39 22.68 -28.59 -102.00 191.00 202.00 303.00 -200.00 -1163.00 1
11615 -36.52 25.11 -26.23 -252.00 -126.00 328.00 303.00 -200.00 -1163.00 1
11626 -41.04 30.54 -12.59 -303.00 -136.00 309.00 303.00 -200.00 -1163.00 1
11636 -32.56 35.34 -0.21 -106.00 46.00 184.00 337.00 -183.00 -1226.00 1
11648 -7.37 25.04 5.63 -59.00 29.00 99.00 337.00 -183.00 -1226.00 1
11658 -1.32 17.32 3.62 -117.00 60.00 187.00 337.00 -183.00 -1226.00 1
11669 6.19 11.90 2.37 -128.00 85.00 201.00 337.00 -183.00 -1226.00 1
11679 12.52 10.30 -1.95 -130.00 105.00 187.00 337.00 -183.00 -1226.00 1
11691 11.06 9.95 -3.69 -131.00 99.00 191.00 337.00 -183.00 -1226.00 1
11701 3.55 6.19 -4.31 -137.00 59.00 203.00 339.00 -194.00 -1136.00 1
11712 -1.81 4.87 -4.31 -141.00 19.00 202.00 339.00 -194.00 -1136.00 1
11723 -4.66 4.10 -3.55 -139.00 26.00 202.00 339.00 -194.00 -1136.00 1
11734 -3.69 2.57 -0.14 -134.00 23.00 196.00 339.00 -194.00 -1136.00 1
11745 -2.30 1.18 1.04 -123.00 35.00 193.00 339.00 -194.00 -1136.00 1
11755 -0.35 -0.21 2.02 -125.00 49.00 190.00 339.00 -194.00 -1136.00 1
11766 3.41 -1.60 3.62 -124.00 48.00 186.00 336.00 -198.00 -1143.00 1
11778 3.83 -2.09 3.20 -123.00 66.00 191.00 336.00 -198.00 -1143.00 1
11788 4.10 -2.99 1.39 -121.00 67.00 191.00 336.00 -198.00 -1143.00 1
11799 3.27 -2.85 1.18 -125.00 63.00 194.00 336.00 -198.00 -1143.00 1
11810 1.74 -2.57 1.11 -127.00 55.00 191.00 336.00 -198.00 -1143.00 1
11821 -1.95 -2.09 0.21 -132.00 46.00 194.00 336.00 -198.00 -1143.00 1
11832 -3.27 -1.88 -0.21 -131.00 37.00 197.00 338.00 -198.00 -1203.00 1
11843 -3.76 -1.95 -0.28 -127.00 37.00 192.00 338.00 -198.00 -1203.00 1
11854 -3.20 -2.09 0.00 -126.00 43.00 191.00 338.00 -198.00 -1203.00 1
11865 -2.85 -1.88 0.07 -125.00 48.00 192.00 338.00 -198.00 -1203.00 1
11876 -1.46 -0.97 0.42 -134.00 51.00 205.00 338.00 -198.00 -1203.00 1
11887 -1.04 -0.70 0.49 -128.00 56.00 194.00 338.00 -198.00 -1203.00 1
11897 -1.18 -1.04 0.14 -125.00 52.00 191.00 334.00 -201.00 -980.00 1
11909 -1.39 -2.37 0.07 -120.00 56.00 190.00 334.00 -201.00 -980.00 1
11920 -1.81 -2.57 0.00 -123.00 52.00 189.00 334.00 -201.00 -980.00 1
11930 -3.13 -2.09 -0.77 -127.00 51.00 194.00 334.00 -201.00 -980.00 1
11941 -3.76 -1.74 -1.25 -129.00 52.00 198.00 334.00 -201.00 -980.00 1
11953 -4.45 -1.25 -1.53 -131.00 48.00 195.00 334.00 -201.00 -980.00 1
11964 -5.43 -0.77 -1.74 -128.00 49.00 193.00 339.00 -200.00 -1104.00 1
11974 -5.57 -0.70 -1.67 -124.00 47.00 192.00 339.00 -200.00 -1104.00 1
11985 -5.50 -0.83 -1.74 -128.00 45.00 198.00 339.00 -200.00 -1104.00 1
11997 -5.15 -1.11 -1.74 -124.00 44.00 194.00 339.00 -200.00 -1104.00 1
12008 -4.87 -1.25 -1.67 -125.00 50.00 192.00 339.00 -200.00 -1104.00 1
12019 -4.38 -1.32 -1.74 -128.00 54.00 196.00 339.00 -200.00 -1104.00 1
12029 -4.45 -1.53 -1.88 -128.00 54.00 196.00 337.00 -198.00 -1224.00 1
12041 -4.94 -1.81 -2.02 -130.00 55.00 193.00 337.00 -198.00 -1224.00 1
12052 -5.63 -2.85 -2.09 -128.00 54.00 197.00 337.00 -198.00 -1224.00 1
12063 -6.05 -3.41 -1.88 -127.00 42.00 198.00 337.00 -198.00 -1224.00 1
12075 -6.96 -4.87 -1.04 -126.00 46.00 189.00 337.00 -198.00 -1224.00 1
12085 -6.75 -5.57 -0.35 -131.00 57.00 195.00 337.00 -198.00 -1224.00 1
12096 -6.47 -6.05 0.35 -139.00 63.00 203.00 332.00 -196.00 -1228.00 1
12106 -6.26 -6.61 2.57 -143.00 58.00 208.00 332.00 -196.00 -1228.00 0
12115 -6.68 -7.23 4.66 -145.00 31.00 214.00 332.00 -196.00 -1228.00 0
12125 -7.23 -8.14 6.82 -137.00 -1.00 208.00 332.00 -196.00 -1228.00 0
12134 -6.82 -9.32 8.90 -132.00 4.00 209.00 332.00 -196.00 -1228.00 0
12143 -3.48 -10.43 11.27 -128.00 1.00 202.00 332.00 -196.00 -1228.00 0
12152 7.86 -11.48 15.44 -119.00 16.00 195.00 332.00 -196.00 -1228.00 0
12162 14.47 -11.62 16.21 -120.00 31.00 192.00 326.00 -214.00 -1271.00 0
12171 20.52 -11.97 16.07 -122.00 59.00 194.00 326.00 -214.00 -1271.00 0
12181 25.88 -12.17 15.58 -108.00 66.00 197.00 326.00 -214.00 -1271.00 0
12190 29.43 -12.31 14.75 -120.00 72.00 183.00 326.00 -214.00 -1271.00 0
12199 31.23 -11.13 13.43 -129.00 78.00 198.00 326.00 -214.00 -1271.00 0
12209 31.17 -9.18 13.08 -120.00 75.00 201.00 326.00 -214.00 -1271.00 0
12218 29.84 -8.21 13.08 -101.00 68.00 178.00 326.00 -214.00 -1271.00 0
12228 28.10 -7.58 13.36 -103.00 66.00 177.00 322.00 -237.00 -1155.00 0
12237 26.64 -6.33 13.70 -103.00 67.00 183.00 322.00 -237.00 -1155.00 0
12247 25.11 -5.50 13.01 -96.00 81.00 175.00 322.00 -237.00 -1155.00 0
12256 21.63 -4.52 8.70 -99.00 92.00 184.00 322.00 -237.00 -1155.00 0
12265 20.17 -4.03 6.75 -104.00 95.00 188.00 322.00 -237.00 -1155.00 0
12274 17.81 -3.41 4.59 -106.00 95.00 189.00 322.00 -237.00 -1155.00 0
12283 14.68 -2.50 2.64 -113.00 91.00 191.00 322.00 -237.00 -1155.00 0
12293 11.27 -1.46 1.32 -115.00 77.00 191.00 321.00 -243.00 -1022.00 0
12303 7.58 -0.21 -0.49 -119.00 68.00 192.00 321.00 -243.00 -1022.00 0
12312 0.90 0.00 -1.39 -121.00 65.00 197.00 321.00 -243.00 -1022.00 0
12321 -1.18 0.07 -1.95 -122.00 65.00 199.00 321.00 -243.00 -1022.00 0
12331 -2.64 -0.14 -2.37 -124.00 67.00 196.00 321.00 -243.00 -1022.00 0
12340 -3.69 -0.70 -2.57 -122.00 64.00 197.00 321.00 -243.00 -1022.00 0
12349 -4.52 -1.39 -2.64 -121.00 63.00 198.00 321.00 -243.00 -1022.00 0
12358 -5.43 -2.57 -2.50 -119.00 62.00 195.00 317.00 -242.00 -1157.00 0
12367 -5.36 -2.85 -2.30 -117.00 66.00 192.00 317.00 -242.00 -1157.00 0
12377 -4.94 -2.85 -2.02 -123.00 67.00 197.00 317.00 -242.00 -1157.00 0
12386 -4.52 -2.50 -1.81 -118.00 66.00 194.00 317.00 -242.00 -1157.00 0
12395 -4.24 -2.09 -1.81 -113.00 72.00 190.00 317.00 -242.00 -1157.00 0
12404 -4.10 -1.60 -2.02 -118.00 74.00 192.00 317.00 -242.00 -1157.00 0
12414 -3.97 -0.14 -1.74 -118.00 61.00 195.00 317.00 -242.00 -1157.00 0
12424 -4.17 0.63 -1.46 -123.00 66.00 191.00 321.00 -241.00 -1140.00 0
12433 -3.83 1.46 -1.11 -116.00 80.00 189.00 321.00 -241.00 -1140.00 0
12442 -3.20 2.16 -0.70 -116.00 72.00 191.00 321.00 -241.00 -1140.00 0
12451 -2.78 2.78 -0.35 -120.00 64.00 193.00 321.00 -241.00 -1140.00 0
12461 -2.64 3.41 -0.07 -121.00 65.00 198.00 321.00 -241.00 -1140.00 0
12470 -2.16 4.59 0.00 -119.00 76.00 190.00 321.00 -241.00 -1140.00 0
12479 -1.95 4.66 -0.14 -116.00 79.00 190.00 321.00 -241.00 -1140.00 0
12488 -2.30 4.38 -0.49 -118.00 83.00 187.00 325.00 -243.00 -1227.00 0
12497 -3.27 3.69 -1.39 -113.00 85.00 185.00 325.00 -243.00 -1227.00 0
12507 -4.59 2.92 -2.43 -120.00 72.00 196.00 325.00 -243.00 -1227.00 0
12516 -8.00 2.37 -3.13 -129.00 68.00 195.00 325.00 -243.00 -1227.00 0
12525 -9.11 2.23 -2.71 -123.00 67.00 194.00 325.00 -243.00 -1227.00 0
12535 -10.09 1.46 -2.64 -119.00 66.00 187.00 325.00 -243.00 -1227.00 0
12545 -10.99 0.70 -2.78 -116.00 61.00 192.00 325.00 -243.00 -1227.00 0
12554 -11.55 0.14 -2.64 -120.00 51.00 196.00 325.00 -235.00 -1018.00 0
12563 -11.69 -0.14 -2.37 -123.00 50.00 192.00 325.00 -235.00 -1018.00 0
12572 -10.92 0.35 -2.37 -116.00 51.00 190.00 325.00 -235.00 -1018.00 0
12581 -10.16 0.70 -3.06 -117.00 56.00 188.00 325.00 -235.00 -1018.00 0
12591 -9.11 0.97 -3.97 -109.00 72.00 179.00 325.00 -235.00 -1018.00 0
12600 -8.00 1.32 -4.94 -107.00 75.00 181.00 325.00 -235.00 -1018.00 0
12609 -7.51 1.67 -5.84 -110.00 66.00 180.00 325.00 -235.00 -1018.00 0
12619 -8.28 2.50 -8.56 -110.00 63.00 182.00 325.00 -235.00 -1018.00 0
12628 -10.64 4.73 -10.37 -111.00 67.00 178.00 325.00 -235.00 -1018.00 0
12638 -12.24 5.57 -12.80 -99.00 72.00 165.00 325.00 -235.00 -1018.00 0
12647 -14.61 6.26 -16.49 -75.00 82.00 154.00 325.00 -235.00 -1018.00 0
12656 -17.74 7.10 -21.15 -61.00 86.00 142.00 325.00 -235.00 -1018.00 0
12665 -21.91 8.77 -26.43 -53.00 76.00 133.00 325.00 -235.00 -1018.00 0
12675 -34.78 18.30 -37.77 -56.00 86.00 135.00 325.00 -235.00 -1018.00 1
12686 -41.95 26.92 -42.99 -37.00 232.00 133.00 350.00 -195.00 -1084.00 1
12697 -48.42 35.55 -47.03 -171.00 -22.00 259.00 350.00 -195.00 -1084.00 1
12707 -60.87 58.23 -25.81 -412.00 -216.00 376.00 350.00 -195.00 -1084.00 1
12719 -56.56 73.67 -8.07 -297.00 -184.00 331.00 350.00 -195.00 -1084.00 1
12730 -24.90 71.58 6.61 -165.00 36.00 164.00 350.00 -195.00 -1084.00 1
12741 -4.52 58.78 11.06 -103.00 45.00 124.00 350.00 -195.00 -1084.00 1
12751 9.60 42.37 10.99 -139.00 101.00 184.00 383.00 -217.00 -1255.00 1
12763 31.58 20.24 6.61 -150.00 146.00 163.00 383.00 -217.00 -1255.00 1
12774 33.53 13.57 2.71 -137.00 178.00 173.00 383.00 -217.00 -1255.00 1
12785 32.14 0.77 -2.85 -129.00 128.00 178.00 383.00 -217.00 -1255.00 1
12796 15.93 -4.45 -4.66 -140.00 85.00 167.00 383.00 -217.00 -1255.00 1
12808 5.70 -6.12 -5.91 -149.00 26.00 189.00 383.00 -217.00 -1255.00 1
12819 -11.97 -8.35 -7.93 -170.00 7.00 205.00 372.00 -211.00 -1081.00 1
12829 -13.50 -10.02 -7.23 -163.00 17.00 214.00 372.00 -211.00 -1081.00 1
12840 -6.89 -15.10 -2.09 -149.00 6.00 199.00 372.00 -211.00 -1081.00 1
12852 -2.50 -17.32 0.42 -123.00 12.00 180.00 372.00 -211.00 -1081.00 1
12863 1.74 -19.41 1.67 -115.00 33.00 168.00 372.00 -211.00 -1081.00 1
12874 11.13 -21.84 0.21 -118.00 58.00 175.00 372.00 -211.00 -1081.00 1
12886 14.61 -21.22 -2.09 -125.00 76.00 182.00 361.00 -221.00 -1088.00 1
12897 18.09 -16.63 -4.45 -133.00 98.00 188.00 361.00 -221.00 -1088.00 1
12908 17.60 -14.19 -3.97 -131.00 88.00 189.00 361.00 -221.00 -1088.00 1
12919 15.23 -12.45 -3.20 -127.00 74.00 181.00 361.00 -221.00 -1088.00 1
12931 7.79 -10.57 -2.16 -131.00 61.00 186.00 361.00 -221.00 -1088.00 1
12941 4.17 -9.74 -2.16 -135.00 59.00 190.00 361.00 -221.00 -1088.00 1
12952 -0.83 -8.14 -1.81 -148.00 58.00 195.00 357.00 -226.00 -1168.00 1
12963 -2.57 -7.79 -1.81 -142.00 49.00 196.00 357.00 -226.00 -1168.00 1
12975 -3.69 -8.28 -1.74 -137.00 45.00 193.00 357.00 -226.00 -1168.00 1
12986 -3.69 -10.09 -0.90 -127.00 48.00 186.00 357.00 -226.00 -1168.00 1
12997 -3.20 -10.78 -0.63 -122.00 53.00 179.00 357.00 -226.00 -1168.00 1
13008 -1.53 -10.57 0.35 -115.00 55.00 174.00 357.00 -226.00 -1168.00 1
13020 -0.90 -9.46 0.28 -112.00 67.00 177.00 350.00 -227.00 -1158.00 1
13031 -0.49 -5.84 -0.63 -122.00 76.00 183.00 350.00 -227.00 -1158.00 1
13041 -1.53 -3.62 -1.04 -128.00 67.00 190.00 350.00 -227.00 -1158.00 1
13052 -3.41 -1.39 -1.53 -134.00 57.00 194.00 350.00 -227.00 -1158.00 1
13064 -7.17 2.16 -2.57 -137.00 53.00 191.00 350.00 -227.00 -1158.00 1
13075 -8.07 2.99 -2.78 -135.00 52.00 193.00 350.00 -227.00 -1158.00 1
13086 -8.42 2.99 -2.85 -138.00 47.00 192.00 350.00 -227.00 -1158.00 1
13097 -8.00 2.64 -2.71 -134.00 59.00 190.00 350.00 -227.00 -1158.00 1
13109 -7.03 2.16 -2.43 -131.00 59.00 189.00 350.00 -227.00 -1158.00 1
13119 -5.57 1.39 -1.60 -133.00 60.00 189.00 350.00 -227.00 -1158.00 1
13130 -5.15 0.97 -1.32 -128.00 62.00 184.00 350.00 -227.00 -1158.00 1
13142 -4.73 0.42 -0.77 -129.00 56.00 189.00 350.00 -227.00 -1158.00 1
13153 -4.94 0.21 -0.90 -127.00 57.00 182.00 350.00 -227.00 -1158.00 1
13164 -5.08 0.21 -1.04 -129.00 59.00 186.00 350.00 -227.00 -1158.00 1
13175 -5.36 0.42 -1.53 -130.00 58.00 189.00 350.00 -227.00 -1158.00 1
13187 -5.77 0.56 -2.02 -139.00 59.00 194.00 350.00 -227.00 -1158.00 1
13198 -6.47 0.21 -2.64 -137.00 63.00 192.00 350.00 -227.00 -1158.00 1
13209 -6.68 -0.70 -2.92 -134.00 66.00 188.00 350.00 -227.00 -1158.00 1
13219 -7.10 -1.95 -3.13 -134.00 67.00 192.00 350.00 -227.00 -1158.00 1
13231 -8.83 -5.01 -3.48 -128.00 62.00 187.00 350.00 -227.00 -1158.00 1
13242 -10.09 -6.68 -3.62 -124.00 58.00 184.00 350.00 -227.00 -1158.00 1
13253 -13.43 -8.77 -3.90 -122.00 48.00 181.00 350.00 -227.00 -1158.00 1
13264 -14.96 -8.77 -3.76 -125.00 44.00 192.00 350.00 -227.00 -1158.00 1
13275 -15.65 -8.07 -3.20 -123.00 49.00 184.00 350.00 -227.00 -1158.00 0
13284 -14.33 -5.98 -0.35 -131.00 59.00 193.00 350.00 -227.00 -1158.00 0
13293 -12.45 -5.01 2.37 -142.00 49.00 201.00 350.00 -227.00 -1158.00 0
13302 -10.99 -4.38 4.80 -150.00 34.00 196.00 350.00 -227.00 -1158.00 0
13312 -9.88 -4.87 5.43 -141.00 35.00 199.00 350.00 -227.00 -1158.00 0
13321 -7.65 -6.26 5.22 -142.00 36.00 202.00 350.00 -227.00 -1158.00 0
13330 -4.31 -7.23 5.43 -133.00 43.00 199.00 350.00 -227.00 -1158.00 0
13339 2.30 -8.49 6.05 -128.00 44.00 196.00 350.00 -227.00 -1158.00 0
13349 4.87 -8.90 6.54 -128.00 50.00 195.00 350.00 -227.00 -1158.00 0
13359 7.03 -9.39 7.03 -126.00 46.00 193.00 350.00 -227.00 -1158.00 0
13368 8.49 -10.09 6.75 -122.00 51.00 189.00 350.00 -227.00 -1158.00 0
13377 9.46 -10.64 5.70 -120.00 61.00 189.00 350.00 -227.00 -1158.00 0
13386 10.09 -10.43 4.10 -125.00 61.00 192.00 350.00 -227.00 -1158.00 0
13395 11.76 -7.58 4.45 -130.00 62.00 194.00 350.00 -227.00 -1158.00 0
13405 11.83 -5.91 4.87 -128.00 69.00 191.00 350.00 -227.00 -1158.00 0
13414 11.76 -4.59 5.29 -126.00 66.00 191.00 350.00 -227.00 -1158.00 0
13423 11.41 -3.55 5.91 -133.00 59.00 193.00 350.00 -227.00 -1158.00 0
13433 11.20 -2.71 6.96 -127.00 65.00 191.00 350.00 -227.00 -1158.00 0
13443 12.24 -2.02 9.04 -129.00 65.00 189.00 350.00 -227.00 -1158.00 0
13452 12.66 -1.67 9.67 -120.00 69.00 183.00 350.00 -227.00 -1158.00 0
13461 13.01 -1.18 10.16 -112.00 81.00 171.00 350.00 -227.00 -1158.00 0
13470 12.87 -0.63 10.57 -107.00 79.00 170.00 350.00 -227.00 -1158.00 0
13479 11.83 0.14 10.57 -112.00 76.00 177.00 338.00 -245.00 -1074.00 0
13489 10.23 1.18 9.74 -119.00 69.00 187.00 338.00 -245.00 -1074.00 0
13499 6.68 4.87 9.25 -132.00 67.00 192.00 338.00 -245.00 -1074.00 0
13508 6.33 6.96 9.32 -144.00 72.00 206.00 338.00 -245.00 -1074.00 0
13517 6.54 8.07 9.67 -131.00 82.00 192.00 338.00 -245.00 -1074.00 0
13527 6.61 7.86 9.60 -124.00 77.00 179.00 338.00 -245.00 -1074.00 0
13536 5.77 6.75 8.83 -116.00 76.00 178.00 338.00 -245.00 -1074.00 0
13545 2.85 3.76 6.12 -118.00 74.00 184.00 338.00 -245.00 -1074.00 0
13554 1.60 3.06 5.01 -128.00 73.00 193.00 338.00 -245.00 -1074.00 0
13563 0.35 2.78 3.90 -130.00 66.00 193.00 338.00 -245.00 -1074.00 0
13573 -0.77 2.71 2.92 -132.00 71.00 193.00 338.00 -245.00 -1074.00 0
13582 -1.39 2.30 2.57 -129.00 72.00 185.00 338.00 -245.00 -1074.00 0
13591 -2.02 1.25 2.09 -126.00 66.00 189.00 338.00 -245.00 -1074.00 0
13600 -3.06 -0.28 1.39 -125.00 71.00 184.00 338.00 -245.00 -1074.00 0
13609 -3.20 -0.49 1.32 -118.00 76.00 185.00 338.00 -245.00 -1074.00 0
13619 -3.48 -0.42 1.18 -123.00 78.00 185.00 338.00 -245.00 -1074.00 0
13629 -4.03 -0.28 1.04 -125.00 66.00 186.00 338.00 -245.00 -1074.00 0
13638 -5.08 0.14 0.77 -127.00 67.00 188.00 338.00 -245.00 -1074.00 0
13647 -5.98 0.56 0.35 -119.00 72.00 181.00 338.00 -245.00 -1074.00 0
13657 -7.30 0.70 -1.46 -124.00 79.00 180.00 338.00 -245.00 -1074.00 0
13666 -7.93 0.83 -2.64 -126.00 82.00 187.00 338.00 -245.00 -1074.00 0
13675 -8.97 0.83 -3.76 -127.00 84.00 187.00 338.00 -245.00 -1074.00 0
13684 -10.23 0.77 -4.73 -129.00 74.00 190.00 338.00 -245.00 -1074.00 0
13693 -11.76 0.90 -5.15 -131.00 67.00 194.00 338.00 -245.00 -1074.00 0
13703 -13.98 0.90 -4.31 -125.00 62.00 185.00 338.00 -245.00 -1074.00 0
13712 -15.10 0.97 -4.87 -123.00 57.00 186.00 338.00 -245.00 -1074.00 0
13721 -15.86 1.04 -5.63 -125.00 62.00 187.00 338.00 -245.00 -1074.00 0
13731 -15.51 1.46 -5.70 -125.00 67.00 185.00 338.00 -245.00 -1074.00 0
13741 -15.37 2.09 -6.05 -126.00 62.00 185.00 338.00 -245.00 -1074.00 0
13750 -15.93 2.78 -7.30 -116.00 63.00 182.00 338.00 -245.00 -1074.00 0
13759 -17.88 3.34 -11.48 -111.00 64.00 173.00 338.00 -245.00 -1074.00 0
13768 -19.27 3.13 -14.54 -98.00 76.00 168.00 338.00 -245.00 -1074.00 0
13777 -21.29 2.71 -18.57 -92.00 90.00 159.00 338.00 -245.00 -1074.00 0
13787 -24.42 2.64 -23.51 -87.00 111.00 151.00 338.00 -245.00 -1074.00 0
13797 -28.87 2.85 -29.43 -80.00 115.00 152.00 338.00 -245.00 -1074.00 0
13806 -43.69 4.10 -43.06 -92.00 94.00 165.00 338.00 -245.00 -1074.00 1
13816 -53.91 4.94 -49.60 -90.00 130.00 151.00 338.00 -245.00 -1074.00 1
13828 -60.73 4.87 -52.94 -237.00 -60.00 328.00 338.00 -245.00 -1074.00 1
13838 -55.58 13.57 -26.43 -366.00 -208.00 392.00 338.00 -245.00 -1074.00 1
13849 -41.04 18.78 -8.21 -173.00 -128.00 243.00 338.00 -245.00 -1074.00 1
13859 -22.89 16.70 2.16 -49.00 -3.00 59.00 338.00 -245.00 -1074.00 1
13871 10.16 8.56 11.41 -90.00 27.00 125.00 359.00 -209.00 -1197.00 1
13881 23.17 6.75 11.20 -150.00 87.00 197.00 359.00 -209.00 -1197.00 1
13892 33.53 6.40 7.86 -172.00 157.00 223.00 359.00 -209.00 -1197.00 1
13903 39.86 3.55 0.14 -167.00 164.00 202.00 359.00 -209.00 -1197.00 1
13915 36.31 -1.25 -1.32 -109.00 155.00 158.00 359.00 -209.00 -1197.00 1
13925 20.80 -12.73 -2.71 -96.00 114.00 140.00 359.00 -209.00 -1197.00 1
13936 9.39 -14.89 -3.69 -98.00 71.00 149.00 352.00 -222.00 -1297.00 1
13947 -2.43 -14.40 -6.47 -143.00 41.00 195.00 352.00 -222.00 -1297.00 1
13959 -18.02 -8.70 -11.27 -180.00 -7.00 238.00 352.00 -222.00 -1297.00 1
13970 -18.99 -7.23 -10.30 -144.00 -2.00 205.00 352.00 -222.00 -1297.00 1
13980 -11.97 -8.63 -5.63 -128.00 -3.00 194.00 352.00 -222.00 -1297.00 1
13991 -6.19 -9.53 -3.13 -131.00 12.00 183.00 352.00 -222.00 -1297.00 1
14003 0.14 -10.23 -1.39 -128.00 56.00 188.00 344.00 -220.00 -1134.00 1
14013 11.48 -12.66 -2.92 -127.00 83.00 194.00 344.00 -220.00 -1134.00 1
14024 14.75 -14.05 -4.66 -115.00 102.00 184.00 344.00 -220.00 -1134.00 1
14035 14.89 -13.77 -6.19 -108.00 100.00 171.00 344.00 -220.00 -1134.00 1
14047 11.76 -12.24 -5.98 -114.00 76.00 175.00 344.00 -220.00 -1134.00 1
14058 7.17 -9.95 -5.36 -128.00 51.00 186.00 344.00 -220.00 -1134.00 1
14069 -2.92 -3.83 -5.63 -142.00 47.00 203.00 344.00 -221.00 -1173.00 1
14081 -5.36 -1.11 -5.29 -139.00 46.00 198.00 344.00 -221.00 -1173.00 1
14091 -6.96 1.11 -3.83 -129.00 46.00 190.00 344.00 -221.00 -1173.00 1
14102 -7.10 1.53 -2.99 -132.00 51.00 189.00 344.00 -221.00 -1173.00 1
14113 -6.68 1.67 -2.30 -133.00 61.00 193.00 344.00 -221.00 -1173.00 1
14125 -5.36 1.11 -1.39 -132.00 61.00 195.00 344.00 -221.00 -1173.00 1
14136 -5.15 0.63 -1.18 -130.00 58.00 192.00 344.00 -221.00 -1173.00 1
14147 -5.36 -0.56 -0.70 -130.00 50.00 191.00 344.00 -221.00 -1173.00 1
14157 -5.50 -0.90 -0.56 -124.00 47.00 188.00 344.00 -221.00 -1173.00 1
14169 -5.01 -1.04 -0.42 -127.00 59.00 190.00 344.00 -221.00 -1173.00 1
14180 -3.76 -0.28 -0.70 -129.00 60.00 187.00 344.00 -221.00 -1173.00 1
14191 -3.83 0.21 -1.25 -133.00 55.00 192.00 344.00 -221.00 -1173.00 1
14202 -4.10 1.32 -1.95 -132.00 55.00 191.00 344.00 -221.00 -1173.00 1
14213 -4.10 1.81 -1.95 -128.00 55.00 189.00 344.00 -221.00 -1173.00 1
14224 -3.83 2.09 -1.81 -129.00 57.00 189.00 344.00 -221.00 -1173.00 1
14235 -4.03 2.43 -1.81 -131.00 56.00 192.00 344.00 -221.00 -1173.00 1
14246 -4.24 2.71 -2.09 -131.00 63.00 188.00 344.00 -221.00 -1173.00 1
14258 -4.45 2.71 -2.09 -128.00 60.00 186.00 344.00 -221.00 -1173.00 1
14269 -5.15 2.64 -2.23 -126.00 59.00 189.00 344.00 -221.00 -1173.00 1
14279 -6.12 2.85 -2.50 -133.00 55.00 192.00 344.00 -221.00 -1173.00 1
14290 -8.14 3.20 -3.34 -130.00 54.00 196.00 344.00 -221.00 -1173.00 1
14302 -8.83 2.71 -3.55 -131.00 52.00 192.00 344.00 -221.00 -1173.00 1
14313 -9.95 1.53 -3.83 -130.00 54.00 191.00 344.00 -221.00 -1173.00 1
14324 -10.30 0.97 -3.76 -131.00 54.00 190.00 344.00 -221.00 -1173.00 1
14336 -10.71 0.56 -3.83 -134.00 56.00 192.00 344.00 -221.00 -1173.00 1
14347 -11.20 -0.28 -3.97 -139.00 51.00 193.00 344.00 -221.00 -1173.00 1
14357 -11.27 -0.70 -3.76 -137.00 49.00 192.00 344.00 -221.00 -1173.00 1
14368 -10.57 -1.39 -2.71 -139.00 54.00 191.00 344.00 -221.00 -1173.00 1
14380 -9.74 -1.74 -1.81 -135.00 63.00 193.00 344.00 -221.00 -1173.00 1
14391 -9.18 -2.16 -0.70 -130.00 60.00 192.00 344.00 -221.00 -1173.00 1
14402 -9.53 -3.27 2.23 -133.00 44.00 195.00 344.00 -221.00 -1173.00 1
14412 -9.67 -3.62 4.59 -139.00 37.00 195.00 344.00 -221.00 -1173.00 0
14422 -9.11 -3.90 7.23 -142.00 31.00 205.00 344.00 -221.00 -1173.00 0
14431 -6.12 -5.57 10.85 -146.00 38.00 203.00 344.00 -221.00 -1173.00 0
14440 -3.69 -7.37 12.03 -143.00 43.00 199.00 344.00 -221.00 -1173.00 0
14450 -1.11 -9.11 12.87 -139.00 54.00 201.00 344.00 -221.00 -1173.00 0
14459 2.16 -10.37 14.12 -138.00 45.00 198.00 339.00 -221.00 -1131.00 0
14469 4.87 -11.62 15.51 -137.00 42.00 206.00 339.00 -221.00 -1131.00 0
14478 7.17 -12.80 16.28 -131.00 45.00 199.00 339.00 -221.00 -1131.00 0
14487 11.34 -15.86 15.17 -112.00 39.00 175.00 339.00 -221.00 -1131.00 0
14496 12.24 -17.25 12.31 -106.00 55.00 181.00 339.00 -221.00 -1131.00 0
14507 14.47 -16.49 11.06 -113.00 82.00 189.00 339.00 -221.00 -1131.00 0
14516 17.25 -14.40 11.69 -124.00 79.00 191.00 339.00 -221.00 -1131.00 0
14525 18.16 -12.73 12.31 -126.00 69.00 190.00 328.00 -234.00 -1184.00 0
14534 16.49 -10.50 12.38 -123.00 73.00 191.00 328.00 -234.00 -1184.00 0
14543 15.51 -10.16 12.03 -116.00 80.00 186.00 328.00 -234.00 -1184.00 0
14554 14.68 -10.30 12.24 -110.00 89.00 177.00 328.00 -234.00 -1184.00 0
14563 13.50 -10.23 12.38 -102.00 88.00 174.00 328.00 -234.00 -1184.00 0
14572 11.34 -10.02 11.90 -112.00 76.00 184.00 328.00 -234.00 -1184.00 0
14581 6.54 -7.44 12.17 -121.00 71.00 195.00 328.00 -234.00 -1184.00 0
14590 4.38 -5.63 12.17 -128.00 70.00 190.00 324.00 -245.00 -1035.00 0
14601 2.09 -4.87 11.13 -126.00 72.00 193.00 324.00 -245.00 -1035.00 0
14610 0.00 -5.29 9.53 -120.00 66.00 192.00 324.00 -245.00 -1035.00 0
14619 -1.81 -6.19 8.00 -122.00 54.00 198.00 324.00 -245.00 -1035.00 0
14628 -2.85 -7.03 7.44 -128.00 45.00 202.00 324.00 -245.00 -1035.00 0
14638 -2.37 -6.05 8.21 -123.00 53.00 197.00 324.00 -245.00 -1035.00 0
14647 -1.39 -5.08 7.93 -109.00 57.00 185.00 324.00 -245.00 -1035.00 0
14656 -0.21 -4.66 7.17 -105.00 68.00 181.00 322.00 -249.00 -1181.00 0
14665 1.25 -4.59 6.33 -101.00 78.00 179.00 322.00 -249.00 -1181.00 0
14674 2.16 -4.03 5.15 -112.00 84.00 194.00 322.00 -249.00 -1181.00 0
14684 2.37 -2.09 4.17 -134.00 68.00 206.00 322.00 -249.00 -1181.00 0
14693 1.25 -1.32 4.10 -130.00 72.00 201.00 322.00 -249.00 -1181.00 0
14702 1.18 -1.60 4.17 -114.00 79.00 188.00 322.00 -249.00 -1181.00 0
14711 1.11 -2.71 3.83 -110.00 68.00 188.00 322.00 -249.00 -1181.00 0
14722 0.49 -3.69 3.27 -110.00 71.00 183.00 321.00 -253.00 -1040.00 0
14731 0.00 -4.03 2.92 -108.00 76.00 181.00 321.00 -253.00 -1040.00 0
14740 -1.32 -2.99 1.67 -115.00 72.00 188.00 321.00 -253.00 -1040.00 0
14749 -2.30 -1.88 1.04 -116.00 68.00 193.00 321.00 -253.00 -1040.00 0
14758 -3.27 -0.83 0.42 -117.00 73.00 190.00 321.00 -253.00 -1040.00 0
14768 -4.03 0.21 -0.14 -109.00 79.00 185.00 321.00 -253.00 -1040.00 0
14777 -4.87 1.25 -0.83 -114.00 77.00 184.00 321.00 -253.00 -1040.00 0
14786 -5.63 2.78 -1.11 -119.00 78.00 189.00 323.00 -248.00 -871.00 0
14795 -6.75 6.19 0.00 -119.00 73.00 190.00 323.00 -248.00 -871.00 0
14804 -7.58 7.72 0.63 -127.00 64.00 192.00 323.00 -248.00 -871.00 0
14814 -8.49 9.04 0.97 -129.00 63.00 194.00 323.00 -248.00 -871.00 0
14823 -8.97 9.67 0.90 -127.00 57.00 196.00 323.00 -248.00 -871.00 0
14832 -9.18 9.39 0.42 -124.00 56.00 197.00 323.00 -248.00 -871.00 0
14841 -8.83 8.42 -0.56 -121.00 67.00 185.00 323.00 -248.00 -871.00 0
14851 -7.30 5.98 -3.83 -117.00 74.00 181.00 323.00 -248.00 -871.00 0
14860 -6.68 4.80 -5.98 -115.00 77.00 182.00 323.00 -248.00 -871.00 0
14869 -6.54 3.97 -8.14 -117.00 70.00 193.00 323.00 -248.00 -871.00 0
14878 -6.75 3.27 -9.81 -115.00 64.00 183.00 323.00 -248.00 -871.00 0
14887 -7.65 2.57 -11.55 -104.00 63.00 176.00 323.00 -248.00 -871.00 0
14897 -8.97 1.88 -14.05 -94.00 72.00 171.00 323.00 -248.00 -871.00 0
14906 -11.41 0.63 -20.66 -81.00 76.00 156.00 323.00 -248.00 -871.00 0
14916 -13.91 0.77 -25.25 -67.00 87.00 136.00 323.00 -248.00 -871.00 0
14925 -17.88 1.95 -30.96 -52.00 118.00 137.00 323.00 -248.00 -871.00 0
14935 -22.75 4.03 -37.01 -33.00 139.00 137.00 323.00 -248.00 -871.00 1
14945 -30.12 7.93 -48.42 -5.00 216.00 45.00 323.00 -248.00 -871.00 1
14955 -49.60 21.70 -49.95 -135.00 68.00 242.00 323.00 -248.00 -871.00 1
14966 -58.50 32.63 -39.10 -443.00 -215.00 448.00 323.00 -248.00 -871.00 1
14977 -61.15 65.95 7.72 -332.00 -203.00 379.00 323.00 -248.00 -871.00 1
14988 -43.48 67.97 17.67 -134.00 -72.00 157.00 372.00 -204.00 -1063.00 1
14998 -28.73 57.67 18.23 -61.00 37.00 77.00 372.00 -204.00 -1063.00 1
15008 11.06 35.41 15.58 -100.00 102.00 147.00 372.00 -204.00 -1063.00 1
15020 24.90 27.76 10.02 -141.00 144.00 179.00 372.00 -204.00 -1063.00 1
15031 30.82 22.40 2.43 -158.00 193.00 191.00 372.00 -204.00 -1063.00 1
15041 26.23 10.85 -6.12 -145.00 181.00 198.00 372.00 -204.00 -1063.00 1
15052 17.95 5.57 -6.61 -149.00 52.00 195.00 373.00 -223.00 -1338.00 1
15063 5.22 2.50 -7.72 -145.00 -2.00 190.00 373.00 -223.00 -1338.00 1
15074 -11.27 -0.97 -5.22 -145.00 -6.00 192.00 373.00 -223.00 -1338.00 1
15084 -10.99 -2.85 -1.60 -146.00 14.00 187.00 373.00 -223.00 -1338.00 1
15095 -8.42 -4.10 0.49 -146.00 34.00 194.00 373.00 -223.00 -1338.00 1
15106 0.07 -6.54 1.88 -149.00 61.00 194.00 373.00 -223.00 -1338.00 1
15117 3.97 -7.58 3.06 -138.00 65.00 184.00 367.00 -230.00 -1169.00 1
15128 7.30 -10.37 2.64 -127.00 67.00 178.00 367.00 -230.00 -1169.00 1
15138 8.42 -11.62 2.09 -132.00 78.00 174.00 367.00 -230.00 -1169.00 1
15150 9.39 -12.38 1.88 -128.00 78.00 180.00 367.00 -230.00 -1169.00 1
15161 7.79 -11.69 0.77 -136.00 76.00 177.00 367.00 -230.00 -1169.00 1
15171 5.84 -10.99 0.00 -126.00 69.00 172.00 367.00 -230.00 -1169.00 1
15182 3.55 -11.06 -1.67 -123.00 64.00 180.00 359.00 -234.00 -1244.00 1
15194 -0.42 -10.30 -1.74 -140.00 48.00 191.00 359.00 -234.00 -1244.00 1
15204 -2.09 -8.63 -1.53 -150.00 46.00 198.00 359.00 -234.00 -1244.00 1
15215 -2.23 -7.17 -0.21 -149.00 52.00 193.00 359.00 -234.00 -1244.00 1
15226 -1.39 -8.28 0.21 -129.00 56.00 184.00 359.00 -234.00 -1244.00 1
15237 -0.56 -9.60 -0.07 -115.00 62.00 174.00 359.00 -234.00 -1244.00 1
15248 1.67 -10.16 -0.28 -116.00 73.00 182.00 353.00 -232.00 -1152.00 1
15259 2.16 -9.18 -0.56 -136.00 65.00 192.00 353.00 -232.00 -1152.00 1
15269 1.60 -6.47 -0.56 -133.00 67.00 189.00 353.00 -232.00 -1152.00 1
15281 1.11 -5.70 -0.21 -121.00 64.00 184.00 353.00 -232.00 -1152.00 1
15292 0.49 -4.87 0.07 -124.00 59.00 181.00 353.00 -232.00 -1152.00 1
15303 -1.39 -2.30 0.07 -125.00 63.00 178.00 353.00 -232.00 -1152.00 1
15313 -2.23 -0.83 -0.28 -130.00 65.00 187.00 355.00 -235.00 -944.00 1
15325 -2.99 1.53 -1.25 -135.00 63.00 191.00 355.00 -235.00 -944.00 1
15336 -4.38 2.37 -1.60 -137.00 60.00 188.00 355.00 -235.00 -944.00 1
15347 -4.94 2.85 -1.88 -133.00 65.00 187.00 355.00 -235.00 -944.00 1
15357 -5.22 3.20 -1.95 -135.00 61.00 189.00 355.00 -235.00 -944.00 1
15369 -5.57 3.20 -1.95 -139.00 57.00 192.00 355.00 -235.00 -944.00 1
15380 -5.50 3.06 -1.74 -138.00 59.00 187.00 356.00 -232.00 -1143.00 1
15390 -4.80 2.16 -0.97 -132.00 58.00 182.00 356.00 -232.00 -1143.00 1
15401 -4.10 1.60 -0.49 -128.00 66.00 180.00 356.00 -232.00 -1143.00 1
15413 -3.20 1.18 -0.07 -132.00 67.00 183.00 356.00 -232.00 -1143.00 1
15424 -3.20 1.04 -0.28 -134.00 69.00 183.00 356.00 -232.00 -1143.00 1
15435 -3.34 0.83 -0.56 -134.00 67.00 189.00 356.00 -232.00 -1143.00 1
15446 -4.52 0.14 -1.32 -138.00 62.00 189.00 358.00 -231.00 -1231.00 1
15457 -5.29 -0.28 -1.74 -141.00 51.00 193.00 358.00 -231.00 -1231.00 1
15468 -5.15 -1.04 -1.74 -132.00 61.00 184.00 358.00 -231.00 -1231.00 1
15479 -4.17 -1.39 -1.39 -130.00 62.00 183.00 358.00 -231.00 -1231.00 1
15491 -3.48 -1.39 -1.18 -132.00 61.00 189.00 358.00 -231.00 -1231.00 1
15501 -2.92 -1.32 -1.18 -137.00 67.00 190.00 358.00 -231.00 -1231.00 1
15512 -2.78 -1.25 -1.18 -141.00 64.00 182.00 358.00 -234.00 -1196.00 1
15523 -3.06 -1.88 -1.25 -150.00 60.00 197.00 358.00 -234.00 -1196.00 1
15535 -3.20 -3.13 -1.32 -182.00 58.00 221.00 358.00 -234.00 -1196.00 1
15546 -3.13 -6.26 -1.53 -189.00 51.00 219.00 358.00 -234.00 -1196.00 1
15557 -0.97 -21.22 -2.85 -230.00 38.00 256.00 358.00 -234.00 -1196.00 1
15568 1.60 -32.49 -4.66 -170.00 30.00 206.00 358.00 -234.00 -1196.00 1
15579 6.61 -58.37 -14.89 -103.00 61.00 185.00 319.00 -234.00 -1066.00 1
15590 13.36 -65.95 -14.61 -69.00 123.00 165.00 319.00 -234.00 -1066.00 1
15600 20.24 -67.55 -10.16 -57.00 99.00 181.00 319.00 -234.00 -1066.00 0
15609 20.87 -66.92 -4.94 -94.00 59.00 195.00 319.00 -234.00 -1066.00 0
15619 11.34 -58.50 2.43 -114.00 8.00 199.00 319.00 -234.00 -1066.00 0
15628 7.37 -53.70 5.22 -141.00 16.00 203.00 319.00 -234.00 -1066.00 0
15637 9.25 -50.23 9.04 -125.00 32.00 207.00 319.00 -234.00 -1066.00 0
15646 14.19 -49.88 10.92 -107.00 41.00 197.00 319.00 -234.00 -1066.00 0
15655 19.27 -50.85 10.16 -102.00 63.00 199.00 319.00 -234.00 -1066.00 0
15666 30.19 -50.92 8.70 -99.00 83.00 199.00 319.00 -234.00 -1066.00 0
15675 33.53 -49.67 8.14 -102.00 89.00 194.00 319.00 -234.00 -1066.00 0
15684 35.48 -48.70 7.72 -95.00 84.00 191.00 319.00 -234.00 -1066.00 0
15693 36.80 -48.70 7.65 -97.00 95.00 194.00 319.00 -234.00 -1066.00 0
15703 37.36 -48.56 7.58 -89.00 100.00 188.00 319.00 -234.00 -1066.00 0
15712 35.83 -48.00 6.61 -61.00 97.00 161.00 319.00 -234.00 -1066.00 0
15722 28.94 -46.75 3.62 -78.00 118.00 168.00 319.00 -234.00 -1066.00 0
15731 26.50 -45.43 3.13 14.00 108.00 140.00 319.00 -234.00 -1066.00 0
15740 23.93 -43.06 2.43 -82.00 120.00 195.00 319.00 -234.00 -1066.00 0
15750 21.01 -38.47 1.53 -71.00 107.00 186.00 319.00 -234.00 -1066.00 0
15759 16.35 -34.92 0.63 -71.00 108.00 181.00 319.00 -234.00 -1066.00 0
15768 6.26 -25.88 0.14 -59.00 86.00 179.00 319.00 -234.00 -1066.00 0
15777 0.77 -20.52 0.07 -67.00 87.00 183.00 319.00 -234.00 -1066.00 0
15788 -3.13 -14.40 0.83 -65.00 84.00 191.00 319.00 -234.00 -1066.00 0
15797 -7.10 -8.42 0.83 -94.00 73.00 203.00 319.00 -234.00 -1066.00 0
15806 -10.50 -1.67 0.63 -135.00 62.00 245.00 319.00 -234.00 -1066.00 0
15815 -12.03 3.55 1.18 -130.00 67.00 234.00 319.00 -234.00 -1066.00 0
15824 -10.99 4.59 1.32 -103.00 72.00 207.00 319.00 -234.00 -1066.00 0
15834 -9.88 2.02 0.14 -79.00 83.00 190.00 319.00 -234.00 -1066.00 0
15843 -9.11 -0.63 -1.11 -82.00 74.00 193.00 319.00 -234.00 -1066.00 0
15852 -8.42 -2.23 -1.39 -93.00 77.00 204.00 319.00 -234.00 -1066.00 0
15861 -7.37 -2.57 -0.90 -92.00 80.00 199.00 319.00 -234.00 -1066.00 0
15870 -6.40 -2.16 -0.56 -87.00 84.00 201.00 319.00 -234.00 -1066.00 0
15880 -5.08 -0.97 -0.97 -85.00 91.00 195.00 319.00 -234.00 -1066.00 0
15889 -5.08 -0.42 -1.25 -79.00 92.00 193.00 319.00 -234.00 -1066.00 0
15898 -5.57 0.77 -1.60 -80.00 86.00 195.00 319.00 -234.00 -1066.00 0
15907 -6.19 2.50 -1.60 -96.00 87.00 204.00 319.00 -234.00 -1066.00 0
15917 -6.47 4.59 -0.90 -109.00 89.00 210.00 319.00 -234.00 -1066.00 0
15926 -6.54 6.05 0.56 -97.00 82.00 208.00 319.00 -234.00 -1066.00 0
15935 -7.72 5.98 0.90 -93.00 78.00 201.00 319.00 -234.00 -1066.00 0
15944 -8.14 5.70 1.53 -89.00 75.00 201.00 319.00 -234.00 -1066.00 0
15953 -8.35 5.77 2.30 -94.00 71.00 201.00 319.00 -234.00 -1066.00 0
15963 -8.56 6.26 2.71 -98.00 69.00 202.00 319.00 -234.00 -1066.00 0
15972 -8.56 6.47 2.71 -96.00 76.00 206.00 319.00 -234.00 -1066.00 0
15981 -8.00 5.70 1.67 -97.00 85.00 205.00 319.00 -234.00 -1066.00 0
15990 -6.47 4.87 0.83 -91.00 95.00 195.00 319.00 -234.00 -1066.00 0
16001 -6.12 3.97 0.00 -85.00 98.00 193.00 319.00 -234.00 -1066.00 0
16009 -6.54 3.41 -0.83 -92.00 84.00 204.00 319.00 -234.00 -1066.00 0
16019 -7.44 3.20 -1.39 -96.00 83.00 201.00 319.00 -234.00 -1066.00 0
16028 -8.21 3.20 -1.53 -94.00 85.00 200.00 319.00 -234.00 -1066.00 0
16037 -8.77 3.41 -1.60 -86.00 77.00 198.00 250.00 -273.00 -1290.00 0
16047 -10.16 3.83 -1.67 -90.00 71.00 199.00 250.00 -273.00 -1290.00 0
16056 -10.64 4.45 -1.67 -92.00 74.00 198.00 250.00 -273.00 -1290.00 0
16065 -10.99 5.22 -1.88 -99.00 70.00 208.00 250.00 -273.00 -1290.00 0
16074 -11.06 6.26 -2.16 -104.00 67.00 204.00 250.00 -273.00 -1290.00 0
16083 -10.78 7.17 -2.71 -88.00 83.00 193.00 250.00 -273.00 -1290.00 0
16093 -9.53 7.44 -5.15 -75.00 96.00 182.00 250.00 -273.00 -1290.00 0
16102 -10.09 7.58 -7.03 -76.00 84.00 185.00 256.00 -264.00 -1375.00 0
16111 -11.62 8.28 -9.18 -79.00 83.00 186.00 256.00 -264.00 -1375.00 0
16120 -13.36 9.81 -11.41 -69.00 85.00 173.00 256.00 -264.00 -1375.00 0
16130 -15.65 11.41 -14.40 -56.00 86.00 152.00 256.00 -264.00 -1375.00 0
16140 -19.48 12.73 -19.27 -43.00 107.00 148.00 256.00 -264.00 -1375.00 0
16149 -30.82 16.07 -32.14 -40.00 126.00 132.00 256.00 -264.00 -1375.00 0
16158 -39.86 18.85 -39.79 -43.00 134.00 170.00 256.00 -264.00 -1375.00 1
16168 -52.17 22.05 -48.42 -45.00 172.00 264.00 274.00 -225.00 -1157.00 1
16180 -61.57 23.93 -51.13 -354.00 -182.00 475.00 274.00 -225.00 -1157.00 1
16190 -47.93 29.43 -33.11 -281.00 -103.00 443.00 274.00 -225.00 -1157.00 1
16201 -18.09 30.19 -9.88 -81.00 48.00 127.00 274.00 -225.00 -1157.00 1
16211 8.63 28.31 13.22 27.00 -41.00 29.00 274.00 -225.00 -1157.00 1
16223 8.97 24.56 8.49 -93.00 61.00 166.00 274.00 -225.00 -1157.00 1
16233 19.76 21.63 8.63 -133.00 121.00 203.00 292.00 -257.00 -1217.00 1
16244 32.35 19.97 -0.14 -133.00 161.00 185.00 292.00 -257.00 -1217.00 1
16254 31.51 17.39 -7.03 -114.00 184.00 177.00 292.00 -257.00 -1217.00 1
16266 28.45 13.70 -10.99 -126.00 155.00 190.00 292.00 -257.00 -1217.00 1
16277 12.94 3.76 -10.71 -117.00 90.00 188.00 292.00 -257.00 -1217.00 1
16287 2.30 0.42 -9.39 -103.00 42.00 180.00 292.00 -257.00 -1217.00 1
16299 -5.15 -1.18 -3.06 -110.00 33.00 198.00 292.00 -255.00 -1050.00 1
16309 -8.90 -0.90 -1.11 -119.00 27.00 210.00 292.00 -255.00 -1050.00 1
16320 -9.32 0.00 -1.81 -122.00 45.00 211.00 292.00 -255.00 -1050.00 1
16330 -5.22 -0.56 -1.53 -109.00 67.00 203.00 292.00 -255.00 -1050.00 1
16342 -2.50 -1.39 -0.49 -106.00 62.00 185.00 292.00 -255.00 -1050.00 1
16352 -1.32 -1.88 -0.63 -101.00 76.00 182.00 292.00 -255.00 -1050.00 1
16363 0.14 -1.95 -2.99 -111.00 98.00 195.00 292.00 -257.00 -1156.00 1
16373 1.18 -1.53 -3.06 -122.00 86.00 207.00 292.00 -257.00 -1156.00 1
16385 1.67 -0.63 -2.16 -110.00 72.00 191.00 292.00 -257.00 -1156.00 1
16396 -0.35 -0.07 -0.63 -110.00 65.00 187.00 292.00 -257.00 -1156.00 1
16406 -1.32 -0.14 -0.42 -116.00 67.00 197.00 292.00 -257.00 -1156.00 1
16417 -1.39 -0.63 -0.21 -116.00 71.00 194.00 292.00 -257.00 -1156.00 1
16428 -1.39 -0.63 -0.28 -110.00 70.00 194.00 292.00 -258.00 -1183.00 1
16439 -1.81 -0.28 -0.49 -114.00 73.00 200.00 292.00 -258.00 -1183.00 1
16450 -2.30 0.14 -1.11 -118.00 74.00 198.00 292.00 -258.00 -1183.00 1
16460 -2.43 -0.21 -1.18 -114.00 71.00 193.00 292.00 -258.00 -1183.00 1
16472 -2.85 -0.70 -1.39 -113.00 70.00 200.00 292.00 -258.00 -1183.00 1
16482 -2.85 -2.16 -2.37 -111.00 72.00 196.00 292.00 -258.00 -1183.00 1
16493 -2.57 -2.57 -2.30 -105.00 70.00 192.00 289.00 -258.00 -1093.00 1
16504 -2.99 -3.06 -2.30 -105.00 68.00 191.00 289.00 -258.00 -1093.00 1
16515 -3.41 -2.23 -2.37 -113.00 72.00 196.00 289.00 -258.00 -1093.00 1
16526 -3.83 -1.32 -2.37 -108.00 73.00 195.00 289.00 -258.00 -1093.00 1
16537 -5.08 0.35 -3.06 -113.00 73.00 198.00 289.00 -258.00 -1093.00 1
16547 -5.57 1.11 -3.20 -113.00 76.00 197.00 289.00 -258.00 -1093.00 1
16559 -6.12 1.74 -3.34 -118.00 68.00 199.00 294.00 -258.00 -1048.00 1
16570 -7.23 2.16 -3.62 -114.00 65.00 200.00 294.00 -258.00 -1048.00 1
16580 -7.17 2.09 -3.48 -111.00 64.00 193.00 294.00 -258.00 -1048.00 1
16591 -6.47 1.95 -3.06 -117.00 71.00 196.00 294.00 -258.00 -1048.00 1
16603 -6.05 2.16 -2.92 -116.00 66.00 199.00 294.00 -258.00 -1048.00 1
16613 -5.77 2.23 -2.78 -117.00 67.00 195.00 294.00 -258.00 -1048.00 1
16624 -5.57 1.81 -2.57 -113.00 75.00 194.00 294.00 -254.00 -1149.00 1
16635 -5.63 1.67 -2.57 -113.00 74.00 193.00 294.00 -254.00 -1149.00 1
16647 -5.91 1.95 -2.99 -112.00 69.00 194.00 294.00 -254.00 -1149.00 1
16657 -7.23 2.43 -3.20 -116.00 62.00 197.00 294.00 -254.00 -1149.00 1
16668 -7.65 2.78 -3.34 -127.00 63.00 203.00 294.00 -254.00 -1149.00 1
16678 -7.30 1.53 -3.27 -130.00 65.00 203.00 294.00 -254.00 -1149.00 1
16690 -6.19 -0.49 -2.99 -134.00 56.00 211.00 295.00 -256.00 -901.00 1
16701 -4.52 -3.69 -2.37 -143.00 59.00 219.00 295.00 -256.00 -901.00 1
16712 -0.28 -14.05 -3.34 -131.00 44.00 205.00 295.00 -256.00 -901.00 1
16722 1.53 -19.76 -6.68 -127.00 70.00 194.00 295.00 -256.00 -901.00 1
16734 9.46 -31.72 -11.76 -97.00 108.00 202.00 295.00 -256.00 -901.00 1
16745 12.38 -35.90 -12.59 -91.00 117.00 200.00 295.00 -256.00 -901.00 1
16755 13.01 -37.63 -10.85 -98.00 115.00 204.00 266.00 -259.00 -1200.00 1
16764 12.59 -37.57 1.67 -95.00 82.00 203.00 266.00 -259.00 -1200.00 0
16774 8.07 -33.04 9.11 -87.00 66.00 191.00 266.00 -259.00 -1200.00 0
16783 5.91 -30.54 16.70 -68.00 54.00 176.00 266.00 -259.00 -1200.00 0
16793 4.24 -27.76 23.10 -78.00 28.00 187.00 266.00 -259.00 -1200.00 0
16802 3.06 -23.86 27.69 -104.00 20.00 208.00 266.00 -259.00 -1200.00 0
16812 3.34 -18.50 30.19 -108.00 25.00 211.00 266.00 -259.00 -1200.00 0
16821 8.77 -8.77 28.94 -103.00 54.00 202.00 260.00 -276.00 -1075.00 0
16830 13.70 -5.70 26.85 -98.00 68.00 197.00 260.00 -276.00 -1075.00 0
16839 17.53 -3.27 23.79 -93.00 79.00 193.00 260.00 -276.00 -1075.00 0
16848 20.73 -1.53 21.01 -97.00 94.00 202.00 260.00 -276.00 -1075.00 0
16859 23.44 -0.35 18.71 -104.00 113.00 197.00 260.00 -276.00 -1075.00 0
16868 25.25 0.35 13.50 -93.00 121.00 189.00 260.00 -276.00 -1075.00 0
16877 23.65 -1.60 10.99 -80.00 118.00 190.00 260.00 -276.00 -1075.00 0
16886 21.01 -2.64 8.90 -83.00 110.00 185.00 259.00 -295.00 -1176.00 0
16896 17.53 -2.50 7.51 -83.00 101.00 185.00 259.00 -295.00 -1176.00 0
16905 13.70 -1.67 6.54 -85.00 100.00 187.00 259.00 -295.00 -1176.00 0
16914 9.88 -0.56 5.15 -80.00 109.00 179.00 259.00 -295.00 -1176.00 0
16924 2.37 2.02 0.97 -92.00 107.00 188.00 259.00 -295.00 -1176.00 0
16933 -1.46 3.27 -1.25 -93.00 105.00 191.00 259.00 -295.00 -1176.00 0
16943 -5.36 4.52 -2.92 -99.00 113.00 188.00 259.00 -295.00 -1176.00 0
16952 -8.90 5.98 -4.03 -111.00 108.00 196.00 259.00 -289.00 -984.00 0
16961 -12.87 6.47 -5.01 -113.00 93.00 206.00 264.00 -289.00 -984.00 0
16970 -16.77 5.91 -5.77 -111.00 79.00 208.00 264.00 -289.00 -984.00 0
16979 -22.40 3.13 -6.19 -110.00 62.00 211.00 264.00 -289.00 -984.00 0
16989 -23.58 1.88 -5.63 -108.00 56.00 208.00 264.00 -289.00 -984.00 0
16998 -23.44 0.83 -5.01 -103.00 52.00 202.00 264.00 -289.00 -984.00 0
17007 -21.98 -0.21 -4.73 -98.00 60.00 200.00 264.00 -289.00 -984.00 0
17016 -19.69 -0.97 -4.87 -100.00 67.00 205.00 264.00 -289.00 -984.00 0
17026 -17.32 -1.25 -5.15 -106.00 72.00 207.00 264.00 -289.00 -984.00 0
17036 -12.80 -1.11 -4.66 -102.00 71.00 202.00 264.00 -289.00 -984.00 0
17045 -10.50 -1.04 -4.03 -102.00 78.00 198.00 264.00 -289.00 -984.00 0
17054 -8.35 -1.11 -3.62 -98.00 80.00 198.00 264.00 -289.00 -984.00 0
17063 -6.82 -1.18 -3.34 -104.00 84.00 199.00 264.00 -289.00 -984.00 0
17073 -5.63 -1.11 -2.85 -98.00 85.00 198.00 264.00 -289.00 -984.00 0
17082 -4.03 -1.04 -1.88 -96.00 88.00 194.00 264.00 -289.00 -984.00 0
17091 -4.03 -0.90 -1.74 -100.00 87.00 196.00 264.00 -289.00 -984.00 0
17100 -4.31 -0.70 -1.67 -102.00 85.00 200.00 264.00 -289.00 -984.00 0
17110 -4.73 -0.49 -1.53 -97.00 83.00 194.00 264.00 -289.00 -984.00 0
17119 -5.22 -0.35 -1.46 -93.00 84.00 193.00 264.00 -289.00 -984.00 0
17128 -5.84 -0.07 -1.46 -96.00 79.00 197.00 264.00 -289.00 -984.00 0
17137 -6.68 0.77 -1.67 -102.00 77.00 199.00 264.00 -289.00 -984.00 0
17146 -7.51 1.25 -1.74 -99.00 80.00 202.00 264.00 -289.00 -984.00 0
17156 -7.72 1.67 -2.09 -96.00 82.00 194.00 263.00 -275.00 -1333.00 0
17165 -8.00 2.23 -2.30 -100.00 77.00 197.00 263.00 -275.00 -1333.00 0
17174 -8.07 2.78 -2.16 -101.00 77.00 201.00 263.00 -275.00 -1333.00 0
17183 -8.28 3.20 -2.09 -101.00 75.00 199.00 263.00 -275.00 -1333.00 0
17192 -8.70 4.10 -2.30 -105.00 77.00 200.00 263.00 -275.00 -1333.00 0
17202 -8.70 4.38 -2.30 -106.00 79.00 200.00 263.00 -275.00 -1333.00 0
17211 -8.63 4.52 -2.23 -105.00 79.00 202.00 263.00 -275.00 -1333.00 0
17220 -8.56 4.45 -2.02 -106.00 77.00 203.00 263.00 -275.00 -1333.00 0
17229 -8.56 4.24 -1.74 -108.00 78.00 201.00 263.00 -275.00 -1333.00 0
17239 -8.42 4.10 -1.39 -109.00 78.00 199.00 263.00 -275.00 -1333.00 0
17248 -7.58 3.41 -0.28 -104.00 77.00 199.00 263.00 -275.00 -1333.00 0
17258 -7.10 2.85 0.28 -106.00 79.00 196.00 263.00 -275.00 -1333.00 0
17267 -6.68 2.16 0.83 -103.00 76.00 196.00 263.00 -275.00 -1333.00 0
17276 -6.47 1.53 1.11 -100.00 76.00 197.00 263.00 -275.00 -1333.00 0
17286 -6.54 1.04 1.04 -101.00 74.00 202.00 263.00 -275.00 -1333.00 0
17295 -6.12 0.70 1.04 -103.00 75.00 201.00 263.00 -275.00 -1333.00 0
17304 -5.77 0.35 0.56 -98.00 77.00 197.00 263.00 -275.00 -1333.00 0
17313 -5.57 0.35 0.49 -100.00 75.00 196.00 263.00 -275.00 -1333.00 0
17323 -5.43 0.49 0.49 -103.00 76.00 197.00 263.00 -275.00 -1333.00 0
17332 -5.29 0.63 0.42 -100.00 78.00 195.00 263.00 -275.00 -1333.00 0
17341 -5.15 0.63 0.14 -102.00 83.00 197.00 263.00 -275.00 -1333.00 0
17350 -5.01 1.04 -0.56 -108.00 77.00 201.00 263.00 -275.00 -1333.00 0
17359 -5.01 0.90 -0.63 -107.00 82.00 198.00 263.00 -275.00 -1333.00 0
17369 -4.80 0.63 -0.49 -101.00 77.00 199.00 263.00 -275.00 -1333.00 0
17379 -4.87 0.35 -0.56 -100.00 78.00 198.00 263.00 -275.00 -1333.00 0
17388 -4.87 0.14 -0.56 -102.00 76.00 199.00 263.00 -275.00 -1333.00 0
17397 -4.80 0.07 -0.63 -102.00 76.00 202.00 263.00 -275.00 -1333.00 0
17406 -4.59 0.49 -0.70 -104.00 80.00 201.00 263.00 -275.00 -1333.00 0
17416 -4.38 0.83 -0.70 -107.00 70.00 203.00 272.00 -272.00 -996.00 0
17425 -4.03 0.97 -0.56 -102.00 74.00 200.00 272.00 -272.00 -996.00 0
17434 -3.48 1.04 -0.35 -105.00 74.00 200.00 272.00 -272.00 -996.00 0
17443 -3.06 0.77 -0.21 -104.00 76.00 198.00 272.00 -272.00 -996.00 0
17453 -2.57 0.63 -0.14 -106.00 78.00 196.00 272.00 -272.00 -996.00 0
17462 -1.60 0.70 0.14 -108.00 75.00 197.00 272.00 -272.00 -996.00 0
17471 -1.46 0.77 0.42 -111.00 79.00 202.00 272.00 -272.00 -996.00 0
17480 -0.97 0.56 0.83 -108.00 80.00 199.00 271.00 -274.00 -1120.00 0
17489 -0.63 0.28 1.18 -104.00 80.00 201.00 271.00 -274.00 -1120.00 0
17499 -0.28 -0.35 1.46 -102.00 73.00 196.00 271.00 -274.00 -1120.00 0
17508 -0.28 -0.77 1.39 -102.00 80.00 198.00 271.00 -274.00 -1120.00 0
17517 0.07 0.07 1.67 -106.00 75.00 213.00 271.00 -274.00 -1120.00 0
17526 0.63 2.02 2.09 -110.00 90.00 203.00 271.00 -274.00 -1120.00 0
17536 1.53 3.13 2.85 -102.00 86.00 197.00 271.00 -274.00 -1120.00 0
17546 1.04 3.48 3.27 -103.00 70.00 186.00 276.00 -275.00 -1092.00 0
17555 0.28 4.03 3.48 -101.00 68.00 192.00 276.00 -275.00 -1092.00 0
17564 0.14 4.52 4.52 -109.00 70.00 204.00 276.00 -275.00 -1092.00 0
17573 2.02 6.61 5.01 -110.00 71.00 198.00 276.00 -275.00 -1092.00 0
17583 3.13 7.23 5.15 -106.00 72.00 198.00 276.00 -275.00 -1092.00 0
17592 4.31 7.44 4.87 -107.00 73.00 192.00 276.00 -275.00 -1092.00 0
17601 5.70 7.44 4.45 -107.00 83.00 195.00 276.00 -275.00 -1092.00 0
17610 7.30 7.30 3.97 -109.00 95.00 199.00 281.00 -286.00 -930.00 0
17619 9.18 7.17 2.78 -105.00 92.00 196.00 281.00 -286.00 -930.00 0
17629 9.46 6.68 2.50 -107.00 89.00 196.00 281.00 -286.00 -930.00 0
17638 9.81 6.40 2.78 -106.00 91.00 195.00 281.00 -286.00 -930.00 0
17647 10.09 6.26 3.34 -96.00 102.00 207.00 281.00 -286.00 -930.00 0
17656 9.88 6.19 3.62 -101.00 85.00 203.00 281.00 -286.00 -930.00 0
17666 8.56 7.10 3.13 -106.00 88.00 190.00 281.00 -286.00 -930.00 0
17675 9.74 8.35 5.01 -96.00 100.00 192.00 284.00 -297.00 -1076.00 0
17684 10.30 7.93 6.05 -96.00 95.00 178.00 284.00 -297.00 -1076.00 0
17693 9.46 7.72 6.26 -102.00 89.00 193.00 284.00 -297.00 -1076.00 0
17703 8.35 7.79 6.40 -111.00 95.00 191.00 284.00 -297.00 -1076.00 0
17713 7.93 7.79 6.82 -101.00 97.00 193.00 284.00 -297.00 -1076.00 0
17722 7.37 7.51 6.68 -106.00 94.00 182.00 284.00 -297.00 -1076.00 0
17731 5.50 7.03 5.57 -106.00 95.00 189.00 284.00 -297.00 -1076.00 0
17740 4.94 6.33 5.22 -107.00 95.00 189.00 290.00 -300.00 -1285.00 0
17750 4.24 5.84 4.80 -104.00 97.00 194.00 290.00 -300.00 -1285.00 0
17759 3.62 5.43 4.24 -108.00 101.00 183.00 290.00 -300.00 -1285.00 0
17768 2.92 5.01 3.48 -101.00 105.00 187.00 290.00 -300.00 -1285.00 0
17777 2.09 4.38 2.43 -99.00 101.00 189.00 290.00 -300.00 -1285.00 0
17786 0.14 4.24 1.88 -102.00 102.00 186.00 290.00 -300.00 -1285.00 0
17796 -1.11 4.10 1.46 -112.00 92.00 190.00 290.00 -300.00 -1285.00 0
17806 -2.16 4.17 1.39 -111.00 90.00 196.00 294.00 -301.00 -1048.00 0
17815 -2.64 3.76 1.60 -107.00 94.00 189.00 294.00 -301.00 -1048.00 0
17824 -3.27 3.27 1.32 -105.00 94.00 185.00 294.00 -301.00 -1048.00 0
17833 -4.45 2.78 1.04 -106.00 90.00 191.00 294.00 -301.00 -1048.00 0
17843 -4.87 2.92 0.83 -109.00 91.00 188.00 294.00 -301.00 -1048.00 0
17852 -4.87 2.85 1.04 -111.00 95.00 192.00 294.00 -301.00 -1048.00 0
17861 -4.66 2.99 1.11 -110.00 96.00 189.00 294.00 -301.00 -1048.00 0
17870 -4.66 3.27 0.83 -110.00 91.00 190.00 294.00 -304.00 -1305.00 0
17880 -4.59 3.27 0.70 -113.00 96.00 193.00 296.00 -304.00 -1305.00 0
17889 -4.80 2.57 0.28 -107.00 92.00 186.00 296.00 -304.00 -1305.00 0
17898 -5.01 2.16 0.07 -110.00 94.00 190.00 296.00 -304.00 -1305.00 0
17907 -4.94 2.09 -0.07 -109.00 91.00 188.00 296.00 -304.00 -1305.00 0
17917 -4.80 2.02 0.00 -111.00 99.00 193.00 296.00 -304.00 -1305.00 0
17927 -4.31 2.09 -0.07 -111.00 104.00 189.00 296.00 -304.00 -1305.00 0
17936 -4.24 1.88 0.07 -107.00 92.00 189.00 296.00 -304.00 -1305.00 0
17945 -5.29 2.09 -0.28 -113.00 90.00 191.00 296.00 -304.00 -1305.00 0
17954 -5.91 2.50 -0.56 -105.00 88.00 191.00 296.00 -304.00 -1305.00 0
17964 -6.12 2.57 -0.77 -103.00 92.00 190.00 296.00 -304.00 -1305.00 0
17973 -6.26 2.50 -1.18 -106.00 92.00 190.00 296.00 -304.00 -1305.00 0
17982 -6.47 2.43 -1.74 -105.00 91.00 189.00 296.00 -304.00 -1305.00 0
17991 -6.61 3.13 -2.30 -102.00 87.00 186.00 296.00 -304.00 -1305.00 0
18000 -7.03 3.48 -2.50 -106.00 98.00 188.00 296.00 -304.00 -1305.00 0
18010 -7.17 4.03 -2.78 -107.00 91.00 185.00 296.00 -304.00 -1305.00 0
18019 -7.51 4.52 -3.06 -113.00 96.00 187.00 296.00 -304.00 -1305.00 0
18029 -7.65 4.59 -3.20 -113.00 95.00 190.00 296.00 -304.00 -1305.00 0
18038 -7.79 4.87 -3.48 -114.00 95.00 184.00 296.00 -304.00 -1305.00 0
18048 -8.21 5.43 -3.13 -108.00 86.00 190.00 296.00 -304.00 -1305.00 0
18057 -8.77 6.05 -3.20 -114.00 97.00 191.00 296.00 -304.00 -1305.00 0
18066 -8.70 6.68 -2.85 -124.00 88.00 195.00 296.00 -304.00 -1305.00 0
18075 -8.56 7.30 -2.16 -132.00 95.00 204.00 296.00 -304.00 -1305.00 0
18084 -7.86 7.51 -0.83 -131.00 98.00 199.00 296.00 -304.00 -1305.00 0
18094 -7.10 7.03 0.56 -125.00 96.00 196.00 296.00 -304.00 -1305.00 0
18103 -6.12 4.24 3.48 -120.00 98.00 188.00 296.00 -304.00 -1305.00 0
18112 -5.01 2.99 5.43 -120.00 110.00 193.00 296.00 -304.00 -1305.00 0
18121 -3.76 1.53 7.86 -113.00 110.00 182.00 296.00 -304.00 -1305.00 0
18131 -3.27 1.04 10.99 -112.00 104.00 186.00 296.00 -304.00 -1305.00 0
18141 -2.92 0.90 14.54 -108.00 101.00 188.00 296.00 -304.00 -1305.00 0
18150 -3.27 0.21 20.31 -110.00 98.00 183.00 296.00 -304.00 -1305.00 0
18159 -3.97 0.49 22.19 -105.00 95.00 189.00 296.00 -304.00 -1305.00 0
18168 -5.08 0.77 23.17 -100.00 76.00 188.00 296.00 -304.00 -1305.00 0
18178 -5.98 1.81 23.10 -104.00 81.00 192.00 296.00 -304.00 -1305.00 0
18187 -6.40 3.06 22.89 -123.00 101.00 189.00 296.00 -304.00 -1305.00 0
18197 -5.29 3.90 24.14 -121.00 93.00 194.00 296.00 -304.00 -1305.00 0
18206 -4.24 4.38 24.42 -108.00 88.00 196.00 296.00 -304.00 -1305.00 0
18215 -4.17 3.48 24.63 -109.00 83.00 197.00 296.00 -304.00 -1305.00 0
18225 -3.69 3.06 25.46 -102.00 78.00 191.00 296.00 -304.00 -1305.00 0
18234 -3.27 3.20 26.02 -103.00 80.00 182.00 296.00 -304.00 -1305.00 0
18243 -2.78 3.76 25.60 -97.00 80.00 184.00 296.00 -304.00 -1305.00 0