641.00 -202.00 -1284.00 0
458 -6.82 -2.78 1.88 -219.00 52.00 86.00 639.00 -203.00 -1133.00 0
467 -7.79 -2.02 1.18 -224.00 52.00 84.00 639.00 -203.00 -1133.00 0
477 -8.49 -1.67 0.49 -223.00 45.00 78.00 639.00 -203.00 -1133.00 0
486 -9.18 -1.88 -0.21 -222.00 39.00 80.00 639.00 -203.00 -1133.00 0
495 -9.46 -2.23 -0.56 -216.00 37.00 79.00 639.00 -203.00 -1133.00 0
504 -9.53 -2.43 -0.77 -217.00 44.00 78.00 639.00 -203.00 -1133.00 0
514 -9.32 -2.16 -0.21 -219.00 42.00 76.00 639.00 -203.00 -1133.00 0
523 -9.04 -1.67 0.63 -225.00 43.00 82.00 638.00 -205.00 -1215.00 0
532 -8.56 -1.39 1.53 -227.00 44.00 75.00 638.00 -205.00 -1215.00 0
541 -8.07 -1.18 2.57 -229.00 42.00 75.00 638.00 -205.00 -1215.00 0
550 -7.65 -1.04 3.69 -229.00 41.00 82.00 638.00 -205.00 -1215.00 0
560 -7.03 -0.90 4.73 -235.00 39.00 86.00 638.00 -205.00 -1215.00 0
569 -5.29 -1.60 6.75 -220.00 54.00 75.00 638.00 -205.00 -1215.00 0
578 -4.24 -2.64 8.00 -220.00 42.00 79.00 638.00 -205.00 -1215.00 0
586 -3.97 -3.34 8.97 -231.00 53.00 87.00 638.00 -205.00 -1215.00 0
595 -3.62 -3.90 9.74 -229.00 47.00 86.00 638.00 -205.00 -1215.00 0
605 -3.55 -4.73 10.85 -225.00 47.00 85.00 638.00 -205.00 -1215.00 0
614 -2.85 -6.19 12.80 -232.00 46.00 83.00 638.00 -205.00 -1215.00 0
623 -2.37 -9.81 17.88 -244.00 45.00 91.00 638.00 -205.00 -1215.00 0
632 -1.74 -11.62 20.59 -239.00 39.00 83.00 638.00 -205.00 -1215.00 0
642 -1.18 -13.91 24.00 -229.00 35.00 75.00 638.00 -205.00 -1215.00 0
651 0.49 -16.63 28.10 -231.00 44.00 79.00 638.00 -205.00 -1215.00 0
660 2.57 -18.92 32.28 -228.00 45.00 82.00 638.00 -205.00 -1215.00 0
669 4.10 -20.17 35.55 -227.00 54.00 82.00 638.00 -205.00 -1215.00 0
678 6.33 -20.66 39.51 -220.00 45.00 77.00 638.00 -205.00 -1215.00 0
688 7.03 -20.24 40.42 -215.00 65.00 90.00 638.00 -205.00 -1215.00 0
697 8.77 -19.97 41.46 -202.00 85.00 80.00 638.00 -205.00 -1215.00 0
706 10.23 -19.90 42.30 -193.00 96.00 77.00 638.00 -205.00 -1215.00 0
716 10.64 -19.41 42.57 -189.00 100.00 78.00 638.00 -205.00 -1215.00 0
726 10.16 -18.64 42.99 -183.00 116.00 88.00 631.00 -253.00 -1334.00 0
735 7.30 -14.40 43.41 -191.00 133.00 95.00 631.00 -253.00 -1334.00 0
744 4.87 -11.41 43.76 -198.00 134.00 98.00 631.00 -253.00 -1334.00 0
753 1.11 -9.32 43.90 -186.00 123.00 86.00 631.00 -253.00 -1334.00 0
762 -3.27 -7.93 44.03 -186.00 101.00 88.00 631.00 -253.00 -1334.00 0
772 -7.17 -6.33 44.73 -186.00 75.00 82.00 631.00 -253.00 -1334.00 0
781 -10.50 -4.38 45.22 -188.00 53.00 81.00 631.00 -253.00 -1334.00 0
790 -14.47 -0.35 43.13 -192.00 57.00 88.00 631.00 -253.00 -1334.00 0
799 -13.70 1.25 41.04 -193.00 73.00 92.00 631.00 -253.00 -1334.00 0
808 -11.90 2.30 38.47 -196.00 81.00 96.00 631.00 -253.00 -1334.00 0
818 -10.09 2.99 35.90 -201.00 91.00 89.00 631.00 -253.00 -1334.00 0
827 -8.07 3.13 33.60 -210.00 109.00 95.00 631.00 -253.00 -1334.00 0
836 -6.05 2.71 31.65 -216.00 120.00 85.00 631.00 -253.00 -1334.00 0
845 -4.17 0.42 28.17 -220.00 124.00 85.00 631.00 -253.00 -1334.00 0
855 -5.22 -0.56 25.88 -222.00 122.00 90.00 631.00 -253.00 -1334.00 0
864 -6.96 -0.97 23.44 -218.00 102.00 93.00 631.00 -253.00 -1334.00 0
873 -9.53 -1.25 20.59 -204.00 84.00 83.00 631.00 -253.00 -1334.00 0
882 -12.52 -1.60 17.11 -200.00 70.00 77.00 631.00 -253.00 -1334.00 0
891 -14.89 -1.95 13.50 -195.00 69.00 82.00 631.00 -253.00 -1334.00 0
901 -17.39 -1.95 5.98 -192.00 62.00 75.00 631.00 -253.00 -1334.00 0
910 -18.02 -1.53 2.09 -190.00 63.00 69.00 631.00 -253.00 -1334.00 0
919 -18.37 -1.04 -1.95 -198.00 75.00 69.00 617.00 -280.00 -1244.00 0
928 -18.16 -0.49 -5.43 -206.00 89.00 78.00 617.00 -280.00 -1244.00 0
937 -17.60 0.07 -7.93 -213.00 91.00 80.00 617.00 -280.00 -1244.00 0
947 -17.39 0.63 -9.81 -215.00 79.00 79.00 617.00 -280.00 -1244.00 0
956 -19.27 1.67 -12.94 -216.00 66.00 83.00 617.00 -280.00 -1244.00 0
965 -20.45 2.37 -14.47 -221.00 65.00 89.00 617.00 -280.00 -1244.00 0
974 -21.36 3.27 -16.14 -217.00 60.00 98.00 617.00 -280.00 -1244.00 0
984 -21.84 3.83 -17.74 -215.00 60.00 99.00 618.00 -264.00 -1211.00 0
993 -21.84 4.03 -19.34 -214.00 64.00 96.00 618.00 -264.00 -1211.00 0
1002 -21.57 3.90 -23.30 -211.00 63.00 103.00 618.00 -264.00 -1211.00 0
1011 -20.73 3.20 -25.67 -215.00 64.00 103.00 618.00 -264.00 -1211.00 0
1021 -20.17 2.57 -28.17 -213.00 70.00 100.00 618.00 -264.00 -1211.00 0
1031 -19.62 1.88 -30.68 -212.00 75.00 99.00 618.00 -264.00 -1211.00 0
1040 -19.34 1.11 -33.32 -212.00 75.00 98.00 618.00 -264.00 -1211.00 0
1049 -19.62 0.49 -35.97 -213.00 71.00 97.00 620.00 -234.00 -1273.00 0
1058 -20.52 -0.90 -40.21 -213.00 73.00 102.00 620.00 -234.00 -1273.00 0
1068 -20.87 -1.95 -41.25 -224.00 68.00 102.00 620.00 -234.00 -1273.00 0
1077 -20.73 -3.20 -41.18 -229.00 67.00 107.00 620.00 -234.00 -1273.00 0
1086 -20.38 -4.80 -40.21 -225.00 67.00 107.00 620.00 -234.00 -1273.00 0
1095 -19.90 -6.61 -38.82 -222.00 66.00 107.00 620.00 -234.00 -1273.00 0
1105 -19.55 -8.28 -35.06 -213.00 59.00 109.00 620.00 -234.00 -1273.00 0
1115 -19.13 -10.99 -33.32 -205.00 60.00 104.00 612.00 -210.00 -1251.00 0
1124 -18.78 -11.97 -31.79 -196.00 62.00 105.00 612.00 -210.00 -1251.00 0
1133 -18.30 -12.73 -30.40 -190.00 64.00 101.00 612.00 -210.00 -1251.00 0
1142 -17.88 -13.08 -29.22 -184.00 66.00 98.00 612.00 -210.00 -1251.00 0
1152 -17.67 -12.87 -28.24 -185.00 68.00 97.00 612.00 -210.00 -1251.00 0
1162 -17.60 -10.99 -26.02 -193.00 67.00 98.00 612.00 -210.00 -1251.00 0
1171 -17.32 -9.60 -24.28 -196.00 64.00 105.00 612.00 -210.00 -1251.00 0
1180 -16.90 -8.14 -22.12 -199.00 61.00 101.00 607.00 -197.00 -1369.00 0
1189 -16.35 -6.61 -19.83 -209.00 55.00 109.00 607.00 -197.00 -1369.00 0
1199 -15.65 -5.29 -17.74 -214.00 51.00 112.00 607.00 -197.00 -1369.00 0
1208 -14.82 -3.69 -14.33 -215.00 54.00 110.00 607.00 -197.00 -1369.00 0
1217 -12.31 -3.48 -13.22 -219.00 61.00 110.00 607.00 -197.00 -1369.00 0
1226 -11.34 -3.62 -12.73 -212.00 64.00 108.00 607.00 -197.00 -1369.00 0
1236 -10.57 -3.97 -12.87 -213.00 69.00 109.00 607.00 -197.00 -1369.00 0
1246 -10.16 -4.45 -13.08 -216.00 69.00 112.00 605.00 -189.00 -1125.00 0
1255 -10.09 -5.01 -13.43 -225.00 63.00 117.00 605.00 -189.00 -1125.00 0
1264 -10.78 -7.58 -13.98 -224.00 64.00 115.00 605.00 -189.00 -1125.00 0
1273 -10.99 -9.67 -13.98 -217.00 62.00 106.00 605.00 -189.00 -1125.00 0
1283 -11.20 -11.97 -13.84 -204.00 61.00 100.00 605.00 -189.00 -1125.00 0
1292 -11.41 -13.98 -13.77 -198.00 60.00 95.00 605.00 -189.00 -1125.00 0
1301 -11.76 -15.23 -13.57 -196.00 53.00 99.00 605.00 -189.00 -1125.00 0
1311 -12.24 -15.30 -13.57 -202.00 39.00 102.00 599.00 -179.00 -1059.00 0
1320 -15.17 -13.70 -13.29 -199.00 37.00 107.00 599.00 -179.00 -1059.00 0
1330 -16.42 -12.73 -13.91 -198.00 37.00 108.00 599.00 -179.00 -1059.00 0
1339 -17.39 -11.97 -14.75 -200.00 42.00 113.00 599.00 -179.00 -1059.00 0
1348 -17.60 -11.34 -15.10 -203.00 44.00 117.00 599.00 -179.00 -1059.00 0
1357 -17.95 -11.13 -15.17 -209.00 43.00 121.00 599.00 -179.00 -1059.00 0
1368 -19.69 -12.17 -15.79 -207.00 40.00 124.00 599.00 -179.00 -1059.00 0
1377 -20.45 -14.26 -16.28 -197.00 29.00 121.00 591.00 -165.00 -1407.00 0
1386 -21.57 -17.11 -16.90 -179.00 17.00 120.00 591.00 -165.00 -1407.00 0
1395 -23.03 -20.45 -18.37 -160.00 4.00 113.00 591.00 -165.00 -1407.00 0
1404 -24.35 -24.00 -20.31 -150.00 0.00 114.00 591.00 -165.00 -1407.00 0
1414 -26.09 -30.68 -25.67 -149.00 -9.00 117.00 591.00 -165.00 -1407.00 0
1423 -27.06 -33.67 -29.70 -150.00 -32.00 119.00 591.00 -165.00 -1407.00 0
1433 -28.52 -37.43 -35.34 -158.00 -46.00 107.00 591.00 -165.00 -1407.00 0
1442 -30.05 -41.67 -41.95 -178.00 32.00 107.00 572.00 -140.00 -1238.00 0
1452 -28.24 -46.12 -46.33 -193.00 89.00 105.00 572.00 -140.00 -1238.00 0
1461 -23.37 -54.96 -48.21 -202.00 93.00 141.00 572.00 -140.00 -1238.00 0
1470 -26.99 -61.43 -48.97 -216.00 44.00 100.00 572.00 -140.00 -1238.00 1
1482 -34.16 -72.56 -51.13 -200.00 26.00 24.00 572.00 -140.00 -1238.00 1
1492 -44.24 -99.55 -55.86 -298.00 6.00 132.00 572.00 -140.00 -1238.00 1
1504 -43.34 -109.84 -51.20 -379.00 16.00 232.00 572.00 -140.00 -1238.00 1
1514 -33.39 -102.33 -37.63 -318.00 20.00 246.00 522.00 -113.00 -1201.00 1
1524 -16.28 -72.07 -9.95 -201.00 42.00 143.00 522.00 -113.00 -1201.00 1
1534 -13.29 -65.53 -1.67 -172.00 27.00 126.00 522.00 -113.00 -1201.00 1
1545 -11.62 -59.69 4.94 -194.00 -2.00 145.00 522.00 -113.00 -1201.00 1
1555 -11.55 -53.01 9.25 -203.00 -1.00 166.00 522.00 -113.00 -1201.00 1
1565 -7.79 -42.85 16.90 -178.00 6.00 133.00 522.00 -113.00 -1201.00 0
1574 -4.66 -40.42 20.31 -151.00 2.00 108.00 507.00 -125.00 -1213.00 0
1584 -1.95 -39.79 21.77 -133.00 -17.00 106.00 507.00 -125.00 -1213.00 0
1593 -0.77 -38.40 20.52 -137.00 -45.00 105.00 507.00 -125.00 -1213.00 0
1602 -1.04 -35.55 17.11 -132.00 -38.00 104.00 507.00 -125.00 -1213.00 0
1611 4.24 -26.92 9.18 -143.00 -8.00 102.00 507.00 -125.00 -1213.00 0
1620 9.95 -21.22 6.89 -147.00 8.00 111.00 507.00 -125.00 -1213.00 0
1630 16.00 -14.05 6.40 -154.00 27.00 134.00 507.00 -125.00 -1213.00 0
1640 22.19 -5.77 8.07 -180.00 39.00 139.00 511.00 -139.00 -1275.00 0
1649 27.41 3.20 11.48 -184.00 45.00 138.00 511.00 -139.00 -1275.00 0
1658 30.89 11.20 18.71 -191.00 51.00 133.00 511.00 -139.00 -1275.00 0
1668 34.85 23.79 22.12 -199.00 63.00 127.00 511.00 -139.00 -1275.00 0
1677 36.73 29.22 26.37 -209.00 81.00 136.00 511.00 -139.00 -1275.00 0
1686 38.26 34.85 31.44 -210.00 71.00 148.00 511.00 -139.00 -1275.00 0
1695 37.57 40.56 36.31 -208.00 47.00 139.00 511.00 -139.00 -1275.00 0
1705 35.06 46.40 40.35 -195.00 36.00 132.00 546.00 -177.00 -1178.00 0
1715 29.29 57.39 45.22 -190.00 40.00 127.00 546.00 -177.00 -1178.00 0
1724 27.20 62.68 46.47 -179.00 61.00 112.00 546.00 -177.00 -1178.00 0
1733 25.67 68.31 47.72 -178.00 69.00 111.00 546.00 -177.00 -1178.00 0
1742 24.35 74.85 49.67 -193.00 65.00 125.00 546.00 -177.00 -1178.00 0
1752 22.33 82.50 51.97 -208.00 40.00 130.00 546.00 -177.00 -1178.00 0
1762 16.35 96.90 55.65 -212.00 31.00 136.00 546.00 -177.00 -1178.00 0
1771 14.96 100.94 56.90 -215.00 39.00 137.00 593.00 -212.00 -1164.00 0
1780 15.03 102.33 57.81 -203.00 48.00 134.00 593.00 -212.00 -1164.00 0
1789 16.42 101.29 58.99 -196.00 61.00 118.00 593.00 -212.00 -1164.00 0
1799 17.88 98.92 59.48 -192.00 73.00 114.00 593.00 -212.00 -1164.00 0
1808 19.69 90.71 60.31 -193.00 89.00 114.00 593.00 -212.00 -1164.00 0
1818 22.47 86.05 60.24 -189.00 64.00 108.00 593.00 -212.00 -1164.00 0
1827 22.61 79.79 59.97 -193.00 71.00 111.00 593.00 -212.00 -1164.00 0
1837 23.51 73.74 59.20 -215.00 80.00 114.00 615.00 -253.00 -1171.00 0
1846 23.17 69.50 56.97 -213.00 88.00 129.00 615.00 -253.00 -1171.00 0
1855 21.50 65.25 52.87 -219.00 84.00 126.00 615.00 -253.00 -1171.00 0
1864 14.75 55.10 40.63 -221.00 80.00 116.00 615.00 -253.00 -1171.00 0
1874 11.13 48.49 33.88 -218.00 78.00 114.00 615.00 -253.00 -1171.00 0
1884 8.14 41.18 27.41 -207.00 78.00 106.00 615.00 -253.00 -1171.00 0
1893 5.15 34.02 21.01 -196.00 83.00 95.00 615.00 -253.00 -1171.00 0
1902 2.23 27.41 14.40 -193.00 91.00 88.00 619.00 -257.00 -1035.00 0
1911 -2.99 16.00 1.18 -187.00 91.00 85.00 619.00 -257.00 -1035.00 0
1921 -5.84 11.41 -5.50 -189.00 90.00 77.00 619.00 -257.00 -1035.00 0
1930 -8.42 7.65 -11.27 -196.00 79.00 78.00 619.00 -257.00 -1035.00 0
1939 -10.23 5.01 -15.93 -214.00 84.00 88.00 619.00 -257.00 -1035.00 0
1948 -11.55 3.62 -19.62 -222.00 90.00 95.00 619.00 -257.00 -1035.00 0
1957 -12.17 2.92 -21.84 -223.00 94.00 93.00 619.00 -257.00 -1035.00 0
1967 -12.31 1.60 -21.63 -218.00 85.00 85.00 618.00 -237.00 -1099.00 0
1976 -12.31 1.18 -20.03 -218.00 83.00 90.00 618.00 -237.00 -1099.00 0
1986 -12.10 0.97 -17.88 -221.00 76.00 94.00 618.00 -237.00 -1099.00 0
1995 -11.97 0.90 -15.72 -223.00 70.00 95.00 618.00 -237.00 -1099.00 0
2004 -11.97 0.83 -13.91 -218.00 66.00 94.00 618.00 -237.00 -1099.00 0
2014 -11.83 0.56 -12.52 -217.00 64.00 92.00 618.00 -237.00 -1099.00 0
2023 -10.99 -0.14 -10.43 -217.00 61.00 96.00 618.00 -237.00 -1099.00 0
2032 -10.37 -0.49 -9.81 -219.00 64.00 96.00 622.00 -233.00 -1115.00 0
2041 -9.53 -1.04 -9.32 -217.00 64.00 93.00 622.00 -233.00 -1115.00 0
2051 -8.70 -1.74 -8.77 -215.00 67.00 93.00 622.00 -233.00 -1115.00 0
2060 -7.79 -2.64 -7.79 -215.00 66.00 94.00 622.00 -233.00 -1115.00 0
2069 -6.75 -3.62 -5.01 -212.00 69.00 93.00 622.00 -233.00 -1115.00 0
2078 -4.80 -5.36 -3.76 -208.00 77.00 89.00 622.00 -233.00 -1115.00 0
2087 -4.10 -6.05 -2.71 -209.00 70.00 84.00 622.00 -233.00 -1115.00 0
2097 -4.10 -6.40 -2.02 -206.00 66.00 88.00 622.00 -234.00 -1039.00 0
2106 -4.45 -6.40 -2.02 -207.00 69.00 87.00 614.00 -234.00 -1039.00 0
2115 -4.73 -6.40 -2.50 -205.00 71.00 89.00 614.00 -234.00 -1039.00 0
2124 -5.08 -6.26 -3.13 -207.00 75.00 89.00 614.00 -234.00 -1039.00 0
2134 -5.98 -5.63 -4.73 -207.00 69.00 92.00 614.00 -234.00 -1039.00 0
2143 -6.75 -5.43 -5.57 -201.00 71.00 89.00 614.00 -234.00 -1039.00 0
2152 -7.51 -5.15 -6.33 -204.00 72.00 93.00 614.00 -234.00 -1039.00 0
2161 -8.00 -4.80 -6.68 -206.00 75.00 94.00 614.00 -234.00 -1039.00 0
2170 -8.35 -4.38 -6.96 -204.00 71.00 96.00 614.00 -234.00 -1039.00 0
2180 -8.63 -3.97 -7.03 -204.00 72.00 98.00 614.00 -234.00 -1039.00 0
2189 -8.83 -3.13 -7.17 -208.00 70.00 100.00 614.00 -234.00 -1039.00 0
2198 -8.97 -2.64 -7.30 -215.00 74.00 103.00 614.00 -234.00 -1039.00 0
2207 -9.25 -2.23 -7.51 -215.00 71.00 103.00 614.00 -234.00 -1039.00 0
2216 -9.53 -2.23 -7.86 -216.00 74.00 103.00 614.00 -234.00 -1039.00 0
2226 -10.02 -2.50 -8.63 -211.00 73.00 103.00 614.00 -234.00 -1039.00 0
2235 -10.64 -2.99 -10.99 -209.00 73.00 101.00 614.00 -234.00 -1039.00 0
2244 -12.03 -4.24 -12.45 -204.00 70.00 102.00 614.00 -234.00 -1039.00 0
2253 -12.80 -4.66 -13.77 -203.00 65.00 104.00 614.00 -234.00 -1039.00 0
2263 -13.63 -4.87 -15.10 -205.00 65.00 104.00 614.00 -234.00 -1039.00 0
2272 -14.26 -5.15 -16.28 -202.00 63.00 98.00 614.00 -234.00 -1039.00 0
2282 -14.61 -5.63 -17.25 -199.00 66.00 101.00 614.00 -234.00 -1039.00 0
2291 -14.82 -6.61 -18.16 -202.00 69.00 100.00 614.00 -234.00 -1039.00 0
2300 -16.35 -6.40 -18.85 -205.00 56.00 103.00 611.00 -207.00 -1150.00 0
2310 -17.95 -5.84 -19.27 -202.00 54.00 111.00 611.00 -207.00 -1150.00 0
2319 -18.92 -6.12 -19.83 -197.00 45.00 108.00 611.00 -207.00 -1150.00 0
2328 -19.20 -7.37 -20.38 -195.00 43.00 118.00 611.00 -207.00 -1150.00 0
2337 -19.55 -10.78 -22.89 -190.00 45.00 114.00 611.00 -207.00 -1150.00 0
2347 -20.17 -13.01 -24.42 -180.00 37.00 113.00 611.00 -207.00 -1150.00 0
2357 -20.38 -15.65 -26.30 -171.00 34.00 111.00 611.00 -207.00 -1150.00 0
2366 -20.38 -18.71 -28.24 -168.00 17.00 124.00 607.00 -190.00 -1246.00 0
2375 -20.52 -21.98 -30.75 -168.00 2.00 127.00 607.00 -190.00 -1246.00 0
2384 -21.15 -26.02 -34.23 -179.00 -4.00 107.00 607.00 -190.00 -1246.00 0
2394 -20.59 -39.03 -42.37 -164.00 1.00 131.00 607.00 -190.00 -1246.00 0
2403 -20.17 -48.00 -45.98 -183.00 21.00 135.00 607.00 -190.00 -1246.00 0
2413 -20.73 -58.71 -50.16 -196.00 53.00 131.00 607.00 -190.00 -1246.00 0
2422 -22.47 -76.73 -55.30 -205.00 113.00 102.00 607.00 -190.00 -1246.00 0
2432 -24.63 -108.31 -60.17 -195.00 102.00 62.00 556.00 -155.00 -1217.00 0
2441 -34.99 -191.03 -68.52 -143.00 62.00 63.00 556.00 -155.00 -1217.00 0
2450 -46.61 -219.20 -73.18 -108.00 -19.00 31.00 556.00 -155.00 -1217.00 1
2461 -61.36 -231.58 -78.82 -210.00 40.00 -10.00 556.00 -155.00 -1217.00 1
2471 -68.87 -235.55 -81.46 -385.00 -141.00 255.00 556.00 -155.00 -1217.00 1
2482 -62.33 -202.85 -65.67 -431.00 -7.00 488.00 556.00 -155.00 -1217.00 1
2493 -40.49 -162.99 -47.86 -264.00 -1.00 330.00 455.00 -106.00 -1234.00 1
2503 -23.86 -133.77 -32.77 -92.00 73.00 177.00 455.00 -106.00 -1234.00 1
2513 -2.50 -108.24 -14.26 -104.00 69.00 141.00 455.00 -106.00 -1234.00 1
2525 -4.24 -92.31 -10.85 -130.00 8.00 171.00 455.00 -106.00 -1234.00 1
2535 -11.06 -73.39 -8.63 -177.00 -6.00 200.00 455.00 -106.00 -1234.00 1
2545 -14.19 -36.45 -1.81 -150.00 -21.00 160.00 455.00 -106.00 -1234.00 1
2555 -11.76 -24.49 0.63 -188.00 0.00 99.00 455.00 -106.00 -1234.00 1
2566 -4.10 -13.29 4.45 -99.00 -2.00 112.00 455.00 -106.00 -1234.00 0
2575 10.30 -3.41 8.21 -112.00 25.00 113.00 455.00 -106.00 -1234.00 0
2584 15.79 4.66 10.02 -131.00 16.00 122.00 455.00 -106.00 -1234.00 0
2593 19.13 13.01 11.13 -144.00 28.00 144.00 455.00 -106.00 -1234.00 0
2603 21.77 18.50 11.41 -152.00 4.00 141.00 455.00 -106.00 -1234.00 0
2612 22.47 22.89 11.20 -161.00 6.00 152.00 455.00 -106.00 -1234.00 0
2622 23.86 26.92 11.34 -165.00 14.00 160.00 455.00 -135.00 -1191.00 0
2631 26.16 32.21 10.37 -177.00 31.00 175.00 472.00 -135.00 -1191.00 0
2640 25.95 34.02 9.25 -152.00 17.00 185.00 472.00 -135.00 -1191.00 0
2650 24.49 34.99 8.00 -210.00 59.00 182.00 472.00 -135.00 -1191.00 0
2659 23.65 34.64 6.82 -213.00 59.00 179.00 472.00 -135.00 -1191.00 0
2668 21.22 32.21 5.22 -201.00 60.00 182.00 472.00 -135.00 -1191.00 0
2677 15.03 27.27 4.38 -203.00 57.00 163.00 472.00 -135.00 -1191.00 0
2686 10.78 25.95 5.15 -201.00 56.00 163.00 472.00 -150.00 -1258.00 0
2697 7.79 25.95 7.86 -204.00 42.00 166.00 492.00 -150.00 -1258.00 0
2706 5.43 27.90 11.62 -203.00 27.00 166.00 492.00 -150.00 -1258.00 0
2715 3.34 30.89 15.44 -195.00 17.00 167.00 492.00 -150.00 -1258.00 0
2724 2.02 34.50 19.06 -193.00 10.00 155.00 492.00 -150.00 -1258.00 0
2734 1.53 41.53 24.21 -181.00 10.00 149.00 492.00 -150.00 -1258.00 0
2743 2.57 44.73 25.95 -180.00 27.00 131.00 492.00 -150.00 -1258.00 0
2752 5.29 47.72 27.97 -180.00 55.00 140.00 492.00 -150.00 -1258.00 0
2761 9.39 50.57 30.96 -183.00 48.00 134.00 492.00 -150.00 -1258.00 0
2770 12.45 53.84 34.09 -190.00 46.00 120.00 492.00 -150.00 -1258.00 0
2781 16.42 61.70 40.00 -181.00 35.00 127.00 492.00 -150.00 -1258.00 0
2790 19.06 66.16 42.85 -180.00 41.00 134.00 492.00 -150.00 -1258.00 0
2799 20.80 71.79 44.66 -188.00 28.00 128.00 492.00 -150.00 -1258.00 0
2808 20.24 78.89 44.73 -188.00 39.00 131.00 492.00 -150.00 -1258.00 0
2818 20.24 84.38 45.08 -183.00 72.00 134.00 492.00 -150.00 -1258.00 0
2827 22.12 87.17 45.57 -179.00 77.00 128.00 492.00 -150.00 -1258.00 0
2837 24.28 88.83 45.15 -166.00 84.00 130.00 492.00 -150.00 -1258.00 0
2846 22.05 87.79 43.55 -159.00 73.00 112.00 492.00 -150.00 -1258.00 0
2855 16.28 89.25 40.49 -158.00 63.00 104.00 492.00 -150.00 -1258.00 0
2865 9.25 93.01 37.43 -172.00 67.00 108.00 492.00 -150.00 -1258.00 0
2874 2.78 98.78 35.06 -187.00 41.00 111.00 492.00 -150.00 -1258.00 0
2883 -9.25 109.01 29.77 -193.00 34.00 117.00 492.00 -150.00 -1258.00 0
2892 -11.34 108.94 29.01 -196.00 49.00 115.00 492.00 -150.00 -1258.00 0
2903 -10.64 106.99 30.33 -195.00 45.00 112.00 492.00 -150.00 -1258.00 0
2912 -8.97 103.51 31.58 -190.00 43.00 114.00 492.00 -150.00 -1258.00 0
2921 -7.23 98.37 31.65 -185.00 47.00 102.00 492.00 -150.00 -1258.00 0
2930 -4.66 88.49 27.48 -179.00 56.00 102.00 492.00 -150.00 -1258.00 0
2939 -3.27 84.31 24.28 -182.00 59.00 98.00 492.00 -150.00 -1258.00 0
2949 -2.30 80.21 20.24 -179.00 57.00 99.00 492.00 -150.00 -1258.00 0
2958 -2.43 75.90 15.58 -187.00 56.00 90.00 492.00 -150.00 -1258.00 0
2967 -2.71 71.86 11.55 -192.00 59.00 84.00 492.00 -150.00 -1258.00 0
2976 -2.50 67.62 8.21 -209.00 66.00 95.00 492.00 -150.00 -1258.00 0
2987 -0.83 59.62 4.45 -240.00 74.00 102.00 492.00 -150.00 -1258.00 0
2996 0.35 54.68 3.90 -248.00 81.00 89.00 492.00 -150.00 -1258.00 0
3005 1.53 48.83 3.90 -251.00 74.00 91.00 492.00 -150.00 -1258.00 0
3014 2.16 42.99 3.69 -249.00 77.00 86.00 492.00 -150.00 -1258.00 0
3023 2.30 37.36 3.34 -233.00 79.00 79.00 492.00 -150.00 -1258.00 0
3033 2.43 31.79 3.06 -224.00 85.00 77.00 492.00 -150.00 -1258.00 0
3042 2.09 22.82 1.74 -218.00 83.00 77.00 492.00 -150.00 -1258.00 0
3051 1.39 19.83 0.77 -219.00 77.00 78.00 492.00 -150.00 -1258.00 0
3060 0.49 17.74 -0.28 -217.00 74.00 72.00 492.00 -150.00 -1258.00 0
3069 -0.21 15.93 -1.11 -220.00 80.00 76.00 492.00 -150.00 -1258.00 0
3079 -0.70 14.75 -1.39 -221.00 79.00 75.00 492.00 -150.00 -1258.00 0
3088 -1.11 13.98 -1.32 -229.00 75.00 80.00 492.00 -150.00 -1258.00 0
3097 -2.23 12.73 0.00 -235.00 77.00 80.00 492.00 -150.00 -1258.00 0
3106 -2.37 11.90 1.25 -236.00 77.00 86.00 492.00 -150.00 -1258.00 0
3116 -2.30 10.50 2.50 -230.00 79.00 80.00 492.00 -150.00 -1258.00 0
3125 -2.50 8.63 3.41 -221.00 68.00 77.00 492.00 -150.00 -1258.00 0
3134 -3.27 6.47 3.55 -222.00 68.00 75.00 492.00 -150.00 -1258.00 0
3143 -4.24 4.24 2.99 -220.00 66.00 75.00 492.00 -150.00 -1258.00 0
3152 -5.29 0.49 0.97 -214.00 64.00 75.00 492.00 -150.00 -1258.00 0
3162 -5.84 -0.83 -0.21 -217.00 65.00 73.00 492.00 -150.00 -1258.00 0
3171 -5.91 -1.74 -0.97 -214.00 70.00 73.00 492.00 -150.00 -1258.00 0
3180 -5.84 -2.37 -1.46 -215.00 64.00 71.00 492.00 -150.00 -1258.00 0
3189 -5.91 -2.85 -1.67 -220.00 70.00 67.00 492.00 -150.00 -1258.00 0
3198 -5.84 -3.20 -1.53 -219.00 68.00 71.00 492.00 -150.00 -1258.00 0
3208 -5.70 -3.34 -0.35 -223.00 66.00 72.00 492.00 -150.00 -1258.00 0
3217 -5.77 -3.55 0.14 -219.00 64.00 72.00 636.00 -228.00 -1125.00 0
3226 -5.77 -3.76 0.42 -220.00 63.00 72.00 636.00 -228.00 -1125.00 0
3235 -5.63 -4.10 0.42 -214.00 66.00 69.00 636.00 -228.00 -1125.00 0
3245 -5.22 -4.38 0.42 -214.00 70.00 70.00 636.00 -228.00 -1125.00 0
3254 -4.73 -4.52 0.21 -214.00 64.00 74.00 636.00 -228.00 -1125.00 0
3263 -4.66 -4.80 -1.25 -211.00 64.00 72.00 636.00 -228.00 -1125.00 0
3272 -4.45 -4.87 -1.81 -209.00 63.00 71.00 636.00 -228.00 -1125.00 0
3281 -4.03 -4.66 -2.02 -215.00 66.00 77.00 635.00 -229.00 -1222.00 0
3290 -3.55 -4.24 -2.02 -221.00 67.00 74.00 635.00 -229.00 -1222.00 0
3299 -3.13 -3.83 -2.02 -225.00 75.00 75.00 635.00 -229.00 -1222.00 0
3308 -2.78 -3.62 -1.88 -224.00 75.00 78.00 635.00 -229.00 -1222.00 0
3317 -2.50 -3.97 -1.60 -220.00 73.00 79.00 635.00 -229.00 -1222.00 0
3326 -2.57 -4.31 -1.53 -219.00 73.00 74.00 635.00 -229.00 -1222.00 0
3336 -2.78 -4.52 -1.53 -213.00 74.00 74.00 635.00 -229.00 -1222.00 0
3345 -3.06 -4.59 -1.67 -211.00 72.00 75.00 634.00 -228.00 -1197.00 0
3354 -3.41 -4.45 -1.60 -208.00 74.00 72.00 634.00 -228.00 -1197.00 0
3363 -3.55 -4.17 -1.53 -206.00 74.00 73.00 634.00 -228.00 -1197.00 0
3373 -3.83 -3.06 -1.25 -206.00 73.00 75.00 634.00 -228.00 -1197.00 0
3382 -3.83 -2.23 -0.90 -206.00 75.00 76.00 634.00 -228.00 -1197.00 0
3391 -3.90 -1.53 -0.56 -209.00 76.00 79.00 634.00 -228.00 -1197.00 0
3400 -3.90 -0.63 -0.14 -214.00 76.00 89.00 634.00 -228.00 -1197.00 0
3409 -4.17 0.28 -0.07 -227.00 75.00 91.00 635.00 -230.00 -1193.00 0
3419 -4.66 0.63 -0.35 -227.00 75.00 94.00 635.00 -230.00 -1193.00 0
3428 -5.57 -0.70 -1.46 -219.00 71.00 98.00 635.00 -230.00 -1193.00 0
3437 -5.98 -2.43 -2.23 -206.00 73.00 93.00 635.00 -230.00 -1193.00 0
3446 -6.47 -4.52 -2.99 -193.00 70.00 96.00 635.00 -230.00 -1193.00 0
3456 -6.89 -6.68 -3.97 -186.00 65.00 99.00 635.00 -230.00 -1193.00 0
3465 -7.17 -8.77 -4.87 -183.00 63.00 103.00 635.00 -230.00 -1193.00 0
3474 -7.23 -10.85 -5.77 -179.00 55.00 113.00 635.00 -230.00 -1193.00 0
3484 -7.44 -16.21 -8.63 -192.00 46.00 116.00 635.00 -230.00 -1193.00 0
3493 -7.23 -22.05 -11.62 -196.00 37.00 111.00 635.00 -230.00 -1193.00 0
3503 -6.61 -31.51 -15.93 -215.00 43.00 113.00 635.00 -230.00 -1193.00 0
3512 -5.50 -43.55 -21.15 -225.00 47.00 118.00 635.00 -230.00 -1193.00 0
3521 -4.31 -59.62 -27.13 -230.00 53.00 114.00 635.00 -230.00 -1193.00 0
3530 -3.27 -78.33 -41.39 -237.00 53.00 123.00 635.00 -230.00 -1193.00 0
3539 -3.06 -115.97 -50.37 -239.00 58.00 126.00 635.00 -230.00 -1193.00 0
3549 -5.70 -134.40 -60.38 -237.00 84.00 131.00 635.00 -230.00 -1193.00 0
3559 -9.67 -154.16 -71.17 -226.00 91.00 132.00 635.00 -230.00 -1193.00 0
3568 -17.32 -174.54 -82.57 -172.00 99.00 193.00 635.00 -230.00 -1193.00 0
3577 -28.38 -193.88 -93.50 -170.00 88.00 159.00 635.00 -230.00 -1193.00 0
3587 -56.83 -217.88 -106.37 -179.00 117.00 121.00 635.00 -230.00 -1193.00 0
3597 -69.36 -219.20 -106.57 -141.00 12.00 66.00 635.00 -230.00 -1193.00 0
3606 -84.17 -216.49 -106.30 -86.00 -38.00 69.00 379.00 -109.00 -1309.00 1
3616 -94.19 -206.61 -104.97 -145.00 -8.00 -45.00 485.00 -109.00 -1309.00 1
3627 -95.79 -172.17 -95.58 -200.00 -73.00 105.00 485.00 -109.00 -1309.00 1
3637 -91.76 -148.52 -86.05 -287.00 -66.00 258.00 485.00 -109.00 -1309.00 1
3648 -76.80 -115.13 -70.75 -260.00 -11.00 263.00 485.00 -109.00 -1309.00 1
3658 -38.05 -58.37 -40.00 -194.00 7.00 173.00 485.00 -109.00 -1309.00 1
3668 -24.49 -41.46 -29.36 -151.00 0.00 153.00 485.00 -109.00 -1309.00 1
3679 -15.86 -28.03 -21.57 -163.00 -25.00 163.00 485.00 -109.00 -1309.00 1
3690 -12.31 -5.29 -14.61 -173.00 -32.00 161.00 485.00 -109.00 -1309.00 1
3700 -9.74 1.39 -13.29 -156.00 -18.00 152.00 485.00 -109.00 -1309.00 1
3710 -5.63 4.17 -12.80 -142.00 6.00 136.00 485.00 -109.00 -1309.00 1
3720 -0.35 4.03 -12.03 -133.00 8.00 122.00 485.00 -109.00 -1309.00 0
3729 6.33 4.59 -9.67 -150.00 6.00 121.00 485.00 -109.00 -1309.00 0
3738 9.18 6.68 -7.65 -160.00 4.00 130.00 483.00 -105.00 -1233.00 0
3747 12.73 8.56 -5.70 -182.00 18.00 143.00 483.00 -105.00 -1233.00 0
3757 16.97 10.78 -3.13 -196.00 13.00 164.00 483.00 -105.00 -1233.00 0
3766 21.08 13.29 0.07 -209.00 11.00 175.00 483.00 -105.00 -1233.00 0
3776 24.21 17.60 6.82 -205.00 8.00 177.00 483.00 -105.00 -1233.00 0
3785 27.83 18.50 9.67 -204.00 5.00 173.00 483.00 -105.00 -1233.00 0
3794 27.90 18.85 11.27 -198.00 1.00 163.00 483.00 -105.00 -1233.00 0
3804 27.83 18.85 12.45 -193.00 12.00 167.00 499.00 -125.00 -1245.00 0
3813 28.59 18.78 13.43 -199.00 24.00 162.00 499.00 -125.00 -1245.00 0
3822 29.43 18.16 13.98 -196.00 42.00 165.00 499.00 -125.00 -1245.00 0
3831 31.51 16.49 15.23 -199.00 53.00 166.00 499.00 -125.00 -1245.00 0
3841 32.21 16.14 16.97 -206.00 65.00 173.00 499.00 -125.00 -1245.00 0
3851 32.21 16.07 19.55 -200.00 57.00 173.00 499.00 -125.00 -1245.00 0
3860 30.82 16.56 22.68 -204.00 41.00 159.00 499.00 -125.00 -1245.00 0
3869 28.52 17.04 25.74 -208.00 45.00 149.00 512.00 -155.00 -1267.00 0
3878 27.62 19.83 33.81 -225.00 63.00 168.00 512.00 -155.00 -1267.00 0
3888 29.36 22.33 39.23 -224.00 56.00 173.00 512.00 -155.00 -1267.00 0
3897 29.36 25.11 43.83 -215.00 41.00 171.00 512.00 -155.00 -1267.00 0
3907 28.03 27.97 47.10 -196.00 26.00 161.00 512.00 -155.00 -1267.00 0
3916 25.32 30.82 48.56 -183.00 29.00 142.00 512.00 -155.00 -1267.00 0
3926 22.61 34.09 47.44 -174.00 43.00 126.00 512.00 -155.00 -1267.00 0
3935 20.73 39.65 46.82 -170.00 70.00 129.00 533.00 -184.00 -1167.00 0
3944 21.98 41.74 46.96 -183.00 90.00 120.00 533.00 -184.00 -1167.00 0
3953 22.26 43.83 47.65 -193.00 117.00 114.00 533.00 -184.00 -1167.00 0
3963 22.19 46.12 49.95 -198.00 108.00 132.00 533.00 -184.00 -1167.00 0
3973 20.38 49.67 53.50 -197.00 71.00 128.00 533.00 -184.00 -1167.00 0
3982 7.79 59.83 58.64 -189.00 43.00 132.00 533.00 -184.00 -1167.00 0
3991 0.77 65.25 58.78 -183.00 31.00 134.00 533.00 -184.00 -1167.00 0
4000 -5.43 69.63 56.63 -174.00 34.00 134.00 563.00 -207.00 -1277.00 0
4009 -10.16 73.32 53.29 -173.00 37.00 136.00 563.00 -207.00 -1277.00 0
4019 -13.29 75.48 49.46 -174.00 53.00 140.00 563.00 -207.00 -1277.00 0
4029 -17.04 76.10 41.53 -175.00 55.00 132.00 563.00 -207.00 -1277.00 0
4038 -18.16 75.34 39.23 -177.00 55.00 133.00 563.00 -207.00 -1277.00 0
4047 -17.95 73.81 39.10 -174.00 55.00 129.00 563.00 -207.00 -1277.00 0
4057 -17.39 71.93 39.93 -170.00 43.00 121.00 563.00 -207.00 -1277.00 0
4066 -17.67 70.54 40.70 -169.00 36.00 109.00 594.00 -223.00 -962.00 0
4075 -17.81 69.84 41.53 -168.00 30.00 103.00 594.00 -223.00 -962.00 0
4085 -15.17 73.60 44.31 -176.00 36.00 102.00 594.00 -223.00 -962.00 0
4094 -12.31 78.68 45.36 -178.00 42.00 109.00 594.00 -223.00 -962.00 0
4104 -9.81 83.90 45.22 -177.00 89.00 159.00 594.00 -223.00 -962.00 0
4113 -5.91 86.19 43.97 -186.00 60.00 94.00 594.00 -223.00 -962.00 0
4122 -3.06 82.71 42.50 -174.00 67.00 109.00 594.00 -223.00 -962.00 0
4131 -2.23 76.38 36.45 -183.00 62.00 101.00 594.00 -239.00 -1158.00 0
4141 -2.57 73.67 32.77 -175.00 62.00 96.00 616.00 -239.00 -1158.00 0
4150 -3.76 70.54 28.24 -177.00 63.00 98.00 616.00 -239.00 -1158.00 0
4159 -4.94 66.85 23.44 -184.00 55.00 94.00 616.00 -239.00 -1158.00 0
4168 -5.77 62.82 18.23 -182.00 53.00 96.00 616.00 -239.00 -1158.00 0
4177 -6.33 57.32 12.38 -187.00 58.00 95.00 616.00 -239.00 -1158.00 0
4187 -4.80 46.12 2.30 -195.00 69.00 94.00 616.00 -239.00 -1158.00 0
4196 -2.85 42.37 -0.42 -195.00 80.00 78.00 616.00 -239.00 -1158.00 0
4205 -1.18 38.89 -2.57 -212.00 98.00 77.00 616.00 -239.00 -1158.00 0
4214 0.70 35.83 -3.69 -226.00 96.00 82.00 616.00 -239.00 -1158.00 0
4224 1.53 33.32 -4.17 -236.00 89.00 88.00 616.00 -239.00 -1158.00 0
4233 1.74 31.10 -4.31 -230.00 84.00 84.00 616.00 -239.00 -1158.00 0
4242 0.35 25.46 -5.77 -224.00 80.00 85.00 616.00 -239.00 -1158.00 0
4251 -0.63 22.26 -7.37 -221.00 85.00 79.00 616.00 -239.00 -1158.00 0
4260 -1.46 19.27 -8.97 -222.00 95.00 80.00 616.00 -239.00 -1158.00 0
4270 -1.74 16.63 -10.16 -218.00 81.00 88.00 616.00 -239.00 -1158.00 0
4280 -2.37 14.40 -10.99 -222.00 72.00 84.00 616.00 -239.00 -1158.00 0
4289 -3.90 12.45 -12.31 -221.00 71.00 83.00 616.00 -239.00 -1158.00 0
4298 -5.57 9.25 -13.91 -219.00 72.00 93.00 616.00 -239.00 -1158.00 0
4307 -5.50 7.72 -13.70 -216.00 72.00 83.00 616.00 -239.00 -1158.00 0
4317 -4.87 6.19 -12.80 -220.00 82.00 78.00 616.00 -239.00 -1158.00 0
4326 -3.76 4.73 -11.27 -229.00 95.00 79.00 616.00 -239.00 -1158.00 0
4335 -2.23 3.41 -8.97 -221.00 93.00 77.00 630.00 -232.00 -1211.00 0
4344 -1.25 2.30 -6.68 -223.00 89.00 77.00 630.00 -232.00 -1211.00 0
4354 -1.53 0.97 -3.83 -222.00 81.00 81.00 630.00 -232.00 -1211.00 0
4363 -2.43 0.56 -3.34 -221.00 75.00 83.00 630.00 -232.00 -1211.00 0
4372 -3.34 0.21 -3.48 -220.00 70.00 85.00 630.00 -232.00 -1211.00 0
4381 -4.10 -0.28 -3.90 -221.00 69.00 84.00 630.00 -232.00 -1211.00 0
4390 -4.59 -0.97 -4.59 -216.00 70.00 85.00 630.00 -232.00 -1211.00 0
4400 -4.87 -1.88 -5.22 -213.00 71.00 83.00 630.00 -232.00 -1211.00 0
4409 -5.01 -3.48 -5.84 -212.00 66.00 80.00 630.00 -232.00 -1211.00 0
4418 -4.94 -3.97 -5.91 -210.00 66.00 74.00 630.00 -232.00 -1211.00 0
4427 -4.80 -3.90 -5.70 -211.00 66.00 74.00 630.00 -232.00 -1211.00 0
4436 -4.38 -3.55 -5.43 -216.00 69.00 78.00 630.00 -232.00 -1211.00 0
4446 -3.97 -2.92 -4.87 -223.00 73.00 83.00 630.00 -232.00 -1211.00 0
4454 -3.48 -2.43 -4.10 -218.00 66.00 85.00 630.00 -232.00 -1211.00 0
4463 -2.99 -2.02 -2.99 -218.00 66.00 82.00 632.00 -228.00 -1115.00 0
4472 -2.85 -2.09 -2.92 -216.00 70.00 82.00 632.00 -228.00 -1115.00 0
4482 -2.64 -2.43 -3.13 -217.00 72.00 82.00 632.00 -228.00 -1115.00 0
4491 -2.64 -2.78 -3.55 -213.00 72.00 83.00 632.00 -228.00 -1115.00 0
4500 -2.92 -3.06 -4.38 -213.00 68.00 83.00 632.00 -228.00 -1115.00 0
4509 -3.41 -3.34 -5.43 -209.00 67.00 80.00 632.00 -228.00 -1115.00 0
4518 -4.45 -3.69 -8.00 -209.00 62.00 82.00 632.00 -228.00 -1115.00 0
4528 -4.73 -3.76 -9.11 -210.00 68.00 82.00 628.00 -224.00 -1134.00 0
4537 -4.94 -3.69 -10.16 -212.00 66.00 86.00 628.00 -224.00 -1134.00 0
4546 -4.94 -3.62 -10.92 -210.00 67.00 81.00 628.00 -224.00 -1134.00 0
4555 -4.80 -3.83 -11.27 -210.00 69.00 81.00 628.00 -224.00 -1134.00 0
4564 -4.24 -4.17 -11.20 -212.00 71.00 81.00 628.00 -224.00 -1134.00 0
4575 -2.92 -4.66 -9.88 -216.00 70.00 81.00 628.00 -224.00 -1134.00 0
4584 -2.43 -4.73 -9.11 -218.00 70.00 83.00 628.00 -224.00 -1134.00 0
4593 -2.09 -4.94 -8.77 -220.00 68.00 86.00 629.00 -222.00 -1019.00 0
4601 -2.02 -5.22 -8.83 -221.00 68.00 86.00 629.00 -222.00 -1019.00 0
4611 -1.88 -5.84 -9.11 -216.00 68.00 82.00 629.00 -222.00 -1019.00 0
4620 -1.60 -6.68 -9.60 -209.00 65.00 83.00 629.00 -222.00 -1019.00 0
4629 -1.53 -8.35 -11.34 -200.00 63.00 88.00 629.00 -222.00 -1019.00 0
4638 -1.74 -9.11 -12.31 -197.00 63.00 86.00 629.00 -222.00 -1019.00 0
4648 -2.16 -9.81 -13.57 -192.00 64.00 94.00 629.00 -222.00 -1019.00 0
4658 -2.71 -10.37 -14.82 -185.00 62.00 100.00 626.00 -216.00 -1141.00 0
4667 -3.62 -11.20 -16.28 -184.00 53.00 101.00 626.00 -216.00 -1141.00 0
4676 -4.80 -12.59 -17.81 -187.00 41.00 114.00 626.00 -216.00 -1141.00 0
4685 -7.03 -18.85 -21.50 -192.00 29.00 145.00 626.00 -216.00 -1141.00 0
4695 -7.58 -26.23 -23.65 -195.00 41.00 149.00 626.00 -216.00 -1141.00 0
4704 -7.17 -41.25 -26.50 -206.00 26.00 149.00 626.00 -216.00 -1141.00 0
4713 -6.89 -64.28 -30.68 -210.00 10.00 161.00 626.00 -216.00 -1141.00 0
4722 -7.23 -93.08 -36.94 -249.00 42.00 153.00 592.00 -194.00 -1410.00 0
4732 -10.30 -157.98 -57.18 -214.00 34.00 137.00 592.00 -194.00 -1410.00 0
4742 -15.72 -189.15 -69.98 -231.00 108.00 109.00 592.00 -194.00 -1410.00 0
4751 -22.40 -220.94 -83.27 -195.00 117.00 18.00 592.00 -194.00 -1410.00 0
4760 -33.60 -252.38 -94.96 -99.00 174.00 10.00 592.00 -194.00 -1410.00 0
4770 -43.97 -272.21 -102.40 -89.00 140.00 -39.00 592.00 -194.00 -1410.00 0
4780 -77.77 -261.15 -104.00 -80.00 56.00 -7.00 592.00 -194.00 -1410.00 1
4790 -94.68 -237.77 -100.17 -222.00 41.00 140.00 457.00 -101.00 -1371.00 1
4800 -102.19 -211.90 -91.97 -353.00 -244.00 291.00 457.00 -101.00 -1371.00 1
4810 -86.68 -141.77 -63.72 -388.00 -55.00 422.00 457.00 -101.00 -1371.00 1
4822 -54.75 -104.70 -44.80 -272.00 27.00 297.00 457.00 -101.00 -1371.00 1
4832 -31.03 -80.77 -30.89 -129.00 73.00 209.00 457.00 -101.00 -1371.00 1
4842 -15.93 -65.04 -14.05 -160.00 22.00 144.00 457.00 -101.00 -1371.00 1
4852 -11.69 -30.05 -9.11 -190.00 14.00 204.00 457.00 -101.00 -1371.00 1
4862 -11.41 -15.17 -5.57 -210.00 -29.00 201.00 457.00 -101.00 -1371.00 1
4873 -11.62 -3.55 -3.13 -190.00 -14.00 188.00 457.00 -101.00 -1371.00 1
4883 -4.03 8.83 -1.04 -135.00 -9.00 138.00 457.00 -101.00 -1371.00 0
4892 0.77 12.10 -0.77 -128.00 0.00 110.00 457.00 -101.00 -1371.00 0
4901 5.84 17.39 -0.14 -122.00 -13.00 112.00 457.00 -101.00 -1371.00 0
4911 9.88 23.51 0.14 -133.00 -8.00 120.00 457.00 -101.00 -1371.00 0
4920 14.75 30.54 0.97 -137.00 5.00 141.00 482.00 -121.00 -1361.00 0
4929 26.16 42.64 3.97 -136.00 9.00 149.00 482.00 -121.00 -1361.00 0
4938 30.33 46.75 6.05 -142.00 12.00 139.00 482.00 -121.00 -1361.00 0
4947 33.67 49.46 8.35 -156.00 18.00 141.00 482.00 -121.00 -1361.00 0
4958 37.63 49.18 11.06 -170.00 40.00 153.00 482.00 -121.00 -1361.00 0
4967 42.43 45.91 14.12 -185.00 55.00 164.00 482.00 -121.00 -1361.00 0
4976 46.26 42.02 17.04 -202.00 70.00 170.00 482.00 -121.00 -1361.00 0
4985 49.46 36.24 23.03 -219.00 73.00 180.00 508.00 -158.00 -1091.00 0
4995 48.28 33.81 26.09 -219.00 60.00 183.00 508.00 -158.00 -1091.00 0
5004 44.94 31.72 28.52 -213.00 46.00 169.00 508.00 -158.00 -1091.00 0
5014 40.83 29.77 30.47 -207.00 44.00 161.00 508.00 -158.00 -1091.00 0
5023 37.84 28.38 32.49 -211.00 52.00 153.00 508.00 -158.00 -1091.00 0
5032 33.95 28.45 36.10 -202.00 55.00 154.00 508.00 -158.00 -1091.00 0
5042 32.63 30.26 37.98 -211.00 68.00 147.00 508.00 -158.00 -1091.00 0
5051 31.51 33.32 39.93 -195.00 75.00 156.00 530.00 -189.00 -1370.00 0
5060 29.77 37.08 41.88 -211.00 73.00 136.00 530.00 -189.00 -1370.00 0
5070 28.80 41.60 45.43 -211.00 61.00 131.00 530.00 -189.00 -1370.00 0
5080 28.17 46.68 52.66 -199.00 61.00 145.00 530.00 -189.00 -1370.00 0
5089 24.49 57.67 54.47 -197.00 67.00 133.00 530.00 -189.00 -1370.00 0
5098 22.33 63.44 55.72 -206.00 70.00 115.00 530.00 -189.00 -1370.00 0
5107 22.05 67.76 58.50 -214.00 121.00 105.00 530.00 -189.00 -1370.00 0
5116 23.86 70.75 62.68 -218.00 139.00 121.00 565.00 -231.00 -1045.00 0
5127 24.07 73.46 66.99 -205.00 100.00 126.00 565.00 -231.00 -1045.00 0
5136 10.78 80.70 70.61 -187.00 73.00 120.00 565.00 -231.00 -1045.00 0
5145 3.20 85.91 70.54 -167.00 41.00 118.00 565.00 -231.00 -1045.00 0
5154 -5.43 92.45 67.97 -148.00 -5.00 123.00 565.00 -231.00 -1045.00 0
5164 -14.12 99.34 62.96 -164.00 21.00 131.00 565.00 -231.00 -1045.00 0
5173 -18.02 105.53 58.09 -173.00 37.00 134.00 565.00 -231.00 -1045.00 0
5183 -17.81 113.74 51.90 -192.00 55.00 143.00 606.00 -249.00 -1343.00 0
5192 -17.32 115.41 50.50 -194.00 68.00 128.00 606.00 -249.00 -1343.00 0
5201 -16.63 116.45 49.81 -200.00 68.00 90.00 606.00 -249.00 -1343.00 0
5211 -15.30 118.75 50.64 -206.00 52.00 76.00 606.00 -249.00 -1343.00 0
5220 -8.56 115.76 53.15 -168.00 86.00 83.00 606.00 -249.00 -1343.00 0
5229 -4.38 110.75 58.43 -170.00 81.00 83.00 606.00 -249.00 -1343.00 0
5239 1.95 111.51 58.50 -191.00 106.00 99.00 606.00 -249.00 -1343.00 0
5249 6.33 108.73 57.81 -172.00 81.00 73.00 633.00 -283.00 -1279.00 0
5258 6.40 102.33 54.82 -170.00 83.00 76.00 633.00 -283.00 -1279.00 0
5267 5.57 95.65 50.16 -189.00 72.00 67.00 633.00 -283.00 -1279.00 0
5276 5.15 90.23 45.70 -188.00 92.00 83.00 633.00 -283.00 -1279.00 0
5285 4.10 77.84 35.83 -186.00 84.00 78.00 633.00 -283.00 -1279.00 0
5295 3.62 69.91 30.47 -182.00 87.00 77.00 633.00 -283.00 -1279.00 0
5304 3.20 62.82 24.70 -185.00 93.00 80.00 633.00 -283.00 -1279.00 0
5313 3.13 56.70 18.78 -185.00 92.00 66.00 640.00 -291.00 -1130.00 0
5322 2.64 50.37 13.08 -183.00 100.00 60.00 640.00 -291.00 -1130.00 0
5331 2.23 44.10 8.00 -189.00 102.00 57.00 640.00 -291.00 -1130.00 0
5341 1.18 33.81 0.70 -198.00 108.00 56.00 640.00 -291.00 -1130.00 0
5351 1.04 29.84 -1.39 -204.00 117.00 59.00 640.00 -291.00 -1130.00 0
5360 0.97 26.57 -2.50 -212.00 113.00 61.00 640.00 -291.00 -1130.00 0
5369 0.56 23.93 -3.20 -216.00 107.00 60.00 640.00 -291.00 -1130.00 0
5379 -0.42 21.70 -4.03 -218.00 98.00 63.00 640.00 -290.00 -1103.00 0
5388 -1.32 17.04 -6.33 -220.00 102.00 67.00 646.00 -290.00 -1103.00 0
5397 -2.37 14.54 -7.51 -223.00 101.00 64.00 646.00 -290.00 -1103.00 0
5406 -2.71 11.83 -8.70 -224.00 103.00 63.00 646.00 -290.00 -1103.00 0
5415 -3.06 9.11 -9.88 -223.00 101.00 65.00 646.00 -290.00 -1103.00 0
5425 -3.48 6.47 -11.27 -221.00 105.00 70.00 646.00 -290.00 -1103.00 0
5434 -4.03 3.55 -12.73 -239.00 107.00 68.00 646.00 -290.00 -1103.00 0
5443 -6.68 2.50 -10.99 -220.00 116.00 52.00 646.00 -290.00 -1103.00 0
5452 -7.58 1.53 -10.09 -209.00 105.00 49.00 646.00 -290.00 -1103.00 0
5462 -8.49 0.63 -9.25 -206.00 89.00 54.00 646.00 -290.00 -1103.00 0
5471 -9.74 0.42 -8.90 -220.00 75.00 62.00 646.00 -290.00 -1103.00 0
5480 -10.57 0.77 -8.28 -218.00 92.00 63.00 646.00 -290.00 -1103.00 0
5489 -10.23 0.97 -7.10 -216.00 96.00 64.00 646.00 -290.00 -1103.00 0
5498 -7.23 0.35 -4.38 -218.00 90.00 68.00 646.00 -290.00 -1103.00 0
5508 -6.61 -0.21 -3.90 -220.00 88.00 69.00 646.00 -290.00 -1103.00 0
5517 -6.05 -0.90 -3.55 -217.00 92.00 66.00 646.00 -290.00 -1103.00 0
5526 -5.43 -1.95 -3.34 -221.00 93.00 66.00 646.00 -290.00 -1103.00 0
5535 -4.80 -3.06 -3.13 -216.00 98.00 66.00 646.00 -290.00 -1103.00 0
5544 -4.31 -4.17 -2.92 -214.00 96.00 63.00 646.00 -290.00 -1103.00 0
5554 -4.03 -5.70 -2.78 -214.00 99.00 62.00 646.00 -290.00 -1103.00 0
5563 -3.97 -5.84 -2.57 -214.00 98.00 62.00 646.00 -290.00 -1103.00 0
5572 -3.90 -5.77 -2.37 -216.00 96.00 63.00 646.00 -290.00 -1103.00 0
5581 -3.83 -5.57 -2.23 -212.00 92.00 65.00 646.00 -290.00 -1103.00 0
5591 -3.76 -5.29 -2.16 -211.00 95.00 64.00 646.00 -290.00 -1103.00 0
5600 -3.55 -4.94 -2.09 -211.00 93.00 65.00 646.00 -290.00 -1103.00 0
5609 -3.13 -4.10 -2.30 -211.00 98.00 64.00 646.00 -290.00 -1103.00 0
5618 -3.20 -3.69 -2.50 -211.00 88.00 69.00 646.00 -290.00 -1103.00 0
5627 -3.41 -3.48 -2.92 -208.00 87.00 65.00 646.00 -290.00 -1103.00 0
5637 -3.55 -3.48 -3.41 -207.00 88.00 64.00 646.00 -290.00 -1103.00 0
5646 -3.62 -3.48 -4.10 -205.00 86.00 65.00 646.00 -290.00 -1103.00 0
5655 -3.76 -3.62 -5.01 -208.00 80.00 68.00 646.00 -290.00 -1103.00 0
5664 -4.03 -3.69 -7.51 -205.00 78.00 68.00 646.00 -290.00 -1103.00 0
5673 -4.03 -3.90 -9.18 -202.00 74.00 76.00 646.00 -290.00 -1103.00 0
5683 -3.55 -4.59 -11.27 -200.00 73.00 75.00 646.00 -290.00 -1103.00 0
5692 -2.92 -5.63 -13.70 -202.00 79.00 74.00 646.00 -290.00 -1103.00 0
5701 -2.02 -6.96 -16.07 -212.00 77.00 79.00 646.00 -290.00 -1103.00 0
5710 -0.97 -8.90 -18.57 -218.00 76.00 83.00 646.00 -267.00 -1226.00 0
5720 1.11 -15.30 -23.23 -219.00 83.00 79.00 646.00 -267.00 -1226.00 0
5729 2.30 -19.76 -25.46 -221.00 83.00 79.00 646.00 -267.00 -1226.00 0
5739 2.99 -24.97 -27.97 -214.00 86.00 78.00 646.00 -267.00 -1226.00 0
5748 3.06 -31.10 -31.03 -210.00 85.00 79.00 646.00 -267.00 -1226.00 0
5757 2.64 -37.98 -34.50 -204.00 80.00 80.00 646.00 -267.00 -1226.00 0
5767 1.88 -45.22 -37.84 -198.00 76.00 74.00 646.00 -267.00 -1226.00 0
5776 0.70 -59.69 -42.30 -194.00 74.00 74.00 629.00 -250.00 -1311.00 0
5785 0.90 -67.20 -43.13 -194.00 73.00 79.00 629.00 -250.00 -1311.00 0
5794 0.77 -73.60 -43.97 -199.00 69.00 88.00 629.00 -250.00 -1311.00 0
5804 -0.14 -79.23 -45.36 -210.00 64.00 95.00 629.00 -250.00 -1311.00 0
5813 -1.18 -84.94 -47.17 -221.00 58.00 101.00 629.00 -250.00 -1311.00 0
5822 -2.02 -100.66 -51.69 -221.00 50.00 106.00 629.00 -250.00 -1311.00 0
5831 -2.43 -109.57 -54.96 -197.00 81.00 146.00 629.00 -250.00 -1311.00 0
5841 -3.20 -119.17 -59.48 -204.00 68.00 112.00 601.00 -219.00 -1146.00 0
5851 -6.89 -128.28 -64.63 -200.00 72.00 100.00 601.00 -219.00 -1146.00 0
5860 -10.50 -138.57 -70.05 -151.00 75.00 115.00 601.00 -219.00 -1146.00 0
5869 -14.54 -149.91 -75.69 -169.00 90.00 113.00 601.00 -219.00 -1146.00 0
5878 -27.41 -169.18 -83.83 -146.00 113.00 97.00 601.00 -219.00 -1146.00 0
5889 -36.31 -178.30 -87.17 -128.00 132.00 68.00 601.00 -219.00 -1146.00 0
5898 -47.03 -186.99 -88.97 -101.00 48.00 44.00 601.00 -219.00 -1146.00 0
5907 -60.66 -193.88 -90.30 -86.00 0.00 49.00 501.00 -148.00 -1233.00 1
5917 -83.83 -193.11 -90.64 -203.00 105.00 79.00 501.00 -148.00 -1233.00 1
5928 -84.10 -185.53 -87.03 -331.00 -120.00 231.00 501.00 -148.00 -1233.00 1
5939 -85.57 -162.64 -78.68 -385.00 -53.00 393.00 501.00 -148.00 -1233.00 1
5950 -53.43 -97.60 -46.47 -311.00 40.00 309.00 501.00 -148.00 -1233.00 1
5960 -39.17 -78.40 -34.57 -192.00 -29.00 185.00 501.00 -148.00 -1233.00 1
5970 -31.37 -66.99 -27.27 -168.00 3.00 159.00 473.00 -119.00 -1068.00 1
5982 -24.35 -44.80 -17.81 -173.00 -7.00 195.00 473.00 -119.00 -1068.00 1
5992 -21.08 -37.70 -15.30 -157.00 -5.00 176.00 473.00 -119.00 -1068.00 1
6002 -18.71 -34.37 -14.40 -131.00 1.00 130.00 473.00 -119.00 -1068.00 0
6011 -15.17 -32.42 -13.01 -126.00 55.00 106.00 473.00 -119.00 -1068.00 0
6021 2.85 -28.59 -7.58 -142.00 66.00 118.00 473.00 -119.00 -1068.00 0
6030 9.60 -24.83 -4.17 -149.00 52.00 150.00 473.00 -119.00 -1068.00 0
6039 14.26 -18.71 0.77 -193.00 41.00 153.00 471.00 -132.00 -1222.00 0
6048 17.60 -7.03 7.17 -205.00 26.00 185.00 471.00 -132.00 -1222.00 0
6057 20.52 7.37 13.84 -209.00 1.00 171.00 471.00 -132.00 -1222.00 0
6067 22.40 33.18 23.44 -199.00 -12.00 149.00 471.00 -132.00 -1222.00 0
6077 25.11 43.55 26.23 -207.00 7.00 159.00 471.00 -132.00 -1222.00 0
6086 28.31 52.73 28.24 -203.00 30.00 173.00 471.00 -132.00 -1222.00 0
6095 30.68 59.27 29.57 -198.00 47.00 192.00 471.00 -132.00 -1222.00 0
6105 32.35 60.87 31.10 -183.00 66.00 174.00 508.00 -163.00 -1148.00 0
6114 32.00 56.35 32.21 -166.00 56.00 155.00 508.00 -163.00 -1148.00 0
6123 25.32 39.79 34.02 -154.00 29.00 155.00 508.00 -163.00 -1148.00 0
6133 22.40 31.86 35.76 -150.00 22.00 147.00 508.00 -163.00 -1148.00 0
6142 20.52 24.63 37.01 -147.00 11.00 127.00 508.00 -163.00 -1148.00 0
6152 20.52 19.55 38.75 -161.00 41.00 132.00 508.00 -163.00 -1148.00 0
6161 24.42 16.35 41.95 -174.00 62.00 138.00 508.00 -163.00 -1148.00 0
6170 37.36 14.61 51.83 -175.00 69.00 134.00 516.00 -205.00 -1068.00 0
6179 43.76 15.86 57.67 -174.00 76.00 140.00 516.00 -205.00 -1068.00 0
6190 48.77 19.06 63.17 -173.00 68.00 140.00 516.00 -205.00 -1068.00 0
6199 50.92 23.79 66.57 -173.00 72.00 126.00 516.00 -205.00 -1068.00 0
6208 51.13 29.36 67.97 -181.00 96.00 117.00 516.00 -205.00 -1068.00 0
6217 51.55 42.57 68.73 -187.00 117.00 115.00 516.00 -205.00 -1068.00 0
6226 52.24 49.88 68.59 -193.00 133.00 120.00 516.00 -205.00 -1068.00 0
6236 50.23 57.74 67.90 -187.00 132.00 120.00 548.00 -261.00 -1188.00 0
6246 45.70 66.30 66.99 -189.00 129.00 110.00 548.00 -261.00 -1188.00 0
6255 38.75 75.55 65.39 -187.00 144.00 90.00 548.00 -261.00 -1188.00 0
6264 30.75 84.24 63.37 -191.00 149.00 94.00 548.00 -261.00 -1188.00 0
6274 11.62 102.89 59.13 -195.00 125.00 79.00 548.00 -261.00 -1188.00 0
6283 -1.88 113.04 55.30 -199.00 90.00 83.00 548.00 -261.00 -1188.00 0
6293 -14.89 122.92 51.20 -208.00 -24.00 97.00 548.00 -261.00 -1188.00 0
6302 -25.53 130.02 47.58 -232.00 61.00 83.00 548.00 -261.00 -1188.00 0
6311 -25.60 134.61 45.43 -241.00 75.00 116.00 548.00 -261.00 -1188.00 0
6321 -24.63 145.39 37.84 -206.00 56.00 121.00 548.00 -261.00 -1188.00 0
6330 -30.47 150.68 30.19 -208.00 64.00 126.00 548.00 -261.00 -1188.00 0
6339 -34.16 156.03 24.42 -201.00 63.00 148.00 548.00 -261.00 -1188.00 0
6349 -36.24 158.89 21.70 -206.00 60.00 148.00 548.00 -261.00 -1188.00 0
6359 -36.03 159.72 20.38 -201.00 73.00 144.00 548.00 -261.00 -1188.00 0
6368 -30.68 149.29 20.10 -187.00 81.00 123.00 548.00 -261.00 -1188.00 0
6377 -29.01 137.53 17.95 -166.00 58.00 100.00 548.00 -261.00 -1188.00 0
6387 -27.62 123.62 15.72 -165.00 69.00 93.00 548.00 -261.00 -1188.00 0
6396 -24.35 109.50 15.17 -164.00 78.00 78.00 548.00 -261.00 -1188.00 0
6406 -20.94 96.35 14.61 -162.00 79.00 80.00 548.00 -261.00 -1188.00 0
6415 -18.30 72.63 11.90 -168.00 78.00 78.00 548.00 -261.00 -1188.00 0
6424 -16.14 63.10 10.37 -183.00 72.00 93.00 548.00 -261.00 -1188.00 0
6433 -15.79 55.03 8.49 -199.00 64.00 96.00 548.00 -261.00 -1188.00 0
6443 -15.17 46.75 5.91 -209.00 73.00 76.00 548.00 -261.00 -1188.00 0
6452 -13.08 37.36 3.34 -205.00 82.00 65.00 548.00 -261.00 -1188.00 0
6461 -9.74 27.97 1.32 -214.00 105.00 59.00 548.00 -261.00 -1188.00 0
6470 -2.02 12.59 -0.35 -225.00 113.00 56.00 548.00 -261.00 -1188.00 0
6479 0.42 6.82 -0.77 -227.00 114.00 59.00 548.00 -261.00 -1188.00 0
6490 1.32 2.23 -1.74 -232.00 111.00 61.00 548.00 -261.00 -1188.00 0
6499 0.97 -1.60 -3.06 -227.00 101.00 61.00 647.00 -272.00 -1177.00 0
6508 -0.56 -4.38 -4.87 -216.00 92.00 58.00 647.00 -272.00 -1177.00 0
6517 -2.09 -6.47 -6.75 -210.00 95.00 58.00 647.00 -272.00 -1177.00 0
6525 -3.41 -9.04 -9.39 -206.00 93.00 58.00 647.00 -272.00 -1177.00 0
6535 -3.76 -9.53 -10.30 -207.00 90.00 60.00 647.00 -272.00 -1177.00 0
6544 -3.90 -9.39 -10.78 -210.00 89.00 59.00 647.00 -272.00 -1177.00 0
6554 -4.03 -8.77 -10.92 -210.00 85.00 58.00 647.00 -272.00 -1177.00 0
6563 -4.17 -7.86 -10.85 -213.00 89.00 54.00 643.00 -268.00 -1088.00 0
6573 -4.10 -6.61 -10.50 -218.00 89.00 57.00 643.00 -268.00 -1088.00 0
6582 -3.20 -4.38 -8.97 -223.00 88.00 62.00 643.00 -268.00 -1088.00 0
6591 -2.78 -3.69 -8.07 -227.00 88.00 64.00 643.00 -268.00 -1088.00 0
6600 -2.50 -3.27 -7.23 -228.00 85.00 64.00 643.00 -268.00 -1088.00 0
6608 -2.50 -3.34 -6.54 -228.00 81.00 67.00 643.00 -268.00 -1088.00 0
6618 -2.71 -3.83 -6.12 -225.00 77.00 63.00 643.00 -268.00 -1088.00 0
6627 -2.99 -4.45 -5.91 -218.00 75.00 61.00 642.00 -264.00 -1210.00 0
6636 -3.62 -5.43 -5.84 -209.00 78.00 63.00 642.00 -264.00 -1210.00 0
6645 -3.69 -5.50 -5.63 -212.00 77.00 64.00 642.00 -264.00 -1210.00 0
6654 -3.48 -5.43 -5.22 -216.00 77.00 65.00 642.00 -264.00 -1210.00 0
6664 -2.99 -5.50 -4.52 -217.00 82.00 67.00 642.00 -264.00 -1210.00 0
6673 -2.30 -5.63 -3.55 -213.00 85.00 67.00 642.00 -264.00 -1210.00 0
6682 -1.46 -5.91 -2.37 -214.00 90.00 61.00 642.00 -264.00 -1210.00 0
6691 0.21 -5.98 0.28 -213.00 92.00 58.00 642.00 -265.00 -1054.00 0
6701 0.63 -5.57 1.18 -213.00 99.00 59.00 642.00 -265.00 -1054.00 0
6710 0.77 -4.80 1.74 -218.00 101.00 63.00 642.00 -265.00 -1054.00 0
6719 0.42 -3.76 1.95 -222.00 96.00 62.00 642.00 -265.00 -1054.00 0
6728 -0.42 -2.64 1.81 -227.00 96.00 65.00 642.00 -265.00 -1054.00 0
6737 -1.39 -1.74 1.25 -230.00 94.00 65.00 642.00 -265.00 -1054.00 0
6747 -4.17 -0.97 -0.35 -230.00 93.00 70.00 642.00 -265.00 -1054.00 0
6756 -5.57 -1.32 -1.46 -220.00 89.00 65.00 642.00 -265.00 -1054.00 0
6765 -6.75 -1.81 -2.50 -214.00 83.00 64.00 642.00 -265.00 -1054.00 0
6774 -7.65 -2.09 -3.41 -214.00 83.00 65.00 642.00 -265.00 -1054.00 0
6784 -8.07 -2.02 -3.97 -217.00 87.00 66.00 642.00 -265.00 -1054.00 0
6793 -8.00 -1.81 -4.03 -214.00 86.00 69.00 642.00 -265.00 -1054.00 0
6802 -7.65 -1.67 -3.13 -210.00 88.00 67.00 642.00 -265.00 -1054.00 0
6811 -6.19 -1.67 -2.30 -209.00 88.00 71.00 642.00 -265.00 -1054.00 0
6820 -5.50 -1.46 -1.60 -208.00 92.00 65.00 642.00 -265.00 -1054.00 0
6830 -4.80 -1.18 -1.04 -205.00 90.00 64.00 642.00 -265.00 -1054.00 0
6839 -4.17 -0.63 -0.63 -211.00 95.00 64.00 642.00 -265.00 -1054.00 0
6848 -3.55 0.14 -0.21 -213.00 99.00 65.00 642.00 -265.00 -1054.00 0
6857 -3.20 1.67 0.35 -216.00 95.00 65.00 642.00 -265.00 -1054.00 0
6866 -3.34 2.16 0.28 -221.00 93.00 69.00 642.00 -265.00 -1054.00 0
6876 -3.83 2.30 0.14 -222.00 95.00 66.00 642.00 -265.00 -1054.00 0
6885 -4.31 2.02 -0.21 -216.00 90.00 69.00 642.00 -265.00 -1054.00 0
6894 -5.01 1.39 -0.77 -208.00 90.00 63.00 642.00 -265.00 -1054.00 0
6903 -5.70 0.63 -1.46 -205.00 89.00 65.00 642.00 -265.00 -1054.00 0
6913 -6.33 0.07 -3.27 -205.00 82.00 66.00 642.00 -265.00 -1054.00 0
6922 -7.44 -0.28 -4.10 -205.00 81.00 70.00 642.00 -265.00 -1054.00 0
6931 -7.65 -0.14 -4.59 -206.00 84.00 72.00 642.00 -265.00 -1054.00 0
6940 -7.58 0.07 -4.80 -205.00 85.00 71.00 642.00 -265.00 -1054.00 0
6949 -7.23 0.35 -4.66 -205.00 86.00 67.00 642.00 -265.00 -1054.00 0
6959 -6.89 0.70 -4.31 -214.00 87.00 70.00 642.00 -265.00 -1054.00 0
6968 -6.33 0.97 -3.90 -219.00 87.00 75.00 642.00 -265.00 -1054.00 0
6977 -5.57 0.90 -3.13 -223.00 87.00 69.00 642.00 -265.00 -1054.00 0
6986 -5.36 0.28 -2.92 -221.00 90.00 69.00 642.00 -265.00 -1054.00 0
6995 -5.22 -0.56 -2.85 -214.00 90.00 69.00 642.00 -265.00 -1054.00 0
7005 -5.15 -1.25 -2.71 -216.00 90.00 68.00 642.00 -265.00 -1054.00 0
7013 -5.22 -1.74 -2.43 -210.00 87.00 70.00 642.00 -265.00 -1054.00 0
7022 -5.36 -2.02 -2.23 -209.00 88.00 68.00 636.00 -258.00 -1178.00 0
7031 -5.63 -2.23 -1.88 -205.00 87.00 64.00 636.00 -258.00 -1178.00 0
7041 -5.63 -2.16 -1.67 -207.00 87.00 66.00 636.00 -258.00 -1178.00 0
7050 -5.43 -1.95 -1.25 -210.00 90.00 66.00 636.00 -258.00 -1178.00 0
7059 -5.15 -1.53 -0.77 -208.00 89.00 73.00 636.00 -258.00 -1178.00 0
7068 -4.87 -1.18 -0.28 -208.00 88.00 70.00 636.00 -258.00 -1178.00 0
7077 -4.73 -0.90 0.07 -208.00 92.00 66.00 636.00 -258.00 -1178.00 0
7087 -4.52 -0.42 0.28 -209.00 90.00 68.00 639.00 -260.00 -1113.00 0
7096 -4.52 -0.14 0.14 -208.00 93.00 69.00 639.00 -260.00 -1113.00 0
7105 -4.59 0.14 -0.14 -208.00 87.00 69.00 639.00 -260.00 -1113.00 0
7114 -4.80 0.42 -0.56 -205.00 86.00 71.00 639.00 -260.00 -1113.00 0
7123 -5.08 0.77 -1.04 -216.00 87.00 76.00 639.00 -260.00 -1113.00 0
7133 -5.43 1.18 -1.46 -214.00 82.00 81.00 639.00 -260.00 -1113.00 0
7142 -6.33 1.46 -2.43 -210.00 80.00 81.00 639.00 -260.00 -1113.00 0
7151 -6.68 1.39 -3.20 -210.00 74.00 90.00 640.00 -259.00 -1124.00 0
7160 -6.96 1.46 -4.10 -205.00 76.00 91.00 640.00 -259.00 -1124.00 0
7170 -6.96 1.67 -4.94 -205.00 76.00 95.00 640.00 -259.00 -1124.00 0
7179 -6.61 2.02 -5.70 -204.00 79.00 101.00 640.00 -259.00 -1124.00 0
7188 -6.19 2.43 -6.40 -208.00 80.00 102.00 640.00 -259.00 -1124.00 0
7197 -5.36 3.13 -7.65 -210.00 78.00 106.00 640.00 -259.00 -1124.00 0
7206 -5.08 3.27 -8.07 -215.00 78.00 109.00 640.00 -259.00 -1124.00 0
7216 -5.01 3.13 -8.28 -213.00 72.00 107.00 640.00 -259.00 -1124.00 0
7225 -5.08 2.57 -8.28 -204.00 60.00 96.00 640.00 -259.00 -1124.00 0
7234 -5.29 1.46 -8.21 -191.00 52.00 95.00 640.00 -259.00 -1124.00 0
7243 -5.29 0.14 -8.07 -179.00 41.00 87.00 640.00 -259.00 -1124.00 0
7252 -4.52 -1.53 -8.00 -173.00 42.00 89.00 640.00 -259.00 -1124.00 0
7262 -3.76 -2.09 -8.21 -173.00 57.00 75.00 640.00 -259.00 -1124.00 0
7271 -2.92 -2.57 -8.49 -191.00 62.00 73.00 640.00 -259.00 -1124.00 0
7280 -2.16 -3.06 -8.49 -211.00 67.00 74.00 640.00 -259.00 -1124.00 0
7289 -1.39 -4.38 -8.42 -221.00 62.00 71.00 640.00 -259.00 -1124.00 0
7299 -0.97 -6.89 -8.77 -227.00 73.00 57.00 640.00 -259.00 -1124.00 0
7308 -1.11 -15.03 -12.52 -235.00 89.00 50.00 640.00 -259.00 -1124.00 0
7317 -1.88 -20.10 -15.51 -241.00 90.00 39.00 640.00 -259.00 -1124.00 0
7326 -3.13 -25.32 -18.71 -238.00 87.00 35.00 640.00 -259.00 -1124.00 0
7335 -5.50 -30.89 -22.19 -215.00 88.00 32.00 640.00 -259.00 -1124.00 0
7345 -8.35 -36.31 -25.88 -200.00 78.00 26.00 640.00 -259.00 -1124.00 0
7355 -11.62 -40.83 -29.57 -176.00 59.00 28.00 635.00 -237.00 -1345.00 0
7364 -18.02 -46.54 -35.13 -136.00 6.00 63.00 635.00 -237.00 -1345.00 0
7373 -20.24 -46.12 -38.40 -190.00 6.00 73.00 635.00 -237.00 -1345.00 0
7383 -15.86 -41.60 -49.11 -306.00 219.00 57.00 635.00 -237.00 -1345.00 0
7392 -7.23 -36.03 -61.22 -374.00 208.00 75.00 635.00 -237.00 -1345.00 0
7401 -3.62 -32.00 -62.47 -346.00 100.00 56.00 635.00 -237.00 -1345.00 0
7410 -9.95 -34.71 -48.56 -338.00 71.00 101.00 635.00 -237.00 -1345.00 0
7419 -9.60 -34.71 -40.49 -287.00 76.00 89.00 635.00 -237.00 -1345.00 0
7429 -4.87 -35.55 -32.42 -241.00 99.00 80.00 635.00 -237.00 -1345.00 0
7439 0.28 -37.84 -24.70 -190.00 72.00 61.00 635.00 -237.00 -1345.00 0
7448 2.23 -40.42 -20.10 -158.00 65.00 65.00 635.00 -237.00 -1345.00 0
7457 2.99 -41.32 -19.20 -145.00 73.00 66.00 635.00 -237.00 -1345.00 0
7467 1.04 -36.80 -25.74 -131.00 59.00 55.00 635.00 -237.00 -1345.00 0
7476 -2.92 -32.07 -32.28 -126.00 50.00 64.00 635.00 -237.00 -1345.00 0
7485 -7.58 -25.46 -40.14 -147.00 32.00 82.00 635.00 -237.00 -1345.00 0
7494 -12.38 -17.04 -47.44 -171.00 28.00 99.00 635.00 -237.00 -1345.00 0
7503 -16.42 -9.04 -53.91 -187.00 21.00 102.00 635.00 -237.00 -1345.00 0
7513 -19.41 -2.78 -60.73 -217.00 20.00 118.00 635.00 -237.00 -1345.00 0
7522 -21.57 4.87 -60.52 -253.00 17.00 122.00 635.00 -237.00 -1345.00 0
7531 -21.36 6.68 -57.74 -274.00 15.00 124.00 635.00 -237.00 -1345.00 0
7541 -20.24 6.96 -52.80 -278.00 4.00 120.00 635.00 -237.00 -1345.00 0
7550 -18.30 5.29 -47.03 -266.00 0.00 111.00 635.00 -237.00 -1345.00 0
7560 -15.44 1.81 -40.97 -243.00 4.00 101.00 635.00 -237.00 -1345.00 0