617.00 -168.00 -1216.00 0
3262 -6.26 4.17 -3.27 -219.00 33.00 100.00 617.00 -168.00 -1216.00 0
3271 -6.33 4.03 -2.85 -215.00 38.00 99.00 617.00 -168.00 -1216.00 0
3280 -6.33 3.83 -2.85 -215.00 38.00 101.00 617.00 -168.00 -1216.00 0
3290 -6.33 3.41 -3.06 -220.00 37.00 101.00 617.00 -168.00 -1216.00 0
3299 -6.47 2.92 -3.06 -224.00 40.00 101.00 617.00 -168.00 -1216.00 0
3308 -6.75 2.16 -2.71 -219.00 41.00 94.00 617.00 -168.00 -1216.00 0
3317 -7.10 1.25 -2.30 -215.00 38.00 95.00 617.00 -168.00 -1216.00 0
3326 -7.93 -0.28 -0.77 -218.00 37.00 93.00 617.00 -168.00 -1216.00 0
3336 -8.21 -0.49 0.56 -217.00 29.00 100.00 617.00 -168.00 -1216.00 0
3345 -8.14 -0.63 1.88 -214.00 28.00 99.00 617.00 -168.00 -1216.00 0
3354 -7.86 -0.77 2.78 -205.00 24.00 96.00 617.00 -168.00 -1216.00 0
3363 -7.51 -0.90 2.99 -203.00 23.00 93.00 617.00 -168.00 -1216.00 0
3373 -7.10 -0.90 2.64 -205.00 34.00 93.00 617.00 -168.00 -1216.00 0
3382 -5.22 -0.35 1.25 -212.00 42.00 95.00 617.00 -168.00 -1216.00 0
3391 -4.45 0.14 0.42 -213.00 40.00 97.00 617.00 -168.00 -1216.00 0
3400 -4.10 0.63 -0.28 -215.00 36.00 100.00 617.00 -168.00 -1216.00 0
3409 -3.97 0.97 -0.63 -221.00 34.00 98.00 617.00 -168.00 -1216.00 0
3419 -3.62 1.18 -0.90 -218.00 38.00 102.00 617.00 -168.00 -1216.00 0
3428 -3.13 1.18 -1.04 -217.00 39.00 100.00 617.00 -168.00 -1216.00 0
3437 -2.30 0.63 -1.18 -220.00 41.00 100.00 617.00 -168.00 -1216.00 0
3446 -2.09 0.21 -1.25 -223.00 41.00 101.00 617.00 -168.00 -1216.00 0
3456 -1.95 -0.42 -1.25 -221.00 42.00 101.00 617.00 -167.00 -1213.00 0
3465 -1.95 -1.18 -1.18 -217.00 38.00 101.00 617.00 -167.00 -1213.00 0
3474 -2.16 -2.16 -0.97 -214.00 35.00 96.00 617.00 -167.00 -1213.00 0
3483 -2.37 -3.06 -0.77 -211.00 30.00 96.00 617.00 -167.00 -1213.00 0
3492 -2.71 -4.24 -0.42 -214.00 29.00 96.00 617.00 -167.00 -1213.00 0
3502 -2.57 -4.59 -0.28 -217.00 26.00 98.00 617.00 -167.00 -1213.00 0
3511 -2.23 -5.01 -0.14 -219.00 28.00 101.00 617.00 -167.00 -1213.00 0
3520 -1.67 -5.43 0.07 -224.00 30.00 102.00 619.00 -169.00 -1144.00 0
3529 -0.77 -6.12 0.35 -226.00 38.00 105.00 619.00 -169.00 -1144.00 0
3538 0.07 -6.96 0.70 -227.00 48.00 98.00 619.00 -169.00 -1144.00 0
3548 1.60 -9.18 2.23 -225.00 46.00 96.00 619.00 -169.00 -1144.00 0
3557 1.67 -10.30 3.20 -225.00 39.00 97.00 619.00 -169.00 -1144.00 0
3566 1.67 -11.34 4.17 -226.00 39.00 91.00 619.00 -169.00 -1144.00 0
3575 1.74 -12.31 5.01 -224.00 43.00 95.00 619.00 -169.00 -1144.00 0
3585 2.02 -13.15 5.70 -227.00 50.00 102.00 613.00 -176.00 -1187.00 0
3594 2.50 -13.77 6.19 -222.00 59.00 105.00 613.00 -176.00 -1187.00 0
3603 3.41 -15.44 6.68 -231.00 66.00 111.00 613.00 -176.00 -1187.00 0
3612 3.62 -16.83 6.89 -232.00 67.00 118.00 613.00 -176.00 -1187.00 0
3621 3.55 -18.92 7.03 -233.00 66.00 127.00 613.00 -176.00 -1187.00 0
3631 3.41 -21.84 7.03 -240.00 65.00 125.00 613.00 -176.00 -1187.00 0
3640 3.27 -25.88 6.89 -219.00 52.00 108.00 613.00 -176.00 -1187.00 0
3649 3.27 -35.41 4.80 -164.00 36.00 79.00 603.00 -180.00 -1191.00 0
3658 3.55 -37.91 3.62 -124.00 19.00 80.00 603.00 -180.00 -1191.00 0
3667 5.29 -38.26 7.58 -145.00 4.00 89.00 603.00 -180.00 -1191.00 0
3677 10.99 -35.90 14.40 -167.00 30.00 91.00 603.00 -180.00 -1191.00 0
3687 20.38 -32.35 21.70 -185.00 85.00 103.00 603.00 -180.00 -1191.00 0
3696 30.68 -28.10 28.87 -179.00 92.00 116.00 603.00 -180.00 -1191.00 0
3705 43.41 -19.06 39.51 -176.00 87.00 120.00 603.00 -180.00 -1191.00 0
3715 45.29 -14.89 42.16 -177.00 72.00 116.00 599.00 -222.00 -1347.00 0
3724 44.31 -11.06 41.74 -183.00 59.00 117.00 599.00 -222.00 -1347.00 0
3733 41.32 -7.79 38.33 -190.00 49.00 115.00 599.00 -222.00 -1347.00 0
3742 37.29 -5.08 32.97 -192.00 34.00 114.00 599.00 -222.00 -1347.00 0
3752 32.28 -2.92 16.70 -195.00 21.00 114.00 599.00 -222.00 -1347.00 0
3762 21.15 -1.39 6.19 -193.00 19.00 108.00 599.00 -222.00 -1347.00 0
3771 15.79 -1.39 -5.08 -200.00 25.00 106.00 599.00 -222.00 -1347.00 0
3780 10.71 -1.32 -16.21 -211.00 26.00 103.00 596.00 -209.00 -1157.00 0
3789 5.98 -1.25 -26.23 -230.00 45.00 111.00 596.00 -209.00 -1157.00 0
3799 2.43 -1.04 -34.02 -242.00 46.00 105.00 596.00 -209.00 -1157.00 0
3808 -1.60 -1.25 -40.77 -249.00 61.00 96.00 596.00 -209.00 -1157.00 0
3817 -1.88 -1.60 -39.30 -255.00 63.00 95.00 596.00 -209.00 -1157.00 0
3826 -1.60 -1.95 -35.34 -254.00 64.00 82.00 596.00 -209.00 -1157.00 0
3835 -0.49 -2.02 -29.15 -252.00 64.00 78.00 596.00 -209.00 -1157.00 0
3845 1.39 -1.74 -21.70 -239.00 69.00 74.00 596.00 -206.00 -1177.00 0
3854 3.48 -1.32 -13.98 -221.00 80.00 72.00 598.00 -206.00 -1177.00 0
3863 7.10 0.56 -0.63 -210.00 76.00 72.00 598.00 -206.00 -1177.00 0
3872 7.58 1.88 3.55 -200.00 69.00 80.00 598.00 -206.00 -1177.00 0
3881 7.79 3.13 5.84 -193.00 70.00 86.00 598.00 -206.00 -1177.00 0
3891 7.44 4.59 6.26 -191.00 76.00 88.00 598.00 -206.00 -1177.00 0
3900 6.75 6.26 5.08 -191.00 82.00 95.00 598.00 -206.00 -1177.00 0
3909 5.70 8.00 2.71 -199.00 84.00 100.00 598.00 -206.00 -1177.00 0
3918 2.16 10.71 -4.87 -208.00 83.00 115.00 598.00 -206.00 -1177.00 0
3928 0.77 10.23 -8.63 -208.00 82.00 116.00 598.00 -206.00 -1177.00 0
3937 -1.11 8.83 -12.03 -217.00 71.00 112.00 598.00 -206.00 -1177.00 0
3947 -2.92 6.89 -14.89 -219.00 64.00 120.00 598.00 -206.00 -1177.00 0
3956 -4.45 5.01 -17.04 -216.00 53.00 115.00 598.00 -206.00 -1177.00 0
3965 -5.36 3.41 -18.30 -217.00 50.00 117.00 598.00 -206.00 -1177.00 0
3975 -6.61 0.63 -19.20 -210.00 57.00 122.00 598.00 -206.00 -1177.00 0
3984 -7.10 -0.97 -19.27 -208.00 38.00 110.00 598.00 -206.00 -1177.00 0
3993 -8.00 -2.57 -19.62 -207.00 43.00 113.00 598.00 -206.00 -1177.00 0
4002 -7.79 -3.97 -19.41 -197.00 41.00 111.00 598.00 -206.00 -1177.00 0
4012 -7.58 -5.01 -18.99 -195.00 29.00 105.00 598.00 -206.00 -1177.00 0
4021 -7.51 -6.05 -18.16 -203.00 33.00 106.00 598.00 -206.00 -1177.00 0
4030 -6.89 -6.12 -17.53 -196.00 30.00 102.00 598.00 -206.00 -1177.00 0
4039 -6.12 -5.63 -16.83 -205.00 25.00 106.00 598.00 -206.00 -1177.00 0
4048 -4.87 -4.73 -15.65 -216.00 24.00 109.00 598.00 -193.00 -1082.00 0
4059 -3.62 -3.83 -14.40 -219.00 36.00 111.00 598.00 -193.00 -1082.00 0
4068 -1.74 -3.34 -12.87 -216.00 36.00 109.00 598.00 -193.00 -1082.00 0
4077 1.81 -3.69 -9.74 -215.00 28.00 102.00 598.00 -193.00 -1082.00 0
4086 3.34 -3.76 -8.28 -214.00 35.00 106.00 598.00 -193.00 -1082.00 0
4096 5.36 -3.69 -6.61 -214.00 36.00 109.00 598.00 -193.00 -1082.00 0
4105 7.23 -3.48 -5.01 -215.00 46.00 111.00 598.00 -193.00 -1082.00 0
4114 9.39 -3.41 -3.48 -210.00 58.00 109.00 598.00 -193.00 -1082.00 0
4123 11.41 -3.48 -1.81 -209.00 64.00 109.00 598.00 -193.00 -1082.00 0
4132 14.05 -3.41 2.92 -203.00 63.00 107.00 598.00 -193.00 -1082.00 0
4142 14.96 -3.55 5.22 -200.00 58.00 105.00 598.00 -193.00 -1082.00 0
4151 15.17 -3.69 6.82 -196.00 51.00 102.00 598.00 -193.00 -1082.00 0
4160 14.40 -3.55 7.58 -195.00 55.00 98.00 598.00 -193.00 -1082.00 0
4169 14.19 -3.41 7.79 -197.00 62.00 94.00 598.00 -193.00 -1082.00 0
4178 14.05 -2.43 7.58 -205.00 68.00 102.00 598.00 -193.00 -1082.00 0
4188 14.05 -1.81 7.44 -207.00 75.00 105.00 598.00 -193.00 -1082.00 0
4197 13.84 -1.39 7.10 -210.00 75.00 99.00 598.00 -193.00 -1082.00 0
4206 13.29 -1.32 6.54 -210.00 74.00 99.00 598.00 -193.00 -1082.00 0
4215 12.38 -1.46 5.57 -211.00 76.00 98.00 598.00 -193.00 -1082.00 0
4225 11.34 -1.74 4.52 -213.00 75.00 102.00 598.00 -193.00 -1082.00 0
4235 8.35 -2.30 2.30 -215.00 78.00 96.00 598.00 -193.00 -1082.00 0
4243 6.54 -2.43 1.39 -222.00 77.00 99.00 598.00 -193.00 -1082.00 0
4252 4.38 -2.78 0.63 -220.00 68.00 105.00 598.00 -193.00 -1082.00 0
4262 1.81 -3.20 -0.21 -220.00 66.00 103.00 598.00 -193.00 -1082.00 0
4272 -0.42 -3.69 -0.83 -212.00 61.00 99.00 598.00 -193.00 -1082.00 0
4281 -2.57 -4.17 -1.53 -203.00 58.00 103.00 598.00 -193.00 -1082.00 0
4290 -5.36 -4.94 -2.09 -199.00 58.00 103.00 598.00 -193.00 -1082.00 0
4299 -6.40 -4.94 -2.23 -196.00 53.00 104.00 598.00 -193.00 -1082.00 0
4308 -7.17 -4.80 -2.30 -195.00 52.00 101.00 599.00 -216.00 -1302.00 0
4318 -7.79 -4.45 -2.23 -194.00 55.00 104.00 599.00 -216.00 -1302.00 0
4327 -8.14 -3.83 -2.09 -194.00 52.00 104.00 599.00 -216.00 -1302.00 0
4336 -8.21 -3.20 -1.81 -197.00 55.00 108.00 599.00 -216.00 -1302.00 0
4345 -7.93 -1.39 -0.83 -198.00 55.00 109.00 599.00 -216.00 -1302.00 0
4355 -7.65 -0.63 -0.21 -200.00 59.00 105.00 599.00 -216.00 -1302.00 0
4364 -7.51 0.07 0.42 -202.00 63.00 109.00 599.00 -216.00 -1302.00 0
4373 -7.44 0.63 1.04 -209.00 62.00 106.00 600.00 -218.00 -1200.00 0
4382 -7.44 1.04 1.81 -211.00 65.00 107.00 600.00 -218.00 -1200.00 0
4391 -7.51 1.39 2.71 -211.00 66.00 106.00 600.00 -218.00 -1200.00 0
4401 -8.21 1.67 4.66 -210.00 64.00 100.00 600.00 -218.00 -1200.00 0
4410 -8.83 1.81 5.63 -207.00 61.00 101.00 600.00 -218.00 -1200.00 0
4419 -9.39 1.95 6.54 -209.00 57.00 101.00 600.00 -218.00 -1200.00 0
4428 -9.74 2.23 7.37 -212.00 57.00 102.00 600.00 -218.00 -1200.00 0
4438 -10.02 2.50 7.86 -211.00 53.00 109.00 601.00 -217.00 -1203.00 0
4447 -10.02 2.71 8.00 -209.00 50.00 104.00 601.00 -217.00 -1203.00 0
4456 -8.97 2.64 7.10 -207.00 56.00 103.00 601.00 -217.00 -1203.00 0
4465 -8.21 2.50 6.33 -205.00 59.00 107.00 601.00 -217.00 -1203.00 0
4474 -7.58 2.37 5.43 -203.00 59.00 104.00 601.00 -217.00 -1203.00 0
4484 -7.10 2.30 4.59 -202.00 59.00 105.00 601.00 -217.00 -1203.00 0
4493 -6.75 2.23 3.69 -208.00 58.00 107.00 601.00 -217.00 -1203.00 0
4502 -6.33 2.16 2.30 -207.00 57.00 109.00 600.00 -221.00 -1042.00 0
4511 -5.50 2.23 1.67 -213.00 59.00 103.00 600.00 -221.00 -1042.00 0
4520 -5.08 2.16 1.39 -208.00 61.00 106.00 600.00 -221.00 -1042.00 0
4530 -4.73 2.23 1.18 -206.00 53.00 108.00 600.00 -221.00 -1042.00 0
4540 -4.59 2.43 1.25 -211.00 57.00 106.00 600.00 -221.00 -1042.00 0
4549 -4.24 2.64 1.46 -208.00 52.00 109.00 600.00 -221.00 -1042.00 0
4558 -3.69 2.64 2.57 -214.00 57.00 108.00 600.00 -221.00 -1042.00 0
4568 -2.37 2.57 3.34 -212.00 61.00 112.00 600.00 -223.00 -1090.00 0
4577 -1.67 2.30 4.24 -215.00 64.00 115.00 599.00 -223.00 -1090.00 0
4586 -1.25 1.74 5.22 -212.00 61.00 111.00 599.00 -223.00 -1090.00 0
4595 -0.83 0.77 6.12 -206.00 60.00 107.00 599.00 -223.00 -1090.00 0
4604 -0.63 -0.28 6.82 -201.00 64.00 105.00 599.00 -223.00 -1090.00 0
4614 0.00 -1.88 7.30 -197.00 67.00 112.00 599.00 -223.00 -1090.00 0
4623 0.14 -2.23 7.10 -195.00 69.00 107.00 599.00 -223.00 -1090.00 0
4632 0.00 -2.57 6.68 -194.00 67.00 109.00 599.00 -223.00 -1090.00 0
4641 -0.35 -2.85 6.12 -195.00 66.00 104.00 599.00 -223.00 -1090.00 0
4651 -0.49 -2.85 5.70 -198.00 60.00 111.00 599.00 -223.00 -1090.00 0
4660 -0.77 -2.71 5.22 -203.00 64.00 106.00 599.00 -223.00 -1090.00 0
4669 -0.77 -2.37 4.59 -206.00 67.00 108.00 599.00 -223.00 -1090.00 0
4678 -0.63 -2.30 4.73 -202.00 65.00 102.00 599.00 -223.00 -1090.00 0
4687 -0.63 -2.37 4.87 -197.00 65.00 98.00 599.00 -223.00 -1090.00 0
4697 -0.49 -2.30 5.01 -196.00 65.00 101.00 599.00 -223.00 -1090.00 0
4706 -0.35 -2.02 5.08 -196.00 61.00 96.00 599.00 -223.00 -1090.00 0
4715 -0.35 -1.60 4.80 -193.00 75.00 95.00 599.00 -223.00 -1090.00 0
4724 -0.14 -0.42 4.73 -191.00 72.00 90.00 599.00 -223.00 -1090.00 0
4733 -0.56 0.49 5.08 -192.00 68.00 89.00 599.00 -223.00 -1090.00 0
4743 -1.11 1.74 5.50 -195.00 57.00 90.00 599.00 -223.00 -1090.00 0
4752 -1.88 3.13 5.29 -205.00 45.00 95.00 599.00 -223.00 -1090.00 0
4761 -2.37 4.38 4.38 -202.00 38.00 105.00 599.00 -223.00 -1090.00 0
4770 -2.30 5.22 2.57 -205.00 48.00 110.00 599.00 -223.00 -1090.00 0
4780 0.14 4.24 -3.27 -195.00 59.00 110.00 599.00 -223.00 -1090.00 0
4789 1.25 2.99 -6.68 -190.00 51.00 116.00 599.00 -223.00 -1090.00 0
4798 1.81 1.11 -10.37 -196.00 66.00 141.00 599.00 -223.00 -1090.00 0
4807 2.50 -1.46 -13.84 -196.00 42.00 133.00 599.00 -223.00 -1090.00 0
4816 2.50 -5.15 -17.11 -181.00 7.00 115.00 599.00 -223.00 -1090.00 0
4826 1.53 -9.39 -21.15 -195.00 14.00 126.00 599.00 -223.00 -1090.00 0
4835 4.94 -18.64 -27.69 -179.00 7.00 128.00 599.00 -223.00 -1090.00 0
4844 8.28 -23.86 -31.86 -169.00 -9.00 109.00 599.00 -223.00 -1090.00 0
4853 12.59 -29.57 -37.43 -161.00 -3.00 115.00 599.00 -223.00 -1090.00 0
4864 18.23 -34.85 -45.01 -165.00 40.00 107.00 599.00 -223.00 -1090.00 0
4873 24.49 -40.77 -53.77 -165.00 80.00 75.00 599.00 -223.00 -1090.00 1
4883 32.97 -52.38 -69.15 -190.00 149.00 9.00 599.00 -223.00 -1090.00 1
4893 38.96 -54.89 -67.27 -260.00 138.00 28.00 599.00 -223.00 -1090.00 1
4902 42.92 -50.16 -55.03 -370.00 92.00 132.00 599.00 -223.00 -1090.00 1
4913 43.55 -37.70 -39.03 -340.00 73.00 178.00 599.00 -223.00 -1090.00 1
4923 37.70 -21.01 -19.83 -302.00 63.00 149.00 599.00 -223.00 -1090.00 1
4933 30.40 -19.20 -15.72 -281.00 62.00 126.00 599.00 -223.00 -1090.00 1
4943 21.57 -19.69 -14.33 -233.00 59.00 92.00 599.00 -223.00 -1090.00 1
4954 10.02 -22.68 -13.70 -210.00 88.00 75.00 599.00 -223.00 -1090.00 1
4964 8.63 -24.35 -11.27 -204.00 114.00 81.00 571.00 -235.00 -1048.00 0
4973 7.03 -25.25 -8.70 -194.00 133.00 87.00 571.00 -235.00 -1048.00 0
4982 4.24 -25.25 -5.77 -202.00 146.00 88.00 571.00 -235.00 -1048.00 0
4992 0.07 -24.63 -2.16 -213.00 159.00 101.00 571.00 -235.00 -1048.00 0
5001 -13.84 -20.94 5.77 -227.00 134.00 108.00 571.00 -235.00 -1048.00 0
5010 -26.02 -18.37 8.77 -235.00 77.00 125.00 571.00 -235.00 -1048.00 0
5019 -38.61 -16.49 11.06 -232.00 28.00 133.00 571.00 -235.00 -1048.00 0
5029 -49.67 -16.97 12.31 -228.00 6.00 123.00 562.00 -215.00 -1205.00 0
5039 -57.46 -20.94 12.24 -204.00 3.00 127.00 562.00 -215.00 -1205.00 0
5048 -62.19 -36.59 7.86 -189.00 5.00 123.00 562.00 -215.00 -1205.00 0
5057 -61.29 -44.10 5.15 -167.00 16.00 113.00 562.00 -215.00 -1205.00 0
5066 -56.77 -48.77 2.71 -156.00 54.00 104.00 562.00 -215.00 -1205.00 0
5075 -50.30 -51.06 1.18 -148.00 79.00 118.00 562.00 -215.00 -1205.00 0
5085 -44.10 -50.57 0.97 -149.00 66.00 108.00 562.00 -215.00 -1205.00 0
5094 -40.83 -48.21 0.90 -148.00 59.00 108.00 531.00 -189.00 -1160.00 0
5104 -39.10 -33.25 2.30 -148.00 48.00 110.00 531.00 -189.00 -1160.00 0
5113 -37.50 -21.36 5.01 -163.00 41.00 121.00 531.00 -189.00 -1160.00 0
5123 -35.34 -8.63 8.00 -158.00 1.00 121.00 531.00 -189.00 -1160.00 0
5132 -35.41 2.16 8.63 -171.00 38.00 132.00 531.00 -189.00 -1160.00 0
5141 -31.93 12.52 8.97 -172.00 34.00 119.00 531.00 -189.00 -1160.00 0
5150 -28.03 30.75 8.97 -168.00 52.00 100.00 531.00 -189.00 -1160.00 0
5159 -19.76 42.37 9.60 -174.00 67.00 108.00 560.00 -184.00 -1187.00 0
5169 -15.86 57.95 10.99 -206.00 57.00 131.00 560.00 -184.00 -1187.00 0
5178 -14.89 75.76 11.62 -219.00 41.00 136.00 560.00 -184.00 -1187.00 0
5188 -16.83 92.03 10.85 -229.00 27.00 145.00 560.00 -184.00 -1187.00 0
5197 -18.99 104.21 9.60 -214.00 44.00 123.00 560.00 -184.00 -1187.00 0
5207 -18.30 112.21 8.56 -195.00 33.00 123.00 560.00 -184.00 -1187.00 0
5216 -18.99 111.86 8.21 -194.00 37.00 115.00 560.00 -184.00 -1187.00 0
5225 -19.55 109.70 7.17 -191.00 32.00 103.00 608.00 -183.00 -1293.00 0
5234 -20.38 105.53 5.98 -204.00 39.00 105.00 608.00 -183.00 -1293.00 0
5244 -20.24 99.62 5.84 -219.00 43.00 111.00 608.00 -183.00 -1293.00 0
5254 -19.69 83.62 6.12 -234.00 51.00 113.00 608.00 -183.00 -1293.00 0
5263 -19.34 74.43 6.89 -250.00 64.00 115.00 608.00 -183.00 -1293.00 0
5272 -19.48 65.32 7.86 -248.00 57.00 112.00 608.00 -183.00 -1293.00 0
5281 -20.59 56.63 9.04 -236.00 51.00 104.00 608.00 -183.00 -1293.00 0
5291 -22.12 48.56 10.02 -222.00 48.00 98.00 617.00 -178.00 -1241.00 0
5300 -24.35 41.11 8.77 -213.00 52.00 89.00 617.00 -178.00 -1241.00 0
5309 -29.15 29.22 7.17 -232.00 56.00 107.00 617.00 -178.00 -1241.00 0
5319 -30.33 23.86 5.63 -207.00 51.00 93.00 617.00 -178.00 -1241.00 0
5328 -31.10 18.64 4.94 -199.00 60.00 83.00 617.00 -178.00 -1241.00 0
5338 -31.93 14.12 4.52 -199.00 43.00 81.00 617.00 -178.00 -1241.00 0
5347 -34.16 11.55 4.59 -205.00 75.00 95.00 617.00 -178.00 -1241.00 0
5356 -40.56 7.44 2.09 -209.00 54.00 108.00 616.00 -166.00 -1200.00 0
5365 -46.68 4.17 -0.56 -208.00 25.00 82.00 616.00 -166.00 -1200.00 0
5374 -52.24 0.63 -2.50 -212.00 27.00 87.00 616.00 -166.00 -1200.00 0
5384 -55.51 -2.43 -3.41 -221.00 15.00 76.00 616.00 -166.00 -1200.00 0
5393 -56.83 -4.45 -3.34 -219.00 22.00 63.00 616.00 -166.00 -1200.00 0
5402 -56.35 -5.22 -2.30 -213.00 28.00 93.00 616.00 -166.00 -1200.00 0
5411 -54.12 -1.46 2.78 -227.00 43.00 101.00 616.00 -166.00 -1200.00 0
5421 -50.78 0.56 6.68 -244.00 44.00 113.00 614.00 -151.00 -1349.00 0
5430 -49.74 1.04 8.83 -247.00 28.00 112.00 614.00 -151.00 -1349.00 0
5439 -50.57 -0.21 9.11 -242.00 -1.00 102.00 614.00 -151.00 -1349.00 0
5448 -51.34 -2.85 8.63 -233.00 -9.00 108.00 614.00 -151.00 -1349.00 0
5457 -50.71 -5.77 8.35 -222.00 6.00 99.00 614.00 -151.00 -1349.00 0
5467 -45.63 -11.83 6.75 -210.00 14.00 97.00 614.00 -151.00 -1349.00 0
5477 -43.90 -13.77 5.36 -212.00 8.00 90.00 614.00 -151.00 -1349.00 0
5486 -42.16 -14.82 4.73 -196.00 29.00 102.00 614.00 -151.00 -1349.00 0
5495 -39.65 -14.75 4.87 -191.00 40.00 98.00 614.00 -151.00 -1349.00 0
5505 -38.05 -13.08 5.70 -206.00 37.00 86.00 614.00 -151.00 -1349.00 0
5514 -37.98 -10.37 12.59 -199.00 44.00 120.00 614.00 -151.00 -1349.00 0
5523 -33.67 -7.23 15.86 -208.00 43.00 106.00 614.00 -151.00 -1349.00 0
5532 -32.42 -6.89 18.16 -196.00 5.00 90.00 614.00 -151.00 -1349.00 0
5541 -31.30 -7.17 19.48 -200.00 16.00 96.00 614.00 -151.00 -1349.00 0
5551 -27.62 -6.75 21.22 -189.00 9.00 99.00 614.00 -151.00 -1349.00 0
5560 -22.19 -6.05 22.40 -196.00 6.00 95.00 614.00 -151.00 -1349.00 0
5569 -12.59 -3.13 22.33 -192.00 2.00 100.00 614.00 -151.00 -1349.00 0
5578 -7.30 -1.53 21.36 -194.00 7.00 106.00 614.00 -151.00 -1349.00 0
5587 -1.95 0.56 19.62 -189.00 4.00 104.00 614.00 -151.00 -1349.00 0
5598 2.37 1.81 16.14 -202.00 23.00 96.00 614.00 -151.00 -1349.00 0
5607 6.75 3.83 13.43 -214.00 42.00 95.00 614.00 -151.00 -1349.00 0
5616 11.62 6.12 12.17 -223.00 50.00 105.00 614.00 -151.00 -1349.00 0
5625 19.13 7.79 10.99 -240.00 46.00 116.00 614.00 -151.00 -1349.00 0
5635 19.55 7.51 9.25 -254.00 47.00 111.00 614.00 -151.00 -1349.00 0
5644 18.43 6.96 6.82 -239.00 39.00 105.00 614.00 -151.00 -1349.00 0
5653 16.97 5.91 4.73 -226.00 31.00 98.00 614.00 -151.00 -1349.00 0
5662 15.65 4.94 2.92 -220.00 28.00 99.00 614.00 -151.00 -1349.00 0
5671 14.96 3.76 0.97 -216.00 31.00 95.00 614.00 -151.00 -1349.00 0
5681 15.03 1.39 -2.37 -219.00 36.00 102.00 614.00 -151.00 -1349.00 0
5690 15.30 0.63 -3.06 -220.00 51.00 105.00 614.00 -151.00 -1349.00 0
5699 16.07 -0.07 -2.78 -215.00 53.00 99.00 614.00 -151.00 -1349.00 0
5708 16.07 -0.70 -2.09 -222.00 53.00 106.00 614.00 -151.00 -1349.00 0
5718 15.23 -1.04 -1.39 -223.00 52.00 97.00 614.00 -151.00 -1349.00 0
5727 14.05 -2.71 1.18 -220.00 52.00 101.00 614.00 -151.00 -1349.00 0
5736 12.52 -3.83 2.85 -213.00 45.00 96.00 614.00 -151.00 -1349.00 0
5745 11.34 -4.87 4.10 -213.00 45.00 97.00 614.00 -151.00 -1349.00 0
5754 10.02 -5.29 4.87 -217.00 48.00 97.00 614.00 -151.00 -1349.00 0
5764 9.04 -5.50 5.36 -215.00 45.00 100.00 614.00 -151.00 -1349.00 0
5773 8.35 -5.70 5.63 -213.00 40.00 101.00 614.00 -151.00 -1349.00 0
5782 6.96 -5.98 5.57 -217.00 42.00 110.00 614.00 -151.00 -1349.00 0
5791 7.17 -5.98 5.77 -213.00 40.00 111.00 614.00 -151.00 -1349.00 0
5801 7.86 -6.40 6.19 -212.00 36.00 109.00 614.00 -151.00 -1349.00 0
5811 8.63 -7.17 6.40 -212.00 31.00 108.00 614.00 -151.00 -1349.00 0
5820 9.53 -7.86 6.54 -206.00 31.00 109.00 614.00 -151.00 -1349.00 0
5829 11.27 -8.35 6.96 -198.00 28.00 107.00 614.00 -151.00 -1349.00 0
5838 14.61 -8.97 6.68 -197.00 34.00 105.00 614.00 -151.00 -1349.00 0
5848 16.77 -8.70 6.47 -194.00 35.00 106.00 614.00 -151.00 -1349.00 0
5857 19.13 -8.35 6.12 -188.00 36.00 105.00 614.00 -151.00 -1349.00 0
5866 21.77 -8.07 5.70 -190.00 41.00 106.00 614.00 -151.00 -1349.00 0
5875 25.04 -7.44 6.05 -184.00 41.00 93.00 614.00 -151.00 -1349.00 0
5884 28.31 -7.03 6.33 -183.00 52.00 98.00 612.00 -201.00 -1303.00 0
5894 34.02 -6.82 6.19 -184.00 57.00 94.00 612.00 -201.00 -1303.00 0
5903 35.69 -6.40 5.43 -187.00 53.00 89.00 612.00 -201.00 -1303.00 0
5912 36.10 -5.91 3.76 -187.00 78.00 91.00 612.00 -201.00 -1303.00 0
5921 37.01 -5.70 2.85 -186.00 80.00 100.00 612.00 -201.00 -1303.00 0
5931 36.87 -5.50 2.64 -186.00 80.00 97.00 612.00 -201.00 -1303.00 0
5940 34.85 -5.70 2.02 -189.00 90.00 93.00 612.00 -201.00 -1303.00 0
5949 29.91 -7.30 0.14 -200.00 87.00 91.00 608.00 -215.00 -1216.00 0
5958 28.45 -8.90 -0.56 -206.00 97.00 92.00 608.00 -215.00 -1216.00 0
5967 27.41 -10.92 -1.11 -241.00 126.00 122.00 608.00 -215.00 -1216.00 0
5977 26.23 -13.22 -0.90 -230.00 74.00 110.00 608.00 -215.00 -1216.00 0
5987 22.54 -16.49 -2.02 -220.00 49.00 116.00 608.00 -215.00 -1216.00 0
5996 16.35 -25.32 -13.36 -206.00 19.00 104.00 608.00 -215.00 -1216.00 0
6005 3.90 -29.98 -22.40 -182.00 24.00 82.00 608.00 -215.00 -1216.00 0
6014 1.46 -33.81 -31.79 -159.00 46.00 105.00 593.00 -202.00 -1265.00 0
6024 2.30 -35.62 -40.07 -179.00 27.00 71.00 593.00 -202.00 -1265.00 0
6033 3.83 -35.97 -48.28 -187.00 11.00 84.00 593.00 -202.00 -1265.00 0
6042 5.43 -34.78 -56.49 -193.00 -1.00 84.00 593.00 -202.00 -1265.00 0
6051 8.70 -29.84 -71.65 -187.00 32.00 85.00 593.00 -202.00 -1265.00 1
6062 14.05 -26.16 -74.78 -178.00 116.00 57.00 593.00 -202.00 -1265.00 1
6072 18.57 -22.47 -72.00 -278.00 162.00 18.00 593.00 -202.00 -1265.00 1
6082 27.34 -19.13 -56.56 -320.00 97.00 139.00 575.00 -195.00 -1104.00 1
6092 35.27 -7.86 -16.35 -312.00 75.00 165.00 575.00 -195.00 -1104.00 1
6103 32.77 -2.30 -2.50 -272.00 47.00 139.00 575.00 -195.00 -1104.00 1
6113 26.23 0.00 5.43 -236.00 29.00 102.00 575.00 -195.00 -1104.00 1
6123 13.08 1.46 12.45 -222.00 30.00 92.00 575.00 -195.00 -1104.00 1
6133 9.04 2.64 15.23 -208.00 53.00 80.00 575.00 -195.00 -1104.00 1
6144 8.28 3.41 18.23 -217.00 89.00 92.00 583.00 -218.00 -1226.00 1
6153 9.46 3.20 20.59 -198.00 96.00 90.00 583.00 -218.00 -1226.00 0
6162 8.21 0.49 21.22 -212.00 140.00 103.00 583.00 -218.00 -1226.00 0
6171 6.75 -0.83 21.29 -239.00 128.00 99.00 583.00 -218.00 -1226.00 0
6181 1.67 -0.63 21.77 -266.00 116.00 109.00 583.00 -218.00 -1226.00 0
6191 -3.69 0.42 23.58 -268.00 80.00 119.00 583.00 -218.00 -1226.00 0
6200 -10.50 0.83 24.97 -261.00 40.00 117.00 583.00 -218.00 -1226.00 0
6209 -17.11 0.28 26.37 -246.00 31.00 118.00 589.00 -221.00 -1188.00 0
6218 -24.00 -2.16 26.09 -221.00 24.00 112.00 589.00 -221.00 -1188.00 0
6227 -25.32 -3.20 24.49 -198.00 23.00 104.00 589.00 -221.00 -1188.00 0
6237 -25.39 -4.24 21.70 -187.00 18.00 88.00 589.00 -221.00 -1188.00 0
6246 -24.14 -4.80 18.43 -173.00 35.00 100.00 589.00 -221.00 -1188.00 0
6255 -21.15 -4.94 15.72 -165.00 44.00 104.00 589.00 -221.00 -1188.00 0
6265 -15.86 -2.30 11.41 -165.00 52.00 98.00 589.00 -221.00 -1188.00 0
6275 -13.77 -0.90 9.88 -163.00 58.00 94.00 589.00 -225.00 -1156.00 0
6284 -12.31 -0.28 8.42 -166.00 72.00 87.00 588.00 -225.00 -1156.00 0
6293 -10.78 0.49 6.96 -176.00 69.00 95.00 588.00 -225.00 -1156.00 0
6302 -10.23 1.81 5.63 -186.00 61.00 98.00 588.00 -225.00 -1156.00 0
6311 -10.23 3.76 4.17 -209.00 80.00 117.00 588.00 -225.00 -1156.00 0
6321 -9.74 6.61 0.70 -225.00 87.00 108.00 588.00 -225.00 -1156.00 0
6330 -10.09 6.33 -1.32 -231.00 120.00 128.00 588.00 -225.00 -1156.00 0
6339 -9.67 5.84 -2.92 -226.00 105.00 111.00 588.00 -225.00 -1156.00 0
6348 -11.69 4.45 -5.22 -217.00 93.00 109.00 588.00 -225.00 -1156.00 0
6358 -14.54 3.34 -8.00 -207.00 88.00 100.00 588.00 -225.00 -1156.00 0
6367 -17.88 1.18 -15.03 -204.00 80.00 86.00 588.00 -225.00 -1156.00 0
6376 -24.56 1.11 -18.09 -216.00 100.00 91.00 588.00 -225.00 -1156.00 0
6385 -25.32 2.09 -18.85 -216.00 98.00 87.00 588.00 -225.00 -1156.00 0
6394 -25.81 4.24 -18.43 -212.00 74.00 90.00 588.00 -225.00 -1156.00 0
6405 -27.62 7.72 -18.37 -208.00 65.00 93.00 588.00 -225.00 -1156.00 0
6414 -29.98 12.45 -18.30 -206.00 57.00 96.00 588.00 -225.00 -1156.00 0
6423 -33.88 26.50 -16.14 -204.00 48.00 94.00 588.00 -225.00 -1156.00 0
6432 -34.92 34.37 -15.03 -190.00 45.00 87.00 588.00 -225.00 -1156.00 0
6441 -35.83 42.09 -14.68 -178.00 27.00 79.00 588.00 -225.00 -1156.00 0
6451 -36.87 50.85 -15.37 -178.00 11.00 85.00 588.00 -225.00 -1156.00 0
6460 -37.77 60.73 -16.49 -181.00 9.00 89.00 588.00 -225.00 -1156.00 0
6469 -37.98 70.12 -17.11 -185.00 6.00 89.00 588.00 -225.00 -1156.00 0
6478 -36.10 81.95 -16.00 -186.00 6.00 99.00 588.00 -225.00 -1156.00 0
6488 -34.30 83.90 -14.12 -200.00 18.00 106.00 588.00 -225.00 -1156.00 0
6498 -32.42 83.41 -11.83 -218.00 21.00 116.00 588.00 -225.00 -1156.00 0
6507 -31.65 80.07 -9.74 -237.00 24.00 115.00 588.00 -225.00 -1156.00 0
6516 -31.86 73.67 -8.21 -247.00 8.00 114.00 588.00 -225.00 -1156.00 0
6525 -33.25 54.54 -6.89 -250.00 11.00 111.00 588.00 -225.00 -1156.00 0
6535 -32.28 44.73 -5.36 -249.00 36.00 112.00 588.00 -225.00 -1156.00 0
6544 -29.63 34.50 -4.03 -264.00 89.00 83.00 588.00 -225.00 -1156.00 0
6553 -28.38 23.23 -5.22 -233.00 -1.00 73.00 588.00 -225.00 -1156.00 0
6562 -32.35 12.45 -8.00 -240.00 30.00 79.00 588.00 -225.00 -1156.00 0
6572 -31.65 5.22 -7.17 -241.00 28.00 81.00 588.00 -225.00 -1156.00 0
6581 -27.20 -4.80 -4.03 -295.00 47.00 167.00 588.00 -225.00 -1156.00 0
6591 -37.50 -12.73 -5.15 -199.00 -39.00 31.00 588.00 -225.00 -1156.00 0
6600 -42.57 -23.30 -9.60 -239.00 -4.00 76.00 588.00 -225.00 -1156.00 0
6609 -41.53 -30.05 -9.18 -253.00 -53.00 92.00 588.00 -225.00 -1156.00 0
6619 -41.60 -35.97 -10.57 -168.00 20.00 51.00 588.00 -225.00 -1156.00 0
6628 -39.86 -38.40 -12.73 -151.00 69.00 63.00 588.00 -225.00 -1156.00 0
6637 -25.67 -31.58 -11.06 -174.00 66.00 80.00 588.00 -225.00 -1156.00 0
6646 -21.08 -22.89 -8.35 -201.00 47.00 98.00 588.00 -225.00 -1156.00 0
6656 -17.88 -16.14 -6.47 -212.00 24.00 98.00 588.00 -225.00 -1156.00 0
6665 -16.14 -11.48 -6.54 -214.00 27.00 84.00 588.00 -225.00 -1156.00 0
6674 -14.68 -8.28 -7.17 -222.00 40.00 89.00 588.00 -225.00 -1156.00 0
6683 -9.88 -3.27 -6.40 -226.00 39.00 89.00 588.00 -225.00 -1156.00 0
6692 -8.14 -0.83 -5.57 -224.00 24.00 88.00 588.00 -225.00 -1156.00 0
6702 -6.96 1.18 -4.80 -223.00 16.00 93.00 588.00 -225.00 -1156.00 0
6711 -5.50 2.92 -3.83 -224.00 16.00 91.00 588.00 -225.00 -1156.00 0
6720 -3.41 4.03 -2.50 -222.00 16.00 92.00 588.00 -225.00 -1156.00 0
6729 -1.11 4.66 -1.32 -220.00 18.00 90.00 588.00 -225.00 -1156.00 0
6738 3.41 5.15 1.11 -217.00 23.00 89.00 588.00 -225.00 -1156.00 0
6748 5.43 5.36 2.02 -216.00 34.00 89.00 588.00 -225.00 -1156.00 0
6757 6.82 5.50 2.71 -217.00 42.00 88.00 588.00 -225.00 -1156.00 0
6766 6.75 5.63 2.78 -222.00 32.00 88.00 588.00 -225.00 -1156.00 0
6775 5.77 5.91 2.64 -237.00 39.00 91.00 588.00 -225.00 -1156.00 0
6785 5.01 6.26 2.64 -245.00 38.00 89.00 588.00 -225.00 -1156.00 0
6794 3.06 5.91 2.43 -240.00 38.00 93.00 588.00 -225.00 -1156.00 0
6803 2.23 4.94 2.23 -232.00 39.00 90.00 619.00 -149.00 -1260.00 0
6812 1.67 3.69 2.37 -225.00 32.00 90.00 619.00 -149.00 -1260.00 0
6821 1.32 2.23 2.64 -215.00 34.00 86.00 619.00 -149.00 -1260.00 0
6831 1.11 0.90 2.85 -211.00 35.00 82.00 619.00 -149.00 -1260.00 0
6840 1.18 -0.28 3.06 -213.00 37.00 84.00 619.00 -149.00 -1260.00 0
6849 1.53 -1.11 3.27 -207.00 34.00 87.00 619.00 -149.00 -1260.00 0
6858 1.74 -1.04 3.48 -214.00 37.00 88.00 619.00 -149.00 -1260.00 0
6867 2.02 -0.83 3.62 -222.00 36.00 92.00 623.00 -156.00 -1165.00 0
6877 2.43 -0.77 3.83 -226.00 38.00 90.00 623.00 -156.00 -1165.00 0
6886 2.92 -0.83 4.03 -228.00 41.00 91.00 623.00 -156.00 -1165.00 0
6895 3.27 -1.25 4.17 -225.00 40.00 90.00 623.00 -156.00 -1165.00 0
6904 3.13 -2.64 4.17 -224.00 47.00 90.00 623.00 -156.00 -1165.00 0
6914 2.02 -3.41 3.76 -225.00 36.00 92.00 623.00 -156.00 -1165.00 0
6923 0.49 -4.24 3.06 -221.00 34.00 89.00 623.00 -156.00 -1165.00 0
6932 -0.63 -5.08 2.57 -218.00 34.00 90.00 624.00 -157.00 -1302.00 0
6941 -1.25 -5.77 2.43 -215.00 30.00 95.00 624.00 -157.00 -1302.00 0
6950 -1.60 -6.12 2.50 -211.00 33.00 93.00 624.00 -157.00 -1302.00 0
6960 -1.60 -6.33 2.92 -206.00 32.00 96.00 624.00 -157.00 -1302.00 0
6969 -0.63 -6.05 3.27 -204.00 30.00 96.00 624.00 -157.00 -1302.00 0
6978 0.07 -5.63 3.62 -205.00 38.00 95.00 624.00 -157.00 -1302.00 0
6987 0.83 -5.01 3.83 -210.00 46.00 104.00 624.00 -157.00 -1302.00 0
6996 1.53 -4.45 4.24 -216.00 49.00 106.00 623.00 -163.00 -1275.00 0
7006 2.23 -4.03 5.15 -217.00 43.00 111.00 623.00 -163.00 -1275.00 0
7015 2.85 -4.24 7.37 -223.00 34.00 112.00 623.00 -163.00 -1275.00 0
7024 2.64 -4.73 8.14 -213.00 30.00 104.00 623.00 -163.00 -1275.00 0
7033 2.57 -5.29 8.77 -207.00 26.00 105.00 623.00 -163.00 -1275.00 0
7043 2.99 -5.50 9.46 -207.00 30.00 100.00 623.00 -163.00 -1275.00 0
7052 3.62 -5.43 10.02 -206.00 23.00 96.00 623.00 -163.00 -1275.00 0
7061 4.24 -5.08 10.30 -204.00 25.00 97.00 623.00 -163.00 -1275.00 0
7070 6.33 -4.17 10.02 -205.00 31.00 88.00 623.00 -163.00 -1275.00 0
7079 7.58 -3.62 9.74 -206.00 23.00 86.00 623.00 -163.00 -1275.00 0
7089 8.90 -3.13 9.32 -205.00 24.00 84.00 623.00 -163.00 -1275.00 0
7098 10.64 -2.64 8.97 -208.00 28.00 80.00 623.00 -163.00 -1275.00 0
7107 12.80 -2.16 8.56 -209.00 33.00 83.00 623.00 -163.00 -1275.00 0
7116 15.17 -1.88 8.14 -222.00 38.00 83.00 623.00 -163.00 -1275.00 0
7126 19.55 -2.37 7.72 -222.00 46.00 81.00 623.00 -163.00 -1275.00 0
7135 21.36 -3.48 7.51 -235.00 55.00 72.00 623.00 -163.00 -1275.00 0
7144 22.19 -3.69 8.00 -221.00 53.00 65.00 623.00 -163.00 -1275.00 0
7153 22.05 -4.38 7.17 -215.00 50.00 66.00 623.00 -163.00 -1275.00 0
7163 22.26 -5.63 5.43 -219.00 47.00 70.00 623.00 -163.00 -1275.00 0
7173 22.54 -6.40 3.20 -223.00 49.00 90.00 623.00 -163.00 -1275.00 0
7182 23.72 -6.89 -1.32 -233.00 57.00 98.00 623.00 -163.00 -1275.00 0
7191 23.65 -7.93 -4.45 -275.00 106.00 172.00 623.00 -163.00 -1275.00 0
7200 21.29 -12.17 -8.28 -236.00 53.00 137.00 613.00 -190.00 -1362.00 0
7209 15.51 -19.06 -15.03 -251.00 63.00 163.00 613.00 -190.00 -1362.00 0
7219 14.19 -27.27 -20.45 -215.00 46.00 120.00 613.00 -190.00 -1362.00 0
7228 11.55 -36.59 -29.36 -174.00 59.00 87.00 613.00 -190.00 -1362.00 0
7237 16.00 -53.70 -31.17 -161.00 12.00 45.00 613.00 -190.00 -1362.00 0
7246 13.01 -59.90 -33.32 -140.00 25.00 67.00 613.00 -190.00 -1362.00 0
7257 11.13 -63.30 -35.97 -138.00 18.00 87.00 613.00 -190.00 -1362.00 0
7266 11.76 -63.58 -38.89 -168.00 -9.00 67.00 613.00 -190.00 -1362.00 0
7275 10.50 -62.05 -42.64 -167.00 24.00 99.00 613.00 -190.00 -1362.00 0
7284 13.63 -55.93 -47.44 -144.00 -10.00 95.00 613.00 -190.00 -1362.00 0
7293 13.08 -51.48 -52.38 -139.00 7.00 99.00 613.00 -190.00 -1362.00 1
7304 13.70 -47.03 -59.69 -149.00 146.00 18.00 613.00 -190.00 -1362.00 1
7314 16.00 -43.97 -63.86 -267.00 79.00 39.00 613.00 -190.00 -1362.00 1
7324 23.72 -29.98 -31.65 -372.00 4.00 116.00 613.00 -190.00 -1362.00 1
7334 29.01 -18.09 -10.16 -368.00 38.00 197.00 613.00 -190.00 -1362.00 1
7345 34.64 -8.42 4.94 -297.00 39.00 150.00 613.00 -190.00 -1362.00 1
7355 31.93 -3.76 15.44 -239.00 70.00 70.00 613.00 -190.00 -1362.00 1
7365 29.91 -4.03 18.23 -202.00 93.00 90.00 613.00 -190.00 -1362.00 1
7375 26.85 -2.99 20.38 -197.00 94.00 86.00 613.00 -190.00 -1362.00 1
7386 22.75 -0.07 22.54 -187.00 107.00 88.00 613.00 -190.00 -1362.00 1
7395 16.77 1.67 24.14 -189.00 120.00 95.00 613.00 -190.00 -1362.00 0
7405 13.22 1.88 24.63 -199.00 127.00 90.00 613.00 -190.00 -1362.00 0
7414 8.14 3.06 25.74 -224.00 128.00 103.00 613.00 -190.00 -1362.00 0
7424 2.43 4.80 27.62 -248.00 90.00 108.00 613.00 -190.00 -1362.00 0
7433 -4.59 5.57 28.73 -260.00 49.00 117.00 613.00 -190.00 -1362.00 0
7442 -18.78 6.61 30.26 -264.00 25.00 125.00 613.00 -190.00 -1362.00 0
7452 -23.79 7.23 30.96 -259.00 21.00 123.00 613.00 -190.00 -1362.00 0
7461 -29.57 6.75 31.10 -239.00 8.00 108.00 613.00 -190.00 -1362.00 0
7471 -31.30 5.43 31.23 -212.00 2.00 102.00 613.00 -190.00 -1362.00 0
7480 -30.89 3.55 29.36 -198.00 22.00 102.00 613.00 -190.00 -1362.00 0
7489 -28.73 0.42 25.81 -181.00 45.00 95.00 613.00 -190.00 -1362.00 0
7498 -22.96 -0.21 24.83 -174.00 61.00 93.00 613.00 -190.00 -1362.00 0
7507 -20.45 -0.77 23.51 -173.00 62.00 95.00 613.00 -190.00 -1362.00 0
7517 -19.34 -0.63 22.05 -175.00 61.00 100.00 613.00 -190.00 -1362.00 0
7526 -19.13 0.56 20.24 -175.00 54.00 93.00 613.00 -190.00 -1362.00 0
7535 -19.27 2.64 18.71 -169.00 68.00 96.00 613.00 -190.00 -1362.00 0
7544 -17.53 7.86 17.46 -157.00 65.00 94.00 613.00 -190.00 -1362.00 0
7554 -18.78 10.43 15.79 -174.00 65.00 98.00 613.00 -190.00 -1362.00 0
7564 -19.41 14.05 15.03 -189.00 77.00 110.00 613.00 -190.00 -1362.00 0
7573 -18.09 17.81 15.58 -196.00 78.00 108.00 613.00 -190.00 -1362.00 0
7582 -18.02 21.15 16.21 -198.00 74.00 117.00 613.00 -190.00 -1362.00 0
7591 -19.27 23.51 14.26 -202.00 83.00 111.00 613.00 -190.00 -1362.00 0
7601 -21.91 25.39 12.80 -204.00 98.00 111.00 613.00 -190.00 -1362.00 0
7610 -23.23 25.11 11.13 -207.00 83.00 126.00 613.00 -190.00 -1362.00 0
7620 -25.39 24.56 8.77 -211.00 60.00 102.00 613.00 -190.00 -1362.00 0
7629 -28.45 23.30 5.63 -186.00 80.00 105.00 613.00 -190.00 -1362.00 0
7639 -28.66 21.91 1.88 -189.00 73.00 94.00 613.00 -190.00 -1362.00 0
7648 -29.43 21.98 -3.13 -177.00 63.00 81.00 613.00 -190.00 -1362.00 0
7657 -30.19 23.17 -6.33 -170.00 77.00 76.00 609.00 -194.00 -1183.00 0
7666 -30.75 25.67 -8.35 -176.00 63.00 64.00 609.00 -194.00 -1183.00 0
7675 -31.72 29.70 -10.02 -172.00 48.00 61.00 609.00 -194.00 -1183.00 0
7685 -31.93 34.85 -10.92 -175.00 38.00 60.00 609.00 -194.00 -1183.00 0
7694 -30.40 42.16 -10.85 -185.00 17.00 69.00 609.00 -194.00 -1183.00 0
7703 -29.22 62.05 -11.34 -211.00 22.00 77.00 609.00 -194.00 -1183.00 0
7713 -29.08 71.65 -11.62 -228.00 20.00 96.00 609.00 -194.00 -1183.00 0
7723 -29.43 78.33 -12.31 -255.00 21.00 107.00 628.00 -177.00 -1190.00 0
7732 -30.33 81.81 -13.57 -254.00 33.00 115.00 628.00 -177.00 -1190.00 0
7741 -30.68 82.02 -14.96 -255.00 40.00 101.00 628.00 -177.00 -1190.00 0
7750 -29.91 75.90 -17.46 -254.00 31.00 90.00 628.00 -177.00 -1190.00 0
7759 -30.19 70.82 -18.09 -249.00 34.00 78.00 628.00 -177.00 -1190.00 0
7769 -29.98 65.39 -17.39 -244.00 28.00 73.00 628.00 -177.00 -1190.00 0
7779 -29.50 62.40 -15.51 -239.00 27.00 65.00 628.00 -177.00 -1190.00 0
7788 -28.45 61.36 -12.66 -233.00 27.00 70.00 645.00 -164.00 -1152.00 0
7797 -27.13 62.89 -6.05 -233.00 25.00 75.00 645.00 -164.00 -1152.00 0
7806 -24.07 63.86 -2.16 -229.00 17.00 77.00 645.00 -164.00 -1152.00 0
7816 -22.54 64.49 1.25 -232.00 16.00 77.00 645.00 -164.00 -1152.00 0
7825 -21.29 63.86 3.69 -234.00 19.00 83.00 645.00 -164.00 -1152.00 0
7834 -19.90 61.15 5.08 -236.00 33.00 76.00 645.00 -164.00 -1152.00 0
7843 -18.02 56.56 5.98 -245.00 42.00 76.00 645.00 -164.00 -1152.00 0
7853 -13.70 45.01 8.21 -242.00 45.00 73.00 655.00 -169.00 -1255.00 0
7862 -11.83 38.61 9.18 -237.00 48.00 64.00 655.00 -169.00 -1255.00 0
7871 -10.02 32.42 10.09 -231.00 53.00 56.00 655.00 -169.00 -1255.00 0
7881 -8.56 27.13 10.92 -234.00 54.00 52.00 655.00 -169.00 -1255.00 0
7890 -7.93 22.96 11.27 -234.00 49.00 56.00 655.00 -169.00 -1255.00 0
7900 -7.93 19.83 11.13 -236.00 43.00 60.00 655.00 -169.00 -1255.00 0
7909 -8.42 14.96 9.53 -236.00 43.00 59.00 655.00 -169.00 -1255.00 0
7918 -8.70 12.66 8.07 -231.00 43.00 59.00 657.00 -177.00 -1161.00 0
7927 -8.77 10.71 6.54 -237.00 47.00 62.00 657.00 -177.00 -1161.00 0
7937 -8.28 8.83 5.43 -223.00 41.00 59.00 657.00 -177.00 -1161.00 0
7946 -7.79 7.03 4.52 -215.00 41.00 48.00 657.00 -177.00 -1161.00 0
7955 -7.37 5.29 3.34 -222.00 43.00 54.00 657.00 -177.00 -1161.00 0
7964 -5.84 3.13 1.53 -238.00 31.00 57.00 657.00 -177.00 -1161.00 0
7973 -5.98 2.78 0.07 -245.00 53.00 65.00 657.00 -177.00 -1161.00 0
7983 -5.01 3.41 1.46 -239.00 48.00 51.00 660.00 -177.00 -1192.00 0
7992 -5.29 3.41 1.46 -246.00 56.00 57.00 660.00 -177.00 -1192.00 0
8001 -5.08 2.85 1.67 -249.00 49.00 54.00 660.00 -177.00 -1192.00 0
8010 -5.01 2.30 2.16 -244.00 51.00 53.00 660.00 -177.00 -1192.00 0
8019 -5.22 0.49 2.57 -240.00 51.00 51.00 660.00 -177.00 -1192.00 0
8029 -5.29 -0.49 2.92 -229.00 47.00 47.00 660.00 -177.00 -1192.00 0
8038 -5.57 -1.39 3.06 -213.00 26.00 42.00 660.00 -177.00 -1192.00 0
8047 -6.89 -2.50 0.97 -218.00 67.00 53.00 660.00 -177.00 -1418.00 0
8056 -6.26 -2.16 0.77 -245.00 45.00 71.00 654.00 -177.00 -1418.00 0
8065 -6.89 -1.46 0.97 -233.00 37.00 60.00 654.00 -177.00 -1418.00 0
8074 -6.75 -2.78 0.49 -224.00 47.00 60.00 654.00 -177.00 -1418.00 0
8083 -6.33 -4.17 -0.42 -232.00 48.00 57.00 654.00 -177.00 -1418.00 0
8092 -6.47 -5.29 -1.53 -235.00 47.00 61.00 654.00 -177.00 -1418.00 0
8101 -6.61 -6.26 -2.50 -238.00 43.00 63.00 654.00 -177.00 -1418.00 0
8111 -6.75 -7.10 -3.06 -250.00 43.00 65.00 654.00 -177.00 -1418.00 0
8120 -6.96 -8.14 -3.48 -251.00 46.00 69.00 654.00 -177.00 -1418.00 0
8129 -6.96 -12.80 -5.29 -248.00 44.00 66.00 654.00 -177.00 -1418.00 0
8138 -6.40 -16.07 -6.05 -248.00 43.00 63.00 654.00 -177.00 -1418.00 0
8147 -5.77 -19.34 -6.26 -244.00 41.00 68.00 654.00 -177.00 -1418.00 0
8157 -4.38 -22.61 -5.91 -244.00 41.00 73.00 654.00 -177.00 -1418.00 0
8167 -2.99 -26.02 -5.43 -237.00 43.00 71.00 654.00 -177.00 -1418.00 0
8176 -1.74 -29.36 -5.01 -239.00 41.00 79.00 654.00 -177.00 -1418.00 0
8185 0.56 -36.24 -4.38 -233.00 36.00 80.00 654.00 -177.00 -1418.00 0
8195 1.46 -39.65 -4.31 -228.00 33.00 78.00 654.00 -177.00 -1418.00 0
8204 2.71 -43.13 -4.38 -216.00 31.00 68.00 654.00 -177.00 -1418.00 0
8213 4.17 -46.05 -4.52 -204.00 42.00 63.00 654.00 -177.00 -1418.00 0
8222 5.98 -48.00 -4.31 -205.00 48.00 67.00 654.00 -177.00 -1418.00 0
8231 7.93 -48.63 -3.34 -209.00 53.00 71.00 654.00 -177.00 -1418.00 0
8241 10.64 -45.84 -0.42 -222.00 51.00 77.00 654.00 -177.00 -1418.00 0
8250 10.23 -43.76 -0.83 -236.00 36.00 85.00 654.00 -177.00 -1418.00 0
8259 8.63 -41.88 -2.78 -237.00 21.00 95.00 654.00 -177.00 -1418.00 0
8268 7.03 -39.93 -4.94 -257.00 25.00 97.00 654.00 -177.00 -1418.00 0
8278 6.40 -37.98 -6.89 -230.00 17.00 80.00 654.00 -177.00 -1418.00 0
8287 7.65 -36.38 -9.81 -209.00 17.00 73.00 654.00 -177.00 -1418.00 0
8296 12.66 -32.21 -11.20 -202.00 29.00 87.00 654.00 -177.00 -1418.00 0
8305 16.70 -29.15 -11.41 -208.00 51.00 85.00 654.00 -177.00 -1418.00 0
8314 20.31 -25.74 -10.64 -171.00 40.00 91.00 654.00 -177.00 -1418.00 0
8324 22.33 -22.68 -8.49 -185.00 25.00 95.00 654.00 -177.00 -1418.00 0
8333 23.17 -18.57 -6.61 -172.00 7.00 88.00 654.00 -177.00 -1418.00 0
8342 25.18 -11.76 -7.17 -176.00 -62.00 99.00 654.00 -177.00 -1418.00 0
8352 26.23 -6.19 -0.90 -187.00 1.00 93.00 654.00 -177.00 -1418.00 0
8361 28.31 0.70 -2.43 -187.00 35.00 101.00 654.00 -177.00 -1418.00 0
8371 33.81 1.81 -4.94 -183.00 -39.00 86.00 654.00 -177.00 -1418.00 0
8380 36.80 1.46 -4.59 -199.00 36.00 83.00 654.00 -177.00 -1418.00 0
8389 40.83 3.83 -6.26 -205.00 79.00 85.00 654.00 -177.00 -1418.00 0
8398 48.14 -0.07 -15.17 -220.00 80.00 74.00 654.00 -177.00 -1418.00 0
8408 48.21 -2.50 -19.62 -214.00 75.00 72.00 654.00 -177.00 -1418.00 0
8417 46.61 -4.73 -23.51 -225.00 67.00 66.00 654.00 -177.00 -1418.00 0
8426 44.03 -7.44 -27.34 -236.00 78.00 52.00 654.00 -177.00 -1418.00 0
8435 41.18 -10.02 -30.75 -235.00 77.00 49.00 654.00 -177.00 -1418.00 0
8444 39.23 -12.73 -33.25 -228.00 68.00 59.00 609.00 -187.00 -1214.00 0
8454 33.74 -17.39 -37.08 -231.00 55.00 66.00 609.00 -187.00 -1214.00 0
8463 30.68 -19.76 -42.78 -229.00 43.00 68.00 609.00 -187.00 -1214.00 0
8473 28.17 -21.98 -49.32 -225.00 33.00 76.00 609.00 -187.00 -1214.00 0
8482 25.53 -24.28 -57.04 -219.00 61.00 75.00 609.00 -187.00 -1214.00 0
8492 24.21 -26.99 -65.32 -221.00 94.00 67.00 609.00 -187.00 -1214.00 1
8502 21.36 -32.14 -72.90 -293.00 202.00 -43.00 609.00 -187.00 -1214.00 1
8512 18.23 -32.56 -62.89 -378.00 43.00 9.00 609.00 -187.00 -1214.00 1
8521 10.43 -32.83 -43.13 -362.00 9.00 165.00 609.00 -187.00 -1214.00 1
8531 2.78 -19.62 -18.30 -328.00 -49.00 130.00 609.00 -187.00 -1214.00 1
8542 -8.90 -15.79 -16.56 -243.00 -38.00 77.00 609.00 -187.00 -1214.00 1
8552 -10.37 -16.77 -15.37 -189.00 22.00 66.00 609.00 -187.00 -1214.00 1
8562 -6.33 -17.18 -10.64 -154.00 40.00 68.00 609.00 -187.00 -1214.00 1
8572 2.16 -14.05 -0.90 -150.00 76.00 84.00 578.00 -172.00 -1220.00 1
8582 4.31 -11.55 3.27 -164.00 71.00 79.00 578.00 -172.00 -1220.00 0
8591 3.06 -8.56 6.33 -183.00 79.00 87.00 578.00 -172.00 -1220.00 0
8601 1.46 -5.91 8.35 -199.00 83.00 86.00 578.00 -172.00 -1220.00 0
8610 -0.14 -3.34 10.78 -237.00 95.00 80.00 578.00 -172.00 -1220.00 0
8620 -6.75 2.64 16.21 -265.00 87.00 95.00 578.00 -172.00 -1220.00 0
8629 -11.97 5.01 18.23 -305.00 63.00 111.00 578.00 -172.00 -1220.00 0
8638 -17.53 5.70 19.90 -323.00 41.00 106.00 591.00 -180.00 -1215.00 0
8647 -22.96 4.59 20.94 -321.00 38.00 101.00 591.00 -180.00 -1215.00 0
8656 -27.48 1.81 20.73 -288.00 30.00 90.00 591.00 -180.00 -1215.00 0
8666 -30.82 -2.23 19.20 -262.00 28.00 79.00 591.00 -180.00 -1215.00 0
8675 -33.39 -10.57 14.61 -220.00 31.00 73.00 591.00 -180.00 -1215.00 0
8684 -32.63 -13.50 11.97 -187.00 28.00 74.00 591.00 -180.00 -1215.00 0
8693 -31.72 -15.30 9.74 -170.00 11.00 74.00 591.00 -180.00 -1215.00 0
8702 -31.03 -16.00 7.86 -169.00 20.00 80.00 591.00 -162.00 -1190.00 0
8713 -30.33 -15.23 6.05 -171.00 15.00 83.00 596.00 -162.00 -1190.00 0
8722 -29.29 -11.41 2.23 -183.00 21.00 82.00 596.00 -162.00 -1190.00 0
8731 -28.59 -8.90 0.97 -190.00 36.00 79.00 596.00 -162.00 -1190.00 0
8740 -27.48 -6.12 0.90 -213.00 57.00 75.00 596.00 -162.00 -1190.00 0
8750 -26.43 -2.78 2.02 -231.00 65.00 79.00 596.00 -162.00 -1190.00 0
8759 -26.23 0.77 4.10 -245.00 72.00 80.00 596.00 -162.00 -1190.00 0
8768 -26.92 4.38 6.61 -242.00 51.00 78.00 596.00 -162.00 -1190.00 0
8777 -33.04 11.76 9.95 -234.00 7.00 81.00 596.00 -162.00 -1190.00 0
8786 -35.76 14.96 9.95 -236.00 33.00 97.00 596.00 -162.00 -1190.00 0
8796 -33.95 18.09 13.22 -214.00 23.00 87.00 596.00 -162.00 -1190.00 0
8805 -33.25 20.31 15.51 -193.00 20.00 85.00 596.00 -162.00 -1190.00 0
8814 -32.70 21.70 16.35 -179.00 38.00 71.00 596.00 -162.00 -1190.00 0
8823 -31.30 23.51 17.46 -182.00 63.00 70.00 596.00 -162.00 -1190.00 0
8833 -27.97 30.12 21.50 -180.00 72.00 66.00 596.00 -162.00 -1190.00 0
8842 -28.10 34.64 24.70 -182.00 60.00 63.00 596.00 -162.00 -1190.00 0
8852 -29.84 41.39 27.90 -184.00 35.00 69.00 596.00 -162.00 -1190.00 0
8861 -32.56 49.88 30.40 -170.00 30.00 58.00 596.00 -162.00 -1190.00 0
8870 -35.06 58.92 31.58 -169.00 39.00 44.00 596.00 -162.00 -1190.00 0
8880 -38.05 82.71 31.58 -188.00 45.00 58.00 596.00 -162.00 -1190.00 0
8889 -39.72 97.11 31.44 -215.00 38.00 64.00 596.00 -162.00 -1190.00 0
8898 -42.30 110.33 30.47 -235.00 59.00 59.00 596.00 -162.00 -1190.00 0
8907 -45.22 121.32 29.15 -253.00 61.00 59.00 596.00 -162.00 -1190.00 0
8918 -48.49 129.11 28.03 -258.00 48.00 54.00 596.00 -162.00 -1190.00 0
8927 -52.03 133.50 27.06 -255.00 40.00 52.00 596.00 -162.00 -1190.00 0
8936 -57.81 133.50 25.46 -254.00 43.00 47.00 596.00 -162.00 -1190.00 0
8945 -59.06 131.06 24.90 -256.00 22.00 59.00 596.00 -162.00 -1190.00 0
8954 -60.38 127.30 23.03 -250.00 20.00 39.00 596.00 -162.00 -1190.00 0
8964 -61.29 122.02 19.97 -242.00 23.00 36.00 596.00 -162.00 -1190.00 0
8974 -60.66 116.38 16.42 -237.00 18.00 33.00 596.00 -162.00 -1190.00 0
8983 -57.04 105.32 10.02 -238.00 10.00 29.00 596.00 -162.00 -1190.00 0
8992 -54.82 99.55 7.86 -237.00 11.00 26.00 596.00 -162.00 -1190.00 0
9001 -52.17 93.15 6.40 -233.00 7.00 21.00 596.00 -162.00 -1190.00 0
9011 -49.18 85.70 3.20 -264.00 15.00 38.00 596.00 -162.00 -1190.00 0
9020 -45.15 79.30 4.31 -285.00 -11.00 41.00 596.00 -162.00 -1190.00 0
9029 -43.34 73.88 7.44 -290.00 11.00 51.00 596.00 -162.00 -1190.00 0
9038 -27.76 56.35 10.50 -290.00 18.00 37.00 596.00 -162.00 -1190.00 0
9048 -20.52 45.77 12.17 -272.00 22.00 14.00 596.00 -162.00 -1190.00 0
9057 -15.17 35.13 11.48 -59.00 54.00 -33.00 596.00 -162.00 -1190.00 0
9066 -10.37 18.99 2.57 -278.00 65.00 28.00 596.00 -162.00 -1190.00 0
9076 5.29 5.57 4.31 -263.00 50.00 23.00 596.00 -162.00 -1190.00 0
9085 7.65 -6.54 2.57 -267.00 29.00 27.00 596.00 -162.00 -1190.00 0
9095 8.14 -13.84 0.77 -263.00 37.00 25.00 596.00 -162.00 -1190.00 0
9104 9.39 -21.57 -1.11 -254.00 46.00 20.00 596.00 -162.00 -1190.00 0
9113 10.85 -28.87 -2.37 -255.00 52.00 20.00 596.00 -162.00 -1190.00 0
9122 13.15 -36.52 -2.71 -237.00 49.00 18.00 596.00 -162.00 -1190.00 0
9132 14.54 -43.20 -2.99 -230.00 42.00 19.00 596.00 -162.00 -1190.00 0
9141 15.37 -52.52 -2.43 -223.00 54.00 30.00 596.00 -162.00 -1190.00 0
9150 15.72 -56.14 -2.57 -244.00 52.00 27.00 596.00 -162.00 -1190.00 0
9159 15.03 -59.20 -3.41 -248.00 52.00 36.00 596.00 -162.00 -1190.00 0
9168 14.12 -62.89 -4.94 -259.00 49.00 40.00 596.00 -162.00 -1190.00 0
9178 13.29 -66.50 -6.26 -252.00 49.00 37.00 596.00 -162.00 -1190.00 0
9187 12.38 -69.70 -7.30 -240.00 41.00 38.00 596.00 -162.00 -1190.00 0
9196 11.55 -75.55 -9.11 -232.00 42.00 36.00 596.00 -162.00 -1190.00 0
9205 10.92 -76.17 -9.04 -226.00 37.00 45.00 596.00 -162.00 -1190.00 0
9214 10.09 -75.55 -9.74 -229.00 29.00 53.00 596.00 -162.00 -1190.00 0
9225 8.97 -74.78 -11.55 -244.00 32.00 64.00 596.00 -162.00 -1190.00 0
9234 7.93 -74.50 -13.77 -238.00 33.00 61.00 596.00 -162.00 -1190.00 0
9243 6.33 -78.12 -16.90 -235.00 12.00 60.00 596.00 -162.00 -1190.00 0
9252 6.12 -80.97 -17.95 -236.00 37.00 65.00 596.00 -162.00 -1190.00 0
9262 8.00 -83.76 -18.71 -250.00 37.00 80.00 596.00 -162.00 -1190.00 0
9271 9.53 -85.29 -19.90 -224.00 45.00 76.00 596.00 -162.00 -1190.00 0
9280 10.57 -87.37 -20.94 -267.00 37.00 102.00 596.00 -162.00 -1190.00 0
9289 9.67 -90.16 -20.03 -281.00 43.00 108.00 596.00 -162.00 -1190.00 0
9298 9.18 -103.10 -23.58 -240.00 49.00 89.00 596.00 -162.00 -1190.00 0
9308 10.50 -110.82 -23.93 -253.00 67.00 110.00 596.00 -162.00 -1190.00 0
9318 11.55 -116.52 -22.47 -244.00 50.00 117.00 596.00 -162.00 -1190.00 0
9327 9.46 -121.88 -22.61 -240.00 41.00 132.00 596.00 -162.00 -1190.00 0
9336 5.63 -128.70 -23.86 -228.00 51.00 144.00 596.00 -162.00 -1190.00 0
9346 -2.99 -148.59 -25.18 -224.00 2.00 145.00 596.00 -162.00 -1190.00 0
9355 -6.40 -162.64 -28.17 -165.00 10.00 96.00 596.00 -162.00 -1190.00 0
9364 -8.21 -173.84 -29.84 -162.00 -56.00 76.00 596.00 -162.00 -1190.00 0
9374 -13.01 -179.90 -32.28 -111.00 16.00 65.00 596.00 -162.00 -1190.00 0
9383 -11.83 -179.48 -34.23 -88.00 43.00 77.00 596.00 -162.00 -1190.00 0
9393 -5.43 -172.45 -32.83 -94.00 12.00 89.00 596.00 -162.00 -1190.00 0
9402 2.02 -146.57 -30.75 -120.00 -1.00 113.00 596.00 -162.00 -1190.00 0
9411 5.77 -132.94 -30.54 -146.00 12.00 133.00 596.00 -162.00 -1190.00 0
9420 9.95 -119.86 -30.26 -157.00 32.00 133.00 596.00 -162.00 -1190.00 0
9431 14.33 -108.24 -29.50 -151.00 57.00 131.00 596.00 -162.00 -1190.00 0
9440 18.16 -96.97 -28.31 -148.00 48.00 132.00 596.00 -162.00 -1190.00 0
9449 20.66 -74.78 -25.46 -154.00 29.00 132.00 596.00 -162.00 -1190.00 0
9458 20.94 -63.30 -24.42 -152.00 20.00 144.00 596.00 -162.00 -1190.00 0
9467 20.87 -52.24 -24.35 -168.00 20.00 156.00 596.00 -162.00 -1190.00 0
9477 20.66 -42.30 -25.04 -182.00 13.00 164.00 596.00 -162.00 -1190.00 0
9487 19.97 -34.23 -26.64 -192.00 6.00 176.00 596.00 -162.00 -1190.00 0
9496 19.06 -24.70 -30.40 -199.00 -1.00 176.00 596.00 -162.00 -1190.00 0
9505 19.69 -22.82 -31.86 -191.00 0.00 176.00 596.00 -162.00 -1190.00 0
9515 21.43 -22.19 -32.83 -185.00 -9.00 166.00 596.00 -162.00 -1190.00 0
9524 23.65 -22.05 -33.53 -167.00 -4.00 155.00 596.00 -162.00 -1190.00 0
9533 26.50 -22.26 -33.81 -178.00 0.00 141.00 596.00 -162.00 -1190.00 0
9542 29.91 -22.12 -33.74 -168.00 -7.00 167.00 596.00 -162.00 -1190.00 0
9551 32.83 -21.70 -37.15 -191.00 -20.00 156.00 596.00 -162.00 -1190.00 0
9562 33.11 -21.91 -41.25 -201.00 -12.00 162.00 596.00 -162.00 -1190.00 0
9571 34.23 -22.89 -45.98 -193.00 21.00 164.00 596.00 -162.00 -1190.00 0
9580 35.20 -25.39 -51.69 -190.00 48.00 155.00 596.00 -162.00 -1190.00 0
9589 34.78 -29.15 -57.04 -187.00 69.00 139.00 596.00 -162.00 -1190.00 0
9598 31.44 -39.10 -64.07 -178.00 69.00 135.00 596.00 -162.00 -1190.00 0
9609 27.76 -43.27 -64.97 -165.00 46.00 138.00 596.00 -162.00 -1190.00 0
9618 24.07 -45.70 -64.56 -153.00 24.00 125.00 596.00 -162.00 -1190.00 0
9627 20.45 -45.63 -63.72 -133.00 56.00 125.00 596.00 -162.00 -1190.00 0
9636 19.27 -44.17 -61.57 -120.00 62.00 141.00 596.00 -162.00 -1190.00 0
9646 19.20 -36.73 -51.97 -128.00 23.00 138.00 596.00 -162.00 -1190.00 1
9656 14.96 -32.35 -47.72 -107.00 26.00 136.00 596.00 -162.00 -1190.00 1
9666 13.29 -29.01 -43.41 -172.00 134.00 82.00 596.00 -162.00 -1190.00 1
9676 16.07 -26.37 -31.86 -260.00 -1.00 150.00 596.00 -162.00 -1190.00 1
9687 18.09 -14.96 3.90 -282.00 -65.00 236.00 596.00 -162.00 -1190.00 1
9697 19.62 -9.11 16.00 -264.00 -39.00 240.00 596.00 -162.00 -1190.00 1
9708 22.96 -3.48 23.79 -232.00 65.00 187.00 596.00 -162.00 -1190.00 1
9718 32.28 0.77 29.43 -227.00 100.00 184.00 596.00 -162.00 -1190.00 1
9729 35.06 2.71 31.37 -201.00 115.00 169.00 596.00 -162.00 -1190.00 1
9739 35.34 3.34 32.90 -179.00 127.00 164.00 596.00 -162.00 -1190.00 1
9749 30.12 4.03 36.31 -155.00 119.00 148.00 596.00 -162.00 -1190.00 1
9759 25.25 4.03 37.50 -139.00 115.00 148.00 596.00 -162.00 -1190.00 1
9769 19.13 4.73 38.26 -158.00 105.00 148.00 596.00 -162.00 -1190.00 1
9780 12.66 6.47 39.03 -198.00 111.00 162.00 596.00 -162.00 -1190.00 0
9789 1.53 7.72 42.16 -219.00 82.00 188.00 596.00 -162.00 -1190.00 0
9798 -4.66 7.93 44.03 -230.00 8.00 183.00 596.00 -162.00 -1190.00 0
9807 -12.17 8.14 44.10 -228.00 -21.00 167.00 596.00 -162.00 -1190.00 0
9818 -18.64 8.77 41.95 -206.00 -13.00 170.00 596.00 -162.00 -1190.00 0
9827 -21.36 9.60 38.75 -205.00 4.00 158.00 596.00 -162.00 -1190.00 0
9836 -18.02 14.19 36.10 -200.00 7.00 149.00 596.00 -162.00 -1190.00 0
9845 -13.36 15.58 36.59 -173.00 -2.00 134.00 596.00 -162.00 -1190.00 0
9854 -8.63 16.77 37.29 -159.00 20.00 132.00 596.00 -162.00 -1190.00 0
9864 -3.06 18.23 37.98 -151.00 54.00 119.00 596.00 -162.00 -1190.00 0
9873 1.04 21.15 38.61 -140.00 89.00 136.00 596.00 -162.00 -1190.00 0
9882 4.66 25.95 41.39 -138.00 42.00 122.00 596.00 -162.00 -1190.00 0
9891 -1.18 37.77 40.42 -127.00 59.00 117.00 596.00 -162.00 -1190.00 0
9902 -2.64 44.66 40.63 -117.00 106.00 107.00 596.00 -162.00 -1190.00 0
9911 -2.23 52.03 41.74 -110.00 111.00 75.00 596.00 -162.00 -1190.00 0
9920 -3.55 60.10 42.78 -87.00 110.00 55.00 596.00 -162.00 -1190.00 0
9929 -5.63 69.63 43.90 -93.00 104.00 30.00 596.00 -162.00 -1190.00 0
9938 -13.77 103.72 44.66 -131.00 82.00 52.00 596.00 -162.00 -1190.00 0
9948 -19.27 129.60 43.06 -179.00 58.00 89.00 596.00 -162.00 -1190.00 0
9957 -25.95 156.73 39.10 -254.00 26.00 149.00 596.00 -162.00 -1190.00 0
9967 -31.51 178.99 33.46 -297.00 27.00 206.00 596.00 -162.00 -1190.00 0
9976 -36.17 190.33 23.86 -334.00 31.00 221.00 596.00 -162.00 -1190.00 0
9986 -39.51 171.97 -2.92 -291.00 95.00 227.00 596.00 -162.00 -1190.00 0
9995 -29.29 150.05 -7.65 -211.00 62.00 147.00 596.00 -162.00 -1190.00 0
10004 -26.23 124.73 -15.17 -152.00 65.00 93.00 596.00 -162.00 -1190.00 0
10014 -23.30 100.10 -24.35 -133.00 89.00 83.00 596.00 -162.00 -1190.00 0
10023 -20.52 80.21 -30.61 -159.00 41.00 105.00 596.00 -162.00 -1190.00 0
10033 -23.58 65.32 -41.46 -194.00 -28.00 80.00 596.00 -162.00 -1190.00 0
10042 -41.60 40.83 -46.19 -203.00 -20.00 132.00 596.00 -162.00 -1190.00 0
10051 -45.22 31.72 -47.65 -174.00 -23.00 99.00 596.00 -162.00 -1190.00 0
10061 -45.77 24.21 -47.23 -151.00 21.00 96.00 596.00 -162.00 -1190.00 0
10071 -41.18 18.85 -44.38 -155.00 -5.00 97.00 596.00 -162.00 -1190.00 0
10080 -34.23 18.37 -40.49 -184.00 -4.00 110.00 596.00 -162.00 -1190.00 0
10089 -25.81 21.36 -35.06 -197.00 -6.00 111.00 596.00 -162.00 -1190.00 0
10098 -19.83 20.73 -31.93 -201.00 -1.00 113.00 596.00 -162.00 -1190.00 0
10108 -15.03 19.20 -28.73 -212.00 25.00 117.00 596.00 -162.00 -1190.00 0
10118 -10.23 16.56 -24.63 -226.00 40.00 113.00 596.00 -162.00 -1190.00 0
10127 -7.37 13.43 -20.73 -237.00 49.00 114.00 596.00 -162.00 -1190.00 0
10136 -7.72 4.94 -15.44 -239.00 28.00 102.00 596.00 -162.00 -1190.00 0
10145 -9.18 1.25 -13.43 -243.00 24.00 103.00 596.00 -162.00 -1190.00 0
10155 -9.60 -0.28 -11.41 -239.00 21.00 101.00 596.00 -162.00 -1190.00 0
10165 -9.53 0.00 -9.74 -228.00 30.00 106.00 596.00 -162.00 -1190.00 0
10174 -8.28 1.46 -8.35 -219.00 28.00 112.00 596.00 -162.00 -1190.00 0
10183 -7.17 3.55 -6.82 -208.00 35.00 104.00 596.00 -162.00 -1190.00 0
10192 -5.36 7.51 -6.40 -196.00 55.00 86.00 596.00 -162.00 -1190.00 0
10202 -5.63 10.57 -6.05 -194.00 56.00 79.00 596.00 -162.00 -1190.00 0
10211 -7.86 15.03 -5.84 -196.00 38.00 88.00 596.00 -162.00 -1190.00 0
10220 -11.20 20.87 -6.12 -195.00 30.00 75.00 596.00 -162.00 -1190.00 0
10229 -13.57 26.64 -6.47 -200.00 3.00 68.00 596.00 -162.00 -1190.00 0
10238 -15.37 35.27 -7.17 -207.00 0.00 78.00 596.00 -162.00 -1190.00 0
10248 -11.13 38.68 -4.94 -220.00 14.00 76.00 596.00 -162.00 -1190.00 0
10257 -6.54 41.81 -2.78 -235.00 19.00 87.00 596.00 -162.00 -1190.00 0
10266 -2.99 43.90 -0.97 -252.00 33.00 94.00 596.00 -162.00 -1190.00 0
10276 -0.42 45.36 0.56 -261.00 33.00 87.00 596.00 -162.00 -1190.00 0
10286 -0.07 45.43 1.39 -266.00 45.00 90.00 616.00 -141.00 -1407.00 0
10295 -0.14 43.13 3.90 -267.00 27.00 83.00 616.00 -141.00 -1407.00 0
10304 -1.60 40.90 5.15 -279.00 17.00 81.00 616.00 -141.00 -1407.00 0
10313 -2.43 37.57 5.84 -273.00 8.00 104.00 616.00 -141.00 -1407.00 0
10322 -1.74 31.17 5.91 -257.00 17.00 95.00 616.00 -141.00 -1407.00 0
10332 -0.07 24.70 6.75 -249.00 24.00 85.00 616.00 -141.00 -1407.00 0
10341 1.25 13.84 7.51 -233.00 39.00 91.00 616.00 -141.00 -1407.00 0
10350 1.81 10.37 7.17 -221.00 37.00 71.00 616.00 -141.00 -1407.00 0
10359 0.77 7.51 6.47 -223.00 29.00 81.00 616.00 -141.00 -1407.00 0
10369 -0.14 5.63 5.91 -222.00 28.00 79.00 616.00 -141.00 -1407.00 0
10378 -1.11 4.24 5.29 -222.00 29.00 81.00 616.00 -141.00 -1407.00 0
10387 -1.88 3.27 4.87 -233.00 28.00 85.00 616.00 -141.00 -1407.00 0
10396 -1.67 1.74 5.08 -235.00 38.00 87.00 616.00 -141.00 -1407.00 0
10405 -1.39 0.49 5.15 -228.00 36.00 86.00 616.00 -141.00 -1407.00 0
10415 -1.25 -1.04 5.08 -217.00 28.00 78.00 616.00 -141.00 -1407.00 0
10424 -1.25 -2.23 4.66 -212.00 26.00 79.00 616.00 -141.00 -1407.00 0
10433 -1.25 -2.85 4.24 -212.00 29.00 82.00 616.00 -141.00 -1407.00 0
10442 -1.11 -2.85 3.69 -211.00 32.00 79.00 616.00 -141.00 -1407.00 0
10452 -1.18 -1.60 2.57 -217.00 28.00 81.00 616.00 -141.00 -1407.00 0
10462 -1.04 -0.83 2.09 -216.00 28.00 79.00 616.00 -141.00 -1407.00 0
10471 -0.90 -0.07 1.67 -215.00 34.00 82.00 616.00 -141.00 -1407.00 0
10480 -0.49 0.56 1.46 -227.00 39.00 80.00 623.00 -155.00 -1012.00 0
10489 -0.28 1.18 1.32 -237.00 47.00 85.00 623.00 -155.00 -1012.00 0
10499 -0.49 1.53 1.18 -237.00 42.00 82.00 623.00 -155.00 -1012.00 0
10508 -1.67 1.04 0.97 -235.00 41.00 81.00 623.00 -155.00 -1012.00 0
10517 -2.30 0.49 0.90 -225.00 36.00 77.00 623.00 -155.00 -1012.00 0
10526 -2.85 0.00 0.90 -231.00 39.00 77.00 623.00 -155.00 -1012.00 0
10535 -3.27 -0.28 0.83 -229.00 39.00 80.00 623.00 -155.00 -1012.00 0
10545 -3.90 -0.83 0.70 -229.00 36.00 79.00 623.00 -153.00 -1211.00 0
10554 -4.45 -1.53 0.49 -226.00 34.00 71.00 623.00 -153.00 -1211.00 0
10563 -5.08 -2.78 0.28 -215.00 32.00 71.00 623.00 -153.00 -1211.00 0
10572 -5.22 -2.99 0.21 -214.00 32.00 78.00 623.00 -153.00 -1211.00 0
10582 -5.29 -2.78 0.07 -218.00 34.00 80.00 623.00 -153.00 -1211.00 0
10591 -5.36 -2.30 -0.07 -228.00 34.00 78.00 623.00 -153.00 -1211.00 0
10600 -5.77 -1.74 -0.42 -226.00 34.00 86.00 623.00 -153.00 -1211.00 0
10609 -6.26 -1.53 -0.83 -229.00 27.00 74.00 621.00 -151.00 -1126.00 0
10618 -5.84 -1.46 -0.97 -238.00 52.00 97.00 621.00 -151.00 -1126.00 0
10628 -3.55 -1.81 -0.14 -213.00 18.00 71.00 621.00 -151.00 -1126.00 0
10637 -4.87 -2.02 -0.83 -213.00 38.00 84.00 621.00 -151.00 -1126.00 0
10646 -4.17 -1.53 -0.83 -218.00 34.00 76.00 621.00 -151.00 -1126.00 0
10655 -4.03 -0.70 -0.63 -213.00 32.00 83.00 621.00 -151.00 -1126.00 0
10664 -4.17 0.28 0.00 -221.00 36.00 86.00 621.00 -151.00 -1126.00 0
10674 -4.17 2.02 0.35 -219.00 30.00 80.00 623.00 -156.00 -1247.00 0
10683 -4.73 2.57 0.28 -222.00 35.00 79.00 623.00 -156.00 -1247.00 0
10692 -4.94 3.13 0.21 -235.00 44.00 83.00 623.00 -156.00 -1247.00 0
10701 -5.01 3.62 0.14 -251.00 50.00 91.00 623.00 -156.00 -1247.00 0
10711 -4.66 3.97 0.70 -245.00 40.00 86.00 623.00 -156.00 -1247.00 0
10720 -4.87 2.85 0.83 -236.00 30.00 80.00 623.00 -156.00 -1247.00 0
10729 -7.10 1.95 0.63 -228.00 31.00 84.00 623.00 -156.00 -1247.00 0
10738 -7.44 1.04 0.42 -228.00 28.00 84.00 626.00 -153.00 -1166.00 0
10747 -7.30 0.00 0.35 -223.00 26.00 82.00 626.00 -153.00 -1166.00 0
10757 -7.30 -1.04 0.14 -218.00 30.00 80.00 626.00 -153.00 -1166.00 0
10766 -7.03 -1.88 -0.14 -208.00 26.00 76.00 626.00 -153.00 -1166.00 0
10775 -6.54 -3.06 -1.18 -208.00 22.00 77.00 626.00 -153.00 -1166.00 0
10784 -6.12 -2.85 -1.67 -214.00 28.00 83.00 626.00 -153.00 -1166.00 0
10793 -5.43 -2.23 -1.88 -225.00 34.00 84.00 626.00 -153.00 -1166.00 0
10803 -4.87 -1.74 -1.95 -229.00 38.00 83.00 626.00 -153.00 -1166.00 0
10813 -4.03 -1.32 -1.67 -228.00 35.00 78.00 626.00 -153.00 -1166.00 0
10822 -3.97 -1.32 -1.60 -227.00 39.00 80.00 626.00 -153.00 -1166.00 0
10831 -3.69 -1.39 -1.25 -226.00 44.00 84.00 626.00 -153.00 -1166.00 0
10841 -3.48 -1.53 -0.83 -219.00 33.00 77.00 626.00 -153.00 -1166.00 0
10850 -3.90 -1.60 -0.70 -216.00 35.00 79.00 626.00 -153.00 -1166.00 0
10859 -4.10 -1.53 -0.63 -217.00 36.00 80.00 626.00 -153.00 -1166.00 0
10868 -4.24 -1.18 -0.56 -218.00 35.00 78.00 626.00 -153.00 -1166.00 0
10877 -4.45 -0.70 -0.63 -222.00 36.00 80.00 626.00 -153.00 -1166.00 0
10887 -5.15 0.35 -1.25 -226.00 35.00 79.00 626.00 -153.00 -1166.00 0
10896 -5.43 0.90 -1.46 -223.00 35.00 79.00 626.00 -153.00 -1166.00 0
10905 -5.63 1.32 -1.60 -226.00 34.00 78.00 626.00 -153.00 -1166.00 0
10914 -5.70 1.67 -1.46 -225.00 33.00 80.00 626.00 -153.00 -1166.00 0
10924 -5.57 1.95 -1.32 -226.00 32.00 79.00 626.00 -153.00 -1166.00 0
10933 -5.43 2.16 -1.18 -225.00 37.00 76.00 626.00 -153.00 -1166.00 0
10942 -5.15 2.43 -0.77 -230.00 36.00 79.00 626.00 -153.00 -1166.00 0
10951 -5.29 2.50 -0.70 -245.00 39.00 79.00 626.00 -153.00 -1166.00 0
10960 -4.94 2.43 -0.14 -238.00 35.00 83.00 626.00 -153.00 -1166.00 0
10970 -4.87 1.81 0.28 -232.00 31.00 79.00 626.00 -153.00 -1166.00 0