614.00 -50.00 -1306.00 0
526 -3.62 0.97 0.28 -231.00 -9.00 66.00 614.00 -50.00 -1306.00 0
535 -3.62 1.18 0.28 -230.00 -8.00 65.00 614.00 -50.00 -1306.00 0
543 -3.76 1.32 0.21 -238.00 -14.00 67.00 614.00 -50.00 -1306.00 0
552 -3.97 1.32 0.00 -239.00 -9.00 64.00 614.00 -50.00 -1306.00 0
562 -3.97 0.97 -0.14 -235.00 -11.00 67.00 614.00 -50.00 -1306.00 0
571 -3.97 0.56 -0.21 -237.00 -8.00 66.00 614.00 -50.00 -1306.00 0
580 -3.97 0.21 -0.21 -234.00 -8.00 64.00 614.00 -50.00 -1306.00 0
589 -4.10 -0.07 -0.21 -228.00 -10.00 68.00 614.00 -50.00 -1306.00 0
598 -4.17 -0.28 -0.14 -231.00 -11.00 63.00 614.00 -50.00 -1306.00 0
607 -4.24 -0.35 -0.07 -233.00 -10.00 64.00 614.00 -50.00 -1306.00 0
616 -4.24 -0.28 -0.07 -231.00 -9.00 66.00 614.00 -50.00 -1306.00 0
625 -4.24 -0.14 -0.07 -231.00 -11.00 67.00 614.00 -50.00 -1306.00 0
634 -4.24 0.14 -0.07 -235.00 -8.00 65.00 614.00 -50.00 -1306.00 0
644 -4.10 0.28 0.00 -236.00 -8.00 68.00 614.00 -50.00 -1306.00 0
652 -4.03 0.35 0.14 -234.00 -5.00 66.00 614.00 -50.00 -1306.00 0
661 -4.03 0.35 0.07 -232.00 -6.00 66.00 614.00 -50.00 -1306.00 0
670 -4.24 0.42 -0.07 -234.00 -6.00 67.00 613.00 -52.00 -1283.00 0
679 -4.80 0.56 -0.56 -238.00 -8.00 64.00 613.00 -52.00 -1283.00 0
689 -4.94 0.63 -0.77 -238.00 -10.00 65.00 613.00 -52.00 -1283.00 0
698 -4.94 0.56 -0.77 -235.00 -5.00 65.00 613.00 -52.00 -1283.00 0
706 -4.80 0.42 -0.70 -235.00 -8.00 65.00 613.00 -52.00 -1283.00 0
715 -4.59 0.35 -0.56 -235.00 -10.00 64.00 613.00 -52.00 -1283.00 0
724 -4.45 0.35 -0.42 -234.00 -12.00 65.00 613.00 -52.00 -1283.00 0
734 -4.31 0.28 -0.35 -230.00 -12.00 65.00 615.00 -55.00 -1165.00 0
743 -3.97 0.21 -0.28 -231.00 -9.00 64.00 615.00 -55.00 -1165.00 0
752 -3.76 0.14 -0.21 -232.00 -7.00 65.00 615.00 -55.00 -1165.00 0
760 -3.62 0.14 -0.14 -235.00 -9.00 66.00 615.00 -55.00 -1165.00 0
770 -3.48 0.21 -0.14 -235.00 -8.00 65.00 615.00 -55.00 -1165.00 0
779 -3.34 0.42 -0.14 -230.00 -12.00 65.00 615.00 -55.00 -1165.00 0
788 -3.20 0.49 -0.14 -231.00 -9.00 62.00 615.00 -55.00 -1165.00 0
797 -3.06 0.49 -0.14 -229.00 -9.00 65.00 615.00 -55.00 -1165.00 0
806 -2.64 0.56 0.07 -231.00 -8.00 68.00 615.00 -55.00 -1165.00 0
815 -2.43 0.63 0.21 -235.00 -4.00 68.00 615.00 -55.00 -1165.00 0
824 -2.37 0.83 0.28 -235.00 -7.00 64.00 615.00 -55.00 -1165.00 0
833 -2.57 0.97 0.21 -234.00 -13.00 63.00 615.00 -55.00 -1165.00 0
842 -2.85 1.18 0.21 -237.00 -11.00 66.00 615.00 -55.00 -1165.00 0
851 -2.99 1.46 0.35 -236.00 -7.00 64.00 615.00 -55.00 -1165.00 0
861 -2.85 1.81 0.63 -234.00 -9.00 66.00 615.00 -55.00 -1165.00 0
869 -2.71 3.41 1.81 -241.00 -10.00 68.00 615.00 -55.00 -1165.00 0
878 -2.57 4.38 2.30 -240.00 -14.00 64.00 615.00 -55.00 -1165.00 0
887 -2.37 4.87 2.78 -234.00 -11.00 62.00 615.00 -55.00 -1165.00 0
897 -2.02 5.22 3.41 -230.00 -13.00 63.00 615.00 -55.00 -1165.00 0
906 -1.53 5.22 4.03 -232.00 -10.00 60.00 615.00 -55.00 -1165.00 0
915 -0.90 5.43 4.52 -233.00 -9.00 58.00 615.00 -55.00 -1165.00 0
923 -0.35 5.70 5.15 -229.00 -3.00 57.00 615.00 -55.00 -1165.00 0
932 0.77 5.57 5.08 -228.00 0.00 55.00 617.00 -59.00 -1230.00 0
942 1.39 5.43 4.80 -231.00 3.00 64.00 617.00 -59.00 -1230.00 0
951 1.74 5.15 4.38 -231.00 12.00 64.00 617.00 -59.00 -1230.00 0
960 1.74 4.80 3.69 -231.00 12.00 62.00 617.00 -59.00 -1230.00 0
969 1.46 4.31 2.64 -229.00 11.00 67.00 617.00 -59.00 -1230.00 0
977 0.70 3.69 1.53 -224.00 5.00 64.00 617.00 -59.00 -1230.00 0
987 -0.28 3.06 -0.97 -226.00 1.00 62.00 617.00 -59.00 -1230.00 0
996 -2.92 2.09 -2.23 -233.00 -4.00 60.00 617.00 -59.00 -1155.00 0
1005 -4.10 1.74 -3.41 -233.00 -10.00 59.00 617.00 -59.00 -1155.00 0
1014 -5.08 1.18 -4.45 -236.00 -13.00 60.00 617.00 -59.00 -1155.00 0
1024 -5.84 0.63 -5.36 -238.00 -10.00 57.00 617.00 -59.00 -1155.00 0
1033 -6.26 0.21 -5.98 -247.00 -12.00 61.00 617.00 -59.00 -1155.00 0
1042 -6.40 -0.14 -6.33 -248.00 -12.00 65.00 617.00 -59.00 -1155.00 0
1050 -6.12 -1.25 -6.96 -247.00 -9.00 64.00 617.00 -59.00 -1155.00 0
1059 -5.77 -2.09 -7.23 -248.00 -2.00 65.00 617.00 -59.00 -1155.00 0
1069 -5.43 -2.99 -7.51 -252.00 -4.00 66.00 617.00 -59.00 -1155.00 0
1078 -5.22 -4.03 -7.93 -252.00 1.00 69.00 617.00 -59.00 -1155.00 0
1087 -5.08 -5.36 -8.56 -248.00 8.00 63.00 617.00 -59.00 -1155.00 0
1096 -5.15 -6.61 -9.11 -256.00 22.00 66.00 617.00 -59.00 -1155.00 0
1105 -5.57 -7.44 -9.53 -261.00 42.00 66.00 617.00 -59.00 -1155.00 0
1115 -8.56 -8.14 -10.43 -278.00 57.00 70.00 617.00 -59.00 -1155.00 0
1124 -12.38 -7.23 -11.41 -276.00 53.00 56.00 617.00 -59.00 -1155.00 0
1133 -17.88 -6.33 -13.91 -239.00 34.00 45.00 617.00 -59.00 -1155.00 0
1142 -24.77 -5.36 -17.32 -228.00 12.00 58.00 617.00 -59.00 -1155.00 0
1152 -32.07 -3.20 -20.31 -228.00 6.00 64.00 617.00 -59.00 -1155.00 0
1161 -37.36 0.14 -21.29 -193.00 -31.00 47.00 617.00 -59.00 -1155.00 0
1170 -45.22 5.98 -23.23 -193.00 -38.00 51.00 617.00 -59.00 -1155.00 0
1179 -46.26 9.74 -22.89 -201.00 -36.00 63.00 617.00 -59.00 -1155.00 0
1188 -45.50 13.15 -21.63 -213.00 -39.00 65.00 617.00 -59.00 -1155.00 0
1198 -44.24 16.07 -20.80 -214.00 -47.00 64.00 617.00 -59.00 -1155.00 0
1207 -42.23 18.57 -20.94 -223.00 -47.00 67.00 617.00 -59.00 -1155.00 0
1216 -39.86 20.73 -21.57 -218.00 -44.00 62.00 617.00 -59.00 -1155.00 0
1225 -34.71 22.33 -22.12 -209.00 -59.00 61.00 617.00 -59.00 -1155.00 0
1234 -31.86 22.47 -22.12 -213.00 -57.00 61.00 617.00 -59.00 -1155.00 0
1244 -28.10 23.58 -20.80 -215.00 -64.00 63.00 617.00 -59.00 -1155.00 0
1253 -24.42 25.11 -19.83 -223.00 -64.00 68.00 617.00 -59.00 -1155.00 0
1262 -20.17 26.37 -19.41 -241.00 -54.00 62.00 617.00 -59.00 -1155.00 0
1271 -10.78 29.08 -18.23 -251.00 -40.00 67.00 617.00 -59.00 -1155.00 0
1281 -7.72 29.22 -17.53 -262.00 -45.00 72.00 617.00 -59.00 -1155.00 0
1290 -5.50 28.94 -16.97 -267.00 -45.00 61.00 617.00 -59.00 -1155.00 0
1299 -3.90 28.10 -17.04 -263.00 -45.00 57.00 617.00 -59.00 -1155.00 0
1308 -3.06 27.27 -17.81 -257.00 -50.00 53.00 617.00 -59.00 -1155.00 0
1317 -2.85 25.74 -19.06 -248.00 -58.00 48.00 617.00 -59.00 -1155.00 0
1327 -2.16 21.77 -21.84 -241.00 -59.00 46.00 599.00 3.00 -1215.00 0
1336 -1.81 20.24 -23.51 -234.00 -62.00 45.00 599.00 3.00 -1215.00 0
1345 -1.32 18.78 -25.04 -228.00 -68.00 46.00 599.00 3.00 -1215.00 0
1354 -1.25 17.18 -26.43 -226.00 -65.00 34.00 599.00 3.00 -1215.00 0
1363 -1.04 15.58 -27.27 -224.00 -66.00 32.00 599.00 3.00 -1215.00 0
1373 -0.56 13.98 -27.48 -226.00 -61.00 23.00 599.00 3.00 -1215.00 0
1382 -0.35 10.57 -25.81 -219.00 -63.00 27.00 599.00 3.00 -1215.00 0
1391 0.97 9.18 -23.65 -219.00 -57.00 20.00 593.00 13.00 -1064.00 0
1400 2.30 8.83 -21.29 -216.00 -38.00 15.00 593.00 13.00 -1064.00 0
1410 3.97 8.97 -18.50 -211.00 -36.00 14.00 593.00 13.00 -1064.00 0
1419 5.63 9.67 -14.89 -209.00 -34.00 26.00 593.00 13.00 -1064.00 0
1428 7.72 11.69 -10.09 -226.00 -20.00 24.00 593.00 13.00 -1064.00 0
1437 9.74 14.54 -0.14 -245.00 -14.00 25.00 593.00 13.00 -1064.00 0
1446 12.66 18.30 3.27 -267.00 -6.00 68.00 593.00 13.00 -1064.00 0
1456 16.28 16.90 6.82 -278.00 6.00 48.00 596.00 4.00 -1055.00 0
1465 17.95 14.05 9.53 -245.00 2.00 43.00 596.00 4.00 -1055.00 0
1474 15.51 10.02 9.39 -244.00 -4.00 28.00 596.00 4.00 -1055.00 0
1483 12.45 7.51 8.07 -242.00 -5.00 29.00 596.00 4.00 -1055.00 0
1491 9.60 5.77 7.44 -243.00 -19.00 32.00 596.00 4.00 -1055.00 0
1501 1.88 2.78 6.33 -245.00 -37.00 32.00 596.00 4.00 -1055.00 0
1510 -2.16 2.02 5.77 -248.00 -46.00 29.00 596.00 4.00 -1055.00 0
1519 -5.57 1.53 5.01 -242.00 -59.00 35.00 596.00 4.00 -1055.00 0
1528 -7.37 1.11 4.24 -238.00 -56.00 32.00 596.00 4.00 -1055.00 0
1538 -7.79 0.83 3.90 -231.00 -43.00 38.00 596.00 4.00 -1055.00 0
1547 -7.37 0.49 3.97 -230.00 -28.00 36.00 596.00 4.00 -1055.00 0
1555 -6.68 0.28 4.66 -223.00 -36.00 41.00 596.00 4.00 -1055.00 0
1564 -6.54 0.35 7.30 -212.00 -27.00 44.00 596.00 4.00 -1055.00 0
1573 -6.68 0.42 8.90 -224.00 -24.00 57.00 596.00 4.00 -1055.00 0
1583 -6.89 0.21 11.69 -242.00 -55.00 64.00 596.00 4.00 -1055.00 0
1592 -7.72 -1.88 14.33 -244.00 -81.00 60.00 596.00 4.00 -1055.00 0
1601 -7.65 -6.47 16.35 -245.00 -80.00 56.00 596.00 4.00 -1055.00 0
1610 -5.57 -13.01 17.60 -254.00 -82.00 57.00 596.00 4.00 -1055.00 0
1619 -2.09 -27.20 18.57 -252.00 -78.00 56.00 596.00 4.00 -1055.00 0
1629 7.10 -33.95 18.02 -247.00 -57.00 66.00 596.00 4.00 -1055.00 0
1638 12.66 -40.97 17.11 -237.00 -44.00 85.00 596.00 4.00 -1055.00 0
1647 18.16 -49.46 16.14 -215.00 -49.00 76.00 596.00 4.00 -1055.00 0
1656 22.61 -58.99 14.05 -214.00 -37.00 53.00 596.00 4.00 -1055.00 0
1666 26.78 -68.24 10.99 -232.00 -24.00 50.00 596.00 4.00 -1055.00 0
1675 31.03 -79.17 3.83 -257.00 -5.00 47.00 596.00 4.00 -1055.00 0
1684 36.45 -80.90 0.49 -278.00 19.00 40.00 596.00 4.00 -1055.00 0
1692 37.84 -81.46 -2.09 -288.00 41.00 43.00 596.00 4.00 -1055.00 0
1701 37.08 -79.10 -3.62 -288.00 34.00 61.00 596.00 4.00 -1055.00 0
1711 33.39 -74.50 -4.24 -288.00 25.00 59.00 596.00 4.00 -1055.00 0
1720 27.62 -68.17 -4.45 -291.00 15.00 71.00 592.00 -21.00 -1174.00 0
1729 21.36 -61.08 -4.24 -291.00 -8.00 88.00 592.00 -21.00 -1174.00 0
1738 7.30 -45.91 -3.20 -278.00 -31.00 89.00 592.00 -21.00 -1174.00 0
1747 1.39 -38.96 -3.13 -260.00 -37.00 86.00 592.00 -21.00 -1174.00 0
1757 -3.20 -34.09 -3.76 -242.00 -35.00 74.00 592.00 -21.00 -1174.00 0
1766 -5.98 -30.26 -4.52 -234.00 -21.00 80.00 592.00 -21.00 -1174.00 0
1775 -6.96 -27.20 -5.08 -230.00 -16.00 83.00 592.00 -21.00 -1174.00 0
1784 -6.89 -24.90 -5.70 -230.00 -9.00 88.00 586.00 -17.00 -1249.00 0
1794 -5.77 -21.63 -5.08 -226.00 -11.00 89.00 586.00 -17.00 -1249.00 0
1803 -5.57 -20.87 -4.73 -216.00 -21.00 81.00 586.00 -17.00 -1249.00 0
1812 -5.77 -20.24 -4.80 -209.00 -14.00 76.00 586.00 -17.00 -1249.00 0
1821 -5.84 -19.90 -5.29 -203.00 -12.00 75.00 586.00 -17.00 -1249.00 0
1830 -5.77 -19.34 -5.84 -202.00 -12.00 74.00 586.00 -17.00 -1249.00 0
1840 -5.77 -18.23 -6.05 -198.00 -17.00 72.00 586.00 -17.00 -1249.00 0
1849 -6.89 -14.75 -7.17 -201.00 -30.00 76.00 573.00 -14.00 -1013.00 0
1858 -7.30 -12.66 -7.58 -203.00 -37.00 74.00 573.00 -14.00 -1013.00 0
1867 -7.30 -10.64 -7.93 -202.00 -40.00 73.00 573.00 -14.00 -1013.00 0
1876 -6.61 -8.56 -8.14 -202.00 -43.00 73.00 573.00 -14.00 -1013.00 0
1886 -5.50 -7.17 -8.21 -203.00 -45.00 80.00 573.00 -14.00 -1013.00 0
1895 -4.10 -6.61 -8.07 -202.00 -38.00 78.00 573.00 -14.00 -1013.00 0
1904 -0.83 -5.01 -8.49 -199.00 -29.00 68.00 573.00 -14.00 -1013.00 0
1913 0.77 -3.97 -8.70 -200.00 -24.00 68.00 573.00 -14.00 -1013.00 0
1923 2.02 -3.06 -8.56 -199.00 -28.00 71.00 573.00 -14.00 -1013.00 0
1931 2.92 -1.95 -7.93 -203.00 -27.00 74.00 573.00 -14.00 -1013.00 0
1940 3.76 -0.70 -6.96 -196.00 -30.00 72.00 573.00 -14.00 -1013.00 0
1949 4.66 0.70 -5.22 -194.00 -31.00 69.00 573.00 -14.00 -1013.00 0
1958 5.63 2.16 -2.99 -194.00 -29.00 73.00 573.00 -14.00 -1013.00 0
1968 7.44 5.29 1.74 -196.00 -32.00 74.00 573.00 -14.00 -1013.00 0
1977 8.00 6.89 3.55 -198.00 -38.00 74.00 573.00 -14.00 -1013.00 0
1986 8.35 8.49 4.94 -203.00 -37.00 73.00 573.00 -14.00 -1013.00 0
1995 8.83 9.88 6.05 -208.00 -28.00 78.00 573.00 -14.00 -1013.00 0
2004 9.53 11.20 6.75 -212.00 -24.00 80.00 573.00 -14.00 -1013.00 0
2014 10.30 12.38 7.30 -214.00 -18.00 82.00 573.00 -14.00 -1013.00 0
2023 11.06 14.54 7.58 -218.00 -11.00 79.00 573.00 -14.00 -1013.00 0
2032 10.99 15.44 7.17 -220.00 -4.00 78.00 573.00 -14.00 -1013.00 0
2041 10.50 16.14 6.89 -227.00 -7.00 85.00 573.00 -14.00 -1013.00 0
2051 9.46 16.49 6.75 -228.00 -3.00 88.00 573.00 -14.00 -1013.00 0
2060 8.49 16.83 6.61 -229.00 -14.00 91.00 573.00 -14.00 -1013.00 0
2068 6.96 16.70 6.19 -235.00 -13.00 89.00 573.00 -14.00 -1013.00 0
2077 3.83 15.86 4.66 -240.00 -20.00 97.00 573.00 -14.00 -1013.00 0
2086 2.23 15.58 3.62 -248.00 -18.00 93.00 573.00 -14.00 -1013.00 0
2096 0.83 15.51 2.50 -248.00 -25.00 88.00 573.00 -14.00 -1013.00 0
2105 -0.77 14.75 1.04 -251.00 -28.00 96.00 573.00 -14.00 -1013.00 0
2114 -2.09 14.05 -0.42 -255.00 -29.00 93.00 588.00 -25.00 -1165.00 0
2123 -3.20 13.57 -1.53 -252.00 -27.00 89.00 588.00 -25.00 -1165.00 0
2132 -4.24 12.31 -3.48 -249.00 -27.00 89.00 588.00 -25.00 -1165.00 0
2142 -6.05 9.67 -4.10 -246.00 -22.00 88.00 588.00 -25.00 -1165.00 0
2151 -6.54 8.42 -4.45 -243.00 -12.00 89.00 588.00 -25.00 -1165.00 0
2160 -6.82 7.23 -4.38 -240.00 -12.00 84.00 588.00 -25.00 -1165.00 0
2169 -7.30 5.91 -3.83 -241.00 -13.00 84.00 588.00 -25.00 -1165.00 0
2179 -8.07 4.66 -2.99 -247.00 -16.00 91.00 587.00 -24.00 -1162.00 0
2188 -8.83 3.34 -2.02 -246.00 -19.00 87.00 587.00 -24.00 -1162.00 0
2197 -10.43 -0.42 -0.07 -242.00 -21.00 87.00 587.00 -24.00 -1162.00 0
2206 -11.13 -2.50 0.63 -235.00 -21.00 87.00 587.00 -24.00 -1162.00 0
2215 -11.76 -4.52 1.11 -233.00 -20.00 88.00 587.00 -24.00 -1162.00 0
2225 -12.31 -6.40 1.25 -230.00 -18.00 85.00 587.00 -24.00 -1162.00 0
2233 -12.87 -8.00 1.25 -223.00 -18.00 89.00 587.00 -24.00 -1162.00 0
2242 -13.57 -9.32 1.39 -217.00 -18.00 89.00 586.00 -22.00 -1066.00 0
2251 -15.10 -10.71 2.09 -213.00 -16.00 88.00 586.00 -22.00 -1066.00 0
2260 -16.07 -11.55 2.37 -203.00 -22.00 88.00 586.00 -22.00 -1066.00 0
2270 -17.32 -12.10 2.85 -206.00 -26.00 86.00 586.00 -22.00 -1066.00 0
2279 -18.37 -12.45 3.41 -210.00 -38.00 94.00 586.00 -22.00 -1066.00 0
2288 -19.34 -12.87 3.97 -209.00 -43.00 91.00 586.00 -22.00 -1066.00 0
2297 -19.83 -13.84 4.17 -208.00 -42.00 86.00 586.00 -22.00 -1066.00 0
2307 -19.13 -15.79 4.80 -201.00 -43.00 84.00 586.00 -22.00 -1066.00 0
2316 -18.43 -16.56 4.94 -197.00 -40.00 79.00 586.00 -22.00 -1066.00 0
2325 -17.53 -16.77 5.22 -199.00 -36.00 79.00 586.00 -22.00 -1066.00 0
2334 -16.49 -16.63 5.70 -210.00 -33.00 87.00 586.00 -22.00 -1066.00 0
2343 -15.23 -16.90 6.05 -216.00 -29.00 79.00 586.00 -22.00 -1066.00 0
2354 -13.91 -17.46 6.61 -220.00 -15.00 84.00 586.00 -22.00 -1066.00 0
2363 -11.13 -20.17 8.14 -225.00 7.00 84.00 586.00 -22.00 -1066.00 0
2371 -10.23 -22.05 9.67 -226.00 15.00 81.00 586.00 -22.00 -1066.00 0
2380 -10.23 -24.21 11.90 -224.00 17.00 82.00 586.00 -22.00 -1066.00 0
2391 -10.92 -26.23 14.61 -222.00 23.00 78.00 586.00 -22.00 -1066.00 0
2400 -12.24 -27.90 17.67 -223.00 10.00 73.00 586.00 -22.00 -1066.00 0
2409 -14.68 -28.87 20.59 -226.00 -1.00 80.00 586.00 -22.00 -1066.00 0
2418 -20.31 -27.97 24.49 -225.00 -14.00 74.00 586.00 -22.00 -1066.00 0
2427 -22.40 -27.20 25.39 -220.00 -14.00 91.00 586.00 -22.00 -1066.00 0
2437 -23.58 -26.85 25.81 -240.00 -34.00 108.00 586.00 -22.00 -1066.00 0
2446 -24.42 -27.41 25.81 -423.00 -420.00 14.00 586.00 -22.00 -1066.00 0
2455 -23.86 -29.57 25.67 -287.00 -45.00 78.00 586.00 -22.00 -1066.00 0
2464 -6.05 -35.83 25.18 -225.00 40.00 109.00 586.00 -22.00 -1066.00 0
2473 -8.14 -51.62 29.29 -230.00 56.00 107.00 586.00 -22.00 -1066.00 0
2483 -9.74 -57.67 31.79 -201.00 14.00 76.00 586.00 -22.00 -1066.00 0
2492 -15.65 -61.57 32.42 -194.00 -3.00 59.00 586.00 -22.00 -1066.00 0
2501 -21.01 -60.87 32.70 -156.00 -47.00 49.00 586.00 -22.00 -1066.00 0
2510 -28.73 -56.63 31.30 -143.00 -86.00 32.00 586.00 -22.00 -1066.00 0
2520 -35.62 -37.29 25.95 -147.00 -82.00 61.00 586.00 -22.00 -1066.00 1
2530 -37.77 -24.07 22.33 -158.00 -83.00 28.00 586.00 -22.00 -1066.00 1
2540 -34.99 -10.92 17.25 -183.00 -20.00 81.00 586.00 -22.00 -1066.00 1
2550 -30.61 1.11 11.20 -219.00 -18.00 88.00 586.00 -22.00 -1066.00 1
2560 -30.68 21.91 -5.84 -249.00 -22.00 106.00 586.00 -22.00 -1066.00 1
2570 -31.37 28.94 -11.27 -277.00 -19.00 104.00 586.00 -30.00 -1116.00 1
2580 -31.58 32.49 -13.91 -292.00 6.00 113.00 589.00 -30.00 -1116.00 1
2590 -31.17 33.11 -13.43 -294.00 -15.00 111.00 589.00 -30.00 -1116.00 1
2600 -31.65 29.15 -7.65 -309.00 -48.00 110.00 589.00 -30.00 -1116.00 1
2611 -29.77 25.39 -2.85 -316.00 3.00 136.00 589.00 -30.00 -1116.00 1
2621 -25.67 20.45 1.53 -300.00 -8.00 118.00 589.00 -30.00 -1116.00 1
2631 -25.39 8.14 3.83 -261.00 -29.00 109.00 589.00 -30.00 -1116.00 1
2641 -24.00 2.64 4.24 -227.00 -36.00 99.00 589.00 -30.00 -1116.00 1
2652 -21.22 -1.88 4.17 -198.00 -9.00 101.00 589.00 -30.00 -1116.00 1
2662 -17.67 -5.43 3.34 -159.00 -7.00 75.00 589.00 -30.00 -1116.00 1
2671 -12.73 -10.02 -2.23 -162.00 -3.00 55.00 589.00 -30.00 -1116.00 0
2680 -11.27 -9.60 -4.24 -199.00 36.00 76.00 589.00 -30.00 -1116.00 0
2690 -10.09 -7.51 -4.10 -225.00 29.00 87.00 589.00 -30.00 -1116.00 0
2699 -10.64 -5.50 -2.85 -232.00 9.00 80.00 589.00 -30.00 -1116.00 0
2708 -12.87 -3.27 -2.16 -220.00 -21.00 65.00 589.00 -30.00 -1116.00 0
2717 -15.79 -0.21 -2.02 -224.00 -18.00 69.00 589.00 -30.00 -1116.00 0
2726 -18.30 7.65 -0.70 -230.00 -8.00 82.00 589.00 -30.00 -1116.00 0
2736 -17.74 11.41 1.11 -229.00 -8.00 86.00 589.00 -30.00 -1116.00 0
2745 -16.77 14.96 3.13 -223.00 -26.00 84.00 589.00 -30.00 -1116.00 0
2754 -15.65 18.30 4.66 -226.00 -24.00 80.00 589.00 -30.00 -1116.00 0
2763 -13.98 21.63 5.57 -236.00 -20.00 86.00 589.00 -30.00 -1116.00 0
2772 -11.62 24.49 6.33 -243.00 -31.00 94.00 589.00 -30.00 -1116.00 0
2782 -6.89 27.76 6.26 -236.00 -42.00 96.00 589.00 -30.00 -1116.00 0
2791 -4.87 28.24 4.94 -236.00 -46.00 88.00 589.00 -30.00 -1116.00 0
2800 -2.64 29.08 2.85 -236.00 -38.00 80.00 589.00 -30.00 -1116.00 0
2809 -0.28 29.91 0.42 -228.00 -38.00 76.00 589.00 -30.00 -1116.00 0
2819 1.74 30.12 -2.37 -227.00 -32.00 75.00 589.00 -30.00 -1116.00 0
2828 3.41 30.19 -4.87 -223.00 -38.00 74.00 589.00 -30.00 -1116.00 0
2837 5.84 32.70 -8.70 -219.00 -45.00 70.00 601.00 -29.00 -1025.00 0
2846 6.68 35.20 -11.06 -210.00 -55.00 60.00 601.00 -29.00 -1025.00 0
2855 7.30 39.23 -13.63 -210.00 -53.00 58.00 601.00 -29.00 -1025.00 0
2865 8.42 44.87 -16.07 -210.00 -42.00 62.00 601.00 -29.00 -1025.00 0
2874 9.81 52.17 -18.23 -217.00 -41.00 63.00 601.00 -29.00 -1025.00 0
2883 10.85 60.31 -20.24 -217.00 -27.00 60.00 601.00 -29.00 -1025.00 0
2892 12.80 75.76 -22.75 -226.00 -15.00 69.00 601.00 -29.00 -1025.00 0
2902 12.94 82.16 -22.68 -229.00 -23.00 80.00 607.00 -17.00 -1143.00 0
2911 12.24 86.33 -22.19 -224.00 -30.00 84.00 607.00 -17.00 -1143.00 0
2920 11.20 88.21 -21.77 -225.00 -43.00 81.00 607.00 -17.00 -1143.00 0
2929 10.23 87.44 -21.50 -218.00 -52.00 68.00 607.00 -17.00 -1143.00 0
2938 9.53 84.17 -21.57 -214.00 -31.00 71.00 607.00 -17.00 -1143.00 0
2948 9.18 72.63 -22.05 -218.00 -13.00 74.00 607.00 -17.00 -1143.00 0
2957 10.43 65.60 -20.66 -232.00 -19.00 82.00 607.00 -17.00 -1143.00 0
2966 11.48 57.88 -18.71 -244.00 -35.00 72.00 610.00 -13.00 -1161.00 0
2975 11.55 50.16 -16.35 -227.00 -31.00 65.00 610.00 -13.00 -1161.00 0
2984 11.27 42.23 -15.10 -226.00 -17.00 56.00 610.00 -13.00 -1161.00 0
2994 11.34 34.57 -12.10 -232.00 -11.00 59.00 610.00 -13.00 -1161.00 0
3003 11.13 22.26 -10.23 -233.00 -6.00 54.00 610.00 -13.00 -1161.00 0
3012 10.64 17.88 -8.00 -242.00 0.00 56.00 610.00 -13.00 -1161.00 0
3021 9.74 14.61 -5.63 -243.00 -3.00 55.00 610.00 -13.00 -1161.00 0
3031 8.35 11.97 -3.48 -241.00 -10.00 53.00 605.00 -19.00 -1236.00 0
3040 6.96 9.95 -1.39 -250.00 -12.00 52.00 605.00 -19.00 -1236.00 0
3049 5.57 8.35 0.63 -256.00 -16.00 56.00 605.00 -19.00 -1236.00 0
3058 2.57 5.70 4.38 -260.00 -20.00 58.00 605.00 -19.00 -1236.00 0
3067 0.97 4.24 6.12 -262.00 -27.00 59.00 605.00 -19.00 -1236.00 0
3077 -0.35 2.57 7.23 -254.00 -27.00 51.00 605.00 -19.00 -1236.00 0
3086 -1.39 0.90 7.72 -255.00 -23.00 51.00 605.00 -19.00 -1236.00 0
3095 -2.16 -0.56 7.72 -251.00 -22.00 53.00 605.00 -19.00 -1236.00 0
3104 -2.71 -1.95 7.30 -256.00 -28.00 56.00 605.00 -19.00 -1236.00 0
3113 -2.64 -4.24 5.50 -254.00 -14.00 53.00 605.00 -19.00 -1236.00 0
3122 -2.99 -5.22 4.17 -253.00 -16.00 55.00 605.00 -19.00 -1236.00 0
3131 -4.10 -6.12 2.64 -248.00 -15.00 52.00 605.00 -19.00 -1236.00 0
3140 -5.08 -7.23 1.18 -239.00 -15.00 49.00 605.00 -19.00 -1236.00 0
3149 -5.84 -8.14 -0.21 -235.00 -9.00 44.00 605.00 -19.00 -1236.00 0
3159 -5.84 -8.97 -1.88 -232.00 -25.00 51.00 605.00 -19.00 -1236.00 0
3168 -6.75 -9.25 -3.90 -230.00 -29.00 49.00 607.00 -22.00 -1354.00 0
3177 -7.72 -8.83 -4.73 -231.00 -24.00 46.00 607.00 -22.00 -1354.00 0
3186 -7.37 -8.83 -5.29 -230.00 -33.00 51.00 607.00 -22.00 -1354.00 0
3195 -7.86 -8.56 -5.63 -228.00 -34.00 48.00 607.00 -22.00 -1354.00 0
3205 -7.03 -8.70 -6.26 -230.00 -41.00 49.00 607.00 -22.00 -1354.00 0
3214 -6.89 -8.77 -6.68 -233.00 -40.00 52.00 607.00 -22.00 -1354.00 0
3223 -6.61 -8.63 -7.03 -233.00 -38.00 47.00 607.00 -22.00 -1354.00 0
3232 -6.12 -8.56 -7.79 -231.00 -45.00 52.00 607.00 -22.00 -1354.00 0
3240 -5.70 -8.28 -8.00 -232.00 -39.00 53.00 607.00 -22.00 -1354.00 0
3250 -5.43 -7.93 -8.07 -237.00 -32.00 54.00 607.00 -22.00 -1354.00 0
3259 -5.22 -7.51 -8.00 -237.00 -33.00 51.00 607.00 -22.00 -1354.00 0
3268 -5.36 -7.37 -7.93 -237.00 -34.00 51.00 607.00 -22.00 -1354.00 0
3277 -5.84 -7.30 -7.72 -239.00 -34.00 58.00 607.00 -22.00 -1354.00 0
3287 -6.05 -7.03 -6.89 -240.00 -36.00 57.00 607.00 -22.00 -1354.00 0
3296 -6.05 -7.17 -6.33 -236.00 -36.00 60.00 602.00 -10.00 -1123.00 0
3305 -5.77 -7.30 -5.63 -237.00 -36.00 57.00 602.00 -10.00 -1123.00 0
3314 -5.57 -7.51 -4.94 -231.00 -34.00 60.00 602.00 -10.00 -1123.00 0
3323 -5.43 -7.72 -4.45 -228.00 -33.00 61.00 602.00 -10.00 -1123.00 0
3333 -5.22 -8.00 -3.76 -227.00 -29.00 63.00 602.00 -10.00 -1123.00 0
3342 -4.87 -8.42 -2.99 -230.00 -34.00 55.00 602.00 -10.00 -1123.00 0
3351 -3.97 -8.56 -1.04 -237.00 -23.00 65.00 602.00 -10.00 -1123.00 0
3360 -2.92 -8.70 1.11 -241.00 -18.00 64.00 601.00 -15.00 -1188.00 0
3368 -1.81 -9.39 3.90 -243.00 -10.00 69.00 601.00 -15.00 -1188.00 0
3378 -0.56 -10.43 7.44 -238.00 -10.00 71.00 601.00 -15.00 -1188.00 0
3387 0.56 -11.55 11.27 -234.00 -9.00 67.00 601.00 -15.00 -1188.00 0
3396 1.39 -12.80 14.61 -232.00 -2.00 68.00 601.00 -15.00 -1188.00 0
3405 1.11 -14.40 18.85 -233.00 0.00 70.00 601.00 -15.00 -1188.00 0
3415 0.35 -14.96 19.97 -227.00 1.00 74.00 601.00 -15.00 -1188.00 0
3424 -0.77 -15.44 20.45 -228.00 -2.00 73.00 609.00 -31.00 -1244.00 0
3433 -2.16 -15.72 20.59 -238.00 1.00 83.00 609.00 -31.00 -1244.00 0
3442 -3.69 -16.14 20.31 -227.00 7.00 77.00 609.00 -31.00 -1244.00 0
3451 -5.36 -16.90 19.83 -212.00 2.00 73.00 609.00 -31.00 -1244.00 0
3461 -10.57 -18.50 18.78 -223.00 -7.00 70.00 609.00 -31.00 -1244.00 0
3470 -13.63 -18.85 18.92 -231.00 -21.00 72.00 609.00 -31.00 -1244.00 0
3479 -16.35 -19.76 18.78 -236.00 -26.00 72.00 609.00 -31.00 -1244.00 0
3488 -18.30 -21.50 18.64 -242.00 -25.00 74.00 609.00 -31.00 -1244.00 0
3497 -19.55 -23.30 18.16 -237.00 -24.00 70.00 609.00 -31.00 -1244.00 0
3507 -20.10 -25.46 17.46 -221.00 -13.00 72.00 609.00 -31.00 -1244.00 0
3516 -21.01 -29.29 14.82 -216.00 -17.00 64.00 609.00 -31.00 -1244.00 0
3525 -21.43 -30.12 13.91 -210.00 -25.00 60.00 609.00 -31.00 -1244.00 0
3534 -21.57 -30.33 12.94 -226.00 0.00 65.00 609.00 -31.00 -1244.00 0
3544 -21.57 -29.98 11.27 -230.00 4.00 69.00 609.00 -31.00 -1244.00 0
3553 -22.12 -29.43 8.90 -251.00 1.00 83.00 609.00 -31.00 -1244.00 0
3562 -23.51 -29.08 5.91 -257.00 0.00 89.00 609.00 -31.00 -1244.00 0
3571 -28.45 -31.93 -2.64 -245.00 -8.00 85.00 609.00 -31.00 -1244.00 0
3580 -29.98 -35.62 -6.96 -241.00 15.00 79.00 609.00 -31.00 -1244.00 0
3590 -29.15 -40.97 -9.60 -193.00 -40.00 53.00 609.00 -31.00 -1244.00 0
3599 -32.97 -44.94 -12.59 -149.00 -52.00 42.00 609.00 -31.00 -1244.00 0
3608 -34.09 -46.47 -13.98 -120.00 -31.00 44.00 609.00 -31.00 -1244.00 0
3618 -34.64 -44.38 -14.12 -115.00 -91.00 29.00 609.00 -31.00 -1244.00 0
3628 -32.63 -30.96 -10.43 -112.00 -78.00 19.00 604.00 -14.00 -1144.00 0
3637 -27.27 -21.29 -6.40 -127.00 -33.00 26.00 604.00 -14.00 -1144.00 1
3646 -20.52 -11.83 -0.83 -212.00 -32.00 -61.00 604.00 -14.00 -1144.00 1
3656 -13.70 -3.13 4.31 -328.00 55.00 63.00 604.00 -14.00 -1144.00 1
3666 -4.45 18.57 10.09 -384.00 7.00 74.00 604.00 -14.00 -1144.00 1
3677 -7.44 27.41 6.40 -377.00 5.00 95.00 604.00 -14.00 -1144.00 1
3687 -9.74 34.23 2.50 -332.00 -2.00 91.00 615.00 -17.00 -1195.00 1
3697 -12.59 38.19 -0.63 -302.00 -35.00 79.00 615.00 -17.00 -1195.00 1
3707 -18.71 37.01 -4.45 -265.00 -52.00 65.00 615.00 -17.00 -1195.00 1
3718 -20.52 34.09 -5.84 -261.00 -44.00 73.00 615.00 -17.00 -1195.00 1
3728 -21.15 30.47 -6.05 -265.00 -42.00 87.00 615.00 -17.00 -1195.00 1
3738 -19.06 21.01 -2.57 -271.00 -70.00 75.00 615.00 -17.00 -1195.00 1
3749 -18.23 16.14 -2.43 -287.00 -50.00 87.00 615.00 -17.00 -1195.00 1
3760 -16.63 11.90 -3.55 -273.00 -17.00 83.00 615.00 -17.00 -1195.00 1
3770 -13.70 3.20 -6.82 -246.00 -27.00 78.00 615.00 -17.00 -1195.00 1
3780 -13.29 -1.04 -8.35 -226.00 -16.00 69.00 615.00 -17.00 -1195.00 1
3790 -13.01 -4.87 -9.46 -215.00 -7.00 78.00 615.00 -17.00 -1195.00 1
3801 -12.59 -13.43 -9.32 -194.00 -47.00 64.00 615.00 -17.00 -1195.00 1
3810 -12.66 -18.43 -8.97 -199.00 -30.00 62.00 615.00 -17.00 -1195.00 0
3819 -10.92 -23.79 -7.44 -214.00 7.00 73.00 607.00 -12.00 -1209.00 0
3828 -7.79 -28.94 -4.52 -227.00 30.00 75.00 607.00 -12.00 -1209.00 0
3837 -5.84 -33.53 -1.46 -222.00 11.00 64.00 607.00 -12.00 -1209.00 0
3847 -5.77 -37.91 1.11 -213.00 -17.00 48.00 607.00 -12.00 -1209.00 0
3856 -10.09 -40.21 4.10 -223.00 -11.00 57.00 607.00 -12.00 -1209.00 0
3865 -11.55 -35.97 5.08 -223.00 -4.00 73.00 607.00 -12.00 -1209.00 0
3874 -13.08 -30.82 5.22 -234.00 -16.00 70.00 607.00 -12.00 -1209.00 0
3884 -14.96 -25.88 4.66 -231.00 -40.00 65.00 599.00 -13.00 -1109.00 0
3893 -16.83 -21.57 3.27 -230.00 -46.00 62.00 599.00 -13.00 -1109.00 0
3902 -17.53 -17.18 1.60 -232.00 -41.00 59.00 599.00 -13.00 -1109.00 0
3911 -15.30 -7.03 -2.30 -233.00 -58.00 62.00 599.00 -13.00 -1109.00 0
3920 -13.22 -1.67 -4.66 -237.00 -64.00 63.00 599.00 -13.00 -1109.00 0
3930 -10.30 3.62 -7.30 -234.00 -66.00 55.00 599.00 -13.00 -1109.00 0
3939 -6.26 8.83 -10.09 -226.00 -55.00 47.00 599.00 -13.00 -1109.00 0
3948 -1.46 14.12 -12.80 -215.00 -49.00 41.00 599.00 -13.00 -1109.00 0
3957 3.76 19.90 -14.96 -215.00 -36.00 32.00 599.00 -13.00 -1109.00 0
3966 12.87 38.05 -18.43 -215.00 -29.00 25.00 599.00 -13.00 -1109.00 0
3976 16.56 51.90 -18.64 -239.00 -123.00 31.00 599.00 -13.00 -1109.00 0
3985 22.12 68.66 -18.99 -219.00 -83.00 56.00 599.00 -13.00 -1109.00 0
3994 24.14 83.69 -17.53 -220.00 -24.00 42.00 599.00 -13.00 -1109.00 0
4003 24.63 95.65 -16.70 -201.00 44.00 94.00 599.00 -13.00 -1109.00 0
4014 26.23 106.85 -15.79 -232.00 -89.00 9.00 599.00 -13.00 -1109.00 0
4023 29.22 121.88 -9.88 -326.00 -147.00 -43.00 599.00 -13.00 -1109.00 0
4032 30.26 125.91 -7.72 -261.00 -141.00 -28.00 599.00 -13.00 -1109.00 0
4041 29.43 126.12 -4.17 -270.00 -71.00 -8.00 599.00 -13.00 -1109.00 0
4050 29.77 123.76 -2.99 -255.00 -14.00 63.00 599.00 -13.00 -1109.00 0
4060 26.30 118.05 -0.21 -226.00 -50.00 59.00 599.00 -13.00 -1109.00 0
4069 22.68 100.31 -1.32 -237.00 -40.00 42.00 599.00 -13.00 -1109.00 0
4078 19.97 90.02 -1.60 -239.00 -33.00 38.00 599.00 -13.00 -1109.00 0
4087 18.92 80.07 -2.85 -234.00 -32.00 43.00 599.00 -13.00 -1109.00 0
4097 17.53 69.63 -4.31 -229.00 -52.00 38.00 599.00 -13.00 -1109.00 0
4106 15.37 59.55 -6.33 -233.00 -40.00 34.00 599.00 -13.00 -1109.00 0
4115 13.91 50.43 -8.77 -235.00 -39.00 28.00 599.00 -13.00 -1109.00 0
4124 13.29 35.06 -12.10 -231.00 -39.00 30.00 599.00 -13.00 -1109.00 0
4133 11.62 28.87 -12.73 -230.00 -41.00 23.00 599.00 -13.00 -1109.00 0
4143 10.64 23.65 -12.73 -229.00 -45.00 25.00 599.00 -13.00 -1109.00 0
4152 9.53 19.13 -12.10 -233.00 -39.00 21.00 599.00 -13.00 -1109.00 0
4161 8.28 15.17 -10.85 -230.00 -40.00 23.00 599.00 -13.00 -1109.00 0
4170 6.40 11.83 -8.28 -254.00 -71.00 -13.00 599.00 -13.00 -1109.00 0
4179 2.43 8.28 -4.59 -255.00 -24.00 16.00 599.00 -13.00 -1109.00 0
4189 0.49 7.37 -2.50 -256.00 -37.00 19.00 599.00 -13.00 -1109.00 0
4198 -0.07 6.40 -1.25 -257.00 -18.00 25.00 599.00 -13.00 -1109.00 0
4207 0.49 5.36 0.07 -258.00 -24.00 19.00 599.00 -13.00 -1109.00 0
4216 0.63 4.17 0.70 -258.00 -31.00 19.00 599.00 -13.00 -1109.00 0
4226 0.28 2.85 0.90 -256.00 -30.00 10.00 599.00 -13.00 -1109.00 0
4235 0.21 1.81 1.04 -263.00 -31.00 16.00 599.00 -13.00 -1109.00 0
4244 0.00 -0.28 0.97 -261.00 -32.00 17.00 599.00 -13.00 -1109.00 0
4252 -0.35 -1.32 0.70 -256.00 -28.00 18.00 599.00 -13.00 -1109.00 0
4261 -0.63 -2.23 0.35 -260.00 -21.00 22.00 599.00 -13.00 -1109.00 0
4271 -0.77 -2.85 0.35 -266.00 -23.00 20.00 599.00 -13.00 -1109.00 0
4280 -1.39 -3.13 0.77 -258.00 -26.00 18.00 609.00 -9.00 -1101.00 0
4289 -2.23 -3.62 0.83 -249.00 -24.00 16.00 609.00 -9.00 -1101.00 0
4298 -3.97 -4.38 0.42 -253.00 -29.00 21.00 609.00 -9.00 -1101.00 0
4307 -4.17 -4.24 0.42 -255.00 -32.00 20.00 609.00 -9.00 -1101.00 0
4317 -4.24 -4.10 0.56 -254.00 -27.00 19.00 609.00 -9.00 -1101.00 0
4326 -3.97 -4.24 0.49 -249.00 -29.00 23.00 609.00 -9.00 -1101.00 0
4334 -3.69 -4.66 0.49 -252.00 -27.00 26.00 609.00 -9.00 -1101.00 0
4343 -3.34 -5.36 0.35 -244.00 -28.00 21.00 608.00 -12.00 -1114.00 0
4353 -3.13 -5.98 0.00 -250.00 -41.00 25.00 608.00 -12.00 -1114.00 0
4362 -3.62 -7.03 -0.90 -247.00 -27.00 26.00 608.00 -12.00 -1114.00 0
4371 -3.76 -7.72 -1.39 -243.00 -37.00 28.00 608.00 -12.00 -1114.00 0
4380 -3.97 -8.28 -2.09 -240.00 -34.00 24.00 608.00 -12.00 -1114.00 0
4389 -3.97 -8.97 -2.57 -238.00 -33.00 22.00 608.00 -12.00 -1114.00 0
4399 -4.03 -9.67 -2.99 -236.00 -34.00 22.00 608.00 -12.00 -1114.00 0
4408 -4.24 -10.23 -3.27 -232.00 -26.00 22.00 608.00 -12.00 -1114.00 0
4417 -4.17 -11.06 -3.62 -232.00 -32.00 21.00 608.00 -12.00 -1114.00 0
4426 -4.31 -11.27 -3.34 -235.00 -25.00 24.00 608.00 -12.00 -1114.00 0
4435 -4.45 -11.27 -2.78 -237.00 -25.00 21.00 608.00 -12.00 -1114.00 0
4445 -4.52 -10.92 -2.02 -240.00 -27.00 23.00 608.00 -12.00 -1114.00 0
4454 -5.15 -10.30 -0.97 -239.00 -23.00 22.00 608.00 -12.00 -1114.00 0
4463 -5.84 -9.53 0.07 -241.00 -27.00 24.00 608.00 -12.00 -1114.00 0
4471 -6.61 -8.21 1.95 -241.00 -29.00 24.00 608.00 -12.00 -1114.00 0
4481 -8.14 -7.58 2.43 -241.00 -35.00 24.00 608.00 -12.00 -1114.00 0
4490 -8.77 -6.96 2.57 -244.00 -36.00 25.00 608.00 -12.00 -1114.00 0
4499 -9.11 -6.54 2.37 -244.00 -37.00 22.00 608.00 -12.00 -1114.00 0
4508 -9.18 -6.40 1.81 -247.00 -42.00 24.00 608.00 -12.00 -1114.00 0
4517 -8.97 -6.26 1.04 -245.00 -44.00 23.00 608.00 -12.00 -1114.00 0
4527 -8.56 -6.33 0.14 -248.00 -41.00 25.00 608.00 -12.00 -1114.00 0
4536 -7.03 -6.82 -1.32 -247.00 -34.00 20.00 608.00 -12.00 -1114.00 0
4545 -6.12 -7.23 -1.53 -246.00 -40.00 26.00 608.00 -12.00 -1114.00 0
4554 -5.50 -7.72 -1.60 -244.00 -35.00 27.00 608.00 -12.00 -1114.00 0
4563 -4.66 -8.21 -1.39 -245.00 -30.00 30.00 608.00 -12.00 -1114.00 0
4573 -3.90 -8.77 -0.97 -244.00 -28.00 26.00 608.00 -12.00 -1114.00 0
4582 -3.27 -9.32 -0.56 -248.00 -22.00 27.00 608.00 -12.00 -1114.00 0
4591 -2.71 -10.23 0.14 -249.00 -29.00 31.00 608.00 -12.00 -1114.00 0
4599 -2.64 -10.71 0.21 -249.00 -26.00 31.00 608.00 -12.00 -1114.00 0
4609 -2.71 -11.34 0.00 -250.00 -27.00 32.00 608.00 -12.00 -1257.00 0
4618 -2.92 -11.97 -0.49 -246.00 -32.00 33.00 608.00 -12.00 -1257.00 0
4627 -3.20 -12.45 -1.04 -246.00 -30.00 39.00 608.00 -12.00 -1257.00 0
4636 -3.41 -12.87 -1.60 -247.00 -31.00 42.00 608.00 -12.00 -1257.00 0
4645 -3.55 -14.26 -2.09 -243.00 -24.00 43.00 608.00 -12.00 -1257.00 0
4655 -3.41 -15.51 -1.88 -241.00 -29.00 45.00 608.00 -12.00 -1257.00 0
4664 -3.48 -16.83 -1.25 -243.00 -24.00 48.00 608.00 -12.00 -1257.00 0
4673 -3.62 -18.37 -0.21 -240.00 -16.00 47.00 608.00 -13.00 -1074.00 0
4682 -3.62 -20.10 1.53 -243.00 -17.00 51.00 608.00 -13.00 -1074.00 0
4691 -4.03 -21.91 3.69 -239.00 -18.00 54.00 608.00 -13.00 -1074.00 0
4701 -4.59 -23.86 8.35 -237.00 -25.00 56.00 608.00 -13.00 -1074.00 0
4710 -5.77 -28.03 10.09 -245.00 -31.00 56.00 608.00 -13.00 -1074.00 0
4719 -6.19 -30.05 10.78 -253.00 -34.00 56.00 608.00 -13.00 -1074.00 0
4728 -6.26 -32.14 10.57 -258.00 -35.00 62.00 608.00 -13.00 -1074.00 0
4738 -5.84 -34.50 9.46 -250.00 -29.00 67.00 609.00 -16.00 -1193.00 0
4747 -5.22 -37.63 7.65 -243.00 -22.00 71.00 609.00 -16.00 -1193.00 0
4756 -4.52 -41.39 5.15 -232.00 -15.00 73.00 609.00 -16.00 -1193.00 0
4765 -3.34 -48.56 5.70 -221.00 -5.00 68.00 609.00 -16.00 -1193.00 0
4774 -3.34 -51.83 7.10 -215.00 -7.00 70.00 609.00 -16.00 -1193.00 0
4784 -4.31 -54.61 8.77 -201.00 -2.00 64.00 609.00 -16.00 -1193.00 0
4793 -5.84 -56.63 10.85 -190.00 -10.00 61.00 609.00 -16.00 -1193.00 0
4802 -7.79 -57.53 13.08 -186.00 -25.00 51.00 609.00 -23.00 -1325.00 0
4811 -10.23 -57.11 14.96 -192.00 -28.00 55.00 609.00 -23.00 -1325.00 0
4820 -13.70 -52.31 15.93 -189.00 -29.00 46.00 609.00 -23.00 -1325.00 0
4830 -14.40 -48.21 14.96 -195.00 -21.00 45.00 609.00 -23.00 -1325.00 0
4839 -14.89 -42.71 13.36 -201.00 -16.00 47.00 609.00 -23.00 -1325.00 0
4848 -15.23 -36.59 11.83 -210.00 -14.00 51.00 609.00 -23.00 -1325.00 0
4857 -15.72 -30.12 10.64 -219.00 -15.00 53.00 609.00 -23.00 -1325.00 0
4867 -16.42 -23.93 8.83 -228.00 -21.00 59.00 609.00 -23.00 -1325.00 0
4876 -17.39 -14.26 8.56 -234.00 -41.00 65.00 609.00 -23.00 -1325.00 0
4885 -17.46 -11.34 9.32 -248.00 -22.00 69.00 609.00 -23.00 -1325.00 0
4894 -16.00 -9.53 10.50 -240.00 -28.00 63.00 609.00 -23.00 -1325.00 0
4903 -14.61 -9.81 11.97 -218.00 -36.00 59.00 609.00 -23.00 -1325.00 0
4913 -12.17 -11.27 14.40 -201.00 -45.00 54.00 609.00 -23.00 -1325.00 0
4922 -9.74 -12.52 18.64 -187.00 -53.00 47.00 609.00 -23.00 -1325.00 0
4931 -1.46 -15.93 21.43 -175.00 -68.00 44.00 609.00 -23.00 -1325.00 0
4940 3.34 -17.11 23.72 -162.00 -68.00 53.00 609.00 -23.00 -1325.00 0
4950 10.16 -17.32 26.85 -156.00 -64.00 24.00 609.00 -23.00 -1325.00 1
4960 18.23 -16.97 30.33 -194.00 -51.00 -81.00 609.00 -23.00 -1325.00 1
4970 36.17 -12.59 28.03 -303.00 39.00 -5.00 609.00 -23.00 -1325.00 1
4980 44.38 -4.94 22.12 -374.00 118.00 68.00 609.00 -23.00 -1325.00 1
4992 43.20 4.73 10.57 -405.00 107.00 117.00 609.00 -23.00 -1325.00 1
5002 26.78 19.34 -3.90 -367.00 -2.00 98.00 626.00 -51.00 -1223.00 1
5012 13.43 20.24 -8.00 -298.00 -40.00 83.00 626.00 -51.00 -1223.00 1
5022 4.59 18.57 -8.07 -234.00 -17.00 64.00 626.00 -51.00 -1223.00 1
5033 0.07 11.62 1.04 -227.00 -1.00 68.00 626.00 -51.00 -1223.00 1
5044 -3.62 8.63 7.86 -240.00 -4.00 76.00 626.00 -51.00 -1223.00 1
5054 -5.22 6.61 14.40 -255.00 -11.00 88.00 626.00 -51.00 -1223.00 1
5064 -6.68 4.10 20.24 -263.00 -2.00 80.00 626.00 -51.00 -1223.00 1
5074 -8.70 -1.25 26.57 -250.00 0.00 70.00 626.00 -51.00 -1223.00 1
5085 -9.67 -4.52 27.13 -228.00 1.00 62.00 626.00 -51.00 -1223.00 1
5095 -10.92 -7.86 26.30 -211.00 -14.00 61.00 626.00 -51.00 -1223.00 1
5104 -13.70 -12.59 21.36 -209.00 -11.00 53.00 626.00 -51.00 -1223.00 0
5113 -13.84 -13.91 18.78 -227.00 -1.00 62.00 626.00 -51.00 -1223.00 0
5123 -13.08 -14.89 16.70 -233.00 18.00 61.00 626.00 -51.00 -1223.00 0
5132 -12.03 -16.00 14.89 -236.00 32.00 59.00 634.00 -69.00 -1285.00 0
5141 -11.06 -16.97 13.63 -237.00 32.00 55.00 634.00 -69.00 -1285.00 0
5151 -11.06 -17.60 12.73 -253.00 18.00 54.00 634.00 -69.00 -1285.00 0
5160 -13.29 -17.18 11.06 -256.00 5.00 62.00 634.00 -69.00 -1285.00 0
5170 -14.19 -16.42 10.57 -259.00 -1.00 60.00 634.00 -69.00 -1285.00 0
5179 -14.68 -15.44 10.02 -264.00 -3.00 62.00 634.00 -69.00 -1285.00 0
5188 -14.54 -14.26 9.18 -260.00 -2.00 63.00 634.00 -69.00 -1285.00 0
5197 -14.12 -13.01 7.79 -250.00 -10.00 63.00 632.00 -73.00 -1262.00 0
5207 -13.98 -11.69 5.77 -246.00 -18.00 55.00 632.00 -73.00 -1262.00 0
5216 -14.05 -7.72 0.14 -242.00 -24.00 56.00 632.00 -73.00 -1262.00 0
5225 -13.57 -5.22 -3.06 -237.00 -23.00 53.00 632.00 -73.00 -1262.00 0
5234 -12.45 -2.50 -6.19 -234.00 -14.00 56.00 632.00 -73.00 -1262.00 0
5243 -10.85 0.21 -8.70 -231.00 -7.00 50.00 632.00 -73.00 -1262.00 0
5252 -9.18 3.06 -10.78 -223.00 2.00 48.00 632.00 -73.00 -1262.00 0
5261 -7.72 6.61 -12.52 -222.00 -3.00 49.00 632.00 -59.00 -1211.00 0
5270 -6.68 16.97 -15.51 -227.00 -7.00 59.00 630.00 -59.00 -1211.00 0
5279 -6.75 22.96 -17.18 -229.00 -15.00 53.00 630.00 -59.00 -1211.00 0
5288 -6.96 29.01 -19.34 -223.00 -26.00 52.00 630.00 -59.00 -1211.00 0
5298 -7.03 34.57 -22.26 -216.00 -22.00 42.00 630.00 -59.00 -1211.00 0
5307 -6.82 40.14 -25.67 -219.00 -11.00 49.00 630.00 -59.00 -1211.00 0
5316 -6.12 46.12 -29.01 -217.00 -2.00 48.00 630.00 -59.00 -1211.00 0
5325 -4.31 58.57 -34.09 -218.00 4.00 39.00 630.00 -59.00 -1211.00 0
5335 -3.90 65.11 -34.71 -220.00 -2.00 42.00 630.00 -59.00 -1211.00 0
5344 -4.38 72.21 -34.02 -228.00 -18.00 46.00 630.00 -59.00 -1211.00 0
5353 -5.08 78.47 -33.04 -221.00 -29.00 41.00 630.00 -59.00 -1211.00 0
5362 -5.57 83.48 -32.56 -210.00 42.00 58.00 630.00 -59.00 -1211.00 0
5371 -4.45 88.83 -32.14 -211.00 -27.00 48.00 630.00 -59.00 -1211.00 0
5381 -0.28 100.10 -30.47 -196.00 -10.00 25.00 630.00 -59.00 -1211.00 0
5390 3.55 105.25 -29.15 -187.00 9.00 7.00 630.00 -59.00 -1211.00 0
5399 8.07 112.49 -27.90 -249.00 -50.00 -17.00 624.00 -29.00 -1149.00 0
5408 10.02 121.60 -23.93 -246.00 49.00 39.00 624.00 -29.00 -1149.00 0
5417 11.62 128.42 -22.19 -252.00 -23.00 63.00 624.00 -29.00 -1149.00 0
5428 11.06 132.03 -21.01 -254.00 -35.00 23.00 624.00 -29.00 -1149.00 0
5437 13.08 125.57 -21.36 -270.00 -19.00 11.00 624.00 -29.00 -1149.00 0
5446 13.50 119.03 -18.99 -265.00 -30.00 11.00 624.00 -29.00 -1149.00 0
5455 12.87 111.44 -17.25 -257.00 -47.00 1.00 624.00 -29.00 -1149.00 0
5465 11.83 102.61 -15.58 -249.00 -40.00 1.00 624.00 -29.00 -1149.00 0
5474 11.76 93.50 -14.40 -250.00 -41.00 -2.00 624.00 -29.00 -1149.00 0
5483 11.62 84.10 -13.43 -259.00 -38.00 6.00 624.00 -29.00 -1149.00 0
5492 10.78 64.90 -11.62 -250.00 -42.00 4.00 624.00 -29.00 -1149.00 0
5501 11.13 54.75 -11.27 -253.00 -33.00 -1.00 624.00 -29.00 -1149.00 0
5511 11.34 44.45 -10.50 -250.00 -27.00 1.00 624.00 -29.00 -1149.00 0
5520 11.62 35.20 -9.39 -246.00 -26.00 -2.00 624.00 -29.00 -1149.00 0
5529 11.62 27.06 -8.42 -255.00 -22.00 -2.00 624.00 -29.00 -1149.00 0
5538 10.92 19.90 -7.65 -256.00 -27.00 0.00 624.00 -29.00 -1149.00 0
5548 8.14 7.93 -6.75 -257.00 -27.00 -3.00 624.00 -29.00 -1149.00 0
5557 6.40 2.78 -6.54 -250.00 -32.00 -9.00 624.00 -29.00 -1149.00 0
5566 4.94 -1.74 -6.33 -247.00 -24.00 -5.00 624.00 -29.00 -1149.00 0
5574 4.10 -5.15 -5.91 -247.00 -22.00 -3.00 624.00 -29.00 -1149.00 0
5583 3.34 -7.65 -5.43 -245.00 -23.00 -5.00 624.00 -29.00 -1149.00 0
5593 2.57 -9.39 -4.73 -251.00 -23.00 -11.00 612.00 -15.00 -965.00 0
5602 1.95 -10.64 -3.27 -251.00 -21.00 -10.00 612.00 -15.00 -965.00 0
5611 0.77 -10.37 -2.23 -258.00 -22.00 -8.00 612.00 -15.00 -965.00 0
5620 0.35 -9.88 -1.04 -260.00 -25.00 -7.00 612.00 -15.00 -965.00 0
5629 -0.14 -9.53 0.00 -256.00 -26.00 -8.00 612.00 -15.00 -965.00 0
5639 -0.77 -9.39 0.63 -253.00 -25.00 -5.00 612.00 -15.00 -965.00 0
5647 -1.32 -9.39 0.77 -251.00 -23.00 -8.00 612.00 -15.00 -965.00 0
5656 -2.02 -9.60 0.63 -250.00 -26.00 -9.00 609.00 -17.00 -1258.00 0
5665 -3.90 -9.88 -0.14 -248.00 -27.00 -8.00 609.00 -17.00 -1258.00 0
5675 -4.59 -9.60 -0.77 -238.00 -25.00 -14.00 609.00 -17.00 -1258.00 0
5684 -4.94 -8.77 -1.32 -240.00 -22.00 -7.00 609.00 -17.00 -1258.00 0
5693 -4.94 -7.44 -1.81 -243.00 -26.00 -7.00 609.00 -17.00 -1258.00 0
5702 -5.15 -5.98 -2.09 -249.00 -31.00 -6.00 609.00 -17.00 -1258.00 0
5711 -5.57 -4.59 -2.30 -249.00 -28.00 -12.00 609.00 -17.00 -1258.00 0
5720 -5.77 -3.62 -2.37 -246.00 -27.00 -11.00 609.00 -17.00 -1258.00 0
5729 -6.12 -3.06 -2.02 -249.00 -32.00 -12.00 609.00 -17.00 -1258.00 0
5738 -6.47 -3.20 -1.81 -244.00 -35.00 -11.00 609.00 -17.00 -1258.00 0
5747 -6.68 -3.27 -1.74 -243.00 -34.00 -9.00 609.00 -17.00 -1258.00 0
5756 -6.89 -3.34 -1.67 -242.00 -30.00 -10.00 609.00 -17.00 -1258.00 0
5766 -6.96 -3.55 -1.67 -240.00 -27.00 -11.00 609.00 -17.00 -1258.00 0
5775 -6.96 -3.62 -1.39 -246.00 -33.00 -9.00 609.00 -17.00 -1258.00 0
5784 -6.40 -3.20 -1.18 -240.00 -33.00 -14.00 609.00 -17.00 -1258.00 0
5793 -6.26 -3.06 -1.11 -246.00 -29.00 -4.00 611.00 -17.00 -1310.00 0
5803 -5.98 -2.71 -0.83 -239.00 -32.00 -4.00 611.00 -17.00 -1310.00 0
5812 -6.05 -2.57 -0.63 -245.00 -30.00 -7.00 611.00 -17.00 -1310.00 0
5821 -5.98 -2.57 -0.35 -245.00 -31.00 -7.00 611.00 -17.00 -1310.00 0
5829 -5.84 -2.57 0.00 -245.00 -29.00 -10.00 611.00 -17.00 -1310.00 0
5838 -5.77 -2.57 0.49 -246.00 -28.00 -5.00 611.00 -17.00 -1310.00 0
5848 -5.77 -2.99 1.95 -248.00 -27.00 -8.00 611.00 -17.00 -1310.00 0
5857 -5.77 -3.27 2.64 -247.00 -23.00 -7.00 611.00 -17.00 -1310.00 0
5866 -5.63 -3.41 3.06 -249.00 -21.00 -4.00 611.00 -17.00 -1310.00 0
5875 -5.70 -3.41 3.41 -248.00 -25.00 -2.00 611.00 -17.00 -1310.00 0
5884 -5.91 -3.41 3.55 -253.00 -27.00 0.00 611.00 -17.00 -1310.00 0
5894 -6.12 -3.55 3.69 -255.00 -27.00 0.00 611.00 -17.00 -1310.00 0
5902 -6.40 -4.24 3.27 -254.00 -25.00 4.00 611.00 -17.00 -1310.00 0
5911 -6.05 -4.59 2.92 -255.00 -27.00 0.00 611.00 -17.00 -1310.00 0
5920 -6.05 -5.15 2.50 -254.00 -24.00 4.00 614.00 -22.00 -1271.00 0
5929 -6.05 -5.91 1.88 -257.00 -24.00 7.00 614.00 -22.00 -1271.00 0
5939 -6.05 -6.82 1.11 -249.00 -25.00 3.00 614.00 -22.00 -1271.00 0
5948 -6.12 -7.93 0.70 -255.00 -26.00 7.00 614.00 -22.00 -1271.00 0
5957 -6.61 -8.90 0.90 -257.00 -18.00 6.00 614.00 -22.00 -1271.00 0
5966 -7.37 -10.43 2.30 -247.00 -13.00 5.00 614.00 -22.00 -1271.00 0
5976 -7.79 -11.48 3.97 -253.00 -14.00 7.00 614.00 -22.00 -1271.00 0
5984 -8.70 -12.38 5.70 -258.00 -10.00 10.00 614.00 -26.00 -1114.00 0
5993 -9.46 -13.57 7.72 -261.00 -13.00 12.00 614.00 -26.00 -1114.00 0
6002 -10.43 -14.89 9.11 -254.00 -25.00 8.00 614.00 -26.00 -1114.00 0
6011 -11.69 -16.42 9.39 -246.00 -25.00 -1.00 614.00 -26.00 -1114.00 0
6021 -13.01 -19.13 8.14 -236.00 -22.00 -3.00 614.00 -26.00 -1114.00 0
6030 -12.66 -19.41 7.37 -235.00 -17.00 1.00 614.00 -26.00 -1114.00 0
6039 -11.97 -18.64 7.03 -238.00 -14.00 5.00 614.00 -26.00 -1114.00 0
6048 -11.62 -17.67 6.82 -243.00 -15.00 5.00 614.00 -26.00 -1114.00 0
6057 -11.69 -16.90 6.75 -246.00 -9.00 10.00 614.00 -26.00 -1114.00 0
6067 -11.13 -16.07 7.37 -239.00 -8.00 10.00 614.00 -26.00 -1114.00 0
6076 -10.64 -15.10 10.37 -234.00 -12.00 2.00 614.00 -26.00 -1114.00 0
6085 -10.43 -15.03 12.45 -242.00 -7.00 6.00 614.00 -26.00 -1114.00 0
6094 -11.13 -15.37 14.54 -230.00 -11.00 13.00 614.00 -26.00 -1114.00 0
6104 -12.03 -16.42 16.49 -216.00 -37.00 -9.00 614.00 -26.00 -1114.00 0
6113 -13.15 -16.49 17.32 -229.00 -33.00 10.00 614.00 -26.00 -1114.00 0
6122 -14.75 -15.65 18.37 -233.00 -102.00 -18.00 614.00 -26.00 -1114.00 0
6131 -17.25 -14.19 21.08 -184.00 69.00 5.00 614.00 -26.00 -1114.00 0
6140 -19.13 -11.90 23.51 -216.00 -5.00 -2.00 614.00 -26.00 -1114.00 0
6150 -18.71 -7.58 25.81 -228.00 12.00 4.00 614.00 -26.00 -1114.00 0
6159 -19.76 -3.27 27.34 -217.00 51.00 9.00 614.00 -26.00 -1114.00 0
6168 -20.80 0.00 27.34 -232.00 0.00 9.00 614.00 -26.00 -1114.00 0
6177 -20.24 4.38 26.78 -166.00 -22.00 -51.00 614.00 -26.00 -1114.00 0
6187 -18.99 28.38 28.38 -188.00 -4.00 -26.00 638.00 -58.00 -1275.00 0
6196 -14.47 49.46 31.58 -168.00 -48.00 -39.00 638.00 -58.00 -1275.00 0
6205 -15.17 73.95 32.42 -225.00 -65.00 -55.00 638.00 -58.00 -1275.00 0
6214 -16.14 97.67 36.73 -250.00 -36.00 -6.00 638.00 -58.00 -1275.00 0
6223 -18.30 114.43 40.42 -230.00 -33.00 -11.00 638.00 -58.00 -1275.00 0
6233 -19.62 122.78 41.53 -212.00 -2.00 -8.00 638.00 -58.00 -1275.00 0
6242 -18.85 120.83 40.83 -202.00 14.00 -30.00 638.00 -58.00 -1275.00 0
6252 -16.83 112.97 40.35 -202.00 28.00 -48.00 638.00 -58.00 -1275.00 1
6262 -15.17 103.17 39.79 -220.00 4.00 -136.00 638.00 -58.00 -1275.00 1
6273 -14.75 91.69 37.98 -340.00 -18.00 -115.00 638.00 -58.00 -1275.00 1
6283 -8.70 74.23 23.10 -414.00 0.00 -87.00 638.00 -58.00 -1275.00 1
6293 -3.69 67.62 10.02 -366.00 17.00 -63.00 638.00 -58.00 -1275.00 1
6303 -0.90 59.55 -0.63 -281.00 -19.00 -59.00 638.00 -58.00 -1275.00 1
6313 -2.71 39.17 -9.11 -271.00 -34.00 -49.00 636.00 -76.00 -1150.00 1
6324 -3.83 29.57 -8.14 -275.00 -19.00 -50.00 636.00 -76.00 -1150.00 1
6334 -3.76 19.62 -6.26 -282.00 -1.00 -51.00 636.00 -76.00 -1150.00 1
6344 -3.20 9.39 -4.10 -276.00 10.00 -43.00 636.00 -76.00 -1150.00 1
6354 -2.85 -9.18 -0.49 -266.00 28.00 -40.00 636.00 -76.00 -1150.00 1
6365 -3.20 -17.60 0.00 -252.00 29.00 -43.00 636.00 -76.00 -1150.00 1
6375 -4.59 -25.53 -1.04 -248.00 6.00 -29.00 636.00 -76.00 -1150.00 1
6385 -8.28 -38.47 -5.15 -242.00 0.00 -24.00 636.00 -76.00 -1150.00 1
6395 -9.04 -45.22 -7.03 -232.00 12.00 -20.00 636.00 -76.00 -1150.00 1
6406 -9.11 -52.94 -8.63 -226.00 19.00 -22.00 636.00 -76.00 -1150.00 0
6415 -8.97 -61.36 -9.46 -212.00 17.00 -42.00 636.00 -76.00 -1150.00 0
6424 -9.88 -72.83 -8.70 -221.00 13.00 -45.00 636.00 -76.00 -1150.00 0
6433 -10.57 -72.77 -6.96 -242.00 11.00 -38.00 636.00 -76.00 -1150.00 0
6443 -11.27 -69.50 -4.94 -265.00 5.00 -36.00 636.00 -77.00 -1035.00 0
6452 -11.83 -64.90 -3.83 -263.00 -5.00 -32.00 649.00 -77.00 -1035.00 0
6461 -12.10 -60.66 -4.03 -258.00 0.00 -31.00 649.00 -77.00 -1035.00 0
6470 -11.76 -56.42 -4.87 -263.00 9.00 -28.00 649.00 -77.00 -1035.00 0
6479 -9.95 -47.72 -6.75 -262.00 8.00 -24.00 649.00 -77.00 -1035.00 0
6489 -9.39 -43.55 -7.86 -252.00 5.00 -19.00 649.00 -77.00 -1035.00 0
6498 -9.18 -39.23 -9.04 -240.00 2.00 -22.00 649.00 -77.00 -1035.00 0
6507 -9.18 -34.78 -9.88 -238.00 0.00 -21.00 649.00 -77.00 -1035.00 0
6516 -9.39 -30.26 -9.81 -243.00 -2.00 -19.00 649.00 -77.00 -1035.00 0
6525 -9.74 -25.88 -9.60 -252.00 -2.00 -22.00 649.00 -77.00 -1035.00 0
6534 -10.09 -22.26 -9.32 -255.00 -3.00 -20.00 649.00 -77.00 -1035.00 0
6543 -10.09 -17.18 -9.46 -258.00 -16.00 -24.00 649.00 -77.00 -1035.00 0
6552 -10.02 -15.03 -9.95 -260.00 -19.00 -26.00 649.00 -77.00 -1035.00 0
6561 -9.39 -12.87 -10.78 -257.00 -20.00 -27.00 649.00 -77.00 -1035.00 0
6572 -8.21 -10.37 -11.83 -252.00 -25.00 -25.00 649.00 -77.00 -1035.00 0
6581 -6.75 -7.65 -13.22 -250.00 -30.00 -29.00 649.00 -77.00 -1035.00 0
6590 -4.94 -4.73 -18.02 -249.00 -40.00 -32.00 649.00 -77.00 -1035.00 0
6598 0.63 2.16 -20.38 -245.00 -28.00 -28.00 649.00 -77.00 -1035.00 0
6607 4.80 5.98 -21.98 -241.00 -12.00 -24.00 649.00 -77.00 -1035.00 0
6617 8.97 9.60 -22.75 -248.00 -5.00 -24.00 649.00 -77.00 -1035.00 0
6626 12.31 13.08 -22.96 -240.00 -9.00 -22.00 649.00 -77.00 -1035.00 0
6635 14.68 16.21 -23.23 -240.00 -7.00 -25.00 649.00 -77.00 -1035.00 0
6644 16.28 19.34 -23.58 -224.00 0.00 -38.00 649.00 -77.00 -1035.00 0
6653 18.09 27.41 -22.40 -192.00 -3.00 -52.00 649.00 -77.00 -1035.00 0
6663 17.81 36.45 -20.24 -203.00 8.00 -45.00 649.00 -77.00 -1035.00 0
6672 17.11 48.90 -16.83 -203.00 -4.00 -43.00 649.00 -77.00 -1035.00 0
6681 15.65 63.17 -13.43 -221.00 -12.00 -36.00 649.00 -77.00 -1035.00 0
6690 13.70 77.91 -9.95 -248.00 -5.00 -8.00 649.00 -77.00 -1035.00 0
6700 12.24 88.83 -6.61 -216.00 -26.00 -31.00 649.00 -77.00 -1035.00 0
6709 8.77 97.11 -2.71 -240.00 -15.00 -27.00 621.00 -48.00 -1146.00 0
6718 8.77 98.23 0.70 -245.00 -39.00 -38.00 621.00 -48.00 -1146.00 0
6727 10.85 96.07 3.48 -218.00 -10.00 -45.00 621.00 -48.00 -1146.00 0
6736 11.20 91.13 4.59 -216.00 -35.00 -27.00 621.00 -48.00 -1146.00 0
6746 10.71 86.54 2.57 -219.00 -24.00 -46.00 621.00 -48.00 -1146.00 0
6755 12.80 82.50 2.92 -211.00 -6.00 -31.00 621.00 -48.00 -1146.00 0
6764 15.79 73.18 1.95 -249.00 -8.00 -38.00 621.00 -48.00 -1146.00 0
6773 16.35 67.62 2.71 -255.00 -11.00 -37.00 607.00 -51.00 -1000.00 0
6782 17.11 61.01 2.16 -273.00 -8.00 -38.00 607.00 -51.00 -1000.00 0
6792 17.53 53.01 1.88 -265.00 0.00 -47.00 607.00 -51.00 -1000.00 0
6801 17.60 44.17 0.97 -226.00 -17.00 -53.00 607.00 -51.00 -1000.00 0
6810 17.04 35.27 -1.67 -256.00 -8.00 -50.00 607.00 -51.00 -1000.00 0
6819 14.82 21.36 -3.90 -247.00 -12.00 -57.00 607.00 -51.00 -1000.00 0
6829 13.36 15.44 -4.59 -254.00 -12.00 -59.00 607.00 -51.00 -1000.00 0
6838 11.48 10.64 -4.24 -257.00 -9.00 -54.00 605.00 -45.00 -1139.00 0
6847 10.23 6.61 -4.24 -247.00 -34.00 -62.00 605.00 -45.00 -1139.00 0
6856 8.35 3.13 -3.13 -267.00 6.00 -35.00 605.00 -45.00 -1139.00 0
6865 6.89 0.14 -2.99 -252.00 0.00 -58.00 605.00 -45.00 -1139.00 0
6875 3.69 -7.10 -0.14 -262.00 0.00 -55.00 605.00 -45.00 -1139.00 0
6884 1.60 -10.23 1.25 -257.00 -10.00 -55.00 605.00 -45.00 -1139.00 0
6893 0.21 -13.29 2.23 -260.00 -19.00 -48.00 605.00 -45.00 -1139.00 0
6902 0.90 -17.11 2.78 -288.00 -2.00 -32.00 605.00 -46.00 -1175.00 0
6912 2.78 -22.05 4.03 -235.00 -18.00 -67.00 607.00 -46.00 -1175.00 0
6920 2.23 -24.83 0.35 -271.00 16.00 -49.00 607.00 -46.00 -1175.00 0
6929 0.21 -23.37 1.81 -247.00 -15.00 -58.00 607.00 -46.00 -1175.00 0
6938 -0.97 -20.31 1.04 -255.00 -7.00 -55.00 607.00 -46.00 -1175.00 0
6947 -0.49 -18.43 1.53 -254.00 -4.00 -49.00 607.00 -46.00 -1175.00 0
6957 0.00 -16.97 1.39 -254.00 -9.00 -47.00 607.00 -46.00 -1175.00 0
6966 0.28 -16.07 0.97 -246.00 -11.00 -52.00 607.00 -46.00 -1175.00 0
6975 0.56 -15.58 0.63 -243.00 -9.00 -51.00 607.00 -46.00 -1175.00 0
6984 1.04 -15.17 0.56 -240.00 -9.00 -52.00 607.00 -46.00 -1175.00 0
6993 2.09 -12.52 1.25 -240.00 -12.00 -45.00 607.00 -46.00 -1175.00 0
7003 2.09 -10.43 1.60 -244.00 -14.00 -48.00 607.00 -46.00 -1175.00 0
7012 1.67 -8.56 1.88 -248.00 -12.00 -49.00 607.00 -46.00 -1175.00 0
7021 0.83 -7.03 2.16 -251.00 -13.00 -48.00 607.00 -46.00 -1175.00 0
7030 -0.28 -5.70 2.02 -251.00 -15.00 -49.00 607.00 -46.00 -1175.00 0
7040 -0.77 -5.01 1.67 -249.00 -16.00 -54.00 607.00 -46.00 -1175.00 0
7048 -1.46 -4.94 0.28 -240.00 -15.00 -54.00 607.00 -46.00 -1175.00 0
7057 -1.81 -5.29 -0.35 -237.00 -19.00 -51.00 607.00 -46.00 -1175.00 0
7066 -2.02 -5.63 -0.83 -241.00 -14.00 -52.00 607.00 -46.00 -1175.00 0
7075 -2.09 -5.77 -1.25 -238.00 -14.00 -54.00 607.00 -46.00 -1175.00 0
7085 -2.16 -5.77 -1.81 -229.00 -4.00 -49.00 607.00 -46.00 -1175.00 0
7094 -2.43 -5.57 -2.02 -237.00 -11.00 -48.00 607.00 -46.00 -1175.00 0
7103 -3.27 -5.08 -1.88 -239.00 -14.00 -50.00 612.00 -49.00 -1102.00 0
7112 -2.92 -4.52 -1.60 -242.00 -7.00 -56.00 612.00 -49.00 -1102.00 0
7121 -2.92 -4.38 -1.39 -243.00 -11.00 -53.00 612.00 -49.00 -1102.00 0
7131 -3.06 -4.31 -1.11 -245.00 -9.00 -54.00 612.00 -49.00 -1102.00 0
7140 -3.41 -4.31 -0.83 -251.00 -10.00 -52.00 612.00 -49.00 -1102.00 0
7149 -3.76 -4.24 -0.90 -248.00 -11.00 -50.00 612.00 -49.00 -1102.00 0
7157 -3.90 -4.03 -1.39 -250.00 -7.00 -52.00 612.00 -49.00 -1102.00 0
7166 -4.10 -3.48 -2.92 -248.00 -14.00 -44.00 614.00 -51.00 -1184.00 0
7176 -4.31 -3.34 -3.69 -244.00 -16.00 -48.00 614.00 -51.00 -1184.00 0
7185 -4.66 -3.13 -4.24 -246.00 -16.00 -44.00 614.00 -51.00 -1184.00 0
7194 -4.94 -2.85 -4.52 -249.00 -13.00 -43.00 614.00 -51.00 -1184.00 0
7203 -5.22 -2.64 -4.73 -248.00 -16.00 -42.00 614.00 -51.00 -1184.00 0
7213 -5.63 -2.43 -4.94 -250.00 -18.00 -41.00 614.00 -51.00 -1184.00 0
7222 -5.91 -2.09 -5.43 -250.00 -19.00 -36.00 614.00 -51.00 -1184.00 0
7231 -6.47 -1.95 -5.63 -255.00 -19.00 -29.00 612.00 -46.00 -1230.00 0
7240 -6.61 -1.74 -5.91 -258.00 -15.00 -34.00 612.00 -46.00 -1230.00 0
7249 -6.82 -1.60 -6.26 -265.00 -16.00 -31.00 612.00 -46.00 -1230.00 0
7259 -7.17 -1.88 -6.47 -268.00 -19.00 -32.00 612.00 -46.00 -1230.00 0
7268 -7.51 -2.30 -6.68 -277.00 -23.00 -25.00 612.00 -46.00 -1230.00 0
7277 -7.86 -2.85 -7.10 -276.00 -20.00 -25.00 612.00 -46.00 -1230.00 0
7286 -8.49 -5.57 -7.93 -260.00 1.00 -24.00 612.00 -46.00 -1230.00 0
7294 -8.70 -7.44 -8.35 -264.00 -4.00 -22.00 612.00 -46.00 -1230.00 0
7304 -8.97 -9.18 -8.07 -254.00 2.00 -27.00 612.00 -46.00 -1230.00 0
7313 -9.25 -10.92 -7.03 -256.00 10.00 -26.00 612.00 -46.00 -1230.00 0
7322 -10.02 -12.52 -5.50 -263.00 21.00 -22.00 612.00 -46.00 -1230.00 0
7331 -11.69 -14.26 -3.62 -264.00 5.00 -40.00 612.00 -46.00 -1230.00 0
7341 -15.30 -19.13 0.83 -238.00 11.00 -33.00 612.00 -46.00 -1230.00 0
7350 -17.25 -22.47 2.37 -234.00 24.00 -19.00 612.00 -46.00 -1230.00 0
7359 -18.78 -25.39 3.20 -225.00 13.00 -21.00 612.00 -46.00 -1230.00 0
7368 -20.59 -28.10 2.50 -216.00 14.00 -19.00 612.00 -46.00 -1230.00 0
7377 -23.03 -30.89 1.46 -216.00 4.00 -10.00 612.00 -46.00 -1230.00 0
7387 -26.30 -34.02 0.56 -219.00 -5.00 -3.00 612.00 -46.00 -1230.00 0
7396 -33.39 -44.10 -1.67 -227.00 -15.00 -12.00 612.00 -46.00 -1230.00 0
7405 -35.41 -53.29 -2.85 -219.00 -1.00 -1.00 612.00 -46.00 -1230.00 0
7414 -36.59 -66.64 -5.29 -201.00 -5.00 -15.00 612.00 -46.00 -1230.00 0
7424 -37.98 -81.88 -9.04 -201.00 -39.00 -22.00 612.00 -46.00 -1230.00 0
7433 -39.93 -96.63 -12.73 -181.00 -51.00 -37.00 612.00 -46.00 -1230.00 0
7442 -40.63 -108.66 -15.03 -172.00 -53.00 -40.00 612.00 -46.00 -1230.00 0
7451 -37.22 -113.32 -10.85 -178.00 -45.00 -9.00 612.00 -46.00 -1230.00 0
7460 -34.16 -108.66 -5.43 -180.00 -34.00 3.00 612.00 -46.00 -1230.00 0
7470 -30.96 -103.44 -0.21 -186.00 -58.00 13.00 612.00 -46.00 -1230.00 0
7479 -28.31 -99.55 3.48 -197.00 -68.00 14.00 612.00 -46.00 -1230.00 0
7489 -25.11 -98.02 6.12 -196.00 -57.00 -2.00 612.00 -46.00 -1230.00 0
7498 -19.97 -98.71 8.49 -176.00 -31.00 -26.00 612.00 -46.00 -1230.00 0
7507 -9.18 -95.10 12.17 -149.00 -51.00 -50.00 612.00 -46.00 -1230.00 0
7517 -4.66 -86.61 13.43 -156.00 -132.00 -95.00 612.00 -46.00 -1230.00 1
7527 -1.04 -74.43 12.80 -209.00 -15.00 -144.00 612.00 -46.00 -1230.00 1
7537 4.87 -58.30 8.07 -389.00 49.00 -72.00 612.00 -46.00 -1230.00 1
7547 15.23 -6.40 -8.63 -480.00 70.00 18.00 612.00 -46.00 -1230.00 1
7558 12.80 15.37 -18.50 -445.00 32.00 19.00 612.00 -46.00 -1230.00 1
7568 6.26 30.61 -25.11 -383.00 -34.00 8.00 612.00 -46.00 -1230.00 1
7578 -9.25 46.12 -27.27 -320.00 -24.00 12.00 612.00 -46.00 -1230.00 1
7588 -14.19 48.21 -24.21 -287.00 -37.00 8.00 612.00 -46.00 -1230.00 1
7599 -18.37 47.44 -18.50 -302.00 -44.00 -2.00 612.00 -46.00 -1230.00 1
7609 -21.29 43.27 -2.71 -325.00 -31.00 3.00 612.00 -46.00 -1230.00 1
7619 -24.00 28.59 2.92 -314.00 6.00 2.00 612.00 -46.00 -1230.00 1
7629 -25.67 19.48 4.66 -284.00 -6.00 25.00 640.00 -37.00 -1150.00 1
7639 -28.10 9.88 3.55 -239.00 -35.00 -2.00 640.00 -37.00 -1150.00 0
7648 -30.75 -1.95 0.90 -215.00 26.00 -16.00 640.00 -37.00 -1150.00 0
7657 -29.22 -30.12 -1.25 -217.00 50.00 -24.00 640.00 -37.00 -1150.00 0
7666 -29.15 -40.83 -0.83 -226.00 37.00 -14.00 640.00 -37.00 -1150.00 0
7675 -30.54 -48.14 -0.70 -234.00 10.00 -13.00 640.00 -37.00 -1150.00 0
7685 -33.04 -53.01 -2.30 -226.00 -20.00 -13.00 640.00 -37.00 -1150.00 0
7694 -35.76 -55.30 -4.80 -235.00 -20.00 1.00 640.00 -37.00 -1150.00 0
7703 -36.52 -53.50 -5.22 -236.00 -16.00 9.00 640.00 -37.00 -1150.00 0
7712 -34.37 -42.71 -1.67 -241.00 -25.00 10.00 640.00 -37.00 -1150.00 0
7721 -32.56 -35.41 1.04 -243.00 -50.00 12.00 640.00 -37.00 -1150.00 0
7731 -30.26 -27.90 3.20 -261.00 -48.00 14.00 640.00 -37.00 -1150.00 0
7740 -26.78 -21.50 5.01 -267.00 -17.00 25.00 640.00 -37.00 -1150.00 0
7749 -21.98 -16.90 6.96 -257.00 -18.00 20.00 640.00 -37.00 -1150.00 0
7758 -17.46 -14.19 8.56 -249.00 -27.00 21.00 638.00 -38.00 -1129.00 0
7768 -11.20 -11.48 10.50 -243.00 -22.00 16.00 638.00 -38.00 -1129.00 0
7777 -8.56 -10.50 10.57 -233.00 -24.00 14.00 638.00 -38.00 -1129.00 0
7786 -5.91 -9.53 10.02 -236.00 -12.00 12.00 638.00 -38.00 -1129.00 0
7795 -3.48 -8.49 8.63 -244.00 -13.00 8.00 638.00 -38.00 -1129.00 0
7804 -1.60 -7.37 6.68 -256.00 -7.00 0.00 638.00 -38.00 -1129.00 0
7814 0.21 -5.77 4.10 -270.00 -14.00 -7.00 638.00 -38.00 -1129.00 0
7823 3.20 -1.11 -1.60 -262.00 -34.00 -15.00 639.00 -37.00 -1181.00 0
7832 5.15 2.30 -4.66 -249.00 -26.00 -24.00 639.00 -37.00 -1181.00 0
7841 9.53 8.00 -6.89 -262.00 -7.00 -19.00 639.00 -37.00 -1181.00 0
7851 12.59 14.26 -7.44 -241.00 -14.00 -25.00 639.00 -37.00 -1181.00 0
7860 15.37 21.98 -7.65 -224.00 -12.00 -19.00 639.00 -37.00 -1181.00 0
7869 18.92 32.63 -6.96 -234.00 -14.00 4.00 639.00 -37.00 -1181.00 0
7878 23.30 58.30 -2.37 -227.00 -27.00 9.00 639.00 -37.00 -1181.00 0
7887 25.95 68.80 -1.46 -215.00 -22.00 11.00 631.00 -35.00 -1206.00 0
7897 25.88 76.31 -0.70 -199.00 -30.00 1.00 631.00 -35.00 -1206.00 0
7906 26.09 81.53 0.77 -196.00 -40.00 -4.00 631.00 -35.00 -1206.00 0
7914 25.88 86.33 2.57 -198.00 -28.00 0.00 631.00 -35.00 -1206.00 0
7923 26.02 91.69 4.66 -207.00 -20.00 11.00 631.00 -35.00 -1206.00 0
7932 26.85 97.04 9.53 -216.00 -14.00 12.00 631.00 -35.00 -1206.00 0
7942 26.92 99.83 11.20 -221.00 -6.00 11.00 631.00 -35.00 -1206.00 0
7951 25.60 96.14 11.83 -214.00 -14.00 6.00 631.00 -35.00 -1206.00 0
7960 23.51 90.09 11.83 -214.00 -20.00 5.00 631.00 -35.00 -1206.00 0
7969 20.73 82.71 11.06 -209.00 -22.00 1.00 631.00 -35.00 -1206.00 0
7979 18.16 74.85 10.02 -212.00 -23.00 -4.00 631.00 -35.00 -1206.00 0
7988 16.28 66.57 8.07 -225.00 -34.00 -2.00 631.00 -35.00 -1206.00 0
7997 13.22 49.74 6.40 -237.00 -30.00 -2.00 631.00 -35.00 -1206.00 0
8006 12.03 41.53 4.17 -224.00 -29.00 -6.00 631.00 -35.00 -1206.00 0
8015 11.20 34.23 1.60 -224.00 -33.00 -16.00 631.00 -35.00 -1206.00 0
8025 10.43 27.90 -0.63 -238.00 -18.00 -18.00 631.00 -35.00 -1206.00 0
8034 10.30 22.54 -1.04 -250.00 -17.00 -13.00 631.00 -35.00 -1206.00 0
8043 9.39 17.04 -1.53 -251.00 -16.00 -16.00 631.00 -35.00 -1206.00 0
8052 7.44 3.20 -2.09 -254.00 -10.00 -20.00 631.00 -35.00 -1206.00 0
8061 6.89 -3.76 -2.02 -259.00 -8.00 -26.00 631.00 -35.00 -1206.00 0
8071 5.91 -9.88 -1.60 -265.00 -16.00 -26.00 631.00 -35.00 -1206.00 0
8080 5.01 -15.17 -0.97 -268.00 -16.00 -22.00 631.00 -35.00 -1206.00 0
8089 4.52 -19.90 -0.21 -272.00 -14.00 -27.00 631.00 -35.00 -1206.00 0
8098 4.45 -22.96 0.28 -290.00 -16.00 -19.00 631.00 -35.00 -1206.00 0
8108 2.99 -27.90 2.50 -285.00 -24.00 -21.00 631.00 -35.00 -1206.00 0
8117 3.20 -30.75 4.94 -280.00 -7.00 -12.00 631.00 -35.00 -1206.00 0
8126 3.06 -32.90 6.61 -275.00 28.00 -15.00 631.00 -35.00 -1206.00 0
8135 2.64 -32.77 5.84 -262.00 9.00 -29.00 631.00 -35.00 -1206.00 0
8144 2.43 -31.03 5.01 -263.00 5.00 -19.00 631.00 -35.00 -1206.00 0
8154 1.67 -29.15 4.17 -256.00 -2.00 -31.00 631.00 -49.00 -1085.00 0
8163 1.11 -24.07 2.71 -261.00 -5.00 -25.00 631.00 -49.00 -1085.00 0
8171 0.35 -20.45 2.02 -260.00 3.00 -18.00 631.00 -49.00 -1085.00 0
8180 -0.21 -17.25 1.46 -263.00 1.00 -11.00 631.00 -49.00 -1085.00 0
8189 -0.77 -14.40 0.83 -263.00 2.00 -17.00 631.00 -49.00 -1085.00 0
8199 -1.39 -12.10 0.42 -259.00 1.00 -9.00 631.00 -49.00 -1085.00 0
8208 -2.02 -10.16 0.00 -259.00 0.00 -13.00 631.00 -49.00 -1085.00 0
8217 -2.57 -8.63 -0.49 -254.00 -3.00 -15.00 632.00 -52.00 -1151.00 0
8226 -3.90 -6.75 -1.53 -252.00 -3.00 -11.00 632.00 -52.00 -1151.00 0
8236 -4.59 -6.12 -2.09 -253.00 -7.00 -13.00 632.00 -52.00 -1151.00 0
8245 -5.15 -5.77 -2.64 -251.00 -9.00 -10.00 632.00 -52.00 -1151.00 0
8253 -5.57 -5.57 -2.92 -245.00 -11.00 -14.00 632.00 -52.00 -1151.00 0
8262 -5.84 -5.50 -3.20 -235.00 -10.00 -14.00 632.00 -52.00 -1151.00 0
8271 -5.91 -5.43 -3.83 -243.00 -13.00 -13.00 632.00 -52.00 -1151.00 0
8281 -6.47 -4.66 -4.24 -244.00 -8.00 -16.00 630.00 -49.00 -1116.00 0
8290 -6.89 -4.31 -4.38 -243.00 -15.00 -14.00 630.00 -49.00 -1116.00 0
8299 -7.17 -4.03 -4.24 -244.00 -15.00 -15.00 630.00 -49.00 -1116.00 0
8308 -7.37 -3.90 -4.03 -230.00 -13.00 -13.00 630.00 -49.00 -1116.00 0
8317 -7.37 -3.62 -4.03 -232.00 -14.00 -9.00 630.00 -49.00 -1116.00 0
8327 -7.37 -2.99 -4.17 -240.00 -13.00 -11.00 630.00 -49.00 -1116.00 0
8336 -7.30 -2.23 -4.24 -240.00 -22.00 -9.00 630.00 -49.00 -1116.00 0
8345 -7.03 -1.53 -4.17 -246.00 -12.00 -11.00 630.00 -49.00 -1116.00 0
8354 -7.03 -1.25 -4.31 -241.00 -14.00 -13.00 630.00 -49.00 -1116.00 0
8364 -7.23 -1.39 -4.24 -239.00 -16.00 -16.00 630.00 -49.00 -1116.00 0
8373 -7.44 -1.74 -3.97 -234.00 -9.00 -19.00 630.00 -49.00 -1116.00 0
8381 -7.65 -2.09 -3.83 -252.00 -16.00 -18.00 630.00 -49.00 -1116.00 0
8390 -8.00 -2.23 -3.41 -256.00 -21.00 -15.00 630.00 -49.00 -1116.00 0
8399 -8.21 -3.69 -3.06 -248.00 -30.00 -15.00 630.00 -49.00 -1116.00 0
8409 -7.65 -5.15 -3.20 -234.00 -21.00 -12.00 630.00 -49.00 -1116.00 0
8418 -6.54 -6.12 -3.55 -242.00 -19.00 -19.00 630.00 -49.00 -1116.00 0
8427 -5.77 -6.61 -3.69 -231.00 -15.00 -22.00 630.00 -49.00 -1116.00 0
8436 -5.29 -6.89 -4.24 -258.00 -4.00 -13.00 630.00 -49.00 -1116.00 0
8445 -4.94 -6.33 -4.45 -253.00 -15.00 -14.00 630.00 -49.00 -1116.00 0
8455 -5.01 -6.54 -3.83 -246.00 -7.00 -16.00 630.00 -49.00 -1116.00 0
8464 -4.87 -6.61 -3.62 -245.00 -8.00 -16.00 630.00 -49.00 -1116.00 0
8473 -4.80 -6.47 -3.41 -247.00 -8.00 -15.00 630.00 -49.00 -1116.00 0
8482 -4.73 -5.98 -3.20 -247.00 -12.00 -15.00 630.00 -49.00 -1116.00 0
8491 -4.66 -5.36 -3.06 -253.00 -7.00 -18.00 630.00 -49.00 -1116.00 0
8500 -4.52 -4.66 -2.78 -256.00 -11.00 -13.00 630.00 -49.00 -1116.00 0
8509 -4.59 -4.03 -2.30 -253.00 -6.00 -15.00 630.00 -49.00 -1116.00 0
8518 -4.80 -3.97 -0.90 -247.00 -11.00 -12.00 630.00 -49.00 -1116.00 0
8527 -5.15 -4.24 -0.21 -242.00 -12.00 -10.00 630.00 -49.00 -1116.00 0
8537 -5.36 -4.31 0.21 -242.00 -7.00 -13.00 630.00 -49.00 -1116.00 0
8546 -5.50 -4.10 0.42 -241.00 -11.00 -7.00 627.00 -46.00 -1183.00 0
8555 -5.50 -3.62 0.42 -241.00 -11.00 -11.00 627.00 -46.00 -1183.00 0
8564 -5.57 -2.92 0.42 -247.00 -12.00 -11.00 627.00 -46.00 -1183.00 0
8573 -5.84 -1.39 0.21 -244.00 -19.00 -11.00 627.00 -46.00 -1183.00 0
8583 -6.12 -0.77 0.07 -243.00 -14.00 -12.00 627.00 -46.00 -1183.00 0
8591 -6.12 -0.21 -0.14 -240.00 -13.00 -12.00 627.00 -46.00 -1183.00 0
8600 -6.12 0.42 -0.35 -242.00 -13.00 -12.00 627.00 -46.00 -1183.00 0
8609 -6.05 0.97 -0.42 -245.00 -17.00 -10.00 626.00 -47.00 -1164.00 0
8619 -5.98 1.32 -0.35 -246.00 -15.00 -11.00 626.00 -47.00 -1164.00 0
8628 -5.84 1.60 -0.35 -248.00 -13.00 -10.00 626.00 -47.00 -1164.00 0
8637 -5.43 1.46 -0.56 -246.00 -11.00 -14.00 626.00 -47.00 -1164.00 0
8646 -5.50 0.97 -0.63 -246.00 -14.00 -15.00 626.00 -47.00 -1164.00 0
8655 -5.50 0.42 -0.56 -250.00 -11.00 -11.00 626.00 -47.00 -1164.00 0
8665 -5.36 -0.07 -0.42 -253.00 -9.00 -12.00 626.00 -47.00 -1164.00 0
8674 -5.29 -0.42 -0.21 -262.00 -10.00 -14.00 626.00 -47.00 -1164.00 0
8683 -5.36 -0.97 -0.07 -257.00 -11.00 -16.00 626.00 -47.00 -1164.00 0
8692 -5.50 -2.43 -0.28 -254.00 -11.00 -16.00 626.00 -47.00 -1164.00 0
8700 -5.50 -2.92 -0.35 -249.00 -11.00 -13.00 626.00 -47.00 -1164.00 0
8710 -5.50 -3.27 -0.49 -248.00 -10.00 -15.00 626.00 -47.00 -1164.00 0
8719 -5.57 -3.27 -0.70 -246.00 -11.00 -10.00 626.00 -47.00 -1164.00 0
8728 -5.50 -3.20 -0.77 -243.00 -12.00 -9.00 626.00 -47.00 -1164.00 0
8737 -5.43 -2.92 -0.77 -243.00 -16.00 -8.00 626.00 -47.00 -1164.00 0
8747 -5.22 -2.57 -0.42 -244.00 -13.00 -11.00 630.00 -47.00 -1294.00 0
8756 -4.80 -1.81 -0.21 -243.00 -13.00 -11.00 630.00 -47.00 -1294.00 0
8765 -4.52 -1.46 0.00 -240.00 -10.00 -10.00 630.00 -47.00 -1294.00 0
8774 -4.17 -0.97 0.28 -246.00 -7.00 -9.00 630.00 -47.00 -1294.00 0
8783 -3.97 -0.56 0.49 -252.00 -12.00 -8.00 630.00 -47.00 -1294.00 0
8793 -3.97 -0.28 0.56 -254.00 -12.00 -12.00 630.00 -47.00 -1294.00 0
8801 -4.10 -0.21 0.35 -252.00 -8.00 -16.00 630.00 -47.00 -1294.00 0
8810 -4.17 -0.35 -0.14 -249.00 -11.00 -12.00 630.00 -47.00 -1294.00 0
8819 -4.31 -0.49 -0.42 -250.00 -11.00 -16.00 630.00 -47.00 -1294.00 0
8828 -4.52 -0.49 -0.70 -253.00 -15.00 -12.00 630.00 -47.00 -1294.00 0
8838 -4.73 -0.49 -0.83 -252.00 -13.00 -11.00 630.00 -47.00 -1294.00 0
8847 -4.87 -0.49 -0.97 -247.00 -13.00 -8.00 630.00 -47.00 -1294.00 0
8856 -4.87 -0.63 -0.97 -245.00 -14.00 -12.00 630.00 -47.00 -1294.00 0
8865 -4.87 -0.77 -0.83 -242.00 -11.00 -10.00 630.00 -47.00 -1294.00 0
8875 -4.59 -1.11 -0.49 -243.00 -8.00 -9.00 630.00 -47.00 -1135.00 0
8884 -4.45 -1.18 -0.28 -246.00 -6.00 -7.00 630.00 -47.00 -1135.00 0
8892 -4.45 -1.11 -0.14 -248.00 -13.00 -6.00 630.00 -47.00 -1135.00 0
8901 -4.59 -1.11 -0.14 -247.00 -12.00 -7.00 630.00 -47.00 -1135.00 0
8910 -4.66 -1.18 -0.28 -245.00 -10.00 -12.00 630.00 -47.00 -1135.00 0
8920 -4.80 -1.32 -0.42 -244.00 -7.00 -13.00 630.00 -47.00 -1135.00 0
8929 -5.01 -1.39 -0.63 -245.00 -10.00 -13.00 630.00 -47.00 -1135.00 0
8938 -5.22 -1.11 -0.56 -246.00 -15.00 -7.00 633.00 -49.00 -1145.00 0
8947 -5.43 -0.83 -0.42 -247.00 -14.00 -6.00 633.00 -49.00 -1145.00 0
8956 -5.63 -0.49 -0.28 -248.00 -18.00 -11.00 633.00 -49.00 -1145.00 0
8966 -5.70 -0.35 -0.14 -247.00 -17.00 -7.00 633.00 -49.00 -1145.00 0
8975 -5.43 -0.28 0.14 -244.00 -14.00 -5.00 633.00 -49.00 -1145.00 0
8983 -5.36 -0.49 0.28 -239.00 -17.00 -9.00 633.00 -49.00 -1145.00 0
8992 -5.01 -1.25 0.56 -233.00 -17.00 -9.00 633.00 -49.00 -1145.00 0
9001 -4.80 -1.53 0.77 -236.00 -13.00 -10.00 633.00 -49.00 -1145.00 0
9011 -4.59 -1.60 0.90 -236.00 -10.00 -11.00 633.00 -49.00 -1145.00 0
9020 -4.45 -1.39 0.97 -238.00 -12.00 -9.00 633.00 -49.00 -1145.00 0
9029 -4.45 -1.11 1.04 -248.00 -19.00 -15.00 633.00 -49.00 -1145.00 0
9038 -4.52 -0.90 1.04 -252.00 -20.00 -16.00 633.00 -49.00 -1145.00 0
9048 -4.45 -1.25 1.32 -254.00 -17.00 -28.00 633.00 -49.00 -1145.00 0
9057 -4.03 -1.95 1.60 -248.00 -24.00 -8.00 633.00 -49.00 -1145.00 0
9066 -4.31 -2.23 1.67 -244.00 -23.00 -3.00 633.00 -49.00 -1145.00 0
9074 -4.52 -3.97 2.37 -254.00 -25.00 -12.00 631.00 -50.00 -1283.00 0
9083 -4.87 -5.84 3.69 -240.00 -38.00 -1.00 631.00 -50.00 -1283.00 0
9093 -5.01 -8.14 4.80 -232.00 -21.00 -7.00 631.00 -50.00 -1283.00 0
9102 -2.92 -8.63 4.94 -248.00 -22.00 -11.00 631.00 -50.00 -1283.00 0
9111 -0.83 -8.28 5.36 -229.00 -21.00 1.00 631.00 -50.00 -1283.00 0
9120 -3.13 -7.58 4.80 -232.00 -18.00 -2.00 631.00 -50.00 -1283.00 0
9129 -6.19 -5.98 4.52 -229.00 -23.00 1.00 631.00 -50.00 -1283.00 0
9139 -8.90 -3.83 4.17 -234.00 3.00 -1.00 631.00 -50.00 -1283.00 0
9147 -9.18 0.28 3.76 -241.00 -20.00 5.00 631.00 -50.00 -1283.00 0
9156 -11.76 4.80 3.27 -247.00 -4.00 -16.00 631.00 -50.00 -1283.00 0
9165 -12.38 10.23 3.76 -230.00 -31.00 -21.00 631.00 -50.00 -1283.00 0
9175 -15.93 23.72 5.15 -224.00 -26.00 -20.00 631.00 -50.00 -1283.00 0
9184 -16.56 33.18 8.14 -234.00 -4.00 -17.00 631.00 -50.00 -1283.00 0
9193 -16.83 43.13 11.55 -243.00 -7.00 -10.00 631.00 -50.00 -1283.00 0
9202 -17.04 51.90 14.33 -246.00 -11.00 -5.00 630.00 -67.00 -1213.00 0
9211 -17.04 58.37 16.56 -243.00 -18.00 -6.00 630.00 -67.00 -1213.00 0
9221 -16.42 61.91 18.43 -249.00 -17.00 3.00 630.00 -67.00 -1213.00 0
9230 -12.80 61.01 18.23 -269.00 1.00 1.00 630.00 -67.00 -1213.00 0
9239 -9.53 57.11 17.32 -301.00 27.00 -27.00 630.00 -67.00 -1213.00 0
9248 -5.36 50.99 16.35 -316.00 48.00 -45.00 630.00 -67.00 -1213.00 0
9257 -1.53 43.34 15.03 -302.00 40.00 -54.00 630.00 -67.00 -1213.00 0
9267 0.77 34.92 11.62 -284.00 27.00 -54.00 636.00 -71.00 -1148.00 0
9276 0.00 26.64 7.51 -254.00 22.00 -48.00 636.00 -71.00 -1148.00 0
9285 -3.06 13.63 6.54 -222.00 26.00 -29.00 636.00 -71.00 -1148.00 0
9294 -4.52 9.04 7.03 -202.00 27.00 -27.00 636.00 -71.00 -1148.00 0
9304 -5.98 6.12 7.93 -190.00 20.00 -26.00 636.00 -71.00 -1148.00 0
9313 -7.03 4.59 8.21 -188.00 21.00 -26.00 636.00 -71.00 -1148.00 0
9322 -7.58 4.17 8.35 -195.00 25.00 -37.00 636.00 -71.00 -1148.00 0
9331 -7.51 4.80 8.63 -221.00 33.00 -37.00 638.00 -81.00 -1240.00 0
9340 -6.12 6.89 7.65 -244.00 16.00 -35.00 638.00 -81.00 -1240.00 0
9350 -4.87 6.54 4.87 -260.00 19.00 -37.00 638.00 -81.00 -1240.00 0
9359 -2.99 4.87 0.97 -295.00 15.00 -31.00 638.00 -81.00 -1240.00 0
9368 -2.99 1.04 -4.24 -301.00 4.00 -52.00 638.00 -81.00 -1240.00 0
9376 -5.01 -6.47 -10.71 -309.00 0.00 -36.00 638.00 -81.00 -1240.00 0
9385 -4.80 -16.28 -14.89 -286.00 -14.00 -64.00 638.00 -81.00 -1240.00 0
9395 -5.50 -34.43 -20.80 -267.00 -17.00 -66.00 638.00 -81.00 -1240.00 0
9404 -5.98 -39.93 -21.36 -258.00 -26.00 -54.00 638.00 -81.00 -1240.00 0
9414 -7.23 -42.09 -20.94 -248.00 -41.00 -41.00 638.00 -81.00 -1240.00 0
9423 -8.56 -42.50 -18.99 -247.00 -54.00 -36.00 638.00 -81.00 -1240.00 0
9433 -9.46 -41.95 -15.51 -245.00 -51.00 -24.00 638.00 -81.00 -1240.00 0
9442 -10.09 -41.53 -11.55 -246.00 -40.00 -17.00 638.00 -81.00 -1240.00 0
9451 -10.64 -42.57 -3.55 -244.00 -19.00 -13.00 638.00 -81.00 -1240.00 0
9460 -10.50 -43.83 0.07 -243.00 -3.00 -10.00 638.00 -81.00 -1240.00 0
9469 -10.92 -45.57 3.13 -246.00 2.00 -11.00 638.00 -81.00 -1240.00 0
9479 -12.38 -47.65 5.63 -242.00 7.00 -14.00 638.00 -81.00 -1240.00 0
9488 -13.36 -49.60 7.86 -249.00 3.00 -11.00 638.00 -81.00 -1240.00 0
9497 -14.26 -50.92 9.39 -255.00 6.00 -9.00 638.00 -81.00 -1240.00 0
9505 -16.00 -51.90 10.71 -245.00 4.00 -9.00 638.00 -81.00 -1240.00 0
9515 -16.14 -50.85 10.57 -238.00 -2.00 -4.00 638.00 -81.00 -1240.00 0
9524 -16.83 -50.09 9.95 -241.00 -1.00 -6.00 638.00 -81.00 -1240.00 0
9533 -16.77 -47.93 9.32 -234.00 -4.00 -4.00 638.00 -81.00 -1240.00 0
9542 -16.00 -44.59 8.63 -226.00 -1.00 4.00 638.00 -81.00 -1240.00 0
9551 -14.89 -41.25 7.93 -229.00 1.00 5.00 638.00 -81.00 -1240.00 0
9561 -13.77 -38.12 7.10 -229.00 1.00 9.00 638.00 -81.00 -1240.00 0
9570 -11.13 -33.39 7.51 -243.00 2.00 8.00 638.00 -81.00 -1240.00 0
9579 -9.95 -32.00 7.79 -252.00 1.00 11.00 638.00 -81.00 -1240.00 0
9588 -8.49 -30.75 8.70 -262.00 11.00 16.00 638.00 -81.00 -1240.00 0
9597 -6.89 -29.57 9.74 -265.00 11.00 11.00 648.00 -82.00 -1211.00 0
9607 -5.50 -28.87 11.06 -259.00 18.00 12.00 648.00 -82.00 -1211.00 0
9616 -4.17 -29.70 11.62 -235.00 22.00 11.00 648.00 -82.00 -1211.00 0
9625 -5.77 -37.29 10.30 -234.00 5.00 25.00 648.00 -82.00 -1211.00 0
9634 -7.58 -42.02 10.71 -250.00 16.00 26.00 648.00 -82.00 -1211.00 0
9644 -7.79 -41.18 10.85 -248.00 20.00 18.00 648.00 -82.00 -1211.00 0
9653 -7.65 -37.43 10.02 -237.00 13.00 20.00 648.00 -82.00 -1211.00 0
9662 -8.00 -32.70 8.42 -231.00 6.00 20.00 651.00 -88.00 -1245.00 0
9671 -8.56 -28.38 7.17 -231.00 11.00 23.00 651.00 -88.00 -1245.00 0
9680 -10.02 -24.77 5.70 -237.00 9.00 32.00 651.00 -88.00 -1245.00 0
9690 -10.99 -24.35 4.87 -240.00 8.00 32.00 651.00 -88.00 -1245.00 0
9699 -11.48 -23.93 4.17 -249.00 12.00 21.00 651.00 -88.00 -1245.00 0
9708 -11.27 -23.10 3.55 -242.00 16.00 27.00 651.00 -88.00 -1245.00 0
9717 -11.06 -22.89 3.34 -248.00 8.00 28.00 651.00 -88.00 -1245.00 0
9725 -11.55 -23.58 3.55 -258.00 7.00 39.00 648.00 -89.00 -1242.00 0
9735 -12.17 -26.78 4.59 -243.00 -16.00 45.00 648.00 -89.00 -1242.00 0
9744 -12.31 -28.66 5.15 -254.00 6.00 33.00 648.00 -89.00 -1242.00 0
9753 -12.24 -31.65 5.29 -232.00 -6.00 25.00 648.00 -89.00 -1242.00 0
9762 -12.45 -33.18 5.15 -234.00 4.00 35.00 648.00 -89.00 -1242.00 0
9772 -11.41 -32.56 6.96 -242.00 12.00 24.00 648.00 -89.00 -1242.00 0
9781 -10.71 -31.58 8.63 -233.00 17.00 29.00 648.00 -89.00 -1242.00 0
9790 -11.27 -31.30 9.74 -224.00 18.00 38.00 651.00 -92.00 -1135.00 0
9799 -11.83 -29.43 10.09 -235.00 6.00 34.00 651.00 -92.00 -1135.00 0
9808 -12.24 -26.92 11.13 -239.00 9.00 30.00 651.00 -92.00 -1135.00 0
9818 -12.52 -25.04 12.17 -235.00 7.00 35.00 651.00 -92.00 -1135.00 0
9827 -12.87 -24.00 13.36 -244.00 5.00 37.00 651.00 -92.00 -1135.00 0
9836 -12.66 -22.33 14.82 -251.00 6.00 40.00 651.00 -92.00 -1135.00 0
9845 -11.76 -18.64 16.21 -243.00 -6.00 45.00 651.00 -92.00 -1135.00 0
9854 -10.09 -16.77 20.03 -235.00 -1.00 43.00 651.00 -92.00 -1135.00 0
9864 -7.86 -12.94 24.97 -240.00 9.00 33.00 651.00 -92.00 -1135.00 0
9873 -5.50 -8.63 30.82 -234.00 7.00 39.00 651.00 -92.00 -1135.00 0
9882 -3.62 -5.84 36.87 -227.00 7.00 33.00 651.00 -92.00 -1135.00 0
9891 -1.95 -3.41 42.92 -231.00 10.00 29.00 651.00 -92.00 -1135.00 0
9901 -0.07 0.35 51.34 -228.00 16.00 31.00 651.00 -92.00 -1135.00 0
9910 2.64 0.63 53.36 -228.00 19.00 34.00 651.00 -92.00 -1135.00 0
9919 3.69 0.35 54.54 -233.00 26.00 35.00 651.00 -92.00 -1135.00 0
9928 4.66 -0.35 54.33 -241.00 25.00 46.00 651.00 -92.00 -1135.00 0
9937 5.01 -1.60 52.52 -252.00 36.00 49.00 651.00 -92.00 -1135.00 0
9947 5.36 -2.78 49.81 -239.00 41.00 48.00 651.00 -92.00 -1135.00 0
9956 5.22 -4.45 41.88 -240.00 55.00 44.00 651.00 -92.00 -1135.00 0
9965 5.01 -7.23 38.54 -249.00 76.00 40.00 651.00 -92.00 -1135.00 0
9974 4.31 -8.35 35.90 -249.00 81.00 41.00 651.00 -92.00 -1135.00 0
9984 2.78 -9.53 33.67 -243.00 75.00 37.00 651.00 -92.00 -1135.00 0
9993 0.49 -10.16 31.51 -238.00 74.00 31.00 651.00 -92.00 -1135.00 0
10002 -2.09 -9.88 29.43 -231.00 65.00 29.00 651.00 -92.00 -1135.00 0
10011 -4.59 -8.77 27.48 -222.00 58.00 29.00 651.00 -92.00 -1135.00 0
10020 -8.77 -6.33 23.93 -222.00 54.00 29.00 651.00 -92.00 -1135.00 0
10030 -10.30 -5.84 21.84 -228.00 56.00 34.00 651.00 -92.00 -1135.00 0
10039 -11.62 -5.91 19.48 -229.00 49.00 38.00 651.00 -92.00 -1135.00 0
10048 -12.59 -6.19 16.90 -229.00 43.00 42.00 651.00 -92.00 -1135.00 0
10057 -13.22 -6.61 14.61 -232.00 48.00 41.00 651.00 -92.00 -1135.00 0
10066 -13.63 -6.96 12.10 -232.00 52.00 44.00 651.00 -92.00 -1135.00 0
10076 -13.50 -7.44 12.10 -227.00 42.00 46.00 651.00 -92.00 -1135.00 0
10085 -13.57 -7.58 12.52 -235.00 44.00 52.00 651.00 -92.00 -1135.00 0
10094 -13.36 -7.86 13.63 -246.00 44.00 51.00 651.00 -92.00 -1135.00 0
10103 -12.94 -8.42 15.17 -250.00 46.00 55.00 651.00 -92.00 -1135.00 0
10113 -12.31 -9.46 17.18 -249.00 46.00 50.00 651.00 -92.00 -1135.00 0
10122 -11.69 -13.29 22.05 -238.00 43.00 46.00 675.00 -184.00 -1129.00 0
10131 -9.74 -15.65 24.77 -234.00 50.00 46.00 675.00 -184.00 -1129.00 0
10140 -8.49 -17.67 27.55 -233.00 59.00 47.00 675.00 -184.00 -1129.00 0
10150 -7.30 -19.76 30.26 -231.00 59.00 55.00 675.00 -184.00 -1129.00 0
10160 -6.47 -22.05 32.70 -227.00 52.00 53.00 675.00 -184.00 -1129.00 0
10169 -6.05 -24.28 34.71 -224.00 57.00 53.00 675.00 -184.00 -1129.00 0
10178 -4.80 -28.45 37.77 -231.00 69.00 56.00 675.00 -184.00 -1129.00 0
10187 -3.97 -30.33 39.58 -237.00 77.00 63.00 673.00 -213.00 -1232.00 0
10196 -3.34 -32.49 41.74 -237.00 79.00 63.00 673.00 -213.00 -1232.00 0