0
1974 -4.38 13.91 -1.88 -236.00 20.00 80.00 608.00 -141.00 -1158.00 0
1983 -3.62 9.67 -2.37 -237.00 29.00 80.00 608.00 -141.00 -1158.00 0
1992 -3.48 7.86 -2.37 -238.00 32.00 95.00 608.00 -141.00 -1158.00 0
2001 -3.13 6.12 -2.43 -251.00 34.00 88.00 608.00 -141.00 -1158.00 0
2011 -3.27 2.71 -2.64 -238.00 29.00 92.00 608.00 -141.00 -1158.00 0
2020 -3.69 -2.50 -2.99 -236.00 30.00 76.00 608.00 -141.00 -1158.00 0
2029 -3.97 -7.86 -3.34 -233.00 30.00 82.00 608.00 -141.00 -1158.00 0
2038 -4.24 -16.90 -4.52 -244.00 27.00 111.00 608.00 -141.00 -1158.00 0
2048 -4.03 -20.38 -4.87 -253.00 33.00 117.00 608.00 -141.00 -1158.00 0
2057 -4.10 -28.45 -5.84 -235.00 40.00 104.00 608.00 -141.00 -1158.00 0
2066 -4.87 -43.13 -8.21 -216.00 52.00 107.00 608.00 -141.00 -1158.00 0
2075 -6.47 -62.05 -11.97 -228.00 51.00 109.00 608.00 -141.00 -1158.00 0
2084 -8.97 -84.94 -16.42 -227.00 53.00 109.00 608.00 -141.00 -1158.00 0
2094 -15.44 -141.70 -28.80 -222.00 42.00 105.00 608.00 -141.00 -1158.00 0
2103 -17.60 -167.37 -34.71 -202.00 17.00 126.00 608.00 -141.00 -1158.00 0
2113 -18.23 -184.14 -39.37 -188.00 19.00 146.00 608.00 -141.00 -1158.00 0
2122 -18.37 -191.23 -43.62 -222.00 41.00 111.00 608.00 -141.00 -1158.00 0
2131 -19.48 -187.27 -46.26 -178.00 6.00 89.00 608.00 -141.00 -1158.00 0
2141 -26.37 -158.75 -48.14 -178.00 30.00 118.00 608.00 -141.00 -1158.00 0
2150 -28.10 -137.95 -46.61 -186.00 -5.00 118.00 608.00 -141.00 -1158.00 0
2159 -30.96 -118.82 -45.57 -193.00 -2.00 146.00 608.00 -141.00 -1158.00 0
2169 -31.23 -103.30 -44.45 -193.00 -18.00 146.00 608.00 -141.00 -1158.00 0
2179 -31.23 -90.64 -42.71 -194.00 -30.00 133.00 608.00 -141.00 -1158.00 0
2188 -27.76 -69.08 -37.08 -183.00 -28.00 137.00 608.00 -141.00 -1158.00 0
2197 -24.77 -59.90 -34.57 -179.00 -32.00 125.00 608.00 -141.00 -1158.00 0
2206 -22.47 -50.50 -32.35 -170.00 -26.00 130.00 608.00 -141.00 -1158.00 0
2216 -20.31 -41.18 -30.19 -165.00 -26.00 127.00 608.00 -141.00 -1158.00 0
2226 -18.99 -33.32 -28.24 -165.00 -31.00 126.00 608.00 -141.00 -1158.00 0
2235 -18.71 -27.41 -25.25 -173.00 -19.00 132.00 608.00 -141.00 -1158.00 0
2244 -16.56 -21.63 -23.30 -178.00 -5.00 153.00 608.00 -141.00 -1158.00 0
2253 -14.26 -19.48 -20.38 -184.00 -5.00 167.00 608.00 -141.00 -1158.00 0
2263 -12.17 -16.63 -16.77 -191.00 -3.00 172.00 608.00 -141.00 -1158.00 0
2272 -10.23 -13.50 -12.94 -189.00 -20.00 190.00 608.00 -141.00 -1158.00 0
2282 -9.04 -11.90 -10.09 -181.00 -10.00 190.00 608.00 -141.00 -1158.00 0
2291 -6.82 -22.54 -8.28 -160.00 -6.00 175.00 608.00 -141.00 -1158.00 0
2300 -6.19 -30.40 -9.32 -153.00 -3.00 166.00 608.00 -141.00 -1158.00 0
2310 -5.63 -36.31 -10.57 -149.00 -4.00 171.00 608.00 -141.00 -1158.00 0
2319 -5.29 -39.58 -11.90 -151.00 1.00 178.00 608.00 -141.00 -1158.00 0
2328 -5.43 -39.86 -13.08 -155.00 10.00 181.00 608.00 -141.00 -1158.00 0
2337 -5.70 -36.80 -13.91 -155.00 14.00 191.00 608.00 -141.00 -1158.00 0
2347 -6.68 -25.32 -13.91 -151.00 8.00 193.00 608.00 -141.00 -1158.00 0
2356 -7.44 -18.16 -13.15 -157.00 5.00 190.00 608.00 -141.00 -1158.00 0
2365 -7.79 -11.06 -12.10 -159.00 -3.00 192.00 608.00 -141.00 -1158.00 0
2374 -8.14 -4.87 -11.48 -156.00 -4.00 193.00 608.00 -141.00 -1158.00 0
2383 -8.49 0.00 -11.34 -157.00 -1.00 182.00 608.00 -141.00 -1158.00 0
2393 -8.77 6.26 -12.45 -161.00 2.00 189.00 608.00 -141.00 -1158.00 0
2402 -8.83 7.93 -13.57 -161.00 -8.00 194.00 608.00 -141.00 -1158.00 0
2411 -9.04 8.42 -14.89 -174.00 -12.00 210.00 608.00 -141.00 -1158.00 0
2420 -8.77 7.72 -16.21 -169.00 -17.00 199.00 608.00 -141.00 -1158.00 0
2430 -8.14 6.19 -17.39 -166.00 -10.00 189.00 608.00 -141.00 -1158.00 0
2440 -7.23 4.52 -18.57 -158.00 -8.00 180.00 608.00 -141.00 -1158.00 0
2449 -5.91 5.22 -20.31 -156.00 -8.00 173.00 608.00 -141.00 -1158.00 0
2458 -5.70 7.65 -20.66 -162.00 -5.00 171.00 608.00 -141.00 -1158.00 0
2467 -5.50 11.06 -20.52 -162.00 -3.00 172.00 608.00 -141.00 -1158.00 0
2477 -5.50 14.33 -19.97 -162.00 -7.00 182.00 608.00 -141.00 -1158.00 0
2486 -5.91 17.04 -19.13 -166.00 -9.00 178.00 475.00 -37.00 -1203.00 0
2495 -6.33 18.71 -17.95 -167.00 -26.00 178.00 475.00 -37.00 -1203.00 0
2504 -6.82 19.20 -15.10 -167.00 -33.00 173.00 475.00 -37.00 -1203.00 0
2513 -6.26 18.57 -13.63 -169.00 -35.00 165.00 475.00 -37.00 -1203.00 0
2523 -5.29 17.81 -12.45 -169.00 -38.00 164.00 475.00 -37.00 -1203.00 0
2532 -4.31 17.46 -11.48 -171.00 -37.00 164.00 475.00 -37.00 -1203.00 0
2541 -3.20 17.67 -10.71 -170.00 -33.00 164.00 475.00 -37.00 -1203.00 0
2550 -1.95 18.37 -9.88 -176.00 -33.00 164.00 479.00 -36.00 -1067.00 0
2560 -0.07 20.10 -8.28 -179.00 -31.00 165.00 479.00 -36.00 -1067.00 0
2569 0.63 20.03 -7.58 -179.00 -29.00 164.00 479.00 -36.00 -1067.00 0
2578 1.32 19.27 -6.89 -176.00 -29.00 159.00 479.00 -36.00 -1067.00 0
2587 1.95 17.81 -6.05 -177.00 -29.00 156.00 479.00 -36.00 -1067.00 0
2596 2.43 16.00 -5.43 -177.00 -31.00 153.00 479.00 -36.00 -1067.00 0
2606 2.64 13.84 -5.08 -172.00 -25.00 150.00 479.00 -36.00 -1067.00 0
2615 3.27 9.95 -4.38 -173.00 -22.00 147.00 480.00 -39.00 -1399.00 0
2624 3.55 8.77 -3.97 -172.00 -20.00 149.00 480.00 -39.00 -1399.00 0
2633 3.69 7.93 -3.48 -173.00 -19.00 151.00 480.00 -39.00 -1399.00 0
2642 3.76 7.17 -2.92 -175.00 -16.00 150.00 480.00 -39.00 -1399.00 0
2652 3.76 5.98 -2.43 -172.00 -12.00 144.00 480.00 -39.00 -1399.00 0
2661 3.76 4.45 -2.02 -167.00 -12.00 142.00 480.00 -39.00 -1399.00 0
2670 3.48 1.53 -1.39 -172.00 -9.00 142.00 480.00 -39.00 -1399.00 0
2679 3.20 0.49 -1.04 -168.00 -10.00 148.00 482.00 -41.00 -1170.00 0
2689 2.78 -0.21 -0.83 -169.00 -14.00 145.00 482.00 -41.00 -1170.00 0
2698 2.09 -0.77 -0.56 -167.00 -12.00 150.00 482.00 -41.00 -1170.00 0
2707 1.39 -0.90 -0.49 -178.00 -16.00 154.00 482.00 -41.00 -1170.00 0
2716 0.63 -0.90 -0.42 -175.00 -23.00 155.00 482.00 -41.00 -1170.00 0
2725 -0.90 -0.97 -0.21 -175.00 -24.00 150.00 482.00 -41.00 -1170.00 0
2735 -1.32 -1.18 -0.14 -172.00 -22.00 150.00 482.00 -41.00 -1170.00 0
2744 -1.39 -1.18 0.00 -166.00 -22.00 149.00 482.00 -41.00 -1170.00 0
2753 -1.18 -0.97 0.28 -169.00 -19.00 153.00 482.00 -41.00 -1170.00 0
2762 -0.97 -0.42 0.63 -175.00 -22.00 150.00 482.00 -41.00 -1170.00 0
2771 -0.70 0.14 0.90 -168.00 -24.00 153.00 482.00 -41.00 -1170.00 0
2780 -0.42 1.25 1.60 -173.00 -21.00 157.00 482.00 -41.00 -1170.00 0
2789 0.28 2.09 2.16 -174.00 -17.00 155.00 482.00 -41.00 -1170.00 0
2798 0.70 2.78 2.64 -174.00 -15.00 154.00 482.00 -41.00 -1170.00 0
2807 0.97 3.34 2.92 -177.00 -13.00 153.00 482.00 -41.00 -1170.00 0
2817 1.11 3.90 2.99 -179.00 -14.00 158.00 482.00 -41.00 -1170.00 0
2826 1.04 4.31 3.06 -182.00 -6.00 161.00 482.00 -41.00 -1170.00 0
2835 0.97 4.73 3.06 -186.00 -1.00 160.00 482.00 -41.00 -1170.00 0
2844 0.56 5.29 3.62 -186.00 -3.00 163.00 482.00 -41.00 -1170.00 0
2853 0.28 5.22 4.03 -190.00 -2.00 164.00 482.00 -41.00 -1170.00 0
2863 -0.14 5.08 4.52 -182.00 -5.00 164.00 482.00 -41.00 -1170.00 0
2872 -0.56 4.80 5.08 -187.00 -5.00 159.00 482.00 -41.00 -1170.00 0
2881 -1.04 4.52 5.57 -187.00 -9.00 162.00 482.00 -41.00 -1170.00 0
2890 -1.39 4.31 5.91 -187.00 -6.00 159.00 482.00 -41.00 -1170.00 0
2899 -1.95 4.31 6.33 -184.00 -4.00 159.00 482.00 -41.00 -1170.00 0
2909 -2.23 4.52 6.26 -183.00 -6.00 164.00 482.00 -41.00 -1170.00 0
2917 -2.43 4.73 6.33 -186.00 1.00 161.00 482.00 -41.00 -1170.00 0
2926 -2.43 5.01 6.47 -192.00 3.00 161.00 482.00 -41.00 -1170.00 0
2935 -2.43 5.29 6.89 -193.00 3.00 165.00 482.00 -41.00 -1170.00 0
2945 -2.23 5.50 7.51 -189.00 -2.00 162.00 496.00 -58.00 -1276.00 0
2954 -1.88 5.22 9.32 -192.00 2.00 166.00 496.00 -58.00 -1276.00 0
2963 -0.42 5.22 10.57 -193.00 1.00 170.00 496.00 -58.00 -1276.00 0
2972 0.21 5.01 11.83 -187.00 0.00 169.00 496.00 -58.00 -1276.00 0
2981 0.49 4.73 12.73 -179.00 -12.00 158.00 496.00 -58.00 -1276.00 0
2991 0.35 4.73 13.22 -173.00 -13.00 154.00 496.00 -58.00 -1276.00 0
3000 0.49 5.01 13.57 -173.00 -8.00 157.00 496.00 -58.00 -1276.00 0
3009 0.90 5.63 13.77 -177.00 0.00 169.00 503.00 -67.00 -1294.00 0
3018 1.88 7.03 14.12 -178.00 -2.00 173.00 503.00 -67.00 -1294.00 0
3027 2.50 6.89 14.61 -178.00 -5.00 167.00 503.00 -67.00 -1294.00 0
3037 2.92 6.12 15.03 -177.00 1.00 166.00 503.00 -67.00 -1294.00 0
3046 3.55 5.22 15.37 -178.00 1.00 165.00 503.00 -67.00 -1294.00 0
3055 4.24 4.17 15.79 -180.00 2.00 169.00 503.00 -67.00 -1294.00 0
3064 4.80 3.34 16.35 -182.00 8.00 170.00 503.00 -67.00 -1294.00 0
3074 5.50 1.18 16.83 -185.00 23.00 174.00 508.00 -80.00 -1169.00 0
3083 4.66 0.00 16.56 -178.00 2.00 168.00 508.00 -80.00 -1169.00 0
3092 2.43 0.21 16.49 -185.00 0.00 165.00 508.00 -80.00 -1169.00 0
3100 0.97 0.56 16.42 -190.00 -2.00 175.00 508.00 -80.00 -1169.00 0
3109 -0.63 -0.42 15.93 -185.00 -2.00 165.00 508.00 -80.00 -1169.00 0
3119 -1.46 -3.06 15.23 -174.00 -4.00 157.00 508.00 -80.00 -1169.00 0
3128 -1.95 -10.92 13.98 -173.00 5.00 153.00 508.00 -80.00 -1169.00 0
3137 -1.25 -13.84 14.19 -171.00 9.00 156.00 508.00 -80.00 -1169.00 0
3146 -0.90 -15.93 14.68 -173.00 7.00 164.00 508.00 -80.00 -1169.00 0
3155 -0.90 -17.74 15.30 -168.00 -3.00 159.00 508.00 -80.00 -1169.00 0
3165 -1.46 -19.69 16.07 -173.00 -2.00 154.00 508.00 -80.00 -1169.00 0
3174 -1.74 -21.36 16.97 -171.00 1.00 153.00 508.00 -80.00 -1169.00 0
3183 -2.30 -25.25 18.09 -176.00 -2.00 161.00 508.00 -80.00 -1169.00 0
3192 -2.23 -27.69 18.23 -173.00 -11.00 158.00 508.00 -80.00 -1169.00 0
3202 -2.09 -30.40 17.74 -174.00 -19.00 155.00 508.00 -80.00 -1169.00 0
3212 -1.74 -33.11 16.56 -172.00 -12.00 153.00 508.00 -80.00 -1169.00 0
3221 -0.83 -35.48 14.89 -168.00 -1.00 149.00 508.00 -80.00 -1169.00 0
3230 0.63 -37.29 13.08 -160.00 1.00 139.00 508.00 -80.00 -1169.00 0
3239 2.09 -38.89 9.46 -158.00 3.00 135.00 508.00 -80.00 -1169.00 0
3249 2.50 -38.40 7.86 -148.00 2.00 127.00 508.00 -80.00 -1169.00 0
3258 2.16 -37.08 6.26 -138.00 -3.00 114.00 508.00 -80.00 -1169.00 0
3266 1.25 -34.57 4.73 -121.00 -16.00 96.00 508.00 -80.00 -1169.00 0
3275 0.28 -30.26 3.20 -98.00 -21.00 81.00 471.00 -93.00 -1208.00 0
3284 0.07 -23.72 1.95 -78.00 -24.00 70.00 471.00 -93.00 -1208.00 0
3294 2.16 -4.45 -0.07 -50.00 -23.00 47.00 471.00 -93.00 -1208.00 0
3303 4.31 7.30 -0.70 -47.00 -1.00 40.00 471.00 -93.00 -1208.00 0
3312 8.14 20.87 -0.49 -57.00 -13.00 65.00 471.00 -93.00 -1208.00 1
3325 10.92 34.43 -0.83 -205.00 -6.00 91.00 471.00 -93.00 -1208.00 1
3336 16.21 54.40 -2.85 -307.00 41.00 203.00 500.00 -101.00 -1226.00 1
3346 14.89 56.28 -5.84 -356.00 153.00 279.00 500.00 -101.00 -1226.00 1
3356 19.48 52.87 -5.91 -343.00 131.00 293.00 500.00 -101.00 -1226.00 1
3366 10.71 35.48 -3.83 -292.00 54.00 246.00 500.00 -101.00 -1226.00 1
3378 -1.18 23.58 -4.59 -258.00 1.00 193.00 500.00 -101.00 -1226.00 1
3388 -13.36 14.12 -6.33 -239.00 -8.00 189.00 500.00 -101.00 -1226.00 1
3398 -22.33 3.83 -5.50 -239.00 -3.00 202.00 500.00 -101.00 -1226.00 1
3409 -21.84 0.14 -3.55 -229.00 -8.00 207.00 500.00 -101.00 -1226.00 1
3420 -18.99 -5.29 -1.04 -218.00 -5.00 201.00 500.00 -101.00 -1226.00 1
3430 -6.96 -18.64 6.61 -210.00 32.00 175.00 500.00 -101.00 -1226.00 1
3440 -3.41 -23.72 9.95 -204.00 32.00 172.00 500.00 -101.00 -1226.00 1
3449 -3.20 -26.64 11.69 -195.00 23.00 155.00 500.00 -101.00 -1226.00 0
3460 -5.08 -27.55 12.59 -179.00 20.00 153.00 500.00 -101.00 -1226.00 0
3469 -11.13 -28.38 11.41 -174.00 23.00 149.00 484.00 -100.00 -1261.00 0
3478 -14.33 -27.97 10.30 -162.00 39.00 166.00 484.00 -100.00 -1261.00 0
3487 -18.30 -26.85 8.49 -149.00 14.00 118.00 484.00 -100.00 -1261.00 0
3496 -23.37 -23.79 6.05 -138.00 5.00 129.00 484.00 -100.00 -1261.00 0
3506 -24.42 -15.51 5.63 -149.00 1.00 148.00 484.00 -100.00 -1261.00 0
3515 -29.01 -4.24 2.92 -143.00 -10.00 147.00 484.00 -100.00 -1261.00 0
3524 -28.87 -3.55 2.43 -140.00 -7.00 145.00 484.00 -100.00 -1261.00 0
3533 -27.27 -2.37 2.99 -154.00 3.00 143.00 485.00 -88.00 -1167.00 0
3543 -25.88 0.00 2.71 -154.00 18.00 159.00 485.00 -88.00 -1167.00 0
3552 -24.70 2.02 1.67 -171.00 -10.00 149.00 485.00 -88.00 -1167.00 0
3561 -23.37 4.03 0.83 -168.00 2.00 158.00 485.00 -88.00 -1167.00 0
3570 -17.60 5.91 0.97 -164.00 16.00 146.00 485.00 -88.00 -1167.00 0
3579 -15.44 7.03 0.56 -163.00 9.00 149.00 485.00 -88.00 -1167.00 0
3589 -14.12 8.14 -0.49 -165.00 1.00 152.00 485.00 -88.00 -1167.00 0
3598 -13.15 8.83 -2.09 -165.00 7.00 154.00 494.00 -81.00 -1254.00 0
3607 -13.01 9.88 -4.38 -182.00 9.00 166.00 494.00 -81.00 -1254.00 0
3616 -13.22 10.99 -6.89 -187.00 2.00 179.00 494.00 -81.00 -1254.00 0
3625 -15.23 12.31 -11.90 -185.00 1.00 172.00 494.00 -81.00 -1254.00 0
3635 -16.90 12.80 -14.05 -170.00 -6.00 159.00 494.00 -81.00 -1254.00 0
3644 -18.50 14.54 -15.65 -165.00 -6.00 147.00 494.00 -81.00 -1254.00 0
3653 -19.41 18.64 -16.49 -170.00 -3.00 144.00 494.00 -81.00 -1254.00 0
3663 -19.83 25.25 -16.56 -190.00 0.00 161.00 506.00 -74.00 -1180.00 0
3673 -19.55 32.97 -15.65 -194.00 -2.00 156.00 506.00 -74.00 -1180.00 0
3682 -17.67 50.16 -11.55 -170.00 -10.00 128.00 506.00 -74.00 -1180.00 0
3691 -16.63 64.83 -8.70 -151.00 -23.00 130.00 506.00 -74.00 -1180.00 0
3700 -15.86 84.73 -5.50 -178.00 -23.00 128.00 506.00 -74.00 -1180.00 0
3709 -15.17 106.85 -2.71 -178.00 -35.00 136.00 506.00 -74.00 -1180.00 0
3719 -14.75 126.12 -0.97 -198.00 -28.00 143.00 506.00 -74.00 -1180.00 0
3728 -13.50 140.38 0.63 -154.00 -53.00 63.00 506.00 -74.00 -1180.00 0
3737 -8.35 160.77 2.30 -126.00 -43.00 19.00 506.00 -74.00 -1180.00 0
3746 -0.56 189.15 7.58 -191.00 -10.00 82.00 506.00 -74.00 -1180.00 0
3756 6.33 228.80 13.77 -243.00 14.00 101.00 506.00 -74.00 -1180.00 0
3765 10.09 263.37 18.99 -290.00 11.00 112.00 506.00 -74.00 -1180.00 0
3774 11.90 284.31 23.86 -291.00 2.00 106.00 506.00 -74.00 -1180.00 0
3784 14.33 282.85 32.07 -273.00 11.00 90.00 506.00 -74.00 -1180.00 0
3793 15.10 267.48 33.39 -250.00 20.00 72.00 506.00 -74.00 -1180.00 0
3803 15.86 245.98 33.11 -240.00 15.00 72.00 506.00 -74.00 -1180.00 0
3812 16.35 220.52 31.79 -249.00 33.00 60.00 506.00 -74.00 -1180.00 0
3821 16.07 193.67 28.73 -261.00 37.00 61.00 506.00 -74.00 -1180.00 0
3830 14.68 166.68 24.21 -258.00 33.00 59.00 506.00 -74.00 -1180.00 0
3840 8.90 112.14 12.03 -252.00 21.00 47.00 506.00 -74.00 -1180.00 0
3849 5.36 86.54 6.19 -251.00 16.00 43.00 506.00 -74.00 -1180.00 0
3858 2.50 63.72 1.46 -262.00 16.00 55.00 506.00 -74.00 -1180.00 0
3867 0.56 42.02 -1.88 -265.00 20.00 58.00 506.00 -74.00 -1180.00 0
3876 -1.46 19.69 -4.73 -259.00 17.00 52.00 506.00 -74.00 -1180.00 0
3886 -3.34 -2.57 -6.96 -253.00 22.00 53.00 506.00 -74.00 -1180.00 0
3895 -5.50 -43.13 -9.18 -244.00 17.00 52.00 506.00 -74.00 -1180.00 0
3904 -6.12 -60.17 -10.02 -245.00 18.00 50.00 506.00 -74.00 -1180.00 0
3913 -6.54 -74.50 -10.85 -240.00 11.00 58.00 506.00 -74.00 -1180.00 0
3922 -6.82 -86.05 -11.62 -232.00 8.00 61.00 506.00 -74.00 -1180.00 0
3932 -6.68 -94.68 -12.52 -224.00 4.00 64.00 506.00 -74.00 -1180.00 0
3941 -6.54 -100.59 -13.50 -215.00 0.00 55.00 506.00 -74.00 -1180.00 0
3950 -5.77 -103.58 -14.89 -207.00 1.00 61.00 506.00 -74.00 -1180.00 0
3959 -5.22 -99.27 -14.75 -208.00 3.00 64.00 506.00 -74.00 -1180.00 0
3969 -4.66 -91.20 -13.77 -217.00 5.00 67.00 506.00 -74.00 -1180.00 0
3978 -4.52 -81.11 -12.38 -223.00 2.00 77.00 506.00 -74.00 -1180.00 0
3987 -4.66 -70.75 -10.85 -231.00 11.00 79.00 506.00 -74.00 -1180.00 0
3996 -4.94 -61.01 -9.18 -233.00 8.00 80.00 506.00 -74.00 -1180.00 0
4005 -6.33 -45.08 -6.26 -230.00 2.00 82.00 506.00 -74.00 -1180.00 0
4015 -6.96 -39.23 -5.08 -228.00 3.00 77.00 506.00 -74.00 -1180.00 0
4024 -7.37 -34.50 -4.03 -230.00 6.00 81.00 506.00 -74.00 -1180.00 0
4032 -7.58 -30.68 -3.27 -226.00 5.00 79.00 506.00 -74.00 -1180.00 0
4041 -7.72 -27.69 -2.78 -226.00 4.00 77.00 506.00 -74.00 -1180.00 0
4050 -8.00 -25.46 -2.71 -232.00 7.00 85.00 506.00 -74.00 -1180.00 0
4060 -8.28 -21.84 -3.62 -239.00 10.00 83.00 601.00 -86.00 -1175.00 0
4069 -9.60 -20.80 -4.24 -241.00 1.00 89.00 601.00 -86.00 -1175.00 0
4078 -10.64 -20.17 -5.08 -243.00 10.00 77.00 601.00 -86.00 -1175.00 0
4087 -11.48 -19.62 -5.91 -254.00 15.00 81.00 601.00 -86.00 -1175.00 0
4097 -12.10 -18.43 -6.33 -256.00 6.00 85.00 601.00 -86.00 -1175.00 0
4106 -12.94 -16.49 -6.40 -255.00 2.00 87.00 601.00 -86.00 -1175.00 0
4115 -13.91 -14.47 -5.50 -249.00 -5.00 87.00 601.00 -86.00 -1175.00 0
4124 -14.89 -11.48 -4.38 -252.00 0.00 92.00 597.00 -82.00 -1283.00 0
4133 -14.75 -10.37 -2.92 -254.00 1.00 98.00 597.00 -82.00 -1283.00 0
4143 -14.47 -9.74 -1.46 -242.00 2.00 92.00 597.00 -82.00 -1283.00 0
4152 -14.40 -9.81 -0.28 -227.00 -6.00 92.00 597.00 -82.00 -1283.00 0
4161 -14.61 -9.81 0.28 -223.00 -7.00 94.00 597.00 -82.00 -1283.00 0
4170 -15.10 -9.39 0.56 -218.00 -8.00 90.00 597.00 -82.00 -1283.00 0
4179 -15.65 -8.28 0.49 -214.00 -8.00 94.00 597.00 -82.00 -1283.00 0
4189 -15.58 -7.86 0.21 -207.00 2.00 92.00 594.00 -79.00 -1131.00 0
4197 -15.37 -7.30 -0.28 -202.00 5.00 86.00 594.00 -79.00 -1131.00 0
4206 -15.30 -6.47 -0.56 -200.00 4.00 88.00 594.00 -79.00 -1131.00 0
4215 -15.23 -5.50 -0.77 -205.00 18.00 79.00 594.00 -79.00 -1131.00 0
4225 -15.10 -4.24 -0.83 -209.00 24.00 82.00 594.00 -79.00 -1131.00 0
4234 -16.00 -0.21 0.14 -217.00 17.00 84.00 594.00 -79.00 -1131.00 0
4243 -17.11 2.64 0.97 -228.00 9.00 89.00 594.00 -79.00 -1131.00 0
4252 -17.88 5.29 1.88 -232.00 3.00 88.00 594.00 -79.00 -1131.00 0
4261 -18.02 7.30 2.85 -222.00 5.00 82.00 594.00 -79.00 -1131.00 0
4271 -17.32 8.97 4.03 -217.00 12.00 77.00 594.00 -79.00 -1131.00 0
4280 -16.21 11.41 5.36 -219.00 19.00 84.00 594.00 -79.00 -1131.00 0
4289 -15.17 14.75 7.23 -220.00 15.00 86.00 594.00 -79.00 -1131.00 0
4298 -14.68 20.66 7.44 -225.00 24.00 90.00 594.00 -79.00 -1131.00 0
4307 -15.51 21.98 7.10 -219.00 16.00 88.00 594.00 -79.00 -1131.00 0
4317 -17.46 21.63 6.05 -218.00 9.00 81.00 594.00 -79.00 -1131.00 0
4326 -19.97 20.31 4.59 -223.00 1.00 82.00 594.00 -79.00 -1131.00 0
4335 -22.68 18.64 3.06 -228.00 -9.00 86.00 594.00 -79.00 -1131.00 0
4344 -25.18 16.56 1.74 -232.00 -16.00 87.00 594.00 -79.00 -1131.00 0
4354 -28.10 11.13 0.42 -233.00 -16.00 87.00 594.00 -79.00 -1131.00 0
4363 -27.83 7.93 0.90 -226.00 -14.00 85.00 594.00 -79.00 -1131.00 0
4372 -26.85 4.80 1.88 -220.00 -10.00 83.00 594.00 -79.00 -1131.00 0
4381 -25.53 2.23 2.85 -221.00 -11.00 84.00 594.00 -79.00 -1131.00 0
4390 -24.28 0.07 3.62 -222.00 -8.00 85.00 594.00 -79.00 -1131.00 0
4400 -23.03 -1.81 4.17 -219.00 -7.00 77.00 594.00 -79.00 -1131.00 0
4408 -20.80 -4.59 4.59 -222.00 -7.00 80.00 594.00 -79.00 -1131.00 0
4417 -19.83 -5.29 4.52 -224.00 -6.00 82.00 594.00 -79.00 -1131.00 0
4426 -18.64 -5.63 4.31 -227.00 -1.00 81.00 594.00 -79.00 -1131.00 0
4435 -17.53 -5.91 4.10 -229.00 -4.00 82.00 594.00 -79.00 -1131.00 0
4445 -16.70 -6.26 3.90 -225.00 -8.00 77.00 594.00 -79.00 -1131.00 0
4454 -15.79 -6.68 3.69 -217.00 -1.00 76.00 600.00 -70.00 -1069.00 0
4463 -13.43 -7.44 3.69 -210.00 -1.00 78.00 600.00 -70.00 -1069.00 0
4472 -12.24 -7.58 3.69 -207.00 -5.00 78.00 600.00 -70.00 -1069.00 0
4482 -11.27 -7.58 3.41 -202.00 -3.00 82.00 600.00 -70.00 -1069.00 0
4491 -10.50 -7.23 2.78 -206.00 -7.00 76.00 600.00 -70.00 -1069.00 0
4500 -10.02 -6.54 1.95 -204.00 -10.00 81.00 600.00 -70.00 -1069.00 0
4509 -9.67 -5.70 1.04 -203.00 -12.00 77.00 600.00 -70.00 -1069.00 0
4518 -9.18 -4.73 0.14 -208.00 -11.00 78.00 597.00 -70.00 -1246.00 0
4527 -8.07 -2.64 -1.53 -207.00 -12.00 86.00 597.00 -70.00 -1246.00 0
4536 -7.44 -1.74 -2.37 -208.00 -13.00 82.00 597.00 -70.00 -1246.00 0
4545 -6.89 -1.11 -3.06 -209.00 -15.00 85.00 597.00 -70.00 -1246.00 0
4554 -6.19 -0.70 -3.48 -206.00 -10.00 86.00 597.00 -70.00 -1246.00 0
4563 -5.50 -0.35 -3.90 -231.00 -20.00 57.00 597.00 -70.00 -1246.00 0
4573 -4.87 -0.14 -4.31 -187.00 -5.00 122.00 597.00 -70.00 -1246.00 0
4582 -3.06 -3.55 -5.63 -193.00 -20.00 89.00 595.00 -68.00 -1202.00 0
4591 -3.06 -1.04 -5.08 -213.00 -17.00 95.00 595.00 -68.00 -1202.00 0
4600 -3.20 -1.11 -6.47 -210.00 -23.00 87.00 595.00 -68.00 -1202.00 0
4610 -4.59 -3.41 -9.32 -230.00 -13.00 75.00 595.00 -68.00 -1202.00 0
4619 -3.55 -5.08 -9.74 -214.00 -15.00 85.00 595.00 -68.00 -1202.00 0
4628 -3.41 -8.77 -10.85 -211.00 -35.00 70.00 595.00 -68.00 -1202.00 0
4637 -5.50 -2.09 -9.88 -215.00 22.00 113.00 595.00 -68.00 -1202.00 0
4646 -6.19 4.80 -8.77 -217.00 -8.00 82.00 595.00 -68.00 -1202.00 0
4655 -7.37 8.49 -10.09 -210.00 5.00 98.00 595.00 -68.00 -1202.00 0
4664 -7.44 7.10 -13.29 -202.00 -24.00 105.00 595.00 -68.00 -1202.00 0
4673 -7.44 4.45 -15.03 -231.00 -20.00 89.00 595.00 -68.00 -1202.00 0
4682 -3.97 3.27 -13.43 -244.00 -9.00 81.00 595.00 -68.00 -1202.00 0
4691 0.00 -0.56 -11.62 -227.00 16.00 122.00 595.00 -68.00 -1202.00 0
4701 3.62 -9.25 -12.73 -243.00 -10.00 94.00 595.00 -68.00 -1202.00 0
4710 4.03 -13.43 -14.12 -233.00 -8.00 105.00 595.00 -68.00 -1202.00 0
4719 4.87 -17.74 -15.44 -229.00 -11.00 93.00 595.00 -68.00 -1202.00 0
4728 4.52 -20.24 -17.88 -232.00 0.00 97.00 595.00 -68.00 -1202.00 0
4738 4.52 -22.26 -20.03 -226.00 -9.00 96.00 595.00 -68.00 -1202.00 0
4747 3.48 -23.03 -22.26 -221.00 -9.00 100.00 595.00 -68.00 -1202.00 0
4756 1.39 -20.73 -25.11 -225.00 -21.00 94.00 595.00 -68.00 -1202.00 0
4765 1.25 -20.03 -25.32 -212.00 -24.00 105.00 595.00 -68.00 -1202.00 0
4774 2.43 -19.83 -24.00 -216.00 -29.00 96.00 595.00 -68.00 -1202.00 0
4784 3.97 -18.57 -21.98 -218.00 -25.00 90.00 595.00 -68.00 -1202.00 0
4793 5.77 -17.67 -20.45 -208.00 -29.00 104.00 595.00 -68.00 -1202.00 0
4802 7.58 -18.43 -19.83 -213.00 -13.00 99.00 595.00 -68.00 -1202.00 0
4811 10.92 -22.19 -18.30 -226.00 -2.00 99.00 595.00 -68.00 -1202.00 0
4820 11.97 -24.00 -16.90 -233.00 -4.00 96.00 595.00 -68.00 -1202.00 0
4830 11.69 -24.35 -16.14 -244.00 -20.00 98.00 595.00 -68.00 -1202.00 0
4839 10.99 -24.28 -15.79 -239.00 -7.00 93.00 595.00 -68.00 -1202.00 0
4848 10.99 -24.07 -15.03 -232.00 -7.00 87.00 568.00 -40.00 -1306.00 0
4857 10.85 -22.68 -12.87 -225.00 -9.00 90.00 568.00 -40.00 -1306.00 0
4867 9.53 -15.86 -11.76 -221.00 -12.00 97.00 568.00 -40.00 -1306.00 0
4876 8.28 -11.69 -10.99 -225.00 -15.00 94.00 568.00 -40.00 -1306.00 0
4885 7.03 -8.56 -10.30 -224.00 -19.00 98.00 568.00 -40.00 -1306.00 0
4894 6.26 -6.54 -9.46 -225.00 -24.00 99.00 568.00 -40.00 -1306.00 0
4903 5.57 -5.63 -8.77 -215.00 -16.00 98.00 568.00 -40.00 -1306.00 0
4913 5.43 -6.33 -8.28 -201.00 -20.00 96.00 567.00 -43.00 -1436.00 0
4922 6.19 -10.43 -6.40 -201.00 -11.00 91.00 567.00 -43.00 -1436.00 0
4931 6.47 -11.90 -5.36 -204.00 -10.00 97.00 567.00 -43.00 -1436.00 0
4940 6.96 -12.87 -4.10 -205.00 -8.00 101.00 567.00 -43.00 -1436.00 0
4950 7.30 -14.19 -3.13 -210.00 0.00 110.00 567.00 -43.00 -1436.00 0
4959 7.44 -15.72 -2.57 -212.00 -1.00 113.00 567.00 -43.00 -1436.00 0
4968 6.89 -17.18 -2.43 -203.00 -2.00 107.00 567.00 -43.00 -1436.00 0
4977 4.94 -18.50 -2.50 -192.00 2.00 101.00 563.00 -41.00 -1185.00 0
4986 3.76 -18.37 -2.23 -194.00 4.00 109.00 563.00 -41.00 -1185.00 0
4996 2.71 -17.81 -1.39 -211.00 -7.00 118.00 563.00 -41.00 -1185.00 0
5005 1.25 -17.67 -0.49 -216.00 -14.00 117.00 563.00 -41.00 -1185.00 0
5014 0.14 -19.06 0.28 -202.00 -15.00 124.00 563.00 -41.00 -1185.00 0
5023 0.00 -22.19 1.18 -193.00 -20.00 107.00 563.00 -41.00 -1185.00 0
5032 0.77 -30.40 2.16 -194.00 -15.00 110.00 563.00 -41.00 -1185.00 0
5042 1.60 -33.11 2.64 -198.00 -19.00 122.00 555.00 -44.00 -1226.00 0
5051 2.43 -34.30 3.13 -199.00 -15.00 125.00 555.00 -44.00 -1226.00 0
5060 3.27 -34.71 3.13 -192.00 -17.00 119.00 555.00 -44.00 -1226.00 0
5069 3.41 -35.34 1.81 -178.00 -11.00 107.00 555.00 -44.00 -1226.00 0
5079 3.83 -37.01 0.42 -174.00 -10.00 106.00 555.00 -44.00 -1226.00 0
5088 3.27 -38.61 -1.11 -185.00 -23.00 98.00 555.00 -44.00 -1226.00 0
5097 2.78 -37.43 -1.81 -173.00 -5.00 124.00 555.00 -44.00 -1226.00 0
5106 2.02 -36.24 -3.13 -197.00 -10.00 117.00 555.00 -44.00 -1226.00 0
5115 0.21 -34.64 -5.57 -201.00 -15.00 105.00 555.00 -44.00 -1226.00 0
5125 -0.83 -33.32 -6.40 -192.00 -1.00 102.00 555.00 -44.00 -1226.00 0
5134 -0.70 -31.72 -5.63 -185.00 7.00 101.00 555.00 -44.00 -1226.00 0
5143 -0.90 -25.39 -2.43 -171.00 2.00 99.00 555.00 -44.00 -1226.00 0
5152 -2.09 -20.52 -0.63 -156.00 -32.00 80.00 555.00 -44.00 -1226.00 0
5161 -3.90 -15.23 0.77 -141.00 -49.00 57.00 555.00 -44.00 -1226.00 0
5171 -4.03 -8.56 2.30 -129.00 -15.00 64.00 555.00 -44.00 -1226.00 1
5181 -2.43 -0.28 4.45 -210.00 2.00 102.00 555.00 -44.00 -1226.00 1
5191 -0.97 17.46 6.61 -315.00 -25.00 124.00 555.00 -44.00 -1226.00 1
5201 -1.32 23.79 6.26 -321.00 -63.00 159.00 555.00 -44.00 -1226.00 1
5213 -3.55 25.74 2.30 -327.00 -11.00 171.00 555.00 -44.00 -1226.00 1
5223 0.70 21.63 -5.15 -347.00 -7.00 178.00 555.00 -44.00 -1226.00 1
5233 2.30 18.43 -6.26 -351.00 35.00 217.00 555.00 -44.00 -1226.00 1
5244 4.80 15.86 -4.24 -336.00 12.00 233.00 555.00 -44.00 -1226.00 1
5255 6.89 6.96 6.75 -286.00 -24.00 183.00 555.00 -44.00 -1226.00 1
5265 7.72 -1.88 13.22 -273.00 -9.00 175.00 555.00 -44.00 -1226.00 1
5275 9.46 -12.03 19.27 -288.00 -10.00 198.00 555.00 -44.00 -1226.00 1
5286 11.62 -33.53 26.78 -254.00 11.00 180.00 555.00 -44.00 -1226.00 1
5297 12.80 -45.98 28.94 -192.00 23.00 125.00 555.00 -44.00 -1226.00 0
5306 12.59 -58.16 30.12 -143.00 39.00 78.00 544.00 -74.00 -1180.00 0
5315 10.78 -67.27 30.26 -133.00 59.00 70.00 544.00 -74.00 -1180.00 0
5324 7.58 -70.26 27.20 -152.00 45.00 76.00 544.00 -74.00 -1180.00 0
5334 -4.66 -64.90 24.07 -164.00 20.00 89.00 544.00 -74.00 -1180.00 0
5343 -12.38 -56.49 19.69 -171.00 -13.00 97.00 544.00 -74.00 -1180.00 0
5352 -20.24 -46.40 14.05 -160.00 -9.00 96.00 544.00 -74.00 -1180.00 0
5361 -25.95 -36.24 8.77 -156.00 -7.00 92.00 544.00 -74.00 -1180.00 0
5370 -28.80 -26.85 5.01 -161.00 -11.00 99.00 536.00 -65.00 -1175.00 0
5380 -29.57 -10.92 1.32 -155.00 -21.00 105.00 536.00 -65.00 -1175.00 0
5389 -28.87 -4.38 0.14 -154.00 -18.00 98.00 536.00 -65.00 -1175.00 0
5398 -27.20 0.90 -0.35 -169.00 -15.00 104.00 536.00 -65.00 -1175.00 0
5407 -24.90 5.08 0.00 -177.00 -13.00 107.00 536.00 -65.00 -1175.00 0
5416 -22.19 9.11 0.90 -192.00 -19.00 119.00 536.00 -65.00 -1175.00 0
5426 -19.76 12.87 1.53 -194.00 -21.00 122.00 536.00 -65.00 -1175.00 0
5435 -14.12 18.37 1.88 -203.00 -11.00 126.00 545.00 -61.00 -1281.00 0
5444 -10.99 20.45 2.09 -215.00 3.00 129.00 545.00 -61.00 -1281.00 0
5453 -8.00 22.12 2.43 -226.00 -1.00 134.00 545.00 -61.00 -1281.00 0
5463 -5.91 23.51 2.78 -227.00 -2.00 135.00 545.00 -61.00 -1281.00 0
5472 -4.10 23.86 2.99 -223.00 2.00 141.00 545.00 -61.00 -1281.00 0
5481 -2.99 23.23 2.23 -225.00 3.00 132.00 545.00 -61.00 -1281.00 0
5490 -2.23 22.26 -0.07 -223.00 -3.00 128.00 545.00 -61.00 -1281.00 0
5499 -2.92 23.65 -1.81 -206.00 -5.00 128.00 545.00 -61.00 -1281.00 0
5509 -4.03 26.64 -4.45 -198.00 -4.00 121.00 545.00 -61.00 -1281.00 0
5518 -5.43 31.58 -7.30 -190.00 -8.00 119.00 545.00 -61.00 -1281.00 0
5527 -6.82 37.43 -9.81 -186.00 -5.00 114.00 545.00 -61.00 -1281.00 0
5536 -7.93 43.27 -11.83 -177.00 -11.00 120.00 545.00 -61.00 -1281.00 0
5545 -9.46 50.78 -14.75 -179.00 -19.00 120.00 545.00 -61.00 -1281.00 0
5555 -9.67 52.66 -15.10 -183.00 -22.00 132.00 545.00 -61.00 -1281.00 0
5564 -9.25 52.45 -14.75 -194.00 -26.00 134.00 545.00 -61.00 -1281.00 0
5573 -8.21 50.23 -13.98 -198.00 -16.00 132.00 545.00 -61.00 -1281.00 0
5582 -7.17 45.84 -13.50 -195.00 -7.00 126.00 545.00 -61.00 -1281.00 0
5592 -6.26 40.56 -13.22 -196.00 -1.00 121.00 545.00 -61.00 -1281.00 0
5601 -5.57 31.51 -12.87 -212.00 -4.00 116.00 545.00 -61.00 -1281.00 0
5610 -5.63 28.31 -12.73 -212.00 -8.00 121.00 545.00 -61.00 -1281.00 0
5619 -6.05 25.53 -13.01 -212.00 -10.00 122.00 545.00 -61.00 -1281.00 0
5629 -6.61 23.51 -13.36 -211.00 -6.00 121.00 545.00 -61.00 -1281.00 0
5639 -7.03 21.91 -13.50 -206.00 -6.00 121.00 545.00 -61.00 -1281.00 0
5648 -7.58 20.52 -13.63 -210.00 -10.00 118.00 545.00 -61.00 -1281.00 0
5657 -8.14 17.67 -13.08 -206.00 -11.00 119.00 545.00 -61.00 -1281.00 0
5666 -7.72 16.14 -11.76 -216.00 -7.00 117.00 545.00 -61.00 -1281.00 0
5676 -6.89 14.82 -10.02 -220.00 -7.00 118.00 545.00 -61.00 -1281.00 0
5685 -5.98 13.50 -8.14 -229.00 -6.00 123.00 545.00 -61.00 -1281.00 0
5694 -5.15 12.31 -6.12 -231.00 -8.00 122.00 545.00 -61.00 -1281.00 0
5703 -4.31 11.27 -4.24 -235.00 -1.00 121.00 545.00 -61.00 -1281.00 0
5712 -3.34 9.81 -1.25 -233.00 0.00 120.00 545.00 -61.00 -1281.00 0
5721 -3.20 9.18 -0.21 -225.00 -2.00 118.00 545.00 -61.00 -1281.00 0
5730 -3.27 8.63 0.49 -221.00 -2.00 114.00 545.00 -61.00 -1281.00 0
5739 -3.55 8.14 0.90 -213.00 -6.00 113.00 545.00 -61.00 -1281.00 0
5748 -4.03 7.93 1.11 -203.00 -13.00 108.00 545.00 -61.00 -1281.00 0
5757 -4.38 7.86 1.18 -205.00 -12.00 112.00 545.00 -61.00 -1281.00 0
5767 -4.52 7.58 1.74 -205.00 -11.00 111.00 569.00 -45.00 -1166.00 0
5776 -4.45 7.51 1.95 -204.00 -1.00 120.00 569.00 -45.00 -1166.00 0
5785 -4.24 6.82 2.02 -198.00 -7.00 111.00 569.00 -45.00 -1166.00 0
5794 -4.59 5.77 1.74 -199.00 -1.00 107.00 569.00 -45.00 -1166.00 0
5804 -5.29 4.87 1.18 -207.00 -12.00 104.00 569.00 -45.00 -1166.00 0
5813 -6.33 4.45 0.49 -220.00 -12.00 115.00 569.00 -45.00 -1166.00 0
5822 -7.17 3.55 -1.18 -229.00 -20.00 112.00 569.00 -45.00 -1166.00 0
5831 -8.07 2.50 -1.60 -222.00 -18.00 109.00 569.00 -46.00 -1180.00 0
5840 -7.86 1.32 -1.88 -213.00 -13.00 105.00 569.00 -46.00 -1180.00 0
5850 -7.65 0.35 -1.88 -212.00 -15.00 105.00 569.00 -46.00 -1180.00 0
5859 -7.51 -0.42 -1.95 -208.00 -21.00 107.00 569.00 -46.00 -1180.00 0
5868 -7.30 -0.83 -1.95 -207.00 -18.00 103.00 569.00 -46.00 -1180.00 0
5877 -6.96 -1.18 -1.95 -210.00 -18.00 107.00 569.00 -46.00 -1180.00 0
5886 -6.19 -1.25 -1.46 -209.00 -17.00 102.00 569.00 -46.00 -1180.00 0
5896 -5.91 -1.04 -1.25 -213.00 -13.00 103.00 572.00 -44.00 -1392.00 0
5905 -5.43 -0.83 -1.18 -214.00 -12.00 104.00 572.00 -44.00 -1392.00 0
5914 -5.15 -0.63 -1.04 -215.00 -12.00 99.00 572.00 -44.00 -1392.00 0
5922 -4.94 -0.35 -0.83 -220.00 -10.00 105.00 572.00 -44.00 -1392.00 0
5932 -4.73 -0.21 -0.63 -208.00 -12.00 102.00 572.00 -44.00 -1392.00 0
5941 -4.31 -0.35 -0.21 -217.00 -4.00 102.00 572.00 -44.00 -1392.00 0
5950 -4.10 -0.56 0.00 -215.00 -12.00 101.00 572.00 -44.00 -1392.00 0
5959 -3.97 -0.90 0.21 -210.00 -9.00 100.00 572.00 -44.00 -1392.00 0
5968 -3.69 -1.04 0.42 -205.00 -9.00 104.00 572.00 -44.00 -1392.00 0
5978 -3.34 -0.97 0.56 -211.00 -8.00 105.00 572.00 -44.00 -1392.00 0
5987 -3.13 -0.77 0.49 -213.00 -7.00 108.00 572.00 -44.00 -1392.00 0
5996 -3.20 -0.21 -0.28 -215.00 -14.00 111.00 572.00 -44.00 -1392.00 0
6005 -3.41 -0.07 -0.70 -217.00 -15.00 108.00 572.00 -44.00 -1392.00 0
6014 -3.48 0.07 -1.11 -214.00 -14.00 104.00 572.00 -44.00 -1392.00 0
6024 -3.55 0.07 -1.46 -216.00 -16.00 111.00 572.00 -44.00 -1392.00 0
6033 -3.62 0.07 -1.67 -219.00 -18.00 115.00 572.00 -44.00 -1392.00 0
6042 -3.62 0.07 -1.74 -218.00 -18.00 112.00 572.00 -44.00 -1392.00 0
6051 -3.55 -0.56 -1.60 -217.00 -15.00 112.00 572.00 -44.00 -1392.00 0
6061 -3.13 -0.97 -1.39 -218.00 -13.00 115.00 572.00 -44.00 -1392.00 0
6070 -2.92 -1.53 -1.25 -221.00 -12.00 118.00 572.00 -44.00 -1392.00 0
6079 -2.85 -2.30 -1.32 -226.00 -12.00 121.00 572.00 -44.00 -1392.00 0
6088 -2.57 -3.55 -1.39 -221.00 -1.00 118.00 572.00 -44.00 -1392.00 0
6097 -2.37 -5.57 -1.39 -206.00 -2.00 114.00 572.00 -44.00 -1392.00 0
6107 -2.16 -8.56 -0.14 -207.00 -8.00 112.00 572.00 -44.00 -1392.00 0
6115 -1.74 -15.93 0.70 -206.00 4.00 127.00 572.00 -44.00 -1392.00 0
6124 -1.18 -20.24 2.02 -199.00 -2.00 121.00 572.00 -44.00 -1392.00 0
6133 -0.83 -25.46 3.48 -202.00 -13.00 125.00 572.00 -44.00 -1392.00 0
6142 -0.90 -31.10 4.38 -197.00 -10.00 126.00 572.00 -44.00 -1392.00 0
6152 -0.56 -36.59 5.01 -196.00 -2.00 119.00 572.00 -44.00 -1392.00 0
6161 0.28 -42.02 5.70 -193.00 -3.00 119.00 559.00 -49.00 -1162.00 0
6170 1.32 -49.39 6.26 -194.00 -4.00 120.00 559.00 -49.00 -1162.00 0
6179 1.25 -50.57 6.19 -202.00 -11.00 130.00 559.00 -49.00 -1162.00 0
6189 1.25 -50.99 6.26 -207.00 -19.00 130.00 559.00 -49.00 -1162.00 0
6198 1.60 -50.92 6.89 -208.00 -15.00 135.00 559.00 -49.00 -1162.00 0
6207 2.50 -50.43 7.65 -208.00 -20.00 142.00 559.00 -49.00 -1162.00 0
6216 3.48 -48.42 8.14 -208.00 -16.00 138.00 559.00 -49.00 -1162.00 0
6225 5.08 -43.48 7.51 -202.00 -14.00 136.00 549.00 -57.00 -1242.00 0
6235 5.50 -41.11 6.40 -198.00 -9.00 129.00 549.00 -57.00 -1242.00 0
6244 5.50 -38.61 5.15 -189.00 0.00 125.00 549.00 -57.00 -1242.00 0
6253 5.43 -36.66 3.90 -183.00 -4.00 123.00 549.00 -57.00 -1242.00 0
6262 4.94 -34.78 2.85 -180.00 -9.00 112.00 549.00 -57.00 -1242.00 0
6272 4.10 -32.49 1.88 -173.00 -17.00 107.00 549.00 -57.00 -1242.00 0
6281 2.09 -26.57 -0.14 -169.00 -19.00 105.00 549.00 -57.00 -1242.00 0
6290 1.81 -22.89 -1.04 -161.00 -20.00 102.00 540.00 -58.00 -1173.00 0
6299 2.23 -18.99 -1.67 -157.00 -27.00 101.00 540.00 -58.00 -1173.00 0
6308 2.92 -14.75 -2.16 -153.00 -7.00 100.00 540.00 -58.00 -1173.00 0
6318 4.17 -10.43 -2.37 -150.00 -7.00 94.00 540.00 -58.00 -1173.00 0
6327 4.87 -6.19 -3.55 -156.00 -24.00 92.00 540.00 -58.00 -1173.00 0
6336 5.50 2.99 -7.23 -172.00 -34.00 107.00 540.00 -58.00 -1173.00 0
6345 5.98 7.72 -9.81 -183.00 -29.00 118.00 540.00 -58.00 -1173.00 0
6354 7.17 12.10 -12.24 -176.00 -31.00 107.00 546.00 -56.00 -1187.00 0
6364 8.42 15.65 -14.75 -148.00 -28.00 89.00 546.00 -56.00 -1187.00 0
6373 10.37 18.85 -16.70 -107.00 -15.00 40.00 546.00 -56.00 -1187.00 0
6382 13.22 21.98 -17.67 -98.00 41.00 38.00 546.00 -56.00 -1187.00 0
6391 21.63 32.35 -15.03 -111.00 73.00 66.00 546.00 -56.00 -1187.00 1
6402 24.63 40.28 -10.09 -272.00 21.00 78.00 546.00 -56.00 -1187.00 1
6413 24.42 46.89 -4.80 -436.00 90.00 189.00 546.00 -56.00 -1187.00 1
6423 16.77 46.40 0.28 -446.00 42.00 226.00 563.00 -66.00 -1203.00 1
6433 7.23 40.97 -1.46 -386.00 45.00 204.00 563.00 -66.00 -1203.00 1
6445 -1.32 34.78 -2.78 -333.00 -36.00 170.00 563.00 -66.00 -1203.00 1
6455 -21.29 26.37 -8.21 -289.00 -52.00 164.00 563.00 -66.00 -1203.00 1
6465 -26.50 23.10 -10.43 -252.00 -77.00 157.00 563.00 -66.00 -1203.00 1
6476 -27.55 19.06 -10.16 -236.00 -72.00 144.00 563.00 -66.00 -1203.00 1
6487 -18.71 6.89 -4.45 -226.00 -29.00 135.00 564.00 -56.00 -1306.00 1
6498 -11.27 0.00 -0.63 -232.00 -13.00 152.00 564.00 -56.00 -1306.00 1
6508 -4.52 -6.54 3.06 -216.00 -11.00 135.00 564.00 -56.00 -1306.00 1
6518 5.77 -20.52 8.42 -196.00 14.00 113.00 564.00 -56.00 -1306.00 0
6528 9.60 -27.13 9.39 -189.00 57.00 104.00 564.00 -56.00 -1306.00 0
6537 11.76 -32.83 9.46 -187.00 80.00 115.00 564.00 -56.00 -1306.00 0
6546 10.37 -37.08 8.35 -198.00 54.00 111.00 564.00 -56.00 -1306.00 0
6555 5.15 -40.28 5.84 -195.00 20.00 108.00 564.00 -56.00 -1306.00 0
6564 -2.09 -44.45 -1.74 -194.00 11.00 104.00 564.00 -56.00 -1306.00 0
6574 -14.33 -44.10 -4.45 -192.00 10.00 105.00 564.00 -56.00 -1306.00 0
6583 -17.88 -42.23 -5.77 -194.00 9.00 103.00 564.00 -56.00 -1306.00 0
6592 -20.03 -39.44 -5.98 -203.00 3.00 109.00 564.00 -56.00 -1306.00 0
6601 -21.08 -35.83 -5.15 -202.00 -10.00 116.00 564.00 -56.00 -1306.00 0
6610 -21.43 -31.30 -3.90 -210.00 -8.00 120.00 564.00 -56.00 -1306.00 0
6620 -20.59 -21.01 -1.04 -213.00 -13.00 128.00 541.00 -54.00 -1122.00 0
6629 -19.69 -16.28 0.14 -207.00 -21.00 129.00 541.00 -54.00 -1122.00 0
6639 -18.78 -12.73 0.63 -199.00 -20.00 123.00 541.00 -54.00 -1122.00 0
6648 -17.60 -9.95 0.77 -199.00 -20.00 119.00 541.00 -54.00 -1122.00 0
6658 -16.35 -7.23 0.35 -193.00 -19.00 111.00 541.00 -54.00 -1122.00 0
6667 -15.03 -4.52 -0.35 -191.00 -26.00 115.00 541.00 -54.00 -1122.00 0
6676 -12.17 1.60 -2.16 -187.00 -22.00 105.00 541.00 -54.00 -1122.00 0
6685 -10.30 4.80 -2.92 -191.00 -11.00 109.00 539.00 -51.00 -1462.00 0
6694 -8.00 8.42 -3.41 -206.00 2.00 106.00 539.00 -51.00 -1462.00 0
6704 -5.63 12.38 -3.55 -207.00 12.00 107.00 539.00 -51.00 -1462.00 0
6713 -3.34 16.90 -3.13 -215.00 10.00 101.00 539.00 -51.00 -1462.00 0
6722 -1.88 22.47 -2.23 -214.00 18.00 96.00 539.00 -51.00 -1462.00 0
6731 -0.97 37.70 -1.11 -204.00 1.00 84.00 539.00 -51.00 -1462.00 0
6739 -2.57 50.92 -2.16 -204.00 -15.00 84.00 539.00 -51.00 -1462.00 0
6749 -4.24 69.08 -3.27 -210.00 -18.00 102.00 562.00 -51.00 -1262.00 0
6758 -5.63 90.78 -5.57 -218.00 -19.00 111.00 562.00 -51.00 -1262.00 0
6767 -7.30 113.81 -8.83 -235.00 -19.00 119.00 562.00 -51.00 -1262.00 0
6777 -8.42 135.44 -11.76 -245.00 -24.00 127.00 562.00 -51.00 -1262.00 0
6787 -9.04 164.03 -15.51 -245.00 -33.00 124.00 562.00 -51.00 -1262.00 0
6796 -8.42 168.14 -16.42 -222.00 -33.00 107.00 562.00 -51.00 -1262.00 0
6805 -6.89 166.89 -16.14 -207.00 -29.00 101.00 562.00 -51.00 -1262.00 0
6814 -4.87 162.09 -14.82 -198.00 -27.00 90.00 596.00 -41.00 -1159.00 0
6823 -3.34 154.64 -13.43 -198.00 -25.00 89.00 596.00 -41.00 -1159.00 0
6833 -2.16 144.42 -11.97 -200.00 -35.00 82.00 596.00 -41.00 -1159.00 0
6842 -0.28 118.82 -8.63 -208.00 -28.00 84.00 596.00 -41.00 -1159.00 0
6851 0.70 104.63 -6.82 -214.00 -22.00 85.00 596.00 -41.00 -1159.00 0
6860 1.53 89.39 -5.01 -227.00 -11.00 82.00 596.00 -41.00 -1159.00 0
6870 2.78 74.64 -1.95 -248.00 -13.00 84.00 596.00 -41.00 -1159.00 0
6879 2.99 60.73 0.42 -241.00 -19.00 72.00 596.00 -48.00 -1085.00 0
6888 2.78 47.30 1.74 -230.00 -12.00 66.00 604.00 -48.00 -1085.00 0
6897 2.02 25.18 2.78 -237.00 -7.00 71.00 604.00 -48.00 -1085.00 0
6906 1.67 17.46 3.13 -238.00 -5.00 70.00 604.00 -48.00 -1085.00 0
6916 0.97 10.99 2.99 -236.00 -8.00 65.00 604.00 -48.00 -1085.00 0
6925 -0.07 5.43 2.43 -234.00 -6.00 68.00 604.00 -48.00 -1085.00 0
6934 -0.97 0.70 1.67 -233.00 -5.00 69.00 604.00 -48.00 -1085.00 0
6943 -1.46 -3.55 1.04 -228.00 -4.00 66.00 604.00 -48.00 -1085.00 0
6951 -2.02 -10.02 -0.35 -228.00 -1.00 70.00 604.00 -48.00 -1085.00 0
6961 -3.06 -12.03 -0.63 -228.00 -3.00 67.00 604.00 -48.00 -1085.00 0
6970 -3.55 -13.77 -0.90 -224.00 -4.00 67.00 604.00 -48.00 -1085.00 0
6979 -3.90 -15.17 -1.18 -224.00 -6.00 65.00 604.00 -48.00 -1085.00 0
6988 -4.24 -15.93 -1.32 -229.00 -6.00 67.00 604.00 -48.00 -1085.00 0
6998 -4.45 -16.07 -1.53 -233.00 -2.00 65.00 604.00 -48.00 -1085.00 0
7007 -4.59 -15.79 -1.60 -235.00 -6.00 69.00 604.00 -48.00 -1085.00 0
7016 -4.87 -14.61 -1.81 -239.00 -12.00 70.00 604.00 -48.00 -1085.00 0
7025 -5.22 -13.70 -2.23 -236.00 -12.00 69.00 604.00 -48.00 -1085.00 0
7034 -5.50 -12.94 -2.71 -235.00 -15.00 68.00 604.00 -48.00 -1085.00 0
7044 -5.77 -12.03 -3.06 -234.00 -14.00 69.00 604.00 -48.00 -1085.00 0
7053 -5.84 -10.99 -3.20 -233.00 -18.00 72.00 604.00 -48.00 -1085.00 0
7062 -5.91 -9.88 -3.06 -231.00 -15.00 71.00 604.00 -48.00 -1085.00 0
7071 -5.50 -8.28 -2.16 -229.00 -12.00 67.00 604.00 -48.00 -1085.00 0
7080 -5.15 -7.51 -1.67 -229.00 -13.00 71.00 596.00 -45.00 -1276.00 0
7089 -4.87 -6.75 -1.32 -231.00 -13.00 74.00 596.00 -45.00 -1276.00 0
7098 -4.66 -5.98 -1.25 -240.00 -13.00 77.00 596.00 -45.00 -1276.00 0
7107 -4.59 -5.50 -1.39 -242.00 -13.00 75.00 596.00 -45.00 -1276.00 0
7116 -4.52 -5.43 -1.81 -233.00 -11.00 72.00 596.00 -45.00 -1276.00 0
7126 -4.73 -5.98 -2.71 -231.00 -10.00 76.00 596.00 -45.00 -1276.00 0
7135 -4.87 -6.19 -3.06 -229.00 -13.00 77.00 596.00 -45.00 -1276.00 0
7144 -5.08 -6.26 -3.20 -234.00 -16.00 76.00 595.00 -47.00 -1148.00 0
7153 -5.22 -6.54 -3.20 -227.00 -16.00 75.00 595.00 -47.00 -1148.00 0
7162 -5.22 -7.17 -2.99 -223.00 -12.00 77.00 595.00 -47.00 -1148.00 0
7172 -5.01 -7.86 -2.37 -219.00 -15.00 81.00 595.00 -47.00 -1148.00 0
7181 -4.80 -8.35 -1.67 -218.00 -12.00 79.00 595.00 -47.00 -1148.00 0
7190 -4.31 -9.11 -0.28 -225.00 -12.00 81.00 595.00 -47.00 -1148.00 0
7199 -4.03 -9.46 0.42 -231.00 -9.00 83.00 595.00 -47.00 -1148.00 0
7207 -3.83 -10.30 1.04 -227.00 -11.00 82.00 595.00 -47.00 -1185.00 0
7217 -3.69 -11.55 1.53 -232.00 -9.00 85.00 595.00 -47.00 -1185.00 0
7226 -3.48 -13.15 1.88 -231.00 -13.00 83.00 595.00 -47.00 -1185.00 0
7235 -3.41 -14.82 1.95 -237.00 -15.00 89.00 595.00 -47.00 -1185.00 0
7244 -3.13 -19.13 1.18 -246.00 -16.00 89.00 595.00 -47.00 -1185.00 0
7254 -2.92 -22.26 0.35 -243.00 -13.00 99.00 595.00 -47.00 -1185.00 0
7263 -2.57 -26.09 -0.21 -239.00 -20.00 102.00 595.00 -47.00 -1185.00 0
7272 -1.74 -31.23 -0.28 -232.00 -17.00 93.00 595.00 -47.00 -1185.00 0
7281 -0.42 -38.47 -0.07 -216.00 0.00 86.00 595.00 -47.00 -1185.00 0
7290 1.46 -46.68 0.90 -203.00 -2.00 79.00 595.00 -47.00 -1185.00 0
7300 4.59 -59.41 3.83 -193.00 2.00 75.00 595.00 -47.00 -1185.00 0
7309 5.01 -62.26 4.73 -186.00 0.00 71.00 595.00 -47.00 -1185.00 0
7318 4.66 -62.68 5.15 -180.00 -2.00 73.00 595.00 -47.00 -1185.00 0
7327 3.83 -61.08 5.29 -191.00 -6.00 81.00 595.00 -47.00 -1185.00 0
7336 2.71 -57.60 4.94 -211.00 -15.00 93.00 595.00 -47.00 -1185.00 0
7346 1.46 -53.57 4.24 -214.00 -14.00 96.00 578.00 -50.00 -1350.00 0
7355 0.63 -50.09 1.74 -219.00 -15.00 98.00 578.00 -50.00 -1350.00 0
7364 -0.77 -44.31 0.07 -220.00 -20.00 103.00 578.00 -50.00 -1350.00 0
7373 -1.11 -42.16 -1.04 -222.00 -23.00 104.00 578.00 -50.00 -1350.00 0
7383 -1.11 -40.56 -1.60 -216.00 -16.00 101.00 578.00 -50.00 -1350.00 0
7392 -0.77 -39.86 -1.81 -209.00 -14.00 108.00 578.00 -50.00 -1350.00 0
7401 0.00 -40.21 -0.77 -201.00 -18.00 104.00 578.00 -50.00 -1350.00 0
7410 0.35 -41.39 -0.21 -183.00 -21.00 95.00 578.00 -50.00 -1350.00 0
7419 2.37 -48.97 0.83 -170.00 -22.00 85.00 578.00 -50.00 -1350.00 0
7429 4.24 -55.37 1.53 -167.00 -19.00 81.00 578.00 -50.00 -1350.00 0
7437 6.82 -62.19 2.23 -154.00 -34.00 87.00 578.00 -50.00 -1350.00 0
7446 9.74 -67.90 2.57 -131.00 -24.00 62.00 578.00 -50.00 -1350.00 0
7455 13.63 -72.49 2.50 -107.00 -16.00 43.00 578.00 -50.00 -1350.00 0
7464 17.81 -75.62 1.81 -117.00 -8.00 41.00 578.00 -50.00 -1350.00 1
7475 23.58 -68.94 -2.71 -183.00 -11.00 91.00 578.00 -50.00 -1350.00 1
7485 24.77 -58.99 -6.19 -294.00 32.00 174.00 578.00 -50.00 -1350.00 1
7495 24.14 -55.65 -11.76 -378.00 44.00 215.00 578.00 -50.00 -1350.00 1
7506 19.20 -47.58 -16.97 -310.00 45.00 167.00 578.00 -50.00 -1350.00 1
7517 14.82 -45.29 -19.41 -254.00 37.00 137.00 578.00 -50.00 -1350.00 1
7527 9.32 -43.69 -20.59 -262.00 23.00 160.00 578.00 -50.00 -1350.00 1
7538 -4.31 -32.49 -20.80 -261.00 -4.00 168.00 533.00 -50.00 -1051.00 1
7548 -8.90 -27.34 -17.95 -257.00 -17.00 164.00 533.00 -50.00 -1051.00 1
7560 -11.41 -23.10 -13.22 -249.00 -19.00 165.00 533.00 -50.00 -1051.00 1
7570 -13.22 -18.16 -3.83 -220.00 -16.00 165.00 533.00 -50.00 -1051.00 1
7580 -13.36 -17.81 -0.90 -185.00 -16.00 134.00 533.00 -50.00 -1051.00 1
7591 -13.29 -18.43 1.39 -190.00 -15.00 119.00 533.00 -50.00 -1051.00 1
7602 -12.45 -18.64 3.48 -201.00 -3.00 119.00 531.00 -49.00 -1269.00 1
7612 -12.17 -18.23 2.92 -216.00 7.00 127.00 531.00 -49.00 -1269.00 1
7621 -12.45 -17.32 1.60 -220.00 11.00 124.00 531.00 -49.00 -1269.00 1
7631 -13.77 -14.75 -1.74 -216.00 9.00 122.00 531.00 -49.00 -1269.00 0
7641 -18.92 -13.29 -3.06 -204.00 0.00 116.00 531.00 -49.00 -1269.00 0
7650 -21.22 -11.20 -3.34 -198.00 -10.00 116.00 531.00 -49.00 -1269.00 0
7659 -22.89 -8.90 -2.57 -209.00 -26.00 124.00 531.00 -49.00 -1269.00 0
7668 -23.93 -6.68 -1.53 -215.00 -28.00 130.00 526.00 -42.00 -1133.00 0
7677 -23.93 -5.01 -0.56 -216.00 -30.00 135.00 526.00 -42.00 -1133.00 0
7688 -21.77 -2.99 0.49 -213.00 -22.00 133.00 526.00 -42.00 -1133.00 0
7697 -19.97 -2.30 0.56 -211.00 -15.00 131.00 526.00 -42.00 -1133.00 0
7706 -18.30 -1.53 0.56 -207.00 -13.00 129.00 526.00 -42.00 -1133.00 0
7715 -16.90 -0.49 0.56 -206.00 -19.00 130.00 526.00 -42.00 -1133.00 0
7725 -15.65 1.25 0.83 -210.00 -15.00 132.00 526.00 -42.00 -1133.00 0
7734 -14.19 3.41 1.46 -210.00 -11.00 131.00 530.00 -38.00 -1230.00 0
7743 -10.92 8.49 3.69 -205.00 -15.00 128.00 530.00 -38.00 -1230.00 0
7752 -9.18 11.34 5.22 -203.00 -5.00 125.00 530.00 -38.00 -1230.00 0
7761 -7.37 14.47 6.96 -196.00 -7.00 117.00 530.00 -38.00 -1230.00 0
7771 -5.77 18.16 8.63 -198.00 7.00 108.00 530.00 -38.00 -1230.00 0
7780 -4.10 22.96 10.50 -201.00 2.00 121.00 530.00 -38.00 -1230.00 0
7789 -3.20 29.01 12.31 -207.00 -2.00 123.00 530.00 -38.00 -1230.00 0
7798 -4.52 42.16 13.77 -207.00 -10.00 127.00 530.00 -50.00 -1335.00 0
7808 -5.98 47.23 13.08 -206.00 -13.00 125.00 546.00 -50.00 -1335.00 0
7817 -7.23 50.85 11.90 -191.00 -12.00 108.00 546.00 -50.00 -1335.00 0
7826 -7.93 53.43 10.71 -183.00 -6.00 103.00 546.00 -50.00 -1335.00 0
7835 -8.00 57.11 10.09 -189.00 0.00 94.00 546.00 -50.00 -1335.00 0
7844 -7.79 62.89 10.02 -193.00 6.00 89.00 546.00 -50.00 -1335.00 0
7854 -7.51 76.59 11.48 -199.00 0.00 104.00 546.00 -50.00 -1335.00 0
7863 -8.07 82.16 12.24 -216.00 -6.00 107.00 546.00 -50.00 -1335.00 0
7872 -8.97 85.77 12.52 -223.00 -8.00 109.00 546.00 -50.00 -1335.00 0
7881 -10.02 86.75 12.24 -223.00 -11.00 111.00 546.00 -50.00 -1335.00 0
7890 -11.13 85.84 11.48 -216.00 -20.00 103.00 546.00 -50.00 -1335.00 0
7900 -12.38 83.55 10.02 -211.00 -9.00 96.00 546.00 -50.00 -1335.00 0
7909 -13.08 77.15 7.79 -205.00 -6.00 85.00 546.00 -50.00 -1335.00 0
7918 -13.15 74.30 7.23 -200.00 -14.00 84.00 546.00 -50.00 -1335.00 0
7927 -13.29 72.90 6.96 -209.00 -13.00 81.00 546.00 -50.00 -1335.00 0
7937 -13.50 72.70 6.89 -210.00 -16.00 87.00 546.00 -50.00 -1335.00 0
7946 -13.50 72.35 6.96 -212.00 -22.00 92.00 546.00 -50.00 -1335.00 0
7955 -13.77 71.30 6.75 -219.00 -24.00 96.00 546.00 -50.00 -1335.00 0
7964 -14.26 66.92 5.36 -226.00 -23.00 93.00 546.00 -50.00 -1335.00 0
7973 -14.05 63.17 4.66 -221.00 -23.00 90.00 546.00 -50.00 -1335.00 0
7983 -13.50 58.71 4.24 -216.00 -24.00 87.00 546.00 -50.00 -1335.00 0
7992 -12.73 53.91 3.90 -213.00 -22.00 84.00 546.00 -50.00 -1335.00 0
8001 -11.83 49.04 3.55 -210.00 -23.00 83.00 546.00 -50.00 -1335.00 0
8010 -10.92 44.24 2.92 -210.00 -26.00 83.00 546.00 -50.00 -1335.00 0
8019 -9.25 34.30 0.90 -215.00 -23.00 82.00 546.00 -50.00 -1335.00 0
8029 -8.28 29.50 -0.21 -225.00 -19.00 80.00 546.00 -50.00 -1335.00 0
8038 -6.96 24.83 -1.04 -231.00 -10.00 77.00 546.00 -50.00 -1335.00 0
8047 -5.63 20.52 -1.60 -231.00 -3.00 76.00 546.00 -50.00 -1335.00 0
8055 -4.31 16.56 -1.81 -236.00 1.00 69.00 546.00 -50.00 -1335.00 0
8065 -3.27 13.01 -1.81 -238.00 2.00 72.00 546.00 -50.00 -1335.00 0
8074 -2.37 7.79 -1.88 -237.00 0.00 73.00 546.00 -50.00 -1335.00 0
8083 -2.30 5.91 -1.95 -235.00 2.00 73.00 546.00 -50.00 -1335.00 0
8092 -2.37 4.45 -2.09 -233.00 3.00 73.00 546.00 -50.00 -1335.00 0
8101 -2.64 3.27 -2.37 -230.00 -3.00 73.00 546.00 -50.00 -1335.00 0
8111 -2.99 2.57 -2.57 -232.00 -4.00 75.00 546.00 -50.00 -1335.00 0
8120 -3.13 2.16 -2.64 -232.00 0.00 77.00 546.00 -50.00 -1335.00 0
8129 -3.27 1.81 -2.64 -240.00 0.00 80.00 604.00 -56.00 -1264.00 0
8137 -3.20 0.70 -2.37 -248.00 -3.00 79.00 604.00 -56.00 -1264.00 0
8146 -3.41 -0.28 -2.23 -244.00 -1.00 75.00 604.00 -56.00 -1264.00 0
8156 -3.41 -1.60 -2.02 -231.00 1.00 72.00 604.00 -56.00 -1264.00 0
8165 -3.27 -2.78 -1.74 -231.00 1.00 68.00 604.00 -56.00 -1264.00 0
8174 -3.27 -3.48 -1.53 -233.00 -6.00 75.00 604.00 -56.00 -1264.00 0
8183 -3.27 -3.76 -1.53 -230.00 -8.00 67.00 604.00 -56.00 -1264.00 0
8193 -3.27 -4.24 -1.81 -228.00 -6.00 73.00 601.00 -55.00 -1110.00 0
8202 -2.78 -4.59 -1.74 -224.00 -6.00 70.00 601.00 -55.00 -1110.00 0
8211 -2.43 -4.80 -1.74 -220.00 -3.00 74.00 601.00 -55.00 -1110.00 0
8219 -2.37 -4.80 -1.74 -224.00 -9.00 75.00 601.00 -55.00 -1110.00 0
8228 -2.37 -4.52 -1.81 -231.00 -9.00 75.00 601.00 -55.00 -1110.00 0
8238 -2.43 -4.03 -1.88 -230.00 -7.00 74.00 601.00 -55.00 -1110.00 0
8247 -2.43 -3.69 -1.95 -235.00 -5.00 76.00 601.00 -55.00 -1110.00 0
8256 -2.64 -3.27 -1.88 -233.00 -4.00 74.00 601.00 -55.00 -1110.00 0
8265 -2.92 -3.06 -1.81 -228.00 -6.00 70.00 601.00 -55.00 -1110.00 0
8274 -3.20 -2.85 -1.74 -227.00 -6.00 72.00 601.00 -55.00 -1110.00 0
8284 -3.48 -2.50 -1.60 -230.00 -9.00 67.00 601.00 -55.00 -1110.00 0
8292 -3.69 -2.16 -1.46 -229.00 -5.00 69.00 601.00 -55.00 -1110.00 0
8301 -3.76 -1.88 -1.32 -230.00 -5.00 72.00 601.00 -55.00 -1110.00 0
8310 -3.83 -1.60 -0.97 -228.00 -4.00 68.00 601.00 -55.00 -1110.00 0
8320 -4.03 -1.04 -1.04 -229.00 -6.00 70.00 601.00 -55.00 -1110.00 0
8329 -4.17 -0.83 -1.18 -233.00 -5.00 71.00 601.00 -55.00 -1110.00 0
8338 -4.38 -0.63 -1.46 -232.00 -9.00 73.00 601.00 -55.00 -1110.00 0
8347 -4.52 -0.63 -1.88 -233.00 -7.00 71.00 601.00 -55.00 -1110.00 0
8356 -4.59 -0.63 -2.02 -230.00 -8.00 73.00 601.00 -55.00 -1110.00 0
8366 -4.66 -0.70 -2.02 -230.00 -5.00 70.00 601.00 -55.00 -1110.00 0
8374 -4.59 -1.11 -1.67 -229.00 -4.00 75.00 601.00 -55.00 -1110.00 0
8383 -4.52 -1.25 -1.46 -229.00 -5.00 71.00 601.00 -55.00 -1110.00 0
8392 -4.59 -1.39 -1.25 -228.00 -6.00 72.00 598.00 -53.00 -1186.00 0
8401 -4.59 -1.39 -1.25 -232.00 -10.00 79.00 598.00 -53.00 -1186.00 0
8411 -4.66 -1.25 -1.25 -238.00 -12.00 84.00 598.00 -53.00 -1186.00 0
8420 -4.66 -1.18 -1.25 -237.00 -10.00 76.00 598.00 -53.00 -1186.00 0
8429 -4.52 -1.39 -1.25 -231.00 -8.00 79.00 598.00 -53.00 -1186.00 0
8438 -4.10 -2.71 -1.25 -226.00 -7.00 80.00 598.00 -53.00 -1186.00 0
8448 -3.90 -3.41 -1.32 -232.00 -9.00 85.00 598.00 -53.00 -1186.00 0
8457 -3.69 -4.10 -1.46 -234.00 -11.00 86.00 598.00 -58.00 -1186.00 0
8465 -3.48 -4.87 -1.88 -227.00 -10.00 86.00 598.00 -58.00 -1186.00 0
8474 -3.27 -5.77 -2.30 -222.00 -15.00 82.00 598.00 -58.00 -1186.00 0
8483 -2.99 -6.47 -2.64 -231.00 -12.00 91.00 598.00 -58.00 -1186.00 0
8493 -2.23 -7.51 -2.92 -226.00 -15.00 89.00 598.00 -58.00 -1186.00 0
8502 -1.74 -8.49 -2.92 -227.00 -17.00 88.00 598.00 -58.00 -1186.00 0
8511 -1.18 -9.53 -2.71 -223.00 -10.00 89.00 598.00 -58.00 -1186.00 0
8520 -0.42 -10.71 -1.95 -227.00 -2.00 94.00 599.00 -57.00 -1154.00 0
8529 0.28 -12.24 -0.63 -231.00 1.00 107.00 599.00 -57.00 -1154.00 0
8539 0.56 -14.61 0.42 -215.00 -16.00 100.00 599.00 -57.00 -1154.00 0
8548 0.21 -18.57 1.88 -211.00 -13.00 112.00 599.00 -57.00 -1154.00 0
8557 0.21 -34.09 1.74 -199.00 -20.00 108.00 599.00 -57.00 -1154.00 0
8566 0.07 -47.86 1.32 -206.00 -15.00 108.00 599.00 -57.00 -1154.00 0
8576 0.56 -63.72 0.83 -194.00 -6.00 117.00 599.00 -57.00 -1154.00 0
8585 1.11 -81.88 -0.42 -191.00 -5.00 123.00 599.00 -57.00 -1154.00 0
8594 1.32 -100.45 -2.50 -192.00 -14.00 109.00 599.00 -57.00 -1154.00 0
8603 1.11 -137.46 -7.51 -204.00 -13.00 110.00 599.00 -57.00 -1154.00 0
8612 3.48 -156.94 -9.95 -226.00 -9.00 120.00 599.00 -57.00 -1154.00 0
8622 5.29 -172.17 -12.31 -242.00 -13.00 125.00 599.00 -57.00 -1154.00 0
8631 7.72 -181.15 -13.70 -230.00 18.00 119.00 599.00 -57.00 -1154.00 0
8640 10.71 -185.32 -13.84 -212.00 49.00 109.00 599.00 -57.00 -1154.00 0
8649 13.36 -183.58 -13.08 -212.00 41.00 107.00 599.00 -57.00 -1154.00 0
8659 10.50 -161.32 -11.69 -210.00 27.00 124.00 599.00 -57.00 -1154.00 0
8669 5.84 -146.02 -11.55 -203.00 6.00 130.00 599.00 -57.00 -1154.00 0
8678 0.97 -130.43 -11.41 -188.00 -11.00 121.00 599.00 -57.00 -1154.00 0
8687 -3.20 -114.85 -10.99 -167.00 -17.00 102.00 599.00 -57.00 -1154.00 0
8696 -5.63 -99.69 -10.23 -160.00 -13.00 110.00 599.00 -57.00 -1154.00 0
8706 -6.89 -83.90 -7.65 -156.00 -27.00 128.00 599.00 -57.00 -1154.00 0
8715 -7.86 -49.53 -6.19 -143.00 -44.00 119.00 599.00 -57.00 -1154.00 0
8724 -7.79 -33.95 -5.29 -116.00 -75.00 104.00 599.00 -57.00 -1154.00 0
8733 -7.17 -18.43 -4.87 -100.00 -93.00 91.00 599.00 -57.00 -1154.00 0
8742 -5.50 -1.88 -4.94 -83.00 -72.00 92.00 599.00 -57.00 -1154.00 0
8752 -1.67 14.12 -5.36 -77.00 -63.00 110.00 599.00 -57.00 -1154.00 1
8762 8.14 34.50 -9.60 -124.00 -70.00 108.00 599.00 -57.00 -1154.00 1
8773 11.69 37.01 -15.10 -210.00 -7.00 90.00 599.00 -57.00 -1154.00 1
8783 17.11 39.58 -19.69 -227.00 101.00 140.00 524.00 -50.00 -1459.00 1
8794 22.96 45.70 -25.88 -260.00 82.00 135.00 524.00 -50.00 -1459.00 1
8805 19.48 49.04 -26.71 -270.00 62.00 141.00 524.00 -50.00 -1459.00 1
8815 13.22 53.70 -26.99 -285.00 46.00 146.00 524.00 -50.00 -1459.00 1
8826 3.13 66.57 -19.34 -318.00 42.00 185.00 524.00 -50.00 -1459.00 1
8837 -0.07 72.35 -12.45 -348.00 15.00 238.00 524.00 -50.00 -1459.00 1
8848 -3.13 74.71 2.37 -329.00 -20.00 227.00 524.00 -48.00 -1241.00 1
8859 -8.14 66.85 8.21 -284.00 -31.00 181.00 549.00 -48.00 -1241.00 1
8869 -8.83 58.16 12.17 -253.00 -31.00 155.00 549.00 -48.00 -1241.00 1
8881 -10.50 36.17 14.05 -247.00 -36.00 140.00 549.00 -48.00 -1241.00 1
8891 -12.17 23.10 12.17 -225.00 -26.00 131.00 549.00 -48.00 -1241.00 1
8901 -13.57 9.74 9.81 -201.00 2.00 112.00 549.00 -48.00 -1241.00 1
8911 -15.93 -12.52 5.57 -182.00 23.00 88.00 549.00 -48.00 -1241.00 0
8921 -18.16 -20.31 4.38 -168.00 20.00 82.00 549.00 -48.00 -1241.00 0
8930 -21.22 -25.18 3.90 -173.00 1.00 91.00 549.00 -48.00 -1241.00 0
8939 -25.04 -27.83 3.06 -184.00 -15.00 90.00 549.00 -48.00 -1241.00 0
8948 -29.22 -28.87 1.60 -189.00 -14.00 104.00 549.00 -48.00 -1241.00 0
8957 -31.86 -28.38 0.00 -194.00 -27.00 102.00 549.00 -48.00 -1241.00 0
8968 -33.32 -25.74 -1.25 -191.00 -29.00 106.00 549.00 -48.00 -1241.00 0
8977 -31.65 -23.51 -0.90 -189.00 -24.00 108.00 549.00 -48.00 -1241.00 0
8986 -28.73 -20.80 0.28 -192.00 -18.00 112.00 549.00 -48.00 -1241.00 0
8995 -24.83 -18.02 2.23 -197.00 -24.00 114.00 549.00 -48.00 -1241.00 0
9005 -20.87 -15.10 4.59 -199.00 -31.00 121.00 549.00 -48.00 -1241.00 0
9014 -16.97 -12.03 6.75 -217.00 -22.00 129.00 549.00 -48.00 -1241.00 0
9023 -10.23 -5.91 9.18 -221.00 -28.00 136.00 549.00 -48.00 -1241.00 0
9032 -7.65 -3.41 9.32 -219.00 -22.00 131.00 549.00 -48.00 -1241.00 0
9041 -5.29 -1.25 8.90 -223.00 -7.00 118.00 549.00 -48.00 -1241.00 0
9051 -2.71 1.25 8.70 -227.00 -2.00 127.00 549.00 -48.00 -1241.00 0
9060 -0.42 5.01 8.97 -231.00 0.00 134.00 549.00 -48.00 -1241.00 0
9069 1.53 10.23 9.81 -228.00 -11.00 134.00 549.00 -48.00 -1241.00 0
9078 3.34 24.49 11.62 -232.00 -25.00 124.00 549.00 -48.00 -1241.00 0
9088 4.31 32.49 12.31 -224.00 -12.00 121.00 549.00 -48.00 -1241.00 0
9097 5.36 40.97 12.38 -219.00 -3.00 119.00 549.00 -48.00 -1241.00 0
9106 6.19 49.46 12.17 -212.00 8.00 108.00 549.00 -48.00 -1241.00 0
9115 6.68 58.16 11.76 -209.00 18.00 110.00 566.00 -61.00 -1291.00 0
9124 6.68 67.48 11.76 -205.00 25.00 111.00 566.00 -61.00 -1291.00 0
9134 3.90 85.57 11.83 -204.00 16.00 101.00 566.00 -61.00 -1291.00 0
9143 0.83 92.94 11.55 -197.00 0.00 113.00 566.00 -61.00 -1291.00 0
9152 -2.71 99.55 10.71 -207.00 -18.00 103.00 566.00 -61.00 -1291.00 0
9161 -5.91 105.04 9.60 -201.00 -21.00 110.00 566.00 -61.00 -1291.00 0
9170 -7.86 106.50 9.04 -198.00 -17.00 110.00 566.00 -61.00 -1291.00 0
9180 -8.63 105.88 8.49 -195.00 -12.00 101.00 594.00 -59.00 -1331.00 0
9189 -7.30 98.78 7.86 -181.00 -8.00 80.00 594.00 -59.00 -1331.00 0
9198 -3.27 95.93 8.21 -187.00 13.00 84.00 594.00 -59.00 -1331.00 0
9207 -1.39 95.44 10.09 -191.00 -15.00 88.00 594.00 -59.00 -1331.00 0
9217 0.63 96.77 11.34 -189.00 -14.00 88.00 594.00 -59.00 -1331.00 0
9226 2.64 97.18 11.06 -204.00 13.00 98.00 594.00 -59.00 -1331.00 0
9235 4.03 94.68 11.06 -203.00 -5.00 88.00 594.00 -59.00 -1331.00 0
9244 2.71 84.31 8.63 -208.00 -14.00 89.00 608.00 -69.00 -1344.00 0
9253 1.60 76.59 5.63 -170.00 -9.00 82.00 608.00 -69.00 -1344.00 0
9263 1.67 68.52 1.74 -203.00 8.00 95.00 608.00 -69.00 -1344.00 0
9272 1.04 59.97 0.42 -194.00 -58.00 76.00 608.00 -69.00 -1344.00 0
9281 -0.49 51.06 -0.90 -196.00 9.00 68.00 608.00 -69.00 -1344.00 0
9289 -0.07 42.23 -3.90 -202.00 0.00 71.00 608.00 -69.00 -1344.00 0
9298 -0.90 27.97 -5.63 -231.00 4.00 71.00 608.00 -69.00 -1344.00 0
9308 -1.18 23.37 -6.19 -251.00 9.00 74.00 612.00 -64.00 -1171.00 0
9317 -0.63 18.16 -5.91 -259.00 15.00 78.00 612.00 -64.00 -1171.00 0
9326 -0.42 12.52 -5.08 -268.00 6.00 71.00 612.00 -64.00 -1171.00 0
9335 -0.97 7.03 -4.45 -264.00 0.00 70.00 612.00 -64.00 -1171.00 0
9345 -1.95 1.81 -4.52 -260.00 -1.00 68.00 612.00 -64.00 -1171.00 0
9354 -3.06 -2.50 -5.01 -251.00 -6.00 70.00 612.00 -64.00 -1171.00 0
9363 -4.59 -7.79 -5.63 -247.00 -4.00 73.00 612.00 -64.00 -1171.00 0
9372 -5.08 -9.32 -5.77 -249.00 -1.00 72.00 612.00 -64.00 -1171.00 0
9380 -5.43 -10.30 -5.63 -246.00 -3.00 70.00 612.00 -64.00 -1171.00 0
9390 -5.63 -10.92 -5.22 -244.00 -4.00 73.00 612.00 -64.00 -1171.00 0
9399 -5.77 -11.13 -4.66 -243.00 -5.00 75.00 612.00 -64.00 -1171.00 0
9408 -5.70 -10.99 -4.03 -248.00 -7.00 76.00 612.00 -64.00 -1171.00 0
9417 -5.43 -10.71 -2.71 -249.00 -3.00 72.00 612.00 -64.00 -1171.00 0
9426 -5.22 -10.64 -2.16 -243.00 0.00 72.00 612.00 -64.00 -1171.00 0
9436 -5.01 -10.23 -1.81 -247.00 0.00 77.00 612.00 -64.00 -1171.00 0
9445 -4.94 -9.67 -1.46 -246.00 -1.00 72.00 612.00 -64.00 -1171.00 0
9454 -5.08 -9.18 -1.32 -242.00 -1.00 71.00 612.00 -64.00 -1171.00 0
9463 -5.36 -8.70 -1.39 -231.00 -5.00 74.00 612.00 -64.00 -1171.00 0
9473 -5.57 -8.21 -1.53 -229.00 -4.00 69.00 612.00 -64.00 -1171.00 0
9482 -5.84 -6.68 -1.81 -233.00 -6.00 71.00 612.00 -64.00 -1171.00 0
9490 -5.98 -5.91 -2.02 -233.00 -3.00 73.00 612.00 -64.00 -1171.00 0
9499 -5.98 -5.29 -2.16 -231.00 -1.00 71.00 612.00 -64.00 -1171.00 0
9508 -5.98 -4.80 -2.23 -231.00 -4.00 68.00 603.00 -62.00 -1100.00 0
9518 -5.98 -4.38 -2.37 -228.00 -5.00 70.00 603.00 -62.00 -1100.00 0
9527 -6.05 -3.97 -2.64 -235.00 -4.00 76.00 603.00 -62.00 -1100.00 0
9536 -6.19 -3.27 -3.34 -239.00 -7.00 74.00 603.00 -62.00 -1100.00 0
9545 -6.40 -3.48 -3.69 -235.00 -5.00 73.00 603.00 -62.00 -1100.00 0
9554 -6.40 -3.97 -4.03 -230.00 -2.00 74.00 603.00 -62.00 -1100.00 0
9564 -6.47 -4.31 -4.17 -228.00 -5.00 74.00 603.00 -62.00 -1100.00 0
9572 -6.61 -4.38 -4.31 -233.00 -8.00 77.00 603.00 -60.00 -1219.00 0
9581 -6.82 -4.31 -4.31 -234.00 -6.00 75.00 603.00 -60.00 -1219.00 0
9590 -6.89 -4.31 -4.17 -228.00 -5.00 79.00 603.00 -60.00 -1219.00 0
9600 -6.89 -4.52 -3.97 -228.00 -4.00 79.00 603.00 -60.00 -1219.00 0
9609 -6.89 -4.45 -3.83 -228.00 -3.00 79.00 603.00 -60.00 -1219.00 0
9618 -6.96 -4.31 -3.69 -230.00 -2.00 83.00 603.00 -60.00 -1219.00 0
9627 -7.10 -4.24 -3.62 -232.00 -5.00 83.00 603.00 -60.00 -1219.00 0
9636 -7.37 -4.31 -3.55 -231.00 -6.00 85.00 602.00 -56.00 -1132.00 0
9646 -7.44 -4.59 -3.41 -229.00 -4.00 89.00 602.00 -56.00 -1132.00 0
9654 -7.58 -4.94 -2.92 -231.00 -5.00 99.00 602.00 -56.00 -1132.00 0
9663 -7.93 -5.57 -2.64 -226.00 -3.00 89.00 602.00 -56.00 -1132.00 0
9672 -7.93 -6.12 -2.50 -230.00 0.00 89.00 602.00 -56.00 -1132.00 0
9681 -7.72 -6.54 -2.43 -237.00 2.00 95.00 602.00 -56.00 -1132.00 0
9691 -7.65 -6.82 -2.30 -239.00 1.00 91.00 602.00 -56.00 -1132.00 0
9700 -7.65 -7.17 -2.43 -238.00 0.00 89.00 602.00 -56.00 -1132.00 0
9709 -7.72 -7.65 -2.43 -234.00 1.00 89.00 602.00 -56.00 -1132.00 0
9718 -8.42 -8.35 -1.53 -237.00 -2.00 90.00 602.00 -56.00 -1132.00 0
9726 -9.18 -8.77 -0.56 -238.00 -5.00 89.00 602.00 -56.00 -1132.00 0
9736 -10.02 -9.39 0.77 -225.00 -19.00 80.00 602.00 -56.00 -1132.00 0
9745 -10.78 -9.95 2.57 -199.00 -25.00 68.00 602.00 -56.00 -1132.00 0
9754 -11.20 -10.16 4.87 -189.00 -30.00 66.00 602.00 -56.00 -1132.00 0
9763 -11.34 -9.60 7.65 -180.00 -36.00 66.00 602.00 -56.00 -1132.00 0
9773 -11.20 -7.79 13.43 -179.00 -37.00 70.00 602.00 -56.00 -1132.00 0
9782 -9.81 -2.02 16.42 -183.00 -39.00 71.00 602.00 -56.00 -1132.00 0
9791 -8.63 1.04 19.27 -188.00 -29.00 69.00 602.00 -56.00 -1132.00 0
9800 -6.96 2.92 21.84 -201.00 -15.00 54.00 602.00 -56.00 -1132.00 0
9809 -5.57 3.83 23.51 -200.00 -17.00 57.00 602.00 -56.00 -1132.00 0
9819 -4.45 4.24 24.70 -205.00 -16.00 44.00 602.00 -56.00 -1132.00 0
9828 -3.76 5.08 25.60 -206.00 -3.00 53.00 602.00 -56.00 -1132.00 0
9837 -0.42 4.80 26.85 -199.00 2.00 45.00 602.00 -56.00 -1132.00 0
9846 0.97 3.76 26.30 -181.00 14.00 60.00 602.00 -56.00 -1132.00 0
9856 1.95 2.57 24.97 -196.00 7.00 51.00 602.00 -56.00 -1132.00 0
9865 2.43 1.32 23.30 -188.00 18.00 54.00 602.00 -56.00 -1132.00 0
9874 3.34 0.28 21.63 -171.00 22.00 52.00 602.00 -56.00 -1132.00 0
9883 3.90 -1.88 18.64 -145.00 12.00 60.00 602.00 -56.00 -1132.00 0
9892 3.06 -10.71 8.70 -83.00 -34.00 128.00 602.00 -56.00 -1132.00 0
9902 3.97 -11.69 -1.46 -293.00 167.00 116.00 614.00 -80.00 -1367.00 0
9911 9.04 -5.98 -17.95 -508.00 170.00 98.00 614.00 -80.00 -1367.00 0
9920 11.90 -10.23 -21.36 -504.00 -28.00 70.00 614.00 -80.00 -1367.00 0
9929 6.26 -22.61 -18.85 -426.00 -42.00 35.00 614.00 -80.00 -1367.00 0
9938 0.83 -33.46 -17.04 -349.00 -20.00 52.00 614.00 -80.00 -1367.00 0
9948 0.70 -35.13 -11.83 -262.00 1.00 47.00 614.00 -80.00 -1367.00 0
9957 2.09 -31.23 -7.30 -169.00 -10.00 32.00 614.00 -80.00 -1367.00 0
9966 2.43 -25.18 -2.85 -132.00 -11.00 47.00 604.00 -76.00 -1261.00 0
9975 2.43 -16.42 0.28 -127.00 -19.00 59.00 604.00 -76.00 -1261.00 0
9985 2.09 -6.68 0.90 -139.00 -17.00 64.00 604.00 -76.00 -1261.00 0
9993 1.95 1.53 -0.42 -171.00 -17.00 63.00 604.00 -76.00 -1261.00 0
10002 1.67 10.37 -4.59 -197.00 -13.00 63.00 604.00 -76.00 -1261.00 0
10011 2.30 12.52 -6.26 -227.00 -9.00 68.00 604.00 -76.00 -1261.00 0
10020 3.13 13.98 -7.30 -245.00 0.00 73.00 604.00 -76.00 -1261.00 0
10030 4.03 15.03 -7.86 -250.00 -7.00 73.00 609.00 -76.00 -1221.00 0
10039 4.80 15.44 -8.07 -249.00 -6.00 74.00 609.00 -76.00 -1221.00 0
10048 5.43 15.44 -7.93 -241.00 -7.00 71.00 609.00 -76.00 -1221.00 0
10057 6.12 14.89 -6.96 -240.00 -16.00 77.00 609.00 -76.00 -1221.00 0
10066 8.21 11.97 -6.68 -242.00 -5.00 89.00 609.00 -76.00 -1221.00 0
10076 9.46 10.02 -6.89 -236.00 -5.00 79.00 609.00 -76.00 -1221.00 0
10085 10.50 7.72 -7.44 -219.00 -7.00 74.00 609.00 -76.00 -1221.00 0
10094 11.27 5.77 -8.00 -211.00 1.00 77.00 609.00 -76.00 -1221.00 0
10103 12.59 4.03 -8.21 -211.00 7.00 87.00 609.00 -76.00 -1221.00 0
10113 13.77 2.37 -8.70 -212.00 7.00 84.00 609.00 -76.00 -1221.00 0
10122 15.37 -0.28 -10.02 -224.00 3.00 100.00 609.00 -76.00 -1221.00 0
10131 15.79 -1.46 -10.57 -236.00 20.00 102.00 609.00 -76.00 -1221.00 0
10140 16.63 -3.20 -10.37 -245.00 29.00 95.00 609.00 -76.00 -1221.00 0
10149 16.83 -5.70 -10.02 -243.00 40.00 97.00 609.00 -76.00 -1221.00 0
10159 16.56 -8.97 -9.32 -231.00 37.00 102.00 609.00 -76.00 -1221.00 0
10168 15.37 -11.69 -6.82 -234.00 40.00 103.00 609.00 -76.00 -1221.00 0
10177 10.64 -13.98 -5.91 -253.00 27.00 109.00 609.00 -76.00 -1221.00 0
10187 7.79 -14.89 -4.31 -253.00 32.00 105.00 609.00 -76.00 -1221.00 0
10196 5.36 -16.90 -3.34 -228.00 39.00 103.00 609.00 -76.00 -1221.00 0
10206 2.50 -19.76 -2.92 -238.00 56.00 70.00 609.00 -76.00 -1221.00 0
10215 0.28 -22.33 -0.63 -232.00 30.00 73.00 609.00 -76.00 -1221.00 0
10224 -4.66 -27.34 6.40 -225.00 25.00 88.00 609.00 -76.00 -1221.00 0
10233 -6.75 -31.86 8.28 -205.00 27.00 86.00 599.00 -82.00 -1238.00 0
10243 -9.25 -34.78 8.14 -209.00 9.00 69.00 599.00 -82.00 -1238.00 0
10252 -11.97 -34.37 8.77 -210.00 -8.00 64.00 599.00 -82.00 -1238.00 0
10261 -14.19 -32.35 9.67 -208.00 -17.00 62.00 599.00 -82.00 -1238.00 0
10270 -15.58 -29.15 10.64 -205.00 -12.00 71.00 599.00 -82.00 -1238.00 0
10279 -15.23 -23.58 12.31 -217.00 -1.00 78.00 599.00 -82.00 -1238.00 0
10289 -14.54 -20.73 12.38 -234.00 3.00 95.00 599.00 -82.00 -1238.00 0
10298 -14.26 -18.64 11.69 -251.00 -4.00 103.00 599.00 -82.00 -1238.00 0
10307 -14.40 -17.74 10.85 -254.00 -6.00 102.00 599.00 -82.00 -1238.00 0
10316 -14.26 -18.23 10.43 -248.00 1.00 100.00 599.00 -82.00 -1238.00 0
10326 -13.57 -20.31 10.71 -233.00 5.00 98.00 599.00 -82.00 -1238.00 0
10335 -12.03 -25.46 11.90 -226.00 13.00 97.00 599.00 -82.00 -1238.00 0
10344 -11.90 -26.99 11.90 -218.00 13.00 93.00 599.00 -82.00 -1238.00 0
10354 -12.59 -27.62 10.92 -209.00 9.00 93.00 599.00 -82.00 -1238.00 0
10363 -13.77 -27.13 9.39 -209.00 10.00 91.00 599.00 -82.00 -1238.00 0
10373 -14.82 -25.39 8.00 -209.00 6.00 96.00 599.00 -82.00 -1238.00 0
10382 -15.37 -23.17 7.10 -216.00 4.00 100.00 599.00 -82.00 -1238.00 0
10391 -15.17 -18.92 6.61 -221.00 8.00 106.00 599.00 -82.00 -1238.00 0
10400 -14.68 -17.46 6.68 -222.00 2.00 108.00 599.00 -82.00 -1238.00 0
10409 -14.12 -16.70 6.68 -223.00 1.00 107.00 599.00 -82.00 -1238.00 0
10419 -13.50 -16.56 6.47 -235.00 3.00 109.00 599.00 -82.00 -1238.00 0
10428 -12.59 -17.46 6.26 -236.00 0.00 112.00 599.00 -82.00 -1238.00 0
10437 -11.55 -22.12 6.26 -232.00 -3.00 110.00 599.00 -82.00 -1238.00 0
10446 -9.60 -24.83 5.98 -228.00 -2.00 109.00 599.00 -82.00 -1238.00 0
10456 -8.56 -27.20 5.70 -223.00 0.00 107.00 599.00 -82.00 -1238.00 0
10465 -7.58 -28.80 5.36 -210.00 -5.00 104.00 599.00 -82.00 -1238.00 0
10474 -6.75 -29.57 4.87 -200.00 -1.00 93.00 599.00 -82.00 -1238.00 0
10483 -5.98 -29.36 4.31 -199.00 -1.00 96.00 599.00 -82.00 -1238.00 0
10492 -3.90 -26.43 2.99 -202.00 0.00 106.00 586.00 -90.00 -1346.00 0
10502 -2.50 -24.14 2.37 -206.00 11.00 106.00 586.00 -90.00 -1346.00 0
10511 -1.25 -22.05 1.67 -203.00 18.00 109.00 586.00 -90.00 -1346.00 0
10520 -0.07 -19.97 1.39 -197.00 24.00 110.00 586.00 -90.00 -1346.00 0
10529 0.56 -17.81 1.32 -203.00 25.00 106.00 586.00 -90.00 -1346.00 0
10539 0.70 -15.30 1.53 -207.00 22.00 116.00 586.00 -90.00 -1346.00 0
10548 -0.35 -10.64 1.81 -210.00 20.00 120.00 586.00 -90.00 -1346.00 0
10558 -0.97 -9.11 1.88 -214.00 18.00 113.00 582.00 -94.00 -1180.00 0
10567 -1.60 -8.21 1.95 -206.00 15.00 118.00 582.00 -94.00 -1180.00 0
10576 -2.23 -7.72 2.09 -212.00 16.00 120.00 582.00 -94.00 -1180.00 0
10586 -2.78 -7.65 2.09 -220.00 13.00 123.00 582.00 -94.00 -1180.00 0
10595 -3.27 -8.28 1.95 -224.00 14.00 117.00 582.00 -94.00 -1180.00 0
10604 -3.90 -10.64 0.97 -219.00 18.00 121.00 582.00 -94.00 -1180.00 0
10613 -4.24 -12.03 0.56 -212.00 19.00 120.00 582.00 -94.00 -1180.00 0
10622 -4.66 -13.43 0.49 -204.00 22.00 112.00 580.00 -95.00 -1165.00 0
10632 -5.08 -14.54 1.04 -198.00 15.00 107.00 580.00 -95.00 -1165.00 0
10641 -5.84 -15.10 1.74 -192.00 12.00 112.00 580.00 -95.00 -1165.00 0
10650 -6.61 -15.23 2.30 -195.00 12.00 119.00 580.00 -95.00 -1165.00 0
10659 -7.86 -15.23 2.78 -192.00 5.00 112.00 580.00 -95.00 -1165.00 0
10669 -8.00 -15.03 2.92 -194.00 6.00 114.00 580.00 -95.00 -1165.00 0
10678 -7.93 -14.54 3.06 -207.00 6.00 122.00 580.00 -95.00 -1165.00 0
10687 -7.51 -13.84 3.41 -208.00 7.00 126.00 575.00 -96.00 -1328.00 0
10696 -6.96 -13.43 3.41 -209.00 15.00 128.00 575.00 -96.00 -1328.00 0
10705 -6.47 -13.43 3.13 -219.00 19.00 131.00 575.00 -96.00 -1328.00 0
10715 -5.70 -14.75 2.92 -223.00 21.00 130.00 575.00 -96.00 -1328.00 0
10724 -5.77 -16.63 2.78 -217.00 19.00 127.00 575.00 -96.00 -1328.00 0
10733 -6.05 -18.57 2.64 -211.00 12.00 126.00 575.00 -96.00 -1328.00 0
10742 -6.40 -20.31 2.71 -210.00 7.00 129.00 575.00 -96.00 -1328.00 0
10752 -6.68 -21.43 3.06 -205.00 15.00 131.00 567.00 -97.00 -1099.00 0
10762 -6.68 -23.23 2.92 -200.00 11.00 126.00 567.00 -97.00 -1099.00 0
10771 -7.03 -24.07 2.37 -197.00 12.00 127.00 567.00 -97.00 -1099.00 0
10780 -6.47 -24.83 2.78 -205.00 17.00 130.00 567.00 -97.00 -1099.00 0
10789 -5.84 -25.32 3.48 -206.00 28.00 128.00 567.00 -97.00 -1099.00 0
10799 -5.70 -25.95 3.76 -207.00 21.00 135.00 567.00 -97.00 -1099.00 0
10808 -6.26 -26.02 3.48 -221.00 14.00 140.00 567.00 -97.00 -1099.00 0
10817 -8.21 -26.57 2.43 -230.00 17.00 153.00 567.00 -97.00 -1420.00 0
10826 -9.11 -28.59 1.67 -233.00 18.00 153.00 558.00 -97.00 -1420.00 0
10835 -9.95 -32.42 0.97 -223.00 11.00 142.00 558.00 -97.00 -1420.00 0
10845 -10.57 -37.36 0.83 -201.00 8.00 138.00 558.00 -97.00 -1420.00 0
10854 -10.71 -42.16 1.18 -182.00 10.00 132.00 558.00 -97.00 -1420.00 0
10863 -10.30 -45.84 1.67 -162.00 13.00 124.00 558.00 -97.00 -1420.00 0
10872 -9.67 -48.07 2.23 -164.00 9.00 128.00 558.00 -97.00 -1420.00 0
10882 -9.11 -46.12 2.92 -160.00 3.00 123.00 558.00 -97.00 -1420.00 0
10891 -8.90 -42.71 3.20 -173.00 1.00 132.00 558.00 -97.00 -1420.00 0
10900 -8.35 -38.47 3.20 -175.00 8.00 135.00 558.00 -97.00 -1420.00 0
10909 -7.93 -34.23 2.78 -174.00 6.00 135.00 558.00 -97.00 -1420.00 0
10918 -7.65 -30.05 2.16 -174.00 11.00 136.00 558.00 -97.00 -1420.00 0
10928 -6.61 -21.43 0.90 -175.00 15.00 138.00 558.00 -97.00 -1420.00 0
10938 -6.05 -17.60 0.21 -181.00 17.00 137.00 558.00 -97.00 -1420.00 0
10947 -5.77 -14.05 -0.56 -190.00 14.00 147.00 558.00 -97.00 -1420.00 0
10956 -5.43 -10.92 -0.83 -196.00 22.00 146.00 558.00 -97.00 -1420.00 0
10966 -4.73 -8.49 -0.56 -201.00 23.00 141.00 558.00 -97.00 -1420.00 0
10975 -4.24 -6.33 0.21 -194.00 29.00 147.00 558.00 -97.00 -1420.00 0
10984 -4.24 -5.22 -0.07 -192.00 23.00 149.00 558.00 -97.00 -1420.00 0
10993 -4.59 -4.73 -0.14 -196.00 14.00 147.00 558.00 -97.00 -1420.00 0
11002 -5.15 -3.41 -0.35 -198.00 15.00 143.00 558.00 -97.00 -1420.00 0
11012 -5.43 -2.50 -0.77 -186.00 12.00 147.00 558.00 -97.00 -1420.00 0
11021 -5.77 -2.64 -1.46 -199.00 2.00 124.00 535.00 -94.00 -1219.00 0
11030 -5.77 -1.67 -1.39 -197.00 -8.00 131.00 535.00 -94.00 -1219.00 0
11039 -4.80 -1.53 -0.97 -180.00 23.00 153.00 535.00 -94.00 -1219.00 0
11048 -3.34 -2.78 0.21 -174.00 11.00 143.00 535.00 -94.00 -1219.00 0
11058 -4.03 0.00 -0.49 -176.00 20.00 147.00 535.00 -94.00 -1219.00 0
11067 -5.08 2.43 -1.04 -200.00 8.00 127.00 535.00 -94.00 -1219.00 0
11076 -5.70 5.70 -0.35 -150.00 5.00 167.00 535.00 -94.00 -1219.00 0
11085 -4.24 6.47 0.00 -176.00 19.00 154.00 535.00 -94.00 -1219.00 0