264.00 -1202.00 0
474 -7.37 111.65 13.08 -282.00 25.00 8.00 691.00 -264.00 -1202.00 0
483 -5.70 101.70 13.08 -288.00 4.00 25.00 691.00 -264.00 -1202.00 0
492 -3.20 90.99 13.43 -258.00 26.00 52.00 691.00 -264.00 -1202.00 0
501 0.63 79.30 15.23 -201.00 38.00 30.00 691.00 -264.00 -1202.00 0
510 5.08 66.30 18.16 -170.00 50.00 2.00 691.00 -264.00 -1202.00 0
520 8.70 53.01 19.27 -194.00 86.00 3.00 691.00 -264.00 -1202.00 0
529 14.54 30.05 17.32 -214.00 128.00 2.00 691.00 -264.00 -1202.00 0
538 15.93 16.56 14.96 -252.00 158.00 5.00 691.00 -264.00 -1202.00 0
548 15.37 2.57 10.99 -274.00 143.00 0.00 691.00 -264.00 -1202.00 0
558 12.17 -11.90 5.08 -276.00 135.00 -20.00 691.00 -264.00 -1202.00 0
567 9.46 -25.53 -1.04 -259.00 135.00 -33.00 691.00 -264.00 -1202.00 0
576 6.05 -36.94 -7.72 -284.00 90.00 -22.00 691.00 -264.00 -1202.00 0
585 -2.78 -49.74 -17.53 -282.00 61.00 -4.00 691.00 -264.00 -1202.00 0
594 -6.05 -57.32 -21.36 -279.00 46.00 -15.00 691.00 -264.00 -1202.00 0
604 -8.28 -63.30 -24.00 -257.00 40.00 0.00 691.00 -264.00 -1202.00 0
613 -8.90 -67.69 -24.21 -239.00 18.00 1.00 691.00 -264.00 -1202.00 0
622 -8.49 -70.47 -22.26 -231.00 6.00 7.00 691.00 -264.00 -1202.00 0
631 -6.82 -71.30 -18.43 -228.00 20.00 13.00 691.00 -264.00 -1202.00 0
641 -1.53 -71.65 -10.23 -231.00 47.00 26.00 691.00 -264.00 -1202.00 0
650 2.02 -73.04 -6.26 -222.00 56.00 39.00 691.00 -264.00 -1202.00 0
659 5.84 -76.52 -2.23 -209.00 92.00 41.00 691.00 -264.00 -1202.00 0
668 10.23 -82.50 1.74 -201.00 89.00 52.00 691.00 -264.00 -1202.00 0
677 14.05 -91.27 4.45 -207.00 111.00 47.00 691.00 -264.00 -1202.00 0
687 17.39 -100.59 4.52 -205.00 118.00 47.00 691.00 -264.00 -1202.00 0
696 18.64 -116.52 0.83 -198.00 104.00 62.00 691.00 -264.00 -1202.00 0
705 17.04 -121.32 -2.50 -195.00 82.00 68.00 691.00 -264.00 -1202.00 0
714 16.14 -126.40 -5.70 -185.00 116.00 70.00 691.00 -264.00 -1202.00 0
723 16.28 -135.17 -8.56 -190.00 134.00 78.00 691.00 -264.00 -1202.00 0
733 16.00 -145.95 -11.34 -199.00 120.00 79.00 691.00 -264.00 -1202.00 0
742 13.77 -156.03 -19.27 -219.00 69.00 90.00 691.00 -264.00 -1202.00 0
752 4.52 -166.47 -22.96 -230.00 58.00 99.00 691.00 -264.00 -1202.00 0
761 -0.35 -167.72 -26.09 -246.00 57.00 111.00 691.00 -264.00 -1202.00 0
771 -3.97 -166.05 -27.13 -235.00 95.00 107.00 691.00 -264.00 -1202.00 0
780 -4.80 -163.27 -25.53 -230.00 73.00 103.00 691.00 -264.00 -1202.00 0
789 -5.36 -159.79 -22.61 -209.00 81.00 107.00 691.00 -264.00 -1202.00 0
798 -3.97 -150.75 -16.42 -219.00 69.00 114.00 691.00 -264.00 -1202.00 0
807 -4.10 -145.18 -13.84 -208.00 61.00 122.00 691.00 -264.00 -1202.00 0
817 -5.01 -138.09 -11.97 -198.00 61.00 123.00 691.00 -264.00 -1202.00 0
827 -5.08 -129.46 -10.16 -181.00 89.00 123.00 691.00 -264.00 -1202.00 0
836 -4.10 -119.72 -7.86 -166.00 96.00 125.00 691.00 -264.00 -1202.00 0
845 -2.71 -99.62 -4.10 -159.00 83.00 119.00 691.00 -264.00 -1202.00 0
855 -7.17 -90.16 -3.55 -162.00 74.00 106.00 691.00 -264.00 -1202.00 0
864 -10.43 -79.44 -3.27 -167.00 68.00 115.00 691.00 -264.00 -1202.00 0
873 -12.94 -68.73 -3.34 -173.00 68.00 120.00 691.00 -264.00 -1202.00 0
882 -14.96 -58.30 -3.41 -190.00 58.00 137.00 691.00 -264.00 -1202.00 0
891 -16.70 -48.28 -3.48 -202.00 58.00 144.00 558.00 -243.00 -1294.00 0
901 -18.99 -32.00 -3.27 -216.00 61.00 152.00 558.00 -243.00 -1294.00 0
910 -19.48 -26.23 -2.92 -213.00 55.00 149.00 558.00 -243.00 -1294.00 0
919 -19.69 -21.36 -2.50 -208.00 53.00 154.00 558.00 -243.00 -1294.00 0
928 -19.34 -16.07 -2.02 -204.00 55.00 165.00 558.00 -243.00 -1294.00 0
939 -18.43 -9.11 -1.11 -190.00 51.00 154.00 558.00 -243.00 -1294.00 0
948 -17.88 0.28 -0.21 -188.00 33.00 142.00 558.00 -243.00 -1294.00 0
957 -16.97 20.66 1.39 -176.00 51.00 135.00 569.00 -238.00 -1246.00 0
966 -14.54 28.59 1.67 -177.00 63.00 116.00 569.00 -238.00 -1246.00 0
975 -12.38 34.99 1.04 -162.00 62.00 101.00 569.00 -238.00 -1246.00 0
985 -10.71 39.72 0.00 -172.00 63.00 105.00 569.00 -238.00 -1246.00 0
994 -8.35 42.99 -0.83 -191.00 72.00 112.00 569.00 -238.00 -1246.00 0
1003 -5.29 45.01 -1.81 -211.00 91.00 124.00 569.00 -238.00 -1246.00 0
1012 0.83 40.83 -3.41 -199.00 56.00 108.00 569.00 -238.00 -1246.00 0
1021 1.11 33.60 -4.38 -219.00 80.00 102.00 590.00 -242.00 -1090.00 0
1031 2.16 26.23 -6.19 -223.00 104.00 110.00 590.00 -242.00 -1090.00 0
1040 3.27 18.85 -7.58 -213.00 108.00 120.00 590.00 -242.00 -1090.00 0
1049 3.76 12.73 -8.42 -211.00 108.00 123.00 590.00 -242.00 -1090.00 0
1058 2.16 6.12 -8.83 -188.00 90.00 125.00 590.00 -242.00 -1090.00 0
1069 0.28 4.03 -9.18 -178.00 60.00 120.00 590.00 -242.00 -1090.00 0
1078 -2.30 1.46 -9.81 -171.00 63.00 109.00 590.00 -242.00 -1090.00 0
1087 -3.55 -1.53 -10.37 -217.00 106.00 111.00 584.00 -234.00 -1165.00 0
1096 -3.62 -4.59 -10.99 -175.00 98.00 102.00 584.00 -234.00 -1165.00 0
1105 -3.76 -6.54 -10.99 -174.00 100.00 111.00 584.00 -234.00 -1165.00 0
1115 -7.72 -3.13 -12.73 -187.00 57.00 114.00 584.00 -234.00 -1165.00 0
1124 -12.24 2.37 -14.19 -191.00 36.00 121.00 584.00 -234.00 -1165.00 0
1133 -16.90 7.17 -14.82 -189.00 44.00 138.00 584.00 -234.00 -1165.00 0
1142 -19.20 12.24 -13.70 -194.00 67.00 143.00 584.00 -234.00 -1165.00 0
1152 -19.97 16.21 -12.45 -187.00 10.00 124.00 588.00 -221.00 -1117.00 0
1162 -20.52 13.98 -11.13 -179.00 46.00 127.00 588.00 -221.00 -1117.00 0
1171 -18.37 10.23 -13.70 -228.00 55.00 106.00 588.00 -221.00 -1117.00 0
1180 -18.57 7.51 -18.02 -187.00 -47.00 87.00 588.00 -221.00 -1117.00 0
1189 -19.90 6.12 -24.35 -206.00 -12.00 76.00 588.00 -221.00 -1117.00 0
1199 -19.13 8.14 -34.99 -204.00 -56.00 64.00 588.00 -221.00 -1117.00 0
1208 -15.93 13.57 -46.19 -194.00 5.00 89.00 588.00 -221.00 -1117.00 0
1217 0.49 36.80 -63.23 -229.00 62.00 81.00 607.00 -189.00 -1084.00 0
1226 9.32 53.50 -67.97 -231.00 70.00 127.00 607.00 -189.00 -1084.00 0
1235 18.78 68.66 -67.55 -232.00 94.00 158.00 607.00 -189.00 -1084.00 0
1246 27.41 78.26 -61.29 -261.00 99.00 155.00 607.00 -189.00 -1084.00 0
1255 34.78 80.28 -48.90 -222.00 135.00 183.00 607.00 -189.00 -1084.00 0
1264 32.07 64.21 -19.41 -247.00 67.00 133.00 607.00 -189.00 -1084.00 0
1273 25.04 50.78 -6.68 -232.00 72.00 120.00 607.00 -189.00 -1084.00 0
1283 19.06 38.05 2.37 -206.00 71.00 126.00 615.00 -196.00 -1225.00 0
1292 14.47 26.37 9.39 -196.00 73.00 111.00 615.00 -196.00 -1225.00 0
1302 10.64 15.72 15.17 -188.00 67.00 92.00 615.00 -196.00 -1225.00 0
1311 6.96 7.03 18.57 -179.00 61.00 90.00 615.00 -196.00 -1225.00 0
1320 -0.07 -6.82 17.18 -184.00 64.00 91.00 615.00 -196.00 -1225.00 0
1330 -2.99 -11.41 14.26 -201.00 64.00 96.00 615.00 -196.00 -1225.00 0
1339 -6.12 -14.68 10.50 -209.00 64.00 98.00 615.00 -196.00 -1225.00 0
1348 -8.77 -17.39 6.40 -198.00 76.00 94.00 607.00 -197.00 -1053.00 0
1357 -9.81 -20.80 2.85 -209.00 87.00 81.00 607.00 -197.00 -1053.00 0
1367 -10.23 -24.35 -2.02 -187.00 79.00 80.00 607.00 -197.00 -1053.00 0
1376 -14.26 -28.73 -2.30 -198.00 76.00 88.00 607.00 -197.00 -1053.00 0
1385 -16.90 -27.48 -1.95 -218.00 70.00 99.00 607.00 -197.00 -1053.00 0
1394 -19.06 -26.71 -1.25 -242.00 55.00 121.00 607.00 -197.00 -1053.00 0
1403 -21.15 -26.64 -0.28 -263.00 38.00 127.00 607.00 -197.00 -1053.00 0
1413 -23.17 -26.85 0.83 -256.00 32.00 115.00 596.00 -196.00 -1361.00 0
1423 -24.63 -30.33 1.81 -239.00 27.00 116.00 596.00 -196.00 -1361.00 0
1432 -24.14 -31.23 1.74 -227.00 20.00 110.00 596.00 -196.00 -1361.00 0
1441 -23.44 -30.89 1.32 -222.00 10.00 111.00 596.00 -196.00 -1361.00 0
1451 -21.70 -29.43 1.11 -221.00 2.00 122.00 596.00 -196.00 -1361.00 0
1460 -19.69 -26.50 0.42 -199.00 23.00 124.00 596.00 -196.00 -1361.00 0
1469 -16.56 -23.10 0.83 -163.00 31.00 104.00 596.00 -196.00 -1361.00 0
1478 -8.28 -17.25 2.78 -150.00 37.00 117.00 586.00 -197.00 -1246.00 0
1487 -4.31 -13.50 5.63 -158.00 33.00 95.00 586.00 -197.00 -1246.00 0
1497 -0.70 -10.78 9.11 -163.00 49.00 104.00 586.00 -197.00 -1246.00 0
1506 2.71 -8.90 12.52 -174.00 59.00 104.00 586.00 -197.00 -1246.00 0
1516 5.57 -6.54 15.37 -197.00 61.00 116.00 586.00 -197.00 -1246.00 0
1525 7.93 -2.43 19.27 -211.00 64.00 135.00 586.00 -197.00 -1246.00 0
1534 8.21 -1.11 20.24 -215.00 53.00 142.00 586.00 -197.00 -1246.00 0
1544 7.72 -1.18 20.45 -202.00 39.00 131.00 586.00 -216.00 -1219.00 0
1553 7.51 -2.71 20.73 -200.00 28.00 121.00 583.00 -216.00 -1219.00 0
1562 7.86 -4.94 20.73 -215.00 55.00 132.00 583.00 -216.00 -1219.00 0
1571 9.32 -7.23 19.76 -215.00 73.00 138.00 583.00 -216.00 -1219.00 0
1581 13.63 -13.08 19.20 -189.00 72.00 113.00 583.00 -216.00 -1219.00 0
1590 14.05 -16.14 18.64 -173.00 81.00 108.00 583.00 -216.00 -1219.00 0
1599 13.98 -17.95 17.88 -179.00 82.00 109.00 583.00 -216.00 -1219.00 0
1609 13.01 -18.16 17.04 -172.00 80.00 105.00 583.00 -216.00 -1219.00 0
1618 10.92 -17.53 16.35 -163.00 74.00 101.00 583.00 -216.00 -1219.00 0
1628 3.76 -14.89 12.45 -164.00 63.00 98.00 583.00 -216.00 -1219.00 0
1637 0.97 -12.94 10.78 -184.00 65.00 104.00 583.00 -216.00 -1219.00 0
1646 -1.11 -10.43 9.74 -186.00 63.00 121.00 583.00 -216.00 -1219.00 0
1655 -1.95 -8.00 9.88 -191.00 50.00 100.00 583.00 -216.00 -1219.00 0
1665 -2.50 -5.70 9.53 -174.00 38.00 91.00 583.00 -216.00 -1219.00 0
1674 -2.92 -3.83 8.90 -186.00 60.00 119.00 583.00 -216.00 -1219.00 0
1683 -1.60 -0.07 7.93 -204.00 73.00 116.00 583.00 -216.00 -1219.00 0
1692 -0.90 2.57 7.30 -188.00 58.00 118.00 583.00 -216.00 -1219.00 0
1701 -1.18 4.45 6.33 -195.00 79.00 114.00 583.00 -216.00 -1219.00 0
1711 -1.53 8.00 5.50 -187.00 81.00 129.00 583.00 -216.00 -1219.00 0
1720 -1.74 11.34 5.50 -193.00 67.00 84.00 583.00 -216.00 -1219.00 0
1729 -1.25 15.10 6.47 -186.00 62.00 105.00 583.00 -216.00 -1219.00 0
1738 -2.78 21.08 7.72 -206.00 69.00 129.00 583.00 -216.00 -1219.00 0
1747 -2.09 23.93 9.18 -237.00 77.00 134.00 583.00 -216.00 -1219.00 0
1758 -1.32 24.97 10.43 -215.00 66.00 121.00 583.00 -216.00 -1219.00 0
1767 -1.88 24.07 10.64 -207.00 80.00 130.00 583.00 -216.00 -1219.00 0
1776 -1.11 22.54 10.92 -195.00 66.00 91.00 583.00 -216.00 -1219.00 0
1785 0.00 20.59 11.27 -192.00 76.00 102.00 583.00 -216.00 -1219.00 0
1795 0.63 16.28 10.99 -193.00 97.00 119.00 583.00 -216.00 -1219.00 0
1804 1.46 15.37 10.64 -177.00 70.00 86.00 583.00 -216.00 -1219.00 0
1813 0.42 14.54 10.30 -178.00 98.00 98.00 598.00 -251.00 -745.00 0
1822 -0.28 15.03 10.09 -215.00 105.00 104.00 598.00 -251.00 -745.00 0
1831 -0.77 16.70 10.02 -196.00 75.00 124.00 598.00 -251.00 -745.00 0
1841 -5.15 18.85 8.28 -215.00 101.00 136.00 598.00 -251.00 -745.00 0
1850 -6.19 19.27 7.44 -221.00 94.00 142.00 598.00 -251.00 -745.00 0
1859 -8.70 18.99 5.91 -214.00 59.00 133.00 598.00 -251.00 -745.00 0
1868 -11.97 17.39 3.97 -211.00 40.00 121.00 598.00 -251.00 -745.00 0
1879 -14.82 14.68 1.81 -204.00 34.00 112.00 598.00 -251.00 -745.00 0
1888 -15.93 11.62 -0.21 -206.00 48.00 110.00 598.00 -251.00 -745.00 0
1897 -11.97 5.57 -1.25 -203.00 58.00 106.00 598.00 -251.00 -745.00 0
1906 -9.11 3.20 -1.53 -205.00 65.00 105.00 598.00 -251.00 -745.00 0
1915 -6.96 1.53 -2.02 -205.00 64.00 108.00 598.00 -251.00 -745.00 0
1925 -5.01 0.21 -2.16 -206.00 75.00 102.00 598.00 -251.00 -745.00 0
1934 -2.92 -1.04 -1.60 -202.00 75.00 104.00 598.00 -251.00 -745.00 0
1943 -1.18 -1.74 -0.70 -209.00 74.00 108.00 598.00 -251.00 -745.00 0
1952 0.83 -2.23 0.97 -205.00 71.00 110.00 598.00 -251.00 -745.00 0
1961 0.97 -2.37 1.39 -204.00 67.00 108.00 598.00 -251.00 -745.00 0
1971 1.18 -2.64 1.95 -198.00 67.00 118.00 598.00 -251.00 -745.00 0
1979 1.60 -2.99 2.71 -199.00 69.00 120.00 598.00 -251.00 -745.00 0
1988 1.88 -3.20 3.69 -188.00 62.00 119.00 598.00 -251.00 -745.00 0
1997 1.95 -3.41 4.59 -183.00 55.00 109.00 598.00 -251.00 -745.00 0
2007 2.16 -3.13 5.84 -177.00 49.00 100.00 599.00 -255.00 -1228.00 0
2016 3.48 -2.57 6.61 -172.00 52.00 95.00 599.00 -255.00 -1228.00 0
2025 5.36 -1.39 7.23 -171.00 62.00 91.00 599.00 -255.00 -1228.00 0
2034 7.93 0.21 7.93 -185.00 76.00 95.00 599.00 -255.00 -1228.00 0
2043 10.50 2.37 8.49 -195.00 82.00 94.00 599.00 -255.00 -1228.00 0
2053 12.66 4.59 8.70 -195.00 99.00 103.00 599.00 -255.00 -1228.00 0
2062 16.00 7.86 7.86 -200.00 105.00 102.00 599.00 -255.00 -1228.00 0
2072 16.28 9.60 7.03 -198.00 107.00 102.00 602.00 -267.00 -1136.00 0
2081 15.86 10.92 6.12 -205.00 111.00 99.00 602.00 -267.00 -1136.00 0
2091 14.61 11.83 4.94 -203.00 110.00 98.00 602.00 -267.00 -1136.00 0
2100 12.87 12.24 3.83 -203.00 104.00 100.00 602.00 -267.00 -1136.00 0
2109 10.85 12.31 2.78 -213.00 95.00 99.00 602.00 -267.00 -1136.00 0
2118 6.19 12.38 0.83 -215.00 92.00 104.00 602.00 -267.00 -1136.00 0
2127 4.17 11.97 0.00 -215.00 84.00 107.00 602.00 -267.00 -1136.00 0
2137 2.23 11.13 -0.97 -209.00 71.00 102.00 607.00 -266.00 -1225.00 0
2146 0.63 10.09 -1.88 -199.00 64.00 100.00 607.00 -266.00 -1225.00 0
2155 -0.42 9.18 -2.57 -195.00 65.00 106.00 607.00 -266.00 -1225.00 0
2164 -0.70 8.28 -2.92 -193.00 64.00 105.00 607.00 -266.00 -1225.00 0
2174 0.70 8.07 -2.57 -195.00 65.00 103.00 607.00 -266.00 -1225.00 0
2184 2.02 7.65 -2.09 -195.00 69.00 102.00 607.00 -266.00 -1225.00 0
2193 3.76 7.10 -1.53 -194.00 81.00 93.00 607.00 -266.00 -1225.00 0
2202 5.63 6.47 -1.11 -192.00 95.00 90.00 605.00 -270.00 -1297.00 0
2211 7.17 6.12 -0.70 -194.00 104.00 88.00 605.00 -270.00 -1297.00 0
2221 7.93 6.05 -0.49 -201.00 108.00 88.00 605.00 -270.00 -1297.00 0
2230 7.30 6.40 -0.63 -204.00 109.00 88.00 605.00 -270.00 -1297.00 0
2239 5.98 6.82 -0.70 -211.00 102.00 93.00 605.00 -270.00 -1297.00 0
2248 4.24 7.23 -0.77 -220.00 97.00 101.00 605.00 -270.00 -1297.00 0
2257 2.50 7.37 -0.83 -223.00 88.00 110.00 605.00 -270.00 -1297.00 0
2267 0.77 7.10 -0.97 -205.00 81.00 98.00 612.00 -270.00 -1103.00 0
2276 -2.16 5.43 -1.53 -194.00 75.00 90.00 612.00 -270.00 -1103.00 0
2285 -3.27 4.73 -1.74 -184.00 75.00 89.00 612.00 -270.00 -1103.00 0
2294 -3.90 4.59 -1.39 -183.00 81.00 96.00 612.00 -270.00 -1103.00 0
2304 -4.52 5.15 -0.07 -185.00 67.00 98.00 612.00 -270.00 -1103.00 0
2313 -5.50 6.33 2.23 -201.00 44.00 95.00 612.00 -270.00 -1103.00 0
2322 -6.68 8.49 5.01 -217.00 40.00 98.00 612.00 -270.00 -1103.00 0
2331 -7.23 13.29 9.46 -216.00 74.00 92.00 612.00 -270.00 -1103.00 0
2340 -1.88 14.89 11.41 -216.00 104.00 92.00 612.00 -270.00 -1103.00 0
2350 2.99 15.65 13.57 -209.00 146.00 100.00 612.00 -270.00 -1103.00 0
2359 7.17 15.37 14.82 -210.00 163.00 88.00 612.00 -270.00 -1103.00 0
2368 9.18 14.26 14.40 -210.00 170.00 91.00 612.00 -270.00 -1103.00 0
2377 8.70 12.45 12.52 -211.00 156.00 89.00 612.00 -270.00 -1103.00 0
2386 1.95 7.10 6.05 -211.00 144.00 79.00 612.00 -270.00 -1103.00 0
2396 -3.41 3.55 1.18 -206.00 140.00 79.00 612.00 -270.00 -1103.00 0
2405 -9.39 0.42 -4.94 -212.00 129.00 81.00 612.00 -270.00 -1103.00 0
2414 -16.21 -1.95 -11.62 -208.00 105.00 85.00 612.00 -270.00 -1103.00 0
2424 -22.89 -4.03 -17.67 -207.00 92.00 88.00 612.00 -270.00 -1103.00 0
2434 -28.94 -5.29 -23.30 -209.00 77.00 85.00 612.00 -270.00 -1103.00 0
2443 -38.54 -7.86 -33.81 -202.00 69.00 85.00 612.00 -270.00 -1103.00 0
2452 -41.81 -8.70 -37.01 -206.00 57.00 77.00 612.00 -270.00 -1103.00 0
2461 -44.59 -8.49 -39.03 -210.00 64.00 76.00 612.00 -270.00 -1103.00 0
2470 -46.12 -7.51 -39.44 -220.00 70.00 82.00 612.00 -270.00 -1103.00 0
2480 -46.47 -5.70 -37.70 -221.00 72.00 75.00 612.00 -270.00 -1103.00 0
2489 -46.61 -0.35 -28.38 -211.00 72.00 88.00 612.00 -270.00 -1103.00 0
2498 -46.54 2.99 -22.68 -218.00 72.00 87.00 612.00 -270.00 -1103.00 0
2507 -45.57 7.44 -15.30 -210.00 67.00 98.00 612.00 -270.00 -1103.00 0
2516 -44.38 12.73 -7.03 -198.00 52.00 88.00 612.00 -270.00 -1103.00 0
2526 -44.45 17.74 -0.14 -186.00 32.00 91.00 612.00 -270.00 -1103.00 0
2536 -44.59 22.47 5.57 -190.00 21.00 102.00 612.00 -270.00 -1103.00 0
2545 -42.64 30.61 12.73 -207.00 22.00 121.00 612.00 -270.00 -1103.00 0
2554 -40.35 32.42 13.57 -227.00 18.00 127.00 612.00 -270.00 -1103.00 0
2564 -37.70 31.65 12.52 -227.00 23.00 137.00 612.00 -270.00 -1103.00 0
2573 -33.95 27.62 10.57 -218.00 42.00 137.00 612.00 -270.00 -1103.00 0
2582 -29.22 21.43 8.49 -196.00 68.00 119.00 612.00 -270.00 -1103.00 0
2591 -20.10 5.77 3.34 -183.00 99.00 99.00 612.00 -270.00 -1103.00 0
2601 -16.97 -0.56 1.53 -190.00 116.00 94.00 612.00 -270.00 -1103.00 0
2611 -15.23 -4.94 0.77 -208.00 120.00 90.00 612.00 -270.00 -1103.00 0
2620 -15.51 -7.86 0.63 -213.00 103.00 105.00 612.00 -270.00 -1103.00 0
2629 -17.60 -8.56 0.49 -212.00 89.00 99.00 612.00 -270.00 -1103.00 0
2638 -20.31 -7.65 0.83 -198.00 75.00 92.00 612.00 -270.00 -1103.00 0
2648 -24.00 -4.03 3.90 -190.00 46.00 72.00 612.00 -270.00 -1103.00 0
2657 -22.75 -2.57 10.09 -166.00 42.00 57.00 612.00 -270.00 -1103.00 0
2666 -18.78 -0.77 16.63 -175.00 78.00 64.00 612.00 -270.00 -1103.00 0
2675 -12.45 1.88 22.54 -173.00 93.00 62.00 612.00 -270.00 -1103.00 0
2684 -7.03 4.80 26.64 -179.00 112.00 55.00 612.00 -270.00 -1103.00 0
2694 -2.37 8.21 30.12 -187.00 116.00 56.00 612.00 -270.00 -1103.00 0
2703 3.76 16.77 36.80 -199.00 119.00 52.00 612.00 -270.00 -1103.00 0
2712 4.10 21.77 38.26 -213.00 117.00 54.00 612.00 -270.00 -1103.00 0
2722 2.92 27.13 37.63 -222.00 101.00 61.00 612.00 -270.00 -1103.00 0
2732 0.00 32.97 34.37 -241.00 85.00 78.00 612.00 -270.00 -1103.00 0
2741 -4.10 38.89 28.66 -258.00 74.00 94.00 612.00 -270.00 -1103.00 0
2750 -13.98 46.47 13.08 -271.00 58.00 108.00 612.00 -270.00 -1103.00 0
2759 -19.20 46.26 4.17 -277.00 43.00 122.00 612.00 -270.00 -1103.00 0
2768 -24.28 42.99 -4.94 -270.00 24.00 112.00 612.00 -270.00 -1103.00 0
2778 -29.15 37.50 -14.05 -247.00 11.00 109.00 612.00 -270.00 -1103.00 0
2787 -32.56 31.03 -22.05 -227.00 4.00 97.00 612.00 -270.00 -1103.00 0
2796 -34.64 24.77 -28.73 -201.00 1.00 90.00 612.00 -270.00 -1103.00 0
2806 -35.06 15.30 -37.15 -190.00 -1.00 85.00 612.00 -270.00 -1103.00 0
2816 -33.46 12.38 -38.82 -176.00 8.00 88.00 612.00 -270.00 -1103.00 0
2825 -30.26 10.64 -37.98 -185.00 9.00 99.00 612.00 -270.00 -1103.00 0
2834 -26.99 10.57 -35.97 -194.00 4.00 102.00 612.00 -270.00 -1103.00 0
2843 -24.07 10.99 -33.32 -202.00 4.00 107.00 612.00 -270.00 -1103.00 0
2852 -17.60 9.81 -25.60 -198.00 1.00 105.00 612.00 -270.00 -1103.00 0
2862 -14.33 8.49 -21.57 -204.00 4.00 103.00 612.00 -270.00 -1103.00 0
2871 -11.20 7.03 -18.37 -219.00 4.00 108.00 612.00 -270.00 -1103.00 0
2880 -8.00 4.59 -16.35 -216.00 8.00 94.00 612.00 -270.00 -1103.00 0
2889 -4.52 0.97 -15.44 -208.00 22.00 83.00 612.00 -270.00 -1103.00 0
2898 -0.63 -2.99 -15.79 -213.00 50.00 80.00 612.00 -270.00 -1103.00 0
2908 7.37 -8.63 -19.62 -215.00 74.00 70.00 612.00 -270.00 -1103.00 0
2917 10.71 -10.43 -21.91 -221.00 98.00 61.00 612.00 -270.00 -1103.00 0
2927 13.57 -11.55 -23.17 -226.00 134.00 57.00 612.00 -270.00 -1103.00 0
2936 15.86 -11.41 -22.47 -233.00 138.00 57.00 612.00 -270.00 -1103.00 0
2946 16.00 -10.30 -20.17 -239.00 126.00 61.00 612.00 -270.00 -1103.00 0
2955 13.84 -6.61 -14.05 -236.00 101.00 70.00 612.00 -270.00 -1103.00 0
2964 6.12 -4.10 -10.92 -235.00 84.00 76.00 612.00 -270.00 -1103.00 0
2973 2.78 -1.88 -7.86 -229.00 81.00 82.00 612.00 -270.00 -1103.00 0
2982 0.35 -0.49 -5.15 -219.00 76.00 82.00 612.00 -270.00 -1103.00 0
2992 -1.39 0.49 -2.85 -216.00 74.00 83.00 626.00 -197.00 -1208.00 0
3001 -2.78 1.25 -1.18 -216.00 72.00 89.00 626.00 -197.00 -1208.00 0
3010 -3.90 2.30 0.35 -212.00 66.00 93.00 626.00 -197.00 -1208.00 0
3019 -6.47 2.43 0.14 -207.00 62.00 89.00 626.00 -197.00 -1208.00 0
3028 -7.86 2.37 -0.63 -207.00 60.00 90.00 626.00 -197.00 -1208.00 0
3038 -9.39 2.30 -2.09 -202.00 58.00 104.00 626.00 -197.00 -1208.00 0
3047 -10.99 1.88 -4.17 -209.00 52.00 98.00 626.00 -197.00 -1208.00 0
3056 -12.94 1.53 -6.54 -219.00 52.00 102.00 627.00 -192.00 -1269.00 0
3065 -16.35 -1.11 -11.13 -220.00 52.00 99.00 627.00 -192.00 -1269.00 0
3075 -17.39 -4.38 -13.08 -221.00 47.00 104.00 627.00 -192.00 -1269.00 0
3085 -18.09 -8.97 -14.61 -228.00 53.00 104.00 627.00 -192.00 -1269.00 0
3094 -18.57 -14.40 -15.86 -229.00 49.00 100.00 627.00 -192.00 -1269.00 0
3103 -19.83 -20.80 -17.53 -222.00 43.00 101.00 627.00 -192.00 -1269.00 0
3112 -21.36 -27.97 -19.48 -215.00 35.00 96.00 627.00 -192.00 -1269.00 0
3122 -25.25 -40.63 -24.42 -208.00 24.00 95.00 611.00 -172.00 -1283.00 0
3131 -26.57 -44.94 -26.71 -211.00 42.00 100.00 611.00 -172.00 -1283.00 0
3140 -27.06 -48.21 -28.59 -214.00 60.00 98.00 611.00 -172.00 -1283.00 0
3150 -28.17 -51.41 -30.26 -214.00 30.00 97.00 611.00 -172.00 -1283.00 0
3160 -30.96 -54.26 -31.72 -225.00 31.00 100.00 611.00 -172.00 -1283.00 0
3169 -34.92 -58.09 -32.97 -216.00 28.00 104.00 611.00 -172.00 -1283.00 0
3178 -37.01 -59.48 -32.49 -218.00 12.00 106.00 611.00 -172.00 -1283.00 0
3187 -38.19 -59.13 -31.10 -224.00 -1.00 113.00 584.00 -140.00 -1188.00 0
3196 -38.05 -57.39 -29.36 -225.00 0.00 119.00 584.00 -140.00 -1188.00 0
3206 -36.03 -54.89 -27.20 -224.00 37.00 132.00 584.00 -140.00 -1188.00 0
3216 -32.56 -51.48 -21.70 -211.00 43.00 125.00 584.00 -140.00 -1188.00 0
3225 -28.94 -47.86 -19.62 -201.00 20.00 116.00 584.00 -140.00 -1188.00 0
3234 -29.43 -46.82 -18.23 -202.00 17.00 118.00 584.00 -140.00 -1188.00 0
3244 -29.43 -44.31 -16.97 -203.00 16.00 116.00 584.00 -140.00 -1188.00 0
3253 -28.17 -40.70 -15.10 -208.00 36.00 116.00 568.00 -129.00 -1139.00 0
3263 -24.56 -38.47 -11.76 -196.00 22.00 110.00 568.00 -129.00 -1139.00 0
3272 -18.16 -43.62 -4.94 -196.00 47.00 137.00 568.00 -129.00 -1139.00 0
3281 -15.17 -48.35 -2.64 -206.00 14.00 116.00 568.00 -129.00 -1139.00 0
3291 -17.81 -47.10 -2.50 -204.00 39.00 152.00 568.00 -129.00 -1139.00 0
3300 -18.85 -42.71 -1.39 -204.00 18.00 144.00 568.00 -129.00 -1139.00 0
3309 -20.03 -37.84 0.14 -199.00 23.00 138.00 568.00 -129.00 -1139.00 0
3318 -18.43 -32.63 5.08 -189.00 44.00 134.00 552.00 -129.00 -1210.00 0
3328 -17.39 -30.82 6.61 -180.00 37.00 133.00 552.00 -129.00 -1210.00 0
3338 -19.20 -28.38 6.40 -178.00 14.00 131.00 552.00 -129.00 -1210.00 0
3347 -20.66 -25.88 6.96 -174.00 15.00 138.00 552.00 -129.00 -1210.00 0
3356 -20.10 -24.07 8.21 -184.00 20.00 127.00 552.00 -129.00 -1210.00 0
3365 -19.48 -22.26 8.83 -180.00 26.00 132.00 552.00 -129.00 -1210.00 0
3375 -17.88 -18.43 8.56 -177.00 18.00 137.00 552.00 -129.00 -1210.00 0
3384 -17.11 -15.93 8.77 -179.00 22.00 139.00 548.00 -123.00 -1129.00 0
3393 -15.93 -14.19 8.90 -186.00 30.00 128.00 548.00 -123.00 -1129.00 0
3402 -14.75 -13.36 8.70 -178.00 20.00 133.00 548.00 -123.00 -1129.00 0
3412 -14.47 -12.66 8.42 -173.00 19.00 126.00 548.00 -123.00 -1129.00 0
3422 -15.03 -7.44 7.72 -174.00 35.00 122.00 548.00 -123.00 -1129.00 0
3431 -14.96 -4.17 7.79 -174.00 32.00 123.00 548.00 -123.00 -1129.00 0
3440 -15.30 -1.32 8.00 -168.00 17.00 123.00 548.00 -123.00 -1129.00 0
3449 -15.86 0.83 7.93 -169.00 17.00 122.00 554.00 -127.00 -1177.00 0
3459 -16.49 3.27 7.79 -158.00 23.00 118.00 554.00 -127.00 -1177.00 0
3468 -16.90 5.15 7.23 -140.00 22.00 95.00 554.00 -127.00 -1177.00 0
3477 -17.53 6.54 5.77 -119.00 6.00 72.00 554.00 -127.00 -1177.00 0
3486 -16.56 8.83 5.70 -78.00 15.00 58.00 554.00 -127.00 -1177.00 0
3495 -15.51 15.03 5.84 -26.00 -15.00 19.00 554.00 -127.00 -1177.00 0
3505 -14.89 23.86 5.91 44.00 -33.00 -97.00 554.00 -127.00 -1177.00 0
3514 -13.50 37.57 5.57 45.00 -33.00 -121.00 576.00 -130.00 -1175.00 0
3523 -10.50 60.31 5.22 -18.00 -18.00 -88.00 576.00 -130.00 -1175.00 0
3532 -1.88 121.46 2.92 -149.00 -46.00 -24.00 576.00 -130.00 -1175.00 1
3543 0.56 139.55 -3.20 115.00 -382.00 -260.00 576.00 -130.00 -1175.00 1
3554 4.94 74.50 -10.99 -227.00 69.00 25.00 576.00 -130.00 -1175.00 1
3564 12.80 4.66 -7.72 -238.00 36.00 55.00 576.00 -130.00 -1175.00 1
3574 8.07 -30.61 -15.03 -259.00 66.00 51.00 576.00 -130.00 -1175.00 1
3585 4.31 -45.08 -18.71 -246.00 41.00 69.00 576.00 -130.00 -1175.00 1
3596 -5.22 -43.69 -19.41 -220.00 19.00 121.00 576.00 -130.00 -1175.00 1
3606 -9.95 -45.01 -19.27 -214.00 18.00 137.00 576.00 -130.00 -1175.00 1
3616 -14.26 -47.86 -18.37 -216.00 -2.00 139.00 576.00 -130.00 -1175.00 1
3627 -18.64 -41.25 -12.59 -224.00 -2.00 161.00 576.00 -130.00 -1175.00 1
3637 -20.17 -22.05 -6.89 -295.00 21.00 192.00 576.00 -130.00 -1175.00 0
3646 -14.47 -4.45 0.00 -370.00 -10.00 330.00 560.00 -119.00 -1192.00 0
3655 -8.21 -0.63 5.15 -313.00 -16.00 237.00 560.00 -119.00 -1192.00 0
3664 -0.77 -11.90 7.37 -212.00 3.00 89.00 560.00 -119.00 -1192.00 0
3674 5.01 -24.83 6.26 -180.00 31.00 75.00 560.00 -119.00 -1192.00 0
3683 18.02 -36.24 3.13 -189.00 52.00 120.00 560.00 -119.00 -1192.00 0
3692 20.94 -37.29 1.60 -193.00 28.00 134.00 560.00 -119.00 -1192.00 0
3701 21.98 -38.54 0.00 -185.00 11.00 113.00 560.00 -119.00 -1192.00 0
3710 22.75 -39.72 -1.46 -157.00 17.00 97.00 544.00 -135.00 -1385.00 0
3720 24.97 -40.07 -2.02 -152.00 23.00 82.00 544.00 -135.00 -1385.00 0
3729 28.45 -32.42 -0.83 -133.00 42.00 78.00 544.00 -135.00 -1385.00 0
3739 33.67 -26.50 0.28 -141.00 87.00 106.00 544.00 -135.00 -1385.00 0
3748 36.17 -20.24 2.64 -137.00 2.00 54.00 544.00 -135.00 -1385.00 0
3758 27.83 -14.54 1.25 -125.00 23.00 83.00 544.00 -135.00 -1385.00 0
3767 26.78 -11.76 1.60 -121.00 63.00 82.00 544.00 -135.00 -1385.00 0
3776 32.00 -10.92 5.29 -123.00 34.00 70.00 546.00 -153.00 -1177.00 0
3785 33.11 -1.95 10.16 -142.00 51.00 115.00 546.00 -153.00 -1177.00 0
3794 31.23 6.82 10.78 -220.00 24.00 173.00 546.00 -153.00 -1177.00 0
3804 24.83 16.49 9.60 -252.00 36.00 222.00 546.00 -153.00 -1177.00 0
3813 18.57 22.68 7.65 -259.00 23.00 191.00 546.00 -153.00 -1177.00 0
3822 11.27 26.57 5.01 -221.00 29.00 153.00 546.00 -153.00 -1177.00 0
3831 5.36 29.70 2.09 -209.00 33.00 129.00 546.00 -153.00 -1177.00 0
3841 0.00 34.43 -3.90 -187.00 50.00 141.00 560.00 -150.00 -1142.00 0
3850 -0.28 35.90 -6.19 -180.00 38.00 116.00 560.00 -150.00 -1142.00 0
3860 -3.55 39.30 -8.97 -184.00 29.00 105.00 560.00 -150.00 -1142.00 0
3869 -6.68 43.06 -11.20 -182.00 26.00 113.00 560.00 -150.00 -1142.00 0
3878 -8.14 46.19 -12.59 -164.00 17.00 104.00 560.00 -150.00 -1142.00 0
3888 -5.15 49.18 -11.06 -147.00 22.00 85.00 560.00 -150.00 -1142.00 0
3897 -0.83 52.03 -8.14 -145.00 23.00 85.00 560.00 -150.00 -1142.00 0
3906 3.83 57.60 -4.52 -168.00 28.00 105.00 560.00 -150.00 -1142.00 0
3915 7.72 63.58 -1.25 -205.00 40.00 115.00 560.00 -150.00 -1142.00 0
3924 10.30 68.59 1.32 -235.00 50.00 135.00 560.00 -150.00 -1142.00 0
3934 11.69 70.68 3.34 -250.00 56.00 141.00 560.00 -150.00 -1142.00 0
3943 11.76 64.28 4.94 -256.00 57.00 138.00 560.00 -150.00 -1142.00 0
3952 10.37 56.14 4.03 -239.00 56.00 125.00 560.00 -150.00 -1142.00 0
3962 8.14 46.61 2.23 -224.00 47.00 110.00 560.00 -150.00 -1142.00 0
3972 5.36 37.22 -0.28 -211.00 42.00 100.00 560.00 -150.00 -1142.00 0
3981 2.57 29.08 -3.13 -208.00 41.00 104.00 560.00 -150.00 -1142.00 0
3990 0.21 23.03 -7.72 -214.00 39.00 106.00 560.00 -150.00 -1142.00 0
3999 -4.03 15.65 -8.97 -212.00 41.00 109.00 560.00 -150.00 -1142.00 0
4008 -5.63 13.08 -9.46 -211.00 32.00 107.00 560.00 -150.00 -1142.00 0
4018 -6.75 10.92 -8.97 -207.00 28.00 111.00 560.00 -150.00 -1142.00 0
4027 -7.23 9.04 -8.07 -205.00 27.00 106.00 560.00 -150.00 -1142.00 0
4036 -7.58 7.44 -7.30 -209.00 30.00 106.00 560.00 -150.00 -1142.00 0
4045 -7.17 5.29 -4.87 -214.00 28.00 111.00 560.00 -150.00 -1142.00 0
4055 -5.08 3.90 -3.62 -211.00 37.00 111.00 560.00 -150.00 -1142.00 0
4064 -4.03 2.50 -2.71 -206.00 37.00 104.00 560.00 -150.00 -1142.00 0
4073 -3.55 1.39 -2.02 -200.00 32.00 104.00 560.00 -150.00 -1142.00 0
4082 -3.62 0.77 -1.74 -202.00 30.00 104.00 560.00 -150.00 -1142.00 0
4091 -3.69 0.28 -1.88 -203.00 32.00 104.00 560.00 -150.00 -1142.00 0
4101 -3.27 0.21 -1.88 -200.00 35.00 104.00 560.00 -150.00 -1142.00 0
4110 -2.99 0.63 -1.67 -206.00 39.00 106.00 594.00 -147.00 -1068.00 0
4119 -3.06 1.25 -1.32 -210.00 38.00 111.00 594.00 -147.00 -1068.00 0
4128 -3.27 2.09 -0.77 -206.00 36.00 108.00 594.00 -147.00 -1068.00 0
4137 -3.62 2.85 0.07 -201.00 34.00 105.00 594.00 -147.00 -1068.00 0
4147 -3.83 3.41 0.97 -208.00 40.00 105.00 594.00 -147.00 -1068.00 0
4156 -3.13 4.03 2.92 -207.00 39.00 105.00 594.00 -147.00 -1068.00 0
4165 -2.71 4.31 3.62 -206.00 37.00 110.00 594.00 -147.00 -1068.00 0
4175 -2.43 4.52 3.90 -208.00 47.00 109.00 594.00 -147.00 -1068.00 0
4185 -2.30 4.59 3.83 -205.00 43.00 116.00 594.00 -147.00 -1068.00 0
4194 -2.23 4.59 3.55 -207.00 45.00 111.00 594.00 -147.00 -1068.00 0
4203 -2.43 4.59 2.99 -208.00 51.00 110.00 594.00 -147.00 -1068.00 0
4212 -3.41 4.66 1.04 -206.00 52.00 113.00 594.00 -147.00 -1068.00 0
4221 -4.31 4.87 0.00 -212.00 46.00 111.00 594.00 -147.00 -1068.00 0
4231 -5.36 5.36 -0.90 -217.00 44.00 104.00 594.00 -147.00 -1068.00 0
4240 -6.12 5.63 -1.46 -211.00 47.00 104.00 594.00 -147.00 -1068.00 0
4249 -6.40 5.84 -1.53 -205.00 49.00 97.00 594.00 -147.00 -1068.00 0
4258 -6.40 6.05 -1.25 -203.00 45.00 91.00 594.00 -147.00 -1068.00 0
4268 -6.61 7.44 -0.35 -197.00 41.00 88.00 594.00 -147.00 -1068.00 0
4277 -6.54 8.70 0.21 -199.00 41.00 87.00 594.00 -147.00 -1068.00 0
4286 -6.54 10.50 0.63 -208.00 36.00 95.00 594.00 -147.00 -1068.00 0
4295 -6.61 12.45 0.77 -218.00 36.00 105.00 594.00 -147.00 -1068.00 0
4304 -6.96 13.84 0.49 -225.00 35.00 106.00 606.00 -151.00 -1152.00 0
4314 -7.23 14.33 0.07 -227.00 38.00 106.00 606.00 -151.00 -1152.00 0
4323 -7.58 12.52 -0.83 -230.00 47.00 101.00 606.00 -151.00 -1152.00 0
4332 -8.28 10.43 -1.74 -217.00 41.00 97.00 606.00 -151.00 -1152.00 0
4341 -11.20 8.97 -3.20 -213.00 42.00 100.00 606.00 -151.00 -1152.00 0
4350 -14.26 7.86 -4.52 -213.00 31.00 94.00 606.00 -151.00 -1152.00 0
4360 -17.74 6.12 -6.12 -213.00 12.00 102.00 606.00 -151.00 -1152.00 0
4369 -20.59 3.27 -7.44 -219.00 4.00 101.00 603.00 -143.00 -1101.00 0
4378 -22.40 -3.48 -9.25 -221.00 2.00 96.00 603.00 -143.00 -1101.00 0
4387 -20.52 -6.40 -9.25 -221.00 25.00 104.00 603.00 -143.00 -1101.00 0
4397 -17.60 -8.56 -8.77 -223.00 24.00 101.00 603.00 -143.00 -1101.00 0
4406 -15.30 -10.16 -8.07 -215.00 13.00 97.00 603.00 -143.00 -1101.00 0
4415 -13.77 -11.06 -7.51 -209.00 16.00 96.00 603.00 -143.00 -1101.00 0
4424 -12.38 -11.13 -6.26 -202.00 15.00 95.00 603.00 -143.00 -1101.00 0
4433 -9.46 -9.60 -5.22 -198.00 30.00 90.00 601.00 -140.00 -1290.00 0
4443 -8.00 -8.42 -4.31 -194.00 37.00 87.00 601.00 -140.00 -1290.00 0
4452 -7.44 -7.23 -3.62 -194.00 33.00 87.00 601.00 -140.00 -1290.00 0
4461 -8.07 -5.98 -3.41 -186.00 37.00 99.00 601.00 -140.00 -1290.00 0
4470 -9.04 -4.94 -3.20 -170.00 29.00 97.00 601.00 -140.00 -1290.00 0
4480 -10.16 -4.94 -2.37 -140.00 7.00 81.00 601.00 -140.00 -1290.00 0
4489 -14.47 -10.23 -2.78 -95.00 -71.00 44.00 601.00 -140.00 -1290.00 0
4498 -14.82 -16.63 -3.69 -36.00 -58.00 -20.00 595.00 -139.00 -1348.00 0
4507 -10.50 -25.74 -5.57 64.00 -70.00 -160.00 595.00 -139.00 -1348.00 0
4517 -3.69 -31.10 -8.42 99.00 26.00 -183.00 595.00 -139.00 -1348.00 0
4527 6.47 -29.57 -10.99 -15.00 26.00 -164.00 595.00 -139.00 -1348.00 1
4537 18.50 18.57 -18.57 -677.00 14.00 1503.00 595.00 -139.00 -1348.00 1
4547 9.95 -15.93 -29.29 -390.00 13.00 -283.00 595.00 -139.00 -1348.00 1
4557 30.82 -55.37 -15.30 -286.00 311.00 10.00 595.00 -139.00 -1348.00 1
4568 44.38 -83.41 -6.96 -263.00 111.00 47.00 569.00 -144.00 -1217.00 1
4579 22.82 -78.12 -16.14 -226.00 -38.00 82.00 569.00 -144.00 -1217.00 1
4589 2.09 -67.62 -23.79 -234.00 51.00 86.00 569.00 -144.00 -1217.00 1
4599 -17.11 -71.10 -31.17 -207.00 18.00 144.00 569.00 -144.00 -1217.00 1
4610 -26.16 -75.55 -31.72 -225.00 66.00 122.00 569.00 -144.00 -1217.00 1
4620 -24.35 -61.84 -21.57 -254.00 24.00 105.00 569.00 -144.00 -1217.00 1
4630 -17.88 -36.45 -6.89 -313.00 58.00 144.00 561.00 -129.00 -1331.00 0
4639 -21.08 0.49 14.61 -353.00 -34.00 186.00 561.00 -129.00 -1331.00 0
4648 -25.32 9.53 15.30 -267.00 -31.00 222.00 561.00 -129.00 -1331.00 0
4658 -22.19 11.83 16.21 -249.00 5.00 166.00 561.00 -129.00 -1331.00 0
4667 -16.56 13.70 15.93 -207.00 25.00 131.00 561.00 -129.00 -1331.00 0
4677 -10.43 14.47 13.50 -189.00 76.00 129.00 561.00 -129.00 -1331.00 0
4686 -7.58 15.03 7.44 -183.00 27.00 100.00 561.00 -129.00 -1331.00 0
4696 -13.57 10.99 2.71 -164.00 3.00 100.00 571.00 -130.00 -1419.00 0
4705 -18.02 3.83 -1.74 -167.00 -23.00 66.00 571.00 -130.00 -1419.00 0
4714 -20.17 -5.22 -5.84 -140.00 2.00 85.00 571.00 -130.00 -1419.00 0
4723 -18.02 -16.97 -8.90 -153.00 42.00 76.00 571.00 -130.00 -1419.00 0
4732 -15.23 -25.74 -10.71 -157.00 31.00 79.00 571.00 -130.00 -1419.00 0
4742 -13.50 -33.60 -12.52 -158.00 19.00 81.00 571.00 -130.00 -1419.00 0
4751 -12.73 -33.46 -10.92 -168.00 22.00 81.00 571.00 -130.00 -1419.00 0
4760 -10.85 -30.75 -8.21 -178.00 36.00 95.00 553.00 -123.00 -1261.00 0
4769 -8.97 -26.50 -5.63 -190.00 27.00 115.00 553.00 -123.00 -1261.00 0
4779 -8.14 -21.22 -3.34 -204.00 18.00 125.00 553.00 -123.00 -1261.00 0
4789 -8.14 -9.67 0.14 -204.00 11.00 128.00 553.00 -123.00 -1261.00 0
4798 -8.42 -5.08 0.70 -204.00 8.00 127.00 553.00 -123.00 -1261.00 0
4807 -8.21 -1.18 0.90 -205.00 15.00 128.00 553.00 -123.00 -1261.00 0
4816 -7.44 1.88 0.70 -203.00 21.00 126.00 553.00 -123.00 -1261.00 0
4826 -6.68 4.66 0.49 -208.00 31.00 125.00 553.00 -121.00 -1227.00 0
4835 -5.91 7.23 0.21 -208.00 23.00 120.00 557.00 -121.00 -1227.00 0
4844 -6.89 12.24 0.49 -210.00 24.00 130.00 557.00 -121.00 -1227.00 0
4853 -7.58 14.68 0.90 -210.00 29.00 130.00 557.00 -121.00 -1227.00 0
4862 -7.79 16.70 1.46 -211.00 21.00 128.00 557.00 -121.00 -1227.00 0
4872 -8.56 18.64 1.74 -218.00 17.00 136.00 557.00 -121.00 -1227.00 0
4881 -9.67 20.10 1.74 -224.00 17.00 140.00 557.00 -121.00 -1227.00 0
4890 -10.85 21.15 1.60 -221.00 40.00 137.00 557.00 -121.00 -1227.00 0
4899 -14.12 19.62 0.28 -212.00 21.00 119.00 557.00 -121.00 -1227.00 0
4909 -17.46 18.37 -1.04 -209.00 7.00 120.00 557.00 -121.00 -1227.00 0
4918 -19.83 17.39 -2.43 -205.00 4.00 120.00 557.00 -121.00 -1227.00 0
4927 -20.87 16.97 -3.62 -209.00 20.00 119.00 557.00 -121.00 -1227.00 0
4937 -20.45 16.83 -4.31 -213.00 29.00 121.00 557.00 -121.00 -1227.00 0
4946 -19.62 16.70 -5.08 -212.00 35.00 121.00 557.00 -121.00 -1227.00 0
4956 -18.02 15.86 -4.80 -209.00 39.00 117.00 557.00 -121.00 -1227.00 0
4965 -18.64 15.65 -4.59 -198.00 11.00 118.00 557.00 -121.00 -1227.00 0
4974 -19.76 16.07 -4.45 -175.00 -11.00 69.00 557.00 -121.00 -1227.00 0
4983 -19.41 16.63 -4.66 -183.00 5.00 131.00 557.00 -121.00 -1227.00 0
4993 -14.54 18.99 -4.31 -212.00 -37.00 113.00 557.00 -121.00 -1227.00 0
5002 -18.92 29.91 -8.07 -203.00 -47.00 101.00 557.00 -121.00 -1227.00 0
5011 -15.79 36.59 -8.70 -217.00 -2.00 107.00 557.00 -121.00 -1227.00 0
5021 -7.86 44.03 -6.54 -220.00 18.00 136.00 557.00 -121.00 -1227.00 0
5030 -1.32 52.52 -4.66 -240.00 20.00 158.00 557.00 -121.00 -1227.00 0
5040 3.20 59.83 -3.06 -231.00 13.00 147.00 557.00 -121.00 -1227.00 0
5049 5.91 62.54 -1.18 -225.00 7.00 128.00 557.00 -121.00 -1227.00 0
5058 8.28 56.49 2.85 -205.00 6.00 120.00 557.00 -121.00 -1227.00 0
5067 10.16 52.03 5.98 -207.00 13.00 117.00 557.00 -121.00 -1227.00 0
5076 12.17 48.90 9.18 -227.00 33.00 124.00 557.00 -121.00 -1227.00 0
5086 14.61 45.43 13.36 -229.00 20.00 106.00 557.00 -121.00 -1227.00 0
5095 15.72 41.04 16.63 -224.00 32.00 115.00 557.00 -121.00 -1227.00 0
5104 10.78 29.84 18.71 -228.00 19.00 106.00 557.00 -121.00 -1227.00 0
5113 8.63 25.25 19.34 -215.00 41.00 95.00 557.00 -121.00 -1227.00 0
5124 7.37 20.94 20.66 -205.00 57.00 83.00 557.00 -121.00 -1227.00 0
5133 5.84 16.42 22.54 -197.00 44.00 76.00 557.00 -121.00 -1227.00 0
5142 2.85 11.83 23.86 -201.00 32.00 78.00 557.00 -121.00 -1227.00 0
5151 -0.42 7.44 24.35 -210.00 24.00 88.00 557.00 -121.00 -1227.00 0
5160 -3.69 -1.04 25.46 -219.00 25.00 98.00 557.00 -121.00 -1227.00 0
5170 -3.27 -5.15 26.16 -214.00 33.00 98.00 557.00 -121.00 -1227.00 0
5179 -2.23 -8.70 26.50 -204.00 28.00 100.00 557.00 -121.00 -1227.00 0
5188 -1.39 -11.55 26.09 -203.00 20.00 93.00 557.00 -121.00 -1227.00 0
5197 -0.63 -13.50 24.97 -201.00 14.00 98.00 557.00 -121.00 -1227.00 0
5207 0.49 -14.68 23.30 -198.00 17.00 94.00 557.00 -121.00 -1227.00 0
5216 4.17 -14.82 18.71 -202.00 30.00 94.00 557.00 -121.00 -1227.00 0
5225 6.54 -14.26 15.93 -199.00 47.00 99.00 557.00 -121.00 -1227.00 0
5234 8.35 -13.63 13.29 -196.00 54.00 97.00 557.00 -121.00 -1227.00 0
5243 8.56 -12.87 10.64 -193.00 54.00 95.00 557.00 -121.00 -1227.00 0
5253 7.17 -11.76 7.65 -199.00 41.00 104.00 557.00 -121.00 -1227.00 0
5262 4.31 -10.50 1.46 -200.00 40.00 96.00 557.00 -121.00 -1227.00 0
5271 -1.81 -7.30 -0.97 -200.00 35.00 95.00 557.00 -121.00 -1227.00 0
5280 -3.97 -5.77 -2.85 -206.00 31.00 100.00 557.00 -121.00 -1227.00 0
5289 -5.57 -4.31 -4.45 -216.00 29.00 105.00 557.00 -121.00 -1227.00 0
5299 -6.61 -3.27 -5.84 -215.00 32.00 101.00 557.00 -121.00 -1227.00 0
5308 -6.96 -2.78 -7.03 -213.00 34.00 98.00 557.00 -121.00 -1227.00 0
5317 -6.89 -2.57 -8.35 -215.00 31.00 103.00 557.00 -121.00 -1227.00 0
5326 -6.61 -2.09 -8.97 -215.00 32.00 101.00 557.00 -121.00 -1227.00 0
5336 -6.33 -1.95 -9.46 -212.00 37.00 100.00 557.00 -121.00 -1227.00 0
5345 -5.98 -1.95 -9.67 -209.00 36.00 99.00 557.00 -121.00 -1227.00 0
5354 -5.70 -1.95 -9.32 -209.00 36.00 99.00 597.00 -141.00 -1136.00 0
5363 -5.36 -1.81 -8.56 -207.00 40.00 96.00 597.00 -141.00 -1136.00 0
5372 -5.08 -1.46 -6.61 -207.00 33.00 97.00 597.00 -141.00 -1136.00 0
5382 -5.63 -0.42 -5.77 -211.00 30.00 103.00 597.00 -141.00 -1136.00 0
5391 -5.91 0.28 -5.01 -218.00 31.00 104.00 597.00 -141.00 -1136.00 0
5400 -5.84 0.77 -4.38 -218.00 36.00 101.00 597.00 -141.00 -1136.00 0
5409 -5.43 0.83 -3.76 -218.00 35.00 98.00 597.00 -141.00 -1136.00 0
5419 -4.94 0.90 -3.27 -222.00 35.00 107.00 599.00 -144.00 -1180.00 0
5428 -4.59 0.97 -2.85 -218.00 35.00 103.00 599.00 -144.00 -1180.00 0
5437 -4.17 0.83 -2.78 -219.00 33.00 101.00 599.00 -144.00 -1180.00 0
5447 -4.17 0.63 -2.78 -213.00 30.00 98.00 599.00 -144.00 -1180.00 0
5455 -4.17 0.42 -2.78 -208.00 31.00 96.00 599.00 -144.00 -1180.00 0
5465 -3.90 0.35 -2.64 -215.00 37.00 105.00 599.00 -144.00 -1180.00 0
5474 -3.34 0.42 -2.09 -216.00 35.00 108.00 599.00 -144.00 -1180.00 0
5483 -2.92 0.35 -1.04 -213.00 33.00 107.00 600.00 -144.00 -1234.00 0
5493 -2.37 -0.21 -0.70 -212.00 36.00 105.00 600.00 -144.00 -1234.00 0
5502 -2.23 -0.28 -0.49 -212.00 35.00 107.00 600.00 -144.00 -1234.00 0
5512 -2.23 -0.21 -0.35 -206.00 32.00 97.00 600.00 -144.00 -1234.00 0
5521 -2.16 0.21 -0.14 -197.00 32.00 90.00 600.00 -144.00 -1234.00 0
5529 -1.67 1.74 0.07 -199.00 36.00 81.00 600.00 -144.00 -1234.00 0
5538 -0.97 4.80 1.04 -200.00 34.00 83.00 600.00 -144.00 -1234.00 0
5548 0.28 19.62 1.88 -208.00 31.00 101.00 606.00 -145.00 -1104.00 0
5557 0.77 31.79 2.92 -229.00 31.00 113.00 606.00 -145.00 -1104.00 0
5567 0.90 43.20 3.83 -249.00 24.00 117.00 606.00 -145.00 -1104.00 0
5576 -0.14 48.49 4.52 -228.00 36.00 105.00 606.00 -145.00 -1104.00 0
5585 -0.63 47.65 4.52 -220.00 29.00 104.00 606.00 -145.00 -1104.00 0
5595 -1.32 40.56 3.76 -215.00 30.00 97.00 606.00 -145.00 -1104.00 0
5604 -2.23 35.69 3.13 -215.00 35.00 93.00 606.00 -145.00 -1104.00 0
5613 -2.43 30.33 2.37 -210.00 31.00 89.00 606.00 -147.00 -1110.00 0
5622 -2.71 25.04 1.67 -216.00 46.00 92.00 615.00 -147.00 -1110.00 0
5632 -2.85 19.97 0.90 -212.00 57.00 86.00 615.00 -147.00 -1110.00 0
5641 -2.85 15.17 0.28 -203.00 39.00 90.00 615.00 -147.00 -1110.00 0
5650 -5.50 6.68 -0.63 -211.00 47.00 82.00 615.00 -147.00 -1110.00 0
5659 -7.23 3.41 -0.83 -213.00 43.00 79.00 615.00 -147.00 -1110.00 0
5668 -9.32 0.90 -1.18 -216.00 52.00 88.00 615.00 -147.00 -1110.00 0
5678 -11.27 -1.67 -1.53 -217.00 41.00 91.00 615.00 -147.00 -1110.00 0
5687 -13.84 -5.57 -2.09 -207.00 45.00 111.00 615.00 -147.00 -1110.00 0
5696 -16.28 -12.38 -2.85 -195.00 39.00 71.00 615.00 -147.00 -1110.00 0
5705 -22.26 -55.65 -5.84 -189.00 43.00 74.00 615.00 -147.00 -1110.00 0
5714 -23.30 -86.96 -7.17 -188.00 34.00 94.00 615.00 -147.00 -1110.00 0
5724 -25.11 -116.80 -8.83 -185.00 61.00 109.00 615.00 -147.00 -1110.00 0
5733 -27.90 -144.07 -10.57 -162.00 50.00 123.00 615.00 -147.00 -1110.00 0
5743 -32.77 -171.06 -12.59 -72.00 -105.00 31.00 615.00 -147.00 -1110.00 0
5752 -40.21 -204.24 -17.18 -22.00 -96.00 43.00 615.00 -147.00 -1110.00 0
5762 -4.03 -259.13 -12.38 43.00 126.00 -71.00 615.00 -147.00 -1110.00 0
5771 -9.04 -269.63 -8.77 -110.00 -131.00 -283.00 615.00 -147.00 -1110.00 0
5780 -33.81 -252.52 -13.36 -128.00 -86.00 -105.00 615.00 -147.00 -1110.00 0
5790 -55.72 -196.45 -19.55 -175.00 -132.00 38.00 615.00 -147.00 -1110.00 1
5800 -59.55 -120.56 -40.00 25.00 -156.00 267.00 615.00 -147.00 -1110.00 1
5811 -42.09 -177.04 -45.43 -273.00 131.00 122.00 451.00 -93.00 -1061.00 1
5821 -30.89 -169.74 -41.04 -205.00 -11.00 145.00 451.00 -93.00 -1061.00 1
5831 -41.39 -154.23 -39.58 -274.00 -92.00 66.00 451.00 -93.00 -1061.00 1
5842 -39.51 -132.73 -32.07 -147.00 96.00 218.00 451.00 -93.00 -1061.00 1
5853 -34.37 -125.98 -25.81 -129.00 -67.00 211.00 451.00 -93.00 -1061.00 1
5863 -37.43 -81.32 -21.29 -154.00 -9.00 173.00 451.00 -93.00 -1061.00 1
5873 -27.34 -45.22 -16.14 -123.00 -40.00 192.00 451.00 -93.00 -1061.00 1
5883 -16.97 -14.47 -11.34 -133.00 -15.00 227.00 451.00 -93.00 -1061.00 1
5895 -5.36 13.08 -6.26 -138.00 -31.00 223.00 451.00 -93.00 -1061.00 1
5905 10.99 64.35 3.20 -165.00 4.00 194.00 451.00 -93.00 -1061.00 1
5914 16.97 90.09 7.17 -146.00 36.00 203.00 451.00 -93.00 -1061.00 1
5924 19.62 110.68 9.46 -174.00 27.00 164.00 451.00 -93.00 -1061.00 1
5935 15.65 135.79 10.71 -165.00 42.00 184.00 451.00 -93.00 -1061.00 0
5944 11.76 137.95 11.27 -199.00 67.00 199.00 518.00 -103.00 -1094.00 0
5953 7.51 131.69 11.48 -202.00 26.00 181.00 518.00 -103.00 -1094.00 0
5963 1.32 117.70 10.78 -208.00 28.00 150.00 518.00 -103.00 -1094.00 0
5972 -1.11 98.16 11.76 -210.00 9.00 145.00 518.00 -103.00 -1094.00 0
5982 -1.32 61.15 12.80 -221.00 17.00 138.00 518.00 -103.00 -1094.00 0
5991 -0.56 44.52 12.38 -208.00 4.00 116.00 518.00 -103.00 -1094.00 0
6000 0.14 30.33 11.76 -199.00 15.00 95.00 518.00 -103.00 -1094.00 0
6009 2.50 21.50 11.27 -195.00 34.00 94.00 524.00 -113.00 -1232.00 0
6019 4.17 18.50 10.09 -198.00 41.00 102.00 524.00 -113.00 -1232.00 0
6028 3.48 19.13 8.28 -200.00 21.00 119.00 524.00 -113.00 -1232.00 0
6037 -3.69 21.36 3.27 -209.00 16.00 136.00 524.00 -113.00 -1232.00 0
6046 -6.68 22.89 1.53 -213.00 20.00 147.00 524.00 -113.00 -1232.00 0
6055 -8.35 24.83 1.04 -209.00 13.00 151.00 524.00 -113.00 -1232.00 0
6066 -9.25 27.06 1.32 -208.00 2.00 150.00 524.00 -113.00 -1232.00 0
6075 -10.09 29.50 1.74 -213.00 4.00 144.00 536.00 -109.00 -1113.00 0
6084 -10.02 31.10 2.23 -205.00 -1.00 150.00 536.00 -109.00 -1113.00 0
6093 -6.61 29.77 3.34 -200.00 2.00 151.00 536.00 -109.00 -1113.00 0
6103 -3.27 27.62 4.17 -193.00 11.00 139.00 536.00 -109.00 -1113.00 0
6112 0.70 25.04 5.15 -183.00 15.00 135.00 536.00 -109.00 -1113.00 0
6121 4.10 22.33 5.98 -177.00 30.00 125.00 536.00 -109.00 -1113.00 0
6130 6.26 19.83 6.47 -163.00 35.00 124.00 536.00 -109.00 -1113.00 0
6139 6.82 17.18 6.96 -164.00 29.00 126.00 546.00 -115.00 -1352.00 0
6149 4.52 13.15 6.82 -170.00 25.00 125.00 546.00 -115.00 -1352.00 0
6158 1.60 14.54 6.05 -174.00 23.00 117.00 546.00 -115.00 -1352.00 0
6167 -1.60 18.64 5.22 -178.00 21.00 129.00 546.00 -115.00 -1352.00 0
6176 -4.38 24.83 4.52 -198.00 14.00 127.00 546.00 -115.00 -1352.00 0
6185 -6.54 32.14 4.03 -202.00 8.00 122.00 546.00 -115.00 -1352.00 0
6195 -7.93 47.79 2.71 -210.00 5.00 130.00 546.00 -115.00 -1352.00 0
6205 -6.75 55.79 2.50 -220.00 6.00 129.00 566.00 -114.00 -1243.00 0
6214 -4.59 63.44 2.78 -213.00 2.00 134.00 566.00 -114.00 -1243.00 0
6223 -1.88 70.82 3.34 -215.00 4.00 127.00 566.00 -114.00 -1243.00 0
6233 1.18 77.15 4.52 -206.00 32.00 124.00 566.00 -114.00 -1243.00 0
6242 4.45 82.23 6.33 -200.00 53.00 114.00 566.00 -114.00 -1243.00 0
6251 4.73 86.96 9.67 -193.00 23.00 98.00 566.00 -114.00 -1243.00 0
6260 2.85 89.32 11.20 -187.00 12.00 97.00 566.00 -114.00 -1243.00 0
6269 0.63 93.22 12.38 -195.00 12.00 105.00 566.00 -126.00 -1337.00 0
6279 -0.90 96.90 13.77 -213.00 6.00 105.00 598.00 -126.00 -1337.00 0
6288 -2.50 98.71 14.40 -211.00 7.00 102.00 598.00 -126.00 -1337.00 0
6297 -3.62 96.70 14.19 -206.00 18.00 106.00 598.00 -126.00 -1337.00 0
6306 -2.37 82.85 13.29 -213.00 19.00 109.00 598.00 -126.00 -1337.00 0
6316 -2.30 73.18 11.83 -209.00 21.00 104.00 598.00 -126.00 -1337.00 0
6325 -2.37 62.54 9.88 -209.00 19.00 102.00 598.00 -126.00 -1337.00 0
6334 -2.92 51.55 7.58 -200.00 18.00 90.00 598.00 -126.00 -1337.00 0
6343 -3.62 40.90 5.57 -197.00 21.00 92.00 598.00 -126.00 -1337.00 0
6352 -3.41 31.65 2.02 -208.00 51.00 104.00 598.00 -126.00 -1337.00 0
6362 -8.21 16.07 -1.11 -215.00 22.00 101.00 598.00 -126.00 -1337.00 0
6372 -13.91 9.39 -5.08 -214.00 -7.00 97.00 598.00 -126.00 -1337.00 0
6380 -18.92 3.62 -8.90 -201.00 25.00 90.00 598.00 -126.00 -1337.00 0
6389 -19.62 -1.18 -10.57 -206.00 29.00 88.00 598.00 -126.00 -1337.00 0
6400 -17.67 -5.22 -9.67 -211.00 21.00 92.00 598.00 -126.00 -1337.00 0
6409 -15.58 -11.48 -5.84 -226.00 15.00 96.00 598.00 -126.00 -1337.00 0
6418 -10.50 -13.91 -4.10 -227.00 20.00 97.00 598.00 -126.00 -1337.00 0
6427 -7.10 -15.93 -2.16 -231.00 19.00 102.00 598.00 -126.00 -1337.00 0
6436 -3.48 -17.04 -0.21 -233.00 22.00 104.00 598.00 -126.00 -1337.00 0
6446 0.00 -17.25 1.46 -232.00 31.00 107.00 598.00 -126.00 -1337.00 0
6455 3.34 -17.18 2.78 -231.00 34.00 108.00 598.00 -126.00 -1337.00 0
6464 8.90 -17.18 4.45 -224.00 41.00 107.00 598.00 -126.00 -1337.00 0
6473 10.92 -17.32 4.87 -215.00 52.00 99.00 600.00 -128.00 -1215.00 0
6482 11.83 -17.60 4.87 -207.00 60.00 96.00 600.00 -128.00 -1215.00 0
6492 10.92 -17.74 4.24 -205.00 43.00 96.00 600.00 -128.00 -1215.00 0
6501 8.07 -17.39 2.99 -205.00 31.00 99.00 600.00 -128.00 -1215.00 0
6510 4.52 -16.35 1.32 -207.00 33.00 97.00 600.00 -128.00 -1215.00 0
6519 -1.53 -13.22 -1.18 -216.00 31.00 104.00 600.00 -128.00 -1215.00 0
6529 -3.97 -11.62 -1.74 -220.00 20.00 110.00 600.00 -128.00 -1215.00 0
6538 -5.77 -10.57 -2.30 -221.00 20.00 104.00 600.00 -128.00 -1215.00 0
6547 -6.75 -10.16 -2.71 -214.00 24.00 101.00 600.00 -128.00 -1215.00 0
6556 -6.89 -9.95 -2.78 -209.00 25.00 102.00 600.00 -128.00 -1215.00 0
6565 -6.61 -9.67 -2.71 -204.00 22.00 100.00 600.00 -128.00 -1215.00 0
6575 -5.98 -8.35 -2.37 -206.00 17.00 106.00 600.00 -128.00 -1215.00 0
6584 -5.63 -7.44 -2.16 -212.00 18.00 103.00 600.00 -128.00 -1215.00 0
6594 -4.94 -6.61 -1.81 -213.00 19.00 104.00 600.00 -128.00 -1215.00 0
6603 -3.83 -5.98 -1.25 -212.00 23.00 108.00 600.00 -128.00 -1215.00 0
6612 -2.50 -5.43 -0.70 -207.00 26.00 102.00 600.00 -128.00 -1215.00 0
6622 -1.32 -4.94 -0.21 -206.00 23.00 102.00 600.00 -128.00 -1215.00 0
6631 -0.56 -3.62 -0.21 -209.00 22.00 103.00 600.00 -128.00 -1215.00 0
6640 -0.56 -2.92 -0.42 -216.00 26.00 109.00 600.00 -128.00 -1215.00 0
6649 -0.56 -2.64 -0.63 -220.00 18.00 110.00 600.00 -128.00 -1215.00 0
6659 -0.42 -2.78 -0.77 -214.00 29.00 108.00 600.00 -128.00 -1215.00 0
6668 -0.07 -3.34 -0.70 -207.00 28.00 108.00 593.00 -130.00 -1307.00 0
6677 0.28 -4.03 -0.63 -202.00 30.00 105.00 593.00 -130.00 -1307.00 0
6686 0.70 -5.01 -0.35 -204.00 29.00 107.00 593.00 -130.00 -1307.00 0
6695 0.83 -5.15 -0.28 -208.00 33.00 105.00 593.00 -130.00 -1307.00 0
6705 0.90 -5.15 -0.21 -210.00 28.00 109.00 593.00 -130.00 -1307.00 0
6714 0.83 -5.22 -0.14 -209.00 31.00 107.00 593.00 -130.00 -1307.00 0
6723 0.63 -5.29 -0.14 -202.00 31.00 106.00 593.00 -130.00 -1307.00 0
6732 0.56 -5.36 -0.07 -197.00 39.00 99.00 593.00 -133.00 -1247.00 0
6742 -0.07 -5.08 -0.07 -192.00 39.00 98.00 593.00 -133.00 -1247.00 0
6751 -1.32 -4.66 -0.42 -195.00 43.00 105.00 593.00 -133.00 -1247.00 0
6760 -3.27 -3.76 -1.11 -204.00 33.00 102.00 593.00 -133.00 -1247.00 0
6769 -5.84 -2.78 -1.88 -211.00 26.00 106.00 593.00 -133.00 -1247.00 0
6778 -7.93 -2.09 -2.37 -213.00 24.00 109.00 593.00 -133.00 -1247.00 0
6788 -8.90 -1.88 -2.37 -212.00 27.00 108.00 593.00 -133.00 -1247.00 0
6797 -8.21 -3.76 -0.97 -211.00 41.00 101.00 594.00 -129.00 -1188.00 0
6806 -7.37 -5.91 -0.35 -202.00 64.00 108.00 594.00 -129.00 -1188.00 0
6815 -7.51 -9.11 -0.28 -193.00 45.00 102.00 594.00 -129.00 -1188.00 0
6824 -10.02 -13.98 -1.04 -193.00 10.00 104.00 594.00 -129.00 -1188.00 0
6834 -14.12 -20.66 -2.78 -187.00 9.00 110.00 594.00 -129.00 -1188.00 0
6843 -17.04 -29.77 -5.98 -191.00 9.00 105.00 594.00 -129.00 -1188.00 0
6852 -17.32 -50.85 -6.19 -189.00 16.00 105.00 594.00 -129.00 -1188.00 0
6861 -15.30 -59.62 -6.05 -178.00 29.00 110.00 572.00 -125.00 -1296.00 0
6871 -13.15 -66.30 -5.98 -175.00 4.00 115.00 572.00 -125.00 -1296.00 0
6880 -12.73 -70.89 -6.54 -164.00 -11.00 116.00 572.00 -125.00 -1296.00 0
6890 -13.43 -73.25 -7.58 -156.00 -22.00 120.00 572.00 -125.00 -1296.00 0
6899 -10.57 -74.43 -9.53 -136.00 -58.00 109.00 572.00 -125.00 -1296.00 0
6908 -5.01 -77.08 -10.16 -106.00 -47.00 87.00 572.00 -125.00 -1296.00 0
6918 2.85 -86.54 -11.48 -93.00 29.00 72.00 572.00 -125.00 -1296.00 0
6927 12.73 -100.38 -12.73 -95.00 45.00 68.00 530.00 -125.00 -1167.00 0
6936 21.22 -114.64 -13.98 -100.00 35.00 26.00 530.00 -125.00 -1167.00 0
6945 25.32 -128.21 -16.49 -95.00 3.00 -66.00 530.00 -125.00 -1167.00 0
6955 20.73 -137.60 -22.75 -111.00 -18.00 -48.00 530.00 -125.00 -1167.00 0
6964 19.20 -115.34 -24.21 -191.00 119.00 -80.00 530.00 -125.00 -1167.00 1
6975 17.81 -80.49 -25.81 21.00 -54.00 360.00 530.00 -125.00 -1167.00 1
6985 15.37 -97.25 -37.22 -321.00 55.00 193.00 530.00 -125.00 -1167.00 1
6995 -3.34 -155.69 -33.25 -250.00 76.00 140.00 460.00 -110.00 -1302.00 1
7006 -11.48 -165.57 -34.02 -218.00 -89.00 113.00 460.00 -110.00 -1302.00 1
7016 -24.70 -160.35 -35.20 -155.00 -12.00 178.00 460.00 -110.00 -1302.00 1
7027 -33.88 -117.36 -28.66 -146.00 -1.00 187.00 460.00 -110.00 -1302.00 1
7037 -33.11 -101.84 -24.77 -89.00 -53.00 151.00 460.00 -110.00 -1302.00 1
7048 -30.19 -88.28 -19.90 -152.00 5.00 179.00 460.00 -110.00 -1302.00 1
7058 -11.48 -44.03 -5.77 -159.00 -2.00 197.00 441.00 -100.00 -1395.00 1
7068 -4.59 -24.28 -0.63 -127.00 -2.00 232.00 441.00 -100.00 -1395.00 1
7078 0.77 -5.57 3.97 -134.00 -14.00 210.00 441.00 -100.00 -1395.00 1
7089 7.72 37.22 12.59 -154.00 1.00 211.00 441.00 -100.00 -1395.00 1
7099 10.43 60.31 14.61 -165.00 4.00 194.00 441.00 -100.00 -1395.00 1
7109 11.27 83.83 14.12 -165.00 22.00 170.00 441.00 -100.00 -1395.00 1
7118 11.41 104.49 12.59 -171.00 68.00 162.00 441.00 -100.00 -1395.00 0
7129 11.06 125.84 12.87 -193.00 88.00 178.00 441.00 -100.00 -1395.00 0
7138 9.46 122.37 14.96 -224.00 67.00 213.00 441.00 -100.00 -1395.00 0
7147 6.33 108.10 17.25 -219.00 50.00 202.00 441.00 -100.00 -1395.00 0
7156 3.06 83.20 18.30 -214.00 9.00 138.00 441.00 -100.00 -1395.00 0
7165 -1.88 56.28 17.46 -195.00 4.00 122.00 441.00 -100.00 -1395.00 0
7176 -5.36 14.40 16.28 -187.00 27.00 124.00 441.00 -100.00 -1395.00 0
7185 -4.17 -0.42 15.17 -187.00 26.00 116.00 441.00 -100.00 -1395.00 0
7194 -3.69 -10.16 13.50 -184.00 23.00 125.00 441.00 -100.00 -1395.00 0
7203 -2.92 -15.51 11.97 -183.00 25.00 132.00 441.00 -100.00 -1395.00 0
7213 -1.81 -16.77 10.71 -181.00 14.00 133.00 441.00 -100.00 -1395.00 0
7222 -1.18 -14.61 9.46 -177.00 10.00 133.00 441.00 -100.00 -1395.00 0
7231 1.95 -1.74 7.58 -178.00 12.00 138.00 441.00 -100.00 -1395.00 0
7240 4.31 8.21 6.89 -179.00 17.00 139.00 441.00 -100.00 -1395.00 0
7249 5.77 20.24 5.70 -186.00 20.00 134.00 441.00 -100.00 -1395.00 0
7259 6.96 34.43 4.66 -189.00 22.00 135.00 441.00 -100.00 -1395.00 0
7268 9.46 49.67 4.59 -190.00 26.00 146.00 441.00 -100.00 -1395.00 0
7277 12.10 64.42 6.61 -195.00 27.00 149.00 441.00 -100.00 -1395.00 0
7287 17.04 87.10 8.28 -203.00 30.00 142.00 441.00 -100.00 -1395.00 0
7297 18.99 92.73 10.09 -197.00 46.00 150.00 441.00 -100.00 -1395.00 0
7306 22.05 92.87 12.45 -193.00 48.00 129.00 441.00 -100.00 -1395.00 0
7315 23.65 90.09 14.26 -190.00 52.00 126.00 441.00 -100.00 -1395.00 0
7324 23.51 86.54 15.51 -202.00 39.00 129.00 441.00 -100.00 -1395.00 0
7333 18.85 81.25 16.90 -227.00 34.00 158.00 441.00 -100.00 -1395.00 0
7343 16.90 75.76 17.53 -226.00 26.00 151.00 441.00 -100.00 -1395.00 0
7353 15.30 67.62 17.81 -233.00 23.00 154.00 441.00 -100.00 -1395.00 0
7362 14.82 59.06 18.50 -221.00 44.00 145.00 441.00 -100.00 -1395.00 0
7371 16.49 50.30 19.76 -204.00 65.00 136.00 441.00 -100.00 -1395.00 0
7380 19.62 35.83 23.10 -163.00 17.00 100.00 441.00 -100.00 -1395.00 0
7390 16.35 29.70 22.96 -156.00 26.00 78.00 441.00 -100.00 -1395.00 0
7399 15.58 25.18 23.51 -159.00 38.00 101.00 441.00 -100.00 -1395.00 0
7409 15.37 22.68 23.93 -186.00 44.00 119.00 441.00 -100.00 -1395.00 0
7418 13.50 20.94 23.44 -208.00 36.00 128.00 441.00 -100.00 -1395.00 0
7428 12.31 17.88 22.54 -228.00 45.00 132.00 441.00 -100.00 -1395.00 0
7437 10.78 8.21 20.87 -224.00 49.00 163.00 441.00 -100.00 -1395.00 0
7446 3.90 4.80 15.79 -212.00 93.00 144.00 441.00 -100.00 -1395.00 0
7455 -2.85 4.73 10.71 -198.00 105.00 134.00 441.00 -100.00 -1395.00 0
7464 -11.20 8.83 7.10 -195.00 54.00 99.00 441.00 -100.00 -1395.00 0
7474 -24.28 15.72 2.71 -159.00 61.00 121.00 441.00 -100.00 -1395.00 0
7483 -35.13 23.03 -8.21 -172.00 2.00 77.00 441.00 -100.00 -1395.00 0
7492 -50.50 22.12 -12.80 -169.00 5.00 100.00 441.00 -100.00 -1395.00 0
7502 -49.11 17.39 -14.33 -161.00 13.00 99.00 441.00 -100.00 -1395.00 0
7512 -45.50 10.85 -15.30 -160.00 14.00 102.00 441.00 -100.00 -1395.00 0
7521 -40.63 4.66 -14.61 -160.00 -1.00 117.00 579.00 -151.00 -1332.00 0
7530 -34.71 0.28 -12.45 -176.00 23.00 109.00 579.00 -151.00 -1332.00 0
7539 -21.50 -3.20 -6.54 -177.00 31.00 111.00 579.00 -151.00 -1332.00 0
7548 -15.51 -2.92 -4.03 -190.00 30.00 112.00 579.00 -151.00 -1332.00 0
7558 -9.74 -2.71 -2.02 -196.00 31.00 126.00 579.00 -151.00 -1332.00 0
7567 -4.52 -2.50 -0.42 -213.00 26.00 129.00 579.00 -151.00 -1332.00 0
7576 -0.21 -2.64 0.49 -216.00 45.00 126.00 579.00 -151.00 -1332.00 0
7585 3.90 -3.76 1.18 -206.00 56.00 127.00 573.00 -159.00 -1026.00 0
7595 9.11 -7.51 0.83 -204.00 63.00 119.00 573.00 -159.00 -1026.00 0
7604 8.77 -8.83 -0.49 -193.00 55.00 115.00 573.00 -159.00 -1026.00 0
7613 6.89 -9.39 -2.09 -190.00 56.00 117.00 573.00 -159.00 -1026.00 0
7622 4.59 -8.90 -3.34 -185.00 48.00 113.00 573.00 -159.00 -1026.00 0
7631 1.74 -7.79 -4.31 -188.00 35.00 109.00 573.00 -159.00 -1026.00 0
7641 -1.04 -5.63 -4.94 -190.00 40.00 114.00 573.00 -159.00 -1026.00 0
7650 -3.41 -0.77 -4.73 -196.00 42.00 126.00 571.00 -156.00 -1262.00 0
7659 -3.41 1.39 -3.76 -203.00 43.00 126.00 571.00 -156.00 -1262.00 0
7668 -3.55 3.34 -2.64 -213.00 46.00 127.00 571.00 -156.00 -1262.00 0
7677 -4.03 4.59 -1.95 -205.00 42.00 127.00 571.00 -156.00 -1262.00 0
7687 -4.52 5.22 -1.60 -203.00 39.00 124.00 571.00 -156.00 -1262.00 0
7696 -5.01 5.70 -1.25 -205.00 45.00 125.00 571.00 -156.00 -1262.00 0
7705 -5.15 5.43 -1.25 -201.00 47.00 125.00 571.00 -156.00 -1262.00 0
7714 -5.15 4.73 -1.46 -200.00 46.00 116.00 575.00 -155.00 -1239.00 0
7724 -5.29 4.31 -1.67 -197.00 43.00 120.00 575.00 -155.00 -1239.00 0
7734 -5.36 3.97 -1.88 -199.00 43.00 123.00 575.00 -155.00 -1239.00 0
7743 -5.29 3.76 -1.95 -194.00 40.00 121.00 575.00 -155.00 -1239.00 0
7752 -5.15 3.41 -1.81 -191.00 41.00 116.00 575.00 -155.00 -1239.00 0
7761 -4.24 2.92 -1.46 -192.00 47.00 119.00 575.00 -155.00 -1239.00 0
7771 -3.55 2.99 -0.90 -193.00 50.00 119.00 575.00 -155.00 -1239.00 0
7780 -2.99 3.13 -0.21 -197.00 47.00 121.00 576.00 -155.00 -1124.00 0
7789 -2.99 3.55 0.21 -204.00 41.00 121.00 576.00 -155.00 -1124.00 0
7798 -3.27 3.97 0.28 -203.00 40.00 122.00 576.00 -155.00 -1124.00 0
7808 -3.41 4.24 0.42 -205.00 43.00 120.00 576.00 -155.00 -1124.00 0
7817 -3.13 4.45 0.35 -206.00 44.00 124.00 576.00 -155.00 -1124.00 0
7826 -3.20 4.45 0.00 -203.00 37.00 122.00 576.00 -155.00 -1124.00 0
7835 -3.41 4.17 -0.56 -197.00 40.00 119.00 576.00 -155.00 -1124.00 0
7844 -3.76 3.97 -1.04 -197.00 41.00 120.00 576.00 -155.00 -1124.00 0
7854 -3.97 4.03 -1.53 -196.00 38.00 119.00 576.00 -155.00 -1124.00 0
7863 -4.24 4.03 -1.60 -197.00 37.00 117.00 576.00 -155.00 -1124.00 0
7872 -4.59 4.87 -1.53 -202.00 41.00 117.00 576.00 -155.00 -1124.00 0
7881 -4.59 5.15 -1.32 -206.00 43.00 121.00 576.00 -155.00 -1124.00 0
7890 -4.31 5.29 -1.11 -203.00 40.00 118.00 576.00 -155.00 -1124.00 0
7900 -4.10 5.29 -0.83 -209.00 43.00 123.00 576.00 -155.00 -1124.00 0
7909 -3.76 5.01 -0.63 -210.00 49.00 123.00 576.00 -155.00 -1124.00 0
7918 -3.55 3.20 -0.70 -208.00 49.00 119.00 576.00 -155.00 -1124.00 0
7927 -3.90 2.02 -0.97 -205.00 43.00 121.00 576.00 -155.00 -1124.00 0
7937 -4.87 1.32 -1.53 -202.00 39.00 115.00 576.00 -155.00 -1124.00 0
7946 -5.91 1.04 -2.16 -200.00 40.00 118.00 576.00 -155.00 -1124.00 0
7955 -6.75 1.18 -2.78 -201.00 43.00 113.00 576.00 -155.00 -1124.00 0
7964 -7.23 1.32 -3.27 -193.00 40.00 114.00 576.00 -155.00 -1124.00 0
7973 -7.51 2.02 -3.83 -192.00 42.00 113.00 576.00 -155.00 -1124.00 0
7983 -8.63 2.57 -4.24 -189.00 36.00 113.00 576.00 -155.00 -1124.00 0
7992 -9.46 3.48 -4.73 -188.00 30.00 113.00 576.00 -155.00 -1124.00 0
8001 -10.23 4.45 -5.15 -192.00 28.00 111.00 576.00 -155.00 -1124.00 0
8010 -10.57 5.70 -5.43 -192.00 26.00 115.00 576.00 -155.00 -1124.00 0
8019 -10.09 6.47 -5.36 -180.00 16.00 108.00 576.00 -155.00 -1124.00 0
8029 -7.03 5.91 -4.87 -176.00 16.00 107.00 576.00 -155.00 -1124.00 0
8038 -3.55 2.92 -3.90 -177.00 21.00 100.00 576.00 -155.00 -1124.00 0
8047 0.77 -3.76 -2.57 -178.00 24.00 99.00 576.00 -155.00 -1124.00 0
8056 5.43 -13.08 -1.11 -181.00 63.00 126.00 576.00 -155.00 -1124.00 0
8066 10.16 -22.54 0.49 -184.00 88.00 134.00 576.00 -155.00 -1124.00 0
8075 11.48 -30.33 1.25 -178.00 85.00 120.00 576.00 -155.00 -1124.00 0
8084 1.81 -50.78 -1.11 -167.00 23.00 120.00 576.00 -155.00 -1124.00 0
8093 -6.19 -62.96 -4.38 -170.00 0.00 111.00 576.00 -155.00 -1124.00 0
8102 -11.27 -71.86 -7.23 -158.00 -1.00 108.00 576.00 -155.00 -1124.00 0
8113 -12.94 -75.83 -8.90 -133.00 52.00 114.00 576.00 -155.00 -1124.00 0
8122 -11.69 -75.34 -9.39 -89.00 12.00 42.00 576.00 -155.00 -1124.00 0
8131 -12.87 -72.14 -10.30 -36.00 0.00 -32.00 576.00 -155.00 -1124.00 0
8140 -16.63 -54.26 -14.26 -7.00 -16.00 -106.00 576.00 -155.00 -1124.00 0
8150 -16.42 -32.14 -16.35 54.00 -17.00 -195.00 576.00 -155.00 -1124.00 0
8159 -13.91 3.06 -17.74 -16.00 30.00 -127.00 576.00 -155.00 -1124.00 1
8169 -9.39 54.05 -16.90 -3567.00 1149.00 3855.00 576.00 -155.00 -1124.00 1
8180 -16.63 50.92 -28.17 -426.00 283.00 44.00 576.00 -155.00 -1124.00 1
8190 13.77 25.53 -8.83 -362.00 134.00 -10.00 576.00 -155.00 -1124.00 1
8201 8.14 9.04 -5.08 -255.00 -10.00 76.00 576.00 -155.00 -1124.00 1
8211 -8.42 -8.35 -11.34 -233.00 12.00 79.00 576.00 -155.00 -1124.00 1
8222 -9.60 -10.16 -9.25 -204.00 49.00 98.00 576.00 -155.00 -1124.00 1
8232 -8.00 -6.26 -6.89 -193.00 38.00 145.00 576.00 -155.00 -1124.00 1
8243 -4.31 -7.65 -0.07 -208.00 25.00 120.00 561.00 -147.00 -1354.00 1
8254 -3.20 -8.21 1.74 -206.00 39.00 131.00 561.00 -147.00 -1354.00 1
8264 -2.16 -8.28 3.55 -205.00 31.00 131.00 561.00 -147.00 -1354.00 1
8274 -2.85 -7.44 4.59 -222.00 -5.00 147.00 561.00 -147.00 -1354.00 1
8285 -5.15 -0.49 2.16 -210.00 65.00 132.00 561.00 -147.00 -1354.00 1
8294 -6.75 10.16 0.56 -233.00 56.00 133.00 561.00 -147.00 -1354.00 0
8304 -10.37 20.59 -1.81 -258.00 74.00 182.00 561.00 -145.00 -1374.00 0
8313 -13.01 29.84 -2.71 -269.00 47.00 187.00 572.00 -145.00 -1374.00 0
8323 -14.05 26.02 -3.41 -237.00 48.00 144.00 572.00 -145.00 -1374.00 0
8332 -13.36 16.49 -3.55 -199.00 66.00 124.00 572.00 -145.00 -1374.00 0
8341 -13.15 5.36 -3.27 -195.00 52.00 98.00 572.00 -145.00 -1374.00 0
8350 -15.51 -5.77 -3.20 -188.00 5.00 100.00 572.00 -145.00 -1374.00 0
8359 -19.27 -17.18 -4.03 -191.00 7.00 108.00 572.00 -145.00 -1374.00 0
8369 -21.63 -37.84 -6.19 -194.00 31.00 108.00 572.00 -145.00 -1374.00 0
8379 -20.17 -48.49 -6.26 -193.00 38.00 120.00 572.00 -145.00 -1374.00 0
8388 -18.30 -57.04 -5.43 -201.00 31.00 106.00 572.00 -145.00 -1374.00 0
8397 -16.70 -62.33 -3.76 -204.00 32.00 124.00 572.00 -145.00 -1374.00 0
8407 -14.75 -64.35 -1.53 -206.00 28.00 137.00 572.00 -145.00 -1374.00 0
8416 -11.90 -59.83 1.95 -217.00 6.00 149.00 572.00 -145.00 -1374.00 0
8425 -10.50 -55.17 2.92 -225.00 4.00 161.00 572.00 -145.00 -1374.00 0
8434 -8.00 -51.34 3.20 -232.00 6.00 181.00 572.00 -145.00 -1374.00 0
8443 -3.55 -49.53 3.27 -232.00 7.00 192.00 572.00 -145.00 -1374.00 0
8453 1.74 -50.37 2.85 -215.00 9.00 171.00 572.00 -145.00 -1374.00 0
8462 7.58 -52.80 2.09 -187.00 27.00 148.00 572.00 -145.00 -1374.00 0
8471 18.99 -54.82 0.35 -155.00 71.00 126.00 572.00 -145.00 -1374.00 0
8481 25.46 -52.24 1.25 -181.00 63.00 154.00 572.00 -145.00 -1374.00 0
8491 23.65 -48.56 0.83 -189.00 24.00 167.00 572.00 -145.00 -1374.00 0
8500 15.86 -46.40 -2.30 -195.00 56.00 181.00 572.00 -145.00 -1374.00 0
8509 10.64 -44.87 -4.87 -195.00 63.00 176.00 572.00 -145.00 -1374.00 0
8518 9.25 -44.87 -3.06 -189.00 60.00 168.00 572.00 -145.00 -1374.00 0
8527 8.70 -51.48 -1.11 -178.00 56.00 183.00 572.00 -145.00 -1374.00 0
8537 6.05 -55.44 -0.28 -195.00 52.00 210.00 572.00 -145.00 -1374.00 0
8546 1.11 -62.68 -0.97 -229.00 23.00 153.00 572.00 -145.00 -1374.00 0
8555 -6.33 -73.88 -4.17 -137.00 39.00 174.00 572.00 -145.00 -1374.00 0
8564 -12.03 -90.50 -7.23 -100.00 22.00 135.00 572.00 -145.00 -1374.00 0
8574 -19.34 -120.28 -12.59 -55.00 19.00 131.00 572.00 -145.00 -1374.00 0
8584 -23.23 -131.27 -14.68 -43.00 8.00 90.00 572.00 -145.00 -1374.00 0
8593 -24.90 -142.82 -15.58 -49.00 36.00 81.00 572.00 -145.00 -1374.00 0
8602 -25.88 -149.36 -16.14 -56.00 43.00 104.00 572.00 -145.00 -1374.00 0
8611 -28.10 -146.57 -15.93 -63.00 31.00 121.00 572.00 -145.00 -1374.00 0
8621 -30.19 -135.03 -14.12 -65.00 10.00 110.00 572.00 -145.00 -1374.00 0
8630 -36.66 -91.48 -10.02 -84.00 -7.00 102.00 572.00 -145.00 -1374.00 0
8639 -37.77 -65.04 -7.79 -97.00 -8.00 154.00 572.00 -145.00 -1374.00 0
8648 -35.13 -41.11 -5.77 -140.00 5.00 198.00 572.00 -145.00 -1374.00 0
8657 -30.47 -20.52 -4.17 -165.00 16.00 240.00 572.00 -145.00 -1374.00 0
8668 -25.95 -5.43 -3.27 -180.00 11.00 258.00 572.00 -145.00 -1374.00 0
8677 -21.91 7.72 -2.50 -171.00 17.00 252.00 572.00 -145.00 -1374.00 0
8686 -13.91 9.53 -2.30 -161.00 12.00 233.00 572.00 -145.00 -1374.00 0
8695 -11.20 9.53 -2.43 -142.00 14.00 212.00 572.00 -145.00 -1374.00 0
8705 -8.56 7.72 -2.43 -128.00 17.00 187.00 572.00 -145.00 -1374.00 0
8714 -6.05 5.84 -2.30 -123.00 25.00 190.00 572.00 -145.00 -1374.00 0
8723 -3.97 4.80 -2.30 -130.00 12.00 189.00 572.00 -145.00 -1374.00 0
8732 -2.50 7.30 -2.30 -136.00 14.00 193.00 572.00 -145.00 -1374.00 0
8741 -1.95 10.23 -2.16 -134.00 18.00 189.00 572.00 -145.00 -1374.00 0
8751 -1.46 13.77 -2.09 -135.00 16.00 194.00 572.00 -145.00 -1374.00 0
8760 -0.42 18.43 -1.60 -146.00 29.00 202.00 572.00 -145.00 -1374.00 0
8769 0.63 23.30 -1.04 -149.00 28.00 197.00 572.00 -145.00 -1374.00 0
8778 1.11 27.76 -0.49 -151.00 19.00 200.00 572.00 -145.00 -1374.00 0
8787 -0.49 34.71 -0.21 -156.00 21.00 195.00 572.00 -145.00 -1374.00 0
8797 -1.11 36.66 -0.35 -148.00 25.00 198.00 572.00 -145.00 -1374.00 0
8806 -0.90 36.80 -0.07 -143.00 22.00 186.00 572.00 -145.00 -1374.00 0
8815 -1.04 35.62 0.14 -137.00 22.00 186.00 572.00 -145.00 -1374.00 0
8824 -1.18 33.88 0.28 -139.00 26.00 179.00 572.00 -145.00 -1374.00 0
8834 -1.74 32.77 0.14 -143.00 25.00 182.00 572.00 -145.00 -1374.00 0
8843 -3.27 31.51 0.07 -148.00 20.00 180.00 572.00 -145.00 -1374.00 0
8853 -3.41 30.40 0.14 -151.00 20.00 185.00 572.00 -145.00 -1374.00 0
8862 -3.55 29.22 0.14 -159.00 18.00 194.00 572.00 -145.00 -1374.00 0
8871 -3.55 27.76 0.21 -161.00 27.00 187.00 572.00 -145.00 -1374.00 0
8881 -3.41 25.60 0.07 -155.00 28.00 185.00 572.00 -145.00 -1374.00 0
8890 -3.48 22.96 0.14 -153.00 24.00 183.00 572.00 -145.00 -1374.00 0
8899 -4.03 18.43 -0.14 -160.00 24.00 180.00 454.00 -110.00 -1297.00 0
8908 -5.15 17.60 -0.56 -157.00 22.00 178.00 454.00 -110.00 -1297.00 0
8918 -5.91 17.11 -0.77 -156.00 20.00 185.00 454.00 -110.00 -1297.00 0
8927 -5.63 16.21 -0.70 -158.00 18.00 183.00 454.00 -110.00 -1297.00 0
8936 -5.08 14.96 -0.49 -158.00 25.00 177.00 454.00 -110.00 -1297.00 0
8945 -4.52 12.17 -0.42 -152.00 25.00 170.00 454.00 -110.00 -1297.00 0
8954 -4.17 11.69 -0.35 -152.00 26.00 174.00 454.00 -110.00 -1297.00 0
8964 -4.17 11.48 -0.07 -155.00 24.00 174.00 458.00 -109.00 -1139.00 0
8973 -4.10 11.69 0.56 -160.00 25.00 167.00 458.00 -109.00 -1139.00 0
8982 -3.76 12.03 1.32 -158.00 27.00 172.00 458.00 -109.00 -1139.00 0
8991 -3.06 12.24 2.16 -156.00 34.00 170.00 458.00 -109.00 -1139.00 0
9000 -1.88 12.80 4.31 -154.00 39.00 172.00 458.00 -109.00 -1139.00 0
9010 -2.30 14.12 5.57 -157.00 26.00 170.00 458.00 -109.00 -1139.00 0
9020 -3.76 16.28 6.40 -159.00 13.00 168.00 458.00 -109.00 -1139.00 0
9029 -5.43 18.50 6.54 -157.00 11.00 166.00 468.00 -115.00 -1154.00 0
9038 -6.47 20.17 6.33 -158.00 14.00 168.00 468.00 -115.00 -1154.00 0
9048 -6.82 21.08 5.91 -150.00 20.00 170.00 468.00 -115.00 -1154.00 0
9057 -6.12 21.43 4.45 -160.00 23.00 160.00 468.00 -115.00 -1154.00 0
9066 -6.12 21.63 3.69 -157.00 20.00 170.00 468.00 -115.00 -1154.00 0
9075 -6.05 21.50 3.20 -166.00 17.00 177.00 468.00 -115.00 -1154.00 0
9084 -5.84 21.08 2.85 -172.00 20.00 175.00 468.00 -115.00 -1154.00 0
9094 -5.50 19.90 2.43 -166.00 23.00 170.00 480.00 -120.00 -1167.00 0
9103 -4.80 18.09 2.23 -164.00 31.00 165.00 480.00 -120.00 -1167.00 0
9112 -3.27 14.33 2.43 -165.00 27.00 166.00 480.00 -120.00 -1167.00 0
9121 -2.92 13.22 2.64 -169.00 26.00 170.00 480.00 -120.00 -1167.00 0
9131 -2.85 12.45 2.57 -168.00 27.00 164.00 480.00 -120.00 -1167.00 0
9140 -2.99 12.10 2.37 -166.00 24.00 161.00 480.00 -120.00 -1167.00 0
9149 -3.20 11.97 2.16 -171.00 21.00 167.00 480.00 -120.00 -1167.00 0
9158 -3.13 12.31 2.43 -166.00 19.00 165.00 486.00 -120.00 -1187.00 0
9167 -2.92 12.52 2.71 -162.00 17.00 165.00 486.00 -120.00 -1187.00 0
9178 -2.64 12.80 3.20 -164.00 21.00 161.00 486.00 -120.00 -1187.00 0
9187 -2.23 13.15 3.76 -164.00 18.00 167.00 486.00 -120.00 -1187.00 0
9196 -1.53 13.63 4.38 -166.00 17.00 167.00 486.00 -120.00 -1187.00 0
9205 -0.83 13.98 5.01 -166.00 21.00 169.00 486.00 -120.00 -1187.00 0
9214 0.97 13.70 6.26 -163.00 22.00 167.00 486.00 -120.00 -1187.00 0
9224 1.67 13.77 6.82 -155.00 27.00 164.00 493.00 -129.00 -1316.00 0
9233 2.37 14.19 7.65 -153.00 23.00 171.00 493.00 -129.00 -1316.00 0
9242 2.99 15.30 9.11 -149.00 17.00 184.00 493.00 -129.00 -1316.00 0
9251 3.41 17.04 11.69 -148.00 1.00 188.00 493.00 -129.00 -1316.00 0
9261 3.62 19.41 15.58 -143.00 -10.00 186.00 493.00 -129.00 -1316.00 0
9270 6.33 25.88 27.83 -140.00 -17.00 189.00 493.00 -129.00 -1316.00 0
9279 8.63 30.40 35.97 -131.00 -28.00 182.00 493.00 -129.00 -1316.00 0
9288 10.85 35.41 44.80 -124.00 -37.00 167.00 516.00 -158.00 -1184.00 0
9297 13.15 40.97 54.05 -120.00 -40.00 158.00 516.00 -158.00 -1184.00 0
9308 15.44 46.75 63.17 -132.00 -43.00 152.00 516.00 -158.00 -1184.00 0
9317 17.11 56.35 75.62 -162.00 -34.00 150.00 516.00 -158.00 -1184.00 0
9326 19.27 58.43 77.43 -175.00 -19.00 158.00 516.00 -158.00 -1184.00 0
9335 21.22 58.02 76.17 -182.00 37.00 175.00 516.00 -158.00 -1184.00 0
9345 25.18 55.93 73.53 -250.00 119.00 195.00 516.00 -158.00 -1184.00 0
9354 31.23 52.03 73.11 -410.00 129.00 216.00 552.00 -222.00 -1245.00 0
9364 37.63 45.70 77.43 -482.00 96.00 193.00 552.00 -222.00 -1245.00 0
9373 45.50 26.23 91.27 -415.00 92.00 160.00 552.00 -222.00 -1245.00 0
9382 49.25 14.96 93.98 -330.00 115.00 113.00 552.00 -222.00 -1245.00 0
9392 52.24 5.15 92.73 -201.00 117.00 61.00 552.00 -222.00 -1245.00 0
9401 53.57 1.88 88.77 -112.00 109.00 14.00 552.00 -222.00 -1245.00 0
9410 51.41 9.60 81.95 -50.00 120.00 2.00 552.00 -222.00 -1245.00 0
9419 36.31 48.63 62.82 -19.00 127.00 31.00 570.00 -277.00 -1387.00 0
9430 25.46 70.68 51.69 -14.00 121.00 49.00 570.00 -277.00 -1387.00 0
9439 11.34 90.09 39.37 -19.00 96.00 66.00 570.00 -277.00 -1387.00 0
9448 -3.27 104.14 27.48 -9.00 56.00 103.00 570.00 -277.00 -1387.00 0
9457 -15.23 110.96 17.18 -57.00 91.00 144.00 570.00 -277.00 -1387.00 0
9466 -22.26 110.82 6.82 -172.00 197.00 119.00 570.00 -277.00 -1387.00 0
9476 -18.37 90.37 -9.53 -258.00 215.00 135.00 570.00 -277.00 -1387.00 0
9485 -13.29 76.10 -8.70 -318.00 195.00 154.00 570.00 -265.00 -1311.00 0
9495 -9.46 59.83 -5.01 -320.00 198.00 131.00 603.00 -265.00 -1311.00 0
9504 -5.36 43.06 0.63 -274.00 212.00 131.00 603.00 -265.00 -1311.00 0
9513 -1.11 28.52 6.61 -226.00 190.00 95.00 603.00 -265.00 -1311.00 0
9523 -6.47 10.23 10.02 -173.00 127.00 72.00 603.00 -265.00 -1311.00 0
9532 -14.82 6.96 6.54 -141.00 92.00 62.00 603.00 -265.00 -1311.00 0
9541 -23.37 11.48 0.83 -137.00 60.00 58.00 603.00 -265.00 -1311.00 0