215.00 148.00 257.00 119.00 -871.00 0
1193 -2.23 -1.04 -2.23 46.00 -216.00 144.00 257.00 119.00 -871.00 0
1203 -2.30 -1.11 -2.30 45.00 -215.00 141.00 257.00 119.00 -871.00 0
1212 -2.43 -1.11 -2.50 47.00 -214.00 144.00 257.00 119.00 -871.00 0
1221 -2.43 -0.97 -2.64 42.00 -208.00 136.00 257.00 119.00 -871.00 0
1230 -2.16 -0.56 -3.06 45.00 -215.00 146.00 257.00 119.00 -871.00 0
1240 -0.90 0.56 -3.83 43.00 -212.00 140.00 255.00 120.00 -1051.00 0
1249 -0.63 1.04 -4.17 44.00 -213.00 144.00 255.00 120.00 -1051.00 0
1258 0.07 1.88 -4.87 40.00 -210.00 136.00 255.00 120.00 -1051.00 0
1267 0.83 2.85 -5.91 43.00 -209.00 140.00 255.00 120.00 -1051.00 0
1276 1.67 4.03 -7.17 45.00 -212.00 142.00 255.00 120.00 -1051.00 0
1286 2.71 5.36 -8.56 48.00 -207.00 148.00 255.00 120.00 -1051.00 0
1295 3.97 7.65 -10.85 47.00 -210.00 144.00 255.00 120.00 -1051.00 0
1304 5.98 8.56 -11.76 51.00 -212.00 147.00 254.00 115.00 -1036.00 0
1313 6.47 9.32 -12.59 43.00 -208.00 146.00 254.00 115.00 -1036.00 0
1324 6.75 9.88 -13.08 45.00 -211.00 150.00 254.00 115.00 -1036.00 0
1333 6.75 10.02 -13.29 38.00 -205.00 137.00 254.00 115.00 -1036.00 0
1342 6.54 9.95 -13.43 40.00 -215.00 128.00 254.00 115.00 -1036.00 0
1351 9.25 11.69 -16.49 48.00 -202.00 135.00 254.00 115.00 -1036.00 0
1360 10.57 13.08 -18.43 43.00 -217.00 148.00 254.00 115.00 -1036.00 0
1370 13.01 15.51 -21.50 54.00 -206.00 138.00 253.00 119.00 -907.00 0
1379 16.56 18.71 -25.81 60.00 -202.00 147.00 253.00 119.00 -907.00 0
1388 21.29 22.12 -29.63 60.00 -206.00 147.00 253.00 119.00 -907.00 0
1397 25.25 24.42 -31.93 57.00 -205.00 142.00 253.00 119.00 -907.00 0
1406 34.09 27.83 -33.74 65.00 -207.00 151.00 253.00 119.00 -907.00 0
1417 38.47 29.91 -34.92 62.00 -200.00 171.00 253.00 119.00 -907.00 0
1426 41.04 31.37 -35.06 86.00 -192.00 166.00 253.00 119.00 -907.00 0
1435 40.97 31.44 -33.60 57.00 -201.00 173.00 253.00 102.00 -1014.00 0
1444 38.82 31.03 -29.98 57.00 -196.00 170.00 253.00 102.00 -1014.00 0
1454 38.12 29.84 -26.78 51.00 -200.00 169.00 253.00 102.00 -1014.00 0
1463 35.34 26.78 -20.87 40.00 -193.00 177.00 253.00 102.00 -1014.00 0
1472 33.74 24.77 -18.16 12.00 -220.00 160.00 253.00 102.00 -1014.00 0
1482 31.17 22.33 -16.63 31.00 -188.00 167.00 253.00 102.00 -1014.00 0
1491 27.97 20.80 -19.20 14.00 -190.00 172.00 253.00 102.00 -1014.00 0
1501 25.04 19.97 -20.80 17.00 -188.00 170.00 254.00 97.00 -969.00 0
1510 22.47 14.82 -21.01 23.00 -192.00 174.00 254.00 97.00 -969.00 0
1519 19.97 11.83 -20.59 29.00 -191.00 166.00 254.00 97.00 -969.00 0
1528 19.69 10.23 -21.29 39.00 -187.00 183.00 254.00 97.00 -969.00 0
1538 20.10 10.43 -23.03 35.00 -183.00 182.00 254.00 97.00 -969.00 0
1547 20.17 10.57 -24.56 33.00 -189.00 175.00 254.00 97.00 -969.00 0
1556 19.90 10.37 -25.81 27.00 -190.00 160.00 254.00 97.00 -969.00 0
1565 19.48 8.56 -28.66 31.00 -185.00 157.00 254.00 91.00 -958.00 0
1574 22.40 6.89 -29.50 47.00 -186.00 164.00 243.00 91.00 -958.00 0
1584 25.04 5.15 -29.36 58.00 -186.00 176.00 243.00 91.00 -958.00 0
1593 26.64 3.41 -28.52 53.00 -186.00 173.00 243.00 91.00 -958.00 0
1602 26.64 2.16 -27.34 50.00 -190.00 193.00 243.00 91.00 -958.00 0
1611 25.74 1.81 -26.23 41.00 -185.00 189.00 243.00 91.00 -958.00 0
1620 24.35 1.81 -25.18 45.00 -180.00 198.00 243.00 91.00 -958.00 0
1630 23.58 3.34 -25.74 43.00 -182.00 198.00 243.00 91.00 -958.00 0
1639 23.51 4.94 -27.34 56.00 -175.00 204.00 243.00 91.00 -958.00 0
1648 22.33 7.51 -31.37 54.00 -176.00 197.00 243.00 91.00 -958.00 0
1657 19.34 10.37 -36.45 47.00 -189.00 188.00 243.00 91.00 -958.00 0
1667 16.77 13.91 -42.37 19.00 -170.00 198.00 243.00 91.00 -958.00 0
1676 15.03 17.95 -51.76 89.00 -176.00 172.00 243.00 91.00 -958.00 0
1686 13.08 20.45 -67.97 96.00 -184.00 167.00 243.00 91.00 -958.00 0
1695 11.34 20.87 -71.17 100.00 -154.00 174.00 243.00 91.00 -958.00 0
1704 10.64 18.02 -71.23 95.00 -146.00 175.00 243.00 91.00 -958.00 0
1714 8.49 13.91 -66.78 81.00 -150.00 173.00 243.00 91.00 -958.00 0
1723 5.77 10.02 -59.69 83.00 -160.00 181.00 243.00 91.00 -958.00 0
1732 2.99 6.75 -51.90 62.00 -164.00 190.00 243.00 91.00 -958.00 0
1741 -2.50 4.24 -37.84 58.00 -168.00 183.00 243.00 91.00 -958.00 0
1751 -4.66 3.83 -32.90 50.00 -166.00 176.00 243.00 91.00 -958.00 0
1760 -5.84 4.03 -29.70 50.00 -175.00 167.00 243.00 91.00 -958.00 0
1769 -5.63 4.38 -27.97 53.00 -177.00 167.00 243.00 91.00 -958.00 0
1778 -3.48 4.80 -27.69 60.00 -170.00 176.00 243.00 91.00 -958.00 0
1786 1.18 5.36 -29.08 86.00 -165.00 190.00 243.00 91.00 -958.00 0
1796 7.03 6.82 -33.46 100.00 -166.00 185.00 243.00 91.00 -958.00 0
1805 13.50 7.30 -33.39 108.00 -166.00 192.00 243.00 91.00 -958.00 0
1815 12.73 8.35 -31.72 88.00 -166.00 180.00 243.00 91.00 -958.00 0
1824 8.97 9.60 -29.01 74.00 -164.00 183.00 243.00 91.00 -958.00 0
1832 4.94 10.50 -26.09 60.00 -171.00 190.00 243.00 91.00 -958.00 0
1842 1.67 11.48 -23.03 59.00 -170.00 198.00 243.00 91.00 -958.00 0
1851 -0.70 12.31 -18.57 42.00 -176.00 200.00 243.00 91.00 -958.00 0
1860 -4.03 12.87 -18.43 43.00 -176.00 208.00 243.00 91.00 -958.00 0
1869 -5.29 13.43 -19.62 56.00 -174.00 207.00 243.00 91.00 -958.00 0
1880 -6.33 13.98 -21.43 58.00 -163.00 206.00 243.00 91.00 -958.00 0
1889 -7.17 13.63 -23.10 80.00 -152.00 206.00 243.00 91.00 -958.00 0
1898 -7.72 11.90 -24.83 91.00 -149.00 193.00 187.00 104.00 -1129.00 0
1907 -8.21 8.21 -25.60 98.00 -150.00 181.00 187.00 104.00 -1129.00 0
1916 -7.23 -1.81 -23.93 123.00 -161.00 172.00 187.00 104.00 -1129.00 0
1926 -4.17 -6.75 -21.98 123.00 -151.00 187.00 187.00 104.00 -1129.00 0
1935 -0.07 -11.06 -19.69 90.00 -166.00 183.00 187.00 104.00 -1129.00 0
1944 4.87 -13.43 -16.49 66.00 -177.00 167.00 187.00 104.00 -1129.00 0
1953 11.20 -13.77 -14.54 64.00 -178.00 168.00 187.00 104.00 -1129.00 0
1963 19.48 -9.18 -17.46 59.00 -168.00 176.00 171.00 92.00 -1109.00 0
1972 40.07 -6.54 -20.24 63.00 -172.00 183.00 171.00 92.00 -1109.00 0
1981 48.42 -5.22 -22.96 78.00 -140.00 171.00 171.00 92.00 -1109.00 0
1991 53.01 -5.50 -28.31 93.00 -135.00 155.00 171.00 92.00 -1109.00 0
2000 56.90 -6.12 -31.17 99.00 -134.00 165.00 171.00 92.00 -1109.00 0
2010 61.77 -5.98 -30.61 103.00 -116.00 182.00 171.00 92.00 -1109.00 0
2019 65.25 -5.01 -29.08 98.00 -122.00 203.00 171.00 92.00 -1109.00 0
2028 69.57 -3.76 -25.67 102.00 -125.00 200.00 162.00 62.00 -1033.00 0
2037 69.22 -3.13 -21.22 68.00 -150.00 261.00 162.00 62.00 -1033.00 0
2046 63.51 0.00 -17.53 85.00 -118.00 200.00 162.00 62.00 -1033.00 0
2056 51.97 8.49 -19.90 30.00 -148.00 207.00 162.00 62.00 -1033.00 0
2065 46.33 11.06 -18.23 25.00 -152.00 216.00 162.00 62.00 -1033.00 0
2074 36.17 10.64 -16.97 69.00 -103.00 188.00 162.00 62.00 -1033.00 0
2083 23.65 5.57 -25.46 77.00 -121.00 189.00 162.00 62.00 -1033.00 0
2093 21.50 4.17 -27.55 68.00 -128.00 176.00 162.00 53.00 -1135.00 0
2102 23.37 3.41 -26.30 77.00 -117.00 161.00 162.00 53.00 -1135.00 0
2111 25.46 1.60 -24.56 -86.00 -238.00 280.00 162.00 53.00 -1135.00 0
2121 25.88 -0.07 -21.50 -8.00 -131.00 142.00 162.00 53.00 -1135.00 0
2130 11.76 -2.85 -33.39 77.00 -140.00 217.00 162.00 53.00 -1135.00 0
2140 12.66 0.00 -34.50 130.00 -75.00 154.00 162.00 53.00 -1135.00 0
2149 8.90 1.18 -33.18 118.00 -105.00 210.00 162.00 53.00 -1135.00 0
2158 10.23 5.01 -24.07 115.00 -107.00 204.00 158.00 51.00 -1146.00 0
2167 10.71 6.68 -11.48 92.00 -115.00 209.00 158.00 51.00 -1146.00 0
2177 8.97 6.47 1.18 62.00 -128.00 226.00 158.00 51.00 -1146.00 0
2186 5.91 6.82 19.27 48.00 -134.00 222.00 158.00 51.00 -1146.00 0
2195 -0.42 7.10 23.30 58.00 -133.00 225.00 158.00 51.00 -1146.00 0
2204 -1.74 6.68 25.46 65.00 -126.00 203.00 158.00 51.00 -1146.00 0
2213 -2.30 4.59 26.99 67.00 -122.00 215.00 158.00 51.00 -1146.00 0
2223 -1.81 2.92 28.10 67.00 -125.00 212.00 178.00 45.00 -1002.00 0
2232 -0.21 2.64 29.15 64.00 -126.00 205.00 178.00 45.00 -1002.00 0
2241 1.95 3.83 28.80 59.00 -132.00 195.00 178.00 45.00 -1002.00 0
2250 14.12 8.77 26.92 71.00 -131.00 213.00 178.00 45.00 -1002.00 0
2259 22.96 12.38 23.37 61.00 -132.00 215.00 178.00 45.00 -1002.00 0
2269 29.22 16.56 18.85 56.00 -136.00 215.00 178.00 45.00 -1002.00 0
2278 33.04 20.52 14.19 60.00 -137.00 225.00 178.00 45.00 -1002.00 0
2287 34.30 24.97 9.25 55.00 -140.00 215.00 178.00 45.00 -1002.00 0
2296 32.07 29.15 0.07 184.00 37.00 1063.00 178.00 45.00 -1002.00 0
2306 3.20 36.73 -9.32 188.00 -57.00 226.00 178.00 45.00 -1002.00 0
2315 -24.00 33.32 -18.50 -14.00 -175.00 140.00 178.00 45.00 -1002.00 0
2324 -84.45 38.12 -38.75 77.00 -122.00 123.00 178.00 45.00 -1002.00 0
2334 -185.46 51.97 -89.95 180.00 -19.00 94.00 178.00 45.00 -1002.00 0
2343 -258.23 62.54 -128.21 109.00 -219.00 -54.00 178.00 45.00 -1002.00 0
2353 -368.21 109.70 -141.29 77.00 -34.00 109.00 178.00 45.00 -1002.00 0
2362 -330.71 111.86 -128.63 723.00 164.00 238.00 178.00 45.00 -1002.00 0
2371 -248.21 98.16 -98.02 34.00 -288.00 225.00 178.00 45.00 -1002.00 0
2381 -185.88 73.74 -56.21 39.00 -186.00 125.00 178.00 45.00 -1002.00 0
2391 -159.65 52.80 -35.55 43.00 -198.00 139.00 178.00 45.00 -1002.00 0
2400 -141.36 42.57 -23.44 45.00 -188.00 151.00 178.00 45.00 -1002.00 0
2409 -110.26 38.40 -9.46 53.00 -185.00 131.00 178.00 45.00 -1002.00 0
2418 -91.41 36.38 -3.55 56.00 -194.00 149.00 178.00 45.00 -1002.00 0
2427 -68.59 31.86 1.67 51.00 -194.00 158.00 178.00 45.00 -1002.00 0
2437 -48.42 26.37 5.63 50.00 -212.00 193.00 178.00 45.00 -1002.00 0
2446 -31.79 21.22 9.04 49.00 -200.00 186.00 178.00 45.00 -1002.00 0
2455 -21.29 14.26 12.45 53.00 -195.00 172.00 178.00 45.00 -1002.00 0
2465 -13.63 -2.02 13.91 65.00 -195.00 159.00 178.00 45.00 -1002.00 0
2475 -13.50 -7.65 15.03 66.00 -186.00 152.00 178.00 45.00 -1002.00 0
2484 -11.13 -9.60 16.35 44.00 -211.00 166.00 178.00 45.00 -1002.00 0
2493 -6.89 -8.42 18.16 -86.00 -265.00 4.00 178.00 45.00 -1002.00 0
2502 -6.33 -1.32 16.21 31.00 -239.00 173.00 178.00 45.00 -1002.00 0
2511 22.40 44.17 -0.63 417.00 -153.00 591.00 178.00 45.00 -1002.00 0
2521 60.38 121.39 -29.63 58.00 -126.00 175.00 178.00 45.00 -1002.00 0
2530 61.50 92.87 -28.03 -91.00 -314.00 138.00 178.00 45.00 -1002.00 0
2539 66.71 74.23 -19.55 -34.00 -241.00 182.00 178.00 45.00 -1002.00 0
2548 67.83 67.69 -16.28 21.00 -175.00 234.00 178.00 45.00 -1002.00 0
2557 68.52 62.12 -11.83 92.00 -175.00 217.00 178.00 45.00 -1002.00 0
2567 72.42 44.03 13.77 -8.00 -183.00 209.00 178.00 45.00 -1002.00 0
2576 74.85 29.84 24.90 9.00 -184.00 139.00 178.00 45.00 -1002.00 0
2586 75.34 19.83 30.54 -24.00 -163.00 183.00 178.00 45.00 -1002.00 0
2595 82.57 14.68 32.42 19.00 -153.00 186.00 178.00 45.00 -1002.00 0
2605 92.73 9.67 33.95 -18.00 -209.00 200.00 178.00 45.00 -1002.00 0
2614 102.26 6.33 35.62 27.00 -176.00 281.00 178.00 45.00 -1002.00 0
2623 94.89 21.08 24.42 47.00 -107.00 149.00 178.00 45.00 -1002.00 0
2632 82.16 18.99 17.04 105.00 -103.00 302.00 178.00 45.00 -1002.00 0
2641 73.81 15.72 13.50 78.00 -124.00 140.00 178.00 45.00 -1002.00 0
2651 69.98 8.14 16.21 59.00 -149.00 199.00 178.00 45.00 -1002.00 0
2660 63.93 10.71 20.31 50.00 -147.00 253.00 178.00 45.00 -1002.00 0
2669 57.32 16.63 22.75 -6.00 -172.00 210.00 178.00 45.00 -1002.00 0
2678 44.17 20.31 27.27 19.00 -148.00 241.00 178.00 45.00 -1002.00 0
2689 40.00 20.38 28.03 5.00 -133.00 219.00 178.00 45.00 -1002.00 0
2698 38.82 18.37 28.94 -6.00 -139.00 240.00 178.00 45.00 -1002.00 0
2707 39.79 15.10 29.43 -39.00 -138.00 202.00 178.00 45.00 -1002.00 0
2716 41.88 12.03 28.59 -46.00 -133.00 172.00 178.00 45.00 -1002.00 0
2725 44.94 9.11 26.71 -12.00 -135.00 220.00 178.00 45.00 -1002.00 0
2735 56.00 -8.14 30.61 21.00 -154.00 241.00 178.00 45.00 -1002.00 0
2744 61.08 -14.68 31.72 -23.00 -138.00 174.00 178.00 45.00 -1002.00 0
2753 61.98 -20.52 32.28 60.00 -122.00 275.00 178.00 45.00 -1002.00 0
2762 62.26 -22.82 31.10 -1.00 -140.00 233.00 178.00 45.00 -1002.00 0
2771 60.80 -23.58 28.94 -36.00 -167.00 207.00 178.00 45.00 -1002.00 0
2781 54.12 -20.52 24.28 -41.00 -171.00 202.00 178.00 45.00 -1002.00 0
2791 38.12 -12.59 7.93 23.00 -95.00 237.00 178.00 45.00 -1002.00 0
2800 30.12 -17.53 5.91 138.00 -86.00 233.00 178.00 45.00 -1002.00 0
2809 24.00 -29.63 15.17 8.00 -87.00 263.00 178.00 45.00 -1002.00 0
2819 20.24 -51.90 38.19 114.00 -67.00 250.00 178.00 45.00 -1002.00 0
2828 16.49 -76.38 67.34 120.00 -99.00 219.00 178.00 45.00 -1002.00 0
2837 10.78 -96.07 96.83 76.00 -127.00 203.00 178.00 45.00 -1002.00 0
2846 6.33 -111.72 128.83 41.00 -103.00 215.00 178.00 45.00 -1002.00 0
2855 6.19 -103.51 127.93 37.00 -123.00 209.00 178.00 45.00 -1002.00 0
2865 7.30 -91.83 117.70 10.00 -148.00 200.00 178.00 45.00 -1002.00 0
2874 7.58 -77.77 102.40 19.00 -137.00 224.00 178.00 45.00 -1002.00 0
2883 6.33 -64.00 83.69 18.00 -125.00 215.00 178.00 45.00 -1002.00 0
2892 2.92 -52.31 45.43 23.00 -102.00 190.00 178.00 45.00 -1002.00 0
2903 0.35 -34.30 30.96 30.00 -109.00 188.00 178.00 45.00 -1002.00 0
2912 1.04 -25.18 21.22 23.00 -113.00 207.00 178.00 45.00 -1002.00 0
2921 2.02 -15.30 14.96 5.00 -118.00 223.00 178.00 45.00 -1002.00 0
2930 3.41 -6.82 10.64 7.00 -122.00 225.00 178.00 45.00 -1002.00 0
2939 6.47 -2.57 7.23 12.00 -120.00 218.00 178.00 45.00 -1002.00 0
2949 9.81 -2.37 4.87 24.00 -114.00 211.00 284.00 6.00 -1087.00 0
2958 11.27 -6.61 2.99 24.00 -120.00 217.00 284.00 6.00 -1087.00 0
2966 10.30 -8.42 3.62 27.00 -121.00 215.00 284.00 6.00 -1087.00 0
2975 7.86 -9.53 4.31 28.00 -119.00 212.00 284.00 6.00 -1087.00 0
2984 4.73 -10.23 4.52 34.00 -114.00 213.00 284.00 6.00 -1087.00 0
2994 2.92 -10.92 4.73 33.00 -117.00 206.00 284.00 6.00 -1087.00 0
3003 3.20 -11.62 5.08 40.00 -119.00 213.00 284.00 6.00 -1087.00 0
3012 10.78 -14.89 6.75 37.00 -117.00 231.00 286.00 -2.00 -985.00 0
3021 16.83 -16.49 8.97 31.00 -116.00 230.00 286.00 -2.00 -985.00 0
3031 23.23 -18.23 12.03 31.00 -122.00 241.00 286.00 -2.00 -985.00 0
3040 29.57 -20.38 15.51 37.00 -126.00 237.00 286.00 -2.00 -985.00 0
3049 35.06 -22.82 17.95 43.00 -121.00 222.00 286.00 -2.00 -985.00 0
3058 39.86 -25.11 19.20 47.00 -121.00 206.00 286.00 -2.00 -985.00 0
3067 44.80 -26.37 17.67 35.00 -126.00 191.00 286.00 -2.00 -985.00 0
3077 53.63 -22.47 13.84 63.00 -114.00 189.00 280.00 -37.00 -996.00 0
3086 58.50 -17.39 9.53 48.00 -62.00 224.00 280.00 -37.00 -996.00 0
3095 63.37 -12.59 6.40 44.00 -88.00 217.00 280.00 -37.00 -996.00 0
3104 66.64 -8.21 2.85 42.00 -83.00 213.00 280.00 -37.00 -996.00 0
3113 69.63 -1.88 -3.06 35.00 -67.00 216.00 280.00 -37.00 -996.00 0
3123 72.00 5.57 -8.28 35.00 -67.00 220.00 280.00 -37.00 -996.00 0
3132 76.73 21.63 -11.97 21.00 -61.00 220.00 280.00 -37.00 -996.00 0
3141 77.98 29.43 -13.29 15.00 -52.00 231.00 298.00 -77.00 -1118.00 0
3150 77.43 35.97 -15.65 14.00 -37.00 235.00 298.00 -77.00 -1118.00 0
3160 74.85 39.10 -17.11 25.00 -39.00 233.00 298.00 -77.00 -1118.00 0
3169 70.47 39.30 -16.00 47.00 -64.00 201.00 298.00 -77.00 -1118.00 0
3178 63.93 40.35 -11.83 53.00 -63.00 238.00 298.00 -77.00 -1118.00 0
3187 48.97 50.57 -3.83 64.00 -93.00 248.00 298.00 -77.00 -1118.00 0
3197 39.23 61.08 -6.33 -6.00 -89.00 242.00 298.00 -77.00 -1118.00 0
3207 30.12 75.76 -17.46 9.00 -28.00 283.00 298.00 -77.00 -1118.00 0
3216 19.13 89.18 -36.73 -43.00 -123.00 261.00 298.00 -77.00 -1118.00 0
3225 3.06 99.69 -58.16 2.00 -95.00 291.00 298.00 -77.00 -1118.00 0
3234 -4.94 102.05 -70.05 -44.00 -146.00 264.00 298.00 -77.00 -1118.00 0
3244 -15.65 88.35 -83.27 -18.00 -132.00 247.00 298.00 -77.00 -1118.00 0
3253 -14.40 79.93 -76.03 -7.00 -79.00 249.00 298.00 -77.00 -1118.00 0
3262 -6.33 72.97 -65.18 -13.00 -70.00 241.00 298.00 -77.00 -1118.00 0
3271 -0.70 69.36 -55.65 -25.00 -58.00 223.00 298.00 -77.00 -1118.00 0
3280 1.46 66.64 -48.00 -22.00 -45.00 217.00 298.00 -77.00 -1118.00 0
3290 0.77 61.77 -43.41 -30.00 -28.00 207.00 298.00 -77.00 -1118.00 0
3299 -5.08 50.99 -39.86 -26.00 -31.00 220.00 298.00 -77.00 -1118.00 0
3308 -8.14 45.91 -36.80 -34.00 -36.00 218.00 298.00 -77.00 -1118.00 0
3317 -11.27 41.32 -32.49 -36.00 -60.00 213.00 298.00 -77.00 -1118.00 0
3326 -14.40 36.73 -27.34 -44.00 -88.00 244.00 298.00 -77.00 -1118.00 0
3336 -15.17 31.51 -22.26 -50.00 -93.00 245.00 298.00 -77.00 -1118.00 0
3345 -13.08 24.97 -17.95 -36.00 -82.00 236.00 298.00 -77.00 -1118.00 0
3354 -4.24 9.60 -11.34 -25.00 -85.00 221.00 298.00 -77.00 -1118.00 0
3363 -1.81 4.80 -9.53 -29.00 -112.00 208.00 298.00 -77.00 -1118.00 0
3373 -1.11 2.85 -9.32 -32.00 -121.00 227.00 298.00 -77.00 -1118.00 0
3382 -0.63 2.85 -10.99 -34.00 -124.00 246.00 298.00 -77.00 -1118.00 0
3391 -0.83 3.76 -14.54 -38.00 -116.00 246.00 298.00 -77.00 -1118.00 0
3400 -1.32 4.73 -19.27 -39.00 -104.00 251.00 298.00 -77.00 -1118.00 0
3409 0.56 5.43 -26.71 -28.00 -75.00 243.00 298.00 -77.00 -1118.00 0
3419 2.37 5.22 -28.59 -27.00 -60.00 232.00 298.00 -77.00 -1118.00 0
3428 4.24 5.01 -28.73 -17.00 -58.00 234.00 298.00 -77.00 -1118.00 0
3437 5.84 5.08 -27.27 -31.00 -46.00 230.00 298.00 -77.00 -1118.00 0
3446 9.18 5.98 -24.21 -32.00 -50.00 238.00 298.00 -77.00 -1118.00 0
3456 13.57 6.26 -19.48 -22.00 -66.00 229.00 298.00 -77.00 -1118.00 0
3465 17.04 6.61 -9.04 -20.00 -51.00 225.00 298.00 -77.00 -1118.00 0
3474 21.98 7.10 -6.05 -14.00 -56.00 213.00 298.00 -77.00 -1118.00 0
3483 20.87 7.03 -3.90 -20.00 -54.00 209.00 298.00 -77.00 -1118.00 0
3492 18.16 7.51 -2.92 -22.00 -67.00 209.00 298.00 -77.00 -1118.00 0
3502 13.84 8.42 -2.85 -28.00 -62.00 218.00 298.00 -77.00 -1118.00 0
3511 10.50 9.88 -3.13 -39.00 -62.00 221.00 298.00 -77.00 -1118.00 0
3520 7.58 11.20 -3.83 -42.00 -56.00 253.00 298.00 -77.00 -1118.00 0
3529 6.05 12.94 -4.87 -39.00 -63.00 249.00 298.00 -77.00 -1118.00 0
3538 4.87 12.66 -4.03 -44.00 -69.00 251.00 373.00 -54.00 -1202.00 0
3548 3.13 12.31 -3.34 -38.00 -88.00 239.00 373.00 -54.00 -1202.00 0
3557 0.00 11.62 -3.13 -19.00 -94.00 234.00 373.00 -54.00 -1202.00 0
3566 -3.06 11.13 -3.97 -23.00 -94.00 231.00 373.00 -54.00 -1202.00 0
3575 -5.77 10.99 -4.87 -15.00 -106.00 236.00 373.00 -54.00 -1202.00 0
3585 -7.37 11.41 -7.86 -28.00 -99.00 228.00 373.00 -54.00 -1202.00 0
3594 -5.36 13.01 -8.83 -19.00 -93.00 223.00 373.00 -54.00 -1202.00 0
3603 -2.16 13.91 -9.25 -23.00 -68.00 232.00 378.00 -52.00 -1035.00 0
3612 2.99 15.51 -8.97 -31.00 -57.00 223.00 378.00 -52.00 -1035.00 0
3621 6.75 16.35 -7.58 -2.00 -77.00 216.00 378.00 -52.00 -1035.00 0
3631 6.82 14.68 -7.10 -2.00 -79.00 205.00 378.00 -52.00 -1035.00 0
3640 5.01 13.08 -7.03 -25.00 -67.00 225.00 378.00 -52.00 -1035.00 0
3649 4.73 13.36 -6.96 -5.00 -117.00 250.00 378.00 -52.00 -1035.00 0
3658 4.87 15.58 -9.88 -59.00 -76.00 248.00 378.00 -52.00 -1035.00 0
3667 12.73 20.24 -11.55 -20.00 -62.00 249.00 382.00 -59.00 -1025.00 0
3677 16.49 20.87 -13.57 -29.00 -57.00 230.00 382.00 -59.00 -1025.00 0
3686 18.64 22.19 -15.79 -33.00 -48.00 233.00 382.00 -59.00 -1025.00 0
3695 21.57 23.58 -16.77 -41.00 -39.00 235.00 382.00 -59.00 -1025.00 0
3704 24.90 27.06 -19.69 -45.00 -38.00 248.00 382.00 -59.00 -1025.00 0
3714 25.18 27.13 -20.73 -54.00 -27.00 242.00 382.00 -59.00 -1025.00 0
3723 26.50 25.81 -20.73 -46.00 -11.00 243.00 382.00 -59.00 -1025.00 0
3732 27.83 23.51 -19.97 -108.00 11.00 201.00 387.00 -65.00 -1212.00 0
3742 27.83 21.22 -18.71 -42.00 -5.00 230.00 387.00 -65.00 -1212.00 0
3751 23.44 17.11 -16.77 -39.00 -21.00 231.00 387.00 -65.00 -1212.00 0
3761 12.45 11.34 -11.83 -50.00 -20.00 236.00 387.00 -65.00 -1212.00 0
3770 8.00 10.64 -9.32 -27.00 -43.00 229.00 387.00 -65.00 -1212.00 0
3779 4.24 9.46 -6.05 -31.00 -45.00 227.00 387.00 -65.00 -1212.00 0
3788 3.34 9.18 -3.06 -15.00 -53.00 235.00 387.00 -65.00 -1212.00 0
3798 2.23 9.60 -0.90 -23.00 -61.00 232.00 387.00 -65.00 -1212.00 0
3806 3.06 11.06 0.97 -32.00 -61.00 246.00 387.00 -65.00 -1212.00 0
3815 6.05 12.80 1.46 -29.00 -46.00 252.00 387.00 -65.00 -1212.00 0
3824 7.65 12.45 0.83 -41.00 -30.00 248.00 387.00 -65.00 -1212.00 0
3833 10.02 11.48 1.11 -37.00 -11.00 232.00 387.00 -65.00 -1212.00 0
3843 11.34 9.11 2.02 -34.00 -22.00 234.00 387.00 -65.00 -1212.00 0
3852 12.52 7.17 4.24 -31.00 -27.00 225.00 387.00 -65.00 -1212.00 0
3861 13.01 5.98 6.68 -37.00 -34.00 224.00 387.00 -65.00 -1212.00 0
3870 11.97 5.63 8.14 -37.00 -35.00 223.00 387.00 -65.00 -1212.00 0
3879 5.84 5.15 8.42 -39.00 -37.00 218.00 387.00 -65.00 -1212.00 0
3889 2.43 4.73 8.49 -38.00 -63.00 212.00 387.00 -65.00 -1212.00 0
3898 0.28 4.66 9.25 -43.00 -51.00 227.00 387.00 -65.00 -1212.00 0
3907 0.56 5.15 9.88 -49.00 -71.00 217.00 387.00 -65.00 -1212.00 0
3916 0.56 5.63 10.30 -49.00 -49.00 230.00 387.00 -65.00 -1212.00 0
3926 3.83 6.33 11.13 -51.00 -48.00 223.00 387.00 -65.00 -1212.00 0
3935 9.88 6.61 13.98 -52.00 -37.00 224.00 387.00 -65.00 -1212.00 0
3944 11.83 6.96 14.61 -59.00 -44.00 228.00 387.00 -65.00 -1212.00 0
3953 12.87 7.37 15.37 -68.00 -45.00 244.00 387.00 -65.00 -1212.00 0
3962 13.70 9.32 15.58 -63.00 -40.00 249.00 387.00 -65.00 -1212.00 0
3972 13.22 11.69 14.54 -49.00 -31.00 244.00 387.00 -65.00 -1212.00 0
3981 11.69 12.94 12.59 -20.00 15.00 255.00 387.00 -65.00 -1212.00 0
3990 2.23 11.97 3.90 -53.00 -77.00 190.00 387.00 -65.00 -1212.00 0
3999 -6.40 12.52 1.32 -36.00 -51.00 211.00 387.00 -65.00 -1212.00 0
4008 -6.68 12.59 3.34 -31.00 -51.00 208.00 387.00 -65.00 -1212.00 0
4018 -6.12 12.94 6.47 -39.00 -58.00 220.00 387.00 -65.00 -1212.00 0
4027 -5.22 13.91 8.63 -47.00 -50.00 237.00 387.00 -65.00 -1212.00 0
4036 -4.10 14.89 9.46 -63.00 -58.00 241.00 387.00 -65.00 -1212.00 0
4045 -3.55 15.58 7.72 -67.00 -60.00 255.00 387.00 -65.00 -1212.00 0
4055 -2.02 18.85 4.10 -69.00 -42.00 266.00 387.00 -65.00 -1212.00 0
4064 0.28 19.06 3.48 -70.00 -43.00 264.00 431.00 -95.00 -1009.00 0
4073 0.56 18.43 2.23 -74.00 -34.00 267.00 431.00 -95.00 -1009.00 0
4082 0.00 17.18 0.70 -71.00 -25.00 254.00 431.00 -95.00 -1009.00 0
4091 -2.02 15.17 -1.04 -67.00 -26.00 249.00 431.00 -95.00 -1009.00 0
4101 -4.59 12.66 -2.71 -60.00 -32.00 240.00 431.00 -95.00 -1009.00 0
4110 -9.46 7.10 -3.69 -55.00 -28.00 224.00 431.00 -95.00 -1009.00 0
4119 -10.50 5.15 -3.48 -55.00 -28.00 219.00 431.00 -95.00 -1009.00 0
4128 -10.99 4.03 -2.92 -57.00 -28.00 217.00 438.00 -91.00 -987.00 0
4137 -11.27 3.69 -1.74 -54.00 -29.00 220.00 438.00 -91.00 -987.00 0
4147 -11.55 3.76 -0.63 -60.00 -36.00 221.00 438.00 -91.00 -987.00 0
4156 -12.31 4.10 0.07 -58.00 -44.00 229.00 438.00 -91.00 -987.00 0
4165 -13.29 4.38 0.49 -57.00 -57.00 230.00 438.00 -91.00 -987.00 0
4174 -14.82 5.08 1.25 -59.00 -52.00 230.00 438.00 -91.00 -987.00 0
4183 -14.82 5.77 1.88 -59.00 -57.00 232.00 438.00 -91.00 -987.00 0
4192 -14.61 6.33 2.23 -60.00 -57.00 231.00 445.00 -90.00 -895.00 0
4201 -13.70 7.10 2.71 -63.00 -51.00 227.00 445.00 -90.00 -895.00 0
4210 -12.73 7.93 3.13 -65.00 -54.00 226.00 445.00 -90.00 -895.00 0
4219 -11.76 8.83 3.41 -69.00 -57.00 229.00 445.00 -90.00 -895.00 0
4229 -10.92 10.78 3.83 -71.00 -55.00 227.00 445.00 -90.00 -895.00 0
4238 -8.49 12.03 3.90 -70.00 -48.00 227.00 445.00 -90.00 -895.00 0
4247 -7.37 13.43 3.97 -70.00 -46.00 219.00 445.00 -90.00 -895.00 0
4256 -7.03 14.75 4.24 -69.00 -39.00 214.00 445.00 -90.00 -895.00 0
4265 -6.96 15.93 5.01 -65.00 -45.00 212.00 445.00 -90.00 -895.00 0
4275 -8.00 17.39 5.91 -71.00 -47.00 219.00 445.00 -90.00 -895.00 0
4284 -9.60 19.06 6.89 -74.00 -50.00 226.00 445.00 -90.00 -895.00 0
4293 -11.97 21.15 7.58 -76.00 -43.00 226.00 445.00 -90.00 -895.00 0
4302 -11.90 21.43 7.72 -75.00 -43.00 229.00 445.00 -90.00 -895.00 0
4312 -12.52 20.80 7.65 -74.00 -54.00 225.00 445.00 -90.00 -895.00 0
4321 -13.63 19.97 7.58 -74.00 -51.00 223.00 445.00 -90.00 -895.00 0
4330 -14.26 18.85 7.72 -76.00 -58.00 218.00 445.00 -90.00 -895.00 0
4338 -14.61 17.81 7.79 -74.00 -55.00 214.00 445.00 -90.00 -895.00 0
4347 -14.40 16.77 8.14 -76.00 -60.00 218.00 445.00 -90.00 -895.00 0
4357 -13.63 16.70 8.21 -78.00 -61.00 220.00 445.00 -90.00 -895.00 0
4366 -13.01 16.77 8.21 -86.00 -59.00 224.00 445.00 -90.00 -895.00 0
4375 -12.45 16.42 7.51 -85.00 -58.00 220.00 445.00 -90.00 -895.00 0
4384 -11.83 15.93 6.54 -84.00 -53.00 219.00 445.00 -90.00 -895.00 0
4393 -11.06 15.03 5.70 -84.00 -48.00 224.00 445.00 -90.00 -895.00 0
4403 -10.16 14.40 5.08 -90.00 -48.00 232.00 445.00 -90.00 -895.00 0
4412 -9.60 12.10 4.52 -92.00 -59.00 236.00 445.00 -90.00 -895.00 0
4421 -9.39 9.88 4.17 -87.00 -57.00 222.00 445.00 -90.00 -895.00 0
4430 -8.97 7.30 3.83 -82.00 -56.00 213.00 445.00 -90.00 -895.00 0
4440 -8.77 5.08 3.55 -74.00 -62.00 212.00 445.00 -90.00 -895.00 0
4449 -8.70 3.62 3.13 -77.00 -61.00 206.00 445.00 -90.00 -895.00 0
4458 -8.35 3.06 2.71 -84.00 -56.00 209.00 483.00 -90.00 -895.00 0
4467 -7.93 2.85 2.16 -79.00 -61.00 213.00 483.00 -90.00 -895.00 0
4475 -7.17 3.41 0.90 -91.00 -54.00 217.00 483.00 -90.00 -895.00 0
4485 -6.40 4.24 0.14 -88.00 -57.00 227.00 483.00 -90.00 -895.00 0
4494 -6.19 4.87 -0.63 -89.00 -53.00 226.00 483.00 -90.00 -895.00 0
4503 -5.84 5.15 -1.18 -87.00 -54.00 230.00 483.00 -90.00 -895.00 0
4512 -5.63 5.01 -1.67 -81.00 -50.00 227.00 483.00 -90.00 -895.00 0
4521 -5.50 5.01 -1.67 -80.00 -55.00 218.00 484.00 -89.00 -898.00 0
4531 -5.08 5.01 -0.42 -78.00 -57.00 212.00 484.00 -89.00 -898.00 0
4540 -4.52 4.94 0.28 -80.00 -54.00 217.00 484.00 -89.00 -898.00 0
4549 -4.10 5.01 0.83 -81.00 -52.00 219.00 484.00 -89.00 -898.00 0
4557 -3.90 5.22 1.11 -85.00 -52.00 224.00 484.00 -89.00 -898.00 0
4567 -3.76 5.08 1.04 -84.00 -50.00 228.00 484.00 -89.00 -898.00 0
4576 -3.97 4.66 0.70 -98.00 -59.00 240.00 484.00 -89.00 -898.00 0
4585 -4.38 3.90 0.21 -95.00 -56.00 233.00 484.00 -91.00 -908.00 0
4594 -3.97 2.43 0.07 -90.00 -49.00 229.00 491.00 -91.00 -908.00 0
4603 -2.99 -2.50 0.00 -82.00 -57.00 212.00 491.00 -91.00 -908.00 0
4613 -2.99 -4.38 0.00 -78.00 -58.00 213.00 491.00 -91.00 -908.00 0
4622 -2.30 -5.43 0.07 -79.00 -59.00 212.00 491.00 -91.00 -908.00 0
4630 -2.02 -5.70 -0.14 -77.00 -60.00 214.00 491.00 -91.00 -908.00 0
4639 -1.74 -5.50 -0.49 -79.00 -51.00 210.00 491.00 -91.00 -908.00 0
4648 -1.46 -5.01 -0.83 -87.00 -49.00 217.00 491.00 -91.00 -908.00 0
4658 -1.46 -4.38 -1.67 -82.00 -55.00 223.00 491.00 -91.00 -908.00 0
4667 -1.67 -3.90 -2.02 -78.00 -46.00 218.00 491.00 -91.00 -908.00 0
4676 -1.67 -3.76 -2.43 -85.00 -47.00 220.00 491.00 -91.00 -908.00 0
4685 -1.81 -3.20 -2.71 -86.00 -48.00 213.00 491.00 -91.00 -908.00 0
4695 -1.88 -2.30 -2.43 -88.00 -53.00 221.00 491.00 -91.00 -908.00 0
4704 -2.37 -1.53 -2.16 -88.00 -56.00 230.00 491.00 -91.00 -908.00 0
4712 -2.64 -1.25 -1.95 -93.00 -55.00 236.00 491.00 -91.00 -908.00 0
4721 -2.50 -3.55 -1.81 -89.00 -52.00 229.00 491.00 -91.00 -908.00 0
4730 -2.23 -5.84 -1.74 -80.00 -48.00 217.00 491.00 -91.00 -908.00 0
4740 -1.81 -7.79 -1.32 -74.00 -58.00 221.00 491.00 -91.00 -908.00 0
4749 -1.67 -9.32 -0.77 -79.00 -52.00 217.00 491.00 -91.00 -908.00 0
4758 -1.74 -10.43 -0.77 -78.00 -51.00 206.00 491.00 -91.00 -908.00 0
4767 -1.74 -11.20 -0.77 -74.00 -51.00 208.00 491.00 -91.00 -908.00 0
4776 -2.02 -11.34 -0.77 -79.00 -54.00 213.00 491.00 -91.00 -908.00 0
4786 -3.34 -10.85 -1.67 -83.00 -51.00 214.00 484.00 -90.00 -815.00 0
4795 -3.69 -10.43 -2.43 -82.00 -48.00 224.00 484.00 -90.00 -815.00 0
4804 -3.97 -10.16 -2.99 -90.00 -48.00 232.00 484.00 -90.00 -815.00 0
4812 -3.90 -10.23 -3.27 -81.00 -47.00 231.00 484.00 -90.00 -815.00 0
4822 -3.27 -11.06 -3.06 -76.00 -42.00 224.00 484.00 -90.00 -815.00 0
4831 -2.02 -11.69 -2.43 -71.00 -53.00 219.00 484.00 -90.00 -815.00 0
4840 -1.25 -12.45 -1.67 -73.00 -47.00 211.00 484.00 -90.00 -815.00 0
4849 -1.11 -12.66 -0.70 -68.00 -48.00 210.00 480.00 -92.00 -1075.00 0
4858 -1.60 -12.03 -0.63 -69.00 -57.00 202.00 480.00 -92.00 -1075.00 0
4868 -2.43 -10.85 -0.63 -65.00 -55.00 203.00 480.00 -92.00 -1075.00 0
4877 -3.13 -8.90 -0.77 -78.00 -50.00 208.00 480.00 -92.00 -1075.00 0
4886 -4.10 -6.40 -1.11 -67.00 -52.00 206.00 480.00 -92.00 -1075.00 0
4895 -5.43 -3.83 -1.67 -70.00 -43.00 211.00 480.00 -92.00 -1075.00 0
4904 -6.61 1.67 -1.25 -75.00 -37.00 217.00 480.00 -92.00 -1075.00 0
4914 -8.14 3.97 -1.25 -80.00 -52.00 200.00 483.00 -88.00 -1120.00 0
4923 -10.43 6.33 -1.25 -61.00 -39.00 200.00 483.00 -88.00 -1120.00 0
4932 -11.62 8.83 -0.49 -68.00 -15.00 184.00 483.00 -88.00 -1120.00 0
4941 -13.15 12.94 0.83 -65.00 35.00 177.00 483.00 -88.00 -1120.00 0
4951 -15.72 18.71 3.41 -78.00 23.00 179.00 483.00 -88.00 -1120.00 0
4960 -21.70 27.76 9.53 -59.00 -39.00 182.00 483.00 -88.00 -1120.00 0
4969 -44.10 54.75 27.90 -81.00 -95.00 170.00 483.00 -88.00 -1120.00 0
4978 -54.54 71.30 34.71 -97.00 -107.00 185.00 483.00 -88.00 -1120.00 0
4987 -60.03 86.47 38.54 -114.00 -109.00 197.00 483.00 -88.00 -1120.00 1
4998 -61.08 98.92 39.58 -299.00 -205.00 455.00 483.00 -88.00 -1120.00 1
5009 -53.08 97.60 32.28 -169.00 -114.00 319.00 483.00 -88.00 -1120.00 1
5020 -36.73 71.51 23.58 -77.00 -73.00 167.00 483.00 -88.00 -1120.00 1
5031 -27.76 41.67 12.94 -138.00 -116.00 233.00 483.00 -88.00 -1120.00 1
5043 -18.16 34.02 10.50 -140.00 -93.00 252.00 483.00 -88.00 -1120.00 0
5052 -11.41 26.64 7.86 -190.00 -133.00 312.00 483.00 -88.00 -1120.00 0
5062 -6.96 17.11 2.02 -191.00 -97.00 318.00 483.00 -88.00 -1120.00 0
5071 1.25 -0.77 -5.77 -151.00 -58.00 275.00 483.00 -88.00 -1120.00 0
5081 23.86 -52.80 -20.31 -121.00 -46.00 214.00 483.00 -88.00 -1120.00 0
5090 32.14 -77.22 -25.53 -80.00 -18.00 170.00 483.00 -88.00 -1120.00 0
5099 37.29 -96.28 -28.10 -42.00 -29.00 143.00 483.00 -88.00 -1120.00 0
5108 37.36 -108.10 -28.73 -35.00 -31.00 139.00 483.00 -88.00 -1120.00 0
5117 35.48 -110.89 -27.90 -28.00 -34.00 154.00 483.00 -88.00 -1120.00 0
5127 31.93 -107.06 -24.49 -33.00 -43.00 159.00 483.00 -88.00 -1120.00 0
5136 21.84 -88.49 -22.75 -36.00 -47.00 167.00 483.00 -88.00 -1120.00 0
5145 17.39 -76.17 -20.80 -37.00 -36.00 169.00 483.00 -88.00 -1120.00 0
5154 13.84 -62.75 -18.71 -43.00 -45.00 180.00 483.00 -88.00 -1120.00 0
5164 9.81 -49.11 -16.56 -55.00 -59.00 200.00 483.00 -88.00 -1120.00 0
5173 6.05 -35.76 -14.54 -67.00 -61.00 214.00 483.00 -88.00 -1120.00 0
5182 2.85 -23.30 -11.13 -81.00 -68.00 237.00 477.00 -86.00 -896.00 0
5191 -0.90 -3.62 -10.30 -100.00 -66.00 259.00 477.00 -86.00 -896.00 0
5200 -1.74 1.67 -10.02 -101.00 -57.00 262.00 477.00 -86.00 -896.00 0
5210 -1.53 3.13 -9.95 -94.00 -56.00 255.00 477.00 -86.00 -896.00 0
5219 -0.90 1.88 -9.53 -87.00 -51.00 226.00 477.00 -86.00 -896.00 0
5228 -0.28 -0.63 -8.63 -71.00 -55.00 217.00 477.00 -86.00 -896.00 0
5237 0.00 -2.92 -7.65 -65.00 -54.00 207.00 477.00 -86.00 -896.00 0
5246 -0.07 -5.08 -6.40 -63.00 -53.00 204.00 477.00 -86.00 -896.00 0
5256 -0.49 -4.94 -5.91 -65.00 -53.00 203.00 477.00 -86.00 -896.00 0
5265 -1.39 -4.31 -5.57 -65.00 -55.00 206.00 477.00 -86.00 -896.00 0
5274 -2.57 -3.41 -5.43 -67.00 -55.00 212.00 477.00 -86.00 -896.00 0
5282 -3.69 -2.23 -5.36 -72.00 -55.00 223.00 477.00 -86.00 -896.00 0
5292 -4.52 -0.83 -5.36 -84.00 -57.00 230.00 477.00 -86.00 -896.00 0
5301 -5.01 0.63 -5.22 -81.00 -58.00 236.00 477.00 -86.00 -896.00 0
5310 -4.59 2.30 -4.45 -81.00 -61.00 232.00 474.00 -81.00 -1149.00 0
5319 -4.17 2.71 -3.83 -85.00 -62.00 230.00 474.00 -81.00 -1149.00 0
5328 -3.62 2.64 -3.34 -79.00 -63.00 230.00 474.00 -81.00 -1149.00 0
5338 -3.13 2.02 -3.48 -78.00 -56.00 223.00 474.00 -81.00 -1149.00 0
5347 -2.78 0.97 -3.55 -73.00 -55.00 217.00 474.00 -81.00 -1149.00 0
5356 -2.30 -0.07 -3.55 -70.00 -60.00 214.00 474.00 -81.00 -1149.00 0
5365 -2.16 -0.77 -3.55 -72.00 -58.00 214.00 474.00 -81.00 -1149.00 0
5374 -2.50 -1.04 -3.48 -73.00 -55.00 210.00 475.00 -85.00 -1030.00 0
5384 -2.85 -0.63 -3.62 -76.00 -56.00 218.00 475.00 -85.00 -1030.00 0
5393 -3.27 -0.14 -3.69 -77.00 -52.00 222.00 475.00 -85.00 -1030.00 0
5402 -3.90 0.28 -3.97 -79.00 -53.00 225.00 475.00 -85.00 -1030.00 0
5411 -4.31 0.83 -4.03 -84.00 -58.00 235.00 475.00 -85.00 -1030.00 0
5420 -4.52 1.18 -3.69 -84.00 -56.00 229.00 475.00 -85.00 -1030.00 0
5429 -4.45 0.56 -2.92 -79.00 -61.00 223.00 475.00 -85.00 -1030.00 0
5438 -4.38 -0.21 -2.57 -74.00 -64.00 217.00 475.00 -84.00 -1185.00 0
5447 -4.52 -0.63 -2.37 -77.00 -66.00 222.00 476.00 -84.00 -1185.00 0
5456 -4.66 -0.63 -2.37 -80.00 -68.00 221.00 476.00 -84.00 -1185.00 0
5466 -4.73 -0.42 -2.57 -75.00 -61.00 220.00 476.00 -84.00 -1185.00 0
5475 -4.59 -0.35 -2.92 -74.00 -60.00 219.00 476.00 -84.00 -1185.00 0
5484 -4.10 -0.28 -3.13 -76.00 -58.00 219.00 476.00 -84.00 -1185.00 0
5493 -3.06 -0.07 -2.92 -72.00 -55.00 216.00 476.00 -84.00 -1185.00 0
5502 -2.71 0.00 -2.64 -74.00 -57.00 216.00 476.00 -84.00 -1185.00 0
5512 -2.43 0.28 -2.37 -72.00 -54.00 217.00 476.00 -84.00 -1185.00 0
5521 -2.64 0.63 -2.23 -76.00 -56.00 220.00 476.00 -84.00 -1185.00 0
5530 -3.34 0.97 -2.23 -74.00 -57.00 220.00 476.00 -84.00 -1185.00 0
5539 -4.24 1.32 -2.16 -82.00 -62.00 230.00 476.00 -84.00 -1185.00 0
5549 -5.22 1.60 -2.37 -82.00 -67.00 230.00 476.00 -84.00 -1185.00 0
5558 -6.54 1.60 -2.50 -84.00 -67.00 225.00 476.00 -84.00 -1185.00 0
5567 -6.47 1.25 -2.57 -78.00 -66.00 225.00 476.00 -84.00 -1185.00 0
5575 -6.47 0.56 -2.92 -79.00 -65.00 220.00 476.00 -84.00 -1185.00 0
5584 -6.26 -0.07 -3.20 -78.00 -61.00 216.00 476.00 -84.00 -1185.00 0
5594 -5.50 -0.49 -3.27 -73.00 -58.00 219.00 476.00 -84.00 -1185.00 0
5603 -4.73 -0.70 -3.34 -74.00 -55.00 216.00 476.00 -84.00 -1185.00 0
5612 -4.03 -0.28 -3.62 -78.00 -53.00 215.00 476.00 -84.00 -1185.00 0
5621 -3.69 0.00 -3.55 -74.00 -58.00 219.00 476.00 -84.00 -1185.00 0
5630 -3.62 0.14 -3.27 -81.00 -59.00 221.00 476.00 -84.00 -1185.00 0
5640 -3.55 0.35 -2.99 -82.00 -61.00 223.00 476.00 -84.00 -1185.00 0
5649 -3.55 0.42 -2.78 -95.00 -66.00 220.00 476.00 -84.00 -1185.00 0
5658 -3.62 0.49 -2.71 -79.00 -68.00 220.00 476.00 -84.00 -1185.00 0
5667 -3.76 0.28 -2.92 -82.00 -66.00 228.00 476.00 -84.00 -1185.00 0
5677 -3.97 -0.42 -3.27 -81.00 -63.00 227.00 476.00 -84.00 -1185.00 0
5686 -3.34 -0.90 -3.34 -81.00 -60.00 218.00 476.00 -84.00 -1185.00 0
5695 -2.92 -1.46 -3.62 -73.00 -61.00 215.00 476.00 -84.00 -1185.00 0
5704 -2.57 -1.95 -3.69 -72.00 -54.00 213.00 478.00 -79.00 -1003.00 0
5713 -1.81 -2.16 -3.48 -71.00 -55.00 215.00 478.00 -79.00 -1003.00 0
5723 -1.67 -2.23 -3.27 -77.00 -58.00 221.00 478.00 -79.00 -1003.00 0
5731 -2.02 -1.46 -2.64 -79.00 -62.00 226.00 478.00 -79.00 -1003.00 0
5740 -2.02 -1.39 -2.43 -82.00 -63.00 232.00 478.00 -79.00 -1003.00 0
5749 -1.46 -1.67 -1.95 -80.00 -67.00 231.00 478.00 -79.00 -1003.00 0
5758 -0.63 -2.16 -1.60 -85.00 -69.00 231.00 478.00 -79.00 -1003.00 0
5768 0.63 -2.99 -1.46 -80.00 -64.00 224.00 478.00 -83.00 -1175.00 0
5777 1.74 -4.03 -1.32 -77.00 -65.00 223.00 478.00 -83.00 -1175.00 0
5786 2.78 -4.94 -1.39 -79.00 -64.00 221.00 478.00 -83.00 -1175.00 0
5795 4.59 -6.40 -1.88 -79.00 -58.00 212.00 478.00 -83.00 -1175.00 0
5805 5.29 -7.30 -2.23 -71.00 -52.00 211.00 478.00 -83.00 -1175.00 0
5814 5.50 -8.35 -2.78 -70.00 -54.00 210.00 478.00 -83.00 -1175.00 0
5823 5.36 -8.90 -3.13 -71.00 -56.00 215.00 478.00 -83.00 -1175.00 0
5832 5.29 -8.83 -3.34 -75.00 -58.00 222.00 478.00 -84.00 -874.00 0
5841 5.01 -8.83 -3.62 -73.00 -51.00 221.00 477.00 -84.00 -874.00 0
5851 4.80 -10.16 -5.15 -71.00 -52.00 214.00 477.00 -84.00 -874.00 0
5860 3.27 -10.43 -6.05 -73.00 -49.00 219.00 477.00 -84.00 -874.00 0
5869 2.78 -9.81 -6.47 -72.00 -47.00 221.00 477.00 -84.00 -874.00 0
5877 2.09 -8.49 -6.19 -73.00 -56.00 220.00 477.00 -84.00 -874.00 0
5886 1.53 -6.54 -5.36 -75.00 -52.00 225.00 477.00 -84.00 -874.00 0
5896 1.46 -4.38 -4.38 -73.00 -62.00 217.00 477.00 -84.00 -874.00 0
5905 0.77 -2.37 -3.48 -69.00 -54.00 213.00 477.00 -84.00 -874.00 0
5914 0.14 0.70 -1.39 -69.00 -61.00 214.00 477.00 -84.00 -874.00 0
5923 -0.56 2.09 -0.63 -73.00 -55.00 210.00 477.00 -84.00 -874.00 0
5933 -1.18 3.41 -0.14 -72.00 -58.00 216.00 477.00 -84.00 -874.00 0
5942 -2.02 4.80 0.14 -72.00 -55.00 222.00 477.00 -84.00 -874.00 0
5951 -2.92 6.19 0.00 -76.00 -50.00 222.00 477.00 -84.00 -874.00 0
5959 -3.69 7.65 -0.21 -84.00 -44.00 222.00 477.00 -84.00 -874.00 0
5968 -4.17 8.90 -0.14 -80.00 -51.00 223.00 477.00 -84.00 -874.00 0
5978 -5.50 10.30 0.77 -79.00 -50.00 220.00 477.00 -84.00 -874.00 0
5987 -5.77 11.06 1.60 -80.00 -54.00 213.00 477.00 -84.00 -874.00 0
5996 -6.33 11.97 2.57 -69.00 -54.00 216.00 477.00 -84.00 -874.00 0
6005 -6.96 13.01 3.27 -77.00 -51.00 209.00 477.00 -84.00 -874.00 0
6014 -7.65 14.40 4.03 -78.00 -54.00 212.00 477.00 -84.00 -874.00 0
6024 -8.97 16.07 5.15 -77.00 -63.00 206.00 477.00 -84.00 -874.00 0
6033 -10.37 18.30 6.40 -72.00 -60.00 189.00 495.00 -87.00 -837.00 0
6042 -13.15 25.11 8.56 -61.00 -64.00 178.00 495.00 -87.00 -837.00 0
6051 -15.93 31.93 8.83 -62.00 -61.00 167.00 495.00 -87.00 -837.00 0
6061 -19.20 41.60 8.63 -69.00 -60.00 169.00 495.00 -87.00 -837.00 0
6070 -22.33 53.29 8.49 -81.00 -61.00 176.00 495.00 -87.00 -837.00 0
6079 -24.97 65.46 8.49 -99.00 -48.00 182.00 495.00 -87.00 -837.00 0
6088 -25.88 76.31 9.11 -113.00 -47.00 197.00 495.00 -87.00 -837.00 0
6097 -26.43 92.52 10.23 -126.00 -50.00 202.00 536.00 -87.00 -1095.00 1
6108 -26.85 97.32 11.20 -366.00 -175.00 516.00 536.00 -87.00 -1095.00 1
6119 -23.58 88.97 10.16 -128.00 -47.00 207.00 536.00 -87.00 -1095.00 1
6130 -12.87 49.88 6.40 -111.00 -81.00 193.00 536.00 -87.00 -1095.00 1
6140 -12.59 42.78 5.98 -143.00 -88.00 232.00 536.00 -87.00 -1095.00 1
6152 -9.53 39.86 7.58 -161.00 -67.00 244.00 536.00 -87.00 -1095.00 0
6161 -5.91 26.57 6.68 -163.00 -90.00 294.00 539.00 -87.00 -1072.00 0
6170 -8.28 11.34 1.53 -158.00 -94.00 268.00 539.00 -87.00 -1072.00 0
6179 -5.84 -8.97 -2.64 -136.00 -74.00 235.00 539.00 -87.00 -1072.00 0
6189 -0.49 -30.61 -5.63 -106.00 -61.00 198.00 539.00 -87.00 -1072.00 0
6198 5.01 -50.99 -9.11 -84.00 -48.00 172.00 539.00 -87.00 -1072.00 0
6207 8.77 -68.10 -12.17 -67.00 -43.00 162.00 539.00 -87.00 -1072.00 0
6216 10.64 -80.14 -16.97 -55.00 -47.00 154.00 539.00 -87.00 -1072.00 0
6225 8.63 -86.82 -18.43 -53.00 -52.00 155.00 539.00 -87.00 -1072.00 0
6235 6.40 -83.41 -19.27 -54.00 -48.00 166.00 539.00 -87.00 -1072.00 0
6244 3.90 -77.01 -19.97 -58.00 -54.00 176.00 539.00 -87.00 -1072.00 0
6253 1.60 -68.45 -19.76 -59.00 -45.00 186.00 539.00 -87.00 -1072.00 0
6262 0.49 -58.37 -18.16 -76.00 -54.00 204.00 539.00 -87.00 -1072.00 0
6272 0.00 -47.10 -15.65 -87.00 -64.00 224.00 539.00 -87.00 -1072.00 0
6281 -1.18 -26.64 -10.16 -91.00 -61.00 225.00 539.00 -87.00 -1072.00 0
6290 -0.90 -19.41 -7.72 -88.00 -63.00 220.00 539.00 -87.00 -1072.00 0
6299 -0.83 -14.19 -5.84 -80.00 -63.00 206.00 539.00 -87.00 -1072.00 0
6308 -1.11 -10.09 -4.52 -87.00 -64.00 214.00 539.00 -87.00 -1072.00 0
6318 -1.67 -6.47 -3.69 -88.00 -64.00 212.00 539.00 -87.00 -1072.00 0
6327 -2.16 -3.20 -3.20 -89.00 -65.00 218.00 539.00 -87.00 -1072.00 0
6336 -2.37 0.70 -2.85 -89.00 -60.00 220.00 539.00 -87.00 -1072.00 0
6345 -2.23 0.83 -2.99 -87.00 -61.00 216.00 539.00 -87.00 -1072.00 0
6354 -2.37 0.28 -3.27 -88.00 -62.00 209.00 539.00 -87.00 -1072.00 0
6364 -2.64 -0.28 -3.55 -83.00 -63.00 217.00 539.00 -87.00 -1072.00 0
6373 -3.13 -0.90 -4.10 -87.00 -57.00 213.00 539.00 -87.00 -1072.00 0
6381 -4.03 -1.18 -4.94 -87.00 -63.00 223.00 539.00 -87.00 -1072.00 0
6390 -4.80 -1.46 -5.57 -93.00 -58.00 220.00 539.00 -87.00 -1072.00 0
6400 -4.45 -1.67 -5.29 -89.00 -61.00 220.00 539.00 -87.00 -1072.00 0
6409 -4.38 -1.88 -4.73 -86.00 -67.00 222.00 539.00 -87.00 -1072.00 0
6418 -4.10 -2.23 -4.38 -88.00 -62.00 215.00 539.00 -87.00 -1072.00 0
6427 -3.69 -2.64 -4.03 -87.00 -66.00 212.00 539.00 -87.00 -1072.00 0
6436 -3.55 -2.78 -3.69 -86.00 -63.00 211.00 539.00 -87.00 -1072.00 0
6446 -3.55 -2.64 -3.48 -86.00 -70.00 217.00 539.00 -87.00 -1072.00 0
6455 -2.99 -2.30 -2.99 -84.00 -62.00 209.00 539.00 -87.00 -1072.00 0
6464 -2.64 -2.16 -2.85 -82.00 -62.00 210.00 539.00 -87.00 -1072.00 0
6473 -2.43 -1.95 -2.71 -84.00 -60.00 212.00 539.00 -87.00 -1072.00 0
6482 -2.50 -1.53 -2.71 -91.00 -59.00 213.00 539.00 -87.00 -1072.00 0
6492 -2.92 -1.25 -2.92 -93.00 -62.00 221.00 495.00 -74.00 -1028.00 0
6501 -3.69 -0.97 -3.41 -92.00 -61.00 224.00 495.00 -74.00 -1028.00 0
6510 -4.52 -0.83 -3.90 -92.00 -58.00 220.00 495.00 -74.00 -1028.00 0
6519 -5.36 -2.02 -4.24 -87.00 -64.00 215.00 495.00 -74.00 -1028.00 0
6529 -5.57 -2.64 -4.10 -83.00 -66.00 210.00 495.00 -74.00 -1028.00 0
6538 -5.22 -2.92 -3.55 -80.00 -70.00 208.00 495.00 -74.00 -1028.00 0
6547 -4.73 -2.71 -3.06 -82.00 -64.00 207.00 495.00 -74.00 -1028.00 0
6555 -4.17 -2.30 -2.78 -84.00 -63.00 218.00 494.00 -73.00 -1022.00 0
6564 -3.90 -1.74 -2.85 -89.00 -61.00 219.00 494.00 -73.00 -1022.00 0
6574 -4.03 -0.83 -3.13 -88.00 -65.00 220.00 494.00 -73.00 -1022.00 0
6583 -4.03 -0.49 -2.85 -91.00 -64.00 223.00 494.00 -73.00 -1022.00 0
6592 -3.90 -0.42 -2.85 -89.00 -61.00 218.00 494.00 -73.00 -1022.00 0
6601 -3.90 -0.63 -2.78 -92.00 -62.00 219.00 494.00 -73.00 -1022.00 0
6610 -3.83 -1.18 -2.78 -87.00 -64.00 216.00 494.00 -73.00 -1022.00 0
6620 -3.97 -1.88 -2.92 -88.00 -64.00 216.00 490.00 -72.00 -925.00 0
6629 -3.97 -2.37 -2.99 -90.00 -67.00 215.00 490.00 -72.00 -925.00 0
6638 -3.62 -2.64 -2.85 -88.00 -64.00 213.00 490.00 -72.00 -925.00 0
6647 -3.34 -2.85 -2.71 -81.00 -65.00 213.00 490.00 -72.00 -925.00 0
6657 -3.20 -2.85 -2.57 -85.00 -68.00 217.00 490.00 -72.00 -925.00 0
6666 -3.06 -2.50 -2.50 -86.00 -65.00 218.00 490.00 -72.00 -925.00 0
6674 -2.92 -2.09 -2.57 -88.00 -65.00 219.00 490.00 -72.00 -925.00 0
6683 -2.78 -1.95 -2.57 -87.00 -65.00 214.00 490.00 -72.00 -925.00 0
6692 -2.64 -1.95 -2.57 -84.00 -60.00 210.00 490.00 -72.00 -925.00 0
6702 -2.85 -2.30 -2.78 -86.00 -63.00 217.00 490.00 -72.00 -925.00 0
6711 -3.27 -2.23 -2.92 -88.00 -64.00 217.00 490.00 -72.00 -925.00 0
6720 -3.55 -2.16 -2.99 -86.00 -64.00 216.00 490.00 -72.00 -925.00 0
6729 -3.69 -2.30 -2.99 -83.00 -61.00 209.00 490.00 -72.00 -925.00 0
6738 -3.90 -2.50 -2.92 -83.00 -65.00 211.00 490.00 -72.00 -925.00 0
6748 -4.17 -2.50 -2.78 -83.00 -62.00 211.00 490.00 -72.00 -925.00 0
6756 -4.24 -2.23 -2.64 -87.00 -62.00 213.00 490.00 -72.00 -925.00 0
6765 -4.59 -1.32 -2.02 -84.00 -64.00 213.00 490.00 -72.00 -925.00 0
6774 -4.73 -0.83 -1.81 -86.00 -68.00 217.00 490.00 -72.00 -925.00 0
6784 -4.94 -0.35 -1.67 -87.00 -67.00 221.00 490.00 -72.00 -925.00 0
6793 -5.08 0.07 -1.60 -94.00 -67.00 222.00 490.00 -72.00 -925.00 0
6802 -5.01 0.42 -1.46 -93.00 -69.00 219.00 490.00 -72.00 -925.00 0
6811 -5.08 0.56 -1.53 -88.00 -68.00 218.00 490.00 -72.00 -925.00 0
6820 -5.15 0.70 -1.67 -84.00 -64.00 216.00 493.00 -75.00 -955.00 0
6830 -5.08 0.63 -1.95 -87.00 -62.00 212.00 493.00 -75.00 -955.00 0
6838 -4.80 0.77 -1.67 -84.00 -61.00 207.00 493.00 -75.00 -955.00 0
6847 -4.31 1.53 -1.18 -83.00 -59.00 208.00 493.00 -75.00 -955.00 0
6856 -4.24 2.16 -0.90 -82.00 -61.00 207.00 493.00 -75.00 -955.00 0
6865 -4.87 2.64 -0.83 -90.00 -62.00 209.00 493.00 -75.00 -955.00 0
6875 -5.70 3.27 -0.77 -90.00 -63.00 216.00 493.00 -75.00 -955.00 0
6884 -6.54 3.90 -0.56 -89.00 -64.00 214.00 499.00 -72.00 -1001.00 0
6893 -7.72 4.59 -0.35 -92.00 -63.00 210.00 499.00 -72.00 -1001.00 0
6902 -8.21 4.66 -0.21 -85.00 -67.00 208.00 499.00 -72.00 -1001.00 0
6912 -8.70 4.87 0.07 -89.00 -65.00 203.00 499.00 -72.00 -1001.00 0
6921 -9.11 5.29 0.28 -85.00 -66.00 202.00 499.00 -72.00 -1001.00 0
6930 -9.67 5.98 0.35 -73.00 -65.00 177.00 499.00 -72.00 -1001.00 0
6939 -10.16 7.44 0.49 -62.00 -67.00 160.00 499.00 -72.00 -1001.00 0
6948 -11.76 17.25 1.32 -68.00 -73.00 144.00 508.00 -70.00 -1058.00 0
6958 -13.57 27.83 1.60 -64.00 -61.00 172.00 508.00 -70.00 -1058.00 0
6967 -15.72 40.83 1.81 -87.00 -49.00 178.00 508.00 -70.00 -1058.00 0
6976 -19.34 56.21 2.92 -108.00 -69.00 190.00 508.00 -70.00 -1058.00 0
6985 -22.19 70.96 3.97 -117.00 -54.00 215.00 508.00 -70.00 -1058.00 1
6995 -22.89 86.89 8.63 -327.00 -173.00 489.00 508.00 -70.00 -1058.00 1
7007 -19.90 73.18 6.54 -91.00 -52.00 155.00 508.00 -70.00 -1058.00 1
7017 -15.86 53.22 4.94 -105.00 -96.00 203.00 537.00 -70.00 -1106.00 1
7028 -12.52 33.39 4.10 -129.00 -85.00 208.00 537.00 -70.00 -1106.00 1
7038 -7.03 27.76 4.31 -125.00 -63.00 217.00 537.00 -70.00 -1106.00 1
7050 -1.88 22.61 4.66 -136.00 -94.00 229.00 537.00 -70.00 -1106.00 0
7059 -0.63 17.88 1.81 -170.00 -93.00 292.00 537.00 -70.00 -1106.00 0
7068 4.31 -0.70 -1.67 -174.00 -90.00 277.00 537.00 -70.00 -1106.00 0
7077 7.51 -19.20 -7.17 -126.00 -52.00 232.00 537.00 -70.00 -1106.00 0
7087 11.76 -40.49 -11.83 -95.00 -50.00 193.00 537.00 -70.00 -1106.00 0
7096 13.98 -58.92 -15.10 -73.00 -46.00 165.00 537.00 -70.00 -1106.00 0
7105 15.17 -71.44 -15.93 -62.00 -44.00 156.00 537.00 -70.00 -1106.00 0
7114 14.89 -78.12 -14.61 -60.00 -64.00 153.00 537.00 -70.00 -1106.00 0
7123 10.64 -76.80 -13.50 -58.00 -61.00 154.00 537.00 -70.00 -1106.00 0
7133 8.49 -71.03 -12.59 -59.00 -57.00 168.00 537.00 -70.00 -1106.00 0
7142 6.26 -62.96 -12.24 -61.00 -60.00 175.00 537.00 -70.00 -1106.00 0
7151 4.24 -53.36 -11.41 -80.00 -61.00 205.00 537.00 -70.00 -1106.00 0
7160 3.48 -42.50 -9.81 -94.00 -71.00 220.00 537.00 -70.00 -1106.00 0
7170 2.30 -31.58 -6.26 -94.00 -80.00 233.00 537.00 -70.00 -1106.00 0
7179 0.21 -15.65 -5.01 -102.00 -82.00 231.00 537.00 -70.00 -1106.00 0
7188 -0.42 -11.20 -4.45 -97.00 -73.00 227.00 537.00 -70.00 -1106.00 0
7197 -0.49 -8.77 -4.38 -95.00 -70.00 220.00 537.00 -70.00 -1106.00 0
7206 -0.07 -7.86 -4.38 -87.00 -63.00 208.00 537.00 -70.00 -1106.00 0
7216 0.42 -7.72 -4.52 -83.00 -54.00 202.00 537.00 -70.00 -1106.00 0
7225 0.83 -7.86 -4.52 -79.00 -62.00 205.00 537.00 -70.00 -1106.00 0
7234 0.42 -7.30 -4.10 -79.00 -60.00 207.00 537.00 -70.00 -1106.00 0
7243 -0.49 -6.26 -3.97 -84.00 -62.00 212.00 537.00 -70.00 -1106.00 0
7252 -1.32 -4.87 -3.62 -89.00 -63.00 215.00 537.00 -70.00 -1106.00 0
7262 -2.23 -3.55 -3.27 -91.00 -68.00 216.00 537.00 -70.00 -1106.00 0
7271 -3.06 -2.64 -2.92 -89.00 -77.00 222.00 537.00 -70.00 -1106.00 0
7280 -3.55 -2.09 -2.50 -90.00 -79.00 224.00 494.00 -66.00 -1070.00 0
7289 -3.76 -1.81 -2.78 -94.00 -74.00 222.00 494.00 -66.00 -1070.00 0
7299 -3.76 -1.95 -3.13 -90.00 -68.00 213.00 494.00 -66.00 -1070.00 0
7308 -3.20 -2.30 -3.27 -87.00 -70.00 212.00 494.00 -66.00 -1070.00 0
7317 -2.57 -2.78 -3.27 -84.00 -61.00 203.00 494.00 -66.00 -1070.00 0
7326 -1.74 -2.92 -3.06 -84.00 -63.00 204.00 494.00 -66.00 -1070.00 0
7335 -1.18 -2.57 -2.64 -88.00 -65.00 211.00 494.00 -66.00 -1070.00 0
7345 -1.04 -1.81 -2.43 -88.00 -61.00 215.00 494.00 -67.00 -1026.00 0
7354 -2.02 -0.63 -2.37 -86.00 -62.00 211.00 494.00 -67.00 -1026.00 0
7362 -2.92 -0.35 -2.37 -88.00 -68.00 215.00 494.00 -67.00 -1026.00 0
7371 -3.90 -0.21 -2.43 -88.00 -75.00 223.00 494.00 -67.00 -1026.00 0
7380 -4.59 -0.21 -2.64 -94.00 -75.00 226.00 494.00 -67.00 -1026.00 0
7390 -4.94 -0.35 -2.85 -92.00 -72.00 220.00 494.00 -67.00 -1026.00 0
7399 -5.08 -0.70 -2.99 -90.00 -73.00 216.00 494.00 -67.00 -1026.00 0
7408 -4.73 -1.25 -2.99 -88.00 -68.00 210.00 496.00 -65.00 -992.00 0
7417 -3.27 -2.16 -2.50 -85.00 -66.00 208.00 496.00 -65.00 -992.00 0
7427 -2.71 -2.23 -2.43 -93.00 -66.00 212.00 496.00 -65.00 -992.00 0
7436 -2.23 -2.09 -2.30 -89.00 -62.00 211.00 496.00 -65.00 -992.00 0
7445 -2.16 -1.95 -2.43 -86.00 -63.00 218.00 496.00 -65.00 -992.00 0
7454 -2.37 -2.02 -2.64 -83.00 -63.00 210.00 496.00 -65.00 -992.00 0
7463 -2.57 -2.16 -2.71 -83.00 -65.00 207.00 496.00 -65.00 -992.00 0
7472 -2.92 -2.30 -2.37 -86.00 -68.00 213.00 496.00 -65.00 -992.00 0
7481 -3.41 -1.81 -2.02 -85.00 -66.00 213.00 496.00 -65.00 -992.00 0
7490 -3.55 -1.39 -1.81 -88.00 -69.00 214.00 496.00 -65.00 -992.00 0
7499 -3.62 -1.18 -1.67 -91.00 -69.00 217.00 496.00 -65.00 -992.00 0
7508 -3.76 -1.04 -1.74 -92.00 -75.00 222.00 496.00 -65.00 -992.00 0
7518 -3.97 -1.11 -1.95 -92.00 -71.00 221.00 496.00 -65.00 -992.00 0
7527 -4.10 -1.18 -2.30 -89.00 -68.00 218.00 496.00 -65.00 -992.00 0
7536 -3.97 -1.46 -2.57 -88.00 -65.00 213.00 496.00 -65.00 -992.00 0
7545 -2.92 -2.23 -2.57 -88.00 -63.00 207.00 493.00 -70.00 -1061.00 0
7555 -2.71 -2.43 -2.64 -87.00 -65.00 208.00 493.00 -70.00 -1061.00 0
7564 -2.50 -2.43 -2.71 -88.00 -59.00 209.00 493.00 -70.00 -1061.00 0
7573 -2.43 -2.23 -2.64 -85.00 -63.00 210.00 493.00 -70.00 -1061.00 0
7581 -2.50 -1.95 -2.37 -87.00 -68.00 212.00 493.00 -70.00 -1061.00 0
7590 -2.64 -1.53 -2.09 -91.00 -65.00 217.00 493.00 -70.00 -1061.00 0
7600 -2.99 -0.83 -1.67 -90.00 -72.00 218.00 493.00 -70.00 -1061.00 0
7609 -3.13 -0.63 -1.67 -91.00 -69.00 216.00 493.00 -70.00 -1061.00 0
7618 -3.13 -0.56 -1.67 -89.00 -66.00 210.00 493.00 -70.00 -1061.00 0
7627 -3.06 -0.77 -1.81 -87.00 -64.00 211.00 493.00 -70.00 -1061.00 0
7636 -3.06 -0.97 -1.81 -82.00 -67.00 208.00 493.00 -70.00 -1061.00 0
7646 -3.06 -1.04 -1.74 -87.00 -64.00 206.00 493.00 -70.00 -1061.00 0
7655 -3.13 -0.97 -1.46 -89.00 -67.00 214.00 493.00 -70.00 -1061.00 0
7664 -3.27 -0.21 -1.25 -88.00 -66.00 214.00 493.00 -70.00 -1061.00 0
7673 -3.27 0.21 -1.18 -96.00 -66.00 219.00 499.00 -64.00 -994.00 0
7683 -3.34 0.42 -1.04 -93.00 -67.00 216.00 499.00 -64.00 -994.00 0
7692 -3.41 0.49 -1.04 -90.00 -66.00 213.00 499.00 -64.00 -994.00 0
7701 -3.55 0.42 -1.04 -91.00 -66.00 216.00 499.00 -64.00 -994.00 0
7709 -3.62 0.28 -1.04 -89.00 -67.00 211.00 499.00 -64.00 -994.00 0
7718 -3.62 0.07 -1.11 -90.00 -67.00 211.00 499.00 -64.00 -994.00 0
7728 -3.76 -0.07 -1.25 -88.00 -71.00 213.00 499.00 -64.00 -994.00 0
7737 -4.10 -0.07 -1.39 -93.00 -67.00 213.00 498.00 -70.00 -966.00 0
7746 -4.52 0.00 -1.67 -91.00 -69.00 216.00 498.00 -70.00 -966.00 0
7755 -4.66 0.07 -1.81 -93.00 -65.00 208.00 498.00 -70.00 -966.00 0
7764 -4.66 0.14 -1.60 -88.00 -70.00 204.00 498.00 -70.00 -966.00 0
7774 -4.45 0.21 -1.18 -84.00 -64.00 210.00 498.00 -70.00 -966.00 0
7783 -4.10 0.63 -0.70 -85.00 -65.00 207.00 498.00 -70.00 -966.00 0
7791 -4.52 0.97 -0.63 -88.00 -65.00 206.00 498.00 -70.00 -966.00 0
7800 -5.01 1.39 -0.77 -90.00 -67.00 211.00 498.00 -70.00 -966.00 0
7810 -5.50 2.02 -0.90 -89.00 -65.00 213.00 498.00 -70.00 -966.00 0
7819 -5.77 2.64 -0.90 -93.00 -68.00 218.00 498.00 -70.00 -966.00 0
7828 -6.05 3.34 -0.83 -93.00 -68.00 213.00 498.00 -70.00 -966.00 0
7837 -6.40 4.10 -0.77 -86.00 -70.00 212.00 498.00 -70.00 -966.00 0
7846 -6.47 5.57 -0.14 -89.00 -68.00 210.00 498.00 -70.00 -966.00 0
7856 -6.12 6.19 0.42 -84.00 -50.00 191.00 498.00 -70.00 -966.00 0
7864 -6.19 7.30 1.46 -64.00 -44.00 165.00 498.00 -70.00 -966.00 0
7873 -7.10 10.16 3.69 -55.00 -43.00 139.00 498.00 -70.00 -966.00 0
7882 -9.39 16.83 7.10 -57.00 -47.00 125.00 498.00 -70.00 -966.00 0
7891 -12.66 28.73 11.69 -71.00 -57.00 149.00 498.00 -70.00 -966.00 0
7901 -17.25 45.50 16.63 -111.00 -65.00 181.00 498.00 -70.00 -966.00 0
7911 -30.19 82.85 23.72 -137.00 -79.00 274.00 498.00 -70.00 -966.00 1
7921 -34.02 93.50 25.32 -217.00 -157.00 426.00 498.00 -70.00 -966.00 1
7932 -29.63 80.14 20.38 -74.00 -63.00 135.00 541.00 -77.00 -1009.00 1
7944 -21.70 43.76 12.17 -141.00 -132.00 219.00 541.00 -77.00 -1009.00 1
7955 -19.13 36.24 9.81 -123.00 -65.00 209.00 541.00 -77.00 -1009.00 1
7965 -8.35 23.51 7.30 -123.00 -86.00 202.00 541.00 -77.00 -1009.00 1
7976 -5.98 18.09 5.29 -129.00 -83.00 223.00 541.00 -77.00 -1009.00 1
7986 -2.92 11.69 2.71 -160.00 -93.00 273.00 541.00 -77.00 -1009.00 0
7995 0.14 3.41 -0.97 -154.00 -81.00 256.00 541.00 -77.00 -1009.00 0
8004 3.34 -9.04 -6.12 -125.00 -41.00 219.00 529.00 -74.00 -1003.00 0
8013 10.43 -40.00 -14.40 -102.00 -58.00 191.00 529.00 -74.00 -1003.00 0
8024 11.41 -51.41 -15.93 -98.00 -63.00 176.00 529.00 -74.00 -1003.00 0
8033 12.24 -59.27 -15.79 -84.00 -72.00 173.00 529.00 -74.00 -1003.00 0
8042 13.08 -64.00 -15.44 -73.00 -63.00 180.00 529.00 -74.00 -1003.00 0
8051 14.19 -65.46 -14.54 -72.00 -65.00 171.00 529.00 -74.00 -1003.00 0
8060 13.77 -63.93 -14.19 -70.00 -58.00 181.00 529.00 -74.00 -1003.00 0
8070 12.17 -53.70 -12.80 -80.00 -64.00 192.00 529.00 -74.00 -1003.00 0
8079 10.85 -45.70 -11.41 -84.00 -63.00 202.00 529.00 -74.00 -1003.00 0
8088 9.18 -37.43 -9.88 -95.00 -66.00 208.00 529.00 -74.00 -1003.00 0
8097 7.23 -29.70 -8.77 -96.00 -64.00 219.00 529.00 -74.00 -1003.00 0
8107 5.70 -23.37 -7.65 -95.00 -68.00 219.00 529.00 -74.00 -1003.00 0
8116 4.17 -18.78 -6.82 -92.00 -67.00 213.00 529.00 -74.00 -1003.00 0
8125 1.74 -12.73 -5.77 -88.00 -66.00 208.00 529.00 -74.00 -1003.00 0
8134 1.11 -10.30 -5.22 -91.00 -67.00 207.00 529.00 -74.00 -1003.00 0
8143 0.70 -8.14 -4.66 -88.00 -65.00 208.00 529.00 -74.00 -1003.00 0
8153 0.14 -6.26 -4.38 -94.00 -60.00 211.00 529.00 -74.00 -1003.00 0
8162 -0.35 -4.66 -4.17 -89.00 -62.00 210.00 529.00 -74.00 -1003.00 0
8171 -0.77 -3.41 -3.83 -89.00 -69.00 213.00 529.00 -74.00 -1003.00 0
8180 -1.25 -2.09 -3.27 -94.00 -68.00 216.00 529.00 -74.00 -1003.00 0
8189 -2.30 -1.67 -3.13 -97.00 -66.00 215.00 529.00 -74.00 -1003.00 0
8198 -2.64 -1.32 -3.06 -97.00 -68.00 221.00 503.00 -70.00 -952.00 0
8207 -2.78 -1.25 -3.06 -98.00 -68.00 214.00 503.00 -70.00 -952.00 0
8216 -2.85 -1.46 -3.13 -91.00 -67.00 211.00 503.00 -70.00 -952.00 0
8225 -2.78 -1.74 -2.99 -91.00 -67.00 208.00 503.00 -70.00 -952.00 0
8235 -2.50 -2.02 -2.78 -97.00 -70.00 211.00 503.00 -70.00 -952.00 0
8244 -2.57 -1.74 -2.57 -97.00 -73.00 215.00 503.00 -70.00 -952.00 0
8253 -2.78 -1.81 -2.99 -98.00 -69.00 214.00 503.00 -70.00 -952.00 0
8262 -2.43 -2.09 -3.34 -92.00 -63.00 208.00 502.00 -70.00 -931.00 0
8271 -1.88 -2.57 -3.48 -87.00 -61.00 199.00 502.00 -70.00 -931.00 0
8281 -1.46 -2.99 -3.34 -80.00 -60.00 201.00 502.00 -70.00 -931.00 0
8289 -1.32 -3.06 -3.20 -88.00 -64.00 203.00 502.00 -70.00 -931.00 0
8298 -1.60 -2.71 -2.99 -91.00 -62.00 213.00 502.00 -70.00 -931.00 0
8307 -2.09 -0.56 -2.30 -92.00 -62.00 219.00 502.00 -70.00 -931.00 0
8316 -2.57 0.07 -2.02 -99.00 -74.00 220.00 502.00 -70.00 -931.00 0
8326 -3.13 0.21 -1.81 -97.00 -73.00 216.00 502.00 -70.00 -931.00 0
8335 -3.62 -0.14 -1.74 -96.00 -72.00 214.00 502.00 -70.00 -931.00 0
8344 -4.03 -0.63 -1.88 -92.00 -72.00 211.00 502.00 -70.00 -931.00 0
8353 -4.10 -1.04 -2.02 -90.00 -69.00 207.00 502.00 -70.00 -931.00 0
8363 -3.90 -1.39 -1.95 -89.00 -73.00 207.00 502.00 -70.00 -931.00 0
8371 -2.78 -1.25 -1.60 -88.00 -69.00 211.00 502.00 -70.00 -931.00 0
8380 -2.16 -0.90 -1.39 -91.00 -63.00 208.00 502.00 -70.00 -931.00 0
8389 -1.81 -0.42 -1.18 -96.00 -59.00 212.00 502.00 -70.00 -931.00 0
8398 -1.67 -0.07 -1.04 -94.00 -66.00 216.00 502.00 -70.00 -931.00 0
8408 -1.74 0.07 -0.97 -96.00 -64.00 211.00 502.00 -70.00 -931.00 0
8417 -2.09 0.07 -1.11 -97.00 -65.00 215.00 502.00 -70.00 -931.00 0
8426 -2.50 -0.21 -1.39 -97.00 -63.00 216.00 502.00 -70.00 -931.00 0
8435 -3.34 -0.70 -2.09 -98.00 -69.00 214.00 502.00 -70.00 -931.00 0
8443 -3.48 -0.83 -2.16 -95.00 -75.00 211.00 502.00 -70.00 -931.00 0
8453 -3.41 -0.90 -2.02 -92.00 -72.00 209.00 502.00 -70.00 -931.00 0
8462 -3.27 -1.04 -1.95 -95.00 -71.00 206.00 502.00 -70.00 -931.00 0
8471 -2.99 -1.04 -1.81 -93.00 -73.00 215.00 502.00 -70.00 -931.00 0
8480 -2.71 -1.04 -1.81 -95.00 -68.00 212.00 502.00 -70.00 -931.00 0
8489 -2.57 -1.11 -2.02 -95.00 -61.00 212.00 502.00 -70.00 -931.00 0
8499 -2.30 -1.53 -2.09 -95.00 -66.00 210.00 502.00 -70.00 -931.00 0
8508 -2.37 -1.74 -2.09 -93.00 -64.00 212.00 502.00 -70.00 -931.00 0
8517 -2.64 -1.81 -2.16 -94.00 -64.00 208.00 502.00 -70.00 -931.00 0
8525 -3.06 -1.67 -2.16 -89.00 -66.00 211.00 507.00 -72.00 -869.00 0
8535 -3.62 -1.53 -2.23 -93.00 -72.00 215.00 507.00 -72.00 -869.00 0
8544 -4.17 -1.46 -2.30 -97.00 -68.00 213.00 507.00 -72.00 -869.00 0
8553 -4.52 -1.18 -2.09 -97.00 -74.00 216.00 507.00 -72.00 -869.00 0
8562 -4.31 -0.77 -1.95 -95.00 -72.00 214.00 507.00 -72.00 -869.00 0
8571 -3.90 -0.97 -1.88 -94.00 -69.00 209.00 507.00 -72.00 -869.00 0
8581 -3.41 -1.18 -1.74 -95.00 -67.00 209.00 507.00 -72.00 -869.00 0
8590 -2.92 -1.25 -1.60 -97.00 -66.00 214.00 507.00 -73.00 -1000.00 0
8599 -2.50 -1.25 -1.60 -93.00 -63.00 205.00 507.00 -73.00 -1000.00 0
8608 -2.09 -1.46 -1.67 -94.00 -64.00 212.00 507.00 -73.00 -1000.00 0
8617 -1.95 -1.88 -1.67 -92.00 -64.00 206.00 507.00 -73.00 -1000.00 0
8627 -2.43 -1.81 -1.67 -93.00 -64.00 211.00 507.00 -73.00 -1000.00 0
8635 -2.92 -1.60 -1.81 -94.00 -68.00 213.00 507.00 -73.00 -1000.00 0
8644 -3.34 -1.53 -1.81 -95.00 -66.00 206.00 507.00 -73.00 -1000.00 0
8653 -3.48 -1.32 -1.74 -97.00 -71.00 214.00 507.00 -73.00 -1000.00 0
8663 -3.62 -0.97 -1.67 -96.00 -69.00 216.00 507.00 -73.00 -1000.00 0
8672 -3.55 -0.77 -1.60 -95.00 -66.00 209.00 507.00 -73.00 -1000.00 0
8681 -2.92 -0.77 -1.39 -98.00 -69.00 206.00 507.00 -73.00 -1000.00 0
8690 -2.64 -0.77 -1.32 -95.00 -66.00 210.00 507.00 -73.00 -1000.00 0
8699 -2.43 -0.77 -1.46 -96.00 -63.00 212.00 507.00 -73.00 -1000.00 0
8709 -2.43 -0.97 -1.67 -98.00 -62.00 209.00 507.00 -73.00 -1000.00 0
8718 -2.57 -1.25 -1.74 -92.00 -69.00 212.00 507.00 -73.00 -1000.00 0
8727 -2.78 -1.32 -1.67 -92.00 -67.00 209.00 507.00 -73.00 -1000.00 0
8736 -3.06 -1.74 -1.81 -93.00 -65.00 210.00 507.00 -73.00 -1000.00 0
8745 -3.41 -1.95 -1.81 -88.00 -68.00 206.00 507.00 -73.00 -1000.00 0
8755 -3.69 -1.95 -1.74 -90.00 -69.00 207.00 507.00 -73.00 -1000.00 0
8764 -3.90 -1.74 -1.67 -91.00 -68.00 206.00 507.00 -73.00 -1000.00 0
8773 -3.97 -1.53 -1.74 -95.00 -68.00 211.00 507.00 -73.00 -1000.00 0
8782 -3.97 -1.25 -1.74 -97.00 -67.00 214.00 507.00 -73.00 -1000.00 0
8792 -3.90 -0.97 -1.74 -101.00 -67.00 210.00 507.00 -73.00 -1000.00 0
8801 -3.83 -0.35 -1.88 -96.00 -64.00 211.00 507.00 -73.00 -1000.00 0
8810 -3.62 -0.35 -1.81 -98.00 -64.00 214.00 507.00 -73.00 -1000.00 0
8818 -3.41 -0.35 -1.60 -94.00 -63.00 206.00 507.00 -73.00 -1000.00 0
8827 -3.27 -0.35 -1.32 -90.00 -66.00 206.00 507.00 -73.00 -1000.00 0
8837 -3.13 -0.35 -1.11 -91.00 -63.00 201.00 507.00 -73.00 -1000.00 0
8846 -3.48 -0.21 -0.90 -91.00 -65.00 204.00 507.00 -73.00 -1000.00 0
8855 -3.90 0.21 -0.49 -93.00 -67.00 207.00 507.00 -73.00 -1000.00 0
8864 -5.22 1.25 -0.35 -92.00 -70.00 207.00 507.00 -73.00 -1000.00 0
8873 -5.77 1.88 -0.07 -89.00 -69.00 204.00 507.00 -73.00 -1000.00 0
8883 -6.26 2.71 0.14 -91.00 -69.00 204.00 507.00 -73.00 -1000.00 0
8892 -6.61 3.69 0.28 -91.00 -69.00 202.00 507.00 -73.00 -1000.00 0
8901 -7.10 4.94 0.49 -90.00 -70.00 198.00 507.00 -73.00 -1000.00 0
8910 -7.58 6.61 0.83 -87.00 -68.00 190.00 507.00 -73.00 -1000.00 0
8920 -7.58 11.34 1.11 -89.00 -63.00 194.00 515.00 -72.00 -1028.00 0
8929 -7.51 14.96 1.25 -91.00 -68.00 194.00 515.00 -72.00 -1028.00 0
8938 -7.79 19.34 1.53 -99.00 -63.00 201.00 515.00 -72.00 -1028.00 0
8947 -7.93 24.14 2.16 -112.00 -64.00 204.00 515.00 -72.00 -1028.00 0
8956 -8.35 28.73 2.85 -115.00 -71.00 206.00 515.00 -72.00 -1028.00 0
8966 -9.11 32.77 3.41 -113.00 -62.00 206.00 515.00 -72.00 -1028.00 0
8975 -10.02 38.40 5.50 -109.00 -65.00 203.00 515.00 -72.00 -1028.00 1
8985 -10.02 40.49 7.17 -161.00 -93.00 271.00 537.00 -76.00 -981.00 1
8995 -11.27 40.14 7.72 -118.00 -95.00 203.00 537.00 -76.00 -981.00 1
9006 -10.71 33.46 6.40 -109.00 -64.00 207.00 537.00 -76.00 -981.00 1
9017 -5.50 20.17 4.87 -122.00 -89.00 210.00 537.00 -76.00 -981.00 1
9028 -4.87 16.90 4.03 -119.00 -75.00 212.00 537.00 -76.00 -981.00 1
9038 -1.67 10.37 2.71 -117.00 -79.00 210.00 537.00 -76.00 -981.00 1
9049 -0.07 7.17 1.53 -139.00 -86.00 239.00 534.00 -80.00 -1011.00 0
9058 2.02 2.57 -0.14 -149.00 -102.00 260.00 534.00 -80.00 -1011.00 0
9067 4.03 -5.43 -3.13 -127.00 -62.00 233.00 534.00 -80.00 -1011.00 0
9076 7.51 -16.97 -6.96 -108.00 -62.00 202.00 534.00 -80.00 -1011.00 0
9085 10.57 -29.08 -9.88 -92.00 -60.00 187.00 534.00 -80.00 -1011.00 0
9095 12.66 -45.01 -12.94 -86.00 -53.00 190.00 534.00 -80.00 -1011.00 0
9104 12.45 -48.70 -13.50 -82.00 -58.00 183.00 534.00 -80.00 -1011.00 0
9113 11.20 -49.53 -13.91 -79.00 -45.00 177.00 278.00 -76.00 -1003.00 0
9122 9.60 -48.14 -13.08 -80.00 -55.00 178.00 510.00 -76.00 -1003.00 0
9132 8.07 -44.73 -11.97 -78.00 -63.00 188.00 510.00 -76.00 -1003.00 0
9141 5.77 -39.51 -10.85 -82.00 -63.00 203.00 510.00 -76.00 -1003.00 0
9150 2.23 -26.92 -8.49 -98.00 -70.00 212.00 510.00 -76.00 -1003.00 0
9159 1.25 -20.94 -7.58 -103.00 -67.00 221.00 510.00 -76.00 -1003.00 0
9168 0.70 -16.35 -6.47 -103.00 -68.00 218.00 510.00 -76.00 -1003.00 0
9178 0.49 -13.29 -5.63 -100.00 -71.00 215.00 510.00 -76.00 -1003.00 0
9187 0.35 -11.34 -5.08 -100.00 -75.00 209.00 510.00 -76.00 -1003.00 0
9196 0.28 -10.09 -4.87 -92.00 -63.00 209.00 510.00 -76.00 -1003.00 0
9205 0.83 -8.21 -4.52 -94.00 -63.00 204.00 510.00 -76.00 -1003.00 0
9214 0.83 -7.65 -4.38 -91.00 -64.00 205.00 510.00 -76.00 -1003.00 0
9224 0.77 -7.10 -4.24 -89.00 -62.00 206.00 510.00 -76.00 -1003.00 0
9233 0.49 -6.68 -4.31 -91.00 -59.00 208.00 510.00 -76.00 -1003.00 0
9242 0.07 -6.40 -4.45 -88.00 -58.00 204.00 510.00 -76.00 -1003.00 0
9251 -0.35 -6.05 -4.31 -88.00 -62.00 206.00 505.00 -75.00 -1172.00 0
9261 -0.90 -5.63 -3.62 -94.00 -64.00 205.00 505.00 -75.00 -1172.00 0
9270 -1.81 -3.76 -3.34 -98.00 -66.00 213.00 505.00 -75.00 -1172.00 0
9279 -2.30 -2.85 -3.06 -96.00 -68.00 217.00 505.00 -75.00 -1172.00 0
9288 -2.85 -2.30 -3.13 -98.00 -74.00 224.00 505.00 -75.00 -1172.00 0
9297 -3.48 -1.88 -3.41 -101.00 -71.00 217.00 505.00 -75.00 -1172.00 0
9307 -3.48 -1.81 -3.48 -97.00 -69.00 215.00 505.00 -75.00 -1172.00 0
9316 -3.13 -1.95 -3.41 -92.00 -69.00 210.00 505.00 -75.00 -1172.00 0
9325 -1.67 -3.27 -3.13 -91.00 -65.00 205.00 505.00 -75.00 -1172.00 0
9334 -1.11 -3.69 -2.85 -90.00 -62.00 201.00 505.00 -75.00 -1172.00 0
9344 -0.83 -3.69 -2.50 -93.00 -59.00 205.00 505.00 -75.00 -1172.00 0
9352 -0.90 -3.41 -2.37 -92.00 -58.00 200.00 505.00 -75.00 -1172.00 0
9361 -1.39 -2.99 -2.37 -88.00 -56.00 206.00 505.00 -75.00 -1172.00 0
9370 -2.02 -2.57 -2.43 -95.00 -56.00 207.00 505.00 -75.00 -1172.00 0
9379 -2.92 -2.02 -2.57 -98.00 -62.00 215.00 505.00 -71.00 -918.00 0
9389 -4.38 -0.90 -2.57 -100.00 -70.00 220.00 505.00 -71.00 -918.00 0
9398 -5.08 -0.56 -2.50 -102.00 -74.00 223.00 505.00 -71.00 -918.00 0
9407 -5.50 -0.70 -2.57 -97.00 -74.00 219.00 505.00 -71.00 -918.00 0
9416 -5.36 -1.32 -2.64 -91.00 -74.00 216.00 505.00 -71.00 -918.00 0
9425 -4.80 -1.95 -2.50 -91.00 -76.00 207.00 505.00 -71.00 -918.00 0
9435 -3.90 -2.37 -2.23 -88.00 -65.00 202.00 505.00 -71.00 -918.00 0
9444 -2.85 -2.37 -1.81 -87.00 -62.00 201.00 506.00 -74.00 -1123.00 0
9453 -1.53 -1.95 -1.74 -89.00 -57.00 205.00 506.00 -74.00 -1123.00 0
9462 -1.53 -1.32 -1.74 -94.00 -56.00 205.00 506.00 -74.00 -1123.00 0
9472 -2.16 -0.63 -1.81 -95.00 -55.00 209.00 506.00 -74.00 -1123.00 0
9480 -2.92 -0.07 -1.88 -96.00 -63.00 211.00 506.00 -74.00 -1123.00 0
9489 -3.90 0.21 -1.81 -100.00 -70.00 216.00 506.00 -74.00 -1123.00 0
9498 -4.66 0.28 -1.67 -98.00 -77.00 218.00 506.00 -74.00 -1123.00 0
9507 -5.84 0.07 -1.67 -100.00 -78.00 216.00 504.00 -75.00 -1028.00 0
9517 -5.63 -0.28 -1.74 -99.00 -77.00 214.00 504.00 -75.00 -1028.00 0
9526 -4.94 -0.56 -1.88 -93.00 -75.00 211.00 504.00 -75.00 -1028.00 0
9535 -4.17 -0.90 -2.09 -99.00 -70.00 210.00 504.00 -75.00 -1028.00 0
9544 -3.27 -1.11 -2.37 -95.00 -67.00 204.00 504.00 -75.00 -1028.00 0
9553 -2.37 -1.25 -2.71 -90.00 -61.00 206.00 504.00 -75.00 -1028.00 0
9563 -1.74 -1.46 -3.34 -94.00 -59.00 210.00 504.00 -75.00 -1028.00 0
9572 -2.16 -1.60 -3.76 -93.00 -62.00 205.00 504.00 -75.00 -1028.00 0
9581 -2.85 -1.60 -4.03 -93.00 -59.00 204.00 504.00 -75.00 -1028.00 0
9590 -3.48 -1.46 -3.97 -92.00 -63.00 211.00 504.00 -75.00 -1028.00 0
9600 -4.03 -1.11 -3.76 -98.00 -67.00 212.00 504.00 -75.00 -1028.00 0
9609 -4.24 -0.49 -3.20 -96.00 -69.00 211.00 504.00 -75.00 -1028.00 0
9618 -4.24 -0.07 -2.50 -92.00 -75.00 212.00 504.00 -75.00 -1028.00 0
9627 -3.62 0.70 -1.53 -96.00 -74.00 210.00 504.00 -75.00 -1028.00 0
9636 -3.41 1.11 -1.39 -97.00 -69.00 209.00 504.00 -75.00 -1028.00 0
9646 -3.27 1.53 -1.46 -97.00 -66.00 214.00 508.00 -75.00 -1151.00 0
9655 -3.13 1.88 -1.60 -97.00 -65.00 208.00 508.00 -75.00 -1151.00 0
9663 -2.99 2.16 -1.74 -98.00 -61.00 210.00 508.00 -75.00 -1151.00 0
9672 -2.92 2.37 -1.95 -94.00 -62.00 207.00 508.00 -75.00 -1151.00 0
9681 -3.20 2.30 -1.95 -91.00 -59.00 205.00 508.00 -75.00 -1151.00 0
9691 -3.90 2.78 -1.46 -96.00 -62.00 204.00 508.00 -75.00 -1151.00 0
9700 -4.38 3.41 -0.97 -96.00 -61.00 200.00 508.00 -75.00 -1151.00 0
9709 -5.08 4.31 -0.56 -96.00 -67.00 204.00 508.00 -75.00 -1151.00 0
9718 -5.98 5.29 -0.07 -96.00 -65.00 207.00 508.00 -75.00 -1151.00 0
9728 -6.68 6.61 0.42 -100.00 -72.00 207.00 508.00 -75.00 -1151.00 0
9737 -7.17 8.07 0.97 -102.00 -73.00 210.00 508.00 -75.00 -1151.00 0
9746 -7.72 11.20 1.74 -99.00 -69.00 207.00 508.00 -75.00 -1151.00 0
9755 -7.58 12.59 2.02 -97.00 -68.00 205.00 508.00 -75.00 -1151.00 0
9764 -7.51 13.77 2.23 -99.00 -65.00 197.00 508.00 -75.00 -1151.00 0
9774 -7.51 14.82 2.43 -95.00 -65.00 196.00 519.00 -76.00 -1006.00 0
9783 -7.65 15.86 2.78 -92.00 -55.00 179.00 519.00 -76.00 -1006.00 0
9792 -8.14 17.25 3.20 -77.00 -48.00 158.00 519.00 -76.00 -1006.00 0
9801 -8.77 25.11 5.63 -75.00 -45.00 148.00 519.00 -76.00 -1006.00 0
9810 -12.52 34.09 8.14 -93.00 -46.00 171.00 519.00 -76.00 -1006.00 1
9821 -15.93 46.26 11.34 -196.00 -89.00 294.00 519.00 -76.00 -1006.00 1
9832 -21.84 58.92 14.61 -137.00 -111.00 231.00 519.00 -76.00 -1006.00 1
9842 -16.49 38.12 9.04 -85.00 -32.00 167.00 519.00 -76.00 -1006.00 1
9853 -14.19 29.29 8.14 -134.00 -108.00 215.00 519.00 -76.00 -1006.00 1
9865 -14.26 25.46 6.26 -118.00 -75.00 206.00 519.00 -76.00 -1006.00 1
9876 -7.03 18.16 5.57 -120.00 -75.00 198.00 519.00 -76.00 -1006.00 1
9886 -5.43 14.26 3.76 -129.00 -75.00 213.00 519.00 -76.00 -1006.00 0
9895 -3.20 9.18 2.02 -156.00 -95.00 267.00 519.00 -76.00 -1006.00 0
9905 -0.70 -8.21 -4.45 -136.00 -64.00 238.00 537.00 -78.00 -856.00 0
9914 4.66 -21.01 -8.42 -119.00 -48.00 217.00 537.00 -78.00 -856.00 0
9923 6.82 -33.04 -11.27 -104.00 -56.00 190.00 537.00 -78.00 -856.00 0
9932 7.51 -41.95 -12.87 -97.00 -64.00 186.00 537.00 -78.00 -856.00 0
9942 7.72 -47.37 -13.36 -92.00 -73.00 180.00 537.00 -78.00 -856.00 0
9951 7.10 -49.67 -13.43 -85.00 -70.00 183.00 537.00 -78.00 -856.00 0
9960 7.03 -49.25 -13.15 -80.00 -67.00 186.00 537.00 -78.00 -856.00 0
9969 7.58 -43.48 -12.31 -87.00 -62.00 184.00 513.00 -75.00 -1053.00 0
9978 7.65 -38.54 -11.34 -90.00 -63.00 194.00 513.00 -75.00 -1053.00 0
9988 7.44 -32.70 -10.02 -95.00 -67.00 205.00 513.00 -75.00 -1053.00 0
9997 6.75 -26.92 -8.83 -102.00 -66.00 210.00 513.00 -75.00 -1053.00 0
10006 5.91 -21.70 -7.93 -105.00 -65.00 209.00 513.00 -75.00 -1053.00 0
10015 5.22 -17.60 -7.10 -100.00 -64.00 210.00 513.00 -75.00 -1053.00 0
10024 3.97 -12.45 -5.91 -102.00 -65.00 208.00 513.00 -75.00 -1053.00 0
10034 3.34 -10.71 -5.50 -99.00 -69.00 209.00 513.00 -74.00 -1013.00 0
10043 2.64 -9.46 -5.22 -99.00 -66.00 210.00 513.00 -74.00 -1013.00 0
10052 2.02 -8.42 -5.15 -101.00 -68.00 209.00 513.00 -74.00 -1013.00 0
10061 1.67 -7.65 -4.94 -102.00 -71.00 216.00 513.00 -74.00 -1013.00 0
10071 1.46 -7.30 -4.87 -98.00 -70.00 213.00 513.00 -74.00 -1013.00 0
10080 1.39 -7.72 -5.08 -101.00 -69.00 215.00 513.00 -74.00 -1013.00 0
10089 1.60 -8.28 -5.22 -100.00 -64.00 232.00 513.00 -74.00 -1013.00 0
10098 1.67 -9.11 -5.57 -110.00 -70.00 223.00 510.00 -74.00 -1078.00 0
10108 1.95 -10.16 -5.43 -98.00 -68.00 229.00 510.00 -74.00 -1078.00 0
10118 2.92 -12.45 -5.50 -111.00 -56.00 216.00 510.00 -74.00 -1078.00 0
10127 3.20 -14.89 -6.12 -109.00 -64.00 213.00 510.00 -74.00 -1078.00 0
10136 2.30 -19.69 -6.05 -100.00 -66.00 213.00 510.00 -74.00 -1078.00 0
10145 1.67 -20.94 -5.70 -84.00 -66.00 212.00 510.00 -74.00 -1078.00 0
10155 0.90 -21.98 -5.63 -85.00 -62.00 215.00 510.00 -74.00 -1078.00 0
10164 0.35 -22.61 -5.91 -95.00 -61.00 206.00 497.00 -73.00 -1144.00 0
10173 0.07 -22.68 -5.91 -86.00 -59.00 210.00 497.00 -73.00 -1144.00 0
10182 -0.49 -23.17 -4.80 -92.00 -67.00 211.00 497.00 -73.00 -1144.00 0
10191 -0.21 -22.82 -1.11 -96.00 -63.00 225.00 497.00 -73.00 -1144.00 0
10201 0.83 -22.33 -0.35 -101.00 -62.00 233.00 497.00 -73.00 -1144.00 0
10210 1.81 -22.82 -0.49 -102.00 -57.00 229.00 497.00 -73.00 -1144.00 0
10219 2.43 -24.21 -0.63 -97.00 -61.00 229.00 497.00 -73.00 -1144.00 0
10228 2.09 -26.23 -0.14 -91.00 -74.00 223.00 497.00 -73.00 -1144.00 0
10237 1.39 -28.31 0.49 -90.00 -65.00 222.00 497.00 -73.00 -1144.00 0
10247 1.11 -33.04 -0.28 -82.00 -63.00 217.00 497.00 -73.00 -1144.00 0
10256 0.07 -35.06 -1.53 -80.00 -67.00 211.00 497.00 -73.00 -1144.00 0
10265 -1.53 -36.66 -2.78 -72.00 -74.00 208.00 497.00 -73.00 -1144.00 0
10274 -2.92 -38.05 -3.76 -84.00 -57.00 223.00 497.00 -73.00 -1144.00 0
10284 -2.71 -39.93 -4.52 -93.00 -64.00 233.00 497.00 -73.00 -1144.00 0
10293 -3.27 -42.78 -5.15 -95.00 -64.00 262.00 497.00 -73.00 -1144.00 0
10302 -2.50 -52.03 -5.50 -96.00 -60.00 256.00 497.00 -73.00 -1144.00 0
10311 -0.35 -57.32 -4.17 -86.00 -57.00 247.00 497.00 -73.00 -1144.00 0
10320 1.60 -62.26 -2.30 -71.00 -61.00 228.00 497.00 -73.00 -1144.00 0
10331 2.09 -66.37 -0.77 -65.00 -62.00 214.00 497.00 -73.00 -1144.00 0
10340 1.04 -69.43 0.07 -60.00 -64.00 211.00 497.00 -73.00 -1144.00 0
10349 -0.49 -70.89 0.07 -62.00 -65.00 229.00 497.00 -73.00 -1144.00 0
10358 -2.16 -69.15 -0.42 -70.00 -52.00 237.00 497.00 -73.00 -1144.00 0
10368 -1.46 -68.59 0.49 -80.00 -30.00 248.00 426.00 -75.00 -1011.00 0
10377 -0.56 -69.77 3.48 -72.00 -39.00 257.00 426.00 -75.00 -1011.00 0
10386 -1.39 -72.63 8.07 -66.00 -55.00 241.00 426.00 -75.00 -1011.00 0
10395 -4.17 -76.52 12.80 -55.00 -72.00 227.00 426.00 -75.00 -1011.00 0
10404 -6.89 -81.11 16.77 -40.00 -75.00 212.00 426.00 -75.00 -1011.00 0
10414 -8.83 -88.70 20.80 -33.00 -72.00 200.00 426.00 -75.00 -1011.00 0
10423 -7.86 -90.85 21.22 -23.00 -62.00 194.00 426.00 -75.00 -1011.00 0
10432 -6.47 -92.10 21.29 -13.00 -65.00 190.00 426.00 -75.00 -1011.00 0
10441 -6.19 -92.03 20.94 -10.00 -66.00 197.00 426.00 -75.00 -1011.00 0
10450 -6.05 -90.92 20.59 -13.00 -68.00 215.00 426.00 -75.00 -1011.00 0
10460 -5.43 -88.63 20.17 -16.00 -64.00 224.00 426.00 -75.00 -1011.00 0
10469 -1.53 -84.52 19.76 -17.00 -73.00 240.00 426.00 -75.00 -1011.00 0
10478 0.21 -83.55 19.62 -13.00 -77.00 235.00 426.00 -75.00 -1011.00 0
10487 1.81 -83.55 18.99 2.00 -83.00 230.00 426.00 -75.00 -1011.00 0
10497 3.55 -83.76 17.67 1.00 -81.00 235.00 426.00 -75.00 -1011.00 0
10507 5.50 -83.41 15.72 9.00 -66.00 216.00 426.00 -75.00 -1011.00 0
10516 7.79 -82.92 13.15 16.00 -34.00 206.00 426.00 -75.00 -1011.00 0
10525 17.46 -82.78 9.39 26.00 -17.00 195.00 426.00 -75.00 -1011.00 0
10534 20.87 -83.27 9.95 28.00 -18.00 180.00 426.00 -75.00 -1011.00 0
10544 21.08 -82.92 11.48 38.00 -13.00 169.00 426.00 -75.00 -1011.00 0
10553 18.78 -80.35 14.05 41.00 -30.00 215.00 426.00 -75.00 -1011.00 0
10562 15.30 -75.34 18.09 26.00 -70.00 243.00 426.00 -75.00 -1011.00 0
10571 9.18 -68.10 22.05 19.00 -92.00 258.00 426.00 -75.00 -1011.00 0
10580 -3.41 -54.54 23.37 23.00 -86.00 272.00 426.00 -75.00 -1011.00 0
10590 -5.22 -48.56 21.29 20.00 -62.00 266.00 426.00 -75.00 -1011.00 0
10599 -5.29 -42.92 19.48 21.00 -49.00 245.00 426.00 -75.00 -1011.00 0
10608 -5.15 -37.70 18.09 22.00 -54.00 225.00 426.00 -75.00 -1011.00 0
10617 -5.70 -33.81 16.63 27.00 -55.00 217.00 426.00 -75.00 -1011.00 0
10627 -6.26 -31.44 14.68 29.00 -61.00 221.00 297.00 -109.00 -1091.00 0
10637 -6.26 -28.10 10.43 27.00 -60.00 224.00 297.00 -109.00 -1091.00 0
10646 -5.15 -26.50 8.00 29.00 -43.00 225.00 297.00 -109.00 -1091.00 0
10655 -3.69 -24.49 6.05 -10.00 -75.00 305.00 297.00 -109.00 -1091.00 0
10664 -3.69 -22.47 5.01 0.00 -80.00 307.00 297.00 -109.00 -1091.00 0
10674 -4.10 -26.16 2.30 34.00 -62.00 260.00 297.00 -109.00 -1091.00 0
10683 -3.41 -35.34 -1.04 35.00 -100.00 262.00 297.00 -109.00 -1091.00 0
10692 -5.29 -42.02 -4.24 42.00 -74.00 236.00 274.00 -108.00 -1075.00 0
10701 -3.62 -41.18 -5.63 36.00 -32.00 223.00 274.00 -108.00 -1075.00 0
10711 -0.42 -37.70 -4.94 50.00 -42.00 196.00 274.00 -108.00 -1075.00 0
10720 0.77 -33.25 -3.06 44.00 -81.00 177.00 274.00 -108.00 -1075.00 0
10729 -0.35 -28.17 -2.57 32.00 -45.00 218.00 274.00 -108.00 -1075.00 0
10738 0.90 -23.93 -4.38 37.00 -50.00 218.00 274.00 -108.00 -1075.00 0
10748 3.83 -18.99 -7.23 37.00 -59.00 225.00 274.00 -108.00 -1075.00 0
10758 4.17 -16.35 -7.93 41.00 -53.00 242.00 266.00 -109.00 -1008.00 0
10767 3.69 -14.12 -8.42 36.00 -50.00 249.00 266.00 -109.00 -1008.00 0
10776 1.95 -12.17 -8.49 34.00 -54.00 248.00 266.00 -109.00 -1008.00 0
10785 -1.04 -10.30 -8.70 36.00 -54.00 243.00 266.00 -109.00 -1008.00 0
10795 -4.03 -8.83 -8.42 28.00 -43.00 244.00 266.00 -109.00 -1008.00 0
10804 -8.00 -7.17 -7.58 29.00 -43.00 253.00 266.00 -109.00 -1008.00 0
10813 -8.90 -6.47 -6.05 30.00 -45.00 264.00 266.00 -109.00 -1008.00 0
10822 -10.02 -6.19 -4.52 33.00 -63.00 247.00 262.00 -107.00 -1083.00 0
10831 -10.71 -6.68 -2.50 36.00 -58.00 231.00 262.00 -107.00 -1083.00 0
10841 -8.35 -7.65 -0.35 41.00 -46.00 213.00 262.00 -107.00 -1083.00 0
10850 -4.52 -9.04 1.11 52.00 -68.00 201.00 262.00 -107.00 -1083.00 0
10859 0.21 -10.30 2.09 48.00 -68.00 206.00 262.00 -107.00 -1083.00 0
10868 2.37 -9.53 1.18 40.00 -79.00 233.00 262.00 -107.00 -1083.00 0
10877 4.31 -9.53 -0.70 43.00 -66.00 240.00 262.00 -107.00 -1083.00 0
10887 5.50 -10.71 -3.34 43.00 -63.00 235.00 253.00 -113.00 -1069.00 0
10896 6.33 -11.97 -6.47 49.00 -65.00 187.00 253.00 -113.00 -1069.00 0
10906 6.89 -12.80 -9.46 33.00 -55.00 275.00 253.00 -113.00 -1069.00 0
10915 11.83 -12.59 -12.03 38.00 -31.00 261.00 253.00 -113.00 -1069.00 0
10925 10.50 -13.36 -12.80 31.00 -27.00 263.00 253.00 -113.00 -1069.00 0
10934 8.07 -12.94 -12.80 59.00 -58.00 216.00 253.00 -113.00 -1069.00 0
10943 6.82 -12.52 -12.45 61.00 -60.00 214.00 253.00 -113.00 -1069.00 0
10952 8.28 -10.85 -11.41 59.00 -56.00 215.00 249.00 -122.00 -1250.00 0
10961 12.38 -4.80 -8.21 50.00 -49.00 223.00 249.00 -122.00 -1250.00 0
10971 24.97 -2.71 -6.68 53.00 -31.00 237.00 249.00 -122.00 -1250.00 0
10980 29.29 -1.32 -5.70 49.00 -34.00 238.00 249.00 -122.00 -1250.00 0
10989 31.44 -0.28 -3.76 36.00 -30.00 245.00 249.00 -122.00 -1250.00 0
10999 30.96 0.49 -1.18 42.00 -24.00 248.00 249.00 -122.00 -1250.00 0
11009 27.27 -0.42 1.18 59.00 -31.00 255.00 249.00 -122.00 -1250.00 0
11018 14.75 -1.81 4.94 59.00 -31.00 250.00 249.00 -134.00 -953.00 0
11027 8.00 1.60 6.54 57.00 -35.00 234.00 249.00 -134.00 -953.00 0
11036 1.88 7.03 6.68 52.00 -47.00 220.00 249.00 -134.00 -953.00 0
11045 -2.43 11.62 5.84 111.00 -49.00 247.00 249.00 -134.00 -953.00 0
11055 -5.63 7.79 6.40 57.00 -53.00 221.00 249.00 -134.00 -953.00 0
11064 -6.33 5.63 6.68 39.00 -47.00 235.00 249.00 -134.00 -953.00 0
11073 -6.82 6.89 11.27 72.00 -18.00 240.00 249.00 -134.00 -953.00 0
11082 -8.42 5.91 12.80 106.00 -18.00 246.00 249.00 -134.00 -953.00 0
11091 -9.25 3.55 13.91 66.00 -11.00 225.00 249.00 -134.00 -953.00 0
11101 -8.63 1.11 17.32 86.00 -11.00 254.00 249.00 -134.00 -953.00 0
11110 -7.30 -0.90 20.45 58.00 -15.00 299.00 249.00 -134.00 -953.00 0
11119 -6.05 -1.46 22.33 46.00 -11.00 225.00 249.00 -134.00 -953.00 0
11128 -6.33 0.63 22.40 145.00 -30.00 234.00 249.00 -134.00 -953.00 0
11138 -11.13 11.76 22.05 83.00 -42.00 188.00 249.00 -134.00 -953.00 0
11147 -13.98 18.57 21.70 1.00 -55.00 240.00 249.00 -134.00 -953.00 0
11156 -13.50 23.51 19.90 -10.00 -65.00 211.00 249.00 -134.00 -953.00 0
11165 -8.63 29.22 21.15 -10.00 -40.00 220.00 249.00 -134.00 -953.00 0
11174 -1.95 27.20 25.53 -28.00 -48.00 242.00 249.00 -134.00 -953.00 0
11184 6.47 23.30 29.57 -43.00 -53.00 220.00 249.00 -134.00 -953.00 0
11193 22.19 13.91 38.40 -22.00 -43.00 249.00 249.00 -134.00 -953.00 0
11202 29.91 5.57 43.27 -4.00 -38.00 229.00 249.00 -134.00 -953.00 0
11211 37.77 -2.99 46.40 1.00 -35.00 243.00 249.00 -134.00 -953.00 0
11220 47.30 -14.40 50.30 16.00 -26.00 241.00 249.00 -134.00 -953.00 0
11230 57.39 -27.90 54.75 29.00 -22.00 240.00 249.00 -134.00 -953.00 0
11240 65.11 -44.45 58.30 38.00 -23.00 241.00 249.00 -134.00 -953.00 0
11249 74.85 -61.29 58.92 64.00 -45.00 270.00 249.00 -134.00 -953.00 0
11258 74.92 -65.39 57.04 68.00 -9.00 255.00 249.00 -134.00 -953.00 0
11268 72.56 -69.22 56.21 64.00 -15.00 241.00 249.00 -134.00 -953.00 0
11277 69.91 -70.47 54.47 78.00 -1.00 253.00 249.00 -134.00 -953.00 0
11286 66.92 -68.31 51.27 70.00 -2.00 246.00 249.00 -134.00 -953.00 0
11295 62.82 -56.00 38.61 63.00 -7.00 227.00 249.00 -134.00 -953.00 0
11304 54.61 -48.83 31.30 64.00 -1.00 231.00 249.00 -134.00 -953.00 0
11314 51.13 -43.55 25.39 66.00 3.00 232.00 249.00 -134.00 -953.00 0
11323 48.97 -38.05 20.73 62.00 -5.00 232.00 249.00 -134.00 -953.00 0
11332 47.58 -32.49 18.16 66.00 -1.00 230.00 249.00 -134.00 -953.00 0
11341 45.01 -28.52 18.30 75.00 4.00 233.00 249.00 -134.00 -953.00 0
11352 41.04 -26.37 24.35 76.00 3.00 230.00 249.00 -134.00 -953.00 0
11361 32.56 -25.46 26.85 70.00 2.00 226.00 249.00 -134.00 -953.00 0
11370 28.73 -24.83 27.97 72.00 2.00 230.00 249.00 -134.00 -953.00 0
11379 25.67 -24.14 27.48 65.00 -4.00 233.00 249.00 -134.00 -953.00 0
11388 22.33 -23.10 26.02 66.00 -1.00 227.00 249.00 -134.00 -953.00 0
11398 17.95 -21.43 23.72 73.00 0.00 234.00 249.00 -134.00 -953.00 0
11407 13.77 -17.81 21.29 78.00 3.00 229.00 249.00 -134.00 -953.00 0
11416 8.77 -14.89 20.94 76.00 12.00 227.00 249.00 -134.00 -953.00 0
11425 7.72 -11.62 20.38 64.00 12.00 238.00 249.00 -134.00 -953.00 0
11435 8.00 -8.90 18.64 60.00 11.00 238.00 249.00 -134.00 -953.00 0
11444 8.28 -7.03 15.44 62.00 16.00 235.00 249.00 -134.00 -953.00 0
11453 8.21 -6.26 11.06 73.00 9.00 239.00 249.00 -134.00 -953.00 0
11462 8.70 -7.44 3.55 73.00 16.00 238.00 249.00 -134.00 -953.00 0
11471 11.27 -8.63 0.70 79.00 17.00 243.00 249.00 -134.00 -953.00 0
11481 12.17 -9.81 -2.23 82.00 15.00 243.00 249.00 -134.00 -953.00 0
11490 12.52 -11.20 -4.66 93.00 8.00 245.00 249.00 -134.00 -953.00 0
11499 11.83 -12.45 -7.17 95.00 1.00 232.00 249.00 -134.00 -953.00 0
11508 10.16 -13.50 -9.74 106.00 -7.00 232.00 249.00 -134.00 -953.00 0
11517 8.63 -14.33 -12.94 111.00 -13.00 237.00 249.00 -134.00 -953.00 0
11527 6.19 -14.33 -13.01 95.00 -7.00 233.00 249.00 -134.00 -953.00 0
11536 5.08 -13.43 -12.03 87.00 -1.00 246.00 249.00 -134.00 -953.00 0
11545 5.22 -12.24 -10.50 83.00 7.00 253.00 216.00 -281.00 -1105.00 0
11554 4.73 -11.55 -9.74 84.00 10.00 257.00 216.00 -281.00 -1105.00 0
11564 2.16 -11.48 -10.57 107.00 1.00 253.00 216.00 -281.00 -1105.00 0
11574 -1.88 -12.24 -11.69 111.00 3.00 248.00 216.00 -281.00 -1105.00 0
11583 -10.37 -13.22 -11.06 114.00 2.00 247.00 216.00 -281.00 -1105.00 0
11592 -12.94 -11.90 -9.95 113.00 2.00 220.00 216.00 -281.00 -1105.00 0
11601 -13.77 -8.56 -9.46 146.00 -26.00 238.00 216.00 -281.00 -1105.00 0
11611 -9.95 -6.75 -12.31 108.00 -15.00 228.00 214.00 -275.00 -946.00 0
11620 -6.75 -8.00 -15.10 120.00 -6.00 173.00 214.00 -275.00 -946.00 0
11629 5.29 -7.65 -11.27 92.00 -30.00 232.00 214.00 -275.00 -946.00 0
11638 31.72 -9.04 -1.74 92.00 -13.00 291.00 214.00 -275.00 -946.00 0
11648 44.94 -9.25 5.98 99.00 7.00 224.00 214.00 -275.00 -946.00 0
11657 50.16 -7.10 14.33 91.00 1.00 237.00 214.00 -275.00 -946.00 0
11666 58.09 -4.38 20.03 87.00 1.00 243.00 214.00 -275.00 -946.00 0
11675 65.39 -0.97 21.43 71.00 6.00 238.00 220.00 -333.00 -972.00 0
11684 70.89 3.41 21.70 68.00 1.00 265.00 220.00 -333.00 -972.00 0
11694 75.06 2.99 22.54 40.00 28.00 272.00 220.00 -333.00 -972.00 0
11703 67.06 2.09 17.95 42.00 22.00 252.00 220.00 -333.00 -972.00 0
11712 53.29 1.11 7.23 59.00 14.00 243.00 220.00 -333.00 -972.00 0
11721 37.22 0.07 -6.40 65.00 11.00 234.00 220.00 -333.00 -972.00 0
11730 21.08 -1.60 -20.45 57.00 10.00 232.00 220.00 -333.00 -972.00 0
11741 6.40 -2.71 -48.07 46.00 13.00 236.00 225.00 -327.00 -985.00 0
11750 -16.42 -5.29 -58.78 66.00 19.00 238.00 225.00 -327.00 -985.00 0
11759 -25.81 -5.57 -65.67 81.00 28.00 234.00 225.00 -327.00 -985.00 0
11768 -33.39 -5.70 -69.98 52.00 76.00 246.00 225.00 -327.00 -985.00 0
11778 -39.10 -4.52 -74.16 111.00 29.00 209.00 225.00 -327.00 -985.00 0
11787 -41.60 -1.88 -82.02 87.00 5.00 215.00 225.00 -327.00 -985.00 0
11796 -38.33 -3.55 -88.70 79.00 9.00 222.00 225.00 -327.00 -985.00 0
11805 -33.46 -5.70 -97.95 65.00 12.00 208.00 226.00 -284.00 -985.00 0
11814 -34.43 -1.60 -106.16 41.00 2.00 210.00 226.00 -284.00 -985.00 0
11824 -36.73 4.10 -117.98 13.00 0.00 227.00 226.00 -284.00 -985.00 0
11833 -40.56 11.83 -131.55 14.00 -3.00 225.00 226.00 -284.00 -985.00 0
11842 -45.08 24.14 -142.12 4.00 6.00 203.00 226.00 -284.00 -985.00 0
11851 -48.21 37.63 -146.09 15.00 -4.00 205.00 226.00 -284.00 -985.00 0
11860 -46.12 48.90 -151.23 39.00 -3.00 206.00 226.00 -284.00 -985.00 0
11870 -43.55 51.69 -151.37 59.00 -4.00 173.00 263.00 -228.00 -1177.00 0
11879 -42.37 55.51 -150.19 71.00 -5.00 188.00 263.00 -228.00 -1177.00 0
11889 -40.42 56.14 -147.83 70.00 -1.00 192.00 263.00 -228.00 -1177.00 0
11898 -39.03 56.77 -140.87 46.00 1.00 200.00 263.00 -228.00 -1177.00 0
11908 -40.63 62.82 -114.50 17.00 8.00 204.00 263.00 -228.00 -1177.00 0
11917 -40.70 64.35 -99.76 -5.00 3.00 202.00 263.00 -228.00 -1177.00 0
11926 -39.44 63.30 -86.12 4.00 1.00 201.00 263.00 -228.00 -1177.00 0
11935 -37.77 61.43 -74.37 6.00 -13.00 179.00 300.00 -191.00 -1062.00 0
11944 -36.38 61.22 -65.46 6.00 -1.00 165.00 300.00 -191.00 -1062.00 0
11954 -34.71 62.82 -60.10 28.00 5.00 186.00 300.00 -191.00 -1062.00 0
11964 -30.54 68.03 -60.17 21.00 28.00 200.00 300.00 -191.00 -1062.00 0
11973 -31.65 76.10 -62.19 4.00 40.00 201.00 300.00 -191.00 -1062.00 0
11982 -36.38 89.32 -67.20 4.00 48.00 217.00 300.00 -191.00 -1062.00 0
11992 -43.34 106.71 -74.78 -16.00 35.00 239.00 300.00 -191.00 -1062.00 0
12001 -51.27 127.03 -82.92 -47.00 -17.00 238.00 300.00 -131.00 -1005.00 0
12010 -60.17 144.97 -89.46 -122.00 -35.00 219.00 387.00 -131.00 -1005.00 0
12020 -70.54 153.46 -76.10 -158.00 -45.00 226.00 387.00 -131.00 -1005.00 0
12029 -64.21 144.97 -60.87 -159.00 -29.00 241.00 387.00 -131.00 -1005.00 0
12039 -50.78 131.06 -46.82 -132.00 -16.00 240.00 387.00 -131.00 -1005.00 0
12048 -33.39 114.43 -38.05 -115.00 -12.00 226.00 387.00 -131.00 -1005.00 0
12058 -15.72 100.45 -34.64 -78.00 -15.00 238.00 387.00 -131.00 -1005.00 0
12067 6.75 75.20 -32.70 -76.00 -5.00 239.00 435.00 -129.00 -949.00 0
12077 12.24 67.69 -28.52 -77.00 17.00 234.00 435.00 -129.00 -949.00 0
12086 16.21 62.75 -25.81 -53.00 9.00 227.00 435.00 -129.00 -949.00 0
12095 19.13 59.55 -24.49 -50.00 4.00 215.00 435.00 -129.00 -949.00 0
12104 22.33 58.02 -22.05 -67.00 10.00 214.00 435.00 -129.00 -949.00 0
12113 27.06 57.46 -18.37 -79.00 10.00 225.00 435.00 -129.00 -949.00 0
12123 33.88 57.60 -12.38 -107.00 -4.00 226.00 435.00 -129.00 -949.00 0
12132 35.69 55.23 -10.09 -147.00 -4.00 254.00 470.00 -153.00 -1111.00 0
12141 36.80 50.71 -9.81 -145.00 5.00 271.00 470.00 -153.00 -1111.00 0
12151 32.90 49.81 -18.71 -156.00 -50.00 251.00 470.00 -153.00 -1111.00 0
12161 22.54 52.80 -33.46 -166.00 -84.00 236.00 470.00 -153.00 -1111.00 0
12170 -3.83 52.38 -48.07 -165.00 -61.00 234.00 470.00 -153.00 -1111.00 0
12179 -10.57 51.20 -51.20 -185.00 -19.00 220.00 470.00 -153.00 -1111.00 0
12188 -19.90 54.75 -59.83 -138.00 -9.00 199.00 470.00 -153.00 -1111.00 0
12197 -35.34 63.79 -76.10 -85.00 15.00 170.00 522.00 -45.00 -1031.00 0
12208 -76.17 85.84 -103.65 -31.00 -53.00 13.00 522.00 -45.00 -1031.00 0
12217 -169.32 130.23 -140.66 103.00 34.00 371.00 522.00 -45.00 -1031.00 0
12226 -279.93 198.47 -206.12 12.00 -16.00 325.00 522.00 -45.00 -1031.00 0
12235 -184.07 133.01 -181.63 -100.00 -42.00 227.00 522.00 -45.00 -1031.00 0
12246 -133.63 90.85 -123.69 -92.00 -46.00 177.00 522.00 -45.00 -1031.00 0
12255 -95.65 61.29 -85.77 -80.00 -9.00 177.00 522.00 -45.00 -1031.00 0
12264 -75.62 44.24 -68.24 -53.00 -23.00 214.00 544.00 84.00 -1041.00 0
12273 -80.70 30.26 -43.69 -46.00 -68.00 243.00 544.00 84.00 -1041.00 0
12282 -88.14 30.05 -28.24 -75.00 -84.00 190.00 544.00 84.00 -1041.00 0
12292 -97.11 31.37 -19.48 -77.00 -91.00 180.00 544.00 84.00 -1041.00 0
12301 -103.72 36.31 -16.21 -78.00 -109.00 151.00 544.00 84.00 -1041.00 0
12310 -109.36 46.12 -12.73 -74.00 -127.00 142.00 544.00 84.00 -1041.00 0
12320 -114.09 58.37 -8.97 -85.00 -129.00 164.00 544.00 84.00 -1041.00 0
12329 -109.70 77.15 -10.23 -121.00 -99.00 169.00 597.00 157.00 -1018.00 0
12339 -109.08 77.29 -24.42 -129.00 -94.00 187.00 597.00 157.00 -1018.00 0
12348 -119.51 74.09 -50.16 -307.00 -199.00 157.00 597.00 157.00 -1018.00 0
12358 -139.55 68.24 -81.67 -509.00 -332.00 152.00 597.00 157.00 -1018.00 0
12367 -118.19 39.58 -102.96 15.00 -130.00 258.00 597.00 157.00 -1018.00 0
12377 -46.61 -15.65 -85.22 -25.00 -218.00 113.00 597.00 157.00 -1018.00 0
12386 -82.85 7.37 -52.52 -53.00 -147.00 136.00 597.00 157.00 -1018.00 0
12396 -69.98 21.01 -34.57 -68.00 -123.00 265.00 589.00 241.00 -1062.00 0
12405 -53.98 30.26 -24.07 -218.00 -186.00 234.00 589.00 241.00 -1062.00 0
12414 -49.04 31.65 -12.66 -150.00 -171.00 176.00 589.00 241.00 -1062.00 0
12424 -41.60 23.79 6.96 -137.00 -142.00 151.00 589.00 241.00 -1062.00 0
12434 -18.50 12.45 8.70 -115.00 -112.00 154.00 589.00 241.00 -1062.00 0
12443 -3.20 -3.69 13.01 -116.00 -113.00 201.00 589.00 241.00 -1062.00 0
12452 15.86 -16.07 19.55 -155.00 -109.00 195.00 589.00 241.00 -1062.00 0
12462 23.23 -21.22 25.53 -177.00 -129.00 221.00 611.00 216.00 -1126.00 0
12471 23.37 -23.93 27.34 -140.00 -153.00 248.00 611.00 216.00 -1126.00 0
12481 14.12 -38.40 27.06 -99.00 -145.00 231.00 611.00 216.00 -1126.00 0
12490 14.82 -48.28 27.13 -91.00 -138.00 202.00 611.00 216.00 -1126.00 0
12499 9.95 -54.96 25.11 -87.00 -128.00 175.00 611.00 216.00 -1126.00 0
12509 4.59 -61.08 21.29 -85.00 -131.00 166.00 611.00 216.00 -1126.00 0
12518 1.46 -66.02 17.74 -84.00 -122.00 137.00 611.00 216.00 -1126.00 0
12527 2.85 -65.25 12.52 -68.00 -118.00 135.00 572.00 193.00 -803.00 0
12537 8.77 -61.98 9.32 -64.00 -119.00 143.00 572.00 193.00 -803.00 0
12547 15.51 -56.97 6.12 -70.00 -105.00 167.00 572.00 193.00 -803.00 0
12556 26.64 -52.45 3.48 -79.00 -109.00 177.00 572.00 193.00 -803.00 0
12565 34.09 -43.62 3.13 -126.00 -166.00 306.00 572.00 193.00 -803.00 0
12574 36.24 -31.79 2.85 -88.00 -83.00 212.00 572.00 193.00 -803.00 0
12583 39.65 -22.05 -2.71 -83.00 -107.00 192.00 572.00 193.00 -803.00 0
12593 23.17 -13.36 -5.08 -81.00 -114.00 202.00 568.00 182.00 -1036.00 0
12602 12.94 -8.70 -8.35 -72.00 -115.00 222.00 568.00 182.00 -1036.00 0
12611 8.97 -4.66 -9.18 -88.00 -113.00 191.00 568.00 182.00 -1036.00 0
12620 1.18 3.06 -9.60 -82.00 -115.00 198.00 568.00 182.00 -1036.00 0
12631 -2.02 7.23 -10.92 -89.00 -115.00 208.00 568.00 182.00 -1036.00 0
12640 -6.54 12.52 -15.17 -88.00 -114.00 187.00 568.00 182.00 -1036.00 0
12649 -9.18 14.96 -17.95 -107.00 -109.00 204.00 568.00 182.00 -1036.00 0
12658 -9.95 16.28 -19.34 -112.00 -91.00 185.00 571.00 199.00 -1086.00 0
12667 -10.57 18.78 -19.90 -115.00 -85.00 180.00 571.00 199.00 -1086.00 0
12677 -8.56 19.13 -19.34 -130.00 -88.00 220.00 571.00 199.00 -1086.00 0
12687 -6.26 14.33 -14.82 -126.00 -101.00 192.00 571.00 199.00 -1086.00 0
12696 -21.70 18.09 -11.76 -100.00 -125.00 191.00 571.00 199.00 -1086.00 0
12705 -32.63 19.97 -8.35 -81.00 -136.00 185.00 571.00 199.00 -1086.00 0
12715 -40.00 20.73 -4.73 -75.00 -119.00 189.00 571.00 199.00 -1086.00 0
12724 -40.00 20.31 -2.43 -63.00 -85.00 222.00 579.00 223.00 -1007.00 0
12733 -36.80 24.07 -13.01 -62.00 -85.00 240.00 579.00 223.00 -1007.00 0
12742 -48.56 24.07 -30.68 -61.00 -97.00 226.00 579.00 223.00 -1007.00 0
12752 -64.28 23.93 -29.01 -92.00 -109.00 187.00 579.00 223.00 -1007.00 0
12762 -77.01 24.90 -22.19 -115.00 -111.00 188.00 579.00 223.00 -1007.00 0
12771 -80.21 24.56 -16.00 -108.00 -106.00 200.00 579.00 223.00 -1007.00 0
12780 -79.79 22.68 -14.26 -89.00 -127.00 202.00 579.00 223.00 -1007.00 0
12790 -89.32 19.13 -11.69 -66.00 -144.00 200.00 580.00 272.00 -1125.00 0
12800 -101.08 19.55 -11.76 -77.00 -160.00 164.00 580.00 272.00 -1125.00 0
12809 -116.87 19.83 -10.85 -97.00 -184.00 143.00 580.00 272.00 -1125.00 0
12818 -130.09 20.45 -9.81 -102.00 -198.00 134.00 580.00 272.00 -1125.00 0
12827 -136.42 19.90 -9.88 -99.00 -210.00 136.00 580.00 272.00 -1125.00 0
12837 -134.26 16.49 -11.48 -106.00 -214.00 147.00 580.00 272.00 -1125.00 0
12847 -106.78 1.74 -9.81 -257.00 -271.00 54.00 580.00 272.00 -1125.00 0
12856 -82.99 -6.96 -8.77 -210.00 -226.00 77.00 563.00 302.00 -1020.00 0
12865 -52.66 -17.25 -11.76 -96.00 -172.00 107.00 563.00 302.00 -1020.00 0
12875 -32.42 -24.70 -13.63 -58.00 -108.00 77.00 563.00 302.00 -1020.00 0
12884 -24.49 -20.59 -14.19 -60.00 -86.00 -29.00 563.00 302.00 -1020.00 0
12894 -49.04 26.71 -2.92 -44.00 -98.00 -28.00 563.00 302.00 -1020.00 0
12903 -52.80 49.25 -0.35 -27.00 -93.00 16.00 563.00 302.00 -1020.00 0
12912 -47.37 70.40 3.62 -23.00 -104.00 30.00 563.00 302.00 -1020.00 0
12921 -48.70 97.25 14.96 -29.00 -143.00 24.00 665.00 345.00 -885.00 0
12931 -55.17 125.57 31.30 27.00 -94.00 451.00 665.00 345.00 -885.00 0
12940 -2.43 148.17 45.15 -53.00 -72.00 261.00 665.00 345.00 -885.00 0
12949 84.38 115.97 113.25 -169.00 -187.00 -121.00 665.00 345.00 -885.00 0
12959 -84.17 133.36 78.19 -100.00 -103.00 -83.00 665.00 345.00 -885.00 0
12968 -114.92 128.21 8.63 -34.00 -71.00 33.00 665.00 345.00 -885.00 0
12978 -97.74 125.08 -35.90 -48.00 -106.00 -29.00 665.00 345.00 -885.00 0
12987 -101.70 123.20 -52.10 -74.00 -112.00 -46.00 699.00 409.00 -995.00 0
12996 -60.94 113.25 -46.61 -133.00 -108.00 106.00 699.00 409.00 -995.00 0
13006 -13.91 111.72 -21.98 -26.00 -151.00 8.00 699.00 409.00 -995.00 0
13016 -25.74 112.77 -0.35 -90.00 -126.00 -43.00 699.00 409.00 -995.00 0
13025 -67.83 104.90 -22.61 -39.00 -53.00 56.00 699.00 409.00 -995.00 0
13034 -37.84 92.38 -40.83 -692.00 -865.00 1698.00 699.00 409.00 -995.00 0
13043 -23.17 86.68 -37.77 -16.00 -117.00 -77.00 699.00 409.00 -995.00 0
13052 -88.97 85.01 -36.31 -94.00 -105.00 -84.00 703.00 462.00 -898.00 0
13062 -101.15 71.44 -41.95 -7.00 -107.00 -86.00 703.00 462.00 -898.00 0
13072 -100.73 57.74 -44.45 -111.00 -149.00 -38.00 703.00 462.00 -898.00 0
13081 -97.32 48.77 -42.71 -168.00 -230.00 88.00 703.00 462.00 -898.00 0
13090 -84.52 42.16 -37.36 -140.00 -222.00 62.00 703.00 462.00 -898.00 0
13100 -61.57 27.48 -24.07 -142.00 -215.00 54.00 703.00 462.00 -898.00 0
13109 -48.77 21.84 -18.99 -147.00 -207.00 65.00 703.00 462.00 -898.00 0
13118 -35.55 17.18 -15.79 -138.00 -201.00 75.00 697.00 479.00 -698.00 0
13128 -24.83 12.38 -13.22 -136.00 -202.00 75.00 697.00 479.00 -698.00 0
13137 -17.88 7.51 -10.23 -141.00 -200.00 71.00 697.00 479.00 -698.00 0
13147 -13.43 3.48 -7.44 -140.00 -199.00 75.00 697.00 479.00 -698.00 0
13156 -8.49 -1.04 -3.27 -134.00 -201.00 80.00 697.00 479.00 -698.00 0
13165 -8.14 -2.16 -1.46 -141.00 -201.00 72.00 697.00 479.00 -698.00 0
13174 -8.42 -2.64 0.07 -142.00 -201.00 71.00 697.00 479.00 -698.00 0
13184 -8.21 -2.43 0.49 -138.00 -198.00 69.00 700.00 474.00 -921.00 0
13193 -7.44 -1.95 -0.28 -138.00 -197.00 74.00 700.00 474.00 -921.00 0
13202 -7.03 -1.46 -1.74 -138.00 -199.00 76.00 700.00 474.00 -921.00 0
13211 -8.56 0.14 -4.59 -139.00 -198.00 79.00 700.00 474.00 -921.00 0
13220 -10.78 1.25 -5.63 -142.00 -200.00 76.00 700.00 474.00 -921.00 0
13230 -14.19 2.23 -6.26 -143.00 -200.00 70.00 700.00 474.00 -921.00 0
13239 -18.23 3.13 -6.61 -140.00 -206.00 70.00 700.00 474.00 -921.00 0
13248 -22.19 3.90 -6.75 -142.00 -207.00 65.00 694.00 481.00 -903.00 0
13257 -25.39 4.45 -7.03 -140.00 -210.00 65.00 694.00 481.00 -903.00 0
13266 -28.87 5.08 -7.37 -141.00 -208.00 62.00 694.00 481.00 -903.00 0
13276 -29.15 5.15 -7.72 -145.00 -212.00 58.00 694.00 481.00 -903.00 0
13286 -29.01 4.73 -7.65 -137.00 -208.00 64.00 694.00 481.00 -903.00 0
13295 -27.90 4.59 -8.14 -182.00 -262.00 -1.00 694.00 481.00 -903.00 0
13304 -26.92 4.59 -8.14 -133.00 -200.00 71.00 694.00 481.00 -903.00 0
13314 -21.84 4.59 -8.42 -139.00 -203.00 64.00 694.00 489.00 -913.00 0
13323 -13.91 2.37 -6.61 -145.00 -203.00 62.00 692.00 489.00 -913.00 0
13332 -11.76 0.90 -5.77 -140.00 -210.00 62.00 692.00 489.00 -913.00 0
13341 -9.95 -0.49 -6.05 -135.00 -205.00 74.00 692.00 489.00 -913.00 0
13350 -8.35 -1.39 -6.68 -131.00 -212.00 69.00 692.00 489.00 -913.00 0
13360 -7.03 -1.60 -6.54 -136.00 -210.00 58.00 692.00 489.00 -913.00 0
13369 -6.05 -1.53 -5.29 -143.00 -204.00 57.00 692.00 489.00 -913.00 0
13378 -5.36 -1.88 -2.23 -144.00 -208.00 61.00 692.00 489.00 -913.00 0
13387 -5.29 -2.57 -2.16 -139.00 -203.00 64.00 692.00 489.00 -913.00 0
13396 -4.87 -2.92 -3.06 -136.00 -212.00 62.00 692.00 489.00 -913.00 0
13406 -4.31 -2.99 -3.97 -136.00 -212.00 64.00 692.00 489.00 -913.00 0
13415 -3.90 -2.99 -4.17 -138.00 -210.00 63.00 692.00 489.00 -913.00 0
13424 -3.62 -2.71 -3.69 -139.00 -211.00 64.00 692.00 489.00 -913.00 0
13433 -3.34 -2.09 -2.30 -139.00 -208.00 61.00 692.00 489.00 -913.00 0
13443 -3.20 -1.95 -1.95 -136.00 -208.00 62.00 692.00 489.00 -913.00 0
13452 -3.13 -1.88 -1.81 -141.00 -208.00 63.00 692.00 489.00 -913.00 0
13461 -3.06 -1.88 -1.74 -139.00 -210.00 63.00 692.00 489.00 -913.00 0
13470 -2.99 -1.88 -1.81 -140.00 -207.00 63.00 692.00 489.00 -913.00 0
13479 -2.99 -1.95 -2.02 -137.00 -208.00 59.00 692.00 489.00 -913.00 0
13489 -2.99 -2.09 -2.43 -137.00 -207.00 62.00 692.00 489.00 -913.00 0
13498 -2.92 -2.02 -2.43 -138.00 -210.00 58.00 692.00 489.00 -913.00 0
13507 -2.85 -1.88 -2.16 -139.00 -206.00 62.00 692.00 489.00 -913.00 0
13516 -2.85 -1.81 -1.95 -136.00 -209.00 63.00 692.00 489.00 -913.00 0
13526 -2.85 -1.74 -1.88 -141.00 -207.00 62.00 692.00 489.00 -913.00 0
13535 -2.92 -1.88 -2.16 -135.00 -211.00 63.00 692.00 489.00 -913.00 0
13544 -2.85 -2.02 -2.99 -134.00 -211.00 61.00 692.00 489.00 -913.00 0
13553 -2.78 -2.16 -3.20 -137.00 -212.00 64.00 692.00 489.00 -913.00 0
13562 -2.78 -2.09 -3.13 -136.00 -208.00 62.00 692.00 489.00 -913.00 0
13572 -2.85 -2.09 -2.78 -136.00 -209.00 63.00 692.00 489.00 -913.00 0
13581 -2.85 -2.02 -2.43 -140.00 -209.00 63.00 692.00 489.00 -913.00 0
13590 -2.85 -1.95 -2.16 -138.00 -208.00 59.00 692.00 489.00 -913.00 0
13600 -2.78 -1.95 -2.09 -136.00 -208.00 63.00 692.00 489.00 -913.00 0
13609 -2.78 -1.95 -2.30 -137.00 -209.00 64.00 692.00 489.00 -913.00 0
13619 -2.71 -1.95 -2.43 -135.00 -208.00 62.00 692.00 489.00 -913.00 0
13628 -2.71 -1.88 -2.43 -139.00 -208.00 64.00 692.00 489.00 -913.00 0
13637 -2.71 -1.88 -2.37 -136.00 -208.00 61.00 692.00 489.00 -913.00 0
13646 -2.78 -1.88 -2.30 -141.00 -209.00 64.00 692.00 489.00 -913.00 0
13656 -2.78 -1.88 -2.16 -140.00 -209.00 62.00 692.00 489.00 -913.00 0
13665 -2.78 -1.88 -2.02 -136.00 -211.00 66.00 692.00 489.00 -913.00 0
13674 -2.78 -1.88 -2.09 -140.00 -212.00 64.00 692.00 489.00 -913.00 0
13683 -2.78 -1.95 -2.23 -139.00 -208.00 62.00 692.00 489.00 -913.00 0
13692 -2.78 -1.95 -2.37 -140.00 -210.00 62.00 692.00 489.00 -913.00 0
13702 -2.78 -2.02 -2.50 -139.00 -206.00 59.00 692.00 489.00 -913.00 0
13711 -2.85 -2.02 -2.50 -134.00 -209.00 62.00 688.00 490.00 -928.00 0
13720 -2.85 -2.02 -2.43 -139.00 -208.00 62.00 688.00 490.00 -928.00 0
13729 -2.92 -2.02 -2.43 -139.00 -210.00 63.00 688.00 490.00 -928.00 0
13739 -2.99 -2.09 -2.37 -136.00 -213.00 62.00 688.00 490.00 -928.00 0
13748 -3.13 -2.23 -2.23 -140.00 -210.00 63.00 688.00 490.00 -928.00 0
13757 -3.41 -2.50 -2.02 -135.00 -212.00 63.00 688.00 490.00 -928.00 0
13766 -3.83 -2.85 -1.74 -136.00 -209.00 62.00 688.00 490.00 -928.00 0
13775 -3.62 -2.57 -1.67 -136.00 -209.00 61.00 690.00 487.00 -961.00 0
13785 -3.48 -2.43 -1.74 -135.00 -207.00 60.00 690.00 487.00 -961.00 0
13794 -3.34 -2.30 -1.81 -136.00 -211.00 61.00 690.00 487.00 -961.00 0
13803 -3.27 -2.30 -1.95 -134.00 -211.00 62.00 690.00 487.00 -961.00 0
13812 -3.13 -2.23 -2.02 -138.00 -210.00 63.00 690.00 487.00 -961.00 0
13821 -3.06 -2.16 -2.09 -140.00 -205.00 61.00 690.00 487.00 -961.00 0
13831 -2.99 -2.09 -2.23 -137.00 -209.00 60.00 690.00 487.00 -961.00 0
13840 -2.92 -2.09 -2.30 -139.00 -206.00 63.00 694.00 489.00 -1081.00 0
13849 -2.85 -2.16 -2.50 -136.00 -211.00 61.00 694.00 489.00 -1081.00 0
13858 -2.85 -2.23 -2.78 -138.00 -208.00 59.00 694.00 489.00 -1081.00 0
13868 -2.85 -2.30 -2.92 -139.00 -211.00 62.00 694.00 489.00 -1081.00 0
13877 -2.85 -2.23 -2.78 -136.00 -207.00 56.00 694.00 489.00 -1081.00 0
13886 -2.85 -2.09 -2.57 -138.00 -211.00 64.00 694.00 489.00 -1081.00 0
13895 -2.78 -2.16 -2.50 -137.00 -210.00 61.00 694.00 489.00 -1081.00 0
13905 -2.85 -2.09 -2.37 -138.00 -210.00 64.00 692.00 488.00 -1054.00 0
13915 -2.85 -2.02 -2.30 -141.00 -209.00 62.00 692.00 488.00 -1054.00 0
13924 -2.85 -1.95 -2.23 -142.00 -208.00 62.00 692.00 488.00 -1054.00 0
13933 -2.85 -2.02 -2.23 -139.00 -210.00 63.00 692.00 488.00 -1054.00 0
13942 -2.85 -2.02 -2.30 -140.00 -212.00 68.00 692.00 488.00 -1054.00 0
13952 -2.85 -2.09 -2.30 -136.00 -206.00 62.00 692.00 488.00 -1054.00 0
13961 -2.85 -2.02 -2.23 -137.00 -207.00 61.00 692.00 488.00 -1054.00 0
13970 -2.92 -2.02 -2.09 -138.00 -208.00 57.00 692.00 485.00 -874.00 0
13979 -2.92 -2.02 -1.95 -140.00 -209.00 63.00 692.00 485.00 -874.00 0
13988 -2.99 -2.09 -1.95 -138.00 -209.00 57.00 692.00 485.00 -874.00 0
13998 -3.06 -2.23 -1.95 -138.00 -210.00 63.00 692.00 485.00 -874.00 0
14007 -3.20 -2.37 -2.02 -134.00 -209.00 62.00 692.00 485.00 -874.00 0
14016 -3.13 -2.30 -2.09 -140.00 -212.00 65.00 692.00 485.00 -874.00 0
14025 -3.06 -2.23 -2.16 -139.00 -209.00 62.00 692.00 485.00 -874.00 0
14034 -2.99 -2.16 -2.23 -140.00 -208.00 62.00 692.00 485.00 -874.00 0
14044 -2.92 -2.09 -2.23 -141.00 -207.00 63.00 692.00 485.00 -874.00 0
14053 -2.92 -2.09 -2.23 -139.00 -210.00 63.00 692.00 485.00 -874.00 0
14062 -2.92 -2.02 -2.23 -140.00 -209.00 62.00 692.00 485.00 -874.00 0
14071 -2.85 -2.02 -2.30 -139.00 -206.00 59.00 692.00 485.00 -874.00 0
14081 -2.78 -2.02 -2.30 -137.00 -211.00 61.00 692.00 485.00 -874.00 0
14090 -2.78 -2.02 -2.37 -140.00 -209.00 62.00 692.00 485.00 -874.00 0
14099 -2.78 -2.02 -2.37 -140.00 -208.00 62.00 692.00 485.00 -874.00 0
14108 -2.71 -2.02 -2.30 -138.00 -208.00 61.00 692.00 485.00 -874.00 0
14117 -2.85 -2.02 -2.23 -139.00 -208.00 61.00 692.00 485.00 -874.00 0
14127 -2.85 -2.02 -2.23 -141.00 -211.00 65.00 692.00 485.00 -874.00 0
14136 -2.85 -2.02 -2.16 -139.00 -211.00 64.00 692.00 485.00 -874.00 0
14145 -2.92 -2.09 -2.16 -136.00 -213.00 64.00 692.00 485.00 -874.00 0
14154 -3.13 -2.30 -2.09 -139.00 -209.00 60.00 692.00 485.00 -874.00 0
14163 -3.20 -2.43 -1.95 -139.00 -207.00 58.00 692.00 485.00 -874.00 0
14174 -3.13 -2.30 -1.95 -133.00 -211.00 64.00 694.00 489.00 -1198.00 0
14183 -3.06 -2.23 -2.02 -139.00 -211.00 65.00 694.00 489.00 -1198.00 0
14192 -2.99 -2.23 -2.09 -137.00 -208.00 62.00 694.00 489.00 -1198.00 0
14201 -2.99 -2.30 -2.16 -137.00 -210.00 65.00 694.00 489.00 -1198.00 0
14211 -2.92 -2.23 -2.16 -139.00 -211.00 61.00 694.00 489.00 -1198.00 0