-68.00 -38.00 226.00 484.00 -240.00 -1172.00 0
578 -2.85 -2.16 -2.30 -66.00 -35.00 222.00 484.00 -240.00 -1172.00 0
587 -2.30 -2.43 -2.30 -70.00 -39.00 226.00 484.00 -240.00 -1172.00 0
596 -2.16 -2.37 -2.23 -72.00 -35.00 225.00 484.00 -240.00 -1172.00 0
606 -2.02 -2.16 -2.23 -68.00 -35.00 223.00 484.00 -240.00 -1172.00 0
615 -1.88 -2.02 -2.16 -71.00 -34.00 225.00 484.00 -240.00 -1172.00 0
624 -1.88 -1.74 -2.09 -76.00 -37.00 224.00 484.00 -240.00 -1172.00 0
633 -2.09 -1.46 -2.02 -73.00 -39.00 226.00 484.00 -240.00 -1172.00 0
643 -2.16 -1.32 -1.88 -73.00 -40.00 229.00 484.00 -240.00 -1172.00 0
652 -2.23 -1.25 -1.88 -72.00 -42.00 231.00 484.00 -240.00 -1172.00 0
660 -2.23 -1.39 -2.02 -71.00 -38.00 226.00 484.00 -240.00 -1172.00 0
669 -2.09 -1.67 -2.16 -70.00 -36.00 226.00 484.00 -240.00 -1172.00 0
678 -1.81 -1.81 -2.30 -70.00 -34.00 228.00 484.00 -240.00 -1172.00 0
688 -1.39 -1.95 -2.37 -71.00 -31.00 222.00 484.00 -240.00 -1172.00 0
697 -1.18 -1.81 -2.02 -73.00 -36.00 222.00 484.00 -240.00 -1172.00 0
706 -1.32 -1.60 -1.95 -70.00 -35.00 224.00 484.00 -240.00 -1172.00 0
715 -1.81 -1.39 -2.09 -74.00 -38.00 229.00 484.00 -240.00 -1172.00 0
724 -2.37 -1.18 -2.23 -71.00 -36.00 219.00 484.00 -240.00 -1172.00 0
734 -2.92 -0.90 -2.50 -71.00 -32.00 227.00 487.00 -242.00 -1223.00 0
743 -3.20 -0.42 -2.71 -72.00 -34.00 226.00 487.00 -242.00 -1223.00 0
752 -3.34 -0.07 -2.92 -70.00 -37.00 226.00 487.00 -242.00 -1223.00 0
761 -3.20 0.14 -3.06 -61.00 -30.00 222.00 487.00 -242.00 -1223.00 0
771 -3.06 0.14 -3.13 -67.00 -34.00 220.00 487.00 -242.00 -1223.00 0
780 -3.41 0.63 -3.13 -68.00 -36.00 225.00 487.00 -242.00 -1223.00 0
789 -4.31 1.46 -3.55 -66.00 -33.00 225.00 487.00 -242.00 -1223.00 0
798 -4.66 2.02 -3.97 -64.00 -32.00 221.00 483.00 -241.00 -1105.00 0
807 -5.01 2.30 -4.03 -68.00 -44.00 220.00 483.00 -241.00 -1105.00 0
817 -6.54 3.69 -4.80 -70.00 -42.00 224.00 483.00 -241.00 -1105.00 0
825 -6.82 4.52 -5.43 -70.00 -40.00 228.00 483.00 -241.00 -1105.00 0
834 -7.03 5.29 -5.91 -75.00 -46.00 224.00 483.00 -241.00 -1105.00 0
843 -7.23 5.91 -6.61 -75.00 -48.00 223.00 483.00 -241.00 -1105.00 0
852 -7.17 6.33 -7.37 -80.00 -47.00 224.00 483.00 -241.00 -1105.00 0
862 -6.54 6.68 -7.86 -82.00 -46.00 222.00 483.00 -239.00 -980.00 0
871 -5.50 6.68 -8.07 -79.00 -53.00 216.00 492.00 -239.00 -980.00 0
880 -2.92 6.26 -8.42 -83.00 -53.00 218.00 492.00 -239.00 -980.00 0
889 -1.39 6.05 -8.63 -84.00 -49.00 225.00 492.00 -239.00 -980.00 0
899 0.14 5.77 -8.56 -82.00 -53.00 223.00 492.00 -239.00 -980.00 0
908 1.46 5.36 -8.28 -83.00 -55.00 222.00 492.00 -239.00 -980.00 0
917 2.50 4.87 -8.00 -77.00 -56.00 227.00 492.00 -239.00 -980.00 0
925 4.03 4.17 -7.72 -72.00 -48.00 228.00 492.00 -239.00 -980.00 0
934 5.98 2.57 -7.37 -75.00 -42.00 235.00 492.00 -239.00 -980.00 0
944 9.04 2.16 -7.23 -78.00 -36.00 237.00 492.00 -239.00 -980.00 0
953 10.43 1.81 -6.96 -75.00 -33.00 233.00 492.00 -239.00 -980.00 0
962 11.76 0.97 -6.54 -71.00 -31.00 224.00 492.00 -239.00 -980.00 0
971 12.52 0.14 -6.54 -68.00 -33.00 221.00 492.00 -239.00 -980.00 0
980 12.87 -0.21 -6.82 -71.00 -31.00 221.00 492.00 -239.00 -980.00 0
990 13.43 -0.21 -7.10 -77.00 -38.00 212.00 492.00 -239.00 -980.00 0
999 13.98 1.67 -9.25 -76.00 -31.00 222.00 492.00 -239.00 -980.00 0
1008 14.40 2.30 -10.71 -81.00 -32.00 228.00 492.00 -239.00 -980.00 0
1017 14.61 3.20 -11.48 -79.00 -26.00 230.00 492.00 -239.00 -980.00 0
1027 15.37 3.55 -11.69 -74.00 -27.00 235.00 492.00 -239.00 -980.00 0
1036 15.93 3.27 -11.34 -74.00 -33.00 221.00 492.00 -239.00 -980.00 0
1045 16.00 2.78 -10.78 -70.00 -35.00 219.00 492.00 -239.00 -980.00 0
1054 16.07 1.53 -9.88 -70.00 -36.00 225.00 492.00 -239.00 -980.00 0
1063 16.77 1.39 -9.67 -77.00 -26.00 218.00 498.00 -244.00 -1129.00 0
1073 17.67 1.81 -9.60 -80.00 -20.00 230.00 498.00 -244.00 -1129.00 0
1082 18.64 2.23 -9.81 -76.00 -16.00 233.00 498.00 -244.00 -1129.00 0
1091 19.20 2.50 -10.16 -76.00 -16.00 230.00 498.00 -244.00 -1129.00 0
1100 19.13 2.43 -10.16 -76.00 -16.00 229.00 498.00 -244.00 -1129.00 0
1110 18.57 1.46 -9.32 -73.00 -19.00 229.00 498.00 -244.00 -1129.00 0
1119 18.09 1.04 -8.83 -69.00 -20.00 224.00 498.00 -244.00 -1129.00 0
1128 17.25 0.90 -8.77 -68.00 -29.00 222.00 497.00 -252.00 -1126.00 0
1137 16.21 1.04 -9.04 -74.00 -24.00 220.00 497.00 -252.00 -1126.00 0
1146 15.51 1.74 -9.81 -69.00 -28.00 217.00 497.00 -252.00 -1126.00 0
1156 14.89 2.37 -11.20 -76.00 -25.00 220.00 497.00 -252.00 -1126.00 0
1165 13.70 4.80 -14.12 -82.00 -19.00 221.00 497.00 -252.00 -1126.00 0
1174 13.08 6.05 -15.23 -82.00 -13.00 223.00 497.00 -252.00 -1126.00 0
1183 12.45 7.30 -15.44 -100.00 -17.00 226.00 497.00 -252.00 -1126.00 0
1192 12.24 7.93 -14.47 -104.00 -12.00 226.00 499.00 -252.00 -1194.00 0
1203 12.59 7.17 -13.50 -101.00 -16.00 228.00 499.00 -252.00 -1194.00 0
1212 12.66 6.12 -12.87 -90.00 -25.00 237.00 499.00 -252.00 -1194.00 0
1221 13.15 4.24 -12.17 -73.00 -19.00 247.00 499.00 -252.00 -1194.00 0
1230 13.98 3.27 -12.38 -64.00 -24.00 234.00 499.00 -252.00 -1194.00 0
1240 14.61 2.16 -12.66 -52.00 -14.00 243.00 499.00 -252.00 -1194.00 0
1249 15.72 1.46 -12.80 -42.00 -16.00 231.00 499.00 -252.00 -1194.00 0
1258 15.65 0.77 -12.24 -45.00 -10.00 226.00 507.00 -254.00 -1010.00 0
1267 15.44 -0.42 -11.34 -41.00 -2.00 215.00 507.00 -254.00 -1010.00 0
1276 12.52 0.83 -11.83 -56.00 -8.00 217.00 507.00 -254.00 -1010.00 0
1286 8.21 2.71 -12.80 -50.00 -25.00 222.00 507.00 -254.00 -1010.00 0
1295 8.42 2.23 -12.10 -60.00 -25.00 217.00 507.00 -254.00 -1010.00 0
1304 9.18 2.30 -13.29 -77.00 -18.00 227.00 507.00 -254.00 -1010.00 0
1313 7.51 2.43 -14.19 -82.00 -20.00 226.00 507.00 -254.00 -1010.00 0
1323 8.42 4.24 -14.47 -88.00 -14.00 231.00 506.00 -251.00 -1165.00 0
1332 10.64 4.10 -13.57 -98.00 -1.00 229.00 506.00 -251.00 -1165.00 0
1341 12.38 4.10 -12.73 -90.00 7.00 230.00 506.00 -251.00 -1165.00 0
1350 13.29 3.83 -12.80 -102.00 25.00 218.00 506.00 -251.00 -1165.00 0
1360 13.50 3.69 -11.69 -105.00 30.00 215.00 506.00 -251.00 -1165.00 0
1370 14.26 3.13 -10.16 -104.00 21.00 207.00 506.00 -251.00 -1165.00 0
1379 11.69 2.92 -6.54 -98.00 20.00 201.00 506.00 -251.00 -1165.00 0
1388 10.23 3.13 -4.52 -96.00 14.00 199.00 510.00 -258.00 -927.00 0
1397 9.11 3.41 -2.64 -94.00 9.00 209.00 510.00 -258.00 -927.00 0
1406 8.07 4.31 -1.18 -93.00 8.00 225.00 510.00 -258.00 -927.00 0
1416 7.23 5.57 -0.21 -87.00 16.00 237.00 510.00 -258.00 -927.00 0
1425 6.68 6.61 -0.14 -87.00 10.00 242.00 510.00 -258.00 -927.00 0
1433 4.94 7.51 0.14 -84.00 6.00 238.00 510.00 -258.00 -927.00 0
1442 1.25 7.30 0.00 -77.00 3.00 247.00 510.00 -258.00 -927.00 0
1452 -1.04 6.82 -0.28 -75.00 2.00 239.00 510.00 -258.00 -927.00 0
1461 -3.41 6.12 -0.21 -79.00 0.00 231.00 510.00 -258.00 -927.00 0
1470 -5.84 5.50 -0.21 -79.00 -1.00 223.00 510.00 -258.00 -927.00 0
1479 -8.42 4.87 -0.90 -79.00 -16.00 220.00 510.00 -258.00 -927.00 0
1488 -11.34 4.31 -1.88 -86.00 -10.00 215.00 510.00 -258.00 -927.00 0
1498 -15.03 3.83 -3.13 -89.00 -18.00 216.00 510.00 -258.00 -927.00 0
1507 -16.42 3.90 -4.03 -87.00 -27.00 221.00 510.00 -258.00 -927.00 0
1516 -17.39 4.17 -4.17 -96.00 -28.00 223.00 510.00 -258.00 -927.00 0
1525 -16.70 4.31 -3.90 -99.00 -25.00 232.00 510.00 -258.00 -927.00 0
1534 -14.89 4.03 -4.03 -95.00 -29.00 228.00 510.00 -258.00 -927.00 0
1544 -13.57 3.48 -4.80 -95.00 -23.00 235.00 510.00 -258.00 -927.00 0
1553 -12.31 1.60 -6.33 -93.00 -14.00 229.00 510.00 -258.00 -927.00 0
1562 -9.88 0.35 -6.61 -87.00 -14.00 227.00 510.00 -258.00 -927.00 0
1571 -9.81 -0.97 -7.17 -80.00 -15.00 216.00 510.00 -258.00 -927.00 0
1581 -9.95 -2.09 -7.58 -76.00 -11.00 216.00 510.00 -258.00 -927.00 0
1590 -9.53 -2.71 -7.65 -73.00 -7.00 211.00 510.00 -258.00 -927.00 0
1598 -9.11 -3.20 -7.72 -74.00 -5.00 215.00 510.00 -258.00 -927.00 0
1607 -8.83 -3.55 -7.86 -86.00 -15.00 228.00 510.00 -258.00 -927.00 0
1616 -8.42 -4.10 -7.03 -94.00 -9.00 238.00 510.00 -258.00 -927.00 0
1626 -7.72 -5.15 -6.68 -92.00 -9.00 231.00 510.00 -258.00 -927.00 0
1635 -7.30 -6.47 -6.19 -86.00 -10.00 227.00 510.00 -258.00 -927.00 0
1644 -7.30 -7.65 -5.84 -83.00 -15.00 220.00 510.00 -258.00 -927.00 0
1653 -7.65 -8.28 -5.91 -83.00 -12.00 221.00 510.00 -245.00 -1287.00 0
1662 -7.51 -8.49 -6.05 -85.00 -12.00 225.00 510.00 -245.00 -1287.00 0
1672 -6.75 -8.77 -5.22 -79.00 -13.00 224.00 510.00 -245.00 -1287.00 0
1681 -6.54 -9.46 -4.66 -75.00 -14.00 219.00 510.00 -245.00 -1287.00 0
1690 -6.19 -9.88 -3.90 -79.00 -18.00 220.00 510.00 -245.00 -1287.00 0
1699 -5.77 -10.16 -2.85 -85.00 -20.00 225.00 510.00 -245.00 -1287.00 0
1709 -5.15 -10.30 -2.09 -81.00 -12.00 224.00 510.00 -245.00 -1287.00 0
1718 -4.45 -10.57 -1.60 -77.00 -7.00 226.00 506.00 -243.00 -1001.00 0
1727 -3.06 -10.64 -0.21 -79.00 -13.00 226.00 506.00 -243.00 -1001.00 0
1736 -2.99 -10.50 0.35 -73.00 -10.00 220.00 506.00 -243.00 -1001.00 0
1745 -3.27 -10.09 0.56 -69.00 -11.00 219.00 506.00 -243.00 -1001.00 0
1755 -3.48 -9.39 0.63 -68.00 -7.00 214.00 506.00 -243.00 -1001.00 0
1764 -3.76 -8.42 0.63 -67.00 -6.00 216.00 506.00 -243.00 -1001.00 0
1773 -4.03 -7.23 0.83 -61.00 -10.00 213.00 506.00 -243.00 -1001.00 0
1782 -4.38 -4.52 1.11 -60.00 -9.00 207.00 503.00 -243.00 -1093.00 0
1792 -5.22 -2.85 1.46 -62.00 -12.00 210.00 503.00 -243.00 -1093.00 0
1801 -5.91 -0.90 1.74 -68.00 -7.00 214.00 503.00 -243.00 -1093.00 0
1810 -6.54 1.18 1.95 -73.00 -6.00 212.00 503.00 -243.00 -1093.00 0
1819 -7.03 3.27 2.02 -75.00 -12.00 220.00 503.00 -243.00 -1093.00 0
1828 -8.07 5.22 2.09 -76.00 -17.00 217.00 503.00 -243.00 -1093.00 0
1838 -9.11 7.17 2.09 -76.00 -16.00 214.00 503.00 -243.00 -1093.00 0
1847 -9.88 10.50 2.16 -79.00 -5.00 227.00 508.00 -245.00 -1063.00 0
1856 -9.04 11.97 3.20 -65.00 -5.00 210.00 508.00 -245.00 -1063.00 0
1865 -8.21 12.59 5.15 -39.00 7.00 173.00 508.00 -245.00 -1063.00 0
1874 -8.21 12.80 6.89 -21.00 15.00 161.00 508.00 -245.00 -1063.00 0
1884 -9.95 14.89 7.72 -26.00 2.00 148.00 508.00 -245.00 -1063.00 0
1893 -14.12 19.69 8.77 -40.00 -24.00 134.00 508.00 -245.00 -1063.00 0
1902 -23.03 34.23 11.20 -59.00 -40.00 141.00 508.00 -245.00 -1063.00 0
1911 -24.21 43.20 12.03 -88.00 -48.00 159.00 508.00 -245.00 -1063.00 0
1922 -22.82 52.66 11.76 -125.00 -63.00 208.00 508.00 -245.00 -1063.00 0
1931 -19.20 61.36 10.64 -198.00 -54.00 279.00 508.00 -245.00 -1063.00 0
1940 -13.29 68.45 8.63 -259.00 -96.00 358.00 508.00 -245.00 -1063.00 0
1950 7.30 72.35 6.19 -271.00 -35.00 415.00 508.00 -245.00 -1063.00 0
1959 20.80 64.14 6.68 -221.00 51.00 382.00 508.00 -245.00 -1063.00 0
1969 27.83 48.49 5.77 -157.00 49.00 298.00 508.00 -245.00 -1063.00 0
1978 23.79 28.94 3.20 -114.00 -9.00 224.00 546.00 -257.00 -951.00 0
1987 13.08 10.30 0.77 -102.00 -50.00 184.00 546.00 -257.00 -951.00 0
1996 -2.64 -9.88 1.46 -81.00 -44.00 178.00 546.00 -257.00 -951.00 0
2006 -0.83 -15.79 1.95 -57.00 -7.00 173.00 546.00 -257.00 -951.00 0
2015 2.64 -19.27 2.30 -46.00 5.00 164.00 546.00 -257.00 -951.00 0
2024 5.22 -20.80 2.99 -41.00 7.00 169.00 546.00 -257.00 -951.00 0
2033 6.33 -21.01 3.34 -49.00 -1.00 168.00 546.00 -257.00 -951.00 0
2042 4.87 -19.34 2.92 -60.00 -4.00 178.00 546.00 -257.00 -951.00 0
2052 2.64 -16.35 1.95 -72.00 -9.00 203.00 546.00 -257.00 -951.00 0
2061 -0.49 -8.14 0.97 -87.00 -9.00 207.00 546.00 -257.00 -951.00 0
2070 -1.46 -4.17 0.90 -98.00 -5.00 225.00 546.00 -257.00 -951.00 0
2079 -2.09 -1.25 0.63 -104.00 -11.00 228.00 546.00 -257.00 -951.00 0
2088 -2.92 0.70 0.49 -108.00 -11.00 227.00 546.00 -257.00 -951.00 0
2098 -3.69 1.88 0.35 -114.00 -22.00 234.00 546.00 -257.00 -951.00 0
2107 -4.38 2.43 0.00 -118.00 -23.00 234.00 546.00 -257.00 -951.00 0
2115 -4.66 1.81 -1.53 -114.00 -25.00 232.00 546.00 -257.00 -951.00 0
2124 -4.52 0.63 -2.16 -113.00 -25.00 221.00 546.00 -257.00 -951.00 0
2134 -4.03 -0.77 -2.50 -105.00 -22.00 209.00 546.00 -257.00 -951.00 0
2143 -3.34 -2.16 -2.99 -94.00 -26.00 209.00 546.00 -257.00 -951.00 0
2152 -2.78 -3.13 -3.62 -92.00 -23.00 206.00 546.00 -257.00 -951.00 0
2161 -1.88 -3.55 -4.10 -94.00 -20.00 210.00 546.00 -257.00 -951.00 0
2170 0.28 -3.20 -5.01 -98.00 -15.00 209.00 546.00 -257.00 -951.00 0
2180 1.04 -2.57 -5.84 -100.00 -12.00 221.00 546.00 -257.00 -951.00 0
2189 1.95 -2.37 -6.54 -104.00 -5.00 223.00 546.00 -257.00 -951.00 0
2198 2.71 -2.23 -6.96 -104.00 0.00 233.00 546.00 -257.00 -951.00 0
2207 3.13 -2.57 -7.03 -102.00 0.00 228.00 546.00 -257.00 -951.00 0
2216 2.78 -3.27 -7.10 -108.00 -3.00 224.00 546.00 -257.00 -951.00 0
2226 2.09 -4.17 -6.96 -101.00 -6.00 221.00 546.00 -257.00 -951.00 0
2235 1.32 -6.54 -6.33 -105.00 -5.00 223.00 546.00 -257.00 -951.00 0
2244 1.04 -7.65 -5.98 -101.00 -9.00 220.00 534.00 -258.00 -1015.00 0
2253 0.63 -8.97 -5.84 -95.00 -7.00 218.00 534.00 -258.00 -1015.00 0
2263 0.21 -10.30 -5.63 -94.00 -13.00 219.00 534.00 -258.00 -1015.00 0
2272 -0.42 -10.99 -5.43 -101.00 -13.00 222.00 534.00 -258.00 -1015.00 0
2281 -0.70 -11.34 -5.15 -89.00 -8.00 224.00 534.00 -258.00 -1015.00 0
2290 0.07 -12.45 -4.94 -91.00 -9.00 231.00 534.00 -258.00 -1015.00 0
2299 0.14 -12.87 -4.66 -101.00 -9.00 229.00 534.00 -258.00 -1015.00 0
2309 0.14 -13.57 -4.10 -104.00 -3.00 234.00 527.00 -259.00 -1170.00 0
2318 0.35 -14.89 -3.62 -112.00 0.00 244.00 527.00 -259.00 -1170.00 0
2327 0.14 -16.83 -3.55 -107.00 -7.00 241.00 527.00 -259.00 -1170.00 0
2336 -1.04 -19.62 -3.90 -104.00 -11.00 236.00 527.00 -259.00 -1170.00 0
2345 -4.87 -26.78 -5.84 -94.00 -15.00 221.00 527.00 -259.00 -1170.00 0
2355 -6.54 -30.05 -6.54 -82.00 -11.00 213.00 527.00 -259.00 -1170.00 0
2365 -6.89 -32.56 -6.75 -69.00 -7.00 203.00 527.00 -259.00 -1170.00 0
2374 -7.10 -33.53 -6.89 -64.00 -10.00 199.00 512.00 -253.00 -1046.00 0
2383 -7.72 -33.04 -6.96 -60.00 -12.00 197.00 512.00 -253.00 -1046.00 0
2393 -8.21 -31.65 -6.75 -58.00 -10.00 199.00 512.00 -253.00 -1046.00 0
2402 -7.79 -26.85 -6.33 -61.00 -4.00 200.00 512.00 -253.00 -1046.00 0
2411 -7.03 -23.93 -5.84 -68.00 1.00 209.00 512.00 -253.00 -1046.00 0
2420 -6.96 -20.80 -5.63 -79.00 -10.00 225.00 512.00 -253.00 -1046.00 0
2429 -7.65 -17.95 -5.77 -94.00 -15.00 235.00 512.00 -253.00 -1046.00 0
2439 -8.56 -15.79 -6.12 -92.00 -17.00 233.00 505.00 -247.00 -1002.00 0
2448 -9.04 -14.61 -6.54 -93.00 -13.00 232.00 505.00 -247.00 -1002.00 0
2457 -9.11 -14.61 -7.03 -85.00 -16.00 226.00 505.00 -247.00 -1002.00 0
2466 -9.18 -15.10 -7.37 -71.00 -15.00 218.00 505.00 -247.00 -1002.00 0
2476 -9.25 -15.44 -7.72 -62.00 -12.00 210.00 505.00 -247.00 -1002.00 0
2485 -9.18 -15.23 -7.79 -61.00 -17.00 205.00 505.00 -247.00 -1002.00 0
2494 -9.25 -14.19 -7.58 -58.00 -19.00 210.00 505.00 -247.00 -1002.00 0
2503 -9.32 -12.66 -7.72 -56.00 -10.00 210.00 502.00 -241.00 -1104.00 0
2512 -9.46 -8.28 -8.00 -64.00 -4.00 215.00 502.00 -241.00 -1104.00 0
2522 -9.88 -5.98 -8.07 -71.00 -6.00 230.00 502.00 -241.00 -1104.00 0
2531 -10.64 -4.03 -8.21 -84.00 -16.00 237.00 502.00 -241.00 -1104.00 0
2540 -11.83 -2.64 -8.21 -84.00 -18.00 238.00 502.00 -241.00 -1104.00 0
2549 -12.38 -2.50 -8.00 -82.00 -18.00 228.00 502.00 -241.00 -1104.00 0
2558 -12.38 -3.13 -7.23 -77.00 -23.00 224.00 502.00 -241.00 -1104.00 0
2568 -11.20 -4.73 -5.29 -80.00 -23.00 219.00 502.00 -241.00 -1104.00 0
2577 -9.81 -5.01 -4.24 -77.00 -20.00 220.00 502.00 -241.00 -1104.00 0
2586 -8.21 -5.22 -3.34 -68.00 -13.00 216.00 502.00 -241.00 -1104.00 0
2595 -7.30 -5.57 -3.20 -68.00 -16.00 218.00 502.00 -241.00 -1104.00 0
2605 -7.37 -5.36 -3.76 -74.00 -24.00 224.00 502.00 -241.00 -1104.00 0
2614 -8.14 -4.17 -4.66 -79.00 -31.00 226.00 502.00 -241.00 -1104.00 0
2623 -9.60 -0.77 -6.54 -80.00 -30.00 227.00 502.00 -241.00 -1104.00 0
2632 -9.18 0.70 -7.37 -66.00 -22.00 215.00 502.00 -241.00 -1104.00 0
2641 -8.21 1.88 -7.93 -56.00 -14.00 204.00 502.00 -241.00 -1104.00 0
2651 -7.51 2.92 -8.21 -45.00 -11.00 189.00 502.00 -241.00 -1104.00 0
2660 -7.72 4.24 -8.21 -35.00 -4.00 185.00 502.00 -241.00 -1104.00 0
2669 -8.14 5.84 -8.21 -29.00 -3.00 165.00 502.00 -241.00 -1104.00 0
2678 -10.23 10.64 -7.93 -22.00 5.00 165.00 502.00 -241.00 -1104.00 0
2688 -11.90 15.17 -7.51 -27.00 -5.00 158.00 502.00 -241.00 -1104.00 0
2697 -13.36 22.19 -6.05 -34.00 -2.00 158.00 502.00 -241.00 -1104.00 0
2706 -13.70 31.30 -3.06 -58.00 -12.00 163.00 502.00 -241.00 -1104.00 0
2715 -13.91 42.37 0.97 -76.00 0.00 168.00 502.00 -241.00 -1104.00 0
2724 -14.05 54.05 4.73 -93.00 0.00 183.00 502.00 -241.00 -1104.00 1
2735 -13.77 75.97 10.99 -157.00 -12.00 227.00 502.00 -241.00 -1104.00 1
2745 -13.70 83.41 12.73 -221.00 -60.00 303.00 502.00 -241.00 -1104.00 1
2755 -13.15 88.28 13.77 -266.00 -113.00 387.00 502.00 -241.00 -1104.00 1
2765 0.97 85.01 16.28 -243.00 -47.00 388.00 557.00 -250.00 -919.00 1
2776 9.67 71.44 15.86 -198.00 17.00 331.00 557.00 -250.00 -919.00 1
2786 12.80 51.27 14.19 -130.00 17.00 258.00 557.00 -250.00 -919.00 0
2795 8.83 28.31 11.20 -111.00 -28.00 204.00 557.00 -250.00 -919.00 0
2805 -8.28 -5.50 4.66 -118.00 -71.00 195.00 557.00 -250.00 -919.00 0
2814 -13.15 -15.37 2.02 -129.00 -75.00 226.00 557.00 -250.00 -919.00 0
2824 -12.24 -23.58 -0.56 -114.00 -47.00 222.00 557.00 -250.00 -919.00 0
2833 -7.79 -31.10 -3.76 -103.00 -24.00 211.00 535.00 -242.00 -1125.00 0
2842 -3.55 -37.63 -6.75 -85.00 -29.00 196.00 535.00 -242.00 -1125.00 0
2851 -0.70 -41.88 -8.90 -84.00 -14.00 195.00 535.00 -242.00 -1125.00 0
2861 4.24 -41.60 -8.14 -84.00 -19.00 195.00 535.00 -242.00 -1125.00 0
2870 6.19 -39.65 -7.03 -81.00 -15.00 198.00 535.00 -242.00 -1125.00 0
2879 7.65 -37.22 -6.40 -73.00 -10.00 196.00 535.00 -242.00 -1125.00 0
2888 9.04 -34.30 -5.50 -74.00 2.00 207.00 535.00 -242.00 -1125.00 0
2897 10.78 -31.03 -4.31 -70.00 0.00 211.00 523.00 -243.00 -1078.00 0
2907 11.62 -28.17 -3.34 -83.00 -3.00 225.00 523.00 -243.00 -1078.00 0
2916 9.39 -23.72 -2.09 -86.00 -10.00 231.00 523.00 -243.00 -1078.00 0
2925 7.30 -23.17 -1.95 -94.00 -17.00 229.00 523.00 -243.00 -1078.00 0
2934 5.91 -23.17 -1.81 -93.00 -18.00 222.00 523.00 -243.00 -1078.00 0
2944 5.22 -23.23 -1.88 -87.00 -16.00 219.00 523.00 -243.00 -1078.00 0
2953 5.08 -23.23 -1.67 -79.00 -18.00 217.00 523.00 -243.00 -1078.00 0
2962 5.15 -22.89 -1.46 -80.00 -22.00 208.00 523.00 -244.00 -1244.00 0
2971 4.17 -20.38 -1.32 -73.00 -31.00 207.00 513.00 -244.00 -1244.00 0
2980 3.62 -19.06 -1.74 -66.00 -31.00 205.00 513.00 -244.00 -1244.00 0
2990 3.62 -17.11 -2.57 -65.00 -30.00 202.00 513.00 -244.00 -1244.00 0
2999 3.97 -14.75 -3.62 -73.00 -28.00 208.00 513.00 -244.00 -1244.00 0
3008 4.94 -12.38 -4.66 -76.00 -15.00 220.00 513.00 -244.00 -1244.00 0
3017 6.68 -10.23 -5.36 -88.00 -8.00 236.00 513.00 -244.00 -1244.00 0
3026 9.88 -7.23 -5.43 -90.00 -9.00 239.00 513.00 -244.00 -1244.00 0
3036 10.78 -7.44 -4.87 -90.00 -9.00 228.00 513.00 -244.00 -1244.00 0
3045 11.62 -8.21 -3.97 -81.00 -16.00 226.00 513.00 -244.00 -1244.00 0
3054 12.38 -9.11 -3.13 -72.00 -22.00 226.00 513.00 -244.00 -1244.00 0
3063 13.01 -9.74 -2.57 -70.00 -21.00 229.00 513.00 -244.00 -1244.00 0
3074 13.84 -10.09 -2.43 -66.00 -12.00 224.00 513.00 -244.00 -1244.00 0
3083 16.63 -10.37 -4.10 -60.00 1.00 225.00 513.00 -244.00 -1244.00 0
3092 17.25 -10.30 -5.22 -54.00 13.00 218.00 513.00 -244.00 -1244.00 0
3101 17.11 -10.09 -5.84 -56.00 12.00 212.00 513.00 -244.00 -1244.00 0
3110 15.86 -9.81 -6.12 -59.00 6.00 208.00 513.00 -244.00 -1244.00 0
3120 13.77 -9.11 -6.19 -64.00 6.00 209.00 513.00 -244.00 -1244.00 0
3129 11.62 -7.93 -5.91 -70.00 4.00 226.00 513.00 -244.00 -1244.00 0
3138 8.21 -4.24 -4.80 -85.00 10.00 229.00 513.00 -244.00 -1244.00 0
3147 7.23 -3.06 -3.76 -87.00 16.00 233.00 513.00 -244.00 -1244.00 0
3156 6.47 -2.50 -2.57 -97.00 12.00 244.00 513.00 -244.00 -1244.00 0
3166 5.91 -2.37 -1.25 -95.00 6.00 233.00 513.00 -244.00 -1244.00 0
3175 5.50 -3.20 -0.28 -92.00 0.00 231.00 513.00 -244.00 -1244.00 0
3184 4.94 -4.38 0.42 -99.00 -3.00 222.00 513.00 -244.00 -1244.00 0
3192 4.10 -5.77 2.30 -89.00 1.00 220.00 513.00 -244.00 -1244.00 0
3202 3.69 -6.54 2.23 -78.00 -1.00 204.00 513.00 -244.00 -1244.00 0
3211 3.20 -7.10 2.37 -71.00 -3.00 203.00 513.00 -244.00 -1244.00 0
3220 2.78 -6.75 2.78 -62.00 1.00 192.00 513.00 -244.00 -1244.00 0
3229 2.23 -5.63 3.06 -67.00 -5.00 200.00 513.00 -244.00 -1244.00 0
3238 1.74 -3.48 3.41 -75.00 -24.00 202.00 513.00 -244.00 -1244.00 0
3248 0.63 -0.42 4.10 -82.00 -24.00 222.00 513.00 -244.00 -1244.00 0
3257 1.67 5.50 4.38 -83.00 2.00 242.00 513.00 -244.00 -1244.00 0
3266 4.24 7.17 4.10 -89.00 16.00 249.00 513.00 -244.00 -1244.00 0
3275 6.12 7.58 3.76 -93.00 13.00 248.00 513.00 -244.00 -1244.00 0
3284 5.84 7.17 3.20 -86.00 8.00 240.00 513.00 -244.00 -1244.00 0
3294 4.80 5.70 2.43 -81.00 18.00 232.00 508.00 -272.00 -1020.00 0
3303 4.10 3.76 1.95 -76.00 17.00 223.00 508.00 -272.00 -1020.00 0
3312 1.67 1.04 1.60 -70.00 8.00 222.00 508.00 -272.00 -1020.00 0
3321 -0.21 0.35 1.60 -67.00 6.00 216.00 508.00 -272.00 -1020.00 0
3331 -1.88 -0.28 1.88 -70.00 3.00 218.00 508.00 -272.00 -1020.00 0
3340 -3.13 -0.70 2.30 -74.00 2.00 229.00 508.00 -272.00 -1020.00 0
3349 -4.38 -1.18 2.64 -75.00 -1.00 228.00 508.00 -272.00 -1020.00 0
3358 -5.84 -1.67 2.43 -77.00 1.00 229.00 506.00 -271.00 -1036.00 0
3367 -7.79 -2.09 0.35 -86.00 0.00 238.00 506.00 -271.00 -1036.00 0
3377 -11.97 -2.37 -1.11 -103.00 -7.00 246.00 506.00 -271.00 -1036.00 0
3386 -13.98 -3.48 -2.85 -101.00 -8.00 234.00 506.00 -271.00 -1036.00 0
3395 -15.17 -5.43 -4.38 -89.00 -8.00 231.00 506.00 -271.00 -1036.00 0
3404 -15.72 -7.58 -5.63 -85.00 -10.00 221.00 506.00 -271.00 -1036.00 0
3414 -15.65 -9.46 -6.33 -74.00 -5.00 206.00 506.00 -271.00 -1036.00 0
3423 -15.17 -11.34 -6.96 -70.00 -14.00 197.00 504.00 -261.00 -1086.00 0
3432 -14.05 -11.13 -6.40 -63.00 -9.00 198.00 504.00 -261.00 -1086.00 0
3441 -12.59 -9.74 -5.63 -65.00 -9.00 207.00 504.00 -261.00 -1086.00 0
3450 -11.13 -7.51 -5.15 -71.00 -5.00 215.00 504.00 -261.00 -1086.00 0
3460 -9.67 -4.87 -4.94 -71.00 -6.00 228.00 504.00 -261.00 -1086.00 0
3469 -8.35 -2.64 -5.01 -73.00 0.00 228.00 504.00 -261.00 -1086.00 0
3478 -7.10 -0.70 -5.36 -75.00 1.00 228.00 504.00 -261.00 -1086.00 0
3487 -6.54 2.23 -5.63 -74.00 -1.00 228.00 504.00 -261.00 -1086.00 0
3496 -6.96 3.06 -5.91 -79.00 -3.00 224.00 504.00 -261.00 -1086.00 0
3506 -7.44 3.83 -6.12 -75.00 -3.00 217.00 504.00 -261.00 -1086.00 0
3515 -8.07 4.59 -6.68 -68.00 -3.00 208.00 504.00 -261.00 -1086.00 0
3523 -8.77 5.43 -7.51 -70.00 -2.00 206.00 504.00 -261.00 -1086.00 0
3532 -9.04 6.75 -8.21 -63.00 0.00 198.00 504.00 -261.00 -1086.00 0
3542 -8.56 9.81 -9.46 -55.00 5.00 194.00 504.00 -261.00 -1086.00 0
3551 -8.70 11.13 -10.30 -43.00 3.00 180.00 504.00 -261.00 -1086.00 0
3560 -10.16 12.80 -11.20 -33.00 6.00 168.00 504.00 -261.00 -1086.00 0
3569 -12.03 15.51 -11.69 -22.00 24.00 148.00 504.00 -261.00 -1086.00 0
3579 -13.77 20.10 -11.13 1.00 33.00 135.00 504.00 -261.00 -1086.00 0
3589 -15.51 27.48 -9.25 -29.00 18.00 132.00 504.00 -261.00 -1086.00 0
3598 -18.30 52.87 0.35 -79.00 -6.00 167.00 504.00 -261.00 -1086.00 1
3607 -17.81 69.22 6.47 -181.00 -33.00 270.00 504.00 -261.00 -1086.00 1
3617 -14.12 84.38 11.97 -311.00 -133.00 364.00 504.00 -261.00 -1086.00 1
3628 -9.11 94.40 15.30 -277.00 -72.00 416.00 504.00 -261.00 -1086.00 1
3638 15.03 75.13 10.64 -201.00 25.00 331.00 504.00 -261.00 -1086.00 1
3648 23.65 56.56 6.61 -149.00 39.00 265.00 504.00 -261.00 -1086.00 0
3657 24.21 37.63 3.83 -129.00 24.00 246.00 504.00 -261.00 -1086.00 0
3666 20.66 21.01 2.50 -129.00 -1.00 234.00 504.00 -261.00 -1086.00 0
3677 10.57 -4.45 1.81 -115.00 -22.00 224.00 504.00 -261.00 -1086.00 0
3686 8.56 -13.84 3.06 -99.00 -23.00 212.00 543.00 -272.00 -1307.00 0
3695 9.04 -21.15 4.66 -92.00 -7.00 196.00 543.00 -272.00 -1307.00 0
3704 9.88 -25.74 5.63 -74.00 0.00 196.00 543.00 -272.00 -1307.00 0
3714 9.95 -28.31 5.70 -69.00 3.00 188.00 543.00 -272.00 -1307.00 0
3723 9.32 -29.36 5.43 -70.00 -2.00 187.00 543.00 -272.00 -1307.00 0
3732 5.77 -28.73 3.69 -77.00 -6.00 197.00 543.00 -272.00 -1307.00 0
3741 2.78 -27.20 1.39 -80.00 -10.00 195.00 543.00 -272.00 -1307.00 0
3750 -0.07 -25.32 -1.25 -85.00 -5.00 205.00 527.00 -271.00 -1180.00 0
3760 -1.81 -23.30 -3.41 -86.00 2.00 216.00 527.00 -271.00 -1180.00 0
3769 -2.64 -21.57 -4.87 -89.00 3.00 213.00 527.00 -271.00 -1180.00 0
3778 -3.13 -20.17 -5.91 -98.00 2.00 223.00 527.00 -271.00 -1180.00 0
3787 -3.69 -18.09 -6.75 -94.00 3.00 225.00 527.00 -271.00 -1180.00 0
3796 -4.10 -17.88 -6.89 -93.00 6.00 221.00 527.00 -271.00 -1180.00 0
3806 -4.24 -17.88 -7.10 -85.00 12.00 221.00 527.00 -271.00 -1180.00 0
3815 -4.45 -17.67 -7.30 -87.00 7.00 213.00 527.00 -271.00 -1180.00 0
3824 -4.94 -17.46 -7.23 -84.00 2.00 215.00 527.00 -271.00 -1180.00 0
3833 -5.63 -17.04 -7.17 -80.00 -1.00 208.00 527.00 -271.00 -1180.00 0
3843 -6.40 -15.86 -6.96 -81.00 -2.00 208.00 527.00 -271.00 -1180.00 0
3852 -6.33 -13.01 -6.82 -79.00 -5.00 206.00 527.00 -271.00 -1180.00 0
3861 -5.70 -11.20 -6.33 -81.00 0.00 205.00 527.00 -271.00 -1180.00 0
3870 -4.66 -9.18 -5.77 -77.00 0.00 214.00 527.00 -271.00 -1180.00 0
3879 -3.83 -7.17 -5.43 -81.00 3.00 219.00 527.00 -271.00 -1180.00 0
3889 -2.92 -4.94 -5.15 -85.00 11.00 226.00 527.00 -271.00 -1180.00 0
3898 -2.16 -3.06 -4.80 -87.00 14.00 234.00 527.00 -271.00 -1180.00 0
3907 -2.16 -1.32 -3.48 -97.00 1.00 234.00 527.00 -271.00 -1180.00 0
3916 -3.48 -0.83 -3.13 -99.00 -2.00 232.00 527.00 -271.00 -1180.00 0
3924 -4.45 -0.83 -3.06 -92.00 -1.00 227.00 527.00 -271.00 -1180.00 0
3934 -4.80 -1.25 -2.92 -92.00 -13.00 223.00 527.00 -271.00 -1180.00 0
3943 -5.36 -1.74 -2.85 -87.00 -15.00 220.00 527.00 -271.00 -1180.00 0
3952 -6.05 -2.02 -3.20 -82.00 -6.00 215.00 527.00 -271.00 -1180.00 0
3961 -5.91 -2.37 -3.97 -75.00 -5.00 221.00 527.00 -271.00 -1180.00 0
3971 -5.77 -2.37 -4.31 -79.00 -4.00 218.00 527.00 -271.00 -1180.00 0
3980 -5.70 -2.23 -4.87 -80.00 0.00 223.00 527.00 -271.00 -1180.00 0
3989 -5.36 -2.16 -5.77 -83.00 7.00 226.00 527.00 -271.00 -1180.00 0
3998 -4.94 -2.09 -6.68 -82.00 12.00 233.00 527.00 -271.00 -1180.00 0
4007 -4.80 -2.16 -7.37 -85.00 14.00 228.00 527.00 -271.00 -1180.00 0
4017 -6.96 -2.37 -8.35 -89.00 2.00 221.00 527.00 -271.00 -1180.00 0
4026 -8.83 -2.37 -8.77 -91.00 -2.00 219.00 527.00 -271.00 -1180.00 0
4035 -10.09 -2.23 -8.83 -92.00 -5.00 215.00 527.00 -271.00 -1180.00 0
4044 -10.30 -2.16 -8.63 -93.00 1.00 217.00 527.00 -271.00 -1180.00 0
4054 -9.74 -2.02 -8.14 -93.00 5.00 215.00 527.00 -271.00 -1180.00 0
4063 -8.83 -2.09 -7.44 -92.00 1.00 219.00 527.00 -271.00 -1180.00 0
4072 -7.79 -2.09 -4.80 -88.00 3.00 220.00 527.00 -271.00 -1180.00 0
4081 -6.40 -2.23 -3.48 -90.00 2.00 212.00 521.00 -258.00 -1087.00 0
4090 -7.10 -2.02 -2.43 -90.00 -6.00 215.00 521.00 -258.00 -1087.00 0
4100 -7.93 -2.30 -1.53 -84.00 -17.00 219.00 521.00 -258.00 -1087.00 0
4109 -8.83 -2.16 -1.11 -81.00 -31.00 218.00 521.00 -258.00 -1087.00 0
4118 -9.60 -1.81 -0.56 -79.00 -24.00 216.00 521.00 -258.00 -1087.00 0
4127 -9.11 -1.46 -0.14 -80.00 -23.00 213.00 521.00 -258.00 -1087.00 0
4136 -7.65 -0.28 -0.35 -82.00 -24.00 211.00 521.00 -258.00 -1087.00 0
4146 -6.75 0.49 -0.90 -84.00 -9.00 217.00 521.00 -255.00 -1037.00 0
4155 -5.63 1.25 -1.53 -85.00 -11.00 214.00 521.00 -255.00 -1037.00 0
4164 -4.80 1.88 -2.02 -89.00 -1.00 221.00 521.00 -255.00 -1037.00 0
4173 -3.76 2.43 -2.37 -91.00 2.00 225.00 521.00 -255.00 -1037.00 0
4183 -2.78 2.71 -2.64 -96.00 2.00 232.00 521.00 -255.00 -1037.00 0
4192 -2.64 2.57 -2.92 -99.00 7.00 236.00 521.00 -255.00 -1037.00 0
4201 -3.13 2.16 -2.85 -102.00 0.00 235.00 521.00 -255.00 -1037.00 0
4210 -4.03 1.32 -2.64 -93.00 -4.00 228.00 522.00 -253.00 -1143.00 0
4219 -4.66 0.14 -2.37 -87.00 -5.00 217.00 522.00 -253.00 -1143.00 0
4228 -4.87 -1.18 -2.16 -84.00 -6.00 211.00 522.00 -253.00 -1143.00 0
4237 -5.08 -2.02 -1.95 -87.00 -12.00 212.00 522.00 -253.00 -1143.00 0
4246 -5.43 -2.09 -1.88 -87.00 -19.00 218.00 522.00 -253.00 -1143.00 0
4255 -6.12 -1.88 -2.16 -96.00 -18.00 229.00 522.00 -253.00 -1143.00 0
4264 -6.26 -1.74 -2.57 -95.00 -13.00 227.00 522.00 -253.00 -1143.00 0
4274 -6.12 -2.09 -2.99 -97.00 -12.00 230.00 522.00 -253.00 -1143.00 0
4283 -5.77 -2.64 -3.13 -94.00 -16.00 223.00 522.00 -253.00 -1143.00 0
4292 -5.22 -3.34 -3.20 -87.00 -6.00 220.00 522.00 -253.00 -1143.00 0
4301 -4.31 -4.10 -3.34 -82.00 -7.00 214.00 522.00 -253.00 -1143.00 0
4311 -3.34 -4.94 -4.24 -88.00 -11.00 220.00 522.00 -253.00 -1143.00 0
4320 -3.34 -4.66 -5.01 -90.00 -8.00 222.00 522.00 -253.00 -1143.00 0
4329 -3.27 -4.73 -5.63 -91.00 -1.00 227.00 522.00 -253.00 -1143.00 0
4338 -3.13 -5.29 -5.98 -91.00 -1.00 222.00 522.00 -253.00 -1143.00 0
4347 -2.99 -6.12 -6.19 -86.00 -4.00 222.00 522.00 -253.00 -1143.00 0
4357 -3.27 -7.17 -6.33 -81.00 -8.00 217.00 522.00 -253.00 -1143.00 0
4366 -3.90 -8.56 -6.54 -82.00 -10.00 215.00 522.00 -253.00 -1143.00 0
4375 -3.90 -8.35 -6.68 -78.00 -9.00 215.00 522.00 -253.00 -1143.00 0
4384 -3.90 -7.86 -7.03 -67.00 -8.00 210.00 522.00 -253.00 -1143.00 0
4393 -4.24 -7.03 -7.65 -69.00 -4.00 203.00 522.00 -253.00 -1143.00 0
4403 -4.73 -5.63 -8.35 -72.00 -5.00 206.00 522.00 -253.00 -1143.00 0
4412 -5.08 -3.76 -8.70 -76.00 -17.00 206.00 522.00 -253.00 -1143.00 0
4421 -5.70 1.67 -9.11 -78.00 -14.00 205.00 522.00 -253.00 -1143.00 0
4430 -5.36 4.38 -9.46 -82.00 -4.00 213.00 522.00 -253.00 -1143.00 0
4440 -4.31 7.10 -9.53 -84.00 -10.00 214.00 522.00 -253.00 -1143.00 0
4449 -3.83 9.60 -9.53 -68.00 -15.00 198.00 522.00 -253.00 -1143.00 0
4458 -3.62 11.76 -9.81 -55.00 0.00 185.00 522.00 -253.00 -1143.00 0
4467 -3.13 13.70 -9.88 -42.00 12.00 174.00 522.00 -253.00 -1143.00 0
4476 -3.27 19.76 -9.67 -34.00 22.00 163.00 522.00 -253.00 -1143.00 0
4486 -7.37 24.07 -9.39 -40.00 30.00 160.00 522.00 -253.00 -1143.00 1
4496 -10.57 29.91 -8.21 -92.00 36.00 204.00 522.00 -253.00 -1143.00 1
4506 -12.87 37.15 -5.15 -199.00 -33.00 260.00 522.00 -253.00 -1143.00 1
4516 -10.85 47.23 1.95 -231.00 -106.00 359.00 522.00 -253.00 -1143.00 1
4527 -3.41 43.83 2.78 -176.00 -8.00 329.00 522.00 -253.00 -1143.00 1
4537 5.63 35.97 2.99 -134.00 32.00 250.00 522.00 -252.00 -1133.00 1
4547 10.16 16.07 3.34 -121.00 1.00 218.00 540.00 -252.00 -1133.00 1
4558 2.78 9.04 2.16 -119.00 -34.00 218.00 540.00 -252.00 -1133.00 1
4569 -2.64 3.62 -0.21 -108.00 -1.00 236.00 540.00 -252.00 -1133.00 1
4579 -3.06 -2.09 -0.56 -99.00 7.00 233.00 540.00 -252.00 -1133.00 0
4588 -0.21 -14.68 2.78 -90.00 0.00 222.00 540.00 -252.00 -1133.00 0
4597 -1.81 -20.17 2.30 -91.00 -7.00 218.00 540.00 -252.00 -1133.00 0
4606 -3.55 -24.28 0.83 -93.00 -29.00 221.00 530.00 -249.00 -1124.00 0
4616 -4.94 -26.37 -0.90 -89.00 -26.00 215.00 530.00 -249.00 -1124.00 0
4625 -5.22 -27.41 -2.50 -87.00 -19.00 211.00 530.00 -249.00 -1124.00 0
4634 -4.24 -27.76 -3.69 -84.00 -11.00 204.00 530.00 -249.00 -1124.00 0
4643 -3.34 -25.81 -5.29 -75.00 -27.00 194.00 530.00 -249.00 -1124.00 0
4653 -3.55 -23.72 -5.36 -77.00 -16.00 191.00 530.00 -249.00 -1124.00 0
4662 -2.92 -21.36 -5.36 -75.00 -15.00 195.00 530.00 -249.00 -1124.00 0
4671 -2.37 -18.64 -5.77 -72.00 -4.00 203.00 521.00 -248.00 -833.00 0
4680 -1.46 -16.00 -5.98 -76.00 4.00 212.00 521.00 -248.00 -833.00 0
4689 -0.07 -13.36 -5.91 -71.00 10.00 213.00 521.00 -248.00 -833.00 0
4699 1.39 -8.56 -5.01 -80.00 9.00 219.00 521.00 -248.00 -833.00 0
4708 1.18 -6.33 -4.52 -88.00 11.00 225.00 521.00 -248.00 -833.00 0
4717 0.49 -4.66 -4.03 -91.00 4.00 230.00 521.00 -248.00 -833.00 0
4726 -0.77 -3.55 -3.62 -90.00 -5.00 226.00 521.00 -248.00 -833.00 0
4736 -2.16 -3.13 -3.34 -92.00 -12.00 219.00 522.00 -243.00 -1037.00 0
4745 -3.48 -2.85 -2.99 -90.00 -17.00 221.00 522.00 -243.00 -1037.00 0
4754 -4.38 -2.50 -2.16 -96.00 -19.00 222.00 522.00 -243.00 -1037.00 0
4763 -4.59 -2.30 -1.95 -92.00 -17.00 219.00 522.00 -243.00 -1037.00 0
4772 -4.10 -2.23 -1.81 -93.00 -16.00 221.00 522.00 -243.00 -1037.00 0
4782 -3.55 -2.23 -1.81 -90.00 -12.00 216.00 522.00 -243.00 -1037.00 0
4791 -3.06 -2.09 -2.02 -85.00 -8.00 219.00 522.00 -243.00 -1037.00 0
4800 -2.43 -1.81 -2.30 -83.00 -1.00 221.00 522.00 -249.00 -979.00 0
4809 -1.88 -1.67 -2.30 -84.00 -4.00 215.00 522.00 -249.00 -979.00 0
4817 -1.25 -1.53 -2.16 -81.00 -1.00 217.00 522.00 -249.00 -979.00 0
4827 -0.90 -1.11 -2.16 -87.00 5.00 222.00 522.00 -249.00 -979.00 0
4836 -1.18 -0.56 -2.02 -91.00 -4.00 225.00 522.00 -249.00 -979.00 0
4845 -1.95 -0.28 -1.95 -94.00 -9.00 227.00 522.00 -249.00 -979.00 0
4854 -2.71 -0.35 -1.88 -94.00 -12.00 226.00 522.00 -249.00 -979.00 0
4864 -3.20 -0.77 -1.88 -91.00 -14.00 226.00 522.00 -249.00 -979.00 0
4873 -3.62 -2.30 -2.50 -87.00 -11.00 218.00 522.00 -249.00 -979.00 0
4882 -3.76 -2.78 -2.85 -85.00 -12.00 225.00 522.00 -249.00 -979.00 0
4891 -4.03 -2.92 -3.27 -87.00 -9.00 221.00 522.00 -249.00 -979.00 0
4900 -4.17 -2.78 -3.83 -88.00 -8.00 224.00 522.00 -249.00 -979.00 0
4910 -4.24 -2.64 -4.31 -88.00 0.00 225.00 522.00 -249.00 -979.00 0
4918 -3.90 -2.57 -4.59 -89.00 3.00 230.00 522.00 -249.00 -979.00 0
4927 -3.69 -2.64 -4.80 -87.00 3.00 230.00 522.00 -249.00 -979.00 0
4936 -4.87 -3.06 -4.94 -91.00 0.00 231.00 522.00 -249.00 -979.00 0
4945 -5.91 -3.34 -4.80 -91.00 -7.00 227.00 522.00 -249.00 -979.00 0
4955 -6.82 -3.62 -4.38 -86.00 -7.00 221.00 522.00 -249.00 -979.00 0
4964 -7.03 -4.17 -3.97 -80.00 -12.00 217.00 522.00 -249.00 -979.00 0
4973 -7.17 -4.59 -3.69 -82.00 -12.00 214.00 522.00 -249.00 -979.00 0
4982 -7.30 -4.73 -3.48 -80.00 -17.00 211.00 522.00 -249.00 -979.00 0
4992 -6.68 -4.38 -3.27 -83.00 -13.00 210.00 522.00 -249.00 -979.00 0
5001 -6.26 -3.48 -3.41 -86.00 -15.00 214.00 519.00 -241.00 -1139.00 0
5010 -5.98 -2.64 -3.76 -86.00 -13.00 221.00 519.00 -241.00 -1139.00 0
5019 -5.50 -1.81 -3.97 -90.00 -8.00 219.00 519.00 -241.00 -1139.00 0
5028 -5.08 -1.04 -3.90 -95.00 -11.00 224.00 519.00 -241.00 -1139.00 0
5038 -4.52 -0.49 -3.62 -95.00 -7.00 228.00 519.00 -241.00 -1139.00 0
5047 -4.10 -0.42 -2.71 -92.00 -6.00 222.00 519.00 -241.00 -1139.00 0
5056 -3.48 -1.18 -1.95 -93.00 -7.00 224.00 519.00 -241.00 -1139.00 0
5065 -3.34 -1.74 -1.25 -95.00 -8.00 227.00 520.00 -243.00 -1177.00 0
5074 -3.06 -2.30 -0.56 -88.00 -5.00 225.00 520.00 -243.00 -1177.00 0
5083 -2.85 -2.99 -0.07 -83.00 -7.00 223.00 520.00 -243.00 -1177.00 0
5092 -3.20 -3.62 0.14 -82.00 -9.00 218.00 520.00 -243.00 -1177.00 0
5101 -3.76 -4.17 -0.07 -85.00 -7.00 218.00 520.00 -243.00 -1177.00 0
5110 -4.45 -4.52 -0.14 -84.00 -6.00 217.00 520.00 -243.00 -1177.00 0
5120 -4.87 -4.38 -0.28 -86.00 -16.00 217.00 520.00 -243.00 -1177.00 0
5129 -5.57 -4.38 -0.49 -81.00 -16.00 216.00 514.00 -243.00 -1066.00 0
5138 -5.77 -4.24 -0.49 -85.00 -20.00 220.00 514.00 -243.00 -1066.00 0
5147 -5.63 -3.83 -0.56 -88.00 -11.00 225.00 514.00 -243.00 -1066.00 0
5156 -5.36 -3.41 -0.63 -91.00 -14.00 228.00 514.00 -243.00 -1066.00 0
5166 -4.66 -3.41 -0.90 -90.00 -10.00 228.00 514.00 -243.00 -1066.00 0
5175 -4.24 -3.76 -0.97 -91.00 -11.00 227.00 514.00 -243.00 -1066.00 0
5184 -3.83 -3.90 -0.97 -89.00 -10.00 228.00 514.00 -243.00 -1066.00 0
5193 -3.55 -4.31 -1.11 -81.00 -7.00 223.00 514.00 -244.00 -1028.00 0
5202 -3.41 -4.94 -1.32 -81.00 -5.00 217.00 515.00 -244.00 -1028.00 0
5212 -3.34 -5.29 -1.46 -74.00 -11.00 212.00 515.00 -244.00 -1028.00 0
5221 -3.41 -5.01 -1.39 -75.00 -8.00 210.00 515.00 -244.00 -1028.00 0
5230 -3.90 -4.17 -1.39 -70.00 -7.00 210.00 515.00 -244.00 -1028.00 0
5239 -4.24 -2.85 -1.53 -74.00 -7.00 213.00 515.00 -244.00 -1028.00 0
5249 -4.66 -1.18 -1.46 -72.00 -10.00 213.00 515.00 -244.00 -1028.00 0
5258 -5.15 0.35 -1.53 -66.00 -8.00 211.00 515.00 -244.00 -1028.00 0
5267 -5.63 1.67 -1.88 -64.00 -1.00 198.00 515.00 -244.00 -1028.00 0
5276 -6.19 3.20 -2.99 -66.00 0.00 202.00 515.00 -244.00 -1028.00 0
5285 -8.00 7.93 -3.41 -67.00 1.00 200.00 515.00 -244.00 -1028.00 0
5295 -8.56 10.64 -3.41 -71.00 3.00 201.00 515.00 -244.00 -1028.00 0
5304 -8.56 13.84 -2.37 -67.00 -8.00 189.00 515.00 -244.00 -1028.00 0
5313 -8.70 17.18 -0.63 -45.00 8.00 165.00 515.00 -244.00 -1028.00 0
5322 -9.67 20.80 0.49 -30.00 23.00 140.00 515.00 -244.00 -1028.00 0
5331 -12.80 25.95 0.56 -27.00 4.00 130.00 515.00 -244.00 -1028.00 0
5341 -25.74 44.24 0.63 -45.00 -9.00 133.00 515.00 -244.00 -1028.00 1
5351 -32.00 57.60 1.25 -117.00 -25.00 174.00 515.00 -244.00 -1028.00 1
5361 -34.50 71.58 2.99 -218.00 -101.00 277.00 515.00 -244.00 -1028.00 1
5372 -18.64 90.85 11.13 -293.00 -88.00 419.00 515.00 -244.00 -1028.00 1
5383 -3.97 88.42 14.54 -275.00 -18.00 416.00 515.00 -244.00 -1028.00 1
5393 6.12 76.10 14.05 -199.00 33.00 323.00 565.00 -248.00 -1061.00 1
5403 9.11 29.43 6.05 -128.00 32.00 251.00 565.00 -248.00 -1061.00 0
5412 -1.11 8.35 2.92 -95.00 -6.00 194.00 565.00 -248.00 -1061.00 0
5422 -9.46 -7.51 1.46 -97.00 -40.00 173.00 565.00 -248.00 -1061.00 0
5431 -14.47 -18.64 1.39 -93.00 -42.00 176.00 565.00 -248.00 -1061.00 0
5440 -15.10 -26.09 0.77 -69.00 -39.00 181.00 565.00 -248.00 -1061.00 0
5449 -12.73 -30.26 -1.04 -73.00 -13.00 183.00 565.00 -248.00 -1061.00 0
5458 -5.36 -32.35 -2.64 -75.00 -14.00 178.00 543.00 -243.00 -950.00 0
5468 -2.92 -30.75 -2.09 -85.00 -4.00 191.00 543.00 -243.00 -950.00 0
5477 -1.74 -27.69 -2.85 -91.00 -21.00 196.00 543.00 -243.00 -950.00 0
5486 -3.41 -23.93 -4.66 -98.00 -22.00 208.00 543.00 -243.00 -950.00 0
5495 -4.38 -19.90 -5.50 -110.00 -15.00 219.00 543.00 -243.00 -950.00 0
5505 -3.62 -16.63 -5.36 -109.00 -16.00 222.00 543.00 -243.00 -950.00 0
5515 -2.78 -12.80 -5.50 -107.00 -20.00 220.00 543.00 -243.00 -950.00 0
5524 -2.50 -12.03 -5.77 -108.00 -20.00 228.00 541.00 -242.00 -1085.00 0
5533 -1.88 -11.34 -5.70 -104.00 -18.00 222.00 541.00 -242.00 -1085.00 0
5542 -1.11 -10.92 -5.50 -99.00 -12.00 217.00 541.00 -242.00 -1085.00 0
5552 -0.56 -10.99 -5.15 -98.00 -10.00 217.00 541.00 -242.00 -1085.00 0
5561 -0.07 -10.99 -4.59 -90.00 -4.00 216.00 541.00 -242.00 -1085.00 0
5570 0.56 -11.27 -3.34 -90.00 -6.00 205.00 541.00 -242.00 -1085.00 0
5579 0.07 -11.06 -2.71 -89.00 -12.00 203.00 541.00 -242.00 -1085.00 0
5588 -0.35 -10.43 -2.02 -92.00 -10.00 206.00 533.00 -240.00 -1169.00 0
5598 -0.63 -9.39 -1.81 -96.00 -10.00 214.00 533.00 -240.00 -1169.00 0
5607 -1.11 -8.14 -1.81 -98.00 -9.00 218.00 533.00 -240.00 -1169.00 0
5616 -1.60 -6.96 -1.81 -96.00 -17.00 223.00 533.00 -240.00 -1169.00 0
5625 -2.85 -5.77 -1.67 -99.00 -19.00 218.00 533.00 -240.00 -1169.00 0
5635 -3.34 -5.57 -1.60 -103.00 -20.00 222.00 533.00 -240.00 -1169.00 0
5644 -3.48 -5.63 -1.53 -101.00 -21.00 222.00 533.00 -240.00 -1169.00 0
5653 -3.41 -5.84 -1.39 -101.00 -16.00 223.00 533.00 -240.00 -1013.00 0
5662 -3.06 -6.19 -1.39 -100.00 -10.00 219.00 535.00 -240.00 -1013.00 0
5671 -2.85 -6.82 -1.39 -97.00 -13.00 219.00 535.00 -240.00 -1013.00 0
5681 -3.06 -8.00 -1.74 -93.00 -13.00 220.00 535.00 -240.00 -1013.00 0
5690 -3.06 -8.49 -1.88 -93.00 -13.00 218.00 535.00 -240.00 -1013.00 0
5699 -3.20 -8.77 -1.67 -89.00 -14.00 207.00 535.00 -240.00 -1013.00 0
5708 -3.06 -8.83 -1.18 -83.00 -8.00 215.00 535.00 -240.00 -1013.00 0
5718 -2.64 -8.90 -0.77 -88.00 -11.00 213.00 535.00 -240.00 -1013.00 0
5727 -2.43 -8.42 -0.49 -88.00 -11.00 208.00 535.00 -240.00 -1013.00 0
5736 -2.78 -7.86 -0.28 -95.00 -15.00 216.00 535.00 -240.00 -1013.00 0
5745 -3.55 -6.47 -0.63 -94.00 -20.00 219.00 535.00 -240.00 -1013.00 0
5754 -3.97 -5.98 -0.97 -100.00 -21.00 224.00 535.00 -240.00 -1013.00 0
5764 -3.97 -5.57 -1.25 -100.00 -22.00 224.00 535.00 -240.00 -1013.00 0
5773 -4.03 -5.29 -1.74 -104.00 -16.00 222.00 535.00 -240.00 -1013.00 0
5782 -4.03 -5.29 -2.23 -97.00 -15.00 224.00 535.00 -240.00 -1013.00 0
5791 -3.76 -5.63 -2.78 -90.00 -15.00 220.00 526.00 -239.00 -1048.00 0
5800 -2.92 -6.68 -2.99 -89.00 -11.00 212.00 526.00 -239.00 -1048.00 0
5810 -2.57 -6.96 -3.20 -86.00 -4.00 204.00 526.00 -239.00 -1048.00 0
5819 -2.23 -6.96 -3.20 -81.00 -9.00 214.00 526.00 -239.00 -1048.00 0
5828 -2.16 -6.61 -3.13 -83.00 -8.00 212.00 526.00 -239.00 -1048.00 0
5837 -2.30 -6.05 -2.99 -85.00 -8.00 216.00 526.00 -239.00 -1048.00 0
5847 -2.50 -5.29 -2.85 -92.00 -11.00 221.00 526.00 -239.00 -1048.00 0
5856 -3.83 -4.10 -2.85 -97.00 -21.00 227.00 526.00 -239.00 -1048.00 0
5865 -4.66 -3.69 -3.06 -102.00 -22.00 229.00 526.00 -239.00 -1048.00 0
5874 -5.43 -3.69 -3.69 -98.00 -25.00 225.00 526.00 -239.00 -1048.00 0
5883 -6.12 -3.90 -4.66 -97.00 -31.00 220.00 526.00 -239.00 -1048.00 0
5893 -7.03 -4.03 -5.98 -98.00 -34.00 217.00 526.00 -239.00 -1048.00 0
5902 -7.65 -4.24 -7.44 -92.00 -20.00 211.00 526.00 -239.00 -1048.00 0
5911 -5.98 -4.87 -9.25 -87.00 -15.00 214.00 526.00 -239.00 -1048.00 0
5920 -4.31 -5.08 -9.39 -83.00 -7.00 210.00 526.00 -239.00 -1048.00 0
5929 -2.99 -5.01 -9.04 -82.00 -10.00 215.00 526.00 -239.00 -1048.00 0
5939 -2.09 -4.94 -8.49 -87.00 -4.00 214.00 526.00 -239.00 -1048.00 0
5948 -1.32 -4.80 -7.79 -84.00 -2.00 220.00 526.00 -239.00 -1048.00 0
5957 -0.70 -4.38 -7.10 -90.00 1.00 226.00 526.00 -239.00 -1048.00 0
5965 -0.97 -3.48 -6.19 -95.00 1.00 227.00 526.00 -239.00 -1048.00 0
5975 -2.30 -3.34 -5.91 -93.00 -8.00 228.00 526.00 -239.00 -1048.00 0
5984 -4.03 -3.62 -5.70 -92.00 -17.00 222.00 524.00 -233.00 -1087.00 0
5993 -5.29 -4.17 -5.36 -88.00 -19.00 216.00 524.00 -233.00 -1087.00 0
6002 -5.98 -4.80 -4.87 -89.00 -20.00 215.00 524.00 -233.00 -1087.00 0
6011 -6.26 -5.36 -4.45 -83.00 -20.00 211.00 524.00 -233.00 -1087.00 0
6021 -6.61 -5.50 -4.03 -88.00 -22.00 214.00 524.00 -233.00 -1087.00 0
6030 -6.89 -4.94 -3.62 -89.00 -30.00 218.00 524.00 -233.00 -1087.00 0
6039 -6.33 -4.03 -3.27 -85.00 -20.00 220.00 524.00 -233.00 -1087.00 0
6048 -5.08 -2.92 -3.06 -83.00 -10.00 216.00 522.00 -230.00 -987.00 0
6057 -3.97 -1.81 -2.85 -80.00 -10.00 214.00 522.00 -230.00 -987.00 0
6067 -3.48 -0.77 -2.85 -78.00 -17.00 211.00 522.00 -230.00 -987.00 0
6076 -3.41 0.28 -2.92 -83.00 -14.00 213.00 522.00 -230.00 -987.00 0
6085 -3.48 2.78 -3.13 -89.00 -15.00 219.00 522.00 -230.00 -987.00 0
6094 -3.55 3.97 -3.34 -93.00 -14.00 230.00 522.00 -230.00 -987.00 0
6104 -3.76 4.80 -3.76 -95.00 -16.00 229.00 522.00 -230.00 -987.00 0
6113 -4.17 5.08 -4.03 -102.00 -27.00 231.00 523.00 -230.00 -1016.00 0
6122 -4.52 5.15 -3.97 -101.00 -16.00 230.00 523.00 -230.00 -1016.00 0
6131 -4.17 4.73 -3.76 -96.00 -14.00 223.00 523.00 -230.00 -1016.00 0
6140 -2.92 3.13 -2.64 -90.00 -18.00 217.00 523.00 -230.00 -1016.00 0
6150 -2.71 2.57 -2.23 -82.00 -16.00 212.00 523.00 -230.00 -1016.00 0
6159 -2.64 2.37 -2.09 -78.00 -12.00 210.00 523.00 -230.00 -1016.00 0
6168 -2.64 2.57 -1.95 -76.00 -6.00 204.00 523.00 -230.00 -1016.00 0
6177 -2.85 3.20 -1.81 -76.00 -1.00 201.00 523.00 -230.00 -1016.00 0
6187 -3.20 4.31 -1.60 -79.00 -8.00 202.00 523.00 -230.00 -1016.00 0
6196 -4.10 7.51 -0.56 -77.00 -15.00 196.00 523.00 -230.00 -1016.00 0
6205 -4.59 9.88 0.42 -74.00 -24.00 192.00 523.00 -230.00 -1016.00 0
6214 -3.97 12.94 1.74 -57.00 -6.00 176.00 523.00 -230.00 -1016.00 0
6223 -2.71 16.77 3.06 -44.00 17.00 162.00 523.00 -230.00 -1016.00 0
6233 -2.99 21.77 3.90 -42.00 17.00 155.00 523.00 -230.00 -1016.00 0
6242 -5.57 28.66 4.87 -49.00 9.00 153.00 523.00 -230.00 -1016.00 0
6251 -14.61 46.61 8.35 -66.00 -3.00 165.00 523.00 -230.00 -1016.00 1
6261 -19.69 57.18 11.34 -128.00 -6.00 216.00 523.00 -230.00 -1016.00 1
6272 -21.50 66.92 15.17 -269.00 -135.00 317.00 523.00 -230.00 -1016.00 1
6282 -21.08 74.16 18.23 -288.00 -118.00 400.00 523.00 -230.00 -1016.00 1
6292 -0.56 64.70 21.08 -235.00 -22.00 357.00 523.00 -230.00 -1016.00 1
6302 9.04 48.21 18.64 -162.00 28.00 248.00 523.00 -230.00 -1016.00 1
6311 10.92 27.76 13.43 -105.00 21.00 212.00 562.00 -243.00 -1001.00 1
6322 7.79 9.11 3.83 -105.00 -17.00 189.00 562.00 -243.00 -1001.00 0
6331 -2.71 -13.36 1.88 -104.00 -13.00 205.00 562.00 -243.00 -1001.00 0
6341 -2.99 -21.77 0.77 -94.00 -2.00 204.00 562.00 -243.00 -1001.00 0
6350 -2.43 -28.59 -1.11 -76.00 -3.00 192.00 562.00 -243.00 -1001.00 0
6360 -2.64 -33.88 -4.17 -80.00 -9.00 190.00 562.00 -243.00 -1001.00 0
6369 -3.83 -37.15 -7.10 -88.00 -24.00 194.00 562.00 -243.00 -1001.00 0
6378 -4.87 -36.17 -7.58 -99.00 -27.00 203.00 542.00 -237.00 -1115.00 0
6387 -3.34 -34.37 -6.68 -98.00 -24.00 201.00 542.00 -237.00 -1115.00 0
6396 -2.78 -31.86 -6.61 -95.00 -30.00 199.00 542.00 -237.00 -1115.00 0
6406 -2.78 -28.94 -6.75 -96.00 -26.00 204.00 542.00 -237.00 -1115.00 0
6415 -2.23 -25.81 -6.40 -94.00 -18.00 208.00 542.00 -237.00 -1115.00 0
6424 -1.46 -22.82 -6.05 -87.00 -13.00 203.00 542.00 -237.00 -1115.00 0
6433 -0.83 -17.74 -5.43 -81.00 -15.00 206.00 542.00 -237.00 -1115.00 0
6443 -0.42 -15.23 -5.01 -84.00 -8.00 204.00 536.00 -238.00 -1059.00 0
6452 0.07 -12.94 -4.66 -86.00 -6.00 215.00 536.00 -238.00 -1059.00 0
6461 0.56 -10.92 -4.59 -92.00 -1.00 216.00 536.00 -238.00 -1059.00 0
6470 0.56 -9.39 -4.59 -96.00 -3.00 222.00 536.00 -238.00 -1059.00 0
6479 0.21 -8.28 -4.59 -103.00 -11.00 220.00 536.00 -238.00 -1059.00 0
6489 -0.77 -6.82 -4.52 -109.00 -26.00 228.00 536.00 -238.00 -1059.00 0
6498 -2.85 -6.89 -4.45 -109.00 -26.00 223.00 536.00 -238.00 -1059.00 0
6507 -2.92 -7.37 -4.38 -104.00 -23.00 221.00 537.00 -238.00 -1102.00 0
6516 -2.23 -8.21 -4.59 -95.00 -18.00 221.00 537.00 -238.00 -1102.00 0
6525 -1.25 -9.18 -4.80 -91.00 -14.00 214.00 537.00 -238.00 -1102.00 0
6535 -0.42 -10.09 -4.87 -84.00 -14.00 210.00 537.00 -238.00 -1102.00 0
6544 -0.21 -10.78 -5.22 -88.00 -13.00 205.00 537.00 -238.00 -1102.00 0
6553 -0.21 -10.30 -5.22 -90.00 -11.00 208.00 537.00 -238.00 -1102.00 0
6562 -0.07 -9.32 -5.29 -89.00 -11.00 215.00 537.00 -238.00 -1102.00 0
6572 -0.14 -8.07 -5.50 -91.00 -8.00 221.00 537.00 -237.00 -1139.00 0
6581 -0.42 -6.89 -5.63 -96.00 -6.00 219.00 531.00 -237.00 -1139.00 0
6590 -0.70 -6.26 -5.43 -97.00 -13.00 220.00 531.00 -237.00 -1139.00 0
6599 -1.04 -6.05 -4.59 -102.00 -21.00 222.00 531.00 -237.00 -1139.00 0
6608 -1.67 -5.84 -4.45 -101.00 -17.00 228.00 531.00 -237.00 -1139.00 0
6618 -1.32 -6.54 -4.45 -97.00 -15.00 226.00 531.00 -237.00 -1139.00 0
6627 -0.83 -7.72 -4.80 -97.00 -13.00 218.00 531.00 -237.00 -1139.00 0
6636 -0.63 -8.56 -5.43 -95.00 -13.00 217.00 531.00 -237.00 -1139.00 0
6645 -0.83 -9.46 -6.19 -83.00 -15.00 218.00 531.00 -237.00 -1139.00 0
6654 -1.04 -10.30 -7.37 -91.00 -18.00 211.00 531.00 -237.00 -1139.00 0
6664 -1.60 -11.06 -7.65 -87.00 -12.00 214.00 531.00 -237.00 -1139.00 0
6673 -1.67 -11.13 -7.93 -90.00 -11.00 210.00 531.00 -237.00 -1139.00 0
6682 -1.74 -10.85 -8.14 -86.00 -4.00 220.00 531.00 -237.00 -1139.00 0
6691 -1.67 -10.57 -8.42 -84.00 -5.00 214.00 531.00 -237.00 -1139.00 0
6701 -1.74 -9.74 -8.35 -81.00 -7.00 219.00 531.00 -237.00 -1139.00 0
6710 -1.74 -8.77 -7.65 -84.00 -4.00 212.00 531.00 -237.00 -1139.00 0
6719 -1.53 -6.82 -5.50 -82.00 -4.00 212.00 531.00 -237.00 -1139.00 0
6728 -1.88 -5.70 -4.66 -86.00 -6.00 219.00 531.00 -237.00 -1139.00 0
6737 -2.23 -4.52 -3.90 -95.00 -12.00 227.00 531.00 -237.00 -1139.00 0
6747 -2.64 -3.62 -3.27 -90.00 -10.00 222.00 531.00 -237.00 -1139.00 0
6756 -2.78 -3.41 -2.85 -90.00 -15.00 219.00 531.00 -237.00 -1139.00 0
6765 -3.13 -3.34 -2.43 -90.00 -18.00 221.00 531.00 -237.00 -1139.00 0
6774 -3.90 -3.06 -1.95 -91.00 -19.00 224.00 531.00 -237.00 -1139.00 0
6784 -4.03 -2.85 -1.88 -91.00 -17.00 219.00 531.00 -237.00 -1139.00 0
6793 -4.17 -2.71 -1.95 -86.00 -16.00 216.00 531.00 -237.00 -1139.00 0
6802 -4.17 -2.50 -1.95 -84.00 -15.00 218.00 531.00 -237.00 -1139.00 0
6811 -3.76 -2.30 -1.95 -84.00 -11.00 221.00 531.00 -237.00 -1139.00 0
6820 -3.41 -1.81 -1.74 -91.00 -12.00 223.00 531.00 -237.00 -1139.00 0
6830 -3.27 -1.39 -1.46 -92.00 -9.00 226.00 531.00 -237.00 -1139.00 0
6839 -3.27 -1.60 -1.39 -95.00 -11.00 230.00 531.00 -237.00 -1139.00 0
6848 -3.55 -2.02 -1.18 -93.00 -9.00 225.00 531.00 -237.00 -1139.00 0
6857 -3.83 -2.43 -1.04 -98.00 -16.00 222.00 531.00 -237.00 -1139.00 0
6866 -4.24 -2.92 -0.97 -92.00 -20.00 224.00 531.00 -237.00 -1139.00 0
6876 -4.52 -3.55 -1.11 -85.00 -22.00 214.00 531.00 -237.00 -1139.00 0
6885 -4.10 -4.24 -1.25 -81.00 -13.00 206.00 531.00 -237.00 -1139.00 0
6894 -3.55 -4.10 -0.97 -81.00 -13.00 209.00 531.00 -237.00 -1139.00 0
6903 -3.55 -3.69 -0.97 -83.00 -8.00 212.00 520.00 -233.00 -851.00 0
6913 -3.55 -3.06 -1.04 -85.00 -5.00 218.00 520.00 -233.00 -851.00 0
6922 -3.34 -2.43 -0.83 -88.00 -1.00 221.00 520.00 -233.00 -851.00 0
6931 -3.34 -1.95 -0.49 -89.00 -9.00 223.00 520.00 -233.00 -851.00 0
6940 -3.62 -1.74 0.00 -94.00 -17.00 224.00 520.00 -233.00 -851.00 0
6949 -4.80 -1.81 0.70 -89.00 -22.00 228.00 520.00 -233.00 -851.00 0
6959 -4.87 -2.43 0.56 -92.00 -23.00 222.00 520.00 -233.00 -851.00 0
6968 -4.94 -3.13 0.28 -81.00 -22.00 212.00 519.00 -232.00 -1211.00 0
6977 -5.08 -3.69 -0.28 -87.00 -20.00 214.00 519.00 -232.00 -1211.00 0
6986 -4.80 -3.76 -0.70 -80.00 -17.00 216.00 519.00 -232.00 -1211.00 0
6994 -4.52 -3.41 -1.04 -77.00 -16.00 213.00 519.00 -232.00 -1211.00 0
7004 -3.34 -2.37 -1.46 -77.00 -15.00 208.00 519.00 -232.00 -1211.00 0
7013 -2.71 -1.60 -1.53 -75.00 -10.00 204.00 519.00 -232.00 -1211.00 0
7022 -2.30 -0.70 -1.67 -73.00 -2.00 201.00 519.00 -232.00 -1211.00 0
7031 -2.23 0.35 -1.95 -65.00 0.00 201.00 521.00 -232.00 -1035.00 0
7041 -2.71 1.60 -2.50 -66.00 1.00 201.00 521.00 -232.00 -1035.00 0
7050 -3.55 3.06 -2.99 -65.00 -2.00 202.00 521.00 -232.00 -1035.00 0
7059 -4.52 6.68 -2.99 -69.00 -1.00 196.00 521.00 -232.00 -1035.00 0
7068 -5.98 9.18 -2.37 -52.00 13.00 187.00 521.00 -232.00 -1035.00 0
7077 -5.77 12.10 -0.90 -39.00 26.00 169.00 521.00 -232.00 -1035.00 0
7087 -5.77 16.21 1.67 -32.00 27.00 141.00 521.00 -232.00 -1035.00 0
7096 -7.79 21.91 4.94 -13.00 30.00 127.00 521.00 -232.00 -1035.00 0
7105 -11.90 30.05 7.72 -28.00 21.00 114.00 521.00 -232.00 -1035.00 1
7115 -23.37 53.84 13.15 -66.00 30.00 131.00 521.00 -232.00 -1035.00 1
7126 -27.13 68.80 18.37 -160.00 -25.00 188.00 521.00 -232.00 -1035.00 1
7137 -27.62 82.99 26.64 -344.00 -156.00 425.00 521.00 -232.00 -1035.00 1
7147 -12.94 94.19 38.26 -363.00 -144.00 498.00 521.00 -232.00 -1035.00 1
7157 -2.78 83.90 34.78 -281.00 -15.00 394.00 521.00 -232.00 -1035.00 1
7168 4.31 61.15 25.46 -154.00 37.00 279.00 521.00 -232.00 -1035.00 1
7179 1.53 5.29 9.74 -100.00 21.00 190.00 521.00 -232.00 -1035.00 1
7188 -4.94 -11.34 6.26 -81.00 -29.00 148.00 521.00 -232.00 -1035.00 0
7198 -12.59 -22.96 3.13 -64.00 -41.00 147.00 521.00 -232.00 -1035.00 0
7207 -16.00 -30.54 0.14 -55.00 -31.00 161.00 521.00 -232.00 -1035.00 0
7217 -15.23 -34.50 -1.46 -69.00 -17.00 169.00 521.00 -232.00 -1035.00 0
7226 -11.97 -33.04 -3.83 -75.00 -17.00 193.00 521.00 -232.00 -1035.00 0
7235 -7.30 -29.98 -5.22 -93.00 -16.00 207.00 521.00 -232.00 -1035.00 0
7244 -5.91 -26.23 -5.98 -106.00 -16.00 226.00 521.00 -232.00 -1035.00 0
7254 -4.45 -22.89 -6.54 -114.00 -15.00 228.00 521.00 -232.00 -1035.00 0
7263 -3.69 -19.62 -7.03 -113.00 -22.00 226.00 521.00 -232.00 -1035.00 0
7272 -3.48 -17.53 -6.82 -112.00 -25.00 223.00 521.00 -232.00 -1035.00 0
7281 -2.30 -15.30 -4.38 -112.00 -24.00 219.00 521.00 -232.00 -1035.00 0
7291 -1.81 -14.89 -4.10 -98.00 -21.00 210.00 521.00 -232.00 -1035.00 0
7301 -1.18 -14.82 -4.45 -93.00 -11.00 205.00 521.00 -232.00 -1035.00 0
7310 -0.07 -14.54 -4.38 -85.00 -10.00 207.00 521.00 -232.00 -1035.00 0
7319 0.70 -13.70 -3.97 -83.00 -12.00 200.00 521.00 -232.00 -1035.00 0
7328 0.83 -12.38 -3.62 -90.00 -16.00 205.00 521.00 -232.00 -1035.00 0
7337 0.35 -9.11 -3.69 -94.00 -12.00 216.00 521.00 -232.00 -1035.00 0
7347 0.35 -7.58 -3.97 -98.00 -8.00 215.00 521.00 -232.00 -1035.00 0
7356 0.35 -6.61 -3.97 -98.00 0.00 217.00 521.00 -232.00 -1035.00 0
7365 0.28 -6.26 -3.69 -107.00 -18.00 220.00 521.00 -232.00 -1035.00 0
7374 -0.83 -6.19 -3.55 -110.00 -31.00 220.00 521.00 -232.00 -1035.00 0
7384 -2.23 -6.19 -3.55 -107.00 -26.00 222.00 521.00 -232.00 -1035.00 0
7393 -1.18 -6.89 -4.10 -99.00 -13.00 224.00 521.00 -232.00 -1035.00 0
7402 -0.35 -7.44 -4.38 -97.00 -14.00 218.00 521.00 -232.00 -1035.00 0
7411 -0.21 -7.86 -4.59 -95.00 -20.00 207.00 521.00 -232.00 -1035.00 0
7420 -0.42 -8.07 -4.66 -91.00 -15.00 208.00 521.00 -232.00 -1035.00 0
7430 -0.49 -8.35 -4.87 -90.00 -8.00 202.00 521.00 -232.00 -1035.00 0
7439 -0.70 -8.14 -5.08 -94.00 -10.00 212.00 521.00 -232.00 -1035.00 0
7448 -0.70 -7.51 -4.87 -98.00 -10.00 217.00 521.00 -232.00 -1035.00 0
7457 -1.39 -7.03 -4.66 -100.00 -19.00 223.00 521.00 -232.00 -1035.00 0
7467 -1.74 -6.82 -4.52 -107.00 -19.00 222.00 521.00 -232.00 -1035.00 0
7476 -1.67 -6.89 -4.59 -102.00 -21.00 223.00 521.00 -232.00 -1035.00 0
7485 -1.25 -7.23 -4.73 -97.00 -12.00 220.00 521.00 -232.00 -1035.00 0
7494 -0.77 -7.65 -4.94 -93.00 -8.00 216.00 536.00 -240.00 -1125.00 0
7503 -0.56 -8.07 -5.29 -89.00 -7.00 211.00 536.00 -240.00 -1125.00 0
7513 -0.90 -8.14 -5.08 -85.00 -8.00 211.00 536.00 -240.00 -1125.00 0
7522 -1.25 -8.00 -4.59 -87.00 -9.00 210.00 536.00 -240.00 -1125.00 0
7531 -1.53 -7.65 -4.03 -95.00 -14.00 216.00 536.00 -240.00 -1125.00 0
7539 -2.09 -7.10 -3.83 -95.00 -22.00 223.00 536.00 -240.00 -1125.00 0
7548 -2.78 -6.89 -4.03 -99.00 -18.00 223.00 536.00 -240.00 -1125.00 0
7558 -3.20 -7.03 -4.24 -95.00 -11.00 216.00 528.00 -238.00 -999.00 0
7567 -3.06 -7.44 -4.45 -91.00 -13.00 212.00 528.00 -238.00 -999.00 0
7576 -3.34 -7.44 -4.59 -93.00 -16.00 218.00 528.00 -238.00 -999.00 0
7585 -3.48 -7.44 -4.66 -92.00 -16.00 217.00 528.00 -238.00 -999.00 0
7595 -3.34 -7.58 -4.73 -90.00 -13.00 215.00 528.00 -238.00 -999.00 0
7604 -3.06 -7.86 -4.87 -89.00 -12.00 214.00 528.00 -238.00 -999.00 0
7613 -2.99 -8.07 -5.15 -89.00 -9.00 214.00 528.00 -238.00 -999.00 0
7622 -2.92 -7.37 -5.36 -90.00 -12.00 219.00 529.00 -237.00 -1085.00 0
7631 -2.92 -6.96 -5.22 -88.00 -7.00 210.00 529.00 -237.00 -1085.00 0
7641 -2.99 -6.26 -4.94 -86.00 -11.00 215.00 529.00 -237.00 -1085.00 0
7650 -3.06 -5.43 -4.52 -87.00 -14.00 214.00 529.00 -237.00 -1085.00 0
7659 -3.20 -4.45 -4.03 -90.00 -14.00 219.00 529.00 -237.00 -1085.00 0
7668 -3.48 -3.55 -3.69 -94.00 -14.00 224.00 529.00 -237.00 -1085.00 0
7677 -3.97 -2.57 -3.62 -92.00 -11.00 221.00 529.00 -237.00 -1085.00 0
7687 -4.66 -2.43 -3.48 -93.00 -19.00 227.00 529.00 -237.00 -1085.00 0
7696 -4.66 -2.43 -3.20 -93.00 -17.00 221.00 529.00 -237.00 -1085.00 0
7705 -4.45 -2.50 -2.92 -93.00 -22.00 219.00 529.00 -237.00 -1085.00 0
7714 -4.38 -2.50 -2.78 -92.00 -19.00 215.00 529.00 -237.00 -1085.00 0
7724 -4.17 -2.43 -2.64 -90.00 -14.00 212.00 529.00 -237.00 -1085.00 0
7733 -3.55 -2.16 -2.57 -92.00 -14.00 217.00 529.00 -237.00 -1085.00 0
7742 -2.92 -1.81 -2.64 -91.00 -16.00 220.00 529.00 -237.00 -1085.00 0
7751 -2.85 -1.60 -2.78 -89.00 -13.00 219.00 529.00 -237.00 -1085.00 0
7760 -2.71 -1.53 -2.99 -83.00 -8.00 210.00 529.00 -237.00 -1085.00 0
7770 -2.64 -1.39 -3.06 -87.00 -12.00 216.00 529.00 -237.00 -1085.00 0
7779 -2.64 -1.25 -3.06 -87.00 -12.00 217.00 529.00 -237.00 -1085.00 0
7788 -3.06 -0.97 -3.48 -94.00 -10.00 221.00 529.00 -237.00 -1085.00 0
7797 -3.97 -0.49 -3.48 -96.00 -22.00 228.00 529.00 -237.00 -1085.00 0
7806 -4.38 -0.21 -3.48 -98.00 -19.00 228.00 529.00 -237.00 -1085.00 0
7816 -4.31 -0.28 -3.34 -91.00 -12.00 218.00 529.00 -237.00 -1085.00 0
7825 -3.76 -0.70 -2.85 -83.00 -15.00 211.00 529.00 -237.00 -1085.00 0
7834 -3.41 -1.04 -2.37 -79.00 -12.00 209.00 529.00 -237.00 -1085.00 0
7843 -3.34 -1.11 -2.09 -69.00 -7.00 198.00 529.00 -237.00 -1085.00 0
7853 -3.13 -0.07 -1.60 -66.00 0.00 195.00 529.00 -237.00 -1085.00 0
7862 -3.48 1.18 -1.25 -63.00 6.00 200.00 529.00 -237.00 -1085.00 0
7871 -4.10 2.71 -0.83 -60.00 21.00 203.00 529.00 -237.00 -1085.00 0
7880 -5.29 4.24 -0.35 -53.00 32.00 190.00 529.00 -237.00 -1085.00 0
7889 -7.37 5.22 0.49 -47.00 28.00 179.00 529.00 -237.00 -1085.00 0
7899 -9.81 5.98 2.23 -38.00 19.00 168.00 529.00 -237.00 -1085.00 0
7908 -17.04 12.94 7.44 -28.00 27.00 150.00 529.00 -237.00 -1085.00 0
7917 -20.73 19.76 10.43 -34.00 9.00 137.00 529.00 -237.00 -1085.00 0
7926 -25.95 29.50 14.05 -56.00 -20.00 133.00 529.00 -237.00 -1085.00 0
7936 -33.46 42.30 16.83 -101.00 -60.00 165.00 529.00 -237.00 -1085.00 1
7947 -41.18 56.77 17.95 -193.00 -29.00 251.00 529.00 -237.00 -1085.00 1
7957 -44.45 75.97 16.90 -278.00 -150.00 362.00 529.00 -237.00 -1085.00 1
7968 -41.95 78.40 15.79 -332.00 -166.00 454.00 529.00 -237.00 -1085.00 1
7979 -30.54 60.03 13.43 -215.00 -7.00 348.00 529.00 -237.00 -1085.00 1
7990 -1.53 37.15 11.69 -106.00 28.00 196.00 529.00 -237.00 -1085.00 1
8000 -0.97 15.30 9.32 -88.00 -38.00 136.00 529.00 -237.00 -1085.00 1
8010 -6.68 0.70 8.28 -79.00 -42.00 153.00 529.00 -237.00 -1085.00 0
8019 -7.93 -14.40 6.82 -85.00 -9.00 193.00 558.00 -240.00 -941.00 0
8029 -4.24 -16.42 5.36 -87.00 1.00 205.00 558.00 -240.00 -941.00 0
8038 -1.95 -17.11 3.41 -94.00 -13.00 200.00 558.00 -240.00 -941.00 0
8047 -1.60 -16.97 1.39 -108.00 -9.00 215.00 558.00 -240.00 -941.00 0
8056 -1.18 -16.00 0.00 -114.00 -12.00 235.00 558.00 -240.00 -941.00 0
8066 -0.70 -14.89 -1.04 -129.00 -25.00 229.00 558.00 -240.00 -941.00 0
8075 -2.30 -14.40 -1.88 -121.00 -32.00 228.00 558.00 -240.00 -941.00 0
8084 -2.37 -15.65 -1.53 -120.00 -33.00 220.00 550.00 -239.00 -1022.00 0
8093 -2.23 -16.90 -1.18 -123.00 -37.00 215.00 550.00 -239.00 -1022.00 0
8102 -2.09 -18.02 -1.11 -113.00 -34.00 205.00 550.00 -239.00 -1022.00 0
8112 -1.53 -18.99 -1.32 -114.00 -22.00 202.00 550.00 -239.00 -1022.00 0
8121 -0.35 -19.62 -1.32 -107.00 -24.00 198.00 550.00 -239.00 -1022.00 0
8130 1.53 -19.62 -1.25 -100.00 -21.00 195.00 550.00 -239.00 -1022.00 0
8139 2.37 -18.57 -0.97 -98.00 -22.00 204.00 550.00 -239.00 -1022.00 0
8148 3.20 -17.04 -0.42 -103.00 -18.00 217.00 542.00 -246.00 -1208.00 0
8158 4.24 -15.58 0.21 -104.00 -15.00 226.00 542.00 -246.00 -1208.00 0
8167 5.70 -14.68 0.83 -100.00 -4.00 218.00 542.00 -246.00 -1208.00 0
8176 6.47 -14.12 1.60 -101.00 1.00 214.00 542.00 -246.00 -1208.00 0
8186 7.79 -13.29 2.78 -106.00 3.00 215.00 542.00 -246.00 -1208.00 0
8196 8.56 -12.31 4.31 -114.00 5.00 223.00 542.00 -246.00 -1208.00 0
8205 9.53 -11.97 6.19 -104.00 11.00 226.00 542.00 -246.00 -1208.00 0
8214 10.78 -13.08 8.07 -98.00 6.00 220.00 537.00 -256.00 -1112.00 0
8223 10.99 -13.91 10.16 -98.00 10.00 218.00 537.00 -256.00 -1112.00 0
8232 10.37 -13.84 15.23 -97.00 1.00 214.00 537.00 -256.00 -1112.00 0
8242 8.07 -13.15 17.81 -101.00 1.00 211.00 537.00 -256.00 -1112.00 0
8251 7.03 -12.45 19.97 -91.00 0.00 212.00 537.00 -256.00 -1112.00 0
8260 5.63 -11.97 21.43 -105.00 1.00 216.00 537.00 -256.00 -1112.00 0
8269 4.66 -11.13 22.82 -101.00 1.00 232.00 537.00 -256.00 -1112.00 0
8279 4.52 -10.02 24.35 -105.00 0.00 234.00 531.00 -272.00 -1155.00 0
8288 3.97 -8.77 26.50 -108.00 2.00 233.00 531.00 -272.00 -1155.00 0
8297 3.83 -9.18 27.27 -94.00 13.00 233.00 531.00 -272.00 -1155.00 0
8306 3.69 -10.30 28.59 -88.00 20.00 230.00 531.00 -272.00 -1155.00 0
8315 3.27 -12.10 30.82 -73.00 30.00 224.00 531.00 -272.00 -1155.00 0
8325 2.43 -14.05 34.37 -93.00 37.00 216.00 531.00 -272.00 -1155.00 0
8335 1.32 -15.30 38.75 -97.00 49.00 222.00 531.00 -272.00 -1155.00 0
8344 0.70 -17.04 49.18 -100.00 57.00 236.00 531.00 -301.00 -1183.00 0
8353 -0.56 -18.23 54.89 -112.00 46.00 251.00 522.00 -301.00 -1183.00 0
8363 -4.73 -20.03 59.97 -112.00 35.00 246.00 522.00 -301.00 -1183.00 0
8372 -10.71 -23.30 64.00 -96.00 43.00 246.00 522.00 -301.00 -1183.00 0
8381 -16.49 -27.34 66.71 -81.00 56.00 232.00 522.00 -301.00 -1183.00 0
8390 -22.12 -31.37 69.29 -68.00 51.00 222.00 522.00 -301.00 -1183.00 0
8399 -35.13 -36.03 76.24 -68.00 28.00 207.00 522.00 -301.00 -1183.00 0
8409 -43.48 -35.48 79.23 -69.00 -3.00 206.00 266.00 -320.00 -1044.00 0
8419 -50.71 -33.04 81.60 -71.00 -20.00 207.00 499.00 -320.00 -1044.00 0
8428 -54.75 -29.29 83.76 -68.00 -13.00 211.00 499.00 -320.00 -1044.00 0
8437 -53.98 -25.88 85.63 -65.00 -10.00 208.00 499.00 -320.00 -1044.00 0
8446 -47.37 -18.37 88.77 -64.00 -14.00 212.00 499.00 -320.00 -1044.00 0
8456 -42.99 -14.75 89.46 -63.00 -9.00 211.00 499.00 -320.00 -1044.00 0
8465 -38.33 -11.20 89.88 -58.00 9.00 214.00 499.00 -320.00 -1044.00 0
8474 -34.09 -7.72 90.02 -55.00 32.00 219.00 499.00 -320.00 -1044.00 0
8483 -31.03 -3.76 90.37 -69.00 26.00 225.00 499.00 -320.00 -1044.00 0
8493 -31.23 0.97 91.55 -74.00 35.00 216.00 499.00 -320.00 -1044.00 0
8503 -39.79 8.14 94.26 -79.00 34.00 224.00 499.00 -320.00 -1044.00 0
8512 -46.68 9.95 96.90 -90.00 -19.00 218.00 499.00 -320.00 -1044.00 0
8521 -56.42 12.59 98.99 -116.00 -82.00 213.00 499.00 -320.00 -1044.00 0
8530 -65.60 16.35 99.20 -127.00 -98.00 232.00 499.00 -320.00 -1044.00 0
8540 -69.36 19.41 96.70 -124.00 -84.00 249.00 499.00 -320.00 -1044.00 0
8549 -67.76 20.31 84.52 -113.00 -63.00 246.00 499.00 -320.00 -1044.00 0
8558 -57.67 15.30 76.59 -102.00 -48.00 228.00 499.00 -320.00 -1044.00 0
8568 -53.15 11.55 68.73 -80.00 -42.00 210.00 499.00 -320.00 -1044.00 0
8578 -48.70 7.17 62.19 -86.00 -37.00 208.00 499.00 -320.00 -1044.00 0
8587 -44.24 3.06 57.25 -88.00 -36.00 194.00 499.00 -320.00 -1044.00 0
8596 -40.70 -0.83 53.01 -81.00 -7.00 193.00 499.00 -320.00 -1044.00 0
8605 -33.95 -6.05 45.70 -89.00 -45.00 204.00 499.00 -320.00 -1044.00 0
8614 -33.25 -5.91 42.30 -86.00 -37.00 197.00 499.00 -320.00 -1044.00 0
8624 -31.10 -5.29 38.33 -91.00 -30.00 204.00 499.00 -320.00 -1044.00 0
8633 -27.76 -3.62 34.92 -85.00 -43.00 204.00 499.00 -320.00 -1044.00 0
8642 -25.25 -0.77 31.44 -68.00 -28.00 203.00 499.00 -320.00 -1044.00 0
8651 -21.77 2.23 27.76 -67.00 -8.00 207.00 499.00 -320.00 -1044.00 0
8660 -14.33 7.51 22.33 -73.00 -26.00 209.00 499.00 -320.00 -1044.00 0
8670 -14.96 10.64 19.34 -76.00 -47.00 201.00 499.00 -320.00 -1044.00 0
8680 -15.86 13.77 16.00 -88.00 -26.00 218.00 499.00 -320.00 -1044.00 0
8689 -14.19 15.72 12.94 -102.00 -50.00 219.00 499.00 -320.00 -1044.00 0
8698 -12.80 16.14 10.09 -112.00 -59.00 208.00 499.00 -320.00 -1044.00 0
8708 -11.55 15.44 1.88 -105.00 -61.00 226.00 499.00 -320.00 -1044.00 0
8717 -4.52 13.08 -3.20 -100.00 -53.00 220.00 499.00 -320.00 -1044.00 0
8726 0.49 10.37 -8.49 -101.00 -37.00 204.00 499.00 -320.00 -1044.00 0
8735 5.01 7.93 -13.91 -131.00 7.00 211.00 499.00 -320.00 -1044.00 0
8744 9.11 6.75 -18.85 17.00 -30.00 182.00 499.00 -320.00 -1044.00 0
8754 2.37 2.23 -31.17 -113.00 -71.00 252.00 499.00 -320.00 -1044.00 0
8764 -25.67 -3.06 -49.60 -138.00 14.00 233.00 499.00 -320.00 -1044.00 0
8773 -18.50 -3.62 -43.41 -95.00 4.00 215.00 499.00 -320.00 -1044.00 0
8782 -10.78 -6.61 -40.21 -68.00 -39.00 193.00 499.00 -320.00 -1044.00 0
8792 -9.88 -8.21 -39.93 -85.00 -7.00 206.00 499.00 -320.00 -1044.00 0
8801 -9.46 -5.63 -37.36 -154.00 -104.00 231.00 499.00 -320.00 -1044.00 0
8810 -5.63 -1.18 -37.70 -113.00 -51.00 268.00 488.00 -339.00 -1022.00 0
8819 16.70 -0.28 -40.42 -115.00 -9.00 251.00 488.00 -339.00 -1022.00 0
8828 32.70 -3.13 -33.53 -95.00 -20.00 268.00 488.00 -339.00 -1022.00 0
8838 49.11 -5.84 -29.91 -66.00 -23.00 264.00 488.00 -339.00 -1022.00 0
8847 64.35 -4.73 -27.13 1.00 -32.00 208.00 488.00 -339.00 -1022.00 0
8856 76.38 3.55 -26.02 -228.00 -34.00 276.00 488.00 -339.00 -1022.00 0
8866 80.21 3.34 -23.79 -8.00 -36.00 235.00 488.00 -339.00 -1022.00 0
8876 76.87 0.00 -22.75 -59.00 -24.00 215.00 488.00 -339.00 -1022.00 0
8885 74.02 -0.21 -22.47 -34.00 -23.00 219.00 488.00 -339.00 -1022.00 0
8894 68.87 -3.83 -20.80 -55.00 -1.00 259.00 488.00 -339.00 -1022.00 0
8903 60.73 -10.43 -17.39 -35.00 17.00 255.00 488.00 -339.00 -1022.00 0
8912 52.03 -14.19 -15.51 -13.00 4.00 257.00 488.00 -339.00 -1022.00 0
8922 43.06 -14.26 -14.47 -48.00 58.00 233.00 488.00 -339.00 -1022.00 0
8931 27.97 -5.15 -11.97 -113.00 35.00 237.00 488.00 -339.00 -1022.00 0
8940 19.97 -4.94 -11.90 -73.00 21.00 236.00 488.00 -339.00 -1022.00 0
8949 13.50 -3.62 -10.85 -80.00 4.00 242.00 488.00 -339.00 -1022.00 0
8958 6.75 -4.45 -10.37 -73.00 -33.00 224.00 488.00 -339.00 -1022.00 0
8968 0.90 -7.37 -10.50 -41.00 -98.00 301.00 488.00 -339.00 -1022.00 0
8977 -3.41 -19.41 -13.70 -34.00 -41.00 246.00 488.00 -339.00 -1022.00 0
8986 -9.53 -16.49 -13.63 -18.00 -31.00 238.00 488.00 -339.00 -1022.00 0
8996 -13.98 -11.90 -12.94 -28.00 -20.00 233.00 488.00 -339.00 -1022.00 0
9006 -19.76 -9.11 -10.02 -36.00 -18.00 237.00 488.00 -339.00 -1022.00 0
9015 -24.42 -5.15 -6.54 -45.00 -2.00 226.00 488.00 -339.00 -1022.00 0
9024 -25.18 0.63 -3.13 -63.00 8.00 195.00 488.00 -339.00 -1022.00 0
9033 -14.68 7.51 4.80 -38.00 6.00 204.00 488.00 -339.00 -1022.00 0
9042 -7.93 8.42 11.27 -83.00 10.00 198.00 488.00 -339.00 -1022.00 0
9052 1.32 11.62 18.78 -71.00 13.00 192.00 488.00 -339.00 -1022.00 0
9061 10.23 12.38 19.55 -67.00 16.00 203.00 488.00 -339.00 -1022.00 0
9070 16.56 8.77 18.02 -65.00 6.00 215.00 501.00 -393.00 -1077.00 0
9079 20.94 5.57 15.23 -68.00 7.00 218.00 501.00 -393.00 -1077.00 0
9089 26.23 6.33 12.03 -73.00 7.00 216.00 501.00 -393.00 -1077.00 0
9098 25.39 6.68 9.04 -66.00 19.00 207.00 501.00 -393.00 -1077.00 0
9107 22.54 7.17 3.90 -64.00 31.00 195.00 501.00 -393.00 -1077.00 0
9116 16.97 8.63 -2.02 -75.00 32.00 195.00 501.00 -393.00 -1077.00 0
9125 9.46 10.85 -7.23 -86.00 30.00 204.00 501.00 -393.00 -1077.00 0
9135 1.67 12.17 -11.97 -102.00 10.00 216.00 515.00 -393.00 -1122.00 0
9144 -5.08 14.96 -20.52 -103.00 14.00 220.00 515.00 -393.00 -1122.00 0
9153 -0.90 17.04 -22.96 -95.00 15.00 215.00 515.00 -393.00 -1122.00 0
9162 4.87 19.69 -24.00 -92.00 14.00 220.00 515.00 -393.00 -1122.00 0
9171 9.46 23.23 -24.28 -98.00 9.00 224.00 515.00 -393.00 -1122.00 0
9181 12.03 27.69 -24.42 -91.00 -2.00 230.00 515.00 -393.00 -1122.00 0
9191 12.38 32.42 -24.28 -88.00 7.00 225.00 515.00 -393.00 -1122.00 0
9200 3.27 38.82 -25.25 -101.00 27.00 220.00 541.00 -393.00 -1135.00 0
9209 -9.46 41.04 -28.73 -125.00 33.00 221.00 541.00 -393.00 -1135.00 0
9219 -25.67 43.27 -34.02 -136.00 39.00 208.00 541.00 -393.00 -1135.00 0
9228 -41.74 46.05 -41.11 -129.00 28.00 197.00 541.00 -393.00 -1135.00 0
9237 -55.65 49.39 -50.71 -133.00 16.00 179.00 541.00 -393.00 -1135.00 0
9246 -64.83 53.57 -69.84 -110.00 17.00 169.00 541.00 -393.00 -1135.00 0
9256 -69.77 61.84 -77.77 -110.00 9.00 159.00 541.00 -393.00 -1135.00 0
9266 -70.75 64.49 -85.63 -104.00 -9.00 169.00 590.00 -319.00 -1054.00 0
9275 -72.90 66.50 -96.21 -102.00 -38.00 170.00 590.00 -319.00 -1054.00 0
9284 -75.76 68.03 -107.76 -104.00 -59.00 188.00 590.00 -319.00 -1054.00 0
9293 -79.72 67.62 -115.76 -109.00 -65.00 180.00 590.00 -319.00 -1054.00 0
9303 -87.51 63.58 -117.57 -133.00 -46.00 164.00 590.00 -319.00 -1054.00 0
9313 -90.92 60.94 -114.92 -145.00 -27.00 165.00 590.00 -319.00 -1054.00 0
9322 -94.75 57.95 -113.04 -167.00 -35.00 151.00 590.00 -319.00 -1054.00 0
9331 -99.06 53.91 -110.96 -163.00 -48.00 161.00 621.00 -226.00 -1005.00 0
9340 -102.61 48.56 -107.97 -160.00 -66.00 160.00 621.00 -226.00 -1005.00 0
9351 -101.98 32.49 -107.62 -167.00 -94.00 166.00 621.00 -226.00 -1005.00 0
9360 -99.13 22.75 -111.10 -135.00 -97.00 166.00 621.00 -226.00 -1005.00 0
9369 -95.72 15.37 -116.38 -136.00 -115.00 169.00 621.00 -226.00 -1005.00 0
9378 -92.45 7.37 -121.11 -130.00 -119.00 154.00 621.00 -226.00 -1005.00 0
9389 -89.53 -0.77 -125.77 -125.00 -123.00 151.00 621.00 -226.00 -1005.00 0
9398 -87.03 -12.10 -135.65 -105.00 -123.00 152.00 616.00 -122.00 -1141.00 0
9407 -79.23 -12.59 -139.41 -114.00 -102.00 155.00 616.00 -122.00 -1141.00 0
9416 -74.02 -10.02 -143.37 -132.00 -107.00 146.00 616.00 -122.00 -1141.00 0
9426 -69.08 -5.01 -146.50 -124.00 -105.00 157.00 616.00 -122.00 -1141.00 0
9436 -62.75 0.49 -146.57 -121.00 -103.00 173.00 616.00 -122.00 -1141.00 0
9445 -56.42 6.33 -143.79 -127.00 -110.00 160.00 616.00 -122.00 -1141.00 0
9454 -50.64 25.04 -146.78 -126.00 -128.00 174.00 616.00 -122.00 -1141.00 0
9463 -50.99 34.02 -155.90 -130.00 -144.00 184.00 616.00 -122.00 -1141.00 0
9474 -53.08 45.36 -172.10 -114.00 -175.00 167.00 616.00 -122.00 -1141.00 0
9483 -55.44 57.32 -191.51 -111.00 -178.00 155.00 616.00 -122.00 -1141.00 0
9492 -55.93 65.11 -206.75 -104.00 -174.00 154.00 616.00 -122.00 -1141.00 0
9502 -45.57 64.70 -225.25 -108.00 -179.00 163.00 616.00 -122.00 -1141.00 0
9511 -34.92 57.25 -231.72 -113.00 -171.00 174.00 616.00 -122.00 -1141.00 0
9521 -22.96 47.79 -232.97 -96.00 -185.00 169.00 616.00 -122.00 -1141.00 0
9530 -11.69 37.15 -229.98 -81.00 -196.00 186.00 616.00 -122.00 -1141.00 0
9540 -0.21 25.18 -224.77 -61.00 -193.00 192.00 616.00 -122.00 -1141.00 0
9549 16.77 3.27 -204.45 -56.00 -163.00 278.00 616.00 -122.00 -1141.00 0
9559 19.97 -2.43 -191.86 28.00 -232.00 278.00 616.00 -122.00 -1141.00 0
9568 17.53 -0.35 -179.41 -72.00 -188.00 154.00 616.00 -122.00 -1141.00 0
9577 11.62 8.14 -159.65 -52.00 -185.00 198.00 616.00 -122.00 -1141.00 0
9586 7.03 12.31 -139.48 -51.00 -205.00 168.00 616.00 -122.00 -1141.00 0
9596 -2.71 22.96 -111.17 -74.00 -191.00 170.00 616.00 -122.00 -1141.00 0
9606 -4.66 27.20 -100.80 -68.00 -178.00 158.00 616.00 -122.00 -1141.00 0
9615 -6.12 32.42 -91.41 -65.00 -179.00 154.00 616.00 -122.00 -1141.00 0
9624 -6.12 36.17 -81.81 -63.00 -174.00 158.00 616.00 -122.00 -1141.00 0
9633 -5.36 38.82 -70.75 -51.00 -183.00 154.00 616.00 -122.00 -1141.00 0
9643 -5.63 42.99 -59.90 -57.00 -169.00 162.00 616.00 -122.00 -1141.00 0
9652 -3.76 48.42 -46.19 -31.00 -166.00 163.00 616.00 -122.00 -1141.00 0
9661 -3.69 52.45 -43.06 -46.00 -180.00 163.00 616.00 -122.00 -1141.00 0
9671 -4.45 56.90 -39.10 -88.00 -208.00 143.00 616.00 -122.00 -1141.00 0
9680 -4.38 62.54 -36.10 -109.00 -206.00 150.00 616.00 -122.00 -1141.00 0
9690 -2.43 65.53 -35.20 -79.00 -224.00 162.00 616.00 -122.00 -1141.00 0
9699 -0.21 58.16 -36.52 -71.00 -217.00 171.00 616.00 -122.00 -1141.00 0
9708 1.11 50.64 -36.59 -66.00 -203.00 182.00 616.00 -122.00 -1141.00 0
9717 0.35 41.67 -34.78 -45.00 -186.00 176.00 616.00 -122.00 -1141.00 0
9726 -3.62 36.03 -30.68 -38.00 -170.00 160.00 616.00 -122.00 -1141.00 0
9736 -8.35 31.86 -25.60 -32.00 -168.00 165.00 616.00 -122.00 -1141.00 0
9746 -11.62 26.23 -20.10 -41.00 -168.00 150.00 616.00 -122.00 -1141.00 0
9755 -19.41 21.63 -5.43 -44.00 -149.00 164.00 616.00 -122.00 -1141.00 0
9764 -24.83 23.03 3.83 -26.00 -141.00 174.00 616.00 -122.00 -1141.00 0
9774 -30.82 27.20 11.97 -56.00 -177.00 172.00 616.00 -122.00 -1141.00 0
9783 -34.23 30.26 17.25 -70.00 -205.00 176.00 616.00 -122.00 -1141.00 0
9792 -33.32 31.65 17.11 -91.00 -237.00 158.00 616.00 -122.00 -1141.00 0
9801 -30.68 31.93 5.70 -98.00 -280.00 134.00 616.00 -122.00 -1141.00 0
9810 -36.45 32.90 0.56 -62.00 -256.00 111.00 616.00 -122.00 -1141.00 0
9821 -29.63 33.53 11.90 -105.00 -186.00 190.00 616.00 -122.00 -1141.00 0
9830 -30.33 27.90 30.26 -82.00 -186.00 135.00 616.00 -122.00 -1141.00 0
9839 -40.35 24.07 42.64 -84.00 -183.00 124.00 616.00 -122.00 -1141.00 0
9848 -50.92 23.65 50.64 -70.00 -192.00 134.00 616.00 -122.00 -1141.00 0
9858 -55.44 20.17 52.24 -72.00 -204.00 128.00 616.00 -122.00 -1141.00 0
9867 -52.03 17.11 51.48 -87.00 -192.00 134.00 616.00 -122.00 -1141.00 0
9877 -46.05 13.08 51.83 -92.00 -189.00 137.00 616.00 -122.00 -1141.00 0
9886 -38.26 9.04 52.03 -105.00 -177.00 126.00 616.00 -122.00 -1141.00 0
9895 -27.90 5.43 52.03 -101.00 -181.00 132.00 616.00 -122.00 -1141.00 0
9905 -15.37 3.62 46.12 -98.00 -187.00 138.00 616.00 -122.00 -1141.00 0
9914 10.02 5.22 41.67 -98.00 -179.00 155.00 616.00 -122.00 -1141.00 0
9923 20.17 6.54 37.84 -110.00 -181.00 159.00 616.00 -122.00 -1141.00 0
9932 29.91 5.70 32.00 -106.00 -190.00 154.00 616.00 -122.00 -1141.00 0
9943 37.43 3.27 24.21 -117.00 -202.00 146.00 616.00 -122.00 -1141.00 0
9952 40.49 1.60 16.97 -152.00 -301.00 122.00 616.00 -122.00 -1141.00 0
9961 35.97 1.81 8.35 -92.00 -190.00 156.00 616.00 -122.00 -1141.00 0
9970 30.82 5.01 2.99 -87.00 -175.00 143.00 616.00 -122.00 -1141.00 0
9979 25.88 6.89 -1.39 -51.00 -162.00 136.00 616.00 -122.00 -1141.00 0
9989 16.56 8.35 -6.26 -107.00 -179.00 126.00 692.00 225.00 -1085.00 0
9998 4.24 6.40 -12.87 -68.00 -159.00 143.00 692.00 225.00 -1085.00 0
10007 -4.17 4.31 -18.99 -66.00 -182.00 157.00 692.00 225.00 -1085.00 0
10016 -1.39 -0.21 -31.93 -68.00 -200.00 168.00 692.00 225.00 -1085.00 0
10025 2.43 -2.99 -37.77 -81.00 -216.00 156.00 692.00 225.00 -1085.00 0
10036 3.97 -5.15 -41.53 -85.00 -215.00 152.00 692.00 225.00 -1085.00 0
10045 1.46 -5.84 -41.46 -56.00 -203.00 153.00 692.00 225.00 -1085.00 0
10054 -3.20 -4.66 -36.38 -53.00 -176.00 142.00 674.00 253.00 -1132.00 0
10063 -9.39 -1.32 -21.98 -66.00 -175.00 145.00 674.00 253.00 -1132.00 0
10073 -19.06 5.36 -16.49 -79.00 -179.00 155.00 674.00 253.00 -1132.00 0
10082 -20.80 6.19 -15.17 -83.00 -171.00 163.00 674.00 253.00 -1132.00 0
10091 -17.46 4.80 -16.07 -94.00 -191.00 175.00 674.00 253.00 -1132.00 0
10100 -11.27 3.90 -19.06 -68.00 -189.00 152.00 674.00 253.00 -1132.00 0
10110 -4.59 3.20 -22.47 -44.00 -194.00 162.00 674.00 253.00 -1132.00 0
10120 6.75 -3.41 -40.83 -63.00 -188.00 160.00 653.00 272.00 -836.00 0
10129 13.08 -6.96 -54.75 -61.00 -176.00 146.00 653.00 272.00 -836.00 0
10138 19.69 -8.70 -68.66 -65.00 -165.00 144.00 653.00 272.00 -836.00 0
10147 27.69 -11.48 -83.41 -64.00 -198.00 146.00 653.00 272.00 -836.00 0
10157 33.81 -13.29 -98.09 -85.00 -209.00 112.00 653.00 272.00 -836.00 0
10166 29.84 -10.43 -104.97 -52.00 -157.00 101.00 653.00 272.00 -836.00 0
10175 -32.83 12.52 -82.43 -39.00 -118.00 97.00 653.00 272.00 -836.00 0
10185 -64.83 29.36 -41.95 -8.00 -179.00 125.00 636.00 322.00 -1207.00 0
10194 -79.03 38.19 -6.33 -53.00 -185.00 134.00 636.00 322.00 -1207.00 0
10204 -86.05 44.10 17.88 -67.00 -181.00 149.00 636.00 322.00 -1207.00 0
10213 -87.72 47.17 32.63 -9.00 -274.00 187.00 636.00 322.00 -1207.00 0
10222 -75.76 36.80 47.17 -130.00 -214.00 122.00 636.00 322.00 -1207.00 0
10232 -60.45 27.27 66.50 -87.00 -225.00 140.00 636.00 322.00 -1207.00 0
10242 -52.87 21.15 72.90 -112.00 -222.00 103.00 636.00 322.00 -1207.00 0
10251 -46.26 13.77 69.43 -126.00 -240.00 171.00 723.00 292.00 -1116.00 0
10260 -42.09 10.09 62.26 -97.00 -205.00 129.00 723.00 292.00 -1116.00 0
10269 -38.82 11.34 43.55 -88.00 -193.00 135.00 723.00 292.00 -1116.00 0
10279 -36.52 11.97 36.66 -95.00 -199.00 130.00 723.00 292.00 -1116.00 0
10289 -35.97 13.29 32.21 -95.00 -195.00 128.00 723.00 292.00 -1116.00 0
10298 -34.37 13.01 29.29 -97.00 -204.00 125.00 723.00 292.00 -1116.00 0
10307 -33.88 12.31 27.13 -94.00 -207.00 121.00 723.00 292.00 -1116.00 0
10316 -34.43 11.55 24.21 -104.00 -191.00 132.00 737.00 288.00 -904.00 0
10327 -28.31 8.28 21.36 -88.00 -217.00 109.00 737.00 288.00 -904.00 0
10336 -22.96 7.86 15.23 -116.00 -211.00 116.00 737.00 288.00 -904.00 0
10345 -17.18 7.93 9.18 -77.00 -210.00 116.00 737.00 288.00 -904.00 0
10354 -12.10 8.00 3.90 -102.00 -204.00 106.00 737.00 288.00 -904.00 0
10363 -7.44 7.93 -0.14 -93.00 -211.00 110.00 737.00 288.00 -904.00 0
10373 2.23 6.89 -5.50 -72.00 -208.00 129.00 737.00 288.00 -904.00 0
10382 5.22 6.54 -6.82 -67.00 -209.00 132.00 732.00 287.00 -1155.00 0
10391 6.40 5.57 -7.44 -78.00 -206.00 128.00 732.00 287.00 -1155.00 0
10400 4.31 3.76 -6.12 -79.00 -207.00 126.00 732.00 287.00 -1155.00 0
10409 0.28 2.99 -2.99 -94.00 -212.00 118.00 732.00 287.00 -1155.00 0
10419 -4.10 2.64 0.97 -95.00 -213.00 103.00 732.00 287.00 -1155.00 0
10428 -8.83 2.23 4.59 -106.00 -196.00 99.00 732.00 287.00 -1155.00 0
10438 -9.95 2.78 5.15 -92.00 -201.00 110.00 732.00 287.00 -1155.00 0
10447 -9.67 3.69 4.52 -91.00 -200.00 120.00 738.00 285.00 -924.00 0
10457 -8.49 5.08 2.85 -107.00 -208.00 107.00 738.00 285.00 -924.00 0
10466 -6.12 8.83 0.00 -97.00 -201.00 125.00 738.00 285.00 -924.00 0
10475 -2.23 12.59 -4.17 -119.00 -229.00 150.00 738.00 285.00 -924.00 0
10484 9.46 17.67 -15.03 -103.00 -234.00 172.00 738.00 285.00 -924.00 0
10493 13.57 19.48 -19.13 -79.00 -212.00 110.00 738.00 285.00 -924.00 0
10503 14.26 19.06 -21.36 -156.00 -235.00 164.00 738.00 285.00 -924.00 0
10512 1.32 10.99 -22.89 -56.00 -113.00 43.00 718.00 306.00 -898.00 0
10521 -27.41 -3.90 -31.23 -94.00 -129.00 119.00 718.00 306.00 -898.00 0
10530 -45.01 -13.57 -60.94 -15.00 -205.00 190.00 718.00 306.00 -898.00 0
10541 -71.44 -8.42 -71.65 -4.00 -133.00 132.00 718.00 306.00 -898.00 0
10550 -119.30 6.33 -72.14 -47.00 -203.00 76.00 718.00 306.00 -898.00 0
10559 -128.35 13.29 -68.10 -63.00 -209.00 35.00 718.00 306.00 -898.00 0
10568 -108.59 9.39 -60.73 -74.00 -230.00 83.00 718.00 306.00 -898.00 0
10577 -94.05 9.04 -51.83 -93.00 -196.00 78.00 685.00 357.00 -1099.00 0
10587 -77.22 10.92 -37.29 -47.00 -170.00 2.00 685.00 357.00 -1099.00 0
10596 -83.62 15.51 -38.26 -6.00 -120.00 -52.00 685.00 357.00 -1099.00 0
10605 -95.93 21.98 -44.10 -84.00 -186.00 110.00 685.00 357.00 -1099.00 0
10615 -114.30 27.06 -51.48 -183.00 -358.00 453.00 685.00 357.00 -1099.00 0
10625 -120.90 26.37 -65.60 17.00 -191.00 204.00 685.00 357.00 -1099.00 0
10634 -99.90 20.03 -75.83 -78.00 -284.00 6.00 685.00 357.00 -1099.00 0
10643 -61.57 4.24 -71.10 -23.00 -262.00 67.00 637.00 399.00 -1035.00 0
10652 -49.74 -0.83 -64.97 -42.00 -259.00 69.00 637.00 399.00 -1035.00 0
10661 -40.83 -5.50 -57.81 -46.00 -259.00 72.00 637.00 399.00 -1035.00 0
10672 -33.95 -8.35 -46.75 -33.00 -262.00 83.00 637.00 399.00 -1035.00 0
10681 -27.97 -7.72 -35.55 -61.00 -254.00 62.00 637.00 399.00 -1035.00 0
10690 -17.39 -3.83 -17.74 -75.00 -260.00 14.00 637.00 399.00 -1035.00 0
10699 -14.26 -1.46 -9.18 -61.00 -246.00 76.00 637.00 399.00 -1035.00 0
10708 -11.97 -2.37 -2.64 -67.00 -239.00 82.00 641.00 391.00 -872.00 0
10718 -9.88 -1.39 1.32 -73.00 -232.00 60.00 641.00 391.00 -872.00 0
10727 -8.07 0.14 1.81 -48.00 -237.00 90.00 641.00 391.00 -872.00 0
10736 -6.82 0.49 -1.18 -64.00 -242.00 71.00 641.00 391.00 -872.00 0
10745 -5.15 0.77 -12.94 -54.00 -251.00 68.00 641.00 391.00 -872.00 0
10755 -5.08 -0.42 -17.11 -48.00 -257.00 73.00 641.00 391.00 -872.00 0
10764 -4.66 -0.28 -18.71 -47.00 -256.00 68.00 641.00 391.00 -872.00 0
10773 -4.31 0.14 -17.74 -48.00 -257.00 68.00 628.00 397.00 -892.00 0
10782 -4.17 -0.21 -14.68 -48.00 -253.00 65.00 628.00 397.00 -892.00 0
10791 -4.03 -0.56 -10.16 -54.00 -249.00 66.00 628.00 397.00 -892.00 0
10801 -3.83 -0.97 -0.83 -59.00 -249.00 71.00 628.00 397.00 -892.00 0
10810 -3.97 -1.18 2.43 -63.00 -247.00 68.00 628.00 397.00 -892.00 0
10819 -3.97 -1.46 4.31 -66.00 -245.00 71.00 628.00 397.00 -892.00 0
10828 -3.97 -1.74 4.66 -63.00 -244.00 70.00 628.00 397.00 -892.00 0
10838 -3.97 -1.81 3.55 -60.00 -245.00 69.00 636.00 394.00 -1073.00 0
10847 -3.97 -1.95 1.39 -59.00 -251.00 72.00 636.00 394.00 -1073.00 0
10856 -4.10 -2.43 -3.83 -57.00 -251.00 74.00 636.00 394.00 -1073.00 0
10865 -3.90 -1.88 -5.98 -56.00 -248.00 68.00 636.00 394.00 -1073.00 0
10874 -3.55 -0.97 -7.44 -52.00 -254.00 70.00 636.00 394.00 -1073.00 0
10884 -3.41 -0.56 -8.00 -52.00 -253.00 67.00 636.00 394.00 -1073.00 0
10893 -3.48 -0.70 -7.65 -50.00 -252.00 73.00 636.00 394.00 -1073.00 0
10902 -3.48 -0.77 -6.47 -55.00 -250.00 69.00 636.00 394.00 -1073.00 0
10911 -3.41 -0.49 -2.85 -59.00 -251.00 69.00 636.00 394.00 -1073.00 0
10920 -3.48 -0.77 -1.39 -57.00 -248.00 70.00 636.00 394.00 -1073.00 0
10930 -3.55 -1.04 -0.42 -59.00 -248.00 73.00 636.00 394.00 -1073.00 0
10939 -3.62 -1.04 -0.07 -56.00 -250.00 73.00 636.00 394.00 -1073.00 0
10948 -3.55 -1.04 -0.28 -57.00 -250.00 70.00 636.00 394.00 -1073.00 0
10957 -3.55 -1.11 -0.97 -59.00 -250.00 70.00 636.00 394.00 -1073.00 0
10967 -3.62 -1.46 -2.78 -54.00 -251.00 73.00 636.00 394.00 -1073.00 0
10976 -3.69 -1.46 -3.55 -59.00 -252.00 73.00 636.00 394.00 -1073.00 0
10985 -3.55 -1.18 -4.03 -55.00 -253.00 73.00 636.00 394.00 -1073.00 0
10995 -3.48 -1.04 -4.17 -55.00 -251.00 71.00 636.00 394.00 -1073.00 0
11004 -3.62 -1.04 -4.03 -52.00 -248.00 73.00 636.00 394.00 -1073.00 0
11014 -3.55 -1.04 -3.48 -57.00 -249.00 69.00 636.00 394.00 -1073.00 0
11023 -3.55 -0.83 -2.09 -58.00 -247.00 67.00 636.00 394.00 -1073.00 0
11032 -3.48 -0.77 -1.67 -56.00 -250.00 70.00 636.00 394.00 -1073.00 0
11041 -3.55 -0.83 -1.53 -56.00 -249.00 71.00 636.00 394.00 -1073.00 0
11051 -3.55 -0.90 -1.67 -56.00 -250.00 68.00 636.00 394.00 -1073.00 0
11060 -3.62 -1.04 -2.02 -56.00 -252.00 71.00 636.00 394.00 -1073.00 0
11069 -3.62 -1.11 -2.30 -56.00 -251.00 73.00 636.00 394.00 -1073.00 0
11078 -3.62 -1.32 -2.71 -57.00 -250.00 68.00 636.00 394.00 -1073.00 0
11087 -3.69 -1.32 -2.85 -56.00 -247.00 69.00 636.00 394.00 -1073.00 0
11097 -3.69 -1.32 -2.78 -56.00 -250.00 68.00 636.00 394.00 -1073.00 0
11106 -3.69 -1.32 -2.71 -56.00 -248.00 73.00 636.00 394.00 -1073.00 0
11115 -3.69 -1.25 -2.57 -52.00 -253.00 69.00 636.00 394.00 -1073.00 0
11124 -3.62 -1.18 -2.30 -57.00 -247.00 70.00 636.00 394.00 -1073.00 0
11133 -3.62 -1.11 -2.02 -56.00 -253.00 71.00 636.00 394.00 -1073.00 0
11143 -3.55 -1.04 -1.95 -58.00 -249.00 71.00 636.00 394.00 -1073.00 0
11152 -3.55 -1.11 -1.88 -56.00 -249.00 72.00 636.00 394.00 -1073.00 0
11161 -3.55 -1.18 -2.02 -55.00 -251.00 70.00 636.00 394.00 -1073.00 0
11170 -3.62 -1.18 -2.16 -56.00 -250.00 71.00 636.00 394.00 -1073.00 0
11180 -3.62 -1.18 -2.30 -52.00 -251.00 71.00 636.00 394.00 -1073.00 0
11189 -3.55 -1.11 -2.50 -52.00 -252.00 73.00 636.00 394.00 -1073.00 0
11198 -3.62 -1.04 -2.57 -55.00 -253.00 70.00 636.00 394.00 -1073.00 0
11207 -3.62 -1.04 -2.57 -51.00 -252.00 69.00 636.00 394.00 -1073.00 0
11216 -3.62 -1.04 -2.57 -55.00 -250.00 67.00 636.00 394.00 -1073.00 0
11226 -3.62 -1.04 -2.43 -57.00 -252.00 69.00 636.00 394.00 -1073.00 0
11235 -3.62 -1.04 -2.30 -55.00 -251.00 71.00 626.00 398.00 -927.00 0
11244 -3.55 -1.11 -2.09 -54.00 -248.00 69.00 626.00 398.00 -927.00 0
11253 -3.62 -1.11 -2.02 -58.00 -247.00 68.00 626.00 398.00 -927.00 0
11262 -3.55 -1.11 -2.09 -53.00 -252.00 74.00 626.00 398.00 -927.00 0
11272 -3.55 -1.11 -2.16 -53.00 -252.00 69.00 626.00 398.00 -927.00 0
11281 -3.62 -1.11 -2.30 -57.00 -252.00 70.00 626.00 398.00 -927.00 0
11290 -3.55 -1.11 -2.30 -53.00 -253.00 71.00 626.00 398.00 -927.00 0
11299 -3.55 -1.04 -2.37 -55.00 -252.00 73.00 631.00 400.00 -1003.00 0
11309 -3.55 -1.04 -2.43 -56.00 -252.00 70.00 631.00 400.00 -1003.00 0
11318 -3.55 -1.04 -2.43 -54.00 -250.00 69.00 631.00 400.00 -1003.00 0
11327 -3.55 -1.04 -2.37 -56.00 -248.00 66.00 631.00 400.00 -1003.00 0
11336 -3.55 -1.04 -2.30 -53.00 -248.00 68.00 631.00 400.00 -1003.00 0
11345 -3.55 -1.04 -2.23 -57.00 -250.00 68.00 631.00 400.00 -1003.00 0
11355 -3.55 -0.97 -2.16 -54.00 -251.00 74.00 631.00 400.00 -1003.00 0
11364 -3.62 -1.04 -2.02 -53.00 -251.00 68.00 628.00 398.00 -1214.00 0
11373 -3.62 -1.04 -2.02 -57.00 -246.00 68.00 628.00 398.00 -1214.00 0
11382 -3.62 -1.04 -2.02 -54.00 -254.00 74.00 628.00 398.00 -1214.00 0
11392 -3.62 -1.04 -2.02 -58.00 -248.00 66.00 628.00 398.00 -1214.00 0
11401 -3.62 -1.04 -2.16 -54.00 -250.00 71.00 628.00 398.00 -1214.00 0
11410 -3.62 -1.04 -2.16 -55.00 -251.00 72.00 628.00 398.00 -1214.00 0
11419 -3.62 -0.97 -2.16 -54.00 -246.00 68.00 628.00 398.00 -1214.00 0
11428 -3.62 -1.04 -2.16 -56.00 -251.00 73.00 629.00 400.00 -994.00 0
11438 -3.62 -1.11 -2.09 -55.00 -250.00 71.00 629.00 400.00 -994.00 0
11447 -3.69 -1.04 -2.09 -53.00 -250.00 67.00 629.00 400.00 -994.00 0
11456 -3.62 -1.04 -2.09 -53.00 -251.00 68.00 629.00 400.00 -994.00 0
11465 -3.62 -1.04 -2.09 -54.00 -251.00 68.00 629.00 400.00 -994.00 0
11474 -3.62 -1.04 -2.09 -53.00 -252.00 69.00 629.00 400.00 -994.00 0
11484 -3.62 -1.04 -2.09 -54.00 -252.00 69.00 629.00 400.00 -994.00 0
11493 -3.62 -1.04 -2.09 -55.00 -249.00 66.00 629.00 400.00 -994.00 0
11502 -3.69 -1.04 -2.09 -55.00 -250.00 71.00 629.00 400.00 -994.00 0
11511 -3.69 -1.04 -2.09 -55.00 -251.00 70.00 629.00 400.00 -994.00 0
11521 -3.62 -1.04 -2.09 -53.00 -249.00 67.00 629.00 400.00 -994.00 0
11530 -3.62 -1.04 -2.09 -55.00 -253.00 72.00 629.00 400.00 -994.00 0
11539 -3.62 -1.04 -2.09 -54.00 -251.00 70.00 629.00 400.00 -994.00 0
11548 -3.62 -1.04 -2.02 -52.00 -252.00 69.00 629.00 400.00 -994.00 0
11557 -3.62 -1.04 -2.02 -54.00 -251.00 69.00 629.00 400.00 -994.00 0
11567 -3.62 -1.04 -2.02 -53.00 -250.00 66.00 629.00 400.00 -994.00 0
11576 -3.62 -0.97 -2.02 -54.00 -248.00 68.00 629.00 400.00 -994.00 0
11585 -3.62 -1.04 -2.09 -57.00 -250.00 68.00 629.00 400.00 -994.00 0
11594 -3.62 -1.04 -2.09 -56.00 -250.00 69.00 629.00 400.00 -994.00 0
11603 -3.62 -1.04 -2.09 -53.00 -253.00 67.00 629.00 400.00 -994.00 0
11613 -3.62 -1.04 -2.09 -53.00 -250.00 67.00 629.00 400.00 -994.00 0
11622 -3.62 -1.11 -2.09 -55.00 -249.00 69.00 629.00 400.00 -994.00 0
11631 -3.62 -1.11 -2.09 -55.00 -251.00 69.00 629.00 400.00 -994.00 0
11640 -3.62 -1.11 -2.09 -55.00 -249.00 69.00 629.00 400.00 -994.00 0
11650 -3.55 -1.04 -2.16 -56.00 -249.00 72.00 629.00 400.00 -994.00 0
11659 -3.62 -1.11 -2.16 -56.00 -248.00 70.00 629.00 400.00 -994.00 0
11668 -3.62 -1.04 -2.16 -55.00 -249.00 71.00 629.00 400.00 -994.00 0
11677 -3.62 -1.04 -2.16 -58.00 -249.00 66.00 629.00 400.00 -994.00 0
11686 -3.62 -1.04 -2.09 -50.00 -252.00 69.00 629.00 400.00 -994.00 0
11696 -3.62 -1.04 -2.02 -54.00 -251.00 68.00 629.00 400.00 -994.00 0
11705 -3.69 -1.04 -2.02 -55.00 -250.00 71.00 629.00 400.00 -994.00 0
11714 -3.69 -1.04 -2.02 -56.00 -249.00 68.00 629.00 400.00 -994.00 0
11722 -3.69 -1.04 -1.95 -53.00 -251.00 70.00 629.00 400.00 -994.00 0
11731 -3.69 -1.04 -1.95 -55.00 -250.00 72.00 629.00 400.00 -994.00 0
11741 -3.69 -0.97 -1.95 -51.00 -252.00 68.00 629.00 400.00 -994.00 0
11750 -3.62 -0.97 -1.95 -57.00 -252.00 72.00 629.00 400.00 -994.00 0
11759 -3.62 -1.04 -2.02 -55.00 -249.00 68.00 628.00 402.00 -1051.00 0
11768 -3.62 -1.04 -2.02 -57.00 -249.00 69.00 628.00 402.00 -1051.00 0
11778 -3.62 -1.04 -2.02 -54.00 -249.00 69.00 628.00 402.00 -1051.00 0
11787 -3.55 -1.04 -2.02 -53.00 -249.00 68.00 628.00 402.00 -1051.00 0
11796 -3.55 -1.04 -2.02 -54.00 -252.00 69.00 628.00 402.00 -1051.00 0
11805 -3.55 -0.97 -2.02 -53.00 -253.00 70.00 628.00 402.00 -1051.00 0
11814 -3.62 -0.97 -1.95 -53.00 -251.00 66.00 628.00 402.00 -1051.00 0
11825 -3.62 -0.97 -1.88 -55.00 -246.00 67.00 626.00 404.00 -881.00 0
11833 -3.62 -0.97 -1.88 -53.00 -250.00 67.00 626.00 404.00 -881.00 0
11842 -3.62 -1.04 -1.95 -56.00 -249.00 68.00 626.00 404.00 -881.00 0
11851 -3.62 -1.04 -1.95 -54.00 -249.00 68.00 626.00 404.00 -881.00 0
11860 -3.62 -1.04 -1.95 -51.00 -253.00 69.00 626.00 404.00 -881.00 0
11870 -3.62 -1.04 -2.02 -55.00 -252.00 72.00 626.00 404.00 -881.00 0
11879 -3.62 -1.11 -2.02 -55.00 -252.00 67.00 626.00 404.00 -881.00 0
11888 -3.62 -1.11 -1.95 -53.00 -253.00 68.00 628.00 399.00 -1119.00 0
11897 -3.62 -1.04 -1.88 -52.00 -248.00 71.00 628.00 399.00 -1119.00 0
11907 -3.69 -1.04 -1.88 -51.00 -254.00 71.00 628.00 399.00 -1119.00 0
11916 -3.69 -1.04 -1.95 -54.00 -253.00 70.00 628.00 399.00 -1119.00 0
11925 -3.69 -0.97 -1.95 -54.00 -247.00 66.00 628.00 399.00 -1119.00 0
11934 -3.69 -0.97 -2.02 -52.00 -253.00 68.00 628.00 399.00 -1119.00 0
11943 -3.62 -0.97 -2.02 -55.00 -253.00 70.00 628.00 399.00 -1119.00 0
11953 -3.62 -0.97 -1.95 -53.00 -249.00 66.00 629.00 401.00 -983.00 0
11962 -3.55 -0.97 -1.95 -55.00 -252.00 66.00 629.00 401.00 -983.00 0
11971 -3.55 -0.97 -2.02 -54.00 -253.00 69.00 629.00 401.00 -983.00 0
11980 -3.55 -0.97 -2.09 -55.00 -248.00 68.00 629.00 401.00 -983.00 0
11990 -3.62 -0.97 -2.16 -52.00 -251.00 68.00 629.00 401.00 -983.00 0
11999 -3.69 -1.04 -2.09 -54.00 -250.00 67.00 629.00 401.00 -983.00 0
12008 -3.83 -1.11 -2.09 -56.00 -250.00 67.00 629.00 401.00 -983.00 0
12017 -3.97 -1.11 -2.09 -54.00 -249.00 64.00 629.00 401.00 -983.00 0
12026 -4.10 -1.11 -2.02 -55.00 -250.00 70.00 629.00 401.00 -983.00 0