53 -60.00 -8.00 237.00 438.00 -317.00 -1195.00 0
1042 -3.06 -2.30 -1.46 -61.00 -10.00 229.00 438.00 -317.00 -998.00 0
1051 -3.34 -2.57 -1.39 -52.00 -12.00 231.00 440.00 -317.00 -998.00 0
1060 -3.41 -2.78 -1.32 -49.00 -7.00 231.00 440.00 -317.00 -998.00 0
1069 -3.34 -2.92 -1.18 -49.00 -11.00 234.00 440.00 -317.00 -998.00 0
1078 -3.48 -2.85 -1.18 -53.00 -12.00 235.00 440.00 -317.00 -998.00 0
1087 -3.69 -2.71 -1.25 -54.00 -7.00 235.00 440.00 -317.00 -998.00 0
1096 -3.90 -2.43 -1.39 -54.00 -10.00 233.00 440.00 -317.00 -998.00 0
1105 -4.31 -2.09 -1.53 -58.00 -16.00 235.00 440.00 -317.00 -998.00 0
1115 -4.73 -1.74 -1.67 -60.00 -18.00 232.00 440.00 -317.00 -998.00 0
1124 -4.38 -1.53 -1.81 -55.00 -12.00 225.00 440.00 -317.00 -998.00 0
1133 -3.55 -1.67 -1.74 -55.00 -6.00 231.00 440.00 -317.00 -998.00 0
1142 -2.50 -1.81 -1.60 -52.00 -5.00 226.00 440.00 -317.00 -998.00 0
1152 -1.53 -1.95 -1.53 -47.00 -1.00 224.00 440.00 -317.00 -998.00 0
1161 -0.63 -1.88 -1.53 -49.00 1.00 229.00 440.00 -317.00 -998.00 0
1170 0.14 -1.67 -1.46 -47.00 2.00 227.00 440.00 -317.00 -998.00 0
1179 0.70 -1.25 -1.32 -51.00 2.00 230.00 440.00 -317.00 -998.00 0
1187 0.77 -0.35 -0.83 -51.00 2.00 230.00 440.00 -317.00 -998.00 0
1197 0.42 0.14 -0.70 -50.00 5.00 231.00 440.00 -317.00 -998.00 0
1206 -0.07 0.63 -0.56 -50.00 6.00 237.00 440.00 -317.00 -998.00 0
1215 -0.83 1.18 -0.42 -51.00 9.00 236.00 440.00 -317.00 -998.00 0
1224 -1.95 1.88 -0.14 -53.00 3.00 234.00 440.00 -317.00 -998.00 0
1233 -3.55 2.43 0.07 -50.00 4.00 233.00 440.00 -317.00 -998.00 0
1243 -5.01 2.99 0.70 -46.00 2.00 229.00 440.00 -322.00 -1125.00 0
1252 -7.03 3.90 1.25 -41.00 1.00 228.00 440.00 -322.00 -1125.00 0
1261 -7.58 4.52 1.88 -39.00 0.00 221.00 440.00 -322.00 -1125.00 0
1270 -8.07 5.29 2.37 -36.00 -3.00 217.00 440.00 -322.00 -1125.00 0
1280 -8.42 6.33 2.71 -42.00 1.00 216.00 440.00 -322.00 -1125.00 0
1288 -8.56 7.65 2.99 -44.00 2.00 223.00 440.00 -322.00 -1125.00 0
1297 -8.77 9.25 3.13 -49.00 2.00 225.00 440.00 -322.00 -1125.00 0
1306 -10.09 12.87 3.27 -52.00 2.00 228.00 445.00 -321.00 -1101.00 0
1315 -11.06 14.54 3.34 -60.00 3.00 233.00 445.00 -321.00 -1101.00 0
1325 -11.97 16.00 3.48 -60.00 1.00 231.00 445.00 -321.00 -1101.00 0
1334 -12.94 17.46 3.69 -61.00 -2.00 233.00 445.00 -321.00 -1101.00 0
1343 -13.84 18.64 3.97 -62.00 -4.00 233.00 445.00 -321.00 -1101.00 0
1352 -14.68 19.55 4.17 -63.00 -11.00 225.00 445.00 -321.00 -1101.00 0
1362 -15.79 20.94 4.94 -68.00 -23.00 226.00 445.00 -321.00 -1101.00 0
1372 -16.14 21.57 5.15 -67.00 -29.00 231.00 456.00 -320.00 -1287.00 0
1381 -16.14 22.05 5.29 -74.00 -41.00 228.00 456.00 -320.00 -1287.00 0
1390 -16.07 22.61 5.01 -76.00 -48.00 232.00 456.00 -320.00 -1287.00 0
1399 -16.07 23.10 4.45 -83.00 -50.00 229.00 456.00 -320.00 -1287.00 0
1409 -16.14 23.37 3.41 -84.00 -58.00 233.00 456.00 -320.00 -1287.00 0
1418 -16.14 22.68 -0.07 -86.00 -57.00 229.00 456.00 -320.00 -1287.00 0
1427 -15.72 21.91 -2.16 -81.00 -63.00 229.00 456.00 -320.00 -1287.00 0
1436 -14.68 21.01 -4.17 -75.00 -58.00 224.00 468.00 -315.00 -1149.00 0
1445 -12.31 19.76 -5.84 -67.00 -45.00 214.00 468.00 -315.00 -1149.00 0
1455 -8.63 18.50 -6.75 -72.00 -39.00 214.00 468.00 -315.00 -1149.00 0
1464 -4.38 16.70 -7.51 -74.00 -30.00 223.00 468.00 -315.00 -1149.00 0
1473 4.94 16.00 -7.58 -78.00 -15.00 232.00 468.00 -315.00 -1149.00 0
1483 9.39 14.96 -7.65 -81.00 0.00 237.00 468.00 -315.00 -1149.00 0
1491 12.80 13.70 -7.79 -81.00 6.00 240.00 468.00 -315.00 -1149.00 0
1501 14.89 12.38 -8.21 -82.00 8.00 234.00 475.00 -323.00 -1214.00 0
1511 15.44 11.06 -8.83 -81.00 14.00 242.00 475.00 -323.00 -1214.00 0
1520 14.68 7.72 -10.57 -79.00 8.00 234.00 475.00 -323.00 -1214.00 0
1529 11.34 6.89 -11.13 -73.00 2.00 235.00 475.00 -323.00 -1214.00 0
1539 9.32 6.54 -11.69 -67.00 4.00 228.00 475.00 -323.00 -1214.00 0
1548 7.51 6.47 -12.31 -64.00 3.00 222.00 475.00 -323.00 -1214.00 0
1557 5.77 6.96 -12.73 -73.00 5.00 223.00 475.00 -323.00 -1214.00 0
1566 3.69 7.86 -13.22 -86.00 0.00 225.00 475.00 -323.00 -1214.00 0
1575 1.18 8.70 -15.30 -91.00 -8.00 222.00 475.00 -323.00 -1214.00 0
1585 -4.31 10.16 -17.18 -99.00 -17.00 227.00 475.00 -323.00 -1214.00 0
1594 -6.75 10.30 -19.27 -95.00 -17.00 232.00 475.00 -323.00 -1214.00 0
1603 -8.56 9.60 -21.43 -82.00 -12.00 224.00 475.00 -323.00 -1214.00 0
1612 -9.39 8.28 -23.44 -65.00 10.00 222.00 475.00 -323.00 -1214.00 0
1622 -9.18 7.10 -24.77 -57.00 31.00 230.00 475.00 -323.00 -1214.00 0
1631 -8.00 6.33 -22.40 -63.00 32.00 228.00 475.00 -323.00 -1214.00 0
1640 -7.10 6.54 -18.85 -70.00 14.00 236.00 475.00 -323.00 -1214.00 0
1649 -8.90 7.10 -14.96 -73.00 -4.00 234.00 475.00 -323.00 -1214.00 0
1658 -11.34 7.58 -11.62 -87.00 -12.00 234.00 475.00 -323.00 -1214.00 0
1668 -13.77 7.79 -9.11 -96.00 -21.00 232.00 475.00 -323.00 -1214.00 0
1677 -16.63 7.86 -7.72 -94.00 -23.00 226.00 475.00 -323.00 -1214.00 0
1686 -19.83 6.89 -8.56 -92.00 -16.00 223.00 475.00 -323.00 -1214.00 0
1695 -24.07 6.12 -10.09 -89.00 -1.00 220.00 475.00 -323.00 -1214.00 0
1704 -25.67 5.63 -11.69 -87.00 2.00 228.00 484.00 -296.00 -943.00 0
1714 -27.55 5.57 -12.94 -87.00 -7.00 232.00 484.00 -296.00 -943.00 0
1723 -29.84 5.63 -13.77 -90.00 -14.00 229.00 484.00 -296.00 -943.00 0
1732 -32.49 5.70 -14.54 -80.00 -16.00 236.00 484.00 -296.00 -943.00 0
1741 -34.37 4.73 -15.03 -75.00 -21.00 234.00 484.00 -296.00 -943.00 0
1751 -36.10 3.83 -14.40 -65.00 -40.00 221.00 484.00 -296.00 -943.00 0
1760 -36.03 2.99 -13.29 -60.00 -37.00 209.00 484.00 -296.00 -943.00 0
1769 -34.50 2.30 -11.62 -56.00 -38.00 202.00 484.00 -296.00 -943.00 0
1778 -32.28 2.16 -9.46 -63.00 -47.00 205.00 484.00 -296.00 -943.00 0
1787 -30.12 2.57 -7.37 -70.00 -51.00 209.00 484.00 -296.00 -943.00 0
1797 -28.52 4.87 -5.29 -80.00 -58.00 211.00 484.00 -296.00 -943.00 0
1806 -26.99 6.05 -5.57 -93.00 -58.00 220.00 484.00 -296.00 -943.00 0
1815 -26.78 7.03 -6.54 -99.00 -56.00 227.00 484.00 -296.00 -943.00 0
1824 -26.71 7.51 -8.21 -96.00 -52.00 230.00 484.00 -296.00 -943.00 0
1833 -26.99 7.44 -10.16 -96.00 -50.00 226.00 484.00 -296.00 -943.00 0
1843 -27.34 6.96 -12.10 -88.00 -56.00 226.00 484.00 -296.00 -943.00 0
1852 -27.62 5.91 -14.61 -85.00 -58.00 221.00 484.00 -296.00 -943.00 0
1861 -26.23 5.43 -14.75 -94.00 -55.00 225.00 484.00 -296.00 -943.00 0
1870 -24.63 4.80 -14.05 -91.00 -61.00 228.00 484.00 -296.00 -943.00 0
1880 -22.47 3.41 -12.73 -88.00 -63.00 223.00 484.00 -296.00 -943.00 0
1890 -19.76 1.60 -10.99 -91.00 -69.00 222.00 484.00 -296.00 -943.00 0
1899 -16.77 -0.21 -9.04 -96.00 -74.00 225.00 488.00 -257.00 -938.00 0
1908 -13.98 -3.69 -6.61 -95.00 -74.00 221.00 488.00 -257.00 -938.00 0
1917 -10.09 -5.22 -6.89 -95.00 -74.00 223.00 488.00 -257.00 -938.00 0
1927 -8.77 -6.19 -8.07 -96.00 -70.00 231.00 488.00 -257.00 -938.00 0
1935 -7.86 -6.96 -9.67 -85.00 -65.00 225.00 488.00 -257.00 -938.00 0
1944 -7.03 -7.93 -11.13 -79.00 -66.00 225.00 488.00 -257.00 -938.00 0
1953 -6.19 -8.90 -12.10 -77.00 -69.00 219.00 488.00 -257.00 -938.00 0
1963 -5.36 -9.74 -12.45 -67.00 -68.00 209.00 483.00 -253.00 -1058.00 0
1972 -1.25 -11.06 -12.03 -64.00 -59.00 201.00 483.00 -253.00 -1058.00 0
1982 2.09 -11.27 -11.13 -71.00 -46.00 214.00 483.00 -253.00 -1058.00 0
1991 5.50 -11.27 -9.95 -77.00 -44.00 222.00 483.00 -253.00 -1058.00 0
2000 8.21 -11.48 -9.04 -79.00 -35.00 227.00 483.00 -253.00 -1058.00 0
2010 10.23 -11.97 -8.63 -88.00 -32.00 251.00 483.00 -253.00 -1058.00 0
2019 11.48 -13.98 -8.97 -87.00 -30.00 249.00 483.00 -253.00 -1058.00 0
2028 10.37 -15.86 -9.81 -76.00 -30.00 242.00 476.00 -257.00 -1176.00 0
2037 9.04 -17.88 -10.64 -73.00 -32.00 240.00 476.00 -257.00 -1176.00 0
2046 7.72 -19.55 -11.20 -69.00 -36.00 224.00 476.00 -257.00 -1176.00 0
2056 6.40 -20.94 -11.48 -63.00 -38.00 213.00 476.00 -257.00 -1176.00 0
2065 5.36 -21.70 -11.48 -59.00 -39.00 197.00 476.00 -257.00 -1176.00 0
2074 3.76 -20.80 -10.78 -54.00 -37.00 194.00 476.00 -257.00 -1176.00 0
2083 3.34 -19.27 -10.37 -60.00 -32.00 196.00 476.00 -257.00 -1176.00 0
2093 2.99 -17.18 -9.81 -67.00 -38.00 215.00 471.00 -257.00 -1128.00 0
2102 2.43 -15.37 -9.46 -64.00 -34.00 206.00 471.00 -257.00 -1128.00 0
2112 1.95 -14.54 -9.25 -65.00 -40.00 212.00 471.00 -257.00 -1128.00 0
2121 2.09 -13.84 -9.04 -78.00 -44.00 229.00 471.00 -257.00 -1128.00 0
2130 2.71 -12.24 -8.56 -78.00 -44.00 232.00 471.00 -257.00 -1128.00 0
2140 3.41 -12.17 -8.70 -72.00 -38.00 235.00 471.00 -257.00 -1128.00 0
2149 4.03 -12.10 -9.11 -67.00 -33.00 230.00 471.00 -257.00 -1128.00 0
2158 4.31 -11.62 -9.39 -56.00 -29.00 216.00 464.00 -255.00 -1104.00 0
2167 4.45 -10.85 -9.18 -51.00 -28.00 207.00 464.00 -255.00 -1104.00 0
2177 4.24 -9.53 -8.63 -51.00 -39.00 207.00 464.00 -255.00 -1104.00 0
2186 2.71 -4.52 -6.68 -57.00 -40.00 210.00 464.00 -255.00 -1104.00 0
2195 1.60 -1.81 -6.05 -61.00 -49.00 222.00 464.00 -255.00 -1104.00 0
2204 0.42 0.00 -5.98 -56.00 -56.00 210.00 464.00 -255.00 -1104.00 0
2213 -0.63 1.11 -6.47 -57.00 -58.00 212.00 464.00 -255.00 -1104.00 0
2223 -1.18 2.23 -7.51 -62.00 -45.00 224.00 464.00 -255.00 -1104.00 0
2232 -1.04 3.41 -8.70 -56.00 -39.00 223.00 464.00 -255.00 -1104.00 0
2241 -0.42 3.27 -10.23 -58.00 -32.00 221.00 464.00 -255.00 -1104.00 0
2250 -0.49 2.85 -10.09 -65.00 -41.00 229.00 464.00 -255.00 -1104.00 0
2259 -1.46 2.85 -10.02 -65.00 -48.00 222.00 464.00 -255.00 -1104.00 0
2269 -2.02 3.27 -10.23 -63.00 -37.00 213.00 464.00 -255.00 -1104.00 0
2278 -1.04 4.17 -10.23 -51.00 -33.00 204.00 464.00 -255.00 -1104.00 0
2287 0.28 5.84 -10.09 -35.00 -30.00 180.00 464.00 -255.00 -1104.00 0
2296 2.64 12.87 -9.81 -13.00 -11.00 148.00 464.00 -255.00 -1104.00 0
2306 4.66 18.85 -8.49 5.00 11.00 118.00 464.00 -255.00 -1104.00 1
2316 6.26 28.03 -5.84 -20.00 -1.00 100.00 464.00 -255.00 -1104.00 1
2327 5.63 41.32 -1.74 -123.00 -2.00 215.00 464.00 -255.00 -1104.00 1
2337 -5.22 70.33 3.48 -244.00 -42.00 355.00 464.00 -255.00 -1104.00 1
2349 -19.76 72.28 0.90 -211.00 -70.00 367.00 464.00 -255.00 -1104.00 1
2360 -36.10 46.82 -8.35 -165.00 -54.00 327.00 502.00 -244.00 -1183.00 1
2371 -34.99 33.39 -10.02 -141.00 -64.00 291.00 502.00 -244.00 -1183.00 1
2381 -31.30 22.61 -9.67 -98.00 -73.00 236.00 502.00 -244.00 -1183.00 1
2393 -20.52 5.98 -5.84 -81.00 -62.00 220.00 502.00 -244.00 -1183.00 1
2404 -15.79 0.90 -4.31 -74.00 -59.00 202.00 502.00 -244.00 -1183.00 1
2415 -11.55 -4.59 -3.55 -65.00 -55.00 190.00 502.00 -244.00 -1183.00 1
2426 -10.57 -5.91 -4.10 -74.00 -40.00 208.00 502.00 -244.00 -1183.00 1
2437 -9.67 -7.03 -5.08 -80.00 -37.00 210.00 502.00 -244.00 -1183.00 1
2448 -10.92 -9.11 -7.30 -82.00 -22.00 233.00 502.00 -244.00 -1183.00 0
2457 -11.83 -10.23 -7.17 -100.00 -14.00 259.00 502.00 -244.00 -1183.00 0
2466 -12.87 -11.48 -5.77 -109.00 -15.00 269.00 502.00 -244.00 -1183.00 0
2476 -14.47 -13.91 -3.69 -100.00 -20.00 264.00 502.00 -244.00 -1183.00 0
2485 -16.21 -17.88 -1.32 -83.00 -36.00 249.00 502.00 -244.00 -1183.00 0
2494 -18.43 -25.32 4.66 -78.00 -50.00 223.00 502.00 -244.00 -1183.00 0
2504 -18.71 -26.92 7.10 -62.00 -55.00 201.00 502.00 -244.00 -1183.00 0
2513 -17.95 -27.34 8.83 -50.00 -62.00 186.00 502.00 -244.00 -1183.00 0
2523 -16.83 -26.37 10.23 -50.00 -69.00 187.00 502.00 -244.00 -1183.00 0
2532 -15.72 -24.00 11.34 -57.00 -69.00 189.00 502.00 -244.00 -1183.00 0
2541 -14.33 -20.73 12.45 -63.00 -82.00 191.00 502.00 -244.00 -1183.00 0
2550 -12.94 -13.50 12.03 -67.00 -93.00 192.00 502.00 -244.00 -1183.00 0
2560 -12.52 -10.16 10.78 -76.00 -82.00 208.00 502.00 -244.00 -1183.00 0
2569 -11.20 -7.37 8.77 -77.00 -74.00 211.00 502.00 -244.00 -1183.00 0
2578 -9.32 -5.29 6.47 -81.00 -65.00 217.00 502.00 -244.00 -1183.00 0
2587 -6.75 -3.83 4.38 -85.00 -61.00 227.00 502.00 -244.00 -1183.00 0
2596 -1.11 -2.57 1.11 -85.00 -52.00 229.00 502.00 -244.00 -1183.00 0
2606 1.53 -2.85 -0.14 -75.00 -53.00 231.00 502.00 -244.00 -1183.00 0
2615 3.90 -3.55 -0.97 -74.00 -49.00 231.00 502.00 -244.00 -1183.00 0
2624 6.05 -4.24 -1.60 -77.00 -34.00 229.00 502.00 -244.00 -1183.00 0
2633 7.51 -4.73 -2.16 -74.00 -34.00 229.00 502.00 -244.00 -1183.00 0
2642 7.51 -4.87 -2.71 -72.00 -39.00 228.00 502.00 -244.00 -1183.00 0
2652 6.19 -4.66 -3.34 -72.00 -44.00 226.00 502.00 -244.00 -1183.00 0
2661 2.09 -4.45 -3.41 -69.00 -40.00 215.00 502.00 -244.00 -1183.00 0
2670 0.56 -4.31 -3.06 -71.00 -49.00 218.00 502.00 -244.00 -1183.00 0
2679 -0.70 -4.03 -2.50 -70.00 -52.00 214.00 502.00 -244.00 -1183.00 0
2689 -1.46 -3.69 -2.09 -74.00 -51.00 217.00 502.00 -244.00 -1183.00 0
2698 -1.67 -3.27 -1.81 -77.00 -49.00 219.00 502.00 -244.00 -1183.00 0
2707 -1.67 -2.71 -1.67 -81.00 -53.00 228.00 502.00 -244.00 -1183.00 0
2716 -2.23 -1.95 -2.02 -85.00 -54.00 235.00 502.00 -244.00 -1183.00 0
2725 -2.85 -1.81 -2.64 -86.00 -61.00 235.00 502.00 -244.00 -1183.00 0
2735 -3.76 -1.88 -3.34 -88.00 -64.00 240.00 502.00 -244.00 -1183.00 0
2744 -4.59 -2.50 -4.45 -79.00 -59.00 230.00 502.00 -244.00 -1183.00 0
2753 -4.80 -3.62 -5.63 -75.00 -50.00 230.00 502.00 -244.00 -1183.00 0
2762 -4.52 -4.87 -6.47 -77.00 -54.00 228.00 502.00 -244.00 -1183.00 0
2771 -3.20 -6.89 -7.17 -73.00 -48.00 222.00 502.00 -244.00 -1183.00 0
2781 -2.30 -7.65 -7.30 -70.00 -47.00 222.00 502.00 -244.00 -1183.00 0
2790 -1.46 -8.14 -7.44 -67.00 -42.00 214.00 502.00 -244.00 -1183.00 0
2799 -1.04 -8.21 -7.72 -66.00 -44.00 212.00 502.00 -244.00 -1183.00 0
2808 -1.18 -7.86 -8.00 -73.00 -42.00 218.00 502.00 -244.00 -1183.00 0
2818 -1.53 -7.17 -8.28 -87.00 -52.00 223.00 475.00 -240.00 -982.00 0
2827 -3.06 -5.77 -8.90 -84.00 -64.00 223.00 475.00 -240.00 -982.00 0
2836 -4.03 -5.98 -10.02 -89.00 -62.00 225.00 475.00 -240.00 -982.00 0
2845 -4.31 -6.47 -11.27 -84.00 -64.00 239.00 475.00 -240.00 -982.00 0
2854 -3.97 -7.23 -12.52 -82.00 -53.00 241.00 475.00 -240.00 -982.00 0
2864 -2.92 -8.42 -13.50 -73.00 -45.00 243.00 475.00 -240.00 -982.00 0
2873 -1.81 -9.95 -14.26 -68.00 -40.00 236.00 475.00 -240.00 -982.00 0
2882 -0.56 -12.87 -14.26 -67.00 -40.00 229.00 471.00 -233.00 -1333.00 0
2891 -0.90 -13.63 -13.57 -70.00 -60.00 230.00 471.00 -233.00 -1333.00 0
2900 -2.16 -14.12 -13.29 -66.00 -60.00 222.00 471.00 -233.00 -1333.00 0
2910 -3.13 -14.68 -13.50 -72.00 -55.00 225.00 471.00 -233.00 -1333.00 0
2920 -3.55 -15.23 -13.98 -62.00 -53.00 226.00 471.00 -233.00 -1333.00 0
2929 -3.55 -15.79 -14.54 -56.00 -49.00 225.00 471.00 -233.00 -1333.00 0
2938 -3.13 -16.70 -15.65 -60.00 -40.00 224.00 471.00 -233.00 -1333.00 0
2948 -3.48 -16.49 -16.07 -58.00 -47.00 225.00 461.00 -226.00 -1056.00 0
2957 -4.17 -16.49 -16.42 -50.00 -52.00 217.00 461.00 -226.00 -1056.00 0
2966 -4.73 -16.49 -16.56 -51.00 -44.00 213.00 461.00 -226.00 -1056.00 0
2975 -4.94 -16.21 -16.42 -45.00 -46.00 220.00 461.00 -226.00 -1056.00 0
2984 -4.66 -15.23 -14.54 -48.00 -41.00 216.00 461.00 -226.00 -1056.00 0
2994 -2.16 -14.75 -12.66 -62.00 -45.00 229.00 461.00 -226.00 -1056.00 0
3003 -1.11 -14.75 -10.71 -63.00 -47.00 226.00 461.00 -226.00 -1056.00 0
3012 -0.42 -15.30 -9.25 -54.00 -45.00 217.00 451.00 -226.00 -1080.00 0
3021 0.21 -16.14 -8.42 -45.00 -43.00 206.00 451.00 -226.00 -1080.00 0
3031 0.63 -16.42 -7.86 -48.00 -47.00 204.00 451.00 -226.00 -1080.00 0
3040 0.42 -13.91 -6.47 -47.00 -51.00 200.00 451.00 -226.00 -1080.00 0
3050 0.14 -11.55 -5.77 -47.00 -52.00 199.00 451.00 -226.00 -1080.00 0
3059 -0.07 -8.42 -5.01 -56.00 -51.00 205.00 451.00 -226.00 -1080.00 0
3067 -0.49 -4.87 -4.52 -52.00 -58.00 206.00 451.00 -226.00 -1080.00 0
3077 -0.70 -1.81 -4.10 -48.00 -64.00 208.00 452.00 -225.00 -1146.00 0
3086 -0.70 1.04 -3.48 -52.00 -65.00 209.00 452.00 -225.00 -1146.00 0
3095 -0.21 7.10 -2.71 -53.00 -74.00 212.00 452.00 -225.00 -1146.00 0
3104 2.02 10.30 -3.13 -48.00 -63.00 202.00 452.00 -225.00 -1146.00 0
3113 3.97 13.57 -3.83 -29.00 -44.00 182.00 452.00 -225.00 -1146.00 0
3124 6.47 16.97 -4.03 -18.00 -33.00 165.00 452.00 -225.00 -1146.00 0
3133 9.18 21.29 -3.13 -5.00 -25.00 140.00 452.00 -225.00 -1146.00 0
3142 11.62 27.13 -1.53 0.00 -22.00 127.00 452.00 -234.00 -1315.00 1
3151 15.86 46.96 2.43 -7.00 -13.00 129.00 472.00 -234.00 -1315.00 1
3163 17.18 61.29 4.80 -57.00 -4.00 173.00 472.00 -234.00 -1315.00 1
3173 16.77 77.22 7.30 -154.00 -12.00 308.00 472.00 -234.00 -1315.00 1
3184 1.88 96.83 7.37 -219.00 -49.00 369.00 472.00 -234.00 -1315.00 1
3194 -8.83 93.43 4.52 -202.00 -52.00 363.00 472.00 -234.00 -1315.00 1
3206 -16.83 79.17 0.70 -161.00 -49.00 329.00 472.00 -234.00 -1315.00 1
3217 -22.33 41.95 -5.43 -148.00 -56.00 297.00 472.00 -234.00 -1315.00 1
3227 -21.57 28.31 -5.43 -134.00 -64.00 276.00 472.00 -234.00 -1315.00 1
3238 -16.63 6.61 -2.37 -95.00 -57.00 233.00 472.00 -234.00 -1315.00 1
3249 -13.70 -2.16 0.00 -75.00 -57.00 205.00 472.00 -234.00 -1315.00 0
3258 -11.41 -8.77 2.50 -65.00 -54.00 198.00 472.00 -234.00 -1315.00 0
3267 -9.88 -13.01 4.59 -70.00 -43.00 198.00 472.00 -234.00 -1315.00 0
3276 -8.77 -15.10 6.40 -74.00 -46.00 204.00 497.00 -233.00 -1053.00 0
3286 -9.53 -16.97 8.14 -70.00 -48.00 201.00 497.00 -233.00 -1053.00 0
3295 -10.71 -17.81 8.42 -75.00 -52.00 208.00 497.00 -233.00 -1053.00 0
3305 -11.62 -18.30 8.49 -78.00 -56.00 209.00 497.00 -233.00 -1053.00 0
3314 -12.17 -18.78 8.35 -79.00 -57.00 208.00 497.00 -233.00 -1053.00 0
3323 -12.03 -19.34 8.00 -78.00 -52.00 210.00 497.00 -233.00 -1053.00 0
3333 -10.99 -19.76 7.79 -78.00 -55.00 217.00 497.00 -233.00 -1053.00 0
3342 -7.79 -20.03 7.58 -72.00 -57.00 210.00 484.00 -236.00 -1153.00 0
3351 -6.47 -19.83 7.10 -72.00 -61.00 207.00 484.00 -236.00 -1153.00 0
3360 -5.63 -18.85 6.19 -65.00 -69.00 203.00 484.00 -236.00 -1153.00 0
3369 -4.94 -17.39 5.08 -70.00 -62.00 201.00 484.00 -236.00 -1153.00 0
3379 -4.03 -15.58 4.10 -75.00 -60.00 216.00 484.00 -236.00 -1153.00 0
3388 -2.85 -13.91 3.27 -81.00 -58.00 225.00 484.00 -236.00 -1153.00 0
3397 -1.11 -11.90 1.18 -79.00 -58.00 229.00 484.00 -236.00 -1153.00 0
3406 -0.14 -11.69 0.21 -76.00 -47.00 223.00 487.00 -239.00 -1232.00 0
3416 1.11 -11.90 -0.56 -74.00 -44.00 221.00 487.00 -239.00 -1232.00 0
3425 1.95 -11.97 -1.25 -72.00 -44.00 220.00 487.00 -239.00 -1232.00 0
3434 2.30 -11.48 -1.53 -71.00 -45.00 219.00 487.00 -239.00 -1232.00 0
3443 2.37 -10.57 -1.53 -69.00 -40.00 215.00 487.00 -239.00 -1232.00 0
3452 2.16 -8.35 -0.97 -69.00 -46.00 217.00 487.00 -239.00 -1232.00 0
3462 1.81 -7.23 -0.83 -65.00 -44.00 212.00 487.00 -239.00 -1232.00 0
3471 1.39 -5.98 -0.77 -64.00 -43.00 215.00 482.00 -238.00 -1249.00 0
3480 0.90 -4.59 -0.70 -70.00 -46.00 222.00 482.00 -238.00 -1249.00 0
3489 0.21 -3.13 -0.77 -79.00 -45.00 227.00 482.00 -238.00 -1249.00 0
3499 -0.63 -1.88 -0.97 -81.00 -44.00 236.00 482.00 -238.00 -1249.00 0
3508 -2.85 -0.83 -1.95 -85.00 -41.00 236.00 482.00 -238.00 -1249.00 0
3517 -3.97 -1.18 -2.37 -93.00 -45.00 242.00 482.00 -238.00 -1249.00 0
3526 -4.94 -2.16 -2.50 -85.00 -55.00 236.00 482.00 -238.00 -1249.00 0
3535 -5.57 -3.69 -2.64 -83.00 -53.00 233.00 482.00 -238.00 -1150.00 0
3545 -5.63 -5.29 -2.78 -80.00 -53.00 231.00 480.00 -238.00 -1150.00 0
3554 -5.22 -6.68 -2.78 -72.00 -50.00 223.00 480.00 -238.00 -1150.00 0
3563 -3.62 -8.90 -2.71 -65.00 -50.00 212.00 480.00 -238.00 -1150.00 0
3572 -3.13 -9.32 -2.64 -67.00 -50.00 210.00 480.00 -238.00 -1150.00 0
3581 -2.85 -9.04 -2.71 -67.00 -49.00 212.00 480.00 -238.00 -1150.00 0
3591 -2.78 -8.42 -2.71 -68.00 -48.00 221.00 480.00 -238.00 -1150.00 0
3600 -2.71 -7.65 -2.78 -71.00 -39.00 223.00 480.00 -238.00 -1150.00 0
3609 -2.85 -7.03 -2.85 -68.00 -42.00 222.00 480.00 -238.00 -1150.00 0
3618 -3.69 -6.26 -2.71 -66.00 -42.00 219.00 480.00 -238.00 -1150.00 0
3628 -4.17 -5.77 -2.50 -68.00 -45.00 225.00 480.00 -238.00 -1150.00 0
3637 -4.73 -5.08 -2.23 -70.00 -50.00 222.00 480.00 -238.00 -1150.00 0
3646 -5.15 -4.45 -2.02 -69.00 -50.00 221.00 480.00 -238.00 -1150.00 0
3655 -5.36 -3.97 -1.88 -71.00 -49.00 223.00 480.00 -238.00 -1150.00 0
3664 -5.15 -3.55 -1.88 -71.00 -49.00 225.00 480.00 -238.00 -1150.00 0
3674 -4.94 -3.06 -2.23 -72.00 -50.00 231.00 480.00 -238.00 -1150.00 0
3683 -5.36 -2.99 -2.64 -72.00 -48.00 228.00 480.00 -238.00 -1150.00 0
3692 -5.70 -3.06 -3.06 -74.00 -48.00 231.00 480.00 -238.00 -1150.00 0
3701 -5.98 -3.20 -3.34 -70.00 -52.00 224.00 480.00 -238.00 -1150.00 0
3710 -6.05 -3.48 -3.55 -72.00 -53.00 219.00 480.00 -238.00 -1150.00 0
3720 -5.91 -3.83 -3.55 -66.00 -56.00 219.00 480.00 -238.00 -1150.00 0
3729 -5.57 -4.03 -3.34 -72.00 -47.00 227.00 480.00 -238.00 -1150.00 0
3738 -3.90 -4.10 -3.13 -68.00 -47.00 226.00 480.00 -238.00 -1150.00 0
3747 -3.55 -4.31 -3.13 -65.00 -45.00 221.00 480.00 -238.00 -1150.00 0
3757 -3.41 -4.17 -3.27 -65.00 -44.00 221.00 480.00 -238.00 -1150.00 0
3766 -3.48 -3.76 -3.34 -64.00 -49.00 214.00 480.00 -238.00 -1150.00 0
3775 -3.69 -3.13 -3.41 -64.00 -50.00 212.00 480.00 -238.00 -1150.00 0
3784 -3.97 -2.23 -3.69 -67.00 -54.00 220.00 480.00 -238.00 -1150.00 0
3793 -4.24 0.00 -3.76 -72.00 -55.00 223.00 480.00 -238.00 -1150.00 0
3803 -4.31 0.70 -3.83 -74.00 -54.00 228.00 480.00 -238.00 -1150.00 0
3812 -4.17 0.97 -4.03 -72.00 -50.00 231.00 480.00 -238.00 -1150.00 0
3821 -3.83 1.04 -4.24 -77.00 -49.00 230.00 480.00 -238.00 -1150.00 0
3830 -3.55 0.90 -4.31 -70.00 -51.00 226.00 480.00 -238.00 -1150.00 0
3840 -3.20 0.49 -4.17 -64.00 -44.00 216.00 480.00 -238.00 -1150.00 0
3849 -2.23 -0.42 -3.76 -63.00 -43.00 213.00 480.00 -238.00 -1150.00 0
3858 -1.88 -0.21 -3.34 -58.00 -51.00 206.00 480.00 -238.00 -1150.00 0
3867 -1.81 0.35 -3.06 -56.00 -51.00 196.00 476.00 -238.00 -1303.00 0
3876 -1.67 1.39 -2.85 -58.00 -55.00 194.00 476.00 -238.00 -1303.00 0
3886 -1.46 2.92 -2.57 -59.00 -78.00 188.00 476.00 -238.00 -1303.00 0
3895 -1.60 5.08 -2.71 -54.00 -78.00 183.00 476.00 -238.00 -1303.00 0
3904 0.00 10.43 -3.76 -46.00 -73.00 170.00 476.00 -238.00 -1303.00 0
3913 2.30 13.77 -3.97 -35.00 -89.00 151.00 476.00 -238.00 -1303.00 0
3922 5.36 18.23 -3.97 -40.00 -88.00 147.00 476.00 -238.00 -1303.00 0
3932 10.64 24.42 -3.62 -58.00 -61.00 174.00 488.00 -243.00 -1137.00 0
3941 18.37 31.65 -2.71 -81.00 -14.00 214.00 488.00 -243.00 -1137.00 1
3952 30.40 44.03 -1.60 -107.00 24.00 274.00 488.00 -243.00 -1137.00 1
3962 29.50 47.17 -2.71 -167.00 50.00 366.00 488.00 -243.00 -1137.00 1
3974 24.70 47.93 -3.90 -176.00 11.00 351.00 488.00 -243.00 -1137.00 1
3984 3.76 34.71 -6.40 -127.00 -22.00 303.00 488.00 -243.00 -1137.00 1
3995 -2.85 22.33 -5.98 -103.00 -24.00 246.00 501.00 -245.00 -1134.00 1
4006 -5.29 13.15 -3.83 -95.00 -48.00 234.00 501.00 -245.00 -1134.00 1
4017 -6.47 2.99 1.25 -85.00 -61.00 215.00 501.00 -245.00 -1134.00 1
4027 -7.44 0.14 2.92 -79.00 -66.00 207.00 501.00 -245.00 -1134.00 0
4036 -8.42 -1.32 3.69 -81.00 -58.00 206.00 501.00 -245.00 -1134.00 0
4045 -9.60 -2.43 3.48 -72.00 -52.00 209.00 501.00 -245.00 -1134.00 0
4055 -13.29 -5.15 1.32 -71.00 -50.00 210.00 501.00 -245.00 -1134.00 0
4064 -15.17 -6.26 0.63 -79.00 -54.00 210.00 497.00 -242.00 -1068.00 0
4073 -16.00 -7.30 0.83 -85.00 -60.00 213.00 497.00 -242.00 -1068.00 0
4082 -15.30 -8.35 1.39 -83.00 -49.00 217.00 497.00 -242.00 -1068.00 0
4091 -13.08 -9.60 2.09 -80.00 -43.00 215.00 497.00 -242.00 -1068.00 0
4101 -10.30 -10.92 2.78 -75.00 -37.00 216.00 497.00 -242.00 -1068.00 0
4110 -5.70 -12.87 3.06 -75.00 -42.00 215.00 497.00 -242.00 -1068.00 0
4119 -4.59 -12.94 2.64 -75.00 -40.00 209.00 497.00 -242.00 -1068.00 0
4128 -4.17 -12.38 1.95 -72.00 -40.00 212.00 490.00 -245.00 -1012.00 0
4137 -4.24 -11.27 1.11 -73.00 -39.00 216.00 490.00 -245.00 -1012.00 0
4147 -4.66 -9.88 0.49 -75.00 -44.00 220.00 490.00 -245.00 -1012.00 0
4156 -5.57 -8.35 0.14 -78.00 -47.00 218.00 490.00 -245.00 -1012.00 0
4165 -7.58 -5.77 0.00 -83.00 -51.00 220.00 490.00 -245.00 -1012.00 0
4174 -7.86 -4.94 0.14 -87.00 -57.00 231.00 490.00 -245.00 -1012.00 0
4184 -7.72 -4.45 0.21 -89.00 -57.00 228.00 490.00 -245.00 -1012.00 0
4193 -7.30 -4.66 0.14 -86.00 -48.00 227.00 492.00 -245.00 -1151.00 0
4202 -6.33 -5.36 -0.07 -87.00 -45.00 232.00 492.00 -245.00 -1151.00 0
4211 -5.22 -6.19 -0.14 -89.00 -45.00 231.00 492.00 -245.00 -1151.00 0
4220 -3.69 -7.93 -0.21 -81.00 -46.00 228.00 492.00 -245.00 -1151.00 0
4230 -3.48 -8.90 -0.49 -79.00 -41.00 223.00 492.00 -245.00 -1151.00 0
4239 -3.48 -9.74 -0.90 -82.00 -44.00 226.00 492.00 -245.00 -1151.00 0
4248 -3.83 -10.37 -1.25 -84.00 -46.00 228.00 492.00 -245.00 -1151.00 0
4257 -4.45 -11.27 -1.74 -79.00 -51.00 231.00 485.00 -243.00 -1060.00 0
4267 -4.66 -12.45 -2.23 -72.00 -42.00 227.00 485.00 -243.00 -1060.00 0
4276 -4.52 -15.03 -2.57 -74.00 -46.00 224.00 485.00 -243.00 -1060.00 0
4286 -4.59 -15.93 -2.50 -69.00 -47.00 220.00 485.00 -243.00 -1060.00 0
4295 -4.80 -16.49 -2.37 -72.00 -48.00 220.00 485.00 -243.00 -1060.00 0
4304 -4.80 -16.63 -2.16 -74.00 -53.00 221.00 485.00 -243.00 -1060.00 0
4314 -4.66 -16.49 -2.02 -72.00 -45.00 220.00 485.00 -243.00 -1060.00 0
4323 -4.38 -16.42 -2.09 -68.00 -42.00 221.00 485.00 -243.00 -1060.00 0
4332 -3.76 -16.07 -2.23 -67.00 -42.00 217.00 485.00 -243.00 -1060.00 0
4341 -3.41 -15.58 -2.16 -64.00 -41.00 217.00 485.00 -243.00 -1060.00 0
4350 -3.20 -14.96 -2.02 -65.00 -42.00 222.00 485.00 -243.00 -1060.00 0
4360 -3.06 -14.33 -1.67 -69.00 -41.00 219.00 485.00 -243.00 -1060.00 0
4369 -3.20 -13.77 -1.32 -67.00 -44.00 217.00 485.00 -243.00 -1060.00 0
4378 -3.41 -13.22 -1.04 -68.00 -46.00 221.00 485.00 -243.00 -1060.00 0
4387 -4.03 -11.83 -0.77 -68.00 -53.00 223.00 485.00 -243.00 -1060.00 0
4397 -4.17 -11.27 -0.90 -68.00 -49.00 223.00 485.00 -243.00 -1060.00 0
4406 -4.24 -10.64 -1.04 -69.00 -49.00 223.00 485.00 -243.00 -1060.00 0
4415 -4.31 -10.09 -1.39 -66.00 -54.00 220.00 485.00 -243.00 -1060.00 0
4424 -4.59 -9.46 -1.81 -71.00 -56.00 228.00 485.00 -243.00 -1060.00 0
4433 -4.80 -8.70 -2.30 -65.00 -53.00 226.00 485.00 -243.00 -1060.00 0
4443 -4.45 -7.51 -3.34 -65.00 -50.00 224.00 485.00 -243.00 -1060.00 0
4452 -3.97 -7.03 -3.62 -67.00 -46.00 223.00 485.00 -243.00 -1060.00 0
4461 -3.27 -6.75 -3.62 -66.00 -45.00 224.00 466.00 -241.00 -1167.00 0
4470 -2.50 -6.75 -3.48 -63.00 -38.00 221.00 466.00 -241.00 -1167.00 0
4480 -2.02 -6.75 -3.34 -66.00 -38.00 223.00 466.00 -241.00 -1167.00 0
4489 -1.95 -6.54 -3.20 -69.00 -41.00 229.00 466.00 -241.00 -1167.00 0
4498 -2.57 -6.19 -2.99 -66.00 -41.00 228.00 466.00 -241.00 -1167.00 0
4507 -2.85 -6.33 -2.99 -66.00 -42.00 231.00 466.00 -241.00 -1167.00 0
4516 -3.06 -6.33 -3.06 -68.00 -44.00 237.00 466.00 -241.00 -1167.00 0
4526 -3.41 -6.33 -3.13 -68.00 -46.00 230.00 466.00 -241.00 -1167.00 0
4535 -3.83 -6.54 -3.20 -63.00 -48.00 221.00 466.00 -241.00 -1167.00 0
4544 -4.38 -6.89 -3.34 -60.00 -50.00 221.00 466.00 -241.00 -1167.00 0
4553 -5.15 -6.96 -3.48 -64.00 -50.00 223.00 466.00 -241.00 -1167.00 0
4562 -5.57 -6.82 -3.48 -58.00 -49.00 214.00 466.00 -241.00 -1167.00 0
4572 -5.77 -6.54 -3.41 -58.00 -50.00 215.00 466.00 -241.00 -1167.00 0
4581 -5.70 -5.91 -3.34 -56.00 -50.00 209.00 466.00 -241.00 -1167.00 0
4590 -5.63 -4.94 -3.20 -57.00 -51.00 213.00 466.00 -241.00 -1167.00 0
4599 -5.36 -3.62 -3.20 -59.00 -51.00 215.00 466.00 -241.00 -1167.00 0
4609 -4.38 -0.70 -3.48 -60.00 -51.00 217.00 466.00 -241.00 -1167.00 0
4618 -3.55 0.90 -3.62 -58.00 -47.00 218.00 466.00 -241.00 -1167.00 0
4627 -2.57 2.50 -3.55 -60.00 -43.00 216.00 466.00 -241.00 -1167.00 0
4636 -1.67 4.17 -3.20 -55.00 -40.00 216.00 466.00 -241.00 -1167.00 0
4645 -0.97 5.77 -2.57 -54.00 -44.00 204.00 466.00 -241.00 -1167.00 0
4655 -0.70 7.44 -1.81 -47.00 -51.00 195.00 469.00 -242.00 -974.00 0
4664 -1.11 11.41 -1.04 -34.00 -64.00 169.00 469.00 -242.00 -974.00 0
4673 -1.53 14.89 -1.46 -25.00 -70.00 145.00 469.00 -242.00 -974.00 0
4682 -1.11 20.24 -2.02 -15.00 -64.00 127.00 469.00 -242.00 -974.00 0
4691 0.83 27.62 -2.23 -3.00 -53.00 108.00 469.00 -242.00 -974.00 0
4701 4.17 37.29 -1.67 -11.00 -51.00 95.00 469.00 -242.00 -974.00 0
4710 8.35 49.88 -0.28 -26.00 -48.00 107.00 469.00 -242.00 -974.00 0
4719 13.29 83.13 4.80 -73.00 -35.00 154.00 510.00 -256.00 -1139.00 1
4729 24.21 101.36 8.00 -164.00 -22.00 285.00 510.00 -256.00 -1139.00 1
4741 26.99 116.38 10.30 -268.00 11.00 426.00 510.00 -256.00 -1139.00 1
4752 21.57 118.89 5.36 -309.00 25.00 508.00 510.00 -256.00 -1139.00 1
4762 13.70 101.15 0.00 -253.00 28.00 432.00 510.00 -256.00 -1139.00 1
4773 5.98 72.49 -3.62 -149.00 -10.00 285.00 510.00 -256.00 -1139.00 1
4784 -7.30 16.56 -5.22 -109.00 -34.00 217.00 524.00 -256.00 -1045.00 1
4795 -10.50 -1.04 -2.92 -89.00 -64.00 186.00 524.00 -256.00 -1045.00 1
4805 -12.03 -11.48 0.49 -68.00 -69.00 165.00 524.00 -256.00 -1045.00 0
4814 -11.83 -16.49 6.54 -64.00 -60.00 158.00 524.00 -256.00 -1045.00 0
4824 -10.50 -15.86 7.72 -68.00 -38.00 170.00 524.00 -256.00 -1045.00 0
4833 -12.38 -16.42 7.10 -66.00 -41.00 176.00 524.00 -256.00 -1045.00 0
4842 -15.86 -17.18 5.36 -83.00 -49.00 194.00 524.00 -256.00 -1045.00 0
4851 -18.99 -17.46 3.55 -84.00 -63.00 201.00 516.00 -253.00 -1022.00 0
4860 -20.87 -17.95 1.88 -88.00 -52.00 213.00 516.00 -253.00 -1022.00 0
4870 -18.85 -20.17 1.32 -102.00 -54.00 215.00 516.00 -253.00 -1022.00 0
4879 -16.21 -21.22 1.39 -96.00 -50.00 225.00 516.00 -253.00 -1022.00 0
4888 -12.66 -22.54 1.11 -98.00 -43.00 219.00 516.00 -253.00 -1022.00 0
4897 -9.25 -23.65 1.04 -90.00 -43.00 220.00 516.00 -253.00 -1022.00 0
4907 -5.98 -24.35 0.97 -90.00 -35.00 219.00 516.00 -253.00 -1022.00 0
4916 -3.20 -24.49 0.97 -86.00 -40.00 221.00 502.00 -252.00 -1264.00 0
4926 -0.77 -23.30 0.63 -88.00 -44.00 220.00 502.00 -252.00 -1264.00 0
4935 -0.97 -22.19 0.35 -87.00 -44.00 222.00 502.00 -252.00 -1264.00 0
4944 -1.74 -20.94 0.00 -86.00 -46.00 218.00 502.00 -252.00 -1264.00 0
4954 -2.57 -19.69 -0.56 -86.00 -46.00 221.00 502.00 -252.00 -1264.00 0
4963 -3.20 -18.71 -0.83 -84.00 -40.00 222.00 502.00 -252.00 -1264.00 0
4972 -3.34 -18.16 -1.04 -80.00 -36.00 218.00 502.00 -252.00 -1264.00 0
4981 -3.34 -17.39 -1.11 -80.00 -41.00 215.00 497.00 -251.00 -1296.00 0
4990 -3.27 -16.90 -1.04 -85.00 -42.00 217.00 497.00 -251.00 -1296.00 0
5000 -3.34 -16.56 -1.04 -80.00 -42.00 215.00 497.00 -251.00 -1296.00 0
5009 -3.48 -16.42 -1.18 -74.00 -42.00 211.00 497.00 -251.00 -1296.00 0
5018 -3.41 -16.07 -1.25 -74.00 -39.00 213.00 497.00 -251.00 -1296.00 0
5027 -3.34 -15.37 -1.39 -76.00 -41.00 220.00 497.00 -251.00 -1296.00 0
5037 -3.55 -13.36 -1.39 -75.00 -42.00 213.00 497.00 -251.00 -1296.00 0
5046 -3.76 -12.31 -1.39 -74.00 -41.00 213.00 490.00 -251.00 -1163.00 0
5055 -3.90 -11.20 -1.60 -79.00 -38.00 214.00 490.00 -251.00 -1163.00 0
5064 -4.03 -10.09 -1.88 -83.00 -39.00 224.00 490.00 -251.00 -1163.00 0
5073 -4.10 -9.04 -2.30 -87.00 -36.00 231.00 490.00 -251.00 -1163.00 0
5083 -4.38 -8.28 -2.71 -84.00 -39.00 228.00 490.00 -251.00 -1163.00 0
5092 -5.22 -8.49 -3.62 -79.00 -44.00 227.00 490.00 -251.00 -1163.00 0
5101 -5.43 -9.11 -3.76 -84.00 -43.00 225.00 490.00 -251.00 -1163.00 0
5110 -5.36 -9.81 -3.69 -76.00 -44.00 225.00 490.00 -251.00 -1163.00 0
5120 -4.87 -10.50 -3.41 -80.00 -43.00 225.00 490.00 -251.00 -1163.00 0
5129 -4.17 -10.99 -2.99 -77.00 -42.00 220.00 490.00 -251.00 -1163.00 0
5138 -3.69 -11.34 -2.57 -75.00 -40.00 221.00 490.00 -251.00 -1163.00 0
5147 -3.06 -11.62 -1.88 -71.00 -39.00 217.00 490.00 -251.00 -1163.00 0
5156 -3.41 -11.27 -1.74 -75.00 -42.00 222.00 490.00 -251.00 -1163.00 0
5166 -4.17 -10.78 -2.02 -77.00 -46.00 226.00 490.00 -251.00 -1163.00 0
5175 -5.01 -10.43 -2.50 -75.00 -42.00 232.00 490.00 -251.00 -1163.00 0
5184 -5.63 -10.09 -3.06 -80.00 -43.00 229.00 490.00 -251.00 -1163.00 0
5193 -6.19 -9.81 -3.55 -79.00 -43.00 224.00 490.00 -251.00 -1163.00 0
5202 -6.96 -10.02 -4.03 -76.00 -45.00 224.00 490.00 -251.00 -1163.00 0
5212 -6.75 -10.50 -4.17 -73.00 -44.00 224.00 490.00 -251.00 -1163.00 0
5221 -6.33 -11.06 -4.03 -70.00 -47.00 224.00 490.00 -251.00 -1163.00 0
5230 -5.84 -11.55 -3.90 -68.00 -44.00 215.00 490.00 -251.00 -1163.00 0
5240 -5.22 -11.83 -3.62 -66.00 -45.00 218.00 490.00 -251.00 -1163.00 0
5250 -4.59 -11.83 -3.27 -65.00 -45.00 216.00 490.00 -251.00 -1163.00 0
5259 -3.34 -10.99 -2.50 -67.00 -46.00 214.00 490.00 -251.00 -1163.00 0
5268 -2.92 -10.30 -2.23 -69.00 -43.00 216.00 490.00 -251.00 -1163.00 0
5277 -2.64 -9.46 -2.23 -66.00 -37.00 215.00 490.00 -251.00 -1163.00 0
5286 -2.50 -8.56 -2.43 -71.00 -37.00 228.00 490.00 -251.00 -1163.00 0
5296 -2.57 -7.51 -2.64 -77.00 -37.00 231.00 490.00 -251.00 -1163.00 0
5305 -3.06 -6.75 -2.85 -72.00 -40.00 230.00 490.00 -251.00 -1163.00 0
5314 -4.10 -6.47 -3.48 -68.00 -43.00 227.00 490.00 -251.00 -1163.00 0
5323 -4.52 -6.33 -3.48 -70.00 -45.00 226.00 490.00 -251.00 -1163.00 0
5332 -4.73 -6.19 -3.48 -64.00 -44.00 218.00 490.00 -251.00 -1163.00 0
5342 -4.73 -6.05 -3.41 -64.00 -50.00 214.00 490.00 -251.00 -1163.00 0
5351 -4.80 -5.63 -3.34 -63.00 -50.00 206.00 490.00 -251.00 -1163.00 0
5360 -4.80 -4.66 -3.34 -54.00 -46.00 200.00 490.00 -251.00 -1163.00 0
5369 -3.83 -1.67 -2.99 -52.00 -46.00 199.00 490.00 -251.00 -1163.00 0
5379 -3.13 0.56 -2.78 -53.00 -49.00 193.00 490.00 -251.00 -1163.00 0
5388 -2.71 3.41 -2.71 -51.00 -53.00 195.00 490.00 -251.00 -1163.00 0
5397 -2.57 6.61 -3.20 -45.00 -54.00 181.00 490.00 -251.00 -1163.00 0
5406 -2.50 10.23 -3.97 -35.00 -63.00 158.00 490.00 -251.00 -1163.00 0
5415 -2.09 14.54 -4.45 -25.00 -69.00 143.00 490.00 -251.00 -1163.00 0
5425 1.74 27.27 -4.10 -11.00 -61.00 112.00 490.00 -251.00 -1163.00 0
5434 5.84 37.08 -3.13 -8.00 -60.00 94.00 490.00 -251.00 -1163.00 1
5444 11.41 50.92 -1.39 -27.00 -52.00 115.00 499.00 -250.00 -1126.00 1
5454 16.97 68.66 0.90 -126.00 -17.00 218.00 499.00 -250.00 -1126.00 1
5465 24.63 104.49 3.20 -283.00 -15.00 455.00 499.00 -250.00 -1126.00 1
5476 22.96 109.29 1.18 -274.00 23.00 462.00 499.00 -250.00 -1126.00 1
5486 19.83 95.79 -2.23 -201.00 28.00 374.00 499.00 -250.00 -1126.00 1
5497 9.60 44.38 -9.46 -133.00 9.00 278.00 499.00 -250.00 -1126.00 1
5508 4.59 22.96 -9.95 -107.00 -23.00 233.00 519.00 -259.00 -1058.00 1
5518 0.35 7.37 -8.28 -104.00 -45.00 220.00 519.00 -259.00 -1058.00 1
5529 -4.31 -9.46 -2.43 -82.00 -33.00 198.00 519.00 -259.00 -1058.00 1
5538 -5.70 -13.98 -0.28 -73.00 -37.00 192.00 519.00 -259.00 -1058.00 0
5548 -8.21 -16.77 1.46 -75.00 -53.00 184.00 519.00 -259.00 -1058.00 0
5557 -11.76 -18.43 2.43 -75.00 -47.00 191.00 519.00 -259.00 -1058.00 0
5567 -17.18 -21.70 1.88 -85.00 -35.00 205.00 519.00 -259.00 -1058.00 0
5576 -19.27 -23.30 1.53 -86.00 -45.00 211.00 519.00 -259.00 -1058.00 0
5585 -21.22 -25.04 1.25 -88.00 -48.00 210.00 519.00 -259.00 -1058.00 0
5595 -21.91 -26.78 1.53 -88.00 -55.00 210.00 519.00 -259.00 -1058.00 0
5604 -21.15 -28.03 2.23 -83.00 -50.00 210.00 519.00 -259.00 -1058.00 0
5613 -18.71 -28.94 3.13 -82.00 -42.00 209.00 519.00 -259.00 -1058.00 0
5622 -11.90 -28.73 4.38 -78.00 -44.00 209.00 519.00 -259.00 -1058.00 0
5632 -8.90 -27.62 4.52 -80.00 -40.00 214.00 519.00 -259.00 -1058.00 0
5641 -6.47 -26.02 4.31 -78.00 -38.00 214.00 519.00 -259.00 -1058.00 0
5650 -5.15 -24.07 3.62 -78.00 -35.00 216.00 519.00 -259.00 -1058.00 0
5659 -5.08 -21.77 2.85 -77.00 -45.00 216.00 519.00 -259.00 -1058.00 0
5668 -6.05 -19.27 2.09 -80.00 -47.00 216.00 519.00 -259.00 -1058.00 0
5678 -8.49 -14.89 0.97 -84.00 -51.00 219.00 519.00 -259.00 -1058.00 0
5687 -9.18 -13.63 0.56 -79.00 -54.00 217.00 519.00 -259.00 -1058.00 0
5696 -9.18 -12.94 0.14 -75.00 -50.00 216.00 519.00 -259.00 -1058.00 0
5706 -8.35 -12.59 -0.28 -78.00 -47.00 213.00 491.00 -250.00 -1058.00 0
5715 -7.23 -12.10 -0.70 -78.00 -47.00 217.00 491.00 -250.00 -1058.00 0
5725 -6.12 -11.41 -1.11 -78.00 -42.00 222.00 491.00 -250.00 -1058.00 0
5734 -4.59 -9.95 -2.09 -82.00 -42.00 229.00 491.00 -250.00 -1058.00 0
5743 -4.38 -9.46 -2.37 -85.00 -39.00 225.00 491.00 -250.00 -1058.00 0
5752 -4.45 -9.25 -2.71 -85.00 -42.00 227.00 491.00 -250.00 -1058.00 0
5762 -4.45 -9.53 -2.99 -79.00 -37.00 223.00 491.00 -250.00 -1058.00 0
5771 -4.31 -9.88 -3.27 -80.00 -40.00 224.00 489.00 -250.00 -1117.00 0
5780 -4.17 -10.09 -3.34 -74.00 -39.00 223.00 489.00 -250.00 -1117.00 0
5789 -4.24 -9.88 -3.62 -75.00 -42.00 221.00 489.00 -250.00 -1117.00 0
5798 -4.52 -9.53 -3.76 -74.00 -44.00 218.00 489.00 -250.00 -1117.00 0
5808 -4.87 -9.18 -3.76 -73.00 -48.00 214.00 489.00 -250.00 -1117.00 0
5817 -5.15 -8.77 -3.69 -71.00 -45.00 220.00 489.00 -250.00 -1117.00 0
5826 -5.22 -8.28 -3.69 -73.00 -45.00 219.00 489.00 -250.00 -1117.00 0
5835 -4.94 -7.72 -3.69 -74.00 -45.00 224.00 483.00 -249.00 -1295.00 0
5844 -4.59 -7.17 -3.62 -76.00 -41.00 223.00 483.00 -249.00 -1295.00 0
5854 -4.52 -7.03 -3.69 -81.00 -44.00 234.00 483.00 -249.00 -1295.00 0
5863 -4.66 -7.03 -3.76 -81.00 -41.00 229.00 483.00 -249.00 -1295.00 0
5872 -4.87 -7.23 -3.97 -78.00 -43.00 228.00 483.00 -249.00 -1295.00 0
5881 -4.94 -7.58 -4.17 -78.00 -43.00 231.00 483.00 -249.00 -1295.00 0
5891 -5.01 -7.86 -4.24 -74.00 -45.00 225.00 483.00 -249.00 -1295.00 0
5900 -5.50 -8.21 -4.59 -68.00 -42.00 213.00 481.00 -244.00 -1150.00 0
5909 -5.70 -8.14 -4.66 -67.00 -44.00 209.00 481.00 -244.00 -1150.00 0
5918 -5.84 -7.58 -4.66 -64.00 -46.00 208.00 481.00 -244.00 -1150.00 0
5927 -5.77 -6.75 -4.52 -65.00 -43.00 210.00 481.00 -244.00 -1150.00 0
5937 -5.50 -5.63 -4.17 -67.00 -44.00 214.00 481.00 -244.00 -1150.00 0
5946 -5.08 -4.45 -3.76 -75.00 -44.00 222.00 481.00 -244.00 -1150.00 0
5955 -4.45 -2.99 -3.06 -73.00 -44.00 223.00 481.00 -244.00 -1150.00 0
5964 -4.38 -2.78 -2.99 -73.00 -45.00 225.00 481.00 -243.00 -1067.00 0
5974 -4.38 -2.50 -3.06 -84.00 -50.00 228.00 480.00 -243.00 -1067.00 0
5983 -4.45 -2.23 -3.34 -84.00 -47.00 236.00 480.00 -243.00 -1067.00 0
5992 -4.45 -2.09 -3.90 -76.00 -47.00 228.00 480.00 -243.00 -1067.00 0
6001 -4.52 -2.37 -4.59 -74.00 -45.00 225.00 480.00 -243.00 -1067.00 0
6010 -4.66 -3.13 -5.91 -72.00 -41.00 217.00 480.00 -243.00 -1067.00 0
6020 -4.17 -3.20 -6.12 -65.00 -41.00 210.00 480.00 -243.00 -1067.00 0
6029 -3.83 -2.99 -5.98 -61.00 -43.00 209.00 480.00 -243.00 -1067.00 0
6038 -3.48 -2.16 -5.57 -64.00 -41.00 205.00 480.00 -243.00 -1067.00 0
6047 -3.27 -0.83 -4.94 -63.00 -42.00 207.00 480.00 -243.00 -1067.00 0
6056 -3.27 0.77 -4.45 -65.00 -46.00 214.00 480.00 -243.00 -1067.00 0
6066 -3.48 4.38 -3.97 -68.00 -50.00 209.00 480.00 -243.00 -1067.00 0
6075 -4.94 6.12 -4.10 -65.00 -52.00 211.00 480.00 -243.00 -1067.00 0
6084 -5.15 7.86 -4.31 -67.00 -51.00 208.00 480.00 -243.00 -1067.00 0
6093 -5.15 9.74 -4.52 -64.00 -55.00 202.00 480.00 -243.00 -1067.00 0
6103 -4.94 12.17 -4.87 -58.00 -55.00 189.00 480.00 -243.00 -1067.00 0
6112 -4.73 15.17 -5.43 -45.00 -65.00 173.00 480.00 -243.00 -1067.00 0
6121 -4.59 18.99 -6.89 -28.00 -76.00 134.00 480.00 -243.00 -1067.00 0
6130 -3.48 31.86 -7.44 -11.00 -85.00 95.00 480.00 -243.00 -1067.00 1
6140 -0.28 42.16 -7.30 -14.00 -67.00 73.00 480.00 -243.00 -1067.00 1
6151 6.12 55.86 -6.47 -43.00 -49.00 137.00 480.00 -243.00 -1067.00 1
6161 19.48 90.23 -4.38 -183.00 1.00 313.00 528.00 -249.00 -1216.00 1
6172 20.73 103.17 -5.29 -260.00 4.00 430.00 528.00 -249.00 -1216.00 1
6182 17.18 104.42 -7.58 -254.00 18.00 417.00 528.00 -249.00 -1216.00 1
6194 5.15 65.74 -10.92 -194.00 5.00 354.00 528.00 -249.00 -1216.00 1
6205 -1.18 40.42 -12.17 -149.00 -7.00 286.00 528.00 -249.00 -1216.00 1
6215 -6.05 19.34 -11.48 -115.00 -58.00 223.00 528.00 -249.00 -1216.00 1
6226 -11.55 -8.21 -4.31 -94.00 -53.00 195.00 528.00 -247.00 -1015.00 1
6237 -10.99 -15.93 -0.56 -77.00 -37.00 187.00 520.00 -247.00 -1015.00 1
6248 -10.37 -22.82 4.31 -67.00 -26.00 179.00 520.00 -247.00 -1015.00 1
6257 -11.97 -23.72 5.91 -61.00 -45.00 169.00 520.00 -247.00 -1015.00 0
6266 -15.30 -23.86 6.75 -69.00 -53.00 179.00 520.00 -247.00 -1015.00 0
6277 -18.09 -23.37 6.82 -85.00 -42.00 209.00 520.00 -247.00 -1015.00 0
6286 -19.06 -22.68 6.82 -95.00 -42.00 221.00 520.00 -247.00 -1015.00 0
6295 -19.90 -22.33 6.68 -100.00 -48.00 220.00 510.00 -238.00 -1128.00 0
6304 -21.57 -23.93 6.61 -96.00 -60.00 216.00 510.00 -238.00 -1128.00 0
6313 -20.59 -25.53 6.68 -92.00 -58.00 212.00 510.00 -238.00 -1128.00 0
6323 -18.37 -26.78 6.61 -88.00 -57.00 209.00 510.00 -238.00 -1128.00 0
6332 -15.51 -27.20 6.19 -81.00 -52.00 206.00 510.00 -238.00 -1128.00 0
6341 -12.31 -26.78 5.77 -76.00 -52.00 203.00 510.00 -238.00 -1128.00 0
6350 -7.10 -23.37 4.87 -76.00 -58.00 201.00 510.00 -238.00 -1128.00 0
6360 -5.91 -20.66 4.52 -78.00 -58.00 204.00 499.00 -242.00 -1121.00 0
6369 -5.22 -17.53 4.24 -85.00 -59.00 213.00 499.00 -242.00 -1121.00 0
6378 -5.01 -14.68 3.83 -90.00 -59.00 216.00 499.00 -242.00 -1121.00 0
6387 -5.01 -12.73 3.06 -87.00 -58.00 216.00 499.00 -242.00 -1121.00 0
6396 -4.87 -11.69 1.88 -83.00 -52.00 213.00 499.00 -242.00 -1121.00 0
6406 -2.71 -10.99 -0.56 -86.00 -49.00 217.00 499.00 -242.00 -1121.00 0
6416 -1.46 -10.78 -1.53 -87.00 -46.00 223.00 499.00 -242.00 -1121.00 0
6425 -0.35 -10.64 -2.16 -81.00 -38.00 221.00 496.00 -243.00 -1146.00 0
6434 0.56 -10.50 -2.43 -78.00 -37.00 218.00 496.00 -243.00 -1146.00 0
6444 0.77 -10.09 -2.43 -81.00 -42.00 216.00 496.00 -243.00 -1146.00 0
6453 0.35 -9.25 -2.09 -83.00 -45.00 219.00 496.00 -243.00 -1146.00 0
6462 -0.97 -7.44 -1.60 -81.00 -44.00 215.00 496.00 -243.00 -1146.00 0
6471 -1.67 -6.54 -1.53 -83.00 -44.00 216.00 496.00 -243.00 -1146.00 0
6480 -2.43 -5.63 -1.67 -86.00 -49.00 223.00 496.00 -243.00 -1146.00 0
6490 -3.41 -4.94 -2.02 -86.00 -49.00 226.00 497.00 -245.00 -934.00 0
6499 -4.17 -4.52 -2.43 -89.00 -46.00 228.00 497.00 -245.00 -934.00 0
6507 -4.80 -4.52 -2.92 -91.00 -53.00 227.00 497.00 -245.00 -934.00 0
6516 -5.22 -5.50 -3.83 -87.00 -51.00 223.00 497.00 -245.00 -934.00 0
6525 -5.15 -6.19 -4.24 -83.00 -45.00 220.00 497.00 -245.00 -934.00 0
6535 -4.73 -6.75 -4.52 -78.00 -47.00 218.00 497.00 -245.00 -934.00 0
6544 -4.24 -7.17 -4.66 -80.00 -48.00 216.00 497.00 -245.00 -934.00 0
6553 -3.83 -7.23 -4.59 -75.00 -52.00 208.00 497.00 -245.00 -934.00 0
6562 -3.55 -6.89 -4.45 -85.00 -54.00 223.00 497.00 -245.00 -934.00 0
6572 -3.27 -6.33 -4.52 -92.00 -50.00 230.00 497.00 -245.00 -934.00 0
6581 -3.20 -6.89 -5.50 -87.00 -45.00 230.00 497.00 -245.00 -934.00 0
6590 -3.20 -7.86 -6.19 -85.00 -44.00 234.00 497.00 -245.00 -934.00 0
6599 -3.27 -8.56 -6.75 -88.00 -46.00 232.00 497.00 -245.00 -934.00 0
6608 -3.69 -9.11 -7.17 -84.00 -45.00 225.00 497.00 -245.00 -934.00 0
6618 -4.10 -9.74 -7.58 -75.00 -50.00 220.00 497.00 -245.00 -934.00 0
6627 -4.45 -10.09 -8.00 -75.00 -46.00 215.00 497.00 -245.00 -934.00 0
6636 -4.45 -10.23 -8.35 -72.00 -49.00 219.00 497.00 -245.00 -934.00 0
6645 -4.31 -10.09 -8.35 -75.00 -48.00 221.00 497.00 -245.00 -934.00 0
6654 -4.10 -10.02 -8.35 -73.00 -46.00 214.00 497.00 -245.00 -934.00 0
6664 -3.97 -9.81 -8.21 -73.00 -51.00 218.00 497.00 -245.00 -934.00 0
6673 -3.97 -9.46 -8.14 -74.00 -54.00 219.00 497.00 -245.00 -934.00 0
6682 -3.83 -8.97 -8.00 -76.00 -54.00 219.00 497.00 -245.00 -934.00 0
6691 -3.48 -7.65 -7.93 -73.00 -55.00 218.00 497.00 -245.00 -934.00 0
6701 -2.64 -6.89 -8.00 -76.00 -55.00 220.00 497.00 -245.00 -934.00 0
6709 -2.30 -6.26 -8.21 -79.00 -47.00 221.00 497.00 -245.00 -934.00 0
6718 -1.81 -5.91 -8.56 -73.00 -45.00 217.00 497.00 -245.00 -934.00 0
6727 -1.25 -5.84 -8.83 -74.00 -45.00 220.00 497.00 -245.00 -934.00 0
6736 -0.90 -5.63 -8.97 -71.00 -46.00 214.00 497.00 -245.00 -934.00 0
6746 -0.97 -5.29 -8.97 -71.00 -44.00 214.00 497.00 -245.00 -934.00 0
6755 -1.74 -3.62 -9.18 -71.00 -56.00 208.00 483.00 -230.00 -1129.00 0
6764 -2.57 -2.02 -9.74 -74.00 -62.00 215.00 483.00 -230.00 -1129.00 0
6773 -3.20 -0.35 -10.64 -77.00 -60.00 219.00 483.00 -230.00 -1129.00 0
6782 -3.20 0.83 -11.76 -72.00 -52.00 217.00 483.00 -230.00 -1129.00 0
6792 -2.85 1.32 -12.94 -65.00 -46.00 218.00 483.00 -230.00 -1129.00 0
6801 -2.16 1.81 -13.63 -71.00 -44.00 216.00 483.00 -230.00 -1129.00 0
6810 -0.70 3.27 -13.50 -72.00 -38.00 223.00 483.00 -230.00 -1129.00 0
6819 0.00 3.69 -12.87 -70.00 -42.00 218.00 488.00 -227.00 -875.00 0
6829 0.14 4.03 -12.24 -65.00 -43.00 217.00 488.00 -227.00 -875.00 0
6838 0.14 4.66 -11.41 -68.00 -39.00 210.00 488.00 -227.00 -875.00 0
6847 0.14 5.57 -10.50 -68.00 -52.00 207.00 488.00 -227.00 -875.00 0
6856 -0.21 6.89 -9.88 -67.00 -56.00 200.00 488.00 -227.00 -875.00 0
6865 -1.39 11.06 -10.09 -60.00 -59.00 186.00 488.00 -227.00 -875.00 0
6875 -0.56 13.57 -10.30 -46.00 -62.00 167.00 488.00 -227.00 -875.00 0
6884 1.04 16.77 -10.16 -26.00 -72.00 157.00 498.00 -226.00 -1195.00 0
6893 3.41 21.98 -9.60 -23.00 -59.00 128.00 498.00 -226.00 -1195.00 1
6903 8.56 30.54 -7.65 -56.00 -41.00 141.00 498.00 -226.00 -1195.00 1
6915 19.69 51.76 -1.74 -75.00 -23.00 182.00 498.00 -226.00 -1195.00 1
6925 22.68 62.96 -0.42 -145.00 7.00 287.00 498.00 -226.00 -1195.00 1
6936 22.19 72.14 -0.97 -198.00 -22.00 350.00 498.00 -226.00 -1195.00 1
6946 9.67 73.88 -4.17 -188.00 -14.00 331.00 498.00 -226.00 -1195.00 1
6958 3.76 63.17 -4.94 -158.00 -10.00 306.00 498.00 -226.00 -1195.00 1
6968 -6.26 36.10 -4.94 -141.00 -21.00 264.00 498.00 -226.00 -1195.00 1
6979 -9.53 23.72 -3.06 -120.00 -45.00 235.00 498.00 -226.00 -1195.00 1
6990 -11.27 13.15 0.00 -102.00 -37.00 217.00 498.00 -226.00 -1195.00 1
7001 -11.27 -1.18 5.84 -93.00 -30.00 208.00 498.00 -226.00 -1195.00 1
7012 -11.62 -5.57 7.86 -93.00 -45.00 205.00 498.00 -226.00 -1195.00 0
7021 -13.57 -8.56 9.11 -93.00 -64.00 197.00 517.00 -235.00 -1110.00 0
7030 -16.63 -11.06 9.53 -92.00 -62.00 201.00 517.00 -235.00 -1110.00 0
7040 -18.64 -16.14 8.35 -100.00 -49.00 221.00 517.00 -235.00 -1110.00 0
7049 -17.95 -18.64 7.58 -98.00 -52.00 217.00 517.00 -235.00 -1110.00 0
7058 -17.88 -20.87 6.75 -93.00 -60.00 210.00 517.00 -235.00 -1110.00 0
7067 -17.88 -22.68 6.12 -90.00 -64.00 200.00 517.00 -235.00 -1110.00 0
7076 -17.25 -23.72 5.84 -87.00 -63.00 202.00 517.00 -235.00 -1110.00 0
7086 -15.58 -24.00 5.70 -83.00 -61.00 208.00 517.00 -235.00 -1110.00 0
7096 -11.48 -22.68 5.15 -75.00 -58.00 196.00 517.00 -235.00 -1110.00 0
7105 -9.53 -21.43 4.45 -75.00 -52.00 198.00 517.00 -235.00 -1110.00 0
7114 -7.72 -19.76 3.76 -77.00 -50.00 202.00 517.00 -235.00 -1110.00 0
7123 -6.40 -17.95 3.13 -83.00 -53.00 205.00 517.00 -235.00 -1110.00 0
7133 -5.63 -16.00 2.50 -88.00 -57.00 215.00 517.00 -235.00 -1110.00 0
7142 -5.36 -14.12 1.67 -88.00 -52.00 213.00 517.00 -235.00 -1110.00 0
7151 -4.87 -12.03 -0.35 -82.00 -50.00 213.00 517.00 -235.00 -1110.00 0
7160 -4.31 -11.34 -1.04 -86.00 -44.00 217.00 517.00 -235.00 -1110.00 0
7170 -3.83 -10.30 -1.46 -100.00 -53.00 226.00 517.00 -235.00 -1110.00 0
7179 -3.62 -9.18 -1.81 -95.00 -58.00 223.00 517.00 -235.00 -1110.00 0
7188 -3.55 -8.70 -2.23 -87.00 -51.00 219.00 517.00 -235.00 -1110.00 0
7197 -2.99 -8.77 -2.64 -86.00 -48.00 216.00 517.00 -235.00 -1110.00 0
7206 -2.09 -8.49 -3.20 -91.00 -51.00 221.00 517.00 -235.00 -1110.00 0
7216 -2.09 -7.93 -3.41 -88.00 -52.00 220.00 517.00 -235.00 -1110.00 0
7225 -2.02 -7.58 -3.48 -89.00 -46.00 221.00 517.00 -235.00 -1110.00 0
7234 -1.81 -7.58 -3.55 -84.00 -45.00 218.00 517.00 -235.00 -1110.00 0
7243 -1.53 -7.79 -3.62 -80.00 -45.00 220.00 517.00 -235.00 -1110.00 0
7252 -1.32 -7.93 -3.69 -78.00 -44.00 215.00 517.00 -235.00 -1110.00 0
7262 -1.60 -7.79 -3.76 -84.00 -45.00 218.00 517.00 -235.00 -1110.00 0
7271 -2.16 -7.51 -3.76 -84.00 -52.00 219.00 517.00 -235.00 -1110.00 0
7280 -2.71 -7.30 -3.83 -83.00 -49.00 220.00 498.00 -230.00 -1010.00 0
7289 -3.13 -7.23 -4.03 -88.00 -50.00 220.00 498.00 -230.00 -1010.00 0
7299 -3.55 -7.23 -4.24 -88.00 -50.00 220.00 498.00 -230.00 -1010.00 0
7308 -3.97 -7.30 -4.52 -86.00 -49.00 218.00 498.00 -230.00 -1010.00 0
7317 -4.38 -7.37 -5.01 -85.00 -49.00 221.00 498.00 -230.00 -1010.00 0
7326 -4.59 -7.10 -5.01 -88.00 -56.00 219.00 498.00 -230.00 -1010.00 0
7335 -5.01 -6.75 -5.15 -90.00 -55.00 219.00 498.00 -230.00 -1010.00 0
7345 -5.15 -6.54 -5.36 -90.00 -56.00 228.00 496.00 -231.00 -1056.00 0
7354 -4.87 -6.61 -5.70 -89.00 -52.00 233.00 496.00 -231.00 -1056.00 0
7363 -4.59 -7.17 -6.12 -86.00 -51.00 229.00 496.00 -231.00 -1056.00 0
7372 -4.38 -9.11 -7.03 -84.00 -54.00 226.00 496.00 -231.00 -1056.00 0
7382 -3.83 -10.02 -7.37 -79.00 -47.00 221.00 496.00 -231.00 -1056.00 0
7391 -3.20 -10.64 -7.51 -76.00 -47.00 216.00 496.00 -231.00 -1056.00 0
7400 -2.78 -10.85 -7.37 -69.00 -44.00 209.00 496.00 -231.00 -1056.00 0
7409 -2.50 -10.64 -7.17 -67.00 -43.00 205.00 492.00 -226.00 -1191.00 0
7418 -2.30 -10.02 -6.75 -71.00 -47.00 203.00 492.00 -226.00 -1191.00 0
7428 -2.57 -7.37 -6.05 -70.00 -53.00 204.00 492.00 -226.00 -1191.00 0
7437 -2.85 -5.84 -6.05 -70.00 -51.00 208.00 492.00 -226.00 -1191.00 0
7446 -3.06 -4.17 -6.33 -81.00 -52.00 226.00 492.00 -226.00 -1191.00 0
7455 -3.13 -2.57 -6.68 -89.00 -54.00 233.00 492.00 -226.00 -1191.00 0
7464 -3.41 -1.74 -7.17 -87.00 -51.00 231.00 492.00 -226.00 -1191.00 0
7474 -3.48 -1.81 -7.79 -88.00 -51.00 235.00 489.00 -223.00 -1182.00 0
7483 -2.85 -2.92 -8.14 -86.00 -40.00 229.00 489.00 -223.00 -1182.00 0
7492 -2.23 -4.17 -7.58 -76.00 -46.00 222.00 489.00 -223.00 -1182.00 0
7501 -1.60 -5.36 -6.75 -70.00 -49.00 213.00 489.00 -223.00 -1182.00 0
7511 -1.39 -5.98 -5.84 -65.00 -48.00 201.00 489.00 -223.00 -1182.00 0
7520 -1.04 -5.98 -5.08 -59.00 -43.00 195.00 489.00 -223.00 -1182.00 0
7529 -0.70 -5.29 -4.31 -57.00 -44.00 193.00 489.00 -223.00 -1182.00 0
7538 -0.97 -1.46 -2.99 -59.00 -46.00 196.00 489.00 -223.00 -1182.00 0
7547 -1.46 1.39 -2.64 -73.00 -46.00 204.00 489.00 -223.00 -1182.00 0
7557 -2.16 4.31 -2.50 -78.00 -58.00 210.00 489.00 -223.00 -1182.00 0
7566 -3.27 6.68 -2.85 -75.00 -63.00 208.00 489.00 -223.00 -1182.00 0
7575 -3.90 8.70 -3.41 -77.00 -58.00 211.00 489.00 -223.00 -1182.00 0
7584 -3.69 10.43 -3.90 -79.00 -58.00 219.00 489.00 -223.00 -1182.00 0
7593 -2.78 14.05 -4.45 -75.00 -57.00 204.00 489.00 -223.00 -1182.00 0
7603 -1.11 16.00 -4.87 -57.00 -55.00 182.00 489.00 -223.00 -1182.00 0
7612 -0.56 18.50 -5.01 -31.00 -35.00 158.00 489.00 -223.00 -1182.00 0
7621 0.00 22.40 -3.90 -26.00 -29.00 140.00 489.00 -223.00 -1182.00 0
7630 -0.21 28.87 -1.11 -27.00 -47.00 128.00 489.00 -223.00 -1182.00 0
7640 -1.32 38.68 2.57 -26.00 -41.00 115.00 489.00 -223.00 -1182.00 1
7651 2.16 66.09 10.71 -58.00 -7.00 127.00 489.00 -223.00 -1182.00 1
7661 5.08 82.50 15.17 -123.00 -2.00 206.00 489.00 -223.00 -1182.00 1
7671 4.94 99.55 17.81 -231.00 -48.00 330.00 547.00 -237.00 -1177.00 1
7683 -7.37 122.43 14.82 -272.00 -64.00 390.00 547.00 -237.00 -1177.00 1
7694 -13.08 115.41 10.71 -254.00 -39.00 354.00 547.00 -237.00 -1177.00 1
7704 -17.60 64.21 -1.32 -190.00 -66.00 313.00 547.00 -237.00 -1177.00 1
7715 -23.37 39.03 -6.12 -171.00 -62.00 269.00 547.00 -237.00 -1177.00 1
7727 -21.08 18.64 -7.51 -135.00 -66.00 225.00 547.00 -237.00 -1177.00 1
7737 -15.58 -12.45 -6.12 -98.00 -60.00 187.00 534.00 -226.00 -1227.00 1
7747 -12.87 -21.50 -4.17 -86.00 -64.00 175.00 534.00 -226.00 -1227.00 0
7756 -11.20 -26.43 -2.71 -81.00 -48.00 170.00 534.00 -226.00 -1227.00 0
7766 -9.46 -28.59 -1.25 -83.00 -21.00 185.00 534.00 -226.00 -1227.00 0
7775 -7.44 -28.87 0.56 -93.00 -35.00 194.00 534.00 -226.00 -1227.00 0
7784 -8.35 -27.55 2.43 -104.00 -47.00 211.00 534.00 -226.00 -1227.00 0
7793 -10.16 -26.85 2.43 -111.00 -44.00 216.00 534.00 -226.00 -1227.00 0
7802 -11.83 -26.78 2.23 -107.00 -43.00 215.00 527.00 -227.00 -1160.00 0
7812 -13.29 -27.20 1.88 -102.00 -57.00 208.00 527.00 -227.00 -1160.00 0
7821 -14.12 -27.55 1.39 -99.00 -59.00 201.00 527.00 -227.00 -1160.00 0
7831 -14.12 -27.48 1.25 -95.00 -61.00 195.00 527.00 -227.00 -1160.00 0
7840 -11.27 -24.90 2.16 -92.00 -61.00 190.00 527.00 -227.00 -1160.00 0
7849 -9.25 -22.68 2.71 -91.00 -63.00 194.00 527.00 -227.00 -1160.00 0
7859 -7.65 -20.17 3.13 -90.00 -65.00 193.00 527.00 -227.00 -1160.00 0
7868 -6.82 -17.32 3.20 -91.00 -68.00 192.00 523.00 -229.00 -1112.00 0
7877 -6.47 -14.54 2.78 -87.00 -66.00 192.00 523.00 -229.00 -1112.00 0
7886 -6.12 -11.83 1.95 -90.00 -64.00 195.00 523.00 -229.00 -1112.00 0
7896 -4.45 -6.82 0.07 -99.00 -62.00 210.00 523.00 -229.00 -1112.00 0
7905 -3.13 -5.01 -0.90 -109.00 -58.00 224.00 523.00 -229.00 -1112.00 0
7914 -1.67 -4.03 -1.81 -113.00 -58.00 227.00 523.00 -229.00 -1112.00 0
7923 -0.07 -4.10 -2.64 -116.00 -55.00 234.00 523.00 -229.00 -1112.00 0
7932 1.81 -5.15 -3.48 -112.00 -43.00 233.00 523.00 -229.00 -1112.00 0
7942 3.48 -6.75 -4.17 -110.00 -46.00 233.00 523.00 -229.00 -1112.00 0
7951 4.73 -10.57 -5.22 -103.00 -48.00 225.00 523.00 -229.00 -1112.00 0
7960 4.38 -12.45 -5.57 -103.00 -44.00 216.00 523.00 -229.00 -1112.00 0
7969 3.90 -13.98 -5.70 -96.00 -47.00 217.00 523.00 -229.00 -1112.00 0
7979 3.27 -15.03 -5.84 -95.00 -45.00 215.00 523.00 -229.00 -1112.00 0
7988 2.09 -15.44 -5.91 -97.00 -49.00 215.00 523.00 -229.00 -1112.00 0
7997 0.56 -15.51 -6.33 -91.00 -50.00 208.00 523.00 -229.00 -1112.00 0
8006 -2.50 -14.89 -6.54 -88.00 -53.00 204.00 523.00 -229.00 -1112.00 0
8015 -3.69 -14.26 -6.54 -88.00 -56.00 207.00 523.00 -229.00 -1112.00 0
8025 -4.38 -13.29 -6.33 -97.00 -59.00 212.00 523.00 -229.00 -1112.00 0
8035 -4.73 -12.24 -6.19 -102.00 -63.00 218.00 523.00 -229.00 -1112.00 0
8044 -4.73 -11.83 -6.19 -103.00 -61.00 229.00 523.00 -229.00 -1112.00 0
8053 -4.38 -13.36 -7.17 -105.00 -60.00 234.00 523.00 -229.00 -1112.00 0
8062 -2.92 -14.89 -8.07 -105.00 -50.00 232.00 523.00 -229.00 -1112.00 0
8072 -2.30 -16.70 -9.11 -95.00 -48.00 226.00 523.00 -229.00 -1112.00 0
8081 -1.53 -18.37 -9.74 -90.00 -44.00 219.00 523.00 -229.00 -1112.00 0
8090 -0.63 -19.90 -9.67 -85.00 -47.00 217.00 523.00 -229.00 -1112.00 0
8099 0.14 -21.01 -9.11 -84.00 -47.00 211.00 523.00 -229.00 -1112.00 0
8109 0.56 -21.57 -7.79 -81.00 -54.00 213.00 523.00 -229.00 -1112.00 0
8118 0.63 -20.80 -7.30 -81.00 -45.00 209.00 523.00 -229.00 -1112.00 0
8127 0.70 -19.62 -6.96 -78.00 -40.00 209.00 523.00 -229.00 -1112.00 0
8136 0.35 -18.57 -6.89 -80.00 -44.00 213.00 498.00 -223.00 -1237.00 0
8145 -0.56 -17.74 -7.03 -74.00 -54.00 210.00 498.00 -223.00 -1237.00 0
8155 -1.88 -17.18 -7.17 -74.00 -50.00 204.00 498.00 -223.00 -1237.00 0
8164 -3.34 -15.58 -7.17 -72.00 -53.00 206.00 498.00 -223.00 -1237.00 0
8173 -3.34 -14.33 -6.75 -69.00 -50.00 204.00 498.00 -223.00 -1237.00 0
8182 -3.13 -12.80 -6.12 -66.00 -49.00 202.00 498.00 -223.00 -1237.00 0
8192 -2.71 -11.06 -5.43 -65.00 -49.00 201.00 498.00 -223.00 -1237.00 0
8201 -2.30 -9.04 -4.59 -74.00 -50.00 210.00 498.00 -223.00 -1237.00 0
8210 -2.23 -6.68 -3.83 -77.00 -51.00 215.00 498.00 -223.00 -1237.00 0
8219 -2.71 -3.62 -3.34 -73.00 -47.00 211.00 498.00 -223.00 -1237.00 0
8228 -2.71 -2.64 -3.27 -81.00 -45.00 217.00 498.00 -223.00 -1237.00 0
8238 -2.71 -1.53 -2.99 -92.00 -51.00 229.00 498.00 -223.00 -1237.00 0
8247 -2.85 -0.70 -2.64 -85.00 -59.00 226.00 498.00 -223.00 -1237.00 0
8256 -3.13 -0.42 -2.43 -82.00 -53.00 221.00 498.00 -223.00 -1237.00 0
8265 -3.34 -0.28 -2.30 -86.00 -51.00 224.00 498.00 -223.00 -1237.00 0
8274 -3.55 0.07 -2.02 -81.00 -52.00 216.00 498.00 -223.00 -1237.00 0
8284 -3.48 0.14 -1.74 -71.00 -55.00 208.00 498.00 -223.00 -1237.00 0
8293 -3.20 0.42 -1.32 -75.00 -53.00 205.00 498.00 -223.00 -1237.00 0
8302 -2.85 1.11 -0.77 -70.00 -53.00 209.00 498.00 -223.00 -1237.00 0
8311 -2.37 1.88 -0.28 -72.00 -46.00 208.00 498.00 -223.00 -1237.00 0
8321 -2.02 2.85 0.14 -76.00 -53.00 206.00 498.00 -223.00 -1237.00 0
8330 -2.09 5.57 1.04 -77.00 -53.00 209.00 499.00 -221.00 -984.00 0
8339 -2.71 7.17 1.25 -74.00 -47.00 207.00 499.00 -221.00 -984.00 0
8348 -2.92 8.77 1.32 -70.00 -49.00 204.00 499.00 -221.00 -984.00 0
8357 -2.99 10.43 1.39 -67.00 -41.00 199.00 499.00 -221.00 -984.00 0
8367 -2.99 12.31 1.81 -67.00 -35.00 194.00 499.00 -221.00 -984.00 0
8376 -2.92 14.68 2.78 -62.00 -38.00 185.00 499.00 -221.00 -984.00 0
8385 -3.06 17.81 4.24 -61.00 -41.00 171.00 499.00 -221.00 -984.00 0
8394 -4.10 27.55 7.79 -56.00 -56.00 154.00 513.00 -227.00 -1149.00 0
8403 -4.52 34.85 9.53 -51.00 -57.00 139.00 513.00 -227.00 -1149.00 0
8413 -3.69 43.76 11.27 -42.00 -56.00 126.00 513.00 -227.00 -1149.00 0
8422 -1.60 54.40 13.15 -41.00 -56.00 112.00 513.00 -227.00 -1149.00 1
8432 1.67 66.85 15.30 -54.00 -49.00 127.00 513.00 -227.00 -1149.00 1
8443 8.70 96.49 19.34 -168.00 -44.00 233.00 513.00 -227.00 -1149.00 1
8454 8.00 110.61 18.92 -255.00 -77.00 353.00 513.00 -227.00 -1149.00 1
8465 3.20 120.49 15.17 -300.00 -46.00 407.00 513.00 -227.00 -1149.00 1
8475 -3.83 101.77 4.17 -244.00 -26.00 344.00 513.00 -227.00 -1149.00 1
8486 -6.68 77.01 -1.18 -196.00 -24.00 291.00 513.00 -227.00 -1149.00 1
8497 -9.60 28.59 -6.68 -162.00 -47.00 238.00 513.00 -227.00 -1149.00 1
8508 -9.74 10.30 -5.57 -130.00 -48.00 212.00 513.00 -227.00 -1149.00 1
8518 -8.07 -3.48 -2.64 -118.00 -44.00 198.00 513.00 -227.00 -1149.00 1
8528 -6.33 -19.27 3.13 -106.00 -36.00 193.00 545.00 -237.00 -1123.00 1
8539 -7.10 -23.37 4.87 -94.00 -46.00 179.00 545.00 -237.00 -1123.00 0
8548 -9.18 -26.23 5.91 -96.00 -56.00 175.00 545.00 -237.00 -1123.00 0
8557 -11.76 -28.03 6.12 -107.00 -42.00 189.00 545.00 -237.00 -1123.00 0
8566 -13.15 -29.22 5.70 -105.00 -41.00 198.00 545.00 -237.00 -1123.00 0
8576 -14.05 -29.98 3.97 -104.00 -42.00 202.00 545.00 -237.00 -1123.00 0
8585 -16.35 -31.03 3.55 -105.00 -51.00 195.00 545.00 -237.00 -1123.00 0
8594 -17.25 -30.96 3.69 -110.00 -61.00 201.00 545.00 -237.00 -1123.00 0
8603 -17.53 -30.12 4.03 -106.00 -67.00 198.00 545.00 -237.00 -1123.00 0
8613 -17.04 -28.87 4.38 -102.00 -67.00 194.00 545.00 -237.00 -1123.00 0
8623 -15.44 -27.34 4.38 -99.00 -59.00 193.00 545.00 -237.00 -1123.00 0
8632 -10.43 -23.58 4.31 -93.00 -56.00 198.00 545.00 -237.00 -1123.00 0
8641 -8.35 -21.50 4.38 -92.00 -59.00 192.00 545.00 -237.00 -1123.00 0
8650 -7.30 -19.06 4.17 -98.00 -62.00 192.00 545.00 -237.00 -1123.00 0
8659 -6.75 -16.35 3.83 -96.00 -58.00 193.00 545.00 -237.00 -1123.00 0
8669 -6.40 -13.50 3.20 -107.00 -58.00 205.00 545.00 -237.00 -1123.00 0
8678 -5.98 -10.92 2.37 -111.00 -58.00 214.00 545.00 -237.00 -1123.00 0
8687 -5.15 -8.07 0.21 -115.00 -63.00 216.00 545.00 -237.00 -1123.00 0
8696 -4.17 -8.14 -1.04 -116.00 -63.00 218.00 545.00 -237.00 -1123.00 0
8706 -2.64 -8.97 -2.37 -117.00 -53.00 220.00 545.00 -237.00 -1123.00 0
8715 -0.90 -10.09 -3.48 -117.00 -48.00 226.00 545.00 -237.00 -1123.00 0
8724 0.77 -11.34 -4.59 -113.00 -50.00 223.00 526.00 -236.00 -932.00 0
8733 1.88 -13.01 -5.57 -106.00 -47.00 215.00 526.00 -236.00 -932.00 0
8742 2.92 -16.63 -6.75 -98.00 -42.00 208.00 526.00 -236.00 -932.00 0
8752 2.99 -17.74 -7.03 -88.00 -43.00 201.00 526.00 -236.00 -932.00 0
8761 2.78 -18.02 -7.10 -92.00 -39.00 204.00 526.00 -236.00 -932.00 0
8770 2.16 -17.32 -6.89 -99.00 -51.00 211.00 526.00 -236.00 -932.00 0
8779 0.49 -16.00 -6.68 -100.00 -57.00 212.00 526.00 -236.00 -932.00 0
8788 -1.53 -14.68 -6.75 -106.00 -57.00 217.00 520.00 -233.00 -1032.00 0
8799 -4.17 -13.29 -7.65 -106.00 -57.00 222.00 520.00 -233.00 -1032.00 0
8808 -4.66 -13.36 -8.21 -107.00 -53.00 220.00 520.00 -233.00 -1032.00 0
8817 -4.59 -13.84 -8.70 -102.00 -53.00 217.00 520.00 -233.00 -1032.00 0
8826 -4.17 -14.47 -9.11 -101.00 -55.00 216.00 520.00 -233.00 -1032.00 0
8836 -3.69 -14.96 -9.39 -93.00 -53.00 212.00 520.00 -233.00 -1032.00 0
8845 -3.20 -15.17 -9.53 -95.00 -51.00 212.00 520.00 -233.00 -1032.00 0
8854 -1.81 -14.68 -9.39 -101.00 -56.00 223.00 514.00 -230.00 -1138.00 0
8863 -1.53 -14.40 -9.25 -95.00 -60.00 215.00 514.00 -230.00 -1138.00 0
8872 -1.32 -14.47 -9.60 -93.00 -56.00 212.00 514.00 -230.00 -1138.00 0
8882 -0.83 -14.40 -10.16 -99.00 -54.00 219.00 514.00 -230.00 -1138.00 0
8891 -0.35 -14.12 -10.71 -96.00 -57.00 217.00 514.00 -230.00 -1138.00 0
8900 -0.21 -14.19 -12.17 -91.00 -53.00 215.00 514.00 -230.00 -1138.00 0
8909 -0.42 -14.40 -12.87 -94.00 -56.00 216.00 514.00 -230.00 -1138.00 0
8919 -0.83 -14.26 -13.57 -96.00 -52.00 221.00 509.00 -226.00 -1207.00 0
8929 -1.25 -14.40 -14.19 -84.00 -53.00 215.00 509.00 -226.00 -1207.00 0
8938 -1.18 -15.03 -14.75 -84.00 -48.00 209.00 509.00 -226.00 -1207.00 0
8947 -0.83 -15.44 -14.89 -83.00 -49.00 206.00 509.00 -226.00 -1207.00 0
8956 -0.21 -14.89 -14.89 -75.00 -56.00 204.00 509.00 -226.00 -1207.00 0
8966 -0.07 -14.05 -15.03 -69.00 -50.00 195.00 509.00 -226.00 -1207.00 0
8975 0.42 -12.66 -15.10 -68.00 -45.00 196.00 509.00 -226.00 -1207.00 0
8984 1.46 -10.71 -14.82 -68.00 -37.00 198.00 502.00 -221.00 -1174.00 0
8993 2.50 -8.42 -14.05 -66.00 -38.00 196.00 502.00 -221.00 -1174.00 0
9003 2.85 -6.05 -13.08 -73.00 -42.00 202.00 502.00 -221.00 -1174.00 0
9012 1.18 -0.70 -11.06 -79.00 -49.00 207.00 502.00 -221.00 -1174.00 0
9021 -0.07 1.67 -10.37 -80.00 -52.00 212.00 502.00 -221.00 -1174.00 0
9030 -0.90 3.69 -9.88 -87.00 -56.00 211.00 502.00 -221.00 -1174.00 0
9039 -1.60 5.43 -9.74 -88.00 -61.00 213.00 502.00 -221.00 -1174.00 0
9049 -2.02 7.17 -9.67 -92.00 -61.00 212.00 509.00 -216.00 -900.00 0
9058 -2.02 8.56 -9.81 -90.00 -56.00 211.00 509.00 -216.00 -900.00 0
9067 -0.49 10.85 -9.95 -86.00 -45.00 209.00 509.00 -216.00 -900.00 0
9076 0.77 11.76 -9.53 -75.00 -40.00 203.00 509.00 -216.00 -900.00 0
9085 1.32 13.01 -8.77 -67.00 -48.00 191.00 509.00 -216.00 -900.00 0
9095 1.18 14.89 -7.65 -64.00 -52.00 173.00 509.00 -216.00 -900.00 0
9104 1.11 17.95 -6.19 -48.00 -55.00 151.00 509.00 -216.00 -900.00 0
9113 1.53 22.47 -4.38 -25.00 -51.00 121.00 509.00 -216.00 -900.00 0
9122 3.83 37.01 0.42 -1.00 -12.00 96.00 509.00 -216.00 -900.00 1
9133 6.96 48.21 5.15 -47.00 3.00 123.00 509.00 -216.00 -900.00 1
9144 7.44 63.03 11.20 -118.00 -24.00 199.00 509.00 -216.00 -900.00 1
9154 -5.84 94.05 17.11 -218.00 -81.00 301.00 509.00 -216.00 -900.00 1
9165 -17.04 102.26 14.26 -245.00 -81.00 315.00 509.00 -216.00 -900.00 1
9176 -23.37 99.97 9.74 -216.00 -55.00 317.00 509.00 -216.00 -900.00 1
9187 -26.99 64.35 -1.32 -206.00 -51.00 318.00 509.00 -216.00 -900.00 1
9198 -24.42 44.66 -4.66 -189.00 -59.00 294.00 509.00 -216.00 -900.00 1
9208 -20.80 27.41 -5.15 -153.00 -57.00 251.00 509.00 -216.00 -900.00 1
9220 -11.76 -0.14 -1.60 -130.00 -35.00 229.00 509.00 -216.00 -900.00 1
9231 -7.65 -9.67 1.88 -123.00 -46.00 210.00 509.00 -216.00 -900.00 1
9241 -5.91 -22.05 7.30 -121.00 -48.00 201.00 509.00 -216.00 -900.00 1
9251 -6.05 -26.57 8.77 -107.00 -48.00 196.00 509.00 -216.00 -900.00 0
9261 -5.91 -30.47 8.83 -100.00 -52.00 192.00 509.00 -216.00 -900.00 0
9270 -6.05 -33.53 8.07 -96.00 -45.00 195.00 509.00 -216.00 -900.00 0
9279 -6.12 -35.62 7.10 -98.00 -42.00 195.00 509.00 -216.00 -900.00 0
9288 -6.40 -37.22 4.59 -93.00 -44.00 196.00 509.00 -216.00 -900.00 0
9297 -10.50 -37.15 4.03 -97.00 -58.00 194.00 509.00 -216.00 -900.00 0
9307 -13.29 -36.59 4.03 -97.00 -74.00 190.00 509.00 -216.00 -900.00 0
9316 -15.23 -35.83 4.31 -89.00 -73.00 182.00 509.00 -216.00 -900.00 0
9325 -15.37 -34.78 4.66 -92.00 -73.00 189.00 509.00 -216.00 -900.00 0
9334 -14.26 -32.90 4.80 -94.00 -70.00 196.00 509.00 -216.00 -900.00 0
9344 -12.73 -27.90 4.31 -96.00 -71.00 205.00 509.00 -216.00 -900.00 0
9353 -9.46 -25.88 3.76 -95.00 -67.00 197.00 509.00 -216.00 -900.00 0
9362 -7.93 -24.28 2.99 -89.00 -64.00 196.00 509.00 -216.00 -900.00 0
9371 -6.33 -22.89 1.95 -90.00 -61.00 196.00 509.00 -216.00 -900.00 0
9380 -4.73 -21.36 0.83 -95.00 -57.00 202.00 520.00 -224.00 -1059.00 0
9390 -3.27 -19.83 -0.28 -97.00 -56.00 213.00 520.00 -224.00 -1059.00 0
9399 -1.88 -17.60 -2.85 -99.00 -53.00 212.00 520.00 -224.00 -1059.00 0
9408 0.21 -17.11 -4.38 -102.00 -50.00 217.00 520.00 -224.00 -1059.00 0
9417 0.77 -16.83 -5.77 -119.00 -52.00 238.00 520.00 -224.00 -1059.00 0
9427 0.77 -17.32 -7.10 -111.00 -53.00 237.00 520.00 -224.00 -1059.00 0
9437 0.56 -19.13 -8.35 -93.00 -34.00 219.00 520.00 -224.00 -1059.00 0
9446 0.70 -21.77 -9.18 -87.00 -35.00 225.00 511.00 -219.00 -1101.00 0
9455 -1.18 -23.86 -8.35 -89.00 -51.00 214.00 511.00 -219.00 -1101.00 0
9464 -3.69 -22.61 -7.44 -90.00 -64.00 207.00 511.00 -219.00 -1101.00 0
9474 -5.70 -20.80 -6.68 -92.00 -63.00 207.00 511.00 -219.00 -1101.00 0
9483 -6.54 -18.92 -6.33 -94.00 -59.00 212.00 511.00 -219.00 -1101.00 0
9492 -6.89 -17.46 -6.33 -87.00 -59.00 206.00 511.00 -219.00 -1101.00 0
9501 -7.10 -16.63 -6.82 -83.00 -58.00 207.00 511.00 -219.00 -1101.00 0
9510 -6.68 -14.82 -7.79 -86.00 -51.00 218.00 504.00 -218.00 -969.00 0
9520 -5.77 -13.98 -7.65 -87.00 -54.00 216.00 504.00 -218.00 -969.00 0
9529 -5.36 -13.57 -7.17 -85.00 -60.00 209.00 504.00 -218.00 -969.00 0
9538 -5.15 -13.36 -6.82 -80.00 -57.00 210.00 504.00 -218.00 -969.00 0
9547 -4.38 -12.80 -6.26 -85.00 -56.00 203.00 504.00 -218.00 -969.00 0
9556 -3.41 -12.10 -5.98 -78.00 -51.00 203.00 504.00 -218.00 -969.00 0
9566 -1.39 -10.16 -5.63 -81.00 -47.00 212.00 504.00 -218.00 -969.00 0
9575 -1.04 -8.83 -5.36 -89.00 -54.00 221.00 503.00 -217.00 -1239.00 0
9584 -1.46 -7.65 -5.22 -85.00 -59.00 216.00 503.00 -217.00 -1239.00 0
9593 -2.23 -7.03 -5.36 -85.00 -58.00 214.00 503.00 -217.00 -1239.00 0
9603 -2.78 -6.54 -5.63 -91.00 -58.00 221.00 503.00 -217.00 -1239.00 0
9612 -3.20 -5.84 -5.77 -89.00 -60.00 218.00 503.00 -217.00 -1239.00 0
9621 -3.62 -5.01 -6.12 -81.00 -50.00 214.00 503.00 -217.00 -1239.00 0
9630 -2.71 -4.73 -5.98 -77.00 -48.00 215.00 503.00 -217.00 -1239.00 0
9639 -2.30 -4.31 -5.43 -78.00 -56.00 212.00 503.00 -214.00 -1145.00 0
9649 -2.30 -3.69 -4.73 -74.00 -54.00 204.00 503.00 -214.00 -1145.00 0
9658 -2.37 -2.85 -4.10 -70.00 -57.00 206.00 503.00 -214.00 -1145.00 0
9667 -2.37 -1.95 -3.62 -75.00 -52.00 201.00 503.00 -214.00 -1145.00 0
9676 -2.43 -0.90 -2.78 -76.00 -56.00 203.00 503.00 -214.00 -1145.00 0
9686 -2.85 1.67 -2.57 -79.00 -56.00 204.00 503.00 -214.00 -1145.00 0
9695 -2.78 2.99 -2.43 -78.00 -54.00 212.00 503.00 -214.00 -1145.00 0
9704 -2.37 4.31 -2.23 -86.00 -50.00 206.00 503.00 -214.00 -1145.00 0
9713 -2.02 5.50 -2.09 -79.00 -59.00 204.00 503.00 -214.00 -1145.00 0
9722 -2.16 6.82 -2.16 -79.00 -63.00 197.00 503.00 -214.00 -1145.00 0
9732 -2.57 8.28 -2.50 -69.00 -67.00 184.00 503.00 -214.00 -1145.00 0
9741 -0.97 12.38 -2.71 -54.00 -67.00 159.00 503.00 -214.00 -1145.00 0
9750 1.04 15.51 -2.16 -46.00 -69.00 147.00 503.00 -214.00 -1145.00 0
9759 3.55 20.31 -1.32 -32.00 -63.00 127.00 503.00 -214.00 -1145.00 0
9768 7.44 26.78 0.00 -20.00 -42.00 104.00 503.00 -214.00 -1145.00 1
9779 12.59 35.62 2.16 -36.00 -17.00 136.00 503.00 -214.00 -1145.00 1
9790 20.94 63.30 7.17 -134.00 0.00 236.00 503.00 -214.00 -1145.00 1
9800 20.17 79.30 8.07 -233.00 -50.00 350.00 503.00 -214.00 -1145.00 1
9811 3.76 93.63 3.48 -257.00 -39.00 390.00 503.00 -214.00 -1145.00 1
9822 -2.02 82.37 0.14 -221.00 -35.00 339.00 503.00 -214.00 -1145.00 1
9833 -7.03 63.37 -3.13 -158.00 -44.00 258.00 503.00 -214.00 -1145.00 1
9844 -11.55 25.67 -5.63 -134.00 -62.00 220.00 503.00 -214.00 -1145.00 1
9854 -11.34 12.52 -3.62 -123.00 -67.00 219.00 503.00 -214.00 -1145.00 0
9864 -9.74 3.41 -0.49 -107.00 -66.00 194.00 503.00 -214.00 -1145.00 0
9873 -8.77 -3.20 1.95 -95.00 -49.00 187.00 503.00 -214.00 -1145.00 0
9882 -8.14 -11.55 4.24 -91.00 -35.00 194.00 503.00 -214.00 -1145.00 0
9891 -7.93 -13.63 4.52 -92.00 -33.00 192.00 503.00 -214.00 -1145.00 0
9901 -9.60 -15.03 4.31 -95.00 -47.00 189.00 503.00 -214.00 -1145.00 0
9910 -11.62 -16.14 3.83 -93.00 -58.00 190.00 503.00 -214.00 -1145.00 0
9919 -12.59 -16.90 3.62 -100.00 -52.00 194.00 503.00 -214.00 -1145.00 0
9928 -12.24 -17.25 3.69 -104.00 -55.00 204.00 503.00 -214.00 -1145.00 0
9938 -10.50 -16.49 3.97 -101.00 -58.00 206.00 503.00 -214.00 -1145.00 0
9948 -9.60 -16.07 4.10 -108.00 -59.00 207.00 503.00 -214.00 -1145.00 0
9957 -8.56 -15.58 4.17 -108.00 -63.00 206.00 503.00 -214.00 -1145.00 0
9966 -7.72 -14.96 3.90 -108.00 -66.00 203.00 503.00 -214.00 -1145.00 0
9975 -7.03 -14.47 3.34 -110.00 -67.00 207.00 503.00 -214.00 -1145.00 0
9985 -6.12 -14.12 2.43 -107.00 -62.00 206.00 503.00 -214.00 -1145.00 0
9994 -3.83 -13.77 0.07 -102.00 -64.00 204.00 503.00 -214.00 -1145.00 0
10003 -2.85 -13.43 -1.18 -100.00 -58.00 202.00 503.00 -214.00 -1145.00 0
10012 -1.95 -13.08 -2.30 -107.00 -51.00 215.00 503.00 -214.00 -1145.00 0
10021 -1.04 -12.73 -3.20 -110.00 -50.00 222.00 503.00 -214.00 -1145.00 0
10032 -0.35 -12.94 -3.97 -110.00 -52.00 221.00 503.00 -214.00 -1145.00 0
10041 0.14 -15.03 -5.08 -105.00 -52.00 220.00 503.00 -214.00 -1145.00 0
10050 0.70 -16.63 -5.50 -110.00 -46.00 232.00 503.00 -214.00 -1145.00 0
10059 0.83 -18.30 -5.77 -107.00 -41.00 224.00 503.00 -214.00 -1145.00 0
10068 0.42 -20.03 -5.77 -100.00 -43.00 216.00 503.00 -214.00 -1145.00 0
10078 -0.49 -21.57 -5.50 -92.00 -50.00 210.00 503.00 -214.00 -1145.00 0
10087 -1.74 -22.33 -5.15 -95.00 -57.00 206.00 503.00 -214.00 -1145.00 0
10096 -4.24 -21.50 -4.80 -99.00 -57.00 206.00 503.00 -214.00 -1145.00 0
10105 -4.80 -20.73 -4.94 -97.00 -57.00 212.00 503.00 -214.00 -1145.00 0
10116 -4.87 -20.24 -5.22 -95.00 -55.00 212.00 503.00 -214.00 -1145.00 0
10125 -4.80 -19.97 -5.50 -96.00 -54.00 214.00 503.00 -214.00 -1145.00 0
10134 -4.66 -19.83 -5.70 -95.00 -56.00 217.00 503.00 -214.00 -1145.00 0
10143 -4.38 -19.97 -5.84 -89.00 -54.00 212.00 503.00 -214.00 -1145.00 0
10152 -3.41 -20.45 -6.26 -82.00 -52.00 206.00 503.00 -214.00 -1145.00 0
10162 -2.71 -20.38 -6.40 -83.00 -49.00 209.00 503.00 -214.00 -1145.00 0
10171 -2.30 -19.97 -6.26 -85.00 -52.00 208.00 506.00 -222.00 -1216.00 0
10180 -2.30 -19.27 -6.19 -81.00 -52.00 204.00 506.00 -222.00 -1216.00 0
10189 -2.09 -18.50 -6.19 -80.00 -48.00 206.00 506.00 -222.00 -1216.00 0
10199 -1.53 -16.56 -5.84 -87.00 -51.00 220.00 506.00 -222.00 -1216.00 0
10208 -1.04 -16.00 -5.70 -89.00 -55.00 217.00 506.00 -222.00 -1216.00 0
10218 -1.25 -16.00 -6.05 -82.00 -53.00 216.00 506.00 -222.00 -1216.00 0
10227 -1.25 -16.14 -6.54 -79.00 -49.00 209.00 506.00 -222.00 -1216.00 0
10236 -1.11 -16.07 -6.96 -83.00 -54.00 217.00 506.00 -222.00 -1216.00 0
10246 -1.18 -15.58 -7.10 -83.00 -56.00 212.00 506.00 -222.00 -1216.00 0
10255 -2.30 -14.54 -7.30 -80.00 -54.00 209.00 506.00 -222.00 -1216.00 0
10264 -2.43 -13.70 -7.30 -81.00 -61.00 213.00 506.00 -222.00 -1216.00 0
10273 -2.43 -12.59 -7.17 -85.00 -61.00 212.00 506.00 -222.00 -1216.00 0
10283 -2.43 -11.48 -7.03 -75.00 -59.00 212.00 506.00 -222.00 -1216.00 0
10292 -2.09 -10.50 -7.03 -80.00 -52.00 216.00 506.00 -222.00 -1216.00 0
10301 -1.32 -9.46 -6.82 -82.00 -51.00 215.00 506.00 -222.00 -1216.00 0
10310 -0.49 -8.49 -6.54 -79.00 -48.00 215.00 506.00 -222.00 -1216.00 0
10319 -0.28 -8.35 -6.61 -76.00 -46.00 210.00 506.00 -222.00 -1216.00 0
10329 -0.07 -7.86 -6.54 -68.00 -43.00 209.00 506.00 -222.00 -1216.00 0
10338 0.00 -7.10 -6.33 -70.00 -46.00 207.00 506.00 -222.00 -1216.00 0
10347 -0.14 -5.91 -5.84 -68.00 -49.00 202.00 506.00 -222.00 -1216.00 0
10356 -0.70 -4.45 -5.29 -67.00 -51.00 202.00 506.00 -222.00 -1216.00 0
10366 -2.16 -0.56 -4.45 -69.00 -54.00 201.00 506.00 -222.00 -1216.00 0
10376 -2.85 1.81 -4.24 -69.00 -61.00 200.00 506.00 -222.00 -1216.00 0
10385 -3.34 4.31 -4.31 -67.00 -67.00 191.00 506.00 -222.00 -1216.00 0
10394 -3.76 7.03 -4.73 -65.00 -75.00 181.00 506.00 -222.00 -1216.00 0
10403 -3.90 10.02 -5.29 -51.00 -83.00 166.00 506.00 -222.00 -1216.00 0
10413 -3.41 13.50 -5.77 -37.00 -86.00 143.00 506.00 -222.00 -1216.00 0
10422 0.90 23.30 -6.47 -28.00 -78.00 125.00 506.00 -222.00 -1216.00 0
10431 6.05 30.75 -5.70 -28.00 -57.00 123.00 511.00 -216.00 -1039.00 0
10440 13.43 39.58 -3.48 -40.00 -32.00 135.00 511.00 -216.00 -1039.00 1
10450 22.26 49.74 0.21 -134.00 -3.00 262.00 511.00 -216.00 -1039.00 1
10462 30.19 68.17 6.33 -222.00 32.00 386.00 511.00 -216.00 -1039.00 1
10473 25.88 69.50 5.29 -229.00 10.00 393.00 511.00 -216.00 -1039.00 1
10483 15.17 63.79 1.74 -212.00 -4.00 354.00 511.00 -216.00 -1039.00 1
10494 -1.60 34.57 -1.11 -162.00 -44.00 273.00 528.00 -228.00 -1206.00 1
10506 -7.79 19.06 -1.18 -119.00 -61.00 213.00 528.00 -228.00 -1206.00 1
10516 -9.25 -2.57 1.60 -107.00 -59.00 208.00 528.00 -228.00 -1206.00 1
10526 -7.30 -8.83 3.41 -82.00 -54.00 186.00 528.00 -228.00 -1206.00 0
10535 -6.82 -13.08 4.52 -71.00 -48.00 184.00 528.00 -228.00 -1206.00 0
10546 -7.72 -15.44 4.94 -72.00 -37.00 188.00 528.00 -228.00 -1206.00 0
10555 -9.39 -16.56 5.50 -80.00 -43.00 205.00 528.00 -228.00 -1206.00 0
10564 -14.54 -17.46 6.47 -91.00 -58.00 204.00 528.00 -228.00 -1206.00 0
10573 -16.83 -18.23 7.10 -96.00 -62.00 214.00 528.00 -228.00 -1206.00 0
10583 -17.46 -19.69 8.00 -104.00 -63.00 213.00 528.00 -228.00 -1206.00 0
10592 -16.14 -21.98 9.39 -102.00 -50.00 210.00 528.00 -228.00 -1206.00 0
10601 -13.36 -24.21 10.57 -105.00 -45.00 224.00 528.00 -228.00 -1206.00 0
10611 -10.09 -27.41 12.73 -103.00 -49.00 226.00 528.00 -228.00 -1206.00 0
10620 -3.90 -28.66 14.05 -98.00 -54.00 221.00 528.00 -228.00 -1206.00 0
10630 -1.39 -29.63 15.30 -97.00 -51.00 222.00 528.00 -228.00 -1206.00 0
10639 1.53 -30.40 16.63 -92.00 -50.00 216.00 528.00 -228.00 -1206.00 0
10648 4.52 -31.10 17.81 -82.00 -47.00 212.00 528.00 -228.00 -1206.00 0
10657 7.65 -31.79 19.13 -86.00 -43.00 209.00 528.00 -228.00 -1206.00 0
10667 13.01 -31.65 21.50 -83.00 -40.00 207.00 528.00 -228.00 -1206.00 0
10677 14.82 -31.17 22.33 -74.00 -23.00 205.00 528.00 -228.00 -1206.00 0
10686 16.56 -30.54 23.10 -76.00 -18.00 208.00 528.00 -228.00 -1206.00 0
10695 17.74 -29.43 24.21 -76.00 -12.00 212.00 528.00 -228.00 -1206.00 0
10704 18.43 -27.83 25.67 -75.00 -10.00 219.00 528.00 -228.00 -1206.00 0
10714 20.45 -24.28 31.37 -74.00 -12.00 221.00 528.00 -228.00 -1206.00 0
10723 20.80 -22.47 34.99 -72.00 -30.00 215.00 528.00 -228.00 -1206.00 0
10733 20.87 -20.59 38.61 -70.00 -37.00 217.00 528.00 -228.00 -1206.00 0
10742 21.70 -18.78 42.30 -78.00 -33.00 225.00 528.00 -228.00 -1206.00 0
10752 23.44 -17.04 46.05 -81.00 -44.00 259.00 528.00 -228.00 -1206.00 0
10761 25.60 -15.30 49.18 -105.00 -19.00 233.00 528.00 -228.00 -1206.00 0
10770 33.67 -6.96 54.75 -83.00 -6.00 233.00 528.00 -228.00 -1206.00 0
10779 36.24 -6.82 56.00 -83.00 2.00 230.00 528.00 -228.00 -1206.00 0
10789 38.54 -7.51 57.39 -91.00 12.00 244.00 528.00 -228.00 -1206.00 0
10799 39.93 -8.21 59.48 -92.00 1.00 248.00 528.00 -228.00 -1206.00 0
10808 39.58 -8.77 61.29 -87.00 -15.00 239.00 528.00 -228.00 -1206.00 0
10817 38.40 -10.43 65.81 -89.00 -24.00 219.00 528.00 -228.00 -1206.00 0
10826 39.17 -10.57 67.97 -76.00 -22.00 219.00 528.00 -228.00 -1206.00 0
10835 41.18 -10.71 69.29 -77.00 -16.00 209.00 528.00 -228.00 -1206.00 0
10845 43.69 -10.23 69.91 -72.00 -5.00 207.00 528.00 -228.00 -1206.00 0
10854 47.03 -9.67 70.05 -73.00 16.00 216.00 528.00 -228.00 -1206.00 0
10864 51.06 -8.83 70.12 -71.00 32.00 221.00 528.00 -228.00 -1206.00 0
10873 54.54 -6.96 69.70 -74.00 43.00 227.00 528.00 -228.00 -1206.00 0
10883 53.70 -5.84 69.22 -73.00 45.00 232.00 528.00 -228.00 -1206.00 0
10892 51.55 -4.52 68.73 -65.00 42.00 223.00 528.00 -228.00 -1206.00 0
10901 48.49 -2.99 68.31 -62.00 33.00 220.00 528.00 -228.00 -1206.00 0
10910 45.43 -1.18 68.03 -66.00 41.00 213.00 528.00 -228.00 -1206.00 0
10919 41.11 3.41 67.62 -71.00 51.00 231.00 528.00 -228.00 -1206.00 0
10929 39.79 4.59 67.27 -68.00 50.00 228.00 528.00 -228.00 -1206.00 0
10939 38.19 5.08 66.85 -66.00 43.00 233.00 528.00 -228.00 -1206.00 0
10948 36.52 5.29 66.30 -67.00 44.00 231.00 528.00 -228.00 -1206.00 0
10957 35.20 5.36 65.11 -72.00 43.00 231.00 528.00 -228.00 -1206.00 0
10967 33.88 5.43 63.30 -69.00 50.00 220.00 528.00 -228.00 -1206.00 0
10976 32.14 5.63 59.06 -68.00 68.00 221.00 528.00 -228.00 -1206.00 0
10985 32.56 5.57 58.02 -66.00 74.00 225.00 528.00 -228.00 -1206.00 0
10994 32.35 5.50 57.74 -63.00 70.00 224.00 528.00 -228.00 -1206.00 0
11003 30.61 5.50 57.88 -64.00 65.00 221.00 528.00 -228.00 -1206.00 0
11013 28.10 5.50 58.23 -56.00 80.00 224.00 528.00 -228.00 -1206.00 0
11023 25.53 5.57 59.69 -63.00 73.00 227.00 528.00 -228.00 -1206.00 0
11032 17.11 6.33 59.83 -71.00 29.00 223.00 528.00 -228.00 -1206.00 0
11041 10.78 7.51 58.64 -70.00 16.00 221.00 528.00 -228.00 -1206.00 0
11051 6.68 7.93 56.28 -73.00 6.00 210.00 528.00 -228.00 -1206.00 0
11060 5.08 7.58 52.94 -79.00 8.00 216.00 528.00 -228.00 -1206.00 0
11069 6.05 6.61 48.83 -83.00 29.00 230.00 528.00 -228.00 -1206.00 0
11078 12.73 2.09 38.89 -66.00 58.00 221.00 528.00 -228.00 -1206.00 0
11087 16.56 -2.02 33.67 -66.00 82.00 222.00 528.00 -228.00 -1206.00 0
11097 19.76 -5.63 29.63 -72.00 96.00 230.00 528.00 -228.00 -1206.00 0
11106 21.84 -8.28 27.34 -84.00 85.00 234.00 528.00 -228.00 -1206.00 0
11116 22.12 -10.23 26.30 -81.00 74.00 226.00 528.00 -228.00 -1206.00 0
11125 21.43 -11.97 25.46 -72.00 84.00 221.00 528.00 -228.00 -1206.00 0
11134 19.55 -15.03 22.82 -73.00 84.00 224.00 528.00 -228.00 -1206.00 0
11144 18.92 -16.21 21.01 -49.00 118.00 -127.00 528.00 -228.00 -1206.00 0
11153 50.85 -25.81 12.38 -24.00 142.00 225.00 528.00 -228.00 -1206.00 0
11162 97.04 -32.21 11.34 -98.00 51.00 280.00 528.00 -228.00 -1206.00 0
11172 89.32 -25.04 21.57 -89.00 128.00 267.00 528.00 -228.00 -1206.00 0
11182 65.04 -10.23 28.87 -63.00 124.00 236.00 528.00 -228.00 -1206.00 0
11191 55.23 -7.86 32.00 -81.00 112.00 219.00 528.00 -228.00 -1206.00 0
11200 38.19 -5.08 34.37 -83.00 93.00 216.00 528.00 -228.00 -1206.00 0
11209 17.11 -1.46 33.46 -62.00 88.00 208.00 528.00 -228.00 -1206.00 0
11218 -1.95 2.85 30.75 -69.00 70.00 197.00 528.00 -228.00 -1206.00 0
11228 -13.98 6.05 28.38 -66.00 80.00 199.00 528.00 -228.00 -1206.00 0
11238 -16.35 5.15 28.87 -75.00 57.00 205.00 528.00 -228.00 -1206.00 0
11247 -9.18 2.37 28.66 -68.00 44.00 204.00 528.00 -228.00 -1206.00 0
11256 -0.97 -0.90 26.85 -61.00 88.00 206.00 528.00 -228.00 -1206.00 0
11266 6.61 -3.06 24.07 -31.00 25.00 196.00 528.00 -228.00 -1206.00 0
11275 11.34 -4.03 20.94 -93.00 98.00 208.00 528.00 -228.00 -1206.00 0
11284 32.70 -6.19 13.01 -99.00 104.00 244.00 404.00 -560.00 -1051.00 0
11293 37.77 -9.67 10.30 -114.00 108.00 253.00 404.00 -560.00 -1051.00 0
11302 38.12 -15.51 4.59 -93.00 159.00 283.00 404.00 -560.00 -1051.00 0
11313 28.73 -22.12 -1.95 -57.00 122.00 231.00 404.00 -560.00 -1051.00 0
11322 12.03 -28.87 -5.70 -25.00 111.00 178.00 404.00 -560.00 -1051.00 0
11331 2.71 -34.92 -11.69 -36.00 78.00 193.00 404.00 -560.00 -1051.00 0
11340 9.18 -38.40 -10.64 -35.00 79.00 227.00 404.00 -560.00 -1051.00 0
11350 18.30 -36.73 -7.93 -50.00 96.00 211.00 396.00 -565.00 -1094.00 0
11359 24.83 -34.09 -4.80 -45.00 49.00 186.00 396.00 -565.00 -1094.00 0
11368 30.12 -32.14 -2.78 -82.00 75.00 178.00 396.00 -565.00 -1094.00 0
11378 34.37 -29.29 -5.08 -25.00 162.00 231.00 396.00 -565.00 -1094.00 0
11387 6.05 -24.97 -17.74 -57.00 160.00 235.00 396.00 -565.00 -1094.00 0
11397 -7.44 -24.97 -19.41 -55.00 140.00 228.00 396.00 -565.00 -1094.00 0
11406 -10.16 -24.97 -19.13 -59.00 120.00 238.00 396.00 -565.00 -1094.00 0
11415 -7.17 -25.04 -16.90 -52.00 111.00 231.00 392.00 -556.00 -1097.00 0
11424 -5.50 -23.86 -16.35 -41.00 108.00 228.00 392.00 -556.00 -1097.00 0
11435 -6.33 -17.32 -20.66 -42.00 108.00 225.00 392.00 -556.00 -1097.00 0
11444 -9.74 -12.17 -25.18 -23.00 77.00 234.00 392.00 -556.00 -1097.00 0
11453 -10.43 -4.94 -30.75 -52.00 26.00 210.00 392.00 -556.00 -1097.00 0
11462 -4.87 8.56 -38.19 138.00 8.00 167.00 392.00 -556.00 -1097.00 0
11471 3.27 20.03 -49.18 15.00 49.00 192.00 392.00 -556.00 -1097.00 0
11481 2.30 10.92 -56.28 -58.00 77.00 198.00 413.00 -540.00 -1156.00 0
11490 0.07 -1.53 -59.76 9.00 87.00 224.00 413.00 -540.00 -1156.00 0
11499 -2.50 -10.50 -59.41 -43.00 101.00 240.00 413.00 -540.00 -1156.00 0
11509 -6.82 -23.10 -56.63 -24.00 76.00 249.00 413.00 -540.00 -1156.00 0
11518 -13.08 -35.90 -50.43 -10.00 83.00 259.00 413.00 -540.00 -1156.00 0
11528 -18.57 -45.77 -42.78 -19.00 67.00 232.00 413.00 -540.00 -1156.00 0
11537 -22.96 -51.69 -29.43 -25.00 62.00 225.00 413.00 -540.00 -1156.00 0
11546 -24.90 -43.55 -24.83 -28.00 73.00 208.00 400.00 -522.00 -958.00 0
11555 -23.65 -32.97 -19.55 -9.00 65.00 191.00 400.00 -522.00 -958.00 0
11565 -23.65 -22.89 -14.89 -1.00 59.00 177.00 400.00 -522.00 -958.00 0
11574 -26.16 -13.50 -11.41 -13.00 51.00 193.00 400.00 -522.00 -958.00 0
11584 -31.86 -8.97 -8.70 11.00 29.00 252.00 400.00 -522.00 -958.00 0
11593 -55.51 -31.44 -7.79 -13.00 -17.00 243.00 400.00 -522.00 -958.00 0
11602 -70.12 -46.96 -11.97 29.00 -16.00 235.00 400.00 -522.00 -958.00 0
11612 -80.42 -54.47 -16.42 16.00 -22.00 262.00 390.00 -487.00 -1100.00 0
11621 -85.57 -56.21 -19.34 -10.00 0.00 269.00 390.00 -487.00 -1100.00 0
11630 -86.96 -53.15 -20.31 18.00 2.00 303.00 390.00 -487.00 -1100.00 0
11639 -85.91 -49.25 -19.69 -30.00 41.00 298.00 390.00 -487.00 -1100.00 0
11649 -76.66 -22.26 -18.23 -2.00 61.00 291.00 390.00 -487.00 -1100.00 0
11658 -76.10 -16.21 -23.10 -11.00 66.00 254.00 390.00 -487.00 -1100.00 0
11668 -81.39 -14.54 -25.32 0.00 61.00 226.00 390.00 -487.00 -1100.00 0
11677 -92.66 -17.04 -27.90 10.00 52.00 204.00 396.00 -434.00 -1184.00 0
11686 -109.08 -19.13 -30.82 2.00 37.00 194.00 396.00 -434.00 -1184.00 0
11696 -148.17 -13.91 -39.58 -14.00 38.00 212.00 396.00 -434.00 -1184.00 0
11705 -165.50 -11.20 -44.45 -15.00 17.00 216.00 396.00 -434.00 -1184.00 0
11715 -179.55 -10.71 -47.93 -34.00 22.00 241.00 396.00 -434.00 -1184.00 0
11724 -189.70 -8.70 -52.38 -38.00 3.00 245.00 396.00 -434.00 -1184.00 0
11734 -196.94 -5.63 -58.99 -25.00 -40.00 215.00 396.00 -434.00 -1184.00 0
11743 -199.44 -3.55 -65.95 -12.00 -23.00 225.00 414.00 -310.00 -1269.00 0
11752 -181.84 6.54 -78.19 -32.00 -46.00 215.00 414.00 -310.00 -1269.00 0
11761 -168.00 11.20 -81.32 -16.00 -65.00 194.00 414.00 -310.00 -1269.00 0
11771 -155.41 14.05 -84.66 -8.00 -74.00 190.00 414.00 -310.00 -1269.00 0
11781 -145.04 17.04 -89.88 -17.00 -82.00 194.00 414.00 -310.00 -1269.00 0
11790 -136.28 20.45 -96.56 -23.00 -70.00 209.00 414.00 -310.00 -1269.00 0
11799 -116.94 31.93 -108.94 -18.00 -56.00 208.00 414.00 -310.00 -1269.00 0
11808 -105.60 38.75 -108.73 -37.00 -59.00 206.00 446.00 -227.00 -1074.00 0
11819 -96.14 45.15 -104.49 -42.00 -62.00 204.00 446.00 -227.00 -1074.00 0
11828 -89.81 52.94 -99.55 -40.00 -62.00 200.00 446.00 -227.00 -1074.00 0
11837 -86.19 61.98 -95.58 -54.00 -67.00 213.00 446.00 -227.00 -1074.00 0
11846 -84.94 78.26 -90.92 -49.00 -82.00 202.00 446.00 -227.00 -1074.00 0
11855 -86.68 81.95 -92.31 -65.00 -81.00 226.00 446.00 -227.00 -1074.00 0
11865 -88.90 83.13 -95.10 -113.00 -72.00 247.00 446.00 -227.00 -1074.00 0
11875 -92.38 84.52 -100.73 -138.00 -53.00 208.00 495.00 -141.00 -1052.00 0
11884 -96.42 85.50 -109.63 -146.00 -68.00 218.00 495.00 -141.00 -1052.00 0
11893 -99.55 82.16 -130.50 -128.00 -87.00 196.00 495.00 -141.00 -1052.00 0
11902 -103.51 70.47 -138.43 -106.00 -91.00 183.00 495.00 -141.00 -1052.00 0
11913 -102.05 63.65 -145.11 -81.00 -97.00 159.00 495.00 -141.00 -1052.00 0
11922 -99.20 56.83 -150.19 -45.00 -107.00 138.00 495.00 -141.00 -1052.00 0
11931 -94.82 50.30 -152.42 -36.00 -107.00 140.00 495.00 -141.00 -1052.00 0
11941 -88.28 45.22 -150.75 -60.00 -108.00 129.00 495.00 -141.00 -1052.00 0
11951 -72.28 43.20 -152.14 -44.00 -109.00 172.00 495.00 -141.00 -1052.00 0
11960 -63.58 48.56 -158.61 -105.00 -132.00 186.00 495.00 -141.00 -1052.00 0
11969 -56.56 50.23 -168.21 -123.00 -163.00 165.00 495.00 -141.00 -1052.00 0
11979 -50.02 48.00 -181.57 -87.00 -139.00 210.00 495.00 -141.00 -1052.00 0
11988 -39.17 47.51 -215.37 -89.00 -133.00 215.00 495.00 -141.00 -1052.00 0
11998 -16.70 38.47 -224.35 -42.00 -156.00 194.00 495.00 -141.00 -1052.00 0
12007 -13.63 29.29 -228.45 -7.00 -141.00 158.00 495.00 -141.00 -1052.00 0
12017 -10.71 17.46 -227.55 -13.00 -108.00 143.00 495.00 -141.00 -1052.00 0
12026 -5.50 7.44 -223.44 -51.00 -102.00 195.00 495.00 -141.00 -1052.00 0
12036 -0.63 3.83 -218.09 -89.00 -141.00 200.00 495.00 -141.00 -1052.00 0
12045 -5.22 15.44 -200.97 -108.00 -158.00 170.00 495.00 -141.00 -1052.00 0
12055 -4.03 20.17 -187.69 -64.00 -211.00 228.00 495.00 -141.00 -1052.00 0
12064 -5.15 36.45 -172.59 -125.00 -240.00 190.00 495.00 -141.00 -1052.00 0
12073 -10.92 48.56 -147.90 -63.00 -224.00 287.00 495.00 -141.00 -1052.00 0
12083 -17.95 54.61 -122.99 -40.00 -230.00 238.00 495.00 -141.00 -1052.00 0
12093 -49.04 77.91 -93.15 -20.00 -217.00 202.00 495.00 -141.00 -1052.00 0
12102 -66.50 85.43 -81.74 0.00 -202.00 222.00 495.00 -141.00 -1052.00 0
12111 -77.70 86.33 -77.01 2.00 -188.00 223.00 495.00 -141.00 -1052.00 0
12121 -84.94 87.72 -75.27 13.00 -141.00 190.00 495.00 -141.00 -1052.00 0
12130 -88.28 89.74 -75.41 -24.00 -144.00 186.00 495.00 -141.00 -1052.00 0
12139 -84.94 109.63 -79.30 -62.00 -135.00 115.00 495.00 -141.00 -1052.00 0
12149 -83.97 124.87 -72.63 -44.00 -139.00 141.00 495.00 -141.00 -1052.00 0
12158 -84.94 137.81 -58.50 -21.00 -173.00 172.00 495.00 -141.00 -1052.00 0
12168 -85.43 142.75 -36.10 -39.00 -188.00 187.00 495.00 -141.00 -1052.00 0
12178 -87.23 143.23 -9.39 -59.00 -221.00 189.00 495.00 -141.00 -1052.00 0
12187 -85.22 143.51 29.08 -68.00 -227.00 189.00 495.00 -141.00 -1052.00 0
12196 -79.72 143.93 33.74 -80.00 -223.00 193.00 495.00 -141.00 -1052.00 0
12206 -73.95 142.26 31.58 -87.00 -225.00 180.00 495.00 -141.00 -1052.00 0
12216 -65.74 135.51 24.63 -93.00 -219.00 169.00 495.00 -141.00 -1052.00 0
12225 -54.68 124.31 15.79 -102.00 -210.00 151.00 495.00 -141.00 -1052.00 0
12234 -39.65 102.05 0.77 -127.00 -218.00 111.00 495.00 -141.00 -1052.00 0
12243 -41.74 96.70 0.63 -120.00 -228.00 101.00 495.00 -141.00 -1052.00 0
12254 -40.21 88.97 -0.97 -95.00 -205.00 143.00 495.00 -141.00 -1052.00 0
12263 -32.21 77.57 -4.24 -94.00 -220.00 136.00 495.00 -141.00 -1052.00 0
12272 -25.04 68.66 -7.10 -97.00 -212.00 133.00 495.00 -141.00 -1052.00 0
12281 -21.08 62.19 -14.33 -59.00 -192.00 145.00 495.00 -141.00 -1052.00 0
12291 -1.25 49.04 -27.69 -50.00 -192.00 204.00 495.00 -141.00 -1052.00 0
12300 18.09 39.10 -35.62 -13.00 -182.00 203.00 495.00 -141.00 -1052.00 0
12310 39.72 32.49 -37.77 -56.00 -191.00 180.00 495.00 -141.00 -1052.00 0
12319 60.03 30.47 -38.82 -78.00 -186.00 156.00 495.00 -141.00 -1052.00 0
12328 70.26 27.69 -39.51 -84.00 -168.00 161.00 495.00 -141.00 -1052.00 0
12338 60.24 27.06 -43.20 -103.00 -171.00 141.00 495.00 -141.00 -1052.00 0
12347 45.36 30.61 -43.06 -100.00 -166.00 150.00 495.00 -141.00 -1052.00 0
12357 26.16 32.63 -39.86 -76.00 -173.00 165.00 495.00 -141.00 -1052.00 0
12366 1.95 33.32 -32.35 -83.00 -184.00 155.00 495.00 -141.00 -1052.00 0
12376 -20.80 34.43 -21.57 -65.00 -175.00 155.00 495.00 -141.00 -1052.00 0
12385 -48.00 35.13 4.31 -67.00 -183.00 154.00 495.00 -141.00 -1052.00 0
12394 -54.26 35.76 14.47 -82.00 -198.00 151.00 495.00 -141.00 -1052.00 0
12404 -59.55 36.94 21.84 -93.00 -262.00 135.00 495.00 -141.00 -1052.00 0
12413 -57.67 37.36 25.74 -76.00 -223.00 146.00 495.00 -141.00 -1052.00 0
12423 -51.20 37.08 27.76 -72.00 -223.00 136.00 495.00 -141.00 -1052.00 0
12432 -49.18 35.76 34.23 -70.00 -201.00 140.00 495.00 -141.00 -1052.00 0
12441 -48.00 33.11 35.62 -71.00 -197.00 137.00 495.00 -141.00 -1052.00 0
12451 -42.50 30.40 35.27 -69.00 -189.00 135.00 495.00 -141.00 -1052.00 0
12461 -33.81 28.03 32.21 -107.00 -196.00 136.00 495.00 -141.00 -1052.00 0
12470 -26.30 24.42 24.14 -108.00 -211.00 119.00 495.00 -141.00 -1052.00 0
12479 -15.37 20.38 2.92 -106.00 -208.00 148.00 495.00 -141.00 -1052.00 0
12489 17.46 17.67 -4.59 -92.00 -208.00 138.00 495.00 -141.00 -1052.00 0
12498 27.90 17.67 -8.14 -103.00 -197.00 127.00 495.00 -141.00 -1052.00 0
12508 28.94 17.25 -9.04 -88.00 -192.00 122.00 495.00 -141.00 -1052.00 0
12517 29.43 19.27 -6.40 -82.00 -189.00 117.00 495.00 -141.00 -1052.00 0
12526 31.10 22.33 -2.02 -57.00 -177.00 102.00 495.00 -141.00 -1052.00 0
12535 26.64 22.68 1.25 -67.00 -170.00 93.00 495.00 -141.00 -1052.00 0
12545 22.40 18.23 -1.74 -87.00 -182.00 127.00 495.00 -141.00 -1052.00 0
12555 19.41 13.91 -1.53 -112.00 -230.00 147.00 495.00 -141.00 -1052.00 0
12564 14.75 13.08 -0.49 -92.00 -207.00 139.00 495.00 -141.00 -1052.00 0
12573 10.50 8.97 -0.21 -114.00 -195.00 143.00 495.00 -141.00 -1052.00 0
12582 10.57 -4.59 -2.02 -78.00 -213.00 120.00 495.00 -141.00 -1052.00 0
12592 12.10 -7.44 -1.81 -126.00 -183.00 120.00 495.00 -141.00 -1052.00 0
12601 2.57 -7.44 -1.04 -162.00 -201.00 170.00 495.00 -141.00 -1052.00 0
12611 -8.28 -7.58 -0.83 8.00 -175.00 110.00 495.00 -141.00 -1052.00 0
12620 -15.86 -7.10 -0.56 -95.00 -185.00 145.00 495.00 -141.00 -1052.00 0
12630 -18.78 -5.43 -0.35 -106.00 -214.00 178.00 495.00 -141.00 -1052.00 0
12639 -26.50 -7.03 -1.39 -99.00 -175.00 180.00 495.00 -141.00 -1052.00 0
12648 -30.40 -10.50 -2.50 -99.00 -157.00 150.00 495.00 -141.00 -1052.00 0
12657 -36.52 -14.26 -7.17 -115.00 -125.00 189.00 495.00 -141.00 -1052.00 0
12666 -48.49 -16.21 -15.30 -79.00 -374.00 112.00 495.00 -141.00 -1052.00 0
12677 -76.52 -14.12 -25.95 -65.00 -100.00 148.00 495.00 -141.00 -1052.00 0
12686 -90.99 -11.90 -55.10 -63.00 -191.00 128.00 495.00 -141.00 -1052.00 0
12695 -104.49 -9.74 -66.02 -103.00 -235.00 32.00 495.00 -141.00 -1052.00 0
12704 -100.45 -11.69 -72.90 -66.00 -230.00 82.00 495.00 -141.00 -1052.00 0
12713 -79.93 -12.73 -75.34 -16.00 -198.00 109.00 495.00 -141.00 -1052.00 0
12724 -62.47 -11.27 -73.04 -17.00 -217.00 160.00 495.00 -141.00 -1052.00 0
12733 -54.47 -10.16 -56.77 -75.00 -223.00 252.00 495.00 -141.00 -1052.00 0
12742 -87.03 -0.97 -45.50 -21.00 -73.00 19.00 495.00 -141.00 -1052.00 0
12751 -136.77 6.19 -35.41 -98.00 -211.00 146.00 495.00 -141.00 -1052.00 0
12761 -175.30 7.17 -35.20 -93.00 -198.00 105.00 495.00 -141.00 -1052.00 0
12771 -195.06 1.04 -40.35 -114.00 -430.00 -27.00 495.00 -141.00 -1052.00 0
12780 -208.49 -2.92 -46.40 -82.00 -225.00 229.00 495.00 -141.00 -1052.00 0
12789 -147.97 -22.40 -66.16 -267.00 -574.00 -73.00 600.00 420.00 -1211.00 0
12798 -122.02 -29.15 -63.10 -44.00 -337.00 -60.00 600.00 420.00 -1211.00 0
12808 -105.32 -26.09 -61.91 -22.00 -296.00 -27.00 600.00 420.00 -1211.00 0
12818 -85.57 -21.22 -62.47 -7.00 -224.00 71.00 600.00 420.00 -1211.00 0
12827 -56.07 -15.93 -57.60 -25.00 -280.00 82.00 600.00 420.00 -1211.00 0
12836 -34.30 -7.23 -33.81 -43.00 -252.00 49.00 600.00 420.00 -1211.00 0
12846 -27.76 -6.12 -18.99 -61.00 -244.00 88.00 600.00 420.00 -1211.00 0
12855 -23.44 -8.77 -6.96 -54.00 -250.00 81.00 600.00 419.00 -1054.00 0
12864 -19.76 -10.57 1.46 -55.00 -252.00 68.00 599.00 419.00 -1054.00 0
12873 -16.56 -10.92 6.47 -55.00 -248.00 64.00 599.00 419.00 -1054.00 0
12882 -13.98 -10.43 9.67 -62.00 -242.00 68.00 599.00 419.00 -1054.00 0
12893 -9.81 -6.61 7.37 -63.00 -243.00 68.00 599.00 419.00 -1054.00 0
12902 -8.70 -6.40 4.31 -57.00 -249.00 68.00 599.00 419.00 -1054.00 0
12911 -7.93 -6.33 -0.21 -50.00 -251.00 69.00 599.00 419.00 -1054.00 0
12920 -7.17 -5.57 -5.01 -50.00 -252.00 67.00 599.00 419.00 -1054.00 0
12930 -6.05 -3.27 -9.39 -46.00 -255.00 65.00 599.00 419.00 -1054.00 0
12939 -5.22 -1.18 -12.80 -45.00 -255.00 73.00 599.00 419.00 -1054.00 0
12948 -4.87 -1.88 -14.40 -39.00 -258.00 70.00 599.00 419.00 -1054.00 0
12957 -4.66 -1.67 -13.50 -34.00 -261.00 71.00 599.00 419.00 -1054.00 0
12966 -4.31 -0.97 -10.71 -43.00 -257.00 65.00 599.00 419.00 -1054.00 0
12976 -3.97 -0.42 -6.26 -53.00 -252.00 68.00 599.00 419.00 -1054.00 0
12985 -3.90 -0.77 -1.32 -59.00 -245.00 75.00 599.00 419.00 -1054.00 0
12994 -3.97 -1.88 3.62 -57.00 -247.00 72.00 599.00 419.00 -1054.00 0
13003 -3.97 -1.95 2.37 -50.00 -247.00 71.00 599.00 419.00 -1054.00 0
13012 -4.10 -2.16 -0.28 -45.00 -254.00 79.00 599.00 419.00 -1054.00 0
13022 -4.17 -2.30 -3.06 -45.00 -257.00 71.00 599.00 419.00 -1054.00 0
13031 -3.97 -1.53 -4.80 -49.00 -250.00 70.00 599.00 419.00 -1054.00 0
13040 -3.83 -0.97 -4.94 -46.00 -254.00 68.00 599.00 419.00 -1054.00 0
13049 -3.76 -0.97 -3.41 -50.00 -250.00 71.00 599.00 419.00 -1054.00 0
13059 -3.76 -0.77 -2.43 -51.00 -250.00 71.00 593.00 422.00 -1202.00 0
13068 -3.69 -0.70 -1.67 -49.00 -250.00 72.00 593.00 422.00 -1202.00 0
13077 -3.76 -0.77 -1.46 -48.00 -253.00 68.00 593.00 422.00 -1202.00 0
13086 -3.76 -0.83 -1.60 -47.00 -253.00 71.00 593.00 422.00 -1202.00 0
13095 -3.76 -0.90 -1.81 -46.00 -252.00 70.00 593.00 422.00 -1202.00 0
13105 -3.76 -1.04 -2.02 -50.00 -253.00 72.00 593.00 422.00 -1202.00 0
13114 -3.76 -1.11 -1.95 -50.00 -248.00 69.00 593.00 422.00 -1202.00 0
13123 -3.76 -1.11 -2.02 -49.00 -251.00 67.00 593.00 422.00 -1202.00 0
13132 -3.76 -1.11 -2.09 -47.00 -252.00 68.00 593.00 422.00 -1202.00 0
13142 -3.76 -1.11 -2.23 -49.00 -251.00 71.00 593.00 422.00 -1202.00 0
13151 -3.76 -1.11 -2.23 -51.00 -254.00 71.00 593.00 422.00 -1202.00 0
13160 -3.69 -1.04 -1.95 -47.00 -253.00 70.00 593.00 422.00 -1202.00 0
13170 -3.69 -0.97 -1.74 -50.00 -251.00 68.00 593.00 422.00 -1202.00 0
13179 -3.62 -0.97 -1.60 -46.00 -254.00 70.00 593.00 422.00 -1202.00 0
13189 -3.62 -1.04 -1.67 -50.00 -254.00 69.00 593.00 422.00 -1202.00 0
13198 -3.69 -0.97 -1.74 -50.00 -254.00 70.00 593.00 422.00 -1202.00 0
13207 -3.76 -1.04 -1.88 -49.00 -250.00 71.00 593.00 422.00 -1202.00 0
13216 -3.76 -1.11 -2.02 -50.00 -252.00 69.00 593.00 422.00 -1202.00 0
13225 -3.76 -1.11 -1.95 -50.00 -249.00 67.00 593.00 422.00 -1202.00 0
13235 -3.76 -1.04 -1.95 -48.00 -255.00 72.00 593.00 422.00 -1202.00 0
13244 -3.76 -1.04 -1.88 -51.00 -251.00 71.00 593.00 422.00 -1202.00 0
13253 -3.76 -1.04 -1.81 -47.00 -252.00 67.00 594.00 419.00 -1044.00 0
13262 -3.76 -1.04 -1.74 -49.00 -251.00 69.00 594.00 419.00 -1044.00 0
13272 -3.76 -1.04 -1.74 -50.00 -252.00 70.00 594.00 419.00 -1044.00 0
13281 -3.83 -1.04 -1.74 -46.00 -253.00 68.00 594.00 419.00 -1044.00 0
13290 -3.76 -1.04 -1.81 -48.00 -254.00 72.00 594.00 419.00 -1044.00 0
13299 -3.76 -1.04 -1.88 -47.00 -254.00 71.00 594.00 419.00 -1044.00 0
13308 -3.76 -1.04 -1.88 -46.00 -250.00 67.00 594.00 419.00 -1044.00 0
13318 -3.69 -1.04 -1.95 -46.00 -249.00 70.00 594.00 419.00 -1015.00 0
13327 -3.62 -1.04 -1.88 -50.00 -253.00 71.00 594.00 419.00 -1015.00 0
13336 -3.62 -1.04 -1.81 -47.00 -252.00 67.00 594.00 419.00 -1015.00 0
13345 -3.62 -1.11 -1.81 -50.00 -253.00 72.00 594.00 419.00 -1015.00 0
13355 -3.69 -1.11 -1.74 -48.00 -254.00 74.00 594.00 419.00 -1015.00 0
13364 -3.69 -1.11 -1.67 -49.00 -253.00 68.00 594.00 419.00 -1015.00 0
13373 -3.69 -1.11 -1.53 -50.00 -253.00 70.00 594.00 419.00 -1015.00 0
13382 -3.69 -1.11 -1.60 -52.00 -252.00 67.00 593.00 421.00 -1062.00 0
13391 -3.69 -1.11 -1.67 -46.00 -254.00 75.00 593.00 421.00 -1062.00 0
13401 -3.76 -1.18 -1.74 -48.00 -250.00 71.00 593.00 421.00 -1062.00 0
13410 -3.76 -1.18 -1.67 -48.00 -250.00 70.00 593.00 421.00 -1062.00 0
13419 -3.76 -1.11 -1.67 -49.00 -253.00 69.00 593.00 421.00 -1062.00 0
13428 -3.76 -1.11 -1.60 -49.00 -249.00 69.00 593.00 421.00 -1062.00 0
13437 -3.69 -1.18 -1.60 -49.00 -253.00 69.00 593.00 421.00 -1062.00 0
13447 -3.76 -1.25 -1.60 -48.00 -253.00 71.00 590.00 420.00 -1047.00 0
13456 -3.69 -1.18 -1.60 -47.00 -253.00 68.00 590.00 420.00 -1047.00 0
13465 -3.69 -1.11 -1.67 -49.00 -250.00 69.00 590.00 420.00 -1047.00 0
13474 -3.69 -1.11 -1.67 -48.00 -251.00 67.00 590.00 420.00 -1047.00 0
13484 -3.76 -1.11 -1.67 -48.00 -252.00 69.00 590.00 420.00 -1047.00 0
13493 -3.76 -1.18 -1.60 -48.00 -254.00 71.00 590.00 420.00 -1047.00 0
13502 -3.83 -1.18 -1.60 -49.00 -252.00 68.00 590.00 420.00 -1047.00 0
13511 -3.83 -1.18 -1.60 -47.00 -254.00 73.00 593.00 421.00 -987.00 0
13520 -3.83 -1.18 -1.67 -51.00 -253.00 70.00 593.00 421.00 -987.00 0
13530 -3.76 -1.18 -1.67 -49.00 -253.00 69.00 593.00 421.00 -987.00 0
13539 -3.76 -1.11 -1.60 -50.00 -253.00 71.00 593.00 421.00 -987.00 0
13548 -3.83 -1.11 -1.53 -49.00 -254.00 68.00 593.00 421.00 -987.00 0
13557 -3.76 -1.11 -1.53 -52.00 -249.00 68.00 593.00 421.00 -987.00 0
13566 -3.83 -1.11 -1.60 -48.00 -250.00 70.00 593.00 421.00 -987.00 0
13576 -3.76 -1.11 -1.60 -47.00 -253.00 72.00 593.00 421.00 -987.00 0
13585 -3.76 -1.04 -1.60 -47.00 -252.00 67.00 593.00 421.00 -987.00 0
13594 -3.76 -1.04 -1.60 -48.00 -253.00 67.00 593.00 421.00 -987.00 0
13603 -3.76 -1.04 -1.60 -49.00 -252.00 69.00 593.00 421.00 -987.00 0
13613 -3.76 -1.18 -1.60 -49.00 -250.00 67.00 593.00 421.00 -987.00 0
13622 -3.76 -1.18 -1.60 -48.00 -252.00 69.00 593.00 421.00 -987.00 0
13631 -3.69 -1.18 -1.60 -50.00 -255.00 72.00 593.00 421.00 -987.00 0
13640 -3.69 -1.18 -1.53 -49.00 -250.00 70.00 593.00 421.00 -987.00 0
13649 -3.69 -1.18 -1.53 -50.00 -251.00 69.00 595.00 419.00 -1054.00 0
13659 -3.69 -1.18 -1.53 -48.00 -249.00 67.00 595.00 419.00 -1054.00 0
13668 -3.76 -1.11 -1.46 -46.00 -254.00 70.00 595.00 419.00 -1054.00 0
13677 -3.76 -1.11 -1.46 -46.00 -250.00 67.00 595.00 419.00 -1054.00 0
13686 -3.69 -1.04 -1.53 -48.00 -251.00 69.00 595.00 419.00 -1054.00 0
13696 -3.69 -1.04 -1.53 -49.00 -248.00 70.00 595.00 419.00 -1054.00 0
13705 -3.69 -1.04 -1.60 -48.00 -253.00 70.00 595.00 419.00 -1054.00 0
13714 -3.76 -1.11 -1.53 -49.00 -251.00 66.00 595.00 419.00 -1054.00 0
13723 -3.76 -1.04 -1.60 -48.00 -252.00 74.00 595.00 419.00 -1054.00 0
13732 -3.69 -1.11 -1.60 -48.00 -250.00 67.00 595.00 419.00 -1054.00 0
13742 -3.69 -1.11 -1.60 -47.00 -252.00 70.00 595.00 419.00 -1054.00 0
13751 -3.69 -1.11 -1.53 -51.00 -252.00 71.00 595.00 419.00 -1054.00 0
13760 -3.69 -1.04 -1.53 -48.00 -252.00 67.00 595.00 419.00 -1054.00 0
13769 -3.76 -1.04 -1.60 -48.00 -250.00 68.00 595.00 419.00 -1054.00 0
13779 -3.83 -1.11 -1.60 -52.00 -248.00 68.00 595.00 419.00 -1054.00 0
13789 -3.83 -1.18 -1.53 -49.00 -254.00 69.00 595.00 419.00 -1054.00 0
13798 -3.83 -1.18 -1.46 -48.00 -250.00 69.00 595.00 419.00 -1054.00 0
13807 -3.83 -1.11 -1.53 -49.00 -251.00 69.00 595.00 419.00 -1054.00 0
13816 -3.90 -1.04 -1.53 -51.00 -251.00 66.00 595.00 419.00 -1054.00 0
13826 -3.83 -1.04 -1.60 -48.00 -256.00 70.00 595.00 419.00 -1054.00 0
13835 -3.83 -1.04 -1.60 -48.00 -254.00 72.00 595.00 419.00 -1054.00 0
13844 -3.83 -1.04 -1.60 -46.00 -251.00 71.00 592.00 419.00 -1030.00 0
13853 -3.83 -1.11 -1.60 -50.00 -250.00 73.00 592.00 419.00 -1030.00 0
13862 -3.83 -1.18 -1.60 -51.00 -254.00 69.00 592.00 419.00 -1030.00 0
13872 -3.83 -1.18 -1.67 -50.00 -254.00 72.00 592.00 419.00 -1030.00 0
13881 -3.83 -1.18 -1.67 -48.00 -252.00 69.00 592.00 419.00 -1030.00 0
13890 -3.83 -1.18 -1.74 -48.00 -248.00 68.00 592.00 419.00 -1030.00 0
13899 -3.90 -1.18 -1.60 -47.00 -250.00 67.00 592.00 419.00 -1030.00 0
13908 -4.03 -1.18 -1.53 -50.00 -252.00 70.00 593.00 420.00 -1074.00 0
13918 -4.17 -1.18 -1.53 -48.00 -255.00 67.00 593.00 420.00 -1074.00 0
13927 -4.31 -1.18 -1.53 -48.00 -252.00 71.00 593.00 420.00 -1074.00 0
13936 -4.45 -1.18 -1.81 -46.00 -254.00 72.00 593.00 420.00 -1074.00 0
13945 -4.94 -1.18 -1.95 -50.00 -254.00 69.00 593.00 420.00 -1074.00 0
13955 -5.29 -1.11 -2.02 -50.00 -250.00 68.00 593.00 420.00 -1074.00 0
13964 -5.63 -1.11 -2.02 -47.00 -253.00 71.00 593.00 420.00 -1074.00 0
13973 -5.98 -1.18 -2.16 -51.00 -251.00 68.00 592.00 420.00 -1159.00 0
13982 -6.26 -1.18 -2.30 -46.00 -255.00 74.00 592.00 420.00 -1159.00 0
13991 -6.47 -1.25 -2.50 -48.00 -252.00 67.00 592.00 420.00 -1159.00 0
14001 -6.75 -1.25 -2.57 -48.00 -251.00 68.00 592.00 420.00 -1159.00 0
14010 -6.82 -1.25 -2.64 -47.00 -253.00 67.00 592.00 420.00 -1159.00 0
14019 -6.89 -1.25 -2.57 -47.00 -254.00 68.00 592.00 420.00 -1159.00 0
14028 -6.96 -1.25 -2.50 -46.00 -252.00 67.00 592.00 420.00 -1159.00 0
14038 -6.82 -1.25 -2.50 -50.00 -251.00 65.00 590.00 422.00 -1087.00 0