610.00 -251.00 -1089.00 0
710 -2.78 -2.71 -3.34 -139.00 -46.00 189.00 610.00 -251.00 -1089.00 0
719 -3.13 -2.57 -3.48 -140.00 -44.00 190.00 610.00 -251.00 -1089.00 0
729 -3.27 -2.57 -3.55 -146.00 -48.00 188.00 610.00 -251.00 -1089.00 0
738 -3.90 -2.57 -3.48 -141.00 -54.00 190.00 610.00 -251.00 -1089.00 0
747 -4.31 -2.43 -3.48 -141.00 -56.00 187.00 610.00 -251.00 -1089.00 0
756 -4.59 -2.16 -3.62 -142.00 -57.00 183.00 610.00 -251.00 -1089.00 0
765 -4.73 -1.67 -3.83 -146.00 -56.00 183.00 610.00 -251.00 -1089.00 0
775 -4.73 -1.04 -4.17 -143.00 -52.00 188.00 610.00 -251.00 -1089.00 0
784 -4.66 -0.28 -5.01 -147.00 -55.00 190.00 610.00 -251.00 -1089.00 0
793 -6.26 0.97 -6.89 -141.00 -59.00 188.00 610.00 -251.00 -1089.00 0
802 -6.68 0.97 -7.51 -145.00 -56.00 186.00 610.00 -251.00 -1089.00 0
812 -6.40 0.83 -7.79 -139.00 -53.00 186.00 610.00 -251.00 -1089.00 0
821 -5.57 0.56 -7.58 -129.00 -41.00 192.00 610.00 -251.00 -1089.00 0
830 -4.45 0.21 -6.82 -135.00 -42.00 189.00 610.00 -251.00 -1089.00 0
839 -3.76 0.35 -5.84 -137.00 -38.00 189.00 610.00 -251.00 -1089.00 0
848 -3.34 0.14 -3.83 -141.00 -52.00 190.00 610.00 -251.00 -1089.00 0
858 -4.66 0.00 -3.48 -140.00 -47.00 190.00 610.00 -251.00 -1089.00 0
867 -5.63 -0.21 -3.55 -145.00 -49.00 185.00 610.00 -251.00 -1089.00 0
876 -6.96 -0.14 -4.10 -144.00 -47.00 187.00 610.00 -251.00 -1089.00 0
885 -8.35 -0.07 -4.87 -144.00 -52.00 182.00 610.00 -251.00 -1089.00 0
894 -9.81 0.00 -5.63 -141.00 -59.00 185.00 610.00 -251.00 -1089.00 0
904 -11.06 -0.21 -6.12 -139.00 -59.00 184.00 608.00 -240.00 -1078.00 0
913 -11.62 -0.97 -6.40 -137.00 -62.00 180.00 608.00 -240.00 -1078.00 0
922 -11.06 -1.18 -6.05 -139.00 -60.00 182.00 608.00 -240.00 -1078.00 0
931 -9.88 -1.18 -5.22 -141.00 -55.00 186.00 608.00 -240.00 -1078.00 0
941 -8.42 -1.04 -4.03 -140.00 -56.00 186.00 608.00 -240.00 -1078.00 0
950 -7.30 -0.83 -3.27 -138.00 -59.00 187.00 608.00 -240.00 -1078.00 0
959 -7.03 -0.63 -2.99 -143.00 -62.00 189.00 608.00 -240.00 -1078.00 0
968 -7.23 0.21 -3.55 -148.00 -62.00 182.00 611.00 -239.00 -992.00 0
977 -7.72 0.63 -4.17 -142.00 -60.00 191.00 611.00 -239.00 -992.00 0
987 -7.58 0.42 -4.59 -147.00 -56.00 185.00 611.00 -239.00 -992.00 0
996 -7.79 0.70 -5.50 -145.00 -60.00 183.00 611.00 -239.00 -992.00 0
1005 -7.86 0.49 -5.50 -149.00 -64.00 183.00 611.00 -239.00 -992.00 0
1014 -7.03 -0.21 -5.08 -148.00 -56.00 184.00 611.00 -239.00 -992.00 0
1024 -4.80 -1.32 -4.10 -147.00 -54.00 186.00 611.00 -239.00 -992.00 0
1033 -3.83 -1.88 -3.34 -151.00 -58.00 179.00 611.00 -236.00 -967.00 0
1042 -2.92 -2.50 -2.16 -149.00 -58.00 184.00 611.00 -236.00 -967.00 0
1051 -2.57 -2.99 -1.67 -155.00 -63.00 183.00 611.00 -236.00 -967.00 0
1060 -2.85 -3.41 -1.74 -149.00 -67.00 184.00 611.00 -236.00 -967.00 0
1070 -3.20 -4.03 -2.02 -144.00 -80.00 186.00 611.00 -236.00 -967.00 0
1078 -4.03 -4.52 -2.71 -137.00 -66.00 186.00 611.00 -236.00 -967.00 0
1087 -2.85 -5.57 -2.92 -132.00 -64.00 186.00 611.00 -236.00 -967.00 0
1096 -1.81 -5.91 -2.43 -131.00 -56.00 187.00 607.00 -239.00 -847.00 0
1105 -0.21 -6.12 -1.32 -132.00 -54.00 186.00 607.00 -239.00 -847.00 0
1115 0.77 -5.98 -0.21 -133.00 -53.00 187.00 607.00 -239.00 -847.00 0
1124 1.25 -5.70 0.56 -133.00 -49.00 190.00 607.00 -239.00 -847.00 0
1133 1.46 -5.43 1.04 -136.00 -54.00 185.00 607.00 -239.00 -847.00 0
1142 1.18 -4.24 0.97 -144.00 -52.00 186.00 607.00 -239.00 -847.00 0
1152 0.90 -3.69 0.77 -143.00 -61.00 190.00 607.00 -239.00 -847.00 0
1161 0.56 -3.34 0.21 -143.00 -57.00 189.00 607.00 -239.00 -847.00 0
1170 0.28 -2.99 -0.56 -144.00 -61.00 188.00 607.00 -239.00 -847.00 0
1179 0.14 -2.71 -1.25 -140.00 -61.00 192.00 607.00 -239.00 -847.00 0
1188 -0.21 -2.43 -2.16 -140.00 -67.00 193.00 607.00 -239.00 -847.00 0
1198 -0.77 -2.16 -4.31 -132.00 -63.00 191.00 607.00 -239.00 -847.00 0
1207 0.14 -2.16 -4.80 -133.00 -54.00 186.00 607.00 -239.00 -847.00 0
1216 1.67 -2.02 -4.38 -132.00 -51.00 182.00 607.00 -239.00 -847.00 0
1225 2.92 -1.46 -3.48 -135.00 -47.00 183.00 607.00 -239.00 -847.00 0
1234 3.97 -0.90 -2.43 -141.00 -50.00 187.00 607.00 -239.00 -847.00 0
1244 4.17 -0.35 -1.81 -140.00 -49.00 189.00 607.00 -239.00 -847.00 0
1253 3.97 0.42 -2.16 -139.00 -50.00 186.00 607.00 -239.00 -847.00 0
1262 3.83 0.42 -2.23 -140.00 -46.00 183.00 607.00 -239.00 -847.00 0
1271 3.83 0.35 -2.23 -132.00 -53.00 192.00 607.00 -239.00 -847.00 0
1281 3.90 0.07 -2.23 -133.00 -52.00 188.00 607.00 -239.00 -847.00 0
1290 3.76 0.07 -2.23 -132.00 -52.00 191.00 607.00 -239.00 -847.00 0
1299 3.76 0.14 -2.16 -136.00 -43.00 190.00 607.00 -239.00 -847.00 0
1308 3.97 0.97 -2.16 -137.00 -47.00 191.00 607.00 -239.00 -847.00 0
1317 3.20 1.67 -2.37 -140.00 -49.00 187.00 607.00 -239.00 -847.00 0
1327 2.78 1.88 -2.57 -137.00 -44.00 185.00 607.00 -239.00 -847.00 0
1336 2.16 2.16 -3.06 -142.00 -50.00 179.00 607.00 -239.00 -847.00 0
1345 1.04 2.78 -3.62 -143.00 -55.00 179.00 607.00 -239.00 -847.00 0
1354 0.00 3.34 -4.10 -141.00 -61.00 181.00 607.00 -239.00 -847.00 0
1363 -0.77 4.03 -4.45 -142.00 -63.00 183.00 607.00 -239.00 -847.00 0
1373 -1.95 5.08 -5.77 -145.00 -66.00 186.00 607.00 -239.00 -847.00 0
1382 -2.09 5.50 -6.61 -144.00 -65.00 180.00 607.00 -239.00 -847.00 0
1391 -1.60 5.84 -7.10 -144.00 -60.00 176.00 607.00 -239.00 -847.00 0
1400 -0.70 6.33 -7.37 -139.00 -55.00 175.00 607.00 -239.00 -847.00 0
1410 0.28 6.96 -7.44 -135.00 -52.00 185.00 607.00 -239.00 -847.00 0
1419 1.46 7.65 -7.17 -131.00 -42.00 188.00 607.00 -239.00 -847.00 0
1428 3.76 8.90 -5.63 -129.00 -42.00 194.00 616.00 -240.00 -1026.00 0
1437 3.90 9.46 -4.59 -124.00 -40.00 197.00 616.00 -240.00 -1026.00 0
1446 3.27 9.88 -3.55 -121.00 -38.00 204.00 616.00 -240.00 -1026.00 0
1456 2.23 10.16 -2.43 -126.00 -44.00 208.00 616.00 -240.00 -1026.00 0
1465 0.90 10.64 -1.46 -135.00 -46.00 209.00 616.00 -240.00 -1026.00 0
1474 -0.49 10.64 -0.70 -136.00 -47.00 209.00 616.00 -240.00 -1026.00 0
1483 -1.88 8.07 -0.28 -141.00 -50.00 204.00 616.00 -240.00 -1026.00 0
1494 -2.92 6.54 -0.49 -141.00 -59.00 203.00 623.00 -242.00 -1026.00 0
1503 -3.41 4.45 -0.90 -146.00 -51.00 202.00 623.00 -242.00 -1026.00 0
1512 -3.27 2.64 -1.67 -150.00 -53.00 194.00 623.00 -242.00 -1026.00 0
1521 -3.27 0.97 -2.30 -134.00 -43.00 200.00 623.00 -242.00 -1026.00 0
1530 -2.50 -1.04 -2.37 -143.00 -35.00 181.00 623.00 -242.00 -1026.00 0
1540 -0.28 -2.23 -0.83 -143.00 -34.00 174.00 623.00 -242.00 -1026.00 0
1549 0.56 -2.43 0.56 -153.00 -23.00 166.00 623.00 -242.00 -1026.00 0
1558 0.35 -1.74 1.25 -157.00 -36.00 162.00 623.00 -247.00 -1062.00 0
1567 -1.25 -0.90 1.46 -166.00 -36.00 163.00 623.00 -247.00 -1062.00 0
1576 -2.92 -0.28 1.67 -170.00 -43.00 159.00 623.00 -247.00 -1062.00 0
1586 -4.87 0.42 1.81 -174.00 -56.00 151.00 623.00 -247.00 -1062.00 0
1595 -8.97 2.16 1.95 -183.00 -63.00 149.00 623.00 -247.00 -1062.00 0
1604 -10.57 3.20 1.67 -190.00 -65.00 146.00 623.00 -247.00 -1062.00 0
1613 -11.41 4.31 1.11 -193.00 -62.00 150.00 623.00 -247.00 -1062.00 0
1623 -11.48 5.22 0.83 -198.00 -60.00 142.00 625.00 -249.00 -1093.00 0
1632 -11.27 5.84 0.83 -182.00 -65.00 158.00 625.00 -249.00 -1093.00 0
1641 -10.99 6.12 1.11 -173.00 -80.00 164.00 625.00 -249.00 -1093.00 0
1650 -10.57 6.40 2.16 -164.00 -85.00 178.00 625.00 -249.00 -1093.00 0
1659 -9.67 7.23 2.30 -153.00 -82.00 184.00 625.00 -249.00 -1093.00 0
1669 -7.79 8.42 2.43 -155.00 -81.00 185.00 625.00 -249.00 -1093.00 0
1679 -5.22 10.02 2.71 -145.00 -72.00 188.00 625.00 -249.00 -1093.00 0
1688 -1.95 11.76 2.92 -142.00 -64.00 188.00 631.00 -251.00 -1105.00 0
1697 1.32 13.08 1.18 -135.00 -56.00 183.00 631.00 -251.00 -1105.00 0
1707 6.12 14.82 -0.56 -136.00 -44.00 183.00 631.00 -251.00 -1105.00 0
1716 8.56 15.10 -2.30 -135.00 -42.00 184.00 631.00 -251.00 -1105.00 0
1725 10.64 15.10 -3.69 -138.00 -25.00 183.00 631.00 -251.00 -1105.00 0
1734 12.66 15.03 -4.45 -137.00 -19.00 186.00 631.00 -251.00 -1105.00 0
1743 14.12 14.40 -4.73 -143.00 -9.00 184.00 631.00 -251.00 -1105.00 0
1753 14.68 12.38 -3.69 -145.00 -18.00 176.00 632.00 -250.00 -1012.00 0
1762 11.34 11.55 -2.78 -142.00 -26.00 174.00 632.00 -250.00 -1012.00 0
1771 8.21 11.20 -2.16 -141.00 -36.00 161.00 632.00 -250.00 -1012.00 0
1781 4.94 11.41 -2.02 -143.00 -45.00 162.00 632.00 -250.00 -1012.00 0
1790 2.09 11.90 -1.81 -150.00 -52.00 162.00 632.00 -250.00 -1012.00 0
1800 0.00 12.87 -1.18 -157.00 -53.00 166.00 632.00 -250.00 -1012.00 0
1809 -2.23 15.17 0.49 -155.00 -60.00 170.00 632.00 -250.00 -1012.00 0
1818 -2.92 16.14 1.39 -166.00 -58.00 172.00 632.00 -250.00 -1012.00 0
1827 -3.13 17.11 2.23 -175.00 -62.00 188.00 632.00 -250.00 -1012.00 0
1837 -2.92 17.46 2.85 -181.00 -59.00 183.00 632.00 -250.00 -1012.00 0
1846 -2.23 16.90 2.92 -176.00 -54.00 182.00 632.00 -250.00 -1012.00 0
1855 -1.25 15.58 2.43 -170.00 -50.00 177.00 632.00 -250.00 -1012.00 0
1864 0.70 12.31 0.63 -172.00 -44.00 178.00 632.00 -250.00 -1012.00 0
1873 2.16 10.78 0.28 -172.00 -43.00 177.00 632.00 -250.00 -1012.00 0
1883 3.06 9.60 0.07 -170.00 -44.00 181.00 632.00 -250.00 -1012.00 0
1892 3.48 8.14 -0.21 -175.00 -49.00 184.00 632.00 -250.00 -1012.00 0
1901 3.34 6.54 -0.70 -165.00 -48.00 179.00 632.00 -250.00 -1012.00 0
1910 2.99 4.45 -1.74 -158.00 -47.00 168.00 632.00 -250.00 -1012.00 0
1920 2.85 0.77 -4.03 -166.00 -56.00 166.00 632.00 -250.00 -1012.00 0
1930 2.09 -0.42 -5.57 -155.00 -61.00 162.00 632.00 -250.00 -1012.00 0
1939 1.39 -1.39 -7.79 -158.00 -51.00 159.00 632.00 -250.00 -1012.00 0
1948 2.23 -1.60 -9.25 -161.00 -42.00 168.00 632.00 -250.00 -1012.00 0
1957 3.76 -1.53 -9.39 -171.00 -33.00 164.00 632.00 -250.00 -1012.00 0
1967 5.29 -0.83 -9.39 -161.00 -38.00 162.00 632.00 -250.00 -1012.00 0
1976 5.84 -0.21 -9.32 -168.00 -27.00 166.00 632.00 -250.00 -1012.00 0
1985 5.77 0.70 -10.02 -157.00 -40.00 170.00 632.00 -250.00 -1012.00 0
1994 4.17 0.90 -10.99 -165.00 -36.00 162.00 632.00 -250.00 -1012.00 0
2003 3.90 1.88 -10.71 -156.00 -26.00 178.00 632.00 -250.00 -1012.00 0
2013 4.59 2.02 -9.53 -158.00 -26.00 174.00 632.00 -250.00 -1012.00 0
2022 4.31 1.95 -7.72 -153.00 -37.00 176.00 641.00 -250.00 -1263.00 0
2031 1.25 1.95 -3.76 -152.00 -41.00 173.00 641.00 -250.00 -1263.00 0
2040 -0.70 2.23 -2.57 -156.00 -39.00 174.00 641.00 -250.00 -1263.00 0
2050 -2.30 2.64 -1.95 -157.00 -44.00 179.00 641.00 -250.00 -1263.00 0
2059 -3.55 3.34 -2.02 -160.00 -49.00 175.00 641.00 -250.00 -1263.00 0
2068 -4.66 3.55 -2.57 -148.00 -50.00 170.00 641.00 -250.00 -1263.00 0
2077 -5.08 2.85 -3.13 -146.00 -44.00 164.00 641.00 -250.00 -1263.00 0
2086 -4.38 2.85 -2.23 -151.00 -50.00 170.00 641.00 -250.00 -1263.00 0
2096 -4.31 3.34 -1.67 -156.00 -48.00 175.00 641.00 -250.00 -1263.00 0
2105 -4.17 3.55 -1.25 -159.00 -53.00 181.00 641.00 -250.00 -1263.00 0
2114 -4.31 3.62 -1.25 -167.00 -54.00 184.00 641.00 -250.00 -1263.00 0
2123 -4.52 3.41 -1.46 -173.00 -50.00 181.00 641.00 -250.00 -1263.00 0
2134 -4.45 2.64 -1.74 -165.00 -50.00 184.00 641.00 -250.00 -1263.00 0
2143 -3.62 0.56 -2.57 -169.00 -45.00 175.00 641.00 -250.00 -1263.00 0
2152 -2.99 -0.42 -2.92 -166.00 -38.00 164.00 641.00 -250.00 -1263.00 0
2161 -2.57 -1.46 -3.06 -157.00 -38.00 166.00 641.00 -250.00 -1263.00 0
2170 -2.23 -2.37 -2.99 -161.00 -39.00 166.00 641.00 -250.00 -1263.00 0
2180 -2.30 -2.64 -2.71 -164.00 -38.00 167.00 641.00 -250.00 -1263.00 0
2189 -2.78 -2.64 -2.30 -160.00 -43.00 177.00 641.00 -250.00 -1263.00 0
2198 -3.55 -2.85 -0.77 -167.00 -40.00 178.00 641.00 -250.00 -1263.00 0
2207 -4.10 -2.43 -0.42 -175.00 -48.00 184.00 641.00 -250.00 -1263.00 0
2216 -5.36 -2.23 -0.83 -171.00 -54.00 177.00 639.00 -248.00 -936.00 0
2226 -6.33 -2.99 -1.25 -166.00 -55.00 160.00 639.00 -248.00 -936.00 0
2235 -6.40 -4.45 -1.25 -153.00 -38.00 166.00 639.00 -248.00 -936.00 0
2244 -5.84 -6.12 -0.97 -152.00 -50.00 159.00 639.00 -248.00 -936.00 0
2253 -5.29 -4.94 -3.76 -158.00 -54.00 164.00 639.00 -248.00 -936.00 0
2263 -5.43 -4.45 -4.66 -165.00 -46.00 164.00 639.00 -248.00 -936.00 0
2272 -5.08 -3.55 -5.36 -153.00 -51.00 165.00 639.00 -248.00 -936.00 0
2281 -5.15 -3.13 -5.50 -156.00 -47.00 166.00 637.00 -248.00 -1027.00 0
2290 -4.38 -2.64 -4.45 -157.00 -33.00 175.00 637.00 -248.00 -1027.00 0
2299 -3.27 -2.09 -2.99 -161.00 -40.00 181.00 637.00 -248.00 -1027.00 0
2309 -4.87 -1.32 -2.37 -172.00 -50.00 174.00 637.00 -248.00 -1027.00 0
2318 -5.91 -1.25 -2.23 -172.00 -51.00 178.00 637.00 -248.00 -1027.00 0
2327 -6.26 -1.81 -2.02 -176.00 -55.00 186.00 637.00 -248.00 -1027.00 0
2336 -6.75 -2.78 -2.23 -178.00 -61.00 186.00 637.00 -248.00 -1027.00 0
2345 -7.65 -4.38 -2.85 -164.00 -57.00 172.00 642.00 -244.00 -1084.00 0
2355 -7.79 -6.19 -3.76 -157.00 -46.00 166.00 642.00 -244.00 -1084.00 0
2364 -5.63 -9.46 -4.52 -151.00 -41.00 165.00 642.00 -244.00 -1084.00 0
2373 -4.38 -10.23 -4.17 -152.00 -41.00 169.00 642.00 -244.00 -1084.00 0
2382 -3.76 -10.50 -3.97 -153.00 -39.00 161.00 642.00 -244.00 -1084.00 0
2393 -4.03 -10.09 -4.03 -151.00 -45.00 168.00 642.00 -244.00 -1084.00 0
2402 -4.45 -9.39 -4.03 -157.00 -42.00 169.00 642.00 -244.00 -1084.00 0
2411 -4.38 -8.35 -3.69 -157.00 -43.00 170.00 632.00 -245.00 -1019.00 0
2420 -4.45 -6.19 -2.78 -157.00 -46.00 170.00 632.00 -245.00 -1019.00 0
2429 -4.94 -5.22 -2.23 -159.00 -51.00 178.00 632.00 -245.00 -1019.00 0
2439 -5.77 -4.59 -1.74 -169.00 -50.00 183.00 632.00 -245.00 -1019.00 0
2448 -6.82 -4.31 -1.60 -163.00 -53.00 181.00 632.00 -245.00 -1019.00 0
2457 -7.51 -4.73 -1.60 -162.00 -54.00 174.00 632.00 -245.00 -1019.00 0
2466 -8.00 -5.50 -1.46 -157.00 -49.00 169.00 632.00 -245.00 -1019.00 0
2476 -7.93 -6.47 -1.04 -157.00 -44.00 175.00 631.00 -244.00 -1110.00 0
2485 -7.65 -6.75 -0.90 -155.00 -44.00 173.00 631.00 -244.00 -1110.00 0
2494 -7.30 -6.89 -0.56 -155.00 -43.00 171.00 631.00 -244.00 -1110.00 0
2503 -7.03 -6.96 -0.28 -155.00 -52.00 164.00 631.00 -244.00 -1110.00 0
2512 -7.23 -6.68 -0.14 -155.00 -58.00 164.00 631.00 -244.00 -1110.00 0
2522 -7.79 -5.98 -0.49 -156.00 -58.00 168.00 631.00 -244.00 -1110.00 0
2531 -7.23 -3.69 -1.67 -157.00 -50.00 170.00 631.00 -244.00 -1110.00 0
2540 -6.05 -2.71 -1.81 -159.00 -48.00 173.00 636.00 -245.00 -890.00 0
2549 -5.15 -1.81 -1.74 -162.00 -45.00 172.00 636.00 -245.00 -890.00 0
2558 -4.59 -1.04 -1.81 -169.00 -44.00 178.00 636.00 -245.00 -890.00 0
2568 -4.24 -0.28 -1.88 -178.00 -47.00 191.00 636.00 -245.00 -890.00 0
2577 -3.97 0.00 -1.95 -180.00 -51.00 198.00 636.00 -245.00 -890.00 0
2586 -4.45 -0.21 -2.64 -188.00 -56.00 195.00 636.00 -245.00 -890.00 0
2595 -5.15 -2.16 -3.06 -167.00 -42.00 181.00 636.00 -245.00 -890.00 0
2605 -4.94 -4.24 -3.41 -153.00 -47.00 174.00 636.00 -245.00 -890.00 0
2614 -5.36 -6.12 -3.76 -147.00 -44.00 167.00 636.00 -245.00 -890.00 0
2623 -5.63 -7.17 -4.59 -143.00 -43.00 172.00 636.00 -245.00 -890.00 0
2632 -6.40 -8.00 -5.15 -138.00 -53.00 163.00 636.00 -245.00 -890.00 0
2641 -8.00 -8.35 -5.50 -139.00 -45.00 160.00 636.00 -245.00 -890.00 0
2651 -8.21 -7.10 -5.50 -130.00 -59.00 160.00 636.00 -245.00 -890.00 0
2660 -9.18 -6.40 -4.80 -149.00 -54.00 160.00 636.00 -245.00 -890.00 0
2669 -8.49 -4.80 -3.69 -146.00 -62.00 172.00 636.00 -245.00 -890.00 0
2678 -8.14 -3.62 -2.43 -156.00 -64.00 169.00 636.00 -245.00 -890.00 0
2688 -7.72 -2.37 -1.67 -154.00 -64.00 169.00 636.00 -245.00 -890.00 0
2697 -7.44 0.21 -1.04 -151.00 -48.00 171.00 636.00 -245.00 -890.00 0
2706 -3.76 1.11 -0.42 -146.00 -38.00 184.00 636.00 -245.00 -890.00 0
2715 -2.23 2.23 0.49 -168.00 -35.00 173.00 636.00 -245.00 -890.00 0
2724 -2.09 3.69 1.04 -155.00 -49.00 178.00 636.00 -245.00 -890.00 0
2734 -3.34 3.55 1.53 -165.00 -46.00 186.00 636.00 -245.00 -890.00 0
2743 -3.62 3.62 2.09 -169.00 -42.00 190.00 636.00 -245.00 -890.00 0
2752 -3.97 3.34 3.13 -161.00 -43.00 182.00 636.00 -245.00 -890.00 0
2761 -5.15 0.70 3.69 -153.00 -50.00 171.00 636.00 -245.00 -890.00 0
2770 -6.12 -0.70 4.10 -145.00 -55.00 163.00 636.00 -245.00 -890.00 0
2780 -7.10 -1.67 4.10 -151.00 -56.00 167.00 636.00 -245.00 -890.00 0
2789 -8.00 -2.02 3.90 -155.00 -46.00 172.00 636.00 -245.00 -890.00 0
2798 -8.14 -2.09 3.83 -161.00 -47.00 176.00 636.00 -245.00 -890.00 0
2807 -8.14 -2.09 3.97 -154.00 -51.00 160.00 636.00 -245.00 -890.00 0
2817 -9.88 -2.16 3.90 -151.00 -59.00 159.00 636.00 -245.00 -890.00 0
2826 -10.37 -1.18 4.24 -158.00 -57.00 170.00 636.00 -245.00 -890.00 0
2835 -9.88 0.42 5.15 -165.00 -53.00 182.00 636.00 -245.00 -890.00 0
2844 -8.70 1.95 6.33 -181.00 -49.00 202.00 636.00 -245.00 -890.00 0
2853 -8.00 3.13 7.58 -174.00 -66.00 180.00 636.00 -245.00 -890.00 0
2863 -9.81 5.01 8.83 -163.00 -56.00 177.00 636.00 -245.00 -890.00 0
2872 -8.77 2.85 7.93 -161.00 -52.00 173.00 633.00 -249.00 -1086.00 0
2881 -8.21 1.39 7.23 -146.00 -55.00 163.00 633.00 -249.00 -1086.00 0
2890 -7.86 1.81 6.19 -148.00 -58.00 150.00 633.00 -249.00 -1086.00 0
2899 -7.79 5.29 5.98 -154.00 -53.00 165.00 633.00 -249.00 -1086.00 0
2909 -6.54 9.39 7.03 -174.00 -53.00 175.00 633.00 -249.00 -1086.00 0
2918 -4.59 13.01 8.14 -180.00 -56.00 190.00 633.00 -249.00 -1086.00 0
2927 -2.64 13.29 7.58 -181.00 -54.00 188.00 633.00 -249.00 -1086.00 0
2937 -2.16 10.50 6.19 -174.00 -56.00 180.00 634.00 -253.00 -1048.00 0
2947 -1.81 7.17 4.66 -164.00 -50.00 173.00 634.00 -253.00 -1048.00 0
2956 -1.39 3.76 3.13 -165.00 -48.00 171.00 634.00 -253.00 -1048.00 0
2965 -1.04 0.83 1.39 -155.00 -36.00 171.00 634.00 -253.00 -1048.00 0
2974 -0.90 -2.09 -0.42 -148.00 -32.00 169.00 634.00 -253.00 -1048.00 0
2983 -3.06 -8.28 -3.69 -147.00 -42.00 164.00 634.00 -253.00 -1048.00 0
2993 -5.50 -10.16 -4.94 -148.00 -43.00 158.00 634.00 -253.00 -1048.00 0
3002 -7.79 -11.48 -5.98 -145.00 -47.00 163.00 637.00 -251.00 -1228.00 0
3011 -9.46 -12.24 -6.47 -155.00 -47.00 169.00 637.00 -251.00 -1228.00 0
3020 -10.30 -12.17 -6.47 -159.00 -50.00 175.00 637.00 -251.00 -1228.00 0
3030 -10.92 -12.87 -6.54 -162.00 -47.00 174.00 637.00 -251.00 -1228.00 0
3039 -11.48 -15.17 -7.10 -163.00 -55.00 173.00 637.00 -251.00 -1228.00 0
3048 -11.76 -15.79 -7.23 -167.00 -53.00 173.00 637.00 -251.00 -1228.00 0
3058 -11.48 -16.49 -7.51 -160.00 -55.00 182.00 637.00 -251.00 -1228.00 0
3067 -11.13 -17.11 -7.65 -157.00 -57.00 173.00 631.00 -245.00 -908.00 0
3077 -10.99 -17.32 -7.51 -149.00 -58.00 168.00 631.00 -245.00 -908.00 0
3086 -10.85 -16.83 -7.51 -141.00 -57.00 152.00 631.00 -245.00 -908.00 0
3095 -9.74 -14.89 -6.75 -134.00 -58.00 155.00 631.00 -245.00 -908.00 0
3104 -8.35 -11.62 -5.63 -147.00 -54.00 166.00 631.00 -245.00 -908.00 0
3113 -6.89 -8.14 -4.66 -156.00 -45.00 172.00 631.00 -245.00 -908.00 0
3123 -5.70 -5.01 -3.90 -160.00 -46.00 175.00 631.00 -245.00 -908.00 0
3132 -5.08 -2.43 -3.06 -166.00 -49.00 184.00 632.00 -241.00 -1115.00 0
3141 -5.15 -0.07 -1.81 -157.00 -49.00 181.00 632.00 -241.00 -1115.00 0
3150 -6.05 -0.21 -1.18 -156.00 -46.00 174.00 632.00 -241.00 -1115.00 0
3160 -5.70 -0.90 -0.49 -151.00 -48.00 173.00 632.00 -241.00 -1115.00 0
3169 -5.57 -1.18 -0.07 -156.00 -56.00 172.00 632.00 -241.00 -1115.00 0
3178 -6.05 -0.56 0.14 -155.00 -60.00 173.00 632.00 -241.00 -1115.00 0
3187 -6.33 0.07 0.07 -150.00 -63.00 175.00 632.00 -241.00 -1115.00 0
3196 -6.47 1.67 -0.42 -137.00 -64.00 151.00 634.00 -244.00 -1053.00 0
3206 -5.77 3.41 -0.21 -125.00 -62.00 145.00 634.00 -244.00 -1053.00 0
3215 -4.24 5.91 0.49 -108.00 -39.00 140.00 634.00 -244.00 -1053.00 0
3224 -2.64 8.97 1.67 -96.00 -3.00 129.00 634.00 -244.00 -1053.00 0
3233 -2.16 12.80 3.76 -82.00 24.00 108.00 634.00 -244.00 -1053.00 0
3243 -3.90 17.95 7.44 -68.00 19.00 70.00 634.00 -244.00 -1053.00 0
3252 -8.63 25.60 20.52 -72.00 -6.00 65.00 634.00 -244.00 -1053.00 0
3261 -22.19 55.10 29.36 -120.00 -41.00 81.00 634.00 -244.00 -1053.00 1
3271 -27.06 75.13 37.36 -332.00 -85.00 447.00 634.00 -244.00 -1053.00 1
3282 -29.36 91.55 42.02 -209.00 -89.00 86.00 634.00 -244.00 -1053.00 1
3294 -40.70 43.34 -8.56 -59.00 -41.00 115.00 634.00 -244.00 -1053.00 1
3305 -32.21 27.62 -11.48 -220.00 -84.00 134.00 634.00 -244.00 -1053.00 1
3316 -16.83 22.61 -2.43 -213.00 -61.00 185.00 634.00 -244.00 -1053.00 1
3326 -10.92 21.36 1.25 -267.00 -122.00 243.00 634.00 -244.00 -1053.00 0
3337 -6.96 18.09 2.09 -258.00 -90.00 251.00 634.00 -244.00 -1053.00 0
3346 -2.23 6.75 -3.62 -191.00 -63.00 200.00 634.00 -244.00 -1053.00 0
3355 1.67 -11.90 -11.62 -130.00 -18.00 137.00 634.00 -244.00 -1053.00 0
3364 9.11 -47.10 -19.06 -104.00 -13.00 121.00 634.00 -244.00 -1053.00 0
3374 6.82 -57.04 -21.91 -94.00 -44.00 91.00 634.00 -244.00 -1053.00 0
3383 2.30 -61.01 -24.00 -59.00 -44.00 61.00 634.00 -244.00 -1053.00 0
3392 0.42 -57.95 -22.61 -85.00 -37.00 102.00 634.00 -244.00 -1053.00 0
3401 1.60 -47.44 -17.53 -112.00 -33.00 128.00 634.00 -244.00 -1053.00 0
3410 2.99 -33.67 -11.55 -156.00 -42.00 164.00 634.00 -244.00 -1053.00 0
3420 2.16 -6.33 -1.60 -180.00 -60.00 182.00 634.00 -244.00 -1053.00 0
3430 0.90 2.99 1.39 -185.00 -73.00 191.00 634.00 -244.00 -1053.00 0
3439 -0.63 9.04 2.71 -190.00 -75.00 187.00 634.00 -244.00 -1053.00 0
3448 -1.39 13.22 3.76 -192.00 -79.00 191.00 634.00 -244.00 -1053.00 0
3458 -0.83 15.58 4.87 -194.00 -63.00 185.00 634.00 -244.00 -1053.00 0
3467 0.35 15.51 5.08 -184.00 -56.00 180.00 634.00 -244.00 -1053.00 0
3476 2.37 9.11 3.97 -173.00 -55.00 167.00 634.00 -244.00 -1053.00 0
3485 2.09 4.52 2.09 -164.00 -56.00 163.00 634.00 -244.00 -1053.00 0
3494 1.53 0.35 -0.14 -159.00 -57.00 163.00 634.00 -244.00 -1053.00 0
3504 1.46 -3.06 -1.95 -166.00 -49.00 168.00 634.00 -244.00 -1053.00 0
3513 1.74 -5.84 -3.20 -159.00 -56.00 161.00 634.00 -244.00 -1053.00 0
3522 1.88 -8.07 -5.43 -146.00 -50.00 158.00 634.00 -244.00 -1053.00 0
3531 2.16 -10.02 -6.12 -152.00 -44.00 154.00 642.00 -250.00 -963.00 0
3540 2.71 -9.11 -5.98 -163.00 -49.00 173.00 642.00 -250.00 -963.00 0
3550 2.78 -7.93 -5.36 -170.00 -53.00 175.00 642.00 -250.00 -963.00 0
3559 1.95 -6.96 -5.01 -171.00 -63.00 174.00 642.00 -250.00 -963.00 0
3568 0.83 -6.61 -5.15 -170.00 -62.00 170.00 642.00 -250.00 -963.00 0
3577 0.21 -6.96 -5.57 -166.00 -62.00 171.00 642.00 -250.00 -963.00 0
3587 0.07 -8.14 -6.19 -168.00 -59.00 171.00 642.00 -250.00 -963.00 0
3596 0.00 -8.77 -6.54 -162.00 -55.00 169.00 642.00 -250.00 -963.00 0
3605 -0.35 -9.32 -6.75 -157.00 -55.00 169.00 642.00 -250.00 -963.00 0
3614 -0.63 -9.67 -6.68 -151.00 -55.00 160.00 642.00 -250.00 -963.00 0
3623 -0.83 -9.74 -6.40 -144.00 -56.00 155.00 642.00 -250.00 -963.00 0
3633 -0.77 -9.25 -5.98 -150.00 -53.00 165.00 642.00 -250.00 -963.00 0
3642 0.28 -5.77 -4.59 -154.00 -46.00 176.00 642.00 -250.00 -963.00 0
3651 0.77 -3.69 -3.76 -161.00 -46.00 174.00 642.00 -250.00 -963.00 0
3660 0.49 -1.81 -2.85 -163.00 -47.00 175.00 642.00 -250.00 -963.00 0
3670 -0.28 -0.63 -2.23 -167.00 -55.00 176.00 642.00 -250.00 -963.00 0
3679 -1.46 -0.21 -2.02 -165.00 -55.00 176.00 642.00 -250.00 -963.00 0
3688 -2.57 -0.49 -2.23 -165.00 -56.00 171.00 642.00 -250.00 -963.00 0
3697 -4.31 -1.88 -2.23 -166.00 -58.00 169.00 642.00 -250.00 -963.00 0
3706 -5.08 -2.78 -2.30 -167.00 -61.00 171.00 642.00 -250.00 -963.00 0
3716 -5.36 -3.83 -2.50 -157.00 -61.00 168.00 642.00 -250.00 -963.00 0
3725 -5.43 -4.66 -2.92 -154.00 -61.00 161.00 634.00 -247.00 -1050.00 0
3734 -5.57 -5.22 -3.27 -156.00 -64.00 161.00 634.00 -247.00 -1050.00 0
3743 -5.43 -5.22 -3.48 -159.00 -55.00 163.00 634.00 -247.00 -1050.00 0
3752 -4.87 -4.17 -3.48 -164.00 -54.00 168.00 634.00 -247.00 -1050.00 0
3762 -3.76 -3.76 -3.34 -167.00 -55.00 169.00 634.00 -247.00 -1050.00 0
3771 -3.48 -3.62 -3.34 -170.00 -51.00 169.00 634.00 -247.00 -1050.00 0
3780 -3.13 -3.76 -3.34 -164.00 -49.00 173.00 634.00 -247.00 -1050.00 0
3789 -2.92 -4.24 -3.27 -160.00 -55.00 167.00 637.00 -243.00 -1082.00 0
3799 -3.20 -4.66 -3.20 -159.00 -56.00 165.00 637.00 -243.00 -1082.00 0
3808 -3.76 -4.38 -2.92 -161.00 -61.00 167.00 637.00 -243.00 -1082.00 0
3817 -4.10 -3.34 -2.57 -163.00 -55.00 169.00 637.00 -243.00 -1082.00 0
3826 -3.90 -2.43 -2.23 -163.00 -59.00 173.00 637.00 -243.00 -1082.00 0
3835 -3.76 -1.88 -2.09 -162.00 -59.00 167.00 637.00 -243.00 -1082.00 0
3845 -3.69 -1.67 -2.16 -163.00 -56.00 164.00 637.00 -243.00 -1082.00 0
3854 -3.48 -1.81 -2.16 -161.00 -56.00 164.00 638.00 -246.00 -1215.00 0
3863 -2.99 -2.02 -1.88 -162.00 -59.00 168.00 638.00 -246.00 -1215.00 0
3873 -2.92 -1.95 -1.81 -165.00 -60.00 173.00 638.00 -246.00 -1215.00 0
3883 -2.92 -2.02 -1.88 -166.00 -58.00 174.00 638.00 -246.00 -1215.00 0
3892 -2.78 -2.37 -2.02 -170.00 -53.00 175.00 638.00 -246.00 -1215.00 0
3901 -2.85 -2.99 -2.30 -164.00 -52.00 171.00 638.00 -246.00 -1215.00 0
3910 -2.85 -3.76 -2.50 -162.00 -57.00 177.00 638.00 -246.00 -1215.00 0
3919 -2.85 -5.50 -2.85 -160.00 -54.00 171.00 636.00 -247.00 -926.00 0
3929 -2.92 -6.26 -3.13 -160.00 -52.00 168.00 636.00 -247.00 -926.00 0
3938 -2.92 -6.89 -3.41 -157.00 -54.00 171.00 636.00 -247.00 -926.00 0
3947 -3.20 -7.30 -3.55 -161.00 -58.00 177.00 636.00 -247.00 -926.00 0
3956 -3.69 -7.72 -3.76 -165.00 -56.00 176.00 636.00 -247.00 -926.00 0
3965 -4.38 -8.56 -4.24 -157.00 -61.00 175.00 636.00 -247.00 -926.00 0
3975 -5.15 -9.67 -5.36 -157.00 -59.00 170.00 636.00 -247.00 -926.00 0
3984 -6.05 -11.62 -5.70 -152.00 -59.00 166.00 636.00 -240.00 -1064.00 0
3993 -5.98 -12.03 -5.84 -151.00 -55.00 164.00 635.00 -240.00 -1064.00 0
4002 -5.91 -11.97 -5.84 -156.00 -61.00 169.00 635.00 -240.00 -1064.00 0
4012 -5.70 -11.34 -5.57 -160.00 -60.00 171.00 635.00 -240.00 -1064.00 0
4021 -5.43 -10.43 -5.29 -161.00 -58.00 168.00 635.00 -240.00 -1064.00 0
4030 -4.94 -8.70 -5.01 -156.00 -60.00 173.00 635.00 -240.00 -1064.00 0
4039 -4.10 -8.00 -4.80 -158.00 -62.00 177.00 635.00 -240.00 -1064.00 0
4048 -4.03 -7.44 -4.80 -154.00 -60.00 172.00 635.00 -240.00 -1064.00 0
4058 -3.76 -7.17 -4.87 -154.00 -61.00 173.00 635.00 -240.00 -1064.00 0
4067 -3.48 -6.96 -4.87 -158.00 -65.00 182.00 635.00 -240.00 -1064.00 0
4076 -3.34 -7.10 -5.08 -160.00 -55.00 177.00 635.00 -240.00 -1064.00 0
4085 -3.34 -8.56 -6.33 -154.00 -55.00 174.00 635.00 -240.00 -1064.00 0
4094 -2.85 -9.53 -6.61 -155.00 -59.00 175.00 635.00 -240.00 -1064.00 0
4104 -2.71 -10.37 -6.68 -154.00 -59.00 174.00 635.00 -240.00 -1064.00 0
4114 -2.71 -11.13 -6.89 -145.00 -61.00 173.00 635.00 -240.00 -1064.00 0
4123 -2.57 -11.48 -7.10 -141.00 -57.00 165.00 635.00 -240.00 -1064.00 0
4132 -2.23 -11.20 -6.96 -144.00 -54.00 166.00 635.00 -240.00 -1064.00 0
4142 -1.60 -9.46 -5.91 -138.00 -54.00 168.00 635.00 -240.00 -1064.00 0
4151 -1.67 -7.79 -5.22 -135.00 -54.00 168.00 635.00 -240.00 -1064.00 0
4160 -1.81 -5.77 -4.38 -134.00 -47.00 162.00 635.00 -240.00 -1064.00 0
4169 -2.43 -3.48 -3.41 -125.00 -43.00 151.00 635.00 -240.00 -1064.00 0
4178 -3.83 -1.04 -2.43 -89.00 -27.00 108.00 635.00 -240.00 -1064.00 0
4188 -5.57 2.16 -1.11 -70.00 -32.00 82.00 635.00 -240.00 -1064.00 0
4197 -8.42 18.16 7.30 -78.00 -37.00 73.00 635.00 -240.00 -1064.00 0
4206 -8.35 33.32 14.61 -93.00 -35.00 102.00 635.00 -240.00 -1064.00 0
4215 -5.63 50.43 23.30 -131.00 -28.00 126.00 635.00 -240.00 -1064.00 0
4225 -2.71 67.69 31.93 -174.00 -38.00 154.00 635.00 -240.00 -1064.00 1
4236 -1.32 82.57 38.89 -778.00 -276.00 807.00 635.00 -240.00 -1064.00 1
4247 -13.43 75.90 28.94 -56.00 -58.00 31.00 649.00 -256.00 -1060.00 1
4258 -12.45 48.49 12.87 -221.00 -65.00 177.00 649.00 -256.00 -1060.00 1
4270 -2.16 28.38 10.23 -201.00 -32.00 166.00 649.00 -256.00 -1060.00 1
4280 1.81 23.23 9.46 -224.00 -81.00 178.00 649.00 -256.00 -1060.00 1
4290 1.88 19.41 7.58 -254.00 -90.00 246.00 649.00 -256.00 -1060.00 0
4299 3.13 14.96 3.76 -237.00 -66.00 230.00 649.00 -256.00 -1060.00 0
4308 8.70 -9.53 -7.72 -171.00 -42.00 190.00 649.00 -256.00 -1060.00 0
4318 10.37 -23.72 -10.99 -144.00 -41.00 131.00 649.00 -256.00 -1060.00 0
4327 9.67 -34.37 -14.12 -120.00 -35.00 130.00 649.00 -256.00 -1060.00 0
4337 8.56 -42.64 -17.67 -118.00 -33.00 142.00 649.00 -256.00 -1060.00 0
4346 6.75 -48.14 -20.31 -118.00 -37.00 131.00 649.00 -256.00 -1060.00 0
4356 4.10 -48.35 -20.24 -112.00 -43.00 124.00 649.00 -256.00 -1060.00 0
4365 -0.42 -44.31 -18.23 -112.00 -48.00 125.00 649.00 -256.00 -1060.00 0
4374 -1.60 -38.26 -15.72 -129.00 -45.00 142.00 649.00 -256.00 -1060.00 0
4383 -1.81 -30.61 -13.01 -154.00 -49.00 166.00 649.00 -256.00 -1060.00 0
4392 -1.95 -22.40 -10.43 -168.00 -55.00 177.00 649.00 -256.00 -1060.00 0
4403 -2.30 -15.23 -8.14 -176.00 -60.00 181.00 649.00 -256.00 -1060.00 0
4412 -2.09 -6.26 -4.24 -185.00 -60.00 189.00 649.00 -256.00 -1060.00 0
4421 -1.88 -4.66 -3.27 -174.00 -58.00 186.00 649.00 -256.00 -1060.00 0
4430 -1.32 -4.66 -2.99 -159.00 -56.00 173.00 649.00 -256.00 -1060.00 0
4440 -0.56 -5.57 -2.92 -154.00 -59.00 164.00 649.00 -256.00 -1060.00 0
4449 -0.21 -6.47 -3.20 -149.00 -61.00 164.00 649.00 -256.00 -1060.00 0
4458 -0.14 -6.82 -3.83 -145.00 -58.00 160.00 649.00 -256.00 -1060.00 0
4467 0.56 -5.63 -4.10 -141.00 -51.00 156.00 649.00 -256.00 -1060.00 0
4476 1.11 -3.83 -3.62 -150.00 -48.00 166.00 649.00 -256.00 -1060.00 0
4486 1.39 -1.53 -2.78 -158.00 -48.00 171.00 649.00 -256.00 -1060.00 0
4495 1.18 1.25 -1.60 -164.00 -51.00 171.00 649.00 -256.00 -1060.00 0
4504 0.77 3.97 -0.28 -168.00 -50.00 174.00 649.00 -256.00 -1060.00 0
4513 0.77 5.50 0.83 -170.00 -50.00 182.00 649.00 -256.00 -1060.00 0
4523 0.63 5.91 1.88 -174.00 -50.00 182.00 649.00 -256.00 -1060.00 0
4532 0.14 4.87 1.60 -171.00 -49.00 180.00 649.00 -256.00 -1060.00 0
4541 -0.77 3.06 0.90 -165.00 -55.00 174.00 649.00 -256.00 -1060.00 0
4550 -1.67 0.90 0.00 -160.00 -57.00 171.00 649.00 -256.00 -1060.00 0
4559 -2.23 -0.83 -0.90 -154.00 -55.00 169.00 649.00 -256.00 -1060.00 0
4569 -2.57 -2.16 -1.67 -152.00 -56.00 165.00 649.00 -256.00 -1060.00 0
4578 -2.64 -3.34 -2.09 -153.00 -56.00 165.00 637.00 -248.00 -1080.00 0
4588 -2.71 -3.41 -2.02 -156.00 -53.00 166.00 637.00 -248.00 -1080.00 0
4597 -2.57 -3.20 -1.95 -160.00 -52.00 171.00 637.00 -248.00 -1080.00 0
4606 -2.30 -2.71 -1.88 -165.00 -51.00 174.00 637.00 -248.00 -1080.00 0
4616 -2.02 -2.30 -1.67 -168.00 -47.00 173.00 637.00 -248.00 -1080.00 0
4625 -1.95 -2.02 -1.60 -169.00 -50.00 176.00 637.00 -248.00 -1080.00 0
4634 -2.37 -2.23 -2.02 -165.00 -56.00 179.00 637.00 -248.00 -1080.00 0
4643 -2.57 -2.64 -2.37 -159.00 -58.00 170.00 635.00 -247.00 -975.00 0
4653 -2.71 -3.20 -2.78 -156.00 -60.00 169.00 635.00 -247.00 -975.00 0
4662 -2.64 -3.69 -3.06 -151.00 -61.00 164.00 635.00 -247.00 -975.00 0
4671 -2.43 -3.83 -3.06 -143.00 -51.00 161.00 635.00 -247.00 -975.00 0
4680 -1.81 -3.34 -2.85 -149.00 -42.00 164.00 635.00 -247.00 -975.00 0
4689 0.42 -0.83 -0.70 -157.00 -45.00 168.00 635.00 -247.00 -975.00 0
4699 0.28 0.83 0.21 -166.00 -49.00 175.00 635.00 -247.00 -975.00 0
4708 -0.56 2.23 0.56 -173.00 -53.00 177.00 637.00 -250.00 -920.00 0
4717 -1.18 2.92 0.63 -167.00 -50.00 176.00 637.00 -250.00 -920.00 0
4726 -1.39 2.57 0.42 -162.00 -49.00 179.00 637.00 -250.00 -920.00 0
4736 -1.53 1.60 0.00 -163.00 -55.00 178.00 637.00 -250.00 -920.00 0
4745 -2.09 -0.14 -1.39 -157.00 -55.00 169.00 637.00 -250.00 -920.00 0
4754 -3.27 -1.18 -2.09 -155.00 -58.00 165.00 637.00 -250.00 -920.00 0
4763 -3.34 -1.88 -2.57 -155.00 -53.00 163.00 637.00 -250.00 -920.00 0
4772 -3.06 -2.02 -2.57 -159.00 -53.00 168.00 637.00 -252.00 -1065.00 0
4782 -2.71 -1.81 -2.37 -163.00 -53.00 170.00 637.00 -252.00 -1065.00 0
4791 -2.50 -1.32 -2.09 -165.00 -49.00 175.00 637.00 -252.00 -1065.00 0
4800 -2.50 -0.90 -1.88 -163.00 -48.00 173.00 637.00 -252.00 -1065.00 0
4809 -2.37 -1.04 -1.81 -163.00 -49.00 178.00 637.00 -252.00 -1065.00 0
4818 -2.43 -1.32 -1.67 -159.00 -50.00 173.00 637.00 -252.00 -1065.00 0
4828 -2.71 -1.74 -1.74 -157.00 -48.00 173.00 637.00 -252.00 -1065.00 0
4837 -2.92 -2.23 -2.02 -155.00 -49.00 171.00 637.00 -251.00 -1017.00 0
4846 -3.13 -2.64 -2.23 -155.00 -52.00 168.00 637.00 -251.00 -1017.00 0
4855 -3.41 -2.92 -2.71 -154.00 -52.00 165.00 637.00 -251.00 -1017.00 0
4865 -3.90 -2.78 -2.78 -161.00 -57.00 171.00 637.00 -251.00 -1017.00 0
4874 -4.10 -2.64 -2.78 -161.00 -59.00 176.00 637.00 -251.00 -1017.00 0
4883 -4.17 -2.50 -2.71 -164.00 -58.00 176.00 637.00 -251.00 -1017.00 0
4892 -3.97 -2.30 -2.64 -170.00 -52.00 185.00 637.00 -251.00 -1017.00 0
4901 -3.76 -2.37 -2.57 -172.00 -49.00 178.00 637.00 -251.00 -1017.00 0
4911 -3.55 -2.71 -2.50 -161.00 -53.00 176.00 637.00 -251.00 -1017.00 0
4920 -3.34 -4.66 -2.57 -153.00 -49.00 170.00 637.00 -251.00 -1017.00 0
4929 -3.20 -5.63 -2.71 -154.00 -50.00 168.00 637.00 -251.00 -1017.00 0
4938 -3.27 -6.26 -2.71 -152.00 -51.00 165.00 637.00 -251.00 -1017.00 0
4947 -3.62 -6.40 -2.92 -153.00 -55.00 168.00 637.00 -251.00 -1017.00 0
4957 -3.90 -6.33 -3.34 -156.00 -52.00 169.00 637.00 -251.00 -1017.00 0
4967 -4.10 -5.98 -3.62 -158.00 -53.00 171.00 637.00 -251.00 -1017.00 0
4976 -4.24 -4.87 -3.69 -160.00 -54.00 169.00 637.00 -251.00 -1017.00 0
4985 -4.17 -4.24 -3.62 -159.00 -57.00 173.00 637.00 -251.00 -1017.00 0
4995 -3.90 -3.83 -3.48 -160.00 -49.00 173.00 637.00 -251.00 -1017.00 0
5004 -3.55 -3.69 -3.20 -164.00 -49.00 176.00 637.00 -251.00 -1017.00 0
5013 -3.41 -3.83 -3.06 -163.00 -52.00 181.00 637.00 -251.00 -1017.00 0
5022 -3.62 -4.17 -3.34 -160.00 -55.00 176.00 637.00 -251.00 -1017.00 0
5031 -4.52 -5.77 -3.76 -158.00 -53.00 170.00 637.00 -251.00 -1017.00 0
5041 -4.94 -6.68 -4.24 -153.00 -62.00 169.00 634.00 -247.00 -1009.00 0
5050 -5.29 -7.17 -4.73 -152.00 -57.00 165.00 634.00 -247.00 -1009.00 0
5059 -5.36 -7.23 -5.08 -154.00 -55.00 171.00 634.00 -247.00 -1009.00 0
5068 -5.08 -7.03 -5.15 -153.00 -50.00 169.00 634.00 -247.00 -1009.00 0
5078 -4.73 -5.98 -4.66 -152.00 -52.00 173.00 634.00 -247.00 -1009.00 0
5087 -3.76 -5.29 -4.24 -157.00 -49.00 173.00 634.00 -247.00 -1009.00 0
5096 -3.55 -4.52 -3.83 -160.00 -54.00 176.00 634.00 -247.00 -1009.00 0
5105 -3.55 -3.62 -3.69 -160.00 -55.00 176.00 634.00 -247.00 -1009.00 0
5114 -3.69 -2.85 -3.69 -163.00 -57.00 176.00 634.00 -247.00 -1009.00 0
5124 -3.83 -2.37 -3.69 -162.00 -63.00 175.00 634.00 -247.00 -1009.00 0
5133 -4.03 -1.74 -3.83 -157.00 -61.00 174.00 634.00 -247.00 -1009.00 0
5142 -4.03 -1.46 -3.97 -149.00 -55.00 168.00 634.00 -247.00 -1009.00 0
5151 -3.41 -1.11 -3.76 -148.00 -47.00 167.00 634.00 -247.00 -1009.00 0
5161 -2.85 -0.56 -3.41 -146.00 -48.00 161.00 634.00 -247.00 -1009.00 0
5171 -2.78 0.21 -3.06 -129.00 -44.00 133.00 634.00 -247.00 -1009.00 0
5180 -2.85 1.60 -2.64 -81.00 -30.00 100.00 634.00 -247.00 -1009.00 0
5189 -2.57 11.55 1.95 -83.00 3.00 101.00 634.00 -247.00 -1009.00 0
5198 0.00 23.23 8.00 -97.00 24.00 122.00 634.00 -247.00 -1009.00 0
5208 -0.97 38.26 16.83 -125.00 14.00 133.00 634.00 -247.00 -1009.00 0
5217 -6.33 54.12 26.78 -147.00 -29.00 115.00 634.00 -247.00 -1009.00 0
5226 -15.10 69.01 35.62 -166.00 -57.00 143.00 634.00 -247.00 -1009.00 1
5236 -26.37 85.91 44.03 -678.00 -298.00 599.00 634.00 -247.00 -1009.00 1
5248 -37.08 71.72 29.50 -63.00 -38.00 70.00 634.00 -247.00 -1009.00 1
5259 -29.91 45.84 14.05 -219.00 -69.00 177.00 634.00 -247.00 -1009.00 1
5270 -16.14 26.02 11.76 -194.00 -37.00 152.00 634.00 -247.00 -1009.00 1
5281 -11.83 19.90 9.11 -187.00 -72.00 147.00 634.00 -247.00 -1009.00 1
5293 -6.68 11.97 6.33 -188.00 -49.00 168.00 634.00 -247.00 -1009.00 1
5304 -2.64 8.97 5.08 -195.00 -73.00 183.00 634.00 -247.00 -1009.00 1
5314 -0.70 6.96 3.34 -259.00 -84.00 244.00 634.00 -247.00 -1009.00 0
5323 2.16 3.76 0.56 -274.00 -71.00 256.00 634.00 -247.00 -1009.00 0
5332 7.10 -18.78 -13.70 -222.00 -52.00 215.00 634.00 -247.00 -1009.00 0
5342 9.39 -36.45 -21.43 -162.00 -31.00 173.00 634.00 -247.00 -1009.00 0
5351 9.67 -51.13 -26.02 -133.00 -31.00 121.00 634.00 -247.00 -1009.00 0
5360 7.37 -60.80 -27.97 -114.00 -29.00 117.00 634.00 -247.00 -1009.00 0
5369 5.08 -67.41 -28.80 -102.00 -42.00 121.00 634.00 -247.00 -1009.00 0
5380 2.09 -70.19 -29.36 -97.00 -50.00 117.00 634.00 -247.00 -1009.00 0
5389 -4.24 -65.81 -29.29 -97.00 -51.00 115.00 634.00 -247.00 -1009.00 0
5398 -5.36 -58.43 -27.90 -103.00 -47.00 125.00 634.00 -247.00 -1009.00 0
5407 -4.59 -48.90 -24.56 -121.00 -34.00 133.00 634.00 -247.00 -1009.00 0
5416 -2.50 -37.70 -19.69 -146.00 -43.00 159.00 634.00 -247.00 -1009.00 0
5426 -1.04 -26.02 -14.40 -172.00 -51.00 183.00 634.00 -247.00 -1009.00 0
5435 0.49 -6.26 -5.57 -189.00 -59.00 193.00 634.00 -247.00 -1009.00 0
5444 1.32 -0.14 -2.57 -202.00 -62.00 209.00 634.00 -247.00 -1009.00 0
5453 1.95 2.64 -1.25 -193.00 -58.00 202.00 634.00 -247.00 -1009.00 0
5463 2.23 2.30 -1.39 -178.00 -64.00 189.00 634.00 -247.00 -1009.00 0
5472 1.81 -0.35 -2.30 -165.00 -65.00 178.00 634.00 -247.00 -1009.00 0
5482 0.90 -3.90 -3.69 -148.00 -60.00 167.00 634.00 -247.00 -1009.00 0
5491 0.70 -10.02 -6.19 -137.00 -51.00 156.00 634.00 -247.00 -1009.00 0
5500 1.18 -11.62 -6.54 -139.00 -53.00 157.00 631.00 -243.00 -949.00 0
5510 1.46 -12.03 -6.75 -144.00 -47.00 164.00 631.00 -243.00 -949.00 0
5519 1.74 -11.48 -6.75 -148.00 -46.00 171.00 631.00 -243.00 -949.00 0
5528 1.88 -10.30 -6.33 -157.00 -42.00 176.00 631.00 -243.00 -949.00 0
5537 1.88 -8.77 -5.70 -161.00 -44.00 179.00 631.00 -243.00 -949.00 0
5547 0.83 -5.91 -4.31 -162.00 -49.00 178.00 631.00 -243.00 -949.00 0
5556 -0.14 -5.01 -3.76 -161.00 -56.00 183.00 631.00 -243.00 -949.00 0
5565 -1.18 -4.45 -3.48 -159.00 -60.00 178.00 631.00 -243.00 -949.00 0
5574 -1.95 -4.45 -3.55 -153.00 -60.00 179.00 631.00 -243.00 -949.00 0
5583 -2.37 -4.66 -3.62 -151.00 -58.00 169.00 631.00 -243.00 -949.00 0
5593 -2.57 -4.80 -3.62 -154.00 -60.00 171.00 631.00 -243.00 -949.00 0
5602 -2.71 -4.73 -3.55 -154.00 -57.00 178.00 631.00 -243.00 -949.00 0
5611 -2.64 -4.59 -3.48 -156.00 -59.00 179.00 631.00 -243.00 -949.00 0
5620 -2.43 -4.31 -3.20 -158.00 -52.00 176.00 631.00 -243.00 -949.00 0
5629 -2.23 -4.10 -2.99 -153.00 -48.00 176.00 631.00 -243.00 -949.00 0
5639 -1.95 -3.97 -2.71 -149.00 -46.00 172.00 631.00 -243.00 -949.00 0
5648 -1.81 -3.83 -2.30 -148.00 -47.00 171.00 631.00 -243.00 -949.00 0
5657 -2.02 -3.48 -1.88 -149.00 -48.00 173.00 631.00 -243.00 -949.00 0
5666 -3.13 -2.16 -1.25 -155.00 -56.00 176.00 631.00 -243.00 -949.00 0
5676 -3.90 -1.46 -1.04 -156.00 -61.00 177.00 631.00 -243.00 -949.00 0
5685 -4.45 -1.04 -1.11 -160.00 -64.00 182.00 631.00 -243.00 -949.00 0
5694 -4.73 -0.90 -1.32 -165.00 -65.00 180.00 631.00 -244.00 -1142.00 0
5703 -4.66 -1.04 -1.53 -160.00 -58.00 180.00 631.00 -244.00 -1142.00 0
5712 -4.24 -1.39 -1.88 -160.00 -55.00 176.00 631.00 -244.00 -1142.00 0
5722 -3.20 -2.23 -1.88 -154.00 -57.00 173.00 631.00 -244.00 -1142.00 0
5731 -2.99 -2.71 -1.88 -153.00 -52.00 173.00 631.00 -244.00 -1142.00 0
5740 -2.64 -3.20 -1.88 -148.00 -52.00 172.00 631.00 -244.00 -1142.00 0
5749 -2.23 -3.55 -1.88 -149.00 -49.00 173.00 631.00 -244.00 -1142.00 0
5758 -2.09 -3.55 -1.88 -151.00 -50.00 169.00 632.00 -243.00 -1047.00 0
5768 -2.23 -3.20 -1.95 -151.00 -55.00 177.00 632.00 -243.00 -1047.00 0
5777 -3.20 -2.02 -2.16 -157.00 -54.00 177.00 632.00 -243.00 -1047.00 0
5786 -3.62 -1.53 -2.23 -157.00 -55.00 173.00 632.00 -243.00 -1047.00 0
5795 -3.83 -1.18 -2.09 -158.00 -58.00 176.00 632.00 -243.00 -1047.00 0
5805 -3.83 -1.11 -1.74 -159.00 -60.00 176.00 632.00 -243.00 -1047.00 0
5814 -3.83 -1.11 -1.60 -155.00 -55.00 178.00 632.00 -243.00 -1047.00 0
5823 -3.76 -1.11 -1.67 -159.00 -56.00 178.00 631.00 -243.00 -1172.00 0
5832 -3.27 -1.39 -1.81 -158.00 -51.00 178.00 631.00 -243.00 -1172.00 0
5841 -2.99 -1.67 -2.02 -154.00 -52.00 175.00 631.00 -243.00 -1172.00 0
5851 -2.85 -1.88 -2.02 -150.00 -51.00 178.00 631.00 -243.00 -1172.00 0
5860 -2.64 -2.09 -1.95 -156.00 -51.00 175.00 631.00 -243.00 -1172.00 0
5869 -2.71 -2.16 -1.95 -154.00 -51.00 174.00 631.00 -243.00 -1172.00 0
5879 -2.92 -2.23 -2.09 -149.00 -55.00 178.00 631.00 -243.00 -1172.00 0
5889 -3.41 -2.37 -2.30 -158.00 -58.00 180.00 627.00 -243.00 -967.00 0
5898 -3.83 -2.50 -2.30 -162.00 -56.00 181.00 627.00 -243.00 -967.00 0
5907 -3.97 -3.06 -2.57 -159.00 -57.00 180.00 627.00 -243.00 -967.00 0
5916 -3.97 -4.03 -2.92 -156.00 -59.00 176.00 627.00 -243.00 -967.00 0
5925 -4.24 -5.36 -3.34 -153.00 -60.00 175.00 627.00 -243.00 -967.00 0
5935 -4.66 -6.47 -3.90 -159.00 -64.00 181.00 627.00 -243.00 -967.00 0
5944 -5.01 -7.37 -5.01 -166.00 -61.00 182.00 627.00 -243.00 -967.00 0
5953 -4.87 -8.14 -5.77 -169.00 -62.00 189.00 629.00 -240.00 -993.00 0
5962 -4.87 -9.60 -6.61 -160.00 -59.00 188.00 629.00 -240.00 -993.00 0
5971 -4.73 -11.62 -7.65 -154.00 -51.00 183.00 629.00 -240.00 -993.00 0
5981 -4.31 -14.05 -8.56 -145.00 -54.00 182.00 629.00 -240.00 -993.00 0
5990 -3.97 -16.28 -9.18 -140.00 -51.00 175.00 629.00 -240.00 -993.00 0
5999 -3.97 -19.20 -9.74 -137.00 -50.00 169.00 629.00 -240.00 -993.00 0
6008 -4.03 -19.90 -9.67 -134.00 -52.00 170.00 629.00 -240.00 -993.00 0
6018 -3.97 -20.17 -9.32 -140.00 -52.00 167.00 629.00 -240.00 -993.00 0
6027 -4.17 -19.06 -8.97 -138.00 -52.00 173.00 629.00 -240.00 -993.00 0
6036 -4.24 -17.74 -8.35 -138.00 -50.00 172.00 629.00 -240.00 -993.00 0
6045 -3.90 -15.79 -7.44 -135.00 -56.00 170.00 629.00 -240.00 -993.00 0
6054 -3.97 -10.57 -5.08 -139.00 -53.00 169.00 629.00 -240.00 -993.00 0
6064 -4.38 -7.93 -4.31 -136.00 -52.00 170.00 629.00 -240.00 -993.00 0
6073 -4.73 -5.36 -3.62 -136.00 -47.00 176.00 629.00 -240.00 -993.00 0
6082 -4.87 -2.92 -2.71 -125.00 -33.00 154.00 629.00 -240.00 -993.00 0
6091 -5.50 -0.77 -1.53 -102.00 -20.00 135.00 629.00 -240.00 -993.00 0
6100 -6.40 1.60 0.21 -85.00 -23.00 108.00 629.00 -240.00 -993.00 0
6110 -11.06 15.44 8.42 -92.00 -34.00 99.00 629.00 -240.00 -993.00 0
6119 -13.01 27.83 14.89 -91.00 -38.00 107.00 629.00 -240.00 -993.00 0
6128 -13.43 42.92 22.12 -114.00 -39.00 117.00 629.00 -240.00 -993.00 0
6137 -13.01 59.90 29.91 -145.00 -39.00 140.00 629.00 -240.00 -993.00 0
6147 -11.97 76.17 37.29 -171.00 -43.00 162.00 629.00 -240.00 -993.00 0
6156 -10.71 89.60 43.20 -207.00 -49.00 183.00 649.00 -265.00 -1234.00 1
6167 -11.13 103.51 47.86 -661.00 -235.00 548.00 649.00 -265.00 -1234.00 1
6178 -19.90 85.29 32.97 -66.00 -27.00 76.00 649.00 -265.00 -1234.00 1
6189 -9.81 40.83 14.12 -223.00 -83.00 176.00 649.00 -265.00 -1234.00 1
6200 -7.30 34.09 13.91 -202.00 -52.00 178.00 649.00 -265.00 -1234.00 1
6210 -2.64 26.78 10.57 -218.00 -95.00 203.00 649.00 -265.00 -1234.00 0
6219 -0.42 19.55 7.65 -234.00 -72.00 227.00 649.00 -265.00 -1234.00 0
6228 4.87 -2.78 -4.87 -187.00 -63.00 202.00 649.00 -265.00 -1234.00 0
6238 6.61 -17.67 -12.38 -172.00 -53.00 177.00 649.00 -265.00 -1234.00 0
6248 7.86 -29.91 -16.97 -158.00 -33.00 150.00 649.00 -265.00 -1234.00 0
6257 8.97 -39.93 -20.94 -132.00 -32.00 137.00 649.00 -265.00 -1234.00 0
6266 8.42 -48.35 -24.70 -127.00 -31.00 129.00 649.00 -265.00 -1234.00 0
6276 6.61 -53.36 -26.92 -125.00 -35.00 134.00 649.00 -265.00 -1234.00 0
6285 3.55 -52.73 -25.60 -127.00 -36.00 141.00 632.00 -248.00 -1075.00 0
6294 2.23 -48.83 -23.58 -131.00 -40.00 146.00 632.00 -248.00 -1075.00 0
6303 0.97 -43.55 -21.29 -141.00 -43.00 153.00 632.00 -248.00 -1075.00 0
6312 -0.07 -37.36 -18.99 -143.00 -53.00 161.00 632.00 -248.00 -1075.00 0
6323 -1.18 -30.89 -16.77 -151.00 -59.00 172.00 632.00 -248.00 -1075.00 0
6332 -2.78 -19.41 -11.90 -158.00 -57.00 172.00 632.00 -248.00 -1075.00 0
6341 -2.64 -15.03 -9.46 -155.00 -57.00 174.00 632.00 -248.00 -1075.00 0
6350 -2.23 -11.83 -7.30 -162.00 -57.00 176.00 632.00 -243.00 -1082.00 0
6360 -1.88 -9.39 -5.57 -168.00 -65.00 181.00 632.00 -243.00 -1082.00 0
6369 -2.02 -7.86 -4.73 -167.00 -60.00 185.00 632.00 -243.00 -1082.00 0
6378 -2.23 -7.10 -4.87 -162.00 -54.00 179.00 632.00 -243.00 -1082.00 0
6387 -1.53 -7.23 -5.43 -158.00 -50.00 174.00 632.00 -243.00 -1082.00 0
6396 -1.11 -7.58 -5.29 -153.00 -49.00 168.00 632.00 -243.00 -1082.00 0
6406 -0.90 -7.79 -5.08 -146.00 -51.00 170.00 632.00 -243.00 -1082.00 0
6415 -0.97 -7.86 -4.80 -151.00 -56.00 174.00 629.00 -238.00 -1005.00 0
6424 -1.11 -7.65 -4.52 -153.00 -60.00 181.00 629.00 -238.00 -1005.00 0
6433 -1.53 -7.30 -4.31 -154.00 -60.00 178.00 629.00 -238.00 -1005.00 0
6443 -2.16 -6.33 -3.97 -160.00 -58.00 179.00 629.00 -238.00 -1005.00 0
6453 -2.16 -5.98 -3.76 -150.00 -54.00 170.00 629.00 -238.00 -1005.00 0
6462 -2.02 -5.70 -3.48 -149.00 -53.00 168.00 629.00 -238.00 -1005.00 0
6471 -1.81 -5.29 -3.13 -147.00 -50.00 171.00 629.00 -238.00 -1005.00 0
6480 -1.81 -4.66 -2.78 -150.00 -53.00 175.00 631.00 -238.00 -1065.00 0
6490 -1.95 -3.97 -2.57 -149.00 -53.00 174.00 631.00 -238.00 -1065.00 0
6499 -2.43 -2.85 -2.43 -151.00 -52.00 180.00 631.00 -238.00 -1065.00 0
6508 -2.71 -2.50 -2.23 -159.00 -56.00 178.00 631.00 -238.00 -1065.00 0
6517 -2.99 -2.16 -2.09 -159.00 -59.00 179.00 631.00 -238.00 -1065.00 0
6526 -3.34 -2.09 -2.09 -158.00 -58.00 172.00 631.00 -238.00 -1065.00 0
6536 -3.62 -1.95 -2.16 -156.00 -58.00 176.00 631.00 -238.00 -1065.00 0
6545 -3.62 -1.95 -2.23 -150.00 -57.00 170.00 632.00 -240.00 -1039.00 0
6554 -3.06 -1.81 -2.16 -146.00 -55.00 170.00 632.00 -240.00 -1039.00 0
6563 -2.78 -1.46 -2.02 -149.00 -53.00 173.00 632.00 -240.00 -1039.00 0
6573 -2.64 -0.97 -1.95 -149.00 -55.00 175.00 632.00 -240.00 -1039.00 0
6582 -2.64 -0.42 -1.74 -157.00 -54.00 175.00 632.00 -240.00 -1039.00 0
6591 -2.85 0.14 -1.53 -157.00 -56.00 181.00 632.00 -240.00 -1039.00 0
6600 -2.99 0.42 -1.39 -159.00 -51.00 181.00 632.00 -240.00 -1039.00 0
6609 -2.71 0.28 -0.90 -154.00 -56.00 177.00 631.00 -241.00 -990.00 0
6619 -2.71 -0.14 -0.63 -157.00 -58.00 175.00 631.00 -241.00 -990.00 0
6628 -3.06 -0.49 -0.70 -162.00 -59.00 175.00 631.00 -241.00 -990.00 0
6637 -3.34 -0.77 -1.11 -164.00 -60.00 185.00 631.00 -241.00 -990.00 0
6646 -3.48 -1.18 -1.74 -165.00 -59.00 185.00 631.00 -241.00 -990.00 0
6656 -3.34 -1.81 -2.16 -159.00 -54.00 176.00 631.00 -241.00 -990.00 0
6665 -2.64 -3.83 -2.71 -151.00 -56.00 174.00 631.00 -241.00 -990.00 0
6674 -2.37 -4.66 -2.85 -145.00 -52.00 168.00 631.00 -242.00 -1183.00 0
6683 -2.23 -5.08 -2.99 -142.00 -51.00 169.00 629.00 -242.00 -1183.00 0
6692 -2.23 -4.94 -2.85 -148.00 -53.00 171.00 629.00 -242.00 -1183.00 0
6702 -2.37 -4.38 -2.64 -150.00 -53.00 171.00 629.00 -242.00 -1183.00 0
6711 -2.50 -3.69 -2.37 -151.00 -56.00 178.00 629.00 -242.00 -1183.00 0
6720 -2.92 -2.23 -2.09 -158.00 -55.00 182.00 629.00 -242.00 -1183.00 0
6730 -2.99 -1.67 -1.95 -160.00 -53.00 181.00 629.00 -242.00 -1183.00 0
6739 -3.13 -1.46 -1.81 -158.00 -54.00 181.00 629.00 -242.00 -1183.00 0
6749 -3.27 -1.53 -1.88 -163.00 -62.00 184.00 629.00 -242.00 -1183.00 0
6758 -3.48 -1.81 -2.02 -164.00 -62.00 185.00 629.00 -242.00 -1183.00 0
6767 -3.62 -2.43 -2.37 -167.00 -61.00 187.00 629.00 -242.00 -1183.00 0
6776 -3.62 -5.43 -3.69 -160.00 -59.00 178.00 629.00 -242.00 -1183.00 0
6786 -3.62 -7.58 -4.59 -153.00 -57.00 174.00 629.00 -242.00 -1183.00 0
6795 -3.48 -9.53 -5.15 -146.00 -58.00 174.00 629.00 -242.00 -1183.00 0
6804 -3.41 -10.78 -5.57 -135.00 -56.00 173.00 629.00 -242.00 -1183.00 0
6813 -3.27 -11.55 -5.91 -138.00 -55.00 168.00 629.00 -242.00 -1183.00 0
6822 -2.92 -11.62 -5.98 -139.00 -52.00 170.00 629.00 -242.00 -1183.00 0
6832 -2.57 -10.02 -5.29 -139.00 -48.00 166.00 629.00 -242.00 -1183.00 0
6841 -2.50 -8.42 -4.73 -147.00 -46.00 173.00 629.00 -242.00 -1183.00 0
6850 -2.71 -6.33 -3.97 -152.00 -52.00 179.00 629.00 -242.00 -1183.00 0
6859 -3.13 -4.31 -3.27 -151.00 -56.00 180.00 629.00 -242.00 -1183.00 0
6868 -3.55 -2.71 -2.71 -149.00 -55.00 180.00 629.00 -242.00 -1183.00 0
6878 -3.69 -1.67 -2.23 -160.00 -61.00 188.00 629.00 -242.00 -1183.00 0
6888 -4.31 -0.42 -1.81 -164.00 -63.00 188.00 629.00 -242.00 -1183.00 0
6897 -4.59 -0.70 -2.37 -156.00 -59.00 183.00 629.00 -242.00 -1183.00 0
6906 -4.38 -1.53 -2.64 -150.00 -60.00 175.00 629.00 -242.00 -1183.00 0
6916 -3.97 -2.30 -2.57 -145.00 -61.00 169.00 629.00 -242.00 -1183.00 0
6925 -3.69 -2.78 -2.71 -142.00 -57.00 166.00 629.00 -242.00 -1183.00 0
6934 -3.48 -2.85 -2.85 -139.00 -54.00 167.00 629.00 -242.00 -1183.00 0
6943 -2.78 -1.53 -2.64 -145.00 -52.00 169.00 629.00 -242.00 -1183.00 0
6952 -2.71 -0.28 -2.64 -144.00 -50.00 174.00 629.00 -242.00 -1183.00 0
6962 -2.78 0.97 -2.57 -151.00 -54.00 175.00 629.00 -242.00 -1183.00 0
6971 -2.85 2.02 -2.57 -146.00 -52.00 174.00 629.00 -242.00 -1183.00 0
6980 -2.78 2.92 -2.50 -139.00 -46.00 163.00 629.00 -242.00 -1183.00 0
6989 -2.78 3.97 -2.16 -126.00 -37.00 141.00 629.00 -242.00 -1183.00 0
6999 -3.48 8.07 -0.42 -86.00 -22.00 103.00 629.00 -242.00 -1183.00 0
7008 -3.76 13.98 2.92 -94.00 -26.00 110.00 629.00 -242.00 -1183.00 0
7017 -4.24 24.28 8.35 -108.00 -20.00 118.00 629.00 -242.00 -1183.00 0
7026 -4.59 37.70 15.10 -125.00 -18.00 129.00 629.00 -242.00 -1183.00 0
7035 -5.36 52.10 22.96 -144.00 -34.00 146.00 629.00 -242.00 -1183.00 0
7045 -7.23 65.67 30.61 -175.00 -50.00 166.00 629.00 -242.00 -1183.00 1
7055 -12.45 86.33 40.83 -451.00 -145.00 577.00 629.00 -242.00 -1183.00 1
7066 -19.34 86.61 39.58 -133.00 -68.00 113.00 629.00 -242.00 -1183.00 1
7076 -23.44 63.17 23.17 -169.00 -74.00 156.00 629.00 -242.00 -1183.00 1
7088 -13.70 32.42 15.03 -197.00 -46.00 162.00 629.00 -242.00 -1183.00 1
7099 -10.02 26.71 11.48 -189.00 -64.00 163.00 629.00 -242.00 -1183.00 1
7109 -3.06 15.79 8.21 -191.00 -59.00 180.00 629.00 -242.00 -1183.00 0
7119 0.56 10.78 5.77 -196.00 -64.00 200.00 629.00 -242.00 -1183.00 0
7129 1.39 4.24 1.32 -203.00 -74.00 203.00 629.00 -242.00 -1183.00 0
7138 1.53 -4.87 -3.76 -193.00 -52.00 198.00 646.00 -256.00 -999.00 0
7147 3.76 -15.65 -8.97 -179.00 -46.00 174.00 646.00 -256.00 -999.00 0
7156 4.52 -26.78 -14.47 -158.00 -44.00 160.00 646.00 -256.00 -999.00 0
7165 2.57 -44.73 -23.44 -144.00 -43.00 147.00 646.00 -256.00 -999.00 0
7175 1.32 -49.53 -24.97 -137.00 -39.00 137.00 646.00 -256.00 -999.00 0
7184 0.21 -51.55 -25.11 -134.00 -46.00 140.00 646.00 -256.00 -999.00 0
7193 -1.11 -51.06 -24.70 -130.00 -46.00 141.00 646.00 -256.00 -999.00 0
7202 -2.30 -48.63 -23.58 -128.00 -44.00 147.00 636.00 -241.00 -962.00 0
7212 -2.57 -44.24 -21.84 -135.00 -44.00 146.00 636.00 -241.00 -962.00 0
7221 -2.30 -32.70 -16.56 -146.00 -50.00 159.00 636.00 -241.00 -962.00 0
7231 -2.50 -26.23 -13.77 -154.00 -53.00 169.00 636.00 -241.00 -962.00 0
7240 -2.64 -20.24 -11.27 -165.00 -53.00 175.00 636.00 -241.00 -962.00 0
7249 -2.64 -15.23 -8.97 -165.00 -55.00 177.00 636.00 -241.00 -962.00 0
7259 -2.57 -11.48 -7.10 -167.00 -63.00 185.00 636.00 -241.00 -962.00 0
7268 -2.64 -9.32 -5.15 -164.00 -60.00 182.00 631.00 -240.00 -1088.00 0
7277 -2.43 -8.14 -4.94 -156.00 -59.00 179.00 631.00 -240.00 -1088.00 0
7286 -2.23 -8.07 -4.80 -160.00 -60.00 181.00 631.00 -240.00 -1088.00 0
7296 -2.02 -8.14 -4.87 -162.00 -58.00 176.00 631.00 -240.00 -1088.00 0
7305 -1.81 -8.70 -5.22 -157.00 -55.00 173.00 631.00 -240.00 -1088.00 0
7314 -1.46 -9.53 -5.57 -154.00 -53.00 173.00 631.00 -240.00 -1088.00 0
7323 -1.11 -10.23 -5.84 -148.00 -52.00 170.00 631.00 -240.00 -1088.00 0
7332 -0.90 -10.43 -5.63 -149.00 -54.00 171.00 630.00 -240.00 -1129.00 0
7342 -1.04 -9.81 -5.36 -151.00 -52.00 172.00 630.00 -240.00 -1129.00 0
7351 -1.32 -9.04 -5.01 -150.00 -51.00 169.00 630.00 -240.00 -1129.00 0
7360 -1.67 -8.14 -4.80 -150.00 -53.00 176.00 630.00 -240.00 -1129.00 0
7369 -1.95 -7.17 -4.45 -148.00 -52.00 171.00 630.00 -240.00 -1129.00 0
7378 -2.02 -5.43 -3.27 -146.00 -51.00 173.00 630.00 -240.00 -1129.00 0
7388 -2.43 -4.38 -2.78 -150.00 -59.00 176.00 630.00 -240.00 -1129.00 0
7398 -3.06 -3.34 -2.50 -154.00 -62.00 180.00 632.00 -236.00 -950.00 0
7407 -3.55 -2.37 -2.30 -160.00 -59.00 177.00 632.00 -236.00 -950.00 0
7416 -3.62 -1.74 -2.16 -164.00 -58.00 186.00 632.00 -236.00 -950.00 0
7426 -3.41 -1.46 -2.09 -164.00 -57.00 185.00 632.00 -236.00 -950.00 0
7435 -3.20 -1.60 -2.09 -158.00 -61.00 180.00 632.00 -236.00 -950.00 0
7443 -2.92 -2.92 -2.23 -151.00 -58.00 173.00 632.00 -236.00 -950.00 0
7452 -2.57 -3.62 -2.37 -146.00 -50.00 174.00 632.00 -236.00 -950.00 0
7462 -2.23 -4.10 -2.23 -144.00 -51.00 174.00 630.00 -241.00 -909.00 0
7472 -2.02 -4.17 -2.09 -139.00 -54.00 169.00 630.00 -241.00 -909.00 0
7480 -2.16 -3.97 -1.95 -141.00 -54.00 167.00 630.00 -241.00 -909.00 0
7490 -2.57 -3.48 -1.88 -151.00 -54.00 174.00 630.00 -241.00 -909.00 0
7499 -3.27 -1.39 -1.81 -160.00 -55.00 183.00 630.00 -241.00 -909.00 0
7508 -3.62 -0.49 -1.81 -164.00 -63.00 186.00 630.00 -241.00 -909.00 0
7518 -4.03 0.07 -1.95 -161.00 -61.00 182.00 630.00 -241.00 -909.00 0
7526 -3.83 -0.07 -2.09 -155.00 -59.00 178.00 630.00 -241.00 -909.00 0
7535 -3.41 -0.49 -1.95 -152.00 -54.00 182.00 630.00 -241.00 -909.00 0
7544 -2.92 -1.04 -1.74 -155.00 -55.00 181.00 630.00 -241.00 -909.00 0
7554 -2.57 -2.16 -1.60 -150.00 -57.00 180.00 630.00 -241.00 -909.00 0
7563 -2.64 -2.71 -1.74 -150.00 -54.00 176.00 630.00 -241.00 -909.00 0
7572 -2.78 -2.99 -1.95 -152.00 -54.00 177.00 630.00 -241.00 -909.00 0
7581 -2.92 -3.13 -2.16 -151.00 -55.00 175.00 630.00 -241.00 -909.00 0
7590 -2.92 -3.13 -2.37 -151.00 -56.00 172.00 630.00 -241.00 -909.00 0
7600 -2.99 -3.06 -2.43 -149.00 -55.00 172.00 630.00 -241.00 -909.00 0
7609 -2.85 -2.78 -2.30 -151.00 -57.00 178.00 630.00 -241.00 -909.00 0
7618 -2.99 -2.57 -2.37 -160.00 -61.00 179.00 630.00 -241.00 -909.00 0
7627 -3.27 -2.57 -2.57 -163.00 -59.00 180.00 630.00 -241.00 -909.00 0
7636 -3.27 -2.99 -3.06 -156.00 -54.00 178.00 630.00 -241.00 -909.00 0
7646 -2.92 -3.76 -3.34 -156.00 -57.00 182.00 630.00 -241.00 -909.00 0
7655 -2.50 -4.45 -3.20 -150.00 -57.00 177.00 630.00 -241.00 -909.00 0
7664 -2.37 -5.63 -2.92 -146.00 -50.00 174.00 630.00 -241.00 -909.00 0
7673 -1.81 -5.98 -2.57 -146.00 -49.00 170.00 630.00 -241.00 -909.00 0
7683 -1.88 -5.98 -2.30 -148.00 -50.00 173.00 630.00 -241.00 -909.00 0
7692 -2.23 -5.63 -2.30 -148.00 -47.00 176.00 630.00 -241.00 -909.00 0
7701 -2.64 -5.15 -2.43 -156.00 -60.00 180.00 630.00 -241.00 -909.00 0
7710 -3.20 -4.66 -2.50 -164.00 -64.00 181.00 630.00 -241.00 -909.00 0
7719 -3.83 -4.38 -3.48 -154.00 -62.00 184.00 630.00 -241.00 -909.00 0
7729 -3.62 -5.70 -3.90 -152.00 -58.00 178.00 630.00 -241.00 -909.00 0
7738 -3.06 -6.54 -4.10 -147.00 -62.00 175.00 630.00 -241.00 -909.00 0
7747 -2.78 -7.17 -4.24 -143.00 -56.00 173.00 630.00 -241.00 -909.00 0
7756 -2.43 -7.65 -4.52 -145.00 -48.00 178.00 630.00 -241.00 -909.00 0
7766 -1.88 -7.93 -4.52 -147.00 -49.00 182.00 630.00 -241.00 -909.00 0
7775 -1.39 -7.93 -4.38 -146.00 -46.00 181.00 630.00 -241.00 -909.00 0
7784 -1.88 -7.44 -4.17 -146.00 -51.00 180.00 630.00 -241.00 -909.00 0
7793 -2.37 -6.96 -3.83 -145.00 -53.00 173.00 626.00 -236.00 -996.00 0
7802 -2.78 -6.40 -3.34 -141.00 -55.00 170.00 626.00 -236.00 -996.00 0
7812 -3.34 -5.50 -2.85 -138.00 -59.00 170.00 626.00 -236.00 -996.00 0
7821 -3.76 -4.24 -2.50 -144.00 -60.00 175.00 626.00 -236.00 -996.00 0
7830 -4.03 -2.78 -2.23 -144.00 -57.00 179.00 626.00 -236.00 -996.00 0
7839 -3.97 0.07 -1.53 -145.00 -45.00 176.00 626.00 -236.00 -996.00 0
7848 -4.10 1.25 -0.90 -132.00 -25.00 162.00 626.00 -236.00 -996.00 0
7858 -5.01 2.64 0.21 -108.00 -17.00 125.00 627.00 -239.00 -1189.00 0
7867 -6.75 5.22 2.37 -73.00 0.00 83.00 627.00 -239.00 -1189.00 0
7876 -8.63 10.99 6.75 -77.00 -21.00 76.00 627.00 -239.00 -1189.00 0
7885 -9.25 21.01 13.70 -112.00 -35.00 96.00 627.00 -239.00 -1189.00 0
7895 -5.43 49.88 28.17 -132.00 -39.00 120.00 627.00 -239.00 -1189.00 0
7904 -3.48 68.10 35.62 -168.00 -32.00 167.00 627.00 -239.00 -1189.00 0
7914 -1.60 84.38 42.99 -226.00 -44.00 239.00 627.00 -239.00 -1189.00 1
7924 -2.64 96.00 48.49 -468.00 -151.00 400.00 647.00 -266.00 -1144.00 1
7936 -15.44 58.57 22.26 -82.00 -45.00 118.00 647.00 -266.00 -1144.00 1
7947 -10.09 41.95 17.67 -224.00 -101.00 171.00 647.00 -266.00 -1144.00 1
7958 -9.46 34.37 17.67 -192.00 -45.00 183.00 647.00 -266.00 -1144.00 1
7968 -3.27 22.05 11.41 -195.00 -80.00 174.00 647.00 -266.00 -1144.00 0
7979 -1.39 16.77 8.90 -206.00 -73.00 213.00 647.00 -266.00 -1144.00 0
7988 0.90 9.25 3.48 -207.00 -85.00 223.00 646.00 -262.00 -1103.00 0
7997 1.32 -0.35 -3.76 -194.00 -55.00 197.00 646.00 -262.00 -1103.00 0
8006 4.03 -21.84 -13.98 -174.00 -37.00 170.00 646.00 -262.00 -1103.00 0
8015 7.72 -31.44 -18.57 -149.00 -34.00 148.00 646.00 -262.00 -1103.00 0
8025 7.03 -39.23 -22.40 -139.00 -32.00 143.00 646.00 -262.00 -1103.00 0
8034 6.05 -44.45 -24.35 -134.00 -29.00 136.00 646.00 -262.00 -1103.00 0
8043 5.08 -47.17 -24.83 -128.00 -36.00 136.00 646.00 -262.00 -1103.00 0
8052 3.83 -47.86 -24.77 -130.00 -39.00 147.00 634.00 -246.00 -999.00 0
8061 1.74 -43.90 -23.51 -141.00 -44.00 148.00 634.00 -246.00 -999.00 0
8072 0.90 -40.21 -22.54 -133.00 -43.00 156.00 634.00 -246.00 -999.00 0
8081 0.42 -35.90 -21.15 -142.00 -41.00 160.00 634.00 -246.00 -999.00 0
8090 0.00 -30.26 -18.71 -149.00 -45.00 163.00 634.00 -246.00 -999.00 0
8099 -0.42 -24.42 -15.17 -158.00 -48.00 172.00 634.00 -246.00 -999.00 0
8109 -1.04 -19.13 -11.48 -161.00 -55.00 178.00 634.00 -246.00 -999.00 0
8118 -2.99 -10.92 -7.03 -163.00 -57.00 183.00 634.00 -245.00 -1105.00 0
8127 -3.41 -8.77 -5.91 -163.00 -56.00 180.00 630.00 -245.00 -1105.00 0
8136 -3.55 -7.58 -5.08 -158.00 -55.00 179.00 630.00 -245.00 -1105.00 0
8145 -3.55 -6.96 -4.73 -160.00 -61.00 179.00 630.00 -245.00 -1105.00 0
8155 -3.55 -6.75 -4.80 -159.00 -53.00 177.00 630.00 -245.00 -1105.00 0
8164 -3.34 -6.96 -5.01 -150.00 -54.00 176.00 630.00 -245.00 -1105.00 0
8173 -2.57 -7.58 -4.87 -147.00 -54.00 173.00 630.00 -245.00 -1105.00 0
8182 -2.30 -7.58 -4.80 -148.00 -49.00 171.00 630.00 -245.00 -1105.00 0
8192 -2.09 -7.30 -4.66 -151.00 -50.00 175.00 630.00 -245.00 -1105.00 0
8201 -2.02 -6.82 -4.38 -153.00 -51.00 177.00 630.00 -245.00 -1105.00 0
8210 -2.09 -6.33 -4.24 -158.00 -53.00 177.00 630.00 -245.00 -1105.00 0
8219 -2.30 -5.84 -4.10 -152.00 -57.00 175.00 630.00 -245.00 -1105.00 0
8228 -2.16 -4.94 -3.62 -151.00 -56.00 177.00 630.00 -245.00 -1105.00 0
8239 -2.16 -4.52 -3.27 -151.00 -51.00 175.00 630.00 -245.00 -1105.00 0
8248 -2.30 -4.24 -2.99 -151.00 -54.00 174.00 630.00 -245.00 -1105.00 0
8257 -2.50 -3.83 -2.92 -153.00 -50.00 172.00 630.00 -245.00 -1105.00 0
8266 -2.57 -3.34 -2.99 -156.00 -56.00 179.00 630.00 -245.00 -1105.00 0
8275 -2.57 -2.92 -2.99 -159.00 -59.00 179.00 630.00 -245.00 -1105.00 0
8285 -2.37 -2.57 -2.71 -159.00 -55.00 178.00 630.00 -245.00 -1105.00 0
8294 -2.30 -2.71 -2.78 -155.00 -53.00 178.00 630.00 -245.00 -1105.00 0
8303 -2.09 -3.06 -2.85 -153.00 -49.00 177.00 630.00 -245.00 -1105.00 0
8312 -1.88 -3.27 -2.78 -153.00 -50.00 177.00 630.00 -245.00 -1105.00 0
8322 -1.74 -3.41 -2.64 -151.00 -51.00 174.00 629.00 -242.00 -931.00 0
8331 -1.74 -3.41 -2.50 -152.00 -51.00 174.00 629.00 -242.00 -931.00 0
8340 -2.30 -2.85 -2.23 -147.00 -53.00 177.00 629.00 -242.00 -931.00 0
8349 -2.50 -2.50 -2.16 -149.00 -52.00 177.00 629.00 -242.00 -931.00 0
8358 -2.71 -2.16 -1.95 -150.00 -53.00 174.00 629.00 -242.00 -931.00 0
8368 -2.92 -1.81 -1.67 -153.00 -53.00 173.00 629.00 -242.00 -931.00 0
8377 -3.13 -1.53 -1.60 -154.00 -53.00 178.00 629.00 -242.00 -931.00 0
8386 -3.27 -1.18 -1.53 -154.00 -55.00 177.00 629.00 -242.00 -931.00 0
8395 -3.69 -0.70 -1.39 -162.00 -57.00 180.00 629.00 -242.00 -931.00 0
8404 -3.76 -0.77 -1.74 -162.00 -53.00 183.00 629.00 -242.00 -931.00 0
8414 -3.48 -1.25 -1.95 -158.00 -55.00 182.00 629.00 -242.00 -931.00 0
8423 -3.27 -1.88 -1.88 -157.00 -57.00 177.00 629.00 -242.00 -931.00 0
8432 -3.13 -2.50 -2.09 -154.00 -54.00 175.00 629.00 -242.00 -931.00 0
8441 -2.92 -3.06 -2.16 -150.00 -53.00 178.00 629.00 -242.00 -931.00 0
8451 -2.71 -3.69 -2.23 -147.00 -54.00 173.00 629.00 -242.00 -931.00 0
8460 -2.71 -3.62 -2.37 -141.00 -48.00 169.00 629.00 -242.00 -931.00 0
8469 -2.37 -3.41 -2.23 -144.00 -47.00 175.00 629.00 -242.00 -931.00 0
8478 -2.09 -2.99 -1.88 -149.00 -52.00 175.00 629.00 -242.00 -931.00 0
8487 -2.50 -2.23 -1.81 -155.00 -55.00 175.00 629.00 -242.00 -931.00 0
8497 -3.13 -1.60 -1.95 -164.00 -57.00 183.00 629.00 -242.00 -931.00 0
8506 -3.48 -1.11 -2.16 -168.00 -62.00 189.00 629.00 -242.00 -931.00 0
8515 -3.83 -1.46 -2.43 -164.00 -59.00 184.00 627.00 -241.00 -1067.00 0
8524 -3.76 -2.23 -2.85 -160.00 -61.00 184.00 627.00 -241.00 -1067.00 0
8534 -3.48 -3.20 -3.20 -164.00 -60.00 190.00 627.00 -241.00 -1067.00 0
8543 -3.34 -4.38 -3.69 -158.00 -53.00 184.00 627.00 -241.00 -1067.00 0
8552 -3.06 -5.84 -4.38 -146.00 -49.00 176.00 627.00 -241.00 -1067.00 0
8561 -2.43 -7.44 -4.87 -143.00 -46.00 175.00 627.00 -241.00 -1067.00 0
8570 -1.67 -9.39 -4.66 -142.00 -44.00 174.00 627.00 -241.00 -1067.00 0
8580 -1.74 -9.60 -4.38 -139.00 -43.00 169.00 627.00 -241.00 -1095.00 0
8589 -2.09 -9.53 -4.10 -149.00 -47.00 170.00 627.00 -241.00 -1095.00 0
8598 -2.71 -8.77 -3.97 -147.00 -53.00 177.00 627.00 -241.00 -1095.00 0
8607 -3.55 -7.72 -3.97 -153.00 -58.00 181.00 627.00 -241.00 -1095.00 0
8616 -4.24 -6.61 -3.97 -160.00 -59.00 186.00 627.00 -241.00 -1095.00 0
8626 -4.73 -5.29 -3.90 -160.00 -56.00 188.00 627.00 -241.00 -1095.00 0
8636 -4.52 -5.36 -4.03 -152.00 -54.00 187.00 627.00 -241.00 -1095.00 0
8645 -4.17 -5.84 -3.97 -148.00 -54.00 182.00 626.00 -238.00 -889.00 0
8654 -3.90 -6.47 -3.90 -149.00 -51.00 179.00 626.00 -238.00 -889.00 0
8664 -3.62 -7.03 -3.76 -144.00 -53.00 181.00 626.00 -238.00 -889.00 0
8673 -3.69 -7.51 -3.55 -142.00 -54.00 176.00 626.00 -238.00 -889.00 0
8682 -4.31 -7.86 -3.55 -142.00 -51.00 175.00 626.00 -238.00 -889.00 0
8691 -4.38 -7.72 -3.55 -138.00 -52.00 170.00 626.00 -238.00 -889.00 0
8700 -4.38 -7.30 -3.27 -141.00 -50.00 170.00 626.00 -238.00 -889.00 0
8710 -4.31 -6.47 -2.92 -134.00 -50.00 171.00 626.00 -237.00 -1120.00 0
8719 -4.10 -5.43 -2.57 -137.00 -52.00 175.00 626.00 -237.00 -1120.00 0
8728 -4.10 -4.17 -2.09 -145.00 -53.00 174.00 626.00 -237.00 -1120.00 0
8737 -4.45 -1.53 -1.11 -144.00 -52.00 180.00 626.00 -237.00 -1120.00 0
8747 -4.45 -0.35 -0.56 -145.00 -55.00 178.00 626.00 -237.00 -1120.00 0
8756 -4.73 1.11 -0.07 -138.00 -49.00 174.00 626.00 -237.00 -1120.00 0
8765 -4.66 1.95 0.56 -132.00 -40.00 162.00 626.00 -237.00 -1120.00 0
8774 -4.59 3.20 1.25 -115.00 -20.00 143.00 626.00 -242.00 -1174.00 0
8783 -5.22 5.08 2.50 -95.00 -16.00 116.00 625.00 -242.00 -1174.00 0
8793 -8.21 13.84 9.18 -65.00 -32.00 64.00 625.00 -242.00 -1174.00 0
8802 -9.53 24.49 14.89 -58.00 -17.00 48.00 625.00 -242.00 -1174.00 0
8811 -8.21 40.70 22.89 -100.00 -26.00 85.00 625.00 -242.00 -1174.00 0
8820 -4.73 60.94 32.49 -139.00 -27.00 132.00 625.00 -242.00 -1174.00 0
8829 -1.04 81.88 41.60 -196.00 -34.00 176.00 625.00 -242.00 -1174.00 1
8841 -1.11 108.66 50.78 -428.00 -90.00 357.00 647.00 -271.00 -1054.00 1
8851 -9.74 80.70 32.63 -60.00 -47.00 65.00 647.00 -271.00 -1054.00 1
8862 -11.41 52.94 19.69 -232.00 -83.00 162.00 647.00 -271.00 -1054.00 1
8873 -10.23 33.18 13.57 -194.00 -35.00 156.00 647.00 -271.00 -1054.00 1
8885 -5.50 27.06 11.13 -188.00 -55.00 155.00 647.00 -271.00 -1054.00 1
8895 -0.35 19.34 9.46 -178.00 -64.00 181.00 647.00 -271.00 -1054.00 1
8906 0.49 14.40 6.12 -188.00 -83.00 197.00 647.00 -268.00 -1083.00 0
8915 1.11 8.83 2.16 -219.00 -73.00 226.00 647.00 -268.00 -1083.00 0
8925 3.27 1.18 -2.30 -188.00 -48.00 200.00 647.00 -268.00 -1083.00 0
8934 5.70 -9.25 -8.28 -171.00 -41.00 171.00 647.00 -268.00 -1083.00 0
8943 5.22 -28.24 -18.16 -161.00 -32.00 152.00 647.00 -268.00 -1083.00 0
8952 4.24 -35.27 -20.59 -156.00 -30.00 151.00 647.00 -268.00 -1083.00 0
8962 2.99 -40.63 -21.84 -144.00 -33.00 144.00 647.00 -268.00 -1083.00 0
8971 1.53 -44.03 -22.33 -145.00 -37.00 145.00 647.00 -253.00 -1148.00 0
8980 0.07 -45.22 -22.40 -147.00 -46.00 155.00 634.00 -253.00 -1148.00 0
8989 -1.39 -44.87 -22.40 -147.00 -46.00 159.00 634.00 -253.00 -1148.00 0
8999 -3.27 -40.90 -22.12 -144.00 -50.00 165.00 634.00 -253.00 -1148.00 0
9009 -3.62 -38.12 -21.01 -147.00 -47.00 162.00 634.00 -253.00 -1148.00 0
9018 -3.62 -34.92 -19.27 -141.00 -48.00 165.00 634.00 -253.00 -1148.00 0
9027 -3.34 -31.51 -17.11 -144.00 -44.00 155.00 634.00 -253.00 -1148.00 0
9036 -2.92 -27.62 -14.61 -143.00 -47.00 163.00 634.00 -247.00 -1188.00 0
9046 -2.78 -19.90 -10.37 -156.00 -56.00 179.00 634.00 -247.00 -1188.00 0
9055 -3.13 -16.70 -9.25 -168.00 -61.00 187.00 634.00 -247.00 -1188.00 0
9064 -3.41 -14.68 -9.04 -171.00 -61.00 194.00 634.00 -247.00 -1188.00 0
9074 -3.27 -14.26 -9.39 -163.00 -58.00 186.00 634.00 -247.00 -1188.00 0
9083 -2.78 -14.82 -9.95 -158.00 -54.00 182.00 634.00 -247.00 -1188.00 0
9093 -2.09 -15.79 -10.37 -152.00 -47.00 179.00 634.00 -247.00 -1188.00 0
9102 -0.83 -17.60 -10.37 -153.00 -46.00 176.00 634.00 -247.00 -1188.00 0
9111 -0.70 -17.95 -10.09 -142.00 -45.00 170.00 634.00 -247.00 -1188.00 0
9120 -0.77 -17.74 -9.60 -138.00 -44.00 167.00 634.00 -247.00 -1188.00 0
9129 -0.83 -16.90 -8.83 -133.00 -49.00 168.00 634.00 -247.00 -1188.00 0
9139 -1.18 -15.65 -7.79 -131.00 -48.00 163.00 634.00 -247.00 -1188.00 0
9148 -1.74 -13.91 -6.75 -136.00 -46.00 167.00 634.00 -247.00 -1188.00 0
9158 -2.85 -8.77 -4.80 -141.00 -54.00 173.00 634.00 -247.00 -1188.00 0
9167 -3.20 -6.05 -3.90 -153.00 -51.00 179.00 634.00 -247.00 -1188.00 0
9177 -3.55 -3.69 -3.13 -158.00 -57.00 186.00 634.00 -247.00 -1188.00 0
9186 -3.90 -2.02 -2.64 -161.00 -56.00 187.00 634.00 -247.00 -1188.00 0
9195 -4.17 -1.25 -2.30 -159.00 -56.00 186.00 634.00 -247.00 -1188.00 0
9204 -4.17 -0.97 -1.95 -157.00 -56.00 184.00 634.00 -247.00 -1188.00 0
9213 -3.83 -1.53 -1.95 -153.00 -55.00 178.00 634.00 -247.00 -1188.00 0
9223 -3.48 -2.16 -1.88 -146.00 -54.00 175.00 634.00 -247.00 -1188.00 0
9232 -3.20 -2.50 -1.74 -142.00 -53.00 172.00 634.00 -247.00 -1188.00 0
9241 -3.06 -2.64 -1.74 -141.00 -49.00 173.00 634.00 -247.00 -1188.00 0
9250 -2.99 -2.30 -1.67 -143.00 -51.00 173.00 634.00 -247.00 -1188.00 0
9260 -3.13 -1.67 -1.39 -147.00 -52.00 176.00 634.00 -247.00 -1188.00 0
9269 -3.62 -0.42 -1.39 -154.00 -54.00 180.00 634.00 -247.00 -1188.00 0
9278 -3.69 0.14 -1.25 -158.00 -55.00 183.00 634.00 -247.00 -1188.00 0
9287 -3.76 0.42 -1.18 -161.00 -57.00 187.00 634.00 -247.00 -1188.00 0
9296 -3.83 0.42 -1.25 -163.00 -63.00 192.00 634.00 -247.00 -1188.00 0
9306 -3.90 -0.07 -1.46 -159.00 -58.00 189.00 628.00 -243.00 -998.00 0
9315 -3.76 -1.18 -2.43 -150.00 -55.00 181.00 628.00 -243.00 -998.00 0
9324 -2.92 -3.76 -2.57 -144.00 -56.00 174.00 628.00 -243.00 -998.00 0
9333 -2.78 -4.38 -2.71 -147.00 -52.00 171.00 628.00 -243.00 -998.00 0
9342 -2.64 -4.45 -2.85 -139.00 -50.00 169.00 628.00 -243.00 -998.00 0
9352 -2.50 -4.17 -2.85 -145.00 -50.00 178.00 628.00 -243.00 -998.00 0
9361 -2.37 -3.55 -2.71 -148.00 -50.00 177.00 628.00 -243.00 -998.00 0
9370 -2.43 -2.78 -2.50 -153.00 -56.00 184.00 628.00 -243.00 -998.00 0
9379 -2.85 -1.32 -2.16 -158.00 -57.00 183.00 628.00 -243.00 -998.00 0
9389 -3.27 -1.04 -2.09 -156.00 -53.00 181.00 628.00 -243.00 -998.00 0
9398 -3.20 -1.25 -2.16 -154.00 -53.00 184.00 628.00 -243.00 -998.00 0
9407 -3.06 -1.67 -2.23 -160.00 -51.00 185.00 628.00 -243.00 -998.00 0
9416 -2.99 -2.23 -2.16 -154.00 -53.00 177.00 628.00 -243.00 -998.00 0
9425 -2.99 -2.99 -2.30 -148.00 -52.00 176.00 628.00 -243.00 -998.00 0
9435 -2.85 -4.24 -2.64 -145.00 -55.00 171.00 628.00 -243.00 -998.00 0
9444 -2.71 -4.38 -2.71 -145.00 -54.00 174.00 628.00 -243.00 -998.00 0
9453 -2.71 -4.17 -2.71 -149.00 -53.00 181.00 628.00 -243.00 -998.00 0
9462 -2.78 -3.55 -2.64 -148.00 -54.00 181.00 628.00 -243.00 -998.00 0
9472 -2.78 -2.92 -2.64 -150.00 -52.00 183.00 628.00 -243.00 -998.00 0
9481 -2.78 -2.37 -2.50 -151.00 -53.00 184.00 628.00 -243.00 -998.00 0
9490 -2.99 -1.53 -2.43 -150.00 -52.00 182.00 628.00 -243.00 -998.00 0
9499 -2.92 -1.39 -2.43 -150.00 -51.00 178.00 626.00 -242.00 -980.00 0
9508 -2.99 -1.32 -2.16 -154.00 -56.00 184.00 626.00 -242.00 -980.00 0
9518 -3.34 -1.39 -2.16 -148.00 -55.00 184.00 626.00 -242.00 -980.00 0
9527 -3.41 -1.74 -2.37 -140.00 -53.00 175.00 626.00 -242.00 -980.00 0
9536 -3.27 -2.09 -2.30 -149.00 -54.00 176.00 626.00 -242.00 -980.00 0
9545 -3.27 -1.74 -2.09 -145.00 -53.00 179.00 626.00 -242.00 -980.00 0
9554 -3.34 -1.25 -2.02 -147.00 -51.00 177.00 626.00 -242.00 -980.00 0
9564 -3.27 -0.77 -1.81 -145.00 -48.00 178.00 627.00 -239.00 -915.00 0
9573 -3.34 -0.21 -1.53 -148.00 -51.00 175.00 627.00 -239.00 -915.00 0
9582 -3.69 0.42 -1.18 -148.00 -52.00 179.00 627.00 -239.00 -915.00 0
9591 -3.97 1.18 -0.90 -146.00 -52.00 176.00 627.00 -239.00 -915.00 0
9601 -4.17 1.81 -0.42 -146.00 -52.00 176.00 627.00 -239.00 -915.00 0
9610 -4.38 3.06 -0.35 -150.00 -52.00 175.00 627.00 -239.00 -915.00 0
9619 -4.52 3.55 -0.07 -140.00 -44.00 176.00 627.00 -239.00 -915.00 0
9628 -4.38 4.17 0.28 -139.00 -43.00 164.00 629.00 -242.00 -1305.00 0
9637 -4.80 5.22 0.70 -134.00 -41.00 161.00 629.00 -242.00 -1305.00 0
9647 -5.15 6.47 1.53 -116.00 -27.00 134.00 629.00 -242.00 -1305.00 0
9656 -5.50 8.42 2.85 -97.00 -29.00 108.00 629.00 -242.00 -1305.00 0
9665 -5.84 18.64 9.11 -104.00 -18.00 129.00 629.00 -242.00 -1305.00 0
9674 -6.54 28.59 14.68 -126.00 -18.00 136.00 629.00 -242.00 -1305.00 0
9684 -8.63 40.97 21.22 -146.00 -13.00 149.00 629.00 -242.00 -1305.00 0
9694 -10.85 51.55 27.62 -163.00 -40.00 156.00 642.00 -258.00 -1101.00 0
9703 -15.23 60.10 32.90 -186.00 -68.00 158.00 642.00 -258.00 -1101.00 1
9713 -24.63 72.83 37.43 -521.00 -219.00 471.00 642.00 -258.00 -1101.00 1
9723 -30.75 65.25 29.70 -137.00 -62.00 109.00 642.00 -258.00 -1101.00 1
9735 -26.92 44.03 16.14 -192.00 -68.00 152.00 642.00 -258.00 -1101.00 1
9745 -13.15 26.43 13.36 -207.00 -46.00 173.00 642.00 -258.00 -1101.00 1
9755 -8.28 23.03 12.45 -183.00 -79.00 169.00 642.00 -258.00 -1101.00 0
9765 -5.77 18.99 10.85 -193.00 -62.00 195.00 642.00 -258.00 -1101.00 0
9775 -2.02 14.75 9.11 -203.00 -58.00 217.00 642.00 -258.00 -1101.00 0
9784 3.62 -0.70 1.04 -191.00 -60.00 197.00 642.00 -258.00 -1101.00 0
9793 4.73 -11.62 -4.52 -175.00 -60.00 180.00 642.00 -258.00 -1101.00 0
9802 5.91 -22.12 -9.88 -169.00 -59.00 162.00 642.00 -258.00 -1101.00 0
9811 5.98 -30.89 -15.23 -154.00 -52.00 153.00 642.00 -258.00 -1101.00 0
9821 6.26 -37.84 -19.76 -145.00 -40.00 148.00 642.00 -258.00 -1101.00 0
9831 7.37 -42.78 -22.47 -135.00 -33.00 142.00 642.00 -258.00 -1101.00 0
9840 8.90 -45.98 -22.68 -138.00 -39.00 155.00 642.00 -258.00 -1101.00 0
9849 8.35 -44.73 -21.70 -151.00 -45.00 162.00 642.00 -258.00 -1101.00 0
9859 7.23 -41.95 -20.66 -153.00 -45.00 168.00 642.00 -258.00 -1101.00 0
9868 6.47 -38.82 -19.27 -151.00 -46.00 174.00 642.00 -258.00 -1101.00 0
9877 5.91 -35.69 -17.60 -152.00 -48.00 168.00 642.00 -258.00 -1101.00 0
9886 5.50 -30.12 -13.43 -151.00 -46.00 163.00 642.00 -258.00 -1101.00 0
9896 4.94 -27.69 -11.06 -147.00 -48.00 169.00 642.00 -258.00 -1101.00 0
9906 4.87 -25.39 -8.90 -149.00 -47.00 171.00 642.00 -258.00 -1101.00 0
9915 4.73 -23.17 -7.37 -144.00 -48.00 177.00 642.00 -258.00 -1101.00 0
9924 4.45 -21.08 -6.54 -153.00 -46.00 178.00 642.00 -258.00 -1101.00 0
9933 4.31 -18.71 -5.84 -156.00 -45.00 187.00 642.00 -258.00 -1101.00 0
9943 4.52 -15.44 -3.62 -154.00 -48.00 181.00 642.00 -258.00 -1101.00 0
9952 4.52 -14.61 -2.50 -156.00 -41.00 176.00 642.00 -258.00 -1101.00 0
9961 4.52 -14.12 -1.39 -151.00 -46.00 178.00 642.00 -258.00 -1101.00 0
9970 4.38 -13.50 -0.07 -156.00 -46.00 175.00 642.00 -258.00 -1101.00 0
9979 4.17 -12.52 1.39 -155.00 -45.00 174.00 642.00 -258.00 -1101.00 0
9989 3.62 -11.55 2.57 -162.00 -49.00 178.00 642.00 -258.00 -1101.00 0
9999 2.43 -9.11 4.10 -171.00 -45.00 180.00 642.00 -258.00 -1101.00 0
10008 1.95 -7.86 5.01 -168.00 -47.00 184.00 642.00 -258.00 -1101.00 0
10017 1.81 -6.75 6.05 -166.00 -46.00 180.00 642.00 -258.00 -1101.00 0
10027 2.30 -5.91 7.51 -158.00 -37.00 185.00 642.00 -258.00 -1101.00 0
10036 2.99 -5.91 9.04 -159.00 -35.00 177.00 642.00 -258.00 -1101.00 0
10045 3.20 -5.70 9.60 -162.00 -41.00 179.00 642.00 -258.00 -1101.00 0
10054 1.53 -7.86 9.88 -152.00 -43.00 162.00 642.00 -258.00 -1101.00 0
10063 -0.07 -9.53 8.90 -139.00 -46.00 155.00 642.00 -258.00 -1101.00 0
10073 -1.11 -10.99 8.14 -138.00 -45.00 164.00 642.00 -258.00 -1101.00 0
10082 -1.25 -11.62 8.07 -142.00 -39.00 168.00 642.00 -258.00 -1101.00 0
10091 -1.25 -11.48 8.14 -147.00 -41.00 168.00 642.00 -258.00 -1101.00 0
10101 -1.53 -10.30 7.93 -145.00 -44.00 166.00 642.00 -258.00 -1101.00 0
10110 -2.30 -9.39 7.79 -150.00 -44.00 173.00 642.00 -258.00 -1101.00 0
10120 -2.50 -8.49 7.79 -155.00 -40.00 178.00 642.00 -258.00 -1101.00 0
10129 -2.37 -7.72 7.79 -167.00 -35.00 182.00 642.00 -258.00 -1101.00 0
10138 -2.16 -7.23 7.93 -164.00 -37.00 188.00 642.00 -258.00 -1101.00 0
10147 -2.16 -7.30 8.00 -171.00 -43.00 188.00 642.00 -258.00 -1101.00 0
10157 -2.50 -7.79 8.28 -166.00 -37.00 190.00 642.00 -258.00 -1101.00 0
10166 -2.16 -8.97 8.56 -173.00 -31.00 186.00 642.00 -258.00 -1101.00 0
10175 -2.02 -10.16 8.90 -162.00 -35.00 188.00 642.00 -258.00 -1101.00 0
10185 -2.71 -11.20 8.70 -156.00 -34.00 189.00 642.00 -258.00 -1101.00 0
10194 -3.55 -12.52 8.28 -148.00 -35.00 189.00 642.00 -258.00 -1101.00 0
10204 -4.03 -14.12 8.28 -145.00 -36.00 178.00 642.00 -258.00 -1101.00 0
10213 -4.52 -17.11 10.02 -145.00 -27.00 172.00 642.00 -258.00 -1101.00 0
10222 -4.03 -17.46 11.34 -141.00 -33.00 179.00 642.00 -258.00 -1101.00 0
10231 -3.83 -17.88 13.08 -145.00 -29.00 185.00 642.00 -258.00 -1101.00 0
10241 -3.76 -18.16 14.61 -156.00 -21.00 192.00 642.00 -258.00 -1101.00 0
10251 -4.03 -18.30 16.49 -158.00 -31.00 191.00 642.00 -258.00 -1101.00 0
10260 -5.63 -19.83 19.83 -146.00 -19.00 196.00 642.00 -258.00 -1101.00 0
10269 -6.19 -21.22 22.47 -164.00 -20.00 184.00 642.00 -258.00 -1101.00 0
10278 -7.79 -23.17 26.02 -149.00 -24.00 195.00 642.00 -258.00 -1101.00 0
10288 -11.20 -28.73 31.23 -145.00 -11.00 205.00 642.00 -258.00 -1101.00 0
10298 -16.63 -35.27 39.37 -134.00 -9.00 200.00 642.00 -258.00 -1101.00 0
10307 -25.67 -41.39 64.83 -151.00 -53.00 186.00 642.00 -258.00 -1101.00 0
10316 -48.14 -50.78 75.13 -125.00 -16.00 198.00 642.00 -258.00 -1101.00 0
10326 -46.96 -52.24 80.21 -132.00 15.00 191.00 642.00 -258.00 -1101.00 0
10336 -46.33 -54.19 85.70 -134.00 23.00 200.00 642.00 -258.00 -1101.00 0
10345 -47.23 -59.27 92.38 -127.00 0.00 202.00 642.00 -258.00 -1101.00 0
10354 -49.74 -66.02 98.43 -108.00 -29.00 204.00 642.00 -258.00 -1101.00 0
10363 -55.51 -62.89 91.62 -118.00 -65.00 188.00 642.00 -258.00 -1101.00 0
10373 -56.77 -56.21 84.10 -120.00 -50.00 186.00 642.00 -258.00 -1101.00 0
10383 -53.08 -51.06 76.52 -104.00 -35.00 195.00 642.00 -258.00 -1101.00 0
10392 -47.65 -48.14 69.08 -103.00 -36.00 199.00 642.00 -258.00 -1101.00 0
10401 -43.06 -45.43 61.29 -111.00 -50.00 200.00 642.00 -258.00 -1101.00 0
10411 -39.37 -43.20 47.17 -104.00 -51.00 207.00 642.00 -258.00 -1101.00 0
10421 -35.97 -44.03 42.78 -93.00 -3.00 217.00 642.00 -258.00 -1101.00 0
10430 -31.44 -45.22 41.25 -104.00 52.00 234.00 642.00 -258.00 -1101.00 0
10439 -28.80 -47.58 44.80 -97.00 34.00 231.00 642.00 -258.00 -1101.00 0
10448 -33.60 -50.99 52.17 -116.00 -13.00 217.00 642.00 -258.00 -1101.00 0
10458 -61.91 -58.71 69.91 -121.00 -88.00 191.00 642.00 -258.00 -1101.00 0
10468 -73.32 -59.13 72.97 -107.00 -106.00 179.00 642.00 -258.00 -1101.00 0
10477 -76.80 -57.60 70.54 -93.00 -90.00 184.00 642.00 -258.00 -1101.00 0
10486 -72.90 -54.68 65.81 -95.00 -71.00 198.00 642.00 -258.00 -1101.00 0
10496 -65.46 -50.99 61.22 -106.00 -46.00 210.00 642.00 -258.00 -1101.00 0
10505 -56.42 -47.51 51.62 -110.00 -49.00 213.00 642.00 -258.00 -1101.00 0
10515 -45.01 -41.53 45.36 -108.00 -60.00 206.00 642.00 -258.00 -1101.00 0
10524 -41.67 -40.07 38.61 -87.00 -56.00 206.00 642.00 -258.00 -1101.00 0
10533 -37.63 -40.07 33.18 -76.00 -8.00 202.00 642.00 -258.00 -1101.00 0
10543 -32.49 -40.83 29.77 -72.00 13.00 204.00 642.00 -258.00 -1101.00 0
10552 -28.31 -41.25 29.84 -91.00 -56.00 186.00 642.00 -258.00 -1101.00 0
10562 -33.60 -37.08 32.90 -101.00 -88.00 190.00 642.00 -258.00 -1101.00 0
10571 -34.43 -33.67 30.61 -118.00 -75.00 220.00 642.00 -258.00 -1101.00 0
10580 -31.37 -31.30 27.62 -120.00 -50.00 239.00 642.00 -258.00 -1101.00 0
10590 -26.57 -30.89 25.11 -119.00 -54.00 241.00 642.00 -258.00 -1101.00 0
10599 -22.89 -31.86 23.37 -115.00 -67.00 233.00 642.00 -258.00 -1101.00 0
10609 -20.45 -33.11 17.81 -100.00 -58.00 220.00 642.00 -258.00 -1101.00 0
10618 -18.37 -34.02 16.00 -71.00 6.00 164.00 483.00 -344.00 -1128.00 0
10628 -20.94 -32.83 18.99 -74.00 -101.00 206.00 483.00 -344.00 -1128.00 0
10637 -16.77 -29.77 20.17 -118.00 -89.00 238.00 483.00 -344.00 -1128.00 0
10646 -13.57 -25.95 17.11 -82.00 -39.00 237.00 483.00 -344.00 -1128.00 0
10656 -15.86 -23.23 9.53 -84.00 -37.00 226.00 483.00 -344.00 -1128.00 0
10665 -18.99 -22.47 9.39 -90.00 -69.00 204.00 483.00 -344.00 -1128.00 0
10675 -22.26 -21.22 8.00 -84.00 -40.00 223.00 483.00 -344.00 -1128.00 0
10684 -22.61 -21.63 6.40 -63.00 -31.00 218.00 472.00 -337.00 -1062.00 0
10693 -23.65 -23.17 6.54 -46.00 -62.00 181.00 472.00 -337.00 -1062.00 0
10702 -23.65 -23.44 8.21 -40.00 -101.00 156.00 472.00 -337.00 -1062.00 0
10713 -8.21 -15.30 8.35 -89.00 -60.00 203.00 472.00 -337.00 -1062.00 0
10722 2.09 -11.62 12.45 -69.00 -21.00 206.00 472.00 -337.00 -1062.00 0
10731 18.64 -9.39 13.63 -59.00 -38.00 224.00 472.00 -337.00 -1062.00 0
10740 34.43 -10.92 11.55 -119.00 -44.00 253.00 472.00 -337.00 -1062.00 0
10749 47.79 -15.58 4.31 -101.00 -46.00 266.00 465.00 -362.00 -976.00 0
10759 58.09 -21.50 -10.64 -82.00 -66.00 265.00 465.00 -362.00 -976.00 0
10768 68.94 -32.70 -17.11 -96.00 -31.00 270.00 465.00 -362.00 -976.00 0
10777 72.63 -35.90 -22.68 -98.00 8.00 256.00 465.00 -362.00 -976.00 0
10787 74.37 -35.48 -27.55 -35.00 -6.00 234.00 465.00 -362.00 -976.00 0
10797 71.86 -34.30 -30.82 -52.00 -2.00 221.00 465.00 -362.00 -976.00 0
10806 66.43 -38.33 -32.21 -76.00 1.00 225.00 465.00 -362.00 -976.00 0
10815 45.91 -45.50 -34.64 -55.00 4.00 211.00 465.00 -362.00 -976.00 0
10824 35.69 -42.37 -35.97 -49.00 -12.00 211.00 465.00 -362.00 -976.00 0
10833 27.13 -37.77 -36.87 -66.00 -23.00 220.00 465.00 -362.00 -976.00 0
10843 20.38 -32.28 -36.59 -48.00 -26.00 222.00 465.00 -362.00 -976.00 0
10852 16.35 -25.53 -35.34 -61.00 -39.00 209.00 465.00 -362.00 -976.00 0
10861 15.79 -17.53 -33.18 -49.00 -44.00 202.00 465.00 -362.00 -976.00 0
10871 21.91 -2.99 -27.20 -39.00 -48.00 200.00 465.00 -362.00 -976.00 0
10881 27.34 3.27 -23.51 -55.00 -39.00 188.00 465.00 -362.00 -976.00 0
10890 35.55 7.51 -19.27 -54.00 -10.00 202.00 465.00 -362.00 -976.00 0
10899 47.10 9.39 -14.26 -54.00 -11.00 199.00 465.00 -362.00 -976.00 0
10908 59.20 10.30 -9.11 -59.00 -5.00 211.00 465.00 -362.00 -976.00 0
10917 68.24 8.49 -4.87 -63.00 -7.00 219.00 465.00 -362.00 -976.00 0
10927 81.88 2.16 1.95 -51.00 -2.00 229.00 465.00 -362.00 -976.00 0
10936 87.30 -1.81 6.05 -61.00 5.00 233.00 465.00 -362.00 -976.00 0
10945 89.04 -7.79 9.39 -80.00 17.00 256.00 465.00 -362.00 -976.00 0
10954 85.22 -13.22 11.13 -78.00 20.00 246.00 465.00 -362.00 -976.00 0
10963 74.78 -15.93 10.02 -81.00 22.00 226.00 465.00 -362.00 -976.00 0
10973 59.13 -16.49 6.54 -72.00 28.00 201.00 465.00 -362.00 -976.00 0
10982 25.88 -15.51 -2.92 -62.00 21.00 167.00 465.00 -362.00 -976.00 0
10991 11.48 -14.54 -7.17 -70.00 17.00 168.00 465.00 -362.00 -976.00 0
11000 0.35 -13.29 -10.37 -74.00 12.00 172.00 465.00 -362.00 -976.00 0
11010 -7.03 -11.62 -13.29 -68.00 8.00 185.00 465.00 -362.00 -976.00 0
11019 -9.11 -10.43 -14.96 -70.00 9.00 191.00 465.00 -362.00 -976.00 0
11028 -7.30 -8.97 -15.30 -81.00 16.00 196.00 465.00 -362.00 -976.00 0
11037 2.85 -5.22 -14.47 -71.00 16.00 227.00 465.00 -362.00 -976.00 0
11047 6.12 -7.65 -13.50 -77.00 7.00 225.00 465.00 -362.00 -976.00 0
11057 8.70 -7.30 -11.97 -53.00 14.00 220.00 465.00 -362.00 -976.00 0
11066 9.81 -12.66 -11.13 -51.00 1.00 215.00 465.00 -362.00 -976.00 0
11075 6.54 -23.93 -10.16 -66.00 -7.00 202.00 433.00 -421.00 -1089.00 0
11084 -1.53 -39.86 -7.17 -4.00 -13.00 243.00 433.00 -421.00 -1089.00 0
11094 -22.82 -51.34 -7.79 -36.00 7.00 267.00 433.00 -421.00 -1089.00 0
11103 -28.45 -40.77 -4.52 -63.00 23.00 262.00 433.00 -421.00 -1089.00 0
11112 -26.23 -28.94 -2.02 -58.00 37.00 263.00 433.00 -421.00 -1089.00 0
11121 -20.73 -22.40 -0.35 -61.00 38.00 264.00 433.00 -421.00 -1089.00 0
11130 -18.16 -15.79 1.39 -70.00 33.00 286.00 433.00 -421.00 -1089.00 0
11140 -20.87 -5.63 0.00 -58.00 15.00 259.00 428.00 -412.00 -1267.00 0
11149 -23.72 -3.34 -1.67 -61.00 7.00 274.00 428.00 -412.00 -1267.00 0
11158 -26.37 1.74 -3.13 -56.00 3.00 259.00 428.00 -412.00 -1267.00 0
11168 -28.17 10.64 -5.15 -61.00 -9.00 237.00 428.00 -412.00 -1267.00 0
11177 -29.08 17.60 -7.44 -56.00 -1.00 239.00 428.00 -412.00 -1267.00 0
11187 -26.50 22.19 -7.86 -61.00 1.00 236.00 428.00 -412.00 -1267.00 0
11196 -16.70 22.33 -6.96 -64.00 -2.00 230.00 428.00 -412.00 -1267.00 0
11205 -12.52 22.89 -7.17 -65.00 -1.00 239.00 445.00 -402.00 -1112.00 0
11214 -15.17 21.43 -9.46 -82.00 5.00 246.00 445.00 -402.00 -1112.00 0
11224 -27.06 19.69 -13.63 -89.00 8.00 259.00 445.00 -402.00 -1112.00 0
11233 -42.64 18.78 -18.71 -79.00 -16.00 244.00 445.00 -402.00 -1112.00 0
11242 -55.93 20.10 -24.90 -74.00 -11.00 229.00 445.00 -402.00 -1112.00 0
11252 -63.93 22.47 -34.43 -76.00 -8.00 216.00 445.00 -402.00 -1112.00 0
11261 -68.87 24.90 -38.61 -78.00 -16.00 208.00 445.00 -402.00 -1112.00 0
11271 -77.98 27.76 -43.34 -79.00 -18.00 203.00 466.00 -339.00 -933.00 0
11280 -89.81 30.19 -49.32 -67.00 -32.00 195.00 466.00 -339.00 -933.00 0
11289 -102.61 32.07 -56.35 -83.00 -30.00 211.00 466.00 -339.00 -933.00 0
11298 -124.31 36.87 -70.05 -80.00 -35.00 214.00 466.00 -339.00 -933.00 0
11308 -129.39 43.69 -74.64 -77.00 -41.00 207.00 466.00 -339.00 -933.00 0
11318 -131.97 49.53 -75.90 -58.00 -48.00 213.00 466.00 -339.00 -933.00 0
11327 -135.03 48.56 -72.49 -79.00 -52.00 213.00 466.00 -339.00 -933.00 0
11336 -138.99 48.07 -67.62 -65.00 -61.00 239.00 496.00 -243.00 -1150.00 0
11345 -144.35 49.95 -64.28 -83.00 -86.00 205.00 496.00 -243.00 -1150.00 0
11355 -159.86 46.75 -58.02 -43.00 -133.00 192.00 496.00 -243.00 -1150.00 0
11365 -143.72 23.03 -61.63 -82.00 -119.00 258.00 496.00 -243.00 -1150.00 0
11374 -118.19 10.71 -55.86 -37.00 -95.00 187.00 496.00 -243.00 -1150.00 0
11383 -103.37 14.61 -45.43 -87.00 -106.00 213.00 496.00 -243.00 -1150.00 0
11394 -91.55 17.46 -32.56 -62.00 -90.00 177.00 496.00 -243.00 -1150.00 0
11403 -66.09 16.97 -12.03 -73.00 -81.00 202.00 499.00 -204.00 -1092.00 0
11412 -51.76 16.07 -4.45 -75.00 -73.00 200.00 499.00 -204.00 -1092.00 0
11421 -41.74 18.16 0.56 -82.00 -89.00 210.00 499.00 -204.00 -1092.00 0
11430 -36.38 18.09 2.02 -56.00 -91.00 177.00 499.00 -204.00 -1092.00 0
11440 -35.34 18.78 1.60 -79.00 -97.00 207.00 499.00 -204.00 -1092.00 0
11449 -37.91 17.11 -2.43 -83.00 -106.00 218.00 499.00 -204.00 -1092.00 0
11459 -40.97 17.74 -5.57 -132.00 -133.00 290.00 499.00 -204.00 -1092.00 0
11468 -45.01 19.06 -8.28 -97.00 -112.00 221.00 507.00 -190.00 -1082.00 0
11478 -47.44 18.37 -10.02 -77.00 -78.00 168.00 507.00 -190.00 -1082.00 0
11487 -52.45 19.97 -12.59 -119.00 -115.00 248.00 507.00 -190.00 -1082.00 0
11496 -62.12 22.19 -24.42 -77.00 -74.00 155.00 507.00 -190.00 -1082.00 0
11506 -96.28 27.20 -33.60 -81.00 -114.00 143.00 507.00 -190.00 -1082.00 0
11515 -113.74 29.84 -43.41 -114.00 -160.00 167.00 507.00 -190.00 -1082.00 0
11525 -127.10 30.96 -49.74 -75.00 -127.00 189.00 507.00 -190.00 -1082.00 0
11534 -128.49 26.71 -49.74 -36.00 -97.00 241.00 511.00 -117.00 -891.00 0
11544 -129.04 22.68 -43.62 -75.00 -140.00 169.00 511.00 -117.00 -891.00 0
11553 -155.20 22.47 -27.90 -70.00 -146.00 110.00 511.00 -117.00 -891.00 0
11563 -156.38 23.37 -27.13 -80.00 -165.00 145.00 511.00 -117.00 -891.00 0
11572 -146.85 21.98 -27.48 -104.00 -186.00 173.00 511.00 -117.00 -891.00 0
11582 -133.77 18.37 -27.27 -117.00 -184.00 201.00 511.00 -117.00 -891.00 0
11591 -122.50 14.26 -26.37 -97.00 -161.00 154.00 511.00 -117.00 -891.00 0
11600 -107.69 9.04 -21.29 -76.00 -176.00 153.00 511.00 -117.00 -891.00 0
11610 -103.51 6.12 -18.71 -86.00 -173.00 164.00 511.00 -117.00 -891.00 0
11620 -103.37 3.62 -16.42 -86.00 -189.00 160.00 511.00 -117.00 -891.00 0
11629 -100.73 2.57 -14.75 -97.00 -170.00 172.00 511.00 -117.00 -891.00 0
11638 -99.13 1.53 -13.50 -81.00 -158.00 174.00 511.00 -117.00 -891.00 0
11648 -123.27 2.37 -14.54 -14.00 -85.00 66.00 511.00 -117.00 -891.00 0
11657 -149.70 5.57 -16.63 -53.00 -148.00 129.00 511.00 -117.00 -891.00 0
11666 -173.50 7.10 -22.33 -91.00 -178.00 160.00 511.00 -117.00 -891.00 0
11675 -194.78 7.79 -29.01 -125.00 -238.00 220.00 511.00 -117.00 -891.00 0
11685 -213.98 8.77 -37.01 -58.00 -185.00 85.00 511.00 -117.00 -891.00 0
11695 -232.49 10.16 -45.01 -65.00 -203.00 73.00 511.00 -117.00 -891.00 0
11704 -263.03 13.08 -57.74 -63.00 -233.00 79.00 511.00 -117.00 -891.00 0
11713 -273.18 14.54 -61.29 -1070.00 -1415.00 -180.00 511.00 -117.00 -891.00 0
11723 -267.13 12.80 -69.50 -92.00 -496.00 -64.00 511.00 -117.00 -891.00 0
11732 -213.15 1.67 -77.57 -4.00 -175.00 -130.00 511.00 -117.00 -891.00 0
11742 -178.02 -6.96 -67.48 -19.00 -233.00 11.00 511.00 -117.00 -891.00 0
11751 -103.93 -11.13 -35.27 -83.00 -297.00 1.00 511.00 -117.00 -891.00 0
11760 -82.71 -10.30 -20.03 -85.00 -256.00 55.00 511.00 -117.00 -891.00 0
11769 -65.74 -9.11 -9.11 -90.00 -230.00 85.00 511.00 -117.00 -891.00 0
11779 -52.59 -8.97 -1.32 -83.00 -238.00 63.00 511.00 -117.00 -891.00 0
11788 -42.30 -8.00 2.64 -67.00 -245.00 69.00 511.00 -117.00 -891.00 0
11797 -34.09 -7.65 3.27 -70.00 -242.00 69.00 511.00 -117.00 -891.00 0
11806 -22.75 -6.75 4.10 -78.00 -237.00 70.00 511.00 -117.00 -891.00 0
11815 -18.43 -5.43 2.92 -72.00 -242.00 70.00 511.00 -117.00 -891.00 0
11826 -15.03 -4.59 0.70 -63.00 -246.00 71.00 511.00 -117.00 -891.00 0
11835 -12.31 -3.97 -1.53 -69.00 -245.00 70.00 511.00 -117.00 -891.00 0
11844 -10.02 -2.85 -3.41 -72.00 -245.00 67.00 511.00 -117.00 -891.00 0
11853 -8.21 -1.81 -4.59 -65.00 -248.00 68.00 511.00 -117.00 -891.00 0
11863 -6.26 -1.74 -4.73 -64.00 -251.00 71.00 482.00 68.00 -973.00 0
11872 -5.57 -1.46 -3.20 -73.00 -245.00 67.00 482.00 68.00 -973.00 0
11880 -5.01 -0.97 -1.32 -72.00 -244.00 69.00 482.00 68.00 -973.00 0
11889 -4.66 -0.83 0.21 -76.00 -242.00 69.00 482.00 68.00 -973.00 0
11898 -4.52 -1.32 1.11 -68.00 -241.00 70.00 482.00 68.00 -973.00 0
11908 -4.45 -2.02 1.25 -71.00 -240.00 67.00 482.00 68.00 -973.00 0
11917 -4.31 -2.09 -0.28 -70.00 -246.00 69.00 482.00 68.00 -973.00 0
11926 -3.90 -2.02 -1.32 -65.00 -245.00 71.00 481.00 64.00 -1143.00 0
11935 -3.83 -1.95 -1.81 -66.00 -247.00 72.00 481.00 64.00 -1143.00 0
11944 -3.69 -1.81 -1.67 -69.00 -244.00 68.00 481.00 64.00 -1143.00 0
11954 -3.55 -1.60 -1.25 -70.00 -245.00 71.00 481.00 64.00 -1143.00 0
11963 -3.48 -1.39 -0.83 -72.00 -243.00 69.00 481.00 64.00 -1143.00 0
11972 -3.41 -1.32 -0.70 -69.00 -244.00 67.00 481.00 64.00 -1143.00 0
11981 -3.41 -1.25 -0.90 -71.00 -239.00 68.00 481.00 64.00 -1143.00 0
11991 -3.41 -1.32 -1.11 -70.00 -244.00 69.00 482.00 65.00 -952.00 0
12000 -3.41 -1.32 -1.32 -70.00 -244.00 71.00 482.00 65.00 -952.00 0
12009 -3.41 -1.39 -1.46 -68.00 -245.00 66.00 482.00 65.00 -952.00 0
12018 -3.34 -1.39 -1.46 -69.00 -243.00 69.00 482.00 65.00 -952.00 0
12027 -3.34 -1.32 -1.46 -70.00 -244.00 70.00 482.00 65.00 -952.00 0
12037 -3.27 -1.39 -1.53 -68.00 -245.00 72.00 482.00 65.00 -952.00 0
12046 -3.34 -1.39 -1.60 -66.00 -245.00 67.00 482.00 65.00 -952.00 0
12055 -3.34 -1.39 -1.53 -68.00 -244.00 70.00 482.00 65.00 -952.00 0
12064 -3.34 -1.39 -1.46 -69.00 -243.00 68.00 482.00 65.00 -952.00 0
12073 -3.27 -1.32 -1.39 -69.00 -245.00 70.00 482.00 65.00 -952.00 0
12082 -3.27 -1.32 -1.39 -69.00 -248.00 72.00 482.00 65.00 -952.00 0
12091 -3.27 -1.32 -1.39 -68.00 -249.00 71.00 482.00 65.00 -952.00 0
12100 -3.27 -1.32 -1.53 -67.00 -245.00 72.00 482.00 65.00 -952.00 0
12109 -3.27 -1.39 -1.53 -70.00 -246.00 70.00 482.00 65.00 -952.00 0
12119 -3.27 -1.39 -1.53 -70.00 -245.00 68.00 482.00 65.00 -952.00 0
12128 -3.27 -1.32 -1.46 -70.00 -247.00 69.00 482.00 65.00 -952.00 0
12137 -3.27 -1.32 -1.39 -68.00 -247.00 66.00 482.00 65.00 -952.00 0
12146 -3.55 -1.81 -1.25 -66.00 -249.00 71.00 482.00 65.00 -952.00 0
12155 -3.97 -2.71 -0.07 -68.00 -243.00 70.00 482.00 65.00 -952.00 0
12165 -3.97 -2.43 0.56 -71.00 -243.00 72.00 482.00 65.00 -952.00 0
12174 -3.97 -2.50 0.77 -67.00 -245.00 69.00 482.00 65.00 -952.00 0
12183 -3.90 -2.37 0.42 -71.00 -242.00 67.00 482.00 65.00 -952.00 0
12192 -3.76 -2.23 -0.14 -69.00 -243.00 66.00 482.00 65.00 -952.00 0
12201 -3.62 -2.09 -0.70 -70.00 -246.00 73.00 482.00 65.00 -952.00 0
12211 -3.55 -1.95 -1.11 -70.00 -249.00 72.00 482.00 65.00 -952.00 0
12220 -3.48 -1.74 -1.25 -70.00 -243.00 69.00 482.00 65.00 -952.00 0
12228 -3.41 -1.67 -1.18 -68.00 -242.00 68.00 482.00 65.00 -952.00 0
12237 -3.41 -1.60 -1.32 -69.00 -245.00 69.00 482.00 65.00 -952.00 0
12247 -3.41 -1.60 -1.46 -70.00 -245.00 69.00 482.00 65.00 -952.00 0
12256 -3.41 -1.67 -1.53 -70.00 -247.00 73.00 483.00 66.00 -900.00 0
12265 -3.41 -1.67 -1.39 -72.00 -245.00 68.00 483.00 66.00 -900.00 0
12274 -3.48 -1.74 -0.97 -68.00 -244.00 71.00 483.00 66.00 -900.00 0
12283 -3.48 -1.74 -0.83 -69.00 -245.00 68.00 483.00 66.00 -900.00 0
12293 -3.48 -1.74 -0.90 -73.00 -245.00 72.00 483.00 66.00 -900.00 0
12302 -3.41 -1.74 -1.04 -74.00 -245.00 69.00 483.00 66.00 -900.00 0
12311 -3.34 -1.74 -1.18 -70.00 -245.00 70.00 483.00 66.00 -900.00 0
12320 -3.34 -1.67 -1.32 -68.00 -246.00 74.00 485.00 64.00 -992.00 0
12329 -3.34 -1.67 -1.39 -69.00 -244.00 67.00 485.00 64.00 -992.00 0
12339 -3.34 -1.60 -1.39 -69.00 -244.00 73.00 485.00 64.00 -992.00 0
12348 -3.34 -1.67 -1.32 -71.00 -246.00 70.00 485.00 64.00 -992.00 0
12357 -3.41 -1.67 -1.25 -69.00 -245.00 67.00 485.00 64.00 -992.00 0
12366 -3.34 -1.60 -1.18 -72.00 -245.00 67.00 485.00 64.00 -992.00 0
12375 -3.34 -1.74 -1.11 -71.00 -245.00 69.00 485.00 64.00 -992.00 0
12384 -3.41 -1.74 -1.11 -71.00 -245.00 70.00 483.00 66.00 -973.00 0
12393 -3.34 -1.67 -1.18 -74.00 -243.00 69.00 483.00 66.00 -973.00 0
12402 -3.34 -1.67 -1.32 -73.00 -246.00 67.00 483.00 66.00 -973.00 0
12411 -3.34 -1.60 -1.39 -69.00 -246.00 72.00 483.00 66.00 -973.00 0
12421 -3.34 -1.60 -1.46 -70.00 -244.00 69.00 483.00 66.00 -973.00 0
12430 -3.34 -1.60 -1.53 -69.00 -243.00 68.00 483.00 66.00 -973.00 0
12439 -3.41 -1.53 -1.53 -70.00 -244.00 69.00 483.00 66.00 -973.00 0
12448 -3.41 -1.60 -1.46 -71.00 -246.00 68.00 483.00 66.00 -973.00 0
12457 -3.41 -1.60 -1.25 -71.00 -245.00 70.00 483.00 66.00 -973.00 0
12467 -3.34 -1.60 -1.32 -69.00 -246.00 71.00 483.00 66.00 -973.00 0
12476 -3.41 -1.60 -1.32 -68.00 -245.00 69.00 483.00 66.00 -973.00 0
12485 -3.41 -1.60 -1.32 -71.00 -244.00 72.00 483.00 66.00 -973.00 0
12494 -3.41 -1.53 -1.32 -71.00 -243.00 67.00 483.00 66.00 -973.00 0
12504 -3.34 -1.60 -1.39 -73.00 -245.00 66.00 483.00 66.00 -973.00 0
12513 -3.34 -1.60 -1.46 -69.00 -246.00 72.00 483.00 66.00 -973.00 0
12521 -3.34 -1.53 -1.46 -70.00 -245.00 72.00 483.00 66.00 -973.00 0
12530 -3.27 -1.60 -1.39 -71.00 -241.00 72.00 483.00 66.00 -973.00 0
12539 -3.27 -1.60 -1.46 -71.00 -247.00 71.00 483.00 66.00 -973.00 0
12549 -3.34 -1.60 -1.46 -69.00 -242.00 68.00 483.00 66.00 -973.00 0
12558 -3.34 -1.67 -1.46 -71.00 -245.00 71.00 483.00 66.00 -973.00 0
12567 -3.34 -1.67 -1.53 -71.00 -249.00 73.00 483.00 66.00 -973.00 0
12576 -3.27 -1.60 -1.53 -71.00 -245.00 67.00 483.00 66.00 -973.00 0
12585 -3.27 -1.53 -1.53 -72.00 -244.00 69.00 483.00 66.00 -973.00 0
12595 -3.27 -1.46 -1.46 -72.00 -246.00 70.00 483.00 66.00 -973.00 0
12604 -3.27 -1.39 -1.46 -71.00 -248.00 72.00 483.00 66.00 -973.00 0
12613 -3.27 -1.39 -1.46 -69.00 -246.00 75.00 483.00 66.00 -973.00 0
12622 -3.34 -1.39 -1.39 -69.00 -245.00 71.00 483.00 66.00 -973.00 0
12632 -3.34 -1.39 -1.53 -69.00 -248.00 66.00 483.00 66.00 -973.00 0
12641 -3.34 -1.39 -1.60 -71.00 -245.00 68.00 483.00 66.00 -973.00 0
12650 -3.34 -1.46 -1.60 -70.00 -245.00 70.00 484.00 65.00 -940.00 0
12659 -3.34 -1.39 -1.53 -74.00 -245.00 69.00 484.00 65.00 -940.00 0
12667 -3.34 -1.46 -1.53 -72.00 -245.00 70.00 484.00 65.00 -940.00 0
12677 -3.34 -1.46 -1.60 -67.00 -247.00 75.00 484.00 65.00 -940.00 0
12686 -3.27 -1.46 -1.60 -71.00 -245.00 66.00 484.00 65.00 -940.00 0
12695 -3.34 -1.46 -1.60 -70.00 -243.00 70.00 484.00 65.00 -940.00 0
12704 -3.34 -1.46 -1.60 -70.00 -242.00 67.00 484.00 65.00 -940.00 0
12713 -3.34 -1.39 -1.60 -70.00 -246.00 69.00 485.00 64.00 -1218.00 0
12723 -3.34 -1.39 -1.60 -70.00 -245.00 72.00 485.00 64.00 -1218.00 0
12732 -3.34 -1.46 -1.60 -72.00 -245.00 69.00 485.00 64.00 -1218.00 0
12741 -3.48 -1.46 -1.60 -70.00 -247.00 69.00 485.00 64.00 -1218.00 0
12750 -3.41 -1.53 -1.53 -69.00 -246.00 69.00 485.00 64.00 -1218.00 0
12760 -3.34 -1.53 -1.53 -72.00 -245.00 69.00 485.00 64.00 -1218.00 0
12769 -3.41 -1.53 -1.53 -71.00 -244.00 70.00 485.00 64.00 -1218.00 0
12778 -3.41 -1.53 -1.53 -73.00 -244.00 70.00 487.00 64.00 -1024.00 0
12787 -3.41 -1.60 -1.53 -71.00 -244.00 67.00 487.00 64.00 -1024.00 0
12796 -3.48 -1.60 -1.46 -72.00 -242.00 68.00 487.00 64.00 -1024.00 0
12806 -3.55 -1.74 -1.32 -70.00 -245.00 68.00 487.00 64.00 -1024.00 0
12815 -3.48 -1.74 -1.25 -71.00 -244.00 69.00 487.00 64.00 -1024.00 0
12824 -3.48 -1.74 -1.25 -74.00 -245.00 72.00 487.00 64.00 -1024.00 0
12833 -3.41 -1.67 -1.32 -72.00 -248.00 71.00 487.00 64.00 -1024.00 0
12843 -3.41 -1.60 -1.32 -72.00 -245.00 68.00 485.00 65.00 -1221.00 0
12852 -3.41 -1.60 -1.39 -71.00 -245.00 68.00 485.00 65.00 -1221.00 0
12861 -3.41 -1.60 -1.46 -73.00 -240.00 67.00 485.00 65.00 -1221.00 0
12870 -3.41 -1.60 -1.53 -70.00 -245.00 71.00 485.00 65.00 -1221.00 0
12879 -3.34 -1.60 -1.53 -71.00 -243.00 67.00 485.00 65.00 -1221.00 0
12889 -3.41 -1.60 -1.53 -70.00 -244.00 67.00 485.00 65.00 -1221.00 0
12898 -3.41 -1.53 -1.60 -68.00 -245.00 68.00 485.00 65.00 -1221.00 0
12907 -3.41 -1.53 -1.60 -70.00 -248.00 71.00 485.00 65.00 -1221.00 0
12916 -3.41 -1.53 -1.60 -70.00 -246.00 73.00 485.00 65.00 -1221.00 0
12925 -3.62 -2.09 -1.53 -71.00 -244.00 69.00 485.00 65.00 -1221.00 0
12935 -3.69 -2.30 -1.88 -75.00 -240.00 70.00 485.00 65.00 -1221.00 0
12944 -3.62 -2.30 -2.57 -83.00 -233.00 65.00 485.00 65.00 -1221.00 0
12953 -3.55 -2.43 -3.97 -67.00 -242.00 74.00 485.00 65.00 -1221.00 0
12962 -3.48 -2.99 -8.35 -37.00 -248.00 83.00 485.00 65.00 -1221.00 0
12972 -4.66 -3.62 -17.32 -42.00 -268.00 85.00 485.00 65.00 -1221.00 0
12981 -22.05 -3.62 -35.76 -60.00 -248.00 67.00 485.00 65.00 -1221.00 0
12990 -37.36 -3.13 -43.97 -108.00 -320.00 22.00 485.00 65.00 -1221.00 0
12999 -52.59 0.97 -50.16 -38.00 -229.00 47.00 485.00 65.00 -1221.00 0
13008 -57.81 5.22 -55.72 -92.00 -300.00 36.00 485.00 65.00 -1221.00 0
13019 -61.29 8.35 -60.87 -189.00 -445.00 20.00 485.00 65.00 -1221.00 0
13028 -72.49 11.06 -64.83 -140.00 -349.00 -6.00 485.00 65.00 -1221.00 0
13037 -95.58 20.59 -70.19 -63.00 -273.00 33.00 485.00 65.00 -1221.00 0
13046 -103.23 25.88 -70.75 -55.00 -294.00 25.00 442.00 126.00 -1048.00 0
13056 -108.10 30.89 -69.43 -54.00 -265.00 25.00 442.00 126.00 -1048.00 0
13065 -110.68 36.17 -67.06 15.00 -192.00 54.00 442.00 126.00 -1048.00 0
13075 -111.65 40.35 -64.35 -45.00 -311.00 46.00 442.00 126.00 -1048.00 0
13084 -110.89 43.90 -59.48 -87.00 -349.00 18.00 442.00 126.00 -1048.00 0
13093 -110.54 43.69 -58.16 -23.00 -275.00 6.00 442.00 126.00 -1048.00 0
13103 -112.42 43.34 -57.04 -23.00 -262.00 19.00 442.00 126.00 -1048.00 0
13112 -115.27 41.53 -56.97 59.00 -138.00 -1.00 442.00 126.00 -1048.00 0
13122 -115.27 39.51 -57.25 -80.00 -334.00 -22.00 442.00 126.00 -1048.00 0
13131 -116.73 38.19 -57.67 -29.00 -273.00 -19.00 442.00 126.00 -1048.00 0
13140 -117.77 37.84 -57.74 -48.00 -292.00 -36.00 442.00 126.00 -1048.00 0
13150 -118.54 37.70 -57.74 12.00 -239.00 -24.00 442.00 126.00 -1048.00 0
13160 -119.79 38.05 -57.18 16.00 -239.00 -35.00 442.00 126.00 -1048.00 0
13169 -121.74 39.23 -55.65 -45.00 -311.00 -115.00 442.00 126.00 -1048.00 0
13178 -121.04 40.83 -52.38 -15.00 -259.00 14.00 442.00 126.00 -1048.00 0
13188 -83.62 43.13 -50.30 -3.00 -205.00 57.00 442.00 126.00 -1048.00 0
13197 -64.35 43.90 -47.65 23.00 -239.00 65.00 442.00 126.00 -1048.00 0
13207 -50.71 45.01 -43.27 -10.00 -233.00 92.00 442.00 126.00 -1048.00 0
13216 -39.17 46.05 -36.03 -31.00 -291.00 -47.00 442.00 126.00 -1048.00 0
13225 -31.86 45.84 -25.46 -28.00 -287.00 -54.00 442.00 126.00 -1048.00 0
13235 -19.27 34.85 -1.53 -14.00 -276.00 -59.00 442.00 126.00 -1048.00 0
13244 -15.37 25.11 9.25 -18.00 -266.00 -54.00 442.00 126.00 -1048.00 0
13253 -13.22 15.51 18.02 -36.00 -259.00 -12.00 442.00 126.00 -1048.00 0
13263 -10.57 8.00 24.35 -25.00 -269.00 -5.00 442.00 126.00 -1048.00 0
13273 -10.64 2.43 27.76 -26.00 -268.00 -31.00 442.00 126.00 -1048.00 0
13282 -9.11 -1.25 30.05 -23.00 -260.00 -44.00 442.00 126.00 -1048.00 0
13291 -5.57 -7.72 28.80 -27.00 -254.00 -43.00 442.00 126.00 -1048.00 0
13300 -4.10 -8.00 24.28 -23.00 -266.00 -25.00 442.00 126.00 -1048.00 0
13309 -2.02 -6.33 17.04 -27.00 -268.00 -13.00 442.00 126.00 -1048.00 0
13319 -1.67 -4.17 10.16 -14.00 -276.00 -16.00 442.00 126.00 -1048.00 0
13328 -5.08 -2.64 4.87 0.00 -281.00 0.00 442.00 126.00 -1048.00 0
13337 -7.65 -1.88 2.16 -18.00 -272.00 -18.00 442.00 126.00 -1048.00 0
13346 -5.43 -2.92 3.55 -31.00 -262.00 -23.00 442.00 126.00 -1048.00 0
13356 -5.36 -3.13 3.41 -33.00 -261.00 -32.00 442.00 126.00 -1048.00 0
13365 -5.01 -2.50 1.18 -21.00 -269.00 -27.00 442.00 126.00 -1048.00 0
13374 -4.66 -1.60 -2.16 -17.00 -276.00 -38.00 399.00 158.00 -1152.00 0
13383 -4.31 -0.49 -4.87 -19.00 -274.00 -35.00 399.00 158.00 -1152.00 0
13392 -3.97 0.63 -5.08 -27.00 -267.00 -35.00 399.00 158.00 -1152.00 0
13402 -3.69 0.83 -4.80 -25.00 -267.00 -36.00 399.00 158.00 -1152.00 0
13411 -3.55 0.97 -5.36 -29.00 -267.00 -29.00 399.00 158.00 -1152.00 0
13421 -3.41 1.46 -6.89 -24.00 -269.00 -32.00 399.00 158.00 -1152.00 0
13430 -3.34 2.23 -9.18 -20.00 -269.00 -30.00 399.00 158.00 -1152.00 0
13440 -3.27 3.20 -11.55 -17.00 -271.00 -36.00 399.00 158.00 -1152.00 0
13449 -3.13 3.97 -14.26 -7.00 -267.00 -35.00 399.00 158.00 -1152.00 0
13458 -3.41 3.83 -15.44 2.00 -264.00 -35.00 399.00 158.00 -1152.00 0
13467 -4.45 3.90 -17.74 5.00 -258.00 -27.00 399.00 158.00 -1152.00 0
13476 -6.54 3.55 -20.31 -11.00 -273.00 -44.00 399.00 158.00 -1152.00 0
13486 -8.70 2.78 -21.84 -8.00 -259.00 -48.00 399.00 158.00 -1152.00 0
13495 -10.09 1.88 -21.77 -25.00 -290.00 -51.00 399.00 158.00 -1152.00 0
13504 -6.05 2.85 -18.16 -34.00 -292.00 -48.00 399.00 158.00 -1152.00 0
13513 -0.07 2.09 -14.68 -19.00 -285.00 -48.00 399.00 158.00 -1152.00 0
13522 2.37 2.16 -10.64 -20.00 -284.00 -49.00 399.00 158.00 -1152.00 0
13532 1.32 2.30 -6.33 -21.00 -284.00 -17.00 399.00 158.00 -1152.00 0
13541 0.42 1.39 -1.95 -13.00 -278.00 -32.00 399.00 158.00 -1152.00 0
13550 -0.42 -0.21 2.50 -22.00 -270.00 -32.00 399.00 158.00 -1152.00 0
13559 -1.81 -3.20 10.16 -16.00 -272.00 -38.00 399.00 158.00 -1152.00 0
13570 -2.30 -4.31 12.31 -10.00 -279.00 -40.00 399.00 158.00 -1152.00 0
13579 -2.71 -5.36 14.54 -11.00 -282.00 -42.00 399.00 158.00 -1152.00 0
13588 -3.06 -6.89 18.37 -34.00 -264.00 -37.00 399.00 158.00 -1152.00 0
13597 -3.48 -9.11 23.51 -24.00 -274.00 -55.00 399.00 158.00 -1152.00 0
13606 -2.78 -10.78 28.03 -24.00 -269.00 -61.00 399.00 158.00 -1152.00 0
13616 12.87 -12.31 30.54 -32.00 -269.00 -45.00 399.00 158.00 -1152.00 0
13625 25.88 -12.52 29.50 -29.00 -266.00 -31.00 399.00 158.00 -1152.00 0
13634 39.37 -11.97 27.69 -31.00 -265.00 -12.00 399.00 158.00 -1152.00 0
13644 49.88 -11.06 25.88 -31.00 -267.00 4.00 399.00 158.00 -1152.00 0
13654 55.37 -10.43 24.63 -35.00 -265.00 -2.00 399.00 158.00 -1152.00 0
13663 55.65 -9.67 22.19 -44.00 -259.00 -4.00 399.00 158.00 -1152.00 0
13672 46.47 -9.18 20.10 -38.00 -265.00 -7.00 399.00 158.00 -1152.00 0
13681 40.07 -9.60 16.77 -45.00 -260.00 -9.00 399.00 158.00 -1152.00 0
13690 34.99 -8.77 12.24 -45.00 -267.00 1.00 399.00 158.00 -1152.00 0
13700 28.66 -6.82 7.72 -51.00 -269.00 -11.00 418.00 152.00 -1061.00 0
13709 19.20 -3.76 5.01 -30.00 -283.00 -20.00 418.00 152.00 -1061.00 0