461.00 -404.00 -1111.00 0
816 -3.13 -2.02 -2.50 -45.00 63.00 226.00 461.00 -404.00 -1111.00 0
825 -3.27 -2.16 -2.43 -49.00 63.00 224.00 461.00 -404.00 -1111.00 0
834 -3.62 -2.30 -2.43 -45.00 63.00 224.00 461.00 -404.00 -1111.00 0
843 -3.76 -2.37 -2.37 -51.00 62.00 229.00 461.00 -404.00 -1111.00 0
852 -3.90 -2.43 -2.50 -48.00 64.00 233.00 461.00 -404.00 -1111.00 0
862 -4.03 -2.57 -2.71 -49.00 64.00 228.00 461.00 -404.00 -1111.00 0
871 -4.17 -2.71 -2.85 -52.00 67.00 234.00 461.00 -404.00 -1111.00 0
880 -4.52 -2.85 -2.99 -46.00 65.00 223.00 461.00 -404.00 -1111.00 0
889 -5.08 -3.27 -3.06 -46.00 61.00 221.00 461.00 -404.00 -1111.00 0
899 -5.91 -3.34 -2.99 -45.00 59.00 219.00 461.00 -404.00 -1111.00 0
908 -6.19 -3.34 -2.92 -45.00 54.00 222.00 461.00 -404.00 -1111.00 0
917 -6.61 -3.27 -2.99 -47.00 54.00 225.00 461.00 -404.00 -1111.00 0
925 -6.54 -2.85 -3.13 -47.00 61.00 224.00 461.00 -404.00 -1111.00 0
934 -6.05 -2.57 -3.62 -47.00 64.00 220.00 461.00 -404.00 -1111.00 0
944 -5.57 -1.95 -4.17 -49.00 73.00 228.00 461.00 -404.00 -1111.00 0
953 -5.29 -0.70 -5.57 -52.00 76.00 232.00 461.00 -404.00 -1111.00 0
962 -5.57 -0.49 -5.91 -45.00 75.00 228.00 461.00 -404.00 -1111.00 0
971 -6.68 -0.56 -6.19 -47.00 69.00 225.00 461.00 -404.00 -1111.00 0
980 -8.49 -0.63 -6.54 -46.00 64.00 229.00 461.00 -404.00 -1111.00 0
990 -10.23 -0.56 -6.89 -49.00 66.00 230.00 461.00 -404.00 -1111.00 0
999 -11.41 -0.35 -7.17 -50.00 67.00 233.00 461.00 -404.00 -1111.00 0
1008 -13.43 -0.63 -6.82 -44.00 62.00 233.00 461.00 -404.00 -1111.00 0
1017 -14.54 -0.90 -6.26 -48.00 51.00 228.00 461.00 -404.00 -1111.00 0
1027 -15.72 -1.25 -5.70 -48.00 37.00 222.00 461.00 -404.00 -1111.00 0
1036 -16.07 -1.39 -5.29 -42.00 43.00 219.00 461.00 -404.00 -1111.00 0
1045 -15.23 -1.11 -5.22 -44.00 49.00 223.00 461.00 -404.00 -1111.00 0
1054 -13.77 -0.56 -5.43 -53.00 56.00 226.00 461.00 -404.00 -1111.00 0
1063 -11.48 0.63 -5.77 -58.00 56.00 230.00 462.00 -389.00 -1103.00 0
1073 -11.06 0.70 -5.98 -54.00 50.00 234.00 462.00 -389.00 -1103.00 0
1082 -10.71 0.42 -6.19 -50.00 50.00 228.00 462.00 -389.00 -1103.00 0
1091 -10.37 0.21 -6.54 -56.00 52.00 229.00 462.00 -389.00 -1103.00 0
1100 -10.02 0.00 -6.89 -52.00 54.00 233.00 462.00 -389.00 -1103.00 0
1110 -9.74 -0.21 -7.37 -54.00 53.00 228.00 462.00 -389.00 -1103.00 0
1119 -9.60 -0.28 -8.49 -50.00 53.00 226.00 462.00 -389.00 -1103.00 0
1128 -9.60 -0.35 -8.77 -54.00 56.00 219.00 463.00 -383.00 -1154.00 0
1137 -9.88 -0.42 -8.83 -57.00 54.00 226.00 463.00 -383.00 -1154.00 0
1146 -10.23 -0.42 -8.56 -53.00 51.00 226.00 463.00 -383.00 -1154.00 0
1157 -10.16 -0.49 -7.86 -55.00 43.00 226.00 463.00 -383.00 -1154.00 0
1166 -9.53 -0.70 -6.61 -52.00 35.00 230.00 463.00 -383.00 -1154.00 0
1175 -8.70 -0.83 -4.24 -50.00 31.00 229.00 463.00 -383.00 -1154.00 0
1184 -6.47 -0.63 -3.48 -50.00 38.00 234.00 463.00 -383.00 -1154.00 0
1193 -5.01 -0.42 -3.06 -46.00 40.00 234.00 464.00 -381.00 -1101.00 0
1202 -3.48 -0.21 -2.92 -50.00 42.00 232.00 464.00 -381.00 -1101.00 0
1211 -1.95 -0.07 -3.06 -50.00 48.00 227.00 464.00 -381.00 -1101.00 0
1220 -0.35 0.00 -3.34 -49.00 61.00 228.00 464.00 -381.00 -1101.00 0
1229 1.39 0.07 -3.48 -50.00 67.00 223.00 464.00 -381.00 -1101.00 0
1239 4.31 0.42 -3.55 -47.00 71.00 228.00 464.00 -381.00 -1101.00 0
1248 5.15 0.77 -3.62 -51.00 80.00 232.00 464.00 -381.00 -1101.00 0
1257 5.50 1.11 -3.69 -51.00 82.00 223.00 467.00 -386.00 -1097.00 0
1266 5.08 1.39 -3.48 -55.00 79.00 226.00 467.00 -386.00 -1097.00 0
1275 3.69 1.53 -2.99 -51.00 63.00 227.00 467.00 -386.00 -1097.00 0
1285 1.39 1.53 -2.30 -52.00 49.00 226.00 467.00 -386.00 -1097.00 0
1294 -3.34 1.32 -0.83 -50.00 40.00 228.00 467.00 -386.00 -1097.00 0
1303 -4.73 1.53 -0.56 -54.00 39.00 227.00 467.00 -386.00 -1097.00 0
1312 -5.29 1.60 -0.70 -53.00 41.00 230.00 467.00 -386.00 -1097.00 0
1321 -5.01 1.53 -1.11 -54.00 45.00 229.00 467.00 -386.00 -1097.00 0
1331 -4.17 1.25 -1.32 -54.00 44.00 230.00 467.00 -386.00 -1097.00 0
1340 -3.20 1.04 -1.74 -53.00 48.00 228.00 467.00 -386.00 -1097.00 0
1349 -2.50 0.90 -2.85 -54.00 56.00 230.00 467.00 -386.00 -1097.00 0
1358 -1.11 0.97 -3.27 -53.00 54.00 228.00 467.00 -386.00 -1097.00 0
1368 -1.04 1.18 -3.69 -55.00 56.00 230.00 467.00 -386.00 -1097.00 0
1377 -1.04 1.32 -4.10 -51.00 61.00 225.00 467.00 -386.00 -1097.00 0
1386 -1.04 1.39 -4.45 -50.00 61.00 219.00 467.00 -386.00 -1097.00 0
1395 -1.25 1.53 -4.66 -46.00 56.00 219.00 467.00 -386.00 -1097.00 0
1404 -1.95 1.46 -4.66 -40.00 55.00 213.00 467.00 -386.00 -1097.00 0
1414 -4.17 1.53 -4.24 -42.00 61.00 213.00 467.00 -386.00 -1097.00 0
1423 -5.43 1.95 -3.62 -44.00 63.00 212.00 467.00 -386.00 -1097.00 0
1432 -7.03 2.64 -2.71 -45.00 58.00 218.00 467.00 -386.00 -1097.00 0
1441 -8.83 3.55 -1.53 -47.00 60.00 218.00 467.00 -386.00 -1097.00 0
1451 -10.78 4.52 -0.07 -49.00 54.00 219.00 467.00 -386.00 -1097.00 0
1460 -12.94 5.57 1.53 -56.00 39.00 227.00 467.00 -386.00 -1097.00 0
1469 -16.07 8.07 3.69 -64.00 18.00 211.00 467.00 -386.00 -1097.00 0
1478 -15.51 7.79 3.13 -51.00 38.00 236.00 467.00 -386.00 -1097.00 0
1487 -13.84 8.07 1.39 -67.00 44.00 234.00 467.00 -386.00 -1097.00 0
1497 -12.17 9.95 -0.56 -67.00 63.00 248.00 467.00 -386.00 -1097.00 0
1506 -9.18 10.71 -2.23 -66.00 55.00 233.00 467.00 -386.00 -1097.00 0
1515 -8.14 12.03 -3.97 -68.00 55.00 231.00 467.00 -386.00 -1097.00 0
1524 -6.61 12.31 -5.91 -63.00 58.00 216.00 467.00 -386.00 -1097.00 0
1533 -7.10 11.48 -6.54 -54.00 56.00 214.00 467.00 -386.00 -1097.00 0
1544 -8.42 11.27 -7.17 -55.00 52.00 205.00 467.00 -386.00 -1097.00 0
1553 -9.39 11.97 -7.23 -49.00 56.00 205.00 467.00 -386.00 -1097.00 0
1562 -9.74 13.15 -6.96 -44.00 60.00 204.00 467.00 -386.00 -1097.00 0
1571 -10.16 15.03 -6.61 -43.00 60.00 207.00 467.00 -386.00 -1097.00 0
1581 -10.71 19.83 -5.01 -45.00 56.00 200.00 467.00 -386.00 -1097.00 0
1590 -11.62 23.44 -4.03 -52.00 49.00 203.00 467.00 -386.00 -1097.00 0
1599 -12.59 27.83 -3.06 -63.00 43.00 212.00 467.00 -386.00 -1097.00 0
1608 -13.29 32.83 -2.23 -75.00 38.00 222.00 467.00 -386.00 -1097.00 0
1617 -13.70 38.89 -1.67 -100.00 30.00 242.00 467.00 -386.00 -1097.00 0
1627 -13.98 45.01 -1.81 -109.00 33.00 259.00 467.00 -386.00 -1097.00 0
1636 -13.22 48.56 -2.92 -118.00 31.00 280.00 467.00 -386.00 -1097.00 0
1645 -12.17 45.01 -3.97 -112.00 30.00 269.00 467.00 -386.00 -1097.00 0
1655 -10.09 38.82 -5.15 -95.00 43.00 243.00 516.00 -370.00 -946.00 0
1665 -7.10 31.03 -6.40 -73.00 52.00 213.00 516.00 -370.00 -946.00 0
1674 -4.24 23.17 -7.65 -65.00 51.00 195.00 516.00 -370.00 -946.00 0
1683 -2.50 17.18 -8.56 -68.00 46.00 200.00 516.00 -370.00 -946.00 0
1691 -0.90 11.76 -9.39 -74.00 49.00 214.00 516.00 -370.00 -946.00 0
1700 -0.49 11.13 -9.88 -78.00 54.00 230.00 516.00 -370.00 -946.00 0
1710 0.14 10.78 -10.02 -82.00 55.00 241.00 516.00 -370.00 -946.00 0
1719 0.63 10.09 -9.67 -79.00 56.00 230.00 518.00 -372.00 -1040.00 0
1728 0.63 8.97 -9.04 -81.00 50.00 226.00 518.00 -372.00 -1040.00 0
1737 -0.21 7.65 -8.28 -78.00 51.00 221.00 518.00 -372.00 -1040.00 0
1746 -3.20 4.38 -6.19 -76.00 40.00 220.00 518.00 -372.00 -1040.00 0
1756 -5.15 3.06 -5.22 -70.00 36.00 211.00 518.00 -372.00 -1040.00 0
1765 -6.82 2.02 -4.38 -75.00 38.00 217.00 518.00 -372.00 -1040.00 0
1774 -7.58 1.39 -3.62 -78.00 42.00 218.00 518.00 -372.00 -1040.00 0
1783 -8.07 1.11 -3.13 -78.00 44.00 222.00 517.00 -369.00 -1101.00 0
1793 -8.21 1.04 -2.85 -78.00 53.00 225.00 517.00 -369.00 -1101.00 0
1802 -7.86 0.49 -2.09 -77.00 62.00 218.00 517.00 -369.00 -1101.00 0
1811 -8.35 -0.21 -1.60 -71.00 53.00 223.00 517.00 -369.00 -1101.00 0
1820 -9.81 -0.97 -1.11 -77.00 45.00 221.00 517.00 -369.00 -1101.00 0
1829 -11.34 -1.95 -0.77 -74.00 47.00 221.00 517.00 -369.00 -1101.00 0
1839 -12.24 -3.41 -0.77 -72.00 43.00 221.00 517.00 -369.00 -1101.00 0
1848 -13.22 -4.24 -0.97 -79.00 39.00 222.00 519.00 -363.00 -1054.00 0
1857 -13.98 -4.31 -0.83 -79.00 34.00 216.00 519.00 -363.00 -1054.00 0
1867 -14.19 -5.15 -1.04 -77.00 35.00 217.00 519.00 -363.00 -1054.00 0
1876 -13.57 -5.22 -1.60 -80.00 35.00 216.00 519.00 -363.00 -1054.00 0
1886 -11.97 -4.59 -1.95 -78.00 45.00 221.00 519.00 -363.00 -1054.00 0
1895 -9.95 -4.03 -2.09 -82.00 54.00 221.00 519.00 -363.00 -1054.00 0
1904 -8.83 -4.03 -2.02 -80.00 55.00 229.00 519.00 -363.00 -1054.00 0
1913 -8.97 -4.80 -1.67 -76.00 50.00 222.00 519.00 -365.00 -917.00 0
1923 -11.62 -6.61 0.00 -79.00 38.00 220.00 516.00 -365.00 -917.00 0
1931 -13.15 -7.10 0.97 -84.00 28.00 218.00 516.00 -365.00 -917.00 0
1940 -14.47 -6.89 1.60 -84.00 26.00 224.00 516.00 -365.00 -917.00 0
1949 -14.89 -6.26 1.81 -81.00 28.00 227.00 516.00 -365.00 -917.00 0
1958 -14.26 -5.50 1.81 -78.00 25.00 223.00 516.00 -365.00 -917.00 0
1968 -13.08 -4.87 1.74 -74.00 28.00 220.00 516.00 -365.00 -917.00 0
1977 -10.85 -4.38 1.32 -77.00 29.00 229.00 516.00 -365.00 -917.00 0
1986 -9.95 -4.24 0.83 -84.00 22.00 227.00 516.00 -365.00 -917.00 0
1995 -8.42 -4.94 -0.07 -77.00 34.00 242.00 516.00 -365.00 -917.00 0
2004 -6.26 -6.68 -1.60 -76.00 39.00 233.00 516.00 -365.00 -917.00 0
2014 -4.31 -7.79 -3.20 -78.00 47.00 232.00 516.00 -365.00 -917.00 0
2023 -2.43 -8.63 -4.24 -74.00 47.00 227.00 516.00 -365.00 -917.00 0
2032 -1.25 -9.39 -6.12 -80.00 44.00 223.00 516.00 -365.00 -917.00 0
2041 -0.56 -9.11 -6.82 -77.00 49.00 219.00 516.00 -365.00 -917.00 0
2051 -0.14 -8.83 -6.75 -87.00 48.00 234.00 516.00 -365.00 -917.00 0
2060 -0.21 -8.90 -6.19 -86.00 39.00 237.00 516.00 -365.00 -917.00 0
2069 -0.63 -9.81 -5.43 -76.00 33.00 228.00 516.00 -365.00 -917.00 0
2078 -0.77 -11.48 -4.52 -74.00 24.00 216.00 516.00 -365.00 -917.00 0
2087 -0.77 -13.15 -3.41 -74.00 27.00 226.00 516.00 -365.00 -917.00 0
2097 -0.77 -14.89 -2.16 -78.00 28.00 244.00 516.00 -365.00 -917.00 0
2106 -0.56 -15.30 -2.43 -79.00 30.00 253.00 516.00 -365.00 -917.00 0
2115 0.07 -16.21 -2.92 -77.00 33.00 249.00 516.00 -365.00 -917.00 0
2124 0.83 -16.97 -3.41 -71.00 39.00 222.00 516.00 -365.00 -917.00 0
2134 1.88 -17.67 -3.76 -67.00 44.00 208.00 516.00 -365.00 -917.00 0
2143 3.20 -18.37 -4.03 -63.00 44.00 202.00 516.00 -365.00 -917.00 0
2152 4.80 -18.09 -4.52 -62.00 45.00 208.00 516.00 -365.00 -917.00 0
2161 5.15 -17.39 -4.52 -80.00 50.00 242.00 516.00 -365.00 -917.00 0
2170 5.70 -18.02 -4.38 -70.00 56.00 251.00 516.00 -365.00 -917.00 0
2180 6.33 -20.17 -4.38 -61.00 41.00 238.00 496.00 -361.00 -1062.00 0
2189 6.33 -21.84 -4.24 -62.00 37.00 206.00 496.00 -361.00 -1062.00 0
2198 6.89 -22.40 -3.76 -53.00 29.00 207.00 496.00 -361.00 -1062.00 0
2207 7.65 -22.19 -3.62 -50.00 34.00 195.00 496.00 -361.00 -1062.00 0
2216 8.83 -18.16 -4.24 -49.00 39.00 193.00 496.00 -361.00 -1062.00 0
2226 9.25 -14.96 -4.73 -50.00 42.00 198.00 496.00 -361.00 -1062.00 0
2235 8.83 -10.78 -5.01 -55.00 45.00 208.00 496.00 -361.00 -1062.00 0
2244 7.86 -6.12 -4.94 -59.00 39.00 211.00 495.00 -364.00 -1148.00 0
2253 6.75 -1.74 -4.73 -43.00 36.00 192.00 495.00 -364.00 -1148.00 0
2263 5.70 2.64 -4.52 -26.00 14.00 140.00 495.00 -364.00 -1148.00 0
2272 5.01 21.57 -4.66 -18.00 8.00 110.00 495.00 -364.00 -1148.00 0
2281 7.44 38.61 -5.36 -22.00 31.00 92.00 495.00 -364.00 -1148.00 0
2290 11.83 58.92 -7.03 -33.00 75.00 104.00 495.00 -364.00 -1148.00 0
2299 16.49 79.79 -8.21 -61.00 81.00 132.00 495.00 -364.00 -1148.00 0
2309 18.43 100.24 -8.21 -96.00 62.00 185.00 545.00 -373.00 -1099.00 1
2320 10.99 136.35 -7.86 -588.00 189.00 868.00 545.00 -373.00 -1099.00 1
2331 4.73 117.36 -7.44 -19.00 -47.00 101.00 545.00 -373.00 -1099.00 1
2342 -8.70 65.11 -4.52 -117.00 12.00 168.00 545.00 -373.00 -1099.00 1
2355 3.41 50.43 3.13 -144.00 85.00 274.00 545.00 -373.00 -1099.00 1
2366 8.35 35.90 3.48 -147.00 58.00 310.00 545.00 -373.00 -1099.00 0
2375 1.95 3.76 0.63 -161.00 83.00 335.00 544.00 -377.00 -988.00 0
2384 0.28 -17.88 1.25 -106.00 75.00 250.00 544.00 -377.00 -988.00 0
2394 -1.60 -39.86 2.64 -59.00 66.00 154.00 544.00 -377.00 -988.00 0
2403 -4.03 -57.46 4.94 -36.00 53.00 131.00 544.00 -377.00 -988.00 0
2412 -7.58 -68.45 7.93 -40.00 32.00 133.00 544.00 -377.00 -988.00 0
2421 -11.76 -72.63 10.23 -53.00 8.00 153.00 544.00 -377.00 -988.00 0
2430 -17.74 -68.94 9.74 -44.00 9.00 168.00 544.00 -377.00 -988.00 0
2440 -17.25 -62.68 7.79 -52.00 22.00 181.00 509.00 -373.00 -1001.00 0
2449 -14.68 -53.91 5.84 -63.00 30.00 197.00 509.00 -373.00 -1001.00 0
2458 -11.41 -43.76 4.24 -72.00 42.00 229.00 509.00 -373.00 -1001.00 0
2467 -8.70 -34.02 2.71 -81.00 43.00 244.00 509.00 -373.00 -1001.00 0
2477 -7.03 -25.53 1.18 -84.00 49.00 244.00 509.00 -373.00 -1001.00 0
2486 -3.76 -15.03 -0.63 -81.00 50.00 234.00 509.00 -373.00 -1001.00 0
2495 -2.71 -12.59 -1.32 -80.00 52.00 236.00 509.00 -373.00 -1001.00 0
2504 -1.95 -11.41 -1.74 -75.00 52.00 223.00 508.00 -375.00 -1060.00 0
2513 -1.53 -11.20 -1.95 -67.00 46.00 217.00 508.00 -375.00 -1060.00 0
2523 -1.53 -11.27 -2.02 -67.00 44.00 209.00 508.00 -375.00 -1060.00 0
2532 -1.60 -11.20 -2.02 -65.00 44.00 211.00 508.00 -375.00 -1060.00 0
2541 -1.04 -9.11 -2.02 -67.00 43.00 212.00 508.00 -375.00 -1060.00 0
2550 -0.77 -7.37 -2.23 -67.00 50.00 221.00 508.00 -375.00 -1060.00 0
2560 -0.49 -5.84 -2.43 -66.00 47.00 221.00 508.00 -375.00 -1060.00 0
2569 -0.42 -4.45 -2.43 -73.00 48.00 227.00 508.00 -377.00 -1216.00 0
2579 -0.49 -3.27 -2.37 -76.00 52.00 227.00 509.00 -377.00 -1216.00 0
2588 -0.77 -2.71 -2.23 -72.00 44.00 228.00 509.00 -377.00 -1216.00 0
2597 -1.32 -2.78 -1.95 -72.00 48.00 220.00 509.00 -377.00 -1216.00 0
2607 -1.32 -3.13 -1.81 -76.00 46.00 226.00 509.00 -377.00 -1216.00 0
2616 -1.46 -4.03 -1.74 -76.00 46.00 220.00 509.00 -377.00 -1216.00 0
2625 -1.74 -5.22 -1.95 -70.00 53.00 227.00 509.00 -377.00 -1216.00 0
2634 -1.81 -6.33 -1.88 -69.00 54.00 220.00 509.00 -377.00 -1216.00 0
2643 -2.02 -7.44 -1.95 -65.00 52.00 218.00 509.00 -377.00 -1216.00 0
2653 -2.71 -9.74 -1.60 -67.00 47.00 213.00 509.00 -377.00 -1216.00 0
2662 -2.92 -9.60 -1.18 -70.00 48.00 216.00 509.00 -377.00 -1216.00 0
2671 -3.13 -9.39 -0.97 -72.00 50.00 222.00 509.00 -377.00 -1216.00 0
2680 -3.41 -9.60 -1.18 -69.00 49.00 221.00 509.00 -377.00 -1216.00 0
2690 -3.69 -10.16 -1.46 -68.00 54.00 225.00 509.00 -377.00 -1216.00 0
2699 -3.76 -10.71 -1.39 -72.00 50.00 220.00 509.00 -377.00 -1216.00 0
2708 -4.03 -10.50 -0.97 -67.00 55.00 221.00 509.00 -377.00 -1216.00 0
2717 -4.10 -10.37 -0.42 -67.00 50.00 224.00 509.00 -377.00 -1216.00 0
2726 -4.45 -10.02 0.21 -71.00 41.00 227.00 509.00 -377.00 -1216.00 0
2736 -5.29 -10.02 0.49 -69.00 44.00 227.00 509.00 -377.00 -1216.00 0
2745 -5.91 -10.37 0.14 -69.00 52.00 223.00 509.00 -377.00 -1216.00 0
2754 -5.77 -10.50 -0.07 -66.00 56.00 223.00 509.00 -377.00 -1216.00 0
2763 -5.63 -11.41 0.14 -60.00 50.00 218.00 509.00 -377.00 -1216.00 0
2772 -6.12 -11.41 -0.07 -66.00 48.00 216.00 509.00 -377.00 -1216.00 0
2782 -6.26 -11.20 0.00 -63.00 41.00 221.00 509.00 -377.00 -1216.00 0
2791 -6.47 -10.50 -0.14 -65.00 42.00 221.00 509.00 -377.00 -1216.00 0
2800 -6.61 -9.32 -0.63 -67.00 50.00 220.00 509.00 -377.00 -1216.00 0
2809 -5.98 -7.93 -0.90 -73.00 50.00 231.00 509.00 -377.00 -1216.00 0
2819 -5.36 -7.17 -1.04 -66.00 50.00 233.00 509.00 -377.00 -1216.00 0
2828 -5.98 -8.90 -1.25 -65.00 47.00 221.00 509.00 -377.00 -1216.00 0
2837 -6.47 -10.16 -0.97 -67.00 42.00 230.00 509.00 -377.00 -1216.00 0
2846 -6.75 -10.85 -0.56 -61.00 44.00 224.00 509.00 -377.00 -1216.00 0
2855 -6.89 -11.13 -0.63 -58.00 46.00 223.00 509.00 -377.00 -1216.00 0
2865 -6.40 -11.20 -0.63 -62.00 50.00 223.00 509.00 -377.00 -1216.00 0
2874 -6.05 -10.85 -0.77 -62.00 47.00 227.00 509.00 -377.00 -1216.00 0
2883 -6.12 -11.06 -0.77 -62.00 42.00 234.00 509.00 -377.00 -1216.00 0
2893 -6.19 -11.90 -0.49 -61.00 44.00 235.00 509.00 -377.00 -1216.00 0
2903 -6.19 -12.59 -0.42 -62.00 46.00 227.00 509.00 -377.00 -1216.00 0
2912 -6.33 -13.29 -0.14 -59.00 47.00 222.00 509.00 -377.00 -1216.00 0
2921 -6.40 -13.77 0.00 -58.00 40.00 221.00 509.00 -377.00 -1216.00 0
2930 -6.61 -12.66 -0.14 -58.00 45.00 221.00 509.00 -377.00 -1216.00 0
2939 -6.26 -11.62 -0.49 -61.00 48.00 224.00 509.00 -377.00 -1216.00 0
2949 -5.70 -10.64 -0.77 -55.00 46.00 224.00 509.00 -377.00 -1216.00 0
2958 -5.36 -9.67 -0.97 -58.00 44.00 228.00 509.00 -377.00 -1216.00 0
2967 -5.22 -8.83 -1.18 -57.00 45.00 221.00 485.00 -373.00 -1075.00 0
2976 -5.08 -8.07 -1.32 -58.00 47.00 215.00 485.00 -373.00 -1075.00 0
2985 -4.24 -6.05 -1.32 -55.00 43.00 222.00 485.00 -373.00 -1075.00 0
2995 -4.17 -4.80 -1.32 -58.00 43.00 229.00 485.00 -373.00 -1075.00 0
3004 -4.10 -3.55 -1.39 -63.00 41.00 232.00 485.00 -373.00 -1075.00 0
3013 -3.83 -2.50 -1.46 -68.00 44.00 240.00 485.00 -373.00 -1075.00 0
3022 -3.34 -1.95 -1.60 -63.00 46.00 236.00 485.00 -373.00 -1075.00 0
3032 -2.92 -2.30 -1.81 -63.00 46.00 231.00 485.00 -371.00 -1094.00 0
3041 -2.50 -3.20 -2.37 -60.00 47.00 227.00 485.00 -371.00 -1094.00 0
3050 -1.39 -4.80 -2.50 -59.00 45.00 218.00 485.00 -371.00 -1094.00 0
3059 -1.11 -5.29 -2.71 -55.00 44.00 220.00 485.00 -371.00 -1094.00 0
3068 -0.83 -5.29 -2.99 -59.00 47.00 229.00 485.00 -371.00 -1094.00 0
3078 -0.63 -4.94 -3.27 -67.00 45.00 247.00 485.00 -371.00 -1094.00 0
3087 -0.56 -4.94 -3.48 -68.00 48.00 252.00 485.00 -371.00 -1094.00 0
3096 -0.49 -6.19 -3.76 -60.00 43.00 234.00 485.00 -373.00 -961.00 0
3105 0.00 -10.78 -4.31 -50.00 42.00 211.00 485.00 -373.00 -961.00 0
3115 0.42 -12.38 -4.45 -45.00 42.00 204.00 485.00 -373.00 -961.00 0
3124 0.56 -12.52 -4.73 -41.00 37.00 206.00 485.00 -373.00 -961.00 0
3133 0.90 -11.34 -5.08 -44.00 49.00 204.00 485.00 -373.00 -961.00 0
3142 1.25 -8.83 -5.36 -52.00 53.00 215.00 485.00 -373.00 -961.00 0
3151 1.25 -5.43 -5.22 -54.00 49.00 221.00 485.00 -373.00 -961.00 0
3161 0.14 1.88 -4.03 -54.00 46.00 219.00 484.00 -374.00 -1201.00 0
3170 -0.63 4.87 -3.55 -58.00 42.00 223.00 484.00 -374.00 -1201.00 0
3179 -1.18 7.58 -3.34 -58.00 49.00 222.00 484.00 -374.00 -1201.00 0
3188 -1.18 10.09 -3.13 -61.00 51.00 222.00 484.00 -374.00 -1201.00 0
3197 -1.18 12.52 -2.92 -78.00 54.00 257.00 484.00 -374.00 -1201.00 0
3207 -1.46 14.19 -2.50 -75.00 54.00 260.00 484.00 -374.00 -1201.00 0
3216 -2.92 10.23 -2.23 -61.00 49.00 229.00 484.00 -374.00 -1201.00 0
3225 -3.27 7.30 -1.88 -55.00 39.00 212.00 484.00 -374.00 -1201.00 0
3234 -3.48 5.15 -1.53 -59.00 41.00 221.00 484.00 -374.00 -1201.00 0
3244 -3.48 3.76 -1.74 -61.00 49.00 223.00 484.00 -374.00 -1201.00 0
3253 -3.13 3.06 -2.02 -56.00 48.00 220.00 484.00 -374.00 -1201.00 0
3262 -2.71 2.92 -2.16 -45.00 42.00 198.00 484.00 -374.00 -1201.00 0
3271 -3.06 6.82 -2.50 -27.00 40.00 167.00 484.00 -374.00 -1201.00 0
3280 -3.27 15.17 -1.81 -22.00 36.00 140.00 484.00 -374.00 -1201.00 0
3290 -2.64 27.06 -0.42 -36.00 33.00 134.00 484.00 -374.00 -1201.00 0
3299 -2.09 41.60 0.70 -49.00 44.00 141.00 484.00 -374.00 -1201.00 0
3308 -1.74 57.04 1.60 -69.00 37.00 164.00 484.00 -374.00 -1201.00 0
3317 -1.95 73.04 1.74 -100.00 40.00 203.00 484.00 -374.00 -1201.00 0
3326 -2.43 100.59 1.25 -140.00 52.00 293.00 484.00 -374.00 -1201.00 0
3336 -2.92 106.09 0.14 -225.00 80.00 469.00 484.00 -374.00 -1201.00 0
3346 -3.62 97.04 -1.67 -150.00 100.00 399.00 484.00 -374.00 -1201.00 0
3355 -3.34 73.88 -2.30 -123.00 30.00 238.00 484.00 -374.00 -1201.00 0
3364 -5.15 50.30 -0.90 -123.00 51.00 268.00 484.00 -374.00 -1201.00 0
3374 -4.31 27.06 2.16 -149.00 84.00 348.00 484.00 -374.00 -1201.00 0
3383 -4.59 -24.00 2.85 -117.00 64.00 278.00 484.00 -374.00 -1201.00 0
3393 -8.07 -51.20 2.92 -63.00 38.00 166.00 484.00 -374.00 -1201.00 0
3402 -10.50 -73.25 3.13 -29.00 15.00 106.00 484.00 -374.00 -1201.00 0
3411 -11.41 -86.61 2.92 -15.00 8.00 97.00 484.00 -374.00 -1201.00 0
3421 -10.99 -90.85 2.02 -14.00 21.00 133.00 484.00 -374.00 -1201.00 0
3430 -9.32 -87.37 -2.02 -20.00 36.00 161.00 484.00 -374.00 -1201.00 0
3439 -4.80 -63.37 -3.83 -43.00 47.00 192.00 484.00 -374.00 -1201.00 0
3448 -2.85 -47.23 -4.31 -61.00 59.00 222.00 484.00 -374.00 -1201.00 0
3458 -2.02 -32.77 -4.24 -75.00 49.00 249.00 484.00 -374.00 -1201.00 0
3467 -2.43 -21.36 -4.38 -71.00 50.00 248.00 484.00 -374.00 -1201.00 0
3476 -2.71 -13.77 -4.24 -66.00 52.00 230.00 484.00 -374.00 -1201.00 0
3485 -2.78 -8.97 -3.13 -64.00 44.00 216.00 484.00 -374.00 -1201.00 0
3494 -3.48 -3.41 -2.64 -67.00 48.00 226.00 484.00 -374.00 -1201.00 0
3504 -3.90 -1.81 -2.37 -68.00 47.00 236.00 484.00 -374.00 -1201.00 0
3513 -4.17 -1.11 -2.30 -65.00 46.00 230.00 484.00 -374.00 -1201.00 0
3522 -4.10 -1.18 -2.30 -63.00 44.00 223.00 484.00 -374.00 -1201.00 0
3531 -4.10 -1.53 -2.16 -65.00 40.00 216.00 484.00 -374.00 -1201.00 0
3540 -3.97 -1.46 -2.09 -64.00 41.00 222.00 484.00 -374.00 -1201.00 0
3550 -2.85 -0.70 -2.23 -65.00 42.00 220.00 484.00 -374.00 -1201.00 0
3559 -2.16 -0.21 -2.50 -66.00 46.00 223.00 484.00 -374.00 -1201.00 0
3568 -1.46 0.28 -2.78 -69.00 50.00 235.00 484.00 -374.00 -1201.00 0
3577 -0.83 0.42 -3.06 -66.00 52.00 233.00 484.00 -374.00 -1201.00 0
3587 -0.77 0.07 -3.13 -64.00 48.00 227.00 484.00 -374.00 -1201.00 0
3596 -1.04 -0.63 -2.99 -61.00 42.00 222.00 484.00 -374.00 -1201.00 0
3605 -1.74 -1.88 -2.71 -64.00 47.00 221.00 484.00 -374.00 -1201.00 0
3614 -1.88 -2.30 -2.57 -63.00 51.00 224.00 484.00 -374.00 -1201.00 0
3623 -2.30 -2.50 -2.37 -64.00 48.00 224.00 493.00 -377.00 -1204.00 0
3633 -2.92 -2.71 -2.23 -62.00 45.00 223.00 493.00 -377.00 -1204.00 0
3642 -3.34 -2.92 -2.09 -67.00 43.00 223.00 493.00 -377.00 -1204.00 0
3651 -3.41 -2.92 -2.16 -64.00 43.00 226.00 493.00 -377.00 -1204.00 0
3660 -3.13 -2.92 -2.30 -66.00 44.00 227.00 493.00 -377.00 -1204.00 0
3670 -2.92 -2.92 -2.43 -64.00 44.00 223.00 493.00 -377.00 -1204.00 0
3679 -2.57 -2.78 -2.64 -66.00 46.00 232.00 493.00 -377.00 -1204.00 0
3688 -2.09 -2.64 -2.78 -64.00 44.00 230.00 495.00 -375.00 -984.00 0
3697 -1.74 -2.57 -2.92 -63.00 46.00 223.00 495.00 -375.00 -984.00 0
3706 -1.46 -2.64 -3.06 -60.00 46.00 220.00 495.00 -375.00 -984.00 0
3716 -1.25 -2.71 -3.20 -62.00 56.00 220.00 495.00 -375.00 -984.00 0
3725 -0.83 -2.16 -3.13 -66.00 56.00 226.00 495.00 -375.00 -984.00 0
3734 -1.46 -1.95 -2.85 -66.00 45.00 228.00 495.00 -375.00 -984.00 0
3742 -2.37 -2.09 -2.57 -65.00 42.00 226.00 495.00 -375.00 -984.00 0
3751 -2.92 -2.30 -2.37 -67.00 45.00 229.00 493.00 -373.00 -1147.00 0
3761 -2.99 -2.50 -2.23 -64.00 45.00 230.00 493.00 -373.00 -1147.00 0
3770 -2.78 -2.71 -2.16 -62.00 44.00 223.00 493.00 -373.00 -1147.00 0
3779 -2.92 -2.99 -2.16 -64.00 46.00 221.00 493.00 -373.00 -1147.00 0
3788 -2.92 -2.99 -2.16 -63.00 47.00 225.00 493.00 -373.00 -1147.00 0
3798 -2.64 -2.71 -2.23 -63.00 46.00 222.00 493.00 -373.00 -1147.00 0
3807 -2.37 -2.57 -2.23 -66.00 44.00 227.00 493.00 -373.00 -1147.00 0
3816 -2.37 -2.43 -2.37 -62.00 43.00 227.00 494.00 -373.00 -1012.00 0
3825 -2.30 -2.43 -2.37 -63.00 47.00 224.00 494.00 -373.00 -1012.00 0
3834 -1.88 -2.37 -2.57 -64.00 51.00 217.00 494.00 -373.00 -1012.00 0
3844 -1.67 -2.23 -2.64 -64.00 50.00 218.00 494.00 -373.00 -1012.00 0
3853 -1.46 -2.02 -2.78 -65.00 48.00 221.00 494.00 -373.00 -1012.00 0
3862 -1.32 -1.67 -2.85 -63.00 49.00 218.00 494.00 -373.00 -1012.00 0
3871 -1.11 -1.25 -2.92 -65.00 53.00 227.00 494.00 -373.00 -1012.00 0
3880 -1.04 -0.90 -2.85 -68.00 47.00 239.00 494.00 -373.00 -1012.00 0
3890 -1.25 -1.32 -2.30 -67.00 45.00 229.00 494.00 -373.00 -1012.00 0
3899 -2.30 -2.16 -1.95 -62.00 38.00 227.00 494.00 -373.00 -1012.00 0
3908 -2.57 -2.78 -1.95 -62.00 42.00 215.00 494.00 -373.00 -1012.00 0
3917 -2.16 -2.99 -1.95 -64.00 48.00 223.00 494.00 -373.00 -1012.00 0
3927 -1.74 -2.64 -2.09 -63.00 52.00 226.00 494.00 -373.00 -1012.00 0
3936 -1.60 -2.09 -2.30 -64.00 53.00 225.00 494.00 -373.00 -1012.00 0
3945 -1.74 -1.67 -2.64 -64.00 49.00 227.00 494.00 -373.00 -1012.00 0
3954 -2.16 -1.18 -2.71 -64.00 46.00 226.00 494.00 -373.00 -1012.00 0
3963 -2.16 -0.90 -2.78 -64.00 45.00 222.00 494.00 -373.00 -1012.00 0
3973 -2.09 -0.63 -2.92 -64.00 45.00 227.00 494.00 -373.00 -1012.00 0
3982 -1.88 -0.28 -3.06 -67.00 44.00 231.00 494.00 -373.00 -1012.00 0
3991 -1.53 0.00 -3.27 -68.00 43.00 238.00 494.00 -373.00 -1012.00 0
4000 -0.97 0.07 -3.55 -70.00 43.00 233.00 494.00 -373.00 -1012.00 0
4009 0.70 -1.46 -4.24 -62.00 46.00 224.00 494.00 -373.00 -1012.00 0
4019 1.74 -2.23 -4.45 -60.00 51.00 217.00 494.00 -373.00 -1012.00 0
4028 2.30 -2.30 -4.45 -65.00 49.00 220.00 494.00 -373.00 -1012.00 0
4037 2.37 -2.09 -4.24 -66.00 51.00 228.00 494.00 -373.00 -1012.00 0
4046 2.16 -2.23 -4.31 -64.00 52.00 222.00 494.00 -373.00 -1012.00 0
4056 1.88 -2.50 -4.52 -65.00 51.00 228.00 494.00 -373.00 -1012.00 0
4065 2.16 -2.78 -4.73 -62.00 52.00 223.00 494.00 -373.00 -1012.00 0
4074 2.02 -2.99 -4.80 -70.00 42.00 237.00 494.00 -373.00 -1012.00 0
4083 1.74 -3.55 -4.87 -68.00 46.00 241.00 494.00 -373.00 -1012.00 0
4092 1.88 -5.01 -5.01 -65.00 47.00 229.00 494.00 -373.00 -1012.00 0
4102 2.16 -6.54 -5.15 -64.00 43.00 223.00 494.00 -373.00 -1012.00 0
4111 2.37 -7.51 -5.15 -61.00 49.00 221.00 494.00 -373.00 -1012.00 0
4120 3.55 -9.60 -5.84 -59.00 46.00 217.00 494.00 -373.00 -1012.00 0
4129 4.17 -9.74 -6.54 -55.00 52.00 210.00 494.00 -373.00 -1012.00 0
4139 4.94 -9.04 -7.17 -62.00 55.00 204.00 494.00 -373.00 -1012.00 0
4148 5.43 -7.93 -7.17 -54.00 60.00 206.00 490.00 -377.00 -931.00 0
4157 5.43 -6.12 -7.17 -58.00 56.00 213.00 490.00 -377.00 -931.00 0
4166 4.66 -3.48 -6.96 -60.00 55.00 221.00 490.00 -377.00 -931.00 0
4175 3.76 -0.90 -5.70 -61.00 51.00 222.00 490.00 -377.00 -931.00 0
4185 1.46 4.17 -5.01 -60.00 57.00 214.00 490.00 -377.00 -931.00 0
4194 0.97 6.47 -4.38 -59.00 58.00 208.00 490.00 -377.00 -931.00 0
4203 0.56 8.83 -3.27 -53.00 53.00 193.00 490.00 -377.00 -931.00 0
4212 -0.56 11.97 -2.30 -39.00 41.00 185.00 500.00 -378.00 -1095.00 0
4221 -2.09 17.53 -1.46 -29.00 17.00 150.00 500.00 -378.00 -1095.00 0
4231 -3.13 27.90 -0.56 -27.00 10.00 121.00 500.00 -378.00 -1095.00 0
4240 0.90 61.08 0.63 -51.00 17.00 124.00 500.00 -378.00 -1095.00 0
4249 5.43 80.14 -0.35 -74.00 42.00 160.00 500.00 -378.00 -1095.00 0
4258 10.37 98.30 -2.71 -103.00 72.00 250.00 500.00 -378.00 -1095.00 1
4269 14.54 113.04 -5.43 -389.00 266.00 652.00 500.00 -378.00 -1095.00 1
4279 16.77 112.56 -5.43 -51.00 -9.00 185.00 543.00 -382.00 -1057.00 1
4288 -12.52 65.67 -5.01 -63.00 -55.00 107.00 543.00 -382.00 -1057.00 1
4298 -15.86 52.10 -1.81 -124.00 103.00 249.00 543.00 -382.00 -1057.00 1
4308 -4.52 39.10 1.67 -158.00 96.00 323.00 543.00 -382.00 -1057.00 1
4318 -0.35 25.39 1.32 -135.00 73.00 326.00 543.00 -382.00 -1057.00 0
4327 -6.82 -14.05 -0.97 -158.00 76.00 349.00 543.00 -382.00 -1057.00 0
4337 -8.14 -38.40 0.83 -112.00 112.00 285.00 543.00 -382.00 -1057.00 0
4346 -9.95 -65.74 4.94 -59.00 30.00 148.00 543.00 -382.00 -1057.00 0
4356 -17.04 -84.10 7.17 -30.00 -1.00 101.00 543.00 -382.00 -1057.00 0
4365 -21.15 -93.84 8.83 -21.00 -3.00 114.00 543.00 -382.00 -1057.00 0
4374 -20.66 -97.11 9.32 -45.00 14.00 185.00 543.00 -382.00 -1057.00 0
4383 -14.12 -86.82 2.50 -59.00 46.00 231.00 543.00 -382.00 -1057.00 0
4392 -9.32 -79.86 -1.53 -68.00 64.00 249.00 543.00 -382.00 -1057.00 0
4402 -5.70 -73.74 -4.31 -69.00 74.00 243.00 543.00 -382.00 -1057.00 0
4411 -3.48 -69.84 -5.01 -52.00 61.00 223.00 543.00 -382.00 -1057.00 0
4420 -3.48 -67.76 -4.73 -39.00 42.00 197.00 543.00 -382.00 -1057.00 0
4429 -5.15 -66.16 -3.48 -35.00 37.00 190.00 543.00 -382.00 -1057.00 0
4439 -6.54 -58.16 -2.92 -29.00 33.00 194.00 543.00 -382.00 -1057.00 0
4449 -5.77 -51.90 -3.27 -29.00 37.00 197.00 543.00 -382.00 -1057.00 0
4458 -4.87 -44.31 -4.17 -41.00 46.00 209.00 543.00 -382.00 -1057.00 0
4467 -3.48 -35.48 -4.94 -50.00 50.00 226.00 543.00 -382.00 -1057.00 0
4476 -2.02 -26.85 -5.22 -58.00 44.00 238.00 470.00 -378.00 -1137.00 0
4486 -0.83 -14.33 -6.05 -49.00 44.00 236.00 470.00 -378.00 -1137.00 0
4495 1.60 -10.43 -6.68 -51.00 47.00 222.00 470.00 -378.00 -1137.00 0
4504 3.20 -7.10 -7.30 -58.00 49.00 237.00 470.00 -378.00 -1137.00 0
4513 4.59 -4.45 -8.07 -60.00 55.00 247.00 470.00 -378.00 -1137.00 0
4523 5.63 -2.99 -8.97 -62.00 62.00 250.00 470.00 -378.00 -1137.00 0
4532 6.33 -2.78 -9.81 -54.00 66.00 232.00 470.00 -378.00 -1137.00 0
4541 6.33 -3.97 -9.74 -46.00 57.00 211.00 469.00 -378.00 -1004.00 0
4550 3.97 -6.75 -8.83 -41.00 53.00 214.00 469.00 -378.00 -1004.00 0
4559 2.85 -6.75 -7.86 -48.00 50.00 221.00 469.00 -378.00 -1004.00 0
4569 1.88 -6.26 -6.89 -53.00 52.00 238.00 469.00 -378.00 -1004.00 0
4578 1.11 -5.98 -6.12 -49.00 50.00 227.00 469.00 -378.00 -1004.00 0
4587 0.63 -5.63 -5.63 -50.00 57.00 223.00 469.00 -378.00 -1004.00 0
4596 0.49 -5.22 -5.22 -48.00 59.00 220.00 469.00 -378.00 -1004.00 0
4605 0.49 -3.34 -4.73 -52.00 58.00 223.00 468.00 -376.00 -1236.00 0
4615 0.42 -2.23 -4.59 -56.00 58.00 226.00 468.00 -376.00 -1236.00 0
4624 0.21 -1.04 -4.31 -52.00 51.00 231.00 468.00 -376.00 -1236.00 0
4633 0.00 -0.56 -4.17 -55.00 53.00 233.00 468.00 -376.00 -1236.00 0
4642 -0.21 -0.70 -4.17 -57.00 53.00 240.00 468.00 -376.00 -1236.00 0
4652 -0.28 -1.18 -4.17 -54.00 56.00 237.00 468.00 -376.00 -1236.00 0
4661 -0.90 -3.55 -3.83 -49.00 50.00 224.00 468.00 -376.00 -1236.00 0
4670 -1.39 -4.66 -3.69 -48.00 51.00 218.00 467.00 -378.00 -1020.00 0
4679 -1.60 -5.29 -3.48 -48.00 53.00 218.00 467.00 -378.00 -1020.00 0
4688 -1.60 -5.36 -3.48 -48.00 57.00 224.00 467.00 -378.00 -1020.00 0
4698 -1.60 -4.87 -3.41 -50.00 58.00 228.00 467.00 -378.00 -1020.00 0
4707 -1.53 -4.10 -3.27 -52.00 55.00 226.00 467.00 -378.00 -1020.00 0
4716 -1.88 -2.37 -2.78 -45.00 53.00 222.00 467.00 -378.00 -1020.00 0
4725 -1.95 -1.46 -2.64 -49.00 50.00 230.00 467.00 -378.00 -1020.00 0
4734 -1.95 -0.42 -2.57 -50.00 52.00 232.00 467.00 -377.00 -986.00 0
4744 -2.02 0.28 -2.50 -55.00 57.00 234.00 468.00 -377.00 -986.00 0
4753 -2.09 0.63 -2.50 -55.00 58.00 234.00 468.00 -377.00 -986.00 0
4762 -2.23 0.49 -2.43 -55.00 53.00 230.00 468.00 -377.00 -986.00 0
4771 -2.30 -0.14 -2.23 -49.00 51.00 225.00 468.00 -377.00 -986.00 0
4781 -2.37 -1.53 -2.09 -50.00 54.00 225.00 468.00 -377.00 -986.00 0
4790 -2.16 -1.95 -2.09 -53.00 58.00 225.00 468.00 -377.00 -986.00 0
4799 -2.09 -2.30 -2.09 -46.00 57.00 224.00 468.00 -377.00 -986.00 0
4808 -2.23 -2.30 -2.09 -47.00 61.00 220.00 468.00 -377.00 -986.00 0
4817 -2.50 -2.16 -1.95 -50.00 59.00 227.00 468.00 -377.00 -986.00 0
4826 -2.85 -1.81 -1.60 -50.00 53.00 230.00 468.00 -377.00 -986.00 0
4835 -4.31 -0.83 -0.90 -52.00 49.00 237.00 468.00 -377.00 -986.00 0
4844 -4.66 -0.83 -0.83 -50.00 48.00 231.00 468.00 -377.00 -986.00 0
4853 -4.52 -0.97 -0.83 -53.00 48.00 230.00 468.00 -377.00 -986.00 0
4862 -4.24 -1.18 -0.90 -48.00 50.00 230.00 468.00 -377.00 -986.00 0
4872 -3.90 -1.53 -1.04 -54.00 57.00 223.00 468.00 -377.00 -986.00 0
4881 -3.55 -1.88 -1.25 -50.00 59.00 225.00 468.00 -377.00 -986.00 0
4890 -3.20 -2.30 -1.60 -50.00 61.00 222.00 468.00 -377.00 -986.00 0
4899 -3.06 -2.30 -1.67 -49.00 59.00 221.00 468.00 -377.00 -986.00 0
4909 -3.55 -2.09 -1.60 -51.00 56.00 224.00 468.00 -377.00 -986.00 0
4918 -4.17 -1.74 -1.46 -47.00 53.00 227.00 468.00 -377.00 -986.00 0
4927 -4.73 -1.18 -1.32 -49.00 50.00 228.00 468.00 -377.00 -986.00 0
4936 -5.08 -0.49 -1.11 -50.00 50.00 228.00 468.00 -377.00 -986.00 0
4945 -5.29 0.42 -0.97 -53.00 52.00 233.00 468.00 -377.00 -986.00 0
4955 -5.50 1.32 -1.11 -49.00 63.00 228.00 468.00 -377.00 -986.00 0
4964 -5.63 1.32 -1.04 -50.00 60.00 227.00 468.00 -377.00 -986.00 0
4973 -6.40 1.18 -0.56 -52.00 56.00 228.00 468.00 -377.00 -986.00 0
4982 -7.72 0.97 -0.07 -53.00 54.00 220.00 468.00 -377.00 -986.00 0
4992 -8.77 0.63 0.28 -49.00 60.00 221.00 468.00 -377.00 -986.00 0
5001 -9.04 0.14 0.70 -49.00 61.00 228.00 469.00 -377.00 -1007.00 0
5010 -10.64 -2.02 1.25 -50.00 53.00 235.00 469.00 -377.00 -1007.00 0
5019 -11.97 -2.92 1.67 -58.00 47.00 236.00 469.00 -377.00 -1007.00 0
5028 -12.80 -3.97 2.30 -55.00 41.00 242.00 469.00 -377.00 -1007.00 0
5038 -13.08 -5.57 2.57 -50.00 42.00 229.00 469.00 -377.00 -1007.00 0
5047 -12.94 -7.10 2.37 -46.00 51.00 225.00 469.00 -377.00 -1007.00 0
5056 -12.24 -8.42 2.09 -45.00 53.00 225.00 469.00 -377.00 -1007.00 0
5065 -11.34 -10.16 1.53 -49.00 49.00 227.00 465.00 -374.00 -1072.00 0
5074 -11.41 -10.43 1.46 -45.00 49.00 229.00 465.00 -374.00 -1072.00 0
5084 -11.48 -10.30 1.39 -46.00 47.00 228.00 465.00 -374.00 -1072.00 0
5093 -11.34 -9.67 1.39 -47.00 44.00 224.00 465.00 -374.00 -1072.00 0
5102 -10.99 -8.56 1.25 -46.00 45.00 227.00 465.00 -374.00 -1072.00 0
5111 -10.37 -7.10 1.11 -54.00 45.00 238.00 465.00 -374.00 -1072.00 0
5122 -9.04 -4.73 0.28 -49.00 47.00 229.00 465.00 -374.00 -1072.00 0
5131 -8.00 -4.03 -0.35 -52.00 51.00 232.00 465.00 -375.00 -974.00 0
5139 -6.96 -3.69 -0.77 -49.00 51.00 232.00 465.00 -375.00 -974.00 0
5148 -6.26 -3.62 -1.04 -47.00 46.00 229.00 465.00 -375.00 -974.00 0
5157 -5.91 -3.69 -1.32 -49.00 42.00 233.00 465.00 -375.00 -974.00 0
5167 -5.70 -3.62 -1.46 -50.00 47.00 234.00 465.00 -375.00 -974.00 0
5176 -5.50 -4.31 -1.81 -45.00 52.00 228.00 465.00 -375.00 -974.00 0
5185 -4.87 -4.94 -2.02 -43.00 52.00 220.00 465.00 -375.00 -974.00 0
5194 -4.80 -5.08 -1.95 -46.00 48.00 221.00 464.00 -374.00 -1148.00 0
5203 -5.01 -4.80 -1.81 -46.00 45.00 227.00 464.00 -374.00 -1148.00 0
5213 -5.36 -4.52 -1.81 -41.00 52.00 226.00 464.00 -374.00 -1148.00 0
5222 -5.63 -4.17 -1.81 -43.00 55.00 233.00 464.00 -374.00 -1148.00 0
5231 -5.84 -3.76 -0.77 -41.00 48.00 221.00 464.00 -374.00 -1148.00 0
5240 -8.28 -3.20 -0.21 -40.00 52.00 216.00 464.00 -374.00 -1148.00 0
5250 -9.18 -3.13 0.49 -38.00 48.00 218.00 464.00 -374.00 -1148.00 0
5259 -10.37 -2.64 1.18 -44.00 46.00 219.00 464.00 -374.00 -1148.00 0
5268 -11.48 -1.60 1.88 -44.00 36.00 219.00 464.00 -374.00 -1148.00 0
5277 -12.31 -0.21 2.37 -47.00 31.00 221.00 464.00 -374.00 -1148.00 0
5287 -12.59 1.81 2.50 -35.00 28.00 200.00 464.00 -374.00 -1148.00 0
5297 -10.99 7.44 1.18 -30.00 24.00 190.00 464.00 -374.00 -1148.00 0
5306 -9.32 12.52 -0.28 -27.00 21.00 175.00 464.00 -374.00 -1148.00 0
5315 -6.96 20.10 -2.02 0.00 2.00 123.00 464.00 -374.00 -1148.00 0
5324 -3.83 31.23 -4.24 23.00 -20.00 86.00 464.00 -374.00 -1148.00 0
5334 0.56 49.95 -7.86 -26.00 -8.00 40.00 464.00 -374.00 -1148.00 0
5343 6.96 81.11 -12.31 -64.00 39.00 71.00 464.00 -374.00 -1148.00 0
5352 28.59 149.01 -18.71 -107.00 82.00 139.00 464.00 -374.00 -1148.00 1
5363 34.23 177.18 -22.47 -585.00 452.00 1119.00 464.00 -374.00 -1148.00 1
5376 22.33 120.77 -16.28 -18.00 -141.00 52.00 464.00 -374.00 -1148.00 1
5387 -13.63 107.62 -15.79 -115.00 8.00 183.00 464.00 -374.00 -1148.00 1
5398 -9.60 95.79 -0.56 -110.00 136.00 232.00 464.00 -374.00 -1148.00 1
5410 15.03 57.53 1.60 -123.00 65.00 255.00 464.00 -374.00 -1148.00 1
5422 6.40 40.00 -0.21 -137.00 25.00 313.00 464.00 -374.00 -1148.00 1
5433 -0.21 4.17 -0.70 -154.00 100.00 364.00 464.00 -374.00 -1148.00 0
5442 5.50 -21.98 1.11 -171.00 114.00 357.00 464.00 -374.00 -1148.00 0
5451 3.48 -48.83 0.90 -66.00 100.00 192.00 464.00 -374.00 -1148.00 0
5460 -1.88 -78.26 1.32 -25.00 43.00 86.00 506.00 -376.00 -916.00 0
5470 -8.90 -108.59 8.21 -14.00 0.00 88.00 506.00 -376.00 -916.00 0
5479 -19.76 -108.80 10.92 -23.00 -15.00 120.00 506.00 -376.00 -916.00 0
5488 -21.57 -102.19 10.16 -42.00 7.00 175.00 506.00 -376.00 -916.00 0
5497 -18.85 -93.57 7.03 -37.00 46.00 212.00 506.00 -376.00 -916.00 0
5508 -14.40 -83.48 3.48 -40.00 66.00 205.00 506.00 -376.00 -916.00 0
5517 -10.64 -72.00 0.97 -43.00 55.00 197.00 506.00 -376.00 -916.00 0
5526 -8.56 -48.07 0.70 -55.00 36.00 204.00 483.00 -373.00 -1243.00 0
5535 -8.63 -37.29 0.63 -61.00 36.00 228.00 483.00 -373.00 -1243.00 0
5544 -7.86 -28.52 0.07 -62.00 51.00 231.00 483.00 -373.00 -1243.00 0
5554 -6.12 -21.50 -0.49 -66.00 55.00 236.00 483.00 -373.00 -1243.00 0
5563 -4.59 -16.14 -0.90 -65.00 49.00 243.00 483.00 -373.00 -1243.00 0
5572 -3.90 -12.73 -1.18 -57.00 46.00 225.00 483.00 -373.00 -1243.00 0
5581 -3.13 -9.53 -1.25 -58.00 52.00 224.00 483.00 -373.00 -1243.00 0
5591 -2.78 -8.56 -1.18 -60.00 52.00 229.00 481.00 -376.00 -996.00 0
5600 -2.64 -8.07 -1.32 -62.00 51.00 232.00 481.00 -376.00 -996.00 0
5609 -2.64 -7.72 -1.32 -58.00 52.00 224.00 481.00 -376.00 -996.00 0
5618 -2.57 -7.58 -1.18 -52.00 53.00 227.00 481.00 -376.00 -996.00 0
5627 -2.50 -7.44 -1.11 -56.00 47.00 227.00 481.00 -376.00 -996.00 0
5637 -2.78 -7.23 -0.83 -58.00 41.00 233.00 481.00 -376.00 -996.00 0
5646 -3.83 -6.61 -0.56 -61.00 45.00 235.00 481.00 -376.00 -996.00 0
5655 -3.76 -6.75 -0.63 -55.00 47.00 234.00 480.00 -374.00 -977.00 0
5664 -3.34 -7.10 -0.70 -52.00 46.00 221.00 480.00 -374.00 -977.00 0
5673 -3.06 -7.30 -0.70 -53.00 46.00 221.00 480.00 -374.00 -977.00 0
5682 -2.78 -7.37 -0.90 -51.00 48.00 221.00 480.00 -374.00 -977.00 0
5691 -2.37 -7.03 -1.18 -57.00 52.00 225.00 480.00 -374.00 -977.00 0
5700 -1.60 -5.57 -1.81 -56.00 50.00 232.00 480.00 -374.00 -977.00 0
5709 -1.74 -4.94 -1.95 -53.00 49.00 229.00 480.00 -374.00 -977.00 0
5719 -2.09 -4.45 -2.02 -56.00 46.00 227.00 480.00 -376.00 -1189.00 0
5728 -2.30 -4.10 -2.09 -58.00 52.00 229.00 479.00 -376.00 -1189.00 0
5737 -2.43 -3.76 -2.09 -56.00 53.00 229.00 479.00 -376.00 -1189.00 0
5746 -2.43 -3.69 -2.02 -57.00 52.00 227.00 479.00 -376.00 -1189.00 0
5755 -2.78 -3.97 -1.18 -55.00 48.00 227.00 479.00 -376.00 -1189.00 0
5765 -3.76 -4.31 -0.97 -52.00 48.00 223.00 479.00 -376.00 -1189.00 0
5774 -3.97 -4.45 -0.70 -52.00 43.00 216.00 479.00 -376.00 -1189.00 0
5783 -3.90 -4.31 -0.70 -54.00 45.00 221.00 479.00 -376.00 -1189.00 0
5792 -3.62 -3.83 -0.90 -55.00 47.00 227.00 479.00 -376.00 -1189.00 0
5801 -3.13 -3.27 -1.32 -58.00 56.00 226.00 479.00 -376.00 -1189.00 0
5811 -2.71 -2.64 -1.67 -54.00 54.00 225.00 479.00 -376.00 -1189.00 0
5820 -2.57 -2.02 -1.74 -59.00 49.00 234.00 479.00 -376.00 -1189.00 0
5830 -2.64 -2.02 -1.95 -57.00 48.00 235.00 479.00 -376.00 -1189.00 0
5839 -2.50 -2.50 -2.09 -58.00 47.00 236.00 479.00 -376.00 -1189.00 0
5849 -2.16 -3.27 -2.23 -58.00 45.00 227.00 479.00 -376.00 -1189.00 0
5858 -1.74 -4.10 -2.43 -52.00 46.00 224.00 479.00 -376.00 -1189.00 0
5867 -1.39 -4.94 -2.64 -55.00 51.00 227.00 479.00 -376.00 -1189.00 0
5876 -0.97 -5.57 -2.85 -52.00 51.00 225.00 479.00 -376.00 -1189.00 0
5885 -0.97 -5.50 -2.85 -50.00 48.00 227.00 479.00 -376.00 -1189.00 0
5895 -1.11 -5.22 -2.85 -56.00 50.00 228.00 479.00 -376.00 -1189.00 0
5904 -1.32 -4.87 -2.78 -56.00 53.00 232.00 479.00 -376.00 -1189.00 0
5913 -1.53 -4.66 -2.71 -56.00 51.00 234.00 479.00 -376.00 -1189.00 0
5922 -1.60 -4.66 -2.64 -56.00 49.00 228.00 479.00 -376.00 -1189.00 0
5932 -1.46 -5.43 -2.30 -55.00 47.00 230.00 479.00 -376.00 -1189.00 0
5941 -0.97 -5.77 -2.23 -52.00 42.00 231.00 479.00 -376.00 -1189.00 0
5950 -0.49 -5.57 -2.43 -52.00 44.00 229.00 479.00 -376.00 -1189.00 0
5959 0.21 -4.66 -2.64 -50.00 46.00 222.00 479.00 -376.00 -1189.00 0
5968 1.18 -4.10 -2.99 -46.00 52.00 221.00 479.00 -376.00 -1189.00 0
5978 1.81 -3.55 -3.48 -51.00 59.00 225.00 479.00 -376.00 -1189.00 0
5987 2.30 -1.95 -3.62 -53.00 58.00 227.00 479.00 -376.00 -1189.00 0
5996 1.81 -1.32 -3.20 -56.00 58.00 232.00 479.00 -376.00 -1189.00 0
6005 0.90 -1.18 -2.78 -56.00 52.00 236.00 479.00 -376.00 -1189.00 0
6014 -0.07 -1.74 -2.50 -51.00 51.00 223.00 479.00 -376.00 -1189.00 0
6024 -0.70 -2.50 -2.16 -45.00 63.00 215.00 479.00 -376.00 -1189.00 0
6033 -0.77 -2.85 -1.46 -50.00 64.00 220.00 479.00 -376.00 -1189.00 0
6042 -2.85 -2.30 1.04 -52.00 62.00 223.00 479.00 -376.00 -1189.00 0
6051 -4.66 -1.74 2.50 -53.00 51.00 224.00 471.00 -376.00 -1082.00 0
6061 -6.19 -1.04 3.62 -60.00 49.00 236.00 471.00 -376.00 -1082.00 0
6070 -7.37 -0.83 4.17 -54.00 48.00 234.00 471.00 -376.00 -1082.00 0
6079 -7.93 -1.32 4.24 -49.00 54.00 224.00 471.00 -376.00 -1082.00 0
6088 -8.07 -1.95 4.10 -51.00 55.00 231.00 471.00 -376.00 -1082.00 0
6097 -7.72 -2.43 5.29 -54.00 49.00 229.00 471.00 -376.00 -1082.00 0
6107 -9.18 -2.85 5.70 -58.00 38.00 234.00 471.00 -376.00 -1082.00 0
6116 -9.88 -3.48 5.63 -56.00 39.00 232.00 470.00 -377.00 -1064.00 0
6125 -9.53 -4.38 4.94 -51.00 41.00 230.00 470.00 -377.00 -1064.00 0
6134 -8.49 -5.29 3.97 -50.00 45.00 223.00 470.00 -377.00 -1064.00 0
6144 -7.51 -5.84 2.78 -48.00 41.00 224.00 470.00 -377.00 -1064.00 0
6153 -6.96 -6.05 1.53 -50.00 42.00 228.00 470.00 -377.00 -1064.00 0
6162 -5.63 -5.15 -0.83 -58.00 44.00 241.00 470.00 -377.00 -1064.00 0
6171 -4.59 -4.87 -2.02 -56.00 48.00 236.00 470.00 -377.00 -1064.00 0
6180 -3.69 -5.22 -3.13 -44.00 54.00 224.00 471.00 -382.00 -1059.00 0
6190 -2.78 -5.91 -3.97 -43.00 64.00 222.00 471.00 -382.00 -1059.00 0
6199 -1.95 -6.26 -4.17 -51.00 55.00 224.00 471.00 -382.00 -1059.00 0
6208 -2.09 -6.05 -3.76 -54.00 49.00 228.00 471.00 -382.00 -1059.00 0
6217 -3.97 -5.29 -2.85 -50.00 49.00 235.00 471.00 -382.00 -1059.00 0
6226 -4.24 -5.29 -2.64 -47.00 46.00 225.00 471.00 -382.00 -1059.00 0
6236 -4.10 -5.36 -2.64 -45.00 47.00 219.00 471.00 -382.00 -1059.00 0
6245 -3.97 -5.15 -2.71 -43.00 44.00 223.00 470.00 -376.00 -1120.00 0
6254 -3.83 -4.45 -2.92 -52.00 50.00 224.00 470.00 -376.00 -1120.00 0
6263 -3.55 -3.41 -3.13 -47.00 49.00 227.00 470.00 -376.00 -1120.00 0
6273 -2.99 -1.04 -3.48 -50.00 50.00 220.00 470.00 -376.00 -1120.00 0
6282 -2.85 0.21 -3.48 -48.00 50.00 217.00 470.00 -376.00 -1120.00 0
6291 -2.64 1.60 -3.27 -41.00 54.00 214.00 470.00 -376.00 -1120.00 0
6300 -2.50 3.41 -2.85 -33.00 73.00 203.00 470.00 -376.00 -1120.00 0
6309 -2.57 5.91 -1.88 -29.00 92.00 195.00 470.00 -376.00 -1120.00 0
6319 -3.55 9.46 0.63 -31.00 71.00 191.00 470.00 -376.00 -1120.00 0
6328 -12.87 20.59 9.11 -21.00 15.00 150.00 470.00 -376.00 -1120.00 0
6337 -18.43 29.63 11.83 7.00 -30.00 98.00 470.00 -376.00 -1120.00 0
6346 -20.24 46.33 12.10 -6.00 -21.00 48.00 470.00 -376.00 -1120.00 0
6355 -17.32 74.64 12.10 -46.00 62.00 82.00 470.00 -376.00 -1120.00 0
6365 -8.77 106.23 12.73 -78.00 94.00 140.00 470.00 -376.00 -1120.00 1
6376 -4.17 160.83 12.31 -243.00 63.00 417.00 542.00 -384.00 -942.00 1
6387 -14.96 168.35 10.23 -25.00 74.00 423.00 542.00 -384.00 -942.00 1
6400 -31.10 95.58 2.71 -65.00 -78.00 29.00 542.00 -384.00 -942.00 1
6411 -26.37 82.92 9.53 -118.00 92.00 235.00 542.00 -384.00 -942.00 1
6422 -14.12 64.83 11.55 -102.00 33.00 260.00 542.00 -384.00 -942.00 1
6434 -14.82 31.44 4.52 -150.00 46.00 318.00 542.00 -384.00 -942.00 1
6446 -12.94 17.25 2.85 -130.00 74.00 314.00 536.00 -381.00 -1110.00 1
6456 -5.91 -20.94 1.25 -119.00 68.00 288.00 536.00 -381.00 -1110.00 0
6465 -6.40 -39.72 0.07 -101.00 71.00 246.00 536.00 -381.00 -1110.00 0
6474 -5.77 -58.99 1.67 -71.00 1.00 165.00 536.00 -381.00 -1110.00 0
6483 -9.81 -73.46 1.04 -52.00 -11.00 161.00 536.00 -381.00 -1110.00 0
6494 -11.06 -82.23 -2.02 -49.00 12.00 175.00 536.00 -381.00 -1110.00 0
6503 -1.32 -86.96 -9.25 -61.00 55.00 205.00 536.00 -381.00 -1110.00 0
6512 4.24 -85.98 -12.87 -64.00 69.00 231.00 536.00 -381.00 -1110.00 0
6521 6.89 -84.80 -15.93 -63.00 69.00 236.00 536.00 -381.00 -1110.00 0
6531 7.17 -83.76 -17.46 -51.00 54.00 218.00 536.00 -381.00 -1110.00 0
6540 6.19 -82.30 -17.32 -33.00 39.00 194.00 536.00 -381.00 -1110.00 0
6549 4.87 -79.93 -16.07 -31.00 28.00 178.00 536.00 -381.00 -1110.00 0
6558 3.48 -69.77 -14.33 -28.00 36.00 186.00 536.00 -381.00 -1110.00 0
6567 4.17 -61.91 -14.05 -32.00 41.00 203.00 536.00 -381.00 -1110.00 0
6577 5.08 -52.59 -13.91 -56.00 45.00 237.00 536.00 -381.00 -1110.00 0
6586 5.84 -43.69 -13.57 -55.00 43.00 245.00 536.00 -381.00 -1110.00 0
6596 6.47 -36.87 -13.36 -47.00 45.00 231.00 536.00 -381.00 -1110.00 0
6605 7.30 -32.14 -13.36 -38.00 49.00 211.00 536.00 -381.00 -1110.00 0
6615 9.04 -25.32 -13.01 -37.00 56.00 213.00 536.00 -381.00 -1110.00 0
6624 8.70 -22.19 -12.17 -45.00 65.00 223.00 536.00 -381.00 -1110.00 0
6633 7.23 -18.85 -11.06 -48.00 57.00 235.00 536.00 -381.00 -1110.00 0
6642 5.15 -15.72 -9.67 -49.00 47.00 235.00 536.00 -381.00 -1110.00 0
6651 3.13 -13.57 -8.35 -45.00 49.00 223.00 536.00 -381.00 -1110.00 0
6661 1.81 -10.50 -6.54 -43.00 48.00 222.00 536.00 -381.00 -1110.00 0
6670 0.42 -8.97 -5.77 -40.00 46.00 226.00 536.00 -381.00 -1110.00 0
6679 -0.28 -7.37 -5.15 -49.00 49.00 231.00 536.00 -381.00 -1110.00 0
6688 -0.83 -5.91 -4.59 -52.00 43.00 240.00 536.00 -381.00 -1110.00 0
6697 -1.11 -4.80 -4.03 -49.00 45.00 238.00 536.00 -381.00 -1110.00 0
6707 -1.11 -4.45 -3.83 -48.00 39.00 226.00 462.00 -372.00 -1068.00 0
6716 -0.90 -4.45 -3.90 -43.00 47.00 223.00 462.00 -372.00 -1068.00 0
6725 0.42 -4.31 -4.03 -47.00 54.00 228.00 462.00 -372.00 -1068.00 0
6734 0.83 -4.03 -4.10 -51.00 54.00 236.00 462.00 -372.00 -1068.00 0
6744 0.83 -4.03 -4.03 -47.00 55.00 231.00 462.00 -372.00 -1068.00 0
6753 0.49 -4.38 -3.83 -40.00 53.00 218.00 462.00 -372.00 -1068.00 0
6762 0.00 -4.73 -3.41 -43.00 47.00 224.00 462.00 -372.00 -1068.00 0
6771 -0.70 -4.59 -2.99 -45.00 47.00 229.00 460.00 -372.00 -1125.00 0
6780 -1.88 -3.48 -2.50 -44.00 50.00 230.00 460.00 -372.00 -1125.00 0
6790 -2.37 -2.92 -2.30 -47.00 43.00 237.00 460.00 -372.00 -1125.00 0
6799 -2.92 -2.64 -2.09 -48.00 44.00 230.00 460.00 -372.00 -1125.00 0
6808 -3.20 -2.43 -2.02 -47.00 45.00 230.00 460.00 -372.00 -1125.00 0
6817 -2.99 -2.43 -2.09 -45.00 46.00 227.00 460.00 -372.00 -1125.00 0
6827 -2.43 -2.37 -2.23 -42.00 43.00 230.00 460.00 -372.00 -1125.00 0
6836 -1.53 -1.95 -2.78 -44.00 47.00 228.00 459.00 -376.00 -1210.00 0
6845 -0.97 -1.60 -3.13 -45.00 58.00 232.00 459.00 -376.00 -1210.00 0
6854 -0.49 -1.39 -3.34 -45.00 59.00 232.00 459.00 -376.00 -1210.00 0
6863 -0.42 -1.32 -3.27 -43.00 54.00 225.00 459.00 -376.00 -1210.00 0
6874 -0.97 -1.32 -2.92 -47.00 45.00 231.00 459.00 -376.00 -1210.00 0
6883 -1.74 -1.25 -2.57 -45.00 43.00 231.00 459.00 -376.00 -1210.00 0
6892 -2.57 -1.11 -2.09 -45.00 48.00 232.00 459.00 -376.00 -1210.00 0
6901 -2.64 -0.90 -1.95 -47.00 46.00 229.00 461.00 -374.00 -1036.00 0
6910 -2.50 -0.63 -1.88 -50.00 50.00 229.00 461.00 -374.00 -1036.00 0
6920 -2.37 -0.42 -1.88 -47.00 50.00 231.00 461.00 -374.00 -1036.00 0
6929 -2.43 -0.14 -1.74 -43.00 50.00 225.00 461.00 -374.00 -1036.00 0
6938 -2.57 0.14 -1.60 -44.00 54.00 222.00 461.00 -374.00 -1036.00 0
6947 -3.41 0.83 -1.18 -43.00 52.00 225.00 461.00 -374.00 -1036.00 0
6957 -4.17 1.39 -0.90 -43.00 46.00 229.00 461.00 -374.00 -1036.00 0
6966 -4.87 1.95 -0.56 -50.00 44.00 239.00 461.00 -374.00 -1036.00 0
6975 -5.43 2.43 -0.42 -50.00 40.00 237.00 461.00 -374.00 -1036.00 0
6984 -5.57 2.23 -0.42 -49.00 46.00 234.00 461.00 -374.00 -1036.00 0
6993 -5.15 1.53 -0.56 -47.00 49.00 228.00 461.00 -374.00 -1036.00 0
7003 -4.59 0.83 -1.04 -46.00 50.00 226.00 461.00 -374.00 -1036.00 0
7012 -3.13 -0.14 -1.32 -45.00 49.00 228.00 461.00 -374.00 -1036.00 0
7021 -2.57 -0.14 -1.67 -49.00 51.00 231.00 461.00 -374.00 -1036.00 0
7030 -2.23 -0.07 -2.02 -49.00 50.00 232.00 461.00 -374.00 -1036.00 0
7040 -2.02 -0.14 -2.30 -53.00 51.00 242.00 461.00 -374.00 -1036.00 0
7049 -1.95 -0.49 -2.37 -44.00 47.00 231.00 461.00 -374.00 -1036.00 0
7058 -2.23 -1.32 -2.43 -44.00 48.00 223.00 461.00 -374.00 -1036.00 0
7067 -2.71 -2.43 -2.16 -46.00 50.00 222.00 461.00 -374.00 -1036.00 0
7076 -2.78 -2.50 -2.09 -46.00 57.00 225.00 461.00 -374.00 -1036.00 0
7086 -2.71 -2.23 -2.09 -44.00 53.00 229.00 461.00 -374.00 -1036.00 0
7095 -2.78 -1.88 -2.02 -45.00 50.00 229.00 461.00 -374.00 -1036.00 0
7104 -2.99 -1.53 -1.95 -47.00 45.00 231.00 461.00 -374.00 -1036.00 0
7113 -3.27 -1.25 -2.02 -50.00 45.00 233.00 461.00 -374.00 -1036.00 0
7122 -2.85 -1.18 -2.37 -50.00 55.00 229.00 461.00 -374.00 -1036.00 0
7132 -2.57 -1.32 -2.43 -51.00 54.00 233.00 461.00 -374.00 -1036.00 0
7141 -2.43 -1.67 -2.23 -54.00 53.00 242.00 461.00 -374.00 -1036.00 0
7150 -2.71 -2.43 -2.02 -48.00 46.00 237.00 461.00 -374.00 -1036.00 0
7159 -2.99 -3.62 -1.74 -49.00 51.00 229.00 461.00 -374.00 -1036.00 0
7169 -2.99 -4.66 -1.53 -44.00 51.00 218.00 461.00 -374.00 -1036.00 0
7178 -3.20 -5.98 -1.18 -41.00 46.00 219.00 461.00 -374.00 -1036.00 0
7187 -3.55 -5.57 -1.25 -42.00 49.00 229.00 461.00 -374.00 -1036.00 0
7196 -3.69 -4.73 -1.25 -49.00 50.00 235.00 461.00 -374.00 -1036.00 0
7205 -3.90 -3.83 -1.25 -46.00 43.00 232.00 461.00 -374.00 -1036.00 0
7215 -4.24 -3.06 -1.32 -47.00 42.00 231.00 461.00 -374.00 -1036.00 0
7224 -4.38 -2.64 -1.39 -44.00 45.00 227.00 461.00 -374.00 -1036.00 0
7233 -3.62 -1.81 -1.67 -49.00 46.00 226.00 461.00 -374.00 -1036.00 0
7242 -3.27 -1.32 -1.81 -44.00 55.00 224.00 461.00 -374.00 -1036.00 0
7251 -2.99 -0.77 -1.95 -43.00 56.00 227.00 461.00 -374.00 -1036.00 0
7261 -3.06 -0.07 -1.95 -46.00 49.00 228.00 461.00 -374.00 -1036.00 0
7270 -3.41 0.63 -1.88 -48.00 42.00 231.00 461.00 -374.00 -1036.00 0
7279 -3.76 1.32 -1.81 -45.00 47.00 228.00 461.00 -374.00 -1036.00 0
7288 -3.90 2.85 -1.74 -47.00 48.00 228.00 461.00 -374.00 -1036.00 0
7298 -3.97 3.69 -1.67 -44.00 44.00 225.00 469.00 -376.00 -1028.00 0
7307 -3.97 4.52 -1.67 -43.00 48.00 221.00 469.00 -376.00 -1028.00 0
7316 -3.76 5.50 -1.67 -44.00 48.00 216.00 469.00 -376.00 -1028.00 0
7325 -3.48 6.89 -1.67 -22.00 40.00 189.00 469.00 -376.00 -1028.00 0
7334 -3.27 9.32 -1.60 18.00 19.00 117.00 469.00 -376.00 -1028.00 0
7344 -3.55 15.37 -0.70 29.00 41.00 55.00 469.00 -376.00 -1028.00 0
7353 0.56 54.68 3.06 -8.00 68.00 59.00 469.00 -376.00 -1028.00 0
7362 3.27 82.50 8.21 -50.00 44.00 111.00 505.00 -382.00 -1023.00 0
7371 0.77 110.75 11.06 -94.00 14.00 144.00 505.00 -382.00 -1023.00 0
7380 -4.24 138.37 11.13 -113.00 11.00 217.00 505.00 -382.00 -1023.00 1
7392 -7.93 175.72 9.81 -673.00 244.00 1042.00 505.00 -382.00 -1023.00 1
7404 -8.14 141.98 8.35 8.00 -7.00 87.00 505.00 -382.00 -1023.00 1
7415 -15.72 92.73 8.77 -78.00 -7.00 121.00 505.00 -382.00 -1023.00 1
7427 -9.46 76.10 13.08 -119.00 109.00 256.00 543.00 -385.00 -989.00 1
7438 -2.30 57.18 10.99 -108.00 31.00 226.00 543.00 -385.00 -989.00 1
7449 -6.61 28.10 4.31 -141.00 53.00 316.00 543.00 -385.00 -989.00 1
7461 -3.83 14.75 3.13 -134.00 66.00 299.00 543.00 -385.00 -989.00 1
7472 1.53 -18.85 0.14 -91.00 39.00 217.00 543.00 -385.00 -989.00 0
7481 0.83 -33.74 -1.88 -93.00 28.00 216.00 543.00 -385.00 -989.00 0
7490 0.21 -47.79 -4.03 -65.00 46.00 193.00 543.00 -385.00 -989.00 0
7499 2.23 -59.34 -5.98 -55.00 65.00 176.00 543.00 -385.00 -989.00 0
7508 4.80 -65.74 -6.68 -54.00 62.00 180.00 543.00 -385.00 -989.00 0
7518 4.94 -68.10 -6.82 -60.00 61.00 197.00 543.00 -385.00 -989.00 0
7527 1.95 -65.25 -6.05 -67.00 65.00 212.00 543.00 -385.00 -989.00 0
7536 0.21 -61.84 -4.59 -61.00 56.00 203.00 543.00 -385.00 -989.00 0
7545 -2.23 -58.02 -3.20 -60.00 43.00 206.00 543.00 -385.00 -989.00 0
7555 -4.31 -54.12 -2.02 -57.00 40.00 209.00 543.00 -385.00 -989.00 0
7564 -5.57 -50.30 -1.25 -56.00 36.00 205.00 543.00 -385.00 -989.00 0
7573 -6.05 -46.26 -1.25 -58.00 37.00 212.00 543.00 -385.00 -989.00 0
7582 -5.01 -37.43 -2.09 -62.00 45.00 212.00 543.00 -385.00 -989.00 0
7591 -3.83 -32.90 -2.71 -58.00 45.00 213.00 543.00 -385.00 -989.00 0
7601 -2.71 -28.31 -3.41 -66.00 46.00 234.00 543.00 -385.00 -989.00 0
7610 -1.53 -24.35 -4.17 -67.00 56.00 237.00 543.00 -385.00 -989.00 0
7619 -0.42 -21.70 -5.01 -63.00 60.00 228.00 543.00 -385.00 -989.00 0
7628 0.56 -20.38 -5.70 -56.00 59.00 218.00 487.00 -382.00 -1215.00 0
7639 1.04 -18.92 -5.70 -55.00 51.00 212.00 487.00 -382.00 -1215.00 0
7648 0.35 -17.67 -5.22 -54.00 50.00 217.00 487.00 -382.00 -1215.00 0
7657 -0.77 -16.07 -4.87 -59.00 51.00 223.00 487.00 -382.00 -1215.00 0
7666 -1.46 -14.68 -4.45 -61.00 54.00 232.00 487.00 -382.00 -1215.00 0
7675 -1.81 -13.63 -4.24 -62.00 53.00 236.00 487.00 -382.00 -1215.00 0
7685 -2.37 -13.22 -4.17 -59.00 54.00 230.00 487.00 -382.00 -1215.00 0
7694 -3.83 -14.75 -4.17 -55.00 51.00 218.00 487.00 -382.00 -1215.00 0
7703 -4.45 -15.10 -3.83 -52.00 49.00 221.00 487.00 -382.00 -1215.00 0
7712 -4.73 -14.68 -3.34 -52.00 47.00 221.00 487.00 -382.00 -1215.00 0
7721 -4.80 -13.63 -3.06 -56.00 49.00 225.00 487.00 -382.00 -1215.00 0
7731 -4.66 -12.52 -2.92 -55.00 49.00 227.00 487.00 -382.00 -1215.00 0
7740 -4.24 -11.34 -2.85 -56.00 49.00 226.00 487.00 -382.00 -1215.00 0
7749 -3.41 -8.90 -2.85 -54.00 51.00 221.00 487.00 -382.00 -1215.00 0
7758 -3.06 -7.51 -2.85 -60.00 51.00 228.00 487.00 -382.00 -1215.00 0
7768 -2.71 -6.40 -2.92 -56.00 56.00 224.00 487.00 -382.00 -1215.00 0
7777 -2.43 -5.50 -2.85 -57.00 52.00 227.00 487.00 -382.00 -1215.00 0
7786 -2.50 -4.73 -2.71 -58.00 51.00 230.00 487.00 -382.00 -1215.00 0
7795 -2.71 -4.24 -2.64 -60.00 50.00 232.00 487.00 -382.00 -1215.00 0
7804 -3.41 -4.10 -2.30 -62.00 52.00 232.00 487.00 -382.00 -1215.00 0
7814 -3.69 -4.66 -2.16 -58.00 52.00 229.00 487.00 -382.00 -1215.00 0
7823 -3.83 -5.63 -2.02 -52.00 52.00 225.00 480.00 -380.00 -988.00 0
7832 -3.90 -6.82 -1.81 -50.00 50.00 222.00 480.00 -380.00 -988.00 0
7841 -3.97 -7.44 -1.67 -55.00 49.00 223.00 480.00 -380.00 -988.00 0
7851 -4.17 -7.37 -1.60 -52.00 49.00 228.00 480.00 -380.00 -988.00 0
7860 -4.03 -6.12 -1.74 -52.00 53.00 225.00 480.00 -380.00 -988.00 0
7869 -3.97 -5.15 -1.81 -57.00 50.00 224.00 480.00 -380.00 -988.00 0
7878 -4.03 -4.10 -1.74 -57.00 48.00 227.00 480.00 -380.00 -988.00 0
7887 -3.90 -3.20 -1.88 -61.00 47.00 233.00 477.00 -382.00 -967.00 0
7897 -3.48 -2.50 -1.95 -55.00 50.00 235.00 477.00 -382.00 -967.00 0
7906 -3.06 -2.30 -2.09 -62.00 52.00 234.00 477.00 -382.00 -967.00 0
7915 -2.78 -3.48 -2.43 -58.00 55.00 227.00 477.00 -382.00 -967.00 0
7924 -2.50 -4.38 -2.50 -51.00 51.00 226.00 477.00 -382.00 -967.00 0
7933 -2.02 -5.29 -2.64 -50.00 56.00 220.00 477.00 -382.00 -967.00 0
7943 -1.74 -5.77 -2.71 -50.00 56.00 214.00 477.00 -382.00 -967.00 0
7952 -1.95 -5.57 -2.64 -49.00 54.00 223.00 474.00 -379.00 -1216.00 0
7961 -2.50 -4.80 -2.37 -53.00 51.00 228.00 474.00 -379.00 -1216.00 0
7970 -3.13 -3.76 -1.95 -54.00 48.00 229.00 474.00 -379.00 -1216.00 0
7980 -4.52 -2.02 -1.25 -58.00 47.00 230.00 474.00 -379.00 -1216.00 0
7989 -4.80 -1.53 -1.04 -56.00 47.00 232.00 474.00 -379.00 -1216.00 0
7998 -4.66 -1.39 -1.04 -56.00 46.00 228.00 474.00 -379.00 -1216.00 0
8007 -4.31 -1.39 -1.25 -54.00 49.00 225.00 474.00 -379.00 -1216.00 0
8016 -3.76 -1.46 -1.53 -56.00 51.00 228.00 475.00 -379.00 -1098.00 0
8026 -3.20 -1.60 -1.74 -55.00 53.00 227.00 475.00 -379.00 -1098.00 0
8035 -2.78 -1.81 -2.16 -56.00 55.00 230.00 475.00 -379.00 -1098.00 0
8044 -2.78 -2.02 -2.37 -55.00 54.00 226.00 475.00 -379.00 -1098.00 0
8053 -2.92 -2.50 -2.50 -54.00 49.00 222.00 475.00 -379.00 -1098.00 0
8062 -3.06 -2.78 -2.64 -51.00 48.00 217.00 475.00 -379.00 -1098.00 0
8072 -3.20 -2.71 -2.64 -55.00 47.00 230.00 475.00 -379.00 -1098.00 0
8081 -3.20 -2.37 -2.71 -54.00 50.00 229.00 475.00 -379.00 -1098.00 0
8090 -2.92 -1.46 -2.64 -54.00 51.00 226.00 475.00 -379.00 -1098.00 0
8099 -2.92 -1.04 -2.50 -55.00 51.00 231.00 475.00 -379.00 -1098.00 0
8109 -2.99 -0.83 -2.37 -54.00 52.00 223.00 475.00 -379.00 -1098.00 0
8118 -2.99 -0.63 -2.37 -57.00 55.00 226.00 475.00 -379.00 -1098.00 0
8127 -2.92 -0.42 -2.30 -58.00 52.00 235.00 475.00 -379.00 -1098.00 0
8136 -2.92 -0.49 -2.30 -54.00 46.00 228.00 475.00 -379.00 -1098.00 0
8145 -3.06 -1.60 -2.37 -54.00 49.00 223.00 475.00 -379.00 -1098.00 0
8155 -2.92 -1.95 -2.30 -63.00 51.00 233.00 475.00 -379.00 -1098.00 0
8164 -2.92 -2.57 -2.30 -54.00 52.00 237.00 475.00 -379.00 -1098.00 0
8173 -2.99 -3.69 -2.30 -52.00 47.00 228.00 475.00 -379.00 -1098.00 0
8182 -2.99 -5.01 -2.43 -46.00 54.00 218.00 475.00 -379.00 -1098.00 0
8192 -2.50 -6.26 -2.43 -46.00 54.00 219.00 475.00 -379.00 -1098.00 0
8201 -2.92 -6.33 -2.23 -51.00 49.00 225.00 475.00 -379.00 -1098.00 0
8210 -3.62 -5.77 -2.09 -49.00 50.00 221.00 475.00 -379.00 -1098.00 0
8219 -4.10 -4.87 -1.95 -50.00 44.00 224.00 473.00 -379.00 -1093.00 0
8228 -4.31 -3.76 -1.95 -52.00 49.00 229.00 473.00 -379.00 -1093.00 0
8238 -4.24 -2.71 -1.95 -52.00 57.00 220.00 473.00 -379.00 -1093.00 0
8247 -4.10 -1.81 -2.02 -50.00 59.00 216.00 473.00 -379.00 -1093.00 0
8256 -4.10 0.28 -1.53 -40.00 68.00 211.00 473.00 -379.00 -1093.00 0
8265 -5.91 1.74 -0.49 -40.00 67.00 205.00 473.00 -379.00 -1093.00 0
8274 -8.21 4.17 1.39 -25.00 47.00 182.00 473.00 -379.00 -1093.00 0
8284 -11.41 8.00 3.55 -8.00 21.00 130.00 473.00 -379.00 -1093.00 0
8293 -14.26 15.23 5.36 -4.00 9.00 118.00 473.00 -379.00 -1093.00 0
8302 -14.82 27.48 6.68 -12.00 3.00 88.00 473.00 -379.00 -1093.00 0
8311 -13.01 45.22 5.36 -29.00 18.00 94.00 473.00 -379.00 -1093.00 0
8321 -4.59 93.77 3.62 -71.00 31.00 146.00 473.00 -379.00 -1093.00 0
8331 -0.35 120.14 1.67 -117.00 45.00 193.00 473.00 -379.00 -1093.00 1
8342 2.37 143.65 -0.70 -633.00 258.00 1053.00 473.00 -379.00 -1093.00 1
8353 1.95 125.29 -1.81 18.00 42.00 203.00 473.00 -379.00 -1093.00 1
8365 -10.02 95.79 -3.62 -89.00 -26.00 149.00 473.00 -379.00 -1093.00 1
8377 -3.90 62.96 3.41 -104.00 102.00 256.00 473.00 -379.00 -1093.00 1
8388 -0.35 45.63 2.71 -124.00 51.00 268.00 473.00 -379.00 -1093.00 1
8399 -3.97 16.28 0.63 -124.00 56.00 287.00 473.00 -379.00 -1093.00 1
8411 -4.10 -0.42 1.25 -94.00 53.00 216.00 532.00 -383.00 -1083.00 0
8420 -3.48 -16.07 1.60 -118.00 81.00 285.00 532.00 -383.00 -1083.00 0
8429 -4.31 -30.26 0.97 -81.00 66.00 226.00 532.00 -383.00 -1083.00 0
8438 -5.15 -44.03 2.09 -66.00 34.00 184.00 532.00 -383.00 -1083.00 0
8448 -11.27 -62.47 3.55 -63.00 26.00 179.00 532.00 -383.00 -1083.00 0
8457 -12.31 -66.02 3.20 -61.00 21.00 187.00 532.00 -383.00 -1083.00 0
8466 -12.03 -66.30 2.30 -63.00 30.00 189.00 532.00 -383.00 -1083.00 0
8475 -9.95 -65.11 0.83 -59.00 44.00 202.00 500.00 -381.00 -941.00 0
8484 -7.51 -62.75 -1.04 -60.00 47.00 197.00 500.00 -381.00 -941.00 0
8494 -5.98 -58.09 -2.85 -59.00 53.00 206.00 500.00 -381.00 -941.00 0
8503 -3.13 -47.58 -3.97 -54.00 47.00 201.00 500.00 -381.00 -941.00 0
8512 -2.85 -41.81 -4.31 -53.00 50.00 201.00 500.00 -381.00 -941.00 0
8521 -2.92 -35.55 -4.52 -64.00 52.00 215.00 500.00 -381.00 -941.00 0
8530 -2.85 -29.36 -4.24 -72.00 50.00 240.00 500.00 -381.00 -941.00 0
8541 -3.13 -24.77 -4.10 -69.00 46.00 244.00 500.00 -381.00 -941.00 0
8550 -3.69 -22.12 -4.24 -68.00 44.00 240.00 500.00 -381.00 -941.00 0
8559 -3.62 -19.34 -3.90 -67.00 48.00 227.00 500.00 -381.00 -941.00 0
8568 -2.92 -18.92 -3.55 -64.00 40.00 230.00 500.00 -381.00 -941.00 0
8578 -2.43 -18.92 -3.62 -63.00 46.00 221.00 500.00 -381.00 -941.00 0
8587 -2.02 -19.48 -3.90 -53.00 51.00 222.00 500.00 -381.00 -941.00 0
8596 -1.46 -20.38 -3.90 -57.00 48.00 215.00 500.00 -381.00 -941.00 0
8605 -1.32 -20.73 -3.90 -50.00 46.00 216.00 500.00 -381.00 -941.00 0
8614 -1.46 -19.27 -4.31 -56.00 48.00 217.00 500.00 -381.00 -941.00 0
8624 -1.46 -17.88 -4.45 -55.00 49.00 221.00 500.00 -381.00 -941.00 0
8633 -1.39 -16.21 -4.52 -59.00 48.00 226.00 500.00 -381.00 -941.00 0
8642 -1.18 -14.47 -4.66 -64.00 42.00 229.00 500.00 -381.00 -941.00 0
8651 -0.90 -12.94 -4.80 -62.00 40.00 228.00 500.00 -381.00 -941.00 0
8660 -0.42 -11.83 -5.01 -60.00 47.00 226.00 500.00 -381.00 -941.00 0
8670 0.42 -10.30 -5.70 -58.00 48.00 228.00 500.00 -381.00 -941.00 0
8679 2.16 -9.88 -6.12 -50.00 52.00 222.00 500.00 -381.00 -941.00 0
8688 2.50 -9.32 -6.33 -52.00 55.00 214.00 500.00 -381.00 -941.00 0
8697 2.37 -8.42 -6.19 -51.00 57.00 212.00 500.00 -381.00 -941.00 0
8706 1.88 -6.82 -5.91 -54.00 52.00 222.00 500.00 -381.00 -941.00 0
8715 1.11 -4.87 -5.50 -55.00 48.00 227.00 500.00 -381.00 -941.00 0
8724 0.21 -2.99 -5.01 -55.00 47.00 226.00 500.00 -381.00 -941.00 0
8733 -1.25 0.00 -4.24 -60.00 48.00 226.00 500.00 -381.00 -941.00 0
8742 -1.67 1.25 -3.90 -66.00 45.00 239.00 500.00 -381.00 -941.00 0
8752 -1.88 1.74 -3.62 -62.00 48.00 245.00 500.00 -381.00 -941.00 0
8761 -1.88 1.18 -3.41 -58.00 50.00 230.00 500.00 -381.00 -941.00 0
8770 -1.81 0.35 -3.13 -62.00 49.00 233.00 500.00 -381.00 -941.00 0
8779 -1.81 -0.70 -2.85 -59.00 49.00 235.00 500.00 -381.00 -941.00 0
8788 -1.95 -3.48 -2.64 -60.00 46.00 225.00 500.00 -381.00 -941.00 0
8798 -1.88 -4.45 -2.57 -55.00 50.00 212.00 500.00 -381.00 -941.00 0
8807 -1.74 -4.87 -2.64 -53.00 50.00 215.00 482.00 -380.00 -1211.00 0
8816 -1.74 -4.52 -2.78 -58.00 47.00 221.00 482.00 -380.00 -1211.00 0
8825 -1.74 -3.62 -2.78 -56.00 52.00 227.00 482.00 -380.00 -1211.00 0
8835 -1.74 -2.64 -2.71 -65.00 48.00 237.00 482.00 -380.00 -1211.00 0
8844 -1.60 -1.88 -2.64 -61.00 51.00 235.00 482.00 -380.00 -1211.00 0
8853 -1.67 -2.43 -2.64 -57.00 46.00 227.00 482.00 -380.00 -1211.00 0
8862 -1.67 -3.20 -2.57 -58.00 43.00 228.00 482.00 -380.00 -1211.00 0
8871 -1.39 -3.97 -2.71 -60.00 50.00 231.00 481.00 -380.00 -1245.00 0
8881 -0.90 -4.73 -2.92 -60.00 50.00 233.00 481.00 -380.00 -1245.00 0
8890 -0.42 -5.77 -3.20 -60.00 54.00 234.00 481.00 -380.00 -1245.00 0
8899 -0.14 -8.35 -3.62 -54.00 53.00 228.00 481.00 -380.00 -1245.00 0
8908 -0.21 -9.67 -3.76 -50.00 48.00 225.00 481.00 -380.00 -1245.00 0
8918 -0.49 -10.23 -3.83 -49.00 45.00 219.00 481.00 -380.00 -1245.00 0
8927 -0.83 -10.09 -3.76 -57.00 49.00 221.00 481.00 -380.00 -1245.00 0
8936 -1.18 -9.39 -3.55 -55.00 49.00 238.00 478.00 -378.00 -1101.00 0
8945 -1.53 -8.90 -3.13 -59.00 45.00 227.00 478.00 -378.00 -1101.00 0
8954 -1.67 -8.42 -3.13 -56.00 51.00 225.00 478.00 -378.00 -1101.00 0
8965 -1.39 -7.37 -3.20 -59.00 51.00 234.00 478.00 -378.00 -1101.00 0
8974 -1.39 -7.37 -3.48 -51.00 56.00 222.00 478.00 -378.00 -1101.00 0
8983 -1.39 -7.58 -3.69 -48.00 54.00 215.00 478.00 -378.00 -1101.00 0
8992 -1.67 -7.30 -3.76 -50.00 48.00 219.00 478.00 -378.00 -1101.00 0
9001 -2.16 -6.61 -3.62 -54.00 50.00 226.00 473.00 -379.00 -1087.00 0
9011 -2.71 -5.50 -3.34 -59.00 53.00 233.00 473.00 -379.00 -1087.00 0
9020 -3.13 -2.92 -3.13 -64.00 54.00 256.00 473.00 -379.00 -1087.00 0
9029 -3.20 -3.06 -2.92 -60.00 53.00 239.00 473.00 -379.00 -1087.00 0
9038 -3.41 -4.24 -2.78 -54.00 41.00 234.00 473.00 -379.00 -1087.00 0
9048 -3.27 -5.63 -2.78 -59.00 58.00 235.00 473.00 -379.00 -1087.00 0
9057 -2.37 -7.30 -2.78 -63.00 58.00 246.00 473.00 -379.00 -1087.00 0
9066 -1.74 -9.18 -2.50 -54.00 54.00 234.00 473.00 -376.00 -1062.00 0
9075 -2.37 -15.03 -2.02 -52.00 53.00 234.00 471.00 -376.00 -1062.00 0
9084 -2.57 -17.81 -1.53 -49.00 47.00 216.00 471.00 -376.00 -1062.00 0
9094 -3.13 -19.69 -1.39 -39.00 45.00 206.00 471.00 -376.00 -1062.00 0
9103 -3.48 -20.52 -1.39 -38.00 46.00 212.00 471.00 -376.00 -1062.00 0
9112 -3.55 -20.03 -1.53 -45.00 47.00 222.00 471.00 -376.00 -1062.00 0
9121 -3.41 -18.37 -1.95 -49.00 49.00 234.00 471.00 -376.00 -1062.00 0
9131 -2.78 -14.75 -3.06 -45.00 51.00 227.00 471.00 -376.00 -1062.00 0
9140 -2.50 -13.15 -3.34 -48.00 52.00 234.00 471.00 -376.00 -1062.00 0
9149 -2.37 -11.90 -3.48 -43.00 55.00 226.00 471.00 -376.00 -1062.00 0
9158 -2.37 -10.92 -3.55 -44.00 52.00 221.00 471.00 -376.00 -1062.00 0
9167 -2.50 -10.09 -3.34 -46.00 48.00 235.00 471.00 -376.00 -1062.00 0
9177 -2.71 -9.04 -2.92 -62.00 50.00 260.00 471.00 -376.00 -1062.00 0
9186 -2.92 -8.90 -2.85 -54.00 54.00 245.00 471.00 -376.00 -1062.00 0
9195 -2.85 -10.92 -2.78 -42.00 53.00 215.00 471.00 -376.00 -1062.00 0
9204 -2.92 -13.43 -2.43 -35.00 52.00 217.00 471.00 -376.00 -1062.00 0
9214 -2.99 -15.37 -2.02 -36.00 47.00 216.00 471.00 -376.00 -1062.00 0
9224 -3.55 -15.79 -1.88 -32.00 53.00 209.00 471.00 -376.00 -1062.00 0
9233 -4.03 -15.10 -1.60 -35.00 49.00 213.00 471.00 -376.00 -1062.00 0
9242 -4.80 -10.50 -1.46 -37.00 46.00 219.00 471.00 -376.00 -1062.00 0
9251 -5.01 -7.30 -1.25 -44.00 47.00 232.00 471.00 -376.00 -1062.00 0
9261 -4.94 -4.38 -1.25 -38.00 55.00 219.00 471.00 -376.00 -1062.00 0
9270 -4.87 -1.74 -1.25 -38.00 49.00 218.00 471.00 -376.00 -1062.00 0
9279 -5.08 0.90 -1.04 -38.00 50.00 220.00 471.00 -376.00 -1062.00 0
9288 -5.43 3.55 -0.83 -39.00 54.00 224.00 471.00 -376.00 -1062.00 0
9297 -6.12 8.56 -0.42 -38.00 49.00 213.00 471.00 -376.00 -1062.00 0
9307 -6.47 11.27 -0.07 -29.00 48.00 198.00 471.00 -376.00 -1062.00 0
9316 -6.75 14.89 0.42 -6.00 56.00 155.00 471.00 -376.00 -1062.00 0
9325 -6.82 20.24 1.04 31.00 57.00 82.00 471.00 -376.00 -1062.00 0
9334 -6.61 30.19 2.43 43.00 30.00 24.00 471.00 -376.00 -1062.00 0
9344 -6.89 48.77 4.94 0.00 21.00 23.00 471.00 -376.00 -1062.00 0
9353 -9.74 117.84 11.83 -79.00 0.00 66.00 471.00 -376.00 -1062.00 0
9362 -9.11 156.87 12.87 -141.00 12.00 161.00 471.00 -376.00 -1062.00 1
9373 -7.65 190.19 10.78 -886.00 306.00 1431.00 471.00 -376.00 -1062.00 1
9385 -8.14 139.27 2.99 61.00 -36.00 -41.00 471.00 -376.00 -1062.00 1
9397 -19.27 117.22 1.25 -111.00 9.00 155.00 545.00 -383.00 -959.00 1
9408 0.90 81.32 10.85 -105.00 126.00 255.00 545.00 -383.00 -959.00 1
9419 2.43 59.13 8.21 -106.00 20.00 220.00 545.00 -383.00 -959.00 1
9431 -3.97 42.92 2.85 -112.00 54.00 251.00 545.00 -383.00 -959.00 1
9443 -0.35 16.70 2.50 -141.00 79.00 295.00 545.00 -383.00 -959.00 1
9454 2.78 2.57 1.53 -94.00 38.00 213.00 545.00 -383.00 -959.00 1
9463 -0.83 -25.04 -1.46 -97.00 39.00 232.00 532.00 -385.00 -1068.00 0
9473 -1.88 -35.69 -2.02 -92.00 49.00 228.00 532.00 -385.00 -1068.00 0
9482 -2.57 -45.08 -3.48 -76.00 73.00 218.00 532.00 -385.00 -1068.00 0
9491 -1.81 -53.08 -3.48 -80.00 67.00 208.00 532.00 -385.00 -1068.00 0
9500 -2.50 -58.71 -2.37 -73.00 56.00 206.00 532.00 -385.00 -1068.00 0
9510 -4.66 -62.82 -0.77 -69.00 35.00 197.00 532.00 -385.00 -1068.00 0
9520 -9.04 -67.69 0.14 -57.00 39.00 197.00 532.00 -385.00 -1068.00 0
9529 -9.74 -67.83 0.14 -57.00 40.00 195.00 500.00 -380.00 -1264.00 0
9538 -9.46 -65.67 -0.14 -56.00 42.00 195.00 500.00 -380.00 -1264.00 0
9547 -8.70 -62.33 -0.49 -53.00 45.00 200.00 500.00 -380.00 -1264.00 0
9556 -8.07 -57.88 -1.11 -56.00 46.00 211.00 500.00 -380.00 -1264.00 0
9566 -7.37 -52.73 -1.74 -55.00 45.00 213.00 500.00 -380.00 -1264.00 0
9575 -5.91 -41.60 -2.09 -60.00 44.00 226.00 500.00 -380.00 -1264.00 0
9584 -5.15 -36.24 -2.16 -61.00 45.00 227.00 500.00 -380.00 -1264.00 0
9593 -4.10 -31.51 -2.23 -63.00 50.00 219.00 487.00 -380.00 -1063.00 0
9603 -2.92 -27.34 -2.16 -55.00 52.00 227.00 487.00 -380.00 -1063.00 0
9612 -2.23 -23.86 -1.67 -64.00 44.00 218.00 487.00 -380.00 -1063.00 0
9621 -2.23 -20.59 -1.60 -64.00 51.00 233.00 487.00 -380.00 -1063.00 0
9630 -1.11 -16.00 -0.90 -69.00 55.00 233.00 487.00 -380.00 -1063.00 0
9639 -0.63 -14.96 -0.63 -62.00 47.00 234.00 487.00 -380.00 -1063.00 0
9649 -0.56 -14.47 -0.35 -63.00 47.00 230.00 487.00 -380.00 -1063.00 0
9659 -0.49 -14.19 -0.07 -61.00 51.00 233.00 482.00 -384.00 -1158.00 0
9668 0.00 -13.91 -0.07 -62.00 59.00 232.00 482.00 -384.00 -1158.00 0
9677 0.56 -13.70 -0.07 -61.00 60.00 230.00 482.00 -384.00 -1158.00 0
9687 0.77 -13.29 0.28 -58.00 57.00 231.00 482.00 -384.00 -1158.00 0
9696 0.07 -12.87 0.28 -53.00 56.00 225.00 482.00 -384.00 -1158.00 0
9705 -0.63 -12.59 0.28 -48.00 50.00 212.00 482.00 -384.00 -1158.00 0
9714 -1.25 -11.69 0.14 -49.00 45.00 211.00 482.00 -384.00 -1158.00 0
9723 -1.32 -10.23 0.21 -50.00 48.00 214.00 477.00 -382.00 -994.00 0
9733 -0.90 -8.14 0.35 -50.00 48.00 214.00 477.00 -382.00 -994.00 0
9742 -1.04 -3.34 0.56 -63.00 56.00 228.00 477.00 -382.00 -994.00 0
9751 -1.46 -1.95 0.97 -61.00 62.00 240.00 477.00 -382.00 -994.00 0
9760 -2.43 -1.60 1.88 -57.00 69.00 232.00 477.00 -382.00 -994.00 0
9768 -3.83 -1.53 3.27 -57.00 77.00 230.00 477.00 -382.00 -994.00 0
9778 -5.36 -0.97 6.05 -63.00 79.00 231.00 477.00 -382.00 -994.00 0
9787 -8.00 0.07 9.60 -68.00 63.00 236.00 477.00 -382.00 -994.00 0
9796 -12.52 3.55 15.03 -74.00 52.00 247.00 477.00 -382.00 -994.00 0
9805 -21.70 4.45 16.42 -87.00 47.00 243.00 477.00 -382.00 -994.00 0
9815 -24.00 4.03 16.77 -72.00 40.00 238.00 477.00 -382.00 -994.00 0
9824 -23.93 2.43 17.11 -63.00 63.00 235.00 477.00 -382.00 -994.00 0
9833 -20.87 1.04 17.67 -67.00 51.00 222.00 477.00 -382.00 -994.00 0
9842 -18.64 -0.14 17.74 -65.00 40.00 214.00 477.00 -382.00 -994.00 0
9851 -17.39 -1.39 17.74 -62.00 57.00 213.00 477.00 -382.00 -994.00 0
9861 -13.91 -3.13 17.53 -69.00 69.00 206.00 477.00 -382.00 -994.00 0
9870 -13.63 -3.13 17.60 -61.00 66.00 208.00 477.00 -382.00 -994.00 0
9879 -14.05 -3.41 18.09 -64.00 60.00 196.00 477.00 -382.00 -994.00 0
9888 -15.37 -2.71 18.43 -67.00 57.00 191.00 477.00 -382.00 -994.00 0
9897 -16.83 -1.32 18.37 -63.00 104.00 203.00 477.00 -382.00 -994.00 0
9908 -16.83 0.90 22.61 -89.00 126.00 256.00 477.00 -382.00 -994.00 0
9917 -15.58 9.81 28.45 -115.00 79.00 280.00 477.00 -382.00 -994.00 0
9926 -21.84 13.36 33.95 -119.00 18.00 273.00 477.00 -382.00 -994.00 0
9935 -27.83 13.01 38.19 -110.00 -1.00 248.00 477.00 -382.00 -994.00 0
9945 -29.36 10.09 41.11 -91.00 14.00 227.00 477.00 -382.00 -994.00 0
9954 -26.02 6.47 42.37 -75.00 38.00 204.00 477.00 -382.00 -994.00 0
9963 -20.38 0.56 41.18 -63.00 42.00 194.00 477.00 -382.00 -994.00 0
9972 -10.16 -1.88 41.32 -60.00 56.00 183.00 477.00 -382.00 -994.00 0
9981 -6.54 -4.24 42.37 -45.00 46.00 185.00 477.00 -382.00 -994.00 0
9991 -5.57 -6.82 43.76 -29.00 53.00 164.00 477.00 -382.00 -994.00 0
10000 -5.63 -8.63 45.84 -20.00 84.00 148.00 477.00 -382.00 -994.00 0
10009 -4.45 -9.25 51.13 -21.00 107.00 172.00 477.00 -382.00 -994.00 0
10018 -4.66 -4.45 74.57 -44.00 51.00 228.00 477.00 -382.00 -994.00 0
10028 -22.40 0.97 84.66 -75.00 -1.00 249.00 477.00 -382.00 -994.00 0
10037 -35.06 4.45 91.97 -79.00 -3.00 265.00 477.00 -382.00 -994.00 0
10046 -42.78 2.43 98.09 -76.00 7.00 257.00 477.00 -382.00 -994.00 0
10055 -46.75 -4.03 103.03 -58.00 21.00 244.00 477.00 -382.00 -994.00 0
10065 -45.57 -10.99 102.82 -38.00 18.00 240.00 477.00 -382.00 -994.00 0
10075 -35.76 -17.18 92.45 -38.00 32.00 222.00 477.00 -382.00 -994.00 0
10084 -30.26 -16.97 86.96 -33.00 45.00 231.00 477.00 -382.00 -994.00 0
10093 -24.28 -15.93 81.88 -31.00 35.00 227.00 477.00 -382.00 -994.00 0
10102 -20.10 -14.05 76.59 -31.00 29.00 230.00 477.00 -382.00 -994.00 0
10112 -17.60 -12.10 71.86 -25.00 23.00 214.00 477.00 -382.00 -994.00 0
10121 -16.07 -10.09 67.62 -28.00 2.00 208.00 477.00 -382.00 -994.00 0
10130 -16.70 -5.91 58.16 -25.00 -2.00 200.00 477.00 -382.00 -994.00 0
10139 -16.14 -3.41 52.87 -19.00 20.00 207.00 477.00 -382.00 -994.00 0
10149 -14.33 -1.53 48.00 -34.00 25.00 222.00 477.00 -382.00 -994.00 0
10159 -13.29 -0.28 44.03 -37.00 34.00 240.00 477.00 -382.00 -994.00 0
10168 -12.24 -0.14 40.56 -38.00 64.00 271.00 477.00 -382.00 -994.00 0
10177 -10.30 -2.43 38.82 -36.00 52.00 266.00 477.00 -382.00 -994.00 0
10186 -10.43 -12.52 39.17 -25.00 36.00 253.00 477.00 -382.00 -994.00 0
10195 -11.20 -16.35 39.17 -29.00 24.00 251.00 477.00 -382.00 -994.00 0
10205 -10.85 -18.50 38.54 -20.00 17.00 241.00 477.00 -382.00 -994.00 0
10214 -9.88 -19.34 36.87 -22.00 37.00 234.00 477.00 -382.00 -994.00 0
10223 -8.21 -18.85 34.09 -25.00 42.00 261.00 477.00 -382.00 -994.00 0
10232 -6.05 -18.16 28.38 90.00 102.00 65.00 477.00 -382.00 -994.00 0
10242 -2.50 -14.12 28.66 -59.00 -18.00 271.00 477.00 -382.00 -994.00 0
10251 -0.56 -2.85 28.31 -33.00 -4.00 240.00 477.00 -382.00 -994.00 0
10260 -1.88 1.39 22.61 5.00 63.00 222.00 477.00 -382.00 -994.00 0
10269 4.31 0.21 20.03 -23.00 25.00 244.00 477.00 -382.00 -994.00 0
10278 6.19 1.74 18.37 -35.00 42.00 253.00 477.00 -382.00 -994.00 0
10288 5.98 2.71 16.00 -16.00 26.00 222.00 477.00 -382.00 -994.00 0
10298 15.17 -2.85 12.24 -36.00 35.00 273.00 477.00 -382.00 -994.00 0
10307 22.12 -5.98 10.99 -34.00 43.00 297.00 477.00 -382.00 -994.00 0
10316 25.95 -10.71 9.04 -33.00 69.00 289.00 370.00 -477.00 -1084.00 0
10326 26.92 -14.75 9.25 -30.00 82.00 282.00 370.00 -477.00 -1084.00 0
10335 19.62 -15.37 10.23 -33.00 41.00 262.00 370.00 -477.00 -1084.00 0
10344 6.96 -16.70 8.63 -5.00 -1.00 187.00 370.00 -477.00 -1084.00 0
10353 -5.08 -15.44 6.61 -7.00 36.00 202.00 370.00 -477.00 -1084.00 0
10362 -2.57 -13.08 4.80 -6.00 55.00 198.00 370.00 -477.00 -1084.00 0
10372 -0.90 -9.88 2.85 -5.00 63.00 202.00 370.00 -477.00 -1084.00 0
10381 0.28 -6.47 1.25 -1.00 73.00 191.00 372.00 -473.00 -1060.00 0
10390 1.39 -2.64 0.21 1.00 88.00 204.00 372.00 -473.00 -1060.00 0
10399 2.09 1.81 1.95 -21.00 59.00 215.00 372.00 -473.00 -1060.00 0
10408 -0.07 11.76 3.55 -18.00 85.00 239.00 372.00 -473.00 -1060.00 0
10418 0.14 15.03 5.50 -29.00 71.00 182.00 372.00 -473.00 -1060.00 0
10427 1.88 16.70 5.77 -49.00 96.00 310.00 372.00 -473.00 -1060.00 0
10436 5.98 17.25 6.68 -36.00 -5.00 247.00 372.00 -473.00 -1060.00 0
10445 8.70 14.40 5.98 -28.00 41.00 275.00 377.00 -488.00 -1096.00 0
10455 20.03 7.44 5.22 -47.00 68.00 250.00 377.00 -488.00 -1096.00 0
10465 33.95 2.02 6.54 -37.00 62.00 235.00 377.00 -488.00 -1096.00 0
10474 37.43 -1.53 7.17 -23.00 87.00 200.00 377.00 -488.00 -1096.00 0
10483 40.97 -5.57 8.42 28.00 96.00 191.00 377.00 -488.00 -1096.00 0
10492 43.83 -9.04 12.31 -21.00 86.00 174.00 377.00 -488.00 -1096.00 0
10502 48.49 -9.18 15.65 -19.00 89.00 209.00 377.00 -488.00 -1096.00 0
10511 47.86 -10.99 33.25 -47.00 84.00 255.00 356.00 -524.00 -1086.00 0
10520 59.13 -18.78 42.37 -37.00 86.00 267.00 356.00 -524.00 -1086.00 0
10529 61.98 -25.39 46.40 -57.00 72.00 273.00 356.00 -524.00 -1086.00 0
10540 61.70 -29.57 44.10 -39.00 74.00 278.00 356.00 -524.00 -1086.00 0
10549 60.10 -32.49 36.31 -32.00 56.00 254.00 356.00 -524.00 -1086.00 0
10558 55.58 -34.43 26.50 -21.00 56.00 223.00 356.00 -524.00 -1086.00 0
10567 46.05 -33.39 3.48 -9.00 83.00 217.00 356.00 -524.00 -1086.00 0
10576 45.29 -29.01 -6.54 -14.00 97.00 176.00 340.00 -549.00 -1239.00 0
10586 49.32 -24.83 -13.08 -14.00 125.00 184.00 340.00 -549.00 -1239.00 0
10595 58.71 -24.49 -16.14 -6.00 101.00 190.00 340.00 -549.00 -1239.00 0
10605 71.10 -25.11 -17.32 0.00 97.00 225.00 340.00 -549.00 -1239.00 0
10614 82.23 -20.59 -18.09 -10.00 118.00 254.00 340.00 -549.00 -1239.00 0
10624 93.70 -16.42 -15.17 -30.00 146.00 289.00 340.00 -549.00 -1239.00 0
10633 93.77 -13.43 -10.30 -39.00 151.00 281.00 340.00 -549.00 -1239.00 0
10642 89.46 -12.94 -6.19 -28.00 150.00 213.00 339.00 -584.00 -1042.00 0
10652 77.98 -12.94 -5.36 -33.00 117.00 157.00 339.00 -584.00 -1042.00 0
10661 60.45 -10.99 -8.70 -11.00 117.00 165.00 339.00 -584.00 -1042.00 0
10671 21.63 -2.99 -21.57 9.00 92.00 186.00 339.00 -584.00 -1042.00 0
10680 6.61 2.92 -26.09 80.00 4.00 202.00 339.00 -584.00 -1042.00 0
10689 0.56 -13.77 -29.22 -13.00 92.00 270.00 339.00 -584.00 -1042.00 0
10698 -3.97 -41.74 -27.55 25.00 110.00 284.00 339.00 -584.00 -1042.00 0
10707 -10.09 -55.65 -20.52 9.00 92.00 295.00 326.00 -567.00 -996.00 0
10717 -16.07 -57.18 -8.21 29.00 79.00 255.00 326.00 -567.00 -996.00 0
10727 -17.67 -56.63 -6.40 -36.00 106.00 240.00 326.00 -567.00 -996.00 0
10736 -8.77 -49.95 -6.61 3.00 113.00 221.00 326.00 -567.00 -996.00 0
10745 1.18 -44.45 -7.23 0.00 114.00 192.00 326.00 -567.00 -996.00 0
10755 8.90 -40.56 -10.57 -1.00 136.00 178.00 326.00 -567.00 -996.00 0
10764 13.50 -37.15 -15.86 9.00 113.00 167.00 326.00 -567.00 -996.00 0
10773 13.50 -21.84 -25.74 4.00 104.00 201.00 328.00 -570.00 -960.00 0
10782 6.75 -14.54 -29.22 -2.00 100.00 200.00 328.00 -570.00 -960.00 0
10791 2.78 -7.10 -30.68 15.00 92.00 211.00 328.00 -570.00 -960.00 0
10801 -2.85 -1.11 -29.91 -10.00 91.00 225.00 328.00 -570.00 -960.00 0
10810 -10.99 7.65 -27.55 -16.00 100.00 232.00 328.00 -570.00 -960.00 0
10819 -22.40 15.65 -23.44 -8.00 102.00 228.00 328.00 -570.00 -960.00 0
10828 -53.29 27.20 -10.92 -20.00 98.00 253.00 328.00 -570.00 -960.00 0
10839 -66.43 31.03 -5.29 -33.00 114.00 206.00 350.00 -542.00 -1120.00 0
10848 -72.83 35.55 -0.70 -23.00 103.00 194.00 350.00 -542.00 -1120.00 0
10857 -74.16 37.36 4.17 -26.00 106.00 165.00 350.00 -542.00 -1120.00 0
10866 -72.14 42.23 7.44 -19.00 93.00 199.00 350.00 -542.00 -1120.00 0
10875 -69.77 48.00 7.37 -44.00 105.00 206.00 350.00 -542.00 -1120.00 0
10885 -69.98 60.10 1.18 -60.00 114.00 207.00 350.00 -542.00 -1120.00 0
10895 -69.29 60.73 -1.39 -70.00 118.00 199.00 350.00 -542.00 -1120.00 0
10904 -67.90 58.23 -2.71 -35.00 108.00 233.00 381.00 -515.00 -1057.00 0
10913 -66.71 53.01 -2.85 -65.00 114.00 172.00 381.00 -515.00 -1057.00 0
10923 -64.35 57.04 -3.83 -56.00 92.00 152.00 381.00 -515.00 -1057.00 0
10932 -66.85 19.83 -0.42 -43.00 75.00 169.00 381.00 -515.00 -1057.00 0
10941 -69.43 -12.03 7.23 -31.00 59.00 195.00 381.00 -515.00 -1057.00 0
10951 -71.10 -38.26 17.74 -26.00 24.00 184.00 381.00 -515.00 -1057.00 0
10960 -73.74 -55.17 27.55 -12.00 30.00 212.00 381.00 -515.00 -1057.00 0
10970 -79.79 -66.16 32.77 0.00 26.00 246.00 339.00 -490.00 -1203.00 0
10979 -82.02 -63.10 37.43 -13.00 20.00 238.00 339.00 -490.00 -1203.00 0
10988 -72.49 -31.79 36.03 -15.00 15.00 228.00 339.00 -490.00 -1203.00 0
10997 -69.84 -18.23 33.11 -17.00 15.00 232.00 339.00 -490.00 -1203.00 0
11006 -70.19 -8.56 29.57 -12.00 20.00 259.00 339.00 -490.00 -1203.00 0
11017 -75.34 -5.43 23.86 -11.00 15.00 280.00 339.00 -490.00 -1203.00 0
11026 -83.97 -0.70 16.70 -14.00 32.00 279.00 339.00 -490.00 -1203.00 0
11035 -96.07 16.97 5.57 -20.00 32.00 269.00 358.00 -448.00 -1121.00 0
11044 -94.68 25.53 6.26 -12.00 24.00 259.00 358.00 -448.00 -1121.00 0
11054 -89.88 34.02 10.64 -12.00 43.00 221.00 358.00 -448.00 -1121.00 0
11063 -84.10 43.27 17.60 -16.00 31.00 172.00 358.00 -448.00 -1121.00 0
11072 -80.70 53.01 23.79 -17.00 23.00 178.00 358.00 -448.00 -1121.00 0
11082 -81.60 58.57 27.90 -39.00 21.00 200.00 358.00 -448.00 -1121.00 0
11091 -88.28 65.04 26.09 -39.00 20.00 225.00 358.00 -448.00 -1121.00 0
11101 -91.41 68.10 19.62 -55.00 8.00 238.00 394.00 -414.00 -1144.00 0
11110 -95.93 70.26 9.39 -59.00 28.00 273.00 394.00 -414.00 -1144.00 0
11119 -101.01 67.83 -2.71 -73.00 30.00 277.00 394.00 -414.00 -1144.00 0
11128 -108.17 63.65 -16.56 -56.00 10.00 280.00 394.00 -414.00 -1144.00 0
11139 -121.74 54.47 -40.90 -52.00 27.00 348.00 394.00 -414.00 -1144.00 0
11148 -124.87 50.09 -47.17 -14.00 -29.00 244.00 394.00 -414.00 -1144.00 0
11157 -125.84 45.43 -49.04 -34.00 -21.00 242.00 394.00 -414.00 -1144.00 0
11166 -118.61 42.16 -44.24 -48.00 -11.00 229.00 425.00 -347.00 -1074.00 0
11176 -103.51 41.88 -33.60 -63.00 2.00 250.00 425.00 -347.00 -1074.00 0
11186 -81.67 43.76 -6.89 -56.00 10.00 258.00 425.00 -347.00 -1074.00 0
11195 -36.03 50.71 3.83 -60.00 13.00 251.00 425.00 -347.00 -1074.00 0
11204 -19.41 54.96 11.55 -62.00 -3.00 246.00 425.00 -347.00 -1074.00 0
11213 -8.07 58.30 16.28 -50.00 -16.00 255.00 425.00 -347.00 -1074.00 0
11223 -2.23 57.81 18.30 -53.00 -22.00 249.00 425.00 -347.00 -1074.00 0
11232 -1.74 55.03 17.25 -56.00 -4.00 200.00 446.00 -367.00 -1240.00 0
11242 -11.27 42.71 5.43 -17.00 -41.00 248.00 446.00 -367.00 -1240.00 0
11251 -12.45 38.26 0.49 -52.00 -19.00 250.00 446.00 -367.00 -1240.00 0
11260 -14.05 34.78 -1.46 -85.00 13.00 216.00 446.00 -367.00 -1240.00 0
11270 -15.03 31.65 -4.03 -36.00 -13.00 212.00 446.00 -367.00 -1240.00 0
11279 -14.33 22.89 -8.63 -57.00 -30.00 268.00 446.00 -367.00 -1240.00 0
11288 -19.62 15.79 -13.43 -50.00 -25.00 185.00 446.00 -367.00 -1240.00 0
11297 -41.74 10.99 -23.03 -74.00 -17.00 195.00 456.00 -340.00 -1122.00 0
11307 -49.39 8.28 -26.50 -77.00 -18.00 214.00 456.00 -340.00 -1122.00 0
11317 -53.08 5.43 -28.66 -34.00 -19.00 181.00 456.00 -340.00 -1122.00 0
11326 -53.63 4.59 -29.36 -92.00 -30.00 264.00 456.00 -340.00 -1122.00 0
11335 -52.17 4.10 -28.73 -76.00 -43.00 241.00 456.00 -340.00 -1122.00 0
11344 -49.74 2.64 -26.37 -61.00 -23.00 193.00 456.00 -340.00 -1122.00 0
11354 -47.79 2.78 -26.16 -53.00 -51.00 193.00 456.00 -340.00 -1122.00 0
11363 -52.94 2.09 -27.27 -39.00 -62.00 188.00 458.00 -298.00 -1117.00 0
11372 -60.59 1.11 -29.57 -74.00 -68.00 268.00 458.00 -298.00 -1117.00 0
11382 -68.31 0.56 -32.35 -74.00 -49.00 223.00 458.00 -298.00 -1117.00 0
11392 -73.88 0.35 -33.74 -55.00 -53.00 204.00 458.00 -298.00 -1117.00 0
11401 -80.28 3.55 -34.30 -94.00 -58.00 291.00 458.00 -298.00 -1117.00 0
11410 -87.30 7.10 -34.71 -109.00 -50.00 284.00 458.00 -298.00 -1117.00 0
11419 -111.23 12.38 -36.03 -40.00 -15.00 242.00 458.00 -298.00 -1117.00 0
11428 -150.26 15.65 -39.37 -42.00 -24.00 135.00 465.00 -208.00 -1111.00 0
11439 -183.23 12.80 -44.38 -104.00 -61.00 278.00 465.00 -208.00 -1111.00 0
11448 -208.35 5.50 -53.22 -58.00 -46.00 243.00 465.00 -208.00 -1111.00 0
11457 -229.15 3.41 -52.80 -108.00 -108.00 304.00 465.00 -208.00 -1111.00 0
11466 -261.50 1.81 -52.03 35.00 -65.00 87.00 465.00 -208.00 -1111.00 0
11476 -300.52 -0.56 -53.98 -16.00 -135.00 123.00 465.00 -208.00 -1111.00 0
11486 -323.83 -9.32 -60.24 -11.00 -148.00 172.00 465.00 -208.00 -1111.00 0
11495 -319.23 -15.44 -69.70 -17.00 -134.00 64.00 444.00 -40.00 -1055.00 0
11504 -309.29 -24.14 -67.13 77.00 -48.00 -64.00 444.00 -40.00 -1055.00 0
11513 -302.82 -25.60 -61.70 -231.00 -378.00 343.00 444.00 -40.00 -1055.00 0
11524 -296.83 -25.18 -55.17 -116.00 -275.00 181.00 444.00 -40.00 -1055.00 0
11533 -286.19 -26.43 -49.32 -101.00 -280.00 163.00 444.00 -40.00 -1055.00 0
11542 -273.67 -24.14 -43.69 -85.00 -252.00 113.00 444.00 -40.00 -1055.00 0
11551 -232.21 -18.50 -36.03 -90.00 -255.00 114.00 444.00 -40.00 -1055.00 0
11561 -211.27 -14.40 -30.61 -48.00 -252.00 94.00 427.00 38.00 -835.00 0
11571 -191.23 -13.36 -25.46 -30.00 -255.00 101.00 427.00 38.00 -835.00 0
11580 -169.18 -13.36 -21.91 -37.00 -250.00 110.00 427.00 38.00 -835.00 0
11589 -145.67 -11.13 -18.92 -52.00 -243.00 104.00 427.00 38.00 -835.00 0
11598 -105.46 -7.44 -10.43 -42.00 -241.00 102.00 427.00 38.00 -835.00 0
11608 -88.90 -6.96 -6.19 -44.00 -239.00 110.00 427.00 38.00 -835.00 0
11617 -73.39 -5.70 -2.99 -43.00 -234.00 110.00 427.00 38.00 -835.00 0
11627 -59.83 -4.38 -0.49 -48.00 -227.00 112.00 429.00 48.00 -1163.00 0
11636 -49.04 -3.69 1.60 -47.00 -229.00 109.00 429.00 48.00 -1163.00 0
11645 -40.97 -3.41 3.41 -50.00 -226.00 110.00 429.00 48.00 -1163.00 0
11655 -30.54 -2.23 4.66 -51.00 -224.00 115.00 429.00 48.00 -1163.00 0
11664 -28.17 -2.09 4.31 -51.00 -224.00 114.00 429.00 48.00 -1163.00 0
11673 -27.83 -2.30 3.48 -49.00 -225.00 120.00 429.00 48.00 -1163.00 0
11682 -29.22 -2.30 2.37 -48.00 -224.00 112.00 429.00 48.00 -1163.00 0
11692 -32.35 -2.30 1.11 -49.00 -227.00 110.00 432.00 54.00 -1164.00 0
11701 -37.08 -2.37 0.00 -46.00 -231.00 109.00 432.00 54.00 -1164.00 0
11710 -49.11 -2.43 -2.02 -46.00 -231.00 103.00 432.00 54.00 -1164.00 0
11719 -55.23 -2.30 -2.99 -45.00 -237.00 103.00 432.00 54.00 -1164.00 0
11728 -61.01 -2.16 -3.90 -43.00 -241.00 95.00 432.00 54.00 -1164.00 0
11738 -66.09 -2.16 -4.59 -46.00 -244.00 85.00 432.00 54.00 -1164.00 0
11747 -70.19 -1.95 -5.15 -46.00 -247.00 82.00 432.00 54.00 -1164.00 0
11756 -72.97 -1.74 -5.63 -48.00 -248.00 85.00 425.00 80.00 -1066.00 0
11765 -74.50 -1.39 -7.03 -44.00 -250.00 82.00 425.00 80.00 -1066.00 0
11774 -74.02 -1.32 -7.51 -44.00 -254.00 81.00 425.00 80.00 -1066.00 0
11784 -73.18 -1.39 -7.51 -40.00 -253.00 74.00 425.00 80.00 -1066.00 0
11794 -72.21 -1.46 -6.96 -55.00 -272.00 75.00 425.00 80.00 -1066.00 0
11803 -70.82 -1.32 -5.98 -45.00 -275.00 47.00 425.00 80.00 -1066.00 0
11812 -67.62 -1.32 -5.63 -41.00 -267.00 53.00 425.00 80.00 -1066.00 0
11822 -44.87 -1.18 -6.96 -34.00 -260.00 69.00 425.00 80.00 -1066.00 0
11831 -31.44 -1.46 -5.84 -29.00 -238.00 95.00 425.00 80.00 -1066.00 0
11840 -19.97 -1.60 -2.85 -48.00 -238.00 92.00 425.00 80.00 -1066.00 0
11849 -15.17 -2.16 2.16 -54.00 -247.00 71.00 425.00 80.00 -1066.00 0
11858 -14.33 -2.16 6.40 -55.00 -242.00 70.00 425.00 80.00 -1066.00 0
11868 -13.29 -2.02 7.44 -47.00 -251.00 74.00 425.00 80.00 -1066.00 0
11877 -9.67 -2.30 3.83 -46.00 -249.00 71.00 425.00 80.00 -1066.00 0
11886 -8.21 -1.81 1.88 -46.00 -253.00 72.00 425.00 80.00 -1066.00 0
11895 -7.37 -1.74 0.77 -43.00 -249.00 75.00 425.00 80.00 -1066.00 0
11905 -6.96 -1.81 0.28 -46.00 -247.00 75.00 425.00 80.00 -1066.00 0
11914 -6.89 -1.81 0.28 -46.00 -249.00 77.00 425.00 80.00 -1066.00 0
11923 -7.17 -1.67 0.35 -47.00 -250.00 78.00 425.00 80.00 -1066.00 0
11932 -9.60 -1.88 0.28 -43.00 -249.00 76.00 425.00 80.00 -1066.00 0
11941 -11.48 -1.81 0.14 -48.00 -248.00 73.00 425.00 80.00 -1066.00 0
11951 -13.84 -1.67 0.00 -49.00 -252.00 70.00 425.00 80.00 -1066.00 0
11960 -16.42 -1.53 -0.21 -46.00 -250.00 72.00 425.00 80.00 -1066.00 0
11969 -19.06 -1.53 -0.49 -43.00 -257.00 76.00 425.00 80.00 -1066.00 0
11978 -18.09 -1.32 -2.09 -39.00 -258.00 74.00 425.00 80.00 -1066.00 0
11987 -14.47 -1.32 -3.20 -45.00 -254.00 69.00 425.00 80.00 -1066.00 0
11997 -9.95 -1.25 -2.02 -45.00 -255.00 70.00 425.00 80.00 -1066.00 0
12006 -8.42 -1.39 -0.56 -47.00 -251.00 71.00 425.00 80.00 -1066.00 0
12015 -7.37 -1.74 0.56 -51.00 -249.00 67.00 425.00 80.00 -1066.00 0
12024 -6.54 -1.95 1.04 -49.00 -248.00 69.00 425.00 80.00 -1066.00 0
12034 -5.77 -1.81 0.77 -42.00 -254.00 67.00 425.00 80.00 -1066.00 0
12043 -5.22 -1.74 0.21 -48.00 -255.00 71.00 425.00 80.00 -1066.00 0
12052 -4.31 -1.60 -0.42 -45.00 -252.00 69.00 425.00 80.00 -1066.00 0
12061 -4.03 -1.46 -0.35 -48.00 -251.00 67.00 425.00 80.00 -1066.00 0
12070 -3.76 -1.39 -0.28 -49.00 -252.00 70.00 425.00 80.00 -1066.00 0
12080 -3.62 -1.39 -0.42 -48.00 -253.00 69.00 425.00 80.00 -1066.00 0
12089 -3.55 -1.39 -0.56 -45.00 -253.00 70.00 428.00 86.00 -1057.00 0
12098 -3.48 -1.39 -0.77 -48.00 -253.00 69.00 428.00 86.00 -1057.00 0
12107 -3.27 -1.32 -0.83 -50.00 -254.00 69.00 428.00 86.00 -1057.00 0
12115 -3.27 -1.39 -0.70 -49.00 -250.00 70.00 428.00 86.00 -1057.00 0
12125 -3.27 -1.53 -0.42 -49.00 -253.00 69.00 428.00 86.00 -1057.00 0
12134 -3.27 -1.60 -0.21 -49.00 -250.00 68.00 428.00 86.00 -1057.00 0
12143 -3.27 -1.60 -0.14 -48.00 -251.00 70.00 428.00 86.00 -1057.00 0
12152 -3.20 -1.53 -0.21 -48.00 -249.00 69.00 430.00 89.00 -1032.00 0
12162 -3.13 -1.46 -0.77 -46.00 -253.00 70.00 430.00 89.00 -1032.00 0
12171 -3.13 -1.46 -0.97 -47.00 -253.00 69.00 430.00 89.00 -1032.00 0
12180 -3.13 -1.46 -1.11 -47.00 -255.00 70.00 430.00 89.00 -1032.00 0
12189 -3.13 -1.39 -1.04 -47.00 -255.00 69.00 430.00 89.00 -1032.00 0
12198 -3.13 -1.39 -0.97 -53.00 -255.00 73.00 430.00 89.00 -1032.00 0
12208 -3.13 -1.39 -0.83 -49.00 -248.00 69.00 430.00 89.00 -1032.00 0
12217 -3.20 -1.53 -0.63 -49.00 -254.00 69.00 430.00 88.00 -1068.00 0
12226 -3.13 -1.67 -0.56 -49.00 -250.00 70.00 430.00 88.00 -1068.00 0
12235 -3.13 -1.67 -0.56 -44.00 -250.00 70.00 430.00 88.00 -1068.00 0
12244 -3.13 -1.67 -0.49 -49.00 -254.00 70.00 430.00 88.00 -1068.00 0
12254 -3.13 -1.67 -0.56 -50.00 -253.00 68.00 430.00 88.00 -1068.00 0
12263 -3.13 -1.60 -0.63 -51.00 -252.00 70.00 430.00 88.00 -1068.00 0
12272 -3.13 -1.60 -0.70 -46.00 -252.00 70.00 430.00 88.00 -1068.00 0
12281 -3.13 -1.53 -0.70 -49.00 -254.00 71.00 431.00 85.00 -1135.00 0
12291 -3.13 -1.53 -0.70 -48.00 -253.00 69.00 431.00 85.00 -1135.00 0
12300 -3.13 -1.53 -0.63 -49.00 -252.00 67.00 431.00 85.00 -1135.00 0
12309 -3.13 -1.60 -0.70 -48.00 -251.00 67.00 431.00 85.00 -1135.00 0
12318 -3.20 -1.67 -0.63 -47.00 -249.00 69.00 431.00 85.00 -1135.00 0
12327 -3.20 -1.74 -0.42 -50.00 -252.00 73.00 431.00 85.00 -1135.00 0
12337 -3.20 -1.74 -0.14 -51.00 -252.00 69.00 431.00 85.00 -1135.00 0
12346 -3.20 -1.74 -0.28 -48.00 -250.00 69.00 431.00 85.00 -1135.00 0
12355 -3.20 -1.67 -0.49 -51.00 -253.00 73.00 431.00 85.00 -1135.00 0
12364 -3.13 -1.67 -0.70 -47.00 -252.00 68.00 431.00 85.00 -1135.00 0
12374 -3.06 -1.67 -0.90 -48.00 -250.00 71.00 431.00 85.00 -1135.00 0
12383 -3.13 -1.60 -0.97 -49.00 -251.00 68.00 431.00 85.00 -1135.00 0
12392 -3.06 -1.53 -0.97 -50.00 -250.00 67.00 431.00 85.00 -1135.00 0
12401 -3.06 -1.53 -0.97 -47.00 -252.00 69.00 431.00 85.00 -1135.00 0
12410 -3.13 -1.46 -0.90 -51.00 -251.00 67.00 431.00 85.00 -1135.00 0
12420 -3.13 -1.53 -0.90 -50.00 -253.00 72.00 431.00 85.00 -1135.00 0
12429 -3.13 -1.60 -0.90 -50.00 -255.00 69.00 431.00 85.00 -1135.00 0
12438 -3.20 -1.67 -0.90 -51.00 -253.00 68.00 431.00 85.00 -1135.00 0
12447 -3.20 -1.74 -0.90 -50.00 -252.00 67.00 431.00 85.00 -1135.00 0
12456 -3.27 -1.53 -0.90 -51.00 -250.00 68.00 431.00 85.00 -1135.00 0
12466 -3.27 -1.46 -0.97 -47.00 -252.00 72.00 431.00 85.00 -1135.00 0
12475 -3.20 -1.46 -1.04 -52.00 -251.00 65.00 431.00 85.00 -1135.00 0
12484 -3.20 -1.39 -1.11 -51.00 -253.00 68.00 431.00 85.00 -1135.00 0
12493 -3.13 -1.46 -1.11 -50.00 -253.00 68.00 431.00 85.00 -1135.00 0
12503 -3.13 -1.53 -1.11 -50.00 -252.00 69.00 431.00 85.00 -1135.00 0
12512 -3.20 -1.60 -1.04 -48.00 -251.00 67.00 431.00 85.00 -1135.00 0
12521 -3.27 -1.67 -1.11 -59.00 -247.00 65.00 431.00 85.00 -1135.00 0
12530 -3.27 -2.02 -1.32 -92.00 -242.00 -15.00 431.00 85.00 -1135.00 0
12539 -3.97 -5.43 -3.76 -21.00 -217.00 3.00 431.00 85.00 -1135.00 0
12549 -5.36 -8.97 -16.28 -103.00 -342.00 -21.00 431.00 85.00 -1135.00 0
12558 -3.83 -1.11 -36.80 48.00 -168.00 188.00 431.00 85.00 -1135.00 0
12567 -1.88 19.27 -81.81 -61.00 -278.00 48.00 431.00 85.00 -1135.00 0
12576 -6.82 23.37 -96.28 6.00 -212.00 84.00 431.00 85.00 -1135.00 0
12585 -11.69 25.25 -102.96 12.00 -201.00 121.00 431.00 85.00 -1135.00 0
12596 -14.61 24.90 -103.86 -27.00 -232.00 101.00 431.00 85.00 -1135.00 0
12605 -25.60 22.89 -102.47 -40.00 -291.00 46.00 431.00 85.00 -1135.00 0
12614 -40.35 19.27 -96.14 -13.00 -282.00 72.00 431.00 85.00 -1135.00 0
12623 -74.30 18.57 -92.24 73.00 -205.00 60.00 431.00 85.00 -1135.00 0
12633 -95.65 19.69 -89.53 -59.00 -307.00 -2.00 431.00 85.00 -1135.00 0
12642 -115.69 23.10 -88.77 -1.00 -304.00 9.00 431.00 85.00 -1135.00 0
12651 -135.72 28.45 -90.99 23.00 -245.00 -7.00 431.00 85.00 -1135.00 0
12661 -157.43 39.23 -93.91 -20.00 -350.00 66.00 431.00 85.00 -1135.00 0
12670 -199.03 63.03 -94.82 37.00 -207.00 11.00 431.00 85.00 -1135.00 0
12680 -221.22 68.52 -90.43 -111.00 -232.00 50.00 431.00 85.00 -1135.00 0
12689 -232.97 75.90 -71.72 88.00 -194.00 143.00 431.00 85.00 -1135.00 0
12698 -227.97 74.09 -42.92 -112.00 -344.00 -4.00 431.00 85.00 -1135.00 0
12707 -228.03 60.80 -20.10 -12.00 -273.00 20.00 431.00 85.00 -1135.00 0
12718 -213.29 37.08 -7.79 -5.00 -268.00 -31.00 431.00 85.00 -1135.00 0
12727 -186.30 28.38 -6.47 36.00 -272.00 -57.00 431.00 85.00 -1135.00 0
12736 -182.26 20.73 -8.42 -6.00 -271.00 -93.00 431.00 85.00 -1135.00 0
12745 -186.37 16.56 -19.83 34.00 -311.00 -60.00 431.00 85.00 -1135.00 0
12754 -193.67 20.31 -30.96 -14.00 -242.00 -101.00 431.00 85.00 -1135.00 0
12764 -206.05 25.67 -37.63 20.00 -193.00 -100.00 431.00 85.00 -1135.00 0
12774 -237.77 33.88 -32.77 1.00 -213.00 -87.00 431.00 85.00 -1135.00 0
12783 -248.28 38.61 -25.46 -3.00 -120.00 -96.00 431.00 85.00 -1135.00 0
12792 -257.04 41.74 -18.71 11.00 -200.00 -96.00 431.00 85.00 -1135.00 0
12802 -260.45 45.22 -15.58 16.00 -236.00 -138.00 431.00 85.00 -1135.00 0
12811 -260.17 44.52 -13.84 16.00 -213.00 -139.00 431.00 85.00 -1135.00 0
12820 -255.65 36.73 -6.33 7.00 -237.00 -152.00 431.00 85.00 -1135.00 0
12830 -229.63 33.39 0.07 -28.00 -274.00 -149.00 431.00 85.00 -1135.00 0
12839 -206.82 31.03 5.77 4.00 -232.00 -152.00 431.00 85.00 -1135.00 0
12849 -179.06 28.80 9.67 15.00 -230.00 -166.00 431.00 85.00 -1135.00 0
12858 -154.85 25.67 11.69 12.00 -230.00 -168.00 431.00 85.00 -1135.00 0
12867 -134.33 23.30 12.87 -17.00 -249.00 -170.00 431.00 85.00 -1135.00 0
12877 -104.21 18.09 9.74 12.00 -220.00 -178.00 431.00 85.00 -1135.00 0
12887 -93.29 15.44 8.56 13.00 -230.00 -165.00 431.00 85.00 -1135.00 0
12896 -82.02 12.94 7.86 16.00 -223.00 -167.00 431.00 85.00 -1135.00 0
12905 -70.89 9.53 6.96 16.00 -224.00 -174.00 431.00 85.00 -1135.00 0
12914 -60.24 6.54 6.05 13.00 -225.00 -165.00 431.00 85.00 -1135.00 0
12923 -50.02 4.66 3.90 12.00 -221.00 -173.00 431.00 85.00 -1135.00 0
12933 -31.58 1.95 2.37 17.00 -226.00 -166.00 431.00 85.00 -1135.00 0
12942 -23.30 1.18 0.70 32.00 -198.00 -170.00 431.00 85.00 -1135.00 0
12951 -17.04 0.35 -0.97 21.00 -197.00 -163.00 431.00 85.00 -1135.00 0
12960 -12.94 0.63 -2.37 16.00 -219.00 -152.00 431.00 85.00 -1135.00 0
12969 -11.20 1.11 -2.92 35.00 -210.00 -182.00 431.00 85.00 -1135.00 0
12979 -9.74 3.97 -0.97 22.00 -203.00 -170.00 431.00 85.00 -1135.00 0
12988 -17.74 7.86 1.67 -13.00 -224.00 -161.00 431.00 85.00 -1135.00 0
12998 -17.95 9.88 3.62 32.00 -212.00 -146.00 431.00 85.00 -1135.00 0
13007 -17.11 10.30 4.52 -11.00 -206.00 -148.00 298.00 100.00 -940.00 0
13017 -14.96 9.88 3.97 38.00 -237.00 -177.00 298.00 100.00 -940.00 0
13026 -15.65 8.00 3.55 13.00 -240.00 -176.00 298.00 100.00 -940.00 0
13035 -20.52 10.57 6.26 2.00 -292.00 -175.00 298.00 100.00 -940.00 0
13044 -22.19 10.99 6.40 20.00 -178.00 -140.00 298.00 100.00 -940.00 0
13053 -21.91 9.39 4.87 16.00 -225.00 -152.00 298.00 100.00 -940.00 0
13063 -20.59 7.30 4.52 37.00 -226.00 -173.00 298.00 100.00 -940.00 0
13072 -14.54 5.63 3.27 30.00 -229.00 -187.00 301.00 93.00 -822.00 0
13081 -9.25 3.55 3.55 4.00 -216.00 -144.00 301.00 93.00 -822.00 0
13090 1.25 1.46 4.73 12.00 -222.00 -147.00 301.00 93.00 -822.00 0
13100 1.46 -0.07 6.12 70.00 -217.00 -198.00 301.00 93.00 -822.00 0
13109 0.63 -2.78 7.79 8.00 -223.00 -192.00 301.00 93.00 -822.00 0
13118 4.73 -4.45 13.70 5.00 -253.00 -212.00 301.00 93.00 -822.00 0
13127 21.84 -8.21 20.24 58.00 -304.00 -285.00 301.00 93.00 -822.00 0
13136 65.74 -16.07 25.39 -62.00 -295.00 -139.00 329.00 128.00 -887.00 0
13146 248.28 -42.30 32.49 -8.00 -231.00 -105.00 329.00 128.00 -887.00 0
13156 310.40 -45.36 31.51 15.00 -208.00 -52.00 329.00 128.00 -887.00 0
13165 325.77 -45.63 33.46 31.00 -219.00 -85.00 329.00 128.00 -887.00 0
13174 298.23 -42.64 37.77 -3.00 -255.00 -114.00 329.00 128.00 -887.00 0
13184 259.62 -40.42 40.97 -21.00 -252.00 -83.00 329.00 128.00 -887.00 0
13193 236.10 -35.48 44.59 -21.00 -252.00 -45.00 329.00 128.00 -887.00 0
13202 212.03 -25.67 41.18 -24.00 -256.00 -8.00 366.00 167.00 -1011.00 0
13212 199.37 -18.92 35.48 -20.00 -265.00 1.00 366.00 167.00 -1011.00 0
13221 178.02 -14.19 28.87 -6.00 -269.00 -14.00 366.00 167.00 -1011.00 0
13231 147.90 -11.41 22.40 -16.00 -266.00 -38.00 366.00 167.00 -1011.00 0
13240 113.46 -9.60 16.70 -16.00 -264.00 -60.00 366.00 167.00 -1011.00 0
13249 53.84 -6.54 6.33 -15.00 -263.00 -67.00 366.00 167.00 -1011.00 0
13258 35.13 -4.59 1.04 -19.00 -260.00 -63.00 366.00 167.00 -1011.00 0
13267 23.37 -2.23 -4.24 -16.00 -258.00 -54.00 362.00 172.00 -1072.00 0
13278 15.10 -0.35 -10.02 -2.00 -272.00 -47.00 362.00 172.00 -1072.00 0
13287 7.86 1.25 -16.35 0.00 -272.00 -57.00 362.00 172.00 -1072.00 0
13296 0.21 2.50 -21.84 3.00 -270.00 -71.00 362.00 172.00 -1072.00 0
13305 -15.37 2.23 -28.80 14.00 -282.00 -83.00 362.00 172.00 -1072.00 0
13315 -19.62 0.70 -29.01 8.00 -277.00 -80.00 362.00 172.00 -1072.00 0
13324 -19.06 -1.04 -26.85 17.00 -284.00 -70.00 362.00 172.00 -1072.00 0
13333 -14.54 -2.02 -23.37 2.00 -268.00 -66.00 346.00 175.00 -1044.00 0
13342 -8.07 -0.97 -18.50 5.00 -271.00 -64.00 346.00 175.00 -1044.00 0
13351 -2.99 -0.63 -13.84 12.00 -271.00 -67.00 346.00 175.00 -1044.00 0
13361 2.23 -1.95 -3.48 1.00 -269.00 -75.00 346.00 175.00 -1044.00 0
13370 5.01 -3.13 1.18 5.00 -279.00 -75.00 346.00 175.00 -1044.00 0
13379 10.30 -4.24 5.08 0.00 -274.00 -83.00 346.00 175.00 -1044.00 0
13388 18.57 -5.50 9.18 -9.00 -266.00 -69.00 346.00 175.00 -1044.00 0
13398 29.36 -7.30 13.08 -5.00 -266.00 -64.00 359.00 174.00 -1105.00 0
13407 42.50 -7.93 15.93 -10.00 -267.00 -47.00 359.00 174.00 -1105.00 0
13417 65.81 -7.86 19.69 -7.00 -270.00 -23.00 359.00 174.00 -1105.00 0
13426 71.03 -7.79 20.87 -11.00 -268.00 -28.00 359.00 174.00 -1105.00 0
13435 71.51 -7.93 21.91 -16.00 -265.00 -32.00 359.00 174.00 -1105.00 0
13445 68.94 -8.21 22.40 -20.00 -264.00 -31.00 359.00 174.00 -1105.00 0
13454 64.83 -8.21 21.57 -29.00 -269.00 -22.00 359.00 174.00 -1105.00 0
13463 60.03 -7.65 15.72 -21.00 -272.00 -26.00 374.00 171.00 -1008.00 0
13472 41.53 -6.12 12.87 -21.00 -280.00 -38.00 374.00 171.00 -1008.00 0
13481 30.54 -6.19 10.99 -24.00 -265.00 -42.00 374.00 171.00 -1008.00 0
13492 21.70 -6.75 9.11 -14.00 -279.00 -32.00 374.00 171.00 -1008.00 0
13501 17.32 -7.51 7.23 -15.00 -274.00 -32.00 374.00 171.00 -1008.00 0
13510 13.22 -8.00 5.29 -11.00 -278.00 -44.00 374.00 171.00 -1008.00 0
13519 6.75 -6.75 3.76 -7.00 -265.00 -17.00 374.00 171.00 -1008.00 0
13529 4.80 -5.98 3.76 -6.00 -278.00 -44.00 373.00 172.00 -907.00 0
13538 3.13 -6.05 3.83 8.00 -274.00 -35.00 373.00 172.00 -907.00 0