0 235.00 463.00 -259.00 -1018.00 0
577 -3.69 -2.43 -1.67 -55.00 -18.00 233.00 463.00 -259.00 -1018.00 0
586 -3.69 -2.57 -1.88 -54.00 -17.00 235.00 463.00 -259.00 -1018.00 0
595 -3.27 -2.78 -1.95 -55.00 -10.00 232.00 463.00 -259.00 -1018.00 0
605 -2.16 -3.90 -1.88 -53.00 -8.00 233.00 463.00 -259.00 -1018.00 0
614 -2.09 -4.38 -1.88 -55.00 -10.00 233.00 464.00 -260.00 -1022.00 0
623 -2.23 -4.66 -2.09 -55.00 -7.00 228.00 464.00 -260.00 -1022.00 0
632 -2.43 -4.80 -2.16 -57.00 -16.00 232.00 464.00 -260.00 -1022.00 0
642 -2.85 -4.73 -2.43 -53.00 -20.00 228.00 464.00 -260.00 -1022.00 0
650 -3.27 -4.52 -2.85 -52.00 -19.00 233.00 464.00 -260.00 -1022.00 0
659 -3.20 -3.83 -3.83 -56.00 -16.00 230.00 464.00 -260.00 -1022.00 0
668 -3.13 -3.27 -4.31 -58.00 -22.00 238.00 464.00 -260.00 -1022.00 0
677 -2.99 -2.85 -4.80 -57.00 -17.00 239.00 464.00 -260.00 -1022.00 0
687 -2.71 -2.57 -5.29 -51.00 -14.00 236.00 464.00 -260.00 -1022.00 0
696 -2.23 -2.57 -5.63 -57.00 -15.00 233.00 464.00 -260.00 -1022.00 0
705 -1.74 -2.71 -5.84 -53.00 -17.00 233.00 464.00 -260.00 -1022.00 0
714 -1.32 -2.78 -5.91 -50.00 -17.00 235.00 464.00 -260.00 -1022.00 0
723 -0.83 -2.78 -6.33 -51.00 -26.00 230.00 464.00 -260.00 -1022.00 0
733 -1.25 -2.37 -7.23 -47.00 -20.00 227.00 464.00 -260.00 -1022.00 0
742 -1.32 -1.81 -8.42 -48.00 -18.00 234.00 464.00 -260.00 -1022.00 0
751 -1.60 -0.83 -9.60 -48.00 -23.00 224.00 464.00 -260.00 -1022.00 0
760 -2.37 0.56 -10.71 -34.00 -21.00 210.00 464.00 -260.00 -1022.00 0
770 -3.48 2.16 -12.31 -34.00 -18.00 219.00 464.00 -260.00 -1022.00 0
779 -4.03 6.75 -15.23 -49.00 -12.00 230.00 464.00 -260.00 -1022.00 0
788 -4.87 9.25 -16.56 -49.00 -13.00 230.00 464.00 -260.00 -1022.00 0
797 -6.40 11.69 -18.09 -49.00 -21.00 219.00 464.00 -260.00 -1022.00 0
806 -8.28 14.19 -19.69 -54.00 -23.00 225.00 464.00 -260.00 -1022.00 0
816 -9.81 16.97 -21.70 -62.00 -31.00 227.00 464.00 -260.00 -1022.00 0
825 -11.41 20.31 -24.42 -43.00 -17.00 214.00 464.00 -260.00 -1022.00 0
834 -12.87 32.56 -28.52 -67.00 -7.00 217.00 464.00 -260.00 -1022.00 0
843 -17.25 35.90 -30.68 -56.00 1.00 238.00 464.00 -260.00 -1022.00 0
852 -19.76 39.86 -33.67 -78.00 -2.00 229.00 464.00 -260.00 -1022.00 0
862 -23.30 43.69 -36.10 -70.00 -9.00 248.00 464.00 -260.00 -1022.00 0
871 -25.81 43.34 -37.77 -73.00 -15.00 240.00 464.00 -260.00 -1022.00 0
880 -27.69 42.30 -38.61 -77.00 -15.00 239.00 464.00 -260.00 -1022.00 0
889 -29.08 38.05 -36.45 -78.00 -16.00 247.00 464.00 -260.00 -1022.00 0
900 -27.97 34.71 -34.30 -71.00 -23.00 244.00 464.00 -260.00 -1022.00 0
909 -27.76 31.58 -31.93 -82.00 -40.00 243.00 464.00 -260.00 -1022.00 0
918 -27.83 28.87 -29.01 -85.00 -57.00 234.00 464.00 -260.00 -1022.00 0
927 -27.41 26.16 -25.95 -83.00 -62.00 228.00 464.00 -260.00 -1022.00 0
936 -25.81 23.17 -22.89 -83.00 -66.00 221.00 464.00 -260.00 -1022.00 0
946 -19.97 17.88 -17.11 -79.00 -62.00 222.00 505.00 -200.00 -1209.00 0
955 -16.21 16.28 -14.40 -69.00 -47.00 210.00 505.00 -200.00 -1209.00 0
964 -12.17 14.68 -11.69 -52.00 -28.00 210.00 505.00 -200.00 -1209.00 0
973 -8.90 13.08 -8.97 -46.00 -17.00 201.00 505.00 -200.00 -1209.00 0
983 -6.89 11.76 -6.12 -41.00 -23.00 193.00 505.00 -200.00 -1209.00 0
992 -6.54 11.27 -3.27 -46.00 -34.00 190.00 505.00 -200.00 -1209.00 0
1001 -7.23 13.50 1.88 -62.00 -38.00 192.00 505.00 -200.00 -1209.00 0
1010 -8.28 16.07 3.83 -66.00 -40.00 203.00 513.00 -203.00 -1069.00 0
1019 -8.35 19.20 5.15 -81.00 -37.00 214.00 513.00 -203.00 -1069.00 0
1029 -8.70 22.47 5.84 -91.00 -47.00 219.00 513.00 -203.00 -1069.00 0
1038 -9.88 25.95 5.63 -90.00 -50.00 216.00 513.00 -203.00 -1069.00 0
1047 -11.06 29.08 4.94 -85.00 -43.00 219.00 513.00 -203.00 -1069.00 0
1056 -11.76 32.63 3.97 -83.00 -26.00 217.00 513.00 -203.00 -1069.00 0
1065 -10.50 33.32 4.87 -85.00 -24.00 221.00 513.00 -203.00 -1069.00 0
1076 -9.39 33.32 6.68 -91.00 -32.00 221.00 531.00 -204.00 -1033.00 0
1085 -8.63 32.97 8.56 -94.00 -38.00 229.00 531.00 -204.00 -1033.00 0
1094 -8.49 32.49 9.95 -111.00 -46.00 237.00 531.00 -204.00 -1033.00 0
1103 -8.07 31.79 10.71 -114.00 -36.00 244.00 531.00 -204.00 -1033.00 0
1113 -7.17 28.52 9.60 -111.00 -25.00 234.00 531.00 -204.00 -1033.00 0
1122 -6.47 26.30 7.86 -105.00 -4.00 230.00 531.00 -204.00 -1033.00 0
1131 -7.23 24.00 6.26 -93.00 -1.00 221.00 531.00 -204.00 -1033.00 0
1140 -8.77 21.84 5.36 -94.00 -7.00 216.00 543.00 -209.00 -1012.00 0
1149 -10.99 19.69 5.29 -93.00 -15.00 202.00 543.00 -209.00 -1012.00 0
1159 -13.63 17.60 5.57 -93.00 -15.00 192.00 543.00 -209.00 -1012.00 0
1168 -16.00 13.43 4.31 -86.00 -28.00 219.00 543.00 -209.00 -1012.00 0
1177 -20.80 12.38 2.50 -101.00 -39.00 216.00 543.00 -209.00 -1012.00 0
1186 -23.65 14.19 1.11 -109.00 -49.00 218.00 543.00 -209.00 -1012.00 0
1196 -25.25 16.21 0.35 -113.00 -62.00 226.00 543.00 -209.00 -1012.00 0
1206 -25.81 18.16 -0.35 -119.00 -68.00 220.00 549.00 -201.00 -778.00 0
1215 -25.74 20.38 -1.32 -110.00 -41.00 215.00 549.00 -201.00 -778.00 0
1224 -21.57 22.19 -3.48 -106.00 -11.00 220.00 549.00 -201.00 -778.00 0
1233 -18.92 21.43 -3.20 -119.00 -1.00 234.00 549.00 -201.00 -778.00 0
1243 -18.78 19.69 -2.23 -117.00 -26.00 224.00 549.00 -201.00 -778.00 0
1252 -21.22 16.35 -1.81 -108.00 -38.00 211.00 549.00 -201.00 -778.00 0
1261 -24.42 11.62 -2.37 -96.00 -46.00 195.00 549.00 -201.00 -778.00 0
1270 -27.06 7.86 -3.20 -91.00 -36.00 198.00 557.00 -192.00 -1107.00 0
1280 -28.31 5.91 -2.37 -89.00 -33.00 206.00 557.00 -192.00 -1107.00 0
1289 -29.77 6.68 -0.07 -102.00 -62.00 205.00 557.00 -192.00 -1107.00 0
1298 -32.90 7.86 2.64 -115.00 -101.00 198.00 557.00 -192.00 -1107.00 0
1307 -36.10 8.90 4.80 -108.00 -117.00 189.00 557.00 -192.00 -1107.00 0
1316 -37.36 9.67 5.77 -107.00 -117.00 193.00 557.00 -192.00 -1107.00 0
1327 -36.10 10.85 5.57 -110.00 -113.00 187.00 557.00 -192.00 -1107.00 0
1336 -29.70 16.28 1.88 -108.00 -96.00 197.00 566.00 -190.00 -976.00 0
1345 -24.83 19.27 -0.83 -109.00 -65.00 202.00 566.00 -190.00 -976.00 0
1354 -19.48 21.29 -2.99 -119.00 -56.00 208.00 566.00 -190.00 -976.00 0
1363 -14.68 22.40 -4.24 -137.00 -57.00 212.00 566.00 -190.00 -976.00 0
1373 -10.99 22.54 -4.87 -135.00 -61.00 216.00 566.00 -190.00 -976.00 0
1382 -7.93 21.01 -5.50 -131.00 -56.00 219.00 566.00 -190.00 -976.00 0
1391 -1.74 16.21 -7.17 -132.00 -47.00 220.00 566.00 -190.00 -976.00 0
1400 1.11 14.47 -7.65 -129.00 -36.00 224.00 566.00 -189.00 -1072.00 0
1410 3.20 13.15 -8.14 -124.00 -28.00 223.00 573.00 -189.00 -1072.00 0
1419 4.10 12.31 -8.77 -124.00 -19.00 226.00 573.00 -189.00 -1072.00 0
1428 4.17 11.55 -9.39 -112.00 -7.00 223.00 573.00 -189.00 -1072.00 0
1437 3.83 10.37 -9.67 -112.00 -6.00 228.00 573.00 -189.00 -1072.00 0
1447 0.70 6.89 -8.28 -107.00 -16.00 222.00 573.00 -189.00 -1072.00 0
1457 -2.16 4.80 -6.61 -105.00 -28.00 214.00 573.00 -189.00 -1072.00 0
1466 -5.15 2.64 -4.45 -98.00 -54.00 207.00 573.00 -189.00 -1072.00 0
1475 -7.65 0.49 -1.53 -96.00 -66.00 205.00 573.00 -189.00 -1072.00 0
1484 -8.83 -1.60 1.67 -93.00 -66.00 199.00 573.00 -189.00 -1072.00 0
1494 -8.83 -3.27 4.87 -94.00 -76.00 190.00 573.00 -189.00 -1072.00 0
1503 -8.49 -4.59 10.50 -93.00 -82.00 187.00 573.00 -189.00 -1072.00 0
1512 -7.51 -4.52 13.01 -96.00 -85.00 189.00 573.00 -189.00 -1072.00 0
1521 -6.12 -4.03 15.23 -108.00 -82.00 194.00 573.00 -189.00 -1072.00 0
1530 -4.52 -3.48 17.04 -131.00 -73.00 205.00 573.00 -189.00 -1072.00 0
1540 -3.48 -3.13 17.88 -137.00 -54.00 216.00 573.00 -189.00 -1072.00 0
1549 -2.71 -4.38 17.04 -131.00 -38.00 219.00 573.00 -189.00 -1072.00 0
1558 -3.13 -8.35 13.91 -139.00 -33.00 216.00 573.00 -189.00 -1072.00 0
1567 -4.24 -8.97 13.70 -133.00 -28.00 204.00 573.00 -189.00 -1072.00 0
1576 -5.63 -9.32 14.12 -130.00 -35.00 197.00 573.00 -189.00 -1072.00 0
1586 -7.58 -9.53 14.75 -130.00 -56.00 193.00 573.00 -189.00 -1072.00 0
1595 -10.30 -9.18 15.37 -138.00 -69.00 191.00 573.00 -189.00 -1072.00 0
1604 -13.77 -8.42 15.65 -147.00 -97.00 184.00 573.00 -189.00 -1072.00 0
1614 -21.08 -6.75 14.33 -153.00 -113.00 197.00 573.00 -189.00 -1072.00 0
1624 -23.30 -6.40 12.94 -156.00 -116.00 200.00 573.00 -189.00 -1072.00 0
1633 -24.21 -7.86 11.13 -140.00 -100.00 193.00 573.00 -189.00 -1072.00 0
1642 -22.68 -10.92 9.18 -122.00 -86.00 195.00 573.00 -189.00 -1072.00 0
1651 -18.99 -14.33 7.72 -114.00 -83.00 197.00 573.00 -189.00 -1072.00 0
1660 -14.40 -17.11 7.17 -106.00 -77.00 194.00 573.00 -189.00 -1072.00 0
1671 -4.24 -20.10 7.17 -95.00 -66.00 200.00 573.00 -189.00 -1072.00 0
1680 1.04 -20.52 6.75 -91.00 -49.00 202.00 573.00 -189.00 -1072.00 0
1689 5.77 -20.17 5.98 -93.00 -30.00 207.00 573.00 -189.00 -1072.00 0
1698 9.18 -19.20 5.22 -94.00 -24.00 207.00 573.00 -189.00 -1072.00 0
1708 10.78 -17.25 4.59 -117.00 -26.00 229.00 573.00 -189.00 -1072.00 0
1717 10.50 -13.29 3.55 -133.00 -44.00 237.00 573.00 -189.00 -1072.00 0
1726 4.38 -12.94 1.88 -129.00 -53.00 225.00 573.00 -189.00 -1072.00 0
1735 0.83 -13.84 -0.56 -128.00 -56.00 225.00 573.00 -189.00 -1072.00 0
1744 -1.67 -15.44 -2.92 -122.00 -51.00 220.00 573.00 -189.00 -1072.00 0
1754 -3.27 -17.67 -4.94 -111.00 -55.00 220.00 573.00 -189.00 -1072.00 0
1763 -4.17 -20.03 -6.61 -109.00 -58.00 213.00 573.00 -189.00 -1072.00 0
1772 -5.43 -24.83 -8.35 -98.00 -65.00 208.00 573.00 -189.00 -1072.00 0
1781 -5.84 -26.92 -8.90 -91.00 -65.00 197.00 573.00 -189.00 -1072.00 0
1790 -5.77 -28.52 -9.25 -92.00 -62.00 205.00 573.00 -189.00 -1072.00 0
1800 -5.50 -29.77 -9.60 -97.00 -57.00 212.00 573.00 -189.00 -1072.00 0
1810 -5.77 -31.30 -10.50 -94.00 -56.00 212.00 573.00 -189.00 -1072.00 0
1819 -6.61 -32.97 -11.69 -114.00 -52.00 234.00 573.00 -189.00 -1072.00 0
1828 -9.18 -36.94 -14.26 -114.00 -47.00 237.00 573.00 -189.00 -1072.00 0
1838 -11.06 -40.70 -15.93 -128.00 -48.00 273.00 573.00 -189.00 -1072.00 0
1847 -13.43 -45.98 -17.67 -154.00 -47.00 298.00 573.00 -189.00 -1072.00 0
1856 -17.60 -54.33 -20.24 -139.00 -55.00 289.00 573.00 -189.00 -1072.00 0
1865 -23.23 -66.92 -23.86 -96.00 -73.00 229.00 573.00 -189.00 -1072.00 0
1875 -28.94 -81.39 -27.76 -53.00 -85.00 171.00 573.00 -189.00 -1072.00 0
1885 -34.85 -103.44 -33.39 -14.00 -88.00 131.00 573.00 -189.00 -1072.00 0
1894 -33.32 -106.16 -34.57 -4.00 -81.00 122.00 573.00 -189.00 -1072.00 0
1903 -28.66 -102.68 -33.88 -6.00 -63.00 141.00 573.00 -189.00 -1072.00 0
1912 -21.91 -94.26 -32.00 -18.00 -56.00 170.00 573.00 -189.00 -1072.00 0
1922 -15.79 -82.85 -29.57 -29.00 -55.00 189.00 573.00 -189.00 -1072.00 0
1931 -11.20 -56.83 -22.47 -45.00 -63.00 208.00 573.00 -189.00 -1072.00 0
1941 -6.26 -44.17 -18.09 -62.00 -65.00 231.00 573.00 -189.00 -1072.00 0
1950 -4.80 -33.04 -14.05 -73.00 -72.00 248.00 573.00 -189.00 -1072.00 0
1959 -4.17 -24.28 -10.92 -69.00 -73.00 240.00 573.00 -189.00 -1072.00 0
1969 -3.76 -17.95 -8.70 -61.00 -67.00 226.00 573.00 -189.00 -1072.00 0
1978 -2.85 -13.70 -6.96 -47.00 -64.00 211.00 573.00 -189.00 -1072.00 0
1987 -1.46 -8.07 -3.97 -42.00 -62.00 194.00 573.00 -189.00 -1072.00 0
1996 -0.14 -5.22 -2.85 -22.00 -40.00 177.00 573.00 -189.00 -1072.00 0
2006 0.21 -2.02 -1.74 4.00 -8.00 148.00 573.00 -189.00 -1072.00 0
2015 -0.28 2.78 0.70 126.00 129.00 38.00 573.00 -189.00 -1072.00 0
2024 -1.60 12.52 8.07 154.00 70.00 -110.00 573.00 -189.00 -1072.00 0
2033 -6.61 35.62 28.03 136.00 -200.00 -325.00 573.00 -189.00 -1072.00 0
2042 -19.90 81.25 74.99 -24.00 -150.00 -319.00 573.00 -189.00 -1072.00 0
2052 3.76 233.39 96.14 -192.00 16.00 21.00 573.00 -189.00 -1072.00 1
2062 48.90 305.95 117.50 -1745.00 -15.00 2580.00 611.00 -256.00 -1052.00 1
2074 80.97 358.05 134.19 -275.00 -337.00 388.00 611.00 -256.00 -1052.00 1
2085 23.79 202.64 50.92 -63.00 -3.00 31.00 611.00 -256.00 -1052.00 1
2098 43.48 160.42 47.23 -156.00 -16.00 204.00 611.00 -256.00 -1052.00 1
2109 51.34 102.68 47.58 -173.00 -42.00 225.00 611.00 -256.00 -1052.00 1
2121 43.97 85.08 40.07 -181.00 -39.00 176.00 611.00 -256.00 -1052.00 1
2132 33.81 56.21 26.30 -105.00 -12.00 147.00 611.00 -256.00 -1052.00 1
2144 29.22 43.62 20.03 -136.00 0.00 185.00 611.00 -256.00 -1052.00 1
2156 21.22 27.90 14.89 -131.00 13.00 189.00 611.00 -256.00 -1052.00 1
2167 13.84 19.34 8.77 -157.00 -26.00 213.00 611.00 -256.00 -1052.00 1
2179 -10.30 5.36 -3.06 -298.00 -59.00 344.00 611.00 -256.00 -1052.00 1
2191 -20.59 -10.64 -9.81 -297.00 -74.00 439.00 604.00 -247.00 -1079.00 0
2200 -31.58 -41.46 -22.75 -250.00 -65.00 283.00 604.00 -247.00 -1079.00 0
2209 -44.03 -75.62 -36.31 -118.00 -60.00 143.00 604.00 -247.00 -1079.00 0
2219 -54.05 -140.10 -53.98 -67.00 -69.00 83.00 604.00 -247.00 -1079.00 0
2228 -54.75 -156.66 -57.60 -45.00 -72.00 81.00 604.00 -247.00 -1079.00 0
2237 -52.10 -161.74 -58.30 -39.00 -66.00 76.00 604.00 -247.00 -1079.00 0
2247 -46.75 -157.43 -56.70 -18.00 -71.00 66.00 604.00 -247.00 -1079.00 0
2256 -39.65 -145.67 -53.22 10.00 -52.00 63.00 541.00 -199.00 -1014.00 0
2266 -19.76 -106.71 -42.50 12.00 -21.00 97.00 541.00 -199.00 -1014.00 0
2275 -9.74 -81.46 -34.92 -52.00 -33.00 168.00 541.00 -199.00 -1014.00 0
2284 -3.41 -54.89 -26.71 -90.00 -30.00 229.00 541.00 -199.00 -1014.00 0
2293 0.14 -32.42 -20.17 -130.00 -40.00 276.00 541.00 -199.00 -1014.00 0
2302 1.04 -15.86 -15.17 -153.00 -51.00 307.00 541.00 -199.00 -1014.00 0
2312 0.83 -6.19 -11.41 -153.00 -65.00 281.00 541.00 -199.00 -1014.00 0
2321 -3.97 -4.17 -7.58 -137.00 -74.00 252.00 551.00 -201.00 -1260.00 0
2330 -5.77 -7.93 -7.10 -121.00 -81.00 221.00 551.00 -201.00 -1260.00 0
2340 -6.26 -12.31 -6.89 -104.00 -72.00 195.00 551.00 -201.00 -1260.00 0
2350 -5.08 -15.86 -6.89 -91.00 -75.00 185.00 551.00 -201.00 -1260.00 0
2359 -3.48 -17.53 -6.61 -75.00 -73.00 182.00 551.00 -201.00 -1260.00 0
2368 -1.39 -17.32 -5.98 -76.00 -60.00 171.00 551.00 -201.00 -1260.00 0
2377 4.03 -13.84 -4.45 -63.00 -51.00 174.00 551.00 -201.00 -1260.00 0
2386 6.75 -12.31 -4.87 -67.00 -37.00 192.00 545.00 -202.00 -1014.00 0
2396 7.65 -10.09 -5.98 -96.00 -42.00 230.00 545.00 -202.00 -1014.00 0
2405 6.54 -7.58 -6.89 -105.00 -47.00 246.00 545.00 -202.00 -1014.00 0
2414 4.31 -6.33 -7.37 -122.00 -56.00 259.00 545.00 -202.00 -1014.00 0
2423 1.95 -6.61 -7.51 -124.00 -59.00 255.00 545.00 -202.00 -1014.00 0
2433 -2.50 -13.50 -8.77 -111.00 -58.00 230.00 545.00 -202.00 -1014.00 0
2442 -4.38 -18.78 -10.09 -94.00 -66.00 210.00 545.00 -202.00 -1014.00 0
2451 -5.77 -23.44 -11.13 -83.00 -72.00 196.00 537.00 -193.00 -1025.00 0
2460 -6.33 -26.85 -11.83 -80.00 -70.00 194.00 537.00 -193.00 -1025.00 0
2469 -6.26 -28.59 -12.59 -76.00 -70.00 200.00 537.00 -193.00 -1025.00 0
2479 -5.29 -29.22 -13.29 -89.00 -70.00 214.00 537.00 -193.00 -1025.00 0
2488 -2.02 -27.97 -14.68 -83.00 -72.00 218.00 537.00 -193.00 -1025.00 0
2498 0.07 -27.41 -15.58 -84.00 -66.00 219.00 537.00 -193.00 -1025.00 0
2507 2.02 -26.92 -16.42 -84.00 -59.00 220.00 537.00 -193.00 -1025.00 0
2516 3.69 -26.37 -17.32 -84.00 -58.00 218.00 537.00 -192.00 -964.00 0
2526 4.94 -25.81 -18.02 -78.00 -52.00 220.00 522.00 -192.00 -964.00 0
2535 6.12 -25.46 -18.23 -79.00 -48.00 214.00 522.00 -192.00 -964.00 0
2544 8.07 -24.00 -17.04 -74.00 -46.00 219.00 522.00 -192.00 -964.00 0
2553 8.63 -23.51 -16.00 -70.00 -52.00 219.00 522.00 -192.00 -964.00 0
2563 8.49 -23.30 -14.96 -66.00 -52.00 214.00 522.00 -192.00 -964.00 0
2572 7.79 -23.17 -13.98 -64.00 -55.00 202.00 522.00 -192.00 -964.00 0
2581 6.54 -22.47 -13.01 -62.00 -63.00 205.00 522.00 -192.00 -964.00 0
2590 5.01 -20.94 -12.03 -68.00 -70.00 213.00 522.00 -192.00 -964.00 0
2599 1.60 -15.03 -10.43 -73.00 -68.00 215.00 522.00 -192.00 -964.00 0
2609 0.97 -12.10 -9.95 -70.00 -64.00 214.00 522.00 -192.00 -964.00 0
2618 1.39 -9.67 -9.32 -70.00 -58.00 215.00 522.00 -192.00 -964.00 0
2627 2.37 -7.51 -8.42 -68.00 -55.00 219.00 522.00 -192.00 -964.00 0
2636 3.06 -5.77 -7.37 -72.00 -52.00 222.00 522.00 -192.00 -964.00 0
2646 3.48 -4.17 -6.33 -77.00 -53.00 231.00 522.00 -192.00 -964.00 0
2655 3.41 -2.78 -5.43 -70.00 -55.00 223.00 515.00 -193.00 -726.00 0
2664 2.50 -1.74 -4.24 -69.00 -59.00 219.00 515.00 -193.00 -726.00 0
2673 1.81 -1.39 -3.83 -66.00 -57.00 220.00 515.00 -193.00 -726.00 0
2681 1.74 -1.04 -3.41 -69.00 -53.00 230.00 515.00 -193.00 -726.00 0
2691 1.60 -0.42 -3.13 -72.00 -62.00 230.00 515.00 -193.00 -726.00 0
2700 1.04 0.28 -2.92 -73.00 -55.00 232.00 515.00 -193.00 -726.00 0
2709 1.11 0.63 -2.71 -77.00 -50.00 232.00 515.00 -193.00 -726.00 0
2718 1.60 0.70 -1.53 -77.00 -55.00 220.00 515.00 -193.00 -726.00 0
2727 1.88 0.63 -1.18 -69.00 -48.00 218.00 515.00 -193.00 -726.00 0
2737 2.16 0.49 -1.11 -74.00 -52.00 208.00 515.00 -193.00 -726.00 0
2746 1.95 0.83 -0.83 -80.00 -53.00 223.00 515.00 -193.00 -726.00 0
2755 1.67 0.97 -0.56 -87.00 -55.00 217.00 515.00 -193.00 -726.00 0
2764 0.56 1.11 -0.83 -81.00 -58.00 223.00 515.00 -193.00 -726.00 0
2774 -0.28 0.83 -1.32 -83.00 -58.00 212.00 515.00 -193.00 -726.00 0
2783 -0.42 0.83 -1.67 -87.00 -53.00 219.00 519.00 -193.00 -1405.00 0
2792 -0.21 1.11 -1.88 -93.00 -57.00 225.00 519.00 -193.00 -1405.00 0
2801 -0.21 1.25 -1.95 -99.00 -52.00 238.00 519.00 -193.00 -1405.00 0
2810 -0.14 0.83 -2.02 -100.00 -54.00 226.00 519.00 -193.00 -1405.00 0
2820 -0.90 -0.14 -2.16 -96.00 -55.00 221.00 519.00 -193.00 -1405.00 0
2829 -1.88 -1.39 -2.37 -101.00 -58.00 218.00 519.00 -193.00 -1405.00 0
2838 -2.78 -3.27 -2.37 -94.00 -64.00 213.00 519.00 -193.00 -1405.00 0
2847 -4.17 -3.97 -2.64 -85.00 -61.00 219.00 520.00 -195.00 -1161.00 0
2856 -3.90 -4.73 -2.71 -82.00 -55.00 227.00 520.00 -195.00 -1161.00 0
2866 -3.55 -5.36 -2.64 -75.00 -53.00 226.00 520.00 -195.00 -1161.00 0
2875 -3.48 -5.98 -2.92 -74.00 -56.00 231.00 520.00 -195.00 -1161.00 0
2884 -3.62 -6.54 -3.13 -84.00 -47.00 239.00 520.00 -195.00 -1161.00 0
2893 -3.83 -7.37 -3.34 -78.00 -50.00 237.00 520.00 -195.00 -1161.00 0
2903 -6.19 -10.64 -4.80 -71.00 -57.00 226.00 520.00 -195.00 -1161.00 0
2912 -7.51 -12.38 -5.36 -74.00 -61.00 220.00 510.00 -190.00 -1294.00 0
2921 -8.56 -13.77 -5.50 -73.00 -66.00 214.00 510.00 -190.00 -1294.00 0
2930 -9.39 -14.68 -5.91 -71.00 -64.00 215.00 510.00 -190.00 -1294.00 0
2939 -9.46 -15.44 -6.40 -69.00 -58.00 214.00 510.00 -190.00 -1294.00 0
2949 -8.97 -16.07 -6.54 -65.00 -58.00 213.00 510.00 -190.00 -1294.00 0
2958 -8.56 -16.90 -6.40 -63.00 -64.00 206.00 510.00 -190.00 -1294.00 0
2967 -8.35 -16.42 -6.19 -64.00 -64.00 214.00 510.00 -190.00 -1294.00 0
2976 -7.72 -15.37 -5.77 -77.00 -61.00 225.00 507.00 -188.00 -1012.00 0
2985 -7.17 -14.26 -5.63 -77.00 -60.00 233.00 507.00 -188.00 -1012.00 0
2995 -6.61 -13.50 -5.91 -77.00 -57.00 236.00 507.00 -188.00 -1012.00 0
3004 -5.98 -13.29 -6.19 -70.00 -51.00 234.00 507.00 -188.00 -1012.00 0
3013 -5.43 -14.89 -6.19 -74.00 -54.00 227.00 507.00 -188.00 -1012.00 0
3022 -6.26 -16.21 -6.47 -67.00 -58.00 224.00 507.00 -188.00 -1012.00 0
3032 -7.03 -17.88 -6.82 -57.00 -55.00 207.00 507.00 -188.00 -1012.00 0
3041 -7.44 -19.55 -6.82 -48.00 -58.00 196.00 507.00 -182.00 -903.00 0
3050 -8.07 -20.59 -6.54 -37.00 -59.00 188.00 499.00 -182.00 -903.00 0
3059 -8.56 -20.66 -6.19 -32.00 -58.00 176.00 499.00 -182.00 -903.00 0
3068 -8.00 -16.49 -4.45 4.00 -34.00 125.00 499.00 -182.00 -903.00 0
3078 -7.10 -10.37 -1.95 37.00 -3.00 84.00 499.00 -182.00 -903.00 0
3087 -5.77 1.81 3.48 49.00 46.00 161.00 499.00 -182.00 -903.00 0
3096 -6.89 22.68 13.29 106.00 6.00 -35.00 499.00 -182.00 -903.00 0
3105 -12.94 57.39 30.26 152.00 -16.00 -238.00 499.00 -182.00 -903.00 0
3115 -13.50 107.97 54.68 -14.00 -29.00 -166.00 499.00 -182.00 -903.00 0
3124 17.67 245.15 109.08 -185.00 8.00 -44.00 499.00 -182.00 -903.00 1
3135 41.81 304.35 126.82 -2289.00 -432.00 2312.00 499.00 -182.00 -903.00 1
3147 47.72 315.69 122.64 273.00 -131.00 -264.00 499.00 -182.00 -903.00 1
3160 9.39 167.30 44.52 -243.00 35.00 345.00 499.00 -182.00 -903.00 1
3171 32.42 136.56 50.92 -198.00 18.00 168.00 499.00 -182.00 -903.00 1
3182 31.51 85.70 43.90 -216.00 -79.00 204.00 499.00 -182.00 -903.00 1
3194 22.12 68.24 33.18 -186.00 -34.00 221.00 499.00 -182.00 -903.00 1
3206 19.06 40.35 13.84 -285.00 -38.00 382.00 499.00 -182.00 -903.00 1
3217 16.07 27.41 5.84 -387.00 13.00 474.00 499.00 -182.00 -903.00 0
3226 9.67 -0.28 -7.44 -210.00 33.00 285.00 499.00 -182.00 -903.00 0
3235 -14.54 -88.42 -39.10 -114.00 -12.00 149.00 499.00 -182.00 -903.00 0
3245 -29.77 -123.41 -47.93 -26.00 -74.00 52.00 499.00 -182.00 -903.00 0
3254 -41.67 -144.90 -52.38 -1.00 -93.00 29.00 499.00 -182.00 -903.00 0
3263 -44.66 -151.10 -51.48 -6.00 -82.00 59.00 499.00 -182.00 -903.00 0
3272 -39.51 -146.43 -46.61 -20.00 -63.00 83.00 499.00 -182.00 -903.00 0
3281 -30.75 -135.10 -41.18 20.00 -35.00 86.00 499.00 -182.00 -903.00 0
3291 -17.81 -100.94 -34.71 7.00 -33.00 104.00 499.00 -182.00 -903.00 0
3301 -13.98 -78.26 -29.84 -55.00 -59.00 156.00 499.00 -182.00 -903.00 0
3310 -11.27 -53.77 -23.58 -101.00 -54.00 221.00 499.00 -182.00 -903.00 0
3319 -7.79 -32.14 -18.30 -147.00 -56.00 281.00 499.00 -182.00 -903.00 0
3329 -4.52 -17.25 -15.03 -146.00 -43.00 289.00 499.00 -182.00 -903.00 0
3338 -1.60 -9.39 -13.70 -145.00 -39.00 270.00 499.00 -182.00 -903.00 0
3347 -0.56 -5.43 -10.85 -134.00 -53.00 255.00 499.00 -182.00 -903.00 0
3356 -0.63 -7.72 -9.32 -127.00 -50.00 236.00 499.00 -182.00 -903.00 0
3365 -0.70 -11.13 -8.70 -99.00 -50.00 215.00 499.00 -182.00 -903.00 0
3375 -1.46 -14.75 -8.90 -87.00 -56.00 197.00 499.00 -182.00 -903.00 0
3384 -2.57 -17.46 -9.11 -70.00 -61.00 181.00 499.00 -182.00 -903.00 0
3393 -3.41 -19.20 -8.97 -70.00 -60.00 177.00 499.00 -182.00 -903.00 0
3402 -3.90 -18.16 -8.56 -73.00 -55.00 188.00 499.00 -182.00 -903.00 0
3411 -3.62 -15.72 -8.83 -77.00 -54.00 199.00 499.00 -182.00 -903.00 0
3421 -2.92 -12.59 -8.77 -87.00 -42.00 211.00 499.00 -182.00 -903.00 0
3430 -1.67 -9.18 -7.79 -105.00 -43.00 231.00 499.00 -182.00 -903.00 0
3439 -1.11 -6.33 -6.68 -110.00 -49.00 234.00 550.00 -203.00 -817.00 0
3448 -1.81 -4.80 -6.12 -111.00 -60.00 234.00 550.00 -203.00 -817.00 0
3458 -2.71 -4.45 -5.91 -105.00 -61.00 221.00 550.00 -203.00 -817.00 0
3467 -2.57 -5.84 -5.43 -97.00 -57.00 209.00 550.00 -203.00 -817.00 0
3476 -2.09 -6.96 -5.22 -93.00 -59.00 208.00 550.00 -203.00 -817.00 0
3485 -1.67 -7.93 -5.08 -91.00 -58.00 201.00 550.00 -203.00 -817.00 0
3494 -1.25 -8.56 -5.08 -90.00 -59.00 201.00 550.00 -203.00 -817.00 0
3504 -1.04 -8.77 -5.29 -91.00 -56.00 206.00 543.00 -207.00 -1014.00 0
3513 -0.70 -8.42 -5.43 -88.00 -58.00 213.00 543.00 -207.00 -1014.00 0
3522 0.07 -6.75 -5.70 -93.00 -59.00 217.00 543.00 -207.00 -1014.00 0
3530 0.77 -5.50 -5.63 -94.00 -57.00 217.00 543.00 -207.00 -1014.00 0
3539 1.67 -4.45 -5.43 -97.00 -54.00 216.00 543.00 -207.00 -1014.00 0
3549 2.37 -3.55 -5.29 -98.00 -54.00 220.00 543.00 -207.00 -1014.00 0
3558 2.92 -2.99 -5.36 -98.00 -46.00 231.00 543.00 -207.00 -1014.00 0
3567 3.06 -2.92 -5.70 -97.00 -43.00 229.00 543.00 -206.00 -930.00 0
3576 2.57 -3.27 -6.19 -95.00 -48.00 222.00 543.00 -206.00 -930.00 0
3586 0.63 -5.43 -5.91 -91.00 -52.00 216.00 543.00 -206.00 -930.00 0
3595 -0.21 -6.89 -5.57 -88.00 -54.00 207.00 543.00 -206.00 -930.00 0
3604 -0.70 -8.28 -5.29 -82.00 -55.00 200.00 543.00 -206.00 -930.00 0
3613 -1.18 -9.32 -4.94 -84.00 -58.00 201.00 543.00 -206.00 -930.00 0
3622 -1.81 -9.53 -4.80 -89.00 -58.00 208.00 543.00 -206.00 -930.00 0
3632 -2.50 -8.97 -4.80 -93.00 -56.00 217.00 543.00 -204.00 -1035.00 0
3641 -2.85 -7.30 -5.01 -105.00 -56.00 228.00 539.00 -204.00 -1035.00 0
3650 -2.64 -7.10 -5.15 -97.00 -53.00 219.00 539.00 -204.00 -1035.00 0
3659 -2.23 -7.51 -5.50 -89.00 -47.00 219.00 539.00 -204.00 -1035.00 0
3668 -1.32 -8.42 -5.63 -90.00 -48.00 223.00 539.00 -204.00 -1035.00 0
3678 -0.70 -9.32 -5.50 -84.00 -51.00 223.00 539.00 -204.00 -1035.00 0
3687 -0.56 -10.09 -5.36 -85.00 -49.00 216.00 539.00 -204.00 -1035.00 0
3696 -0.90 -11.90 -5.29 -80.00 -57.00 211.00 539.00 -204.00 -1035.00 0
3705 -1.74 -12.31 -5.22 -81.00 -63.00 208.00 539.00 -204.00 -1035.00 0
3715 -2.71 -12.31 -5.43 -83.00 -66.00 212.00 539.00 -204.00 -1035.00 0
3724 -3.27 -11.90 -5.84 -83.00 -64.00 212.00 539.00 -204.00 -1035.00 0
3733 -3.27 -10.92 -6.33 -90.00 -63.00 218.00 539.00 -204.00 -1035.00 0
3742 -2.92 -9.67 -6.89 -90.00 -56.00 215.00 539.00 -204.00 -1035.00 0
3751 -0.07 -8.21 -7.58 -90.00 -43.00 223.00 539.00 -204.00 -1035.00 0
3761 1.67 -8.07 -7.51 -96.00 -35.00 224.00 539.00 -204.00 -1035.00 0
3770 2.30 -8.28 -7.51 -100.00 -41.00 237.00 539.00 -204.00 -1035.00 0
3779 2.02 -8.83 -7.58 -105.00 -40.00 238.00 539.00 -204.00 -1035.00 0
3788 1.32 -9.95 -7.44 -109.00 -43.00 241.00 539.00 -204.00 -1035.00 0
3799 0.21 -11.83 -7.51 -103.00 -54.00 231.00 539.00 -204.00 -1035.00 0
3808 -1.60 -16.00 -8.70 -92.00 -56.00 226.00 539.00 -204.00 -1035.00 0
3817 -3.97 -17.74 -9.04 -77.00 -61.00 206.00 539.00 -204.00 -1035.00 0
3826 -4.87 -18.85 -8.97 -68.00 -72.00 198.00 539.00 -204.00 -1035.00 0
3835 -6.05 -19.27 -9.11 -61.00 -75.00 189.00 539.00 -204.00 -1035.00 0
3845 -6.54 -18.78 -9.46 -57.00 -66.00 191.00 539.00 -204.00 -1035.00 0
3854 -6.12 -17.46 -9.39 -71.00 -58.00 204.00 539.00 -204.00 -1035.00 0
3863 -4.94 -15.51 -8.42 -70.00 -52.00 212.00 539.00 -204.00 -1035.00 0
3872 -2.16 -12.80 -7.79 -65.00 -46.00 213.00 539.00 -204.00 -1035.00 0
3881 -0.83 -11.48 -6.96 -68.00 -41.00 212.00 539.00 -204.00 -1035.00 0
3891 0.77 -10.09 -5.84 -68.00 -41.00 209.00 539.00 -204.00 -1035.00 0
3900 1.53 -8.35 -4.87 -79.00 -43.00 203.00 539.00 -204.00 -1035.00 0
3909 1.53 -6.75 -4.38 -86.00 -58.00 240.00 539.00 -204.00 -1035.00 0
3918 1.04 -6.47 -4.80 -95.00 -69.00 228.00 539.00 -204.00 -1035.00 0
3928 -2.37 -4.45 -5.84 -89.00 -66.00 232.00 539.00 -204.00 -1035.00 0
3937 -1.81 -4.52 -5.63 -97.00 -65.00 234.00 539.00 -204.00 -1035.00 0
3946 -1.53 -5.01 -5.77 -86.00 -62.00 226.00 539.00 -204.00 -1035.00 0
3955 -1.11 -6.68 -6.61 -79.00 -57.00 216.00 539.00 -204.00 -1035.00 0
3964 -0.14 -8.63 -7.23 -72.00 -53.00 211.00 517.00 -196.00 -1125.00 0
3974 1.11 -9.88 -7.30 -65.00 -53.00 215.00 517.00 -196.00 -1125.00 0
3983 2.02 -10.23 -7.72 -65.00 -52.00 212.00 517.00 -196.00 -1125.00 0
3992 1.88 -9.39 -7.72 -64.00 -51.00 214.00 517.00 -196.00 -1125.00 0
4001 1.95 -8.07 -7.23 -72.00 -51.00 218.00 517.00 -196.00 -1125.00 0
4011 1.74 -6.40 -6.68 -82.00 -52.00 226.00 517.00 -196.00 -1125.00 0
4020 0.97 -4.87 -6.26 -92.00 -53.00 238.00 517.00 -196.00 -1125.00 0
4029 0.49 -4.17 -5.91 -96.00 -54.00 242.00 517.00 -195.00 -1135.00 0
4038 0.49 -6.19 -5.36 -86.00 -54.00 240.00 517.00 -195.00 -1135.00 0
4047 0.35 -8.35 -5.63 -86.00 -50.00 230.00 517.00 -195.00 -1135.00 0
4057 -0.14 -10.02 -5.91 -76.00 -54.00 220.00 517.00 -195.00 -1135.00 0
4066 -0.97 -11.34 -6.19 -63.00 -53.00 208.00 517.00 -195.00 -1135.00 0
4075 -2.02 -12.38 -6.40 -68.00 -58.00 204.00 517.00 -195.00 -1135.00 0
4084 -3.20 -12.45 -6.40 -65.00 -60.00 212.00 517.00 -195.00 -1135.00 0
4093 -3.90 -11.06 -6.26 -66.00 -56.00 217.00 512.00 -190.00 -1105.00 0
4103 -3.90 -10.16 -6.05 -69.00 -50.00 221.00 512.00 -190.00 -1105.00 0
4112 -3.55 -9.11 -5.77 -80.00 -49.00 230.00 512.00 -190.00 -1105.00 0
4121 -3.27 -8.42 -5.50 -90.00 -59.00 248.00 512.00 -190.00 -1105.00 0
4130 -3.41 -8.70 -5.63 -87.00 -61.00 249.00 512.00 -190.00 -1105.00 0
4140 -3.69 -10.37 -6.47 -80.00 -58.00 238.00 512.00 -190.00 -1105.00 0
4149 -3.69 -16.56 -8.42 -76.00 -58.00 224.00 512.00 -190.00 -1105.00 0
4158 -3.90 -19.55 -9.32 -74.00 -55.00 227.00 504.00 -187.00 -1218.00 0
4167 -4.03 -22.19 -10.30 -72.00 -54.00 234.00 504.00 -187.00 -1218.00 0
4177 -4.31 -25.18 -11.27 -76.00 -51.00 235.00 504.00 -187.00 -1218.00 0
4187 -4.87 -28.52 -12.52 -69.00 -46.00 228.00 504.00 -187.00 -1218.00 0
4196 -5.57 -32.56 -13.70 -57.00 -57.00 226.00 504.00 -187.00 -1218.00 0
4205 -6.54 -40.90 -15.72 -54.00 -60.00 213.00 504.00 -187.00 -1218.00 0
4214 -7.17 -42.50 -15.65 -53.00 -65.00 214.00 504.00 -187.00 -1218.00 0
4224 -7.17 -43.06 -15.51 -48.00 -70.00 214.00 480.00 -177.00 -1192.00 0
4233 -6.47 -42.71 -15.86 -56.00 -64.00 217.00 480.00 -177.00 -1192.00 0
4242 -5.22 -41.32 -16.21 -61.00 -64.00 228.00 480.00 -177.00 -1192.00 0
4251 -3.41 -39.86 -16.77 -49.00 -61.00 227.00 480.00 -177.00 -1192.00 0
4260 0.77 -39.17 -19.13 -43.00 -52.00 218.00 480.00 -177.00 -1192.00 0
4271 2.92 -38.05 -19.48 -39.00 -50.00 221.00 480.00 -177.00 -1192.00 0
4280 4.45 -36.17 -19.13 -49.00 -52.00 225.00 480.00 -177.00 -1192.00 0
4289 4.94 -33.46 -18.43 -51.00 -58.00 238.00 462.00 -176.00 -1222.00 0
4298 5.08 -31.03 -17.74 -46.00 -56.00 233.00 462.00 -176.00 -1222.00 0
4307 4.94 -29.29 -17.11 -46.00 -51.00 230.00 462.00 -176.00 -1222.00 0
4317 3.69 -28.17 -16.07 -37.00 -51.00 223.00 462.00 -176.00 -1222.00 0
4326 2.57 -28.59 -16.07 -26.00 -51.00 211.00 462.00 -176.00 -1222.00 0
4335 1.25 -28.17 -15.79 -19.00 -46.00 199.00 462.00 -176.00 -1222.00 0
4344 0.00 -26.23 -14.89 -14.00 -31.00 201.00 462.00 -176.00 -1222.00 0
4354 -0.83 -23.93 -13.57 -19.00 -27.00 199.00 453.00 -171.00 -1086.00 0
4364 -2.92 -20.73 -12.24 24.00 23.00 179.00 453.00 -171.00 -1086.00 0
4373 -9.60 -11.41 -5.50 75.00 99.00 132.00 453.00 -171.00 -1086.00 0
4382 -15.10 0.42 8.00 121.00 131.00 23.00 453.00 -171.00 -1086.00 0
4391 -26.16 24.97 32.56 99.00 -10.00 -86.00 453.00 -171.00 -1086.00 0
4401 -44.10 64.07 61.22 99.00 -153.00 -286.00 453.00 -171.00 -1086.00 0
4410 -62.75 120.70 86.82 -9.00 -161.00 -271.00 453.00 -171.00 -1086.00 0
4419 -64.07 271.37 131.06 -235.00 -37.00 -69.00 590.00 -236.00 -935.00 1
4430 13.98 343.17 148.45 -620.00 56.00 573.00 590.00 -236.00 -935.00 1
4441 59.97 391.44 159.03 -799.00 -258.00 1619.00 590.00 -236.00 -935.00 0
4450 61.91 327.37 125.91 107.00 -116.00 -462.00 590.00 -236.00 -935.00 0
4459 24.28 226.02 81.74 -103.00 37.00 302.00 590.00 -236.00 -935.00 0
4468 46.26 188.17 85.36 -259.00 14.00 192.00 590.00 -236.00 -935.00 0
4478 41.88 156.59 77.43 -221.00 -55.00 144.00 590.00 -236.00 -935.00 0
4488 27.90 118.61 57.74 -180.00 -21.00 182.00 622.00 -267.00 -1091.00 0
4497 16.56 74.57 33.46 -35.00 69.00 237.00 622.00 -267.00 -1091.00 0
4506 11.90 27.69 6.68 -232.00 -56.00 358.00 622.00 -267.00 -1091.00 0
4515 -23.86 -22.82 -23.10 -224.00 -87.00 296.00 622.00 -267.00 -1091.00 0
4525 -38.54 -47.30 -35.48 -254.00 -89.00 312.00 622.00 -267.00 -1091.00 0
4534 -45.57 -75.55 -46.82 -104.00 -8.00 162.00 622.00 -267.00 -1091.00 0
4543 -48.70 -103.79 -57.67 -80.00 1.00 120.00 622.00 -267.00 -1091.00 0
4552 -49.67 -123.27 -61.22 -68.00 -80.00 105.00 569.00 -201.00 -1029.00 0
4562 -53.36 -132.52 -58.85 -65.00 -100.00 117.00 569.00 -201.00 -1029.00 0
4572 -50.30 -127.51 -49.74 -76.00 -81.00 156.00 569.00 -201.00 -1029.00 0
4581 -41.18 -118.05 -46.05 -74.00 -37.00 196.00 569.00 -201.00 -1029.00 0
4590 -31.23 -107.62 -42.99 -73.00 -19.00 195.00 569.00 -201.00 -1029.00 0
4599 -24.83 -96.90 -40.07 -75.00 -42.00 189.00 569.00 -201.00 -1029.00 0
4610 -22.68 -86.82 -36.73 -76.00 -64.00 187.00 569.00 -201.00 -1029.00 0
4619 -22.26 -69.91 -29.08 -79.00 -80.00 194.00 539.00 -187.00 -925.00 0
4628 -20.94 -62.96 -26.23 -94.00 -84.00 205.00 539.00 -187.00 -925.00 0
4637 -19.48 -56.63 -24.56 -111.00 -89.00 238.00 539.00 -187.00 -925.00 0
4646 -17.39 -52.03 -23.79 -115.00 -83.00 252.00 539.00 -187.00 -925.00 0
4656 -14.82 -50.09 -24.14 -103.00 -76.00 251.00 539.00 -187.00 -925.00 0
4665 -12.24 -50.92 -25.46 -84.00 -71.00 229.00 539.00 -187.00 -925.00 0
4674 -7.51 -54.96 -27.97 -69.00 -72.00 208.00 539.00 -187.00 -925.00 0
4683 -5.63 -55.93 -28.59 -61.00 -65.00 193.00 515.00 -170.00 -1026.00 0
4692 -4.10 -55.65 -28.80 -54.00 -59.00 192.00 515.00 -170.00 -1026.00 0
4702 -2.57 -53.98 -27.97 -54.00 -61.00 198.00 515.00 -170.00 -1026.00 0
4711 -1.67 -51.27 -26.16 -53.00 -63.00 192.00 515.00 -170.00 -1026.00 0
4720 -1.39 -47.37 -23.93 -56.00 -65.00 193.00 515.00 -170.00 -1026.00 0
4730 -0.97 -36.31 -19.06 -57.00 -62.00 202.00 515.00 -170.00 -1026.00 0
4740 0.00 -29.36 -16.00 -65.00 -62.00 206.00 515.00 -170.00 -1026.00 0
4749 0.63 -22.33 -12.87 -65.00 -68.00 216.00 506.00 -168.00 -949.00 0
4758 0.56 -15.93 -10.37 -68.00 -74.00 222.00 506.00 -168.00 -949.00 0
4767 0.00 -10.64 -8.35 -76.00 -77.00 221.00 506.00 -168.00 -949.00 0
4776 -0.35 -6.61 -6.54 -75.00 -74.00 227.00 506.00 -168.00 -949.00 0
4785 0.00 -1.88 -4.31 -77.00 -70.00 230.00 506.00 -168.00 -949.00 0
4794 0.28 -0.97 -3.90 -78.00 -67.00 234.00 506.00 -168.00 -949.00 0
4803 0.56 -0.63 -3.62 -71.00 -61.00 227.00 506.00 -168.00 -949.00 0
4812 0.56 -0.77 -3.20 -72.00 -57.00 227.00 506.00 -168.00 -949.00 0
4822 0.07 -1.04 -2.85 -73.00 -64.00 217.00 506.00 -168.00 -949.00 0
4831 -1.04 -1.18 -2.57 -75.00 -67.00 221.00 506.00 -168.00 -949.00 0
4840 -2.09 -1.11 -2.50 -72.00 -69.00 225.00 506.00 -168.00 -949.00 0
4849 -3.41 -1.18 -2.57 -73.00 -80.00 222.00 506.00 -168.00 -949.00 0
4858 -3.62 -1.25 -2.50 -67.00 -80.00 221.00 506.00 -168.00 -949.00 0
4868 -3.41 -0.97 -2.23 -70.00 -82.00 208.00 506.00 -168.00 -949.00 0
4877 -2.92 0.07 -1.81 -67.00 -85.00 210.00 506.00 -168.00 -949.00 0
4886 -1.88 1.46 -1.53 -75.00 -80.00 212.00 506.00 -168.00 -949.00 0
4895 -0.49 3.41 -1.25 -72.00 -69.00 213.00 506.00 -168.00 -949.00 0
4904 1.67 5.77 -1.60 -74.00 -59.00 224.00 506.00 -168.00 -949.00 0
4914 5.29 5.70 -2.09 -72.00 -53.00 230.00 506.00 -168.00 -949.00 0
4923 5.36 4.94 -2.64 -68.00 -54.00 230.00 506.00 -168.00 -949.00 0
4931 4.52 3.41 -2.71 -78.00 -61.00 235.00 506.00 -168.00 -949.00 0
4940 2.78 1.53 -2.57 -72.00 -71.00 230.00 506.00 -168.00 -949.00 0
4950 0.07 -0.56 -3.06 -77.00 -68.00 228.00 506.00 -168.00 -949.00 0
4959 -2.16 -2.43 -3.69 -76.00 -64.00 230.00 506.00 -168.00 -949.00 0
4968 -4.52 -5.50 -3.27 -71.00 -71.00 220.00 506.00 -168.00 -949.00 0
4977 -5.84 -6.75 -2.99 -62.00 -75.00 202.00 506.00 -168.00 -949.00 0
4986 -6.61 -7.23 -2.92 -64.00 -80.00 205.00 506.00 -168.00 -949.00 0
4996 -6.54 -6.47 -2.64 -65.00 -73.00 216.00 506.00 -168.00 -949.00 0
5005 -5.84 -4.87 -2.37 -66.00 -71.00 206.00 506.00 -168.00 -949.00 0
5014 -5.08 -2.64 -1.67 -66.00 -67.00 211.00 509.00 -168.00 -898.00 0
5023 -3.76 -0.70 0.14 -66.00 -70.00 213.00 509.00 -168.00 -898.00 0
5032 -2.23 2.99 0.77 -74.00 -70.00 221.00 509.00 -168.00 -898.00 0
5042 -1.39 5.01 1.11 -84.00 -67.00 230.00 509.00 -168.00 -898.00 0
5051 -0.28 5.91 1.25 -80.00 -63.00 237.00 509.00 -168.00 -898.00 0
5060 0.28 5.43 0.83 -79.00 -64.00 224.00 509.00 -168.00 -898.00 0
5069 -0.07 4.24 0.21 -74.00 -59.00 221.00 509.00 -168.00 -898.00 0
5079 -0.63 2.37 -0.49 -69.00 -64.00 213.00 514.00 -169.00 -887.00 0
5088 -2.57 -0.70 -1.46 -71.00 -71.00 210.00 514.00 -169.00 -887.00 0
5096 -3.62 -1.32 -1.81 -65.00 -75.00 208.00 514.00 -169.00 -887.00 0
5105 -4.17 -1.46 -2.09 -64.00 -66.00 212.00 514.00 -169.00 -887.00 0
5114 -4.03 -1.11 -2.23 -72.00 -66.00 222.00 514.00 -169.00 -887.00 0
5124 -3.90 -0.14 -1.95 -81.00 -73.00 225.00 514.00 -169.00 -887.00 0
5133 -4.10 0.83 -1.53 -80.00 -74.00 225.00 514.00 -169.00 -887.00 0
5142 -4.17 1.25 -1.25 -81.00 -70.00 228.00 513.00 -171.00 -1268.00 0
5151 -2.71 0.90 -0.97 -77.00 -66.00 228.00 513.00 -171.00 -1268.00 0
5160 -2.09 0.42 -0.90 -74.00 -63.00 219.00 513.00 -171.00 -1268.00 0
5170 -2.02 0.07 -0.90 -74.00 -68.00 214.00 513.00 -171.00 -1268.00 0
5179 -2.30 -0.14 -0.90 -74.00 -65.00 219.00 513.00 -171.00 -1268.00 0
5188 -2.43 -0.97 -1.39 -74.00 -66.00 221.00 513.00 -171.00 -1268.00 0
5197 -2.64 -1.95 -2.02 -71.00 -66.00 217.00 513.00 -171.00 -1268.00 0
5207 -3.48 -3.97 -2.92 -75.00 -72.00 219.00 513.00 -174.00 -989.00 0
5216 -3.83 -4.66 -3.20 -73.00 -71.00 218.00 512.00 -174.00 -989.00 0
5225 -3.83 -5.22 -3.48 -72.00 -73.00 217.00 512.00 -174.00 -989.00 0
5234 -3.62 -5.29 -3.69 -77.00 -72.00 221.00 512.00 -174.00 -989.00 0
5243 -3.48 -5.08 -3.97 -78.00 -76.00 224.00 512.00 -174.00 -989.00 0
5253 -2.99 -5.08 -4.31 -75.00 -72.00 221.00 512.00 -174.00 -989.00 0
5262 -2.30 -5.43 -5.36 -73.00 -73.00 223.00 512.00 -174.00 -989.00 0
5271 -0.83 -6.33 -5.77 -79.00 -77.00 227.00 512.00 -174.00 -989.00 0
5280 0.14 -7.10 -6.61 -72.00 -72.00 229.00 512.00 -174.00 -989.00 0
5289 1.39 -8.07 -7.72 -75.00 -66.00 225.00 512.00 -174.00 -989.00 0
5299 2.64 -8.83 -8.70 -73.00 -65.00 225.00 512.00 -174.00 -989.00 0
5308 3.90 -9.95 -9.53 -67.00 -66.00 227.00 512.00 -174.00 -989.00 0
5316 4.45 -10.99 -10.30 -66.00 -66.00 212.00 512.00 -174.00 -989.00 0
5326 4.59 -11.76 -10.92 -64.00 -66.00 209.00 512.00 -174.00 -989.00 0
5336 4.73 -11.69 -10.92 -62.00 -66.00 211.00 512.00 -174.00 -989.00 0
5345 4.87 -11.20 -10.85 -63.00 -66.00 215.00 512.00 -174.00 -989.00 0
5354 5.15 -10.57 -10.50 -68.00 -64.00 219.00 512.00 -174.00 -989.00 0
5363 5.29 -10.02 -10.16 -70.00 -70.00 228.00 512.00 -174.00 -989.00 0
5372 5.22 -9.74 -10.09 -67.00 -66.00 229.00 512.00 -174.00 -989.00 0
5382 5.29 -10.16 -10.50 -70.00 -64.00 229.00 512.00 -174.00 -989.00 0
5391 6.40 -10.50 -10.37 -70.00 -56.00 226.00 512.00 -174.00 -989.00 0
5400 6.61 -11.06 -10.30 -69.00 -61.00 221.00 512.00 -174.00 -989.00 0
5409 6.47 -11.62 -10.02 -66.00 -63.00 218.00 512.00 -174.00 -989.00 0
5419 5.84 -11.90 -9.60 -73.00 -64.00 231.00 512.00 -174.00 -989.00 0
5428 5.01 -12.24 -9.25 -76.00 -71.00 239.00 512.00 -174.00 -989.00 0
5437 3.83 -13.08 -10.16 -74.00 -69.00 235.00 512.00 -174.00 -989.00 0
5446 2.02 -16.90 -11.06 -69.00 -70.00 231.00 512.00 -174.00 -989.00 0
5455 1.95 -19.83 -12.17 -53.00 -60.00 217.00 512.00 -174.00 -989.00 0
5465 2.99 -23.30 -13.36 -38.00 -51.00 200.00 512.00 -174.00 -989.00 0
5474 4.38 -26.37 -13.84 -31.00 -48.00 190.00 484.00 -167.00 -1183.00 0
5483 5.01 -27.76 -13.43 -32.00 -46.00 191.00 484.00 -167.00 -1183.00 0
5492 5.08 -27.13 -12.66 -32.00 -47.00 193.00 484.00 -167.00 -1183.00 0
5501 3.20 -20.24 -8.97 -34.00 -52.00 199.00 484.00 -167.00 -1183.00 0
5511 1.81 -14.75 -5.84 -52.00 -60.00 210.00 484.00 -167.00 -1183.00 0
5520 -0.28 -8.49 -2.78 -61.00 -68.00 226.00 484.00 -167.00 -1183.00 0
5529 -2.43 -2.78 -0.28 -45.00 -57.00 207.00 484.00 -167.00 -1183.00 0
5538 -4.10 2.09 1.95 23.00 5.00 130.00 492.00 -168.00 -1188.00 0
5548 -5.15 8.00 5.15 93.00 38.00 73.00 492.00 -168.00 -1188.00 0
5557 -11.13 50.71 32.90 125.00 76.00 -79.00 492.00 -168.00 -1188.00 0
5566 -15.65 94.82 61.36 145.00 22.00 -193.00 492.00 -168.00 -1188.00 0
5575 -18.78 151.65 92.80 -16.00 -45.00 -164.00 492.00 -168.00 -1188.00 0
5584 -15.58 218.92 120.63 -235.00 -71.00 -35.00 492.00 -168.00 -1188.00 1
5597 17.46 330.99 151.79 -2336.00 -554.00 2296.00 492.00 -168.00 -1188.00 1
5608 10.50 280.77 111.23 195.00 -96.00 -169.00 492.00 -168.00 -1188.00 1
5620 12.10 145.81 51.69 -255.00 39.00 252.00 492.00 -168.00 -1188.00 1
5632 29.29 119.51 54.89 -149.00 -19.00 192.00 492.00 -168.00 -1188.00 1
5643 25.46 93.15 38.75 -177.00 -79.00 196.00 492.00 -168.00 -1188.00 1
5655 13.98 65.60 31.10 -160.00 -27.00 193.00 492.00 -168.00 -1188.00 1
5666 14.61 52.87 22.68 -134.00 -61.00 172.00 613.00 -245.00 -967.00 1
5678 6.96 28.59 4.52 -359.00 -44.00 427.00 613.00 -245.00 -967.00 1
5688 2.37 6.68 -7.17 -249.00 -11.00 379.00 613.00 -245.00 -967.00 0
5697 -6.33 -30.96 -24.83 -167.00 -25.00 226.00 613.00 -245.00 -967.00 0
5706 -18.71 -71.65 -40.28 -80.00 -45.00 100.00 613.00 -245.00 -967.00 0
5715 -40.00 -134.40 -53.43 -22.00 -73.00 44.00 613.00 -245.00 -967.00 0
5725 -43.90 -145.74 -52.10 1.00 -94.00 59.00 613.00 -245.00 -967.00 0
5734 -41.74 -140.87 -47.17 -32.00 -92.00 82.00 556.00 -196.00 -1066.00 0
5744 -35.83 -125.84 -41.74 -47.00 -52.00 134.00 556.00 -196.00 -1066.00 0
5753 -27.27 -107.83 -37.57 -41.00 -37.00 147.00 556.00 -196.00 -1066.00 0
5763 -18.64 -89.39 -29.91 -49.00 -29.00 174.00 556.00 -196.00 -1066.00 0
5772 -8.00 -52.52 -24.14 -84.00 -47.00 204.00 556.00 -196.00 -1066.00 0
5781 -5.29 -37.50 -18.50 -105.00 -58.00 230.00 556.00 -196.00 -1066.00 0
5790 -4.17 -26.16 -14.47 -112.00 -60.00 235.00 556.00 -196.00 -1066.00 0
5799 -3.76 -18.30 -11.55 -135.00 -66.00 258.00 556.00 -198.00 -1042.00 0
5810 -3.62 -13.50 -9.32 -148.00 -76.00 267.00 556.00 -198.00 -1042.00 0
5819 -5.43 -14.54 -8.97 -138.00 -69.00 255.00 556.00 -198.00 -1042.00 0
5828 -6.26 -19.97 -11.06 -110.00 -63.00 234.00 556.00 -198.00 -1042.00 0
5837 -7.44 -26.23 -13.63 -90.00 -66.00 198.00 556.00 -198.00 -1042.00 0
5847 -8.97 -31.23 -15.72 -60.00 -68.00 170.00 556.00 -198.00 -1042.00 0
5856 -9.18 -34.16 -16.63 -51.00 -66.00 158.00 556.00 -198.00 -1042.00 0
5865 -7.72 -34.16 -15.86 -55.00 -67.00 161.00 542.00 -187.00 -933.00 0
5874 -2.85 -26.50 -13.15 -62.00 -66.00 179.00 542.00 -187.00 -933.00 0
5883 -0.21 -20.52 -11.97 -82.00 -61.00 200.00 542.00 -187.00 -933.00 0
5893 1.88 -14.40 -10.71 -95.00 -58.00 222.00 542.00 -187.00 -933.00 0
5902 3.69 -9.25 -9.53 -106.00 -54.00 237.00 542.00 -187.00 -933.00 0
5911 4.94 -5.50 -8.21 -117.00 -48.00 243.00 542.00 -187.00 -933.00 0
5920 5.08 -3.55 -7.03 -110.00 -61.00 240.00 542.00 -187.00 -933.00 0
5929 1.88 -4.80 -6.05 -104.00 -65.00 226.00 540.00 -188.00 -1064.00 0
5939 0.35 -7.03 -5.98 -92.00 -64.00 218.00 540.00 -188.00 -1064.00 0
5948 -0.70 -9.46 -6.26 -84.00 -66.00 205.00 540.00 -188.00 -1064.00 0
5957 -1.46 -11.48 -6.68 -76.00 -67.00 192.00 540.00 -188.00 -1064.00 0
5966 -2.16 -12.38 -7.03 -77.00 -70.00 198.00 540.00 -188.00 -1064.00 0
5976 -2.37 -12.03 -7.10 -85.00 -66.00 206.00 540.00 -188.00 -1064.00 0
5985 -2.09 -9.11 -6.68 -93.00 -65.00 216.00 540.00 -188.00 -1064.00 0
5994 -0.83 -7.72 -6.40 -96.00 -62.00 223.00 540.00 -186.00 -1061.00 0
6003 -0.28 -6.96 -6.12 -99.00 -64.00 228.00 538.00 -186.00 -1061.00 0
6012 0.21 -6.68 -5.98 -99.00 -63.00 234.00 538.00 -186.00 -1061.00 0
6022 0.35 -7.30 -6.05 -91.00 -59.00 222.00 538.00 -186.00 -1061.00 0
6031 0.28 -8.77 -6.33 -85.00 -58.00 213.00 538.00 -186.00 -1061.00 0
6040 -0.14 -10.57 -6.47 -74.00 -60.00 202.00 538.00 -186.00 -1061.00 0
6049 -1.60 -13.08 -6.33 -82.00 -64.00 202.00 538.00 -186.00 -1061.00 0
6059 -2.50 -13.01 -6.26 -75.00 -69.00 203.00 538.00 -186.00 -1061.00 0
6069 -3.13 -12.24 -6.33 -85.00 -71.00 208.00 538.00 -186.00 -1061.00 0
6078 -3.55 -10.99 -6.47 -85.00 -66.00 213.00 538.00 -186.00 -1061.00 0
6087 -3.55 -9.74 -6.82 -87.00 -62.00 210.00 538.00 -186.00 -1061.00 0
6096 -3.06 -9.04 -7.10 -82.00 -60.00 225.00 538.00 -186.00 -1061.00 0
6106 -1.04 -9.60 -7.51 -87.00 -64.00 220.00 538.00 -186.00 -1061.00 0
6115 -0.97 -9.39 -7.51 -91.00 -64.00 228.00 538.00 -186.00 -1061.00 0
6124 -0.90 -9.53 -7.51 -90.00 -64.00 225.00 538.00 -186.00 -1061.00 0
6133 -0.77 -10.37 -7.65 -90.00 -68.00 221.00 538.00 -186.00 -1061.00 0
6142 -0.56 -11.48 -7.86 -85.00 -72.00 218.00 538.00 -186.00 -1061.00 0
6152 -0.49 -12.52 -8.21 -81.00 -71.00 211.00 538.00 -186.00 -1061.00 0
6161 0.70 -13.91 -9.04 -75.00 -69.00 207.00 538.00 -186.00 -1061.00 0
6170 1.81 -13.91 -9.46 -71.00 -68.00 205.00 538.00 -186.00 -1061.00 0
6179 2.99 -13.43 -9.67 -70.00 -60.00 203.00 538.00 -186.00 -1061.00 0
6189 4.31 -12.52 -9.60 -71.00 -59.00 210.00 538.00 -186.00 -1061.00 0
6198 5.29 -11.20 -9.25 -72.00 -56.00 218.00 538.00 -186.00 -1061.00 0
6207 5.91 -9.53 -8.77 -77.00 -56.00 217.00 538.00 -186.00 -1061.00 0
6216 6.05 -5.70 -7.30 -79.00 -54.00 216.00 538.00 -186.00 -1061.00 0
6225 5.63 -3.90 -6.47 -81.00 -60.00 222.00 538.00 -186.00 -1061.00 0
6235 4.73 -2.43 -5.63 -88.00 -69.00 234.00 538.00 -186.00 -1061.00 0
6244 3.62 -1.67 -5.29 -91.00 -72.00 235.00 538.00 -186.00 -1061.00 0
6253 2.57 -2.02 -5.63 -82.00 -76.00 233.00 538.00 -186.00 -1061.00 0
6262 2.09 -3.27 -6.47 -67.00 -65.00 220.00 538.00 -186.00 -1061.00 0
6272 2.57 -4.87 -7.30 -64.00 -59.00 209.00 538.00 -186.00 -1061.00 0
6281 4.38 -6.89 -7.72 -64.00 -61.00 209.00 538.00 -186.00 -1061.00 0
6290 4.73 -6.89 -7.79 -67.00 -58.00 212.00 538.00 -186.00 -1061.00 0
6299 5.08 -6.61 -7.79 -70.00 -54.00 205.00 538.00 -186.00 -1061.00 0
6308 5.15 -6.05 -7.72 -71.00 -60.00 212.00 538.00 -186.00 -1061.00 0
6318 4.73 -5.29 -7.58 -80.00 -67.00 213.00 538.00 -186.00 -1061.00 0
6327 3.76 -4.03 -7.37 -82.00 -63.00 224.00 523.00 -182.00 -1317.00 0
6336 3.06 -1.25 -6.96 -82.00 -54.00 225.00 523.00 -182.00 -1317.00 0
6345 3.06 0.07 -6.75 -83.00 -57.00 232.00 523.00 -182.00 -1317.00 0
6354 2.78 1.25 -6.47 -79.00 -47.00 229.00 523.00 -182.00 -1317.00 0
6364 3.06 1.60 -5.84 -80.00 -42.00 223.00 523.00 -182.00 -1317.00 0
6373 3.48 1.67 -4.94 -80.00 -43.00 223.00 523.00 -182.00 -1317.00 0
6382 3.27 1.53 -4.03 -73.00 -49.00 220.00 523.00 -182.00 -1317.00 0
6391 2.50 0.83 -2.37 -74.00 -49.00 212.00 525.00 -186.00 -1007.00 0
6401 0.35 0.90 -1.39 -74.00 -59.00 212.00 525.00 -186.00 -1007.00 0
6410 -1.11 1.25 -0.83 -73.00 -62.00 209.00 525.00 -186.00 -1007.00 0
6419 -2.37 1.88 -0.49 -78.00 -66.00 214.00 525.00 -186.00 -1007.00 0
6428 -2.99 2.78 0.07 -86.00 -70.00 218.00 525.00 -186.00 -1007.00 0
6437 -3.27 3.76 0.63 -88.00 -71.00 216.00 525.00 -186.00 -1007.00 0
6446 -3.41 4.59 0.90 -95.00 -68.00 218.00 525.00 -186.00 -1007.00 0
6455 -2.43 5.29 0.63 -99.00 -65.00 223.00 528.00 -186.00 -1043.00 0
6464 -1.46 4.80 0.21 -93.00 -55.00 227.00 528.00 -186.00 -1043.00 0
6473 -0.63 3.83 -0.35 -90.00 -47.00 226.00 528.00 -186.00 -1043.00 0
6482 0.00 2.57 -0.56 -94.00 -49.00 225.00 528.00 -186.00 -1043.00 0
6492 -0.07 1.25 -0.49 -98.00 -54.00 229.00 528.00 -186.00 -1043.00 0
6501 -0.83 -0.14 -0.35 -99.00 -59.00 232.00 528.00 -186.00 -1043.00 0
6510 -3.69 -4.52 -1.32 -96.00 -65.00 217.00 528.00 -186.00 -1043.00 0
6519 -5.36 -7.03 -2.09 -97.00 -70.00 213.00 527.00 -184.00 -1134.00 0
6529 -6.96 -9.25 -2.85 -93.00 -80.00 215.00 527.00 -184.00 -1134.00 0
6538 -7.72 -11.27 -3.83 -87.00 -70.00 213.00 527.00 -184.00 -1134.00 0
6547 -7.03 -12.73 -4.73 -91.00 -61.00 233.00 527.00 -184.00 -1134.00 0
6556 -5.63 -13.70 -5.43 -92.00 -56.00 241.00 527.00 -184.00 -1134.00 0
6565 -4.17 -17.11 -7.44 -82.00 -56.00 240.00 527.00 -184.00 -1134.00 0
6576 -4.03 -19.97 -8.77 -76.00 -52.00 231.00 527.00 -184.00 -1134.00 0
6585 -4.38 -23.03 -9.95 -86.00 -64.00 238.00 527.00 -184.00 -1134.00 0
6594 -5.29 -26.71 -11.55 -86.00 -67.00 230.00 527.00 -184.00 -1134.00 0
6603 -5.91 -31.17 -13.91 -77.00 -64.00 224.00 527.00 -184.00 -1134.00 0
6612 -5.50 -35.97 -16.14 -64.00 -64.00 214.00 527.00 -184.00 -1134.00 0
6622 -4.24 -44.52 -19.06 -57.00 -67.00 203.00 527.00 -184.00 -1134.00 0
6631 -3.90 -45.98 -20.03 -51.00 -61.00 198.00 527.00 -184.00 -1134.00 0
6640 -2.85 -45.29 -20.17 -48.00 -58.00 196.00 527.00 -184.00 -1134.00 0
6649 -1.46 -43.06 -19.41 -43.00 -60.00 198.00 527.00 -184.00 -1134.00 0
6659 -0.42 -39.86 -18.16 -39.00 -55.00 194.00 527.00 -184.00 -1134.00 0
6668 0.21 -35.90 -16.83 -32.00 -54.00 194.00 527.00 -184.00 -1134.00 0
6677 0.35 -25.18 -12.80 -18.00 -45.00 180.00 527.00 -184.00 -1134.00 0
6686 0.21 -18.23 -9.74 27.00 -22.00 109.00 527.00 -184.00 -1134.00 0
6695 0.00 -8.42 -5.29 76.00 -3.00 46.00 527.00 -184.00 -1134.00 0
6705 -0.21 8.90 2.30 147.00 60.00 -46.00 527.00 -184.00 -1134.00 0
6714 -0.70 40.42 16.28 147.00 116.00 -183.00 527.00 -184.00 -1134.00 0
6723 0.56 89.95 41.18 23.00 -10.00 -252.00 527.00 -184.00 -1134.00 0
6733 3.41 222.75 99.06 -179.00 -57.00 -59.00 527.00 -184.00 -1134.00 0
6743 14.19 288.49 116.31 -968.00 30.00 1945.00 527.00 -184.00 -1134.00 1
6754 29.22 330.64 126.40 -346.00 -397.00 506.00 527.00 -184.00 -1134.00 1
6766 -18.64 181.29 44.03 -26.00 -1.00 98.00 527.00 -184.00 -1134.00 1
6777 14.33 144.97 46.12 -139.00 -53.00 142.00 527.00 -184.00 -1134.00 1
6789 20.66 93.29 44.17 -167.00 -48.00 237.00 527.00 -184.00 -1134.00 1
6801 16.14 76.24 35.48 -161.00 -64.00 195.00 527.00 -184.00 -1134.00 1
6812 14.61 45.77 20.66 -120.00 -32.00 201.00 527.00 -184.00 -1134.00 1
6824 10.43 34.16 13.84 -131.00 -14.00 174.00 527.00 -184.00 -1134.00 1
6836 9.11 26.02 11.69 -202.00 -18.00 292.00 527.00 -184.00 -1134.00 1
6847 1.95 6.54 1.25 -322.00 -75.00 427.00 527.00 -184.00 -1134.00 1
6857 -14.68 -14.96 -14.05 -204.00 -48.00 286.00 527.00 -184.00 -1134.00 0
6866 -26.16 -46.26 -28.17 -153.00 -11.00 213.00 527.00 -184.00 -1134.00 0
6876 -36.94 -101.70 -34.92 -103.00 -42.00 133.00 527.00 -184.00 -1134.00 0
6886 -44.31 -120.90 -36.66 -73.00 -89.00 120.00 527.00 -184.00 -1134.00 0
6895 -50.16 -132.31 -39.93 -57.00 -92.00 104.00 527.00 -184.00 -1134.00 0
6904 -51.27 -136.49 -43.55 -23.00 -75.00 102.00 527.00 -184.00 -1134.00 0
6914 -47.51 -134.47 -45.57 -8.00 -42.00 102.00 546.00 -190.00 -1065.00 0
6923 -40.28 -126.89 -45.01 3.00 -28.00 106.00 546.00 -190.00 -1065.00 0
6932 -22.33 -97.46 -36.52 -2.00 -16.00 126.00 546.00 -190.00 -1065.00 0
6941 -17.11 -75.55 -29.70 -64.00 -60.00 167.00 546.00 -190.00 -1065.00 0
6951 -15.17 -51.48 -21.63 -118.00 -77.00 235.00 546.00 -190.00 -1065.00 0
6961 -12.45 -31.37 -14.68 -141.00 -84.00 282.00 546.00 -190.00 -1065.00 0
6970 -9.74 -17.39 -10.23 -147.00 -84.00 266.00 546.00 -190.00 -1065.00 0
6979 -5.98 -4.59 -7.65 -134.00 -70.00 258.00 551.00 -194.00 -974.00 0
6988 -3.48 -4.87 -7.44 -116.00 -78.00 235.00 551.00 -194.00 -974.00 0
6998 -1.95 -6.89 -7.86 -97.00 -71.00 211.00 551.00 -194.00 -974.00 0
7007 -0.14 -9.60 -8.83 -80.00 -56.00 196.00 551.00 -194.00 -974.00 0
7016 2.02 -11.90 -9.60 -77.00 -49.00 195.00 551.00 -194.00 -974.00 0
7025 3.62 -13.22 -9.81 -70.00 -46.00 188.00 551.00 -194.00 -974.00 0
7034 4.45 -13.43 -8.90 -69.00 -47.00 194.00 551.00 -194.00 -974.00 0
7044 4.52 -10.92 -8.21 -85.00 -52.00 210.00 551.00 -194.00 -974.00 0
7053 3.41 -8.70 -7.58 -95.00 -58.00 219.00 551.00 -194.00 -974.00 0
7062 1.74 -6.47 -6.96 -101.00 -69.00 222.00 551.00 -194.00 -974.00 0
7071 0.35 -4.94 -6.26 -103.00 -72.00 215.00 551.00 -194.00 -974.00 0
7080 -0.28 -4.10 -5.50 -103.00 -66.00 221.00 551.00 -194.00 -974.00 0
7090 -0.21 -3.76 -5.01 -102.00 -61.00 230.00 551.00 -194.00 -974.00 0
7099 0.07 -5.01 -4.87 -99.00 -60.00 222.00 551.00 -194.00 -974.00 0
7108 -0.42 -6.68 -5.15 -93.00 -59.00 214.00 551.00 -194.00 -974.00 0
7117 -1.18 -8.56 -5.57 -85.00 -58.00 208.00 551.00 -194.00 -974.00 0
7127 -1.74 -10.23 -5.84 -84.00 -58.00 206.00 551.00 -194.00 -974.00 0
7136 -2.16 -11.27 -5.70 -86.00 -63.00 209.00 551.00 -194.00 -974.00 0
7145 -2.64 -11.76 -5.63 -84.00 -68.00 205.00 551.00 -194.00 -974.00 0
7154 -2.99 -11.55 -5.91 -91.00 -71.00 210.00 551.00 -194.00 -974.00 0
7163 -2.57 -11.13 -6.26 -100.00 -78.00 224.00 551.00 -194.00 -974.00 0
7173 -1.74 -10.71 -6.75 -107.00 -80.00 230.00 551.00 -194.00 -974.00 0
7182 -0.70 -11.20 -7.86 -99.00 -71.00 225.00 551.00 -194.00 -974.00 0
7191 0.97 -12.59 -9.53 -94.00 -67.00 221.00 551.00 -194.00 -974.00 0
7200 3.13 -14.61 -11.13 -82.00 -53.00 211.00 551.00 -194.00 -974.00 0
7209 5.36 -16.56 -13.36 -75.00 -49.00 231.00 551.00 -194.00 -974.00 0
7219 7.93 -17.95 -13.22 -71.00 -59.00 196.00 551.00 -194.00 -974.00 0
7228 8.00 -16.56 -12.24 -66.00 -46.00 200.00 551.00 -194.00 -974.00 0
7237 8.90 -16.70 -11.55 -69.00 -45.00 204.00 551.00 -194.00 -974.00 0
7246 8.42 -15.79 -10.99 -84.00 -56.00 216.00 551.00 -194.00 -974.00 0
7256 6.54 -13.98 -10.50 -99.00 -68.00 236.00 551.00 -194.00 -974.00 0
7265 4.24 -12.45 -10.09 -108.00 -76.00 242.00 551.00 -194.00 -974.00 0
7274 0.90 -12.94 -10.71 -105.00 -77.00 241.00 551.00 -194.00 -974.00 0
7283 1.18 -15.58 -11.62 -90.00 -69.00 227.00 551.00 -194.00 -974.00 0
7292 2.37 -19.13 -12.80 -75.00 -63.00 213.00 551.00 -194.00 -974.00 0
7302 3.83 -22.68 -13.91 -64.00 -55.00 201.00 551.00 -194.00 -974.00 0
7311 5.43 -25.46 -14.68 -55.00 -43.00 195.00 523.00 -185.00 -1079.00 0
7320 6.82 -26.85 -14.96 -58.00 -45.00 201.00 523.00 -185.00 -1079.00 0
7329 6.82 -24.56 -13.91 -66.00 -50.00 217.00 523.00 -185.00 -1079.00 0
7339 5.63 -21.98 -12.87 -79.00 -55.00 230.00 523.00 -185.00 -1079.00 0
7348 4.10 -19.41 -11.83 -84.00 -61.00 239.00 523.00 -185.00 -1079.00 0
7358 2.43 -17.60 -10.99 -94.00 -67.00 236.00 523.00 -185.00 -1079.00 0
7367 0.77 -16.97 -10.57 -79.00 -65.00 228.00 523.00 -185.00 -1079.00 0
7376 -0.07 -17.46 -10.50 -67.00 -64.00 217.00 512.00 -181.00 -1058.00 0
7386 0.49 -19.06 -10.23 -55.00 -58.00 200.00 512.00 -181.00 -1058.00 0
7395 1.11 -18.99 -9.88 -46.00 -53.00 193.00 512.00 -181.00 -1058.00 0
7404 1.95 -17.67 -9.04 -47.00 -46.00 193.00 512.00 -181.00 -1058.00 0
7413 2.71 -14.96 -7.72 -53.00 -43.00 201.00 512.00 -181.00 -1058.00 0
7422 2.99 -11.06 -5.91 -62.00 -48.00 210.00 512.00 -181.00 -1058.00 0
7432 2.50 -6.75 -3.97 -69.00 -59.00 214.00 512.00 -181.00 -1058.00 0
7441 -0.07 1.25 -0.42 -72.00 -66.00 221.00 515.00 -182.00 -1060.00 0
7450 -1.46 4.66 0.90 -81.00 -68.00 225.00 515.00 -182.00 -1060.00 0
7459 -2.23 7.65 1.95 -74.00 -64.00 217.00 515.00 -182.00 -1060.00 0
7469 -2.23 10.30 2.85 -77.00 -64.00 218.00 515.00 -182.00 -1060.00 0
7478 -1.74 12.87 3.83 -91.00 -67.00 233.00 515.00 -182.00 -1060.00 0
7487 -1.32 15.37 4.45 -105.00 -67.00 256.00 515.00 -182.00 -1060.00 0
7496 -0.21 15.44 3.06 -98.00 -50.00 246.00 515.00 -182.00 -1060.00 0
7505 0.63 11.97 1.60 -73.00 -38.00 223.00 521.00 -184.00 -992.00 0
7515 1.04 7.86 0.63 -80.00 -47.00 226.00 521.00 -184.00 -992.00 0
7524 0.28 4.87 0.28 -92.00 -57.00 244.00 521.00 -184.00 -992.00 0
7533 -1.46 2.37 -0.21 -90.00 -61.00 247.00 521.00 -184.00 -992.00 0
7542 -3.27 -0.90 -1.32 -88.00 -61.00 238.00 521.00 -184.00 -992.00 0
7552 -4.59 -9.32 -2.92 -102.00 -64.00 251.00 521.00 -184.00 -992.00 0
7561 -7.51 -14.47 -4.17 -98.00 -66.00 248.00 521.00 -184.00 -992.00 0
7570 -8.90 -20.73 -6.33 -85.00 -67.00 230.00 511.00 -181.00 -1045.00 0
7579 -9.53 -26.99 -8.49 -77.00 -64.00 229.00 511.00 -181.00 -1045.00 0
7588 -9.46 -32.63 -10.30 -77.00 -64.00 224.00 511.00 -181.00 -1045.00 0
7598 -9.18 -38.05 -12.31 -65.00 -58.00 213.00 511.00 -181.00 -1045.00 0
7607 -8.56 -48.63 -16.28 -53.00 -60.00 205.00 511.00 -181.00 -1045.00 0
7616 -7.30 -51.20 -17.74 -52.00 -58.00 206.00 511.00 -181.00 -1045.00 0
7625 -6.61 -52.52 -18.43 -53.00 -56.00 210.00 511.00 -181.00 -1045.00 0
7634 -5.50 -53.29 -18.43 -66.00 -54.00 242.00 511.00 -181.00 -1045.00 0
7644 -4.80 -54.05 -18.09 -65.00 -53.00 242.00 511.00 -181.00 -1045.00 0
7653 -4.73 -55.72 -18.02 -47.00 -65.00 220.00 511.00 -181.00 -1045.00 0
7662 -6.05 -60.66 -18.57 -26.00 -66.00 198.00 511.00 -181.00 -1045.00 0
7672 -5.43 -60.94 -18.09 -30.00 -66.00 201.00 511.00 -181.00 -1045.00 0
7682 -4.52 -58.71 -17.25 -57.00 -68.00 224.00 511.00 -181.00 -1045.00 0
7691 -3.76 -56.21 -17.46 -32.00 -60.00 225.00 511.00 -181.00 -1045.00 0
7700 -2.99 -56.07 -19.13 -16.00 -60.00 201.00 511.00 -181.00 -1045.00 0
7709 -2.50 -55.23 -19.97 34.00 -48.00 136.00 511.00 -181.00 -1045.00 0
7718 1.04 -43.97 -15.44 93.00 -39.00 98.00 511.00 -181.00 -1045.00 0
7728 3.06 -23.10 -8.49 112.00 -43.00 -3.00 511.00 -181.00 -1045.00 0
7737 5.50 13.36 4.59 135.00 24.00 -29.00 511.00 -181.00 -1045.00 0
7746 11.27 57.88 22.54 191.00 96.00 -179.00 511.00 -181.00 -1045.00 0
7755 14.19 115.41 44.24 87.00 110.00 -209.00 511.00 -181.00 -1045.00 0
7764 17.60 184.97 72.97 -129.00 13.00 -166.00 511.00 -181.00 -1045.00 0
7775 17.74 329.60 121.74 -316.00 -10.00 73.00 511.00 -181.00 -1045.00 1
7786 18.57 376.63 132.17 -166.00 -525.00 48.00 511.00 -181.00 -1045.00 1
7798 -42.02 208.97 40.42 -154.00 124.00 272.00 511.00 -181.00 -1045.00 1
7810 12.24 164.80 48.35 -127.00 -44.00 134.00 511.00 -181.00 -1045.00 1
7821 23.44 134.12 53.77 -153.00 6.00 254.00 511.00 -181.00 -1045.00 1
7833 17.11 88.21 40.83 -141.00 -51.00 172.00 608.00 -242.00 -1016.00 1
7844 6.68 71.72 28.87 -113.00 -33.00 200.00 608.00 -242.00 -1016.00 1
7856 -3.97 40.77 13.29 -163.00 -28.00 240.00 608.00 -242.00 -1016.00 1
7867 -7.30 29.08 10.78 -357.00 -69.00 460.00 608.00 -242.00 -1016.00 1
7878 -26.37 -19.62 -13.43 -244.00 -73.00 359.00 608.00 -242.00 -1016.00 0
7887 -35.90 -56.14 -30.05 -169.00 -47.00 201.00 608.00 -242.00 -1016.00 0
7897 -37.70 -90.85 -38.33 -86.00 -51.00 99.00 608.00 -242.00 -1016.00 0
7906 -34.30 -120.49 -40.35 -31.00 -70.00 62.00 608.00 -242.00 -1016.00 0
7915 -30.54 -139.97 -41.67 -10.00 -78.00 73.00 608.00 -242.00 -1016.00 0
7924 -26.92 -145.88 -43.76 -28.00 -61.00 114.00 608.00 -242.00 -1016.00 0
7934 -15.23 -125.63 -42.85 -43.00 -48.00 122.00 608.00 -242.00 -1016.00 0
7944 -9.46 -108.94 -39.65 -2.00 -9.00 134.00 608.00 -242.00 -1016.00 0
7953 -3.69 -90.92 -34.64 -25.00 -17.00 156.00 608.00 -242.00 -1016.00 0
7962 -1.67 -71.17 -27.97 -63.00 -39.00 196.00 608.00 -242.00 -1016.00 0
7971 -2.23 -52.17 -21.91 -89.00 -46.00 232.00 608.00 -242.00 -1016.00 0
7981 -6.61 -25.53 -13.77 -104.00 -59.00 246.00 608.00 -242.00 -1016.00 0
7990 -7.30 -19.48 -11.27 -112.00 -64.00 241.00 608.00 -242.00 -1016.00 0
7999 -8.21 -14.82 -9.04 -119.00 -69.00 246.00 608.00 -242.00 -1016.00 0
8008 -8.28 -13.01 -7.58 -115.00 -69.00 244.00 608.00 -242.00 -1016.00 0
8018 -8.14 -13.98 -7.51 -106.00 -76.00 228.00 608.00 -242.00 -1016.00 0
8028 -8.70 -15.58 -8.35 -96.00 -80.00 220.00 608.00 -242.00 -1016.00 0
8037 -7.65 -19.83 -9.18 -86.00 -69.00 205.00 608.00 -242.00 -1016.00 0
8046 -5.22 -21.63 -9.25 -72.00 -65.00 193.00 608.00 -242.00 -1016.00 0
8055 -2.85 -22.33 -9.46 -67.00 -58.00 198.00 608.00 -242.00 -1016.00 0
8065 -0.70 -21.70 -9.60 -70.00 -54.00 203.00 608.00 -242.00 -1016.00 0
8074 1.11 -19.90 -9.74 -69.00 -51.00 209.00 608.00 -242.00 -1016.00 0
8083 2.64 -17.46 -9.46 -77.00 -48.00 216.00 608.00 -242.00 -1016.00 0
8092 3.83 -12.10 -8.42 -85.00 -52.00 228.00 608.00 -242.00 -1016.00 0
8101 3.06 -10.09 -7.86 -90.00 -57.00 229.00 529.00 -188.00 -1024.00 0
8111 1.88 -8.90 -7.44 -91.00 -57.00 235.00 529.00 -188.00 -1024.00 0
8120 0.77 -8.49 -6.96 -85.00 -63.00 231.00 529.00 -188.00 -1024.00 0
8129 -0.28 -8.77 -6.68 -84.00 -62.00 227.00 529.00 -188.00 -1024.00 0
8138 -1.32 -9.25 -6.47 -81.00 -63.00 221.00 529.00 -188.00 -1024.00 0
8147 -2.50 -10.37 -5.84 -75.00 -64.00 208.00 529.00 -188.00 -1024.00 0
8157 -2.43 -10.78 -5.36 -69.00 -61.00 205.00 529.00 -188.00 -1024.00 0
8166 -1.88 -10.78 -4.66 -67.00 -61.00 203.00 529.00 -188.00 -1024.00 0
8175 -1.25 -10.02 -3.83 -65.00 -61.00 206.00 529.00 -188.00 -1024.00 0
8184 -0.70 -8.56 -3.13 -71.00 -61.00 204.00 529.00 -188.00 -1024.00 0
8194 -0.28 -6.47 -2.43 -80.00 -60.00 212.00 529.00 -188.00 -1024.00 0
8203 0.14 -1.53 -1.53 -93.00 -60.00 224.00 529.00 -188.00 -1024.00 0
8212 0.70 0.21 -1.53 -101.00 -56.00 238.00 529.00 -188.00 -1024.00 0
8221 0.97 0.77 -1.74 -100.00 -47.00 237.00 529.00 -188.00 -1024.00 0
8230 1.11 0.42 -1.67 -101.00 -46.00 236.00 529.00 -188.00 -1024.00 0
8240 0.77 -0.70 -1.18 -100.00 -51.00 232.00 529.00 -188.00 -1024.00 0
8249 -0.14 -2.37 -0.56 -102.00 -60.00 225.00 529.00 -188.00 -1024.00 0
8258 -1.46 -4.17 0.56 -91.00 -64.00 227.00 529.00 -188.00 -1024.00 0
8267 -2.02 -7.86 1.32 -88.00 -64.00 222.00 529.00 -188.00 -1024.00 0
8276 -1.32 -9.32 2.09 -91.00 -64.00 223.00 529.00 -188.00 -1024.00 0
8286 -0.49 -10.43 2.85 -89.00 -64.00 221.00 529.00 -188.00 -1024.00 0
8295 0.42 -11.27 3.27 -87.00 -62.00 215.00 521.00 -193.00 -1075.00 0
8304 1.25 -11.76 3.34 -82.00 -57.00 217.00 521.00 -193.00 -1075.00 0
8313 2.43 -11.97 3.34 -75.00 -59.00 212.00 521.00 -193.00 -1075.00 0
8323 5.22 -11.76 3.76 -73.00 -53.00 213.00 521.00 -193.00 -1075.00 0
8332 6.68 -11.48 4.38 -67.00 -47.00 206.00 521.00 -193.00 -1075.00 0
8341 7.86 -10.78 5.22 -70.00 -43.00 211.00 521.00 -193.00 -1075.00 0
8350 8.90 -9.81 6.12 -77.00 -40.00 212.00 521.00 -193.00 -1075.00 0
8359 9.39 -8.21 6.96 -81.00 -41.00 214.00 520.00 -207.00 -1086.00 0
8369 9.67 -6.05 8.07 -76.00 -42.00 227.00 520.00 -207.00 -1086.00 0
8378 10.99 -2.16 12.31 -95.00 -37.00 221.00 520.00 -207.00 -1086.00 0
8387 10.92 0.00 14.75 -92.00 -40.00 218.00 520.00 -207.00 -1086.00 0
8396 10.57 2.64 17.25 -99.00 -48.00 213.00 520.00 -207.00 -1086.00 0
8407 10.23 5.50 19.97 -90.00 -45.00 227.00 520.00 -207.00 -1086.00 0
8416 10.78 7.86 22.68 -102.00 -48.00 212.00 520.00 -207.00 -1086.00 0
8425 11.27 10.99 24.77 -99.00 -43.00 207.00 527.00 -225.00 -1038.00 0
8434 13.91 14.40 28.52 -98.00 -32.00 210.00 527.00 -225.00 -1038.00 0
8443 15.65 15.72 30.54 -108.00 -37.00 197.00 527.00 -225.00 -1038.00 0
8453 16.14 16.83 32.00 -108.00 -35.00 203.00 527.00 -225.00 -1038.00 0
8462 16.97 17.46 33.60 -120.00 -20.00 214.00 527.00 -225.00 -1038.00 0
8471 19.20 18.57 35.62 -112.00 55.00 245.00 527.00 -225.00 -1038.00 0
8481 22.82 20.17 46.40 -127.00 88.00 274.00 527.00 -225.00 -1038.00 0
8491 21.36 25.25 57.53 -159.00 11.00 274.00 536.00 -259.00 -948.00 0
8500 9.67 28.10 68.31 -181.00 -72.00 271.00 536.00 -259.00 -948.00 0
8509 -3.62 27.97 74.78 -174.00 -106.00 259.00 536.00 -259.00 -948.00 0
8518 -12.24 22.96 76.45 -157.00 -92.00 234.00 536.00 -259.00 -948.00 0
8527 -13.15 12.38 74.37 -106.00 -60.00 219.00 536.00 -259.00 -948.00 0
8537 -3.62 -13.91 63.51 -76.00 -43.00 197.00 536.00 -259.00 -948.00 0
8546 1.11 -23.23 58.37 -67.00 -40.00 188.00 536.00 -259.00 -948.00 0
8556 5.01 -30.05 54.47 -61.00 -50.00 186.00 519.00 -285.00 -1159.00 0
8565 7.65 -33.88 51.62 -69.00 -50.00 188.00 519.00 -285.00 -1159.00 0
8574 10.78 -35.27 49.81 -80.00 -40.00 195.00 519.00 -285.00 -1159.00 0
8584 15.86 -35.41 49.11 -76.00 -13.00 215.00 519.00 -285.00 -1159.00 0
8593 31.58 -36.24 51.13 -54.00 68.00 239.00 519.00 -285.00 -1159.00 0
8602 38.40 -37.15 56.63 -50.00 91.00 255.00 519.00 -285.00 -1159.00 0
8611 38.89 -36.66 67.06 -82.00 21.00 246.00 519.00 -285.00 -1159.00 0
8621 30.82 -33.67 78.61 -95.00 -24.00 211.00 498.00 -337.00 -1161.00 0
8630 19.69 -29.98 87.03 -82.00 -45.00 251.00 498.00 -337.00 -1161.00 0
8640 12.10 -29.77 90.71 -66.00 -47.00 233.00 498.00 -337.00 -1161.00 0
8649 6.82 -32.35 89.39 -67.00 -33.00 230.00 498.00 -337.00 -1161.00 0
8658 7.10 -32.97 86.26 -59.00 -28.00 227.00 498.00 -337.00 -1161.00 0
8668 7.17 -34.64 81.74 -44.00 -16.00 217.00 498.00 -337.00 -1161.00 0
8677 7.37 -37.08 77.29 -40.00 -2.00 208.00 498.00 -337.00 -1161.00 0
8686 8.42 -39.44 75.20 -42.00 -18.00 198.00 469.00 -372.00 -1060.00 0
8695 9.39 -40.77 75.34 -36.00 -22.00 209.00 469.00 -372.00 -1060.00 0
8705 13.29 -43.20 75.62 -26.00 1.00 209.00 469.00 -372.00 -1060.00 0
8714 16.70 -43.97 76.31 -15.00 6.00 216.00 469.00 -372.00 -1060.00 0
8723 19.41 -44.17 76.31 0.00 29.00 194.00 469.00 -372.00 -1060.00 0
8732 19.55 -43.41 74.78 18.00 59.00 199.00 469.00 -372.00 -1060.00 0
8741 18.16 -42.99 72.83 0.00 25.00 201.00 469.00 -372.00 -1060.00 0
8752 14.05 -41.53 68.66 -24.00 -3.00 203.00 440.00 -405.00 -845.00 0
8761 -1.11 -32.07 64.56 -39.00 -12.00 230.00 440.00 -405.00 -845.00 0
8770 -4.59 -26.43 60.59 -69.00 -33.00 231.00 440.00 -405.00 -845.00 0
8779 -6.75 -20.87 56.00 -58.00 -81.00 216.00 440.00 -405.00 -845.00 0
8788 -9.81 -15.93 50.09 -80.00 5.00 245.00 440.00 -405.00 -845.00 0
8798 -6.89 -14.33 43.41 -69.00 4.00 262.00 440.00 -405.00 -845.00 0
8807 -1.04 -13.91 38.61 -86.00 -19.00 250.00 440.00 -405.00 -845.00 0
8816 0.35 -13.70 30.68 -83.00 -19.00 250.00 440.00 -405.00 -845.00 0
8825 1.95 -15.79 26.16 -76.00 4.00 252.00 440.00 -405.00 -845.00 0
8835 4.94 -18.99 21.91 -61.00 64.00 251.00 440.00 -405.00 -845.00 0
8844 8.70 -22.82 18.64 -51.00 88.00 260.00 440.00 -405.00 -845.00 0
8853 11.06 -26.57 16.97 -46.00 43.00 243.00 440.00 -405.00 -845.00 0
8862 8.70 -28.52 16.35 -40.00 2.00 223.00 440.00 -405.00 -845.00 0
8871 -0.42 -27.48 13.15 -18.00 19.00 215.00 440.00 -405.00 -845.00 0
8881 -1.67 -25.46 11.41 1.00 16.00 193.00 440.00 -405.00 -845.00 0
8890 -2.99 -22.12 10.16 -16.00 -19.00 159.00 440.00 -405.00 -845.00 0
8899 -7.03 -17.32 7.44 -22.00 -8.00 186.00 440.00 -405.00 -845.00 0
8908 -9.11 -10.99 3.41 -102.00 -95.00 186.00 440.00 -405.00 -845.00 0
8918 -5.29 -4.80 1.60 -23.00 116.00 283.00 440.00 -405.00 -845.00 0
8927 11.34 -2.43 4.52 -56.00 31.00 233.00 440.00 -405.00 -845.00 0
8936 0.97 0.49 1.25 -64.00 -14.00 252.00 440.00 -405.00 -845.00 0
8945 -1.95 0.56 -1.18 -90.00 133.00 307.00 440.00 -405.00 -845.00 0
8954 -3.69 -2.09 -1.60 -38.00 6.00 248.00 440.00 -405.00 -845.00 0
8964 -16.14 -8.21 -3.83 -26.00 -25.00 220.00 440.00 -405.00 -845.00 0
8973 -21.57 -14.47 -5.77 -46.00 3.00 214.00 440.00 -405.00 -845.00 0
8982 -16.28 -15.30 1.04 -71.00 22.00 254.00 440.00 -405.00 -845.00 0
8991 -3.48 -11.69 1.81 -60.00 21.00 244.00 440.00 -405.00 -845.00 0
9000 -2.85 -12.24 0.42 -55.00 27.00 224.00 440.00 -405.00 -845.00 0
9010 -3.83 -12.73 -0.97 -15.00 78.00 243.00 440.00 -405.00 -845.00 0
9018 5.70 -12.94 1.32 -68.00 8.00 255.00 440.00 -405.00 -845.00 0
9027 8.63 -10.78 5.84 -71.00 -56.00 256.00 440.00 -405.00 -845.00 0
9036 -1.18 -8.35 4.87 -63.00 -23.00 277.00 440.00 -405.00 -845.00 0
9046 7.86 -14.89 10.43 -67.00 7.00 255.00 440.00 -405.00 -845.00 0
9055 19.76 -21.15 13.70 -49.00 35.00 239.00 440.00 -405.00 -845.00 0
9064 27.69 -27.13 12.17 -43.00 24.00 219.00 440.00 -405.00 -845.00 0
9073 31.23 -30.75 8.42 -22.00 19.00 210.00 440.00 -405.00 -845.00 0
9083 34.37 -32.56 3.48 -15.00 38.00 210.00 398.00 -443.00 -1197.00 0
9093 36.87 -32.07 -2.23 -10.00 29.00 218.00 398.00 -443.00 -1197.00 0
9102 36.45 -25.53 -9.25 -15.00 39.00 238.00 398.00 -443.00 -1197.00 0
9111 35.76 -21.57 -11.27 -25.00 33.00 259.00 398.00 -443.00 -1197.00 0
9120 33.32 -17.53 -14.12 -30.00 12.00 288.00 398.00 -443.00 -1197.00 0
9129 30.61 -13.70 -18.16 -31.00 10.00 285.00 398.00 -443.00 -1197.00 0
9139 29.63 -9.25 -22.82 -42.00 24.00 282.00 398.00 -443.00 -1197.00 0
9148 30.19 -2.71 -26.71 -41.00 61.00 280.00 408.00 -450.00 -1078.00 0
9157 30.54 10.92 -32.49 -14.00 59.00 266.00 408.00 -450.00 -1078.00 0
9166 28.17 19.06 -31.17 -80.00 83.00 244.00 408.00 -450.00 -1078.00 0
9177 29.43 28.80 -29.84 -53.00 105.00 207.00 408.00 -450.00 -1078.00 0
9186 34.16 38.19 -29.08 -72.00 89.00 191.00 408.00 -450.00 -1078.00 0
9195 40.56 46.40 -28.45 -41.00 77.00 191.00 408.00 -450.00 -1078.00 0
9204 47.93 57.18 -29.22 -68.00 87.00 208.00 408.00 -450.00 -1078.00 0
9213 62.19 59.62 -32.07 -101.00 94.00 223.00 447.00 -468.00 -1105.00 0
9223 66.57 59.41 -37.29 -89.00 67.00 244.00 447.00 -468.00 -1105.00 0
9232 67.97 56.90 -43.34 -67.00 47.00 231.00 447.00 -468.00 -1105.00 0
9242 66.71 54.05 -50.09 -77.00 45.00 205.00 447.00 -468.00 -1105.00 0
9251 65.81 52.66 -56.56 -82.00 61.00 175.00 447.00 -468.00 -1105.00 0
9261 66.64 58.50 -60.45 -60.00 62.00 185.00 447.00 -468.00 -1105.00 0
9270 68.59 63.72 -60.59 -105.00 118.00 177.00 447.00 -468.00 -1105.00 0
9279 68.80 66.09 -60.80 -82.00 85.00 233.00 484.00 -467.00 -809.00 0
9288 67.48 66.99 -62.19 -152.00 124.00 228.00 484.00 -467.00 -809.00 0
9297 67.55 66.09 -61.91 -115.00 99.00 213.00 484.00 -467.00 -809.00 0
9307 69.01 63.86 -59.55 -116.00 77.00 191.00 484.00 -467.00 -809.00 0
9317 75.48 45.29 -55.37 -69.00 31.00 183.00 484.00 -467.00 -809.00 0
9326 79.03 32.77 -51.62 -52.00 38.00 157.00 484.00 -467.00 -809.00 0
9335 83.34 21.22 -46.40 -48.00 46.00 142.00 484.00 -467.00 -809.00 0
9345 87.03 12.03 -39.10 -66.00 56.00 162.00 491.00 -488.00 -1012.00 0
9354 90.50 3.62 -30.75 -75.00 77.00 187.00 491.00 -488.00 -1012.00 0
9363 91.06 -3.41 -23.93 -74.00 81.00 201.00 491.00 -488.00 -1012.00 0
9372 74.37 -12.87 -20.17 -74.00 105.00 195.00 491.00 -488.00 -1012.00 0
9381 62.54 -13.84 -20.52 -71.00 95.00 218.00 491.00 -488.00 -1012.00 0
9391 49.18 -12.17 -20.66 -64.00 90.00 191.00 491.00 -488.00 -1012.00 0
9400 34.37 -9.18 -20.24 -35.00 70.00 226.00 491.00 -488.00 -1012.00 0
9410 18.78 -8.07 -19.48 -79.00 77.00 169.00 489.00 -487.00 -1183.00 0
9419 3.27 -5.84 -9.32 -43.00 42.00 196.00 489.00 -487.00 -1183.00 0
9428 -18.23 -15.44 -6.82 -33.00 89.00 199.00 489.00 -487.00 -1183.00 0
9438 -32.97 -30.68 -6.89 -129.00 83.00 249.00 489.00 -487.00 -1183.00 0
9447 -50.16 -43.06 -8.00 -55.00 93.00 259.00 489.00 -487.00 -1183.00 0
9456 -63.72 -53.36 -9.04 -65.00 90.00 227.00 489.00 -487.00 -1183.00 0
9465 -76.87 -63.65 -7.30 -51.00 104.00 202.00 489.00 -487.00 -1183.00 0
9475 -109.50 -78.47 -8.56 -147.00 114.00 290.00 455.00 -436.00 -991.00 0
9484 -120.07 -81.81 -14.54 -42.00 54.00 269.00 455.00 -436.00 -991.00 0
9493 -131.90 -83.83 -22.19 -37.00 33.00 253.00 455.00 -436.00 -991.00 0
9503 -146.92 -85.84 -30.68 -53.00 24.00 214.00 455.00 -436.00 -991.00 0
9512 -163.48 -84.80 -40.14 -64.00 -10.00 228.00 455.00 -436.00 -991.00 0
9522 -169.32 -76.38 -47.30 15.00 -12.00 213.00 455.00 -436.00 -991.00 0
9531 -150.33 -44.10 -47.03 40.00 -26.00 231.00 455.00 -436.00 -991.00 0
9540 -142.75 -41.11 -44.45 3.00 -3.00 263.00 448.00 -347.00 -1047.00 0
9549 -135.44 -43.62 -36.66 -27.00 -13.00 284.00 448.00 -347.00 -1047.00 0
9559 -124.38 -46.96 -26.85 -58.00 24.00 264.00 448.00 -347.00 -1047.00 0
9569 -105.18 -48.35 -16.28 -45.00 34.00 284.00 448.00 -347.00 -1047.00 0
9578 -76.38 -48.00 10.30 0.00 34.00 272.00 448.00 -347.00 -1047.00 0
9587 -3.90 -18.43 26.09 -43.00 9.00 175.00 448.00 -347.00 -1047.00 0
9596 30.54 -1.81 40.42 -19.00 19.00 178.00 448.00 -347.00 -1047.00 0
9606 63.30 9.60 51.48 -14.00 -30.00 199.00 447.00 -417.00 -1046.00 0
9615 93.70 24.63 56.63 -16.00 12.00 205.00 447.00 -417.00 -1046.00 0
9624 114.37 31.58 57.88 -17.00 29.00 250.00 447.00 -417.00 -1046.00 0
9633 120.49 5.70 53.77 -47.00 47.00 308.00 447.00 -417.00 -1046.00 0
9643 109.36 -15.03 48.28 -42.00 70.00 290.00 447.00 -417.00 -1046.00 0
9653 90.78 -27.13 40.77 -50.00 85.00 274.00 447.00 -417.00 -1046.00 0
9662 68.87 -36.10 31.30 -47.00 84.00 237.00 447.00 -417.00 -1046.00 0
9671 46.47 -43.34 20.03 -26.00 79.00 251.00 423.00 -448.00 -996.00 0
9680 29.70 -49.74 8.70 -22.00 58.00 238.00 423.00 -448.00 -996.00 0
9690 7.30 -63.58 -6.68 -15.00 49.00 226.00 423.00 -448.00 -996.00 0
9699 -0.49 -64.70 -12.94 -16.00 28.00 234.00 423.00 -448.00 -996.00 0
9708 -5.01 -60.94 -17.60 -2.00 8.00 218.00 423.00 -448.00 -996.00 0
9717 -6.33 -52.87 -21.77 -2.00 9.00 235.00 423.00 -448.00 -996.00 0
9726 -5.36 -43.20 -24.77 1.00 3.00 239.00 423.00 -448.00 -996.00 0
9736 -4.73 -35.13 -26.43 1.00 4.00 239.00 412.00 -431.00 -941.00 0
9745 -4.45 -28.31 -26.37 -20.00 11.00 246.00 412.00 -431.00 -941.00 0
9754 -10.57 -17.46 -27.13 -1.00 5.00 269.00 412.00 -431.00 -941.00 0
9763 -15.37 -15.51 -30.96 -6.00 29.00 269.00 412.00 -431.00 -941.00 0
9773 -21.63 -15.03 -36.38 2.00 30.00 256.00 412.00 -431.00 -941.00 0
9782 -28.31 -15.93 -41.46 11.00 21.00 251.00 412.00 -431.00 -941.00 0
9791 -34.02 -17.81 -44.38 17.00 12.00 219.00 412.00 -431.00 -941.00 0
9800 -38.33 -18.50 -40.63 30.00 0.00 213.00 412.00 -431.00 -941.00 0
9809 -45.57 -18.85 -35.55 7.00 2.00 206.00 412.00 -431.00 -941.00 0
9819 -48.56 -17.39 -28.87 6.00 6.00 205.00 412.00 -431.00 -941.00 0
9828 -50.64 -15.44 -22.75 -7.00 7.00 213.00 412.00 -431.00 -941.00 0
9837 -49.04 -12.38 -15.79 -26.00 26.00 245.00 412.00 -431.00 -941.00 0
9846 -43.20 -9.11 -10.23 -38.00 41.00 250.00 412.00 -431.00 -941.00 0
9856 -37.70 -5.57 -6.40 -45.00 41.00 256.00 412.00 -431.00 -941.00 0
9865 -44.24 -3.13 -4.38 -55.00 60.00 244.00 412.00 -431.00 -941.00 0
9874 -54.82 -4.94 -7.58 -33.00 41.00 226.00 412.00 -431.00 -941.00 0
9883 -67.06 -8.07 -11.27 -38.00 24.00 232.00 412.00 -431.00 -941.00 0
9892 -73.18 -12.80 -13.01 -45.00 27.00 232.00 412.00 -431.00 -941.00 0
9902 -74.71 -17.74 -14.12 -48.00 23.00 235.00 412.00 -431.00 -941.00 0
9911 -74.85 -21.15 -15.17 -24.00 0.00 231.00 412.00 -431.00 -941.00 0
9920 -65.04 -26.57 -16.21 -16.00 -11.00 227.00 412.00 -431.00 -941.00 0
9929 -58.78 -27.27 -16.77 -7.00 -29.00 212.00 412.00 -431.00 -941.00 0
9938 -55.44 -24.83 -17.74 5.00 -40.00 186.00 427.00 -343.00 -976.00 0
9948 -56.97 -19.34 -19.20 6.00 -41.00 175.00 427.00 -343.00 -976.00 0
9957 -67.20 -11.62 -20.87 -17.00 -16.00 159.00 427.00 -343.00 -976.00 0
9966 -86.82 -3.90 -22.54 -43.00 28.00 138.00 427.00 -343.00 -976.00 0
9975 -129.88 8.77 -23.37 -78.00 24.00 151.00 427.00 -343.00 -976.00 0
9985 -137.88 14.33 -18.64 -87.00 17.00 184.00 427.00 -343.00 -976.00 0
9995 -130.50 16.28 -13.29 -88.00 13.00 177.00 427.00 -343.00 -976.00 0
10004 -109.91 13.98 -8.07 -91.00 3.00 208.00 427.00 -343.00 -976.00 0
10013 -79.30 6.33 -0.83 -69.00 2.00 201.00 427.00 -343.00 -976.00 0
10022 -44.80 -1.46 7.30 -33.00 -36.00 217.00 427.00 -343.00 -976.00 0
10032 11.13 -7.93 16.83 -11.00 -44.00 237.00 427.00 -343.00 -976.00 0
10041 32.35 -12.10 16.70 2.00 -43.00 229.00 427.00 -343.00 -976.00 0
10050 46.54 -15.93 16.83 -3.00 -21.00 233.00 427.00 -343.00 -976.00 0
10059 52.24 -18.71 17.67 -38.00 25.00 239.00 427.00 -343.00 -976.00 0
10068 48.83 -20.73 20.10 -50.00 19.00 268.00 427.00 -343.00 -976.00 0
10078 38.54 -21.91 25.25 -69.00 36.00 259.00 427.00 -343.00 -976.00 0
10087 9.46 -25.81 29.22 -61.00 30.00 229.00 427.00 -343.00 -976.00 0
10096 -3.69 -28.45 28.66 -60.00 16.00 220.00 427.00 -343.00 -976.00 0
10106 -12.73 -31.58 27.06 -99.00 2.00 252.00 427.00 -343.00 -976.00 0
10116 -12.17 -35.27 25.74 -46.00 6.00 187.00 427.00 -343.00 -976.00 0
10125 -7.58 -25.25 21.57 -48.00 21.00 157.00 427.00 -343.00 -976.00 0
10134 -9.25 -4.38 10.99 -64.00 28.00 275.00 427.00 -343.00 -976.00 0
10143 -9.74 22.61 3.55 -40.00 18.00 218.00 427.00 -343.00 -976.00 0
10152 -15.86 41.60 -10.57 -58.00 18.00 252.00 427.00 -343.00 -976.00 0
10162 -19.34 57.81 -19.62 -57.00 15.00 265.00 427.00 -343.00 -976.00 0
10171 -22.26 76.94 -26.78 -61.00 4.00 246.00 427.00 -343.00 -976.00 0
10180 -26.43 99.97 -33.11 -94.00 13.00 200.00 427.00 -343.00 -976.00 0
10189 -28.10 128.00 -37.15 -44.00 -19.00 226.00 427.00 -343.00 -976.00 0
10200 -19.76 127.17 -28.52 -60.00 -9.00 255.00 427.00 -343.00 -976.00 0
10209 -8.90 125.84 -16.49 -88.00 -3.00 266.00 427.00 -343.00 -976.00 0
10218 0.28 125.84 -3.27 -130.00 11.00 235.00 427.00 -343.00 -976.00 0
10227 10.85 131.06 8.56 -190.00 44.00 244.00 427.00 -343.00 -976.00 0
10236 22.40 135.65 15.58 -187.00 15.00 262.00 427.00 -343.00 -976.00 0
10246 37.91 135.17 11.97 -161.00 16.00 285.00 427.00 -343.00 -976.00 0
10256 42.57 129.04 4.59 -143.00 3.00 286.00 427.00 -343.00 -976.00 0
10265 40.90 121.11 -6.05 -129.00 0.00 249.00 427.00 -343.00 -976.00 0
10274 34.64 112.63 -17.25 -113.00 2.00 221.00 427.00 -343.00 -976.00 0
10284 25.60 104.42 -27.13 -127.00 10.00 208.00 427.00 -343.00 -976.00 0
10293 14.75 98.16 -44.03 -144.00 5.00 196.00 427.00 -343.00 -976.00 0
10302 -11.48 101.29 -51.41 -160.00 -7.00 217.00 427.00 -343.00 -976.00 0
10312 -21.29 103.86 -56.35 -217.00 -43.00 314.00 427.00 -343.00 -976.00 0
10321 -26.16 104.56 -59.41 -223.00 -41.00 269.00 427.00 -343.00 -976.00 0
10331 -27.83 102.68 -62.96 -108.00 -54.00 221.00 427.00 -343.00 -976.00 0
10340 -24.83 98.30 -62.75 -107.00 -43.00 201.00 427.00 -343.00 -976.00 0
10349 -8.83 74.57 -44.17 -104.00 -35.00 193.00 427.00 -343.00 -976.00 0
10359 -3.55 63.79 -34.85 -121.00 -33.00 193.00 427.00 -343.00 -976.00 0
10369 -1.39 55.37 -29.63 -117.00 -24.00 195.00 427.00 -343.00 -976.00 0
10378 -1.60 47.30 -29.77 -107.00 -33.00 189.00 427.00 -343.00 -976.00 0
10387 -3.76 42.43 -35.97 -147.00 -41.00 192.00 427.00 -343.00 -976.00 0
10396 -9.81 42.85 -53.77 -151.00 -17.00 159.00 427.00 -343.00 -976.00 0
10405 -21.63 45.50 -59.06 -143.00 -75.00 172.00 427.00 -343.00 -976.00 0
10415 -23.44 52.17 -66.30 -128.00 -55.00 184.00 427.00 -343.00 -976.00 0
10425 -25.32 54.40 -74.50 -109.00 -59.00 160.00 427.00 -343.00 -976.00 0
10434 -24.00 51.90 -82.23 -118.00 -36.00 167.00 427.00 -343.00 -976.00 0
10443 -21.08 49.32 -91.20 -75.00 -47.00 168.00 427.00 -343.00 -976.00 0
10452 -9.18 54.05 -102.96 -120.00 -40.00 112.00 427.00 -343.00 -976.00 0
10462 -6.12 57.67 -103.79 -127.00 -59.00 147.00 427.00 -343.00 -976.00 0
10471 -3.27 61.08 -103.23 -155.00 -45.00 217.00 427.00 -343.00 -976.00 0
10481 0.77 59.13 -101.50 -141.00 -38.00 184.00 427.00 -343.00 -976.00 0
10490 2.92 53.70 -97.32 -130.00 -61.00 184.00 427.00 -343.00 -976.00 0
10500 3.13 52.10 -89.53 -119.00 -55.00 179.00 427.00 -343.00 -976.00 0
10509 1.46 56.49 -88.00 -140.00 -44.00 133.00 427.00 -343.00 -976.00 0
10518 -0.07 61.01 -88.00 -146.00 -50.00 108.00 427.00 -343.00 -976.00 0
10527 -2.78 64.00 -90.02 -163.00 -65.00 168.00 427.00 -343.00 -976.00 0
10536 -12.24 70.40 -93.70 -143.00 -86.00 166.00 427.00 -343.00 -976.00 0
10546 -19.83 75.27 -98.09 -169.00 -84.00 226.00 427.00 -343.00 -976.00 0
10556 -13.15 64.97 -93.91 -132.00 -72.00 139.00 427.00 -343.00 -976.00 0
10565 -8.35 57.88 -86.61 -190.00 -68.00 161.00 427.00 -343.00 -976.00 0
10574 -3.62 51.83 -81.39 -174.00 -99.00 103.00 427.00 -343.00 -976.00 0
10584 4.87 45.84 -78.89 -167.00 -84.00 159.00 427.00 -343.00 -976.00 0
10593 15.44 38.05 -77.91 -147.00 -70.00 197.00 427.00 -343.00 -976.00 0
10602 25.18 28.87 -76.38 -179.00 -58.00 270.00 427.00 -343.00 -976.00 0
10612 29.36 18.37 -73.81 -127.00 -67.00 142.00 427.00 -343.00 -976.00 0
10621 21.43 18.92 -74.85 -171.00 -95.00 246.00 427.00 -343.00 -976.00 0
10631 13.84 19.27 -78.26 -140.00 -75.00 185.00 427.00 -343.00 -976.00 0
10640 8.97 19.06 -84.87 -119.00 -81.00 170.00 427.00 -343.00 -976.00 0
10649 2.23 19.20 -91.97 -137.00 -120.00 145.00 427.00 -343.00 -976.00 0
10658 -18.50 28.24 -101.84 -154.00 -126.00 252.00 427.00 -343.00 -976.00 0
10669 -26.30 32.42 -102.47 -149.00 -122.00 144.00 427.00 -343.00 -976.00 0
10678 -30.26 35.90 -103.10 -155.00 -118.00 164.00 427.00 -343.00 -976.00 0
10687 -27.48 33.88 -99.62 -191.00 -118.00 220.00 427.00 -343.00 -976.00 0
10697 -23.51 30.61 -92.03 -160.00 -119.00 143.00 427.00 -343.00 -976.00 0
10706 -19.62 30.54 -80.00 -135.00 -96.00 145.00 427.00 -343.00 -976.00 0
10716 -1.32 34.23 -81.60 -194.00 -309.00 49.00 427.00 -343.00 -976.00 0
10725 9.18 37.08 -79.79 -17.00 -106.00 178.00 427.00 -343.00 -976.00 0
10734 22.89 35.13 -73.53 -173.00 122.00 179.00 427.00 -343.00 -976.00 0
10743 30.89 36.73 -63.44 -183.00 -213.00 207.00 427.00 -343.00 -976.00 0
10754 28.66 37.77 -47.65 -122.00 -49.00 163.00 427.00 -343.00 -976.00 0
10763 11.48 35.90 -23.03 -198.00 -142.00 194.00 427.00 -343.00 -976.00 0
10772 -0.07 34.57 -21.36 -135.00 -130.00 159.00 427.00 -343.00 -976.00 0
10781 -10.23 34.50 -21.70 -141.00 -110.00 172.00 427.00 -343.00 -976.00 0
10790 -20.31 30.40 -25.53 -139.00 -117.00 169.00 427.00 -343.00 -976.00 0
10801 -28.38 28.31 -27.90 -161.00 -138.00 128.00 427.00 -343.00 -976.00 0
10810 -37.70 28.73 -31.86 -206.00 -58.00 80.00 427.00 -343.00 -976.00 0
10819 -32.97 31.86 -29.98 -203.00 -124.00 179.00 427.00 -343.00 -976.00 0
10828 -31.44 34.71 -24.83 -149.00 -130.00 168.00 427.00 -343.00 -976.00 0
10838 -29.77 33.53 -23.23 -152.00 -186.00 169.00 427.00 -343.00 -976.00 0
10848 -31.51 29.01 -21.43 -145.00 -155.00 150.00 427.00 -343.00 -976.00 0
10857 -32.07 23.58 -26.43 -162.00 -133.00 124.00 427.00 -343.00 -976.00 0
10866 -21.15 13.08 -28.80 -155.00 -129.00 139.00 427.00 -343.00 -976.00 0
10875 -15.51 7.17 -30.96 -141.00 -120.00 170.00 427.00 -343.00 -976.00 0
10886 -13.43 1.46 -31.65 -136.00 -134.00 154.00 427.00 -343.00 -976.00 0
10895 -14.68 -0.97 -32.00 -138.00 -136.00 159.00 427.00 -343.00 -976.00 0
10904 -16.21 0.07 -31.72 -146.00 -136.00 145.00 427.00 -343.00 -976.00 0
10913 -22.75 3.55 -24.28 -149.00 -150.00 131.00 427.00 -343.00 -976.00 0
10923 -25.88 4.24 -19.34 -151.00 -147.00 136.00 869.00 146.00 -1029.00 0
10932 -27.13 3.48 -14.12 -149.00 -137.00 142.00 869.00 146.00 -1029.00 0
10942 -28.45 0.97 -8.90 -163.00 -136.00 127.00 869.00 146.00 -1029.00 0
10951 -31.03 -2.92 -4.38 -162.00 -130.00 130.00 869.00 146.00 -1029.00 0
10960 -33.53 -10.85 -1.81 -170.00 -140.00 161.00 869.00 146.00 -1029.00 0
10970 -34.78 -12.03 -4.10 -136.00 -127.00 163.00 869.00 146.00 -1029.00 0
10980 -35.41 -12.03 -8.14 -158.00 -127.00 167.00 869.00 146.00 -1029.00 0
10989 -38.47 -8.14 -12.73 -141.00 -145.00 147.00 869.00 146.00 -1029.00 0
10998 -42.23 -5.63 -20.24 -133.00 -172.00 124.00 869.00 146.00 -1029.00 0
11008 -46.12 -1.81 -34.23 -132.00 -171.00 121.00 869.00 146.00 -1029.00 0
11017 -44.66 6.19 -36.73 -141.00 -155.00 128.00 869.00 146.00 -1029.00 0
11027 -42.85 7.30 -35.55 -131.00 -165.00 137.00 869.00 146.00 -1029.00 0
11036 -42.71 6.47 -33.18 -148.00 -143.00 124.00 869.00 146.00 -1029.00 0
11045 -44.52 3.55 -31.93 -144.00 -142.00 123.00 869.00 146.00 -1029.00 0
11055 -46.47 3.20 -31.37 -126.00 -184.00 117.00 869.00 146.00 -1029.00 0
11065 -52.24 9.39 -29.57 -103.00 -107.00 80.00 869.00 146.00 -1029.00 0
11074 -61.22 12.45 -26.50 -146.00 -187.00 166.00 869.00 146.00 -1029.00 0
11083 -66.30 12.24 -20.87 -199.00 -190.00 117.00 869.00 146.00 -1029.00 0
11092 -70.68 10.92 -16.07 -180.00 -163.00 115.00 869.00 146.00 -1029.00 0
11103 -71.23 8.70 -10.78 -156.00 -141.00 138.00 869.00 146.00 -1029.00 0
11112 -57.60 3.41 -15.03 -153.00 -133.00 130.00 869.00 146.00 -1029.00 0
11121 -57.60 1.95 -20.03 -134.00 -150.00 137.00 869.00 146.00 -1029.00 0
11130 -63.86 0.90 -25.88 -133.00 -182.00 108.00 869.00 146.00 -1029.00 0
11140 -73.25 2.30 -32.83 -126.00 -206.00 94.00 869.00 146.00 -1029.00 0
11150 -77.29 5.57 -40.42 -118.00 -229.00 52.00 869.00 146.00 -1029.00 0
11159 -74.37 8.63 -48.35 -121.00 -185.00 89.00 869.00 146.00 -1029.00 0
11168 -64.56 12.73 -46.47 -124.00 -143.00 144.00 869.00 146.00 -1029.00 0
11177 -63.51 15.44 -43.69 -134.00 -200.00 79.00 869.00 146.00 -1029.00 0
11187 -64.42 17.81 -39.86 -88.00 -143.00 91.00 869.00 146.00 -1029.00 0
11197 -63.58 19.48 -38.68 -152.00 -222.00 75.00 869.00 146.00 -1029.00 0
11206 -71.65 20.94 -38.12 -150.00 -186.00 109.00 869.00 146.00 -1029.00 0
11215 -76.38 20.17 -29.63 -140.00 -221.00 72.00 869.00 146.00 -1029.00 0
11225 -75.13 16.83 -24.07 -136.00 -150.00 129.00 869.00 146.00 -1029.00 0
11235 -72.21 14.82 -21.01 -138.00 -169.00 111.00 869.00 146.00 -1029.00 0
11244 -72.00 13.15 -20.80 -136.00 -180.00 99.00 822.00 261.00 -1022.00 0
11253 -73.95 12.87 -26.23 -137.00 -223.00 13.00 822.00 261.00 -1022.00 0
11262 -88.00 13.84 -32.00 -111.00 -204.00 68.00 822.00 261.00 -1022.00 0
11272 -88.56 14.26 -31.86 -122.00 -215.00 78.00 822.00 261.00 -1022.00 0
11282 -88.56 12.59 -35.27 -130.00 -203.00 66.00 822.00 261.00 -1022.00 0
11291 -87.58 12.73 -39.72 -351.00 -491.00 -8.00 822.00 261.00 -1022.00 0
11300 -86.19 14.89 -45.36 -155.00 -308.00 16.00 822.00 261.00 -1022.00 0
11310 -69.43 6.89 -52.59 -128.00 -238.00 140.00 795.00 288.00 -925.00 0
11320 -42.64 1.46 -48.07 -74.00 -176.00 115.00 795.00 288.00 -925.00 0
11329 -35.27 -2.78 -40.49 -121.00 -230.00 42.00 795.00 288.00 -925.00 0
11338 -29.01 -4.94 -32.21 -114.00 -205.00 67.00 795.00 288.00 -925.00 0
11347 -24.07 -6.05 -25.95 -145.00 -232.00 74.00 795.00 288.00 -925.00 0
11357 -20.66 -7.79 -21.91 -112.00 -223.00 67.00 795.00 288.00 -925.00 0
11366 -15.17 -10.43 -16.77 -114.00 -237.00 64.00 795.00 288.00 -925.00 0
11375 -14.12 -10.57 -14.05 -111.00 -235.00 47.00 793.00 286.00 -1074.00 0
11385 -12.24 -9.53 -11.76 -122.00 -219.00 66.00 793.00 286.00 -1074.00 0
11395 -10.09 -7.93 -9.53 -124.00 -217.00 65.00 793.00 286.00 -1074.00 0
11404 -8.56 -6.61 -7.93 -124.00 -219.00 66.00 793.00 286.00 -1074.00 0
11413 -7.30 -5.91 -8.00 -118.00 -222.00 67.00 793.00 286.00 -1074.00 0
11422 -5.43 -5.29 -8.56 -113.00 -226.00 69.00 793.00 286.00 -1074.00 0
11431 -4.66 -4.73 -8.56 -131.00 -208.00 92.00 793.00 286.00 -1074.00 0
11441 -3.90 -4.24 -6.89 -133.00 -186.00 132.00 793.00 282.00 -1006.00 0
11450 -5.15 -4.73 -1.74 -205.00 -311.00 6.00 793.00 282.00 -1006.00 0
11459 -6.89 -6.47 3.55 -132.00 -240.00 -26.00 793.00 282.00 -1006.00 0
11468 -9.04 -11.41 8.21 -76.00 -202.00 -103.00 793.00 282.00 -1006.00 0
11479 -19.83 -12.17 10.09 -89.00 -185.00 167.00 793.00 282.00 -1006.00 0
11488 -7.86 -9.95 5.57 -39.00 -159.00 85.00 793.00 282.00 -1006.00 0
11497 -5.36 -6.68 4.66 -113.00 -224.00 66.00 793.00 282.00 -1006.00 0
11506 -4.17 -5.01 2.43 -124.00 -216.00 63.00 793.00 282.00 -1006.00 0
11515 -3.41 -3.62 1.32 -123.00 -220.00 67.00 793.00 282.00 -1006.00 0
11525 -2.99 -3.20 -1.11 -122.00 -218.00 69.00 793.00 282.00 -1006.00 0
11534 -2.37 -2.43 -2.57 -121.00 -219.00 66.00 793.00 282.00 -1006.00 0
11543 -1.67 -1.67 -4.38 -114.00 -224.00 73.00 793.00 282.00 -1006.00 0
11552 -1.53 -1.60 -5.70 -114.00 -225.00 64.00 793.00 282.00 -1006.00 0
11561 -1.53 -1.53 -5.77 -123.00 -219.00 64.00 793.00 282.00 -1006.00 0
11572 -1.74 -1.32 -4.66 -122.00 -221.00 64.00 793.00 282.00 -1006.00 0
11581 -2.23 -1.25 -2.30 -123.00 -220.00 65.00 793.00 282.00 -1006.00 0
11590 -2.43 -1.53 -2.09 -123.00 -219.00 63.00 793.00 282.00 -1006.00 0
11599 -2.43 -1.81 -2.64 -117.00 -225.00 68.00 793.00 282.00 -1006.00 0
11609 -2.50 -2.09 -3.34 -117.00 -220.00 66.00 793.00 282.00 -1006.00 0
11618 -2.50 -2.23 -3.69 -119.00 -222.00 64.00 793.00 282.00 -1006.00 0
11627 -2.57 -2.30 -3.55 -120.00 -221.00 65.00 793.00 282.00 -1006.00 0
11636 -2.71 -2.02 -2.71 -119.00 -221.00 66.00 793.00 282.00 -1006.00 0
11645 -2.78 -1.95 -2.64 -122.00 -218.00 65.00 793.00 282.00 -1006.00 0
11655 -2.78 -2.02 -2.64 -119.00 -222.00 65.00 793.00 282.00 -1006.00 0
11664 -2.71 -1.95 -2.57 -119.00 -221.00 66.00 793.00 282.00 -1006.00 0
11674 -2.71 -1.88 -2.30 -118.00 -221.00 62.00 793.00 282.00 -1006.00 0
11683 -2.71 -1.74 -1.88 -122.00 -220.00 68.00 793.00 282.00 -1006.00 0
11693 -2.78 -1.60 -1.39 -125.00 -222.00 65.00 793.00 282.00 -1006.00 0
11702 -2.78 -1.67 -1.53 -124.00 -220.00 67.00 793.00 282.00 -1006.00 0
11711 -2.78 -1.74 -1.74 -119.00 -220.00 66.00 793.00 282.00 -1006.00 0
11720 -2.71 -1.81 -1.95 -122.00 -223.00 67.00 793.00 282.00 -1006.00 0
11729 -2.78 -1.95 -2.16 -121.00 -221.00 67.00 793.00 282.00 -1006.00 0
11739 -2.78 -1.95 -2.43 -122.00 -219.00 64.00 793.00 282.00 -1006.00 0
11748 -2.78 -2.16 -2.71 -120.00 -219.00 65.00 793.00 282.00 -1006.00 0
11757 -2.78 -2.23 -2.99 -119.00 -221.00 64.00 793.00 282.00 -1006.00 0
11766 -2.78 -2.30 -3.20 -120.00 -221.00 65.00 793.00 282.00 -1006.00 0
11777 -2.71 -2.37 -3.41 -119.00 -223.00 66.00 793.00 282.00 -1006.00 0
11786 -2.71 -2.37 -3.41 -117.00 -222.00 67.00 793.00 282.00 -1006.00 0
11795 -2.71 -2.30 -3.34 -122.00 -219.00 63.00 793.00 282.00 -1006.00 0
11804 -2.71 -2.30 -3.20 -122.00 -219.00 63.00 793.00 282.00 -1006.00 0
11813 -2.71 -2.23 -3.06 -121.00 -220.00 68.00 793.00 282.00 -1006.00 0
11823 -2.71 -2.16 -2.92 -120.00 -222.00 66.00 793.00 282.00 -1006.00 0
11832 -2.78 -2.16 -2.85 -116.00 -221.00 66.00 793.00 282.00 -1006.00 0
11841 -2.78 -2.09 -2.71 -117.00 -223.00 67.00 793.00 282.00 -1006.00 0
11850 -2.78 -2.02 -2.37 -119.00 -223.00 67.00 793.00 282.00 -1006.00 0
11859 -2.78 -1.95 -2.23 -121.00 -221.00 65.00 793.00 282.00 -1006.00 0
11869 -2.78 -1.88 -2.16 -121.00 -223.00 67.00 793.00 282.00 -1006.00 0
11878 -2.78 -1.95 -2.16 -120.00 -225.00 66.00 793.00 282.00 -1006.00 0
11888 -2.78 -1.95 -2.16 -124.00 -222.00 67.00 793.00 282.00 -1006.00 0
11897 -2.78 -1.88 -2.16 -119.00 -219.00 67.00 793.00 282.00 -1006.00 0
11907 -2.78 -1.81 -2.02 -119.00 -222.00 67.00 793.00 282.00 -1006.00 0
11916 -2.71 -1.81 -2.02 -122.00 -225.00 65.00 793.00 282.00 -1006.00 0
11925 -2.71 -1.88 -2.09 -119.00 -220.00 64.00 793.00 282.00 -1006.00 0
11934 -2.71 -1.88 -2.23 -119.00 -224.00 63.00 793.00 282.00 -1006.00 0
11943 -2.78 -1.88 -2.30 -119.00 -222.00 68.00 793.00 282.00 -1006.00 0
11953 -2.71 -1.95 -2.43 -121.00 -222.00 66.00 793.00 282.00 -1006.00 0
11962 -2.78 -2.09 -2.71 -120.00 -221.00 63.00 793.00 282.00 -1006.00 0
11971 -2.78 -2.16 -2.78 -121.00 -220.00 65.00 793.00 282.00 -1006.00 0
11980 -2.78 -2.16 -2.92 -120.00 -221.00 61.00 793.00 282.00 -1006.00 0
11991 -2.78 -2.16 -2.99 -118.00 -222.00 66.00 793.00 282.00 -1006.00 0
12000 -2.71 -2.16 -2.99 -118.00 -223.00 65.00 793.00 282.00 -1006.00 0
12009 -2.71 -2.09 -2.99 -116.00 -223.00 66.00 793.00 282.00 -1006.00 0
12018 -2.64 -1.88 -2.99 -119.00 -223.00 68.00 793.00 282.00 -1006.00 0
12027 -2.57 -1.81 -2.99 -120.00 -221.00 63.00 793.00 282.00 -1006.00 0
12037 -2.64 -1.81 -2.92 -118.00 -222.00 67.00 793.00 282.00 -1006.00 0
12046 -2.64 -1.81 -2.85 -119.00 -221.00 64.00 793.00 282.00 -1006.00 0
12055 -2.64 -1.74 -2.64 -121.00 -222.00 69.00 793.00 282.00 -1006.00 0
12064 -2.71 -1.81 -2.37 -120.00 -220.00 65.00 793.00 282.00 -1006.00 0
12073 -2.71 -1.74 -2.37 -121.00 -221.00 65.00 793.00 282.00 -1006.00 0
12083 -2.78 -1.81 -2.37 -121.00 -224.00 68.00 793.00 282.00 -1006.00 0
12093 -2.78 -1.81 -2.37 -119.00 -222.00 70.00 793.00 282.00 -1006.00 0
12102 -2.78 -1.81 -2.30 -118.00 -221.00 66.00 793.00 282.00 -1006.00 0
12111 -2.78 -1.88 -2.23 -120.00 -223.00 66.00 793.00 282.00 -1006.00 0
12121 -2.85 -1.88 -2.30 -120.00 -222.00 67.00 793.00 282.00 -1006.00 0
12130 -2.85 -1.95 -2.37 -117.00 -224.00 68.00 793.00 282.00 -1006.00 0
12139 -2.85 -1.95 -2.43 -121.00 -221.00 67.00 793.00 282.00 -1006.00 0
12148 -2.78 -2.02 -2.43 -121.00 -223.00 66.00 793.00 282.00 -1006.00 0
12157 -2.85 -2.02 -2.43 -118.00 -222.00 66.00 793.00 282.00 -1006.00 0
12167 -2.85 -2.02 -2.50 -119.00 -220.00 65.00 797.00 272.00 -1246.00 0
12176 -2.85 -2.09 -2.57 -122.00 -222.00 66.00 797.00 272.00 -1246.00 0
12185 -2.85 -2.09 -2.57 -118.00 -220.00 64.00 797.00 272.00 -1246.00 0
12195 -2.78 -2.09 -2.64 -118.00 -221.00 65.00 797.00 272.00 -1246.00 0
12205 -2.78 -2.02 -2.71 -120.00 -223.00 68.00 797.00 272.00 -1246.00 0
12214 -2.78 -2.02 -2.71 -120.00 -221.00 64.00 797.00 272.00 -1246.00 0
12223 -2.71 -2.02 -2.64 -118.00 -222.00 62.00 797.00 272.00 -1246.00 0
12232 -2.78 -1.95 -2.57 -117.00 -219.00 65.00 796.00 274.00 -972.00 0
12241 -2.78 -1.95 -2.50 -120.00 -223.00 66.00 796.00 274.00 -972.00 0
12251 -2.78 -1.95 -2.43 -119.00 -225.00 66.00 796.00 274.00 -972.00 0
12260 -2.78 -1.95 -2.43 -123.00 -223.00 68.00 796.00 274.00 -972.00 0
12269 -2.85 -1.95 -2.37 -116.00 -223.00 64.00 796.00 274.00 -972.00 0
12278 -2.85 -1.95 -2.43 -122.00 -224.00 67.00 796.00 274.00 -972.00 0
12288 -2.85 -1.95 -2.30 -117.00 -220.00 66.00 796.00 274.00 -972.00 0
12297 -2.78 -1.95 -2.23 -121.00 -220.00 67.00 794.00 275.00 -949.00 0
12306 -2.78 -1.95 -2.23 -120.00 -218.00 62.00 794.00 275.00 -949.00 0
12315 -2.78 -1.95 -2.23 -115.00 -221.00 66.00 794.00 275.00 -949.00 0
12324 -2.78 -1.95 -2.30 -120.00 -223.00 67.00 794.00 275.00 -949.00 0
12334 -2.78 -1.88 -2.30 -119.00 -223.00 63.00 794.00 275.00 -949.00 0
12343 -2.85 -1.88 -2.30 -119.00 -226.00 68.00 794.00 275.00 -949.00 0
12352 -2.78 -1.95 -2.37 -124.00 -221.00 65.00 794.00 275.00 -949.00 0
12362 -2.78 -2.02 -2.37 -120.00 -224.00 68.00 795.00 274.00 -1114.00 0
12371 -2.78 -2.02 -2.43 -120.00 -221.00 63.00 795.00 274.00 -1114.00 0
12381 -2.71 -2.02 -2.50 -122.00 -222.00 65.00 795.00 274.00 -1114.00 0
12390 -2.78 -2.02 -2.50 -117.00 -221.00 65.00 795.00 274.00 -1114.00 0
12399 -2.78 -1.95 -2.50 -119.00 -223.00 67.00 795.00 274.00 -1114.00 0
12408 -2.85 -1.95 -2.50 -118.00 -219.00 63.00 795.00 274.00 -1114.00 0
12418 -2.85 -1.95 -2.43 -121.00 -221.00 64.00 795.00 274.00 -1114.00 0
12427 -2.85 -1.95 -2.43 -120.00 -220.00 64.00 795.00 273.00 -1054.00 0
12436 -2.85 -1.95 -2.43 -120.00 -225.00 65.00 795.00 273.00 -1054.00 0
12445 -2.85 -1.95 -2.43 -121.00 -220.00 65.00 795.00 273.00 -1054.00 0
12454 -2.85 -1.88 -2.30 -118.00 -221.00 65.00 795.00 273.00 -1054.00 0
12465 -2.78 -1.88 -2.30 -121.00 -219.00 65.00 795.00 273.00 -1054.00 0
12474 -2.78 -1.88 -2.30 -119.00 -223.00 64.00 795.00 273.00 -1054.00 0
12483 -2.78 -1.95 -2.30 -119.00 -223.00 67.00 795.00 273.00 -1054.00 0
12492 -2.78 -1.88 -2.30 -119.00 -219.00 64.00 794.00 275.00 -1103.00 0
12502 -2.85 -1.88 -2.30 -118.00 -221.00 64.00 794.00 275.00 -1103.00 0
12511 -2.78 -2.02 -2.23 -115.00 -221.00 65.00 794.00 275.00 -1103.00 0
12520 -2.85 -2.02 -2.23 -121.00 -218.00 65.00 794.00 275.00 -1103.00 0
12529 -2.85 -2.02 -2.23 -120.00 -221.00 64.00 794.00 275.00 -1103.00 0
12538 -2.78 -1.95 -2.30 -120.00 -221.00 66.00 794.00 275.00 -1103.00 0
12548 -2.78 -1.95 -2.30 -117.00 -223.00 65.00 794.00 275.00 -1103.00 0
12557 -2.78 -1.95 -2.30 -117.00 -226.00 69.00 792.00 274.00 -1005.00 0
12567 -2.85 -1.88 -2.30 -119.00 -222.00 65.00 792.00 274.00 -1005.00 0
12576 -2.85 -1.88 -2.30 -119.00 -223.00 65.00 792.00 274.00 -1005.00 0
12585 -2.85 -1.88 -2.23 -120.00 -220.00 67.00 792.00 274.00 -1005.00 0
12595 -2.85 -1.95 -2.30 -118.00 -220.00 65.00 792.00 274.00 -1005.00 0
12604 -2.78 -1.95 -2.37 -117.00 -227.00 70.00 792.00 274.00 -1005.00 0
12613 -2.78 -1.88 -2.37 -118.00 -220.00 67.00 792.00 274.00 -1005.00 0
12622 -2.78 -1.81 -2.43 -120.00 -221.00 65.00 795.00 276.00 -1039.00 0
12632 -2.78 -1.81 -2.37 -118.00 -222.00 66.00 795.00 276.00 -1039.00 0
12641 -2.78 -1.88 -2.37 -120.00 -224.00 69.00 795.00 276.00 -1039.00 0
12650 -2.78 -1.88 -2.37 -118.00 -221.00 68.00 795.00 276.00 -1039.00 0
12659 -2.78 -1.88 -2.37 -118.00 -222.00 65.00 795.00 276.00 -1039.00 0
12669 -2.78 -1.88 -2.30 -118.00 -221.00 65.00 795.00 276.00 -1039.00 0
12679 -2.78 -1.88 -2.23 -117.00 -223.00 69.00 795.00 276.00 -1039.00 0
12688 -2.78 -1.81 -2.23 -120.00 -222.00 66.00 793.00 277.00 -1019.00 0
12697 -2.78 -1.81 -2.23 -117.00 -218.00 67.00 793.00 277.00 -1019.00 0
12706 -2.78 -1.81 -2.23 -114.00 -223.00 68.00 793.00 277.00 -1019.00 0
12716 -2.78 -1.88 -2.23 -118.00 -222.00 67.00 793.00 277.00 -1019.00 0
12725 -2.78 -1.88 -2.30 -120.00 -221.00 66.00 793.00 277.00 -1019.00 0
12734 -2.78 -1.88 -2.23 -119.00 -223.00 65.00 793.00 277.00 -1019.00 0
12743 -2.85 -1.88 -2.23 -119.00 -221.00 64.00 793.00 277.00 -1019.00 0
12752 -2.85 -1.88 -2.16 -114.00 -222.00 65.00 793.00 277.00 -1019.00 0
12763 -2.85 -1.95 -2.23 -116.00 -222.00 64.00 793.00 277.00 -1019.00 0
12772 -2.78 -1.95 -2.23 -117.00 -219.00 67.00 793.00 277.00 -1019.00 0
12781 -2.85 -1.95 -2.30 -118.00 -224.00 64.00 793.00 277.00 -1019.00 0
12790 -2.85 -1.88 -2.30 -117.00 -223.00 64.00 793.00 277.00 -1019.00 0
12800 -2.85 -1.88 -2.23 -120.00 -219.00 63.00 793.00 277.00 -1019.00 0
12809 -2.85 -1.88 -2.23 -120.00 -222.00 64.00 793.00 277.00 -1019.00 0
12818 -2.85 -1.88 -2.30 -121.00 -223.00 64.00 793.00 277.00 -1019.00 0