 -26.00 132.00 207.00 -54.00 -451.00 -667.00 0
2267 -2.23 -2.78 -2.50 -30.00 133.00 202.00 -54.00 -451.00 -667.00 0
2276 -2.16 -2.78 -2.50 -31.00 130.00 202.00 -54.00 -451.00 -667.00 0
2285 -2.09 -2.85 -2.50 -29.00 131.00 206.00 -54.00 -451.00 -667.00 0
2294 -2.16 -2.85 -2.50 -28.00 135.00 203.00 -54.00 -451.00 -667.00 0
2302 -2.09 -2.78 -2.50 -29.00 134.00 202.00 -54.00 -451.00 -667.00 0
2312 -2.09 -2.78 -2.50 -29.00 129.00 207.00 -56.00 -452.00 -846.00 0
2321 -2.09 -2.85 -2.50 -29.00 133.00 207.00 -56.00 -452.00 -846.00 0
2330 -2.09 -2.78 -2.57 -29.00 132.00 197.00 -56.00 -452.00 -846.00 0
2339 -2.09 -2.78 -2.57 -28.00 135.00 204.00 -56.00 -452.00 -846.00 0
2349 -2.16 -2.71 -2.50 -33.00 131.00 205.00 -56.00 -452.00 -846.00 0
2358 -2.16 -2.71 -2.57 -28.00 134.00 203.00 -56.00 -452.00 -846.00 0
2367 -2.23 -2.71 -2.50 -29.00 133.00 206.00 -56.00 -452.00 -846.00 0
2376 -2.23 -2.78 -2.50 -27.00 134.00 202.00 -56.00 -450.00 -721.00 0
2385 -2.23 -2.85 -2.43 -26.00 132.00 206.00 -56.00 -450.00 -721.00 0
2395 -2.23 -2.85 -2.50 -30.00 134.00 203.00 -56.00 -450.00 -721.00 0
2404 -2.23 -2.78 -2.50 -26.00 131.00 203.00 -56.00 -450.00 -721.00 0
2413 -2.23 -2.78 -2.57 -26.00 131.00 205.00 -56.00 -450.00 -721.00 0
2422 -2.16 -2.78 -2.57 -30.00 130.00 207.00 -56.00 -450.00 -721.00 0
2432 -2.16 -2.78 -2.50 -32.00 134.00 202.00 -56.00 -450.00 -721.00 0
2441 -2.23 -2.78 -2.57 -28.00 128.00 206.00 -56.00 -450.00 -721.00 0
2450 -2.23 -2.78 -2.50 -30.00 133.00 209.00 -56.00 -450.00 -721.00 0
2458 -2.16 -2.78 -2.50 -27.00 132.00 205.00 -56.00 -450.00 -721.00 0
2467 -2.16 -2.78 -2.57 -30.00 133.00 202.00 -56.00 -450.00 -721.00 0
2477 -2.16 -2.78 -2.57 -28.00 133.00 204.00 -56.00 -450.00 -721.00 0
2486 -2.16 -2.78 -2.57 -28.00 130.00 206.00 -56.00 -450.00 -721.00 0
2495 -2.16 -2.85 -2.50 -27.00 134.00 201.00 -56.00 -450.00 -721.00 0
2504 -2.09 -2.78 -2.50 -30.00 131.00 204.00 -56.00 -450.00 -721.00 0
2513 -2.16 -2.71 -2.57 -29.00 134.00 205.00 -56.00 -450.00 -721.00 0
2523 -2.16 -2.78 -2.50 -29.00 131.00 207.00 -56.00 -450.00 -721.00 0
2532 -2.16 -2.78 -2.50 -31.00 133.00 206.00 -56.00 -450.00 -721.00 0
2541 -2.23 -2.85 -2.57 -30.00 131.00 206.00 -56.00 -450.00 -721.00 0
2550 -2.23 -2.85 -2.50 -30.00 133.00 206.00 -56.00 -450.00 -721.00 0
2560 -2.30 -2.85 -2.50 -30.00 132.00 205.00 -56.00 -450.00 -721.00 0
2569 -2.30 -2.78 -2.50 -26.00 132.00 206.00 -56.00 -450.00 -721.00 0
2578 -2.30 -2.78 -2.50 -29.00 130.00 209.00 -56.00 -450.00 -721.00 0
2587 -2.30 -2.78 -2.50 -28.00 131.00 208.00 -56.00 -450.00 -721.00 0
2596 -2.30 -2.78 -2.43 -29.00 135.00 208.00 -56.00 -450.00 -721.00 0
2606 -2.23 -2.78 -2.50 -27.00 133.00 206.00 -56.00 -450.00 -721.00 0
2614 -2.16 -2.78 -2.50 -27.00 131.00 207.00 -56.00 -450.00 -721.00 0
2623 -2.23 -2.78 -2.50 -28.00 133.00 204.00 -56.00 -450.00 -721.00 0
2632 -2.16 -2.78 -2.50 -29.00 132.00 211.00 -56.00 -450.00 -721.00 0
2641 -2.16 -2.78 -2.57 -31.00 134.00 207.00 -56.00 -451.00 -584.00 0
2651 -2.23 -2.78 -2.57 -31.00 132.00 203.00 -56.00 -451.00 -584.00 0
2660 -2.23 -2.78 -2.57 -31.00 131.00 206.00 -56.00 -451.00 -584.00 0
2669 -2.23 -2.78 -2.50 -29.00 133.00 206.00 -56.00 -451.00 -584.00 0
2678 -2.23 -2.78 -2.50 -25.00 132.00 209.00 -56.00 -451.00 -584.00 0
2688 -2.09 -2.85 -2.50 -26.00 133.00 205.00 -56.00 -451.00 -584.00 0
2697 -2.09 -2.78 -2.50 -27.00 131.00 204.00 -56.00 -451.00 -584.00 0
2706 -2.09 -2.85 -2.50 -29.00 131.00 203.00 -58.00 -452.00 -512.00 0
2715 -2.09 -2.85 -2.50 -28.00 135.00 205.00 -58.00 -452.00 -512.00 0
2724 -2.09 -2.85 -2.50 -27.00 134.00 203.00 -58.00 -452.00 -512.00 0
2734 -2.16 -2.85 -2.50 -31.00 133.00 204.00 -58.00 -452.00 -512.00 0
2743 -2.16 -2.85 -2.57 -27.00 134.00 207.00 -58.00 -452.00 -512.00 0
2752 -2.16 -2.85 -2.57 -30.00 135.00 207.00 -58.00 -452.00 -512.00 0
2761 -2.09 -2.85 -2.57 -30.00 131.00 209.00 -58.00 -452.00 -512.00 0
2770 -2.09 -2.85 -2.50 -28.00 133.00 205.00 -58.00 -452.00 -512.00 0
2779 -2.23 -2.85 -2.50 -30.00 129.00 205.00 -58.00 -452.00 -512.00 0
2788 -2.23 -2.85 -2.50 -29.00 131.00 207.00 -58.00 -452.00 -512.00 0
2797 -2.23 -2.85 -2.50 -29.00 131.00 208.00 -58.00 -452.00 -512.00 0
2806 -2.23 -2.85 -2.57 -28.00 132.00 207.00 -58.00 -452.00 -512.00 0
2816 -2.16 -2.85 -2.50 -28.00 135.00 205.00 -58.00 -452.00 -512.00 0
2825 -2.16 -2.85 -2.50 -26.00 132.00 204.00 -58.00 -452.00 -512.00 0
2834 -2.16 -2.85 -2.57 -30.00 131.00 208.00 -58.00 -452.00 -512.00 0
2843 -2.16 -2.85 -2.57 -29.00 132.00 204.00 -58.00 -452.00 -512.00 0
2852 -2.16 -2.85 -2.57 -29.00 134.00 205.00 -58.00 -452.00 -512.00 0
2862 -2.16 -2.85 -2.50 -30.00 131.00 205.00 -58.00 -452.00 -512.00 0
2871 -2.16 -2.85 -2.57 -30.00 132.00 205.00 -58.00 -452.00 -512.00 0
2880 -2.16 -2.85 -2.57 -26.00 131.00 203.00 -58.00 -452.00 -512.00 0
2889 -2.16 -2.78 -2.57 -31.00 132.00 203.00 -58.00 -452.00 -512.00 0
2898 -2.16 -2.78 -2.57 -32.00 133.00 210.00 -58.00 -452.00 -512.00 0
2908 -2.16 -2.78 -2.57 -31.00 131.00 211.00 -58.00 -452.00 -512.00 0
2917 -2.23 -2.85 -2.57 -30.00 131.00 207.00 -58.00 -452.00 -512.00 0
2926 -2.23 -2.78 -2.50 -28.00 129.00 206.00 -58.00 -452.00 -512.00 0
2935 -2.23 -2.78 -2.50 -27.00 131.00 204.00 -58.00 -452.00 -512.00 0
2944 -2.16 -2.78 -2.50 -31.00 130.00 206.00 -58.00 -452.00 -512.00 0
2953 -2.23 -2.78 -2.50 -25.00 131.00 204.00 -58.00 -452.00 -512.00 0
2962 -2.23 -2.78 -2.50 -28.00 132.00 205.00 -58.00 -452.00 -512.00 0
2971 -2.23 -2.71 -2.57 -29.00 134.00 207.00 -58.00 -452.00 -512.00 0
2980 -2.16 -2.71 -2.57 -28.00 133.00 204.00 -58.00 -452.00 -512.00 0
2990 -2.16 -2.71 -2.50 -24.00 134.00 205.00 -58.00 -452.00 -512.00 0
2999 -2.16 -2.78 -2.57 -31.00 132.00 207.00 -58.00 -452.00 -512.00 0
3008 -2.23 -2.78 -2.57 -27.00 131.00 205.00 -58.00 -452.00 -512.00 0
3017 -2.16 -2.85 -2.57 -29.00 129.00 208.00 -58.00 -452.00 -512.00 0
3026 -2.16 -2.85 -2.57 -29.00 130.00 209.00 -58.00 -452.00 -512.00 0
3036 -2.16 -2.85 -2.57 -29.00 131.00 208.00 -59.00 -450.00 -545.00 0
3045 -2.16 -2.85 -2.50 -30.00 131.00 204.00 -59.00 -450.00 -545.00 0
3054 -2.23 -2.71 -2.50 -28.00 131.00 208.00 -59.00 -450.00 -545.00 0
3063 -2.37 -2.64 -2.57 -30.00 134.00 202.00 -59.00 -450.00 -545.00 0
3073 -2.64 -2.57 -2.64 -31.00 133.00 204.00 -59.00 -450.00 -545.00 0
3082 -2.99 -2.71 -2.71 -28.00 132.00 209.00 -59.00 -450.00 -545.00 0
3091 -3.48 -2.78 -2.85 -30.00 133.00 204.00 -59.00 -450.00 -545.00 0
3100 -4.10 -2.78 -2.92 -27.00 130.00 204.00 -55.00 -449.00 -670.00 0
3108 -4.66 -2.78 -2.99 -29.00 128.00 204.00 -55.00 -449.00 -670.00 0
3118 -5.36 -2.64 -2.85 -27.00 130.00 205.00 -55.00 -449.00 -670.00 0
3127 -5.22 -2.71 -2.85 -28.00 129.00 211.00 -55.00 -449.00 -670.00 0
3136 -4.80 -2.71 -2.85 -28.00 127.00 206.00 -55.00 -449.00 -670.00 0
3145 -4.38 -2.71 -2.78 -27.00 131.00 208.00 -55.00 -449.00 -670.00 0
3154 -3.83 -2.71 -2.71 -28.00 133.00 208.00 -55.00 -449.00 -670.00 0
3164 -3.34 -2.78 -2.64 -27.00 130.00 204.00 -55.00 -450.00 -636.00 0
3173 -2.99 -2.78 -2.64 -31.00 133.00 202.00 -57.00 -450.00 -636.00 0
3182 -2.43 -2.78 -2.57 -31.00 130.00 205.00 -57.00 -450.00 -636.00 0
3191 -2.23 -2.71 -2.57 -29.00 129.00 206.00 -57.00 -450.00 -636.00 0
3201 -2.09 -2.71 -2.57 -30.00 135.00 203.00 -57.00 -450.00 -636.00 0
3210 -1.95 -2.71 -2.50 -29.00 129.00 206.00 -57.00 -450.00 -636.00 0
3219 -1.81 -2.78 -2.50 -27.00 133.00 206.00 -57.00 -450.00 -636.00 0
3228 -1.81 -2.78 -2.43 -28.00 130.00 207.00 -57.00 -450.00 -636.00 0
3237 -1.88 -2.78 -2.43 -31.00 131.00 204.00 -57.00 -450.00 -636.00 0
3247 -1.95 -2.78 -2.50 -31.00 129.00 207.00 -57.00 -450.00 -636.00 0
3256 -2.02 -2.71 -2.43 -26.00 134.00 206.00 -57.00 -450.00 -636.00 0
3265 -2.09 -2.78 -2.43 -30.00 133.00 208.00 -57.00 -450.00 -636.00 0
3274 -2.09 -2.78 -2.43 -29.00 130.00 207.00 -57.00 -450.00 -636.00 0
3282 -2.16 -2.78 -2.50 -30.00 130.00 204.00 -57.00 -450.00 -636.00 0
3292 -2.16 -2.78 -2.50 -31.00 130.00 210.00 -57.00 -450.00 -636.00 0
3301 -2.30 -2.85 -2.57 -30.00 130.00 203.00 -57.00 -450.00 -636.00 0
3310 -2.30 -2.85 -2.57 -27.00 132.00 207.00 -57.00 -450.00 -636.00 0
3319 -2.30 -2.92 -2.57 -30.00 132.00 208.00 -57.00 -450.00 -636.00 0
3329 -2.37 -2.85 -2.57 -31.00 130.00 209.00 -57.00 -450.00 -636.00 0
3338 -2.37 -2.85 -2.57 -29.00 129.00 207.00 -57.00 -450.00 -636.00 0
3347 -2.37 -2.85 -2.64 -28.00 132.00 202.00 -57.00 -450.00 -636.00 0
3356 -2.30 -2.85 -2.64 -29.00 133.00 205.00 -57.00 -450.00 -636.00 0
3365 -2.23 -2.85 -2.64 -30.00 130.00 207.00 -57.00 -450.00 -636.00 0
3375 -2.16 -2.78 -2.64 -30.00 131.00 210.00 -57.00 -450.00 -636.00 0
3384 -2.16 -2.78 -2.64 -28.00 131.00 207.00 -57.00 -450.00 -636.00 0
3393 -2.16 -2.85 -2.57 -29.00 130.00 208.00 -57.00 -450.00 -636.00 0
3402 -2.16 -2.78 -2.57 -29.00 130.00 207.00 -57.00 -450.00 -636.00 0
3411 -2.16 -2.78 -2.57 -30.00 130.00 211.00 -57.00 -450.00 -636.00 0
3421 -2.16 -2.78 -2.57 -30.00 133.00 206.00 -57.00 -450.00 -636.00 0
3430 -2.09 -2.78 -2.50 -31.00 132.00 205.00 -55.00 -447.00 -554.00 0
3439 -2.09 -2.78 -2.57 -31.00 130.00 204.00 -55.00 -447.00 -554.00 0
3447 -2.09 -2.78 -2.57 -26.00 128.00 206.00 -55.00 -447.00 -554.00 0
3457 -2.09 -2.78 -2.57 -28.00 131.00 204.00 -55.00 -447.00 -554.00 0
3466 -2.09 -2.78 -2.57 -31.00 132.00 208.00 -55.00 -447.00 -554.00 0
3475 -2.09 -2.85 -2.57 -29.00 131.00 205.00 -55.00 -447.00 -554.00 0
3484 -2.16 -2.78 -2.50 -30.00 131.00 210.00 -55.00 -447.00 -554.00 0
3493 -2.23 -2.78 -2.57 -28.00 130.00 205.00 -53.00 -448.00 -466.00 0
3503 -2.23 -2.71 -2.50 -29.00 129.00 201.00 -53.00 -448.00 -466.00 0
3512 -2.16 -2.71 -2.50 -28.00 129.00 204.00 -53.00 -448.00 -466.00 0
3521 -2.16 -2.71 -2.50 -28.00 133.00 207.00 -53.00 -448.00 -466.00 0
3530 -2.16 -2.71 -2.57 -29.00 130.00 205.00 -53.00 -448.00 -466.00 0
3539 -2.16 -2.71 -2.57 -29.00 129.00 206.00 -53.00 -448.00 -466.00 0
3549 -2.09 -2.71 -2.50 -27.00 129.00 208.00 -53.00 -448.00 -466.00 0
3558 -2.16 -2.78 -2.50 -32.00 133.00 204.00 -53.00 -449.00 -488.00 0
3567 -2.16 -2.78 -2.50 -28.00 132.00 209.00 -57.00 -449.00 -488.00 0
3576 -2.09 -2.78 -2.50 -29.00 131.00 207.00 -57.00 -449.00 -488.00 0
3586 -2.09 -2.78 -2.57 -28.00 128.00 206.00 -57.00 -449.00 -488.00 0
3594 -2.09 -2.78 -2.50 -26.00 129.00 207.00 -57.00 -449.00 -488.00 0
3603 -2.02 -2.78 -2.50 -28.00 130.00 206.00 -57.00 -449.00 -488.00 0
3612 -2.09 -2.71 -2.50 -30.00 130.00 208.00 -57.00 -449.00 -488.00 0
3621 -2.09 -2.71 -2.50 -29.00 130.00 206.00 -57.00 -449.00 -488.00 0
3631 -2.09 -2.71 -2.50 -28.00 128.00 208.00 -57.00 -449.00 -488.00 0
3640 -2.16 -2.78 -2.50 -28.00 131.00 206.00 -57.00 -449.00 -488.00 0
3649 -2.09 -2.85 -2.50 -29.00 132.00 206.00 -57.00 -449.00 -488.00 0
3658 -2.09 -2.85 -2.50 -30.00 131.00 206.00 -57.00 -449.00 -488.00 0
3667 -2.09 -2.78 -2.50 -26.00 129.00 206.00 -57.00 -449.00 -488.00 0
3677 -2.09 -2.85 -2.57 -29.00 130.00 205.00 -57.00 -449.00 -488.00 0
3686 -2.16 -2.92 -2.57 -30.00 132.00 206.00 -57.00 -449.00 -488.00 0
3695 -2.16 -2.85 -2.57 -29.00 130.00 205.00 -57.00 -449.00 -488.00 0
3704 -2.16 -2.85 -2.57 -29.00 132.00 209.00 -57.00 -449.00 -488.00 0
3714 -2.16 -2.85 -2.50 -31.00 134.00 207.00 -57.00 -449.00 -488.00 0
3723 -2.16 -2.85 -2.57 -30.00 130.00 208.00 -57.00 -449.00 -488.00 0
3732 -2.16 -2.85 -2.57 -29.00 133.00 207.00 -57.00 -449.00 -488.00 0
3741 -2.16 -2.85 -2.57 -32.00 134.00 203.00 -57.00 -449.00 -488.00 0
3749 -2.16 -2.85 -2.57 -27.00 131.00 210.00 -57.00 -449.00 -488.00 0
3759 -2.16 -2.78 -2.50 -28.00 129.00 206.00 -57.00 -449.00 -488.00 0
3768 -2.09 -2.78 -2.50 -30.00 133.00 207.00 -57.00 -449.00 -488.00 0
3777 -2.16 -2.85 -2.57 -25.00 132.00 206.00 -57.00 -449.00 -488.00 0
3786 -2.09 -2.85 -2.57 -30.00 129.00 208.00 -57.00 -449.00 -488.00 0
3795 -2.09 -2.85 -2.57 -30.00 129.00 206.00 -57.00 -449.00 -488.00 0
3805 -2.09 -2.85 -2.57 -31.00 133.00 206.00 -57.00 -449.00 -488.00 0
3814 -2.09 -2.85 -2.57 -30.00 130.00 205.00 -57.00 -449.00 -488.00 0
3823 -2.09 -2.78 -2.57 -30.00 131.00 207.00 -56.00 -450.00 -625.00 0
3832 -2.09 -2.78 -2.57 -32.00 132.00 207.00 -56.00 -450.00 -625.00 0
3842 -2.16 -2.78 -2.50 -31.00 131.00 206.00 -56.00 -450.00 -625.00 0
3851 -2.16 -2.78 -2.50 -28.00 131.00 208.00 -56.00 -450.00 -625.00 0
3860 -2.16 -2.78 -2.57 -26.00 129.00 207.00 -56.00 -450.00 -625.00 0
3869 -2.23 -2.78 -2.57 -29.00 134.00 205.00 -56.00 -450.00 -625.00 0
3878 -2.30 -2.78 -2.57 -29.00 131.00 208.00 -56.00 -450.00 -625.00 0
3888 -2.30 -2.71 -2.57 -30.00 132.00 205.00 -55.00 -445.00 -657.00 0
3897 -2.23 -2.78 -2.57 -29.00 130.00 206.00 -55.00 -445.00 -657.00 0
3906 -2.23 -2.78 -2.57 -33.00 130.00 206.00 -55.00 -445.00 -657.00 0
3914 -2.64 -2.78 -1.95 -28.00 131.00 209.00 -55.00 -445.00 -657.00 0
3923 -3.48 -2.30 -0.42 -29.00 131.00 205.00 -55.00 -445.00 -657.00 0
3933 -3.69 -1.88 0.35 -32.00 131.00 206.00 -55.00 -445.00 -657.00 0
3942 -4.24 -1.18 1.53 -25.00 127.00 200.00 -55.00 -445.00 -657.00 0
3951 -5.01 -0.56 2.85 -28.00 133.00 208.00 -55.00 -445.00 -657.00 0
3960 -4.94 0.07 3.76 -33.00 132.00 206.00 -55.00 -445.00 -657.00 0
3970 -4.73 0.70 4.66 -37.00 133.00 205.00 -55.00 -445.00 -657.00 0
3979 -4.17 0.83 5.08 -27.00 133.00 205.00 -55.00 -445.00 -657.00 0
3988 -3.20 1.11 4.52 -31.00 132.00 207.00 -55.00 -445.00 -657.00 0
3997 -2.92 0.90 4.17 -32.00 131.00 203.00 -55.00 -445.00 -657.00 0
4006 -2.37 0.49 3.34 -27.00 132.00 207.00 -55.00 -445.00 -657.00 0
4016 -2.02 -0.14 2.30 -31.00 133.00 207.00 -55.00 -445.00 -657.00 0
4025 -1.95 -0.63 1.25 -28.00 130.00 207.00 -55.00 -445.00 -657.00 0
4034 -2.23 -1.18 0.42 -30.00 130.00 205.00 -55.00 -445.00 -657.00 0
4043 -2.64 -1.88 -0.90 -28.00 130.00 208.00 -55.00 -445.00 -657.00 0
4051 -3.27 -2.02 -1.39 -27.00 130.00 204.00 -55.00 -445.00 -657.00 0
4061 -3.34 -2.23 -1.74 -29.00 130.00 207.00 -55.00 -445.00 -657.00 0
4070 -3.48 -2.30 -1.88 -29.00 130.00 206.00 -55.00 -445.00 -657.00 0
4079 -3.41 -2.43 -2.02 -26.00 129.00 211.00 -55.00 -445.00 -657.00 0
4088 -3.20 -2.50 -2.16 -31.00 130.00 204.00 -55.00 -445.00 -657.00 0
4098 -2.92 -2.50 -2.30 -28.00 129.00 208.00 -55.00 -445.00 -657.00 0
4107 -2.43 -2.64 -2.43 -28.00 130.00 206.00 -55.00 -445.00 -657.00 0
4116 -2.37 -2.71 -2.43 -31.00 131.00 205.00 -55.00 -445.00 -657.00 0
4125 -2.37 -2.71 -2.43 -30.00 132.00 207.00 -55.00 -445.00 -657.00 0
4134 -2.43 -2.78 -2.43 -30.00 131.00 207.00 -55.00 -445.00 -657.00 0
4144 -2.43 -2.71 -2.43 -29.00 130.00 206.00 -55.00 -445.00 -657.00 0
4153 -2.43 -2.71 -2.43 -26.00 129.00 207.00 -54.00 -445.00 -587.00 0
4162 -2.43 -2.71 -2.43 -27.00 130.00 205.00 -54.00 -445.00 -587.00 0
4171 -2.23 -2.71 -2.43 -28.00 131.00 209.00 -54.00 -445.00 -587.00 0
4180 -2.02 -2.78 -2.50 -29.00 130.00 200.00 -54.00 -445.00 -587.00 0
4190 -1.88 -2.78 -2.50 -28.00 133.00 205.00 -54.00 -445.00 -587.00 0
4199 -1.88 -2.85 -2.50 -30.00 132.00 205.00 -54.00 -445.00 -587.00 0
4208 -1.88 -2.85 -2.50 -31.00 130.00 205.00 -54.00 -445.00 -587.00 0
4217 -2.02 -2.78 -2.50 -31.00 131.00 207.00 -52.00 -446.00 -666.00 0
4226 -2.09 -2.78 -2.57 -28.00 128.00 207.00 -52.00 -446.00 -666.00 0
4235 -2.23 -2.78 -2.57 -27.00 128.00 208.00 -52.00 -446.00 -666.00 0
4244 -2.23 -2.78 -2.57 -26.00 128.00 206.00 -52.00 -446.00 -666.00 0
4253 -2.23 -2.78 -2.57 -30.00 131.00 206.00 -52.00 -446.00 -666.00 0
4262 -2.16 -2.78 -2.50 -30.00 133.00 206.00 -52.00 -446.00 -666.00 0
4272 -2.16 -2.78 -2.57 -29.00 129.00 208.00 -52.00 -446.00 -666.00 0
4281 -2.16 -2.85 -2.57 -29.00 130.00 208.00 -53.00 -444.00 -362.00 0
4290 -2.16 -2.78 -2.57 -28.00 130.00 206.00 -53.00 -444.00 -362.00 0
4299 -2.23 -2.78 -2.57 -30.00 129.00 205.00 -53.00 -444.00 -362.00 0
4308 -2.23 -2.78 -2.57 -27.00 128.00 206.00 -53.00 -444.00 -362.00 0
4318 -2.16 -2.78 -2.57 -31.00 132.00 206.00 -53.00 -444.00 -362.00 0
4327 -2.09 -2.78 -2.57 -28.00 130.00 208.00 -53.00 -444.00 -362.00 0
4336 -2.02 -2.78 -2.57 -30.00 131.00 205.00 -53.00 -444.00 -362.00 0
4345 -1.95 -2.78 -2.57 -28.00 130.00 207.00 -53.00 -444.00 -362.00 0
4355 -1.95 -2.78 -2.57 -30.00 132.00 205.00 -53.00 -444.00 -362.00 0
4364 -2.09 -2.78 -2.64 -28.00 129.00 207.00 -53.00 -444.00 -362.00 0
4373 -2.09 -2.71 -2.64 -29.00 131.00 208.00 -53.00 -444.00 -362.00 0
4381 -2.16 -2.78 -2.64 -30.00 131.00 201.00 -53.00 -444.00 -362.00 0
4390 -2.09 -2.78 -2.64 -31.00 131.00 201.00 -53.00 -444.00 -362.00 0
4400 -2.09 -2.78 -2.64 -30.00 130.00 205.00 -53.00 -444.00 -362.00 0
4409 -2.02 -2.78 -2.64 -30.00 132.00 206.00 -53.00 -444.00 -362.00 0
4418 -2.02 -2.78 -2.64 -28.00 133.00 207.00 -53.00 -444.00 -362.00 0
4427 -2.09 -2.78 -2.64 -27.00 128.00 207.00 -53.00 -444.00 -362.00 0
4436 -2.16 -2.85 -2.64 -28.00 132.00 206.00 -53.00 -444.00 -362.00 0
4446 -2.16 -2.78 -2.57 -30.00 130.00 207.00 -53.00 -444.00 -362.00 0
4455 -2.16 -2.78 -2.57 -30.00 131.00 201.00 -53.00 -444.00 -362.00 0
4464 -2.09 -2.78 -2.57 -28.00 132.00 205.00 -53.00 -444.00 -362.00 0
4473 -2.02 -2.78 -2.57 -28.00 130.00 207.00 -53.00 -444.00 -362.00 0
4483 -2.02 -2.78 -2.57 -30.00 130.00 207.00 -53.00 -444.00 -362.00 0
4492 -2.02 -2.78 -2.57 -31.00 130.00 208.00 -53.00 -444.00 -362.00 0
4501 -1.95 -2.85 -2.64 -30.00 128.00 206.00 -53.00 -444.00 -362.00 0
4510 -2.02 -2.85 -2.57 -29.00 130.00 207.00 -53.00 -444.00 -362.00 0
4519 -2.02 -2.85 -2.57 -28.00 127.00 211.00 -53.00 -444.00 -362.00 0
4529 -1.95 -2.78 -2.57 -29.00 132.00 206.00 -53.00 -444.00 -362.00 0
4538 -1.95 -2.78 -2.57 -29.00 128.00 208.00 -53.00 -444.00 -362.00 0
4546 -2.02 -2.85 -2.57 -28.00 128.00 207.00 -56.00 -445.00 -678.00 0
4555 -2.02 -2.85 -2.57 -28.00 130.00 208.00 -56.00 -445.00 -678.00 0
4564 -2.02 -2.85 -2.57 -29.00 129.00 210.00 -56.00 -445.00 -678.00 0
4574 -2.02 -2.85 -2.57 -28.00 131.00 206.00 -56.00 -445.00 -678.00 0
4583 -2.02 -2.78 -2.50 -30.00 132.00 206.00 -56.00 -445.00 -678.00 0
4592 -2.09 -2.78 -2.57 -29.00 132.00 207.00 -56.00 -445.00 -678.00 0
4601 -2.16 -2.78 -2.57 -30.00 130.00 206.00 -56.00 -445.00 -678.00 0
4611 -2.16 -2.78 -2.57 -28.00 133.00 207.00 -54.00 -443.00 -758.00 0
4620 -2.09 -2.85 -2.57 -30.00 132.00 204.00 -54.00 -443.00 -758.00 0
4629 -2.09 -2.85 -2.50 -29.00 132.00 208.00 -54.00 -443.00 -758.00 0
4638 -2.02 -2.85 -2.57 -30.00 131.00 204.00 -54.00 -443.00 -758.00 0
4647 -2.02 -2.85 -2.50 -26.00 129.00 209.00 -54.00 -443.00 -758.00 0
4657 -2.09 -2.85 -2.50 -28.00 130.00 208.00 -54.00 -443.00 -758.00 0
4666 -2.09 -2.85 -2.50 -30.00 129.00 208.00 -54.00 -443.00 -758.00 0
4675 -2.09 -2.92 -2.57 -28.00 127.00 206.00 -52.00 -443.00 -774.00 0
4684 -2.09 -2.85 -2.57 -28.00 129.00 209.00 -52.00 -443.00 -774.00 0
4692 -2.09 -2.85 -2.57 -29.00 131.00 206.00 -52.00 -443.00 -774.00 0
4702 -2.16 -2.85 -2.50 -29.00 131.00 208.00 -52.00 -443.00 -774.00 0
4711 -2.16 -2.78 -2.50 -29.00 128.00 207.00 -52.00 -443.00 -774.00 0
4720 -2.16 -2.78 -2.50 -25.00 130.00 206.00 -52.00 -443.00 -774.00 0
4729 -2.16 -2.78 -2.50 -29.00 133.00 207.00 -52.00 -443.00 -774.00 0
4739 -2.16 -2.78 -2.50 -29.00 129.00 206.00 -52.00 -443.00 -774.00 0
4748 -2.09 -2.78 -2.50 -29.00 130.00 206.00 -52.00 -443.00 -774.00 0
4757 -2.16 -2.78 -2.57 -27.00 130.00 208.00 -52.00 -443.00 -774.00 0
4766 -2.09 -2.85 -2.57 -32.00 131.00 205.00 -52.00 -443.00 -774.00 0
4775 -2.09 -2.78 -2.57 -27.00 131.00 203.00 -52.00 -443.00 -774.00 0
4785 -2.09 -2.78 -2.57 -27.00 129.00 209.00 -52.00 -443.00 -774.00 0
4794 -2.09 -2.78 -2.57 -29.00 129.00 210.00 -52.00 -443.00 -774.00 0
4803 -2.02 -2.85 -2.57 -24.00 131.00 206.00 -52.00 -443.00 -774.00 0
4812 -2.02 -2.78 -2.50 -25.00 131.00 205.00 -52.00 -443.00 -774.00 0
4822 -2.02 -2.78 -2.50 -27.00 133.00 205.00 -52.00 -443.00 -774.00 0
4831 -2.02 -2.78 -2.50 -26.00 128.00 207.00 -52.00 -443.00 -774.00 0
4840 -2.09 -2.78 -2.50 -27.00 130.00 206.00 -52.00 -443.00 -774.00 0
4848 -2.09 -2.85 -2.50 -27.00 131.00 204.00 -52.00 -443.00 -774.00 0
4857 -2.09 -2.78 -2.43 -27.00 127.00 207.00 -52.00 -443.00 -774.00 0
4867 -2.09 -2.85 -2.50 -27.00 130.00 205.00 -52.00 -443.00 -774.00 0
4876 -2.09 -2.85 -2.50 -31.00 130.00 205.00 -52.00 -443.00 -774.00 0
4885 -2.09 -2.78 -2.50 -30.00 130.00 208.00 -52.00 -443.00 -774.00 0
4894 -2.09 -2.78 -2.57 -31.00 130.00 206.00 -52.00 -443.00 -774.00 0
4903 -2.09 -2.78 -2.57 -28.00 130.00 206.00 -52.00 -443.00 -774.00 0
4913 -2.09 -2.85 -2.57 -29.00 132.00 204.00 -52.00 -443.00 -774.00 0
4922 -2.09 -2.85 -2.57 -29.00 130.00 209.00 -52.00 -443.00 -774.00 0
4931 -2.09 -2.85 -2.57 -28.00 132.00 205.00 -52.00 -443.00 -774.00 0
4940 -2.09 -2.85 -2.57 -31.00 130.00 205.00 -54.00 -440.00 -533.00 0
4950 -2.09 -2.85 -2.57 -28.00 132.00 205.00 -54.00 -440.00 -533.00 0
4959 -2.09 -2.85 -2.57 -32.00 130.00 206.00 -54.00 -440.00 -533.00 0
4968 -2.09 -2.78 -2.50 -28.00 128.00 206.00 -54.00 -440.00 -533.00 0
4977 -2.09 -2.78 -2.50 -28.00 132.00 207.00 -54.00 -440.00 -533.00 0
4986 -2.09 -2.78 -2.57 -31.00 131.00 209.00 -54.00 -440.00 -533.00 0
4995 -2.02 -2.85 -2.57 -30.00 130.00 207.00 -54.00 -440.00 -533.00 0
5004 -2.09 -2.85 -2.57 -28.00 132.00 206.00 -53.00 -442.00 -387.00 0
5013 -2.09 -2.85 -2.57 -29.00 131.00 205.00 -53.00 -442.00 -387.00 0
5022 -2.09 -2.85 -2.57 -32.00 130.00 206.00 -53.00 -442.00 -387.00 0
5031 -2.09 -2.78 -2.50 -27.00 129.00 207.00 -53.00 -442.00 -387.00 0
5041 -2.16 -2.85 -2.50 -28.00 133.00 207.00 -53.00 -442.00 -387.00 0
5050 -2.16 -2.78 -2.50 -29.00 132.00 206.00 -53.00 -442.00 -387.00 0
5059 -2.09 -2.78 -2.50 -29.00 129.00 208.00 -53.00 -442.00 -387.00 0
5068 -2.09 -2.85 -2.50 -27.00 129.00 205.00 -54.00 -442.00 -722.00 0
5078 -2.09 -2.85 -2.50 -31.00 130.00 208.00 -54.00 -442.00 -722.00 0
5087 -2.09 -2.85 -2.50 -30.00 133.00 206.00 -54.00 -442.00 -722.00 0
5096 -2.16 -2.92 -2.57 -29.00 129.00 209.00 -54.00 -442.00 -722.00 0
5105 -2.09 -2.85 -2.57 -31.00 129.00 205.00 -54.00 -442.00 -722.00 0
5114 -2.09 -2.78 -2.57 -26.00 130.00 206.00 -54.00 -442.00 -722.00 0
5124 -2.09 -2.78 -2.57 -29.00 128.00 207.00 -54.00 -442.00 -722.00 0
5133 -2.09 -2.85 -2.57 -28.00 131.00 207.00 -54.00 -442.00 -722.00 0
5141 -2.16 -2.78 -2.64 -31.00 128.00 207.00 -54.00 -442.00 -722.00 0
5150 -2.16 -2.78 -2.57 -30.00 130.00 207.00 -54.00 -442.00 -722.00 0
5159 -2.16 -2.85 -2.57 -29.00 130.00 205.00 -54.00 -442.00 -722.00 0
5169 -2.16 -2.85 -2.57 -30.00 129.00 206.00 -54.00 -442.00 -722.00 0
5178 -2.16 -2.78 -2.57 -31.00 133.00 207.00 -54.00 -442.00 -722.00 0
5187 -2.16 -2.78 -2.57 -28.00 131.00 208.00 -54.00 -442.00 -722.00 0
5196 -2.16 -2.78 -2.50 -30.00 132.00 205.00 -54.00 -442.00 -722.00 0
5206 -2.16 -2.78 -2.50 -34.00 131.00 208.00 -54.00 -442.00 -722.00 0
5215 -2.23 -2.85 -2.57 -29.00 133.00 206.00 -54.00 -442.00 -722.00 0
5224 -2.16 -2.78 -2.57 -30.00 132.00 208.00 -54.00 -442.00 -722.00 0
5233 -2.16 -2.78 -2.57 -28.00 130.00 210.00 -54.00 -442.00 -722.00 0
5242 -2.09 -2.78 -2.57 -29.00 132.00 206.00 -54.00 -442.00 -722.00 0
5252 -2.09 -2.78 -2.50 -27.00 128.00 209.00 -54.00 -442.00 -722.00 0
5261 -2.09 -2.71 -2.50 -29.00 130.00 210.00 -54.00 -442.00 -722.00 0
5270 -2.09 -2.71 -2.50 -26.00 130.00 207.00 -54.00 -442.00 -722.00 0
5279 -2.09 -2.71 -2.50 -28.00 131.00 206.00 -54.00 -442.00 -722.00 0
5288 -2.02 -2.71 -2.50 -33.00 130.00 207.00 -54.00 -442.00 -722.00 0
5298 -2.02 -2.71 -2.50 -28.00 130.00 205.00 -54.00 -442.00 -722.00 0
5306 -2.02 -2.71 -2.50 -30.00 131.00 206.00 -54.00 -442.00 -722.00 0
5315 -2.02 -2.78 -2.50 -25.00 128.00 205.00 -54.00 -442.00 -722.00 0
5324 -2.09 -2.85 -2.50 -28.00 132.00 204.00 -54.00 -442.00 -722.00 0
5334 -2.09 -2.85 -2.50 -28.00 128.00 207.00 -55.00 -444.00 -585.00 0
5343 -2.09 -2.85 -2.50 -30.00 131.00 207.00 -55.00 -444.00 -585.00 0
5352 -2.02 -2.78 -2.57 -26.00 131.00 203.00 -55.00 -444.00 -585.00 0
5361 -2.02 -2.78 -2.57 -27.00 129.00 209.00 -55.00 -444.00 -585.00 0
5370 -2.09 -2.78 -2.57 -28.00 131.00 206.00 -55.00 -444.00 -585.00 0
5380 -2.09 -2.78 -2.57 -31.00 131.00 208.00 -55.00 -444.00 -585.00 0
5389 -2.09 -2.85 -2.57 -27.00 129.00 207.00 -55.00 -444.00 -585.00 0
5398 -2.09 -2.85 -2.57 -31.00 128.00 206.00 -54.00 -444.00 -626.00 0
5407 -2.02 -2.78 -2.57 -30.00 129.00 203.00 -54.00 -444.00 -626.00 0
5416 -2.02 -2.78 -2.50 -30.00 130.00 206.00 -54.00 -444.00 -626.00 0
5426 -2.02 -2.78 -2.57 -30.00 130.00 209.00 -54.00 -444.00 -626.00 0
5435 -2.02 -2.78 -2.50 -30.00 130.00 209.00 -54.00 -444.00 -626.00 0
5444 -2.02 -2.85 -2.57 -29.00 129.00 204.00 -54.00 -444.00 -626.00 0
5452 -2.09 -2.85 -2.57 -29.00 131.00 208.00 -54.00 -444.00 -626.00 0
5462 -2.09 -2.78 -2.57 -30.00 131.00 205.00 -51.00 -442.00 -697.00 0
5471 -2.09 -2.85 -2.50 -30.00 129.00 212.00 -51.00 -442.00 -697.00 0
5480 -2.09 -2.78 -2.50 -29.00 132.00 207.00 -51.00 -442.00 -697.00 0
5489 -2.09 -2.71 -2.57 -28.00 129.00 209.00 -51.00 -442.00 -697.00 0
5498 -2.02 -2.71 -2.57 -30.00 129.00 206.00 -51.00 -442.00 -697.00 0
5508 -2.09 -2.71 -2.57 -31.00 129.00 208.00 -51.00 -442.00 -697.00 0
5517 -2.02 -2.71 -2.57 -30.00 129.00 208.00 -51.00 -442.00 -697.00 0
5526 -2.09 -2.78 -2.57 -28.00 131.00 206.00 -51.00 -442.00 -697.00 0
5535 -2.09 -2.78 -2.50 -28.00 129.00 206.00 -51.00 -442.00 -697.00 0
5544 -2.09 -2.85 -2.50 -28.00 127.00 210.00 -51.00 -442.00 -697.00 0
5554 -2.09 -2.85 -2.50 -31.00 129.00 205.00 -51.00 -442.00 -697.00 0
5563 -2.09 -2.85 -2.43 -29.00 129.00 204.00 -51.00 -442.00 -697.00 0
5572 -2.09 -2.85 -2.43 -28.00 132.00 206.00 -51.00 -442.00 -697.00 0
5581 -2.02 -2.85 -2.50 -25.00 130.00 206.00 -51.00 -442.00 -697.00 0
5591 -2.02 -2.85 -2.50 -28.00 129.00 209.00 -51.00 -442.00 -697.00 0
5599 -2.02 -2.85 -2.50 -31.00 130.00 208.00 -52.00 -442.00 -557.00 0
5608 -2.09 -2.78 -2.50 -31.00 129.00 206.00 -52.00 -442.00 -557.00 0
5617 -2.09 -2.78 -2.50 -32.00 131.00 206.00 -52.00 -442.00 -557.00 0
5626 -2.09 -2.78 -2.50 -30.00 129.00 208.00 -52.00 -442.00 -557.00 0
5636 -2.09 -2.78 -2.50 -29.00 130.00 206.00 -52.00 -442.00 -557.00 0
5645 -2.09 -2.78 -2.50 -29.00 130.00 208.00 -52.00 -442.00 -557.00 0
5654 -2.09 -2.78 -2.57 -29.00 128.00 208.00 -52.00 -442.00 -557.00 0
5663 -2.09 -2.78 -2.64 -31.00 133.00 207.00 -52.00 -442.00 -557.00 0
5672 -2.09 -2.78 -2.57 -29.00 128.00 207.00 -52.00 -442.00 -557.00 0
5682 -2.09 -2.78 -2.57 -30.00 131.00 209.00 -52.00 -442.00 -557.00 0
5691 -2.09 -2.78 -2.57 -30.00 130.00 204.00 -52.00 -442.00 -557.00 0
5700 -2.09 -2.78 -2.57 -28.00 130.00 207.00 -52.00 -442.00 -557.00 0
5709 -2.09 -2.71 -2.57 -27.00 133.00 206.00 -52.00 -442.00 -557.00 0
5719 -2.09 -2.71 -2.57 -28.00 135.00 206.00 -52.00 -442.00 -557.00 0
5728 -2.09 -2.71 -2.57 -30.00 128.00 204.00 -53.00 -444.00 -602.00 0
5736 -2.09 -2.78 -2.57 -28.00 127.00 207.00 -53.00 -444.00 -602.00 0
5745 -2.09 -2.78 -2.50 -30.00 128.00 209.00 -53.00 -444.00 -602.00 0
5754 -2.02 -2.78 -2.50 -29.00 125.00 205.00 -53.00 -444.00 -602.00 0
5764 -2.09 -2.78 -2.50 -28.00 129.00 206.00 -53.00 -444.00 -602.00 0
5773 -2.02 -2.78 -2.50 -30.00 131.00 207.00 -53.00 -444.00 -602.00 0
5782 -2.02 -2.78 -2.50 -27.00 130.00 205.00 -53.00 -444.00 -602.00 0
5791 -2.02 -2.78 -2.50 -32.00 130.00 206.00 -53.00 -445.00 -578.00 0
5800 -2.02 -2.78 -2.50 -29.00 130.00 205.00 -53.00 -445.00 -578.00 0
5810 -2.02 -2.78 -2.57 -26.00 129.00 207.00 -53.00 -445.00 -578.00 0
5819 -2.09 -2.78 -2.57 -30.00 130.00 206.00 -53.00 -445.00 -578.00 0
5828 -2.09 -2.78 -2.57 -28.00 129.00 210.00 -53.00 -445.00 -578.00 0
5837 -2.09 -2.85 -2.57 -28.00 132.00 206.00 -53.00 -445.00 -578.00 0
5847 -2.09 -2.85 -2.57 -29.00 129.00 210.00 -53.00 -445.00 -578.00 0
5856 -2.09 -2.78 -2.50 -31.00 129.00 207.00 -52.00 -443.00 -706.00 0
5865 -2.09 -2.71 -2.50 -31.00 131.00 207.00 -52.00 -443.00 -706.00 0
5874 -2.09 -2.71 -2.50 -26.00 131.00 207.00 -52.00 -443.00 -706.00 0
5882 -2.09 -2.71 -2.50 -31.00 134.00 206.00 -52.00 -443.00 -706.00 0
5892 -2.16 -2.78 -2.50 -25.00 130.00 207.00 -52.00 -443.00 -706.00 0
5901 -2.09 -2.78 -2.50 -27.00 129.00 207.00 -52.00 -443.00 -706.00 0
5910 -2.09 -2.78 -2.50 -29.00 131.00 208.00 -52.00 -443.00 -706.00 0
5919 -2.09 -2.78 -2.50 -29.00 129.00 207.00 -52.00 -443.00 -706.00 0
5928 -2.09 -2.78 -2.50 -28.00 129.00 211.00 -52.00 -443.00 -706.00 0
5938 -2.09 -2.71 -2.50 -28.00 132.00 205.00 -52.00 -443.00 -706.00 0
5947 -2.09 -2.71 -2.50 -29.00 129.00 209.00 -52.00 -443.00 -706.00 0
5956 -2.09 -2.71 -2.57 -31.00 130.00 202.00 -52.00 -443.00 -706.00 0
5965 -2.16 -2.71 -2.64 -28.00 128.00 208.00 -52.00 -443.00 -706.00 0
5975 -2.09 -2.64 -2.57 -29.00 130.00 209.00 -52.00 -443.00 -706.00 0
5984 -2.09 -2.71 -2.57 -30.00 131.00 206.00 -52.00 -443.00 -706.00 0
5993 -2.09 -2.71 -2.57 -31.00 130.00 210.00 -54.00 -443.00 -668.00 0
6002 -2.09 -2.78 -2.57 -30.00 130.00 205.00 -54.00 -443.00 -668.00 0
6011 -2.09 -2.78 -2.57 -26.00 130.00 206.00 -54.00 -443.00 -668.00 0
6021 -2.16 -2.71 -2.50 -29.00 129.00 207.00 -54.00 -443.00 -668.00 0
6030 -2.16 -2.71 -2.50 -29.00 131.00 208.00 -54.00 -443.00 -668.00 0
6038 -2.09 -2.71 -2.50 -30.00 131.00 202.00 -54.00 -443.00 -668.00 0
6047 -2.09 -2.71 -2.50 -30.00 130.00 204.00 -54.00 -443.00 -668.00 0
6056 -2.02 -2.78 -2.50 -26.00 130.00 206.00 -54.00 -443.00 -668.00 0
6066 -2.02 -2.78 -2.50 -31.00 131.00 208.00 -54.00 -443.00 -668.00 0
6075 -2.09 -2.85 -2.50 -29.00 130.00 205.00 -54.00 -443.00 -668.00 0
6084 -2.09 -2.85 -2.57 -31.00 130.00 207.00 -54.00 -443.00 -668.00 0
6093 -2.09 -2.85 -2.50 -28.00 134.00 207.00 -54.00 -443.00 -668.00 0
6103 -2.16 -2.78 -2.57 -31.00 130.00 206.00 -54.00 -443.00 -668.00 0
6112 -2.09 -2.78 -2.57 -31.00 128.00 209.00 -54.00 -443.00 -668.00 0
6121 -2.09 -2.85 -2.57 -29.00 132.00 208.00 -55.00 -441.00 -596.00 0
6130 -2.09 -2.85 -2.57 -28.00 134.00 206.00 -55.00 -441.00 -596.00 0
6139 -2.16 -2.85 -2.50 -27.00 128.00 209.00 -55.00 -441.00 -596.00 0
6149 -2.16 -2.85 -2.50 -30.00 130.00 209.00 -55.00 -441.00 -596.00 0
6158 -2.16 -2.78 -2.57 -30.00 131.00 207.00 -55.00 -441.00 -596.00 0
6167 -2.09 -2.78 -2.57 -28.00 132.00 208.00 -55.00 -441.00 -596.00 0
6176 -2.16 -2.78 -2.57 -29.00 130.00 206.00 -55.00 -441.00 -596.00 0
6184 -2.16 -2.78 -2.57 -26.00 132.00 205.00 -53.00 -440.00 -652.00 0
6194 -2.16 -2.85 -2.50 -29.00 131.00 207.00 -53.00 -440.00 -652.00 0
6203 -2.16 -2.85 -2.50 -29.00 130.00 206.00 -53.00 -440.00 -652.00 0
6212 -2.16 -2.85 -2.50 -29.00 129.00 207.00 -53.00 -440.00 -652.00 0
6221 -2.09 -2.85 -2.50 -26.00 130.00 207.00 -53.00 -440.00 -652.00 0
6231 -2.09 -2.85 -2.50 -32.00 130.00 204.00 -53.00 -440.00 -652.00 0
6240 -2.09 -2.92 -2.57 -30.00 129.00 206.00 -53.00 -440.00 -652.00 0
6249 -2.09 -2.85 -2.57 -31.00 129.00 209.00 -53.00 -443.00 -545.00 0
6258 -2.09 -2.85 -2.50 -26.00 129.00 208.00 -53.00 -443.00 -545.00 0
6267 -2.09 -2.92 -2.57 -30.00 129.00 205.00 -53.00 -443.00 -545.00 0
6277 -2.09 -2.78 -2.57 -27.00 129.00 209.00 -53.00 -443.00 -545.00 0
6286 -2.09 -2.78 -2.57 -30.00 129.00 208.00 -53.00 -443.00 -545.00 0
6295 -2.09 -2.78 -2.64 -29.00 129.00 206.00 -53.00 -443.00 -545.00 0
6304 -2.16 -2.78 -2.64 -33.00 133.00 206.00 -53.00 -443.00 -545.00 0
6313 -2.16 -2.78 -2.64 -30.00 130.00 207.00 -53.00 -443.00 -545.00 0
6323 -2.09 -2.78 -2.64 -27.00 130.00 208.00 -53.00 -443.00 -545.00 0
6332 -2.09 -2.85 -2.57 -27.00 129.00 205.00 -53.00 -443.00 -545.00 0
6340 -2.09 -2.78 -2.50 -27.00 130.00 205.00 -53.00 -443.00 -545.00 0
6349 -2.16 -2.78 -2.50 -29.00 130.00 208.00 -53.00 -443.00 -545.00 0
6359 -2.16 -2.78 -2.50 -28.00 129.00 206.00 -53.00 -443.00 -545.00 0
6368 -2.09 -2.78 -2.50 -31.00 132.00 206.00 -53.00 -443.00 -545.00 0
6377 -2.16 -2.78 -2.50 -31.00 127.00 208.00 -53.00 -443.00 -545.00 0
6386 -2.09 -2.78 -2.50 -28.00 130.00 206.00 -53.00 -443.00 -545.00 0
6395 -2.09 -2.78 -2.57 -28.00 128.00 209.00 -53.00 -443.00 -545.00 0
6405 -2.09 -2.78 -2.57 -31.00 131.00 203.00 -53.00 -443.00 -545.00 0
6414 -2.02 -2.78 -2.57 -27.00 129.00 209.00 -53.00 -443.00 -545.00 0
6423 -2.02 -2.78 -2.64 -30.00 132.00 206.00 -53.00 -443.00 -545.00 0
6432 -2.09 -2.71 -2.64 -28.00 129.00 209.00 -53.00 -443.00 -545.00 0
6441 -2.09 -2.71 -2.57 -29.00 130.00 208.00 -53.00 -443.00 -545.00 0
6451 -2.09 -2.71 -2.57 -29.00 130.00 209.00 -53.00 -443.00 -545.00 0
6460 -2.02 -2.71 -2.64 -29.00 129.00 205.00 -53.00 -443.00 -545.00 0
6469 -1.95 -2.78 -2.64 -29.00 130.00 212.00 -53.00 -443.00 -545.00 0
6478 -2.02 -2.71 -2.57 -28.00 130.00 204.00 -53.00 -443.00 -545.00 0
6488 -2.02 -2.78 -2.57 -28.00 128.00 212.00 -53.00 -443.00 -545.00 0
6496 -2.09 -2.78 -2.50 -29.00 131.00 206.00 -53.00 -443.00 -545.00 0
6505 -2.09 -2.78 -2.50 -27.00 130.00 211.00 -53.00 -443.00 -545.00 0
6514 -2.09 -2.78 -2.50 -31.00 129.00 204.00 -53.00 -442.00 -582.00 0
6523 -2.09 -2.71 -2.57 -26.00 129.00 205.00 -53.00 -442.00 -582.00 0
6533 -2.09 -2.71 -2.57 -29.00 127.00 207.00 -53.00 -442.00 -582.00 0
6542 -2.09 -2.78 -2.50 -28.00 129.00 207.00 -53.00 -442.00 -582.00 0
6551 -2.09 -2.78 -2.50 -29.00 129.00 203.00 -53.00 -442.00 -582.00 0
6560 -2.16 -2.85 -2.57 -31.00 130.00 208.00 -53.00 -442.00 -582.00 0
6569 -2.16 -2.78 -2.57 -30.00 129.00 208.00 -53.00 -442.00 -582.00 0
6579 -2.16 -2.85 -2.64 -30.00 129.00 207.00 -56.00 -444.00 -510.00 0
6588 -2.16 -2.85 -2.57 -31.00 132.00 206.00 -56.00 -444.00 -510.00 0
6597 -2.16 -2.85 -2.57 -32.00 129.00 210.00 -56.00 -444.00 -510.00 0
6606 -2.16 -2.85 -2.57 -31.00 130.00 204.00 -56.00 -444.00 -510.00 0
6616 -2.16 -2.85 -2.57 -29.00 130.00 206.00 -56.00 -444.00 -510.00 0
6625 -2.16 -2.78 -2.57 -29.00 131.00 206.00 -56.00 -444.00 -510.00 0
6634 -2.16 -2.78 -2.57 -29.00 131.00 206.00 -56.00 -444.00 -510.00 0
6643 -2.16 -2.78 -2.57 -29.00 128.00 208.00 -51.00 -443.00 -642.00 0
6651 -2.09 -2.78 -2.57 -30.00 131.00 208.00 -51.00 -443.00 -642.00 0
6661 -2.16 -2.71 -2.57 -29.00 130.00 207.00 -51.00 -443.00 -642.00 0
6670 -2.16 -2.71 -2.57 -28.00 128.00 205.00 -51.00 -443.00 -642.00 0
6679 -2.16 -2.71 -2.50 -29.00 129.00 207.00 -51.00 -443.00 -642.00 0
6688 -2.16 -2.78 -2.50 -31.00 130.00 205.00 -51.00 -443.00 -642.00 0
6697 -2.16 -2.78 -2.50 -28.00 128.00 206.00 -51.00 -443.00 -642.00 0
6707 -2.23 -2.71 -2.57 -30.00 129.00 207.00 -51.00 -443.00 -642.00 0
6716 -2.16 -2.78 -2.57 -31.00 131.00 204.00 -51.00 -443.00 -642.00 0
6725 -2.16 -2.78 -2.50 -31.00 131.00 205.00 -51.00 -443.00 -642.00 0
6734 -2.16 -2.78 -2.57 -29.00 128.00 205.00 -51.00 -443.00 -642.00 0
6744 -2.09 -2.71 -2.57 -30.00 130.00 204.00 -51.00 -443.00 -642.00 0
6753 -2.16 -2.78 -2.57 -32.00 129.00 210.00 -51.00 -443.00 -642.00 0
6762 -2.16 -2.71 -2.57 -27.00 131.00 207.00 -51.00 -443.00 -642.00 0
6771 -2.23 -2.78 -2.64 -32.00 132.00 206.00 -51.00 -443.00 -642.00 0
6780 -2.23 -2.71 -2.57 -27.00 129.00 206.00 -51.00 -443.00 -642.00 0
6790 -2.23 -2.78 -2.50 -32.00 131.00 205.00 -51.00 -443.00 -642.00 0
6799 -2.23 -2.78 -2.50 -27.00 131.00 210.00 -51.00 -443.00 -642.00 0
6808 -2.23 -2.78 -2.50 -29.00 129.00 209.00 -51.00 -443.00 -642.00 0
6816 -2.23 -2.78 -2.57 -30.00 128.00 210.00 -51.00 -443.00 -642.00 0
6825 -2.23 -2.78 -2.57 -26.00 128.00 210.00 -51.00 -443.00 -642.00 0
6835 -2.23 -2.78 -2.57 -28.00 130.00 206.00 -51.00 -443.00 -642.00 0
6844 -2.30 -2.78 -2.64 -28.00 130.00 207.00 -51.00 -443.00 -642.00 0
6853 -2.30 -2.85 -2.64 -27.00 129.00 206.00 -51.00 -443.00 -642.00 0
6862 -2.23 -2.85 -2.64 -30.00 127.00 205.00 -51.00 -443.00 -642.00 0
6872 -2.23 -2.85 -2.57 -29.00 131.00 210.00 -51.00 -443.00 -642.00 0
6881 -2.23 -2.85 -2.50 -28.00 129.00 205.00 -51.00 -443.00 -642.00 0
6890 -2.23 -2.85 -2.57 -30.00 132.00 208.00 -51.00 -443.00 -642.00 0
6899 -2.23 -2.85 -2.57 -29.00 129.00 209.00 -51.00 -443.00 -642.00 0
6908 -2.16 -2.85 -2.50 -27.00 130.00 209.00 -54.00 -442.00 -745.00 0
6918 -2.09 -2.85 -2.50 -29.00 129.00 207.00 -54.00 -442.00 -745.00 0
6927 -2.09 -2.85 -2.57 -27.00 130.00 210.00 -54.00 -442.00 -745.00 0
6936 -2.16 -2.85 -2.57 -31.00 132.00 207.00 -54.00 -442.00 -745.00 0
6945 -2.23 -2.85 -2.57 -30.00 131.00 205.00 -54.00 -442.00 -745.00 0
6955 -2.16 -2.85 -2.50 -29.00 130.00 205.00 -54.00 -442.00 -745.00 0
6964 -2.16 -2.85 -2.50 -31.00 134.00 207.00 -54.00 -442.00 -745.00 0
6973 -2.09 -2.85 -2.50 -30.00 129.00 210.00 -54.00 -441.00 -652.00 0
6981 -2.02 -2.85 -2.50 -31.00 131.00 206.00 -54.00 -441.00 -652.00 0
6990 -2.09 -2.85 -2.50 -29.00 131.00 207.00 -54.00 -441.00 -652.00 0
7000 -2.09 -2.85 -2.50 -26.00 129.00 207.00 -54.00 -441.00 -652.00 0
7009 -2.09 -2.78 -2.50 -30.00 130.00 210.00 -54.00 -441.00 -652.00 0
7018 -2.09 -2.78 -2.50 -32.00 129.00 206.00 -54.00 -441.00 -652.00 0
7027 -2.09 -2.78 -2.50 -29.00 132.00 206.00 -54.00 -441.00 -652.00 0
7036 -2.02 -2.78 -2.50 -28.00 132.00 206.00 -55.00 -442.00 -416.00 0
7046 -2.02 -2.78 -2.50 -30.00 129.00 208.00 -55.00 -442.00 -416.00 0
7055 -2.02 -2.78 -2.50 -25.00 130.00 202.00 -55.00 -442.00 -416.00 0
7064 -2.02 -2.78 -2.50 -29.00 128.00 203.00 -55.00 -442.00 -416.00 0
7073 -2.09 -2.78 -2.43 -28.00 133.00 206.00 -55.00 -442.00 -416.00 0
7083 -2.02 -2.92 -2.50 -28.00 129.00 207.00 -55.00 -442.00 -416.00 0
7092 -2.02 -2.92 -2.50 -25.00 129.00 209.00 -55.00 -442.00 -416.00 0
7101 -2.02 -2.85 -2.50 -27.00 128.00 207.00 -55.00 -442.00 -416.00 0
7110 -2.09 -2.92 -2.50 -28.00 131.00 209.00 -55.00 -442.00 -416.00 0
7118 -2.09 -2.85 -2.50 -27.00 130.00 205.00 -55.00 -442.00 -416.00 0
7128 -2.16 -2.85 -2.50 -27.00 130.00 206.00 -55.00 -442.00 -416.00 0
7137 -2.16 -2.78 -2.57 -26.00 130.00 207.00 -55.00 -442.00 -416.00 0
7146 -2.09 -2.71 -2.57 -28.00 130.00 207.00 -55.00 -442.00 -416.00 0
7155 -2.09 -2.71 -2.57 -30.00 132.00 207.00 -55.00 -442.00 -416.00 0
7164 -2.16 -2.71 -2.50 -27.00 129.00 206.00 -55.00 -442.00 -416.00 0
7174 -2.16 -2.78 -2.50 -27.00 130.00 206.00 -55.00 -442.00 -416.00 0
7183 -2.16 -2.78 -2.50 -28.00 128.00 209.00 -55.00 -442.00 -416.00 0
7192 -2.16 -2.78 -2.57 -31.00 130.00 207.00 -55.00 -442.00 -416.00 0
7201 -2.09 -2.78 -2.57 -28.00 131.00 211.00 -55.00 -442.00 -416.00 0
7211 -2.02 -2.78 -2.64 -27.00 129.00 209.00 -55.00 -442.00 -416.00 0
7220 -2.09 -2.78 -2.57 -29.00 129.00 205.00 -55.00 -442.00 -416.00 0
7229 -2.02 -2.85 -2.57 -30.00 130.00 207.00 -55.00 -442.00 -416.00 0
7238 -2.02 -2.78 -2.57 -30.00 129.00 208.00 -55.00 -442.00 -416.00 0
7247 -2.02 -2.85 -2.64 -31.00 132.00 205.00 -55.00 -442.00 -416.00 0
7257 -2.02 -2.85 -2.64 -31.00 129.00 207.00 -55.00 -442.00 -416.00 0
7266 -2.02 -2.78 -2.57 -27.00 129.00 207.00 -55.00 -442.00 -416.00 0
7275 -2.02 -2.78 -2.57 -29.00 131.00 203.00 -55.00 -442.00 -416.00 0
7283 -2.02 -2.71 -2.57 -32.00 130.00 206.00 -55.00 -442.00 -416.00 0
7292 -2.09 -2.71 -2.50 -30.00 130.00 207.00 -55.00 -442.00 -416.00 0
7302 -2.09 -2.78 -2.50 -30.00 133.00 208.00 -56.00 -441.00 -603.00 0
7311 -2.09 -2.78 -2.57 -25.00 129.00 207.00 -56.00 -441.00 -603.00 0
7320 -2.02 -2.85 -2.57 -29.00 130.00 204.00 -56.00 -441.00 -603.00 0
7329 -2.02 -2.78 -2.57 -31.00 132.00 206.00 -56.00 -441.00 -603.00 0
7339 -2.09 -2.78 -2.57 -32.00 128.00 206.00 -56.00 -441.00 -603.00 0
7348 -2.09 -2.78 -2.57 -28.00 134.00 208.00 -56.00 -441.00 -603.00 0
7357 -2.09 -2.78 -2.57 -31.00 133.00 206.00 -56.00 -441.00 -603.00 0
7366 -2.16 -2.78 -2.50 -29.00 130.00 208.00 -56.00 -443.00 -495.00 0
7375 -2.09 -2.78 -2.50 -31.00 129.00 209.00 -56.00 -443.00 -495.00 0
7385 -2.09 -2.85 -2.57 -32.00 131.00 207.00 -56.00 -443.00 -495.00 0
7394 -2.09 -2.85 -2.57 -28.00 130.00 204.00 -56.00 -443.00 -495.00 0
7403 -2.09 -2.78 -2.57 -28.00 129.00 207.00 -56.00 -443.00 -495.00 0
7412 -2.02 -2.78 -2.57 -28.00 128.00 206.00 -56.00 -443.00 -495.00 0
7421 -2.02 -2.78 -2.57 -27.00 130.00 205.00 -56.00 -443.00 -495.00 0
7430 -2.02 -2.85 -2.57 -31.00 129.00 211.00 -55.00 -443.00 -718.00 0
7439 -2.02 -2.85 -2.57 -27.00 129.00 205.00 -55.00 -443.00 -718.00 0
7448 -2.09 -2.85 -2.50 -29.00 130.00 206.00 -55.00 -443.00 -718.00 0
7457 -2.09 -2.78 -2.50 -29.00 132.00 204.00 -55.00 -443.00 -718.00 0
7467 -2.09 -2.71 -2.50 -28.00 129.00 209.00 -55.00 -443.00 -718.00 0
7476 -2.09 -2.78 -2.50 -30.00 129.00 208.00 -55.00 -443.00 -718.00 0
7485 -2.09 -2.78 -2.50 -28.00 130.00 206.00 -55.00 -443.00 -718.00 0
7494 -2.09 -2.78 -2.50 -30.00 129.00 204.00 -55.00 -443.00 -718.00 0
7503 -2.09 -2.71 -2.57 -28.00 128.00 210.00 -55.00 -443.00 -718.00 0
7513 -2.09 -2.71 -2.57 -30.00 128.00 207.00 -55.00 -443.00 -718.00 0
7522 -2.09 -2.71 -2.57 -29.00 129.00 207.00 -55.00 -443.00 -718.00 0
7531 -2.02 -2.64 -2.50 -28.00 130.00 204.00 -55.00 -443.00 -718.00 0
7540 -2.09 -2.71 -2.50 -29.00 128.00 206.00 -55.00 -443.00 -718.00 0
7549 -2.09 -2.71 -2.50 -32.00 130.00 205.00 -55.00 -443.00 -718.00 0
7559 -2.16 -2.78 -2.50 -29.00 128.00 208.00 -55.00 -443.00 -718.00 0
7568 -2.16 -2.85 -2.43 -28.00 128.00 207.00 -55.00 -443.00 -718.00 0
7576 -2.23 -2.78 -2.50 -30.00 132.00 203.00 -55.00 -443.00 -718.00 0
7585 -2.16 -2.78 -2.50 -29.00 131.00 207.00 -55.00 -443.00 -718.00 0
7595 -2.16 -2.71 -2.50 -29.00 128.00 210.00 -55.00 -443.00 -718.00 0
7604 -2.16 -2.71 -2.50 -30.00 132.00 206.00 -55.00 -443.00 -718.00 0
7613 -2.16 -2.71 -2.57 -30.00 130.00 207.00 -55.00 -443.00 -718.00 0
7622 -2.09 -2.71 -2.50 -27.00 129.00 206.00 -55.00 -443.00 -718.00 0
7631 -2.16 -2.71 -2.57 -28.00 130.00 209.00 -55.00 -443.00 -718.00 0
7641 -2.09 -2.78 -2.50 -29.00 129.00 207.00 -55.00 -443.00 -718.00 0
7650 -2.09 -2.78 -2.50 -31.00 129.00 208.00 -55.00 -443.00 -718.00 0
7659 -2.09 -2.78 -2.50 -31.00 130.00 207.00 -55.00 -443.00 -718.00 0
7668 -2.09 -2.85 -2.50 -29.00 132.00 203.00 -55.00 -443.00 -718.00 0
7677 -2.09 -2.78 -2.57 -28.00 130.00 207.00 -55.00 -443.00 -718.00 0
7687 -2.02 -2.78 -2.57 -29.00 132.00 205.00 -55.00 -443.00 -718.00 0
7696 -2.02 -2.78 -2.57 -24.00 129.00 206.00 -54.00 -442.00 -652.00 0
7705 -2.09 -2.71 -2.57 -31.00 132.00 205.00 -54.00 -442.00 -652.00 0
7714 -2.16 -2.71 -2.57 -27.00 129.00 204.00 -54.00 -442.00 -652.00 0
7724 -2.16 -2.71 -2.57 -31.00 130.00 205.00 -54.00 -442.00 -652.00 0
7732 -2.16 -2.71 -2.57 -30.00 130.00 206.00 -54.00 -442.00 -652.00 0
7741 -2.16 -2.71 -2.57 -29.00 129.00 208.00 -54.00 -442.00 -652.00 0
7750 -2.09 -2.71 -2.57 -28.00 129.00 210.00 -54.00 -442.00 -652.00 0
7759 -2.09 -2.71 -2.50 -29.00 129.00 203.00 -52.00 -441.00 -651.00 0
7769 -2.09 -2.71 -2.57 -27.00 130.00 212.00 -52.00 -441.00 -651.00 0
7778 -2.16 -2.78 -2.57 -29.00 127.00 208.00 -52.00 -441.00 -651.00 0
7787 -2.09 -2.85 -2.50 -30.00 130.00 208.00 -52.00 -441.00 -651.00 0
7796 -2.09 -2.78 -2.50 -33.00 129.00 207.00 -52.00 -441.00 -651.00 0
7805 -2.09 -2.78 -2.43 -28.00 128.00 208.00 -52.00 -441.00 -651.00 0
7815 -2.02 -2.85 -2.43 -30.00 127.00 206.00 -52.00 -441.00 -651.00 0
7824 -2.16 -2.85 -2.43 -31.00 129.00 206.00 -54.00 -446.00 -664.00 0
7833 -2.23 -2.85 -2.43 -30.00 131.00 206.00 -54.00 -446.00 -664.00 0
7842 -2.30 -2.78 -2.43 -26.00 131.00 206.00 -54.00 -446.00 -664.00 0
7852 -2.30 -2.78 -2.37 -29.00 131.00 205.00 -54.00 -446.00 -664.00 0
7861 -2.30 -2.78 -2.43 -30.00 130.00 206.00 -54.00 -446.00 -664.00 0
7870 -2.23 -2.78 -2.43 -28.00 129.00 208.00 -54.00 -446.00 -664.00 0
7879 -2.16 -2.78 -2.43 -31.00 127.00 209.00 -54.00 -446.00 -664.00 0
7888 -2.23 -2.78 -2.43 -32.00 130.00 208.00 -54.00 -446.00 -664.00 0
7897 -2.23 -2.71 -2.50 -26.00 127.00 209.00 -54.00 -446.00 -664.00 0
7906 -2.23 -2.71 -2.50 -30.00 131.00 206.00 -54.00 -446.00 -664.00 0
7915 -2.23 -2.71 -2.57 -28.00 129.00 209.00 -54.00 -446.00 -664.00 0
7924 -2.23 -2.71 -2.57 -28.00 128.00 206.00 -54.00 -446.00 -664.00 0
7933 -2.16 -2.78 -2.57 -28.00 128.00 208.00 -54.00 -446.00 -664.00 0
7943 -2.16 -2.78 -2.57 -27.00 128.00 208.00 -54.00 -446.00 -664.00 0
7952 -2.16 -2.78 -2.57 -32.00 129.00 206.00 -54.00 -446.00 -664.00 0
7961 -2.16 -2.85 -2.57 -31.00 129.00 211.00 -54.00 -446.00 -664.00 0
7970 -2.16 -2.78 -2.50 -29.00 131.00 207.00 -54.00 -446.00 -664.00 0
7980 -2.16 -2.78 -2.50 -29.00 129.00 210.00 -54.00 -446.00 -664.00 0
7989 -2.09 -2.78 -2.50 -28.00 129.00 208.00 -54.00 -446.00 -664.00 0
7998 -2.09 -2.78 -2.43 -29.00 130.00 204.00 -54.00 -446.00 -664.00 0
8007 -2.09 -2.78 -2.50 -31.00 129.00 208.00 -54.00 -446.00 -664.00 0
8016 -2.16 -2.85 -2.50 -28.00 129.00 212.00 -54.00 -446.00 -664.00 0
8026 -2.23 -2.85 -2.50 -30.00 130.00 204.00 -54.00 -446.00 -664.00 0
8035 -2.23 -2.78 -2.50 -28.00 127.00 210.00 -54.00 -446.00 -664.00 0
8044 -2.16 -2.78 -2.50 -28.00 128.00 207.00 -54.00 -446.00 -664.00 0
8053 -2.09 -2.78 -2.50 -28.00 130.00 208.00 -54.00 -446.00 -664.00 0
8061 -2.09 -2.78 -2.50 -29.00 128.00 207.00 -54.00 -446.00 -664.00 0
8071 -2.16 -2.78 -2.50 -29.00 129.00 206.00 -54.00 -446.00 -664.00 0
8080 -2.23 -2.78 -2.50 -31.00 128.00 205.00 -54.00 -446.00 -664.00 0
8089 -2.23 -2.71 -2.50 -27.00 129.00 209.00 -51.00 -440.00 -549.00 0
8098 -2.16 -2.71 -2.50 -32.00 130.00 203.00 -51.00 -440.00 -549.00 0
8108 -2.09 -2.78 -2.50 -31.00 130.00 207.00 -51.00 -440.00 -549.00 0
8117 -2.09 -2.78 -2.43 -27.00 130.00 203.00 -51.00 -440.00 -549.00 0
8126 -2.16 -2.71 -2.43 -28.00 130.00 204.00 -51.00 -440.00 -549.00 0
8135 -2.16 -2.78 -2.50 -29.00 130.00 208.00 -51.00 -440.00 -549.00 0
8144 -2.16 -2.85 -2.50 -30.00 129.00 207.00 -51.00 -440.00 -549.00 0
8154 -2.16 -2.85 -2.50 -32.00 129.00 207.00 -52.00 -440.00 -599.00 0
8163 -2.09 -2.78 -2.43 -30.00 131.00 205.00 -52.00 -440.00 -599.00 0
8172 -2.09 -2.78 -2.50 -28.00 129.00 208.00 -52.00 -440.00 -599.00 0
8181 -2.09 -2.78 -2.43 -31.00 128.00 209.00 -52.00 -440.00 -599.00 0
8190 -2.16 -2.78 -2.50 -29.00 131.00 206.00 -52.00 -440.00 -599.00 0
8200 -2.16 -2.78 -2.50 -27.00 131.00 208.00 -52.00 -440.00 -599.00 0
8208 -2.16 -2.78 -2.50 -29.00 128.00 208.00 -52.00 -440.00 -599.00 0
8217 -2.09 -2.71 -2.50 -27.00 127.00 207.00 -52.00 -442.00 -826.00 0
8226 -2.09 -2.78 -2.57 -30.00 130.00 210.00 -57.00 -442.00 -826.00 0
8236 -2.09 -2.78 -2.57 -29.00 129.00 206.00 -57.00 -442.00 -826.00 0
8245 -2.16 -2.78 -2.57 -28.00 130.00 206.00 -57.00 -442.00 -826.00 0
8254 -2.23 -2.78 -2.57 -29.00 131.00 205.00 -57.00 -442.00 -826.00 0
8263 -2.23 -2.78 -2.57 -31.00 131.00 208.00 -57.00 -442.00 -826.00 0
8272 -2.16 -2.78 -2.50 -28.00 128.00 210.00 -57.00 -442.00 -826.00 0
8282 -2.09 -2.78 -2.50 -29.00 127.00 207.00 -57.00 -442.00 -826.00 0
8291 -2.02 -2.78 -2.50 -28.00 130.00 206.00 -57.00 -442.00 -826.00 0
8300 -2.09 -2.78 -2.43 -33.00 129.00 211.00 -57.00 -442.00 -826.00 0
8309 -2.16 -2.78 -2.43 -29.00 129.00 205.00 -57.00 -442.00 -826.00 0
8318 -2.23 -2.78 -2.43 -30.00 129.00 206.00 -57.00 -442.00 -826.00 0
8328 -2.16 -2.78 -2.50 -29.00 130.00 206.00 -57.00 -442.00 -826.00 0
8337 -2.09 -2.71 -2.50 -29.00 130.00 209.00 -57.00 -442.00 -826.00 0
8346 -1.95 -2.78 -2.50 -29.00 128.00 208.00 -57.00 -442.00 -826.00 0
8355 -1.95 -2.78 -2.50 -29.00 128.00 207.00 -57.00 -442.00 -826.00 0
8365 -1.95 -2.78 -2.43 -27.00 128.00 209.00 -57.00 -442.00 -826.00 0
8373 -2.02 -2.78 -2.43 -31.00 130.00 205.00 -57.00 -442.00 -826.00 0
8382 -2.09 -2.78 -2.43 -28.00 128.00 209.00 -57.00 -442.00 -826.00 0
8391 -2.09 -2.71 -2.50 -28.00 130.00 204.00 -57.00 -442.00 -826.00 0
8400 -2.09 -2.71 -2.57 -31.00 131.00 210.00 -57.00 -442.00 -826.00 0
8410 -2.02 -2.78 -2.57 -31.00 131.00 207.00 -57.00 -442.00 -826.00 0
8419 -2.02 -2.71 -2.57 -28.00 130.00 204.00 -57.00 -442.00 -826.00 0
8428 -2.02 -2.78 -2.57 -28.00 128.00 207.00 -57.00 -442.00 -826.00 0
8437 -2.09 -2.78 -2.57 -29.00 131.00 207.00 -57.00 -442.00 -826.00 0
8446 -2.09 -2.85 -2.57 -26.00 130.00 205.00 -57.00 -442.00 -826.00 0
8456 -2.16 -2.78 -2.57 -30.00 131.00 206.00 -57.00 -442.00 -826.00 0
8465 -2.09 -2.71 -2.57 -30.00 132.00 207.00 -57.00 -442.00 -826.00 0
8474 -2.16 -2.78 -2.57 -28.00 129.00 207.00 -57.00 -442.00 -826.00 0
8483 -2.16 -2.78 -2.57 -29.00 132.00 204.00 -53.00 -442.00 -438.00 0
8493 -2.16 -2.78 -2.57 -28.00 132.00 206.00 -53.00 -442.00 -438.00 0
8502 -2.37 -2.78 -2.57 -30.00 129.00 207.00 -53.00 -442.00 -438.00 0
8511 -2.30 -2.78 -2.50 -30.00 129.00 206.00 -53.00 -442.00 -438.00 0
8520 -2.23 -2.85 -2.50 -28.00 129.00 204.00 -53.00 -442.00 -438.00 0
8528 -2.16 -2.78 -2.50 -30.00 131.00 206.00 -53.00 -442.00 -438.00 0
8538 -2.09 -2.85 -2.50 -29.00 129.00 210.00 -53.00 -442.00 -438.00 0
8547 -2.09 -2.85 -2.50 -29.00 128.00 207.00 -53.00 -443.00 -544.00 0
8556 -2.09 -2.85 -2.50 -30.00 128.00 208.00 -53.00 -443.00 -544.00 0
8565 -2.23 -2.85 -2.57 -28.00 129.00 208.00 -53.00 -443.00 -544.00 0
8574 -2.30 -2.85 -2.57 -30.00 128.00 207.00 -53.00 -443.00 -544.00 0
8584 -2.30 -2.85 -2.50 -28.00 127.00 200.00 -53.00 -443.00 -544.00 0
8593 -2.16 -2.78 -2.57 -28.00 129.00 207.00 -53.00 -443.00 -544.00 0
8602 -2.16 -2.78 -2.57 -30.00 130.00 204.00 -53.00 -443.00 -544.00 0
8611 -2.16 -2.78 -2.50 -30.00 130.00 205.00 -53.00 -443.00 -833.00 0
8621 -2.16 -2.71 -2.43 -29.00 130.00 209.00 -53.00 -443.00 -833.00 0
8630 -2.16 -2.78 -2.50 -32.00 127.00 208.00 -53.00 -443.00 -833.00 0
8639 -2.23 -2.78 -2.50 -27.00 130.00 207.00 -53.00 -443.00 -833.00 0
8648 -2.23 -2.78 -2.50 -29.00 129.00 206.00 -53.00 -443.00 -833.00 0
8657 -2.23 -2.71 -2.43 -30.00 131.00 206.00 -53.00 -443.00 -833.00 0
8667 -2.16 -2.78 -2.50 -29.00 129.00 207.00 -53.00 -443.00 -833.00 0
8676 -2.09 -2.78 -2.50 -28.00 131.00 204.00 -53.00 -443.00 -833.00 0
8685 -2.16 -2.78 -2.50 -32.00 129.00 209.00 -53.00 -443.00 -833.00 0
8693 -2.09 -2.78 -2.50 -27.00 129.00 208.00 -53.00 -443.00 -833.00 0
8702 -2.09 -2.78 -2.50 -30.00 129.00 208.00 -53.00 -443.00 -833.00 0
8712 -2.09 -2.78 -2.50 -28.00 130.00 207.00 -53.00 -443.00 -833.00 0
8721 -2.09 -2.78 -2.50 -29.00 129.00 208.00 -53.00 -443.00 -833.00 0
8730 -2.02 -2.78 -2.50 -30.00 130.00 206.00 -53.00 -443.00 -833.00 0
8739 -2.02 -2.85 -2.50 -27.00 131.00 209.00 -53.00 -443.00 -833.00 0
8749 -2.02 -2.78 -2.57 -29.00 129.00 209.00 -53.00 -443.00 -833.00 0
8758 -2.09 -2.85 -2.57 -27.00 130.00 206.00 -53.00 -443.00 -833.00 0
8767 -2.09 -2.85 -2.57 -28.00 128.00 208.00 -53.00 -443.00 -833.00 0
8776 -2.02 -2.85 -2.57 -29.00 128.00 209.00 -53.00 -443.00 -833.00 0
8785 -2.02 -2.78 -2.64 -30.00 129.00 210.00 -53.00 -443.00 -833.00 0
8795 -2.02 -2.78 -2.64 -27.00 132.00 204.00 -53.00 -443.00 -833.00 0
8804 -2.02 -2.78 -2.64 -29.00 130.00 207.00 -53.00 -443.00 -833.00 0
8813 -2.16 -2.78 -2.57 -31.00 128.00 209.00 -53.00 -443.00 -833.00 0
8822 -2.16 -2.78 -2.64 -27.00 127.00 207.00 -53.00 -443.00 -833.00 0
8832 -2.16 -2.85 -2.64 -31.00 129.00 207.00 -53.00 -443.00 -833.00 0
8840 -2.09 -2.85 -2.64 -18.00 120.00 198.00 -53.00 -443.00 -833.00 0
8849 -2.02 -2.85 -2.64 -17.00 127.00 202.00 -53.00 -443.00 -833.00 0
8858 -1.95 -2.85 -2.64 -31.00 131.00 206.00 -53.00 -443.00 -833.00 0
8867 -2.09 -2.78 -2.64 -25.00 126.00 206.00 -53.00 -443.00 -833.00 0
8877 -2.37 -2.85 -2.57 -24.00 128.00 207.00 -56.00 -440.00 -644.00 0
8886 -2.43 -2.78 -2.64 -27.00 130.00 207.00 -56.00 -440.00 -644.00 0
8895 -2.37 -2.78 -2.57 -31.00 128.00 205.00 -56.00 -440.00 -644.00 0
8904 -2.23 -2.78 -2.57 -27.00 128.00 201.00 -56.00 -440.00 -644.00 0
8913 -2.09 -2.78 -2.57 -29.00 130.00 207.00 -56.00 -440.00 -644.00 0
8923 -2.02 -2.78 -2.57 