-2.57 21.00 202.00 -148.00 137.00 -926.00 -607.00 0
230 -2.02 -2.78 -2.57 21.00 203.00 -148.00 137.00 -926.00 -607.00 0
239 -2.09 -2.85 -2.50 20.00 203.00 -151.00 137.00 -926.00 -607.00 0
248 -2.09 -2.85 -2.50 21.00 202.00 -148.00 137.00 -926.00 -607.00 0
258 -2.09 -2.85 -2.57 21.00 203.00 -148.00 137.00 -926.00 -607.00 0
267 -2.09 -2.85 -2.57 21.00 205.00 -150.00 137.00 -926.00 -607.00 0
276 -2.09 -2.78 -2.50 21.00 204.00 -146.00 137.00 -926.00 -607.00 0
285 -2.09 -2.78 -2.50 21.00 206.00 -149.00 137.00 -926.00 -607.00 0
293 -2.09 -2.71 -2.50 22.00 205.00 -152.00 137.00 -926.00 -607.00 0
303 -2.02 -2.78 -2.57 22.00 203.00 -150.00 137.00 -926.00 -607.00 0
312 -2.09 -2.78 -2.50 20.00 204.00 -151.00 137.00 -926.00 -607.00 0
321 -2.09 -2.78 -2.50 21.00 205.00 -152.00 137.00 -926.00 -607.00 0
330 -2.09 -2.78 -2.57 22.00 203.00 -148.00 137.00 -926.00 -607.00 0
339 -2.02 -2.78 -2.57 19.00 206.00 -146.00 137.00 -926.00 -607.00 0
349 -1.95 -2.78 -2.50 21.00 202.00 -151.00 137.00 -926.00 -607.00 0
358 -1.95 -2.78 -2.57 21.00 205.00 -149.00 137.00 -926.00 -607.00 0
367 -2.09 -2.78 -2.50 23.00 204.00 -151.00 137.00 -926.00 -607.00 0
376 -2.16 -2.78 -2.50 21.00 204.00 -152.00 137.00 -926.00 -607.00 0
386 -2.09 -2.85 -2.50 22.00 205.00 -149.00 131.00 -924.00 -537.00 0
395 -2.09 -2.85 -2.57 20.00 204.00 -149.00 131.00 -924.00 -537.00 0
404 -2.09 -2.85 -2.57 20.00 205.00 -152.00 131.00 -924.00 -537.00 0
413 -2.02 -2.85 -2.57 23.00 202.00 -150.00 131.00 -924.00 -537.00 0
421 -2.02 -2.85 -2.50 19.00 204.00 -149.00 131.00 -924.00 -537.00 0
431 -2.09 -2.78 -2.57 23.00 203.00 -148.00 131.00 -924.00 -537.00 0
440 -2.09 -2.78 -2.57 22.00 204.00 -149.00 131.00 -924.00 -537.00 0
449 -2.09 -2.85 -2.50 20.00 203.00 -150.00 138.00 -925.00 -517.00 0
458 -2.16 -2.78 -2.57 23.00 205.00 -149.00 138.00 -925.00 -517.00 0
467 -2.09 -2.78 -2.50 21.00 206.00 -153.00 138.00 -925.00 -517.00 0
477 -2.16 -2.85 -2.50 22.00 205.00 -147.00 138.00 -925.00 -517.00 0
486 -2.16 -2.92 -2.50 23.00 204.00 -152.00 138.00 -925.00 -517.00 0
495 -2.02 -2.92 -2.57 20.00 204.00 -150.00 138.00 -925.00 -517.00 0
504 -2.02 -2.85 -2.50 23.00 205.00 -152.00 138.00 -925.00 -517.00 0
514 -1.95 -2.64 -2.43 21.00 205.00 -150.00 134.00 -928.00 -611.00 0
523 -1.88 -2.64 -2.37 21.00 203.00 -152.00 134.00 -928.00 -611.00 0
532 -1.81 -2.78 -2.37 22.00 203.00 -148.00 134.00 -928.00 -611.00 0
541 -1.74 -2.57 -2.37 24.00 205.00 -151.00 134.00 -928.00 -611.00 0
550 -1.32 -2.78 -2.50 24.00 206.00 -152.00 134.00 -928.00 -611.00 0
560 -1.39 -2.71 -2.43 21.00 203.00 -151.00 134.00 -928.00 -611.00 0
568 -1.74 -2.64 -2.50 21.00 202.00 -150.00 134.00 -928.00 -611.00 0
577 -2.09 -2.64 -2.50 21.00 201.00 -154.00 134.00 -928.00 -611.00 0
586 -2.37 -2.64 -2.50 21.00 203.00 -146.00 134.00 -928.00 -611.00 0
595 -2.64 -2.57 -2.57 23.00 204.00 -148.00 134.00 -928.00 -611.00 0
605 -2.78 -2.64 -2.50 21.00 204.00 -149.00 134.00 -928.00 -611.00 0
614 -2.43 -2.71 -2.50 21.00 203.00 -149.00 134.00 -928.00 -611.00 0
623 -2.16 -2.78 -2.57 20.00 205.00 -149.00 134.00 -928.00 -611.00 0
632 -1.95 -2.78 -2.50 22.00 202.00 -148.00 134.00 -928.00 -611.00 0
642 -2.02 -2.78 -2.50 21.00 203.00 -149.00 134.00 -928.00 -611.00 0
651 -2.02 -2.78 -2.43 21.00 206.00 -153.00 134.00 -928.00 -611.00 0
660 -1.88 -2.85 -2.50 22.00 203.00 -147.00 134.00 -928.00 -611.00 0
669 -1.81 -2.92 -2.50 24.00 202.00 -151.00 134.00 -928.00 -611.00 0
678 -1.67 -2.92 -2.43 20.00 204.00 -153.00 134.00 -928.00 -611.00 0
688 -1.81 -2.85 -2.43 23.00 204.00 -148.00 134.00 -928.00 -611.00 0
697 -1.95 -2.85 -2.50 20.00 201.00 -149.00 134.00 -928.00 -611.00 0
706 -2.02 -2.78 -2.50 21.00 204.00 -151.00 134.00 -928.00 -611.00 0
714 -2.09 -2.78 -2.50 21.00 205.00 -151.00 134.00 -928.00 -611.00 0
723 -2.09 -2.78 -2.57 23.00 200.00 -147.00 134.00 -928.00 -611.00 0
733 -2.16 -2.71 -2.57 23.00 203.00 -149.00 134.00 -928.00 -611.00 0
742 -2.16 -2.78 -2.57 20.00 199.00 -148.00 134.00 -928.00 -611.00 0
751 -2.16 -2.78 -2.50 24.00 204.00 -151.00 134.00 -928.00 -611.00 0
760 -2.09 -2.78 -2.57 22.00 205.00 -151.00 134.00 -928.00 -611.00 0
770 -2.09 -2.85 -2.50 21.00 208.00 -150.00 134.00 -928.00 -611.00 0
779 -2.09 -2.85 -2.50 20.00 205.00 -152.00 131.00 -924.00 -614.00 0
788 -2.09 -2.85 -2.50 21.00 204.00 -148.00 131.00 -924.00 -614.00 0
797 -2.09 -2.85 -2.50 22.00 204.00 -151.00 131.00 -924.00 -614.00 0
806 -2.09 -2.85 -2.43 24.00 204.00 -151.00 131.00 -924.00 -614.00 0
816 -2.09 -2.85 -2.43 23.00 204.00 -150.00 131.00 -924.00 -614.00 0
825 -2.09 -2.92 -2.50 22.00 204.00 -146.00 131.00 -924.00 -614.00 0
834 -2.09 -2.92 -2.57 20.00 204.00 -150.00 131.00 -924.00 -614.00 0
843 -2.02 -2.92 -2.57 19.00 205.00 -151.00 131.00 -923.00 -402.00 0
851 -2.02 -2.92 -2.57 20.00 205.00 -150.00 131.00 -923.00 -402.00 0
861 -2.02 -2.92 -2.57 21.00 203.00 -151.00 131.00 -923.00 -402.00 0
870 -2.02 -2.85 -2.57 22.00 200.00 -148.00 131.00 -923.00 -402.00 0
879 -2.02 -2.85 -2.57 22.00 203.00 -149.00 131.00 -923.00 -402.00 0
888 -2.02 -2.85 -2.57 22.00 204.00 -150.00 131.00 -923.00 -402.00 0
898 -2.09 -2.85 -2.57 22.00 204.00 -149.00 131.00 -923.00 -402.00 0
907 -2.09 -2.85 -2.50 23.00 203.00 -149.00 137.00 -925.00 -633.00 0
916 -2.09 -2.85 -2.50 21.00 206.00 -155.00 137.00 -925.00 -633.00 0
925 -2.16 -2.85 -2.50 22.00 203.00 -151.00 137.00 -925.00 -633.00 0
934 -2.16 -2.85 -2.43 23.00 206.00 -148.00 137.00 -925.00 -633.00 0
944 -2.09 -2.85 -2.43 22.00 203.00 -150.00 137.00 -925.00 -633.00 0
953 -2.02 -2.85 -2.50 20.00 202.00 -149.00 137.00 -925.00 -633.00 0
962 -1.81 -2.85 -2.50 20.00 203.00 -146.00 137.00 -925.00 -633.00 0
971 -1.60 -2.78 -2.50 23.00 204.00 -148.00 137.00 -925.00 -633.00 0
980 -1.32 -2.78 -2.50 21.00 201.00 -150.00 137.00 -925.00 -633.00 0
989 -1.25 -2.92 -2.50 21.00 207.00 -150.00 137.00 -925.00 -633.00 0
998 -1.74 -2.78 -2.50 24.00 202.00 -148.00 137.00 -925.00 -633.00 0
1007 -2.23 -2.71 -2.50 20.00 205.00 -145.00 137.00 -925.00 -633.00 0
1016 -2.50 -2.71 -2.50 20.00 203.00 -151.00 137.00 -925.00 -633.00 0
1026 -2.78 -2.78 -2.50 19.00 207.00 -152.00 137.00 -925.00 -633.00 0
1035 -2.99 -2.78 -2.50 22.00 207.00 -147.00 137.00 -925.00 -633.00 0
1044 -3.13 -2.71 -2.57 21.00 202.00 -147.00 137.00 -925.00 -633.00 0
1053 -2.78 -2.71 -2.57 21.00 205.00 -147.00 137.00 -925.00 -633.00 0
1062 -2.30 -2.78 -2.57 21.00 203.00 -151.00 137.00 -925.00 -633.00 0
1072 -1.81 -2.85 -2.50 22.00 204.00 -147.00 137.00 -925.00 -633.00 0
1081 -1.46 -2.85 -2.50 20.00 204.00 -155.00 137.00 -925.00 -633.00 0
1090 -1.25 -2.85 -2.50 19.00 203.00 -150.00 137.00 -925.00 -633.00 0
1099 -1.11 -2.85 -2.50 24.00 202.00 -152.00 137.00 -925.00 -633.00 0
1108 -1.18 -2.92 -2.50 22.00 204.00 -146.00 137.00 -925.00 -633.00 0
1118 -1.39 -2.92 -2.57 19.00 201.00 -150.00 137.00 -925.00 -633.00 0
1127 -1.74 -2.85 -2.57 20.00 203.00 -151.00 137.00 -925.00 -633.00 0
1136 -2.09 -2.85 -2.50 23.00 204.00 -148.00 137.00 -925.00 -633.00 0
1145 -2.43 -2.78 -2.57 20.00 204.00 -154.00 137.00 -925.00 -633.00 0
1155 -2.57 -2.78 -2.57 24.00 202.00 -152.00 137.00 -925.00 -633.00 0
1164 -2.64 -2.78 -2.57 24.00 204.00 -151.00 137.00 -925.00 -633.00 0
1173 -2.50 -2.78 -2.57 21.00 203.00 -149.00 137.00 -925.00 -633.00 0
1182 -2.37 -2.85 -2.50 21.00 202.00 -150.00 137.00 -925.00 -633.00 0
1191 -2.23 -2.85 -2.50 23.00 204.00 -152.00 137.00 -925.00 -633.00 0
1201 -2.09 -2.85 -2.50 18.00 206.00 -151.00 137.00 -925.00 -633.00 0
1210 -2.02 -2.85 -2.50 21.00 208.00 -152.00 137.00 -925.00 -633.00 0
1219 -1.95 -2.85 -2.50 22.00 204.00 -149.00 137.00 -925.00 -633.00 0
1228 -1.88 -2.85 -2.57 26.00 203.00 -148.00 137.00 -925.00 -633.00 0
1238 -1.88 -2.85 -2.57 16.00 205.00 -151.00 134.00 -927.00 -483.00 0
1247 -1.88 -2.85 -2.57 20.00 203.00 -149.00 134.00 -927.00 -483.00 0
1256 -1.88 -2.85 -2.50 23.00 203.00 -151.00 134.00 -927.00 -483.00 0
1265 -1.88 -2.92 -2.50 22.00 207.00 -152.00 134.00 -927.00 -483.00 0
1274 -1.88 -2.85 -2.50 21.00 202.00 -148.00 134.00 -927.00 -483.00 0
1284 -1.88 -2.85 -2.50 25.00 204.00 -150.00 134.00 -927.00 -483.00 0
1293 -1.81 -2.85 -2.50 24.00 205.00 -151.00 134.00 -927.00 -483.00 0
1302 -1.81 -2.85 -2.50 22.00 205.00 -149.00 132.00 -925.00 -576.00 0
1311 -1.88 -2.85 -2.50 21.00 201.00 -151.00 132.00 -925.00 -576.00 0
1320 -1.95 -2.85 -2.50 23.00 198.00 -148.00 132.00 -925.00 -576.00 0
1330 -2.16 -2.85 -2.57 24.00 202.00 -149.00 132.00 -925.00 -576.00 0
1339 -2.30 -2.78 -2.50 22.00 203.00 -150.00 132.00 -925.00 -576.00 0
1348 -2.30 -2.85 -2.50 20.00 204.00 -152.00 132.00 -925.00 -576.00 0
1357 -2.30 -2.85 -2.57 21.00 202.00 -149.00 132.00 -925.00 -576.00 0
1367 -2.30 -2.85 -2.50 23.00 205.00 -152.00 136.00 -928.00 -358.00 0
1376 -2.23 -2.78 -2.50 21.00 205.00 -147.00 136.00 -928.00 -358.00 0
1385 -2.16 -2.78 -2.50 22.00 205.00 -151.00 136.00 -928.00 -358.00 0
1394 -2.09 -2.85 -2.50 21.00 204.00 -149.00 136.00 -928.00 -358.00 0
1403 -1.95 -2.85 -2.50 21.00 204.00 -152.00 136.00 -928.00 -358.00 0
1413 -1.88 -2.85 -2.50 22.00 203.00 -146.00 136.00 -928.00 -358.00 0
1422 -1.81 -2.85 -2.50 21.00 205.00 -150.00 136.00 -928.00 -358.00 0
1431 -1.81 -2.85 -2.50 21.00 206.00 -157.00 133.00 -926.00 -637.00 0
1440 -1.81 -2.85 -2.50 22.00 204.00 -152.00 133.00 -926.00 -637.00 0
1449 -1.88 -2.78 -2.43 20.00 204.00 -151.00 133.00 -926.00 -637.00 0
1459 -1.95 -2.85 -2.50 25.00 202.00 -149.00 133.00 -926.00 -637.00 0
1468 -2.09 -2.85 -2.57 21.00 203.00 -149.00 133.00 -926.00 -637.00 0
1477 -2.16 -2.92 -2.57 23.00 202.00 -149.00 133.00 -926.00 -637.00 0
1486 -2.09 -2.92 -2.57 24.00 199.00 -147.00 133.00 -926.00 -637.00 0
1496 -2.16 -2.85 -2.57 22.00 203.00 -146.00 133.00 -926.00 -637.00 0
1505 -2.09 -2.85 -2.64 22.00 203.00 -150.00 133.00 -926.00 -637.00 0
1514 -2.16 -2.85 -2.57 21.00 203.00 -149.00 133.00 -926.00 -637.00 0
1523 -2.09 -2.85 -2.57 22.00 203.00 -150.00 133.00 -926.00 -637.00 0
1532 -2.16 -2.92 -2.57 20.00 206.00 -151.00 133.00 -926.00 -637.00 0
1542 -2.16 -2.92 -2.57 18.00 206.00 -150.00 133.00 -926.00 -637.00 0
1551 -2.09 -2.85 -2.57 22.00 203.00 -147.00 133.00 -926.00 -637.00 0
1560 -2.02 -2.85 -2.50 19.00 205.00 -149.00 133.00 -926.00 -637.00 0
1569 -2.02 -2.85 -2.50 22.00 203.00 -148.00 133.00 -926.00 -637.00 0
1579 -2.02 -2.85 -2.50 21.00 203.00 -147.00 133.00 -926.00 -637.00 0
1588 -2.02 -2.78 -2.57 23.00 205.00 -148.00 133.00 -926.00 -637.00 0
1597 -2.02 -2.78 -2.57 24.00 205.00 -151.00 133.00 -926.00 -637.00 0
1606 -2.09 -2.78 -2.57 21.00 203.00 -152.00 133.00 -926.00 -637.00 0
1615 -2.09 -2.78 -2.50 20.00 205.00 -152.00 133.00 -926.00 -637.00 0
1625 -2.09 -2.78 -2.50 23.00 204.00 -148.00 133.00 -926.00 -637.00 0
1634 -2.02 -2.78 -2.57 23.00 201.00 -148.00 133.00 -926.00 -637.00 0
1643 -2.09 -2.85 -2.57 23.00 204.00 -151.00 133.00 -926.00 -637.00 0
1652 -2.02 -2.85 -2.57 20.00 202.00 -150.00 133.00 -926.00 -637.00 0
1661 -2.09 -2.78 -2.57 22.00 206.00 -149.00 133.00 -926.00 -637.00 0
1671 -2.16 -2.78 -2.57 20.00 203.00 -149.00 133.00 -926.00 -637.00 0
1680 -2.09 -2.85 -2.57 21.00 204.00 -150.00 133.00 -926.00 -637.00 0
1689 -2.09 -2.85 -2.57 20.00 204.00 -151.00 133.00 -926.00 -637.00 0
1698 -2.09 -2.85 -2.57 24.00 202.00 -150.00 133.00 -926.00 -637.00 0
1708 -2.09 -2.85 -2.50 19.00 206.00 -155.00 133.00 -926.00 -637.00 0
1717 -2.02 -2.92 -2.57 23.00 202.00 -147.00 133.00 -926.00 -637.00 0
1726 -2.02 -2.92 -2.57 21.00 204.00 -152.00 133.00 -926.00 -637.00 0
1735 -2.02 -2.92 -2.57 19.00 204.00 -148.00 133.00 -926.00 -637.00 0
1744 -2.02 -2.85 -2.57 23.00 204.00 -154.00 133.00 -926.00 -637.00 0
1754 -2.02 -2.85 -2.57 20.00 201.00 -149.00 133.00 -926.00 -637.00 0
1763 -2.02 -2.85 -2.57 22.00 204.00 -146.00 131.00 -922.00 -509.00 0
1772 -2.09 -2.71 -2.50 23.00 206.00 -148.00 131.00 -922.00 -509.00 0
1781 -1.88 -2.78 -2.37 23.00 201.00 -149.00 131.00 -922.00 -509.00 0
1790 -1.46 -2.99 -2.50 21.00 206.00 -151.00 131.00 -922.00 -509.00 0
1800 -1.60 -2.92 -2.57 20.00 205.00 -150.00 131.00 -922.00 -509.00 0
1809 -2.02 -2.85 -2.57 21.00 202.00 -148.00 131.00 -922.00 -509.00 0
1818 -2.23 -2.78 -2.57 22.00 205.00 -149.00 131.00 -922.00 -509.00 0
1827 -2.09 -2.85 -2.50 22.00 204.00 -142.00 137.00 -927.00 -561.00 0
1837 -1.95 -2.92 -2.57 18.00 205.00 -147.00 137.00 -927.00 -561.00 0
1846 -1.95 -2.85 -2.57 19.00 203.00 -149.00 137.00 -927.00 -561.00 0
1855 -2.02 -2.85 -2.57 20.00 201.00 -149.00 137.00 -927.00 -561.00 0
1864 -2.02 -2.85 -2.50 19.00 203.00 -151.00 137.00 -927.00 -561.00 0
1873 -1.95 -2.85 -2.50 20.00 203.00 -150.00 137.00 -927.00 -561.00 0
1883 -1.95 -2.85 -2.50 20.00 203.00 -149.00 137.00 -927.00 -561.00 0
1892 -1.95 -2.85 -2.57 22.00 203.00 -147.00 134.00 -924.00 -628.00 0
1901 -2.02 -2.78 -2.57 21.00 205.00 -148.00 134.00 -924.00 -628.00 0
1910 -2.02 -2.85 -2.57 19.00 203.00 -151.00 134.00 -924.00 -628.00 0
1920 -1.95 -2.92 -2.64 23.00 204.00 -150.00 134.00 -924.00 -628.00 0
1929 -1.95 -2.92 -2.64 23.00 204.00 -149.00 134.00 -924.00 -628.00 0
1938 -1.95 -2.85 -2.57 21.00 204.00 -151.00 134.00 -924.00 -628.00 0
1947 -1.95 -2.85 -2.57 22.00 203.00 -151.00 134.00 -924.00 -628.00 0
1956 -1.95 -2.85 -2.57 20.00 202.00 -151.00 131.00 -925.00 -540.00 0
1966 -1.95 -2.85 -2.57 24.00 201.00 -149.00 131.00 -925.00 -540.00 0
1975 -1.95 -2.85 -2.57 23.00 203.00 -151.00 131.00 -925.00 -540.00 0
1984 -1.95 -2.85 -2.64 20.00 208.00 -148.00 131.00 -925.00 -540.00 0
1993 -2.02 -2.78 -2.57 22.00 204.00 -153.00 131.00 -925.00 -540.00 0
2002 -2.09 -2.85 -2.50 21.00 204.00 -145.00 131.00 -925.00 -540.00 0
2012 -2.09 -2.85 -2.50 23.00 204.00 -150.00 131.00 -925.00 -540.00 0
2021 -2.09 -2.85 -2.50 21.00 202.00 -150.00 131.00 -925.00 -540.00 0
2030 -2.02 -2.85 -2.43 22.00 203.00 -150.00 131.00 -925.00 -540.00 0
2039 -2.02 -2.85 -2.43 18.00 205.00 -151.00 131.00 -925.00 -540.00 0
2049 -2.02 -2.92 -2.43 24.00 202.00 -150.00 131.00 -925.00 -540.00 0
2058 -2.09 -2.85 -2.50 24.00 202.00 -150.00 131.00 -925.00 -540.00 0
2067 -2.09 -2.85 -2.43 26.00 203.00 -149.00 131.00 -925.00 -540.00 0
2076 -2.02 -2.85 -2.50 21.00 203.00 -151.00 131.00 -925.00 -540.00 0
2085 -1.95 -2.78 -2.50 20.00 202.00 -149.00 131.00 -925.00 -540.00 0
2095 -1.95 -2.78 -2.57 24.00 202.00 -147.00 131.00 -925.00 -540.00 0
2104 -1.95 -2.78 -2.50 23.00 201.00 -150.00 131.00 -925.00 -540.00 0
2113 -2.02 -2.78 -2.50 22.00 203.00 -147.00 131.00 -925.00 -540.00 0
2122 -2.16 -2.78 -2.50 23.00 205.00 -150.00 131.00 -925.00 -540.00 0
2131 -2.16 -2.71 -2.50 21.00 203.00 -148.00 131.00 -925.00 -540.00 0
2141 -2.16 -2.71 -2.50 20.00 205.00 -150.00 131.00 -925.00 -540.00 0
2150 -2.09 -2.78 -2.50 19.00 199.00 -150.00 131.00 -925.00 -540.00 0
2159 -2.09 -2.78 -2.50 20.00 203.00 -148.00 131.00 -925.00 -540.00 0
2168 -2.09 -2.78 -2.50 20.00 204.00 -150.00 131.00 -925.00 -540.00 0
2178 -2.09 -2.78 -2.50 23.00 202.00 -147.00 131.00 -925.00 -540.00 0
2187 -2.09 -2.85 -2.50 23.00 203.00 -148.00 131.00 -925.00 -540.00 0
2196 -2.09 -2.85 -2.50 19.00 204.00 -149.00 131.00 -925.00 -540.00 0
2205 -2.02 -2.85 -2.50 22.00 203.00 -149.00 131.00 -925.00 -540.00 0
2214 -2.09 -2.85 -2.50 21.00 202.00 -153.00 131.00 -925.00 -540.00 0
2224 -2.09 -2.85 -2.50 23.00 203.00 -149.00 131.00 -925.00 -540.00 0
2233 -2.09 -2.85 -2.50 24.00 205.00 -147.00 131.00 -925.00 -540.00 0
2242 -2.09 -2.85 -2.50 22.00 203.00 -148.00 131.00 -925.00 -540.00 0
2251 -2.09 -2.78 -2.50 19.00 205.00 -152.00 131.00 -925.00 -540.00 0
2260 -2.02 -2.78 -2.43 24.00 203.00 -150.00 131.00 -925.00 -540.00 0
2270 -2.02 -2.78 -2.37 21.00 203.00 -149.00 131.00 -925.00 -540.00 0
2279 -2.02 -2.78 -2.43 21.00 203.00 -150.00 131.00 -925.00 -540.00 0
2288 -2.02 -2.85 -2.43 19.00 205.00 -147.00 136.00 -926.00 -567.00 0
2297 -2.09 -2.92 -2.43 21.00 205.00 -153.00 136.00 -926.00 -567.00 0
2307 -2.09 -2.92 -2.43 21.00 205.00 -149.00 136.00 -926.00 -567.00 0
2316 -2.09 -2.92 -2.50 24.00 204.00 -147.00 136.00 -926.00 -567.00 0
2325 -2.09 -2.92 -2.50 20.00 200.00 -148.00 136.00 -926.00 -567.00 0
2334 -2.09 -2.92 -2.43 23.00 204.00 -151.00 136.00 -926.00 -567.00 0
2343 -2.09 -2.92 -2.43 23.00 205.00 -152.00 136.00 -926.00 -567.00 0
2353 -2.09 -2.85 -2.43 23.00 205.00 -152.00 133.00 -925.00 -448.00 0
2362 -2.02 -2.85 -2.43 20.00 202.00 -149.00 133.00 -925.00 -448.00 0
2371 -2.02 -2.85 -2.43 23.00 200.00 -152.00 133.00 -925.00 -448.00 0
2380 -2.02 -2.92 -2.43 22.00 204.00 -152.00 133.00 -925.00 -448.00 0
2390 -2.02 -2.85 -2.43 22.00 203.00 -147.00 133.00 -925.00 -448.00 0
2399 -2.02 -2.85 -2.50 21.00 204.00 -151.00 133.00 -925.00 -448.00 0
2408 -1.95 -2.85 -2.50 21.00 206.00 -150.00 133.00 -925.00 -448.00 0
2417 -1.95 -2.78 -2.50 20.00 205.00 -152.00 132.00 -926.00 -621.00 0
2426 -2.02 -2.78 -2.50 21.00 205.00 -150.00 132.00 -926.00 -621.00 0
2436 -2.09 -2.78 -2.50 21.00 202.00 -149.00 132.00 -926.00 -621.00 0
2445 -2.09 -2.78 -2.50 22.00 199.00 -150.00 132.00 -926.00 -621.00 0
2454 -2.09 -2.78 -2.50 21.00 202.00 -151.00 132.00 -926.00 -621.00 0
2463 -2.02 -2.85 -2.43 23.00 204.00 -149.00 132.00 -926.00 -621.00 0
2472 -2.02 -2.92 -2.50 24.00 200.00 -146.00 132.00 -926.00 -621.00 0
2482 -2.02 -2.85 -2.50 22.00 200.00 -145.00 137.00 -925.00 -436.00 0
2491 -2.02 -2.85 -2.50 22.00 203.00 -149.00 137.00 -925.00 -436.00 0
2500 -2.09 -2.85 -2.43 24.00 205.00 -151.00 137.00 -925.00 -436.00 0
2509 -2.16 -2.85 -2.50 20.00 199.00 -149.00 137.00 -925.00 -436.00 0
2519 -2.16 -2.85 -2.50 21.00 205.00 -150.00 137.00 -925.00 -436.00 0
2528 -2.09 -2.85 -2.50 23.00 204.00 -149.00 137.00 -925.00 -436.00 0
2537 -2.09 -2.85 -2.57 22.00 204.00 -149.00 137.00 -925.00 -436.00 0
2546 -2.09 -2.78 -2.57 20.00 203.00 -151.00 137.00 -925.00 -436.00 0
2555 -2.02 -2.85 -2.57 19.00 205.00 -151.00 137.00 -925.00 -436.00 0
2565 -2.02 -2.78 -2.57 23.00 205.00 -148.00 137.00 -925.00 -436.00 0
2574 -2.02 -2.78 -2.57 28.00 205.00 -148.00 137.00 -925.00 -436.00 0
2583 -2.02 -2.78 -2.57 23.00 204.00 -148.00 137.00 -925.00 -436.00 0
2592 -1.95 -2.85 -2.50 19.00 204.00 -151.00 137.00 -925.00 -436.00 0
2601 -1.95 -2.78 -2.50 22.00 201.00 -149.00 137.00 -925.00 -436.00 0
2611 -2.02 -2.78 -2.50 22.00 203.00 -148.00 137.00 -925.00 -436.00 0
2620 -2.02 -2.78 -2.50 21.00 201.00 -148.00 137.00 -925.00 -436.00 0
2629 -2.09 -2.71 -2.57 22.00 203.00 -151.00 137.00 -925.00 -436.00 0
2638 -2.02 -2.78 -2.57 20.00 204.00 -152.00 137.00 -925.00 -436.00 0
2648 -2.02 -2.85 -2.50 20.00 204.00 -148.00 137.00 -925.00 -436.00 0
2657 -2.02 -2.78 -2.50 21.00 205.00 -151.00 137.00 -925.00 -436.00 0
2666 -2.02 -2.85 -2.57 20.00 205.00 -153.00 137.00 -925.00 -436.00 0
2675 -2.02 -2.78 -2.57 24.00 199.00 -147.00 137.00 -925.00 -436.00 0
2684 -2.02 -2.78 -2.57 21.00 202.00 -153.00 137.00 -925.00 -436.00 0
2694 -2.02 -2.78 -2.57 23.00 205.00 -151.00 137.00 -925.00 -436.00 0
2703 -1.95 -2.78 -2.50 23.00 203.00 -148.00 137.00 -925.00 -436.00 0
2712 -1.95 -2.78 -2.57 20.00 205.00 -148.00 137.00 -925.00 -436.00 0
2721 -1.95 -2.78 -2.57 20.00 203.00 -151.00 137.00 -925.00 -436.00 0
2731 -1.95 -2.71 -2.57 24.00 203.00 -150.00 137.00 -925.00 -436.00 0
2740 -1.95 -2.78 -2.57 23.00 202.00 -147.00 137.00 -925.00 -436.00 0
2749 -2.02 -2.78 -2.57 22.00 204.00 -150.00 137.00 -925.00 -436.00 0
2758 -2.02 -2.78 -2.57 21.00 204.00 -147.00 137.00 -925.00 -436.00 0
2767 -2.02 -2.78 -2.57 22.00 204.00 -146.00 137.00 -925.00 -436.00 0
2777 -2.02 -2.85 -2.57 23.00 201.00 -151.00 137.00 -925.00 -436.00 0
2786 -2.02 -2.85 -2.57 25.00 203.00 -149.00 137.00 -925.00 -436.00 0
2795 -2.02 -2.85 -2.57 21.00 203.00 -147.00 137.00 -925.00 -436.00 0
2804 -1.95 -2.78 -2.50 24.00 202.00 -148.00 137.00 -925.00 -436.00 0
2813 -1.95 -2.78 -2.50 22.00 203.00 -153.00 133.00 -926.00 -493.00 0
2823 -1.95 -2.85 -2.50 19.00 205.00 -150.00 133.00 -926.00 -493.00 0
2832 -2.02 -2.85 -2.50 20.00 205.00 -148.00 133.00 -926.00 -493.00 0
2841 -2.02 -2.92 -2.50 22.00 200.00 -151.00 133.00 -926.00 -493.00 0
2850 -2.02 -2.92 -2.50 23.00 201.00 -148.00 133.00 -926.00 -493.00 0
2860 -2.02 -2.85 -2.57 21.00 203.00 -152.00 133.00 -926.00 -493.00 0
2869 -2.02 -2.85 -2.57 22.00 204.00 -143.00 133.00 -926.00 -493.00 0
2878 -2.02 -2.85 -2.57 21.00 203.00 -151.00 128.00 -924.00 -476.00 0
2887 -2.02 -2.85 -2.57 20.00 203.00 -149.00 128.00 -924.00 -476.00 0
2896 -2.02 -2.85 -2.57 22.00 202.00 -149.00 128.00 -924.00 -476.00 0
2906 -1.95 -2.85 -2.64 24.00 204.00 -150.00 128.00 -924.00 -476.00 0
2915 -1.95 -2.92 -2.57 21.00 204.00 -152.00 128.00 -924.00 -476.00 0
2924 -1.95 -2.92 -2.57 23.00 201.00 -148.00 128.00 -924.00 -476.00 0
2933 -1.95 -2.92 -2.57 22.00 204.00 -151.00 128.00 -924.00 -476.00 0
2942 -2.02 -2.92 -2.57 24.00 205.00 -148.00 137.00 -928.00 -556.00 0
2952 -2.09 -2.92 -2.57 22.00 202.00 -147.00 137.00 -928.00 -556.00 0
2961 -2.02 -2.92 -2.57 20.00 203.00 -150.00 137.00 -928.00 -556.00 0
2970 -2.09 -2.92 -2.57 24.00 204.00 -150.00 137.00 -928.00 -556.00 0
2979 -2.09 -2.85 -2.50 20.00 204.00 -151.00 137.00 -928.00 -556.00 0
2989 -2.09 -2.85 -2.50 22.00 200.00 -150.00 137.00 -928.00 -556.00 0
2998 -2.02 -2.78 -2.50 23.00 204.00 -150.00 137.00 -928.00 -556.00 0
3007 -2.02 -2.85 -2.43 21.00 204.00 -150.00 135.00 -926.00 -512.00 0
3016 -1.95 -2.85 -2.43 22.00 206.00 -151.00 135.00 -926.00 -512.00 0
3025 -1.95 -2.85 -2.50 20.00 205.00 -148.00 135.00 -926.00 -512.00 0
3035 -1.88 -2.85 -2.43 20.00 202.00 -149.00 135.00 -926.00 -512.00 0
3044 -1.95 -2.85 -2.50 18.00 202.00 -145.00 135.00 -926.00 -512.00 0
3053 -1.95 -2.85 -2.50 19.00 205.00 -149.00 135.00 -926.00 -512.00 0
3062 -2.02 -2.85 -2.50 22.00 203.00 -149.00 135.00 -926.00 -512.00 0
3072 -2.02 -2.78 -2.57 20.00 204.00 -148.00 135.00 -928.00 -481.00 0
3081 -1.95 -2.85 -2.57 24.00 204.00 -149.00 133.00 -928.00 -481.00 0
3090 -1.95 -2.85 -2.50 23.00 204.00 -150.00 133.00 -928.00 -481.00 0
3099 -1.95 -2.85 -2.57 25.00 201.00 -150.00 133.00 -928.00 -481.00 0
3108 -1.95 -2.85 -2.64 20.00 204.00 -148.00 133.00 -928.00 -481.00 0
3118 -2.02 -2.85 -2.64 22.00 205.00 -148.00 133.00 -928.00 -481.00 0
3127 -2.02 -2.85 -2.57 22.00 204.00 -149.00 133.00 -928.00 -481.00 0
3136 -2.02 -2.85 -2.57 24.00 202.00 -153.00 133.00 -928.00 -481.00 0
3145 -2.02 -2.85 -2.57 23.00 205.00 -150.00 133.00 -928.00 -481.00 0
3154 -2.02 -2.85 -2.50 22.00 204.00 -149.00 133.00 -928.00 -481.00 0
3164 -2.02 -2.78 -2.50 22.00 203.00 -153.00 133.00 -928.00 -481.00 0
3173 -2.09 -2.78 -2.50 18.00 205.00 -152.00 133.00 -928.00 -481.00 0
3182 -2.02 -2.85 -2.57 21.00 207.00 -151.00 133.00 -928.00 -481.00 0
3191 -2.02 -2.78 -2.57 21.00 201.00 -149.00 133.00 -928.00 -481.00 0
3201 -2.09 -2.85 -2.57 20.00 204.00 -149.00 133.00 -928.00 -481.00 0
3210 -2.02 -2.85 -2.57 21.00 203.00 -152.00 137.00 -928.00 -629.00 0
3219 -2.02 -2.78 -2.57 19.00 202.00 -151.00 137.00 -928.00 -629.00 0
3228 -2.02 -2.85 -2.57 22.00 202.00 -151.00 137.00 -928.00 -629.00 0
3237 -1.95 -2.85 -2.57 22.00 205.00 -151.00 137.00 -928.00 -629.00 0
3247 -2.02 -2.85 -2.50 20.00 204.00 -149.00 137.00 -928.00 -629.00 0
3256 -2.02 -2.78 -2.50 21.00 205.00 -151.00 137.00 -928.00 -629.00 0
3265 -1.95 -2.78 -2.50 22.00 205.00 -155.00 137.00 -928.00 -629.00 0
3274 -2.02 -2.78 -2.50 19.00 206.00 -152.00 137.00 -928.00 -629.00 0
3283 -1.95 -2.78 -2.50 22.00 202.00 -151.00 137.00 -928.00 -629.00 0
3293 -2.02 -2.78 -2.50 22.00 203.00 -149.00 137.00 -928.00 -629.00 0
3302 -2.02 -2.71 -2.50 24.00 207.00 -151.00 137.00 -928.00 -629.00 0
3311 -2.09 -2.71 -2.50 20.00 204.00 -150.00 137.00 -928.00 -629.00 0
3320 -2.09 -2.71 -2.50 20.00 206.00 -148.00 137.00 -928.00 -629.00 0
3330 -2.09 -2.78 -2.50 24.00 203.00 -150.00 137.00 -928.00 -629.00 0
3339 -2.09 -2.78 -2.50 19.00 201.00 -147.00 137.00 -928.00 -629.00 0
3348 -2.09 -2.71 -2.57 22.00 200.00 -147.00 137.00 -928.00 -629.00 0
3357 -2.09 -2.71 -2.57 24.00 202.00 -148.00 137.00 -928.00 -629.00 0
3366 -2.09 -2.78 -2.57 23.00 204.00 -150.00 137.00 -928.00 -629.00 0
3376 -2.02 -2.85 -2.57 19.00 205.00 -149.00 137.00 -928.00 -629.00 0
3385 -2.02 -2.85 -2.57 19.00 202.00 -148.00 137.00 -928.00 -629.00 0
3394 -2.02 -2.85 -2.57 20.00 202.00 -146.00 137.00 -928.00 -629.00 0
3403 -2.02 -2.85 -2.57 22.00 203.00 -148.00 136.00 -926.00 -568.00 0
3412 -2.02 -2.85 -2.57 19.00 204.00 -150.00 136.00 -926.00 -568.00 0
3422 -2.09 -2.78 -2.50 23.00 202.00 -151.00 136.00 -926.00 -568.00 0
3431 -2.09 -2.78 -2.50 23.00 203.00 -151.00 136.00 -926.00 -568.00 0
3440 -2.09 -2.85 -2.50 22.00 202.00 -149.00 136.00 -926.00 -568.00 0
3449 -2.02 -2.85 -2.50 24.00 202.00 -151.00 136.00 -926.00 -568.00 0
3459 -2.02 -2.85 -2.50 23.00 206.00 -151.00 136.00 -926.00 -568.00 0
3468 -2.02 -2.85 -2.50 22.00 204.00 -148.00 137.00 -928.00 -625.00 0
3477 -2.02 -2.85 -2.50 24.00 205.00 -151.00 137.00 -928.00 -625.00 0
3486 -2.02 -2.85 -2.50 22.00 204.00 -149.00 137.00 -928.00 -625.00 0
3495 -2.09 -2.85 -2.43 22.00 206.00 -149.00 137.00 -928.00 -625.00 0
3505 -2.09 -2.78 -2.50 22.00 204.00 -153.00 137.00 -928.00 -625.00 0
3514 -2.02 -2.78 -2.50 23.00 204.00 -151.00 137.00 -928.00 -625.00 0
3523 -2.02 -2.85 -2.50 21.00 205.00 -152.00 137.00 -928.00 -625.00 0
3532 -2.09 -2.85 -2.43 23.00 203.00 -150.00 133.00 -926.00 -469.00 0
3542 -2.09 -2.78 -2.50 21.00 205.00 -149.00 133.00 -926.00 -469.00 0
3551 -2.09 -2.78 -2.50 23.00 204.00 -151.00 133.00 -926.00 -469.00 0
3560 -2.09 -2.85 -2.50 22.00 206.00 -150.00 133.00 -926.00 -469.00 0
3569 -2.02 -2.85 -2.50 22.00 204.00 -150.00 133.00 -926.00 -469.00 0
3578 -2.02 -2.85 -2.50 23.00 202.00 -150.00 133.00 -926.00 -469.00 0
3588 -2.09 -2.85 -2.50 21.00 204.00 -149.00 133.00 -926.00 -469.00 0
3597 -2.09 -2.85 -2.50 21.00 206.00 -152.00 133.00 -924.00 -542.00 0
3606 -2.09 -2.78 -2.43 19.00 205.00 -152.00 132.00 -924.00 -542.00 0
3615 -2.09 -2.78 -2.50 23.00 203.00 -146.00 132.00 -924.00 -542.00 0
3624 -2.02 -2.78 -2.50 21.00 205.00 -148.00 132.00 -924.00 -542.00 0
3634 -2.02 -2.78 -2.57 22.00 204.00 -150.00 132.00 -924.00 -542.00 0
3643 -2.02 -2.85 -2.50 22.00 203.00 -144.00 132.00 -924.00 -542.00 0
3652 -2.02 -2.78 -2.50 19.00 205.00 -149.00 132.00 -924.00 -542.00 0
3661 -1.95 -2.85 -2.50 22.00 203.00 -150.00 132.00 -924.00 -542.00 0
3671 -2.02 -2.85 -2.50 21.00 202.00 -151.00 132.00 -924.00 -542.00 0
3680 -2.02 -2.85 -2.50 22.00 202.00 -151.00 132.00 -924.00 -542.00 0
3689 -2.02 -2.85 -2.50 22.00 202.00 -148.00 132.00 -924.00 -542.00 0
3698 -2.02 -2.85 -2.57 22.00 204.00 -148.00 132.00 -924.00 -542.00 0
3707 -2.02 -2.85 -2.57 20.00 203.00 -152.00 132.00 -924.00 -542.00 0
3717 -2.09 -2.92 -2.57 23.00 205.00 -150.00 132.00 -924.00 -542.00 0
3726 -2.09 -2.85 -2.57 21.00 204.00 -153.00 132.00 -924.00 -542.00 0
3735 -2.02 -2.85 -2.57 22.00 206.00 -151.00 132.00 -924.00 -542.00 0
3744 -2.02 -2.85 -2.57 22.00 204.00 -150.00 132.00 -924.00 -542.00 0
3753 -2.02 -2.85 -2.50 22.00 207.00 -151.00 132.00 -924.00 -542.00 0
3763 -2.02 -2.85 -2.50 21.00 206.00 -148.00 132.00 -924.00 -542.00 0
3772 -2.09 -2.85 -2.50 21.00 205.00 -149.00 132.00 -924.00 -542.00 0
3781 -2.16 -2.85 -2.57 23.00 204.00 -151.00 132.00 -924.00 -542.00 0
3790 -2.16 -2.85 -2.57 22.00 205.00 -151.00 132.00 -924.00 -542.00 0
3800 -2.09 -2.92 -2.57 21.00 204.00 -147.00 132.00 -924.00 -542.00 0
3809 -2.09 -2.92 -2.57 25.00 201.00 -149.00 132.00 -924.00 -542.00 0
3818 -2.09 -2.92 -2.50 20.00 205.00 -151.00 132.00 -924.00 -542.00 0
3827 -2.09 -2.92 -2.50 22.00 204.00 -151.00 132.00 -924.00 -542.00 0
3836 -2.09 -2.85 -2.50 22.00 203.00 -149.00 132.00 -924.00 -542.00 0
3846 -2.02 -2.85 -2.50 21.00 202.00 -149.00 132.00 -924.00 -542.00 0
3855 -2.02 -2.85 -2.57 22.00 206.00 -151.00 132.00 -924.00 -542.00 0
3864 -1.95 -2.85 -2.50 22.00 201.00 -148.00 132.00 -924.00 -542.00 0
3873 -1.95 -2.92 -2.50 23.00 203.00 -150.00 132.00 -924.00 -542.00 0
3883 -2.02 -2.92 -2.50 21.00 201.00 -150.00 132.00 -924.00 -542.00 0
3892 -2.02 -2.92 -2.50 22.00 200.00 -149.00 132.00 -924.00 -542.00 0
3901 -2.09 -2.92 -2.50 22.00 201.00 -147.00 132.00 -924.00 -542.00 0
3910 -2.09 -2.85 -2.50 24.00 203.00 -147.00 132.00 -924.00 -542.00 0
3919 -2.02 -2.85 -2.50 21.00 203.00 -147.00 132.00 -924.00 -542.00 0
3929 -2.02 -2.85 -2.50 20.00 202.00 -148.00 137.00 -929.00 -602.00 0
3938 -2.09 -2.78 -2.43 25.00 206.00 -150.00 137.00 -929.00 -602.00 0
3947 -2.09 -2.64 -2.37 20.00 205.00 -149.00 137.00 -929.00 -602.00 0
3956 -2.02 -2.50 -2.37 22.00 203.00 -153.00 137.00 -929.00 -602.00 0
3965 -1.25 -2.64 -2.30 20.00 201.00 -149.00 137.00 -929.00 -602.00 0
3975 -0.97 -2.71 -2.37 20.00 205.00 -147.00 137.00 -929.00 -602.00 0
3984 -1.25 -2.78 -2.37 20.00 204.00 -153.00 137.00 -929.00 -602.00 0
3993 -1.81 -2.71 -2.37 22.00 200.00 -145.00 132.00 -925.00 -465.00 0
4002 -2.37 -2.57 -2.43 23.00 203.00 -152.00 132.00 -925.00 -465.00 0
4012 -2.64 -2.57 -2.50 22.00 205.00 -151.00 132.00 -925.00 -465.00 0
4021 -2.30 -2.78 -2.50 22.00 205.00 -149.00 132.00 -925.00 -465.00 0
4030 -2.16 -2.85 -2.50 20.00 203.00 -149.00 132.00 -925.00 -465.00 0
4039 -2.16 -2.85 -2.50 20.00 204.00 -150.00 132.00 -925.00 -465.00 0
4048 -2.16 -2.85 -2.43 21.00 203.00 -150.00 132.00 -925.00 -465.00 0
4058 -2.09 -2.78 -2.43 22.00 202.00 -149.00 131.00 -926.00 -692.00 0
4067 -2.02 -2.71 -2.43 22.00 203.00 -152.00 131.00 -926.00 -692.00 0
4076 -1.53 -2.78 -2.50 21.00 206.00 -151.00 131.00 -926.00 -692.00 0
4085 -1.46 -2.85 -2.50 20.00 206.00 -151.00 131.00 -926.00 -692.00 0
4094 -1.53 -2.85 -2.50 21.00 203.00 -149.00 131.00 -926.00 -692.00 0
4104 -1.67 -2.85 -2.50 23.00 201.00 -146.00 131.00 -926.00 -692.00 0
4113 -1.81 -2.85 -2.50 22.00 203.00 -150.00 131.00 -926.00 -692.00 0
4122 -1.95 -2.78 -2.50 22.00 204.00 -151.00 137.00 -927.00 -504.00 0
4131 -2.09 -2.78 -2.50 23.00 204.00 -149.00 137.00 -927.00 -504.00 0
4141 -2.16 -2.78 -2.50 23.00 202.00 -149.00 137.00 -927.00 -504.00 0
4150 -2.23 -2.78 -2.43 25.00 204.00 -147.00 137.00 -927.00 -504.00 0
4159 -2.23 -2.78 -2.50 23.00 204.00 -149.00 137.00 -927.00 -504.00 0
4168 -2.30 -2.78 -2.50 22.00 205.00 -151.00 137.00 -927.00 -504.00 0
4177 -2.30 -2.78 -2.50 20.00 206.00 -152.00 137.00 -927.00 -504.00 0
4187 -2.23 -2.85 -2.50 23.00 201.00 -149.00 137.00 -927.00 -504.00 0
4196 -2.16 -2.85 -2.50 22.00 201.00 -147.00 137.00 -927.00 -504.00 0
4205 -2.09 -2.78 -2.50 19.00 204.00 -151.00 137.00 -927.00 -504.00 0
4214 -2.09 -2.85 -2.43 22.00 202.00 -152.00 137.00 -927.00 -504.00 0
4224 -2.09 -2.85 -2.43 22.00 202.00 -148.00 137.00 -927.00 -504.00 0
4233 -2.02 -2.85 -2.50 22.00 204.00 -151.00 137.00 -927.00 -504.00 0
4242 -2.02 -2.85 -2.50 22.00 203.00 -150.00 137.00 -927.00 -504.00 0
4251 -2.02 -2.85 -2.50 23.00 204.00 -147.00 137.00 -927.00 -504.00 0
4260 -1.95 -2.92 -2.50 20.00 202.00 -144.00 137.00 -927.00 -504.00 0
4270 -1.88 -2.85 -2.50 22.00 206.00 -149.00 137.00 -927.00 -504.00 0
4279 -1.88 -2.85 -2.50 21.00 204.00 -154.00 137.00 -927.00 -504.00 0
4288 -1.95 -2.92 -2.50 23.00 202.00 -152.00 137.00 -927.00 -504.00 0
4297 -2.02 -2.92 -2.50 22.00 204.00 -147.00 137.00 -927.00 -504.00 0
4306 -2.02 -2.85 -2.50 22.00 204.00 -148.00 137.00 -927.00 -504.00 0
4316 -2.09 -2.85 -2.50 19.00 201.00 -145.00 137.00 -927.00 -504.00 0
4325 -2.16 -2.85 -2.57 23.00 203.00 -151.00 137.00 -927.00 -504.00 0
4334 -2.23 -2.85 -2.57 21.00 204.00 -147.00 137.00 -927.00 -504.00 0
4343 -2.30 -2.85 -2.57 23.00 202.00 -150.00 137.00 -927.00 -504.00 0
4353 -2.30 -2.85 -2.50 21.00 207.00 -150.00 137.00 -927.00 -504.00 0
4362 -2.23 -2.85 -2.50 21.00 206.00 -152.00 137.00 -927.00 -504.00 0
4371 -2.23 -2.85 -2.50 22.00 203.00 -150.00 137.00 -927.00 -504.00 0
4380 -2.02 -2.85 -2.50 21.00 203.00 -151.00 137.00 -927.00 -504.00 0
4389 -2.02 -2.85 -2.50 21.00 205.00 -147.00 137.00 -927.00 -504.00 0
4399 -2.02 -2.85 -2.50 20.00 203.00 -149.00 137.00 -927.00 -504.00 0
4408 -2.02 -2.85 -2.50 19.00 202.00 -150.00 137.00 -927.00 -504.00 0
4417 -2.02 -2.85 -2.50 20.00 203.00 -149.00 137.00 -927.00 -504.00 0
4426 -2.02 -2.85 -2.50 24.00 204.00 -153.00 137.00 -927.00 -504.00 0
4435 -1.95 -2.78 -2.50 22.00 205.00 -150.00 137.00 -927.00 -504.00 0
4445 -2.02 -2.78 -2.57 24.00 204.00 -152.00 137.00 -927.00 -504.00 0
4454 -2.02 -2.85 -2.50 18.00 202.00 -148.00 132.00 -924.00 -571.00 0
4463 -2.02 -2.85 -2.50 21.00 203.00 -147.00 132.00 -924.00 -571.00 0
4472 -2.02 -2.78 -2.57 22.00 204.00 -151.00 132.00 -924.00 -571.00 0
4482 -1.95 -2.78 -2.57 22.00 205.00 -152.00 132.00 -924.00 -571.00 0
4491 -1.95 -2.85 -2.57 22.00 201.00 -145.00 132.00 -924.00 -571.00 0
4500 -2.02 -2.85 -2.57 24.00 201.00 -150.00 132.00 -924.00 -571.00 0
4509 -2.09 -2.85 -2.57 21.00 202.00 -150.00 132.00 -924.00 -571.00 0
4518 -2.09 -2.78 -2.57 21.00 204.00 -148.00 131.00 -926.00 -534.00 0
4528 -2.09 -2.78 -2.50 21.00 200.00 -151.00 131.00 -926.00 -534.00 0
4537 -2.09 -2.85 -2.50 23.00 204.00 -150.00 131.00 -926.00 -534.00 0
4546 -2.02 -2.85 -2.50 18.00 204.00 -151.00 131.00 -926.00 -534.00 0
4555 -1.95 -2.85 -2.57 18.00 203.00 -148.00 131.00 -926.00 -534.00 0
4564 -2.02 -2.92 -2.57 20.00 204.00 -148.00 131.00 -926.00 -534.00 0
4574 -2.09 -2.92 -2.50 22.00 206.00 -154.00 131.00 -926.00 -534.00 0
4583 -2.09 -2.92 -2.50 20.00 203.00 -150.00 135.00 -926.00 -430.00 0
4592 -2.02 -2.85 -2.50 22.00 202.00 -149.00 135.00 -926.00 -430.00 0
4601 -2.02 -2.85 -2.50 22.00 205.00 -148.00 135.00 -926.00 -430.00 0
4611 -2.09 -2.85 -2.50 22.00 203.00 -151.00 135.00 -926.00 -430.00 0
4620 -2.09 -2.78 -2.50 24.00 201.00 -149.00 135.00 -926.00 -430.00 0
4629 -2.09 -2.78 -2.50 20.00 203.00 -152.00 135.00 -926.00 -430.00 0
4638 -2.09 -2.85 -2.43 21.00 203.00 -150.00 135.00 -926.00 -430.00 0
4647 -2.09 -2.85 -2.50 19.00 203.00 -151.00 136.00 -925.00 -544.00 0
4657 -2.02 -2.85 -2.43 22.00 204.00 -145.00 136.00 -925.00 -544.00 0
4666 -2.02 -2.85 -2.43 21.00 202.00 -150.00 136.00 -925.00 -544.00 0
4675 -1.95 -2.78 -2.43 21.00 204.00 -150.00 136.00 -925.00 -544.00 0
4684 -1.95 -2.78 -2.43 21.00 203.00 -148.00 136.00 -925.00 -544.00 0
4694 -1.95 -2.78 -2.50 24.00 204.00 -152.00 136.00 -925.00 -544.00 0
4703 -2.02 -2.71 -2.50 22.00 203.00 -149.00 136.00 -925.00 -544.00 0
4712 -2.02 -2.78 -2.50 22.00 203.00 -148.00 136.00 -925.00 -544.00 0
4721 -2.02 -2.78 -2.43 24.00 204.00 -149.00 136.00 -925.00 -544.00 0
4730 -2.09 -2.78 -2.43 21.00 202.00 -148.00 136.00 -925.00 -544.00 0
4740 -2.16 -2.78 -2.50 23.00 202.00 -145.00 136.00 -925.00 -544.00 0
4749 -2.16 -2.78 -2.50 24.00 202.00 -146.00 136.00 -925.00 -544.00 0
4758 -2.16 -2.85 -2.50 23.00 202.00 -149.00 136.00 -925.00 -544.00 0
4767 -2.09 -2.85 -2.50 21.00 204.00 -148.00 136.00 -925.00 -544.00 0
4776 -2.02 -2.85 -2.50 20.00 203.00 -150.00 136.00 -925.00 -544.00 0
4786 -2.02 -2.85 -2.50 19.00 202.00 -146.00 136.00 -925.00 -544.00 0
4795 -2.02 -2.85 -2.50 21.00 203.00 -147.00 136.00 -925.00 -544.00 0
4804 -2.02 -2.85 -2.50 23.00 203.00 -153.00 136.00 -925.00 -544.00 0
4813 -2.02 -2.85 -2.50 22.00 204.00 -148.00 136.00 -925.00 -544.00 0
4823 -2.02 -2.85 -2.43 21.00 203.00 -150.00 136.00 -925.00 -544.00 0
4832 -2.09 -2.92 -2.50 23.00 203.00 -148.00 136.00 -925.00 -544.00 0
4841 -2.09 -2.92 -2.50 22.00 204.00 -153.00 136.00 -925.00 -544.00 0
4850 -2.02 -2.85 -2.43 21.00 202.00 -156.00 136.00 -925.00 -544.00 0
4859 -2.09 -2.85 -2.43 23.00 204.00 -153.00 136.00 -925.00 -544.00 0
4869 -2.02 -2.85 -2.50 20.00 203.00 -148.00 136.00 -925.00 -544.00 0
4878 -2.02 -2.85 -2.50 19.00 206.00 -149.00 136.00 -925.00 -544.00 0
4887 -2.02 -2.92 -2.50 25.00 205.00 -148.00 136.00 -925.00 -544.00 0
4896 -2.02 -2.85 -2.43 21.00 205.00 -148.00 136.00 -925.00 -544.00 0
4905 -2.02 -2.85 -2.50 20.00 205.00 -149.00 136.00 -925.00 -544.00 0
4915 -2.09 -2.85 -2.50 21.00 204.00 -150.00 136.00 -925.00 -544.00 0
4924 -2.09 -2.85 -2.50 21.00 203.00 -152.00 136.00 -925.00 -544.00 0
4933 -2.09 -2.78 -2.50 23.00 203.00 -149.00 136.00 -925.00 -544.00 0
4942 -2.09 -2.78 -2.50 21.00 205.00 -148.00 136.00 -925.00 -544.00 0
4952 -2.09 -2.85 -2.43 26.00 202.00 -148.00 136.00 -925.00 -544.00 0
4961 -2.09 -2.85 -2.50 21.00 205.00 -152.00 136.00 -925.00 -544.00 0
4970 -2.09 -2.85 -2.50 20.00 204.00 -148.00 136.00 -925.00 -544.00 0
4979 -2.02 -2.85 -2.50 20.00 205.00 -150.00 136.00 -925.00 -544.00 0
4988 -2.02 -2.78 -2.50 22.00 204.00 -149.00 136.00 -925.00 -544.00 0
4998 -2.02 -2.85 -2.57 21.00 203.00 -150.00 136.00 -925.00 -544.00 0
5007 -2.02 -2.85 -2.57 23.00 203.00 -147.00 136.00 -925.00 -544.00 0
5016 -2.09 -2.85 -2.57 22.00 203.00 -150.00 136.00 -925.00 -544.00 0
5025 -2.09 -2.92 -2.50 21.00 201.00 -147.00 136.00 -925.00 -544.00 0
5035 -2.09 -2.85 -2.50 19.00 201.00 -148.00 136.00 -925.00 -544.00 0
5044 -2.02 -2.85 -2.50 24.00 204.00 -149.00 138.00 -926.00 -617.00 0
5053 -2.02 -2.85 -2.50 22.00 203.00 -147.00 138.00 -926.00 -617.00 0
5062 -2.02 -2.85 -2.57 24.00 203.00 -154.00 138.00 -926.00 -617.00 0
5071 -2.02 -2.78 -2.57 18.00 205.00 -151.00 138.00 -926.00 -617.00 0
5081 -2.02 -2.78 -2.50 19.00 201.00 -149.00 138.00 -926.00 -617.00 0
5090 -1.95 -2.78 -2.57 20.00 202.00 -150.00 138.00 -926.00 -617.00 0
5099 -2.02 -2.78 -2.57 24.00 204.00 -150.00 138.00 -926.00 -617.00 0
5108 -2.02 -2.78 -2.57 24.00 203.00 -148.00 136.00 -925.00 -495.00 0
5117 -2.02 -2.78 -2.50 22.00 202.00 -150.00 136.00 -925.00 -495.00 0
5127 -2.02 -2.78 -2.50 18.00 205.00 -150.00 136.00 -925.00 -495.00 0
5136 -2.02 -2.78 -2.50 23.00 204.00 -151.00 136.00 -925.00 -495.00 0
5145 -2.09 -2.78 -2.50 21.00 203.00 -145.00 136.00 -925.00 -495.00 0
5154 -2.09 -2.78 -2.50 22.00 202.00 -147.00 136.00 -925.00 -495.00 0
5164 -2.09 -2.78 -2.50 22.00 205.00 -147.00 136.00 -925.00 -495.00 0
5173 -2.09 -2.78 -2.50 23.00 202.00 -150.00 132.00 -927.00 -575.00 0
5182 -2.09 -2.78 -2.50 24.00 203.00 -148.00 132.00 -927.00 -575.00 0
5191 -2.09 -2.78 -2.50 22.00 204.00 -146.00 132.00 -927.00 -575.00 0
5200 -2.09 -2.78 -2.50 21.00 204.00 -149.00 132.00 -927.00 -575.00 0
5210 -2.09 -2.78 -2.50 22.00 204.00 -149.00 132.00 -927.00 -575.00 0
5219 -2.09 -2.85 -2.50 21.00 204.00 -148.00 132.00 -927.00 -575.00 0
5228 -2.09 -2.85 -2.50 22.00 204.00 -145.00 132.00 -927.00 -575.00 0
5237 -2.09 -2.85 -2.50 23.00 204.00 -148.00 132.00 -925.00 -620.00 0
5246 -2.02 -2.78 -2.50 24.00 202.00 -149.00 133.00 -925.00 -620.00 0
5256 -2.02 -2.78 -2.50 23.00 204.00 -151.00 133.00 -925.00 -620.00 0
5265 -2.02 -2.78 -2.50 21.00 204.00 -147.00 133.00 -925.00 -620.00 0
5274 -1.95 -2.85 -2.57 25.00 202.00 -149.00 133.00 -925.00 -620.00 0
5283 -1.95 -2.85 -2.50 23.00 203.00 -148.00 133.00 -925.00 -620.00 0
5293 -2.02 -2.85 -2.50 23.00 203.00 -150.00 133.00 -925.00 -620.00 0
5302 -2.02 -2.78 -2.50 20.00 203.00 -148.00 133.00 -925.00 -620.00 0
5311 -2.02 -2.78 -2.50 21.00 201.00 -151.00 133.00 -925.00 -620.00 0
5320 -2.09 -2.85 -2.50 20.00 203.00 -152.00 133.00 -925.00 -620.00 0
5329 -2.09 -2.85 -2.50 20.00 203.00 -149.00 133.00 -925.00 -620.00 0
5339 -2.09 -2.92 -2.50 23.00 203.00 -151.00 133.00 -925.00 -620.00 0
5348 -2.09 -2.92 -2.50 21.00 204.00 -149.00 133.00 -925.00 -620.00 0
5357 -2.16 -2.85 -2.50 22.00 203.00 -150.00 133.00 -925.00 -620.00 0
5366 -2.16 -2.92 -2.50 22.00 203.00 -149.00 133.00 -925.00 -620.00 0
5376 -2.16 -2.85 -2.50 20.00 204.00 -145.00 133.00 -925.00 -620.00 0
5385 -2.09 -2.85 -2.50 24.00 201.00 -151.00 133.00 -925.00 -620.00 0
5394 -2.02 -2.85 -2.50 23.00 204.00 -148.00 133.00 -925.00 -620.00 0
5403 -2.09 -2.85 -2.50 24.00 202.00 -150.00 133.00 -925.00 -620.00 0
5412 -2.02 -2.85 -2.50 23.00 205.00 -154.00 133.00 -925.00 -620.00 0
5422 -2.02 -2.92 -2.50 22.00 200.00 -150.00 133.00 -925.00 -620.00 0
5431 -2.02 -2.92 -2.50 22.00 205.00 -149.00 133.00 -925.00 -620.00 0
5440 -2.09 -2.92 -2.57 22.00 205.00 -148.00 133.00 -925.00 -620.00 0
5449 -2.02 -2.85 -2.64 21.00 203.00 -153.00 133.00 -925.00 -620.00 0
5458 -1.95 -2.78 -2.57 22.00 204.00 -149.00 133.00 -925.00 -620.00 0
5468 -1.95 -2.78 -2.57 21.00 204.00 -148.00 133.00 -925.00 -620.00 0
5477 -1.95 -2.85 -2.50 20.00 202.00 -151.00 133.00 -925.00 -620.00 0
5486 -1.95 -2.85 -2.50 23.00 203.00 -148.00 133.00 -925.00 -620.00 0
5495 -2.02 -2.85 -2.50 22.00 202.00 -148.00 133.00 -925.00 -620.00 0
5505 -2.02 -2.85 -2.50 21.00 203.00 -152.00 137.00 -924.00 -437.00 0
5513 -2.02 -2.92 -2.50 21.00 201.00 -152.00 137.00 -924.00 -437.00 0
5522 -1.95 -2.85 -2.50 21.00 204.00 -148.00 137.00 -924.00 -437.00 0
5531 -1.95 -2.85 -2.43 23.00 205.00 -149.00 137.00 -924.00 -437.00 0
5540 -2.02 -2.85 -2.43 22.00 205.00 -150.00 137.00 -924.00 -437.00 0
5550 -2.02 -2.85 -2.43 24.00 203.00 -152.00 137.00 -924.00 -437.00 0
5559 -2.02 -2.85 -2.50 21.00 203.00 -152.00 137.00 -924.00 -437.00 0
5568 -1.95 -2.85 -2.57 22.00 204.00 -147.00 138.00 -925.00 -459.00 0
5577 -1.95 -2.85 -2.57 23.00 202.00 -151.00 138.00 -925.00 -459.00 0
5586 -2.02 -2.85 -2.57 21.00 204.00 -150.00 138.00 -925.00 -459.00 0
5596 -1.95 -2.85 -2.57 24.00 200.00 -149.00 138.00 -925.00 -459.00 0
5605 -2.02 -2.85 -2.57 21.00 205.00 -151.00 138.00 -925.00 -459.00 0
5614 -2.09 -2.78 -2.57 21.00 203.00 -150.00 138.00 -925.00 -459.00 0
5623 -2.02 -2.78 -2.57 22.00 203.00 -150.00 138.00 -925.00 -459.00 0
5633 -2.09 -2.78 -2.57 23.00 203.00 -150.00 133.00 -924.00 -570.00 0
5642 -2.09 -2.85 -2.57 23.00 203.00 -149.00 133.00 -924.00 -570.00 0
5651 -2.09 -2.85 -2.57 23.00 201.00 -151.00 133.00 -924.00 -570.00 0
5660 -2.09 -2.85 -2.64 24.00 203.00 -145.00 133.00 -924.00 -570.00 0
5669 -2.09 -2.85 -2.57 19.00 204.00 -149.00 133.00 -924.00 -570.00 0
5679 -2.02 -2.85 -2.57 28.00 203.00 -149.00 133.00 -924.00 -570.00 0
5688 -1.95 -2.85 -2.50 22.00 203.00 -147.00 133.00 -924.00 -570.00 0
5697 -1.95 -2.85 -2.43 22.00 205.00 -148.00 135.00 -925.00 -522.00 0
5706 -2.02 -2.85 -2.50 24.00 204.00 -151.00 135.00 -925.00 -522.00 0
5715 -2.02 -2.85 -2.50 22.00 203.00 -151.00 135.00 -925.00 -522.00 0
5725 -2.02 -2.85 -2.50 22.00 203.00 -149.00 135.00 -925.00 -522.00 0
5734 -2.02 -2.85 -2.50 23.00 204.00 -152.00 135.00 -925.00 -522.00 0
5743 -2.09 -2.85 -2.50 23.00 201.00 -148.00 135.00 -925.00 -522.00 0
5752 -2.02 -2.85 -2.50 22.00 205.00 -149.00 135.00 -925.00 -522.00 0
5762 -2.02 -2.85 -2.50 26.00 202.00 -148.00 135.00 -925.00 -522.00 0
5771 -2.09 -2.85 -2.50 24.00 204.00 -147.00 135.00 -925.00 -522.00 0
5780 -2.02 -2.85 -2.57 19.00 204.00 -147.00 135.00 -925.00 -522.00 0
5789 -2.02 -2.78 -2.57 22.00 204.00 -150.00 135.00 -925.00 -522.00 0
5798 -2.02 -2.78 -2.57 22.00 205.00 -148.00 135.00 -925.00 -522.00 0
5808 -2.09 -2.78 -2.57 20.00 205.00 -151.00 135.00 -925.00 -522.00 0
5817 -2.02 -2.78 -2.57 22.00 204.00 -149.00 135.00 -925.00 -522.00 0
5826 -2.02 -2.78 -2.57 22.00 202.00 -148.00 135.00 -925.00 -522.00 0
5835 -2.02 -2.71 -2.57 23.00 201.00 -151.00 135.00 -925.00 -522.00 0
5844 -2.02 -2.78 -2.57 21.00 201.00 -151.00 135.00 -925.00 -522.00 0
5854 -2.02 -2.71 -2.50 20.00 203.00 -148.00 135.00 -925.00 -522.00 0
5863 -1.95 -2.71 -2.50 20.00 202.00 -152.00 135.00 -925.00 -522.00 0
5872 -1.95 -2.78 -2.50 22.00 203.00 -150.00 135.00 -925.00 -522.00 0
5881 -2.02 -2.78 -2.50 22.00 204.00 -150.00 135.00 -925.00 -522.00 0
5891 -2.02 -2.78 -2.50 21.00 204.00 -151.00 135.00 -925.00 -522.00 0
5900 -2.02 -2.78 -2.50 21.00 207.00 -151.00 135.00 -925.00 -522.00 0
5909 -2.02 -2.85 -2.50 19.00 200.00 -147.00 135.00 -925.00 -522.00 0
5918 -1.95 -2.85 -2.57 20.00 204.00 -150.00 135.00 -925.00 -522.00 0
5927 -2.02 -2.85 -2.57 20.00 205.00 -148.00 135.00 -925.00 -522.00 0
5937 -2.02 -2.85 -2.50 21.00 205.00 -148.00 135.00 -925.00 -522.00 0
5946 -2.02 -2.85 -2.50 23.00 200.00 -149.00 135.00 -925.00 -522.00 0
5955 -2.02 -2.85 -2.50 22.00 205.00 -149.00 135.00 -925.00 -522.00 0
5964 -1.95 -2.85 -2.50 23.00 202.00 -147.00 135.00 -925.00 -522.00 0
5974 -2.02 -2.85 -2.57 22.00 203.00 -150.00 135.00 -925.00 -522.00 0
5983 -2.02 -2.78 -2.57 19.00 202.00 -147.00 135.00 -925.00 -522.00 0
5992 -2.02 -2.71 -2.57 20.00 203.00 -149.00 135.00 -925.00 -522.00 0
6001 -2.02 -2.71 -2.57 19.00 203.00 -147.00 135.00 -925.00 -522.00 0
6010 -2.02 -2.71 -2.57 22.00 205.00 -151.00 135.00 -925.00 -522.00 0
6020 -2.02 -2.78 -2.50 24.00 202.00 -152.00 135.00 -925.00 -522.00 0
6029 -2.09 -2.78 -2.57 25.00 199.00 -148.00 134.00 -926.00 -547.00 0
6038 -2.09 -2.71 -2.57 23.00 202.00 -148.00 134.00 -926.00 -547.00 0
6047 -2.09 -2.71 -2.57 22.00 201.00 -150.00 134.00 -926.00 -547.00 0
6056 -2.09 -2.78 -2.57 20.00 205.00 -148.00 134.00 -926.00 -547.00 0
6066 -2.02 -2.78 -2.57 21.00 203.00 -148.00 134.00 -926.00 -547.00 0
6075 -2.09 -2.78 -2.57 21.00 207.00 -152.00 134.00 -926.00 -547.00 0
6084 -2.09 -2.78 -2.57 22.00 202.00 -149.00 134.00 -926.00 -547.00 0
6093 -2.09 -2.85 -2.50 22.00 198.00 -149.00 132.00 -922.00 -735.00 0
6103 -2.02 -2.78 -2.50 20.00 202.00 -153.00 132.00 -922.00 -735.00 0
6112 -2.02 -2.78 -2.50 21.00 201.00 -147.00 132.00 -922.00 -735.00 0
6121 -2.02 -2.78 -2.57 22.00 203.00 -148.00 132.00 -922.00 -735.00 0
6130 -2.02 -2.78 -2.57 23.00 203.00 -153.00 132.00 -922.00 -735.00 0
6139 -2.02 -2.78 -2.57 25.00 203.00 -148.00 132.00 -922.00 -735.00 0
6149 -1.95 -2.78 -2.57 20.00 202.00 -153.00 132.00 -922.00 -735.00 0
6158 -1.95 -2.78 -2.50 21.00 200.00 -148.00 137.00 -926.00 -589.00 0
6167 -2.02 -2.71 -2.50 22.00 202.00 -148.00 137.00 -926.00 -589.00 0
6176 -2.02 -2.78 -2.50 21.00 202.00 -148.00 137.00 -926.00 -589.00 0
6185 -2.09 -2.78 -2.50 24.00 202.00 -150.00 137.00 -926.00 -589.00 0
6195 -2.09 -2.85 -2.50 20.00 204.00 -149.00 137.00 -926.00 -589.00 0
6204 -2.09 -2.92 -2.57 21.00 205.00 -150.00 137.00 -926.00 -589.00 0
6213 -2.09 -2.92 -2.64 24.00 202.00 -150.00 137.00 -926.00 -589.00 0
6222 -2.02 -2.92 -2.57 23.00 204.00 -149.00 137.00 -925.00 -373.00 0
6232 -2.02 -2.85 -2.57 23.00 204.00 -147.00 137.00 -925.00 -373.00 0
6241 -2.02 -2.85 -2.57 19.00 203.00 -147.00 137.00 -925.00 -373.00 0
6250 -2.09 -2.85 -2.50 21.00 204.00 -149.00 137.00 -925.00 -373.00 0
6259 -2.02 -2.85 -2.50 21.00 205.00 -152.00 137.00 -925.00 -373.00 0
6268 -2.09 -2.85 -2.50 23.00 203.00 -150.00 137.00 -925.00 -373.00 0
6278 -2.09 -2.92 -2.50 23.00 203.00 -149.00 137.00 -925.00 -373.00 0
6287 -2.09 -2.85 -2.50 23.00 202.00 -148.00 137.00 -925.00 -373.00 0
6296 -2.09 -2.85 -2.57 24.00 202.00 -148.00 137.00 -925.00 -373.00 0
6305 -2.09 -2.85 -2.50 25.00 204.00 -149.00 137.00 -925.00 -373.00 0
6315 -2.09 -2.85 -2.50 23.00 202.00 -148.00 137.00 -925.00 -373.00 0
6324 -2.09 -2.85 -2.43 22.00 202.00 -146.00 137.00 -925.00 -373.00 0
6333 -2.09 -2.85 -2.50 23.00 205.00 -152.00 137.00 -925.00 -373.00 0
6342 -2.09 -2.78 -2.50 23.00 203.00 -152.00 137.00 -925.00 -373.00 0
6351 -2.16 -2.78 -2.50 20.00 203.00 -149.00 137.00 -925.00 -373.00 0
6361 -2.16 -2.78 -2.50 22.00 205.00 -150.00 137.00 -925.00 -373.00 0
6370 -2.16 -2.78 -2.50 19.00 205.00 -150.00 137.00 -925.00 -373.00 0
6379 -2.16 -2.78 -2.50 23.00 203.00 -147.00 137.00 -925.00 -373.00 0
6388 -2.09 -2.78 -2.50 22.00 203.00 -148.00 137.00 -925.00 -373.00 0
6397 -2.09 -2.85 -2.57 22.00 204.00 -151.00 137.00 -925.00 -373.00 0
6407 -2.09 -2.78 -2.57 21.00 204.00 -150.00 137.00 -925.00 -373.00 0
6416 -2.09 -2.78 -2.50 21.00 204.00 -150.00 137.00 -925.00 -373.00 0
6425 -1.95 -2.78 -2.50 23.00 203.00 -150.00 137.00 -925.00 -373.00 0
6434 -1.81 -2.78 -2.50 17.00 203.00 -153.00 137.00 -925.00 -373.00 0
6444 -1.67 -2.85 -2.50 21.00 201.00 -149.00 137.00 -925.00 -373.00 0
6453 -1.67 -2.85 -2.50 22.00 199.00 -152.00 137.00 -925.00 -373.00 0
6462 -1.95 -2.85 -2.50 22.00 204.00 -151.00 137.00 -925.00 -373.00 0
6471 -2.09 -2.85 -2.50 23.00 204.00 -149.00 137.00 -925.00 -373.00 0
6480 -2.09 -2.92 -2.50 22.00 204.00 -151.00 137.00 -925.00 -373.00 0
6490 -2.02 -2.92 -2.50 21.00 201.00 -152.00 137.00 -925.00 -373.00 0
6499 -1.95 -2.92 -2.50 22.00 202.00 -149.00 137.00 -925.00 -373.00 0
6508 -1.88 -2.92 -2.50 20.00 203.00 -148.00 137.00 -925.00 -373.00 0
6517 -1.88 -2.85 -2.50 21.00 203.00 -149.00 137.00 -925.00 -373.00 0
6526 -1.95 -2.85 -2.57 21.00 204.00 -146.00 137.00 -925.00 -373.00 0
6536 -1.95 -2.85 -2.57 26.00 202.00 -151.00 137.00 -925.00 -373.00 0
6545 -1.95 -2.85 -2.57 21.00 202.00 -150.00 137.00 -925.00 -373.00 0
6554 -1.88 -2.85 -2.57 23.00 203.00 -149.00 133.00 -926.00 -541.00 0
6563 -1.81 -2.92 -2.50 23.00 203.00 -147.00 133.00 -926.00 -541.00 0
6573 -1.88 -2.92 -2.50 22.00 204.00 -151.00 133.00 -926.00 -541.00 0
6582 -1.95 -2.85 -2.57 21.00 203.00 -152.00 133.00 -926.00 -541.00 0
6591 -1.95 -2.78 -2.64 24.00 202.00 -150.00 133.00 -926.00 -541.00 0
6600 -1.95 -2.85 -2.57 23.00 203.00 -153.00 133.00 -926.00 -541.00 0
6609 -1.88 -2.85 -2.57 18.00 206.00 -151.00 133.00 -926.00 -541.00 0
6619 -1.88 -2.85 -2.57 22.00 202.00 -147.00 132.00 -926.00 -569.00 0
6628 -1.88 -2.78 -2.57 20.00 205.00 -152.00 132.00 -926.00 -569.00 0
6637 -1.88 -2.85 -2.57 22.00 206.00 -153.00 132.00 -926.00 -569.00 0
6646 -1.95 -2.78 -2.57 21.00 201.00 -152.00 132.00 -926.00 -569.00 0
6656 -2.02 -2.85 -2.57 21.00 201.00 -151.00 132.00 -926.00 -569.00 0
6665 -2.09 -2.92 -2.57 21.00 202.00 -147.00 132.00 -926.00 -569.00 0
6674 -2.09 -2.92 -2.57 22.00 201.00 -150.00 132.00 -926.00 -569.00 0
6683 -2.09 -2.92 -2.57 24.00 204.00 -148.00 139.00 -927.00 -525.00 0
6692 -2.02 -2.85 -2.50 19.00 205.00 -152.00 139.00 -927.00 -525.00 0
6702 -2.09 -2.85 -2.57 23.00 202.00 -148.00 139.00 -927.00 -525.00 0
6711 -2.09 -2.78 -2.57 20.00 205.00 -147.00 139.00 -927.00 -525.00 0
6720 -2.02 -2.85 -2.50 21.00 204.00 -149.00 139.00 -927.00 -525.00 0
6729 -2.02 -2.85 -2.50 24.00 204.00 -150.00 139.00 -927.00 -525.00 0
6738 -1.95 -2.85 -2.50 21.00 203.00 -150.00 139.00 -927.00 -525.00 0
6748 -1.95 -2.85 -2.50 21.00 204.00 -146.00 135.00 -923.00 -429.00 0
6757 -1.95 -2.85 -2.57 25.00 203.00 -149.00 135.00 -923.00 -429.00 0
6766 -1.95 -2.85 -2.57 22.00 202.00 -150.00 135.00 -923.00 -429.00 0
6775 -1.95 -2.85 -2.57 21.00 204.00 -150.00 135.00 -923.00 -429.00 0
6785 -2.02 -2.85 -2.57 19.00 203.00 -147.00 135.00 -923.00 -429.00 0
6794 -2.09 -2.85 -2.57 23.00 200.00 -149.00 135.00 -923.00 -429.00 0
6803 -2.09 -2.85 -2.57 20.00 204.00 -150.00 135.00 -923.00 -429.00 0
6812 -2.09 -2.78 -2.64 20.00 206.00 -152.00 135.00 -924.00 -487.00 0
6821 -2.02 -2.85 -2.57 22.00 201.00 -146.00 130.00 -924.00 -487.00 0
6831 -2.02 -2.85 -2.57 22.00 207.00 -151.00 130.00 -924.00 -487.00 0
6840 -1.95 -2.85 -2.57 20.00 204.00 -150.00 130.00 -924.00 -487.00 0
6849 -1.95 -2.85 -2.57 21.00 205.00 -149.00 130.00 -924.00 -487.00 0
6858 -2.02 -2.78 -2.57 21.00 204.00 -149.00 130.00 -924.00 -487.00 0
6867 -2.09 -2.85 -2.50 23.00 202.00 -148.00 130.00 -924.00 -487.00 0
6877 -2.02 -2.85 -2.50 20.00 206.00 -150.00 130.00 -924.00 -487.00 0
6886 -2.09 -2.85 -2.50 22.00 203.00 -152.00 130.00 -924.00 -487.00 0
6895 -2.02 -2.85 -2.50 20.00 207.00 -151.00 130.00 -924.00 -487.00 0
6904 -2.02 -2.85 -2.50 19.00 206.00 -154.00 130.00 -924.00 -487.00 0
6914 -2.09 -2.85 -2.50 21.00 200.00 -150.00 130.00 -924.00 -487.00 0
6923 -2.09 -2.78 -2.50 20.00 204.00 -150.00 130.00 -924.00 -487.00 0
6932 -2.02 -2.78 -2.50 23.00 202.00 -150.00 130.00 -924.00 -487.00 0
6941 -1.95 -2.78 -2.50 21.00 204.00 -149.00 130.00 -924.00 -487.00 0
6950 -1.95 -2.78 -2.50 23.00 201.00 -150.00 134.00 -926.00 -718.00 0
6960 -2.02 -2.78 -2.50 23.00 202.00 -149.00 134.00 -926.00 -718.00 0
6969 -2.09 -2.78 -2.57 22.00 204.00 -150.00 134.00 -926.00 -718.00 0
6978 -2.16 -2.78 -2.57 22.00 202.00 -150.00 134.00 -926.00 -718.00 0
6987 -2.16 -2.78 -2.57 19.00 206.00 -152.00 134.00 -926.00 -718.00 0
6996 -2.16 -2.78 -2.57 21.00 204.00 -147.00 134.00 -926.00 -718.00 0
7006 -2.09 -2.78 -2.57 20.00 206.00 -154.00 134.00 -926.00 -718.00 0
7015 -2.09 -2.85 -2.57 21.00 205.00 -150.00 134.00 -926.00 -718.00 0
7024 -2.09 -2.85 -2.57 26.00 204.00 -148.00 134.00 -926.00 -718.00 0
7033 -2.02 -2.85 -2.57 23.00 203.00 -150.00 134.00 -926.00 -718.00 0
7043 -2.02 -2.85 -2.57 20.00 203.00 -149.00 134.00 -926.00 -718.00 0
7052 -2.02 -2.85 -2.50 21.00 203.00 -150.00 134.00 -926.00 -718.00 0
7061 -1.95 -2.78 -2.50 22.00 202.00 -150.00 134.00 -926.00 -718.00 0
7070 -1.95 -2.85 -2.50 19.00 204.00 -150.00 134.00 -926.00 -718.00 0
7079 -1.95 -2.85 -2.50 23.00 202.00 -149.00 134.00 -926.00 -718.00 0
7089 -1.95 -2.85 -2.50 21.00 206.00 -152.00 134.00 -926.00 -718.00 0
7098 -1.95 -2.85 -2.50 21.00 204.00 -151.00 134.00 -926.00 -718.00 0
7107 -1.95 -2.85 -2.50 24.00 204.00 -149.00 134.00 -926.00 -718.00 0
7116 -2.02 -2.85 -2.43 22.00 204.00 -149.00 134.00 -926.00 -718.00 0
7126 -2.02 -2.78 -2.43 20.00 204.00 -148.00 134.00 -926.00 -718.00 0
7135 -2.02 -2.78 -2.43 21.00 204.00 -150.00 134.00 -926.00 -718.00 0
7144 -2.02 -2.78 -2.43 23.00 204.00 -149.00 140.00 -929.00 -484.00 0
7153 -2.02 -2.78 -2.50 22.00 205.00 -152.00 140.00 -929.00 -484.00 0
7162 -2.02 -2.78 -2.50 22.00 203.00 -152.00 140.00 -929.00 -484.00 0
7172 -2.09 -2.85 -2.57 21.00 204.00 -149.00 140.00 -929.00 -484.00 0
7181 -2.16 -2.78 -2.57 24.00 202.00 -149.00 140.00 -929.00 -484.00 0
7190 -2.09 -2.78 -2.57 22.00 205.00 -151.00 140.00 -929.00 -484.00 0
7199 -2.09 -2.71 -2.50 22.00 204.00 -152.00 140.00 -929.00 -484.00 0
7208 -2.09 -2.71 -2.57 24.00 203.00 -151.00 133.00 -925.00 -568.00 0
7218 -2.09 -2.71 -2.50 24.00 204.00 -150.00 133.00 -925.00 -568.00 0
7227 -2.09 -2.78 -2.50 22.00 203.00 -152.00 133.00 -925.00 -568.00 0
7236 -2.02 -2.78 -2.50 20.00 204.00 -152.00 133.00 -925.00 -568.00 0
7245 -1.95 -2.78 -2.57 22.00 203.00 -150.00 133.00 -925.00 -568.00 0
7255 -1.95 -2.78 -2.57 20.00 201.00 -147.00 133.00 -925.00 -568.00 0
7264 -2.02 -2.78 -2.57 19.00 205.00 -151.00 133.00 -925.00 -568.00 0
7273 -2.02 -2.78 -2.57 23.00 207.00 -151.00 132.00 -926.00 -607.00 0
7282 -2.02 -2.78 -2.57 22.00 202.00 -151.00 132.00 -926.00 -607.00 0
7291 -2.02 -2.78 -2.57 21.00 205.00 -154.00 132.00 -926.00 -607.00 0
7301 -2.09 -2.78 -2.57 18.00 203.00 -151.00 132.00 -926.00 -607.00 0
7310 -2.09 -2.78 -2.50 19.00 204.00 -148.00 132.00 -926.00 -607.00 0
7319 -2.09 -2.78 -2.50 22.00 205.00 -141.00 132.00 -926.00 -607.00 0
7328 -2.09 -2.78 -2.50 22.00 204.00 -148.00 132.00 -926.00 -607.00 0
7337 -2.09 -2.78 -2.57 23.00 203.00 -151.00 134.00 -925.00 -471.00 0
7347 -2.09 -2.78 -2.50 24.00 204.00 -148.00 134.00 -925.00 -471.00 0
7356 -2.02 -2.78 -2.50 23.00 203.00 -148.00 134.00 -925.00 -471.00 0
7365 -2.02 -2.78 -2.50 22.00 203.00 -150.00 134.00 -925.00 -471.00 0
7374 -2.02 -2.85 -2.50 26.00 204.00 -149.00 134.00 -925.00 -471.00 0
7384 -2.09 -2.85 -2.50 21.00 204.00 -149.00 134.00 -925.00 -471.00 0
7393 -2.09 -2.92 -2.50 22.00 204.00 -151.00 134.00 -925.00 -471.00 0
7402 -2.09 -2.85 -2.57 20.00 201.00 -154.00 134.00 -925.00 -471.00 0
7411 -2.09 -2.85 -2.57 20.00 202.00 -149.00 134.00 -925.00 -471.00 0
7420 -2.09 -2.78 -2.57 22.00 207.00 -150.00 134.00 -925.00 -471.00 0
7430 -2.09 -2.78 -2.57 23.00 205.00 -151.00 134.00 -925.00 -471.00 0
7439 -2.02 -2.78 -2.57 23.00 200.00 -149.00 134.00 -925.00 -471.00 0