11461 -1.32 -3.83 -3.48 -1.00 -58.00 242.00 391.00 -210.00 -754.00 0
11470 -1.25 -3.90 -3.48 -2.00 -55.00 240.00 391.00 -210.00 -754.00 0
11480 -1.18 -4.03 -3.48 -1.00 -58.00 242.00 394.00 -213.00 -606.00 0
11489 -1.25 -3.97 -3.34 -3.00 -56.00 239.00 394.00 -213.00 -606.00 0
11498 -1.39 -3.83 -3.27 -6.00 -57.00 244.00 394.00 -213.00 -606.00 0
11507 -1.74 -3.76 -3.13 -5.00 -57.00 243.00 394.00 -213.00 -606.00 0
11516 -2.02 -3.69 -3.06 -5.00 -60.00 242.00 394.00 -213.00 -606.00 0
11526 -2.23 -3.62 -3.06 -4.00 -61.00 244.00 394.00 -213.00 -606.00 0
11535 -2.23 -3.62 -2.99 -5.00 -59.00 240.00 394.00 -213.00 -606.00 0
11543 -2.16 -3.76 -2.85 -2.00 -61.00 238.00 395.00 -213.00 -631.00 0
11552 -2.09 -3.83 -2.78 -3.00 -62.00 240.00 395.00 -213.00 -631.00 0
11561 -2.02 -3.76 -2.85 -2.00 -61.00 237.00 395.00 -213.00 -631.00 0
11571 -1.95 -3.62 -2.92 -2.00 -60.00 243.00 395.00 -213.00 -631.00 0
11580 -1.74 -3.34 -2.92 -4.00 -60.00 241.00 395.00 -213.00 -631.00 0
11589 -1.74 -3.13 -2.99 -3.00 -56.00 243.00 395.00 -213.00 -631.00 0
11598 -1.60 -2.99 -2.99 -9.00 -53.00 243.00 395.00 -213.00 -631.00 0
11608 -1.46 -3.06 -2.92 -7.00 -61.00 246.00 395.00 -212.00 -428.00 0
11617 -1.60 -3.13 -2.92 -5.00 -60.00 241.00 395.00 -212.00 -428.00 0
11626 -1.60 -3.27 -2.92 -7.00 -59.00 243.00 395.00 -212.00 -428.00 0
11635 -1.74 -3.48 -2.92 -3.00 -61.00 238.00 395.00 -212.00 -428.00 0
11644 -1.74 -3.69 -2.99 -3.00 -58.00 238.00 395.00 -212.00 -428.00 0
11654 -1.67 -3.76 -3.06 -3.00 -55.00 238.00 395.00 -212.00 -428.00 0
11663 -1.53 -3.90 -3.06 -3.00 -59.00 245.00 395.00 -212.00 -428.00 0
11672 -1.39 -3.97 -2.92 -2.00 -59.00 243.00 395.00 -212.00 -428.00 0
11681 -1.25 -4.03 -2.71 -3.00 -61.00 244.00 395.00 -212.00 -428.00 0
11691 -1.18 -4.10 -2.57 -4.00 -57.00 238.00 395.00 -212.00 -428.00 0
11700 -1.25 -4.10 -2.43 -4.00 -61.00 240.00 395.00 -212.00 -428.00 0
11709 -1.32 -3.97 -2.43 -3.00 -61.00 240.00 395.00 -212.00 -428.00 0
11718 -1.53 -3.76 -2.50 -5.00 -58.00 242.00 395.00 -212.00 -428.00 0
11726 -1.60 -3.48 -2.71 -6.00 -58.00 244.00 395.00 -212.00 -428.00 0
11736 -1.67 -3.27 -2.92 -4.00 -58.00 241.00 395.00 -212.00 -428.00 0
11745 -1.39 -3.34 -2.85 -2.00 -60.00 243.00 395.00 -212.00 -428.00 0
11754 -1.18 -3.41 -2.78 -1.00 -59.00 240.00 395.00 -212.00 -428.00 0
11763 -1.18 -3.41 -2.78 -5.00 -60.00 245.00 395.00 -212.00 -428.00 0
11772 -1.25 -3.34 -2.85 -4.00 -61.00 245.00 395.00 -212.00 -428.00 0
11782 -1.39 -3.34 -2.92 -7.00 -58.00 241.00 395.00 -212.00 -428.00 0
11791 -1.53 -3.34 -3.06 -7.00 -58.00 243.00 395.00 -212.00 -428.00 0
11800 -1.74 -3.41 -3.13 -3.00 -57.00 244.00 395.00 -212.00 -428.00 0
11809 -1.74 -3.62 -2.99 -6.00 -61.00 246.00 395.00 -212.00 -428.00 0
11819 -1.60 -3.76 -2.92 -3.00 -62.00 239.00 395.00 -212.00 -428.00 0
11828 -1.67 -4.03 -2.85 -2.00 -61.00 242.00 395.00 -212.00 -428.00 0
11837 -1.53 -4.17 -2.78 -3.00 -60.00 238.00 395.00 -212.00 -428.00 0
11846 -1.39 -4.24 -2.85 -3.00 -58.00 236.00 395.00 -212.00 -428.00 0
11855 -1.39 -4.03 -3.06 -4.00 -59.00 244.00 395.00 -212.00 -428.00 0
11865 -1.25 -3.69 -3.13 -4.00 -58.00 244.00 395.00 -212.00 -428.00 0
11874 -1.32 -3.41 -3.13 -2.00 -56.00 244.00 394.00 -213.00 -631.00 0
11883 -1.39 -3.13 -3.13 -2.00 -59.00 243.00 394.00 -213.00 -631.00 0
11892 -1.53 -2.92 -3.20 -4.00 -56.00 240.00 394.00 -213.00 -631.00 0
11901 -1.74 -2.78 -3.20 -6.00 -57.00 238.00 394.00 -213.00 -631.00 0
11911 -1.88 -2.78 -3.20 -5.00 -60.00 245.00 394.00 -213.00 -631.00 0
11919 -1.88 -2.85 -3.06 -9.00 -57.00 244.00 394.00 -213.00 -631.00 0
11928 -1.60 -3.06 -2.99 -4.00 -59.00 243.00 394.00 -213.00 -631.00 0
11937 -1.60 -3.27 -2.92 -5.00 -60.00 241.00 393.00 -213.00 -617.00 0
11947 -1.60 -3.41 -2.85 -5.00 -61.00 244.00 393.00 -213.00 -617.00 0
11956 -1.60 -3.62 -2.85 -1.00 -61.00 243.00 393.00 -213.00 -617.00 0
11965 -1.39 -3.83 -2.71 -5.00 -62.00 238.00 393.00 -213.00 -617.00 0
11974 -1.18 -3.90 -2.71 0.00 -61.00 243.00 393.00 -213.00 -617.00 0
11983 -1.04 -3.76 -2.92 -3.00 -62.00 238.00 393.00 -213.00 -617.00 0
11993 -0.97 -3.62 -3.06 -1.00 -59.00 238.00 393.00 -213.00 -617.00 0
12002 -0.83 -3.48 -3.27 -5.00 -54.00 241.00 394.00 -214.00 -640.00 0
12011 -0.70 -3.34 -3.34 -6.00 -52.00 243.00 394.00 -214.00 -640.00 0
12020 -0.49 -3.34 -3.34 -4.00 -57.00 244.00 394.00 -214.00 -640.00 0
12029 -0.35 -3.34 -3.20 -3.00 -56.00 243.00 394.00 -214.00 -640.00 0
12039 -0.35 -3.41 -3.06 -4.00 -62.00 241.00 394.00 -214.00 -640.00 0
12048 -0.77 -3.41 -2.92 -3.00 -60.00 235.00 394.00 -214.00 -640.00 0
12057 -1.04 -3.27 -2.92 -1.00 -60.00 239.00 394.00 -214.00 -640.00 0
12066 -1.18 -3.06 -2.99 -4.00 -62.00 242.00 394.00 -214.00 -640.00 0
12076 -1.25 -2.85 -2.99 -5.00 -59.00 242.00 394.00 -214.00 -640.00 0
12084 -1.18 -2.71 -2.92 -6.00 -56.00 243.00 394.00 -214.00 -640.00 0
12093 -1.04 -2.71 -2.85 -3.00 -59.00 244.00 394.00 -214.00 -640.00 0
12102 -1.04 -2.85 -2.78 -3.00 -55.00 240.00 394.00 -214.00 -640.00 0
12111 -1.39 -3.13 -2.85 -8.00 -56.00 239.00 394.00 -214.00 -640.00 0
12121 -1.60 -3.20 -2.85 -4.00 -57.00 242.00 394.00 -214.00 -640.00 0
12130 -1.60 -3.20 -2.85 -2.00 -59.00 241.00 394.00 -214.00 -640.00 0
12139 -1.67 -3.20 -2.92 -4.00 -60.00 245.00 394.00 -214.00 -640.00 0
12148 -1.74 -3.13 -2.92 -5.00 -58.00 240.00 394.00 -214.00 -640.00 0
12157 -1.74 -2.99 -2.92 -2.00 -60.00 244.00 394.00 -214.00 -640.00 0
12167 -1.74 -3.06 -2.85 -4.00 -60.00 241.00 394.00 -214.00 -640.00 0
12176 -1.46 -3.13 -2.85 -2.00 -59.00 238.00 394.00 -214.00 -640.00 0
12185 -1.25 -3.13 -2.92 -4.00 -58.00 239.00 394.00 -214.00 -640.00 0
12194 -1.04 -2.99 -2.99 -7.00 -57.00 235.00 394.00 -214.00 -640.00 0
12204 -0.77 -2.78 -3.13 -2.00 -52.00 248.00 394.00 -214.00 -640.00 0
12213 -0.07 -2.43 -3.27 -4.00 -56.00 242.00 394.00 -214.00 -640.00 0
12222 0.07 -2.30 -3.34 -3.00 -58.00 242.00 394.00 -214.00 -640.00 0
12231 0.14 -2.57 -3.13 -7.00 -63.00 243.00 394.00 -214.00 -640.00 0
12240 0.63 -2.78 -2.99 -3.00 -59.00 244.00 394.00 -214.00 -640.00 0
12250 1.04 -2.92 -2.99 -8.00 -60.00 241.00 394.00 -214.00 -640.00 0
12258 1.25 -2.99 -2.99 1.00 -58.00 254.00 394.00 -214.00 -640.00 0
12267 1.18 -3.55 -3.20 -5.00 -57.00 243.00 394.00 -215.00 -575.00 0
12276 0.83 -3.62 -3.34 -5.00 -56.00 245.00 394.00 -215.00 -575.00 0
12285 1.25 -3.69 -3.27 -3.00 -56.00 243.00 394.00 -215.00 -575.00 0
12295 1.81 -3.55 -3.34 2.00 -55.00 246.00 394.00 -215.00 -575.00 0
12304 1.74 -3.55 -3.41 -1.00 -56.00 244.00 394.00 -215.00 -575.00 0
12313 1.39 -3.55 -3.41 -5.00 -55.00 242.00 394.00 -215.00 -575.00 0
12322 1.04 -3.55 -3.41 -5.00 -56.00 242.00 394.00 -215.00 -575.00 0
12332 0.77 -3.69 -3.34 0.00 -56.00 246.00 394.00 -220.00 -650.00 0
12341 0.49 -3.76 -3.27 -2.00 -59.00 240.00 394.00 -220.00 -650.00 0
12350 0.21 -3.83 -3.13 -1.00 -56.00 238.00 394.00 -220.00 -650.00 0
12359 0.07 -3.76 -2.99 0.00 -59.00 240.00 394.00 -220.00 -650.00 0
12368 0.14 -3.76 -2.92 -2.00 -55.00 243.00 394.00 -220.00 -650.00 0
12378 0.35 -3.69 -2.85 -1.00 -55.00 241.00 394.00 -220.00 -650.00 0
12387 0.42 -3.55 -2.78 -8.00 -53.00 239.00 394.00 -220.00 -650.00 0
12396 0.35 -3.34 -2.78 -2.00 -56.00 245.00 391.00 -218.00 -585.00 0
12405 0.07 -3.13 -2.85 -5.00 -55.00 246.00 391.00 -218.00 -585.00 0
12413 -0.14 -2.92 -2.92 -8.00 -55.00 244.00 391.00 -218.00 -585.00 0
12423 -0.42 -2.99 -2.99 -5.00 -55.00 243.00 391.00 -218.00 -585.00 0
12432 -0.63 -3.06 -3.06 -3.00 -58.00 244.00 391.00 -218.00 -585.00 0
12441 -0.83 -3.20 -3.13 -2.00 -56.00 240.00 391.00 -218.00 -585.00 0
12450 -0.83 -3.27 -3.13 -1.00 -57.00 242.00 391.00 -218.00 -585.00 0
12460 -0.77 -3.34 -3.20 -1.00 -54.00 237.00 391.00 -218.00 -585.00 0
12469 -0.63 -3.27 -3.27 -1.00 -57.00 235.00 391.00 -218.00 -585.00 0
12478 -0.42 -2.85 -3.34 -2.00 -58.00 238.00 391.00 -218.00 -585.00 0
12487 0.35 -2.57 -3.41 -1.00 -59.00 237.00 391.00 -218.00 -585.00 0
12496 0.70 -2.16 -3.41 -5.00 -56.00 241.00 391.00 -218.00 -585.00 0
12506 0.90 -1.81 -3.41 -7.00 -56.00 243.00 391.00 -218.00 -585.00 0
12515 1.04 -1.53 -3.34 -6.00 -52.00 248.00 391.00 -218.00 -585.00 0
12524 0.90 -1.32 -3.41 -9.00 -52.00 254.00 391.00 -218.00 -585.00 0
12533 0.77 -1.46 -3.34 -12.00 -50.00 251.00 391.00 -218.00 -585.00 0
12542 0.28 -2.09 -2.99 -7.00 -54.00 248.00 391.00 -218.00 -585.00 0
12552 0.07 -2.57 -2.78 -7.00 -57.00 243.00 391.00 -218.00 -585.00 0
12561 -0.07 -3.06 -2.78 -1.00 -58.00 239.00 391.00 -218.00 -585.00 0
12570 -0.14 -3.41 -2.78 -3.00 -58.00 238.00 391.00 -218.00 -585.00 0
12578 -0.21 -3.48 -2.85 0.00 -59.00 239.00 391.00 -218.00 -585.00 0
12588 -0.14 -3.34 -3.06 -4.00 -53.00 242.00 391.00 -218.00 -585.00 0
12597 0.07 -3.13 -3.20 -4.00 -50.00 247.00 391.00 -218.00 -585.00 0
12606 0.07 -2.99 -3.34 -5.00 -52.00 245.00 391.00 -218.00 -585.00 0
12615 0.07 -3.13 -3.34 -6.00 -53.00 246.00 391.00 -218.00 -585.00 0
12624 -0.07 -3.34 -3.27 -6.00 -57.00 240.00 391.00 -218.00 -585.00 0
12634 -0.21 -3.41 -3.27 -2.00 -57.00 244.00 391.00 -218.00 -585.00 0
12643 -0.21 -3.48 -3.27 -5.00 -55.00 243.00 391.00 -218.00 -585.00 0
12652 -0.21 -3.55 -3.34 -3.00 -54.00 241.00 391.00 -218.00 -585.00 0
12661 -0.21 -3.55 -3.34 -2.00 -57.00 242.00 395.00 -222.00 -353.00 0
12670 0.00 -3.62 -3.34 -2.00 -53.00 241.00 395.00 -222.00 -353.00 0
12680 0.14 -3.62 -3.27 -2.00 -51.00 239.00 395.00 -222.00 -353.00 0
12689 0.28 -3.55 -3.20 0.00 -53.00 242.00 395.00 -222.00 -353.00 0
12698 0.35 -3.34 -3.13 -4.00 -49.00 240.00 395.00 -222.00 -353.00 0
12707 0.21 -3.06 -3.20 -3.00 -50.00 245.00 395.00 -222.00 -353.00 0
12717 -0.14 -2.71 -3.20 -7.00 -52.00 247.00 395.00 -222.00 -353.00 0
12726 -0.35 -2.43 -2.99 -11.00 -50.00 244.00 397.00 -224.00 -373.00 0
12735 -0.83 -2.30 -2.92 -9.00 -50.00 246.00 397.00 -224.00 -373.00 0
12743 -0.97 -2.43 -2.78 -4.00 -56.00 247.00 397.00 -224.00 -373.00 0
12752 -0.97 -2.71 -2.71 -5.00 -55.00 243.00 397.00 -224.00 -373.00 0
12762 -1.04 -3.06 -2.57 -2.00 -56.00 247.00 397.00 -224.00 -373.00 0
12771 -0.97 -3.41 -2.57 -1.00 -51.00 239.00 397.00 -224.00 -373.00 0
12780 -0.90 -3.69 -2.64 2.00 -54.00 239.00 397.00 -224.00 -373.00 0
12789 -1.18 -3.69 -2.78 2.00 -53.00 240.00 391.00 -225.00 -660.00 0
12798 -1.25 -3.41 -2.85 1.00 -54.00 239.00 391.00 -225.00 -660.00 0
12808 -1.18 -3.13 -2.85 1.00 -48.00 238.00 391.00 -225.00 -660.00 0
12817 -1.11 -2.64 -2.85 -3.00 -51.00 245.00 391.00 -225.00 -660.00 0
12826 -1.04 -2.16 -2.78 -5.00 -50.00 247.00 391.00 -225.00 -660.00 0
12835 -1.18 -1.74 -2.64 -8.00 -49.00 245.00 391.00 -225.00 -660.00 0
12845 -1.39 -1.46 -2.43 -11.00 -56.00 247.00 391.00 -225.00 -660.00 0
12854 -1.74 -1.32 -2.30 -7.00 -59.00 247.00 391.00 -225.00 -660.00 0
12863 -1.67 -1.46 -2.30 -9.00 -62.00 249.00 391.00 -225.00 -660.00 0
12872 -1.39 -1.74 -2.23 -5.00 -62.00 244.00 391.00 -225.00 -660.00 0
12881 -1.04 -2.09 -2.37 -4.00 -59.00 244.00 391.00 -225.00 -660.00 0
12891 -0.70 -2.43 -2.57 -3.00 -52.00 242.00 391.00 -225.00 -660.00 0
12900 -0.35 -2.78 -2.78 -5.00 -52.00 240.00 391.00 -225.00 -660.00 0
12909 -0.21 -3.06 -3.06 -1.00 -44.00 240.00 391.00 -225.00 -660.00 0
12917 -0.14 -3.20 -3.13 1.00 -48.00 235.00 391.00 -225.00 -660.00 0
12926 -0.14 -3.20 -3.06 -1.00 -46.00 238.00 391.00 -225.00 -660.00 0
12936 -0.28 -2.92 -2.92 -2.00 -50.00 240.00 391.00 -225.00 -660.00 0
12945 -0.49 -2.57 -2.71 -4.00 -56.00 244.00 391.00 -225.00 -660.00 0
12954 -0.77 -2.30 -2.57 -7.00 -53.00 244.00 391.00 -225.00 -660.00 0
12963 -0.97 -2.09 -2.37 -9.00 -56.00 245.00 391.00 -225.00 -660.00 0
12973 -1.25 -1.88 -2.37 -9.00 -59.00 247.00 391.00 -225.00 -660.00 0
12982 -1.53 -1.88 -2.43 -9.00 -56.00 244.00 391.00 -225.00 -660.00 0
12991 -1.32 -2.09 -2.50 -5.00 -54.00 245.00 391.00 -225.00 -660.00 0
13000 -1.11 -2.50 -2.64 -9.00 -54.00 248.00 391.00 -225.00 -660.00 0
13009 -0.90 -2.92 -2.71 -5.00 -52.00 241.00 391.00 -225.00 -660.00 0
13019 -0.63 -3.41 -2.78 -1.00 -49.00 241.00 391.00 -225.00 -660.00 0
13028 -0.21 -3.90 -2.64 -2.00 -51.00 241.00 391.00 -225.00 -660.00 0
13037 0.42 -4.10 -2.71 1.00 -52.00 238.00 391.00 -225.00 -660.00 0
13046 0.90 -3.90 -2.64 -2.00 -52.00 238.00 391.00 -225.00 -660.00 0
13056 0.97 -3.55 -2.57 -1.00 -54.00 240.00 395.00 -227.00 -652.00 0
13065 1.18 -3.20 -2.43 -1.00 -52.00 242.00 395.00 -227.00 -652.00 0
13074 1.39 -2.92 -2.30 -7.00 -50.00 250.00 395.00 -227.00 -652.00 0
13082 1.53 -2.57 -2.30 -10.00 -43.00 251.00 395.00 -227.00 -652.00 0
13091 1.67 -2.37 -2.30 -11.00 -46.00 248.00 395.00 -227.00 -652.00 0
13101 1.11 -2.37 -2.37 -10.00 -50.00 248.00 395.00 -227.00 -652.00 0
13110 0.70 -2.78 -2.43 -8.00 -52.00 242.00 395.00 -227.00 -652.00 0
13119 0.42 -3.13 -2.50 -7.00 -56.00 241.00 393.00 -231.00 -617.00 0
13128 0.14 -3.55 -2.50 -4.00 -58.00 243.00 393.00 -231.00 -617.00 0
13137 0.14 -3.90 -2.50 -5.00 -50.00 241.00 393.00 -231.00 -617.00 0
13147 0.28 -4.17 -2.43 -4.00 -49.00 240.00 393.00 -231.00 -617.00 0
13156 0.49 -4.24 -2.43 -2.00 -51.00 246.00 393.00 -231.00 -617.00 0
13165 0.21 -3.83 -2.71 -1.00 -52.00 240.00 393.00 -231.00 -617.00 0
13174 -0.14 -3.69 -2.85 0.00 -51.00 239.00 393.00 -231.00 -617.00 0
13184 -0.35 -3.48 -2.85 -4.00 -47.00 239.00 397.00 -229.00 -585.00 0
13193 -0.70 -3.27 -2.92 -2.00 -45.00 241.00 397.00 -229.00 -585.00 0
13202 -0.97 -2.92 -2.92 -6.00 -48.00 246.00 397.00 -229.00 -585.00 0
13211 -1.18 -2.64 -2.85 -9.00 -50.00 249.00 397.00 -229.00 -585.00 0
13220 -1.39 -2.43 -2.78 -7.00 -51.00 243.00 397.00 -229.00 -585.00 0
13230 -2.02 -2.43 -2.64 -4.00 -52.00 243.00 397.00 -229.00 -585.00 0
13239 -2.16 -2.50 -2.57 -7.00 -56.00 242.00 397.00 -229.00 -585.00 0
13248 -2.09 -2.71 -2.57 -6.00 -56.00 246.00 397.00 -229.00 -585.00 0
13257 -1.81 -2.92 -2.57 -6.00 -49.00 244.00 397.00 -229.00 -585.00 0
13265 -1.46 -3.06 -2.57 -4.00 -47.00 242.00 397.00 -229.00 -585.00 0
13275 -1.25 -3.20 -2.64 -5.00 -50.00 241.00 397.00 -229.00 -585.00 0
13284 -1.25 -3.41 -2.99 -5.00 -51.00 246.00 397.00 -229.00 -585.00 0
13293 -1.53 -3.48 -3.13 -5.00 -49.00 243.00 397.00 -229.00 -585.00 0
13302 -1.46 -3.55 -3.20 -3.00 -48.00 238.00 397.00 -229.00 -585.00 0
13312 -1.46 -3.62 -3.27 -4.00 -51.00 242.00 397.00 -229.00 -585.00 0
13321 -1.39 -3.62 -3.34 -2.00 -49.00 240.00 396.00 -234.00 -644.00 0
13330 -1.18 -3.48 -3.34 -1.00 -49.00 241.00 396.00 -234.00 -644.00 0
13339 -1.04 -3.34 -3.20 -2.00 -47.00 242.00 396.00 -234.00 -644.00 0
13348 -1.32 -2.99 -3.06 -5.00 -48.00 244.00 396.00 -234.00 -644.00 0
13358 -1.53 -2.85 -3.13 -7.00 -47.00 242.00 396.00 -234.00 -644.00 0
13367 -1.74 -2.71 -3.13 -9.00 -51.00 243.00 396.00 -234.00 -644.00 0
13376 -2.09 -2.57 -3.13 -7.00 -53.00 244.00 396.00 -234.00 -644.00 0
13385 -2.30 -2.50 -3.20 -7.00 -51.00 242.00 396.00 -234.00 -644.00 0
13394 -2.30 -2.57 -3.13 -4.00 -49.00 242.00 396.00 -234.00 -644.00 0
13404 -2.16 -2.78 -3.06 -1.00 -50.00 244.00 396.00 -234.00 -644.00 0
13413 -1.95 -2.99 -2.85 -2.00 -48.00 244.00 396.00 -234.00 -644.00 0
13422 -2.02 -2.92 -2.85 -3.00 -51.00 243.00 396.00 -234.00 -644.00 0
13431 -2.16 -2.85 -2.78 -4.00 -49.00 240.00 396.00 -234.00 -644.00 0
13441 -2.37 -2.71 -2.78 -4.00 -52.00 244.00 396.00 -234.00 -644.00 0
13449 -2.50 -2.71 -2.71 -9.00 -52.00 243.00 396.00 -231.00 -679.00 0
13458 -2.43 -2.64 -2.64 -10.00 -52.00 245.00 396.00 -231.00 -679.00 0
13467 -2.37 -2.71 -2.50 -8.00 -52.00 246.00 396.00 -231.00 -679.00 0
13476 -2.16 -3.06 -2.57 -7.00 -54.00 243.00 396.00 -231.00 -679.00 0
13486 -2.23 -3.20 -2.57 -5.00 -53.00 245.00 396.00 -231.00 -679.00 0
13495 -2.09 -3.34 -2.71 -5.00 -53.00 245.00 396.00 -231.00 -679.00 0
13504 -1.95 -3.48 -2.71 -3.00 -49.00 239.00 396.00 -231.00 -679.00 0
13513 -1.88 -3.55 -2.71 -4.00 -48.00 242.00 397.00 -231.00 -482.00 0
13522 -1.74 -3.62 -2.71 -2.00 -48.00 242.00 397.00 -231.00 -482.00 0
13532 -1.74 -3.55 -2.71 -3.00 -50.00 241.00 397.00 -231.00 -482.00 0
13541 -1.95 -3.41 -2.78 -4.00 -51.00 244.00 397.00 -231.00 -482.00 0
13550 -2.23 -3.20 -2.78 -5.00 -52.00 243.00 397.00 -231.00 -482.00 0
13559 -2.43 -2.99 -2.78 -5.00 -53.00 242.00 397.00 -231.00 -482.00 0
13569 -2.57 -2.78 -2.78 -6.00 -54.00 244.00 397.00 -231.00 -482.00 0
13578 -2.64 -2.71 -2.78 -6.00 -55.00 244.00 395.00 -230.00 -578.00 0
13587 -2.57 -2.64 -2.78 -8.00 -51.00 243.00 395.00 -230.00 -578.00 0
13596 -2.23 -2.85 -2.64 -6.00 -50.00 248.00 395.00 -230.00 -578.00 0
13605 -2.09 -3.06 -2.71 -8.00 -49.00 243.00 395.00 -230.00 -578.00 0
13615 -2.16 -3.20 -2.78 -5.00 -51.00 241.00 395.00 -230.00 -578.00 0
13624 -2.09 -3.27 -2.92 -3.00 -48.00 240.00 395.00 -230.00 -578.00 0
13633 -2.02 -3.41 -2.99 -5.00 -47.00 240.00 395.00 -230.00 -578.00 0
13642 -1.88 -3.48 -2.99 -1.00 -47.00 240.00 395.00 -230.00 -578.00 0
13650 -1.67 -3.62 -2.92 -4.00 -50.00 247.00 395.00 -230.00 -578.00 0
13660 -1.53 -3.69 -2.71 -3.00 -51.00 242.00 395.00 -230.00 -578.00 0
13669 -1.60 -3.55 -2.64 -4.00 -55.00 246.00 395.00 -230.00 -578.00 0
13678 -1.81 -3.48 -2.71 -6.00 -55.00 244.00 395.00 -230.00 -578.00 0
13687 -2.09 -3.41 -2.85 -6.00 -55.00 246.00 395.00 -230.00 -578.00 0
13697 -2.23 -3.34 -2.99 -6.00 -53.00 240.00 395.00 -230.00 -578.00 0
13706 -2.30 -3.27 -3.06 -4.00 -53.00 246.00 395.00 -230.00 -578.00 0
13715 -2.16 -3.27 -3.13 -2.00 -46.00 242.00 395.00 -230.00 -578.00 0
13724 -1.81 -3.41 -3.06 -4.00 -48.00 244.00 395.00 -230.00 -578.00 0
13733 -1.88 -3.41 -2.99 -7.00 -46.00 241.00 395.00 -230.00 -578.00 0
13743 -2.02 -3.41 -2.92 -9.00 -50.00 248.00 395.00 -230.00 -578.00 0
13752 -2.02 -3.34 -2.85 -10.00 -54.00 244.00 395.00 -230.00 -578.00 0
13761 -1.88 -3.41 -2.78 -5.00 -55.00 245.00 395.00 -230.00 -578.00 0
13770 -1.88 -3.55 -2.78 -7.00 -55.00 251.00 395.00 -230.00 -578.00 0
13779 -1.67 -3.97 -2.92 -6.00 -52.00 245.00 395.00 -230.00 -578.00 0
13789 -1.67 -4.24 -2.92 -6.00 -52.00 239.00 395.00 -230.00 -578.00 0
13798 -1.74 -4.31 -2.99 -1.00 -49.00 242.00 395.00 -230.00 -578.00 0
13807 -1.74 -4.38 -3.06 1.00 -50.00 238.00 395.00 -230.00 -578.00 0
13816 -1.74 -4.31 -3.20 0.00 -44.00 238.00 395.00 -230.00 -578.00 0
13826 -1.60 -4.17 -3.06 1.00 -45.00 238.00 395.00 -230.00 -578.00 0
13835 -1.46 -3.83 -2.85 -3.00 -46.00 242.00 395.00 -230.00 -578.00 0
13843 -1.74 -2.92 -2.43 -2.00 -49.00 242.00 396.00 -229.00 -517.00 0
13852 -2.16 -2.43 -2.37 -2.00 -47.00 243.00 396.00 -229.00 -517.00 0
13861 -2.57 -1.95 -2.23 -10.00 -53.00 250.00 396.00 -229.00 -517.00 0
13871 -2.85 -1.67 -2.16 -14.00 -53.00 249.00 396.00 -229.00 -517.00 0
13880 -3.06 -1.67 -2.16 -7.00 -61.00 246.00 396.00 -229.00 -517.00 0
13889 -3.06 -2.02 -2.16 -11.00 -56.00 247.00 396.00 -229.00 -517.00 0
13898 -2.85 -2.50 -2.23 -7.00 -55.00 241.00 396.00 -229.00 -517.00 0
13907 -2.23 -3.48 -2.78 -4.00 -54.00 245.00 396.00 -232.00 -587.00 0
13917 -1.81 -3.97 -3.13 -3.00 -52.00 236.00 396.00 -232.00 -587.00 0
13926 -1.32 -4.38 -3.34 -1.00 -49.00 243.00 396.00 -232.00 -587.00 0
13935 -0.97 -4.66 -3.55 3.00 -43.00 236.00 396.00 -232.00 -587.00 0
13944 -0.77 -4.59 -3.62 0.00 -48.00 244.00 396.00 -232.00 -587.00 0
13954 -0.90 -4.31 -3.62 -1.00 -47.00 240.00 396.00 -232.00 -587.00 0
13963 -1.25 -3.55 -3.41 0.00 -46.00 239.00 396.00 -232.00 -587.00 0
13972 -2.30 -3.06 -3.27 -3.00 -54.00 243.00 393.00 -231.00 -532.00 0
13981 -2.85 -2.57 -3.13 -11.00 -53.00 246.00 393.00 -231.00 -532.00 0
13990 -3.20 -2.16 -2.92 0.00 -40.00 255.00 393.00 -231.00 -532.00 0
14000 -3.27 -2.09 -2.71 -7.00 -52.00 250.00 393.00 -231.00 -532.00 0
14009 -3.34 -2.16 -2.64 -7.00 -53.00 244.00 393.00 -231.00 -532.00 0
14018 -3.48 -2.30 -2.57 -9.00 -53.00 244.00 393.00 -231.00 -532.00 0
14027 -2.85 -3.20 -2.43 -5.00 -52.00 240.00 393.00 -231.00 -532.00 0
14036 -2.57 -3.62 -2.43 -1.00 -56.00 239.00 393.00 -231.00 -532.00 0
14046 -2.37 -3.83 -2.57 -1.00 -52.00 240.00 393.00 -231.00 -532.00 0
14054 -2.09 -3.83 -2.71 -3.00 -50.00 241.00 393.00 -231.00 -532.00 0
14063 -1.74 -3.76 -2.78 -6.00 -45.00 243.00 393.00 -231.00 -532.00 0
14072 -1.39 -3.62 -2.85 -5.00 -47.00 245.00 393.00 -231.00 -532.00 0
14082 -1.25 -3.34 -2.78 -4.00 -46.00 246.00 393.00 -231.00 -532.00 0
14091 -1.60 -2.99 -2.78 -5.00 -52.00 246.00 393.00 -231.00 -532.00 0
14100 -1.67 -2.99 -2.78 -6.00 -54.00 239.00 393.00 -231.00 -532.00 0
14109 -1.74 -2.99 -2.71 -5.00 -54.00 243.00 393.00 -231.00 -532.00 0
14118 -1.74 -3.06 -2.71 -5.00 -54.00 242.00 393.00 -231.00 -532.00 0
14128 -1.67 -3.06 -2.78 -10.00 -51.00 243.00 393.00 -231.00 -532.00 0
14137 -1.53 -3.06 -2.78 -7.00 -49.00 247.00 393.00 -231.00 -532.00 0
14146 -1.46 -3.13 -2.85 -7.00 -49.00 244.00 393.00 -231.00 -532.00 0
14155 -1.25 -3.55 -2.85 -3.00 -51.00 244.00 393.00 -231.00 -532.00 0
14164 -1.25 -3.69 -2.85 -2.00 -51.00 240.00 393.00 -231.00 -532.00 0
14174 -1.25 -3.83 -2.85 -5.00 -52.00 239.00 393.00 -231.00 -532.00 0
14183 -1.18 -3.90 -2.78 0.00 -51.00 243.00 393.00 -231.00 -532.00 0
14192 -1.25 -3.83 -2.92 -5.00 -54.00 241.00 393.00 -231.00 -532.00 0
14201 -1.25 -3.62 -2.92 -1.00 -52.00 243.00 393.00 -231.00 -532.00 0
14211 -1.39 -3.20 -2.99 -5.00 -53.00 244.00 393.00 -231.00 -532.00 0
14220 -1.39 -3.06 -2.99 -7.00 -50.00 245.00 393.00 -231.00 -532.00 0
14229 -1.39 -2.92 -2.99 -7.00 -49.00 245.00 393.00 -231.00 -532.00 0
14238 -1.39 -2.85 -2.99 -9.00 -50.00 243.00 393.00 -231.00 -532.00 0
14246 -1.32 -2.85 -2.99 -8.00 -52.00 247.00 393.00 -231.00 -532.00 0
14256 -1.25 -2.92 -2.99 -5.00 -49.00 245.00 393.00 -231.00 -532.00 0
14265 -1.25 -3.06 -2.99 -3.00 -47.00 242.00 393.00 -231.00 -532.00 0
14274 -1.32 -3.34 -2.99 -4.00 -53.00 244.00 393.00 -231.00 -532.00 0
14283 -1.46 -3.41 -2.99 0.00 -55.00 241.00 393.00 -231.00 -532.00 0
14292 -1.53 -3.48 -2.99 -1.00 -52.00 242.00 393.00 -231.00 -532.00 0
14302 -1.46 -3.41 -2.99 -3.00 -55.00 242.00 395.00 -231.00 -551.00 0
14311 -1.32 -3.27 -2.99 -2.00 -51.00 240.00 395.00 -231.00 -551.00 0
14320 -1.32 -3.06 -2.99 -7.00 -54.00 242.00 395.00 -231.00 -551.00 0
14329 -1.46 -2.78 -3.13 -9.00 -48.00 245.00 395.00 -231.00 -551.00 0
14339 -1.74 -2.43 -3.27 -8.00 -48.00 246.00 395.00 -231.00 -551.00 0
14348 -1.81 -2.57 -3.27 -9.00 -51.00 247.00 395.00 -231.00 -551.00 0
14357 -1.74 -2.78 -3.13 -10.00 -53.00 244.00 395.00 -231.00 -551.00 0
14366 -1.74 -2.99 -3.06 -5.00 -57.00 248.00 394.00 -230.00 -640.00 0
14375 -1.81 -3.20 -3.13 -5.00 -55.00 243.00 394.00 -230.00 -640.00 0
14385 -1.74 -3.48 -3.20 -5.00 -52.00 242.00 394.00 -230.00 -640.00 0
14394 -1.46 -3.69 -3.41 -6.00 -50.00 239.00 394.00 -230.00 -640.00 0
14403 -1.04 -4.17 -3.41 -1.00 -46.00 243.00 394.00 -230.00 -640.00 0
14412 -0.83 -4.31 -3.41 -2.00 -49.00 244.00 394.00 -230.00 -640.00 0
14422 -0.83 -4.38 -3.48 1.00 -48.00 239.00 394.00 -230.00 -640.00 0
14430 -0.97 -4.24 -3.48 1.00 -50.00 239.00 394.00 -232.00 -812.00 0
14439 -1.11 -4.03 -3.41 -1.00 -46.00 237.00 392.00 -232.00 -812.00 0
14448 -1.39 -3.69 -3.27 -2.00 -49.00 238.00 392.00 -232.00 -812.00 0
14457 -1.95 -2.78 -2.99 -7.00 -49.00 241.00 392.00 -232.00 -812.00 0
14467 -2.09 -2.43 -2.78 -5.00 -52.00 244.00 392.00 -232.00 -812.00 0
14476 -2.09 -2.30 -2.57 -7.00 -54.00 247.00 392.00 -232.00 -812.00 0
14485 -2.09 -2.16 -2.43 -9.00 -52.00 247.00 392.00 -232.00 -812.00 0
14494 -2.09 -2.16 -2.37 -10.00 -55.00 249.00 392.00 -232.00 -812.00 0
14503 -2.16 -2.30 -2.43 -10.00 -54.00 247.00 392.00 -232.00 -812.00 0
14513 -2.02 -2.57 -2.50 -10.00 -49.00 243.00 392.00 -232.00 -812.00 0
14522 -1.46 -3.41 -2.71 -9.00 -52.00 245.00 392.00 -232.00 -812.00 0
14531 -1.18 -3.83 -2.78 -3.00 -49.00 240.00 392.00 -232.00 -812.00 0
14540 -1.04 -4.10 -2.92 -1.00 -50.00 240.00 392.00 -232.00 -812.00 0
14550 -0.97 -4.38 -3.06 -2.00 -52.00 240.00 392.00 -232.00 -812.00 0
14559 -0.90 -4.45 -3.13 -1.00 -50.00 245.00 392.00 -232.00 -812.00 0
14568 -0.83 -4.31 -3.13 -2.00 -50.00 243.00 392.00 -232.00 -812.00 0
14577 -0.97 -4.10 -3.06 -3.00 -50.00 245.00 392.00 -232.00 -812.00 0
14586 -1.11 -3.83 -2.92 -4.00 -49.00 244.00 392.00 -232.00 -812.00 0
14596 -1.11 -3.69 -2.85 -6.00 -50.00 243.00 392.00 -232.00 -812.00 0
14605 -1.32 -3.48 -2.85 -3.00 -51.00 239.00 392.00 -232.00 -812.00 0
14614 -1.46 -3.34 -2.85 -7.00 -52.00 245.00 392.00 -232.00 -812.00 0
14623 -1.39 -3.20 -2.85 -4.00 -51.00 243.00 392.00 -232.00 -812.00 0
14632 -1.25 -3.06 -2.92 -3.00 -50.00 243.00 392.00 -232.00 -812.00 0
14641 -1.11 -2.92 -3.06 -4.00 -49.00 247.00 392.00 -232.00 -812.00 0
14650 -1.04 -2.99 -3.06 -6.00 -48.00 246.00 392.00 -232.00 -812.00 0
14659 -1.18 -3.06 -3.06 -3.00 -51.00 245.00 392.00 -232.00 -812.00 0
14668 -1.46 -3.13 -3.06 -4.00 -49.00 242.00 392.00 -232.00 -812.00 0
14678 -1.60 -3.27 -3.06 -1.00 -56.00 244.00 392.00 -232.00 -812.00 0
14687 -1.67 -3.34 -3.06 -4.00 -49.00 238.00 392.00 -232.00 -812.00 0
14696 -1.67 -3.41 -2.99 -3.00 -48.00 245.00 394.00 -230.00 -708.00 0
14705 -1.67 -3.13 -2.78 -5.00 -44.00 247.00 394.00 -230.00 -708.00 0
14714 -1.81 -2.92 -2.78 -5.00 -48.00 245.00 394.00 -230.00 -708.00 0
14724 -2.02 -2.71 -2.64 -4.00 -50.00 241.00 394.00 -230.00 -708.00 0
14733 -2.23 -2.57 -2.57 -5.00 -52.00 241.00 394.00 -230.00 -708.00 0
14742 -2.37 -2.50 -2.50 -7.00 -52.00 243.00 394.00 -230.00 -708.00 0
14751 -2.37 -2.50 -2.50 -3.00 -51.00 243.00 394.00 -230.00 -708.00 0
14760 -2.23 -2.57 -2.50 -7.00 -51.00 245.00 397.00 -229.00 -735.00 0
14770 -1.53 -2.71 -2.71 -8.00 -48.00 248.00 397.00 -229.00 -735.00 0
14779 -1.18 -2.92 -2.71 -6.00 -46.00 244.00 397.00 -229.00 -735.00 0
14788 -0.83 -3.06 -2.78 -6.00 -50.00 243.00 397.00 -229.00 -735.00 0
14797 -0.77 -3.27 -2.78 -3.00 -52.00 239.00 397.00 -229.00 -735.00 0
14807 -0.77 -3.41 -2.85 -2.00 -52.00 241.00 397.00 -229.00 -735.00 0
14816 -0.77 -3.41 -2.92 -1.00 -54.00 239.00 397.00 -229.00 -735.00 0
14824 -0.97 -3.34 -2.99 -3.00 -51.00 247.00 395.00 -231.00 -711.00 0
14833 -1.18 -2.99 -2.99 -7.00 -50.00 244.00 395.00 -231.00 -711.00 0
14842 -1.25 -2.92 -2.92 -4.00 -52.00 243.00 395.00 -231.00 -711.00 0
14852 -1.32 -2.85 -2.85 -8.00 -52.00 245.00 395.00 -231.00 -711.00 0
14861 -1.46 -2.71 -2.85 -4.00 -53.00 244.00 395.00 -231.00 -711.00 0
14870 -1.46 -2.64 -2.85 -7.00 -51.00 243.00 395.00 -231.00 -711.00 0
14879 -1.53 -2.64 -2.85 -6.00 -51.00 243.00 395.00 -231.00 -711.00 0
14888 -1.60 -2.85 -2.99 -8.00 -49.00 244.00 395.00 -231.00 -711.00 0
14898 -1.67 -2.99 -3.13 -8.00 -49.00 244.00 395.00 -231.00 -711.00 0
14907 -1.74 -3.06 -3.27 -6.00 -48.00 243.00 395.00 -231.00 -711.00 0
14916 -1.74 -3.20 -3.34 -4.00 -48.00 244.00 395.00 -231.00 -711.00 0
14925 -1.81 -3.34 -3.41 -4.00 -48.00 241.00 395.00 -231.00 -711.00 0
14935 -1.95 -3.34 -3.41 -4.00 -48.00 244.00 395.00 -231.00 -711.00 0
14944 -1.95 -3.48 -3.27 -2.00 -53.00 245.00 395.00 -231.00 -711.00 0
14953 -1.88 -3.48 -3.06 0.00 -52.00 239.00 395.00 -231.00 -711.00 0
14962 -1.95 -3.34 -3.06 -4.00 -54.00 245.00 395.00 -231.00 -711.00 0
14971 -2.02 -3.13 -3.06 -6.00 -49.00 245.00 395.00 -231.00 -711.00 0
14981 -2.02 -2.85 -3.06 -8.00 -51.00 249.00 395.00 -231.00 -711.00 0
14990 -1.95 -2.64 -3.06 -7.00 -47.00 246.00 395.00 -231.00 -711.00 0
14998 -1.95 -2.50 -3.06 -6.00 -51.00 249.00 395.00 -231.00 -711.00 0
15007 -1.88 -2.57 -2.99 -5.00 -53.00 247.00 395.00 -231.00 -711.00 0
15016 -1.95 -2.99 -2.99 -7.00 -54.00 245.00 395.00 -231.00 -711.00 0
15026 -1.88 -3.27 -2.99 -5.00 -55.00 244.00 395.00 -231.00 -711.00 0
15035 -1.81 -3.62 -2.99 -5.00 -52.00 240.00 395.00 -231.00 -711.00 0
15044 -1.60 -3.83 -3.06 -3.00 -53.00 243.00 395.00 -231.00 -711.00 0
15053 -1.39 -3.97 -3.13 -1.00 -49.00 243.00 395.00 -231.00 -711.00 0
15063 -1.11 -4.03 -3.13 -1.00 -50.00 241.00 395.00 -231.00 -711.00 0
15072 -1.04 -4.03 -3.06 0.00 -51.00 242.00 395.00 -231.00 -711.00 0
15081 -1.18 -3.83 -3.06 -2.00 -50.00 241.00 395.00 -231.00 -711.00 0
15090 -1.39 -3.55 -3.06 -1.00 -51.00 243.00 395.00 -232.00 -465.00 0
15099 -1.53 -3.27 -2.99 -2.00 -49.00 240.00 395.00 -232.00 -465.00 0
15109 -1.67 -2.92 -2.85 -6.00 -47.00 245.00 395.00 -232.00 -465.00 0
15118 -1.95 -2.64 -2.78 -8.00 -46.00 244.00 395.00 -232.00 -465.00 0
15127 -1.88 -2.43 -2.71 -7.00 -51.00 249.00 395.00 -232.00 -465.00 0
15136 -1.95 -2.43 -2.50 -6.00 -55.00 247.00 395.00 -232.00 -465.00 0
15145 -2.16 -2.78 -2.57 -9.00 -57.00 246.00 395.00 -232.00 -465.00 0
15155 -2.16 -3.06 -2.71 -5.00 -56.00 246.00 396.00 -231.00 -445.00 0
15164 -2.02 -3.34 -2.85 -3.00 -54.00 243.00 396.00 -231.00 -445.00 0
15173 -1.74 -3.69 -2.92 -3.00 -53.00 246.00 396.00 -231.00 -445.00 0
15181 -1.60 -3.97 -3.06 -2.00 -44.00 242.00 396.00 -231.00 -445.00 0
15191 -1.32 -4.03 -3.13 -4.00 -45.00 241.00 396.00 -231.00 -445.00 0
15200 -1.25 -3.90 -3.27 -4.00 -45.00 247.00 396.00 -231.00 -445.00 0
15209 -1.32 -3.69 -3.27 -5.00 -46.00 239.00 396.00 -231.00 -445.00 0
15218 -1.46 -3.48 -3.27 -5.00 -48.00 242.00 394.00 -230.00 -610.00 0
15227 -1.60 -3.34 -3.13 -5.00 -52.00 243.00 394.00 -230.00 -610.00 0
15237 -1.74 -3.34 -3.13 -4.00 -56.00 243.00 394.00 -230.00 -610.00 0
15246 -1.81 -3.34 -3.13 -3.00 -48.00 244.00 394.00 -230.00 -610.00 0
15255 -1.81 -3.34 -3.06 -5.00 -50.00 240.00 394.00 -230.00 -610.00 0
15264 -1.60 -3.34 -2.99 -4.00 -51.00 242.00 394.00 -230.00 -610.00 0
15273 -1.67 -3.27 -2.99 -4.00 -47.00 243.00 394.00 -230.00 -610.00 0
15283 -1.67 -3.20 -3.06 -7.00 -45.00 244.00 394.00 -230.00 -610.00 0
15292 -1.60 -3.13 -2.99 -3.00 -51.00 246.00 394.00 -230.00 -610.00 0
15301 -1.53 -3.13 -2.92 -6.00 -50.00 244.00 394.00 -230.00 -610.00 0
15310 -1.60 -3.20 -2.85 -5.00 -51.00 245.00 394.00 -230.00 -610.00 0
15320 -1.74 -3.13 -2.85 -2.00 -50.00 245.00 394.00 -230.00 -610.00 0
15329 -1.95 -2.99 -2.85 -3.00 -49.00 244.00 394.00 -230.00 -610.00 0
15338 -2.09 -2.99 -2.85 -4.00 -51.00 244.00 394.00 -230.00 -610.00 0
15347 -2.30 -2.99 -2.92 -5.00 -48.00 245.00 394.00 -230.00 -610.00 0
15355 -2.37 -2.92 -2.99 -8.00 -51.00 246.00 396.00 -231.00 -477.00 0
15365 -2.30 -2.99 -2.99 -2.00 -54.00 243.00 396.00 -231.00 -477.00 0
15374 -2.16 -3.06 -2.92 -3.00 -49.00 241.00 396.00 -231.00 -477.00 0
15383 -2.02 -3.20 -3.06 -8.00 -50.00 244.00 396.00 -231.00 -477.00 0
15392 -2.02 -3.34 -3.13 -6.00 -49.00 245.00 396.00 -231.00 -477.00 0
15401 -1.95 -3.48 -3.13 -4.00 -49.00 245.00 396.00 -231.00 -477.00 0
15411 -1.95 -3.62 -3.06 -1.00 -51.00 240.00 396.00 -231.00 -477.00 0
15420 -1.81 -3.69 -2.99 -4.00 -50.00 240.00 396.00 -231.00 -477.00 0
15429 -1.81 -3.76 -2.92 -3.00 -50.00 242.00 396.00 -231.00 -477.00 0
15438 -1.81 -3.69 -2.92 -3.00 -51.00 247.00 396.00 -231.00 -477.00 0
15448 -2.02 -3.48 -2.92 -5.00 -51.00 241.00 396.00 -231.00 -477.00 0
15457 -2.02 -3.27 -2.92 -6.00 -51.00 243.00 396.00 -231.00 -477.00 0
15466 -2.09 -3.13 -2.99 -6.00 -51.00 243.00 396.00 -231.00 -477.00 0
15475 -2.09 -3.06 -3.06 -6.00 -49.00 248.00 396.00 -231.00 -477.00 0
15484 -2.09 -3.06 -3.13 -4.00 -49.00 244.00 394.00 -229.00 -665.00 0
15494 -2.16 -2.99 -3.13 -3.00 -51.00 246.00 394.00 -229.00 -665.00 0
15503 -2.09 -2.99 -3.13 -1.00 -52.00 243.00 394.00 -229.00 -665.00 0
15512 -1.88 -3.06 -3.06 -5.00 -51.00 244.00 394.00 -229.00 -665.00 0
15521 -1.67 -2.99 -3.13 -4.00 -52.00 248.00 394.00 -229.00 -665.00 0
15531 -1.53 -2.99 -2.99 -9.00 -48.00 244.00 394.00 -229.00 -665.00 0
15539 -1.46 -2.99 -2.92 -8.00 -53.00 244.00 394.00 -229.00 -665.00 0
15548 -1.46 -3.13 -2.85 -5.00 -50.00 241.00 393.00 -229.00 -429.00 0
15557 -1.53 -3.27 -2.78 -3.00 -52.00 243.00 393.00 -229.00 -429.00 0
15566 -1.53 -3.34 -2.71 -7.00 -52.00 244.00 393.00 -229.00 -429.00 0
15576 -1.46 -3.34 -2.78 -7.00 -49.00 243.00 393.00 -229.00 -429.00 0
15585 -1.46 -3.27 -2.85 -5.00 -50.00 244.00 393.00 -229.00 -429.00 0
15594 -1.53 -3.13 -2.92 -5.00 -50.00 247.00 393.00 -229.00 -429.00 0
15603 -1.60 -3.06 -2.99 -5.00 -47.00 241.00 393.00 -229.00 -429.00 0
15612 -1.74 -2.92 -3.06 -8.00 -52.00 246.00 394.00 -233.00 -564.00 0
15622 -1.74 -2.92 -3.06 -9.00 -47.00 249.00 394.00 -233.00 -564.00 0
15631 -1.67 -2.85 -3.13 -6.00 -48.00 244.00 394.00 -233.00 -564.00 0
15640 -1.95 -3.06 -3.20 -8.00 -53.00 245.00 394.00 -233.00 -564.00 0
15649 -2.16 -3.27 -3.13 -2.00 -52.00 242.00 394.00 -233.00 -564.00 0
15659 -2.23 -3.48 -3.13 0.00 -57.00 240.00 394.00 -233.00 -564.00 0
15668 -2.30 -3.55 -3.27 -1.00 -51.00 240.00 394.00 -233.00 -564.00 0
15677 -2.16 -3.69 -3.34 2.00 -54.00 241.00 394.00 -233.00 -564.00 0
15686 -1.88 -3.62 -3.27 -5.00 -50.00 240.00 394.00 -233.00 -564.00 0
15695 -1.25 -3.34 -3.13 -4.00 -47.00 246.00 394.00 -233.00 -564.00 0
15705 -0.90 -3.20 -2.99 -3.00 -52.00 245.00 394.00 -233.00 -564.00 0
15714 -0.83 -3.06 -2.92 -11.00 -48.00 246.00 394.00 -233.00 -564.00 0
15723 -0.90 -2.99 -2.99 -3.00 -46.00 242.00 394.00 -233.00 -564.00 0
15731 -0.97 -2.92 -3.06 -3.00 -52.00 242.00 394.00 -233.00 -564.00 0
15740 -1.04 -2.99 -3.13 -2.00 -46.00 240.00 394.00 -233.00 -564.00 0
15750 -0.90 -2.99 -3.20 -3.00 -49.00 244.00 394.00 -233.00 -564.00 0
15759 -0.56 -3.06 -3.13 -3.00 -46.00 243.00 394.00 -233.00 -564.00 0
15768 -0.49 -3.06 -3.06 -2.00 -46.00 241.00 394.00 -233.00 -564.00 0
15777 -0.49 -3.06 -2.99 -4.00 -49.00 241.00 394.00 -233.00 -564.00 0
15787 -0.70 -3.06 -2.92 -3.00 -52.00 243.00 394.00 -233.00 -564.00 0
15796 -0.90 -2.92 -2.85 -7.00 -52.00 240.00 394.00 -233.00 -564.00 0
15805 -1.04 -2.78 -2.85 -3.00 -49.00 241.00 394.00 -233.00 -564.00 0
15814 -1.11 -2.64 -2.92 -3.00 -49.00 245.00 394.00 -233.00 -564.00 0
15823 -1.04 -2.37 -3.06 -3.00 -49.00 245.00 394.00 -233.00 -564.00 0
15833 -1.04 -2.37 -3.06 -7.00 -43.00 242.00 394.00 -233.00 -564.00 0
15842 -1.11 -2.43 -2.99 -8.00 -49.00 245.00 394.00 -233.00 -564.00 0
15851 -1.18 -2.64 -2.99 -7.00 -53.00 241.00 394.00 -233.00 -564.00 0
15860 -1.32 -2.85 -3.06 -5.00 -52.00 245.00 394.00 -233.00 -564.00 0
15869 -1.39 -3.13 -3.13 -2.00 -53.00 240.00 394.00 -233.00 -564.00 0
15879 -1.39 -3.41 -3.27 -1.00 -53.00 244.00 394.00 -231.00 -639.00 0
15888 -1.04 -3.69 -3.34 0.00 -50.00 240.00 394.00 -231.00 -639.00 0
15896 -0.90 -3.69 -3.34 1.00 -48.00 243.00 394.00 -231.00 -639.00 0
15905 -0.77 -3.69 -3.27 -1.00 -49.00 242.00 394.00 -231.00 -639.00 0
15915 -0.70 -3.48 -3.20 0.00 -49.00 242.00 394.00 -231.00 -639.00 0
15924 -0.77 -3.27 -3.13 -3.00 -50.00 241.00 394.00 -231.00 -639.00 0
15933 -0.90 -2.92 -3.06 -6.00 -48.00 248.00 394.00 -231.00 -639.00 0
15942 -1.18 -2.37 -2.92 -4.00 -51.00 250.00 395.00 -232.00 -543.00 0
15951 -1.39 -2.30 -2.92 -7.00 -50.00 248.00 395.00 -232.00 -543.00 0
15961 -1.67 -2.43 -2.85 -3.00 -54.00 243.00 395.00 -232.00 -543.00 0
15970 -1.95 -2.57 -2.92 -2.00 -54.00 243.00 395.00 -232.00 -543.00 0
15979 -2.02 -2.85 -2.99 -3.00 -55.00 245.00 395.00 -232.00 -543.00 0
15988 -2.02 -3.06 -2.99 -4.00 -53.00 242.00 395.00 -232.00 -543.00 0
15997 -2.02 -3.13 -3.06 -6.00 -44.00 241.00 395.00 -232.00 -543.00 0
16007 -1.88 -3.20 -3.06 -3.00 -48.00 242.00 394.00 -232.00 -735.00 0
16016 -1.88 -3.13 -3.06 -3.00 -50.00 245.00 394.00 -232.00 -735.00 0
16025 -1.95 -3.13 -2.92 -2.00 -50.00 244.00 394.00 -232.00 -735.00 0
16034 -2.02 -3.06 -2.92 -4.00 -50.00 239.00 394.00 -232.00 -735.00 0
16044 -2.09 -2.99 -2.92 -9.00 -52.00 246.00 394.00 -232.00 -735.00 0
16053 -2.23 -2.92 -2.92 -5.00 -55.00 246.00 394.00 -232.00 -735.00 0
16062 -2.16 -2.92 -2.92 -7.00 -53.00 251.00 394.00 -232.00 -735.00 0
16070 -2.02 -3.27 -2.92 -10.00 -51.00 245.00 394.00 -232.00 -735.00 0
16079 -1.95 -3.48 -3.06 -3.00 -49.00 239.00 394.00 -232.00 -735.00 0
16089 -1.74 -3.76 -3.13 -4.00 -49.00 243.00 394.00 -232.00 -735.00 0
16098 -1.53 -3.97 -3.27 -2.00 -48.00 241.00 394.00 -232.00 -735.00 0
16107 -1.39 -3.97 -3.27 -1.00 -49.00 244.00 394.00 -232.00 -735.00 0
16116 -1.32 -3.90 -3.27 0.00 -48.00 242.00 394.00 -232.00 -735.00 0
16125 -1.25 -3.62 -3.20 -2.00 -48.00 243.00 394.00 -232.00 -735.00 0
16135 -1.46 -2.92 -3.13 -5.00 -44.00 246.00 394.00 -232.00 -735.00 0
16144 -1.60 -2.64 -3.06 -7.00 -49.00 243.00 394.00 -232.00 -735.00 0
16153 -1.81 -2.64 -2.92 -8.00 -52.00 244.00 394.00 -232.00 -735.00 0
16162 -1.88 -2.71 -2.78 -6.00 -55.00 246.00 394.00 -232.00 -735.00 0
16172 -1.95 -2.85 -2.85 -6.00 -55.00 243.00 394.00 -232.00 -735.00 0
16181 -1.88 -3.06 -2.99 -4.00 -47.00 240.00 394.00 -232.00 -735.00 0
16190 -1.39 -3.41 -2.99 -2.00 -47.00 241.00 394.00 -232.00 -735.00 0
16199 -1.25 -3.55 -2.99 -2.00 -45.00 244.00 394.00 -232.00 -735.00 0
16208 -1.18 -3.62 -3.06 -2.00 -46.00 244.00 394.00 -232.00 -735.00 0
16218 -1.32 -3.55 -3.06 -3.00 -46.00 243.00 394.00 -232.00 -735.00 0
16227 -1.46 -3.55 -2.92 -8.00 -46.00 244.00 394.00 -232.00 -735.00 0
16236 -1.60 -3.55 -2.85 -7.00 -49.00 244.00 394.00 -232.00 -735.00 0
16245 -1.67 -3.41 -2.71 0.00 -53.00 246.00 394.00 -232.00 -735.00 0
16253 -1.81 -3.27 -2.64 -4.00 -53.00 243.00 394.00 -232.00 -735.00 0
16263 -1.95 -3.34 -2.71 -7.00 -54.00 245.00 394.00 -232.00 -735.00 0
16272 -1.95 -3.48 -2.78 -4.00 -53.00 244.00 392.00 -235.00 -603.00 0
16281 -1.88 -3.48 -2.92 -4.00 -52.00 239.00 392.00 -235.00 -603.00 0
16290 -1.81 -3.55 -3.13 -1.00 -49.00 244.00 392.00 -235.00 -603.00 0
16300 -1.60 -3.55 -3.27 -2.00 -43.00 240.00 392.00 -235.00 -603.00 0
16309 -1.53 -3.48 -3.27 -2.00 -46.00 243.00 392.00 -235.00 -603.00 0
16318 -1.74 -3.27 -3.20 -5.00 -48.00 242.00 392.00 -235.00 -603.00 0
16327 -2.02 -3.20 -3.13 -3.00 -51.00 244.00 392.00 -235.00 -603.00 0
16336 -2.16 -3.13 -3.13 -8.00 -51.00 244.00 394.00 -234.00 -421.00 0
16346 -2.23 -3.06 -3.06 -5.00 -54.00 247.00 394.00 -234.00 -421.00 0
16355 -2.09 -3.13 -2.92 -6.00 -52.00 243.00 394.00 -234.00 -421.00 0
16364 -1.88 -3.27 -2.92 -5.00 -51.00 243.00 394.00 -234.00 -421.00 0
16373 -1.60 -3.48 -3.06 -2.00 -50.00 240.00 394.00 -234.00 -421.00 0
16382 -1.18 -3.69 -3.13 -3.00 -51.00 243.00 394.00 -234.00 -421.00 0
16392 -1.04 -3.76 -3.20 -2.00 -47.00 245.00 394.00 -234.00 -421.00 0
16401 -0.83 -3.76 -3.20 -5.00 -43.00 243.00 395.00 -232.00 -537.00 0
16410 -0.90 -3.76 -3.13 -3.00 -42.00 241.00 395.00 -232.00 -537.00 0
16419 -1.11 -3.62 -3.06 -3.00 -49.00 240.00 395.00 -232.00 -537.00 0
16428 -1.32 -3.41 -2.99 -2.00 -49.00 240.00 395.00 -232.00 -537.00 0
16437 -1.53 -2.99 -2.92 -4.00 -51.00 245.00 395.00 -232.00 -537.00 0
16446 -1.95 -2.78 -2.92 -6.00 -49.00 243.00 395.00 -232.00 -537.00 0
16455 -2.02 -2.57 -2.92 -6.00 -52.00 250.00 395.00 -232.00 -537.00 0
16464 -2.09 -2.50 -2.92 -8.00 -53.00 245.00 395.00 -234.00 -779.00 0
16474 -2.09 -2.50 -2.92 -7.00 -48.00 248.00 393.00 -234.00 -779.00 0
16483 -2.02 -2.78 -2.92 -3.00 -53.00 244.00 393.00 -234.00 -779.00 0
16492 -1.95 -3.06 -2.92 -3.00 -51.00 239.00 393.00 -234.00 -779.00 0
16501 -1.60 -3.62 -2.92 -2.00 -51.00 242.00 393.00 -234.00 -779.00 0
16510 -1.39 -3.76 -2.99 -2.00 -49.00 241.00 393.00 -234.00 -779.00 0
16520 -1.25 -3.76 -3.13 -3.00 -50.00 242.00 393.00 -234.00 -779.00 0
16529 -1.25 -3.62 -3.20 -2.00 -48.00 241.00 393.00 -234.00 -779.00 0
16538 -1.32 -3.48 -3.27 -5.00 -48.00 242.00 393.00 -234.00 -779.00 0
16547 -1.53 -3.27 -3.27 -3.00 -49.00 242.00 393.00 -234.00 -779.00 0
16557 -1.81 -3.06 -3.20 -4.00 -51.00 243.00 393.00 -234.00 -779.00 0
16566 -1.95 -2.92 -3.13 -4.00 -55.00 242.00 393.00 -234.00 -779.00 0
16575 -1.81 -2.92 -3.13 -3.00 -52.00 244.00 393.00 -234.00 -779.00 0
16584 -1.60 -2.92 -3.13 -6.00 -47.00 243.00 393.00 -234.00 -779.00 0
16593 -1.46 -3.06 -3.06 -6.00 -48.00 248.00 393.00 -234.00 -779.00 0
16603 -1.39 -3.20 -2.99 -5.00 -48.00 244.00 393.00 -234.00 -779.00 0
16611 -1.39 -3.41 -2.99 -3.00 -52.00 248.00 393.00 -234.00 -779.00 0
16620 -1.39 -3.62 -3.06 -2.00 -51.00 241.00 393.00 -234.00 -779.00 0
16629 -1.53 -3.76 -3.06 -4.00 -49.00 241.00 393.00 -234.00 -779.00 0
16638 -1.46 -3.69 -3.13 1.00 -51.00 241.00 393.00 -234.00 -779.00 0
16648 -1.53 -3.48 -3.06 1.00 -51.00 244.00 393.00 -234.00 -779.00 0
16657 -1.60 -3.27 -2.99 -7.00 -49.00 242.00 393.00 -234.00 -779.00 0
16666 -1.81 -3.06 -2.99 -6.00 -48.00 245.00 393.00 -234.00 -779.00 0
16675 -1.95 -2.78 -2.92 -4.00 -51.00 246.00 393.00 -234.00 -779.00 0
16685 -2.09 -2.64 -2.99 -9.00 -49.00 243.00 393.00 -234.00 -779.00 0
16694 -2.23 -2.78 -3.06 -6.00 -47.00 248.00 393.00 -234.00 -779.00 0
16703 -2.02 -2.99 -3.06 -2.00 -50.00 244.00 393.00 -234.00 -779.00 0
16712 -1.81 -3.20 -3.06 -6.00 -48.00 242.00 393.00 -234.00 -779.00 0
16721 -1.60 -3.48 -2.99 -2.00 -47.00 239.00 393.00 -234.00 -779.00 0
16731 -1.46 -3.62 -2.99 -2.00 -46.00 239.00 392.00 -233.00 -604.00 0
16740 -1.39 -3.69 -2.92 -2.00 -47.00 242.00 392.00 -233.00 -604.00 0
16749 -1.60 -3.48 -2.85 -4.00 -49.00 240.00 392.00 -233.00 -604.00 0
16758 -1.74 -3.27 -2.92 -3.00 -48.00 240.00 392.00 -233.00 -604.00 0
16768 -1.81 -3.06 -2.92 -6.00 -54.00 244.00 392.00 -233.00 -604.00 0
16777 -1.88 -2.92 -2.92 -5.00 -49.00 241.00 392.00 -233.00 -604.00 0
16786 -1.81 -2.85 -2.92 0.00 -51.00 242.00 392.00 -233.00 -604.00 0
16794 -1.88 -2.85 -2.92 -8.00 -48.00 245.00 393.00 -234.00 -406.00 0
16803 -1.95 -2.78 -2.92 -5.00 -50.00 244.00 393.00 -234.00 -406.00 0
16813 -2.23 -2.57 -3.13 -2.00 -51.00 245.00 393.00 -234.00 -406.00 0
16822 -2.30 -2.43 -3.20 -5.00 -49.00 247.00 393.00 -234.00 -406.00 0
16831 -2.37 -2.37 -3.20 -7.00 -48.00 247.00 393.00 -234.00 -406.00 0
16840 -2.30 -2.43 -3.13 -5.00 -49.00 243.00 393.00 -234.00 -406.00 0
16849 -2.23 -2.57 -2.99 -6.00 -53.00 247.00 393.00 -234.00 -406.00 0
16859 -2.16 -2.78 -2.99 -7.00 -53.00 243.00 394.00 -232.00 -626.00 0
16868 -2.16 -2.99 -2.99 -4.00 -52.00 244.00 394.00 -232.00 -626.00 0
16877 -1.81 -3.41 -2.99 -8.00 -45.00 242.00 394.00 -232.00 -626.00 0
16886 -1.53 -3.55 -3.06 -5.00 -45.00 242.00 394.00 -232.00 -626.00 0
16896 -1.39 -3.69 -3.06 -3.00 -47.00 240.00 394.00 -232.00 -626.00 0
16905 -1.39 -3.69 -2.99 -4.00 -47.00 243.00 394.00 -232.00 -626.00 0
16914 -1.32 -3.69 -3.06 -5.00 -53.00 241.00 394.00 -232.00 -626.00 0
16923 -1.46 -3.69 -2.99 -2.00 -53.00 242.00 394.00 -232.00 -626.00 0
16932 -1.39 -3.76 -2.85 -3.00 -48.00 243.00 394.00 -232.00 -626.00 0
16942 -1.32 -3.48 -2.92 -5.00 -46.00 245.00 394.00 -232.00 -626.00 0
16951 -1.39 -3.27 -2.92 -1.00 -47.00 242.00 394.00 -232.00 -626.00 0
16960 -1.53 -3.13 -2.99 -4.00 -50.00 247.00 394.00 -232.00 -626.00 0
16969 -1.60 -3.06 -2.92 -6.00 -51.00 244.00 394.00 -232.00 -626.00 0
16977 -1.81 -3.06 -2.85 -6.00 -52.00 241.00 394.00 -232.00 -626.00 0
16987 -1.88 -3.13 -2.85 -3.00 -52.00 240.00 394.00 -232.00 -626.00 0
16996 -1.81 -3.27 -2.92 -5.00 -55.00 242.00 394.00 -232.00 -626.00 0
17005 -1.53 -3.34 -2.85 -3.00 -48.00 242.00 394.00 -232.00 -626.00 0
17014 -1.18 -3.34 -2.85 -6.00 -47.00 244.00 394.00 -232.00 -626.00 0
17024 -0.97 -3.27 -2.85 -3.00 -49.00 247.00 394.00 -232.00 -626.00 0
17033 -0.97 -3.27 -2.85 -5.00 -49.00 246.00 394.00 -232.00 -626.00 0
17042 -1.04 -3.27 -2.92 -3.00 -48.00 242.00 394.00 -232.00 -626.00 0
17051 -1.04 -3.20 -2.85 -4.00 -49.00 243.00 394.00 -232.00 -626.00 0
17060 -1.18 -3.20 -2.71 -3.00 -50.00 245.00 394.00 -232.00 -626.00 0
17070 -1.39 -3.06 -2.71 -7.00 -49.00 245.00 394.00 -232.00 -626.00 0
17079 -1.60 -2.85 -2.64 -7.00 -47.00 243.00 394.00 -232.00 -626.00 0
17088 -1.74 -2.71 -2.64 -3.00 -52.00 246.00 394.00 -232.00 -626.00 0
17097 -1.88 -2.64 -2.71 -5.00 -49.00 244.00 394.00 -232.00 -626.00 0
17106 -1.95 -2.64 -2.78 -5.00 -52.00 244.00 394.00 -232.00 -626.00 0
17116 -2.02 -2.57 -2.85 -3.00 -50.00 246.00 394.00 -232.00 -626.00 0
17125 -1.74 -2.71 -2.78 -5.00 -46.00 249.00 395.00 -234.00 -584.00 0
17134 -1.46 -2.92 -2.71 -2.00 -47.00 253.00 395.00 -234.00 -584.00 0
17143 -1.32 -3.06 -2.71 -6.00 -47.00 249.00 395.00 -234.00 -584.00 0
17153 -1.39 -3.13 -2.71 -1.00 -50.00 241.00 395.00 -234.00 -584.00 0
17161 -1.46 -3.13 -2.78 -5.00 -49.00 241.00 395.00 -234.00 -584.00 0
17170 -1.53 -3.13 -2.85 -4.00 -52.00 244.00 395.00 -234.00 -584.00 0
17179 -1.53 -2.99 -2.92 -4.00 -52.00 244.00 395.00 -234.00 -584.00 0
17188 -1.46 -2.71 -2.92 -5.00 -50.00 249.00 396.00 -234.00 -662.00 0
17198 -1.46 -2.78 -2.92 -8.00 -53.00 250.00 396.00 -234.00 -662.00 0
17207 -1.46 -2.99 -2.99 -6.00 -53.00 242.00 396.00 -234.00 -662.00 0
17216 -1.39 -3.20 -3.06 -4.00 -53.00 242.00 396.00 -234.00 -662.00 0
17225 -1.25 -3.41 -3.20 0.00 -49.00 238.00 396.00 -234.00 -662.00 0
17234 -1.04 -3.62 -3.27 -1.00 -47.00 244.00 396.00 -234.00 -662.00 0
17244 -0.56 -3.62 -3.48 -3.00 -43.00 243.00 396.00 -234.00 -662.00 0
17253 -0.49 -3.48 -3.41 0.00 -43.00 243.00 392.00 -234.00 -654.00 0
17262 -0.63 -3.34 -3.34 -1.00 -45.00 243.00 392.00 -234.00 -654.00 0
17271 -0.77 -3.20 -3.20 0.00 -44.00 239.00 392.00 -234.00 -654.00 0
17281 -0.97 -2.99 -2.99 -2.00 -49.00 238.00 392.00 -234.00 -654.00 0
17290 -1.18 -2.71 -2.85 -3.00 -50.00 244.00 392.00 -234.00 -654.00 0
17299 -1.46 -2.37 -2.71 -7.00 -51.00 245.00 392.00 -234.00 -654.00 0
17308 -1.74 -1.95 -2.57 -9.00 -49.00 245.00 392.00 -234.00 -654.00 0
17317 -1.81 -1.81 -2.64 -7.00 -49.00 246.00 392.00 -234.00 -654.00 0
17327 -1.81 -1.81 -2.64 -7.00 -49.00 246.00 392.00 -234.00 -654.00 0
17335 -2.02 -1.95 -2.71 -7.00 -49.00 246.00 392.00 -234.00 -654.00 0
17344 -2.09 -2.16 -2.78 -2.00 -53.00 246.00 392.00 -234.00 -654.00 0
17353 -2.02 -2.43 -2.85 -3.00 -51.00 245.00 392.00 -234.00 -654.00 0
17362 -1.74 -2.71 -2.92 -3.00 -48.00 240.00 392.00 -234.00 -654.00 0
17372 -1.32 -2.99 -2.99 -3.00 -46.00 238.00 392.00 -234.00 -654.00 0
17381 -1.11 -2.99 -2.99 0.00 -45.00 244.00 392.00 -234.00 -654.00 0
17390 -1.11 -2.85 -2.99 -5.00 -44.00 241.00 394.00 -236.00 -473.00 0
17399 -1.11 -2.71 -2.85 -3.00 -46.00 243.00 394.00 -236.00 -473.00 0
17409 -1.18 -2.57 -2.78 -6.00 -46.00 243.00 394.00 -236.00 -473.00 0
17418 -1.39 -2.30 -2.64 -7.00 -53.00 244.00 394.00 -236.00 -473.00 0
17427 -1.60 -2.09 -2.71 -8.00 -53.00 246.00 394.00 -236.00 -473.00 0
17436 -1.95 -1.88 -2.78 -7.00 -54.00 247.00 394.00 -236.00 -473.00 0
17445 -1.95 -2.02 -2.85 -12.00 -50.00 247.00 394.00 -236.00 -473.00 0
17455 -1.88 -2.23 -2.99 -10.00 -51.00 246.00 394.00 -236.00 -473.00 0
17464 -1.67 -2.64 -3.13 -9.00 -54.00 249.00 394.00 -236.00 -473.00 0
17473 -1.46 -3.13 -3.20 -10.00 -54.00 245.00 394.00 -236.00 -473.00 0
17482 -1.18 -3.62 -3.34 -8.00 -48.00 246.00 394.00 -236.00 -473.00 0
17491 -0.49 -4.38 -3.62 -3.00 -47.00 242.00 394.00 -236.00 -473.00 0
17501 -0.28 -4.73 -3.69 -3.00 -44.00 244.00 394.00 -236.00 -473.00 0
17510 -0.14 -4.94 -3.69 -1.00 -43.00 240.00 394.00 -236.00 -473.00 0
17519 -0.14 -5.08 -3.76 1.00 -42.00 241.00 395.00 -233.00 -541.00 0
17528 -0.21 -4.94 -3.69 2.00 -41.00 238.00 395.00 -233.00 -541.00 0
17537 -0.42 -4.66 -3.55 0.00 -45.00 245.00 395.00 -233.00 -541.00 0
17546 -0.70 -4.24 -3.41 -2.00 -47.00 241.00 395.00 -233.00 -541.00 0
17555 -1.67 -3.20 -3.06 -4.00 -49.00 243.00 395.00 -233.00 -541.00 0
17564 -2.09 -2.64 -2.99 -7.00 -50.00 246.00 395.00 -233.00 -541.00 0
17573 -2.37 -2.23 -2.92 -11.00 -49.00 249.00 395.00 -233.00 -541.00 0
17583 -2.57 -2.02 -2.85 -6.00 -51.00 244.00 395.00 -232.00 -570.00 0
17592 -2.57 -2.02 -2.78 -9.00 -51.00 246.00 395.00 -232.00 -570.00 0
17601 -2.50 -2.16 -2.78 -6.00 -52.00 247.00 395.00 -232.00 -570.00 0
17610 -2.30 -2.30 -2.78 -4.00 -44.00 245.00 395.00 -232.00 -570.00 0
17619 -1.60 -2.78 -2.92 -4.00 -47.00 247.00 395.00 -232.00 -570.00 0
17629 -1.39 -2.99 -2.92 -3.00 -46.00 246.00 395.00 -232.00 -570.00 0
17638 -1.32 -3.20 -2.92 -2.00 -48.00 248.00 395.00 -232.00 -570.00 0
17647 -1.39 -3.34 -2.99 -4.00 -49.00 241.00 394.00 -236.00 -592.00 0
17656 -1.60 -3.48 -2.99 -5.00 -47.00 240.00 394.00 -236.00 -592.00 0
17666 -1.60 -3.55 -2.92 -4.00 -54.00 240.00 394.00 -236.00 -592.00 0
17675 -1.74 -3.55 -2.92 -4.00 -48.00 242.00 394.00 -236.00 -592.00 0
17684 -1.95 -3.20 -2.99 0.00 -51.00 242.00 394.00 -236.00 -592.00 0
17693 -1.81 -2.99 -2.85 -6.00 -48.00 243.00 394.00 -236.00 -592.00 0
17702 -1.74 -2.99 -2.78 -5.00 -48.00 243.00 394.00 -236.00 -592.00 0
17711 -1.67 -2.92 -2.71 -7.00 -48.00 242.00 394.00 -236.00 -592.00 0
17720 -1.74 -2.85 -2.57 -5.00 -49.00 243.00 394.00 -236.00 -592.00 0
17729 -1.74 -2.78 -2.50 -8.00 -51.00 247.00 394.00 -236.00 -592.00 0
17738 -2.09 -2.57 -2.57 -8.00 -50.00 246.00 394.00 -236.00 -592.00 0
17747 -2.16 -2.50 -2.71 -8.00 -49.00 248.00 394.00 -236.00 -592.00 0
17757 -2.09 -2.57 -2.71 -6.00 -49.00 246.00 394.00 -236.00 -592.00 0
17766 -1.95 -2.71 -2.71 -12.00 -47.00 246.00 394.00 -236.00 -592.00 0
17775 -1.81 -2.85 -2.78 -6.00 -44.00 243.00 394.00 -236.00 -592.00 0
17784 -1.74 -3.06 -2.92 -6.00 -48.00 244.00 394.00 -236.00 -592.00 0
17794 -1.74 -3.27 -2.99 -2.00 -50.00 245.00 394.00 -236.00 -592.00 0
17803 -1.81 -3.62 -3.06 -1.00 -49.00 240.00 394.00 -236.00 -592.00 0
17812 -1.81 -3.69 -3.06 -4.00 -50.00 238.00 394.00 -236.00 -592.00 0
17821 -1.74 -3.55 -3.06 -2.00 -48.00 244.00 394.00 -236.00 -592.00 0
17830 -1.67 -3.34 -2.99 -3.00 -48.00 247.00 394.00 -236.00 -592.00 0
17840 -1.67 -3.13 -2.92 -8.00 -44.00 247.00 394.00 -236.00 -592.00 0
17849 -1.67 -2.92 -2.85 -9.00 -50.00 250.00 394.00 -236.00 -592.00 0
17858 -1.74 -2.71 -2.78 -5.00 -52.00 245.00 394.00 -236.00 -592.00 0
17867 -2.02 -2.57 -2.85 -6.00 -53.00 245.00 394.00 -236.00 -592.00 0
17876 -1.95 -2.71 -2.92 -6.00 -56.00 244.00 394.00 -236.00 -592.00 0
17886 -1.95 -2.85 -2.99 -5.00 -48.00 239.00 394.00 -236.00 -592.00 0
17895 -1.74 -2.99 -3.20 -6.00 -46.00 243.00 394.00 -236.00 -592.00 0
17904 -1.60 -3.06 -3.41 -1.00 -44.00 243.00 394.00 -236.00 -592.00 0
17912 -1.53 -3.13 -3.48 -3.00 -44.00 242.00 394.00 -233.00 -808.00 0
17922 -1.53 -3.20 -3.41 -7.00 -43.00 244.00 394.00 -233.00 -808.00 0
17931 -1.74 -3.27 -3.27 0.00 -46.00 237.00 394.00 -233.00 -808.00 0
17940 -1.88 -3.20 -3.13 -2.00 -49.00 238.00 394.00 -233.00 -808.00 0
17949 -2.02 -2.92 -2.92 -5.00 -49.00 242.00 394.00 -233.00 -808.00 0
17958 -2.30 -2.71 -2.78 -2.00 -51.00 249.00 394.00 -233.00 -808.00 0
17968 -2.43 -2.50 -2.64 -6.00 -57.00 245.00 394.00 -233.00 -808.00 0
17977 -2.57 -2.30 -2.57 -12.00 -55.00 247.00 397.00 -231.00 -400.00 0
17986 -2.43 -2.57 -2.78 -13.00 -57.00 248.00 397.00 -231.00 -400.00 0
17995 -2.02 -2.99 -2.92 -13.00 -53.00 249.00 397.00 -231.00 -400.00 0
18004 -1.53 -3.48 -3.06 -9.00 -47.00 245.00 397.00 -231.00 -400.00 0
18014 -1.11 -3.97 -3.20 -6.00 -45.00 246.00 397.00 -231.00 -400.00 0
18023 -0.83 -4.38 -3.41 -1.00 -42.00 240.00 397.00 -231.00 -400.00 0
18032 -0.83 -4.73 -3.55 1.00 -43.00 237.00 397.00 -231.00 -400.00 0
18041 -0.90 -4.87 -3.69 3.00 -41.00 235.00 395.00 -237.00 -676.00 0
18051 -1.04 -4.45 -3.55 -2.00 -47.00 239.00 395.00 -237.00 -676.00 0
18060 -1.11 -4.10 -3.34 1.00 -47.00 245.00 395.00 -237.00 -676.00 0
18069 -1.39 -3.62 -3.20 -3.00 -49.00 245.00 395.00 -237.00 -676.00 0
18078 -1.60 -3.27 -3.06 -10.00 -53.00 246.00 395.00 -237.00 -676.00 0
18087 -1.74 -2.99 -2.92 -8.00 -50.00 243.00 395.00 -237.00 -676.00 0
18097 -1.88 -2.85 -2.85 -6.00 -50.00 245.00 395.00 -237.00 -676.00 0
18106 -1.88 -2.85 -2.85 -7.00 -47.00 250.00 395.00 -237.00 -770.00 0
18115 -1.67 -3.34 -2.85 -4.00 -48.00 247.00 393.00 -237.00 -770.00 0
18123 -1.67 -3.62 -2.92 -2.00 -47.00 239.00 393.00 -237.00 -770.00 0
18132 -1.60 -3.76 -2.99 -2.00 -48.00 238.00 393.00 -237.00 -770.00 0
18142 -1.67 -3.83 -3.06 -2.00 -46.00 240.00 393.00 -237.00 -770.00 0
18151 -1.74 -3.76 -3.20 -2.00 -49.00 246.00 393.00 -237.00 -770.00 0
18160 -1.88 -3.62 -3.20 -2.00 -45.00 243.00 393.00 -237.00 -770.00 0
18169 -1.88 -3.06 -3.27 -4.00 -46.00 242.00 393.00 -237.00 -770.00 0
18179 -2.02 -2.78 -3.27 -4.00 -48.00 245.00 393.00 -237.00 -770.00 0
18188 -1.95 -2.57 -3.13 -8.00 -48.00 245.00 393.00 -237.00 -770.00 0
18197 -1.95 -2.50 -2.99 -9.00 -50.00 248.00 393.00 -237.00 -770.00 0
18206 -2.09 -2.71 -2.85 -7.00 -48.00 243.00 393.00 -237.00 -770.00 0
18215 -2.16 -2.85 -2.85 -6.00 -50.00 242.00 393.00 -237.00 -770.00 0
18225 -2.23 -3.06 -2.78 -8.00 -50.00 240.00 393.00 -237.00 -770.00 0
18234 -2.16 -3.20 -2.92 -8.00 -49.00 243.00 393.00 -237.00 -770.00 0
18243 -2.02 -3.27 -2.92 -2.00 -44.00 244.00 393.00 -237.00 -770.00 0
18252 -1.95 -3.34 -2.99 -6.00 -46.00 245.00 393.00 -237.00 -770.00 0
18262 -1.74 -3.48 -2.92 -3.00 -48.00 243.00 393.00 -237.00 -770.00 0
18271 -1.67 -3.55 -2.85 -2.00 -50.00 242.00 393.00 -237.00 -770.00 0
18280 -1.67 -3.62 -2.85 -4.00 -53.00 245.00 393.00 -237.00 -770.00 0
18289 -1.67 -3.55 -2.85 -5.00 -52.00 238.00 393.00 -237.00 -770.00 0
18297 -1.53 -3.27 -3.06 -3.00 -50.00 242.00 393.00 -237.00 -770.00 0
18307 -1.53 -3.06 -3.20 -4.00 -51.00 245.00 393.00 -237.00 -770.00 0
18316 -1.39 -2.99 -3.27 -7.00 -46.00 248.00 393.00 -237.00 -770.00 0
18325 -1.25 -3.06 -3.20 -6.00 -46.00 247.00 393.00 -237.00 -770.00 0
18334 -1.32 -3.20 -3.06 -1.00 -49.00 245.00 393.00 -237.00 -770.00 0
18343 -1.39 -3.27 -2.99 -2.00 -50.00 239.00 393.00 -237.00 -770.00 0
18353 -1.53 -3.34 -2.85 -2.00 -43.00 236.00 393.00 -237.00 -770.00 0
18362 -1.88 -3.20 -2.71 -1.00 -46.00 240.00 393.00 -237.00 -770.00 0
18371 -1.88 -3.06 -2.71 -5.00 -49.00 246.00 394.00 -236.00 -459.00 0
18380 -1.88 -2.92 -2.64 -4.00 -48.00 244.00 394.00 -236.00 -459.00 0
18390 -1.88 -2.85 -2.64 -8.00 -51.00 247.00 394.00 -236.00 -459.00 0
18399 -1.88 -2.85 -2.71 -10.00 -51.00 244.00 394.00 -236.00 -459.00 0
18408 -1.81 -2.92 -2.78 -8.00 -50.00 248.00 394.00 -236.00 -459.00 0
18417 -1.74 -2.99 -2.92 -8.00 -51.00 244.00 394.00 -236.00 -459.00 0
18426 -1.81 -3.06 -3.13 -6.00 -47.00 246.00 394.00 -236.00 -459.00 0
18436 -1.88 -3.13 -3.34 -7.00 -47.00 244.00 393.00 -235.00 -596.00 0
18445 -1.95 -3.34 -3.41 -3.00 -45.00 240.00 393.00 -235.00 -596.00 0
18454 -1.81 -3.69 -3.41 -3.00 -48.00 240.00 393.00 -235.00 -596.00 0
18463 -1.67 -3.97 -3.34 0.00 -48.00 239.00 393.00 -235.00 -596.00 0
18472 -1.53 -4.10 -3.34 2.00 -49.00 245.00 393.00 -235.00 -596.00 0
18482 -1.53 -3.83 -3.41 1.00 -48.00 241.00 393.00 -235.00 -596.00 0
18490 -1.53 -3.48 -3.41 -4.00 -47.00 243.00 393.00 -235.00 -596.00 0
18499 -1.60 -3.20 -3.34 -5.00 -47.00 247.00 394.00 -235.00 -685.00 0
18508 -1.60 -2.92 -3.20 -6.00 -49.00 244.00 394.00 -235.00 -685.00 0
18518 -1.60 -2.71 -3.13 -1.00 -48.00 244.00 394.00 -235.00 -685.00 0
18527 -1.67 -2.64 -3.06 -5.00 -49.00 244.00 394.00 -235.00 -685.00 0
18536 -1.67 -2.71 -2.99 -7.00 -48.00 249.00 394.00 -235.00 -685.00 0
18545 -1.74 -2.92 -2.99 -3.00 -50.00 245.00 394.00 -235.00 -685.00 0
18554 -1.74 -2.99 -2.99 -4.00 -53.00 245.00 394.00 -235.00 -685.00 0
18564 -1.81 -3.13 -2.99 -3.00 -49.00 242.00 394.00 -235.00 -685.00 0
18573 -1.95 -3.20 -3.06 -4.00 -47.00 240.00 394.00 -235.00 -685.00 0
18582 -1.88 -3.27 -3.13 0.00 -47.00 241.00 394.00 -235.00 -685.00 0
18591 -1.95 -3.27 -3.13 1.00 -48.00 240.00 394.00 -235.00 -685.00 0
18600 -1.88 -3.27 -3.06 0.00 -46.00 240.00 394.00 -235.00 -685.00 0
18610 -1.95 -2.99 -2.99 -4.00 -46.00 245.00 394.00 -235.00 -685.00 0