-4.52 -1.11 -2.37 -59.00 40.00 229.00 431.00 -445.00 -1124.00 0
622 -4.80 -0.56 -2.64 -60.00 42.00 226.00 431.00 -445.00 -1124.00 0
631 -4.94 -0.21 -3.06 -60.00 46.00 228.00 431.00 -445.00 -1124.00 0
641 -5.01 0.07 -3.34 -62.00 47.00 227.00 431.00 -445.00 -1124.00 0
650 -4.94 0.56 -3.83 -62.00 51.00 227.00 431.00 -445.00 -1124.00 0
659 -4.52 0.56 -3.90 -54.00 53.00 225.00 431.00 -445.00 -1124.00 0
668 -4.17 0.49 -3.90 -55.00 51.00 227.00 431.00 -445.00 -1124.00 0
677 -4.10 0.56 -3.90 -57.00 53.00 225.00 431.00 -445.00 -1124.00 0
687 -4.31 0.70 -4.03 -59.00 48.00 227.00 431.00 -445.00 -1124.00 0
696 -4.52 0.97 -4.17 -58.00 45.00 230.00 431.00 -445.00 -1124.00 0
705 -5.70 1.88 -4.52 -64.00 45.00 231.00 431.00 -445.00 -1124.00 0
713 -6.05 2.16 -4.45 -62.00 44.00 225.00 431.00 -445.00 -1124.00 0
722 -6.33 2.23 -4.17 -59.00 36.00 225.00 431.00 -445.00 -1124.00 0
732 -6.54 2.30 -4.03 -59.00 36.00 222.00 431.00 -445.00 -1124.00 0
741 -6.40 2.37 -4.03 -58.00 41.00 223.00 431.00 -445.00 -1124.00 0
750 -6.19 2.64 -4.03 -60.00 40.00 226.00 431.00 -445.00 -1124.00 0
759 -5.84 3.06 -4.17 -62.00 45.00 224.00 431.00 -445.00 -1124.00 0
769 -5.22 3.62 -4.38 -60.00 52.00 229.00 431.00 -445.00 -1124.00 0
778 -4.59 3.69 -4.59 -58.00 57.00 228.00 431.00 -445.00 -1124.00 0
787 -3.97 3.62 -4.66 -57.00 57.00 226.00 431.00 -445.00 -1124.00 0
796 -3.76 3.55 -4.59 -55.00 51.00 221.00 431.00 -445.00 -1124.00 0
805 -3.97 3.55 -4.38 -54.00 48.00 217.00 431.00 -445.00 -1124.00 0
815 -4.45 3.83 -4.38 -58.00 47.00 221.00 431.00 -445.00 -1124.00 0
824 -5.15 5.15 -4.59 -56.00 49.00 218.00 431.00 -445.00 -1124.00 0
833 -5.77 5.91 -4.87 -57.00 46.00 220.00 431.00 -445.00 -1124.00 0
842 -6.40 6.75 -5.15 -64.00 42.00 229.00 431.00 -445.00 -1124.00 0
851 -6.96 7.58 -5.29 -66.00 41.00 229.00 431.00 -445.00 -1124.00 0
860 -7.30 8.21 -5.36 -71.00 39.00 234.00 431.00 -445.00 -1124.00 0
869 -7.30 8.35 -5.22 -76.00 32.00 233.00 431.00 -445.00 -1124.00 0
878 -7.30 7.72 -5.08 -78.00 37.00 235.00 440.00 -437.00 -951.00 0
887 -6.40 6.75 -5.08 -72.00 35.00 223.00 440.00 -437.00 -951.00 0
897 -5.63 5.57 -5.01 -74.00 34.00 218.00 440.00 -437.00 -951.00 0
906 -4.66 4.59 -4.87 -74.00 35.00 217.00 440.00 -437.00 -951.00 0
915 -3.55 3.97 -4.73 -69.00 37.00 219.00 440.00 -437.00 -951.00 0
924 -2.23 3.69 -4.52 -71.00 36.00 220.00 440.00 -437.00 -951.00 0
933 -1.04 3.55 -4.45 -69.00 31.00 223.00 440.00 -437.00 -951.00 0
943 0.42 4.03 -4.73 -66.00 41.00 222.00 444.00 -440.00 -936.00 0
951 1.25 4.45 -5.08 -65.00 44.00 224.00 444.00 -440.00 -936.00 0
960 2.09 4.87 -5.50 -64.00 46.00 219.00 444.00 -440.00 -936.00 0
969 2.78 5.43 -5.84 -62.00 47.00 214.00 444.00 -440.00 -936.00 0
978 3.34 6.12 -6.19 -61.00 43.00 212.00 444.00 -440.00 -936.00 0
988 3.55 7.10 -6.54 -61.00 48.00 213.00 444.00 -440.00 -936.00 0
997 3.83 8.28 -6.75 -66.00 46.00 216.00 444.00 -440.00 -936.00 0
1006 4.45 10.85 -6.68 -70.00 45.00 225.00 451.00 -440.00 -1110.00 0
1015 4.38 12.03 -6.82 -72.00 49.00 233.00 451.00 -440.00 -1110.00 0
1025 4.45 12.52 -7.23 -74.00 56.00 232.00 451.00 -440.00 -1110.00 0
1034 4.73 12.31 -7.37 -68.00 62.00 232.00 451.00 -440.00 -1110.00 0
1043 5.01 11.69 -7.23 -65.00 58.00 230.00 451.00 -440.00 -1110.00 0
1052 5.01 10.85 -6.82 -65.00 56.00 221.00 451.00 -440.00 -1110.00 0
1061 4.31 9.53 -5.77 -64.00 53.00 218.00 451.00 -440.00 -1110.00 0
1071 4.03 9.25 -5.15 -69.00 50.00 213.00 451.00 -440.00 -1110.00 0
1080 3.34 9.46 -4.59 -77.00 42.00 221.00 451.00 -440.00 -1110.00 0
1089 2.30 9.95 -4.38 -82.00 38.00 227.00 451.00 -440.00 -1110.00 0
1098 1.11 10.57 -4.66 -85.00 42.00 232.00 451.00 -440.00 -1110.00 0
1107 0.14 10.64 -5.36 -84.00 36.00 232.00 451.00 -440.00 -1110.00 0
1117 -0.97 9.60 -7.10 -86.00 33.00 232.00 451.00 -440.00 -1110.00 0
1126 -1.11 8.70 -8.07 -84.00 31.00 229.00 451.00 -440.00 -1110.00 0
1135 -0.28 7.44 -8.77 -77.00 35.00 223.00 451.00 -440.00 -1110.00 0
1144 1.11 5.98 -9.39 -70.00 39.00 218.00 451.00 -440.00 -1110.00 0
1154 2.85 4.59 -9.95 -70.00 45.00 210.00 451.00 -440.00 -1110.00 0
1163 4.59 3.69 -10.64 -67.00 38.00 204.00 451.00 -440.00 -1110.00 0
1172 6.33 4.10 -13.36 -78.00 34.00 207.00 451.00 -440.00 -1110.00 0
1181 6.19 5.36 -15.79 -82.00 38.00 209.00 451.00 -440.00 -1110.00 0
1190 6.26 6.61 -18.64 -95.00 45.00 218.00 451.00 -440.00 -1110.00 0
1200 6.47 7.72 -21.43 -91.00 58.00 219.00 451.00 -440.00 -1110.00 0
1209 7.10 8.35 -23.79 -90.00 72.00 223.00 451.00 -440.00 -1110.00 0
1218 8.14 8.49 -25.11 -92.00 73.00 225.00 451.00 -440.00 -1110.00 0
1227 9.25 7.65 -23.79 -92.00 66.00 225.00 451.00 -440.00 -1110.00 0
1236 8.28 7.10 -22.40 -94.00 51.00 217.00 451.00 -440.00 -1110.00 0
1246 6.96 6.75 -21.36 -92.00 48.00 222.00 451.00 -440.00 -1110.00 0
1255 6.26 6.40 -20.80 -88.00 54.00 229.00 451.00 -440.00 -1110.00 0
1264 6.26 5.84 -20.59 -81.00 56.00 228.00 451.00 -440.00 -1110.00 0
1273 6.47 4.73 -20.66 -84.00 48.00 223.00 451.00 -440.00 -1110.00 0
1283 6.19 2.99 -21.29 -78.00 58.00 221.00 451.00 -440.00 -1110.00 0
1292 6.89 1.95 -21.08 -73.00 61.00 220.00 451.00 -440.00 -1110.00 0
1301 7.23 1.25 -20.66 -71.00 59.00 220.00 451.00 -440.00 -1110.00 0
1310 6.54 0.90 -20.03 -79.00 57.00 216.00 451.00 -440.00 -1110.00 0
1319 5.22 0.97 -18.64 -76.00 52.00 206.00 451.00 -440.00 -1110.00 0
1329 3.69 1.18 -16.90 -76.00 55.00 202.00 451.00 -440.00 -1110.00 0
1338 1.67 2.23 -13.22 -78.00 63.00 206.00 451.00 -440.00 -1110.00 0
1347 1.81 2.92 -11.48 -78.00 66.00 215.00 451.00 -440.00 -1110.00 0
1357 1.88 3.55 -9.81 -88.00 68.00 221.00 451.00 -440.00 -1110.00 0
1366 1.60 4.03 -8.28 -89.00 62.00 222.00 451.00 -440.00 -1110.00 0
1375 0.56 4.38 -7.30 -96.00 60.00 222.00 451.00 -440.00 -1110.00 0
1384 -0.90 4.52 -6.82 -100.00 57.00 220.00 451.00 -440.00 -1110.00 0
1393 -3.55 3.90 -6.82 -94.00 51.00 223.00 451.00 -440.00 -1110.00 0
1402 -4.38 3.48 -6.96 -90.00 48.00 218.00 484.00 -430.00 -1165.00 0
1412 -5.08 3.06 -7.23 -87.00 44.00 213.00 484.00 -430.00 -1165.00 0
1421 -5.29 2.43 -7.37 -80.00 46.00 212.00 484.00 -430.00 -1165.00 0
1430 -4.52 1.81 -7.23 -77.00 53.00 217.00 484.00 -430.00 -1165.00 0
1439 -3.83 1.53 -6.89 -82.00 59.00 209.00 484.00 -430.00 -1165.00 0
1448 -3.69 1.95 -5.70 -82.00 66.00 212.00 484.00 -430.00 -1165.00 0
1458 -3.83 2.16 -4.59 -83.00 65.00 218.00 484.00 -430.00 -1165.00 0
1467 -4.38 2.09 -3.06 -82.00 63.00 223.00 485.00 -428.00 -1103.00 0
1476 -5.15 1.67 -1.39 -87.00 63.00 235.00 485.00 -428.00 -1103.00 0
1485 -6.40 0.83 0.49 -82.00 57.00 229.00 485.00 -428.00 -1103.00 0
1495 -8.35 -0.63 2.30 -82.00 45.00 221.00 485.00 -428.00 -1103.00 0
1504 -10.92 -2.37 3.76 -71.00 38.00 226.00 485.00 -428.00 -1103.00 0
1513 -14.40 -5.08 5.01 -72.00 34.00 228.00 485.00 -428.00 -1103.00 0
1522 -15.17 -5.77 4.87 -65.00 38.00 228.00 485.00 -428.00 -1103.00 0
1531 -15.30 -5.98 4.52 -60.00 42.00 231.00 478.00 -428.00 -1119.00 0
1541 -15.23 -5.91 4.38 -66.00 40.00 228.00 478.00 -428.00 -1119.00 0
1551 -15.37 -5.70 4.59 -74.00 28.00 221.00 478.00 -428.00 -1119.00 0
1560 -16.21 -5.43 5.08 -78.00 16.00 208.00 478.00 -428.00 -1119.00 0
1569 -18.30 -5.63 5.91 -80.00 15.00 199.00 478.00 -428.00 -1119.00 0
1579 -17.67 -5.63 6.12 -84.00 20.00 195.00 478.00 -428.00 -1119.00 0
1588 -15.79 -5.15 5.98 -89.00 24.00 203.00 478.00 -428.00 -1119.00 0
1597 -13.08 -4.31 5.70 -95.00 23.00 213.00 479.00 -428.00 -1095.00 0
1606 -10.02 -3.20 5.08 -98.00 35.00 224.00 479.00 -428.00 -1095.00 0
1615 -6.96 -2.30 4.31 -98.00 47.00 234.00 479.00 -428.00 -1095.00 0
1625 -1.39 -1.95 2.30 -94.00 50.00 241.00 479.00 -428.00 -1095.00 0
1634 0.14 -2.78 1.25 -91.00 57.00 237.00 479.00 -428.00 -1095.00 0
1643 0.90 -4.17 0.35 -82.00 57.00 225.00 479.00 -428.00 -1095.00 0
1652 0.97 -5.57 -0.28 -74.00 56.00 217.00 479.00 -428.00 -1095.00 0
1661 0.56 -6.54 -0.70 -77.00 52.00 215.00 479.00 -428.00 -1095.00 0
1671 -0.42 -6.96 -0.97 -77.00 50.00 212.00 479.00 -428.00 -1095.00 0
1680 -2.57 -6.05 -1.46 -76.00 51.00 213.00 479.00 -428.00 -1095.00 0
1689 -3.34 -5.15 -1.60 -73.00 44.00 213.00 479.00 -428.00 -1095.00 0
1698 -4.17 -4.17 -1.67 -78.00 39.00 215.00 479.00 -428.00 -1095.00 0
1708 -4.87 -3.20 -1.74 -79.00 36.00 208.00 479.00 -428.00 -1095.00 0
1717 -5.22 -2.23 -1.95 -84.00 37.00 214.00 479.00 -428.00 -1095.00 0
1726 -5.01 -1.39 -2.16 -87.00 39.00 220.00 479.00 -428.00 -1095.00 0
1735 -3.34 0.00 -2.43 -86.00 38.00 225.00 479.00 -428.00 -1095.00 0
1744 -2.30 0.14 -2.37 -85.00 40.00 224.00 479.00 -428.00 -1095.00 0
1754 -1.46 -0.07 -2.30 -84.00 45.00 225.00 479.00 -428.00 -1095.00 0
1762 -0.77 -0.70 -2.23 -83.00 49.00 225.00 479.00 -428.00 -1095.00 0
1771 -0.28 -1.67 -2.16 -82.00 50.00 221.00 479.00 -428.00 -1095.00 0
1780 -0.21 -2.85 -2.23 -76.00 48.00 215.00 479.00 -428.00 -1095.00 0
1789 -0.83 -4.52 -2.57 -79.00 47.00 212.00 479.00 -428.00 -1095.00 0
1799 -1.11 -4.73 -2.99 -82.00 52.00 206.00 479.00 -428.00 -1095.00 0
1808 -1.32 -4.59 -3.34 -77.00 54.00 206.00 479.00 -428.00 -1095.00 0
1817 -1.39 -4.10 -3.69 -80.00 46.00 203.00 479.00 -428.00 -1095.00 0
1826 -1.67 -3.34 -3.83 -79.00 35.00 211.00 479.00 -428.00 -1095.00 0
1836 -1.81 -2.30 -4.10 -79.00 41.00 212.00 479.00 -428.00 -1095.00 0
1845 -1.74 -0.21 -4.87 -82.00 45.00 222.00 479.00 -428.00 -1095.00 0
1854 -0.97 0.77 -5.15 -86.00 48.00 230.00 479.00 -428.00 -1095.00 0
1863 -0.49 1.39 -5.01 -86.00 50.00 229.00 479.00 -428.00 -1095.00 0
1872 -0.35 1.60 -4.66 -81.00 47.00 225.00 479.00 -428.00 -1095.00 0
1882 -0.14 1.67 -4.10 -81.00 51.00 222.00 479.00 -428.00 -1095.00 0
1891 0.21 1.39 -3.62 -79.00 57.00 216.00 479.00 -428.00 -1095.00 0
1900 0.21 1.04 -2.64 -77.00 51.00 215.00 479.00 -428.00 -1095.00 0
1909 -0.77 0.49 -2.37 -77.00 47.00 214.00 479.00 -428.00 -1095.00 0
1918 -1.39 0.49 -2.16 -78.00 49.00 212.00 479.00 -428.00 -1095.00 0
1928 -1.81 0.70 -1.95 -77.00 48.00 215.00 478.00 -428.00 -1105.00 0
1937 -2.09 1.11 -1.74 -82.00 47.00 217.00 478.00 -428.00 -1105.00 0
1946 -2.23 1.74 -1.67 -88.00 45.00 226.00 478.00 -428.00 -1105.00 0
1955 -2.43 2.30 -1.60 -91.00 48.00 231.00 478.00 -428.00 -1105.00 0
1965 -2.92 1.81 -1.67 -93.00 45.00 232.00 478.00 -428.00 -1105.00 0
1974 -3.27 0.63 -1.88 -94.00 46.00 224.00 478.00 -428.00 -1105.00 0
1983 -3.34 -0.77 -2.09 -89.00 51.00 223.00 478.00 -428.00 -1105.00 0
1992 -3.34 -1.95 -2.23 -86.00 49.00 218.00 479.00 -428.00 -1040.00 0
2001 -3.41 -2.64 -2.30 -81.00 55.00 210.00 479.00 -428.00 -1040.00 0
2011 -3.48 -3.13 -2.37 -79.00 47.00 207.00 479.00 -428.00 -1040.00 0
2020 -4.03 -3.06 -2.43 -82.00 49.00 210.00 479.00 -428.00 -1040.00 0
2029 -4.38 -2.57 -2.50 -88.00 50.00 225.00 479.00 -428.00 -1040.00 0
2038 -4.59 -2.37 -2.64 -95.00 56.00 239.00 479.00 -428.00 -1040.00 0
2048 -4.94 -2.78 -2.64 -99.00 57.00 249.00 479.00 -428.00 -1040.00 0
2057 -5.91 -4.45 -2.57 -91.00 51.00 232.00 473.00 -428.00 -1270.00 0
2066 -7.44 -7.10 -2.57 -86.00 51.00 228.00 473.00 -428.00 -1270.00 0
2075 -9.95 -12.38 -2.37 -80.00 59.00 221.00 473.00 -428.00 -1270.00 0
2084 -11.06 -15.03 -1.88 -66.00 54.00 214.00 473.00 -428.00 -1270.00 0
2094 -12.45 -17.32 -1.25 -65.00 50.00 207.00 473.00 -428.00 -1270.00 0
2104 -14.05 -18.85 -0.70 -64.00 43.00 205.00 473.00 -428.00 -1270.00 0
2113 -15.79 -19.76 -0.21 -68.00 41.00 213.00 473.00 -428.00 -1270.00 0
2122 -17.11 -20.10 0.42 -71.00 42.00 220.00 465.00 -422.00 -1144.00 0
2131 -18.85 -20.52 1.46 -82.00 43.00 235.00 465.00 -422.00 -1144.00 0
2141 -19.62 -21.15 2.09 -82.00 35.00 242.00 465.00 -422.00 -1144.00 0
2150 -20.59 -22.33 2.57 -89.00 36.00 244.00 465.00 -422.00 -1144.00 0
2159 -21.50 -24.07 2.85 -82.00 35.00 240.00 465.00 -422.00 -1144.00 0
2168 -22.33 -26.30 2.85 -71.00 35.00 229.00 465.00 -422.00 -1144.00 0
2178 -23.03 -28.87 1.95 -60.00 39.00 211.00 465.00 -422.00 -1144.00 0
2187 -23.79 -32.77 1.25 -48.00 32.00 196.00 465.00 -412.00 -973.00 0
2196 -23.65 -33.25 0.63 -42.00 29.00 186.00 450.00 -412.00 -973.00 0
2205 -23.03 -31.93 0.28 -41.00 20.00 178.00 450.00 -412.00 -973.00 0
2214 -21.84 -28.80 -0.07 -40.00 18.00 184.00 450.00 -412.00 -973.00 0
2224 -19.62 -24.14 -0.28 -43.00 22.00 188.00 450.00 -412.00 -973.00 0
2233 -16.07 -18.30 -0.49 -46.00 25.00 193.00 450.00 -412.00 -973.00 0
2242 -8.00 -5.84 -0.35 -57.00 24.00 203.00 450.00 -412.00 -973.00 0
2251 -4.38 0.42 -0.21 -63.00 24.00 208.00 450.00 -412.00 -973.00 0
2260 -0.70 6.89 -0.21 -73.00 18.00 203.00 450.00 -412.00 -973.00 0
2270 3.69 13.57 -0.28 -61.00 14.00 198.00 450.00 -412.00 -973.00 0
2279 9.67 20.31 -0.56 -55.00 26.00 188.00 450.00 -412.00 -973.00 0
2288 16.42 26.85 -1.04 -53.00 39.00 179.00 450.00 -412.00 -973.00 0
2297 28.24 37.22 -2.02 -60.00 49.00 184.00 450.00 -412.00 -973.00 1
2309 32.14 41.67 -2.23 -104.00 72.00 272.00 450.00 -412.00 -973.00 1
2320 34.37 46.40 -2.85 -158.00 91.00 360.00 478.00 -435.00 -1003.00 1
2331 40.90 51.06 -4.24 -173.00 98.00 355.00 478.00 -435.00 -1003.00 1
2342 36.31 44.38 -4.80 -135.00 90.00 295.00 478.00 -435.00 -1003.00 1
2353 15.44 17.32 -5.29 -119.00 56.00 243.00 478.00 -435.00 -1003.00 1
2364 5.29 4.80 -5.98 -84.00 65.00 225.00 478.00 -435.00 -1003.00 0
2373 -1.53 -7.10 -6.54 -64.00 75.00 213.00 478.00 -435.00 -1003.00 0
2382 -6.47 -17.32 -6.19 -54.00 63.00 208.00 478.00 -435.00 -1003.00 0
2392 -11.06 -24.83 -5.01 -48.00 51.00 199.00 478.00 -435.00 -1003.00 0
2401 -18.78 -32.77 -0.63 -43.00 23.00 173.00 478.00 -435.00 -1003.00 0
2410 -21.77 -33.88 1.18 -33.00 6.00 162.00 478.00 -435.00 -1003.00 0
2419 -22.61 -32.83 2.43 -38.00 6.00 152.00 478.00 -435.00 -1003.00 0
2428 -21.57 -29.01 2.92 -44.00 9.00 172.00 478.00 -435.00 -1003.00 0
2438 -18.71 -22.89 2.92 -56.00 17.00 189.00 478.00 -435.00 -1003.00 0
2447 -14.33 -15.37 2.50 -65.00 20.00 209.00 478.00 -435.00 -1003.00 0
2456 -5.29 -1.53 1.95 -85.00 26.00 219.00 462.00 -428.00 -1120.00 0
2465 -1.39 4.03 0.97 -95.00 36.00 236.00 462.00 -428.00 -1120.00 0
2475 2.43 8.14 -0.28 -97.00 54.00 253.00 462.00 -428.00 -1120.00 0
2484 6.19 10.71 -1.67 -100.00 67.00 262.00 462.00 -428.00 -1120.00 0
2493 8.77 11.62 -2.99 -95.00 74.00 258.00 462.00 -428.00 -1120.00 0
2503 9.81 10.50 -4.24 -84.00 65.00 239.00 462.00 -428.00 -1120.00 0
2512 7.37 5.22 -4.24 -77.00 53.00 219.00 462.00 -428.00 -1120.00 0
2522 5.36 2.85 -4.38 -68.00 51.00 213.00 462.00 -428.00 -1120.00 0
2531 3.97 1.32 -4.73 -63.00 54.00 207.00 462.00 -428.00 -1120.00 0
2539 3.06 0.56 -4.94 -64.00 50.00 212.00 462.00 -428.00 -1120.00 0
2548 2.16 0.35 -4.94 -66.00 44.00 213.00 462.00 -428.00 -1120.00 0
2557 1.04 0.28 -4.52 -70.00 38.00 211.00 462.00 -428.00 -1120.00 0
2567 -1.32 0.70 -3.27 -74.00 35.00 215.00 462.00 -428.00 -1120.00 0
2576 -1.53 1.11 -2.78 -75.00 43.00 220.00 462.00 -428.00 -1120.00 0
2585 -1.25 1.67 -2.50 -83.00 47.00 226.00 462.00 -428.00 -1120.00 0
2594 -0.90 2.09 -2.30 -84.00 49.00 231.00 462.00 -428.00 -1120.00 0
2604 -0.56 2.23 -2.30 -81.00 54.00 225.00 462.00 -428.00 -1120.00 0
2613 -0.21 1.88 -2.43 -75.00 56.00 228.00 462.00 -428.00 -1120.00 0
2622 0.14 0.14 -2.71 -72.00 56.00 216.00 462.00 -428.00 -1120.00 0
2631 -0.07 -0.63 -2.64 -68.00 53.00 216.00 462.00 -428.00 -1120.00 0
2640 -0.35 -1.11 -2.57 -69.00 55.00 212.00 462.00 -428.00 -1120.00 0
2650 -0.56 -1.25 -2.37 -69.00 50.00 213.00 468.00 -432.00 -866.00 0
2659 -0.77 -1.04 -2.23 -74.00 47.00 217.00 468.00 -432.00 -866.00 0
2668 -1.04 -0.49 -2.02 -77.00 44.00 215.00 468.00 -432.00 -866.00 0
2677 -1.53 0.83 -1.74 -78.00 43.00 225.00 468.00 -432.00 -866.00 0
2686 -1.67 1.18 -1.81 -81.00 43.00 224.00 468.00 -432.00 -866.00 0
2696 -1.74 1.60 -1.95 -79.00 44.00 226.00 468.00 -432.00 -866.00 0
2705 -1.60 1.74 -2.16 -83.00 47.00 226.00 468.00 -432.00 -866.00 0
2714 -1.53 1.67 -2.43 -80.00 53.00 221.00 467.00 -435.00 -1115.00 0
2723 -1.39 1.25 -2.71 -75.00 54.00 223.00 467.00 -435.00 -1115.00 0
2733 -1.32 0.63 -2.99 -76.00 55.00 215.00 467.00 -435.00 -1115.00 0
2742 -1.53 -0.63 -2.99 -76.00 50.00 218.00 467.00 -435.00 -1115.00 0
2751 -1.60 -0.90 -2.92 -76.00 58.00 219.00 467.00 -435.00 -1115.00 0
2760 -1.81 -1.04 -2.71 -76.00 48.00 218.00 467.00 -435.00 -1115.00 0
2769 -2.23 -1.11 -2.50 -74.00 48.00 217.00 467.00 -435.00 -1115.00 0
2779 -2.64 -1.11 -2.30 -76.00 48.00 220.00 470.00 -433.00 -966.00 0
2788 -2.78 -1.04 -2.16 -78.00 47.00 229.00 470.00 -433.00 -966.00 0
2797 -3.20 -0.70 -2.23 -85.00 50.00 231.00 470.00 -433.00 -966.00 0
2806 -3.41 -0.56 -2.57 -86.00 52.00 232.00 470.00 -433.00 -966.00 0
2816 -3.97 -0.90 -2.99 -80.00 51.00 224.00 470.00 -433.00 -966.00 0
2825 -4.59 -1.81 -3.20 -72.00 49.00 213.00 470.00 -433.00 -966.00 0
2834 -5.08 -2.85 -3.20 -68.00 44.00 212.00 470.00 -433.00 -966.00 0
2842 -5.36 -3.55 -3.06 -68.00 46.00 208.00 470.00 -433.00 -966.00 0
2851 -5.15 -3.55 -2.71 -71.00 50.00 215.00 470.00 -433.00 -966.00 0
2861 -4.87 -3.20 -2.43 -77.00 47.00 218.00 470.00 -433.00 -966.00 0
2870 -4.87 -2.78 -2.16 -76.00 47.00 220.00 470.00 -433.00 -966.00 0
2879 -4.73 -2.50 -1.95 -78.00 51.00 229.00 470.00 -433.00 -966.00 0
2888 -4.59 -2.16 -1.81 -83.00 51.00 234.00 470.00 -433.00 -966.00 0
2897 -4.66 -1.95 -1.95 -86.00 57.00 236.00 470.00 -433.00 -966.00 0
2907 -5.08 -2.30 -2.16 -83.00 56.00 228.00 470.00 -433.00 -966.00 0
2916 -6.89 -5.29 -2.23 -79.00 49.00 220.00 470.00 -433.00 -966.00 0
2925 -8.14 -6.89 -2.30 -69.00 40.00 212.00 470.00 -433.00 -966.00 0
2934 -8.90 -7.93 -2.37 -66.00 40.00 201.00 470.00 -433.00 -966.00 0
2944 -8.83 -8.28 -2.37 -63.00 44.00 203.00 470.00 -433.00 -966.00 0
2953 -8.21 -7.86 -2.37 -62.00 46.00 204.00 470.00 -433.00 -966.00 0
2962 -7.17 -6.75 -2.30 -62.00 46.00 204.00 470.00 -433.00 -966.00 0
2971 -5.15 -3.06 -2.02 -69.00 39.00 209.00 470.00 -433.00 -966.00 0
2980 -3.97 -0.83 -1.88 -80.00 44.00 221.00 470.00 -433.00 -966.00 0
2990 -2.85 1.11 -1.81 -84.00 46.00 231.00 470.00 -433.00 -966.00 0
2999 -1.81 2.57 -1.88 -83.00 51.00 229.00 470.00 -433.00 -966.00 0
3008 -1.04 3.41 -2.02 -83.00 47.00 223.00 470.00 -433.00 -966.00 0
3016 -0.63 3.55 -2.09 -80.00 45.00 220.00 470.00 -433.00 -966.00 0
3025 -0.49 3.41 -2.64 -73.00 53.00 215.00 470.00 -433.00 -966.00 0
3035 0.21 3.34 -2.71 -73.00 55.00 209.00 470.00 -433.00 -966.00 0
3044 0.56 3.41 -2.57 -67.00 57.00 209.00 471.00 -432.00 -1207.00 0
3053 0.83 3.62 -2.30 -68.00 57.00 209.00 471.00 -432.00 -1207.00 0
3062 1.25 4.31 -1.74 -71.00 50.00 220.00 471.00 -432.00 -1207.00 0
3072 1.81 5.43 -1.04 -72.00 40.00 212.00 471.00 -432.00 -1207.00 0
3081 2.37 6.96 -0.28 -63.00 40.00 200.00 471.00 -432.00 -1207.00 0
3090 4.52 9.60 0.42 -56.00 36.00 179.00 471.00 -432.00 -1207.00 0
3099 5.57 11.13 0.70 -51.00 30.00 171.00 471.00 -432.00 -1207.00 1
3109 6.96 13.70 0.90 -65.00 39.00 180.00 477.00 -438.00 -1111.00 1
3121 9.25 17.39 0.77 -111.00 69.00 251.00 477.00 -438.00 -1111.00 1
3131 14.54 27.76 -1.53 -143.00 57.00 319.00 477.00 -438.00 -1111.00 1
3142 17.04 32.49 -2.71 -138.00 88.00 307.00 477.00 -438.00 -1111.00 1
3153 14.40 21.91 -4.87 -98.00 94.00 247.00 477.00 -438.00 -1111.00 1
3165 9.04 12.10 -4.73 -73.00 65.00 202.00 477.00 -438.00 -1111.00 1
3175 3.06 4.38 -4.10 -79.00 41.00 204.00 483.00 -441.00 -1095.00 1
3185 -4.66 -4.38 -3.90 -83.00 59.00 220.00 483.00 -441.00 -1095.00 0
3194 -5.50 -8.00 -3.48 -79.00 65.00 225.00 483.00 -441.00 -1095.00 0
3204 -6.68 -11.06 -3.06 -84.00 60.00 220.00 483.00 -441.00 -1095.00 0
3213 -8.56 -13.43 -2.50 -80.00 44.00 218.00 483.00 -441.00 -1095.00 0
3222 -10.30 -15.44 -1.53 -81.00 42.00 210.00 483.00 -441.00 -1095.00 0
3231 -11.83 -16.97 -0.63 -77.00 38.00 204.00 483.00 -441.00 -1095.00 0
3240 -13.77 -17.74 -0.14 -77.00 37.00 203.00 474.00 -436.00 -1149.00 0
3250 -13.50 -16.90 -0.42 -71.00 46.00 201.00 474.00 -436.00 -1149.00 0
3259 -12.45 -15.79 -0.70 -64.00 46.00 196.00 474.00 -436.00 -1149.00 0
3268 -11.13 -14.33 -0.97 -63.00 44.00 200.00 474.00 -436.00 -1149.00 0
3278 -9.74 -12.38 -1.18 -69.00 43.00 202.00 474.00 -436.00 -1149.00 0
3288 -8.28 -10.02 -1.60 -68.00 50.00 204.00 474.00 -436.00 -1149.00 0
3297 -4.87 -5.08 -1.81 -78.00 57.00 217.00 474.00 -436.00 -1149.00 0
3306 -3.41 -2.78 -1.88 -88.00 56.00 226.00 472.00 -437.00 -1039.00 0
3315 -2.50 -0.97 -1.81 -91.00 57.00 238.00 472.00 -437.00 -1039.00 0
3324 -2.16 0.00 -1.67 -87.00 59.00 236.00 472.00 -437.00 -1039.00 0
3334 -2.02 0.07 -1.53 -86.00 56.00 231.00 472.00 -437.00 -1039.00 0
3343 -2.23 -0.70 -1.32 -80.00 50.00 219.00 472.00 -437.00 -1039.00 0
3352 -3.20 -2.50 -1.39 -75.00 55.00 214.00 472.00 -437.00 -1039.00 0
3360 -3.48 -3.06 -1.74 -71.00 52.00 212.00 472.00 -437.00 -1039.00 0
3369 -3.62 -3.20 -1.95 -71.00 49.00 207.00 471.00 -436.00 -1348.00 0
3379 -3.83 -2.99 -2.16 -74.00 51.00 210.00 471.00 -436.00 -1348.00 0
3388 -3.83 -2.71 -2.16 -70.00 48.00 212.00 471.00 -436.00 -1348.00 0
3397 -3.69 -2.30 -2.09 -75.00 54.00 216.00 471.00 -436.00 -1348.00 0
3406 -3.20 -1.25 -1.60 -79.00 53.00 225.00 471.00 -436.00 -1348.00 0
3416 -2.99 -0.77 -1.25 -87.00 50.00 227.00 471.00 -436.00 -1348.00 0
3425 -2.92 -0.70 -1.11 -89.00 52.00 226.00 471.00 -436.00 -1348.00 0
3434 -3.06 -0.90 -1.25 -83.00 54.00 224.00 473.00 -436.00 -1106.00 0
3443 -3.41 -1.25 -1.67 -82.00 51.00 224.00 473.00 -436.00 -1106.00 0
3452 -3.83 -1.88 -2.09 -75.00 51.00 212.00 473.00 -436.00 -1106.00 0
3462 -4.38 -3.06 -2.78 -70.00 51.00 210.00 473.00 -436.00 -1106.00 0
3471 -4.10 -3.34 -2.92 -70.00 51.00 207.00 473.00 -436.00 -1106.00 0
3480 -3.55 -3.27 -2.85 -69.00 53.00 212.00 473.00 -436.00 -1106.00 0
3489 -3.13 -2.78 -2.57 -78.00 51.00 217.00 473.00 -436.00 -1106.00 0
3499 -2.92 -2.16 -2.30 -82.00 54.00 223.00 473.00 -436.00 -1106.00 0
3508 -2.99 -1.81 -2.09 -81.00 51.00 227.00 473.00 -436.00 -1106.00 0
3517 -3.41 -1.81 -1.67 -83.00 51.00 221.00 473.00 -436.00 -1106.00 0
3526 -3.76 -2.02 -1.53 -79.00 50.00 215.00 473.00 -436.00 -1106.00 0
3535 -3.90 -2.09 -1.53 -78.00 45.00 218.00 473.00 -436.00 -1106.00 0
3545 -3.97 -2.09 -1.60 -84.00 50.00 220.00 473.00 -436.00 -1106.00 0
3554 -3.90 -2.02 -1.95 -83.00 55.00 221.00 473.00 -436.00 -1106.00 0
3563 -3.83 -1.88 -2.37 -84.00 52.00 225.00 473.00 -436.00 -1106.00 0
3572 -3.76 -2.43 -2.78 -76.00 52.00 216.00 473.00 -436.00 -1106.00 0
3581 -3.90 -2.99 -2.78 -75.00 55.00 212.00 473.00 -436.00 -1106.00 0
3591 -3.69 -3.41 -2.57 -69.00 57.00 212.00 473.00 -436.00 -1106.00 0
3600 -3.34 -3.55 -2.30 -76.00 52.00 215.00 473.00 -436.00 -1106.00 0
3609 -3.27 -3.34 -2.09 -79.00 51.00 219.00 473.00 -436.00 -1106.00 0
3618 -3.27 -3.06 -1.95 -80.00 58.00 221.00 473.00 -436.00 -1106.00 0
3628 -3.27 -2.85 -1.95 -81.00 58.00 222.00 473.00 -436.00 -1106.00 0
3637 -3.90 -2.92 -1.95 -81.00 49.00 217.00 473.00 -436.00 -1106.00 0
3646 -4.38 -3.06 -1.95 -77.00 49.00 218.00 473.00 -436.00 -1106.00 0
3655 -4.73 -3.34 -2.09 -74.00 51.00 218.00 473.00 -436.00 -1106.00 0
3664 -4.80 -3.76 -2.23 -76.00 46.00 219.00 473.00 -436.00 -1106.00 0
3674 -4.94 -4.03 -2.37 -75.00 49.00 218.00 473.00 -436.00 -1106.00 0
3683 -5.01 -4.31 -2.43 -76.00 51.00 219.00 473.00 -436.00 -1106.00 0
3692 -4.94 -4.59 -2.50 -80.00 54.00 224.00 473.00 -436.00 -1106.00 0
3701 -4.94 -4.66 -2.57 -80.00 53.00 228.00 473.00 -436.00 -1106.00 0
3710 -5.08 -5.01 -2.57 -77.00 52.00 223.00 473.00 -436.00 -1106.00 0
3720 -5.22 -5.50 -2.43 -75.00 50.00 215.00 473.00 -436.00 -1106.00 0
3729 -5.43 -5.84 -2.43 -69.00 47.00 213.00 473.00 -436.00 -1106.00 0
3738 -5.57 -6.05 -2.43 -74.00 46.00 218.00 473.00 -436.00 -1106.00 0
3747 -5.57 -6.05 -2.57 -72.00 50.00 225.00 473.00 -436.00 -1106.00 0
3757 -5.70 -5.91 -2.64 -83.00 53.00 227.00 473.00 -436.00 -1106.00 0
3766 -6.05 -6.05 -2.57 -80.00 53.00 234.00 465.00 -433.00 -1065.00 0
3775 -6.47 -6.47 -2.50 -79.00 57.00 228.00 465.00 -433.00 -1065.00 0
3784 -6.82 -7.17 -2.37 -79.00 56.00 241.00 465.00 -433.00 -1065.00 0
3793 -7.30 -8.28 -2.23 -79.00 58.00 233.00 465.00 -433.00 -1065.00 0
3803 -9.53 -11.97 -1.81 -73.00 55.00 226.00 465.00 -433.00 -1065.00 0
3812 -11.06 -14.19 -1.46 -73.00 50.00 227.00 465.00 -433.00 -1065.00 0
3822 -12.66 -16.07 -1.18 -72.00 49.00 227.00 465.00 -433.00 -1065.00 0
3831 -14.05 -17.74 -0.97 -73.00 43.00 220.00 458.00 -430.00 -1074.00 0
3841 -15.30 -18.92 -1.04 -68.00 45.00 215.00 458.00 -430.00 -1074.00 0
3850 -16.00 -19.41 -1.25 -64.00 47.00 213.00 458.00 -430.00 -1074.00 0
3859 -15.86 -18.85 -1.04 -59.00 40.00 210.00 458.00 -430.00 -1074.00 0
3868 -15.30 -17.88 -0.77 -62.00 34.00 215.00 458.00 -430.00 -1074.00 0
3877 -14.68 -16.63 -0.49 -59.00 39.00 215.00 458.00 -430.00 -1074.00 0
3887 -14.12 -15.37 -0.42 -61.00 40.00 213.00 458.00 -430.00 -1074.00 0
3896 -13.36 -13.91 -0.42 -63.00 40.00 215.00 453.00 -421.00 -1045.00 0
3905 -12.45 -12.10 -0.63 -61.00 40.00 216.00 453.00 -421.00 -1045.00 0
3914 -10.30 -8.28 -0.70 -59.00 38.00 212.00 453.00 -421.00 -1045.00 0
3923 -8.97 -6.40 -0.83 -61.00 40.00 211.00 453.00 -421.00 -1045.00 0
3933 -7.51 -4.59 -0.90 -56.00 41.00 209.00 453.00 -421.00 -1045.00 0
3942 -6.12 -2.99 -0.97 -57.00 40.00 207.00 453.00 -421.00 -1045.00 0
3951 -4.80 -1.25 -0.90 -57.00 44.00 201.00 453.00 -421.00 -1045.00 0
3960 -3.48 0.56 -0.70 -53.00 43.00 207.00 456.00 -424.00 -1132.00 0
3970 -0.70 4.87 -0.07 -56.00 37.00 203.00 456.00 -424.00 -1132.00 0
3979 0.49 7.30 0.21 -50.00 41.00 196.00 456.00 -424.00 -1132.00 0
3988 2.09 9.74 0.56 -46.00 42.00 191.00 456.00 -424.00 -1132.00 0
3997 4.03 12.59 1.11 -46.00 37.00 182.00 456.00 -424.00 -1132.00 0
4006 5.70 16.07 1.74 -52.00 28.00 180.00 456.00 -424.00 -1132.00 0
4016 7.65 20.38 2.43 -61.00 25.00 187.00 456.00 -424.00 -1132.00 0
4025 13.43 31.17 3.27 -72.00 28.00 205.00 465.00 -433.00 -1126.00 0
4034 16.56 35.90 2.71 -96.00 38.00 217.00 465.00 -433.00 -1126.00 0
4043 19.13 39.93 1.60 -103.00 66.00 235.00 465.00 -433.00 -1126.00 1
4054 21.63 43.34 -0.14 -130.00 70.00 248.00 465.00 -433.00 -1126.00 1
4065 22.54 47.37 -2.85 -148.00 94.00 316.00 465.00 -433.00 -1126.00 1
4076 22.54 46.68 -4.45 -162.00 82.00 353.00 465.00 -433.00 -1126.00 1
4087 20.73 43.62 -5.29 -133.00 117.00 293.00 465.00 -433.00 -1126.00 1
4098 11.83 19.62 -3.76 -86.00 71.00 210.00 465.00 -433.00 -1126.00 1
4109 4.31 8.42 -2.37 -82.00 50.00 202.00 465.00 -433.00 -1126.00 1
4119 -1.18 0.63 -1.18 -64.00 47.00 195.00 465.00 -433.00 -1126.00 0
4128 -8.00 -10.92 -1.18 -66.00 50.00 197.00 465.00 -433.00 -1126.00 0
4137 -9.67 -14.33 -0.83 -73.00 45.00 211.00 465.00 -433.00 -1126.00 0
4147 -11.13 -16.21 -0.83 -89.00 43.00 224.00 465.00 -433.00 -1126.00 0
4156 -12.38 -17.46 -0.83 -85.00 51.00 221.00 474.00 -438.00 -1023.00 0
4165 -12.94 -19.20 -0.56 -82.00 44.00 216.00 474.00 -438.00 -1023.00 0
4174 -13.50 -20.94 -0.21 -73.00 36.00 208.00 474.00 -438.00 -1023.00 0
4184 -14.33 -22.47 -0.21 -61.00 37.00 195.00 474.00 -438.00 -1023.00 0
4193 -13.50 -22.40 -0.28 -60.00 36.00 191.00 474.00 -438.00 -1023.00 0
4202 -12.24 -21.43 -0.56 -56.00 40.00 192.00 474.00 -438.00 -1023.00 0
4212 -10.92 -19.69 -1.18 -62.00 46.00 194.00 474.00 -438.00 -1023.00 0
4221 -9.46 -17.25 -1.81 -66.00 53.00 205.00 474.00 -438.00 -1023.00 0
4231 -7.79 -10.99 -3.06 -75.00 53.00 229.00 474.00 -438.00 -1023.00 0
4240 -5.15 -8.14 -3.48 -85.00 53.00 235.00 474.00 -438.00 -1023.00 0
4249 -4.38 -6.26 -3.69 -83.00 57.00 229.00 474.00 -438.00 -1023.00 0
4258 -3.76 -5.50 -3.69 -80.00 57.00 225.00 474.00 -438.00 -1023.00 0
4268 -3.41 -5.29 -3.62 -77.00 48.00 223.00 474.00 -438.00 -1023.00 0
4277 -3.34 -5.36 -3.55 -73.00 52.00 221.00 474.00 -438.00 -1023.00 0
4286 -3.27 -5.91 -3.41 -70.00 52.00 217.00 474.00 -438.00 -1023.00 0
4295 -3.20 -5.91 -3.34 -71.00 51.00 216.00 474.00 -438.00 -1023.00 0
4304 -3.27 -5.84 -3.20 -68.00 51.00 209.00 474.00 -438.00 -1023.00 0
4314 -3.34 -5.63 -3.13 -66.00 51.00 208.00 474.00 -438.00 -1023.00 0
4323 -3.34 -5.01 -3.13 -69.00 52.00 211.00 474.00 -438.00 -1023.00 0
4332 -3.27 -4.03 -3.13 -68.00 53.00 215.00 474.00 -438.00 -1023.00 0
4341 -3.06 -2.99 -2.85 -75.00 49.00 222.00 474.00 -438.00 -1023.00 0
4350 -2.85 -1.04 -2.64 -81.00 55.00 223.00 474.00 -438.00 -1023.00 0
4360 -2.85 -0.49 -2.50 -81.00 55.00 233.00 474.00 -438.00 -1023.00 0
4369 -2.71 -0.49 -2.37 -83.00 56.00 229.00 474.00 -438.00 -1023.00 0
4378 -2.71 -0.97 -2.09 -78.00 51.00 230.00 474.00 -438.00 -1023.00 0
4387 -2.99 -1.88 -1.81 -74.00 48.00 223.00 474.00 -438.00 -1023.00 0
4397 -3.48 -2.92 -1.53 -73.00 46.00 216.00 474.00 -438.00 -1023.00 0
4406 -3.97 -4.03 -1.39 -69.00 51.00 211.00 474.00 -438.00 -1023.00 0
4415 -4.03 -4.03 -1.53 -69.00 45.00 208.00 474.00 -438.00 -1023.00 0
4424 -4.10 -3.62 -1.74 -69.00 41.00 215.00 474.00 -438.00 -1023.00 0
4433 -3.90 -2.85 -2.02 -74.00 46.00 213.00 474.00 -438.00 -1023.00 0
4443 -3.48 -2.02 -2.30 -75.00 50.00 220.00 474.00 -438.00 -1023.00 0
4452 -2.92 -1.04 -2.64 -80.00 56.00 228.00 474.00 -438.00 -1023.00 0
4461 -1.74 0.28 -2.99 -81.00 60.00 227.00 474.00 -438.00 -1023.00 0
4470 -1.67 0.28 -2.85 -78.00 58.00 227.00 474.00 -438.00 -1023.00 0
4480 -1.95 -0.21 -2.50 -71.00 53.00 216.00 474.00 -438.00 -1023.00 0
4489 -2.30 -1.04 -2.23 -72.00 52.00 216.00 467.00 -436.00 -1081.00 0
4498 -2.57 -1.53 -1.95 -72.00 53.00 221.00 467.00 -436.00 -1081.00 0
4507 -2.78 -1.74 -1.81 -74.00 50.00 224.00 467.00 -436.00 -1081.00 0
4516 -3.20 -1.95 -1.95 -77.00 48.00 222.00 467.00 -436.00 -1081.00 0
4526 -3.55 -2.23 -2.02 -77.00 47.00 225.00 467.00 -436.00 -1081.00 0
4535 -3.83 -2.71 -2.09 -73.00 45.00 219.00 467.00 -436.00 -1081.00 0
4544 -3.83 -3.27 -2.16 -72.00 52.00 219.00 467.00 -436.00 -1081.00 0
4553 -3.76 -3.55 -2.09 -68.00 50.00 217.00 463.00 -432.00 -934.00 0
4562 -3.90 -3.48 -2.09 -72.00 51.00 220.00 463.00 -432.00 -934.00 0
4571 -4.10 -2.85 -2.09 -76.00 49.00 223.00 463.00 -432.00 -934.00 0
4580 -4.31 -2.78 -2.16 -85.00 55.00 239.00 463.00 -432.00 -934.00 0
4589 -4.73 -3.27 -2.37 -84.00 55.00 239.00 463.00 -432.00 -934.00 0
4598 -5.50 -4.73 -2.57 -88.00 57.00 241.00 463.00 -432.00 -934.00 0
4608 -6.54 -6.54 -2.78 -82.00 57.00 238.00 463.00 -432.00 -934.00 0
4617 -7.65 -8.14 -3.06 -72.00 57.00 226.00 462.00 -432.00 -1063.00 0
4626 -8.77 -10.16 -3.20 -63.00 51.00 204.00 462.00 -432.00 -1063.00 0
4635 -10.16 -13.50 -2.30 -57.00 47.00 203.00 462.00 -432.00 -1063.00 0
4644 -10.50 -14.12 -1.67 -51.00 42.00 197.00 462.00 -432.00 -1063.00 0
4654 -10.64 -13.77 -1.18 -60.00 40.00 206.00 462.00 -432.00 -1063.00 0
4663 -10.43 -12.73 -0.90 -64.00 45.00 219.00 462.00 -432.00 -1063.00 0
4673 -10.16 -11.55 -0.70 -74.00 51.00 228.00 462.00 -432.00 -1063.00 0
4682 -10.09 -9.46 -0.83 -77.00 48.00 234.00 460.00 -429.00 -1267.00 0
4691 -10.02 -8.77 -0.83 -76.00 50.00 233.00 460.00 -429.00 -1267.00 0
4701 -9.74 -8.63 -0.90 -73.00 50.00 232.00 460.00 -429.00 -1267.00 0
4710 -9.46 -8.90 -0.97 -66.00 50.00 223.00 460.00 -429.00 -1267.00 0
4719 -9.25 -9.53 -0.97 -61.00 49.00 214.00 460.00 -429.00 -1267.00 0
4728 -9.18 -10.30 -0.90 -56.00 44.00 206.00 460.00 -429.00 -1267.00 0
4738 -9.18 -10.50 -0.77 -53.00 45.00 200.00 460.00 -429.00 -1267.00 0
4747 -8.00 -8.56 -0.63 -51.00 42.00 201.00 460.00 -428.00 -1062.00 0
4756 -6.89 -6.40 -0.63 -54.00 41.00 201.00 453.00 -428.00 -1062.00 0
4765 -5.22 -3.69 -0.49 -58.00 41.00 208.00 453.00 -428.00 -1062.00 0
4774 -3.48 -0.90 -0.21 -59.00 39.00 213.00 453.00 -428.00 -1062.00 0
4784 -2.09 2.16 0.14 -65.00 33.00 212.00 453.00 -428.00 -1062.00 0
4793 -0.83 5.22 0.35 -72.00 31.00 213.00 453.00 -428.00 -1062.00 0
4802 3.13 11.69 0.00 -69.00 29.00 202.00 453.00 -428.00 -1062.00 0
4811 6.61 15.51 -0.49 -56.00 25.00 182.00 453.00 -428.00 -1062.00 0
4820 11.27 19.62 -1.11 -31.00 47.00 165.00 453.00 -428.00 -1062.00 0
4830 16.42 23.44 -1.60 -31.00 62.00 169.00 453.00 -428.00 -1062.00 1
4840 20.94 27.62 -1.18 -123.00 63.00 231.00 453.00 -428.00 -1062.00 1
4851 24.90 39.30 -1.11 -179.00 113.00 346.00 453.00 -428.00 -1062.00 1
4862 27.13 42.71 -1.95 -169.00 81.00 358.00 453.00 -428.00 -1062.00 1
4874 22.47 36.38 -2.50 -123.00 68.00 276.00 453.00 -428.00 -1062.00 1
4885 14.19 24.21 -3.34 -111.00 47.00 220.00 453.00 -428.00 -1062.00 1
4895 5.98 13.01 -3.69 -71.00 58.00 207.00 453.00 -428.00 -1062.00 1
4907 -2.43 -2.09 -4.66 -58.00 59.00 187.00 453.00 -428.00 -1062.00 1
4917 -5.15 -6.75 -5.15 -52.00 63.00 192.00 453.00 -428.00 -1062.00 0
4926 -6.75 -10.16 -4.94 -63.00 56.00 199.00 453.00 -428.00 -1062.00 0
4935 -8.63 -11.83 -4.17 -62.00 57.00 214.00 453.00 -428.00 -1062.00 0
4944 -10.23 -13.57 -1.95 -69.00 49.00 209.00 468.00 -443.00 -1088.00 0
4954 -11.41 -13.77 -0.70 -72.00 43.00 209.00 468.00 -443.00 -1088.00 0
4963 -11.97 -13.43 0.28 -82.00 39.00 212.00 468.00 -443.00 -1088.00 0
4972 -12.10 -12.24 0.56 -79.00 46.00 222.00 468.00 -443.00 -1088.00 0
4981 -11.34 -10.92 0.35 -82.00 50.00 230.00 468.00 -443.00 -1088.00 0
4990 -10.23 -9.46 -0.07 -81.00 52.00 226.00 468.00 -443.00 -1088.00 0
5000 -8.63 -7.44 -1.18 -76.00 53.00 220.00 468.00 -443.00 -1088.00 0
5009 -8.07 -7.17 -1.74 -72.00 55.00 212.00 468.00 -438.00 -965.00 0
5018 -7.44 -6.89 -2.09 -65.00 56.00 209.00 467.00 -438.00 -965.00 0
5027 -6.54 -6.61 -2.30 -65.00 51.00 204.00 467.00 -438.00 -965.00 0
5037 -5.77 -6.05 -2.30 -66.00 53.00 206.00 467.00 -438.00 -965.00 0
5046 -5.01 -5.15 -2.23 -71.00 53.00 216.00 467.00 -438.00 -965.00 0
5055 -3.62 -2.64 -1.88 -81.00 52.00 226.00 467.00 -438.00 -965.00 0
5064 -3.20 -1.53 -1.88 -83.00 57.00 232.00 467.00 -438.00 -965.00 0
5073 -3.06 -1.11 -1.88 -83.00 55.00 231.00 467.00 -438.00 -965.00 0
5083 -3.27 -1.18 -1.81 -85.00 52.00 228.00 467.00 -438.00 -965.00 0
5092 -3.76 -1.60 -2.02 -81.00 49.00 230.00 467.00 -438.00 -965.00 0
5101 -4.17 -2.37 -2.37 -79.00 51.00 223.00 467.00 -438.00 -965.00 0
5110 -4.59 -3.69 -3.20 -76.00 53.00 222.00 467.00 -438.00 -965.00 0
5120 -4.66 -4.45 -3.55 -70.00 55.00 214.00 467.00 -438.00 -965.00 0
5128 -4.59 -5.36 -3.62 -65.00 56.00 211.00 467.00 -438.00 -965.00 0
5137 -4.52 -5.84 -3.55 -63.00 53.00 213.00 467.00 -438.00 -965.00 0
5146 -4.38 -5.91 -3.41 -69.00 47.00 211.00 467.00 -438.00 -965.00 0
5155 -4.31 -5.50 -3.27 -69.00 53.00 214.00 467.00 -438.00 -965.00 0
5165 -4.17 -4.87 -3.06 -73.00 52.00 221.00 467.00 -438.00 -965.00 0
5174 -3.90 -3.62 -2.78 -80.00 55.00 224.00 467.00 -438.00 -965.00 0
5183 -3.97 -3.13 -2.78 -83.00 49.00 231.00 467.00 -438.00 -965.00 0
5192 -4.17 -3.20 -2.85 -78.00 52.00 226.00 467.00 -438.00 -965.00 0
5201 -4.38 -3.62 -2.99 -80.00 50.00 227.00 467.00 -438.00 -965.00 0
5211 -4.52 -3.97 -3.13 -75.00 53.00 228.00 467.00 -438.00 -965.00 0
5220 -4.66 -4.52 -3.34 -67.00 55.00 216.00 467.00 -438.00 -965.00 0
5229 -4.59 -5.63 -3.41 -66.00 50.00 214.00 467.00 -438.00 -965.00 0
5238 -4.59 -5.91 -3.27 -66.00 52.00 209.00 467.00 -438.00 -965.00 0
5248 -4.52 -5.91 -3.27 -69.00 51.00 215.00 467.00 -438.00 -965.00 0
5257 -4.45 -5.70 -3.13 -75.00 52.00 219.00 467.00 -438.00 -965.00 0
5266 -4.45 -5.43 -3.06 -76.00 53.00 227.00 467.00 -438.00 -965.00 0
5275 -4.66 -5.22 -3.06 -82.00 50.00 237.00 461.00 -434.00 -1111.00 0
5284 -5.01 -5.77 -3.20 -81.00 53.00 233.00 461.00 -434.00 -1111.00 0
5294 -6.05 -6.75 -3.27 -77.00 51.00 232.00 461.00 -434.00 -1111.00 0
5303 -6.47 -7.79 -3.27 -75.00 50.00 228.00 461.00 -434.00 -1111.00 0
5312 -6.89 -8.77 -3.27 -72.00 51.00 225.00 461.00 -434.00 -1111.00 0
5321 -7.17 -9.74 -3.34 -70.00 55.00 221.00 461.00 -434.00 -1111.00 0
5330 -7.30 -10.50 -3.34 -68.00 56.00 225.00 461.00 -434.00 -1111.00 0
5340 -7.30 -11.06 -3.06 -64.00 53.00 217.00 457.00 -432.00 -1060.00 0
5349 -8.07 -12.24 -2.85 -61.00 52.00 212.00 457.00 -432.00 -1060.00 0
5358 -8.28 -12.52 -2.43 -62.00 48.00 208.00 457.00 -432.00 -1060.00 0
5367 -8.35 -12.24 -2.02 -63.00 45.00 218.00 457.00 -432.00 -1060.00 0
5377 -8.42 -11.76 -1.88 -67.00 51.00 221.00 457.00 -432.00 -1060.00 0
5386 -8.42 -11.20 -1.95 -81.00 53.00 251.00 457.00 -432.00 -1060.00 0
5395 -8.56 -10.71 -1.95 -86.00 62.00 262.00 457.00 -432.00 -1060.00 0
5404 -10.43 -13.70 -1.74 -79.00 64.00 245.00 453.00 -430.00 -1027.00 0
5413 -12.24 -17.25 -1.25 -66.00 46.00 229.00 453.00 -430.00 -1027.00 0
5423 -13.91 -20.52 -0.70 -60.00 38.00 206.00 453.00 -430.00 -1027.00 0
5432 -14.82 -22.68 -0.35 -54.00 38.00 201.00 453.00 -430.00 -1027.00 0
5441 -14.61 -23.30 -0.21 -42.00 37.00 197.00 453.00 -430.00 -1027.00 0
5450 -12.31 -20.73 -0.49 -37.00 36.00 196.00 453.00 -430.00 -1027.00 0
5459 -10.99 -18.16 -0.70 -43.00 35.00 198.00 453.00 -430.00 -1027.00 0
5470 -9.88 -15.03 -0.90 -52.00 37.00 208.00 443.00 -424.00 -1182.00 0
5479 -8.63 -11.55 -1.46 -65.00 44.00 226.00 443.00 -424.00 -1182.00 0
5488 -7.23 -7.86 -2.09 -65.00 49.00 237.00 443.00 -424.00 -1182.00 0
5497 -5.84 -4.87 -2.50 -66.00 49.00 234.00 443.00 -424.00 -1182.00 0
5507 -4.24 -2.02 -2.23 -66.00 50.00 230.00 443.00 -424.00 -1182.00 0
5516 -3.83 -1.88 -1.88 -58.00 46.00 220.00 443.00 -424.00 -1182.00 0
5525 -3.34 -1.88 -1.46 -56.00 44.00 219.00 443.00 -424.00 -1182.00 0
5534 -2.78 -1.67 -1.11 -57.00 42.00 216.00 443.00 -425.00 -1076.00 0
5543 -2.30 -1.04 -0.90 -51.00 41.00 213.00 445.00 -425.00 -1076.00 0
5553 -1.81 -0.21 -0.83 -55.00 44.00 211.00 445.00 -425.00 -1076.00 0
5562 -1.39 2.23 -0.56 -51.00 44.00 209.00 445.00 -425.00 -1076.00 0
5571 -0.21 3.69 -0.35 -50.00 40.00 207.00 445.00 -425.00 -1076.00 0
5580 0.56 5.57 -0.07 -52.00 36.00 202.00 445.00 -425.00 -1076.00 0
5588 1.88 7.72 0.21 -45.00 35.00 194.00 445.00 -425.00 -1076.00 0
5598 3.55 10.30 0.56 -41.00 30.00 184.00 445.00 -425.00 -1076.00 0
5607 5.63 13.50 0.83 -31.00 31.00 162.00 445.00 -425.00 -1076.00 0
5617 8.42 17.60 1.39 -25.00 30.00 144.00 445.00 -425.00 -1076.00 0
5626 16.35 30.12 1.53 -36.00 32.00 151.00 445.00 -425.00 -1076.00 0
5636 21.01 39.79 1.18 -51.00 43.00 164.00 445.00 -425.00 -1076.00 1
5646 25.81 50.57 0.35 -130.00 69.00 224.00 445.00 -425.00 -1076.00 1
5657 32.49 72.35 -2.64 -172.00 107.00 326.00 445.00 -425.00 -1076.00 1
5668 34.57 80.07 -3.97 -227.00 120.00 429.00 486.00 -451.00 -1234.00 1
5680 37.43 80.14 -3.97 -193.00 130.00 409.00 486.00 -451.00 -1234.00 1
5690 24.77 51.27 -6.54 -131.00 101.00 263.00 486.00 -451.00 -1234.00 1
5701 11.83 29.43 -5.84 -71.00 57.00 186.00 486.00 -451.00 -1234.00 1
5712 1.39 -4.87 -3.34 -47.00 32.00 151.00 486.00 -451.00 -1234.00 0
5722 -12.10 -14.47 -2.37 -40.00 40.00 159.00 486.00 -451.00 -1234.00 0
5731 -13.63 -20.24 -1.74 -37.00 52.00 178.00 486.00 -451.00 -1234.00 0
5740 -13.70 -22.61 -1.46 -56.00 59.00 193.00 486.00 -451.00 -1234.00 0
5749 -13.91 -22.47 -1.25 -67.00 48.00 211.00 486.00 -451.00 -1234.00 0
5758 -14.96 -20.87 -0.97 -85.00 38.00 213.00 486.00 -451.00 -1234.00 0
5768 -17.46 -17.88 -0.14 -86.00 37.00 220.00 486.00 -451.00 -1234.00 0
5777 -17.25 -17.39 0.00 -86.00 38.00 219.00 486.00 -451.00 -1234.00 0
5786 -16.49 -17.32 -0.07 -80.00 39.00 217.00 486.00 -451.00 -1234.00 0
5795 -15.17 -17.46 -0.28 -74.00 45.00 214.00 486.00 -451.00 -1234.00 0
5805 -13.29 -17.67 -0.70 -68.00 51.00 212.00 486.00 -451.00 -1234.00 0
5814 -11.20 -17.46 -1.25 -64.00 60.00 208.00 486.00 -451.00 -1234.00 0
5824 -7.58 -15.44 -2.57 -60.00 61.00 204.00 486.00 -451.00 -1234.00 0
5833 -6.47 -13.50 -2.85 -63.00 60.00 198.00 486.00 -451.00 -1234.00 0
5842 -5.77 -11.41 -2.85 -64.00 61.00 207.00 486.00 -451.00 -1234.00 0
5852 -4.94 -9.04 -2.71 -74.00 54.00 221.00 486.00 -451.00 -1234.00 0
5861 -4.38 -6.47 -2.43 -84.00 56.00 230.00 486.00 -451.00 -1234.00 0
5870 -4.17 -4.52 -2.23 -92.00 56.00 238.00 486.00 -451.00 -1234.00 0
5879 -4.66 -3.27 -2.02 -91.00 50.00 241.00 486.00 -451.00 -1234.00 0
5889 -5.15 -4.10 -1.95 -82.00 50.00 231.00 486.00 -451.00 -1234.00 0
5898 -5.63 -5.43 -1.95 -81.00 46.00 226.00 486.00 -451.00 -1234.00 0
5907 -6.26 -6.47 -2.23 -72.00 50.00 226.00 486.00 -451.00 -1234.00 0
5916 -6.61 -7.44 -2.78 -66.00 54.00 217.00 486.00 -451.00 -1234.00 0
5925 -6.61 -8.49 -3.27 -64.00 56.00 207.00 486.00 -451.00 -1234.00 0
5935 -6.61 -9.32 -3.69 -63.00 53.00 210.00 486.00 -451.00 -1234.00 0
5944 -6.54 -9.04 -3.69 -63.00 54.00 213.00 486.00 -451.00 -1234.00 0
5953 -6.33 -8.49 -3.69 -64.00 59.00 213.00 486.00 -451.00 -1234.00 0
5962 -5.98 -7.44 -3.55 -72.00 52.00 220.00 486.00 -451.00 -1234.00 0
5971 -5.77 -6.26 -3.34 -72.00 50.00 222.00 486.00 -451.00 -1234.00 0
5981 -5.70 -5.43 -3.06 -73.00 50.00 222.00 486.00 -451.00 -1234.00 0
5990 -5.50 -4.52 -2.43 -74.00 43.00 226.00 486.00 -451.00 -1234.00 0
5999 -5.29 -4.24 -2.37 -72.00 43.00 224.00 486.00 -451.00 -1234.00 0
6008 -5.01 -4.03 -2.50 -77.00 54.00 226.00 486.00 -451.00 -1234.00 0
6018 -4.80 -3.76 -2.85 -78.00 55.00 233.00 486.00 -451.00 -1234.00 0
6027 -4.66 -3.76 -3.27 -73.00 56.00 229.00 486.00 -451.00 -1234.00 0
6036 -4.66 -4.10 -3.62 -71.00 61.00 223.00 486.00 -451.00 -1234.00 0
6045 -4.66 -5.36 -3.62 -65.00 53.00 216.00 486.00 -451.00 -1234.00 0
6054 -5.01 -5.77 -3.34 -65.00 51.00 215.00 486.00 -451.00 -1234.00 0
6064 -4.94 -5.84 -3.06 -62.00 59.00 211.00 457.00 -430.00 -994.00 0
6073 -4.80 -5.63 -2.78 -62.00 50.00 215.00 457.00 -430.00 -994.00 0
6081 -4.87 -5.22 -2.50 -66.00 46.00 217.00 457.00 -430.00 -994.00 0
6090 -5.08 -4.52 -2.37 -72.00 47.00 226.00 457.00 -430.00 -994.00 0
6099 -5.29 -3.76 -2.43 -75.00 52.00 235.00 457.00 -430.00 -994.00 0
6109 -5.63 -3.41 -2.78 -84.00 50.00 236.00 457.00 -430.00 -994.00 0
6118 -5.98 -3.90 -2.99 -83.00 48.00 235.00 457.00 -430.00 -994.00 0
6127 -6.33 -4.94 -3.41 -80.00 52.00 232.00 459.00 -431.00 -1087.00 0
6136 -6.26 -6.33 -3.69 -69.00 56.00 221.00 459.00 -431.00 -1087.00 0
6146 -6.05 -7.65 -3.83 -64.00 48.00 216.00 459.00 -431.00 -1087.00 0
6155 -5.98 -8.63 -4.03 -60.00 49.00 210.00 459.00 -431.00 -1087.00 0
6164 -5.70 -9.53 -4.03 -61.00 50.00 212.00 459.00 -431.00 -1087.00 0
6173 -5.63 -9.32 -4.10 -60.00 55.00 211.00 459.00 -431.00 -1087.00 0
6182 -5.70 -8.63 -4.24 -64.00 49.00 221.00 459.00 -431.00 -1087.00 0
6192 -5.84 -7.65 -4.45 -64.00 49.00 219.00 455.00 -428.00 -1091.00 0
6201 -5.98 -6.68 -4.59 -72.00 47.00 222.00 455.00 -428.00 -1091.00 0
6210 -6.12 -5.77 -4.80 -74.00 49.00 225.00 455.00 -428.00 -1091.00 0
6219 -5.91 -4.45 -5.29 -73.00 46.00 223.00 455.00 -428.00 -1091.00 0
6228 -5.43 -4.59 -5.43 -66.00 50.00 220.00 455.00 -428.00 -1091.00 0
6238 -4.80 -4.80 -5.43 -63.00 49.00 213.00 455.00 -428.00 -1091.00 0
6247 -4.17 -4.73 -5.36 -61.00 48.00 208.00 455.00 -428.00 -1091.00 0
6256 -3.69 -4.38 -5.29 -58.00 47.00 210.00 457.00 -428.00 -1163.00 0
6265 -3.20 -3.76 -5.22 -60.00 51.00 211.00 457.00 -428.00 -1163.00 0
6275 -2.50 -2.02 -5.01 -61.00 48.00 215.00 457.00 -428.00 -1163.00 0
6284 -2.16 -0.77 -4.80 -63.00 50.00 221.00 457.00 -428.00 -1163.00 0
6293 -1.88 0.49 -4.66 -69.00 51.00 221.00 457.00 -428.00 -1163.00 0
6302 -1.81 1.81 -4.59 -73.00 47.00 231.00 457.00 -428.00 -1163.00 0
6311 -1.67 2.85 -4.66 -73.00 52.00 224.00 457.00 -428.00 -1163.00 0
6321 -1.39 3.48 -4.73 -70.00 53.00 223.00 457.00 -428.00 -1163.00 0
6330 -1.11 3.69 -4.52 -72.00 52.00 221.00 457.00 -428.00 -1163.00 0
6339 -0.70 3.62 -4.31 -68.00 49.00 216.00 457.00 -428.00 -1163.00 0
6348 -0.49 3.55 -4.03 -63.00 53.00 215.00 457.00 -428.00 -1163.00 0
6358 0.00 3.76 -3.69 -63.00 54.00 217.00 457.00 -428.00 -1163.00 0
6367 0.42 4.17 -3.20 -61.00 48.00 212.00 457.00 -428.00 -1163.00 0
6376 0.70 4.87 -2.64 -64.00 50.00 206.00 457.00 -428.00 -1163.00 0
6385 1.11 5.84 -1.67 -62.00 45.00 202.00 457.00 -428.00 -1163.00 0
6394 3.55 9.81 -1.25 -59.00 39.00 199.00 457.00 -428.00 -1163.00 0
6404 5.70 12.94 -0.97 -51.00 37.00 189.00 457.00 -428.00 -1163.00 0
6413 8.28 16.63 -0.83 -46.00 37.00 177.00 457.00 -428.00 -1163.00 0
6422 11.06 20.66 -0.63 -43.00 41.00 166.00 457.00 -428.00 -1163.00 0
6431 14.12 25.74 -0.35 -40.00 46.00 166.00 457.00 -428.00 -1163.00 0
6440 17.39 38.75 0.56 -49.00 49.00 169.00 457.00 -428.00 -1163.00 0
6450 22.12 47.30 0.77 -72.00 47.00 170.00 457.00 -428.00 -1163.00 1
6461 23.51 56.77 0.83 -124.00 67.00 194.00 487.00 -446.00 -1047.00 1
6471 25.32 66.78 0.49 -178.00 97.00 255.00 487.00 -446.00 -1047.00 1
6482 32.56 87.10 -0.21 -182.00 111.00 327.00 487.00 -446.00 -1047.00 1
6494 36.87 92.24 0.70 -207.00 101.00 368.00 487.00 -446.00 -1047.00 1
6504 27.69 76.31 0.90 -195.00 107.00 342.00 487.00 -446.00 -1047.00 1
6515 18.99 54.54 0.07 -130.00 94.00 265.00 487.00 -446.00 -1047.00 0
6524 8.90 28.80 -0.77 -90.00 77.00 195.00 487.00 -446.00 -1047.00 0
6534 -1.11 3.20 -0.77 -64.00 68.00 161.00 487.00 -446.00 -1047.00 0
6543 -9.11 -18.37 0.14 -54.00 46.00 159.00 487.00 -446.00 -1047.00 0
6552 -19.69 -36.66 1.25 -76.00 36.00 185.00 487.00 -446.00 -1047.00 0
6561 -22.12 -37.01 1.32 -80.00 39.00 201.00 487.00 -446.00 -1047.00 0
6571 -23.79 -36.10 0.77 -81.00 44.00 202.00 487.00 -446.00 -1047.00 0
6581 -25.11 -35.34 0.00 -74.00 46.00 190.00 487.00 -446.00 -1047.00 0
6590 -25.81 -35.13 -0.56 -68.00 32.00 186.00 487.00 -446.00 -1047.00 0
6599 -25.25 -34.92 -0.77 -67.00 34.00 180.00 487.00 -446.00 -1047.00 0
6608 -20.17 -32.42 -0.70 -66.00 44.00 186.00 487.00 -446.00 -1047.00 0
6618 -16.14 -29.70 -0.97 -68.00 50.00 197.00 487.00 -446.00 -1047.00 0
6627 -11.90 -26.43 -1.32 -76.00 63.00 207.00 487.00 -446.00 -1047.00 0
6636 -8.28 -23.03 -1.60 -77.00 65.00 215.00 487.00 -446.00 -1047.00 0
6645 -5.63 -19.90 -1.67 -84.00 67.00 221.00 487.00 -446.00 -1047.00 0
6654 -3.76 -17.04 -1.39 -92.00 62.00 232.00 487.00 -446.00 -1047.00 0
6664 -2.64 -12.59 -1.46 -94.00 65.00 234.00 487.00 -446.00 -1047.00 0
6673 -3.20 -11.48 -1.74 -93.00 59.00 220.00 487.00 -446.00 -1047.00 0
6682 -4.31 -10.85 -2.16 -81.00 53.00 215.00 487.00 -446.00 -1047.00 0
6691 -5.22 -10.78 -2.57 -76.00 53.00 212.00 487.00 -446.00 -1047.00 0
6701 -5.98 -10.50 -2.99 -73.00 56.00 217.00 487.00 -446.00 -1047.00 0
6710 -6.68 -9.95 -3.83 -73.00 56.00 219.00 487.00 -446.00 -1047.00 0
6719 -8.49 -9.39 -4.03 -76.00 59.00 206.00 475.00 -438.00 -1063.00 0
6728 -9.04 -9.53 -3.97 -72.00 56.00 205.00 475.00 -438.00 -1063.00 0
6737 -9.18 -9.60 -3.69 -75.00 56.00 204.00 475.00 -438.00 -1063.00 0
6747 -8.77 -9.53 -3.27 -78.00 57.00 215.00 475.00 -438.00 -1063.00 0
6756 -7.86 -9.18 -2.78 -84.00 61.00 222.00 475.00 -438.00 -1063.00 0
6765 -6.82 -8.63 -2.23 -88.00 57.00 232.00 475.00 -438.00 -1063.00 0
6774 -5.57 -8.70 -2.16 -86.00 56.00 228.00 475.00 -438.00 -1063.00 0
6784 -5.36 -9.67 -2.09 -82.00 53.00 225.00 470.00 -441.00 -1027.00 0
6793 -5.43 -10.78 -2.02 -79.00 56.00 210.00 470.00 -441.00 -1027.00 0
6802 -5.77 -11.41 -2.09 -72.00 54.00 205.00 470.00 -441.00 -1027.00 0
6811 -6.26 -11.34 -2.37 -68.00 51.00 209.00 470.00 -441.00 -1027.00 0
6820 -6.54 -10.85 -2.92 -69.00 53.00 208.00 470.00 -441.00 -1027.00 0
6831 -5.98 -8.90 -3.06 -71.00 55.00 212.00 470.00 -441.00 -1027.00 0
6839 -5.36 -7.86 -3.13 -71.00 57.00 211.00 470.00 -441.00 -1027.00 0
6848 -4.66 -7.03 -2.92 -74.00 61.00 216.00 465.00 -437.00 -1145.00 0
6857 -4.10 -6.12 -2.64 -73.00 59.00 214.00 465.00 -437.00 -1145.00 0
6866 -3.90 -5.15 -2.23 -78.00 56.00 226.00 465.00 -437.00 -1145.00 0
6876 -3.90 -4.17 -1.88 -81.00 58.00 230.00 465.00 -437.00 -1145.00 0
6885 -4.24 -3.27 -1.53 -83.00 56.00 229.00 465.00 -437.00 -1145.00 0
6894 -4.73 -3.27 -1.60 -85.00 54.00 228.00 465.00 -437.00 -1145.00 0
6903 -5.15 -3.69 -1.74 -80.00 50.00 225.00 465.00 -437.00 -1145.00 0
6913 -5.43 -4.52 -1.88 -73.00 51.00 225.00 468.00 -438.00 -1295.00 0
6922 -5.63 -5.57 -1.95 -73.00 54.00 216.00 468.00 -438.00 -1295.00 0
6931 -5.63 -6.40 -2.09 -67.00 51.00 212.00 468.00 -438.00 -1295.00 0
6940 -5.70 -6.96 -2.37 -67.00 54.00 211.00 468.00 -438.00 -1295.00 0
6949 -5.43 -6.61 -2.37 -65.00 56.00 210.00 468.00 -438.00 -1295.00 0
6959 -5.08 -5.98 -2.23 -67.00 54.00 212.00 468.00 -438.00 -1295.00 0
6968 -4.73 -5.08 -2.02 -71.00 56.00 215.00 468.00 -438.00 -1295.00 0
6977 -4.52 -4.03 -1.81 -78.00 56.00 225.00 468.00 -438.00 -999.00 0
6986 -4.38 -3.20 -1.67 -85.00 59.00 230.00 464.00 -438.00 -999.00 0
6995 -4.87 -2.92 -1.74 -84.00 57.00 231.00 464.00 -438.00 -999.00 0
7005 -5.29 -3.69 -1.81 -81.00 52.00 225.00 464.00 -438.00 -999.00 0
7014 -5.70 -4.80 -2.02 -75.00 51.00 222.00 464.00 -438.00 -999.00 0
7023 -5.91 -6.05 -2.16 -72.00 53.00 217.00 464.00 -438.00 -999.00 0
7032 -5.91 -6.96 -2.37 -67.00 51.00 212.00 464.00 -438.00 -999.00 0
7042 -5.91 -7.37 -2.57 -64.00 55.00 209.00 464.00 -438.00 -999.00 0
7051 -5.70 -7.23 -2.50 -65.00 53.00 214.00 464.00 -438.00 -999.00 0
7060 -5.22 -6.82 -2.30 -66.00 54.00 207.00 464.00 -438.00 -999.00 0
7069 -5.22 -6.12 -2.16 -71.00 53.00 217.00 464.00 -438.00 -999.00 0
7078 -5.15 -5.01 -2.09 -76.00 59.00 227.00 464.00 -438.00 -999.00 0
7088 -4.87 -3.69 -2.09 -76.00 57.00 229.00 464.00 -438.00 -999.00 0
7097 -4.59 -2.78 -1.95 -70.00 55.00 220.00 464.00 -438.00 -999.00 0
7106 -4.73 -2.50 -1.67 -73.00 50.00 217.00 464.00 -438.00 -999.00 0
7115 -5.22 -2.71 -1.39 -69.00 50.00 213.00 464.00 -438.00 -999.00 0
7124 -5.08 -2.57 -1.32 -71.00 50.00 222.00 464.00 -438.00 -999.00 0
7134 -4.94 -2.30 -1.32 -78.00 53.00 225.00 464.00 -438.00 -999.00 0
7143 -4.94 -2.30 -1.39 -71.00 52.00 224.00 464.00 -438.00 -999.00 0
7151 -5.01 -2.50 -1.53 -69.00 55.00 219.00 464.00 -438.00 -999.00 0
7160 -4.94 -2.85 -1.60 -70.00 57.00 214.00 464.00 -438.00 -999.00 0
7170 -4.80 -2.85 -1.53 -66.00 52.00 215.00 464.00 -438.00 -999.00 0
7179 -4.59 -2.43 -1.46 -65.00 51.00 212.00 464.00 -438.00 -999.00 0
7188 -4.24 -1.74 -1.39 -65.00 55.00 210.00 464.00 -438.00 -999.00 0
7197 -3.83 -0.83 -1.25 -69.00 50.00 216.00 464.00 -438.00 -999.00 0
7206 -3.48 0.28 -1.18 -70.00 46.00 215.00 464.00 -438.00 -999.00 0
7216 -2.99 1.46 -1.11 -68.00 49.00 214.00 464.00 -438.00 -999.00 0
7225 -2.50 2.50 -1.11 -68.00 50.00 212.00 464.00 -438.00 -999.00 0
7234 -1.25 4.66 -1.04 -68.00 50.00 209.00 464.00 -438.00 -999.00 0
7243 -0.28 5.84 -1.04 -65.00 50.00 203.00 464.00 -435.00 -1117.00 0
7252 0.77 7.30 -0.97 -68.00 44.00 196.00 464.00 -435.00 -1117.00 0
7262 2.16 9.67 -0.97 -66.00 41.00 193.00 464.00 -435.00 -1117.00 0
7271 4.59 13.22 -1.04 -59.00 38.00 192.00 464.00 -435.00 -1117.00 0
7280 8.07 17.81 -1.32 -51.00 48.00 178.00 464.00 -435.00 -1117.00 0
7289 15.44 27.27 -1.74 -43.00 61.00 173.00 464.00 -435.00 -1117.00 0
7299 18.37 32.42 -1.67 -52.00 64.00 177.00 464.00 -435.00 -1117.00 1
7310 20.59 38.19 -1.25 -101.00 78.00 221.00 483.00 -446.00 -995.00 1
7320 22.33 49.18 0.14 -172.00 104.00 317.00 483.00 -446.00 -995.00 1
7331 23.10 51.41 0.56 -191.00 98.00 365.00 483.00 -446.00 -995.00 1
7343 20.10 46.54 0.90 -160.00 77.00 312.00 483.00 -446.00 -995.00 1
7353 4.66 17.95 0.00 -121.00 68.00 231.00 483.00 -446.00 -995.00 1
7364 -2.30 1.95 -0.83 -81.00 65.00 205.00 483.00 -446.00 -995.00 0
7373 -7.44 -11.34 -1.74 -67.00 58.00 193.00 479.00 -445.00 -1126.00 0
7383 -11.76 -20.73 -2.37 -61.00 65.00 189.00 479.00 -445.00 -1126.00 0
7392 -14.54 -30.68 -2.30 -61.00 66.00 196.00 479.00 -445.00 -1126.00 0
7401 -17.32 -32.42 -1.81 -64.00 60.00 208.00 479.00 -445.00 -1126.00 0
7410 -18.85 -33.18 -0.97 -64.00 52.00 199.00 479.00 -445.00 -1126.00 0
7419 -20.87 -33.39 -0.14 -64.00 48.00 192.00 479.00 -445.00 -1126.00 0
7429 -22.19 -33.04 0.77 -65.00 37.00 197.00 479.00 -445.00 -1126.00 0
7438 -22.68 -31.79 1.39 -68.00 35.00 201.00 464.00 -436.00 -1201.00 0
7447 -21.36 -26.64 1.32 -70.00 37.00 206.00 464.00 -436.00 -1201.00 0
7456 -19.48 -23.58 0.63 -69.00 42.00 207.00 464.00 -436.00 -1201.00 0
7465 -16.97 -20.38 -0.07 -69.00 45.00 215.00 464.00 -436.00 -1201.00 0
7476 -14.33 -17.25 -0.77 -70.00 47.00 213.00 464.00 -436.00 -1201.00 0
7485 -11.97 -14.12 -1.53 -70.00 57.00 221.00 464.00 -436.00 -1201.00 0
7494 -9.81 -11.48 -2.09 -68.00 64.00 221.00 464.00 -436.00 -1201.00 0
7503 -6.33 -8.42 -2.85 -71.00 60.00 222.00 464.00 -437.00 -1124.00 0
7513 -5.57 -7.37 -2.78 -68.00 60.00 216.00 464.00 -437.00 -1124.00 0
7522 -5.15 -6.54 -2.57 -69.00 60.00 216.00 464.00 -437.00 -1124.00 0
7531 -4.73 -5.84 -2.30 -66.00 54.00 216.00 464.00 -437.00 -1124.00 0
7540 -4.52 -5.22 -2.02 -70.00 51.00 213.00 464.00 -437.00 -1124.00 0
7549 -4.59 -4.52 -1.88 -71.00 48.00 216.00 464.00 -437.00 -1124.00 0
7559 -4.80 -2.64 -1.88 -75.00 47.00 219.00 464.00 -437.00 -1124.00 0
7568 -4.73 -1.60 -2.16 -82.00 49.00 222.00 464.00 -437.00 -1124.00 0
7577 -4.45 -0.90 -2.50 -78.00 51.00 227.00 464.00 -437.00 -1124.00 0
7586 -4.03 -0.83 -2.78 -77.00 55.00 225.00 464.00 -437.00 -1124.00 0
7596 -3.76 -1.04 -2.99 -82.00 56.00 230.00 464.00 -437.00 -1124.00 0
7605 -3.55 -1.39 -3.27 -81.00 59.00 233.00 464.00 -437.00 -1124.00 0
7614 -3.55 -2.99 -3.97 -74.00 61.00 229.00 464.00 -437.00 -1124.00 0
7623 -3.83 -4.10 -4.17 -71.00 54.00 220.00 464.00 -437.00 -1124.00 0
7632 -4.17 -5.15 -4.31 -67.00 53.00 212.00 464.00 -437.00 -1124.00 0
7642 -4.31 -5.77 -4.38 -61.00 55.00 210.00 464.00 -437.00 -1124.00 0
7651 -4.31 -6.05 -4.45 -60.00 48.00 211.00 464.00 -437.00 -1124.00 0
7660 -4.38 -5.84 -4.52 -69.00 49.00 215.00 464.00 -437.00 -1124.00 0
7669 -4.38 -4.17 -4.80 -71.00 47.00 219.00 464.00 -437.00 -1124.00 0
7678 -4.52 -3.34 -5.08 -76.00 52.00 225.00 464.00 -437.00 -1124.00 0
7688 -4.45 -2.85 -5.29 -78.00 50.00 231.00 464.00 -437.00 -1124.00 0
7697 -4.38 -2.64 -5.50 -80.00 52.00 232.00 464.00 -437.00 -1124.00 0
7706 -4.24 -2.99 -5.70 -80.00 50.00 236.00 464.00 -437.00 -1124.00 0
7715 -4.31 -3.76 -5.98 -78.00 49.00 226.00 464.00 -437.00 -1124.00 0
7725 -4.38 -4.80 -6.89 -76.00 55.00 220.00 464.00 -437.00 -1124.00 0
7734 -3.76 -7.10 -7.37 -70.00 55.00 224.00 464.00 -437.00 -1124.00 0
7743 -3.27 -8.00 -7.51 -63.00 63.00 217.00 464.00 -437.00 -1124.00 0
7752 -2.85 -8.56 -7.37 -56.00 60.00 212.00 464.00 -437.00 -1124.00 0
7761 -2.71 -8.83 -6.68 -62.00 60.00 207.00 464.00 -437.00 -1124.00 0
7771 -2.85 -8.83 -5.77 -62.00 52.00 214.00 464.00 -437.00 -1124.00 0
7780 -3.41 -8.42 -5.08 -67.00 58.00 222.00 464.00 -437.00 -1124.00 0
7789 -4.45 -7.79 -4.24 -70.00 59.00 229.00 464.00 -437.00 -1124.00 0
7798 -5.15 -7.72 -3.90 -74.00 56.00 229.00 464.00 -437.00 -1124.00 0
7808 -5.91 -7.86 -3.48 -72.00 51.00 228.00 464.00 -437.00 -1124.00 0
7817 -6.54 -8.21 -3.13 -68.00 49.00 220.00 464.00 -437.00 -1124.00 0
7826 -7.03 -8.83 -2.78 -63.00 45.00 216.00 464.00 -437.00 -1124.00 0
7835 -7.17 -9.18 -2.43 -64.00 38.00 211.00 458.00 -429.00 -1017.00 0
7844 -7.17 -8.70 -2.57 -62.00 41.00 215.00 458.00 -429.00 -1017.00 0
7854 -6.47 -7.86 -2.85 -68.00 50.00 219.00 458.00 -429.00 -1017.00 0
7863 -5.77 -6.82 -3.34 -66.00 58.00 224.00 458.00 -429.00 -1017.00 0
7872 -5.29 -6.12 -3.62 -66.00 56.00 223.00 458.00 -429.00 -1017.00 0
7881 -5.08 -6.05 -3.76 -68.00 53.00 221.00 458.00 -429.00 -1017.00 0
7890 -5.01 -6.12 -3.55 -65.00 56.00 223.00 458.00 -429.00 -1017.00 0
7900 -4.80 -6.05 -3.06 -65.00 50.00 222.00 457.00 -427.00 -1028.00 0
7909 -4.87 -5.57 -2.92 -65.00 54.00 222.00 457.00 -427.00 -1028.00 0
7918 -4.94 -4.94 -2.85 -61.00 48.00 220.00 457.00 -427.00 -1028.00 0
7927 -4.87 -4.45 -2.64 -60.00 49.00 213.00 457.00 -427.00 -1028.00 0
7937 -4.66 -3.97 -2.37 -60.00 46.00 209.00 457.00 -427.00 -1028.00 0
7946 -4.38 -3.27 -1.95 -59.00 47.00 209.00 457.00 -427.00 -1028.00 0
7955 -3.62 -1.04 -1.46 -60.00 46.00 221.00 457.00 -427.00 -1028.00 0
7964 -3.27 0.28 -1.53 -67.00 54.00 225.00 454.00 -425.00 -1048.00 0
7973 -2.99 1.32 -1.46 -71.00 55.00 229.00 454.00 -425.00 -1048.00 0
7983 -2.99 1.81 -1.32 -71.00 52.00 231.00 454.00 -425.00 -1048.00 0
7992 -3.20 1.88 -1.18 -67.00 52.00 221.00 454.00 -425.00 -1048.00 0
8001 -3.27 1.74 -1.04 -64.00 55.00 220.00 454.00 -425.00 -1048.00 0
8010 -2.71 1.25 -0.49 -61.00 52.00 213.00 454.00 -425.00 -1048.00 0
8019 -2.43 1.18 -0.07 -58.00 52.00 208.00 454.00 -425.00 -1048.00 0
8029 -2.16 1.39 0.35 -57.00 53.00 206.00 456.00 -427.00 -1091.00 0
8038 -1.67 1.95 0.97 -51.00 53.00 201.00 456.00 -427.00 -1091.00 0
8047 -1.25 2.92 1.67 -53.00 53.00 197.00 456.00 -427.00 -1091.00 0
8055 -0.70 4.38 2.43 -48.00 54.00 194.00 456.00 -427.00 -1091.00 0
8065 0.21 9.32 4.45 -47.00 53.00 189.00 456.00 -427.00 -1091.00 0
8074 3.20 12.94 5.70 -34.00 44.00 168.00 456.00 -427.00 -1091.00 0
8083 5.01 17.32 7.03 -27.00 32.00 157.00 456.00 -427.00 -1091.00 0
8092 7.58 22.40 8.35 -38.00 29.00 157.00 456.00 -427.00 -1091.00 0
8102 10.78 28.59 9.67 -42.00 33.00 168.00 456.00 -427.00 -1091.00 0
8112 14.40 35.83 10.37 -72.00 47.00 182.00 456.00 -427.00 -1091.00 1
8122 20.59 53.15 9.04 -152.00 67.00 263.00 456.00 -427.00 -1091.00 1
8133 23.03 62.75 6.82 -231.00 113.00 384.00 456.00 -427.00 -1091.00 1
8144 26.37 70.05 2.16 -228.00 131.00 419.00 456.00 -427.00 -1091.00 1
8155 26.43 59.55 1.74 -172.00 126.00 338.00 456.00 -427.00 -1091.00 1
8166 18.37 40.35 1.18 -108.00 95.00 241.00 456.00 -427.00 -1091.00 1
8176 7.93 18.37 2.57 -65.00 66.00 186.00 456.00 -427.00 -1091.00 0
8185 -8.97 -13.43 3.41 -54.00 39.00 159.00 456.00 -427.00 -1091.00 0
8195 -14.40 -21.22 3.97 -54.00 42.00 186.00 456.00 -427.00 -1091.00 0
8204 -16.90 -25.46 3.62 -56.00 47.00 195.00 456.00 -427.00 -1091.00 0
8213 -18.78 -27.41 2.50 -63.00 45.00 197.00 456.00 -427.00 -1091.00 0
8222 -20.45 -28.24 1.53 -62.00 37.00 194.00 456.00 -427.00 -1091.00 0
8231 -21.77 -27.27 0.42 -74.00 31.00 200.00 469.00 -443.00 -1055.00 0
8241 -23.65 -25.74 -0.28 -81.00 29.00 203.00 469.00 -443.00 -1055.00 0
8250 -22.68 -24.42 -1.04 -74.00 33.00 208.00 469.00 -443.00 -1055.00 0
8259 -20.45 -23.37 -1.81 -69.00 41.00 204.00 469.00 -443.00 -1055.00 0
8268 -17.67 -22.05 -2.50 -66.00 53.00 206.00 469.00 -443.00 -1055.00 0
8278 -14.47 -20.52 -3.06 -65.00 63.00 204.00 469.00 -443.00 -1055.00 0
8288 -7.93 -17.53 -3.27 -65.00 66.00 211.00 469.00 -443.00 -1055.00 0
8297 -5.98 -15.86 -3.27 -65.00 66.00 215.00 469.00 -443.00 -1055.00 0
8306 -5.01 -13.91 -3.34 -67.00 68.00 223.00 469.00 -443.00 -1055.00 0
8315 -4.59 -11.97 -3.41 -75.00 63.00 229.00 469.00 -443.00 -1055.00 0
8325 -4.80 -10.23 -3.48 -79.00 58.00 234.00 469.00 -443.00 -1055.00 0
8334 -5.29 -8.90 -3.62 -79.00 51.00 232.00 469.00 -443.00 -1055.00 0
8343 -6.40 -8.00 -3.76 -74.00 47.00 221.00 469.00 -443.00 -1055.00 0
8352 -6.61 -8.07 -3.69 -70.00 45.00 214.00 469.00 -443.00 -1055.00 0
8361 -6.61 -8.07 -3.76 -66.00 45.00 211.00 469.00 -443.00 -1055.00 0
8371 -6.40 -7.79 -3.97 -70.00 48.00 218.00 469.00 -443.00 -1055.00 0
8380 -6.05 -7.51 -4.10 -73.00 54.00 221.00 469.00 -443.00 -1055.00 0
8389 -5.63 -7.30 -4.45 -72.00 57.00 227.00 469.00 -443.00 -1055.00 0
8398 -5.22 -7.51 -5.15 -78.00 58.00 230.00 469.00 -443.00 -1055.00 0
8408 -5.43 -8.00 -5.43 -73.00 63.00 225.00 469.00 -443.00 -1055.00 0
8417 -5.63 -8.56 -5.57 -70.00 57.00 222.00 469.00 -443.00 -1055.00 0
8426 -5.98 -9.04 -5.57 -71.00 52.00 219.00 460.00 -437.00 -1145.00 0
8435 -6.26 -9.32 -5.57 -65.00 57.00 210.00 460.00 -437.00 -1145.00 0
8444 -6.12 -9.46 -5.70 -61.00 58.00 209.00 460.00 -437.00 -1145.00 0
8454 -5.77 -8.83 -5.22 -59.00 48.00 207.00 460.00 -437.00 -1145.00 0
8463 -5.57 -8.07 -4.80 -61.00 50.00 210.00 460.00 -437.00 -1145.00 0
8472 -5.29 -7.10 -4.38 -60.00 48.00 212.00 460.00 -437.00 -1145.00 0
8481 -5.01 -6.05 -4.10 -67.00 50.00 220.00 460.00 -437.00 -1145.00 0
8491 -4.73 -4.87 -4.03 -78.00 59.00 232.00 458.00 -432.00 -1169.00 0
8500 -4.52 -3.55 -4.03 -78.00 60.00 235.00 458.00 -432.00 -1169.00 0
8509 -4.59 -2.85 -3.90 -74.00 58.00 233.00 458.00 -432.00 -1169.00 0
8518 -5.08 -3.20 -3.76 -74.00 53.00 230.00 458.00 -432.00 -1169.00 0
8527 -5.36 -3.97 -3.69 -69.00 56.00 225.00 458.00 -432.00 -1169.00 0
8537 -5.50 -4.66 -3.55 -66.00 50.00 213.00 458.00 -432.00 -1169.00 0
8546 -5.63 -5.29 -3.41 -67.00 50.00 215.00 458.00 -432.00 -1169.00 0
8555 -5.77 -5.77 -3.41 -62.00 45.00 218.00 457.00 -430.00 -1099.00 0
8564 -5.70 -6.05 -3.41 -70.00 50.00 222.00 457.00 -430.00 -1099.00 0
8573 -5.70 -5.57 -3.90 -71.00 50.00 226.00 457.00 -430.00 -1099.00 0
8583 -5.70 -5.15 -4.17 -72.00 51.00 226.00 457.00 -430.00 -1099.00 0
8592 -5.77 -5.01 -4.52 -75.00 51.00 231.00 457.00 -430.00 -1099.00 0
8601 -5.70 -5.15 -4.80 -72.00 55.00 225.00 457.00 -430.00 -1099.00 0
8610 -5.63 -5.63 -5.01 -68.00 56.00 224.00 457.00 -430.00 -1099.00 0
8620 -5.50 -6.33 -5.15 -67.00 53.00 225.00 453.00 -429.00 -987.00 0
8629 -5.50 -7.79 -4.73 -62.00 55.00 219.00 453.00 -429.00 -987.00 0
8637 -5.70 -8.42 -4.66 -60.00 53.00 218.00 453.00 -429.00 -987.00 0
8646 -5.77 -8.63 -4.66 -64.00 54.00 222.00 453.00 -429.00 -987.00 0
8655 -5.77 -8.49 -4.45 -63.00 55.00 219.00 453.00 -429.00 -987.00 0
8665 -5.98 -8.14 -4.24 -62.00 53.00 212.00 453.00 -429.00 -987.00 0
8674 -5.98 -7.72 -3.97 -56.00 47.00 211.00 453.00 -429.00 -987.00 0
8683 -5.50 -6.40 -3.13 -55.00 43.00 203.00 453.00 -429.00 -987.00 0
8692 -5.15 -5.29 -2.85 -56.00 48.00 207.00 453.00 -429.00 -987.00 0
8701 -4.59 -3.90 -2.64 -61.00 47.00 215.00 453.00 -429.00 -987.00 0
8711 -3.97 -2.50 -2.37 -66.00 48.00 223.00 453.00 -429.00 -987.00 0
8720 -3.55 -1.11 -2.09 -67.00 48.00 228.00 453.00 -429.00 -987.00 0
8729 -3.27 0.07 -1.95 -72.00 53.00 229.00 453.00 -429.00 -987.00 0
8738 -2.99 0.83 -1.60 -68.00 50.00 222.00 453.00 -429.00 -987.00 0
8748 -2.43 1.60 -1.32 -62.00 51.00 218.00 453.00 -429.00 -987.00 0
8757 -2.09 1.88 -1.04 -60.00 49.00 213.00 455.00 -429.00 -840.00 0
8766 -1.67 2.30 -0.77 -54.00 51.00 205.00 455.00 -429.00 -840.00 0
8775 -1.11 2.92 -0.56 -53.00 49.00 204.00 455.00 -429.00 -840.00 0
8784 -0.42 3.83 -0.21 -51.00 52.00 200.00 455.00 -429.00 -840.00 0
8794 0.42 5.08 0.35 -48.00 59.00 197.00 455.00 -429.00 -840.00 0
8802 3.06 9.25 2.30 -37.00 61.00 189.00 455.00 -429.00 -840.00 0
8811 5.01 12.17 4.24 -35.00 53.00 171.00 455.00 -429.00 -840.00 0
8820 6.96 16.35 6.68 -28.00 40.00 151.00 455.00 -429.00 -840.00 0
8829 9.81 21.98 9.18 -24.00 34.00 150.00 455.00 -429.00 -840.00 0
8839 13.77 29.63 11.48 -37.00 42.00 152.00 455.00 -429.00 -840.00 0
8848 18.09 39.44 13.22 -49.00 47.00 159.00 455.00 -429.00 -840.00 0
8857 24.90 61.98 15.17 -68.00 57.00 175.00 455.00 -429.00 -840.00 1
8868 27.90 73.39 14.82 -140.00 69.00 204.00 455.00 -429.00 -840.00 1
8879 29.43 85.29 13.43 -193.00 87.00 304.00 455.00 -429.00 -840.00 1
8890 34.71 104.77 8.49 -254.00 102.00 425.00 455.00 -429.00 -840.00 1
8901 35.34 104.77 6.33 -270.00 122.00 445.00 455.00 -429.00 -840.00 1
8911 31.37 90.78 4.52 -197.00 117.00 336.00 455.00 -429.00 -840.00 0
8921 21.70 65.46 -0.28 -146.00 112.00 267.00 455.00 -429.00 -840.00 0
8930 -0.49 3.13 -0.77 -76.00 97.00 191.00 455.00 -429.00 -840.00 0
8939 -10.23 -22.47 0.07 -38.00 69.00 144.00 455.00 -429.00 -840.00 0
8948 -17.53 -40.56 2.02 -17.00 40.00 128.00 481.00 -457.00 -1118.00 0
8957 -23.51 -50.43 3.48 -21.00 20.00 123.00 481.00 -457.00 -1118.00 0
8967 -29.08 -52.80 4.03 -23.00 21.00 131.00 481.00 -457.00 -1118.00 0
8976 -32.07 -44.87 2.92 -33.00 22.00 148.00 481.00 -457.00 -1118.00 0
8985 -33.32 -37.77 1.81 -58.00 22.00 171.00 481.00 -457.00 -1118.00 0
8995 -31.93 -30.68 0.77 -76.00 24.00 190.00 481.00 -457.00 -1118.00 0
9005 -28.52 -24.49 -0.07 -90.00 29.00 210.00 481.00 -457.00 -1118.00 0
9014 -23.03 -19.41 -0.56 -99.00 41.00 223.00 477.00 -448.00 -1038.00 0
9023 -16.97 -15.37 -1.04 -105.00 55.00 239.00 477.00 -448.00 -1038.00 0
9032 -5.29 -12.24 -1.88 -100.00 63.00 237.00 477.00 -448.00 -1038.00 0
9041 -0.90 -12.94 -2.16 -87.00 73.00 233.00 477.00 -448.00 -1038.00 0
9051 1.81 -13.91 -2.43 -84.00 72.00 227.00 477.00 -448.00 -1038.00 0
9060 2.85 -14.40 -2.85 -79.00 73.00 225.00 477.00 -448.00 -1038.00 0
9069 2.30 -14.40 -3.34 -78.00 73.00 212.00 477.00 -448.00 -1038.00 0
9078 0.70 -14.05 -3.90 -68.00 71.00 213.00 471.00 -444.00 -966.00 0
9088 -2.09 -14.26 -4.59 -71.00 66.00 212.00 471.00 -444.00 -966.00 0
9097 -3.69 -13.63 -4.66 -70.00 60.00 207.00 471.00 -444.00 -966.00 0
9106 -5.63 -12.52 -4.73 -71.00 61.00 210.00 471.00 -444.00 -966.00 0
9115 -7.58 -10.92 -4.94 -76.00 51.00 211.00 471.00 -444.00 -966.00 0
9124 -9.67 -9.11 -5.15 -81.00 46.00 218.00 471.00 -444.00 -966.00 0
9134 -10.99 -7.65 -5.29 -85.00 47.00 220.00 471.00 -444.00 -966.00 0
9143 -10.09 -6.96 -4.94 -85.00 45.00 226.00 471.00 -444.00 -966.00 0
9152 -8.49 -7.37 -4.87 -89.00 57.00 232.00 471.00 -444.00 -966.00 0
9161 -6.47 -8.07 -5.01 -87.00 70.00 233.00 471.00 -444.00 -966.00 0
9170 -4.52 -9.32 -5.01 -82.00 73.00 231.00 471.00 -444.00 -966.00 0
9180 -3.34 -10.85 -4.66 -78.00 67.00 225.00 471.00 -444.00 -966.00 0
9189 -3.27 -12.17 -3.90 -74.00 57.00 213.00 471.00 -444.00 -966.00 0
9198 -3.97 -13.77 -2.37 -65.00 50.00 203.00 471.00 -444.00 -966.00 0
9207 -5.22 -13.91 -1.95 -63.00 51.00 195.00 471.00 -444.00 -966.00 0
9217 -5.36 -13.22 -1.88 -63.00 44.00 198.00 471.00 -444.00 -966.00 0
9226 -5.29 -11.90 -2.30 -68.00 48.00 207.00 471.00 -444.00 -966.00 0
9235 -4.73 -10.16 -3.06 -70.00 56.00 222.00 471.00 -444.00 -966.00 0
9244 -3.83 -8.42 -3.83 -78.00 63.00 230.00 471.00 -444.00 -966.00 0
9253 -2.50 -7.23 -4.10 -85.00 70.00 236.00 471.00 -444.00 -966.00 0
9263 0.07 -7.23 -2.37 -83.00 68.00 236.00 471.00 -444.00 -966.00 0
9272 0.83 -8.07 -0.70 -85.00 65.00 236.00 471.00 -444.00 -966.00 0
9281 1.25 -9.04 1.18 -83.00 60.00 230.00 471.00 -444.00 -966.00 0
9290 1.88 -10.16 2.78 -76.00 65.00 227.00 471.00 -444.00 -966.00 0
9298 2.85 -11.34 4.10 -69.00 70.00 219.00 471.00 -444.00 -966.00 0
9308 3.62 -12.31 5.29 -64.00 74.00 214.00 471.00 -444.00 -966.00 0
9317 3.83 -11.55 7.72 -65.00 73.00 215.00 471.00 -444.00 -966.00 0
9326 3.41 -10.37 9.11 -61.00 71.00 216.00 471.00 -444.00 -966.00 0
9335 2.57 -9.25 10.57 -43.00 98.00 204.00 471.00 -444.00 -966.00 0
9345 1.60 -8.07 12.73 -36.00 99.00 205.00 471.00 -444.00 -966.00 0
9354 -0.63 -5.77 15.93 -44.00 86.00 207.00 471.00 -444.00 -966.00 0
9363 -4.59 -2.02 19.90 -56.00 84.00 214.00 471.00 -444.00 -966.00 0
9372 -13.84 6.47 27.97 -59.00 71.00 217.00 471.00 -444.00 -966.00 0
9381 -18.09 10.02 31.86 -74.00 53.00 218.00 471.00 -444.00 -966.00 0
9391 -21.57 12.80 34.85 -78.00 40.00 226.00 471.00 -444.00 -966.00 0
9400 -23.51 14.19 36.45 -76.00 43.00 226.00 471.00 -444.00 -966.00 0
9410 -23.65 14.12 36.94 -73.00 51.00 223.00 448.00 -461.00 -946.00 0
9419 -22.40 12.73 36.66 -74.00 62.00 231.00 448.00 -461.00 -946.00 0
9428 -18.99 7.58 35.27 -77.00 60.00 233.00 448.00 -461.00 -946.00 0
9438 -18.30 4.31 34.50 -72.00 56.00 231.00 448.00 -461.00 -946.00 0
9447 -18.23 1.11 33.88 -71.00 68.00 223.00 448.00 -461.00 -946.00 0
9456 -18.23 -1.74 33.53 -60.00 87.00 214.00 448.00 -461.00 -946.00 0
9465 -18.78 -3.69 33.95 -64.00 96.00 215.00 448.00 -461.00 -946.00 0
9475 -20.31 -4.03 35.48 -70.00 98.00 240.00 442.00 -469.00 -1004.00 0
9484 -26.30 -1.25 41.74 -72.00 85.00 245.00 442.00 -469.00 -1004.00 0
9493 -31.03 -0.63 44.66 -76.00 64.00 246.00 442.00 -469.00 -1004.00 0
9502 -36.17 -1.53 46.47 -88.00 59.00 254.00 442.00 -469.00 -1004.00 0
9511 -41.04 -4.10 47.44 -70.00 50.00 244.00 442.00 -469.00 -1004.00 0
9521 -45.15 -8.56 47.03 -66.00 41.00 222.00 442.00 -469.00 -1004.00 0
9530 -48.97 -13.77 45.70 -56.00 32.00 209.00 442.00 -469.00 -1004.00 0
9539 -52.17 -21.70 42.02 -49.00 44.00 210.00 417.00 -464.00 -1161.00 0
9549 -50.50 -23.93 40.90 -55.00 54.00 227.00 417.00 -464.00 -1161.00 0
9559 -49.11 -25.46 40.49 -47.00 60.00 223.00 417.00 -464.00 -1161.00 0
9568 -48.83 -26.99 40.56 -39.00 65.00 220.00 417.00 -464.00 -1161.00 0
9577 -48.77 -28.38 41.95 -41.00 43.00 210.00 417.00 -464.00 -1161.00 0
9586 -49.60 -28.59 47.37 -34.00 41.00 188.00 417.00 -464.00 -1161.00 0
9595 -52.94 -30.68 49.60 -10.00 30.00 183.00 417.00 -464.00 -1161.00 0
9605 -51.90 -28.59 52.52 -52.00 -10.00 187.00 391.00 -460.00 -1027.00 0
9614 -51.06 -21.98 54.47 -60.00 -14.00 210.00 391.00 -460.00 -1027.00 0
9624 -49.60 -15.30 53.36 -58.00 13.00 225.00 391.00 -460.00 -1027.00 0
9633 -44.66 -10.85 50.43 -58.00 41.00 234.00 391.00 -460.00 -1027.00 0
9643 -34.23 -5.29 43.76 -62.00 31.00 232.00 391.00 -460.00 -1027.00 0
9652 -31.72 -2.71 40.35 -63.00 11.00 241.00 391.00 -460.00 -1027.00 0
9661 -29.91 0.21 37.50 -72.00 -5.00 243.00 391.00 -460.00 -1027.00 0
9670 -27.41 3.06 34.64 -72.00 2.00 251.00 389.00 -462.00 -1106.00 0
9679 -23.65 4.52 31.30 -61.00 8.00 243.00 389.00 -462.00 -1106.00 0
9689 -19.83 3.76 27.48 -51.00 19.00 231.00 389.00 -462.00 -1106.00 0
9698 -12.87 -1.11 21.15 -49.00 19.00 213.00 389.00 -462.00 -1106.00 0
9707 -11.20 -2.71 18.09 -37.00 28.00 201.00 389.00 -462.00 -1106.00 0
9716 -9.88 -3.69 14.75 -26.00 36.00 201.00 389.00 -462.00 -1106.00 0
9725 -8.49 -3.83 12.24 -35.00 26.00 209.00 389.00 -462.00 -1106.00 0
9735 -7.86 -2.30 10.43 -48.00 26.00 224.00 387.00 -466.00 -1038.00 0
9744 -7.58 0.07 8.97 -64.00 22.00 246.00 387.00 -466.00 -1038.00 0
9753 -6.68 1.46 6.54 -64.00 27.00 250.00 387.00 -466.00 -1038.00 0
9762 -5.08 -0.90 5.29 -71.00 23.00 268.00 387.00 -466.00 -1038.00 0
9772 -2.64 -4.03 4.10 -81.00 65.00 185.00 387.00 -466.00 -1038.00 0
9781 -0.21 -9.18 0.83 -31.00 57.00 302.00 387.00 -466.00 -1038.00 0
9790 4.45 -17.18 -4.87 -38.00 -30.00 242.00 387.00 -466.00 -1038.00 0
9799 0.90 -19.90 -5.77 -38.00 -14.00 189.00 387.00 -470.00 -1144.00 0
9808 21.98 -16.83 -0.56 -26.00 66.00 196.00 378.00 -470.00 -1144.00 0
9819 38.12 -15.10 0.77 -40.00 66.00 258.00 378.00 -470.00 -1144.00 0
9828 40.83 -12.73 0.00 -53.00 27.00 235.00 378.00 -470.00 -1144.00 0
9837 33.81 -10.57 -2.57 -51.00 69.00 225.00 378.00 -470.00 -1144.00 0
9846 27.41 -9.95 -4.52 -60.00 -43.00 190.00 378.00 -470.00 -1144.00 0
9856 26.71 -8.97 -10.30 -36.00 72.00 228.00 378.00 -470.00 -1144.00 0
9865 32.77 -4.24 -22.96 -99.00 34.00 249.00 378.00 -470.00 -1144.00 0
9874 33.04 -4.31 -28.80 -129.00 123.00 341.00 378.00 -470.00 -1144.00 0
9883 45.77 -18.43 -29.43 -100.00 118.00 314.00 378.00 -470.00 -1144.00 0
9892 58.02 -44.52 -23.51 -21.00 74.00 226.00 378.00 -470.00 -1144.00 0
9902 78.54 -73.11 -14.33 -2.00 73.00 182.00 378.00 -470.00 -1144.00 0
9912 113.53 -98.78 -5.84 17.00 104.00 212.00 378.00 -470.00 -1144.00 0
9921 105.67 -95.44 -9.04 32.00 125.00 218.00 378.00 -470.00 -1144.00 0
9930 90.50 -81.53 -11.20 -2.00 104.00 246.00 378.00 -470.00 -1144.00 0
9939 70.19 -60.94 -11.83 -14.00 97.00 245.00 378.00 -470.00 -1144.00 0
9949 46.47 -42.99 -11.69 -6.00 86.00 227.00 378.00 -470.00 -1144.00 0
9958 24.07 -30.61 -10.57 1.00 71.00 215.00 378.00 -470.00 -1144.00 0
9967 -17.04 -12.52 -9.25 0.00 63.00 200.00 378.00 -470.00 -1144.00 0
9976 -36.03 -3.20 -10.85 -2.00 48.00 197.00 378.00 -470.00 -1144.00 0
9986 -52.38 7.03 -14.47 -9.00 43.00 203.00 378.00 -470.00 -1144.00 0
9995 -65.18 18.50 -19.27 -26.00 80.00 205.00 378.00 -470.00 -1144.00 0
10005 -74.09 28.87 -23.72 -25.00 13.00 210.00 378.00 -470.00 -1144.00 0
10014 -78.89 34.43 -32.97 -64.00 -36.00 220.00 378.00 -470.00 -1144.00 0
10023 -49.46 30.05 -36.17 -37.00 10.00 239.00 378.00 -470.00 -1144.00 0
10033 -28.45 22.26 -35.48 -37.00 44.00 264.00 378.00 -470.00 -1144.00 0
10042 -9.32 15.86 -35.41 -43.00 85.00 296.00 378.00 -470.00 -1144.00 0
10051 1.67 11.90 -35.27 -51.00 94.00 314.00 378.00 -470.00 -1144.00 0
10061 3.06 10.23 -35.41 -47.00 92.00 307.00 378.00 -470.00 -1144.00 0
10071 -10.30 13.08 -36.59 -40.00 80.00 266.00 378.00 -470.00 -1144.00 0
10080 -18.99 17.04 -37.91 -32.00 57.00 225.00 378.00 -470.00 -1144.00 0
10089 -24.07 24.14 -38.47 -36.00 36.00 200.00 378.00 -470.00 -1144.00 0
10098 -22.54 36.73 -40.56 -48.00 50.00 188.00 378.00 -470.00 -1144.00 0
10107 -15.17 51.69 -44.10 -45.00 58.00 190.00 378.00 -470.00 -1144.00 0
10118 -3.06 80.42 -56.14 9.00 6.00 167.00 378.00 -470.00 -1144.00 0
10127 17.74 72.00 -61.98 -53.00 20.00 239.00 378.00 -470.00 -1144.00 0
10136 8.63 40.56 -63.17 -5.00 44.00 278.00 378.00 -470.00 -1144.00 0
10145 0.14 7.37 -61.08 -15.00 39.00 318.00 378.00 -470.00 -1144.00 0
10155 -7.23 -19.76 -58.43 -34.00 47.00 360.00 378.00 -470.00 -1144.00 0
10164 -14.33 -39.37 -56.00 -17.00 25.00 309.00 378.00 -470.00 -1144.00 0
10173 -23.10 -46.19 -46.68 -31.00 81.00 252.00 378.00 -470.00 -1144.00 0
10182 -28.59 -32.63 -43.76 -37.00 10.00 214.00 378.00 -470.00 -1144.00 0
10192 -38.05 -19.48 -42.09 31.00 0.00 201.00 378.00 -470.00 -1144.00 0
10202 -55.93 -19.55 -44.87 12.00 -13.00 199.00 378.00 -470.00 -1144.00 0
10211 -74.50 -25.11 -47.44 44.00 16.00 174.00 378.00 -470.00 -1144.00 0
10220 -95.51 -36.59 -52.17 38.00 -50.00 263.00 378.00 -470.00 -1144.00 0
10229 -138.43 -64.42 -57.46 48.00 -19.00 242.00 378.00 -470.00 -1144.00 0
10238 -160.70 -67.34 -61.22 46.00 -54.00 267.00 378.00 -470.00 -1144.00 0
10249 -169.46 -62.75 -56.21 11.00 -26.00 250.00 378.00 -470.00 -1144.00 0
10258 -166.05 -48.63 -46.26 1.00 -25.00 212.00 378.00 -470.00 -1144.00 0
10267 -156.17 -34.09 -38.89 77.00 -44.00 273.00 378.00 -470.00 -1144.00 0
10276 -117.63 -26.50 -23.65 -6.00 -37.00 220.00 378.00 -470.00 -1144.00 0
10287 -88.83 -18.16 -15.23 -4.00 -35.00 215.00 378.00 -470.00 -1144.00 0
10296 -55.03 -15.72 -9.04 -6.00 -17.00 185.00 378.00 -470.00 -1144.00 0
10305 -16.07 -17.67 -2.78 26.00 -29.00 194.00 378.00 -470.00 -1144.00 0
10314 21.29 -24.49 2.43 6.00 -19.00 165.00 378.00 -470.00 -1144.00 0
10323 70.19 -14.61 4.45 3.00 -23.00 169.00 378.00 -470.00 -1144.00 0
10333 84.52 -10.30 2.02 13.00 -16.00 184.00 378.00 -470.00 -1144.00 0
10342 91.41 -8.83 -2.99 11.00 -16.00 197.00 378.00 -470.00 -1144.00 0
10351 90.57 -7.65 -9.39 9.00 1.00 222.00 378.00 -470.00 -1144.00 0
10360 84.38 -9.04 -15.03 2.00 9.00 251.00 378.00 -470.00 -1144.00 0
10370 71.93 -14.33 -19.83 -24.00 45.00 244.00 378.00 -470.00 -1144.00 0
10380 33.32 -25.95 -23.51 -45.00 43.00 251.00 378.00 -470.00 -1144.00 0
10389 9.95 -31.30 -25.25 -57.00 42.00 249.00 378.00 -470.00 -1144.00 0
10398 -6.19 -37.70 -29.84 -58.00 52.00 248.00 378.00 -470.00 -1144.00 0
10407 -13.77 -44.66 -35.76 -31.00 45.00 251.00 378.00 -470.00 -1144.00 0
10417 -18.09 -49.46 -42.02 -41.00 30.00 262.00 378.00 -470.00 -1144.00 0
10426 -18.78 -37.29 -56.35 0.00 23.00 239.00 378.00 -470.00 -1144.00 0
10435 -24.70 -23.58 -64.28 -50.00 6.00 214.00 378.00 -470.00 -1144.00 0
10445 -36.52 -11.48 -72.14 -9.00 -11.00 271.00 378.00 -470.00 -1144.00 0
10455 -55.86 -1.04 -84.45 -35.00 5.00 230.00 378.00 -470.00 -1144.00 0
10464 -81.67 13.43 -102.54 -28.00 -13.00 237.00 378.00 -470.00 -1144.00 0
10473 -107.83 25.39 -117.15 -58.00 17.00 240.00 378.00 -470.00 -1144.00 0
10482 -139.27 54.61 -127.72 -99.00 15.00 249.00 378.00 -470.00 -1144.00 0
10492 -143.44 74.09 -125.70 -97.00 -26.00 225.00 378.00 -470.00 -1144.00 0
10502 -135.17 83.06 -120.42 -102.00 -8.00 256.00 378.00 -470.00 -1144.00 0
10511 -114.02 77.22 -113.04 -65.00 -43.00 222.00 378.00 -470.00 -1144.00 0
10520 -87.86 69.77 -104.77 -61.00 -59.00 242.00 378.00 -470.00 -1144.00 0
10530 -26.43 56.83 -81.67 -48.00 -64.00 242.00 378.00 -470.00 -1144.00 0
10540 6.89 50.23 -69.29 -46.00 -33.00 241.00 378.00 -470.00 -1144.00 0
10549 35.27 43.20 -57.04 -65.00 -25.00 225.00 378.00 -470.00 -1144.00 0
10558 50.43 36.59 -46.26 -39.00 -40.00 235.00 378.00 -470.00 -1144.00 0
10567 52.45 30.40 -40.28 -55.00 -14.00 224.00 378.00 -470.00 -1144.00 0
10577 29.70 23.10 -39.86 -53.00 -21.00 218.00 378.00 -470.00 -1144.00 0
10587 9.74 21.36 -44.31 -89.00 -36.00 228.00 378.00 -470.00 -1144.00 0
10596 -9.25 22.05 -51.62 -79.00 -33.00 228.00 378.00 -470.00 -1144.00 0
10605 -23.72 26.85 -64.21 -51.00 -46.00 222.00 378.00 -470.00 -1144.00 0
10614 -33.25 36.38 -76.52 -47.00 -64.00 216.00 378.00 -470.00 -1144.00 0
10624 -39.17 47.72 -87.65 -48.00 -67.00 200.00 378.00 -470.00 -1144.00 0
10633 -40.97 68.31 -104.00 -50.00 -98.00 216.00 378.00 -470.00 -1144.00 0
10643 -42.99 72.00 -109.01 -43.00 -104.00 220.00 378.00 -470.00 -1144.00 0
10652 -43.62 72.35 -109.36 -57.00 -83.00 223.00 378.00 -470.00 -1144.00 0
10661 -43.34 71.72 -107.76 -100.00 -86.00 202.00 378.00 -470.00 -1144.00 0
10671 -45.50 70.68 -108.66 -105.00 -79.00 211.00 378.00 -470.00 -1144.00 0
10681 -55.10 67.13 -116.66 -110.00 -71.00 202.00 378.00 -470.00 -1144.00 0
10690 -57.67 65.95 -117.15 -89.00 -88.00 200.00 378.00 -470.00 -1144.00 0
10699 -58.16 65.60 -114.99 -111.00 -105.00 191.00 378.00 -470.00 -1144.00 0
10710 -56.07 68.17 -111.51 -95.00 -69.00 180.00 378.00 -470.00 -1144.00 0
10719 -52.73 71.79 -104.49 -94.00 -77.00 160.00 582.00 -110.00 -1109.00 0
10728 -47.17 80.28 -85.84 -73.00 -82.00 168.00 582.00 -110.00 -1109.00 0
10737 -45.01 83.34 -78.54 -52.00 -98.00 195.00 582.00 -110.00 -1109.00 0
10746 -43.13 85.22 -74.23 -62.00 -108.00 215.00 582.00 -110.00 -1109.00 0
10757 -44.87 86.12 -69.50 -97.00 -126.00 245.00 582.00 -110.00 -1109.00 0
10766 -51.13 86.33 -64.35 -127.00 -134.00 251.00 582.00 -110.00 -1109.00 0
10775 -72.35 85.08 -61.63 -171.00 -135.00 251.00 582.00 -110.00 -1109.00 0
10784 -85.77 82.57 -64.49 -164.00 -158.00 234.00 635.00 -40.00 -1076.00 0
10795 -96.49 78.40 -70.33 -144.00 -139.00 199.00 635.00 -40.00 -1076.00 0
10804 -100.17 73.32 -77.91 -118.00 -108.00 174.00 635.00 -40.00 -1076.00 0
10813 -97.95 68.66 -86.33 -85.00 -79.00 150.00 635.00 -40.00 -1076.00 0
10822 -92.80 63.30 -90.99 -66.00 -72.00 135.00 635.00 -40.00 -1076.00 0
10831 -76.94 60.66 -87.10 -61.00 -96.00 156.00 635.00 -40.00 -1076.00 0
10841 -66.92 58.92 -79.65 -64.00 -105.00 173.00 635.00 -40.00 -1076.00 0
10850 -55.79 58.99 -71.23 -79.00 -119.00 183.00 657.00 28.00 -965.00 0
10860 -47.10 59.20 -62.26 -95.00 -139.00 201.00 657.00 28.00 -965.00 0
10869 -42.30 58.71 -55.79 -113.00 -167.00 204.00 657.00 28.00 -965.00 0
10878 -41.25 54.82 -57.25 -144.00 -183.00 202.00 657.00 28.00 -965.00 0
10888 -40.70 53.57 -64.90 -149.00 -193.00 210.00 657.00 28.00 -965.00 0
10897 -39.30 52.87 -75.06 -159.00 -188.00 174.00 657.00 28.00 -965.00 0
10906 -36.31 51.97 -83.06 -135.00 -164.00 182.00 657.00 28.00 -965.00 0
10915 -30.05 49.95 -88.56 -128.00 -144.00 150.00 668.00 99.00 -1111.00 0
10926 -24.00 55.23 -91.06 -111.00 -113.00 161.00 668.00 99.00 -1111.00 0
10935 -12.24 66.92 -89.81 -124.00 -106.00 149.00 668.00 99.00 -1111.00 0
10944 -4.66 83.69 -90.30 -103.00 -154.00 135.00 668.00 99.00 -1111.00 0
10953 3.34 89.81 -94.33 -99.00 -165.00 141.00 668.00 99.00 -1111.00 0
10962 7.65 97.18 -91.69 -73.00 -148.00 176.00 668.00 99.00 -1111.00 0
10972 9.53 96.49 -85.77 -82.00 -140.00 177.00 668.00 99.00 -1111.00 0
10981 11.62 94.54 -80.42 -270.00 -303.00 333.00 668.00 155.00 -1060.00 0
10991 15.37 91.06 -92.17 -72.00 -251.00 147.00 668.00 155.00 -1060.00 0
11000 28.17 88.83 -91.41 -188.00 -143.00 202.00 668.00 155.00 -1060.00 0
11010 31.10 73.25 -82.57 -64.00 -154.00 151.00 668.00 155.00 -1060.00 0
11019 29.08 56.42 -70.96 -99.00 -145.00 150.00 668.00 155.00 -1060.00 0
11029 22.26 33.39 -49.81 -117.00 -155.00 163.00 668.00 155.00 -1060.00 0
11038 19.62 25.67 -42.09 -99.00 -156.00 168.00 668.00 155.00 -1060.00 0
11047 17.39 18.23 -36.24 -96.00 -162.00 174.00 655.00 170.00 -1007.00 0
11057 15.37 13.08 -31.86 -84.00 -145.00 154.00 655.00 170.00 -1007.00 0
11066 14.68 7.93 -29.08 -114.00 -164.00 173.00 655.00 170.00 -1007.00 0
11076 14.89 -1.81 -25.81 -110.00 -152.00 207.00 655.00 170.00 -1007.00 0
11085 16.00 -5.98 -24.97 -79.00 -150.00 187.00 655.00 170.00 -1007.00 0
11095 15.17 -6.05 -23.72 -98.00 -151.00 178.00 655.00 170.00 -1007.00 0
11104 13.91 -3.13 -21.57 -106.00 -151.00 173.00 655.00 170.00 -1007.00 0
11113 12.31 1.04 -19.69 -92.00 -153.00 168.00 643.00 178.00 -863.00 0
11122 10.78 3.13 -18.50 -90.00 -152.00 168.00 643.00 178.00 -863.00 0
11131 9.18 4.80 -18.43 -99.00 -148.00 169.00 643.00 178.00 -863.00 0
11142 9.04 5.22 -18.16 -97.00 -151.00 175.00 643.00 178.00 -863.00 0
11151 8.77 4.94 -17.04 -91.00 -149.00 174.00 643.00 178.00 -863.00 0
11160 8.00 3.62 -15.37 -96.00 -141.00 181.00 643.00 178.00 -863.00 0
11169 6.05 1.88 -13.77 -99.00 -144.00 170.00 643.00 178.00 -863.00 0
11179 2.92 0.28 -13.01 -105.00 -134.00 175.00 635.00 187.00 -1093.00 0
11188 -8.97 -4.38 -14.40 -143.00 -200.00 154.00 635.00 187.00 -1093.00 0
11197 -20.73 0.83 -17.46 -240.00 -247.00 282.00 635.00 187.00 -1093.00 0
11206 -31.30 7.44 -18.30 -120.00 -114.00 103.00 635.00 187.00 -1093.00 0
11215 -45.15 11.34 -16.00 -145.00 -133.00 213.00 635.00 187.00 -1093.00 0
11226 -48.97 13.08 -14.68 -115.00 -183.00 199.00 635.00 187.00 -1093.00 0
11235 -45.43 6.12 -23.37 -140.00 -159.00 323.00 635.00 187.00 -1093.00 0
11244 -46.89 -2.64 -32.28 -31.00 -134.00 185.00 603.00 203.00 -1095.00 0
11253 -48.35 -9.95 -47.10 -52.00 -11.00 179.00 603.00 203.00 -1095.00 0
11262 -78.96 -6.89 -53.22 21.00 -134.00 50.00 603.00 203.00 -1095.00 0
11273 -130.64 2.50 -64.77 70.00 18.00 62.00 603.00 203.00 -1095.00 0
11282 -153.95 7.30 -82.99 -56.00 -96.00 109.00 603.00 203.00 -1095.00 0
11291 -229.84 6.33 -89.18 -127.00 -241.00 159.00 603.00 203.00 -1095.00 0
11300 -238.33 6.05 -96.42 -105.00 -274.00 190.00 603.00 203.00 -1095.00 0
11310 -242.37 4.94 -98.92 -48.00 -212.00 132.00 532.00 262.00 -888.00 0
11320 -249.04 0.97 -97.46 -48.00 -184.00 78.00 532.00 262.00 -888.00 0
11329 -252.52 -8.42 -93.08 -73.00 -229.00 116.00 532.00 262.00 -888.00 0
11338 -250.02 -20.38 -85.08 -133.00 -333.00 157.00 532.00 262.00 -888.00 0
11347 -245.50 -23.72 -82.30 -37.00 -303.00 -91.00 532.00 262.00 -888.00 0
11357 -210.16 -24.77 -94.12 71.00 -202.00 11.00 532.00 262.00 -888.00 0
11366 -158.75 -23.44 -100.38 59.00 -245.00 182.00 532.00 262.00 -888.00 0
11376 -127.30 -23.10 -90.85 -40.00 -287.00 77.00 486.00 279.00 -1081.00 0
11385 -79.17 -18.64 -55.10 31.00 -201.00 113.00 486.00 279.00 -1081.00 0
11395 -61.43 -12.38 -33.88 -62.00 -273.00 -20.00 486.00 279.00 -1081.00 0
11404 -47.72 -7.65 -14.19 -28.00 -225.00 137.00 486.00 279.00 -1081.00 0
11413 -37.84 -6.47 0.14 -44.00 -244.00 94.00 486.00 279.00 -1081.00 0
11422 -31.23 -8.42 9.67 -39.00 -238.00 106.00 486.00 279.00 -1081.00 0
11432 -26.23 -11.06 13.98 -60.00 -249.00 60.00 486.00 279.00 -1081.00 0
11442 -17.60 -8.83 13.15 -63.00 -233.00 81.00 508.00 263.00 -1037.00 0
11451 -15.37 -9.74 10.99 -55.00 -253.00 54.00 508.00 263.00 -1037.00 0
11460 -13.63 -11.55 6.33 -41.00 -249.00 72.00 508.00 263.00 -1037.00 0
11469 -12.45 -13.22 1.67 -35.00 -249.00 80.00 508.00 263.00 -1037.00 0
11479 -11.13 -12.66 -2.85 -64.00 -258.00 48.00 508.00 263.00 -1037.00 0
11488 -7.86 -5.77 -10.64 -56.00 -242.00 69.00 508.00 263.00 -1037.00 0
11497 -7.03 -4.52 -13.84 -56.00 -259.00 90.00 508.00 263.00 -1037.00 0
11506 -5.22 -0.97 -15.86 -42.00 -259.00 66.00 498.00 269.00 -1025.00 0
11515 -4.52 1.81 -13.57 -32.00 -241.00 123.00 498.00 269.00 -1025.00 0
11526 -4.45 0.90 -10.02 -52.00 -255.00 73.00 498.00 269.00 -1025.00 0
11535 -4.03 -0.90 -5.91 -40.00 -255.00 67.00 498.00 269.00 -1025.00 0
11544 -3.97 -2.50 2.78 -65.00 -271.00 66.00 498.00 269.00 -1025.00 0
11553 -4.38 -3.62 5.22 -50.00 -252.00 104.00 498.00 269.00 -1025.00 0
11563 -4.80 -4.80 5.77 -59.00 -265.00 84.00 498.00 269.00 -1025.00 0
11572 -4.31 -4.87 5.22 -50.00 -254.00 74.00 502.00 266.00 -924.00 0
11581 -3.76 -4.59 3.41 -38.00 -256.00 66.00 502.00 266.00 -924.00 0
11590 -4.31 -4.59 0.70 -48.00 -252.00 70.00 502.00 266.00 -924.00 0
11599 -4.10 -2.78 -5.01 -41.00 -256.00 67.00 502.00 266.00 -924.00 0
11609 -4.03 -2.23 -6.54 -43.00 -254.00 70.00 502.00 266.00 -924.00 0
11618 -4.03 -2.09 -7.03 -40.00 -258.00 74.00 502.00 266.00 -924.00 0
11627 -3.90 -1.95 -6.54 -42.00 -253.00 74.00 502.00 266.00 -924.00 0
11636 -3.76 -1.74 -5.29 -47.00 -253.00 70.00 502.00 266.00 -924.00 0
11645 -3.62 -1.39 -3.69 -45.00 -254.00 70.00 502.00 266.00 -924.00 0
11654 -3.55 -0.97 -1.60 -48.00 -250.00 69.00 502.00 266.00 -924.00 0
11663 -3.55 -0.83 -1.04 -51.00 -253.00 68.00 502.00 266.00 -924.00 0
11672 -3.55 -0.83 -0.90 -47.00 -252.00 73.00 502.00 266.00 -924.00 0
11681 -3.55 -0.90 -1.11 -47.00 -253.00 69.00 502.00 266.00 -924.00 0
11691 -3.55 -1.04 -1.46 -48.00 -252.00 71.00 502.00 266.00 -924.00 0
11700 -3.55 -1.11 -1.81 -51.00 -251.00 68.00 502.00 266.00 -924.00 0
11709 -3.55 -1.18 -2.57 -49.00 -249.00 70.00 498.00 265.00 -1003.00 0
11718 -3.62 -1.39 -2.85 -48.00 -249.00 70.00 498.00 265.00 -1003.00 0
11727 -3.69 -1.53 -3.13 -44.00 -254.00 72.00 498.00 265.00 -1003.00 0
11737 -3.76 -1.60 -3.34 -48.00 -254.00 75.00 498.00 265.00 -1003.00 0
11746 -3.76 -1.60 -3.34 -46.00 -254.00 69.00 498.00 265.00 -1003.00 0
11755 -3.69 -1.53 -3.13 -47.00 -252.00 69.00 498.00 265.00 -1003.00 0
11764 -3.69 -1.46 -2.43 -44.00 -252.00 71.00 498.00 265.00 -1003.00 0
11773 -3.62 -1.25 -2.02 -50.00 -255.00 74.00 498.00 265.00 -1003.00 0
11784 -3.55 -1.18 -1.67 -47.00 -253.00 74.00 498.00 265.00 -1003.00 0
11793 -3.55 -1.11 -1.53 -44.00 -255.00 70.00 498.00 265.00 -1003.00 0
11802 -3.55 -1.11 -1.53 -46.00 -252.00 70.00 498.00 265.00 -1003.00 0
11811 -3.55 -1.18 -1.67 -44.00 -251.00 67.00 498.00 265.00 -1003.00 0
11821 -3.55 -1.32 -2.23 -45.00 -253.00 75.00 498.00 265.00 -1003.00 0
11830 -3.55 -1.39 -2.43 -47.00 -255.00 71.00 498.00 265.00 -1003.00 0
11839 -3.62 -1.46 -2.64 -47.00 -251.00 74.00 498.00 265.00 -1003.00 0
11848 -3.69 -1.46 -2.71 -45.00 -253.00 73.00 498.00 265.00 -1003.00 0
11857 -3.69 -1.39 -2.78 -48.00 -253.00 72.00 498.00 265.00 -1003.00 0
11867 -3.62 -1.32 -2.71 -45.00 -253.00 71.00 498.00 265.00 -1003.00 0
11876 -3.62 -1.32 -2.30 -46.00 -252.00 72.00 498.00 265.00 -1003.00 0
11885 -3.55 -1.25 -2.16 -43.00 -254.00 70.00 498.00 265.00 -1003.00 0
11894 -3.55 -1.25 -1.95 -45.00 -253.00 73.00 498.00 265.00 -1003.00 0
11904 -3.55 -1.18 -1.74 -47.00 -252.00 69.00 500.00 267.00 -1248.00 0
11913 -3.55 -1.18 -1.67 -48.00 -252.00 72.00 500.00 267.00 -1248.00 0
11922 -3.55 -1.25 -1.74 -47.00 -252.00 70.00 500.00 267.00 -1248.00 0
11931 -3.55 -1.25 -2.09 -41.00 -251.00 68.00 500.00 267.00 -1248.00 0
11940 -3.55 -1.39 -2.23 -48.00 -252.00 68.00 500.00 267.00 -1248.00 0
11950 -3.55 -1.39 -2.37 -47.00 -252.00 70.00 500.00 267.00 -1248.00 0
11959 -3.55 -1.39 -2.43 -47.00 -248.00 69.00 500.00 267.00 -1248.00 0
11968 -3.55 -1.46 -2.43 -44.00 -250.00 70.00 501.00 264.00 -1123.00 0
11977 -3.62 -1.39 -2.37 -45.00 -253.00 70.00 501.00 264.00 -1123.00 0
11986 -3.55 -1.32 -2.09 -43.00 -253.00 70.00 501.00 264.00 -1123.00 0
11996 -3.48 -1.32 -2.02 -48.00 -253.00 70.00 501.00 264.00 -1123.00 0
12005 -3.55 -1.25 -1.88 -45.00 -251.00 70.00 501.00 264.00 -1123.00 0
12014 -3.55 -1.25 -1.81 -46.00 -252.00 69.00 501.00 264.00 -1123.00 0
12023 -3.48 -1.25 -1.88 -46.00 -253.00 70.00 501.00 264.00 -1123.00 0
12033 -3.48 -1.18 -1.88 -48.00 -253.00 71.00 498.00 266.00 -966.00 0
12042 -3.48 -1.18 -1.95 -46.00 -249.00 69.00 498.00 266.00 -966.00 0
12051 -3.55 -1.18 -2.09 -45.00 -252.00 67.00 498.00 266.00 -966.00 0
12060 -3.55 -1.18 -2.16 -47.00 -254.00 73.00 498.00 266.00 -966.00 0
12069 -3.55 -1.18 -2.09 -44.00 -252.00 69.00 498.00 266.00 -966.00 0
12079 -3.55 -1.18 -2.09 -44.00 -253.00 68.00 498.00 266.00 -966.00 0
12088 -3.55 -1.25 -2.09 -47.00 -251.00 70.00 498.00 266.00 -966.00 0
12097 -3.55 -1.25 -2.09 -45.00 -254.00 75.00 501.00 270.00 -1151.00 0
12106 -3.55 -1.25 -2.02 -47.00 -253.00 70.00 501.00 270.00 -1151.00 0
12115 -3.55 -1.25 -2.02 -44.00 -254.00 72.00 501.00 270.00 -1151.00 0
12125 -3.48 -1.25 -1.95 -47.00 -252.00 67.00 501.00 270.00 -1151.00 0
12134 -3.55 -1.25 -1.95 -48.00 -251.00 68.00 501.00 270.00 -1151.00 0
12143 -3.55 -1.25 -1.88 -44.00 -250.00 70.00 501.00 270.00 -1151.00 0
12152 -3.55 -1.25 -1.88 -46.00 -251.00 71.00 501.00 270.00 -1151.00 0
12162 -3.55 -1.25 -2.02 -44.00 -253.00 72.00 501.00 265.00 -1287.00 0
12171 -3.55 -1.18 -2.02 -46.00 -252.00 68.00 497.00 265.00 -1287.00 0
12180 -3.55 -1.18 -2.02 -46.00 -252.00 72.00 497.00 265.00 -1287.00 0
12189 -3.55 -1.18 -2.02 -47.00 -249.00 68.00 497.00 265.00 -1287.00 0
12198 -3.55 -1.18 -1.95 -45.00 -252.00 70.00 497.00 265.00 -1287.00 0
12208 -3.55 -1.18 -1.95 -45.00 -252.00 70.00 497.00 265.00 -1287.00 0
12217 -3.55 -1.18 -1.81 -48.00 -251.00 73.00 497.00 265.00 -1287.00 0
12226 -3.62 -1.18 -1.81 -46.00 -254.00 70.00 497.00 265.00 -1287.00 0
12236 -3.62 -1.18 -1.88 -45.00 -252.00 70.00 497.00 265.00 -1287.00 0
12246 -3.62 -1.18 -1.95 -42.00 -254.00 68.00 497.00 265.00 -1287.00 0
12255 -3.62 -1.18 -1.88 -45.00 -251.00 67.00 497.00 265.00 -1287.00 0
12264 -3.62 -1.25 -1.88 -43.00 -252.00 71.00 497.00 265.00 -1287.00 0
12273 -3.55 -1.18 -1.88 -46.00 -252.00 73.00 497.00 265.00 -1287.00 0
12282 -3.55 -1.25 -1.88 -44.00 -254.00 69.00 497.00 265.00 -1287.00 0
12292 -3.48 -1.25 -1.95 -45.00 -252.00 72.00 497.00 265.00 -1287.00 0
12301 -3.55 -1.25 -1.95 -45.00 -254.00 66.00 497.00 265.00 -1287.00 0
12310 -3.55 -1.18 -1.88 -47.00 -252.00 71.00 497.00 265.00 -1287.00 0
12319 -3.55 -1.25 -1.81 -44.00 -253.00 66.00 497.00 265.00 -1287.00 0
12328 -3.55 -1.25 -1.95 -44.00 -252.00 70.00 497.00 265.00 -1287.00 0
12338 -3.55 -1.25 -2.02 -44.00 -253.00 72.00 497.00 265.00 -1287.00 0
12347 -3.48 -1.18 -1.95 -46.00 -255.00 73.00 497.00 265.00 -1287.00 0
12356 -3.55 -1.11 -1.88 -45.00 -250.00 70.00 497.00 265.00 -1287.00 0
12365 -3.48 -1.11 -1.88 -46.00 -250.00 70.00 497.00 265.00 -1287.00 0
12375 -3.55 -1.18 -1.74 -45.00 -254.00 75.00 497.00 265.00 -1287.00 0
12384 -3.55 -1.18 -1.88 -46.00 -254.00 73.00 497.00 265.00 -1287.00 0
12393 -3.55 -1.25 -1.88 -46.00 -251.00 68.00 497.00 265.00 -1287.00 0
12402 -3.48 -1.25 -1.88 -44.00 -251.00 69.00 497.00 265.00 -1287.00 0
12411 -3.48 -1.25 -1.95 -47.00 -251.00 72.00 497.00 265.00 -1287.00 0
12421 -3.48 -1.25 -1.95 -49.00 -253.00 69.00 497.00 265.00 -1287.00 0
12430 -3.48 -1.25 -1.95 -46.00 -254.00 70.00 497.00 265.00 -1287.00 0
12439 -3.48 -1.18 -1.88 -45.00 -254.00 70.00 497.00 265.00 -1287.00 0
12448 -3.48 -1.25 -1.88 -45.00 -253.00 70.00 497.00 265.00 -1287.00 0
12457 -3.55 -1.25 -1.81 -44.00 -249.00 66.00 497.00 265.00 -1287.00 0
12467 -3.55 -1.25 -1.88 -48.00 -252.00 70.00 497.00 265.00 -1287.00 0
12476 -3.62 -1.18 -1.88 -46.00 -252.00 69.00 497.00 265.00 -1287.00 0
12485 -3.55 -1.18 -1.81 -47.00 -246.00 70.00 497.00 265.00 -1287.00 0
12494 -3.62 -1.11 -1.81 -45.00 -253.00 72.00 497.00 265.00 -1287.00 0
12504 -3.62 -1.11 -1.88 -45.00 -251.00 67.00 497.00 265.00 -1287.00 0
12513 -3.62 -1.18 -1.88 -44.00 -254.00 72.00 497.00 265.00 -1287.00 0
12522 -3.55 -1.25 -1.81 -45.00 -252.00 73.00 497.00 265.00 -1287.00 0
12531 -3.55 -1.25 -1.81 -46.00 -253.00 72.00 497.00 265.00 -1287.00 0
12541 -3.55 -1.25 -1.81 -42.00 -254.00 69.00 497.00 265.00 -1287.00 0
12551 -3.55 -1.11 -1.81 -49.00 -253.00 72.00 497.00 265.00 -1287.00 0
12560 -3.55 -1.11 -1.81 -44.00 -252.00 70.00 500.00 270.00 -1021.00 0
12569 -3.55 -1.18 -1.81 -38.00 -243.00 69.00 500.00 270.00 -1021.00 0
12578 -3.55 -1.18 -1.81 -39.00 -242.00 69.00 500.00 270.00 -1021.00 0
12588 -3.55 -1.11 -1.81 -47.00 -248.00 69.00 500.00 270.00 -1021.00 0
12597 -3.55 -1.11 -1.88 -47.00 -252.00 68.00 500.00 270.00 -1021.00 0
12606 -3.55 -1.18 -1.95 -44.00 -254.00 68.00 500.00 270.00 -1021.00 0
12615 -3.55 -1.18 -1.95 -45.00 -253.00 70.00 500.00 270.00 -1021.00 0
12624 -3.48 -1.18 -2.02 -43.00 -254.00 69.00 499.00 266.00 -909.00 0
12634 -3.48 -1.18 -2.02 -44.00 -250.00 68.00 499.00 266.00 -909.00 0
12643 -3.48 -1.11 -1.88 -46.00 -251.00 69.00 499.00 266.00 -909.00 0
12652 -3.48 -1.11 -1.81 -43.00 -255.00 71.00 499.00 266.00 -909.00 0
12661 -3.41 -1.11 -1.74 -47.00 -257.00 75.00 499.00 266.00 -909.00 0
12670 -3.41 -1.11 -1.74 -46.00 -252.00 74.00 499.00 266.00 -909.00 0
12680 -3.34 -1.11 -1.81 -45.00 -253.00 72.00 499.00 266.00 -909.00 0
12689 -3.41 -1.11 -1.88 -46.00 -251.00 68.00 497.00 268.00 -1101.00 0
12698 -3.48 -1.11 -1.88 -43.00 -251.00 68.00 497.00 268.00 -1101.00 0
12707 -3.55 -1.11 -1.88 -44.00 -250.00 68.00 497.00 268.00 -1101.00 0
12717 -3.55 -1.18 -1.81 -43.00 -254.00 73.00 497.00 268.00 -1101.00 0
12726 -3.55 -1.18 -1.74 -46.00 -253.00 72.00 497.00 268.00 -1101.00 0
12735 -3.55 -1.18 -1.81 -45.00 -254.00 74.00 497.00 268.00 -1101.00 0
12744 -3.55 -1.18 -1.81 -44.00 -254.00 68.00 497.00 268.00 -1101.00 0
12753 -3.55 -1.11 -1.81 -46.00 -251.00 70.00 496.00 267.00 -1149.00 0
12763 -3.55 -1.04 -1.74 -46.00 -253.00 72.00 496.00 267.00 -1149.00 0
12772 -3.48 -0.97 -1.95 -45.00 -252.00 69.00 496.00 267.00 -1149.00 0