414.00 -369.00 -1206.00 0
477 -3.83 -1.60 -1.46 -44.00 13.00 238.00 414.00 -369.00 -1206.00 0
486 -3.69 -1.53 -1.60 -42.00 20.00 238.00 414.00 -369.00 -1206.00 0
495 -3.20 -1.53 -1.74 -44.00 20.00 238.00 414.00 -369.00 -1206.00 0
504 -2.78 -1.67 -1.88 -40.00 26.00 237.00 414.00 -369.00 -1206.00 0
514 -2.37 -1.88 -2.02 -39.00 30.00 233.00 414.00 -369.00 -1206.00 0
523 -1.67 -2.09 -2.09 -36.00 32.00 236.00 414.00 -369.00 -1206.00 0
532 -1.46 -2.02 -1.95 -40.00 34.00 235.00 414.00 -369.00 -1206.00 0
541 -1.53 -1.95 -1.81 -33.00 32.00 233.00 414.00 -369.00 -1206.00 0
550 -1.81 -1.81 -1.67 -39.00 28.00 234.00 414.00 -369.00 -1206.00 0
560 -2.30 -1.60 -1.60 -42.00 21.00 238.00 414.00 -369.00 -1206.00 0
569 -2.85 -1.25 -1.46 -44.00 19.00 235.00 414.00 -369.00 -1206.00 0
578 -3.41 -1.11 -1.46 -43.00 20.00 233.00 414.00 -369.00 -1206.00 0
587 -3.48 -1.11 -1.46 -43.00 23.00 234.00 414.00 -369.00 -1206.00 0
596 -3.20 -1.25 -1.60 -42.00 23.00 239.00 414.00 -369.00 -1206.00 0
606 -3.06 -1.39 -1.81 -43.00 22.00 240.00 414.00 -369.00 -1206.00 0
615 -2.99 -1.60 -2.37 -43.00 17.00 238.00 414.00 -369.00 -1206.00 0
624 -3.20 -1.74 -3.13 -40.00 13.00 235.00 414.00 -369.00 -1206.00 0
633 -3.41 -1.88 -4.17 -47.00 12.00 234.00 414.00 -369.00 -1206.00 0
643 -3.62 -2.09 -7.23 -41.00 7.00 221.00 414.00 -369.00 -1206.00 0
651 -3.20 -1.95 -9.25 -39.00 14.00 233.00 414.00 -369.00 -1206.00 0
660 -2.23 -1.25 -11.41 -41.00 32.00 239.00 414.00 -369.00 -1206.00 0
669 -1.11 -0.70 -13.15 -40.00 40.00 235.00 414.00 -369.00 -1206.00 0
678 -0.49 -0.63 -13.63 -38.00 26.00 228.00 414.00 -369.00 -1206.00 0
688 -0.97 -0.56 -13.29 -39.00 17.00 221.00 414.00 -369.00 -1206.00 0
697 -2.30 0.63 -12.45 -42.00 20.00 226.00 414.00 -369.00 -1206.00 0
706 -1.67 1.46 -12.10 -40.00 20.00 229.00 417.00 -364.00 -1052.00 0
715 -0.83 2.37 -12.03 -39.00 16.00 229.00 417.00 -364.00 -1052.00 0
724 -0.28 3.55 -12.52 -35.00 10.00 228.00 417.00 -364.00 -1052.00 0
734 0.35 4.94 -13.57 -34.00 14.00 229.00 417.00 -364.00 -1052.00 0
743 1.39 6.68 -14.96 -39.00 17.00 229.00 417.00 -364.00 -1052.00 0
752 2.92 8.63 -18.30 -39.00 25.00 227.00 417.00 -364.00 -1052.00 0
761 5.63 12.73 -20.03 -43.00 34.00 222.00 417.00 -364.00 -1052.00 0
771 6.89 14.54 -21.29 -46.00 43.00 231.00 424.00 -362.00 -1057.00 0
780 7.79 16.07 -22.05 -48.00 43.00 228.00 424.00 -362.00 -1057.00 0
789 7.79 17.04 -22.26 -46.00 38.00 230.00 424.00 -362.00 -1057.00 0
798 6.75 18.09 -22.05 -55.00 27.00 222.00 424.00 -362.00 -1057.00 0
807 4.87 19.27 -21.57 -55.00 2.00 225.00 424.00 -362.00 -1057.00 0
817 1.67 21.63 -19.69 -55.00 -9.00 220.00 424.00 -362.00 -1057.00 0
826 1.53 22.75 -18.50 -54.00 -12.00 222.00 424.00 -362.00 -1057.00 0
835 2.43 23.93 -17.67 -55.00 -22.00 225.00 442.00 -359.00 -1143.00 0
844 4.10 25.04 -17.46 -63.00 -17.00 228.00 442.00 -359.00 -1143.00 0
854 6.47 26.02 -17.95 -63.00 -5.00 233.00 442.00 -359.00 -1143.00 0
863 9.39 26.43 -19.13 -65.00 12.00 233.00 442.00 -359.00 -1143.00 0
872 16.70 24.83 -22.33 -60.00 21.00 233.00 442.00 -359.00 -1143.00 0
881 20.31 23.03 -23.65 -56.00 36.00 222.00 442.00 -359.00 -1143.00 0
891 23.30 21.43 -24.63 -58.00 45.00 221.00 442.00 -359.00 -1143.00 0
901 25.81 20.17 -24.97 -54.00 69.00 226.00 456.00 -367.00 -1152.00 0
910 28.52 19.34 -24.97 -56.00 72.00 235.00 456.00 -367.00 -1152.00 0
919 29.98 19.55 -25.11 -52.00 75.00 232.00 456.00 -367.00 -1152.00 0
928 30.54 19.97 -23.79 -59.00 81.00 230.00 456.00 -367.00 -1152.00 0
937 28.87 20.94 -22.89 -63.00 61.00 225.00 456.00 -367.00 -1152.00 0
947 26.50 21.08 -21.15 -61.00 68.00 230.00 456.00 -367.00 -1152.00 0
956 26.37 20.66 -18.92 -69.00 57.00 216.00 456.00 -367.00 -1152.00 0
965 24.28 20.87 -16.90 -63.00 57.00 222.00 456.00 -367.00 -1152.00 0
974 22.26 23.30 -13.57 -66.00 44.00 211.00 456.00 -367.00 -1152.00 0
984 17.11 25.53 -12.24 -69.00 32.00 211.00 456.00 -367.00 -1152.00 0
993 15.30 27.76 -11.06 -76.00 33.00 222.00 456.00 -367.00 -1152.00 0
1002 14.68 29.98 -9.95 -73.00 28.00 224.00 456.00 -367.00 -1152.00 0
1011 14.61 31.58 -9.32 -71.00 37.00 225.00 456.00 -367.00 -1152.00 0
1021 15.44 32.35 -8.70 -69.00 41.00 222.00 456.00 -367.00 -1152.00 0
1031 17.32 32.21 -8.07 -76.00 44.00 221.00 456.00 -367.00 -1152.00 0
1040 17.88 31.86 -8.00 -78.00 47.00 218.00 456.00 -367.00 -1152.00 0
1049 18.50 31.51 -7.93 -80.00 47.00 221.00 456.00 -367.00 -1152.00 0
1058 18.71 31.44 -7.93 -87.00 47.00 225.00 456.00 -367.00 -1152.00 0
1068 18.92 31.51 -8.35 -93.00 46.00 233.00 456.00 -367.00 -1152.00 0
1077 19.20 31.23 -9.18 -96.00 57.00 233.00 456.00 -367.00 -1152.00 0
1086 20.10 28.73 -11.48 -89.00 60.00 219.00 456.00 -367.00 -1152.00 0
1095 20.45 26.78 -12.31 -84.00 69.00 220.00 456.00 -367.00 -1152.00 0
1104 20.73 25.04 -12.45 -77.00 72.00 211.00 456.00 -367.00 -1152.00 0
1114 20.17 23.44 -11.69 -79.00 63.00 211.00 456.00 -367.00 -1152.00 0
1124 18.92 22.26 -10.57 -84.00 57.00 212.00 456.00 -367.00 -1152.00 0
1133 16.90 21.84 -8.83 -83.00 56.00 206.00 456.00 -367.00 -1152.00 0
1142 13.70 21.29 -8.28 -87.00 59.00 209.00 456.00 -367.00 -1152.00 0
1152 12.87 21.29 -7.79 -95.00 68.00 208.00 456.00 -367.00 -1152.00 0
1161 12.31 21.29 -7.37 -108.00 75.00 218.00 456.00 -367.00 -1152.00 0
1170 11.41 21.01 -6.96 -116.00 81.00 225.00 456.00 -367.00 -1152.00 0
1179 10.02 19.83 -6.40 -114.00 77.00 224.00 456.00 -367.00 -1152.00 0
1188 5.50 15.65 -5.43 -108.00 69.00 219.00 456.00 -367.00 -1152.00 0
1198 2.78 13.57 -4.73 -108.00 62.00 213.00 456.00 -367.00 -1152.00 0
1207 0.49 12.10 -3.83 -98.00 58.00 203.00 456.00 -367.00 -1152.00 0
1216 -1.11 11.41 -2.64 -91.00 61.00 197.00 456.00 -367.00 -1152.00 0
1226 -1.81 11.41 -1.53 -89.00 64.00 205.00 456.00 -367.00 -1152.00 0
1235 -1.81 12.10 -0.63 -88.00 69.00 207.00 517.00 -391.00 -1017.00 0
1245 -0.14 15.65 1.04 -79.00 67.00 211.00 517.00 -391.00 -1017.00 0
1254 3.69 24.70 3.62 -103.00 112.00 212.00 517.00 -391.00 -1017.00 0
1263 4.03 30.61 6.75 -74.00 82.00 199.00 517.00 -391.00 -1017.00 0
1272 -0.42 32.21 6.96 -62.00 84.00 199.00 517.00 -391.00 -1017.00 0
1282 -3.20 33.46 7.23 -80.00 87.00 182.00 517.00 -391.00 -1017.00 0
1291 -5.29 36.31 8.97 -68.00 71.00 179.00 517.00 -391.00 -1017.00 0
1300 -9.11 40.14 10.37 -70.00 66.00 177.00 517.00 -391.00 -1017.00 0
1309 -9.67 41.18 11.41 -79.00 70.00 182.00 517.00 -391.00 -1017.00 0
1318 -9.74 42.23 12.45 -84.00 72.00 191.00 517.00 -391.00 -1017.00 0
1328 -10.16 43.06 13.01 -95.00 67.00 195.00 517.00 -391.00 -1017.00 0
1337 -11.69 43.90 13.36 -107.00 65.00 203.00 517.00 -391.00 -1017.00 0
1346 -13.57 44.94 13.77 -127.00 55.00 213.00 517.00 -391.00 -1017.00 0
1356 -19.48 46.40 14.19 -131.00 44.00 217.00 517.00 -391.00 -1017.00 0
1366 -22.33 45.50 13.15 -143.00 31.00 208.00 517.00 -391.00 -1017.00 0
1375 -25.18 44.17 11.48 -135.00 24.00 206.00 517.00 -391.00 -1017.00 0
1384 -27.48 42.30 8.97 -138.00 11.00 209.00 517.00 -391.00 -1017.00 0
1393 -29.01 40.35 6.75 -144.00 8.00 205.00 517.00 -391.00 -1017.00 0
1402 -28.73 36.24 2.78 -156.00 2.00 209.00 517.00 -391.00 -1017.00 0
1412 -27.13 33.11 1.04 -155.00 5.00 210.00 517.00 -391.00 -1017.00 0
1421 -24.90 29.08 -0.77 -153.00 1.00 213.00 517.00 -391.00 -1017.00 0
1431 -23.23 24.90 -2.23 -162.00 -3.00 221.00 517.00 -391.00 -1017.00 0
1440 -21.98 20.94 -3.34 -172.00 -2.00 222.00 517.00 -391.00 -1017.00 0
1449 -21.08 16.42 -4.31 -159.00 -5.00 225.00 517.00 -391.00 -1017.00 0
1459 -18.64 4.24 -7.23 -159.00 -16.00 211.00 517.00 -391.00 -1017.00 0
1468 -17.18 -2.37 -9.32 -145.00 2.00 215.00 517.00 -391.00 -1017.00 0
1477 -13.22 -9.60 -11.76 -135.00 14.00 202.00 517.00 -391.00 -1017.00 0
1486 -8.56 -16.63 -14.26 -116.00 37.00 199.00 517.00 -391.00 -1017.00 0
1496 -2.99 -23.72 -16.49 -102.00 58.00 188.00 517.00 -391.00 -1017.00 0
1505 2.37 -29.70 -18.09 -94.00 80.00 191.00 517.00 -391.00 -1017.00 0
1514 10.50 -36.87 -18.71 -97.00 90.00 201.00 517.00 -391.00 -1017.00 0
1524 11.83 -38.33 -18.09 -106.00 92.00 210.00 517.00 -391.00 -1017.00 0
1533 11.34 -39.17 -17.18 -114.00 90.00 225.00 517.00 -391.00 -1017.00 0
1543 9.32 -39.86 -16.42 -121.00 78.00 227.00 517.00 -391.00 -1017.00 0
1552 5.98 -41.18 -15.65 -115.00 78.00 220.00 517.00 -391.00 -1017.00 0
1561 -0.70 -46.05 -14.54 -111.00 67.00 217.00 517.00 -391.00 -1017.00 0
1570 -4.24 -48.21 -13.70 -108.00 65.00 209.00 517.00 -391.00 -1017.00 0
1580 -7.58 -49.95 -12.38 -92.00 53.00 199.00 517.00 -391.00 -1017.00 0
1590 -10.37 -51.55 -10.78 -86.00 47.00 189.00 517.00 -391.00 -1017.00 0
1599 -12.87 -51.76 -9.32 -76.00 23.00 183.00 517.00 -391.00 -1017.00 0
1608 -15.86 -50.50 -8.56 -67.00 14.00 177.00 517.00 -391.00 -1017.00 0
1617 -18.78 -44.10 -8.07 -69.00 14.00 173.00 517.00 -391.00 -1017.00 0
1627 -17.60 -39.51 -7.93 -79.00 20.00 189.00 517.00 -391.00 -1017.00 0
1636 -15.23 -34.37 -8.00 -93.00 22.00 215.00 517.00 -391.00 -1017.00 0
1645 -12.80 -29.43 -8.35 -105.00 32.00 226.00 517.00 -391.00 -1017.00 0
1654 -10.71 -25.81 -8.70 -119.00 43.00 253.00 517.00 -391.00 -1017.00 0
1664 -8.77 -23.86 -9.39 -140.00 44.00 264.00 517.00 -391.00 -1017.00 0
1673 -6.19 -26.57 -9.95 -134.00 60.00 271.00 517.00 -391.00 -1017.00 0
1683 -5.57 -32.63 -10.99 -106.00 56.00 241.00 517.00 -391.00 -1017.00 0
1692 -5.98 -40.14 -11.97 -77.00 54.00 209.00 498.00 -363.00 -1143.00 0
1701 -6.33 -47.37 -12.52 -56.00 45.00 186.00 498.00 -363.00 -1143.00 0
1711 -7.10 -52.38 -12.52 -46.00 38.00 176.00 498.00 -363.00 -1143.00 0
1720 -9.88 -52.66 -11.83 -42.00 30.00 173.00 498.00 -363.00 -1143.00 0
1729 -11.62 -48.21 -11.69 -37.00 28.00 163.00 498.00 -363.00 -1143.00 0
1738 -12.59 -41.74 -11.41 -33.00 23.00 161.00 498.00 -363.00 -1143.00 0
1747 -12.24 -33.74 -10.85 -45.00 26.00 172.00 498.00 -363.00 -1143.00 0
1757 -10.85 -24.63 -9.95 -51.00 32.00 188.00 493.00 -357.00 -947.00 0
1766 -8.97 -14.82 -8.90 -55.00 49.00 198.00 493.00 -357.00 -947.00 0
1775 -5.84 2.99 -5.84 -41.00 64.00 192.00 493.00 -357.00 -947.00 0
1784 -5.70 10.23 -3.06 -25.00 88.00 150.00 493.00 -357.00 -947.00 0
1794 -8.14 17.53 0.70 -23.00 81.00 132.00 493.00 -357.00 -947.00 0
1803 -15.44 22.89 4.45 -22.00 -30.00 81.00 493.00 -357.00 -947.00 0
1812 -25.67 29.84 6.47 -33.00 -87.00 56.00 493.00 -357.00 -947.00 0
1821 -29.57 42.99 6.89 -44.00 -81.00 39.00 520.00 -359.00 -994.00 0
1830 -2.37 96.00 7.72 -63.00 -38.00 38.00 520.00 -359.00 -994.00 0
1840 24.77 134.19 10.64 -108.00 58.00 136.00 520.00 -359.00 -994.00 0
1849 49.74 173.43 13.43 -193.00 104.00 235.00 520.00 -359.00 -994.00 1
1860 65.88 207.03 14.68 -562.00 274.00 565.00 520.00 -359.00 -994.00 1
1872 26.99 132.31 13.22 62.00 -98.00 -38.00 520.00 -359.00 -994.00 1
1884 6.61 102.61 4.03 -219.00 88.00 226.00 520.00 -359.00 -994.00 1
1895 5.70 71.51 2.92 -154.00 35.00 228.00 520.00 -359.00 -994.00 1
1906 9.81 60.52 2.50 -167.00 79.00 205.00 520.00 -359.00 -994.00 1
1917 16.63 57.95 5.63 -136.00 68.00 207.00 520.00 -359.00 -994.00 1
1929 20.94 49.32 7.10 -168.00 112.00 259.00 520.00 -359.00 -994.00 0
1938 15.58 36.87 7.51 -152.00 86.00 257.00 520.00 -359.00 -994.00 0
1947 5.01 17.60 5.70 -120.00 69.00 206.00 520.00 -359.00 -994.00 0
1956 -3.62 -5.36 5.01 -96.00 24.00 158.00 520.00 -359.00 -994.00 0
1966 -12.31 -39.58 3.20 -101.00 8.00 146.00 520.00 -359.00 -994.00 0
1975 -26.99 -48.42 3.06 -94.00 9.00 160.00 520.00 -359.00 -994.00 0
1984 -29.22 -53.36 2.78 -109.00 9.00 163.00 520.00 -359.00 -994.00 0
1993 -30.89 -54.26 1.74 -94.00 8.00 160.00 520.00 -359.00 -994.00 0
2002 -31.03 -53.36 -0.21 -95.00 6.00 155.00 520.00 -359.00 -994.00 0
2012 -29.15 -50.64 -2.02 -99.00 13.00 162.00 520.00 -359.00 -994.00 0
2021 -25.60 -46.33 -3.62 -104.00 21.00 177.00 520.00 -359.00 -994.00 0
2030 -14.26 -34.85 -4.45 -111.00 39.00 190.00 520.00 -359.00 -994.00 0
2039 -7.58 -28.80 -5.01 -120.00 56.00 208.00 520.00 -359.00 -994.00 0
2049 -2.09 -23.03 -5.22 -130.00 61.00 227.00 520.00 -359.00 -994.00 0
2058 0.97 -18.02 -5.29 -141.00 58.00 240.00 520.00 -359.00 -994.00 0
2067 1.81 -14.68 -5.29 -140.00 54.00 231.00 520.00 -359.00 -994.00 0
2076 1.46 -15.23 -5.36 -123.00 56.00 212.00 520.00 -359.00 -994.00 0
2085 0.70 -17.53 -5.36 -107.00 56.00 199.00 543.00 -379.00 -946.00 0
2095 0.42 -19.48 -5.36 -101.00 47.00 197.00 543.00 -379.00 -946.00 0
2104 -0.42 -20.31 -5.08 -96.00 43.00 187.00 543.00 -379.00 -946.00 0
2113 -1.39 -19.69 -4.66 -100.00 37.00 185.00 543.00 -379.00 -946.00 0
2122 -2.71 -17.88 -4.17 -103.00 32.00 191.00 543.00 -379.00 -946.00 0
2131 -3.97 -12.45 -3.76 -109.00 34.00 194.00 543.00 -379.00 -946.00 0
2141 -4.59 -10.09 -3.55 -117.00 37.00 206.00 543.00 -379.00 -946.00 0
2150 -3.97 -8.70 -3.48 -126.00 40.00 217.00 541.00 -379.00 -1018.00 0
2159 -3.13 -8.49 -3.76 -125.00 40.00 220.00 541.00 -379.00 -1018.00 0
2168 -2.30 -9.25 -4.24 -121.00 42.00 215.00 541.00 -379.00 -1018.00 0
2179 -1.67 -10.78 -4.80 -120.00 45.00 213.00 541.00 -379.00 -1018.00 0
2188 -1.18 -14.33 -5.84 -111.00 48.00 206.00 541.00 -379.00 -1018.00 0
2197 -1.25 -15.93 -6.33 -107.00 49.00 204.00 541.00 -379.00 -1018.00 0
2206 -1.53 -17.11 -6.68 -103.00 48.00 203.00 541.00 -379.00 -1018.00 0
2215 -1.95 -17.67 -6.75 -99.00 43.00 199.00 534.00 -378.00 -1226.00 0
2225 -2.30 -17.74 -6.61 -97.00 47.00 193.00 534.00 -378.00 -1226.00 0
2234 -2.50 -17.39 -6.33 -101.00 43.00 200.00 534.00 -378.00 -1226.00 0
2243 -2.92 -14.82 -5.77 -100.00 44.00 204.00 534.00 -378.00 -1226.00 0
2252 -3.13 -13.22 -5.50 -110.00 45.00 211.00 534.00 -378.00 -1226.00 0
2262 -3.27 -11.90 -5.15 -112.00 43.00 219.00 534.00 -378.00 -1226.00 0
2271 -3.41 -11.20 -4.80 -119.00 42.00 219.00 534.00 -378.00 -1226.00 0
2280 -3.69 -11.27 -4.80 -107.00 45.00 210.00 528.00 -374.00 -1221.00 0
2290 -3.83 -11.90 -5.01 -110.00 41.00 206.00 528.00 -374.00 -1221.00 0
2299 -3.69 -13.22 -5.22 -107.00 40.00 210.00 528.00 -374.00 -1221.00 0
2309 -3.48 -13.70 -5.36 -111.00 40.00 222.00 528.00 -374.00 -1221.00 0
2318 -3.34 -14.40 -5.63 -115.00 42.00 219.00 528.00 -374.00 -1221.00 0
2327 -3.41 -15.72 -6.12 -107.00 48.00 220.00 528.00 -374.00 -1221.00 0
2336 -3.41 -17.67 -6.47 -108.00 49.00 220.00 528.00 -374.00 -1221.00 0
2345 -3.34 -19.90 -6.68 -105.00 48.00 213.00 527.00 -369.00 -977.00 0
2355 -3.55 -24.42 -7.17 -101.00 49.00 208.00 527.00 -369.00 -977.00 0
2364 -3.90 -26.09 -7.23 -101.00 43.00 220.00 527.00 -369.00 -977.00 0
2373 -4.59 -27.27 -7.37 -110.00 41.00 228.00 527.00 -369.00 -977.00 0
2382 -5.63 -28.80 -7.65 -130.00 39.00 258.00 527.00 -369.00 -977.00 0
2392 -6.82 -31.17 -8.21 -146.00 38.00 280.00 527.00 -369.00 -977.00 0
2401 -8.35 -35.76 -11.06 -135.00 36.00 268.00 527.00 -369.00 -977.00 0
2410 -10.99 -54.82 -13.57 -116.00 38.00 247.00 500.00 -357.00 -1256.00 0
2420 -11.20 -66.23 -16.00 -94.00 45.00 221.00 500.00 -357.00 -1256.00 0
2429 -10.85 -76.52 -17.81 -64.00 43.00 191.00 500.00 -357.00 -1256.00 0
2439 -9.95 -84.38 -18.78 -40.00 45.00 179.00 500.00 -357.00 -1256.00 0
2448 -8.42 -88.83 -18.85 -36.00 41.00 172.00 500.00 -357.00 -1256.00 0
2457 -6.12 -84.94 -16.83 -33.00 38.00 171.00 500.00 -357.00 -1256.00 0
2466 -6.47 -77.77 -15.51 -32.00 33.00 174.00 500.00 -357.00 -1256.00 0
2476 -6.40 -69.22 -14.26 -28.00 32.00 174.00 468.00 -348.00 -999.00 0
2485 -5.84 -60.17 -13.29 -14.00 34.00 168.00 468.00 -348.00 -999.00 0
2494 -4.87 -50.78 -11.90 -17.00 42.00 176.00 468.00 -348.00 -999.00 0
2503 -3.20 -40.49 -9.88 -42.00 45.00 193.00 468.00 -348.00 -999.00 0
2512 -2.09 -17.60 -5.43 -59.00 35.00 214.00 468.00 -348.00 -999.00 0
2522 -2.16 -7.65 -3.34 -67.00 35.00 225.00 468.00 -348.00 -999.00 0
2531 -2.37 0.49 -1.67 -72.00 32.00 225.00 468.00 -348.00 -999.00 0
2540 -3.13 7.03 -0.77 -73.00 31.00 217.00 468.00 -348.00 -999.00 0
2549 -4.03 12.31 -0.35 -65.00 26.00 204.00 468.00 -348.00 -999.00 0
2558 -4.80 17.25 -0.28 -56.00 23.00 188.00 468.00 -348.00 -999.00 0
2568 -4.87 28.31 0.14 -45.00 22.00 167.00 468.00 -348.00 -999.00 0
2577 -2.02 36.38 0.83 -20.00 18.00 111.00 468.00 -348.00 -999.00 0
2586 1.25 48.35 2.02 17.00 1.00 24.00 468.00 -348.00 -999.00 0
2595 6.96 66.85 3.76 61.00 -1.00 -11.00 468.00 -348.00 -999.00 0
2605 18.57 97.39 7.58 5.00 90.00 19.00 468.00 -348.00 -999.00 0
2614 39.10 147.13 17.18 -106.00 137.00 103.00 468.00 -348.00 -999.00 0
2623 56.21 199.10 28.73 -187.00 155.00 216.00 468.00 -348.00 -999.00 1
2634 58.37 271.30 41.74 -1128.00 359.00 1139.00 468.00 -348.00 -999.00 1
2646 34.99 265.53 39.65 27.00 -181.00 87.00 468.00 -348.00 -999.00 1
2658 -27.55 144.90 18.16 -210.00 46.00 163.00 468.00 -348.00 -999.00 1
2669 -23.44 120.77 17.95 -177.00 -1.00 165.00 468.00 -348.00 -999.00 1
2680 -18.09 73.88 10.92 -161.00 67.00 200.00 468.00 -348.00 -999.00 1
2692 -9.60 59.76 10.23 -147.00 28.00 185.00 468.00 -348.00 -999.00 1
2703 -6.54 49.46 7.23 -116.00 44.00 204.00 468.00 -348.00 -999.00 1
2713 1.04 30.33 8.21 -140.00 74.00 200.00 468.00 -348.00 -999.00 1
2724 2.92 23.58 8.49 -150.00 62.00 212.00 468.00 -348.00 -999.00 0
2734 2.16 14.96 6.19 -175.00 60.00 225.00 468.00 -348.00 -999.00 0
2743 -0.56 -7.58 1.04 -185.00 56.00 238.00 468.00 -348.00 -999.00 0
2752 -1.60 -21.77 -0.14 -193.00 48.00 258.00 468.00 -348.00 -999.00 0
2761 -4.10 -37.01 -2.30 -194.00 51.00 248.00 468.00 -348.00 -999.00 0
2770 -7.65 -53.01 -5.15 -148.00 59.00 216.00 468.00 -348.00 -999.00 0
2780 -10.85 -69.77 -8.49 -108.00 66.00 163.00 468.00 -348.00 -999.00 0
2789 -13.63 -84.24 -10.85 -67.00 56.00 134.00 468.00 -348.00 -999.00 0
2799 -18.50 -97.25 -12.52 -60.00 38.00 128.00 468.00 -348.00 -999.00 0
2808 -20.80 -94.96 -12.17 -61.00 24.00 132.00 468.00 -348.00 -999.00 0
2818 -21.77 -88.14 -11.06 -66.00 25.00 150.00 468.00 -348.00 -999.00 0
2827 -20.03 -78.68 -10.16 -67.00 27.00 155.00 468.00 -348.00 -999.00 0
2836 -17.25 -67.83 -9.46 -70.00 42.00 170.00 468.00 -348.00 -999.00 0
2845 -13.57 -55.79 -8.77 -98.00 50.00 193.00 468.00 -348.00 -999.00 0
2854 -7.10 -31.79 -6.26 -128.00 45.00 224.00 468.00 -348.00 -999.00 0
2864 -4.87 -23.10 -5.15 -145.00 54.00 239.00 468.00 -348.00 -999.00 0
2873 -3.41 -19.13 -4.66 -135.00 51.00 246.00 537.00 -382.00 -1047.00 0
2882 -2.23 -18.99 -4.59 -132.00 58.00 237.00 537.00 -382.00 -1047.00 0
2891 -0.83 -19.69 -4.31 -127.00 56.00 228.00 537.00 -382.00 -1047.00 0
2900 -0.35 -22.82 -4.10 -110.00 59.00 214.00 537.00 -382.00 -1047.00 0
2910 -2.16 -24.49 -4.10 -99.00 47.00 196.00 537.00 -382.00 -1047.00 0
2919 -4.03 -25.18 -3.97 -86.00 40.00 185.00 537.00 -382.00 -1047.00 0
2928 -5.84 -24.77 -3.90 -81.00 33.00 184.00 537.00 -382.00 -1047.00 0
2937 -7.17 -23.30 -3.83 -81.00 32.00 179.00 529.00 -378.00 -982.00 0
2947 -7.72 -20.59 -3.83 -84.00 37.00 184.00 529.00 -378.00 -982.00 0
2956 -7.37 -13.08 -3.48 -96.00 46.00 199.00 529.00 -378.00 -982.00 0
2965 -5.22 -9.04 -3.20 -120.00 44.00 223.00 529.00 -378.00 -982.00 0
2974 -4.45 -6.47 -2.78 -132.00 50.00 242.00 529.00 -378.00 -982.00 0
2983 -3.97 -6.61 -2.71 -149.00 52.00 258.00 529.00 -378.00 -982.00 0
2993 -4.45 -10.50 -3.41 -150.00 50.00 267.00 529.00 -378.00 -982.00 0
3002 -5.50 -17.81 -4.94 -130.00 51.00 250.00 520.00 -374.00 -1140.00 0
3012 -6.05 -27.20 -7.79 -98.00 55.00 216.00 520.00 -374.00 -1140.00 0
3021 -6.82 -44.73 -8.56 -75.00 49.00 195.00 520.00 -374.00 -1140.00 0
3031 -7.65 -49.18 -8.77 -54.00 42.00 174.00 520.00 -374.00 -1140.00 0
3040 -9.11 -49.67 -8.63 -58.00 32.00 170.00 520.00 -374.00 -1140.00 0
3049 -10.43 -46.89 -8.07 -74.00 27.00 194.00 520.00 -374.00 -1140.00 0
3058 -11.06 -41.95 -7.23 -108.00 27.00 226.00 520.00 -374.00 -1140.00 0
3067 -11.76 -34.71 -7.23 -134.00 34.00 265.00 503.00 -369.00 -1135.00 0
3077 -12.52 -38.96 -9.18 -138.00 46.00 280.00 503.00 -369.00 -1135.00 0
3086 -12.38 -48.70 -11.76 -129.00 61.00 273.00 503.00 -369.00 -1135.00 0
3095 -11.90 -61.50 -14.26 -105.00 58.00 258.00 503.00 -369.00 -1135.00 0
3105 -11.90 -74.99 -16.35 -66.00 60.00 228.00 503.00 -369.00 -1135.00 0
3115 -11.83 -87.10 -17.60 -49.00 55.00 198.00 503.00 -369.00 -1135.00 0
3124 -12.59 -97.95 -16.49 -33.00 41.00 185.00 503.00 -369.00 -1135.00 0
3133 -13.22 -95.93 -14.33 -27.00 31.00 182.00 459.00 -353.00 -1255.00 0
3142 -14.19 -89.53 -11.83 -35.00 19.00 183.00 459.00 -353.00 -1255.00 0
3151 -15.03 -80.90 -9.67 -32.00 16.00 187.00 459.00 -353.00 -1255.00 0
3161 -14.75 -71.93 -8.35 -36.00 18.00 190.00 459.00 -353.00 -1255.00 0
3170 -13.22 -63.72 -6.82 -36.00 28.00 196.00 459.00 -353.00 -1255.00 0
3179 -7.58 -49.81 -6.26 -45.00 29.00 217.00 459.00 -353.00 -1255.00 0
3189 -5.36 -43.34 -5.91 -50.00 37.00 225.00 459.00 -353.00 -1255.00 0
3198 -3.34 -37.63 -5.63 -48.00 41.00 226.00 444.00 -353.00 -900.00 0
3208 -1.88 -32.42 -5.36 -50.00 41.00 226.00 444.00 -353.00 -900.00 0
3217 -1.25 -27.34 -5.01 -57.00 39.00 230.00 444.00 -353.00 -900.00 0
3226 -1.32 -22.47 -4.03 -51.00 36.00 221.00 444.00 -353.00 -900.00 0
3235 -2.02 -14.89 -3.62 -42.00 33.00 214.00 444.00 -353.00 -900.00 0
3245 -2.09 -11.55 -3.20 -41.00 32.00 212.00 444.00 -353.00 -900.00 0
3253 -2.09 -8.07 -2.78 -39.00 33.00 210.00 444.00 -353.00 -900.00 0
3262 -2.02 -4.10 -2.30 -39.00 33.00 206.00 444.00 -353.00 -900.00 0
3271 -2.02 0.28 -1.74 -60.00 35.00 227.00 444.00 -353.00 -900.00 0
3280 -1.95 4.94 -1.18 -66.00 38.00 244.00 444.00 -353.00 -900.00 0
3290 -1.74 11.27 -0.70 -59.00 42.00 238.00 444.00 -353.00 -900.00 0
3299 -1.32 12.66 -0.83 -58.00 41.00 228.00 444.00 -353.00 -900.00 0
3308 -0.97 13.70 -0.77 -58.00 40.00 223.00 444.00 -353.00 -900.00 0
3317 -0.77 14.89 -0.63 -54.00 41.00 219.00 444.00 -353.00 -900.00 0
3326 -0.42 16.14 -0.42 -52.00 38.00 215.00 444.00 -353.00 -900.00 0
3336 0.00 17.60 -0.14 -43.00 34.00 204.00 444.00 -353.00 -900.00 0
3345 0.49 21.77 0.35 -39.00 34.00 191.00 444.00 -353.00 -900.00 0
3354 0.49 25.25 0.70 -26.00 31.00 166.00 444.00 -353.00 -900.00 0
3363 0.83 30.75 1.32 4.00 17.00 109.00 444.00 -353.00 -900.00 0
3373 2.37 40.28 2.30 58.00 -25.00 30.00 444.00 -353.00 -900.00 0
3382 7.86 60.73 5.15 20.00 9.00 1.00 444.00 -353.00 -900.00 0
3391 21.63 99.48 11.20 -15.00 45.00 11.00 444.00 -353.00 -900.00 0
3400 37.50 148.03 24.35 -95.00 108.00 83.00 444.00 -353.00 -900.00 0
3409 62.89 240.07 30.12 -169.00 134.00 191.00 444.00 -353.00 -900.00 0
3419 66.16 271.37 34.23 -266.00 120.00 308.00 444.00 -353.00 -900.00 1
3430 61.01 286.82 35.48 -664.00 259.00 1208.00 444.00 -353.00 -900.00 1
3441 25.88 236.94 25.18 -49.00 -84.00 149.00 444.00 -353.00 -900.00 1
3452 3.27 173.84 19.76 -218.00 64.00 145.00 444.00 -353.00 -900.00 1
3464 -3.76 120.14 15.10 -181.00 37.00 165.00 583.00 -408.00 -1025.00 1
3475 -7.03 95.58 9.74 -182.00 48.00 197.00 583.00 -408.00 -1025.00 1
3486 -5.29 75.69 7.58 -173.00 54.00 200.00 583.00 -408.00 -1025.00 1
3497 3.55 50.23 6.47 -168.00 50.00 227.00 583.00 -408.00 -1025.00 1
3509 8.42 39.37 7.72 -230.00 101.00 282.00 583.00 -408.00 -1025.00 0
3518 11.76 25.04 9.25 -215.00 109.00 280.00 583.00 -408.00 -1025.00 0
3527 5.70 -26.16 2.23 -133.00 115.00 221.00 569.00 -409.00 -1129.00 0
3536 -0.97 -52.73 -1.53 -83.00 79.00 131.00 569.00 -409.00 -1129.00 0
3546 -11.90 -72.21 -2.78 -59.00 59.00 117.00 569.00 -409.00 -1129.00 0
3555 -21.15 -84.03 -1.88 -70.00 36.00 123.00 569.00 -409.00 -1129.00 0
3565 -28.87 -87.72 -1.04 -85.00 7.00 129.00 569.00 -409.00 -1129.00 0
3574 -36.31 -86.12 -1.95 -87.00 -7.00 153.00 569.00 -409.00 -1129.00 0
3584 -39.93 -82.16 -7.17 -102.00 12.00 176.00 569.00 -409.00 -1129.00 0
3593 -35.48 -78.96 -8.49 -120.00 32.00 209.00 538.00 -390.00 -1155.00 0
3602 -30.19 -76.45 -10.43 -130.00 36.00 222.00 538.00 -390.00 -1155.00 0
3611 -25.81 -75.69 -13.01 -130.00 51.00 235.00 538.00 -390.00 -1155.00 0
3620 -21.43 -76.24 -15.23 -137.00 57.00 240.00 538.00 -390.00 -1155.00 0
3631 -17.25 -79.86 -17.81 -125.00 64.00 245.00 538.00 -390.00 -1155.00 0
3640 -11.27 -81.60 -18.50 -101.00 67.00 216.00 538.00 -390.00 -1155.00 0
3649 -10.09 -81.88 -18.30 -76.00 64.00 191.00 538.00 -390.00 -1155.00 0
3658 -9.81 -80.49 -17.39 -66.00 56.00 178.00 513.00 -379.00 -1225.00 0
3667 -10.09 -77.29 -15.93 -58.00 44.00 175.00 513.00 -379.00 -1225.00 0
3677 -10.30 -72.07 -14.12 -59.00 42.00 177.00 513.00 -379.00 -1225.00 0
3686 -10.64 -56.77 -10.71 -59.00 39.00 180.00 513.00 -379.00 -1225.00 0
3695 -10.64 -48.07 -9.53 -78.00 40.00 200.00 513.00 -379.00 -1225.00 0
3705 -10.23 -39.65 -8.49 -97.00 40.00 219.00 513.00 -379.00 -1225.00 0
3715 -9.46 -32.77 -7.65 -104.00 41.00 236.00 513.00 -379.00 -1225.00 0
3724 -8.63 -28.38 -7.23 -100.00 52.00 227.00 502.00 -375.00 -1102.00 0
3733 -7.58 -26.23 -6.89 -97.00 48.00 225.00 502.00 -375.00 -1102.00 0
3742 -6.05 -25.46 -6.61 -97.00 49.00 232.00 502.00 -375.00 -1102.00 0
3751 -5.70 -25.88 -6.33 -94.00 52.00 225.00 502.00 -375.00 -1102.00 0
3761 -5.91 -26.85 -6.12 -83.00 46.00 215.00 502.00 -375.00 -1102.00 0
3770 -6.33 -27.76 -5.98 -71.00 44.00 210.00 502.00 -375.00 -1102.00 0
3779 -6.82 -28.10 -5.77 -64.00 43.00 198.00 502.00 -375.00 -1102.00 0
3788 -7.10 -27.55 -4.59 -70.00 40.00 199.00 494.00 -372.00 -838.00 0
3798 -6.96 -23.30 -3.90 -74.00 44.00 209.00 494.00 -372.00 -838.00 0
3807 -7.10 -20.31 -3.48 -90.00 48.00 226.00 494.00 -372.00 -838.00 0
3816 -7.51 -18.16 -3.55 -107.00 44.00 247.00 494.00 -372.00 -838.00 0
3825 -8.42 -18.71 -4.24 -97.00 43.00 248.00 494.00 -372.00 -838.00 0
3834 -9.53 -22.26 -5.43 -99.00 45.00 247.00 494.00 -372.00 -838.00 0
3844 -10.23 -27.06 -6.61 -95.00 41.00 245.00 494.00 -372.00 -838.00 0
3853 -11.55 -38.82 -8.83 -78.00 41.00 225.00 494.00 -364.00 -990.00 0
3862 -11.62 -43.69 -9.74 -66.00 43.00 218.00 477.00 -364.00 -990.00 0
3871 -10.99 -46.40 -9.95 -63.00 40.00 215.00 477.00 -364.00 -990.00 0
3880 -10.57 -47.30 -9.74 -56.00 39.00 214.00 477.00 -364.00 -990.00 0
3890 -10.23 -47.03 -9.32 -58.00 39.00 213.00 477.00 -364.00 -990.00 0
3899 -9.60 -45.57 -8.56 -53.00 39.00 207.00 477.00 -364.00 -990.00 0
3908 -8.14 -42.30 -7.65 -49.00 42.00 204.00 477.00 -364.00 -990.00 0
3917 -7.10 -40.35 -7.44 -43.00 40.00 208.00 477.00 -364.00 -990.00 0
3927 -6.12 -37.91 -7.17 -44.00 37.00 207.00 477.00 -364.00 -990.00 0
3936 -5.84 -34.71 -7.03 -61.00 38.00 224.00 477.00 -364.00 -990.00 0
3945 -5.77 -30.75 -6.54 -65.00 38.00 232.00 477.00 -364.00 -990.00 0
3954 -6.19 -27.13 -6.26 -63.00 38.00 235.00 477.00 -364.00 -990.00 0
3963 -6.89 -23.79 -5.91 -58.00 36.00 230.00 477.00 -364.00 -990.00 0
3973 -7.03 -22.89 -5.63 -59.00 35.00 230.00 477.00 -364.00 -990.00 0
3982 -7.17 -22.05 -5.29 -57.00 37.00 222.00 477.00 -364.00 -990.00 0
3991 -7.03 -21.22 -5.08 -53.00 37.00 221.00 454.00 -358.00 -1155.00 0
4000 -6.75 -20.24 -4.94 -42.00 39.00 213.00 454.00 -358.00 -1155.00 0
4009 -6.19 -18.57 -4.73 -41.00 35.00 209.00 454.00 -358.00 -1155.00 0
4019 -5.63 -12.45 -3.90 -46.00 32.00 211.00 454.00 -358.00 -1155.00 0
4028 -5.57 -8.63 -3.27 -47.00 36.00 212.00 454.00 -358.00 -1155.00 0
4037 -5.22 -4.94 -2.85 -51.00 33.00 218.00 454.00 -358.00 -1155.00 0
4046 -4.80 -1.39 -2.50 -60.00 33.00 227.00 454.00 -358.00 -1155.00 0
4056 -4.45 1.95 -2.30 -66.00 33.00 232.00 454.00 -358.00 -1155.00 0
4065 -4.38 4.80 -2.43 -67.00 37.00 234.00 454.00 -358.00 -1155.00 0
4074 -3.41 7.17 -2.78 -63.00 43.00 234.00 454.00 -358.00 -1155.00 0
4083 -3.13 6.96 -2.99 -56.00 43.00 227.00 454.00 -358.00 -1155.00 0
4092 -3.06 6.40 -3.06 -53.00 40.00 218.00 454.00 -358.00 -1155.00 0
4102 -3.20 6.26 -2.85 -50.00 37.00 217.00 454.00 -358.00 -1155.00 0
4111 -3.48 6.89 -2.57 -46.00 35.00 209.00 454.00 -358.00 -1155.00 0
4120 -3.83 8.14 -2.30 -38.00 33.00 189.00 454.00 -358.00 -1155.00 0
4129 -3.55 13.08 -1.88 5.00 7.00 107.00 454.00 -358.00 -1155.00 0
4139 -1.46 20.87 -1.60 47.00 -20.00 46.00 454.00 -358.00 -1155.00 0
4148 4.52 38.54 -0.63 64.00 -39.00 -2.00 454.00 -358.00 -1155.00 0
4157 17.60 72.97 3.06 1.00 30.00 20.00 454.00 -358.00 -1155.00 0
4166 36.80 120.42 9.39 -77.00 81.00 111.00 454.00 -358.00 -1155.00 0
4175 54.12 169.81 15.37 -154.00 122.00 199.00 454.00 -358.00 -1155.00 0
4186 71.03 240.70 24.21 -202.00 125.00 277.00 555.00 -402.00 -1020.00 0
4195 67.27 255.65 25.32 -229.00 118.00 306.00 555.00 -402.00 -1020.00 1
4206 57.39 256.35 24.00 -625.00 184.00 968.00 555.00 -402.00 -1020.00 1
4217 22.40 196.80 14.96 -39.00 -26.00 141.00 555.00 -402.00 -1020.00 1
4229 8.83 142.12 10.57 -155.00 57.00 122.00 555.00 -402.00 -1020.00 1
4240 4.24 115.13 9.53 -182.00 25.00 176.00 555.00 -402.00 -1020.00 1
4251 -3.20 75.62 6.47 -170.00 56.00 218.00 574.00 -406.00 -1266.00 1
4261 0.07 60.66 7.44 -181.00 74.00 240.00 574.00 -406.00 -1266.00 1
4273 4.03 36.59 7.86 -187.00 98.00 276.00 574.00 -406.00 -1266.00 0
4282 3.48 19.20 8.49 -188.00 108.00 263.00 574.00 -406.00 -1266.00 0
4291 -0.14 -1.88 9.04 -141.00 88.00 210.00 574.00 -406.00 -1266.00 0
4300 -6.61 -24.56 7.44 -112.00 63.00 174.00 574.00 -406.00 -1266.00 0
4310 -15.10 -44.31 4.66 -100.00 51.00 147.00 574.00 -406.00 -1266.00 0
4319 -23.10 -58.92 2.64 -101.00 33.00 158.00 574.00 -406.00 -1266.00 0
4328 -33.39 -74.57 0.07 -122.00 32.00 171.00 574.00 -406.00 -1266.00 0
4337 -37.29 -78.96 -2.23 -110.00 11.00 176.00 574.00 -406.00 -1266.00 0
4347 -40.97 -85.57 -5.70 -90.00 24.00 174.00 574.00 -406.00 -1266.00 0
4357 -40.07 -90.50 -8.28 -85.00 29.00 163.00 574.00 -406.00 -1266.00 0
4366 -35.62 -92.03 -9.39 -72.00 45.00 163.00 574.00 -406.00 -1266.00 0
4375 -29.77 -90.30 -10.64 -74.00 44.00 177.00 574.00 -406.00 -1266.00 0
4384 -20.24 -76.66 -10.71 -94.00 44.00 194.00 574.00 -406.00 -1266.00 0
4393 -16.90 -66.78 -10.57 -108.00 48.00 227.00 574.00 -406.00 -1266.00 0
4403 -14.26 -58.02 -10.64 -118.00 48.00 233.00 574.00 -406.00 -1266.00 0
4412 -12.45 -51.41 -10.92 -112.00 55.00 230.00 574.00 -406.00 -1266.00 0
4422 -10.85 -47.30 -10.85 -108.00 55.00 220.00 574.00 -406.00 -1266.00 0
4431 -7.65 -45.43 -10.16 -93.00 53.00 209.00 574.00 -406.00 -1266.00 0
4441 -6.40 -45.57 -10.02 -83.00 52.00 200.00 574.00 -406.00 -1266.00 0
4450 -5.57 -44.87 -9.74 -77.00 49.00 195.00 574.00 -406.00 -1266.00 0
4459 -5.15 -42.99 -9.53 -74.00 51.00 194.00 574.00 -406.00 -1266.00 0
4468 -5.36 -40.07 -9.18 -80.00 52.00 201.00 574.00 -406.00 -1266.00 0
4477 -6.05 -36.38 -8.70 -77.00 46.00 195.00 574.00 -406.00 -1266.00 0
4487 -6.82 -29.08 -7.44 -76.00 45.00 201.00 574.00 -406.00 -1266.00 0
4496 -6.61 -25.11 -6.75 -84.00 42.00 209.00 574.00 -406.00 -1266.00 0
4505 -6.12 -21.15 -5.91 -93.00 42.00 226.00 574.00 -406.00 -1266.00 0
4514 -5.50 -17.88 -5.29 -96.00 44.00 227.00 574.00 -406.00 -1266.00 0
4524 -4.80 -15.72 -4.80 -94.00 48.00 220.00 574.00 -406.00 -1266.00 0
4533 -4.38 -14.68 -4.52 -89.00 47.00 215.00 574.00 -406.00 -1266.00 0
4542 -4.17 -13.36 -4.24 -94.00 47.00 219.00 574.00 -406.00 -1266.00 0
4551 -4.17 -12.73 -4.03 -92.00 43.00 221.00 574.00 -406.00 -1266.00 0
4561 -4.31 -12.59 -4.03 -87.00 44.00 214.00 574.00 -406.00 -1266.00 0
4571 -4.24 -13.01 -4.24 -78.00 43.00 210.00 574.00 -406.00 -1266.00 0
4580 -3.90 -13.36 -4.45 -79.00 46.00 213.00 501.00 -374.00 -1114.00 0
4589 -3.55 -13.22 -4.52 -86.00 51.00 218.00 501.00 -374.00 -1114.00 0
4598 -3.34 -12.45 -4.24 -86.00 53.00 218.00 501.00 -374.00 -1114.00 0
4608 -3.13 -12.73 -4.17 -86.00 53.00 221.00 501.00 -374.00 -1114.00 0
4617 -3.20 -13.08 -4.17 -87.00 49.00 219.00 501.00 -374.00 -1114.00 0
4626 -3.48 -13.50 -4.17 -82.00 44.00 218.00 501.00 -374.00 -1114.00 0
4635 -3.83 -13.91 -4.17 -81.00 43.00 215.00 501.00 -374.00 -1114.00 0
4644 -4.10 -13.98 -4.10 -86.00 42.00 217.00 495.00 -372.00 -1190.00 0
4654 -4.87 -13.36 -4.38 -86.00 40.00 222.00 495.00 -372.00 -1190.00 0
4663 -5.08 -13.36 -4.87 -82.00 41.00 223.00 495.00 -372.00 -1190.00 0
4672 -4.87 -13.63 -5.15 -75.00 49.00 214.00 495.00 -372.00 -1190.00 0
4681 -4.31 -14.19 -5.08 -71.00 49.00 210.00 495.00 -372.00 -1190.00 0
4690 -3.69 -14.54 -4.80 -75.00 47.00 212.00 495.00 -372.00 -1190.00 0
4700 -3.34 -14.19 -4.31 -78.00 48.00 216.00 495.00 -372.00 -1190.00 0
4709 -3.27 -12.31 -3.83 -78.00 48.00 217.00 492.00 -375.00 -1133.00 0
4718 -3.20 -11.34 -3.76 -71.00 47.00 214.00 492.00 -375.00 -1133.00 0
4727 -3.27 -10.23 -3.69 -75.00 45.00 218.00 492.00 -375.00 -1133.00 0
4737 -3.55 -8.90 -3.69 -74.00 46.00 216.00 492.00 -375.00 -1133.00 0
4746 -3.76 -7.51 -3.55 -79.00 42.00 217.00 492.00 -375.00 -1133.00 0
4755 -3.76 -6.19 -3.27 -87.00 42.00 223.00 492.00 -375.00 -1133.00 0
4764 -3.90 -4.80 -2.99 -82.00 46.00 225.00 492.00 -375.00 -1133.00 0
4773 -3.90 -5.01 -3.06 -87.00 49.00 228.00 487.00 -369.00 -1160.00 0
4783 -3.83 -5.91 -3.27 -81.00 51.00 224.00 487.00 -369.00 -1160.00 0
4792 -3.83 -7.10 -3.48 -78.00 50.00 226.00 487.00 -369.00 -1160.00 0
4801 -3.76 -8.14 -3.48 -72.00 45.00 219.00 487.00 -369.00 -1160.00 0
4810 -3.76 -8.70 -3.27 -71.00 43.00 209.00 487.00 -369.00 -1160.00 0
4819 -4.10 -8.56 -2.85 -62.00 42.00 201.00 487.00 -369.00 -1160.00 0
4829 -4.31 -7.51 -2.71 -61.00 36.00 201.00 487.00 -369.00 -1160.00 0
4838 -4.31 -5.70 -2.71 -60.00 43.00 199.00 487.00 -372.00 -1204.00 0
4847 -4.03 -3.34 -2.64 -62.00 45.00 198.00 487.00 -372.00 -1204.00 0
4856 -3.69 -0.49 -2.57 -66.00 43.00 202.00 487.00 -372.00 -1204.00 0
4866 -3.20 2.85 -2.50 -67.00 40.00 203.00 487.00 -372.00 -1204.00 0
4875 -1.74 9.88 -2.30 -62.00 42.00 198.00 487.00 -372.00 -1204.00 0
4884 -0.70 13.63 -2.09 -57.00 41.00 184.00 487.00 -372.00 -1204.00 0
4893 0.28 18.09 -1.81 -47.00 24.00 152.00 487.00 -372.00 -1204.00 0
4902 1.46 23.72 -1.67 -41.00 18.00 109.00 487.00 -372.00 -1204.00 0
4912 4.10 31.37 -1.88 -25.00 -6.00 71.00 487.00 -372.00 -1204.00 0
4921 7.51 38.61 -3.20 37.00 -48.00 -36.00 487.00 -372.00 -1204.00 0
4930 31.58 79.03 -5.70 20.00 35.00 -50.00 487.00 -372.00 -1204.00 0
4939 57.32 121.53 -2.43 -30.00 99.00 25.00 487.00 -372.00 -1204.00 0
4948 82.16 173.70 2.64 -137.00 195.00 170.00 487.00 -372.00 -1204.00 1
4960 98.57 225.46 10.71 -990.00 615.00 1038.00 487.00 -372.00 -1204.00 1
4972 44.87 189.22 17.25 107.00 -220.00 3.00 572.00 -408.00 -972.00 1
4983 -3.76 145.53 8.00 -264.00 10.00 189.00 572.00 -408.00 -972.00 1
4995 -14.89 105.95 3.90 -152.00 72.00 198.00 572.00 -408.00 -972.00 1
5006 -5.70 83.06 6.33 -165.00 87.00 200.00 572.00 -408.00 -972.00 1
5017 -0.07 68.73 10.85 -126.00 57.00 182.00 572.00 -408.00 -972.00 1
5027 2.37 47.44 9.74 -144.00 68.00 226.00 572.00 -408.00 -972.00 1
5039 1.60 35.34 10.57 -180.00 146.00 228.00 573.00 -413.00 -1141.00 0
5048 -1.88 21.08 10.78 -142.00 126.00 247.00 573.00 -413.00 -1141.00 0
5057 -26.23 -28.87 4.87 -129.00 82.00 201.00 573.00 -413.00 -1141.00 0
5066 -40.42 -51.83 2.43 -126.00 29.00 186.00 573.00 -413.00 -1141.00 0
5076 -52.10 -68.66 2.09 -136.00 18.00 185.00 573.00 -413.00 -1141.00 0
5086 -57.95 -81.39 2.43 -128.00 12.00 200.00 573.00 -413.00 -1141.00 0
5095 -60.31 -90.16 1.74 -126.00 15.00 195.00 573.00 -413.00 -1141.00 0
5104 -61.22 -93.91 0.00 -113.00 19.00 193.00 536.00 -387.00 -1118.00 0
5113 -56.28 -96.77 -5.36 -101.00 13.00 194.00 536.00 -387.00 -1118.00 0
5123 -51.90 -95.03 -7.10 -105.00 16.00 186.00 536.00 -387.00 -1118.00 0
5132 -46.26 -91.83 -8.49 -100.00 14.00 192.00 536.00 -387.00 -1118.00 0
5141 -39.23 -88.70 -10.23 -95.00 28.00 194.00 536.00 -387.00 -1118.00 0
5151 -30.68 -86.05 -12.03 -91.00 41.00 211.00 536.00 -387.00 -1118.00 0
5160 -13.63 -79.03 -14.40 -86.00 46.00 211.00 536.00 -387.00 -1118.00 0
5170 -6.61 -72.70 -14.68 -90.00 66.00 207.00 508.00 -377.00 -1170.00 0
5179 -1.95 -66.64 -14.26 -78.00 65.00 199.00 508.00 -377.00 -1170.00 0
5188 0.14 -61.63 -13.77 -75.00 67.00 196.00 508.00 -377.00 -1170.00 0
5197 0.21 -57.74 -12.87 -77.00 58.00 203.00 508.00 -377.00 -1170.00 0
5207 -1.67 -54.68 -11.76 -78.00 45.00 211.00 508.00 -377.00 -1170.00 0
5216 -5.98 -48.90 -9.46 -86.00 40.00 219.00 508.00 -377.00 -1170.00 0
5225 -7.58 -46.26 -8.56 -85.00 37.00 212.00 508.00 -377.00 -1170.00 0
5234 -8.70 -44.24 -8.21 -80.00 38.00 211.00 492.00 -372.00 -1077.00 0
5243 -9.04 -42.64 -8.28 -81.00 40.00 214.00 492.00 -372.00 -1077.00 0
5253 -8.90 -40.97 -8.28 -81.00 38.00 217.00 492.00 -372.00 -1077.00 0
5262 -8.63 -39.37 -8.35 -70.00 40.00 207.00 492.00 -372.00 -1077.00 0
5271 -7.30 -36.17 -8.21 -64.00 42.00 199.00 492.00 -372.00 -1077.00 0
5281 -5.98 -33.95 -7.93 -64.00 42.00 201.00 492.00 -372.00 -1077.00 0
5291 -4.66 -30.96 -7.44 -63.00 41.00 209.00 492.00 -372.00 -1077.00 0
5300 -3.62 -27.27 -6.96 -64.00 47.00 204.00 480.00 -371.00 -1155.00 0
5309 -2.85 -23.44 -6.61 -75.00 46.00 225.00 480.00 -371.00 -1155.00 0
5318 -2.30 -19.76 -6.12 -86.00 49.00 239.00 480.00 -371.00 -1155.00 0
5327 -1.81 -15.17 -5.57 -85.00 53.00 239.00 480.00 -371.00 -1155.00 0
5337 -1.81 -15.10 -5.43 -80.00 52.00 230.00 480.00 -371.00 -1155.00 0
5346 -2.02 -15.65 -5.22 -74.00 44.00 226.00 480.00 -371.00 -1155.00 0
5355 -2.71 -16.07 -4.80 -70.00 41.00 217.00 480.00 -371.00 -1155.00 0
5364 -3.69 -16.00 -4.45 -65.00 40.00 215.00 477.00 -371.00 -1156.00 0
5373 -4.52 -15.44 -4.17 -67.00 42.00 215.00 477.00 -371.00 -1156.00 0
5383 -5.22 -13.98 -3.76 -71.00 44.00 222.00 477.00 -371.00 -1156.00 0
5392 -5.63 -13.43 -3.69 -73.00 42.00 222.00 477.00 -371.00 -1156.00 0
5401 -5.91 -13.15 -3.69 -68.00 42.00 216.00 477.00 -371.00 -1156.00 0
5410 -5.91 -13.08 -3.76 -65.00 39.00 212.00 477.00 -371.00 -1156.00 0
5420 -5.70 -12.73 -3.76 -65.00 42.00 214.00 477.00 -371.00 -1156.00 0
5429 -5.29 -11.90 -3.62 -64.00 41.00 216.00 475.00 -368.00 -1080.00 0
5438 -4.24 -8.83 -3.34 -66.00 43.00 222.00 475.00 -368.00 -1080.00 0
5447 -3.69 -7.37 -3.20 -70.00 41.00 227.00 475.00 -368.00 -1080.00 0
5456 -3.34 -6.33 -3.13 -72.00 42.00 231.00 475.00 -368.00 -1080.00 0
5466 -3.20 -5.70 -3.27 -73.00 44.00 234.00 475.00 -368.00 -1080.00 0
5475 -3.27 -5.57 -3.41 -71.00 46.00 226.00 475.00 -368.00 -1080.00 0
5484 -3.27 -5.70 -3.41 -68.00 45.00 225.00 475.00 -368.00 -1080.00 0
5493 -3.13 -6.40 -3.27 -65.00 46.00 222.00 475.00 -368.00 -1080.00 0
5502 -3.06 -6.40 -3.13 -63.00 38.00 217.00 475.00 -368.00 -1080.00 0
5512 -3.13 -6.05 -2.99 -60.00 42.00 216.00 475.00 -368.00 -1080.00 0
5521 -3.13 -5.22 -2.92 -65.00 42.00 220.00 475.00 -368.00 -1080.00 0
5530 -3.20 -3.97 -2.78 -75.00 39.00 232.00 475.00 -368.00 -1080.00 0
5539 -3.41 -2.64 -2.64 -78.00 40.00 235.00 475.00 -368.00 -1080.00 0
5549 -3.76 -2.23 -2.92 -73.00 46.00 234.00 475.00 -368.00 -1080.00 0
5558 -3.48 -2.64 -2.92 -68.00 47.00 225.00 475.00 -368.00 -1080.00 0
5567 -3.41 -3.06 -2.92 -69.00 41.00 225.00 475.00 -368.00 -1080.00 0
5576 -3.69 -3.20 -2.85 -63.00 34.00 215.00 475.00 -368.00 -1080.00 0
5585 -3.97 -3.13 -2.92 -62.00 37.00 218.00 475.00 -368.00 -1080.00 0
5595 -3.90 -2.85 -2.99 -72.00 36.00 226.00 475.00 -368.00 -1080.00 0
5604 -3.62 -2.85 -3.41 -67.00 43.00 229.00 475.00 -368.00 -1080.00 0
5613 -3.34 -3.41 -3.76 -65.00 40.00 223.00 475.00 -368.00 -1080.00 0
5622 -2.99 -3.83 -4.10 -63.00 40.00 220.00 475.00 -368.00 -1080.00 0
5632 -2.78 -3.69 -4.38 -65.00 39.00 221.00 475.00 -368.00 -1080.00 0
5641 -2.64 -2.99 -4.45 -62.00 38.00 219.00 475.00 -368.00 -1080.00 0
5650 -2.64 -1.95 -4.45 -66.00 41.00 226.00 475.00 -368.00 -1080.00 0
5659 -2.57 -0.14 -4.52 -69.00 43.00 225.00 475.00 -368.00 -1080.00 0
5668 -2.50 0.28 -4.52 -67.00 44.00 223.00 475.00 -368.00 -1080.00 0
5678 -2.43 0.35 -4.38 -66.00 50.00 224.00 475.00 -368.00 -1080.00 0
5687 -2.43 0.49 -4.17 -66.00 47.00 224.00 475.00 -368.00 -1080.00 0
5696 -2.50 0.77 -3.76 -67.00 47.00 221.00 475.00 -368.00 -1080.00 0
5705 -2.64 1.04 -3.34 -63.00 46.00 215.00 475.00 -368.00 -1080.00 0
5714 -2.92 1.32 -2.92 -65.00 38.00 218.00 475.00 -368.00 -1080.00 0
5724 -3.62 2.43 -2.85 -65.00 37.00 217.00 475.00 -368.00 -1080.00 0
5733 -3.97 3.27 -2.85 -66.00 41.00 217.00 475.00 -368.00 -1080.00 0
5742 -4.03 4.17 -2.99 -65.00 35.00 217.00 475.00 -368.00 -1080.00 0
5751 -3.90 5.08 -3.20 -67.00 37.00 221.00 475.00 -368.00 -1080.00 0
5761 -3.69 5.98 -3.48 -68.00 40.00 224.00 476.00 -367.00 -923.00 0
5770 -3.27 6.82 -3.83 -68.00 42.00 221.00 476.00 -367.00 -923.00 0
5779 -2.57 8.70 -3.83 -64.00 45.00 206.00 476.00 -367.00 -923.00 0
5788 -2.23 10.02 -3.55 -57.00 46.00 202.00 476.00 -367.00 -923.00 0
5797 -1.81 11.97 -3.13 -54.00 38.00 186.00 476.00 -367.00 -923.00 0
5807 -1.46 14.68 -2.64 -48.00 15.00 158.00 476.00 -367.00 -923.00 0
5816 -0.56 18.92 -2.57 -20.00 -1.00 102.00 476.00 -367.00 -923.00 0
5825 1.95 26.02 -3.06 6.00 -12.00 29.00 493.00 -367.00 -994.00 0
5834 17.88 58.16 -4.66 21.00 -10.00 -3.00 493.00 -367.00 -994.00 0
5843 33.39 87.30 -4.17 -19.00 43.00 36.00 493.00 -367.00 -994.00 0
5853 52.03 124.31 -2.09 -91.00 126.00 137.00 493.00 -367.00 -994.00 0
5862 68.94 162.99 1.25 -149.00 150.00 247.00 493.00 -367.00 -994.00 0
5871 77.70 196.66 4.80 -215.00 157.00 383.00 493.00 -367.00 -994.00 1
5882 62.33 224.21 10.85 -499.00 228.00 537.00 493.00 -367.00 -994.00 1
5894 26.23 170.85 7.79 -62.00 -12.00 39.00 567.00 -397.00 -1014.00 1
5905 -1.53 106.43 2.99 -219.00 65.00 241.00 567.00 -397.00 -1014.00 1
5916 -13.08 84.73 5.50 -153.00 58.00 204.00 567.00 -397.00 -1014.00 1
5927 -12.73 66.57 8.14 -173.00 58.00 221.00 567.00 -397.00 -1014.00 1
5938 -8.28 42.43 13.50 -169.00 64.00 270.00 567.00 -397.00 -1014.00 0
5948 -7.65 27.97 13.50 -162.00 101.00 272.00 567.00 -397.00 -1014.00 0
5957 -9.04 11.13 13.50 -142.00 109.00 253.00 562.00 -404.00 -1039.00 0
5966 -11.41 -8.21 14.05 -121.00 76.00 231.00 562.00 -404.00 -1039.00 0
5976 -20.87 -26.37 13.57 -115.00 43.00 168.00 562.00 -404.00 -1039.00 0
5985 -42.23 -51.20 11.97 -103.00 22.00 154.00 562.00 -404.00 -1039.00 0
5995 -49.25 -60.66 10.37 -94.00 5.00 153.00 562.00 -404.00 -1039.00 0
6004 -52.73 -66.30 8.00 -93.00 3.00 160.00 562.00 -404.00 -1039.00 0
6013 -52.66 -68.38 5.01 -102.00 6.00 175.00 562.00 -404.00 -1039.00 0
6023 -50.02 -67.90 1.53 -110.00 12.00 194.00 533.00 -382.00 -1135.00 0
6032 -45.29 -64.21 -4.38 -120.00 21.00 200.00 533.00 -382.00 -1135.00 0
6041 -32.56 -63.23 -6.96 -106.00 34.00 194.00 533.00 -382.00 -1135.00 0
6050 -25.11 -62.75 -9.67 -98.00 42.00 192.00 533.00 -382.00 -1135.00 0
6060 -17.67 -61.91 -11.97 -93.00 57.00 204.00 533.00 -382.00 -1135.00 0
6069 -10.30 -60.24 -13.15 -100.00 58.00 214.00 533.00 -382.00 -1135.00 0
6079 -4.52 -57.81 -13.57 -97.00 63.00 220.00 533.00 -382.00 -1135.00 0
6088 1.25 -53.08 -13.36 -92.00 64.00 213.00 514.00 -380.00 -1237.00 0
6097 2.16 -51.06 -12.80 -78.00 59.00 209.00 514.00 -380.00 -1237.00 0
6107 1.53 -48.70 -12.24 -78.00 52.00 198.00 514.00 -380.00 -1237.00 0
6116 -0.49 -45.70 -11.55 -77.00 52.00 196.00 514.00 -380.00 -1237.00 0
6125 -2.16 -42.57 -10.43 -78.00 45.00 194.00 514.00 -380.00 -1237.00 0
6134 -3.90 -38.82 -9.53 -79.00 40.00 198.00 514.00 -380.00 -1237.00 0
6144 -6.96 -30.82 -8.14 -86.00 36.00 206.00 514.00 -380.00 -1237.00 0
6153 -7.30 -27.27 -7.17 -98.00 39.00 226.00 505.00 -375.00 -1241.00 0
6162 -6.82 -24.56 -6.68 -101.00 39.00 232.00 505.00 -375.00 -1241.00 0
6171 -6.12 -23.03 -6.61 -100.00 42.00 232.00 505.00 -375.00 -1241.00 0
6180 -5.22 -23.03 -6.75 -92.00 51.00 221.00 505.00 -375.00 -1241.00 0
6190 -4.17 -24.14 -7.03 -81.00 49.00 212.00 505.00 -375.00 -1241.00 0
6200 -3.27 -26.16 -6.96 -76.00 48.00 211.00 505.00 -375.00 -1241.00 0
6209 -3.27 -26.02 -6.54 -79.00 50.00 208.00 505.00 -375.00 -1241.00 0
6218 -3.55 -25.39 -6.05 -77.00 48.00 210.00 494.00 -370.00 -1057.00 0
6227 -4.10 -24.28 -5.57 -74.00 46.00 209.00 494.00 -370.00 -1057.00 0
6237 -4.80 -22.89 -5.22 -68.00 41.00 206.00 494.00 -370.00 -1057.00 0
6246 -5.50 -21.22 -4.73 -75.00 41.00 206.00 494.00 -370.00 -1057.00 0
6255 -6.05 -16.56 -4.24 -81.00 38.00 220.00 494.00 -370.00 -1057.00 0
6264 -6.05 -14.33 -3.90 -81.00 41.00 216.00 494.00 -370.00 -1057.00 0
6274 -5.84 -12.52 -3.69 -83.00 44.00 224.00 494.00 -370.00 -1057.00 0
6283 -5.22 -11.34 -3.55 -94.00 41.00 243.00 492.00 -367.00 -1158.00 0
6292 -4.66 -10.78 -3.34 -100.00 40.00 250.00 492.00 -367.00 -1158.00 0
6301 -4.31 -13.77 -3.90 -87.00 45.00 238.00 492.00 -367.00 -1158.00 0
6310 -3.69 -16.83 -4.45 -77.00 53.00 217.00 492.00 -367.00 -1158.00 0
6320 -3.55 -19.62 -4.73 -66.00 48.00 208.00 492.00 -367.00 -1158.00 0
6329 -3.76 -21.36 -4.66 -64.00 42.00 207.00 492.00 -367.00 -1158.00 0
6338 -4.31 -21.77 -4.45 -68.00 36.00 210.00 492.00 -367.00 -1158.00 0
6347 -5.08 -21.01 -4.17 -64.00 36.00 207.00 483.00 -368.00 -1104.00 0
6356 -5.70 -17.74 -4.03 -64.00 38.00 204.00 483.00 -368.00 -1104.00 0
6366 -5.50 -15.65 -4.10 -69.00 40.00 214.00 483.00 -368.00 -1104.00 0
6375 -5.08 -13.15 -4.03 -79.00 41.00 227.00 483.00 -368.00 -1104.00 0
6384 -4.66 -10.92 -3.97 -86.00 45.00 237.00 483.00 -368.00 -1104.00 0
6393 -4.10 -9.81 -4.03 -83.00 46.00 234.00 483.00 -368.00 -1104.00 0
6403 -3.48 -10.02 -4.03 -73.00 45.00 229.00 483.00 -368.00 -1104.00 0
6412 -2.78 -11.83 -4.03 -71.00 46.00 220.00 483.00 -368.00 -1104.00 0
6421 -2.92 -12.59 -4.03 -63.00 42.00 212.00 483.00 -368.00 -1104.00 0
6431 -3.20 -13.01 -4.03 -60.00 41.00 207.00 483.00 -368.00 -1104.00 0
6440 -3.41 -12.66 -3.97 -57.00 38.00 203.00 483.00 -368.00 -1104.00 0
6450 -3.76 -11.41 -3.90 -63.00 38.00 207.00 483.00 -368.00 -1104.00 0
6459 -4.10 -9.32 -3.62 -64.00 37.00 214.00 483.00 -368.00 -1104.00 0
6468 -4.03 -4.24 -2.99 -67.00 38.00 218.00 483.00 -368.00 -1104.00 0
6477 -3.76 -1.74 -2.71 -66.00 42.00 211.00 483.00 -368.00 -1104.00 0
6487 -3.34 0.63 -2.37 -71.00 46.00 222.00 483.00 -368.00 -1104.00 0
6496 -2.99 2.99 -2.02 -74.00 40.00 229.00 483.00 -368.00 -1104.00 0
6505 -2.78 4.94 -1.74 -72.00 46.00 224.00 483.00 -368.00 -1104.00 0
6514 -2.43 6.19 -1.53 -71.00 47.00 221.00 483.00 -368.00 -1104.00 0
6523 -2.16 7.86 -1.32 -71.00 45.00 217.00 483.00 -368.00 -1104.00 0
6533 -2.23 8.63 -1.11 -69.00 39.00 216.00 483.00 -368.00 -1104.00 0
6542 -2.37 9.32 -0.90 -64.00 39.00 211.00 483.00 -368.00 -1104.00 0
6551 -2.50 10.16 -0.63 -62.00 43.00 200.00 484.00 -370.00 -1371.00 0
6560 -2.71 11.41 -0.42 -61.00 40.00 197.00 484.00 -370.00 -1371.00 0
6569 -2.99 13.29 -0.21 -58.00 36.00 195.00 484.00 -370.00 -1371.00 0
6579 -3.27 15.79 0.14 -55.00 30.00 187.00 484.00 -370.00 -1371.00 0
6588 -2.99 23.30 0.14 -50.00 14.00 156.00 484.00 -370.00 -1371.00 0
6597 -1.32 29.22 -0.28 -36.00 0.00 112.00 484.00 -370.00 -1371.00 0
6606 2.57 38.12 -0.90 -24.00 -18.00 60.00 484.00 -370.00 -1371.00 0
6616 9.74 52.45 -2.16 -7.00 6.00 14.00 484.00 -370.00 -1371.00 0
6625 22.19 74.23 -3.13 -22.00 63.00 44.00 484.00 -370.00 -1371.00 0
6634 39.65 103.86 -2.30 -81.00 130.00 132.00 484.00 -370.00 -1371.00 0
6643 69.77 174.68 5.50 -162.00 148.00 230.00 484.00 -370.00 -1371.00 1
6654 72.49 205.63 10.37 -969.00 396.00 1413.00 484.00 -370.00 -1371.00 1
6666 62.33 165.08 11.20 53.00 -125.00 37.00 484.00 -370.00 -1371.00 1
6677 -0.56 128.00 7.30 -200.00 47.00 157.00 570.00 -399.00 -917.00 1
6688 -6.47 111.44 7.65 -140.00 32.00 182.00 570.00 -399.00 -917.00 1
6700 -4.73 68.52 7.79 -164.00 63.00 202.00 570.00 -399.00 -917.00 1
6711 -1.60 55.79 10.02 -148.00 56.00 224.00 570.00 -399.00 -917.00 1
6721 0.97 34.92 10.37 -141.00 67.00 225.00 570.00 -399.00 -917.00 1
6731 3.41 23.72 10.50 -163.00 97.00 256.00 570.00 -399.00 -917.00 0
6740 0.42 10.23 8.97 -158.00 101.00 267.00 565.00 -404.00 -1069.00 0
6750 -6.75 -6.26 6.40 -145.00 87.00 224.00 565.00 -404.00 -1069.00 0
6759 -16.28 -24.28 4.66 -132.00 53.00 187.00 565.00 -404.00 -1069.00 0
6769 -27.27 -54.47 2.02 -126.00 34.00 179.00 565.00 -404.00 -1069.00 0
6778 -42.09 -64.83 1.25 -118.00 26.00 177.00 565.00 -404.00 -1069.00 0
6788 -44.87 -72.83 0.00 -112.00 18.00 177.00 565.00 -404.00 -1069.00 0
6797 -45.08 -77.63 -1.88 -99.00 24.00 172.00 565.00 -404.00 -1069.00 0
6806 -42.16 -78.68 -3.76 -88.00 22.00 178.00 565.00 -385.00 -1115.00 0
6815 -37.84 -77.22 -5.08 -106.00 27.00 198.00 530.00 -385.00 -1115.00 0
6824 -27.41 -70.82 -7.17 -110.00 36.00 201.00 530.00 -385.00 -1115.00 0
6834 -21.84 -68.38 -8.35 -92.00 43.00 195.00 530.00 -385.00 -1115.00 0
6844 -16.56 -66.71 -9.60 -90.00 51.00 198.00 530.00 -385.00 -1115.00 0
6853 -12.03 -64.63 -10.50 -91.00 57.00 202.00 530.00 -385.00 -1115.00 0
6862 -8.77 -61.91 -10.92 -87.00 56.00 201.00 530.00 -385.00 -1115.00 0
6872 -6.54 -58.78 -11.20 -81.00 56.00 198.00 530.00 -385.00 -1115.00 0
6881 -4.31 -51.41 -10.64 -87.00 53.00 208.00 530.00 -385.00 -1115.00 0
6890 -3.97 -47.44 -9.95 -96.00 54.00 216.00 530.00 -385.00 -1115.00 0
6899 -4.31 -43.97 -9.32 -93.00 47.00 221.00 530.00 -385.00 -1115.00 0
6908 -5.01 -41.67 -8.83 -95.00 51.00 218.00 530.00 -385.00 -1115.00 0
6918 -5.70 -40.35 -8.49 -93.00 51.00 218.00 530.00 -385.00 -1115.00 0
6927 -6.26 -39.30 -7.86 -88.00 47.00 213.00 530.00 -385.00 -1115.00 0
6936 -7.58 -37.84 -7.44 -76.00 46.00 200.00 530.00 -385.00 -1115.00 0
6945 -7.93 -36.94 -7.03 -71.00 41.00 195.00 530.00 -385.00 -1115.00 0
6955 -8.00 -35.34 -6.40 -67.00 40.00 196.00 530.00 -385.00 -1115.00 0
6964 -7.86 -32.77 -5.84 -69.00 38.00 202.00 530.00 -385.00 -1115.00 0
6973 -7.65 -29.43 -5.43 -81.00 41.00 215.00 530.00 -385.00 -1115.00 0
6982 -7.23 -25.88 -5.01 -92.00 44.00 233.00 530.00 -385.00 -1115.00 0
6991 -6.12 -21.63 -5.08 -87.00 50.00 231.00 530.00 -385.00 -1115.00 0
7002 -5.50 -21.50 -5.15 -80.00 50.00 222.00 530.00 -385.00 -1115.00 0
7011 -5.15 -21.63 -5.15 -83.00 49.00 224.00 530.00 -385.00 -1115.00 0
7020 -5.01 -21.50 -4.87 -81.00 45.00 221.00 530.00 -385.00 -1115.00 0
7029 -5.08 -21.15 -4.45 -75.00 39.00 214.00 530.00 -385.00 -1115.00 0
7038 -5.15 -19.83 -3.69 -67.00 44.00 207.00 530.00 -385.00 -1115.00 0
7048 -5.36 -18.37 -3.41 -70.00 40.00 208.00 530.00 -385.00 -1115.00 0
7057 -5.22 -16.42 -3.06 -71.00 41.00 210.00 530.00 -385.00 -1115.00 0
7066 -5.01 -14.40 -2.78 -77.00 35.00 222.00 530.00 -385.00 -1115.00 0
7075 -4.80 -12.59 -2.57 -86.00 38.00 231.00 530.00 -385.00 -1115.00 0
7085 -4.66 -11.20 -2.57 -82.00 43.00 228.00 530.00 -385.00 -1115.00 0
7094 -4.59 -11.55 -2.85 -78.00 47.00 223.00 530.00 -385.00 -1115.00 0
7103 -4.10 -12.45 -2.92 -77.00 46.00 217.00 530.00 -385.00 -1115.00 0
7112 -4.10 -13.08 -2.85 -67.00 40.00 214.00 530.00 -385.00 -1115.00 0
7121 -4.38 -13.29 -2.85 -65.00 40.00 206.00 530.00 -385.00 -1115.00 0
7131 -4.66 -12.87 -2.85 -66.00 39.00 207.00 530.00 -385.00 -1115.00 0
7140 -4.80 -11.83 -2.99 -68.00 39.00 209.00 530.00 -385.00 -1115.00 0
7149 -4.80 -8.28 -3.06 -71.00 43.00 212.00 530.00 -385.00 -1115.00 0
7158 -4.31 -6.33 -2.99 -81.00 42.00 229.00 530.00 -385.00 -1115.00 0
7168 -4.17 -4.66 -3.13 -84.00 43.00 238.00 530.00 -385.00 -1115.00 0
7177 -4.10 -3.90 -3.27 -85.00 46.00 238.00 530.00 -385.00 -1115.00 0
7186 -3.90 -4.10 -3.41 -80.00 49.00 232.00 530.00 -385.00 -1115.00 0
7195 -3.83 -5.08 -3.34 -76.00 50.00 221.00 530.00 -385.00 -1115.00 0
7204 -3.76 -6.26 -2.92 -68.00 45.00 211.00 530.00 -385.00 -1115.00 0
7214 -4.03 -7.72 -2.71 -64.00 44.00 207.00 530.00 -385.00 -1115.00 0
7223 -4.31 -7.44 -2.43 -61.00 40.00 204.00 530.00 -385.00 -1115.00 0
7232 -4.45 -6.40 -2.30 -65.00 36.00 207.00 530.00 -385.00 -1115.00 0
7241 -4.52 -4.66 -2.16 -65.00 37.00 212.00 530.00 -385.00 -1115.00 0
7250 -4.45 -2.57 -2.16 -69.00 38.00 219.00 530.00 -385.00 -1115.00 0
7260 -4.10 -0.49 -2.23 -83.00 39.00 234.00 530.00 -385.00 -1115.00 0
7269 -3.69 2.57 -2.43 -83.00 41.00 238.00 483.00 -368.00 -1090.00 0
7278 -3.48 2.64 -2.78 -78.00 45.00 225.00 483.00 -368.00 -1090.00 0
7287 -3.27 2.30 -2.99 -74.00 43.00 221.00 483.00 -368.00 -1090.00 0
7297 -3.41 2.16 -2.92 -71.00 44.00 219.00 483.00 -368.00 -1090.00 0
7306 -3.48 2.30 -2.71 -67.00 44.00 212.00 483.00 -368.00 -1090.00 0
7315 -3.55 2.50 -2.50 -65.00 43.00 209.00 483.00 -368.00 -1090.00 0
7324 -3.41 3.97 -2.02 -62.00 39.00 205.00 483.00 -368.00 -1090.00 0
7333 -3.48 5.29 -1.88 -65.00 38.00 198.00 484.00 -368.00 -971.00 0
7343 -3.48 7.10 -1.74 -57.00 27.00 189.00 484.00 -368.00 -971.00 0
7352 -3.06 9.46 -1.95 -49.00 22.00 165.00 484.00 -368.00 -971.00 0
7361 -1.88 12.87 -2.37 -21.00 3.00 106.00 484.00 -368.00 -971.00 0
7370 0.63 18.37 -2.92 1.00 4.00 68.00 484.00 -368.00 -971.00 0
7379 13.91 45.15 -3.27 12.00 36.00 50.00 484.00 -368.00 -971.00 0
7389 24.00 70.47 -1.67 -15.00 74.00 63.00 484.00 -368.00 -971.00 0
7398 34.37 101.70 2.16 -40.00 88.00 164.00 532.00 -393.00 -1073.00 0
7407 43.55 136.28 7.93 -105.00 116.00 167.00 532.00 -393.00 -1073.00 0
7416 49.04 175.65 16.00 -170.00 91.00 201.00 532.00 -393.00 -1073.00 1
7428 41.11 227.27 26.02 -975.00 314.00 1056.00 532.00 -393.00 -1073.00 1
7439 17.74 199.58 22.26 38.00 -85.00 41.00 532.00 -393.00 -1073.00 1
7450 -11.62 117.77 12.59 -211.00 60.00 152.00 532.00 -393.00 -1073.00 1
7461 -19.97 101.98 13.70 -171.00 9.00 183.00 532.00 -393.00 -1073.00 1
7473 -19.20 80.21 12.17 -159.00 54.00 228.00 532.00 -393.00 -1073.00 1
7484 -3.27 52.59 11.83 -166.00 48.00 233.00 532.00 -393.00 -1073.00 1
7495 3.06 44.03 10.64 -183.00 69.00 267.00 532.00 -393.00 -1073.00 0
7504 7.44 33.18 9.25 -209.00 92.00 296.00 532.00 -393.00 -1073.00 0
7514 5.01 -3.69 3.69 -166.00 100.00 247.00 532.00 -393.00 -1073.00 0
7523 0.42 -29.08 0.63 -113.00 77.00 178.00 532.00 -393.00 -1073.00 0
7532 -6.40 -51.20 -1.53 -84.00 55.00 134.00 553.00 -402.00 -1126.00 0
7541 -12.94 -67.20 -2.64 -81.00 42.00 142.00 553.00 -402.00 -1126.00 0
7552 -17.67 -76.52 -2.43 -102.00 41.00 166.00 553.00 -402.00 -1126.00 0
7561 -20.66 -79.86 -2.02 -108.00 32.00 183.00 553.00 -402.00 -1126.00 0
7570 -25.11 -78.96 -4.10 -112.00 40.00 195.00 553.00 -402.00 -1126.00 0
7579 -25.74 -78.40 -5.43 -105.00 33.00 194.00 553.00 -402.00 -1126.00 0
7588 -25.95 -79.51 -6.82 -99.00 34.00 193.00 553.00 -402.00 -1126.00 0
7598 -24.42 -80.28 -8.00 -96.00 42.00 191.00 522.00 -385.00 -1283.00 0
7607 -21.57 -79.93 -8.90 -83.00 44.00 183.00 522.00 -385.00 -1283.00 0
7616 -18.71 -78.82 -9.74 -73.00 49.00 182.00 522.00 -385.00 -1283.00 0
7625 -11.41 -72.49 -10.50 -73.00 56.00 186.00 522.00 -385.00 -1283.00 0
7635 -9.11 -66.23 -10.30 -74.00 53.00 193.00 522.00 -385.00 -1283.00 0
7645 -7.72 -59.20 -9.81 -79.00 49.00 196.00 522.00 -385.00 -1283.00 0
7654 -6.82 -52.45 -9.18 -108.00 50.00 230.00 522.00 -385.00 -1283.00 0
7663 -6.12 -46.61 -8.49 -116.00 47.00 245.00 508.00 -383.00 -1038.00 0
7672 -6.05 -42.78 -8.97 -97.00 49.00 226.00 508.00 -383.00 -1038.00 0
7682 -5.98 -43.90 -9.60 -82.00 55.00 210.00 508.00 -383.00 -1038.00 0
7691 -5.91 -44.52 -9.95 -72.00 52.00 199.00 508.00 -383.00 -1038.00 0
7700 -6.05 -43.83 -9.88 -68.00 44.00 201.00 508.00 -383.00 -1038.00 0
7709 -6.19 -41.67 -9.46 -67.00 43.00 195.00 508.00 -383.00 -1038.00 0
7718 -6.12 -38.61 -8.83 -66.00 45.00 200.00 508.00 -383.00 -1038.00 0
7728 -4.73 -31.58 -7.03 -67.00 47.00 207.00 493.00 -378.00 -958.00 0
7737 -4.24 -27.76 -6.19 -72.00 52.00 206.00 493.00 -378.00 -958.00 0
7746 -3.83 -24.35 -5.43 -70.00 49.00 205.00 493.00 -378.00 -958.00 0
7755 -3.55 -21.22 -4.87 -75.00 50.00 216.00 493.00 -378.00 -958.00 0
7764 -3.48 -18.16 -4.38 -77.00 52.00 211.00 493.00 -378.00 -958.00 0
7774 -3.41 -15.23 -3.97 -86.00 51.00 220.00 493.00 -378.00 -958.00 0
7783 -3.83 -9.95 -3.83 -92.00 43.00 227.00 493.00 -378.00 -958.00 0
7792 -4.45 -8.70 -3.83 -97.00 44.00 237.00 492.00 -373.00 -1274.00 0
7801 -4.45 -8.63 -3.97 -94.00 44.00 238.00 492.00 -373.00 -1274.00 0
7811 -4.31 -9.74 -4.10 -84.00 54.00 220.00 492.00 -373.00 -1274.00 0
7820 -4.17 -11.48 -4.24 -73.00 48.00 218.00 492.00 -373.00 -1274.00 0
7829 -3.90 -13.08 -4.24 -70.00 54.00 211.00 492.00 -373.00 -1274.00 0
7838 -3.48 -14.05 -3.69 -70.00 49.00 209.00 492.00 -373.00 -1274.00 0
7847 -3.69 -13.91 -3.27 -68.00 46.00 204.00 492.00 -373.00 -1274.00 0
7857 -4.17 -13.01 -2.99 -64.00 40.00 204.00 485.00 -375.00 -1042.00 0
7866 -4.59 -11.62 -2.78 -70.00 42.00 205.00 485.00 -375.00 -1042.00 0
7875 -4.73 -9.95 -2.78 -73.00 42.00 213.00 485.00 -375.00 -1042.00 0
7884 -4.52 -8.00 -2.92 -86.00 38.00 228.00 485.00 -375.00 -1042.00 0
7894 -4.24 -6.19 -3.41 -86.00 39.00 229.00 485.00 -375.00 -1042.00 0
7903 -4.03 -5.15 -3.83 -76.00 44.00 222.00 485.00 -375.00 -1042.00 0
7912 -3.69 -5.57 -4.17 -80.00 47.00 222.00 485.00 -375.00 -1042.00 0
7921 -3.27 -5.70 -4.17 -86.00 48.00 233.00 485.00 -375.00 -1042.00 0
7930 -2.99 -6.05 -4.17 -84.00 53.00 229.00 485.00 -375.00 -1042.00 0
7940 -2.78 -6.75 -4.17 -70.00 55.00 217.00 485.00 -375.00 -1042.00 0
7949 -2.57 -7.79 -4.10 -64.00 50.00 209.00 485.00 -375.00 -1042.00 0
7958 -3.13 -8.49 -3.97 -60.00 45.00 204.00 485.00 -375.00 -1042.00 0
7967 -3.62 -7.51 -3.83 -56.00 40.00 199.00 485.00 -375.00 -1042.00 0
7976 -3.97 -5.63 -3.76 -61.00 38.00 198.00 485.00 -375.00 -1042.00 0
7986 -4.17 -3.20 -3.62 -64.00 34.00 203.00 485.00 -375.00 -1042.00 0
7995 -4.10 -0.42 -3.76 -65.00 37.00 209.00 485.00 -375.00 -1042.00 0
8004 -3.83 2.50 -3.97 -68.00 40.00 211.00 485.00 -375.00 -1042.00 0
8013 -3.06 8.28 -4.45 -76.00 39.00 216.00 485.00 -375.00 -1042.00 0
8023 -2.57 10.99 -4.66 -78.00 47.00 212.00 485.00 -375.00 -1042.00 0
8032 -2.02 13.43 -4.73 -74.00 51.00 215.00 485.00 -375.00 -1042.00 0
8041 -0.97 15.72 -4.38 -70.00 56.00 211.00 485.00 -375.00 -1042.00 0
8050 0.14 18.02 -3.55 -69.00 55.00 202.00 485.00 -375.00 -1042.00 0
8059 0.90 20.66 -2.37 -65.00 53.00 192.00 496.00 -377.00 -1223.00 0
8070 0.90 28.45 -0.49 -64.00 48.00 182.00 496.00 -377.00 -1223.00 0
8079 0.49 33.67 0.56 -59.00 41.00 168.00 496.00 -377.00 -1223.00 0
8088 0.21 39.93 1.46 -49.00 24.00 138.00 496.00 -377.00 -1223.00 0
8097 0.56 47.86 2.09 -20.00 -3.00 69.00 496.00 -377.00 -1223.00 0
8105 2.71 59.13 2.57 -18.00 -15.00 35.00 496.00 -377.00 -1223.00 0
8115 8.63 76.38 2.92 -33.00 11.00 52.00 496.00 -377.00 -1223.00 0
8124 35.97 129.18 5.08 -79.00 70.00 111.00 496.00 -377.00 -1223.00 0
8134 51.97 159.58 7.93 -148.00 126.00 193.00 496.00 -377.00 -1223.00 1
8144 64.07 188.31 11.83 -965.00 420.00 1184.00 496.00 -377.00 -1223.00 1
8157 39.17 162.78 13.50 3.00 -56.00 150.00 496.00 -377.00 -1223.00 1
8167 6.26 120.14 7.65 -222.00 27.00 151.00 496.00 -377.00 -1223.00 1
8178 -7.86 105.25 5.57 -180.00 13.00 171.00 496.00 -377.00 -1223.00 1
8189 -9.39 68.45 5.50 -156.00 80.00 214.00 572.00 -404.00 -1152.00 1
8201 -2.57 55.30 7.72 -172.00 68.00 243.00 572.00 -404.00 -1152.00 1
8212 2.99 34.99 8.70 -175.00 70.00 254.00 572.00 -404.00 -1152.00 0
8221 2.30 21.22 8.97 -169.00 103.00 256.00 572.00 -404.00 -1152.00 0
8230 0.49 3.55 8.42 -146.00 84.00 224.00 572.00 -404.00 -1152.00 0
8240 -5.29 -15.30 6.82 -133.00 59.00 200.00 572.00 -404.00 -1152.00 0
8249 -13.36 -31.65 5.01 -131.00 41.00 172.00 572.00 -404.00 -1152.00 0
8258 -21.01 -44.73 3.41 -110.00 36.00 163.00 572.00 -404.00 -1152.00 0
8267 -30.05 -66.23 -0.07 -101.00 31.00 154.00 572.00 -404.00 -1152.00 0
8278 -31.23 -71.86 -2.02 -89.00 32.00 153.00 572.00 -404.00 -1152.00 0
8287 -30.68 -73.81 -4.45 -95.00 31.00 170.00 572.00 -404.00 -1152.00 0
8296 -29.08 -72.56 -6.40 -116.00 35.00 198.00 572.00 -404.00 -1152.00 0
8305 -26.71 -69.77 -7.65 -130.00 46.00 225.00 572.00 -404.00 -1152.00 0
8314 -20.52 -67.83 -9.88 -124.00 50.00 214.00 572.00 -404.00 -1152.00 0
8324 -17.81 -69.84 -11.20 -106.00 60.00 202.00 572.00 -404.00 -1152.00 0
8333 -15.03 -72.70 -12.24 -92.00 62.00 192.00 572.00 -404.00 -1152.00 0
8342 -13.08 -74.37 -12.73 -80.00 64.00 183.00 572.00 -404.00 -1152.00 0
8352 -11.97 -73.74 -12.59 -79.00 54.00 188.00 572.00 -404.00 -1152.00 0
8361 -11.55 -70.75 -12.10 -87.00 49.00 201.00 572.00 -404.00 -1152.00 0
8371 -11.20 -61.70 -10.43 -94.00 48.00 209.00 572.00 -404.00 -1152.00 0
8380 -11.48 -57.95 -10.02 -85.00 45.00 208.00 572.00 -404.00 -1152.00 0
8389 -11.34 -54.89 -9.81 -80.00 44.00 205.00 572.00 -404.00 -1152.00 0
8398 -10.85 -51.62 -9.39 -79.00 46.00 201.00 572.00 -404.00 -1152.00 0
8408 -10.57 -47.93 -8.83 -83.00 42.00 206.00 572.00 -404.00 -1152.00 0
8417 -10.30 -40.83 -8.00 -80.00 43.00 204.00 572.00 -404.00 -1152.00 0
8426 -9.04 -37.50 -7.65 -80.00 42.00 206.00 572.00 -404.00 -1152.00 0
8435 -7.86 -34.30 -7.17 -86.00 49.00 217.00 572.00 -404.00 -1152.00 0
8444 -6.75 -31.37 -6.61 -88.00 48.00 224.00 572.00 -404.00 -1152.00 0
8455 -5.70 -29.36 -6.26 -84.00 54.00 217.00 572.00 -404.00 -1152.00 0
8464 -4.94 -28.52 -6.12 -80.00 54.00 215.00 572.00 -404.00 -1152.00 0
8473 -4.59 -27.55 -6.12 -83.00 50.00 219.00 572.00 -404.00 -1152.00 0
8482 -5.08 -26.92 -6.05 -78.00 47.00 212.00 572.00 -404.00 -1152.00 0
8492 -5.70 -26.23 -5.98 -73.00 45.00 212.00 572.00 -404.00 -1152.00 0
8501 -6.12 -25.39 -5.77 -72.00 41.00 212.00 572.00 -404.00 -1152.00 0
8510 -6.47 -23.93 -5.43 -79.00 42.00 210.00 572.00 -404.00 -1152.00 0
8519 -6.54 -22.33 -4.94 -75.00 43.00 217.00 572.00 -404.00 -1152.00 0
8528 -6.47 -19.83 -4.59 -82.00 46.00 217.00 572.00 -404.00 -1152.00 0
8538 -6.54 -19.48 -4.80 -77.00 48.00 219.00 572.00 -404.00 -1152.00 0
8547 -6.54 -19.62 -5.15 -75.00 51.00 216.00 572.00 -404.00 -1152.00 0
8556 -6.12 -19.83 -5.36 -79.00 49.00 224.00 572.00 -404.00 -1152.00 0
8565 -5.77 -19.97 -5.22 -78.00 47.00 227.00 572.00 -404.00 -1152.00 0
8574 -5.57 -20.24 -4.94 -69.00 47.00 216.00 572.00 -404.00 -1152.00 0
8584 -5.63 -20.24 -4.52 -62.00 46.00 207.00 572.00 -404.00 -1152.00 0
8593 -5.63 -19.13 -4.24 -61.00 37.00 204.00 572.00 -404.00 -1152.00 0
8602 -5.70 -17.04 -3.97 -62.00 41.00 203.00 572.00 -404.00 -1152.00 0
8611 -5.50 -14.19 -3.69 -65.00 40.00 209.00 572.00 -404.00 -1152.00 0
8621 -5.08 -10.71 -3.41 -80.00 43.00 231.00 572.00 -404.00 -1152.00 0
8630 -4.52 -7.23 -2.99 -88.00 43.00 242.00 572.00 -404.00 -1152.00 0
8639 -3.83 -3.97 -2.85 -83.00 51.00 231.00 572.00 -404.00 -1152.00 0
8648 -3.48 -4.17 -2.99 -79.00 53.00 228.00 572.00 -404.00 -1152.00 0
8657 -3.27 -4.52 -2.99 -77.00 48.00 225.00 572.00 -404.00 -1152.00 0
8667 -3.27 -5.15 -2.85 -68.00 46.00 216.00 572.00 -404.00 -1152.00 0
8676 -3.41 -5.98 -2.71 -63.00 45.00 208.00 572.00 -404.00 -1152.00 0
8685 -3.48 -6.40 -2.64 -58.00 39.00 201.00 572.00 -404.00 -1152.00 0
8694 -3.69 -4.52 -2.50 -59.00 41.00 201.00 572.00 -404.00 -1152.00 0
8704 -3.76 -2.30 -2.37 -63.00 42.00 206.00 572.00 -404.00 -1152.00 0
8713 -3.55 0.28 -2.23 -64.00 44.00 206.00 479.00 -365.00 -1051.00 0
8722 -3.27 2.99 -2.02 -70.00 43.00 209.00 479.00 -365.00 -1051.00 0
8731 -2.92 5.98 -1.95 -69.00 45.00 209.00 479.00 -365.00 -1051.00 0
8740 -2.43 8.97 -1.74 -64.00 48.00 203.00 479.00 -365.00 -1051.00 0
8750 -1.81 12.10 -0.90 -57.00 49.00 193.00 479.00 -365.00 -1051.00 0
8759 -0.07 20.59 0.14 -52.00 51.00 180.00 479.00 -365.00 -1051.00 0
8768 1.18 26.78 1.74 -52.00 48.00 174.00 479.00 -365.00 -1051.00 0
8777 2.30 34.71 3.55 -58.00 43.00 169.00 497.00 -375.00 -1217.00 0
8786 3.13 44.31 5.43 -64.00 42.00 169.00 497.00 -375.00 -1217.00 0
8796 4.03 55.03 7.17 -70.00 33.00 171.00 497.00 -375.00 -1217.00 0
8805 5.36 66.09 9.81 -80.00 29.00 163.00 497.00 -375.00 -1217.00 0
8815 10.43 87.79 10.30 -86.00 19.00 143.00 497.00 -375.00 -1217.00 0
8824 14.96 98.85 10.16 -75.00 17.00 112.00 497.00 -375.00 -1217.00 0
8834 21.84 111.23 9.32 -74.00 32.00 92.00 497.00 -375.00 -1217.00 0
8843 31.65 126.54 8.83 -93.00 71.00 123.00 557.00 -404.00 -1200.00 0
8852 43.83 144.90 9.39 -149.00 113.00 188.00 557.00 -404.00 -1200.00 1
8863 60.52 181.63 13.22 -778.00 354.00 800.00 557.00 -404.00 -1200.00 1
8875 49.11 167.79 13.57 45.00 -77.00 62.00 557.00 -404.00 -1200.00 1
8886 5.01 97.39 5.08 -196.00 61.00 214.00 557.00 -404.00 -1200.00 1
8897 1.46 83.13 4.80 -141.00 51.00 164.00 557.00 -404.00 -1200.00 1
8908 0.28 65.53 4.45 -156.00 81.00 202.00 572.00 -410.00 -1148.00 1
8919 6.96 42.78 7.51 -146.00 67.00 221.00 572.00 -410.00 -1148.00 1
8930 8.07 34.16 6.96 -177.00 75.00 240.00 572.00 -410.00 -1148.00 0
8939 7.58 24.97 7.23 -189.00 102.00 286.00 572.00 -410.00 -1148.00 0
8948 1.04 -4.59 5.36 -179.00 86.00 258.00 572.00 -410.00 -1148.00 0
8957 -7.37 -24.35 3.06 -144.00 73.00 206.00 572.00 -410.00 -1148.00 0
8967 -15.93 -43.20 0.77 -120.00 58.00 170.00 572.00 -410.00 -1148.00 0
8977 -23.23 -58.71 -0.77 -105.00 54.00 154.00 572.00 -410.00 -1148.00 0
8986 -27.55 -69.50 -0.97 -111.00 58.00 161.00 572.00 -410.00 -1148.00 0
8995 -29.15 -75.27 -0.28 -113.00 54.00 178.00 572.00 -410.00 -1148.00 0
9005 -28.66 -76.24 0.14 -107.00 61.00 188.00 572.00 -410.00 -1148.00 0
9014 -26.92 -74.43 0.83 -105.00 60.00 191.00 572.00 -410.00 -1148.00 0
9023 -25.04 -72.21 1.95 -103.00 60.00 196.00 572.00 -410.00 -1148.00 0
9032 -23.23 -69.70 3.20 -90.00 57.00 189.00 572.00 -410.00 -1148.00 0
9041 -21.50 -66.99 4.24 -77.00 62.00 180.00 572.00 -410.00 -1148.00 0
9052 -19.69 -59.06 6.96 -82.00 61.00 185.00 572.00 -410.00 -1148.00 0
9061 -15.51 -53.57 8.77 -86.00 61.00 196.00 572.00 -410.00 -1148.00 0
9070 -13.98 -47.65 10.57 -106.00 56.00 213.00 572.00 -410.00 -1148.00 0
9079 -12.73 -42.50 12.38 -124.00 65.00 224.00 572.00 -410.00 -1148.00 0
9089 -11.06 -39.17 14.26 -127.00 81.00 242.00 572.00 -410.00 -1148.00 0
9098 -8.42 -37.98 16.35 -130.00 91.00 248.00 572.00 -410.00 -1148.00 0
9107 -2.64 -40.49 22.75 -122.00 106.00 244.00 509.00 -413.00 -1009.00 0
9117 -1.11 -42.50 26.92 -110.00 102.00 239.00 509.00 -413.00 -1009.00 0
9126 -0.63 -43.76 31.72 -98.00 97.00 218.00 509.00 -413.00 -1009.00 0
9136 -1.04 -43.76 36.66 -78.00 89.00 209.00 509.00 -413.00 -1009.00 0
9145 -2.02 -42.16 41.67 -72.00 75.00 189.00 509.00 -413.00 -1009.00 0
9154 -3.62 -38.89 51.48 -69.00 69.00 187.00 509.00 -413.00 -1009.00 0
9163 -6.89 -28.94 55.37 -80.00 63.00 190.00 509.00 -413.00 -1009.00 0
9172 -8.49 -23.51 58.23 -72.00 47.00 202.00 485.00 -438.00 -1040.00 0
9182 -8.97 -17.60 60.17 -76.00 67.00 198.00 485.00 -438.00 -1040.00 0
9191 -7.93 -11.27 61.98 -66.00 63.00 204.00 485.00 -438.00 -1040.00 0
9200 -8.77 -7.51 62.40 -66.00 62.00 203.00 485.00 -438.00 -1040.00 0
9209 -14.47 -2.16 61.22 -65.00 51.00 190.00 485.00 -438.00 -1040.00 0
9220 -18.30 0.21 59.90 -62.00 49.00 181.00 485.00 -438.00 -1040.00 0
9229 -21.70 2.43 57.81 -62.00 47.00 186.00 485.00 -438.00 -1040.00 0
9238 -24.00 4.94 56.07 -64.00 56.00 183.00 477.00 -453.00 -1040.00 0
9247 -25.11 7.65 54.75 -51.00 81.00 185.00 477.00 -453.00 -1040.00 0
9256 -24.83 10.23 53.98 -52.00 90.00 192.00 477.00 -453.00 -1040.00 0
9266 -25.25 17.39 55.58 -63.00 82.00 194.00 477.00 -453.00 -1040.00 0
9275 -27.06 22.47 57.11 -70.00 61.00 195.00 477.00 -453.00 -1040.00 0
9284 -28.52 28.17 58.23 -73.00 55.00 198.00 477.00 -453.00 -1040.00 0
9293 -28.52 33.95 58.71 -78.00 53.00 205.00 477.00 -453.00 -1040.00 0
9303 -26.71 39.23 58.43 -95.00 64.00 227.00 482.00 -472.00 -1148.00 0
9313 -23.86 43.20 57.32 -105.00 73.00 244.00 482.00 -472.00 -1148.00 0
9322 -19.97 43.83 53.08 -102.00 75.00 241.00 482.00 -472.00 -1148.00 0
9331 -20.03 40.07 50.23 -93.00 74.00 223.00 482.00 -472.00 -1148.00 0
9340 -21.63 35.48 47.30 -89.00 63.00 220.00 482.00 -472.00 -1148.00 0
9350 -24.49 31.30 44.03 -91.00 40.00 221.00 482.00 -472.00 -1148.00 0
9359 -27.55 28.03 40.63 -94.00 23.00 214.00 482.00 -472.00 -1148.00 0
9368 -30.12 22.82 33.81 -86.00 24.00 203.00 479.00 -479.00 -1100.00 0
9378 -27.83 20.24 30.61 -71.00 51.00 200.00 479.00 -479.00 -1100.00 0
9388 -23.72 17.46 28.17 -57.00 62.00 197.00 479.00 -479.00 -1100.00 0
9397 -19.83 15.58 26.57 -62.00 77.00 194.00 479.00 -479.00 -1100.00 0
9406 -17.18 15.17 25.60 -75.00 83.00 205.00 479.00 -479.00 -1100.00 0
9415 -16.14 16.42 25.25 -86.00 65.00 210.00 479.00 -479.00 -1100.00 0
9424 -17.39 21.08 23.93 -106.00 63.00 216.00 479.00 -479.00 -1100.00 0
9434 -17.60 22.96 22.26 -103.00 68.00 224.00 482.00 -483.00 -1026.00 0
9444 -16.56 23.17 20.10 -94.00 72.00 221.00 482.00 -483.00 -1026.00 0
9453 -15.10 21.91 17.60 -89.00 64.00 216.00 482.00 -483.00 -1026.00 0
9462 -13.77 20.10 14.96 -81.00 53.00 212.00 482.00 -483.00 -1026.00 0
9472 -10.64 17.81 9.25 -78.00 57.00 211.00 482.00 -483.00 -1026.00 0
9481 -7.72 17.25 6.61 -88.00 76.00 222.00 482.00 -483.00 -1026.00 0
9490 -4.10 16.83 4.45 -99.00 92.00 227.00 482.00 -483.00 -1026.00 0
9499 -1.32 16.21 2.85 -129.00 59.00 115.00 487.00 -488.00 -1041.00 0
9508 2.23 14.61 1.53 -21.00 102.00 259.00 487.00 -488.00 -1041.00 0
9518 26.09 8.97 -2.71 -158.00 177.00 339.00 487.00 -488.00 -1041.00 0
9527 15.72 13.22 7.23 -122.00 36.00 195.00 487.00 -488.00 -1041.00 0
9536 -7.03 12.52 4.45 -83.00 73.00 194.00 487.00 -488.00 -1041.00 0
9545 -9.25 6.47 3.69 -73.00 32.00 173.00 487.00 -488.00 -1041.00 0
9554 -12.59 3.97 4.17 -82.00 39.00 165.00 487.00 -488.00 -1041.00 0
9564 -13.84 4.94 3.69 -64.00 84.00 186.00 488.00 -496.00 -1228.00 0
9573 -9.11 5.63 3.41 -66.00 115.00 176.00 488.00 -496.00 -1228.00 0
9583 -5.50 11.20 4.45 -50.00 52.00 150.00 488.00 -496.00 -1228.00 0
9592 -9.18 18.57 7.03 -89.00 63.00 155.00 488.00 -496.00 -1228.00 0
9602 -6.47 28.24 10.02 -131.00 81.00 208.00 488.00 -496.00 -1228.00 0
9611 -3.06 37.70 11.62 -169.00 90.00 246.00 488.00 -496.00 -1228.00 0
9620 -1.32 44.66 12.10 -176.00 81.00 250.00 488.00 -496.00 -1228.00 0
9629 -2.02 46.89 12.17 -162.00 -131.00 151.00 495.00 -499.00 -1227.00 0
9638 0.63 36.45 11.20 -188.00 159.00 198.00 495.00 -499.00 -1227.00 0
9648 39.86 23.03 8.63 -96.00 145.00 266.00 495.00 -499.00 -1227.00 0
9657 49.11 14.68 -4.59 -156.00 122.00 248.00 495.00 -499.00 -1227.00 0
9667 51.90 10.23 -7.44 -103.00 89.00 219.00 495.00 -499.00 -1227.00 0
9676 59.69 2.99 -6.19 -61.00 57.00 225.00 495.00 -499.00 -1227.00 0
9686 66.37 4.73 -8.14 -109.00 45.00 196.00 495.00 -499.00 -1227.00 0
9695 75.06 22.47 -8.90 -109.00 50.00 204.00 502.00 -525.00 -1164.00 0
9704 75.62 44.38 -13.29 -77.00 52.00 181.00 502.00 -525.00 -1164.00 0
9713 73.04 70.75 -20.17 -149.00 74.00 174.00 502.00 -525.00 -1164.00 0
9722 71.79 99.90 -26.30 -177.00 89.00 169.00 502.00 -525.00 -1164.00 0
9732 72.42 126.40 -34.09 -182.00 132.00 111.00 502.00 -525.00 -1164.00 0
9742 82.50 178.43 -56.90 -195.00 173.00 101.00 502.00 -525.00 -1164.00 0
9751 88.21 204.87 -71.10 -145.00 194.00 27.00 502.00 -525.00 -1164.00 0
9760 88.97 223.10 -86.47 -235.00 162.00 -20.00 586.00 -497.00 -904.00 0
9769 79.93 230.05 -98.09 -212.00 126.00 19.00 586.00 -497.00 -904.00 0
9779 57.53 223.37 -97.67 -277.00 150.00 14.00 586.00 -497.00 -904.00 0
9789 -28.31 176.35 -54.47 -300.00 169.00 142.00 586.00 -497.00 -904.00 0
9798 -58.71 136.56 -42.16 -219.00 100.00 179.00 586.00 -497.00 -904.00 0
9807 -90.09 90.30 -27.20 -282.00 86.00 81.00 586.00 -497.00 -904.00 0
9817 -118.19 53.43 -4.80 -424.00 866.00 66.00 586.00 -497.00 -904.00 0
9826 -126.61 10.37 12.45 -409.00 -1096.00 -641.00 557.00 -460.00 -1115.00 0
9836 -248.63 -180.31 12.94 120.00 -505.00 218.00 557.00 -460.00 -1115.00 0
9845 -250.85 -248.49 21.01 -223.00 -381.00 20.00 557.00 -460.00 -1115.00 0
9854 -168.07 -251.97 57.46 -110.00 -139.00 84.00 557.00 -460.00 -1115.00 0
9865 -71.72 -248.28 73.81 10.00 199.00 256.00 557.00 -460.00 -1115.00 0
9874 13.57 -260.52 79.86 92.00 129.00 229.00 557.00 -460.00 -1115.00 0
9883 57.60 -270.33 74.09 51.00 113.00 206.00 557.00 -460.00 -1115.00 0
9892 87.65 -249.04 70.40 31.00 123.00 294.00 439.00 -543.00 -973.00 0
9902 91.83 -227.48 62.61 32.00 111.00 295.00 439.00 -543.00 -973.00 0
9912 81.60 -193.11 48.77 7.00 180.00 275.00 439.00 -543.00 -973.00 0
9921 69.36 -152.90 35.83 36.00 187.00 297.00 439.00 -543.00 -973.00 0
9930 55.23 -118.61 24.42 52.00 171.00 284.00 439.00 -543.00 -973.00 0
9939 8.49 -58.09 9.32 30.00 121.00 247.00 439.00 -543.00 -973.00 0
9949 -18.37 -26.30 5.43 10.00 57.00 243.00 439.00 -543.00 -973.00 0
9958 -40.97 4.52 3.06 -29.00 62.00 228.00 459.00 -525.00 -1081.00 0
9967 -57.04 33.18 1.04 -14.00 47.00 246.00 459.00 -525.00 -1081.00 0
9976 -67.13 54.68 -1.53 -33.00 78.00 244.00 459.00 -525.00 -1081.00 0
9986 -69.70 68.80 -2.43 -56.00 64.00 232.00 459.00 -525.00 -1081.00 0
9995 -60.38 76.10 0.49 -77.00 58.00 216.00 459.00 -525.00 -1081.00 0
10004 -48.42 70.26 4.94 -95.00 71.00 230.00 459.00 -525.00 -1081.00 0
10014 -33.18 58.30 9.39 -106.00 78.00 231.00 459.00 -525.00 -1081.00 0
10023 -18.30 42.02 12.38 -97.00 83.00 235.00 474.00 -526.00 -1127.00 0
10033 -3.83 23.44 14.12 -96.00 94.00 229.00 474.00 -526.00 -1127.00 0
10042 17.04 -11.83 14.89 -394.00 -54.00 -298.00 474.00 -526.00 -1127.00 0
10051 41.18 -39.44 10.16 -62.00 37.00 290.00 474.00 -526.00 -1127.00 0
10060 91.76 -92.24 9.18 -128.00 212.00 272.00 474.00 -526.00 -1127.00 0
10071 106.85 -130.50 13.01 -82.00 59.00 244.00 474.00 -526.00 -1127.00 0
10080 118.19 -154.02 13.22 -67.00 93.00 227.00 474.00 -526.00 -1127.00 0
10089 140.10 -163.76 22.40 -61.00 137.00 255.00 397.00 -595.00 -1137.00 0
10098 154.37 -148.24 27.13 -79.00 153.00 233.00 397.00 -595.00 -1137.00 0
10108 141.43 -129.53 28.59 -65.00 157.00 201.00 397.00 -595.00 -1137.00 0
10118 124.03 -111.58 28.80 -51.00 152.00 181.00 397.00 -595.00 -1137.00 0
10127 106.02 -94.47 28.03 -34.00 167.00 169.00 397.00 -595.00 -1137.00 0
10137 86.75 -59.62 24.83 -2.00 148.00 122.00 397.00 -595.00 -1137.00 0
10146 45.77 -40.56 20.45 -34.00 156.00 175.00 397.00 -595.00 -1137.00 0
10156 18.23 -26.92 14.47 -62.00 142.00 234.00 385.00 -606.00 -1051.00 0
10165 2.71 -19.48 8.97 -63.00 132.00 218.00 385.00 -606.00 -1051.00 0
10174 -4.52 -15.30 4.31 -51.00 122.00 187.00 385.00 -606.00 -1051.00 0
10184 -14.61 -11.06 -1.88 -40.00 135.00 202.00 385.00 -606.00 -1051.00 0
10193 -36.80 -2.92 -15.93 -30.00 133.00 199.00 385.00 -606.00 -1051.00 0
10203 -49.46 0.90 -19.34 -39.00 123.00 167.00 385.00 -606.00 -1051.00 0
10212 -62.19 5.36 -20.94 -43.00 92.00 149.00 385.00 -606.00 -1051.00 0
10221 -71.44 9.81 -22.12 -33.00 88.00 181.00 405.00 -572.00 -1038.00 0
10230 -71.86 12.10 -24.63 -65.00 98.00 161.00 405.00 -572.00 -1038.00 0
10241 -42.85 5.91 -30.12 -55.00 92.00 154.00 405.00 -572.00 -1038.00 0
10250 -18.92 -1.11 -35.20 -175.00 -74.00 114.00 405.00 -572.00 -1038.00 0
10259 5.43 -4.73 -48.21 -46.00 121.00 215.00 405.00 -572.00 -1038.00 0
10268 18.57 -12.24 -56.63 -77.00 173.00 236.00 405.00 -572.00 -1038.00 0
10277 21.22 -22.68 -53.91 -80.00 144.00 254.00 405.00 -572.00 -1038.00 0
10287 21.50 -29.57 -46.82 -65.00 171.00 247.00 407.00 -567.00 -1345.00 0
10297 8.77 -36.73 -35.83 -62.00 158.00 223.00 407.00 -567.00 -1345.00 0
10306 -1.11 -36.87 -31.37 -46.00 153.00 205.00 407.00 -567.00 -1345.00 0
10315 -15.03 -34.78 -30.12 -45.00 119.00 177.00 407.00 -567.00 -1345.00 0
10324 -29.98 -33.39 -34.23 -54.00 105.00 156.00 407.00 -567.00 -1345.00 0
10335 -39.58 -36.03 -40.83 38.00 53.00 172.00 407.00 -567.00 -1345.00 0
10344 -47.30 -44.59 -52.66 -40.00 87.00 203.00 407.00 -567.00 -1345.00 0
10353 -51.41 -47.86 -59.83 -42.00 113.00 239.00 409.00 -527.00 -1189.00 0
10362 -56.90 -48.97 -65.18 52.00 50.00 226.00 409.00 -527.00 -1189.00 0
10372 -63.86 -53.29 -70.75 35.00 20.00 267.00 409.00 -527.00 -1189.00 0
10381 -71.10 -63.72 -73.95 -41.00 51.00 282.00 409.00 -527.00 -1189.00 0
10391 -69.63 -70.54 -56.70 -18.00 74.00 251.00 409.00 -527.00 -1189.00 0
10400 -61.01 -66.64 -44.10 -32.00 103.00 229.00 409.00 -527.00 -1189.00 0
10409 -53.29 -60.31 -34.43 -40.00 107.00 243.00 409.00 -527.00 -1189.00 0
10419 -50.92 -56.49 -27.97 -27.00 91.00 216.00 390.00 -495.00 -960.00 0
10428 -50.23 -54.05 -24.14 -22.00 83.00 215.00 390.00 -495.00 -960.00 0
10438 -48.83 -49.53 -22.47 -38.00 51.00 220.00 390.00 -495.00 -960.00 0
10447 -39.79 -35.90 -22.47 -23.00 67.00 197.00 390.00 -495.00 -960.00 0
10457 -32.35 -30.61 -19.34 -33.00 76.00 222.00 390.00 -495.00 -960.00 0
10466 -25.74 -28.45 -11.62 -8.00 41.00 222.00 390.00 -495.00 -960.00 0
10475 -20.73 -23.37 -3.90 13.00 42.00 261.00 390.00 -495.00 -960.00 0
10484 -19.20 -14.75 0.35 -7.00 23.00 282.00 393.00 -493.00 -978.00 0
10493 -22.54 0.70 10.78 -7.00 8.00 299.00 393.00 -493.00 -978.00 0
10503 -23.23 7.03 12.80 -11.00 18.00 291.00 393.00 -493.00 -978.00 0
10512 -23.10 16.28 12.03 -95.00 25.00 251.00 393.00 -493.00 -978.00 0
10521 -24.63 25.67 9.46 -29.00 42.00 273.00 393.00 -493.00 -978.00 0
10530 -29.91 29.22 -0.49 -5.00 37.00 260.00 393.00 -493.00 -978.00 0
10540 -43.06 23.58 -15.44 -5.00 43.00 253.00 393.00 -493.00 -978.00 0
10549 -75.62 10.02 -39.37 -17.00 54.00 252.00 415.00 -458.00 -1145.00 0
10559 -86.68 5.08 -47.37 -23.00 61.00 253.00 415.00 -458.00 -1145.00 0
10568 -92.24 2.85 -54.12 -33.00 65.00 246.00 415.00 -458.00 -1145.00 0
10577 -92.87 1.95 -58.37 -25.00 54.00 235.00 415.00 -458.00 -1145.00 0
10587 -90.71 0.83 -60.87 -23.00 25.00 232.00 415.00 -458.00 -1145.00 0
10596 -86.96 -0.63 -61.57 -16.00 14.00 226.00 415.00 -458.00 -1145.00 0
10605 -70.47 2.02 -62.89 -28.00 9.00 232.00 415.00 -458.00 -1145.00 0
10614 -58.16 6.75 -63.10 -29.00 17.00 234.00 438.00 -407.00 -917.00 0
10624 -46.75 10.92 -64.07 -28.00 22.00 218.00 438.00 -407.00 -917.00 0
10634 -40.42 12.80 -69.84 -40.00 45.00 235.00 438.00 -407.00 -917.00 0
10643 -40.56 10.92 -79.51 -19.00 19.00 224.00 438.00 -407.00 -917.00 0
10652 -45.63 -8.97 -104.28 -38.00 39.00 221.00 438.00 -407.00 -917.00 0
10661 -56.21 -17.25 -112.70 -29.00 40.00 229.00 438.00 -407.00 -917.00 0
10671 -64.07 -24.21 -118.54 -16.00 31.00 209.00 438.00 -407.00 -917.00 0
10680 -72.07 -29.50 -121.39 -21.00 34.00 203.00 451.00 -328.00 -1041.00 0
10690 -77.57 -32.28 -120.77 -34.00 25.00 212.00 451.00 -328.00 -1041.00 0
10699 -83.20 -31.44 -117.84 -40.00 10.00 228.00 451.00 -328.00 -1041.00 0
10708 -91.13 -25.39 -114.09 -69.00 28.00 233.00 451.00 -328.00 -1041.00 0
10718 -90.71 -22.33 -113.04 -71.00 5.00 243.00 451.00 -328.00 -1041.00 0
10727 -92.03 -19.76 -113.60 -74.00 -9.00 255.00 451.00 -328.00 -1041.00 0
10737 -94.54 -18.43 -118.26 -60.00 0.00 249.00 451.00 -328.00 -1041.00 0
10746 -97.46 -18.09 -126.40 -53.00 -13.00 232.00 455.00 -221.00 -1121.00 0
10756 -120.21 -14.96 -152.49 -38.00 -39.00 227.00 455.00 -221.00 -1121.00 0
10765 -134.12 -14.68 -168.63 -11.00 -62.00 220.00 455.00 -221.00 -1121.00 0
10775 -144.28 -14.82 -181.63 -9.00 -57.00 213.00 455.00 -221.00 -1121.00 0
10784 -150.19 -13.01 -188.17 -28.00 -67.00 209.00 455.00 -221.00 -1121.00 0
10793 -156.03 -9.04 -190.26 -47.00 -93.00 219.00 455.00 -221.00 -1121.00 0
10803 -158.89 -1.39 -183.79 -54.00 -107.00 223.00 455.00 -221.00 -1121.00 0
10813 -149.63 -0.83 -174.61 -76.00 -111.00 217.00 439.00 -69.00 -1125.00 0
10822 -137.53 -0.21 -164.38 -38.00 -111.00 194.00 439.00 -69.00 -1125.00 0
10831 -129.60 3.69 -157.08 0.00 -127.00 171.00 439.00 -69.00 -1125.00 0
10841 -123.62 9.53 -150.61 32.00 -119.00 147.00 439.00 -69.00 -1125.00 0
10850 -112.28 11.62 -126.12 51.00 -94.00 135.00 439.00 -69.00 -1125.00 0
10860 -89.25 12.03 -112.42 43.00 -119.00 163.00 439.00 -69.00 -1125.00 0
10869 -83.76 14.54 -99.90 -5.00 -141.00 209.00 439.00 -69.00 -1125.00 0
10878 -80.83 16.97 -88.83 -57.00 -135.00 212.00 438.00 -2.00 -1132.00 0
10888 -81.25 18.71 -81.46 -93.00 -141.00 220.00 438.00 -2.00 -1132.00 0
10897 -84.38 18.92 -78.47 -115.00 -144.00 214.00 438.00 -2.00 -1132.00 0
10906 -88.21 18.71 -76.03 -118.00 -138.00 206.00 438.00 -2.00 -1132.00 0
10915 -91.48 20.80 -81.04 -88.00 -133.00 186.00 438.00 -2.00 -1132.00 0
10925 -97.11 24.83 -89.18 -37.00 -158.00 176.00 438.00 -2.00 -1132.00 0
10935 -103.65 30.68 -96.35 -17.00 -132.00 160.00 438.00 -2.00 -1132.00 0
10944 -107.55 38.12 -102.89 -24.00 -137.00 152.00 428.00 100.00 -1047.00 0
10953 -107.83 51.76 -117.63 -50.00 -155.00 153.00 428.00 100.00 -1047.00 0
10962 -103.30 56.63 -124.59 -122.00 -180.00 163.00 428.00 100.00 -1047.00 0
10973 -94.75 64.07 -131.20 -151.00 -182.00 169.00 428.00 100.00 -1047.00 0
10982 -83.55 70.61 -137.25 -156.00 -191.00 167.00 428.00 100.00 -1047.00 0
10991 -71.37 75.13 -140.80 -123.00 -173.00 157.00 428.00 100.00 -1047.00 0
11001 -53.01 78.54 -140.66 -70.00 -156.00 151.00 428.00 100.00 -1047.00 0
11011 -48.63 77.77 -133.84 -7.00 -150.00 177.00 403.00 187.00 -1219.00 0
11020 -47.58 76.66 -122.43 7.00 -134.00 175.00 403.00 187.00 -1219.00 0
11029 -49.32 75.76 -108.17 31.00 -164.00 195.00 403.00 187.00 -1219.00 0
11039 -53.08 73.18 -94.96 -14.00 -174.00 205.00 403.00 187.00 -1219.00 0
11048 -58.23 58.99 -78.75 -20.00 -197.00 198.00 403.00 187.00 -1219.00 0
11058 -60.24 48.42 -76.38 -88.00 -183.00 182.00 403.00 187.00 -1219.00 0
11067 -56.35 37.63 -76.03 -61.00 -198.00 167.00 403.00 187.00 -1219.00 0
11076 -52.87 32.14 -74.30 -38.00 -184.00 174.00 403.00 187.00 -1219.00 0
11086 -49.95 31.65 -66.57 10.00 -174.00 184.00 403.00 187.00 -1219.00 0
11096 -48.70 35.76 -54.96 17.00 -166.00 183.00 403.00 187.00 -1219.00 0
11105 -52.66 47.65 -21.08 8.00 -165.00 172.00 403.00 187.00 -1219.00 0
11114 -54.26 53.91 -4.80 -34.00 -206.00 152.00 403.00 187.00 -1219.00 0
11123 -54.61 62.82 3.41 -1.00 -177.00 199.00 403.00 187.00 -1219.00 0
11132 -57.53 84.94 -2.09 -35.00 -196.00 177.00 403.00 187.00 -1219.00 0
11143 -54.68 99.34 -12.24 -55.00 -192.00 158.00 403.00 187.00 -1219.00 0
11152 -38.33 104.56 -34.16 -62.00 -214.00 152.00 403.00 187.00 -1219.00 0
11161 -31.10 103.44 -40.35 -72.00 -222.00 145.00 403.00 187.00 -1219.00 0
11170 -26.78 105.60 -43.06 -48.00 -208.00 159.00 403.00 187.00 -1219.00 0
11180 -24.97 111.51 -42.37 -65.00 -219.00 180.00 403.00 187.00 -1219.00 0
11190 -23.23 116.31 -39.86 -61.00 -226.00 182.00 403.00 187.00 -1219.00 0
11199 -18.30 106.99 -30.26 -55.00 -219.00 187.00 403.00 187.00 -1219.00 0
11208 -17.53 94.89 -26.16 -52.00 -218.00 187.00 403.00 187.00 -1219.00 0
11217 -16.42 81.18 -24.07 -61.00 -224.00 186.00 403.00 187.00 -1219.00 0
11228 -14.96 66.57 -23.58 -58.00 -228.00 176.00 403.00 187.00 -1219.00 0
11237 -13.22 50.30 -25.46 -50.00 -221.00 173.00 403.00 187.00 -1219.00 0
11246 -11.69 35.34 -33.53 -63.00 -222.00 152.00 403.00 187.00 -1219.00 0
11255 -9.53 15.72 -35.69 -73.00 -225.00 139.00 403.00 187.00 -1219.00 0
11265 -10.02 9.53 -36.24 -67.00 -216.00 138.00 403.00 187.00 -1219.00 0
11275 -12.24 6.82 -35.34 -50.00 -195.00 132.00 403.00 187.00 -1219.00 0
11284 -15.93 8.56 -34.02 -41.00 -190.00 137.00 403.00 187.00 -1219.00 0
11293 -20.66 11.97 -31.58 -25.00 -190.00 132.00 403.00 187.00 -1219.00 0
11302 -27.06 14.54 -26.30 -19.00 -176.00 139.00 403.00 187.00 -1219.00 0
11312 -25.74 13.98 -23.37 -20.00 -176.00 137.00 403.00 187.00 -1219.00 0
11322 -21.57 13.84 -20.45 -38.00 -198.00 140.00 403.00 187.00 -1219.00 0
11331 -14.54 13.22 -17.53 -42.00 -214.00 149.00 403.00 187.00 -1219.00 0
11340 -6.40 10.92 -15.10 -46.00 -219.00 161.00 403.00 187.00 -1219.00 0
11350 7.65 13.22 -15.86 -58.00 -236.00 149.00 403.00 187.00 -1219.00 0
11359 12.59 16.77 -18.64 -54.00 -242.00 153.00 403.00 187.00 -1219.00 0
11368 14.96 20.38 -21.77 -54.00 -242.00 138.00 403.00 187.00 -1219.00 0
11378 14.75 23.51 -24.21 -43.00 -226.00 144.00 403.00 187.00 -1219.00 0
11387 11.06 24.90 -23.65 -31.00 -199.00 150.00 403.00 187.00 -1219.00 0
11397 5.01 26.23 -19.34 -533.00 -725.00 1010.00 403.00 187.00 -1219.00 0
11406 -17.11 22.61 -12.80 69.00 -134.00 122.00 403.00 187.00 -1219.00 0
11415 -44.59 20.24 -16.90 -11.00 -356.00 146.00 403.00 187.00 -1219.00 0
11425 -66.09 24.70 -18.37 -33.00 -189.00 149.00 403.00 187.00 -1219.00 0
11435 -65.67 34.43 -15.86 -86.00 -231.00 86.00 403.00 187.00 -1219.00 0
11444 -62.82 37.84 -10.50 -44.00 -216.00 138.00 403.00 187.00 -1219.00 0
11453 -55.72 35.41 0.70 -38.00 -201.00 109.00 403.00 187.00 -1219.00 0
11462 -51.55 34.16 3.13 -36.00 -199.00 144.00 403.00 187.00 -1219.00 0
11471 -45.84 32.97 3.48 -48.00 -216.00 150.00 403.00 187.00 -1219.00 0
11482 -40.00 30.61 3.55 -45.00 -206.00 126.00 403.00 187.00 -1219.00 0
11491 -34.85 28.10 3.41 -53.00 -209.00 149.00 403.00 187.00 -1219.00 0
11500 -29.84 28.66 2.16 -15.00 -195.00 134.00 403.00 187.00 -1219.00 0
11509 -26.50 31.58 0.42 -50.00 -220.00 134.00 403.00 187.00 -1219.00 0
11518 -20.94 32.63 -3.69 -64.00 -235.00 149.00 403.00 187.00 -1219.00 0
11528 -14.33 33.32 -8.14 -97.00 -286.00 184.00 403.00 187.00 -1219.00 0
11538 -10.37 33.67 -12.38 -50.00 -199.00 73.00 403.00 187.00 -1219.00 0
11547 -9.11 34.50 -16.49 -67.00 -230.00 160.00 403.00 187.00 -1219.00 0
11556 -5.57 35.76 -20.66 -67.00 -222.00 142.00 403.00 187.00 -1219.00 0
11566 -4.24 35.48 -21.08 -17.00 -165.00 85.00 403.00 187.00 -1219.00 0
11575 -3.48 32.83 -20.94 -43.00 -206.00 130.00 403.00 187.00 -1219.00 0
11584 -3.69 30.89 -20.59 -78.00 -245.00 157.00 403.00 187.00 -1219.00 0
11593 -3.76 28.38 -20.17 -41.00 -222.00 168.00 403.00 187.00 -1219.00 0
11603 -3.41 24.14 -18.23 -37.00 -199.00 112.00 403.00 187.00 -1219.00 0
11613 -13.43 22.26 -13.98 -47.00 -216.00 117.00 403.00 187.00 -1219.00 0
11622 -27.06 20.87 -8.97 -63.00 -276.00 213.00 403.00 187.00 -1219.00 0
11631 -34.57 18.85 -6.68 -35.00 -200.00 108.00 403.00 187.00 -1219.00 0
11640 -37.77 16.49 -5.91 -15.00 -199.00 110.00 403.00 187.00 -1219.00 0
11650 -37.70 14.96 -7.44 -34.00 -219.00 91.00 403.00 187.00 -1219.00 0
11659 -35.41 10.23 -8.77 -45.00 -215.00 111.00 403.00 187.00 -1219.00 0
11669 -31.65 7.03 -6.26 -62.00 -216.00 119.00 403.00 187.00 -1219.00 0
11678 -26.99 4.59 -2.92 -73.00 -213.00 110.00 403.00 187.00 -1219.00 0
11687 -24.28 4.03 -0.49 -66.00 -219.00 94.00 403.00 187.00 -1219.00 0
11697 -22.68 3.62 0.56 -63.00 -209.00 113.00 403.00 187.00 -1219.00 0
11706 -19.48 3.27 -0.14 -45.00 -218.00 108.00 403.00 187.00 -1219.00 0
11715 -20.52 0.49 -0.97 -24.00 -216.00 112.00 403.00 187.00 -1219.00 0
11724 -26.78 -0.97 -2.71 -88.00 -249.00 163.00 403.00 187.00 -1219.00 0
11734 -37.63 -0.56 -4.59 -36.00 -129.00 87.00 403.00 187.00 -1219.00 0
11743 -57.25 2.09 -6.33 -76.00 -172.00 127.00 403.00 187.00 -1219.00 0
11752 -89.81 4.10 -9.81 -6.00 -115.00 -41.00 403.00 187.00 -1219.00 0
11762 -155.13 -2.02 -26.99 -47.00 -202.00 100.00 403.00 187.00 -1219.00 0
11771 -172.38 -6.47 -39.58 -80.00 -276.00 138.00 403.00 187.00 -1219.00 0
11781 -187.48 -10.64 -50.78 -69.00 -410.00 204.00 403.00 187.00 -1219.00 0
11790 -178.37 -17.88 -68.03 -142.00 -415.00 -65.00 403.00 187.00 -1219.00 0
11799 -142.19 -20.73 -76.73 -83.00 -389.00 -75.00 403.00 187.00 -1219.00 0
11809 -112.63 -23.51 -54.61 -70.00 -280.00 39.00 403.00 187.00 -1219.00 0
11819 -72.07 -29.57 -36.03 -32.00 -192.00 -40.00 403.00 187.00 -1219.00 0
11828 -57.11 -31.51 -17.46 -25.00 -299.00 213.00 403.00 187.00 -1219.00 0
11837 -45.84 -30.33 -2.02 21.00 -303.00 211.00 403.00 187.00 -1219.00 0
11846 -36.52 -29.15 7.93 -113.00 -455.00 178.00 403.00 187.00 -1219.00 0
11856 -29.70 -27.76 14.26 -32.00 -271.00 0.00 403.00 187.00 -1219.00 0
11866 -21.91 -27.27 20.38 2.00 -206.00 50.00 403.00 187.00 -1219.00 0
11875 -18.57 -28.66 19.97 -33.00 -308.00 160.00 403.00 187.00 -1219.00 0
11884 -16.97 -28.94 17.67 -70.00 -305.00 38.00 403.00 187.00 -1219.00 0
11893 -15.72 -27.62 12.73 21.00 -201.00 14.00 403.00 187.00 -1219.00 0
11902 -13.91 -26.37 6.05 4.00 -248.00 84.00 403.00 187.00 -1219.00 0
11912 -12.94 -22.26 -7.23 -15.00 -254.00 84.00 403.00 187.00 -1219.00 0
11922 -10.78 -19.90 -10.57 -13.00 -268.00 70.00 403.00 187.00 -1219.00 0
11931 -9.74 -18.43 -11.41 -19.00 -265.00 67.00 403.00 187.00 -1219.00 0
11940 -8.63 -16.97 -9.32 -14.00 -261.00 80.00 403.00 187.00 -1219.00 0
11950 -7.51 -14.82 -6.05 -33.00 -254.00 70.00 403.00 187.00 -1219.00 0
11959 -6.47 -11.27 -1.88 -35.00 -256.00 66.00 403.00 187.00 -1219.00 0
11968 -5.15 -8.21 4.66 -30.00 -254.00 74.00 403.00 187.00 -1219.00 0
11977 -4.80 -7.58 6.05 -40.00 -251.00 67.00 403.00 187.00 -1219.00 0
11986 -4.38 -5.77 6.12 -38.00 -251.00 72.00 403.00 187.00 -1219.00 0
11996 -4.17 -4.52 4.87 -36.00 -253.00 67.00 403.00 187.00 -1219.00 0
12005 -4.10 -3.97 2.78 -34.00 -255.00 70.00 403.00 187.00 -1219.00 0
12014 -4.10 -3.34 0.49 -31.00 -255.00 67.00 403.00 187.00 -1219.00 0
12023 -4.03 -2.02 -3.62 -30.00 -255.00 67.00 403.00 187.00 -1219.00 0
12033 -3.97 -1.88 -4.73 -31.00 -256.00 70.00 403.00 187.00 -1219.00 0
12042 -3.97 -1.67 -5.01 -29.00 -257.00 73.00 403.00 187.00 -1219.00 0
12051 -3.90 -1.39 -4.66 -32.00 -256.00 64.00 403.00 187.00 -1219.00 0
12060 -3.83 -1.18 -3.62 -34.00 -254.00 72.00 536.00 490.00 -1000.00 0
12069 -3.76 -0.97 -2.30 -34.00 -258.00 72.00 536.00 490.00 -1000.00 0
12079 -3.55 -0.70 -0.83 -34.00 -256.00 74.00 536.00 490.00 -1000.00 0
12088 -3.55 -0.77 -0.70 -30.00 -254.00 68.00 536.00 490.00 -1000.00 0
12097 -3.55 -0.97 -0.90 -34.00 -255.00 68.00 536.00 490.00 -1000.00 0
12106 -3.62 -1.04 -1.32 -35.00 -256.00 70.00 536.00 490.00 -1000.00 0
12115 -3.69 -1.11 -1.67 -33.00 -255.00 68.00 536.00 490.00 -1000.00 0
12125 -3.69 -1.18 -1.88 -33.00 -253.00 68.00 534.00 492.00 -1113.00 0
12134 -3.69 -1.25 -2.23 -34.00 -254.00 69.00 534.00 492.00 -1113.00 0
12143 -3.69 -1.25 -2.23 -28.00 -258.00 69.00 534.00 492.00 -1113.00 0
12152 -3.69 -1.18 -2.23 -32.00 -253.00 71.00 534.00 492.00 -1113.00 0
12163 -3.62 -1.11 -2.09 -30.00 -255.00 68.00 534.00 492.00 -1113.00 0
12172 -3.62 -1.04 -1.81 -34.00 -254.00 70.00 534.00 492.00 -1113.00 0
12181 -3.55 -0.97 -1.60 -34.00 -255.00 70.00 534.00 492.00 -1113.00 0
12190 -3.55 -0.90 -1.39 -35.00 -256.00 71.00 537.00 492.00 -1018.00 0
12199 -3.55 -0.97 -1.39 -35.00 -254.00 69.00 537.00 492.00 -1018.00 0
12209 -3.62 -0.97 -1.53 -29.00 -257.00 70.00 537.00 492.00 -1018.00 0
12218 -3.62 -1.04 -1.74 -34.00 -254.00 71.00 537.00 492.00 -1018.00 0
12227 -3.62 -1.11 -1.88 -30.00 -255.00 69.00 537.00 492.00 -1018.00 0
12236 -3.62 -1.11 -1.95 -34.00 -254.00 66.00 537.00 492.00 -1018.00 0
12246 -3.62 -1.04 -1.95 -32.00 -254.00 68.00 537.00 492.00 -1018.00 0
12255 -3.62 -1.11 -1.95 -33.00 -256.00 69.00 534.00 494.00 -1074.00 0
12264 -3.62 -1.11 -1.95 -32.00 -253.00 68.00 534.00 494.00 -1074.00 0
12273 -3.62 -1.11 -1.88 -34.00 -252.00 66.00 534.00 494.00 -1074.00 0
12282 -3.69 -1.11 -1.81 -31.00 -256.00 69.00 534.00 494.00 -1074.00 0
12292 -3.69 -1.11 -1.74 -33.00 -255.00 69.00 534.00 494.00 -1074.00 0
12301 -3.69 -1.04 -1.60 -35.00 -255.00 69.00 534.00 494.00 -1074.00 0
12310 -3.69 -1.04 -1.60 -34.00 -255.00 68.00 534.00 494.00 -1074.00 0
12319 -3.69 -1.04 -1.67 -30.00 -254.00 68.00 534.00 488.00 -1010.00 0
12328 -3.69 -1.11 -1.74 -31.00 -256.00 68.00 534.00 488.00 -1010.00 0
12338 -3.76 -1.11 -1.81 -30.00 -256.00 69.00 534.00 488.00 -1010.00 0
12347 -3.69 -1.18 -1.81 -33.00 -258.00 72.00 534.00 488.00 -1010.00 0
12356 -3.69 -1.11 -1.81 -32.00 -258.00 69.00 534.00 488.00 -1010.00 0
12365 -3.69 -1.11 -1.74 -32.00 -254.00 71.00 534.00 488.00 -1010.00 0
12375 -3.62 -1.11 -1.74 -31.00 -256.00 73.00 534.00 488.00 -1010.00 0
12384 -3.62 -1.04 -1.67 -32.00 -252.00 68.00 534.00 488.00 -1010.00 0
12393 -3.62 -1.04 -1.60 -31.00 -255.00 66.00 534.00 488.00 -1010.00 0
12402 -3.55 -1.04 -1.60 -31.00 -253.00 68.00 534.00 488.00 -1010.00 0
12411 -3.62 -1.04 -1.60 -34.00 -254.00 66.00 534.00 488.00 -1010.00 0
12421 -3.62 -1.04 -1.67 -32.00 -258.00 72.00 534.00 488.00 -1010.00 0
12430 -3.62 -1.11 -1.67 -32.00 -256.00 74.00 534.00 488.00 -1010.00 0
12439 -3.62 -1.11 -1.67 -32.00 -256.00 67.00 534.00 488.00 -1010.00 0
12448 -3.62 -1.11 -1.81 -34.00 -255.00 70.00 534.00 488.00 -1010.00 0
12457 -3.62 -1.11 -1.81 -29.00 -256.00 67.00 534.00 488.00 -1010.00 0
12467 -3.55 -1.11 -1.88 -33.00 -256.00 68.00 534.00 488.00 -1010.00 0
12476 -3.48 -1.11 -1.81 -33.00 -252.00 64.00 534.00 488.00 -1010.00 0
12485 -3.48 -1.11 -1.81 -31.00 -255.00 69.00 534.00 488.00 -1010.00 0
12494 -3.48 -1.04 -1.81 -31.00 -253.00 69.00 534.00 488.00 -1010.00 0
12504 -3.48 -1.04 -1.74 -32.00 -253.00 68.00 534.00 488.00 -1010.00 0
12514 -3.55 -0.97 -1.74 -30.00 -256.00 71.00 534.00 488.00 -1010.00 0
12523 -3.55 -0.97 -1.74 -31.00 -258.00 71.00 534.00 488.00 -1010.00 0
12532 -3.62 -0.97 -1.74 -32.00 -254.00 67.00 534.00 488.00 -1010.00 0
12541 -3.62 -0.97 -1.74 -32.00 -254.00 69.00 534.00 488.00 -1010.00 0
12551 -3.62 -1.04 -1.74 -31.00 -255.00 66.00 534.00 488.00 -1010.00 0
12560 -3.62 -1.04 -1.67 -34.00 -254.00 65.00 534.00 488.00 -1010.00 0
12569 -3.62 -1.04 -1.74 -31.00 -256.00 68.00 534.00 488.00 -1010.00 0
12578 -3.69 -1.04 -1.74 -33.00 -255.00 69.00 534.00 488.00 -1010.00 0
12588 -3.69 -1.04 -1.74 -33.00 -254.00 69.00 534.00 488.00 -1010.00 0
12597 -3.69 -1.04 -1.74 -32.00 -256.00 72.00 534.00 488.00 -1010.00 0
12606 -3.69 -1.04 -1.67 -29.00 -254.00 69.00 534.00 488.00 -1010.00 0
12615 -3.69 -1.04 -1.67 -32.00 -258.00 69.00 534.00 488.00 -1010.00 0
12624 -3.69 -1.04 -1.74 -33.00 -253.00 69.00 534.00 488.00 -1010.00 0
12634 -3.62 -1.11 -1.81 -29.00 -254.00 68.00 534.00 488.00 -1010.00 0
12643 -3.62 -1.11 -1.81 -32.00 -258.00 69.00 534.00 488.00 -1010.00 0
12652 -3.62 -1.04 -1.74 -31.00 -256.00 71.00 534.00 488.00 -1010.00 0
12661 -3.62 -1.04 -1.74 -29.00 -253.00 65.00 534.00 488.00 -1010.00 0
12670 -3.62 -1.04 -1.74 -31.00 -256.00 67.00 534.00 488.00 -1010.00 0
12680 -3.62 -1.04 -1.67 -33.00 -257.00 68.00 534.00 488.00 -1010.00 0
12689 -3.62 -0.97 -1.67 -33.00 -256.00 67.00 534.00 488.00 -1010.00 0
12698 -3.62 -1.04 -1.67 -31.00 -256.00 68.00 534.00 488.00 -1010.00 0
12707 -3.62 -1.04 -1.67 -31.00 -254.00 67.00 534.00 488.00 -1010.00 0
12717 -3.62 -1.04 -1.67 -34.00 -253.00 65.00 533.00 491.00 -1055.00 0
12726 -3.62 -1.11 -1.74 -32.00 -256.00 68.00 533.00 491.00 -1055.00 0
12735 -3.62 -1.11 -1.74 -31.00 -254.00 68.00 533.00 491.00 -1055.00 0
12744 -3.62 -1.11 -1.74 -29.00 -255.00 68.00 533.00 491.00 -1055.00 0
12753 -3.69 -1.11 -1.74 -28.00 -256.00 72.00 533.00 491.00 -1055.00 0
12763 -3.62 -1.04 -1.67 -34.00 -256.00 68.00 533.00 491.00 -1055.00 0
12772 -3.62 -1.04 -1.67 -30.00 -253.00 69.00 533.00 491.00 -1055.00 0
12781 -3.62 -1.04 -1.67 -32.00 -257.00 69.00 538.00 494.00 -982.00 0
12790 -3.62 -1.04 -1.67 -33.00 -256.00 73.00 538.00 494.00 -982.00 0
12800 -3.62 -1.11 -1.67 -30.00 -255.00 69.00 538.00 494.00 -982.00 0
12809 -3.62 -1.11 -1.74 -30.00 -257.00 70.00 538.00 494.00 -982.00 0
12818 -3.62 -1.04 -1.74 -31.00 -253.00 71.00 538.00 494.00 -982.00 0
12827 -3.55 -1.04 -1.74 -32.00 -256.00 70.00 538.00 494.00 -982.00 0
12836 -3.55 -1.11 -1.74 -31.00 -256.00 71.00 538.00 494.00 -982.00 0
12846 -3.62 -1.11 -1.74 -33.00 -255.00 68.00 534.00 492.00 -1240.00 0
12855 -3.55 -1.11 -1.74 -34.00 -250.00 66.00 534.00 492.00 -1240.00 0
12864 -3.55 -1.04 -1.74 -34.00 -256.00 68.00 534.00 492.00 -1240.00 0
12873 -3.55 -1.04 -1.74 -31.00 -257.00 71.00 534.00 492.00 -1240.00 0
12882 -3.55 -1.04 -1.74 -30.00 -256.00 71.00 534.00 492.00 -1240.00 0
12892 -3.55 -1.04 -1.67 -32.00 -255.00 70.00 534.00 492.00 -1240.00 0
12901 -3.62 -1.04 -1.67 -32.00 -256.00 68.00 534.00 492.00 -1240.00 0
12910 -3.62 -1.04 -1.60 -31.00 -255.00 66.00 535.00 491.00 -1121.00 0
12919 -3.62 -1.04 -1.67 -31.00 -255.00 65.00 535.00 491.00 -1121.00 0
12929 -3.62 -1.04 -1.67 -33.00 -255.00 68.00 535.00 491.00 -1121.00 0
12939 -3.62 -1.04 -1.60 -27.00 -255.00 68.00 535.00 491.00 -1121.00 0
12948 -3.69 -1.04 -1.67 -30.00 -252.00 67.00 535.00 491.00 -1121.00 0
12957 -3.62 -1.04 -1.67 -32.00 -256.00 68.00 535.00 491.00 -1121.00 0
12966 -3.69 -1.04 -1.67 -32.00 -256.00 69.00 535.00 491.00 -1121.00 0
12976 -3.62 -1.04 -1.67 -32.00 -255.00 70.00 536.00 491.00 -967.00 0
12985 -3.69 -1.04 -1.67 -28.00 -255.00 67.00 536.00 491.00 -967.00 0
12994 -3.62 -1.04 -1.67 -35.00 -256.00 66.00 536.00 491.00 -967.00 0
13003 -3.62 -1.11 -1.67 -30.00 -256.00 70.00 536.00 491.00 -967.00 0
13011 -3.69 -1.11 -1.67 -31.00 -255.00 67.00 536.00 491.00 -967.00 0
13021 -3.62 -1.04 -1.67 -30.00 -255.00 66.00 536.00 491.00 -967.00 0
13030 -3.62 -1.04 -1.67 -37.00 -254.00 68.00 536.00 491.00 -967.00 0
13039 -3.62 -1.04 -1.67 -30.00 -255.00 70.00 536.00 491.00 -967.00 0
13048 -3.62 -1.11 -1.67 -32.00 -254.00 71.00 536.00 491.00 -967.00 0
13058 -3.62 -1.04 -1.67 -29.00 -256.00 66.00 536.00 491.00 -967.00 0
13067 -3.62 -1.04 -1.60 -33.00 -254.00 67.00 536.00 491.00 -967.00 0
13076 -3.62 -1.04 -1.60 -34.00 -255.00 66.00 536.00 491.00 -967.00 0
13085 -3.62 -1.04 -1.74 -31.00 -254.00 70.00 536.00 491.00 -967.00 0
13094 -3.62 -1.04 -1.74 -32.00 -256.00 70.00 536.00 491.00 -967.00 0
13104 -3.55 -1.04 -1.67 -33.00 -256.00 70.00 536.00 491.00 -967.00 0
13113 -3.55 -1.11 -1.67 -31.00 -255.00 66.00 536.00 491.00 -967.00 0
13122 -3.55 -1.11 -1.67 -33.00 -256.00 70.00 536.00 491.00 -967.00 0
13131 -3.62 -1.18 -1.60 -32.00 -256.00 66.00 536.00 491.00 -967.00 0
13140 -3.55 -1.18 -1.60 -33.00 -256.00 72.00 536.00 491.00 -967.00 0
13150 -3.62 -1.11 -1.60 -30.00 -255.00 72.00 536.00 491.00 -967.00 0
13159 -3.62 -1.11 -1.60 -32.00 -255.00 68.00 536.00 491.00 -967.00 0