251.00 -1097.00 0
10071 -9.67 -2.50 -1.32 -170.00 80.00 128.00 562.00 -251.00 -1097.00 0
10080 -9.74 -2.37 -1.88 -177.00 86.00 132.00 562.00 -246.00 -1223.00 0
10089 -8.97 -1.95 -2.09 -178.00 90.00 134.00 562.00 -246.00 -1223.00 0
10099 -7.93 -1.53 -2.16 -175.00 88.00 130.00 562.00 -246.00 -1223.00 0
10108 -5.70 -0.77 -1.39 -180.00 94.00 133.00 562.00 -246.00 -1223.00 0
10118 -4.94 -0.56 -0.97 -180.00 94.00 132.00 562.00 -246.00 -1223.00 0
10127 -4.45 -0.70 -0.63 -175.00 93.00 134.00 562.00 -246.00 -1223.00 0
10136 -4.10 -0.90 -0.28 -176.00 88.00 131.00 562.00 -246.00 -1223.00 0
10145 -4.03 -1.04 0.07 -177.00 92.00 133.00 562.00 -246.00 -1223.00 0
10155 -3.97 -1.11 0.28 -176.00 92.00 131.00 562.00 -246.00 -1223.00 0
10164 -4.38 -1.11 0.35 -180.00 95.00 131.00 562.00 -246.00 -1223.00 0
10173 -5.15 -1.11 0.21 -183.00 91.00 131.00 562.00 -246.00 -1223.00 0
10182 -6.26 -1.46 -0.07 -178.00 84.00 129.00 562.00 -246.00 -1223.00 0
10191 -7.37 -1.88 -0.42 -177.00 83.00 134.00 562.00 -246.00 -1223.00 0
10201 -7.65 -2.23 -0.63 -172.00 83.00 136.00 562.00 -246.00 -1223.00 0
10210 -7.44 -2.43 -0.56 -174.00 88.00 133.00 562.00 -246.00 -1223.00 0
10219 -6.82 -2.50 -0.21 -176.00 91.00 134.00 562.00 -246.00 -1223.00 0
10228 -6.82 -2.43 -0.07 -176.00 96.00 134.00 562.00 -246.00 -1223.00 0
10238 -7.03 -2.43 0.00 -178.00 104.00 136.00 562.00 -246.00 -1223.00 0
10248 -7.65 -2.57 0.28 -179.00 100.00 131.00 562.00 -246.00 -1223.00 0
10257 -8.70 -2.78 0.90 -182.00 104.00 134.00 562.00 -246.00 -1223.00 0
10266 -9.81 -3.20 1.74 -173.00 92.00 132.00 562.00 -246.00 -1223.00 0
10275 -14.47 -4.45 3.34 -156.00 68.00 126.00 562.00 -246.00 -1223.00 0
10285 -17.67 -3.83 2.71 -181.00 80.00 133.00 562.00 -246.00 -1223.00 0
10294 -18.23 -3.13 2.37 -197.00 100.00 158.00 562.00 -246.00 -1223.00 0
10303 -17.60 -5.08 2.50 -196.00 96.00 152.00 562.00 -246.00 -1223.00 0
10312 -17.81 -9.67 2.78 -182.00 95.00 148.00 562.00 -246.00 -1223.00 0
10322 -19.06 -22.47 3.83 -170.00 79.00 143.00 562.00 -246.00 -1223.00 0
10332 -19.97 -27.27 4.38 -174.00 78.00 146.00 562.00 -246.00 -1223.00 0
10341 -20.24 -31.17 4.87 -179.00 83.00 154.00 562.00 -246.00 -1223.00 0
10350 -19.69 -34.71 5.50 -190.00 88.00 163.00 562.00 -246.00 -1223.00 0
10359 -18.99 -38.54 6.12 -194.00 103.00 171.00 562.00 -246.00 -1223.00 0
10369 -18.50 -43.34 7.72 -217.00 114.00 189.00 562.00 -246.00 -1223.00 0
10379 -21.08 -59.41 8.90 -220.00 107.00 191.00 562.00 -246.00 -1223.00 0
10388 -24.90 -73.11 10.50 -200.00 93.00 182.00 562.00 -246.00 -1223.00 0
10397 -28.38 -87.93 12.59 -169.00 76.00 164.00 562.00 -246.00 -1223.00 0
10406 -30.40 -101.22 15.37 -135.00 67.00 142.00 562.00 -246.00 -1223.00 0
10416 -30.82 -111.17 18.57 -108.00 69.00 135.00 562.00 -246.00 -1223.00 0
10426 -27.13 -117.91 23.51 -87.00 71.00 132.00 562.00 -246.00 -1223.00 0
10435 -24.83 -114.64 23.93 -85.00 69.00 135.00 562.00 -246.00 -1223.00 0
10444 -22.82 -107.97 22.89 -83.00 68.00 144.00 562.00 -246.00 -1223.00 0
10454 -20.45 -98.57 21.22 -89.00 65.00 144.00 562.00 -246.00 -1223.00 0
10463 -17.32 -87.30 18.99 -94.00 78.00 151.00 562.00 -246.00 -1223.00 0
10473 -9.67 -61.63 13.29 -110.00 101.00 162.00 562.00 -246.00 -1223.00 0
10482 -7.17 -49.25 10.37 -122.00 91.00 172.00 562.00 -246.00 -1223.00 0
10491 -5.98 -38.05 7.86 -129.00 88.00 180.00 562.00 -246.00 -1223.00 0
10501 -5.22 -28.52 5.77 -135.00 91.00 179.00 562.00 -246.00 -1223.00 0
10510 -4.87 -20.94 3.97 -133.00 91.00 177.00 562.00 -246.00 -1223.00 0
10519 -4.31 -15.30 1.95 -136.00 93.00 180.00 562.00 -246.00 -1223.00 0
10528 -3.27 -8.49 1.60 -131.00 91.00 177.00 562.00 -246.00 -1223.00 0
10537 -3.20 -6.26 1.18 -129.00 87.00 179.00 562.00 -246.00 -1223.00 0
10548 -3.27 -4.24 0.77 -130.00 87.00 181.00 562.00 -246.00 -1223.00 0
10557 -3.27 -2.43 0.28 -128.00 83.00 180.00 562.00 -246.00 -1223.00 0
10566 -3.13 -0.83 -0.28 -128.00 75.00 183.00 562.00 -246.00 -1223.00 0
10575 -2.43 2.02 -1.32 -132.00 81.00 184.00 562.00 -246.00 -1223.00 0
10585 -1.60 3.06 -1.67 -137.00 89.00 179.00 562.00 -246.00 -1223.00 0
10594 -0.77 3.48 -2.02 -141.00 97.00 187.00 562.00 -246.00 -1223.00 0
10603 -0.21 3.27 -2.30 -147.00 99.00 186.00 562.00 -246.00 -1223.00 0
10612 -0.56 2.16 -2.43 -146.00 99.00 191.00 562.00 -246.00 -1223.00 0
10621 -1.60 0.14 -2.30 -139.00 97.00 183.00 562.00 -246.00 -1223.00 0
10631 -4.38 -5.63 -1.04 -134.00 93.00 178.00 562.00 -246.00 -1223.00 0
10640 -5.57 -8.56 -0.28 -130.00 93.00 178.00 562.00 -246.00 -1223.00 0
10649 -6.47 -11.20 0.42 -131.00 89.00 188.00 562.00 -246.00 -1223.00 0
10658 -7.23 -13.70 1.04 -129.00 90.00 179.00 562.00 -246.00 -1223.00 0
10668 -7.79 -16.14 1.60 -119.00 85.00 175.00 562.00 -246.00 -1223.00 0
10678 -8.00 -18.37 2.02 -115.00 79.00 169.00 562.00 -246.00 -1223.00 0
10687 -7.65 -19.76 2.30 -112.00 75.00 167.00 562.00 -246.00 -1223.00 0
10696 -6.82 -18.64 1.81 -109.00 73.00 171.00 562.00 -246.00 -1223.00 0
10705 -5.15 -16.28 1.11 -114.00 82.00 175.00 562.00 -246.00 -1223.00 0
10715 -3.13 -13.08 0.28 -123.00 89.00 180.00 562.00 -246.00 -1223.00 0
10724 -1.32 -9.46 -0.49 -125.00 90.00 179.00 562.00 -246.00 -1223.00 0
10733 0.14 -2.50 -1.60 -126.00 92.00 177.00 562.00 -246.00 -1223.00 0
10742 1.88 0.83 -1.81 -131.00 90.00 186.00 562.00 -246.00 -1223.00 0
10752 2.57 3.90 -1.81 -139.00 101.00 190.00 562.00 -246.00 -1223.00 0
10761 2.71 5.57 -1.60 -139.00 100.00 186.00 562.00 -246.00 -1223.00 0
10770 2.23 5.43 -1.18 -128.00 96.00 180.00 562.00 -246.00 -1223.00 0
10780 1.32 4.03 -0.70 -126.00 95.00 173.00 562.00 -246.00 -1223.00 0
10789 -0.28 1.46 -0.28 -126.00 91.00 176.00 562.00 -246.00 -1223.00 0
10799 -0.90 0.97 -0.42 -121.00 91.00 177.00 562.00 -246.00 -1223.00 0
10808 -1.39 0.83 -0.63 -126.00 93.00 180.00 562.00 -246.00 -1223.00 0
10817 -1.81 0.83 -0.97 -126.00 88.00 179.00 562.00 -246.00 -1223.00 0
10826 -2.30 1.04 -1.25 -126.00 87.00 180.00 562.00 -246.00 -1223.00 0
10835 -2.71 1.25 -1.60 -125.00 83.00 177.00 562.00 -246.00 -1223.00 0
10845 -2.78 1.67 -2.16 -128.00 87.00 179.00 562.00 -246.00 -1223.00 0
10854 -2.50 1.88 -2.16 -132.00 93.00 181.00 562.00 -246.00 -1223.00 0
10863 -2.23 2.16 -2.02 -130.00 92.00 181.00 562.00 -246.00 -1223.00 0
10872 -2.09 2.30 -1.67 -130.00 92.00 183.00 562.00 -246.00 -1223.00 0
10882 -2.09 2.16 -1.39 -132.00 97.00 178.00 562.00 -246.00 -1223.00 0
10891 -2.02 2.02 -1.11 -132.00 97.00 182.00 562.00 -246.00 -1223.00 0
10900 -2.50 1.25 -0.83 -129.00 96.00 179.00 562.00 -246.00 -1223.00 0
10909 -2.92 0.56 -0.63 -129.00 94.00 186.00 562.00 -246.00 -1223.00 0
10918 -3.62 -0.49 -0.42 -127.00 85.00 180.00 562.00 -246.00 -1223.00 0
10929 -4.45 -1.74 -0.42 -124.00 87.00 174.00 562.00 -246.00 -1223.00 0
10938 -4.94 -2.57 -0.35 -121.00 85.00 175.00 453.00 -245.00 -1072.00 0
10947 -4.94 -2.85 -0.42 -123.00 85.00 176.00 453.00 -245.00 -1072.00 0
10956 -4.24 -1.67 -0.49 -125.00 88.00 173.00 453.00 -245.00 -1072.00 0
10966 -3.76 -0.63 -0.63 -125.00 88.00 179.00 453.00 -245.00 -1072.00 0
10975 -3.34 0.42 -0.77 -127.00 96.00 178.00 453.00 -245.00 -1072.00 0
10984 -2.92 1.46 -0.77 -127.00 94.00 178.00 453.00 -245.00 -1072.00 0
10993 -2.71 2.16 -0.63 -127.00 98.00 174.00 453.00 -245.00 -1072.00 0
11002 -2.57 2.99 -0.14 -130.00 98.00 182.00 460.00 -245.00 -1074.00 0
11012 -2.50 3.20 0.07 -129.00 96.00 172.00 460.00 -245.00 -1074.00 0
11021 -2.85 3.34 0.07 -128.00 93.00 178.00 460.00 -245.00 -1074.00 0
11030 -3.13 3.48 0.14 -131.00 95.00 176.00 460.00 -245.00 -1074.00 0
11039 -3.41 3.69 0.21 -130.00 92.00 177.00 460.00 -245.00 -1074.00 0
11048 -3.69 3.97 0.28 -129.00 87.00 183.00 460.00 -245.00 -1074.00 0
11058 -4.24 4.52 0.49 -133.00 86.00 184.00 460.00 -245.00 -1074.00 0
11067 -4.17 4.45 0.56 -131.00 85.00 180.00 460.00 -248.00 -1101.00 0
11077 -3.97 4.10 0.56 -127.00 85.00 180.00 460.00 -248.00 -1101.00 0
11086 -3.55 3.69 0.63 -127.00 88.00 176.00 460.00 -248.00 -1101.00 0
11096 -3.06 3.62 0.56 -127.00 92.00 175.00 460.00 -248.00 -1101.00 0
11105 -2.57 3.76 0.49 -127.00 95.00 179.00 460.00 -248.00 -1101.00 0
11114 -1.88 4.10 0.42 -125.00 97.00 172.00 460.00 -248.00 -1101.00 0
11123 -1.88 4.38 0.42 -128.00 97.00 177.00 460.00 -248.00 -1101.00 0
11132 -2.02 4.87 0.49 -131.00 97.00 183.00 462.00 -247.00 -983.00 0
11142 -2.64 5.22 0.70 -133.00 94.00 176.00 462.00 -247.00 -983.00 0
11151 -3.27 5.15 0.97 -127.00 96.00 175.00 462.00 -247.00 -983.00 0
11160 -3.48 4.80 1.25 -126.00 94.00 176.00 462.00 -247.00 -983.00 0
11169 -3.69 4.45 1.11 -127.00 89.00 175.00 462.00 -247.00 -983.00 0
11179 -4.03 4.80 0.56 -130.00 89.00 174.00 462.00 -247.00 -983.00 0
11188 -4.10 5.15 0.07 -132.00 90.00 176.00 462.00 -247.00 -983.00 0
11197 -3.90 5.36 -0.42 -131.00 93.00 179.00 468.00 -248.00 -1063.00 0
11206 -3.55 5.43 -0.77 -131.00 94.00 178.00 468.00 -248.00 -1063.00 0
11215 -3.20 5.43 -1.04 -134.00 91.00 177.00 468.00 -248.00 -1063.00 0
11225 -3.06 4.87 -1.39 -128.00 91.00 173.00 468.00 -248.00 -1063.00 0
11234 -2.99 4.59 -1.46 -130.00 93.00 172.00 468.00 -248.00 -1063.00 0
11243 -2.78 4.52 -1.39 -132.00 94.00 173.00 468.00 -248.00 -1063.00 0
11252 -2.57 4.59 -1.39 -132.00 100.00 177.00 468.00 -248.00 -1063.00 0
11261 -2.43 4.52 -1.46 -140.00 94.00 179.00 473.00 -250.00 -1055.00 0
11271 -2.71 4.38 -1.46 -133.00 89.00 176.00 473.00 -250.00 -1055.00 0
11280 -3.55 3.62 -1.25 -133.00 90.00 176.00 473.00 -250.00 -1055.00 0
11290 -3.41 2.99 -1.25 -129.00 92.00 174.00 473.00 -250.00 -1055.00 0
11299 -3.13 2.43 -1.32 -128.00 89.00 171.00 473.00 -250.00 -1055.00 0
11309 -3.06 2.30 -1.53 -123.00 86.00 170.00 473.00 -250.00 -1055.00 0
11318 -3.13 2.57 -1.81 -126.00 90.00 172.00 473.00 -250.00 -1055.00 0
11327 -2.92 3.90 -2.43 -127.00 93.00 168.00 473.00 -250.00 -1055.00 0
11336 -1.88 5.01 -2.71 -125.00 97.00 171.00 473.00 -250.00 -1055.00 0
11345 -1.46 6.33 -2.99 -126.00 95.00 166.00 473.00 -250.00 -1055.00 0
11355 -1.60 8.14 -3.34 -135.00 88.00 173.00 473.00 -250.00 -1055.00 0
11364 -1.95 10.30 -3.76 -138.00 85.00 171.00 473.00 -250.00 -1055.00 0
11373 -2.02 12.31 -4.38 -138.00 89.00 167.00 473.00 -250.00 -1055.00 0
11382 0.35 15.03 -5.01 -133.00 92.00 166.00 473.00 -250.00 -1055.00 0
11392 2.02 16.28 -4.87 -130.00 91.00 165.00 473.00 -250.00 -1055.00 0
11401 3.55 17.74 -4.80 -140.00 99.00 172.00 473.00 -250.00 -1055.00 0
11411 4.66 19.13 -4.80 -142.00 97.00 169.00 473.00 -250.00 -1055.00 0
11420 5.15 20.03 -4.87 -144.00 94.00 170.00 473.00 -250.00 -1055.00 0
11429 5.08 20.45 -4.94 -143.00 93.00 170.00 473.00 -250.00 -1055.00 0
11439 4.38 20.03 -4.80 -138.00 95.00 165.00 473.00 -250.00 -1055.00 0
11448 4.17 19.55 -4.59 -139.00 97.00 166.00 473.00 -250.00 -1055.00 0
11457 3.69 19.13 -4.52 -140.00 93.00 161.00 473.00 -250.00 -1055.00 0
11466 2.92 18.78 -4.73 -142.00 99.00 158.00 473.00 -250.00 -1055.00 0
11475 2.09 18.92 -4.94 -146.00 96.00 160.00 473.00 -250.00 -1055.00 0
11485 1.46 19.83 -5.08 -145.00 95.00 162.00 473.00 -250.00 -1055.00 0
11495 0.56 20.24 -5.15 -146.00 96.00 164.00 473.00 -250.00 -1055.00 0
11504 0.49 20.59 -5.08 -145.00 93.00 159.00 473.00 -250.00 -1055.00 0
11513 0.14 20.80 -5.01 -147.00 90.00 159.00 473.00 -250.00 -1055.00 0
11523 -0.35 20.94 -5.01 -137.00 87.00 160.00 473.00 -250.00 -1055.00 0
11532 -0.56 21.08 -5.01 -134.00 90.00 157.00 473.00 -250.00 -1055.00 0
11541 -0.49 21.98 -5.70 -134.00 91.00 151.00 473.00 -250.00 -1055.00 0
11550 -0.63 23.58 -6.19 -143.00 90.00 144.00 473.00 -250.00 -1055.00 0
11559 -0.70 25.88 -6.82 -141.00 90.00 148.00 473.00 -250.00 -1055.00 0
11569 -0.49 28.80 -7.44 -150.00 87.00 149.00 473.00 -250.00 -1055.00 0
11578 0.21 32.00 -8.14 -148.00 88.00 149.00 473.00 -250.00 -1055.00 0
11588 1.39 35.20 -8.70 -146.00 82.00 147.00 473.00 -250.00 -1055.00 0
11597 4.73 41.11 -9.74 -149.00 92.00 143.00 473.00 -250.00 -1055.00 0
11607 6.89 44.03 -10.30 -150.00 98.00 147.00 473.00 -250.00 -1055.00 0
11616 8.35 47.17 -10.92 -162.00 93.00 147.00 473.00 -250.00 -1055.00 0
11625 9.11 50.23 -11.69 -172.00 94.00 150.00 473.00 -250.00 -1055.00 0
11634 9.32 52.66 -12.59 -173.00 107.00 146.00 473.00 -250.00 -1055.00 0
11643 8.97 54.54 -13.57 -185.00 111.00 152.00 473.00 -250.00 -1055.00 0
11654 7.86 54.19 -13.57 -191.00 110.00 161.00 473.00 -250.00 -1055.00 0
11663 5.63 52.45 -13.63 -197.00 107.00 162.00 473.00 -250.00 -1055.00 0
11672 2.92 49.25 -13.36 -190.00 101.00 151.00 473.00 -250.00 -1055.00 0
11681 -0.14 44.45 -12.80 -182.00 91.00 150.00 473.00 -250.00 -1055.00 0
11691 -3.13 32.42 -11.13 -171.00 93.00 137.00 473.00 -250.00 -1055.00 0
11701 -7.30 26.92 -10.23 -165.00 88.00 130.00 473.00 -250.00 -1055.00 0
11710 -8.63 22.75 -9.53 -163.00 83.00 131.00 473.00 -250.00 -1055.00 0
11719 -9.67 20.31 -9.25 -183.00 86.00 148.00 473.00 -250.00 -1055.00 0
11728 -10.23 18.99 -9.25 -181.00 100.00 148.00 473.00 -250.00 -1055.00 0
11738 -10.50 17.25 -9.53 -166.00 92.00 137.00 473.00 -250.00 -1055.00 0
11747 -13.63 12.73 -10.09 -171.00 78.00 130.00 473.00 -250.00 -1055.00 0
11757 -14.82 11.62 -10.23 -181.00 79.00 140.00 473.00 -250.00 -1055.00 0
11766 -14.26 10.64 -10.09 -176.00 92.00 136.00 473.00 -250.00 -1055.00 0
11776 -12.73 9.32 -9.60 -174.00 101.00 135.00 473.00 -250.00 -1055.00 0
11785 -11.20 7.93 -9.32 -178.00 88.00 142.00 473.00 -250.00 -1055.00 0
11794 -10.71 5.91 -9.32 -177.00 84.00 137.00 473.00 -250.00 -1055.00 0
11803 -10.92 5.01 -9.32 -172.00 79.00 137.00 473.00 -250.00 -1055.00 0
11812 -10.43 4.17 -8.90 -171.00 79.00 137.00 473.00 -250.00 -1055.00 0
11823 -9.67 3.62 -8.28 -174.00 80.00 137.00 473.00 -250.00 -1055.00 0
11832 -8.56 3.20 -7.65 -173.00 83.00 134.00 473.00 -250.00 -1055.00 0
11841 -7.23 2.92 -6.96 -176.00 88.00 138.00 473.00 -250.00 -1055.00 0
11850 -3.83 2.71 -4.80 -181.00 89.00 138.00 473.00 -250.00 -1055.00 0
11859 -2.71 2.57 -3.90 -181.00 93.00 140.00 564.00 -238.00 -833.00 0
11869 -2.09 2.30 -3.13 -181.00 84.00 137.00 564.00 -238.00 -833.00 0
11878 -2.02 1.88 -2.50 -178.00 81.00 135.00 564.00 -238.00 -833.00 0
11887 -2.02 1.46 -2.02 -173.00 86.00 138.00 564.00 -238.00 -833.00 0
11896 -1.53 1.04 -1.74 -169.00 83.00 136.00 564.00 -238.00 -833.00 0
11906 -0.83 0.77 -1.39 -166.00 83.00 135.00 564.00 -238.00 -833.00 0
11915 -0.70 0.90 -1.39 -173.00 89.00 130.00 564.00 -238.00 -833.00 0
11924 -0.49 1.18 -1.32 -174.00 96.00 134.00 564.00 -238.00 -833.00 0
11933 -0.70 1.46 -1.53 -174.00 89.00 140.00 564.00 -238.00 -833.00 0
11942 -1.74 1.67 -2.09 -174.00 84.00 135.00 564.00 -238.00 -833.00 0
11952 -2.71 1.88 -2.71 -175.00 88.00 133.00 564.00 -238.00 -833.00 0
11961 -3.48 2.02 -2.99 -175.00 90.00 134.00 564.00 -238.00 -833.00 0
11970 -3.83 2.16 -2.99 -176.00 86.00 137.00 564.00 -238.00 -833.00 0
11979 -4.31 2.23 -3.06 -180.00 84.00 136.00 564.00 -238.00 -833.00 0
11988 -4.45 2.23 -2.99 -181.00 87.00 133.00 564.00 -238.00 -833.00 0
11998 -4.38 2.09 -2.78 -178.00 85.00 133.00 564.00 -238.00 -833.00 0
12007 -4.24 1.88 -2.50 -179.00 83.00 133.00 564.00 -238.00 -833.00 0
12016 -3.34 1.39 -1.67 -179.00 88.00 134.00 564.00 -238.00 -833.00 0
12025 -2.92 1.25 -1.39 -179.00 88.00 135.00 564.00 -238.00 -833.00 0
12035 -2.64 1.11 -1.25 -180.00 89.00 133.00 564.00 -238.00 -833.00 0
12044 -2.64 1.04 -1.04 -178.00 85.00 134.00 564.00 -238.00 -833.00 0
12053 -2.92 0.90 -0.90 -180.00 85.00 137.00 562.00 -238.00 -1322.00 0
12062 -3.13 0.70 -0.83 -173.00 83.00 133.00 562.00 -238.00 -1322.00 0
12071 -2.78 0.21 -0.21 -173.00 87.00 133.00 562.00 -238.00 -1322.00 0
12081 -2.50 0.00 0.07 -171.00 87.00 135.00 562.00 -238.00 -1322.00 0
12090 -2.37 -0.21 0.35 -170.00 85.00 132.00 562.00 -238.00 -1322.00 0
12099 -2.43 -0.21 0.42 -172.00 89.00 133.00 562.00 -238.00 -1322.00 0
12108 -2.30 -0.07 0.49 -173.00 89.00 134.00 562.00 -238.00 -1322.00 0
12118 -2.02 0.07 0.56 -168.00 86.00 133.00 559.00 -240.00 -1087.00 0
12127 -2.30 0.35 -0.42 -175.00 90.00 133.00 559.00 -240.00 -1087.00 0
12136 -2.09 0.63 -0.83 -177.00 90.00 131.00 559.00 -240.00 -1087.00 0
12146 -2.16 0.83 -1.25 -186.00 93.00 135.00 559.00 -240.00 -1087.00 0
12155 -2.30 0.90 -1.46 -189.00 88.00 138.00 559.00 -240.00 -1087.00 0
12165 -2.50 0.70 -1.53 -187.00 93.00 133.00 559.00 -240.00 -1087.00 0
12174 -2.64 0.28 -0.97 -179.00 89.00 136.00 559.00 -240.00 -1087.00 0
12183 -3.90 -1.04 -0.77 -177.00 84.00 132.00 565.00 -242.00 -1126.00 0
12192 -4.66 -1.60 -0.63 -171.00 80.00 131.00 565.00 -242.00 -1126.00 0
12201 -5.08 -1.95 -0.49 -169.00 77.00 133.00 565.00 -242.00 -1126.00 0
12211 -5.50 -2.02 -0.56 -171.00 86.00 135.00 565.00 -242.00 -1126.00 0
12220 -5.63 -1.95 -0.70 -173.00 86.00 133.00 565.00 -242.00 -1126.00 0
12229 -5.43 -1.32 -0.70 -174.00 86.00 135.00 565.00 -242.00 -1126.00 0
12238 -4.66 -0.90 -0.56 -171.00 86.00 134.00 565.00 -242.00 -1126.00 0
12248 -4.03 -0.63 -0.35 -169.00 88.00 136.00 567.00 -239.00 -1250.00 0
12257 -3.76 -0.35 -0.49 -175.00 86.00 136.00 567.00 -239.00 -1250.00 0
12266 -3.76 -0.07 -0.90 -174.00 87.00 134.00 567.00 -239.00 -1250.00 0
12275 -3.83 0.28 -1.25 -177.00 88.00 131.00 567.00 -239.00 -1250.00 0
12284 -3.62 0.70 -1.60 -181.00 91.00 132.00 567.00 -239.00 -1250.00 0
12294 -3.76 0.63 -1.81 -183.00 86.00 135.00 567.00 -239.00 -1250.00 0
12304 -4.03 0.56 -2.09 -180.00 83.00 137.00 567.00 -239.00 -1250.00 0
12313 -4.10 0.35 -2.09 -179.00 87.00 133.00 565.00 -240.00 -1368.00 0
12322 -3.90 0.07 -1.81 -175.00 83.00 134.00 565.00 -240.00 -1368.00 0
12332 -3.69 -0.21 -1.53 -173.00 83.00 131.00 565.00 -240.00 -1368.00 0
12341 -2.92 -0.28 -1.18 -173.00 84.00 136.00 565.00 -240.00 -1368.00 0
12350 -2.30 -0.07 -1.04 -171.00 81.00 133.00 565.00 -240.00 -1368.00 0
12359 -1.74 0.21 -1.18 -169.00 85.00 136.00 565.00 -240.00 -1368.00 0
12368 -1.04 0.56 -1.39 -170.00 82.00 135.00 565.00 -240.00 -1368.00 0
12378 -0.70 0.97 -1.95 -182.00 91.00 133.00 568.00 -242.00 -1099.00 0
12387 -0.56 1.39 -2.50 -184.00 93.00 133.00 568.00 -242.00 -1099.00 0
12396 -0.77 1.53 -3.27 -183.00 88.00 134.00 568.00 -242.00 -1099.00 0
12405 -1.11 1.25 -3.48 -181.00 96.00 132.00 568.00 -242.00 -1099.00 0
12414 -1.32 0.77 -3.55 -184.00 92.00 133.00 568.00 -242.00 -1099.00 0
12424 -1.60 0.28 -3.27 -179.00 91.00 130.00 568.00 -242.00 -1099.00 0
12433 -2.09 -0.21 -2.71 -177.00 88.00 127.00 568.00 -242.00 -1099.00 0
12442 -2.37 -0.56 -1.18 -177.00 83.00 132.00 568.00 -242.00 -1099.00 0
12452 -2.50 -0.97 -0.42 -172.00 84.00 129.00 568.00 -242.00 -1099.00 0
12462 -2.23 -0.90 0.14 -169.00 86.00 135.00 568.00 -242.00 -1099.00 0
12471 -2.16 -0.70 0.49 -173.00 87.00 134.00 568.00 -242.00 -1099.00 0
12480 -2.09 -0.42 0.49 -177.00 90.00 135.00 568.00 -242.00 -1099.00 0
12489 -2.09 -0.07 0.42 -182.00 90.00 134.00 568.00 -242.00 -1099.00 0
12498 -2.02 0.28 0.42 -186.00 94.00 135.00 568.00 -242.00 -1099.00 0
12508 -1.88 0.14 0.56 -182.00 94.00 134.00 568.00 -242.00 -1099.00 0
12517 -2.16 -0.28 0.56 -181.00 92.00 135.00 568.00 -242.00 -1099.00 0
12526 -2.57 -0.83 0.63 -184.00 93.00 137.00 568.00 -242.00 -1099.00 0
12535 -3.13 -1.67 0.70 -173.00 84.00 129.00 568.00 -242.00 -1099.00 0
12545 -4.52 -2.57 0.77 -177.00 90.00 133.00 568.00 -242.00 -1099.00 0
12554 -5.70 -4.10 1.32 -176.00 84.00 141.00 568.00 -242.00 -1099.00 0
12563 -6.75 -5.22 0.97 -187.00 96.00 142.00 568.00 -242.00 -1099.00 0
12572 -7.30 -6.33 0.63 -194.00 99.00 153.00 568.00 -242.00 -1099.00 0
12581 -8.28 -8.07 0.77 -206.00 96.00 152.00 568.00 -242.00 -1099.00 0
12591 -10.71 -10.85 0.77 -222.00 112.00 170.00 568.00 -242.00 -1099.00 0
12601 -12.87 -15.51 1.39 -221.00 106.00 169.00 568.00 -242.00 -1099.00 0
12610 -19.20 -34.50 4.24 -217.00 111.00 174.00 568.00 -242.00 -1099.00 0
12619 -23.17 -49.04 5.91 -203.00 100.00 165.00 568.00 -242.00 -1099.00 0
12628 -27.76 -65.18 7.65 -168.00 62.00 152.00 568.00 -242.00 -1099.00 0
12638 -32.00 -81.81 9.39 -143.00 58.00 142.00 568.00 -242.00 -1099.00 0
12648 -33.04 -95.72 11.27 -122.00 74.00 143.00 568.00 -242.00 -1099.00 0
12657 -28.24 -106.30 15.03 -124.00 80.00 144.00 568.00 -242.00 -1099.00 0
12666 -26.78 -105.67 16.21 -128.00 88.00 158.00 568.00 -242.00 -1099.00 0
12676 -25.81 -104.14 16.56 -137.00 91.00 167.00 568.00 -242.00 -1099.00 0
12686 -25.67 -103.44 16.21 -140.00 92.00 171.00 568.00 -242.00 -1099.00 0
12695 -26.09 -103.79 15.44 -157.00 104.00 184.00 568.00 -242.00 -1099.00 0
12704 -26.64 -107.69 14.26 -163.00 104.00 197.00 568.00 -242.00 -1099.00 0
12713 -27.83 -111.51 14.05 -151.00 84.00 193.00 568.00 -242.00 -1099.00 0
12724 -28.80 -115.62 14.12 -133.00 81.00 188.00 568.00 -242.00 -1099.00 0
12733 -28.17 -118.61 14.89 -114.00 64.00 173.00 568.00 -242.00 -1099.00 0
12742 -27.41 -119.58 15.58 -94.00 55.00 161.00 568.00 -242.00 -1099.00 0
12751 -23.30 -116.59 16.42 -79.00 57.00 155.00 568.00 -242.00 -1099.00 0
12762 -18.92 -112.28 16.56 -81.00 66.00 167.00 568.00 -242.00 -1099.00 0
12771 -14.33 -105.11 16.49 -87.00 77.00 173.00 568.00 -242.00 -1099.00 0
12780 -10.37 -95.51 15.86 -83.00 86.00 174.00 568.00 -242.00 -1099.00 0
12789 -6.96 -84.52 15.30 -80.00 95.00 176.00 568.00 -242.00 -1099.00 0
12798 -4.24 -73.88 13.43 -86.00 92.00 180.00 568.00 -242.00 -1099.00 0
12808 -4.31 -58.30 12.03 -98.00 99.00 193.00 568.00 -242.00 -1099.00 0
12817 -4.38 -52.31 10.85 -106.00 98.00 197.00 568.00 -242.00 -1099.00 0
12827 -5.01 -47.51 9.39 -100.00 92.00 198.00 568.00 -242.00 -1099.00 0
12836 -6.19 -44.03 8.00 -92.00 86.00 198.00 568.00 -242.00 -1099.00 0
12846 -7.30 -41.74 7.10 -83.00 76.00 189.00 568.00 -242.00 -1099.00 0
12855 -8.07 -37.01 5.70 -75.00 71.00 187.00 568.00 -242.00 -1099.00 0
12864 -7.58 -33.88 4.80 -73.00 71.00 182.00 568.00 -242.00 -1099.00 0
12873 -5.91 -29.77 4.03 -75.00 75.00 188.00 568.00 -242.00 -1099.00 0
12882 -3.83 -24.49 3.27 -87.00 87.00 196.00 568.00 -242.00 -1099.00 0
12892 -2.02 -18.43 2.43 -97.00 95.00 197.00 568.00 -242.00 -1099.00 0
12901 -0.63 -12.73 1.81 -98.00 95.00 205.00 568.00 -242.00 -1099.00 0
12910 1.04 -4.31 1.32 -103.00 98.00 201.00 568.00 -242.00 -1099.00 0
12919 1.53 -1.53 1.32 -99.00 95.00 197.00 568.00 -242.00 -1099.00 0
12929 1.53 0.21 1.53 -94.00 91.00 199.00 568.00 -242.00 -1099.00 0
12938 1.46 1.39 1.74 -92.00 87.00 202.00 568.00 -242.00 -1099.00 0
12947 1.32 2.50 1.81 -94.00 89.00 196.00 568.00 -242.00 -1099.00 0
12956 1.04 3.48 1.67 -93.00 84.00 195.00 568.00 -242.00 -1099.00 0
12965 0.42 4.59 1.32 -89.00 83.00 198.00 568.00 -242.00 -1099.00 0
12975 0.49 5.01 1.11 -93.00 83.00 195.00 378.00 -244.00 -1274.00 0
12984 0.70 5.29 0.90 -92.00 89.00 198.00 378.00 -244.00 -1274.00 0
12993 1.25 5.63 0.97 -94.00 94.00 198.00 378.00 -244.00 -1274.00 0
13002 1.67 6.05 0.97 -97.00 97.00 198.00 378.00 -244.00 -1274.00 0
13011 1.53 6.47 0.83 -97.00 100.00 196.00 378.00 -244.00 -1274.00 0
13021 0.14 5.70 0.49 -99.00 98.00 200.00 378.00 -244.00 -1274.00 0
13030 -0.83 4.73 0.42 -102.00 95.00 200.00 378.00 -244.00 -1274.00 0
13039 -1.95 3.41 0.35 -96.00 91.00 196.00 378.00 -244.00 -1274.00 0
13048 -2.78 2.16 0.28 -97.00 88.00 196.00 378.00 -244.00 -1274.00 0
13058 -3.34 1.11 0.35 -93.00 83.00 199.00 378.00 -244.00 -1274.00 0
13067 -3.69 0.42 0.35 -88.00 86.00 196.00 378.00 -244.00 -1274.00 0
13076 -3.27 0.21 0.35 -96.00 88.00 194.00 378.00 -244.00 -1274.00 0
13085 -2.71 0.63 0.35 -92.00 90.00 196.00 378.00 -244.00 -1274.00 0
13094 -2.09 0.97 0.35 -98.00 92.00 195.00 378.00 -244.00 -1274.00 0
13104 -1.60 1.46 0.42 -96.00 93.00 194.00 378.00 -244.00 -1274.00 0
13113 -1.25 2.02 0.56 -93.00 93.00 196.00 378.00 -244.00 -1274.00 0
13122 -1.11 2.50 0.70 -91.00 94.00 195.00 378.00 -244.00 -1274.00 0
13131 -0.90 3.97 0.70 -95.00 94.00 200.00 378.00 -244.00 -1274.00 0
13140 -1.04 4.59 0.56 -96.00 95.00 199.00 378.00 -244.00 -1274.00 0
13150 -1.67 4.80 0.35 -99.00 88.00 198.00 378.00 -244.00 -1274.00 0
13159 -2.64 4.45 0.07 -101.00 87.00 198.00 378.00 -244.00 -1274.00 0
13169 -3.27 3.76 -0.28 -98.00 90.00 194.00 387.00 -246.00 -1295.00 0
13178 -3.55 2.85 -0.63 -101.00 95.00 194.00 387.00 -246.00 -1295.00 0
13188 -3.41 1.39 -0.90 -103.00 95.00 202.00 387.00 -246.00 -1295.00 0
13197 -3.34 0.83 -0.77 -102.00 92.00 199.00 387.00 -246.00 -1295.00 0
13206 -3.69 0.07 -0.70 -97.00 88.00 193.00 387.00 -246.00 -1295.00 0
13215 -3.83 -0.83 -0.56 -93.00 95.00 191.00 387.00 -246.00 -1295.00 0
13224 -3.48 -1.39 -0.42 -91.00 90.00 195.00 387.00 -246.00 -1295.00 0
13234 -3.13 -1.32 -0.42 -90.00 90.00 193.00 389.00 -246.00 -1140.00 0
13243 -3.13 -0.56 -0.63 -93.00 89.00 195.00 389.00 -246.00 -1140.00 0
13252 -2.92 0.00 -0.70 -94.00 92.00 193.00 389.00 -246.00 -1140.00 0
13261 -2.50 0.77 -0.90 -97.00 97.00 199.00 389.00 -246.00 -1140.00 0
13271 -2.23 1.46 -0.97 -100.00 100.00 196.00 389.00 -246.00 -1140.00 0
13280 -2.37 1.74 -0.97 -95.00 92.00 192.00 389.00 -246.00 -1140.00 0
13289 -2.99 1.60 -1.11 -93.00 94.00 192.00 389.00 -246.00 -1140.00 0
13298 -3.13 2.30 -1.39 -106.00 92.00 201.00 392.00 -247.00 -1285.00 0
13307 -3.06 2.64 -1.46 -105.00 94.00 201.00 392.00 -247.00 -1285.00 0
13317 -3.27 2.50 -1.46 -100.00 89.00 195.00 392.00 -247.00 -1285.00 0
13326 -3.55 1.81 -1.32 -93.00 86.00 191.00 392.00 -247.00 -1285.00 0
13335 -3.62 1.25 -1.18 -100.00 89.00 193.00 392.00 -247.00 -1285.00 0
13344 -3.48 1.11 -1.04 -98.00 90.00 199.00 392.00 -247.00 -1285.00 0
13353 -3.06 0.56 -0.90 -98.00 93.00 191.00 392.00 -247.00 -1285.00 0
13363 -2.92 0.21 -0.77 -99.00 96.00 193.00 389.00 -251.00 -1262.00 0
13372 -2.78 0.07 -0.63 -99.00 96.00 195.00 389.00 -251.00 -1262.00 0
13381 -2.57 0.14 -0.49 -100.00 96.00 193.00 389.00 -251.00 -1262.00 0
13390 -2.37 0.28 -0.28 -95.00 92.00 197.00 389.00 -251.00 -1262.00 0
13400 -2.30 0.63 -0.07 -96.00 89.00 193.00 389.00 -251.00 -1262.00 0
13409 -2.30 1.46 0.00 -91.00 88.00 193.00 389.00 -251.00 -1262.00 0
13418 -2.16 1.95 -0.07 -90.00 93.00 186.00 389.00 -251.00 -1262.00 0
13427 -1.81 2.71 -0.28 -95.00 95.00 193.00 389.00 -251.00 -1090.00 0
13436 -1.39 3.76 -0.49 -97.00 97.00 192.00 393.00 -251.00 -1090.00 0
13446 -0.97 4.94 -0.70 -96.00 95.00 192.00 393.00 -251.00 -1090.00 0
13455 -0.83 6.26 -0.90 -98.00 97.00 193.00 393.00 -251.00 -1090.00 0
13464 -0.83 8.49 -1.11 -98.00 95.00 194.00 393.00 -251.00 -1090.00 0
13473 -1.04 9.11 -1.25 -102.00 91.00 196.00 393.00 -251.00 -1090.00 0
13483 -1.46 9.25 -1.39 -101.00 95.00 192.00 393.00 -251.00 -1090.00 0
13492 -1.95 8.97 -1.53 -101.00 90.00 195.00 393.00 -251.00 -1090.00 0
13502 -2.23 8.63 -1.60 -101.00 104.00 186.00 393.00 -251.00 -1090.00 0
13511 -2.23 8.49 -1.39 -99.00 108.00 187.00 393.00 -251.00 -1090.00 0
13520 -3.27 9.32 -1.46 -88.00 98.00 184.00 393.00 -251.00 -1090.00 0
13530 -5.15 10.92 -1.88 -95.00 88.00 184.00 393.00 -251.00 -1090.00 0
13539 -7.30 13.50 -2.57 -95.00 90.00 182.00 393.00 -251.00 -1090.00 0
13548 -8.90 16.63 -3.27 -101.00 90.00 186.00 393.00 -251.00 -1090.00 0
13557 -10.09 19.97 -4.03 -113.00 87.00 194.00 393.00 -251.00 -1090.00 0
13566 -11.27 24.97 -5.77 -121.00 87.00 201.00 393.00 -251.00 -1090.00 0
13576 -11.27 25.46 -6.05 -123.00 92.00 198.00 393.00 -251.00 -1090.00 0
13585 -10.85 24.07 -5.98 -116.00 94.00 194.00 393.00 -251.00 -1090.00 0
13595 -10.30 21.84 -5.57 -111.00 94.00 189.00 393.00 -251.00 -1090.00 0
13604 -10.02 19.62 -5.22 -102.00 94.00 184.00 393.00 -251.00 -1090.00 0
13614 -10.16 18.16 -5.15 -99.00 90.00 181.00 393.00 -251.00 -1090.00 0
13623 -11.48 18.30 -5.77 -99.00 86.00 177.00 393.00 -251.00 -1090.00 0
13632 -12.59 19.55 -6.54 -104.00 81.00 184.00 393.00 -251.00 -1090.00 0
13641 -13.63 21.01 -7.37 -111.00 73.00 192.00 393.00 -251.00 -1090.00 0
13650 -13.91 22.26 -8.28 -116.00 74.00 191.00 393.00 -251.00 -1090.00 0
13661 -13.15 23.03 -8.90 -111.00 78.00 185.00 393.00 -251.00 -1090.00 0
13670 -9.53 24.35 -9.11 -113.00 85.00 182.00 393.00 -251.00 -1090.00 0
13679 -7.37 26.16 -8.90 -111.00 85.00 170.00 393.00 -251.00 -1090.00 0
13688 -5.29 28.80 -8.83 -109.00 90.00 174.00 393.00 -251.00 -1090.00 0
13698 -3.27 32.14 -9.04 -118.00 81.00 182.00 393.00 -251.00 -1090.00 0
13707 -2.02 35.76 -9.46 -129.00 86.00 179.00 393.00 -251.00 -1090.00 0
13716 -0.63 39.17 -9.81 -127.00 92.00 179.00 393.00 -251.00 -1090.00 0
13725 2.71 43.83 -10.16 -130.00 91.00 175.00 393.00 -251.00 -1090.00 0
13735 3.62 45.50 -10.16 -126.00 77.00 180.00 393.00 -251.00 -1090.00 0
13745 3.90 47.23 -10.30 -129.00 78.00 176.00 393.00 -251.00 -1090.00 0
13754 4.59 48.77 -10.50 -125.00 79.00 173.00 393.00 -251.00 -1090.00 0
13763 5.98 50.09 -10.71 -126.00 82.00 167.00 393.00 -251.00 -1090.00 0
13772 9.74 53.36 -10.99 -128.00 77.00 161.00 393.00 -251.00 -1090.00 0
13782 11.55 55.79 -11.20 -136.00 92.00 164.00 393.00 -251.00 -1090.00 0
13792 13.70 58.57 -11.41 -142.00 103.00 162.00 393.00 -251.00 -1090.00 0
13801 15.51 61.63 -11.69 -151.00 98.00 173.00 393.00 -251.00 -1090.00 0
13810 16.42 64.21 -12.10 -167.00 95.00 178.00 393.00 -251.00 -1090.00 0
13819 16.21 65.60 -12.73 -173.00 96.00 180.00 393.00 -251.00 -1090.00 0
13829 15.03 62.82 -12.45 -168.00 100.00 173.00 393.00 -251.00 -1090.00 0
13839 14.33 59.06 -11.90 -167.00 101.00 167.00 393.00 -251.00 -1090.00 0
13848 13.01 54.89 -11.20 -161.00 96.00 168.00 393.00 -251.00 -1090.00 0
13857 11.27 50.64 -10.43 -150.00 95.00 155.00 393.00 -251.00 -1090.00 0
13867 9.25 46.40 -9.81 -142.00 89.00 147.00 393.00 -251.00 -1090.00 0
13876 4.73 40.97 -9.53 -140.00 73.00 139.00 393.00 -251.00 -1090.00 0
13885 3.13 40.77 -9.95 -142.00 75.00 134.00 393.00 -251.00 -1090.00 0
13895 3.27 42.23 -10.43 -140.00 77.00 131.00 393.00 -251.00 -1090.00 0
13904 4.59 45.15 -10.78 -139.00 85.00 130.00 393.00 -251.00 -1090.00 0
13914 6.26 49.46 -11.41 -180.00 80.00 158.00 393.00 -251.00 -1090.00 0
13923 11.20 58.50 -12.80 -255.00 129.00 235.00 393.00 -251.00 -1090.00 0
13932 14.47 53.63 -11.90 -178.00 133.00 153.00 393.00 -251.00 -1090.00 0
13942 12.59 43.41 -10.57 -155.00 100.00 129.00 393.00 -251.00 -1090.00 0
13952 7.65 34.99 -9.67 -186.00 81.00 157.00 393.00 -251.00 -1090.00 0
13961 3.13 29.77 -9.11 -183.00 88.00 153.00 393.00 -251.00 -1090.00 0
13970 -0.14 25.25 -9.11 -170.00 95.00 143.00 393.00 -251.00 -1090.00 0
13979 -5.43 16.35 -9.46 -172.00 80.00 145.00 393.00 -251.00 -1090.00 0
13988 -8.21 13.43 -9.81 -174.00 76.00 146.00 393.00 -251.00 -1090.00 0
13998 -9.81 10.99 -9.60 -175.00 82.00 145.00 393.00 -251.00 -1090.00 0
14007 -10.09 8.90 -8.97 -173.00 84.00 149.00 393.00 -251.00 -1090.00 0
14017 -9.60 7.03 -8.07 -174.00 93.00 145.00 393.00 -251.00 -1090.00 0
14026 -8.49 3.76 -5.77 -167.00 84.00 143.00 393.00 -251.00 -1090.00 0
14035 -8.14 2.43 -4.66 -166.00 89.00 140.00 393.00 -251.00 -1090.00 0
14045 -7.30 1.32 -3.83 -170.00 99.00 152.00 393.00 -251.00 -1090.00 0
14054 -6.33 0.49 -3.27 -169.00 96.00 143.00 393.00 -251.00 -1090.00 0
14063 -6.26 -0.21 -2.85 -170.00 89.00 142.00 393.00 -251.00 -1090.00 0
14072 -7.23 -0.77 -2.92 -170.00 87.00 149.00 393.00 -251.00 -1090.00 0
14082 -8.70 -1.74 -3.48 -167.00 80.00 144.00 393.00 -251.00 -1090.00 0
14091 -9.46 -2.30 -3.83 -165.00 77.00 145.00 549.00 -238.00 -1207.00 0
14100 -9.46 -2.57 -3.90 -163.00 81.00 142.00 549.00 -238.00 -1207.00 0
14109 -8.77 -2.71 -3.48 -162.00 77.00 140.00 549.00 -238.00 -1207.00 0
14118 -7.51 -2.43 -2.85 -160.00 83.00 142.00 549.00 -238.00 -1207.00 0
14128 -6.12 -2.16 -2.23 -161.00 84.00 144.00 549.00 -238.00 -1207.00 0
14137 -3.62 -1.04 -1.74 -163.00 85.00 143.00 549.00 -238.00 -1207.00 0
14147 -2.71 -0.42 -1.74 -168.00 92.00 143.00 549.00 -238.00 -1207.00 0
14156 -2.02 0.07 -1.74 -167.00 91.00 149.00 549.00 -238.00 -1207.00 0
14166 -1.81 0.49 -1.81 -172.00 89.00 142.00 549.00 -238.00 -1207.00 0
14175 -2.23 0.77 -1.95 -170.00 83.00 143.00 549.00 -238.00 -1207.00 0
14184 -2.50 0.90 -1.74 -168.00 87.00 145.00 549.00 -238.00 -1207.00 0
14193 -2.30 0.83 -1.60 -166.00 90.00 145.00 549.00 -238.00 -1207.00 0
14202 -2.30 0.90 -1.39 -164.00 82.00 143.00 549.00 -238.00 -1207.00 0
14212 -2.78 0.97 -1.60 -170.00 86.00 143.00 549.00 -238.00 -1207.00 0
14221 -2.99 1.04 -1.74 -174.00 84.00 144.00 549.00 -238.00 -1207.00 0
14230 -3.20 1.11 -1.81 -174.00 84.00 144.00 549.00 -238.00 -1207.00 0
14239 -3.48 0.70 -1.67 -177.00 86.00 147.00 549.00 -238.00 -1207.00 0
14248 -3.13 0.21 -1.53 -167.00 85.00 146.00 549.00 -238.00 -1207.00 0
14258 -2.64 -0.21 -1.46 -168.00 88.00 146.00 549.00 -238.00 -1207.00 0
14267 -2.16 -0.63 -1.39 -165.00 84.00 142.00 549.00 -238.00 -1207.00 0
14276 -1.74 -0.90 -1.18 -167.00 90.00 142.00 549.00 -238.00 -1207.00 0
14285 -1.46 -1.18 -0.97 -165.00 91.00 142.00 549.00 -238.00 -1207.00 0
14296 -2.16 -1.46 -0.90 -176.00 93.00 144.00 549.00 -238.00 -1207.00 0
14305 -2.85 -1.60 -0.97 -178.00 87.00 147.00 549.00 -238.00 -1207.00 0
14314 -3.41 -1.88 -0.90 -176.00 83.00 146.00 549.00 -238.00 -1207.00 0
14323 -3.90 -2.50 -0.83 -172.00 91.00 144.00 549.00 -238.00 -1207.00 0
14332 -4.03 -3.27 -0.63 -174.00 85.00 145.00 549.00 -238.00 -1207.00 0
14342 -4.24 -4.10 -0.28 -165.00 78.00 141.00 549.00 -238.00 -1207.00 0
14351 -4.59 -5.70 -0.07 -159.00 77.00 146.00 541.00 -240.00 -1109.00 0
14360 -4.10 -6.12 0.00 -156.00 81.00 143.00 541.00 -240.00 -1109.00 0
14369 -3.48 -6.12 -0.21 -158.00 83.00 141.00 541.00 -240.00 -1109.00 0
14379 -2.64 -5.70 -0.49 -161.00 88.00 145.00 541.00 -240.00 -1109.00 0
14388 -1.39 -4.87 -0.56 -162.00 95.00 141.00 541.00 -240.00 -1109.00 0
14397 -0.49 -4.03 -0.42 -166.00 95.00 148.00 541.00 -240.00 -1109.00 0
14406 -0.21 -2.78 -0.21 -167.00 89.00 146.00 541.00 -240.00 -1109.00 0
14415 -0.70 -2.37 -0.42 -166.00 93.00 146.00 542.00 -241.00 -1165.00 0
14425 -1.04 -2.09 -0.49 -167.00 96.00 145.00 542.00 -241.00 -1165.00 0
14434 -1.53 -1.88 -0.49 -165.00 86.00 140.00 542.00 -241.00 -1165.00 0
14444 -2.37 -1.67 -0.56 -166.00 86.00 141.00 542.00 -241.00 -1165.00 0
14453 -3.13 -1.46 -0.83 -163.00 85.00 148.00 542.00 -241.00 -1165.00 0
14462 -3.48 -1.39 -1.04 -164.00 83.00 142.00 542.00 -241.00 -1165.00 0
14472 -3.76 -1.32 -1.32 -164.00 89.00 144.00 542.00 -241.00 -1165.00 0
14481 -3.55 -1.11 -1.46 -162.00 85.00 147.00 545.00 -245.00 -1283.00 0
14490 -3.48 -0.83 -1.60 -168.00 84.00 148.00 545.00 -245.00 -1283.00 0
14499 -3.55 -0.56 -1.88 -170.00 83.00 143.00 545.00 -245.00 -1283.00 0
14509 -3.20 0.07 -2.16 -171.00 88.00 147.00 545.00 -245.00 -1283.00 0
14518 -2.78 0.21 -1.95 -170.00 90.00 147.00 545.00 -245.00 -1283.00 0
14527 -2.57 0.14 -1.74 -171.00 90.00 144.00 545.00 -245.00 -1283.00 0
14536 -2.57 -0.14 -1.46 -169.00 99.00 144.00 545.00 -245.00 -1283.00 0
14545 -2.50 -0.42 -1.04 -166.00 91.00 141.00 546.00 -242.00 -1059.00 0
14555 -2.92 -0.77 -0.63 -163.00 88.00 141.00 546.00 -242.00 -1059.00 0
14564 -3.83 -1.11 0.00 -166.00 85.00 146.00 546.00 -242.00 -1059.00 0
14573 -3.97 -1.25 0.28 -164.00 84.00 146.00 546.00 -242.00 -1059.00 0
14583 -4.38 -1.32 0.07 -166.00 92.00 145.00 546.00 -242.00 -1059.00 0
14593 -4.52 -1.39 0.00 -167.00 91.00 150.00 546.00 -242.00 -1059.00 0
14602 -4.73 -1.67 -0.21 -167.00 86.00 141.00 546.00 -242.00 -1059.00 0
14611 -5.43 -2.02 -0.70 -165.00 82.00 143.00 543.00 -241.00 -1183.00 0
14620 -5.77 -2.37 -1.95 -171.00 82.00 149.00 543.00 -241.00 -1183.00 0
14629 -5.36 -2.50 -2.37 -170.00 85.00 148.00 543.00 -241.00 -1183.00 0
14639 -5.08 -2.57 -2.64 -166.00 89.00 145.00 543.00 -241.00 -1183.00 0
14648 -4.73 -2.64 -2.78 -165.00 82.00 147.00 543.00 -241.00 -1183.00 0
14657 -4.59 -2.71 -2.78 -161.00 82.00 141.00 543.00 -241.00 -1183.00 0
14666 -4.38 -2.78 -2.85 -162.00 91.00 145.00 543.00 -241.00 -1183.00 0
14675 -3.62 -2.30 -2.23 -161.00 88.00 140.00 545.00 -243.00 -1256.00 0
14685 -3.34 -1.95 -1.67 -164.00 92.00 146.00 545.00 -243.00 -1256.00 0
14694 -2.78 -1.46 -1.04 -166.00 96.00 144.00 545.00 -243.00 -1256.00 0
14703 -2.37 -1.04 -0.35 -167.00 101.00 146.00 545.00 -243.00 -1256.00 0
14713 -2.30 -0.70 0.21 -166.00 87.00 147.00 545.00 -243.00 -1256.00 0
14723 -2.92 -0.42 -0.14 -167.00 87.00 144.00 545.00 -243.00 -1256.00 0
14732 -4.31 -0.35 -0.42 -165.00 83.00 144.00 545.00 -243.00 -1256.00 0
14741 -4.52 -0.21 -0.63 -167.00 82.00 147.00 544.00 -242.00 -1121.00 0
14750 -4.73 -0.07 -0.90 -165.00 84.00 143.00 544.00 -242.00 -1121.00 0
14759 -4.59 0.07 -1.11 -168.00 83.00 146.00 544.00 -242.00 -1121.00 0
14769 -4.17 0.07 -1.18 -170.00 86.00 148.00 544.00 -242.00 -1121.00 0
14778 -3.20 0.00 -1.25 -169.00 88.00 143.00 544.00 -242.00 -1121.00 0
14787 -2.85 -0.21 -0.97 -168.00 85.00 146.00 544.00 -242.00 -1121.00 0
14796 -2.71 -0.42 -0.77 -167.00 86.00 146.00 544.00 -242.00 -1121.00 0
14806 -2.43 -0.56 -0.42 -173.00 97.00 144.00 544.00 -243.00 -1132.00 0
14815 -2.02 -0.70 -0.07 -171.00 93.00 146.00 544.00 -243.00 -1132.00 0
14824 -2.02 -1.04 0.14 -173.00 91.00 147.00 544.00 -243.00 -1132.00 0
14833 -2.92 -2.09 0.28 -171.00 88.00 151.00 544.00 -243.00 -1132.00 0
14842 -3.34 -2.92 0.63 -166.00 87.00 149.00 544.00 -243.00 -1132.00 0
14852 -3.76 -3.90 1.18 -168.00 86.00 151.00 544.00 -243.00 -1132.00 0
14861 -4.10 -4.94 1.67 -164.00 88.00 150.00 544.00 -243.00 -1132.00 0
14870 -4.24 -6.05 2.16 -170.00 97.00 152.00 544.00 -243.00 -1132.00 0
14880 -4.31 -7.30 2.57 -176.00 91.00 159.00 544.00 -243.00 -1132.00 0
14889 -7.03 -11.27 2.92 -187.00 99.00 169.00 544.00 -243.00 -1132.00 0
14899 -8.35 -14.82 3.34 -196.00 113.00 182.00 544.00 -243.00 -1132.00 0
14908 -10.37 -20.66 4.03 -202.00 112.00 183.00 544.00 -243.00 -1132.00 0
14917 -13.77 -28.66 4.94 -200.00 100.00 183.00 544.00 -243.00 -1132.00 0
14926 -18.30 -38.96 6.12 -191.00 81.00 181.00 544.00 -243.00 -1132.00 0
14936 -26.37 -68.24 9.25 -172.00 72.00 173.00 544.00 -243.00 -1132.00 0
14946 -27.76 -84.73 10.64 -164.00 79.00 177.00 544.00 -243.00 -1132.00 0
14955 -27.83 -100.24 11.97 -153.00 80.00 178.00 544.00 -243.00 -1132.00 0
14964 -27.20 -113.04 13.50 -140.00 82.00 176.00 544.00 -243.00 -1132.00 0
14973 -26.23 -122.37 15.65 -137.00 85.00 179.00 544.00 -243.00 -1132.00 0
14984 -25.11 -133.98 20.80 -138.00 85.00 191.00 544.00 -243.00 -1132.00 0
14993 -23.86 -138.71 23.10 -134.00 90.00 191.00 544.00 -243.00 -1132.00 0
15002 -22.75 -143.58 25.04 -121.00 92.00 188.00 544.00 -243.00 -1132.00 0
15011 -21.98 -148.17 26.50 -111.00 91.00 184.00 544.00 -243.00 -1132.00 0
15022 -21.57 -152.63 27.69 -87.00 80.00 171.00 544.00 -243.00 -1132.00 0
15031 -21.15 -156.31 29.08 -66.00 82.00 158.00 544.00 -243.00 -1132.00 0
15040 -19.06 -156.87 28.73 -52.00 89.00 164.00 544.00 -243.00 -1132.00 0
15049 -18.92 -151.37 26.64 -53.00 77.00 166.00 544.00 -243.00 -1132.00 0
15058 -19.41 -142.54 24.77 -56.00 83.00 187.00 544.00 -243.00 -1132.00 0
15069 -18.64 -132.45 23.17 -66.00 77.00 190.00 288.00 -238.00 -1162.00 0
15078 -18.09 -121.81 20.66 -63.00 75.00 195.00 340.00 -238.00 -1162.00 0
15087 -14.75 -102.89 16.14 -56.00 76.00 192.00 340.00 -238.00 -1162.00 0
15096 -12.45 -94.26 14.47 -44.00 75.00 182.00 340.00 -238.00 -1162.00 0
15106 -10.09 -85.29 12.66 -36.00 79.00 180.00 340.00 -238.00 -1162.00 0
15116 -6.96 -75.41 10.92 -37.00 80.00 182.00 340.00 -238.00 -1162.00 0
15125 -3.76 -64.07 8.97 -47.00 95.00 188.00 340.00 -238.00 -1162.00 0
15134 0.83 -38.33 4.31 -59.00 91.00 198.00 340.00 -244.00 -1338.00 0
15143 2.23 -26.02 2.43 -72.00 94.00 211.00 320.00 -244.00 -1338.00 0
15153 2.99 -14.96 0.97 -73.00 88.00 212.00 320.00 -244.00 -1338.00 0
15162 3.55 -6.05 -0.07 -73.00 93.00 214.00 320.00 -244.00 -1338.00 0
15171 4.59 0.70 -0.49 -74.00 96.00 211.00 320.00 -244.00 -1338.00 0
15180 5.43 6.05 -0.56 -75.00 96.00 208.00 320.00 -244.00 -1338.00 0
15190 5.57 13.08 -0.35 -72.00 95.00 206.00 320.00 -244.00 -1338.00 0
15199 5.29 15.30 0.07 -72.00 99.00 203.00 320.00 -244.00 -1338.00 0
15208 4.31 15.86 0.00 -77.00 92.00 203.00 320.00 -244.00 -1338.00 0
15217 2.92 14.33 -0.35 -74.00 96.00 204.00 320.00 -244.00 -1338.00 0
15226 2.02 12.24 -0.77 -80.00 100.00 210.00 320.00 -244.00 -1338.00 0
15236 1.32 10.57 -1.18 -82.00 101.00 210.00 320.00 -244.00 -1338.00 0
15245 -0.70 7.51 -1.53 -77.00 94.00 204.00 320.00 -244.00 -1338.00 0
15254 -1.67 5.91 -1.39 -70.00 86.00 204.00 320.00 -244.00 -1338.00 0
15263 -2.09 4.80 -1.39 -74.00 88.00 203.00 320.00 -244.00 -1338.00 0
15272 -1.95 4.52 -1.18 -78.00 91.00 207.00 320.00 -244.00 -1338.00 0
15282 -1.60 4.87 -0.70 -71.00 94.00 201.00 320.00 -244.00 -1338.00 0
15291 -1.25 5.36 -0.21 -69.00 91.00 202.00 320.00 -244.00 -1338.00 0
15300 -0.42 7.86 0.49 -68.00 86.00 195.00 320.00 -244.00 -1338.00 0
15309 0.21 10.16 0.56 -78.00 92.00 204.00 320.00 -244.00 -1338.00 0
15319 1.25 12.52 0.49 -86.00 103.00 214.00 320.00 -244.00 -1338.00 0
15328 2.16 14.05 0.63 -91.00 109.00 206.00 320.00 -244.00 -1338.00 0
15338 2.37 14.26 0.70 -87.00 101.00 204.00 320.00 -244.00 -1338.00 0
15347 1.81 13.63 0.90 -84.00 93.00 211.00 320.00 -244.00 -1338.00 0
15356 0.70 11.48 1.32 -85.00 94.00 207.00 320.00 -244.00 -1338.00 0
15366 0.00 9.53 1.53 -80.00 88.00 203.00 320.00 -244.00 -1338.00 0
15375 -0.49 6.96 1.67 -74.00 88.00 204.00 320.00 -244.00 -1338.00 0
15384 -0.63 4.38 1.67 -71.00 95.00 201.00 320.00 -244.00 -1338.00 0
15393 -0.70 2.09 1.74 -70.00 94.00 202.00 320.00 -244.00 -1338.00 0
15403 -1.25 0.00 1.67 -64.00 94.00 193.00 320.00 -244.00 -1338.00 0
15412 -2.71 -1.95 0.90 -72.00 94.00 194.00 320.00 -244.00 -1338.00 0
15421 -2.92 -1.46 0.35 -76.00 102.00 202.00 320.00 -244.00 -1338.00 0
15430 -2.92 -0.42 -0.14 -80.00 105.00 200.00 320.00 -244.00 -1338.00 0
15439 -2.99 0.70 -0.49 -79.00 99.00 205.00 320.00 -244.00 -1338.00 0
15449 -3.20 1.60 -0.77 -77.00 95.00 202.00 320.00 -244.00 -1338.00 0
15458 -3.27 2.30 -0.90 -80.00 97.00 204.00 320.00 -244.00 -1338.00 0
15467 -2.85 3.27 -1.04 -83.00 98.00 207.00 320.00 -244.00 -1338.00 0
15476 -2.85 3.41 -0.97 -82.00 91.00 209.00 320.00 -244.00 -1338.00 0
15485 -3.06 3.20 -0.90 -79.00 91.00 207.00 320.00 -244.00 -1338.00 0
15495 -3.41 2.85 -0.83 -81.00 89.00 202.00 320.00 -244.00 -1338.00 0
15504 -3.69 2.37 -0.77 -84.00 94.00 201.00 320.00 -244.00 -1338.00 0
15513 -3.62 1.88 -0.63 -78.00 98.00 200.00 320.00 -244.00 -1338.00 0
15522 -2.85 0.90 -0.42 -77.00 106.00 194.00 320.00 -244.00 -1338.00 0
15532 -2.43 0.63 -0.35 -75.00 103.00 200.00 348.00 -257.00 -1138.00 0
15541 -2.37 0.70 -0.42 -76.00 101.00 198.00 348.00 -257.00 -1138.00 0
15550 -2.50 1.25 -0.56 -82.00 102.00 202.00 348.00 -257.00 -1138.00 0
15559 -2.71 1.95 -0.70 -79.00 96.00 208.00 348.00 -257.00 -1138.00 0
15568 -3.06 2.30 -0.70 -78.00 90.00 198.00 348.00 -257.00 -1138.00 0
15578 -3.55 2.23 -0.77 -76.00 94.00 198.00 348.00 -257.00 -1138.00 0
15587 -3.27 2.37 -0.70 -79.00 94.00 198.00 348.00 -257.00 -1138.00 0
15596 -2.99 2.64 -0.63 -80.00 99.00 204.00 355.00 -259.00 -1208.00 0
15605 -2.85 2.85 -0.56 -82.00 99.00 202.00 355.00 -259.00 -1208.00 0
15614 -2.85 2.99 -0.63 -81.00 97.00 204.00 355.00 -259.00 -1208.00 0
15624 -2.92 3.13 -0.77 -81.00 97.00 203.00 355.00 -259.00 -1208.00 0
15633 -3.06 2.85 -0.83 -81.00 97.00 202.00 355.00 -259.00 -1208.00 0
15642 -3.06 2.50 -0.83 -79.00 100.00 197.00 355.00 -259.00 -1208.00 0
15651 -2.92 2.43 -0.77 -76.00 95.00 197.00 355.00 -259.00 -1208.00 0
15661 -2.92 2.64 -0.83 -75.00 96.00 201.00 354.00 -258.00 -1052.00 0
15670 -2.78 3.27 -0.90 -75.00 93.00 197.00 354.00 -258.00 -1052.00 0
15679 -2.71 3.90 -0.97 -76.00 95.00 193.00 354.00 -258.00 -1052.00 0
15688 -2.09 5.36 -1.04 -81.00 103.00 195.00 354.00 -258.00 -1052.00 0
15697 -1.53 6.12 -1.04 -83.00 103.00 200.00 354.00 -258.00 -1052.00 0
15707 -1.32 6.61 -1.04 -83.00 103.00 198.00 354.00 -258.00 -1052.00 0
15717 -1.60 6.96 -1.11 -84.00 99.00 202.00 354.00 -258.00 -1052.00 0
15726 -2.09 7.17 -1.11 -88.00 96.00 201.00 359.00 -259.00 -1199.00 0
15735 -2.50 7.37 -1.18 -93.00 101.00 203.00 359.00 -259.00 -1199.00 0
15745 -2.71 7.17 -1.04 -91.00 100.00 203.00 359.00 -259.00 -1199.00 0
15754 -2.71 6.47 -0.90 -86.00 100.00 199.00 359.00 -259.00 -1199.00 0
15763 -2.78 5.84 -0.70 -79.00 101.00 195.00 359.00 -259.00 -1199.00 0
15772 -2.92 5.50 -0.56 -82.00 93.00 199.00 359.00 -259.00 -1199.00 0
15781 -3.13 5.84 -0.49 -83.00 89.00 201.00 359.00 -259.00 -1199.00 0
15791 -3.06 6.75 -0.42 -78.00 89.00 196.00 359.00 -261.00 -1200.00 0
15800 -2.09 8.70 -0.49 -77.00 93.00 195.00 364.00 -261.00 -1200.00 0
15809 -1.25 9.60 -0.70 -75.00 98.00 191.00 364.00 -261.00 -1200.00 0
15818 -0.49 10.71 -1.04 -74.00 96.00 189.00 364.00 -261.00 -1200.00 0
15827 0.28 12.38 -1.60 -71.00 95.00 187.00 364.00 -261.00 -1200.00 0
15837 1.11 14.75 -2.23 -73.00 94.00 186.00 364.00 -261.00 -1200.00 0
15846 2.16 22.05 -3.90 -81.00 93.00 184.00 364.00 -261.00 -1200.00 0
15855 4.73 26.57 -4.87 -92.00 100.00 192.00 364.00 -261.00 -1200.00 0
15864 6.19 30.89 -5.84 -94.00 104.00 194.00 364.00 -261.00 -1200.00 0
15874 7.23 34.64 -6.54 -99.00 103.00 193.00 364.00 -261.00 -1200.00 0
15883 7.72 37.43 -7.10 -97.00 97.00 191.00 364.00 -261.00 -1200.00 0
15892 7.79 39.37 -7.58 -95.00 95.00 188.00 364.00 -261.00 -1200.00 0
15902 8.14 42.37 -8.00 -89.00 99.00 180.00 364.00 -261.00 -1200.00 0
15911 8.56 44.31 -8.28 -90.00 99.00 183.00 364.00 -261.00 -1200.00 0
15921 8.77 47.23 -8.77 -102.00 99.00 183.00 364.00 -261.00 -1200.00 0
15930 8.77 50.50 -9.39 -107.00 104.00 185.00 364.00 -261.00 -1200.00 0
15939 8.70 53.50 -10.16 -119.00 103.00 189.00 364.00 -261.00 -1200.00 0
15948 8.70 55.72 -10.85 -124.00 111.00 194.00 364.00 -261.00 -1200.00 0
15958 8.35 56.63 -11.55 -127.00 109.00 191.00 364.00 -261.00 -1200.00 0
15968 7.72 55.37 -11.34 -122.00 106.00 180.00 364.00 -261.00 -1200.00 0
15977 7.03 53.63 -10.99 -115.00 101.00 177.00 364.00 -261.00 -1200.00 0
15986 6.40 52.10 -10.78 -113.00 102.00 177.00 364.00 -261.00 -1200.00 0
15995 5.63 51.06 -10.71 -120.00 97.00 172.00 364.00 -261.00 -1200.00 0
16005 4.59 51.06 -10.64 -118.00 96.00 173.00 364.00 -261.00 -1200.00 0
16014 4.31 51.90 -10.92 -124.00 103.00 172.00 364.00 -261.00 -1200.00 0
16024 4.17 53.08 -11.20 -128.00 105.00 176.00 364.00 -261.00 -1200.00 0
16033 3.97 54.19 -11.55 -136.00 101.00 179.00 364.00 -261.00 -1200.00 0
16043 3.41 55.10 -11.83 -138.00 103.00 181.00 364.00 -261.00 -1200.00 0
16052 2.43 54.33 -12.31 -146.00 108.00 176.00 364.00 -261.00 -1200.00 0
16062 2.16 52.73 -12.24 -148.00 100.00 170.00 364.00 -261.00 -1200.00 0
16071 1.88 50.64 -11.97 -136.00 98.00 167.00 364.00 -261.00 -1200.00 0
16080 2.09 48.42 -11.62 -127.00 96.00 157.00 364.00 -261.00 -1200.00 0
16090 2.78 46.68 -11.13 -118.00 94.00 146.00 364.00 -261.00 -1200.00 0
16099 3.76 46.33 -10.85 -116.00 95.00 145.00 364.00 -261.00 -1200.00 0
16108 5.84 48.77 -11.13 -102.00 79.00 132.00 364.00 -261.00 -1200.00 0
16118 7.17 53.29 -12.31 -76.00 79.00 107.00 364.00 -261.00 -1200.00 0
16128 9.67 61.98 -14.26 -82.00 94.00 98.00 364.00 -261.00 -1200.00 0
16137 13.43 77.22 -16.56 -114.00 83.00 101.00 364.00 -261.00 -1200.00 0
16146 16.63 96.90 -19.76 -230.00 63.00 169.00 364.00 -261.00 -1200.00 0
16155 23.65 132.38 -27.69 -503.00 193.00 408.00 364.00 -261.00 -1200.00 0
16164 30.05 117.70 -27.34 -178.00 151.00 131.00 364.00 -261.00 -1200.00 0
16175 26.78 90.78 -23.72 -131.00 142.00 121.00 364.00 -261.00 -1200.00 0
16184 22.26 71.10 -19.20 -212.00 74.00 144.00 620.00 -275.00 -1082.00 0
16193 13.63 59.20 -17.32 -174.00 91.00 141.00 549.00 -275.00 -1082.00 0
16202 4.31 38.82 -14.33 -155.00 126.00 135.00 549.00 -275.00 -1082.00 0
16212 2.50 31.65 -12.73 -171.00 105.00 137.00 549.00 -275.00 -1082.00 0
16222 -2.23 26.57 -12.45 -167.00 82.00 136.00 549.00 -275.00 -1082.00 0
16231 -7.03 22.68 -12.52 -168.00 84.00 138.00 549.00 -275.00 -1082.00 0
16240 -9.39 19.48 -12.38 -175.00 94.00 136.00 549.00 -275.00 -1082.00 0
16249 -9.46 14.12 -11.62 -170.00 94.00 139.00 549.00 -268.00 -1132.00 0
16259 -8.77 11.90 -10.78 -166.00 99.00 133.00 553.00 -268.00 -1132.00 0
16269 -7.79 10.09 -9.95 -166.00 98.00 136.00 553.00 -268.00 -1132.00 0
16278 -6.61 8.63 -8.83 -172.00 107.00 135.00 553.00 -268.00 -1132.00 0
16287 -5.08 7.58 -7.51 -176.00 103.00 140.00 553.00 -268.00 -1132.00 0
16296 -4.45 6.75 -6.54 -173.00 100.00 138.00 553.00 -268.00 -1132.00 0
16306 -4.17 4.87 -4.94 -168.00 94.00 139.00 553.00 -268.00 -1132.00 0
16315 -4.03 4.03 -3.97 -168.00 97.00 141.00 553.00 -268.00 -1132.00 0
16324 -3.90 3.34 -2.99 -170.00 97.00 137.00 553.00 -268.00 -1132.00 0
16333 -4.17 2.64 -2.50 -165.00 102.00 137.00 553.00 -268.00 -1132.00 0
16343 -4.66 1.81 -2.50 -167.00 100.00 136.00 553.00 -268.00 -1132.00 0
16353 -5.63 0.77 -3.20 -171.00 95.00 140.00 553.00 -268.00 -1132.00 0
16362 -8.77 0.35 -3.62 -174.00 92.00 140.00 553.00 -268.00 -1132.00 0
16371 -9.88 -0.21 -3.90 -169.00 93.00 134.00 553.00 -268.00 -1132.00 0
16380 -10.23 -0.97 -3.97 -169.00 91.00 131.00 553.00 -268.00 -1132.00 0
16390 -10.02 -1.53 -3.90 -172.00 96.00 134.00 553.00 -268.00 -1132.00 0
16399 -9.74 -1.95 -3.90 -172.00 96.00 141.00 553.00 -268.00 -1132.00 0
16408 -7.86 -2.30 -3.41 -165.00 97.00 140.00 553.00 -268.00 -1132.00 0
16417 -7.10 -2.37 -3.06 -170.00 92.00 143.00 553.00 -268.00 -1132.00 0
16427 -6.33 -2.30 -2.71 -167.00 95.00 138.00 553.00 -268.00 -1132.00 0
16436 -5.15 -1.95 -2.02 -168.00 100.00 135.00 553.00 -268.00 -1132.00 0
16445 -4.03 -1.74 -1.32 -169.00 98.00 136.00 553.00 -268.00 -1132.00 0
16455 -3.20 -1.53 -0.63 -168.00 97.00 137.00 553.00 -268.00 -1132.00 0
16464 -3.41 -1.53 -0.49 -165.00 89.00 133.00 553.00 -268.00 -1132.00 0
16474 -3.69 -1.46 -1.11 -173.00 99.00 132.00 553.00 -268.00 -1132.00 0
16483 -3.27 -1.32 -1.53 -173.00 99.00 142.00 553.00 -268.00 -1132.00 0
16492 -2.99 -1.32 -1.74 -171.00 89.00 136.00 553.00 -268.00 -1132.00 0
16501 -3.34 -1.46 -1.95 -168.00 90.00 136.00 553.00 -268.00 -1132.00 0
16510 -3.69 -2.09 -2.23 -173.00 96.00 141.00 553.00 -268.00 -1132.00 0
16520 -2.78 -2.50 -2.09 -165.00 99.00 138.00 553.00 -268.00 -1132.00 0
16529 -2.30 -2.57 -2.02 -166.00 97.00 136.00 553.00 -268.00 -1132.00 0
16538 -1.74 -2.50 -1.74 -166.00 103.00 136.00 553.00 -268.00 -1132.00 0
16547 -1.39 -2.37 -1.60 -168.00 107.00 139.00 553.00 -268.00 -1132.00 0
16557 -0.97 -2.16 -1.46 -167.00 106.00 137.00 553.00 -268.00 -1132.00 0
16567 -1.95 -1.74 -1.11 -171.00 103.00 134.00 553.00 -268.00 -1132.00 0
16576 -2.64 -1.60 -0.90 -175.00 107.00 138.00 553.00 -268.00 -1132.00 0
16585 -3.48 -1.67 -0.63 -166.00 93.00 136.00 553.00 -268.00 -1132.00 0
16594 -4.87 -1.81 -0.70 -165.00 92.00 133.00 553.00 -268.00 -1132.00 0
16604 -5.91 -1.95 -0.90 -166.00 88.00 138.00 553.00 -268.00 -1132.00 0
16613 -6.19 -1.95 -1.11 -167.00 91.00 139.00 553.00 -268.00 -1132.00 0
16622 -6.47 -1.67 -1.88 -169.00 90.00 137.00 553.00 -268.00 -1132.00 0
16631 -6.26 -1.39 -2.09 -173.00 96.00 142.00 553.00 -268.00 -1132.00 0
16641 -5.84 -1.11 -2.09 -169.00 98.00 142.00 553.00 -268.00 -1132.00 0
16650 -5.57 -0.97 -2.16 -172.00 95.00 140.00 553.00 -268.00 -1132.00 0
16659 -5.57 -0.97 -2.16 -170.00 98.00 140.00 553.00 -268.00 -1132.00 0
16669 -5.36 -1.18 -2.02 -164.00 99.00 136.00 553.00 -268.00 -1132.00 0
16678 -5.29 -1.18 -1.95 -167.00 101.00 137.00 553.00 -268.00 -1132.00 0
16688 -5.15 -1.04 -1.74 -168.00 98.00 134.00 553.00 -268.00 -1132.00 0
16697 -5.15 -0.77 -1.32 -166.00 98.00 141.00 553.00 -268.00 -1132.00 0
16706 -5.29 -0.49 -0.90 -168.00 104.00 135.00 553.00 -268.00 -1132.00 0
16715 -5.70 -0.14 -0.56 -167.00 98.00 131.00 553.00 -268.00 -1132.00 0
16724 -8.07 0.63 -0.63 -162.00 89.00 133.00 553.00 -268.00 -1132.00 0
16734 -9.18 0.97 -0.90 -166.00 91.00 135.00 553.00 -268.00 -1132.00 0
16743 -10.43 1.18 -1.67 -165.00 85.00 134.00 553.00 -268.00 -1132.00 0
16752 -11.76 0.42 -2.71 -165.00 80.00 139.00 553.00 -268.00 -1132.00 0
16761 -12.45 -0.49 -3.97 -175.00 87.00 146.00 553.00 -268.00 -1132.00 0
16772 -12.10 -1.60 -4.80 -179.00 93.00 147.00 553.00 -268.00 -1132.00 0
16781 -9.25 -2.64 -4.80 -175.00 95.00 148.00 553.00 -268.00 -1132.00 0
16790 -8.14 -2.57 -4.59 -171.00 92.00 143.00 553.00 -268.00 -1132.00 0
16799 -7.65 -2.57 -4.38 -168.00 90.00 143.00 553.00 -268.00 -1132.00 0
16808 -6.89 -2.50 -3.76 -171.00 95.00 139.00 553.00 -268.00 -1132.00 0
16818 -5.77 -2.50 -2.85 -169.00 99.00 141.00 553.00 -268.00 -1132.00 0
16827 -4.94 -2.57 -1.46 -167.00 99.00 135.00 553.00 -268.00 -1132.00 0
16836 -4.38 -2.57 -0.97 -169.00 100.00 132.00 553.00 -268.00 -1132.00 0
16845 -4.17 -2.37 -0.63 -166.00 98.00 139.00 553.00 -268.00 -1132.00 0
16855 -4.03 -2.16 -0.49 -168.00 103.00 139.00 553.00 -268.00 -1132.00 0
16864 -4.24 -1.95 -0.70 -164.00 93.00 135.00 553.00 -268.00 -1132.00 0
16874 -4.80 -1.67 -0.97 -168.00 93.00 140.00 553.00 -268.00 -1132.00 0
16883 -5.84 -1.18 -1.53 -166.00 84.00 137.00 553.00 -268.00 -1132.00 0
16892 -5.84 -0.97 -1.60 -166.00 84.00 140.00 553.00 -268.00 -1132.00 0
16902 -5.29 -0.70 -1.60 -171.00 88.00 141.00 553.00 -268.00 -1132.00 0
16911 -4.59 -0.49 -1.67 -171.00 93.00 140.00 553.00 -268.00 -1132.00 0
16920 -3.83 -0.49 -1.60 -169.00 94.00 143.00 553.00 -268.00 -1132.00 0
16929 -3.13 -0.56 -1.39 -170.00 99.00 137.00 553.00 -268.00 -1132.00 0
16939 -2.64 -0.97 -0.90 -172.00 101.00 138.00 553.00 -268.00 -1132.00 0
16948 -2.92 -1.39 -0.83 -172.00 96.00 140.00 553.00 -268.00 -1132.00 0
16957 -3.34 -1.74 -0.63 -166.00 97.00 137.00 553.00 -268.00 -1132.00 0
16966 -3.69 -2.09 -0.56 -162.00 92.00 142.00 553.00 -268.00 -1132.00 0
16975 -3.97 -2.43 -0.35 -160.00 85.00 140.00 551.00 -257.00 -1031.00 0
16985 -4.24 -2.64 -0.35 -162.00 94.00 137.00 551.00 -257.00 -1031.00 0
16995 -3.97 -2.16 -0.90 -168.00 92.00 141.00 551.00 -257.00 -1031.00 0
17004 -3.76 -1.67 -1.18 -168.00 93.00 139.00 551.00 -257.00 -1031.00 0
17013 -3.62 -1.25 -1.53 -173.00 96.00 143.00 551.00 -257.00 -1031.00 0
17022 -3.34 -0.97 -1.60 -172.00 99.00 142.00 551.00 -257.00 -1031.00 0
17032 -3.13 -0.83 -1.60 -177.00 101.00 143.00 551.00 -257.00 -1031.00 0
17041 -3.13 -1.32 -1.60 -175.00 94.00 142.00 551.00 -257.00 -1323.00 0
17050 -3.97 -1.81 -1.60 -168.00 88.00 139.00 551.00 -257.00 -1323.00 0
17059 -4.17 -2.30 -1.32 -163.00 91.00 139.00 551.00 -257.00 -1323.00 0
17069 -3.90 -2.64 -0.83 -167.00 96.00 139.00 551.00 -257.00 -1323.00 0
17078 -3.83 -2.85 -0.42 -162.00 95.00 138.00 551.00 -257.00 -1323.00 0
17087 -4.03 -2.92 -0.28 -165.00 92.00 144.00 551.00 -257.00 -1323.00 0
17096 -4.24 -2.78 -0.14 -162.00 88.00 140.00 551.00 -257.00 -1323.00 0
17106 -4.24 -2.57 -0.21 -168.00 97.00 143.00 550.00 -258.00 -1140.00 0
17116 -4.03 -2.37 -0.14 -165.00 97.00 143.00 550.00 -258.00 -1140.00 0
17125 -3.97 -2.23 0.00 -167.00 99.00 144.00 550.00 -258.00 -1140.00 0
17134 -4.10 -1.95 0.21 -175.00 105.00 145.00 550.00 -258.00 -1140.00 0
17143 -4.66 -1.81 0.28 -179.00 108.00 146.00 550.00 -258.00 -1140.00 0
17153 -8.21 -2.85 0.42 -184.00 99.00 143.00 550.00 -258.00 -1140.00 0
17162 -12.17 -4.17 -0.28 -202.00 113.00 156.00 550.00 -258.00 -1140.00 0
17171 -16.14 -7.30 -0.90 -219.00 112.00 179.00 543.00 -250.00 -1274.00 0
17180 -19.97 -13.77 -0.56 -216.00 100.00 183.00 543.00 -250.00 -1274.00 0
17190 -24.21 -24.49 0.28 -192.00 94.00 173.00 543.00 -250.00 -1274.00 0
17200 -30.61 -54.47 2.99 -167.00 92.00 156.00 543.00 -250.00 -1274.00 0
17209 -32.49 -69.36 5.01 -141.00 86.00 144.00 543.00 -250.00 -1274.00 0
17218 -34.71 -83.62 6.26 -132.00 88.00 144.00 543.00 -250.00 -1274.00 0
17227 -37.29 -97.04 6.40 -138.00 105.00 165.00 543.00 -250.00 -1274.00 0
17236 -39.86 -110.26 5.29 -158.00 93.00 193.00 479.00 -232.00 -1175.00 0
17247 -44.10 -125.22 2.99 -166.00 79.00 204.00 479.00 -232.00 -1175.00 0
17256 -51.48 -157.08 -1.04 -170.00 69.00 218.00 479.00 -232.00 -1175.00 0
17265 -50.37 -171.27 -0.77 -155.00 77.00 221.00 479.00 -232.00 -1175.00 0
17274 -46.61 -183.17 1.25 -128.00 66.00 204.00 479.00 -232.00 -1175.00 0
17284 -41.67 -192.00 4.59 -109.00 75.00 210.00 479.00 -232.00 -1175.00 0
17294 -35.90 -197.08 8.77 -79.00 75.00 213.00 479.00 -232.00 -1175.00 0
17303 -31.10 -197.50 14.40 -88.00 53.00 174.00 364.00 -222.00 -1266.00 0
17312 -30.82 -190.82 17.95 -54.00 70.00 176.00 364.00 -222.00 -1266.00 0
17321 -28.24 -183.10 20.73 -51.00 60.00 160.00 364.00 -222.00 -1266.00 0
17331 -26.09 -174.68 21.77 -43.00 80.00 173.00 364.00 -222.00 -1266.00 0
17341 -22.75 -166.12 22.40 -49.00 82.00 181.00 364.00 -222.00 -1266.00 0
17350 -17.67 -144.00 18.57 -51.00 89.00 192.00 364.00 -222.00 -1266.00 0
17359 -17.11 -131.41 16.28 -49.00 81.00 198.00 364.00 -222.00 -1266.00 0
17369 -16.77 -119.30 14.47 -46.00 70.00 200.00 288.00 -219.00 -1193.00 0
17378 -16.56 -108.31 12.73 -32.00 61.00 193.00 288.00 -219.00 -1193.00 0
17388 -15.72 -98.16 11.06 -19.00 61.00 188.00 288.00 -219.00 -1193.00 0
17397 -13.91 -87.93 8.35 -17.00 65.00 186.00 288.00 -219.00 -1193.00 0
17406 -8.28 -65.11 6.96 -18.00 68.00 185.00 288.00 -219.00 -1193.00 0
17416 -5.50 -52.38 5.29 -28.00 80.00 193.00 288.00 -219.00 -1193.00 0
17425 -2.50 -39.23 3.48 -39.00 85.00 199.00 288.00 -219.00 -1193.00 0
17434 -0.14 -26.30 1.60 -48.00 80.00 207.00 279.00 -222.00 -1133.00 0
17443 1.74 -14.47 -0.35 -62.00 90.00 221.00 279.00 -222.00 -1133.00 0
17453 5.22 4.17 -3.06 -70.00 100.00 233.00 279.00 -222.00 -1133.00 0
17462 5.84 9.81 -3.76 -78.00 104.00 234.00 279.00 -222.00 -1133.00 0
17471 5.08 12.73 -3.97 -64.00 86.00 231.00 279.00 -222.00 -1133.00 0
17480 3.41 13.50 -3.62 -63.00 72.00 221.00 279.00 -222.00 -1133.00 0
17489 1.81 13.36 -2.92 -59.00 78.00 213.00 279.00 -222.00 -1133.00 0
17499 0.97 12.87 -2.16 -60.00 81.00 216.00 293.00 -226.00 -975.00 0
17508 1.18 11.55 -1.04 -58.00 81.00 215.00 293.00 -226.00 -975.00 0
17517 1.18 10.99 -0.83 -61.00 85.00 215.00 293.00 -226.00 -975.00 0
17526 1.11 10.64 -0.70 -60.00 84.00 216.00 293.00 -226.00 -975.00 0
17536 1.11 10.57 -0.49 -62.00 85.00 216.00 293.00 -226.00 -975.00 0
17545 1.39 10.99 -0.21 -58.00 87.00 209.00 293.00 -226.00 -975.00 0
17554 1.74 12.24 0.00 -62.00 92.00 214.00 293.00 -226.00 -975.00 0
17563 1.74 12.80 0.63 -56.00 88.00 213.00 300.00 -233.00 -1261.00 0
17572 1.04 11.90 0.70 -57.00 87.00 211.00 300.00 -233.00 -1261.00 0
17582 0.07 10.37 0.63 -59.00 88.00 212.00 300.00 -233.00 -1261.00 0
17591 -0.90 8.56 0.35 -62.00 82.00 215.00 300.00 -233.00 -1261.00 0
17600 -1.74 6.82 0.07 -60.00 85.00 211.00 300.00 -233.00 -1261.00 0
17609 -2.37 5.29 -0.28 -61.00 85.00 209.00 300.00 -233.00 -1261.00 0
17619 -2.78 3.48 -0.70 -61.00 92.00 216.00 300.00 -233.00 -1261.00 0
17629 -2.99 3.34 -0.83 -69.00 87.00 219.00 300.00 -230.00 -1143.00 0
17638 -3.69 3.27 -0.90 -64.00 76.00 214.00 303.00 -230.00 -1143.00 0
17647 -4.38 3.34 -0.90 -66.00 75.00 213.00 303.00 -230.00 -1143.00 0
17656 -4.45 3.41 -0.90 -67.00 81.00 222.00 303.00 -230.00 -1143.00 0
17666 -3.90 3.48 -0.77 -64.00 75.00 219.00 303.00 -230.00 -1143.00 0
17675 -2.43 3.55 -0.28 -64.00 75.00 214.00 303.00 -230.00 -1143.00 0
17684 -1.60 4.31 0.00 -65.00 81.00 214.00 303.00 -230.00 -1143.00 0
17692 -0.28 5.43 0.42 -64.00 83.00 213.00 303.00 -230.00 -1143.00 0
17701 1.32 6.33 0.97 -63.00 88.00 209.00 303.00 -230.00 -1143.00 0
17711 2.78 7.37 1.53 -55.00 95.00 204.00 303.00 -230.00 -1143.00 0
17720 3.97 8.63 1.95 -65.00 100.00 207.00 303.00 -230.00 -1143.00 0
17730 4.66 9.18 2.37 -67.00 103.00 210.00 303.00 -230.00 -1143.00 0
17739 3.55 8.63 2.30 -69.00 94.00 217.00 303.00 -230.00 -1143.00 0
17748 2.23 7.72 2.09 -71.00 94.00 216.00 303.00 -230.00 -1143.00 0
17758 0.90 6.33 2.02 -68.00 86.00 213.00 303.00 -230.00 -1143.00 0
17767 -0.14 4.59 2.09 -65.00 80.00 210.00 303.00 -230.00 -1143.00 0
17776 -0.97 2.85 2.23 -58.00 78.00 205.00 303.00 -230.00 -1143.00 0
17785 -1.46 1.18 2.02 -61.00 82.00 204.00 303.00 -230.00 -1143.00 0
17795 -0.90 1.53 1.74 -61.00 85.00 206.00 303.00 -230.00 -1143.00 0
17804 -0.21 2.23 1.46 -64.00 87.00 212.00 303.00 -230.00 -1143.00 0
17813 0.49 3.06 1.25 -63.00 96.00 204.00 303.00 -230.00 -1143.00 0
17822 1.11 4.03 1.04 -61.00 94.00 205.00 303.00 -230.00 -1143.00 0
17831 1.39 4.94 0.90 -60.00 97.00 205.00 303.00 -230.00 -1143.00 0
17841 1.39 5.91 0.90 -59.00 97.00 205.00 303.00 -230.00 -1143.00 0
17850 0.97 8.49 0.83 -63.00 99.00 207.00 303.00 -230.00 -1143.00 0
17859 0.07 9.60 0.77 -64.00 89.00 214.00 303.00 -230.00 -1143.00 0
17868 -1.04 10.16 0.70 -74.00 87.00 216.00 303.00 -230.00 -1143.00 0
17878 -1.88 10.43 0.63 -82.00 91.00 219.00 303.00 -230.00 -1143.00 0
17887 -2.43 10.02 0.63 -78.00 85.00 217.00 303.00 -230.00 -1143.00 0
17896 -2.99 8.70 0.77 -74.00 84.00 212.00 303.00 -230.00 -1143.00 0
17905 -3.62 5.01 0.90 -72.00 80.00 209.00 303.00 -230.00 -1143.00 0
17914 -3.06 3.55 1.04 -64.00 86.00 210.00 303.00 -230.00 -1143.00 0
17924 -2.09 2.57 1.32 -62.00 87.00 205.00 303.00 -230.00 -1143.00 0
17933 -1.18 2.16 1.53 -62.00 88.00 202.00 303.00 -230.00 -1143.00 0
17942 -0.63 2.30 1.53 -64.00 95.00 202.00 303.00 -230.00 -1143.00 0
17951 -0.07 2.92 1.32 -67.00 100.00 208.00 303.00 -230.00 -1143.00 0
17960 1.04 4.94 1.18 -67.00 101.00 209.00 322.00 -245.00 -1152.00 0
17970 0.90 5.77 0.97 -69.00 94.00 207.00 322.00 -245.00 -1152.00 0
17979 0.63 6.40 0.83 -61.00 90.00 201.00 322.00 -245.00 -1152.00 0
17988 0.35 7.10 0.70 -63.00 88.00 201.00 322.00 -245.00 -1152.00 0
17997 0.07 8.07 0.42 -65.00 84.00 208.00 322.00 -245.00 -1152.00 0
18007 -0.07 9.25 -0.28 -72.00 89.00 209.00 322.00 -245.00 -1152.00 0
18016 0.35 10.92 -0.63 -74.00 94.00 214.00 322.00 -245.00 -1152.00 0
18025 0.70 11.06 -0.77 -79.00 99.00 209.00 334.00 -247.00 -1211.00 0
18034 0.83 11.06 -0.90 -79.00 98.00 209.00 334.00 -247.00 -1211.00 0
18043 0.63 10.71 -0.83 -74.00 96.00 206.00 334.00 -247.00 -1211.00 0
18053 0.35 10.30 -0.63 -70.00 95.00 202.00 334.00 -247.00 -1211.00 0
18062 0.14 10.02 -0.28 -72.00 95.00 203.00 334.00 -247.00 -1211.00 0
18071 -0.63 10.09 -0.14 -67.00 90.00 204.00 334.00 -247.00 -1211.00 0
18080 -0.97 10.57 -0.14 -69.00 85.00 205.00 334.00 -247.00 -1211.00 0
18089 -1.25 11.34 -0.14 -68.00 86.00 201.00 339.00 -251.00 -1153.00 0
18099 -1.32 12.31 -0.42 -67.00 87.00 200.00 339.00 -251.00 -1153.00 0
18108 -0.97 13.63 -0.90 -66.00 100.00 194.00 339.00 -251.00 -1153.00 0
18117 0.07 17.25 -1.74 -68.00 96.00 194.00 339.00 -251.00 -1153.00 0
18126 0.00 19.90 -2.23 -73.00 91.00 194.00 339.00 -251.00 -1153.00 0
18136 -0.28 22.96 -2.85 -82.00 86.00 201.00 339.00 -251.00 -1153.00 0
18146 -0.63 25.95 -3.69 -90.00 92.00 203.00 339.00 -251.00 -1153.00 0
18155 -0.63 28.59 -4.52 -84.00 94.00 197.00 362.00 -250.00 -1110.00 0
18164 -0.14 30.82 -5.01 -76.00 86.00 195.00 362.00 -250.00 -1110.00 0
18173 1.11 34.71 -5.50 -65.00 87.00 188.00 362.00 -250.00 -1110.00 0
18183 1.74 37.29 -5.91 -67.00 83.00 185.00 362.00 -250.00 -1110.00 0
18192 2.64 40.56 -6.54 -71.00 83.00 183.00 362.00 -250.00 -1110.00 0
18201 3.83 44.73 -7.30 -80.00 87.00 182.00 362.00 -250.00 -1110.00 0
18210 5.36 49.46 -8.42 -82.00 93.00 189.00 362.00 -250.00 -1110.00 0
18220 7.30 54.33 -9.39 -85.00 92.00 182.00 395.00 -255.00 -1062.00 0
18229 10.78 63.86 -11.90 -82.00 85.00 181.00 395.00 -255.00 -1062.00 0
18238 12.59 69.01 -13.08 -101.00 88.00 179.00 395.00 -255.00 -1062.00 0
18247 14.61 74.43 -14.05 -114.00 91.00 190.00 395.00 -255.00 -1062.00 0
18257 16.63 79.23 -14.89 -141.00 120.00 212.00 395.00 -255.00 -1062.00 0
18267 18.64 82.30 -15.30 -154.00 128.00 213.00 395.00 -255.00 -1062.00 0
18276 18.30 78.75 -15.17 -153.00 125.00 218.00 395.00 -255.00 -1062.00 0
18285 15.86 72.21 -14.33 -146.00 110.00 200.00 443.00 -267.00 -1194.00 0
18295 12.45 64.07 -13.15 -135.00 95.00 191.00 443.00 -267.00 -1194.00 0
18305 9.25 55.58 -11.76 -119.00 96.00 179.00 443.00 -267.00 -1194.00 0
18314 7.17 47.79 -10.37 -109.00 96.00 168.00 443.00 -267.00 -1194.00 0
18323 5.63 41.60 -8.97 -111.00 96.00 166.00 443.00 -267.00 -1194.00 0
18332 2.64 36.03 -8.90 -111.00 84.00 165.00 443.00 -267.00 -1194.00 0
18341 1.32 36.38 -9.25 -112.00 83.00 163.00 443.00 -267.00 -1194.00 0
18351 1.11 38.19 -9.88 -106.00 82.00 156.00 461.00 -265.00 -1200.00 0
18361 2.09 41.11 -10.50 -98.00 83.00 148.00 461.00 -265.00 -1200.00 0
18370 4.24 45.43 -11.34 -90.00 93.00 138.00 461.00 -265.00 -1200.00 0
18379 9.67 60.10 -14.47 -82.00 85.00 126.00 461.00 -265.00 -1200.00 0
18388 12.45 72.77 -16.63 -93.00 76.00 124.00 461.00 -265.00 -1200.00 0
18398 15.37 89.25 -19.41 -114.00 78.00 120.00 461.00 -265.00 -1200.00 0
18407 18.71 107.62 -22.82 -134.00 93.00 124.00 461.00 -265.00 -1200.00 0
18416 22.54 126.05 -26.78 -164.00 84.00 126.00 535.00 -267.00 -1161.00 0
18426 26.43 155.34 -33.18 -513.00 195.00 445.00 535.00 -267.00 -1161.00 0
18436 38.54 137.39 -31.79 -235.00 174.00 187.00 535.00 -267.00 -1161.00 0
18445 33.32 105.18 -27.55 -108.00 124.00 91.00 535.00 -267.00 -1161.00 0
18455 25.11 81.53 -23.10 -203.00 67.00 150.00 535.00 -267.00 -1161.00 0
18464 16.63 66.85 -19.97 -185.00 86.00 146.00 535.00 -267.00 -1161.00 0
18473 11.97 54.61 -14.33 -145.00 106.00 137.00 535.00 -267.00 -1161.00 0
18483 9.18 34.99 -12.24 -166.00 106.00 139.00 545.00 -268.00 -1187.00 0
18492 6.47 30.75 -11.34 -176.00 102.00 136.00 545.00 -268.00 -1187.00 0
18502 3.90 27.55 -10.30 -166.00 97.00 139.00 545.00 -268.00 -1187.00 0
18511 2.16 24.21 -9.04 -161.00 107.00 145.00 545.00 -268.00 -1187.00 0
18521 1.39 20.66 -8.21 -164.00 104.00 135.00 545.00 -268.00 -1187.00 0
18530 -0.97 15.51 -7.72 -162.00 104.00 135.00 545.00 -268.00 -1187.00 0
18539 -2.16 13.29 -7.03 -163.00 100.00 136.00 545.00 -268.00 -1187.00 0
18549 -3.27 11.55 -6.61 -165.00 100.00 137.00 547.00 -266.00 -1195.00 0
18558 -4.31 10.02 -6.26 -164.00 100.00 137.00 547.00 -266.00 -1195.00 0
18568 -5.08 8.90 -5.77 -167.00 101.00 135.00 547.00 -266.00 -1195.00 0
18577 -5.50 6.61 -5.15 -167.00 98.00 137.00 547.00 -266.00 -1195.00 0
18586 -5.77 5.84 -5.01 -167.00 91.00 134.00 547.00 -266.00 -1195.00 0
18595 -6.12 5.50 -5.22 -167.00 101.00 138.00 547.00 -266.00 -1195.00 0
18605 -5.63 5.36 -5.22 -169.00 104.00 143.00 547.00 -266.00 -1195.00 0
18614 -5.29 5.15 -5.15 -171.00 98.00 135.00 550.00 -262.00 -1255.00 0
18623 -5.91 4.94 -5.08 -176.00 94.00 138.00 550.00 -262.00 -1255.00 0
18633 -7.37 4.59 -5.36 -170.00 93.00 137.00 550.00 -262.00 -1255.00 0
18642 -7.79 4.10 -5.43 -171.00 90.00 138.00 550.00 -262.00 -1255.00 0
18652 -8.00 3.55 -5.50 -167.00 89.00 137.00 550.00 -262.00 -1255.00 0
18661 -7.79 2.99 -5.50 -173.00 101.00 137.00 550.00 -262.00 -1255.00 0
18670 -7.23 2.43 -5.22 -170.00 97.00 144.00 550.00 -262.00 -1255.00 0
18679 -6.61 2.09 -4.24 -172.00 94.00 139.00 550.00 -261.00 -1118.00 0
18689 -6.26 1.60 -3.76 -172.00 101.00 140.00 550.00 -261.00 -1118.00 0
18698 -6.12 1.39 -3.27 -170.00 97.00 139.00 550.00 -261.00 -1118.00 0
18707 -6.40 1.11 -2.92 -164.00 97.00 133.00 550.00 -261.00 -1118.00 0
18716 -6.82 0.83 -2.85 -166.00 101.00 141.00 550.00 -261.00 -1118.00 0
18725 -7.30 0.70 -2.99 -169.00 96.00 134.00 550.00 -261.00 -1118.00 0
18735 -8.70 0.42 -3.69 -170.00 96.00 140.00 550.00 -261.00 -1118.00 0
18745 -9.11 0.14 -3.90 -172.00 94.00 141.00 553.00 -257.00 -1106.00 0
18754 -9.46 -0.14 -4.03 -172.00 84.00 138.00 553.00 -257.00 -1106.00 0
18763 -9.32 -0.28 -3.97 -173.00 88.00 136.00 553.00 -257.00 -1106.00 0
18772 -8.42 -0.49 -3.62 -174.00 94.00 139.00 553.00 -257.00 -1106.00 0
18782 -7.37 -0.63 -3.13 -164.00 90.00 138.00 553.00 -257.00 -1106.00 0
18791 -5.43 -0.63 -2.23 -168.00 95.00 135.00 553.00 -257.00 -1106.00 0
18800 -5.36 -0.63 -2.23 -172.00 91.00 142.00 553.00 -257.00 -1106.00 0
18809 -5.08 -0.63 -2.30 -170.00 94.00 133.00 553.00 -257.00 -1106.00 0
18819 -4.59 -0.56 -2.23 -175.00 100.00 137.00 553.00 -257.00 -1106.00 0
18828 -4.17 -0.56 -2.09 -171.00 96.00 135.00 553.00 -257.00 -1106.00 0
18837 -4.24 -0.56 -2.02 -170.00 95.00 142.00 553.00 -257.00 -1106.00 0
18846 -4.66 -0.90 -2.09 -170.00 95.00 137.00 553.00 -257.00 -1106.00 0
18855 -5.01 -1.11 -2.16 -167.00 89.00 137.00 553.00 -257.00 -1106.00 0
18866 -5.50 -1.32 -2.02 -165.00 88.00 139.00 553.00 -257.00 -1106.00 0
18875 -5.84 -1.32 -2.09 -167.00 91.00 137.00 553.00 -257.00 -1106.00 0
18884 -5.57 -1.32 -2.16 -169.00 94.00 137.00 553.00 -257.00 -1106.00 0
18893 -5.01 -1.18 -1.81 -171.00 95.00 138.00 553.00 -257.00 -1106.00 0
18903 -3.76 -1.11 -1.53 -169.00 91.00 137.00 553.00 -257.00 -1106.00 0
18912 -3.13 -1.11 -1.18 -172.00 96.00 138.00 553.00 -257.00 -1106.00 0
18921 -2.37 -1.18 -0.77 -168.00 91.00 141.00 553.00 -257.00 -1106.00 0
18930 -1.81 -1.18 -0.49 -168.00 102.00 140.00 553.00 -257.00 -1106.00 0
18939 -1.60 -1.04 -0.42 -167.00 100.00 140.00 553.00 -257.00 -1106.00 0
18949 -2.99 -0.49 -0.77 -170.00 93.00 139.00 553.00 -257.00 -1106.00 0
18958 -3.97 -0.21 -0.83 -171.00 89.00 136.00 553.00 -257.00 -1106.00 0
18967 -4.66 -0.14 -1.04 -174.00 93.00 139.00 553.00 -257.00 -1106.00 0
18977 -4.87 0.00 -1.25 -178.00 96.00 138.00 553.00 -257.00 -1106.00 0
18987 -4.80 -0.07 -1.32 -174.00 94.00 139.00 553.00 -257.00 -1106.00 0
18996 -4.66 -0.21 -1.18 -170.00 100.00 140.00 553.00 -257.00 -1106.00 0
19005 -4.73 -0.63 -0.83 -168.00 99.00 137.00 553.00 -257.00 -1106.00 0
19014 -5.70 -0.90 -0.83 -167.00 92.00 136.00 553.00 -257.00 -1106.00 0
19023 -6.47 -1.04 -0.83 -165.00 92.00 137.00 553.00 -257.00 -1106.00 0
19033 -6.96 -1.11 -0.90 -162.00 86.00 135.00 553.00 -257.00 -1106.00 0
19042 -7.10 -1.04 -1.04 -160.00 89.00 138.00 553.00 -257.00 -1106.00 0
19051 -6.75 -0.70 -1.11 -167.00 92.00 139.00 553.00 -257.00 -1106.00 0
19060 -5.29 0.00 -1.25 -172.00 98.00 138.00 553.00 -257.00 -1106.00 0
19069 -4.80 0.28 -1.53 -171.00 95.00 139.00 553.00 -257.00 -1106.00 0
19079 -4.87 0.42 -1.81 -175.00 94.00 138.00 553.00 -256.00 -1173.00 0
19088 -4.66 0.42 -1.95 -176.00 94.00 140.00 553.00 -256.00 -1173.00 0
19097 -4.24 0.35 -1.67 -169.00 95.00 140.00 553.00 -256.00 -1173.00 0
19107 -3.90 -0.07 -1.11 -167.00 93.00 138.00 553.00 -256.00 -1173.00 0
19117 -3.83 -0.14 -0.90 -168.00 91.00 134.00 553.00 -256.00 -1173.00 0
19126 -3.69 -0.14 -0.83 -166.00 89.00 138.00 553.00 -256.00 -1173.00 0
19135 -3.34 -0.14 -0.90 -168.00 89.00 139.00 553.00 -256.00 -1173.00 0
19144 -3.13 -0.07 -1.04 -175.00 93.00 145.00 553.00 -256.00 -1173.00 0
19153 -2.64 0.00 -1.18 -173.00 97.00 139.00 553.00 -256.00 -1173.00 0
19163 -2.57 -0.14 -0.97 -172.00 93.00 140.00 553.00 -256.00 -1173.00 0
19172 -2.64 -0.35 -0.77 -173.00 93.00 136.00 553.00 -256.00 -1173.00 0
19181 -2.71 -0.63 -0.42 -171.00 98.00 140.00 553.00 -256.00 -1173.00 0
19190 -2.71 -0.97 -0.07 -170.00 96.00 139.00 553.00 -256.00 -1173.00 0
19200 -2.92 -1.25 0.14 -163.00 97.00 138.00 553.00 -256.00 -1173.00 0
19209 -3.20 -1.32 0.14 -165.00 99.00 138.00 553.00 -256.00 -1173.00 0
19218 -3.76 -1.11 0.07 -166.00 97.00 140.00 553.00 -256.00 -1173.00 0
19227 -4.24 -0.90 -0.14 -169.00 92.00 133.00 553.00 -256.00 -1173.00 0
19236 -4.80 -0.70 -0.56 -167.00 98.00 138.00 553.00 -256.00 -1173.00 0
19246 -5.15 -0.42 -1.11 -168.00 94.00 139.00 553.00 -256.00 -1173.00 0
19256 -5.29 -0.21 -1.53 -170.00 92.00 138.00 553.00 -256.00 -1173.00 0
19265 -5.50 -0.07 -1.60 -172.00 92.00 138.00 553.00 -256.00 -1173.00 0
19274 -5.36 -0.07 -1.46 -174.00 99.00 139.00 553.00 -256.00 -1173.00 0
19283 -5.36 -0.28 -1.25 -181.00 104.00 144.00 553.00 -256.00 -1173.00 0
19293 -6.12 -0.83 -0.90 -189.00 110.00 148.00 553.00 -256.00 -1173.00 0
19302 -8.07 -2.16 -0.49 -186.00 101.00 141.00 553.00 -256.00 -1173.00 0
19311 -11.34 -4.24 -0.07 -176.00 84.00 144.00 553.00 -256.00 -1173.00 0
19320 -18.23 -10.64 0.70 -167.00 78.00 143.00 553.00 -256.00 -1173.00 0
19330 -19.69 -13.57 1.04 -162.00 89.00 143.00 553.00 -256.00 -1173.00 0
19340 -19.20 -15.23 1.88 -165.00 102.00 144.00 553.00 -256.00 -1173.00 0
19349 -18.64 -16.07 2.92 -159.00 94.00 153.00 553.00 -256.00 -1173.00 0
19358 -19.76 -16.63 3.76 -161.00 78.00 136.00 553.00 -256.00 -1173.00 0
19367 -22.96 -16.90 3.55 -167.00 83.00 144.00 553.00 -256.00 -1173.00 0
19377 -24.49 -23.65 2.16 -178.00 101.00 163.00 553.00 -256.00 -1173.00 0
19386 -23.86 -31.93 1.60 -178.00 115.00 158.00 553.00 -256.00 -1173.00 0
19396 -25.11 -43.76 0.49 -196.00 122.00 187.00 553.00 -256.00 -1173.00 0
19405 -27.97 -59.48 -0.90 -215.00 109.00 199.00 553.00 -256.00 -1173.00 0
19415 -32.56 -79.86 -2.37 -194.00 77.00 201.00 553.00 -256.00 -1173.00 0
19424 -43.48 -129.46 -4.73 -173.00 73.00 197.00 553.00 -256.00 -1173.00 0
19434 -44.73 -150.82 -3.97 -151.00 68.00 191.00 553.00 -256.00 -1173.00 0
19443 -44.10 -166.33 -1.88 -124.00 56.00 174.00 553.00 -256.00 -1173.00 0
19452 -42.02 -176.35 0.90 -105.00 65.00 173.00 553.00 -256.00 -1173.00 0
19462 -37.36 -181.15 3.76 -91.00 59.00 171.00 553.00 -256.00 -1173.00 0
19471 -28.31 -177.18 7.10 -80.00 72.00 194.00 553.00 -256.00 -1173.00 0
19480 -25.88 -170.85 7.23 -95.00 83.00 193.00 553.00 -256.00 -1173.00 0
19490 -23.65 -161.11 9.74 -105.00 90.00 201.00 553.00 -256.00 -1173.00 0
19500 -20.94 -152.00 12.03 -107.00 78.00 203.00 553.00 -256.00 -1173.00 0
19509 -20.66 -145.74 12.66 -101.00 99.00 229.00 553.00 -256.00 -1173.00 0
19518 -18.43 -140.66 12.45 -94.00 92.00 220.00 553.00 -256.00 -1173.00 0
19528 -20.31 -140.03 12.10 -82.00 83.00 216.00 553.00 -256.00 -1173.00 0
19537 -22.54 -140.87 12.80 -74.00 64.00 209.00 553.00 -256.00 -1173.00 0
19547 -23.86 -141.22 13.91 -64.00 61.00 202.00 553.00 -256.00 -1173.00 0
19556 -23.86 -140.66 14.33 -42.00 54.00 183.00 553.00 -256.00 -1173.00 0
19565 -22.19 -138.50 14.68 -33.00 68.00 182.00 553.00 -256.00 -1173.00 0
19575 -15.37 -125.63 14.54 -36.00 68.00 180.00 553.00 -256.00 -1173.00 0
19585 -11.97 -115.34 13.98 -37.00 70.00 189.00 553.00 -256.00 -1173.00 0
19594 -8.28 -103.10 13.01 -27.00 66.00 195.00 553.00 -256.00 -1173.00 0
19603 -4.94 -88.42 11.48 -20.00 62.00 192.00 553.00 -256.00 -1173.00 0
19612 -1.46 -71.10 10.30 -17.00 66.00 184.00 553.00 -256.00 -1173.00 0
19621 6.54 -34.71 9.25 -22.00 80.00 188.00 553.00 -256.00 -1173.00 0
19631 9.46 -18.92 8.00 -29.00 90.00 193.00 553.00 -256.00 -1173.00 0
19641 11.13 -5.22 6.47 -40.00 94.00 199.00 553.00 -256.00 -1173.00 0
19650 11.90 7.37 4.94 -42.00 89.00 197.00 553.00 -256.00 -1173.00 0
19659 11.83 19.13 3.69 -62.00 93.00 210.00 553.00 -256.00 -1173.00 0
19668 11.41 28.73 2.78 -78.00 102.00 229.00 553.00 -256.00 -1173.00 0
19678 9.81 37.50 0.90 -85.00 108.00 233.00 553.00 -256.00 -1173.00 0
19687 8.21 37.63 0.21 -83.00 100.00 231.00 553.00 -256.00 -1173.00 0
19696 6.12 36.24 0.28 -72.00 89.00 221.00 553.00 -256.00 -1173.00 0
19705 3.97 34.30 1.04 -68.00 70.00 216.00 553.00 -256.00 -1173.00 0
19715 2.43 32.77 2.02 -66.00 74.00 216.00 553.00 -256.00 -1173.00 0
19724 1.81 30.26 3.20 -65.00 75.00 210.00 553.00 -256.00 -1173.00 0
19733 2.50 29.57 3.34 -71.00 78.00 211.00 553.00 -256.00 -1173.00 0
19742 3.55 29.43 3.69 -76.00 81.00 214.00 553.00 -256.00 -1173.00 0
19751 4.87 29.57 4.17 -77.00 92.00 212.00 553.00 -256.00 -1173.00 0
19761 5.98 29.36 4.66 -73.00 95.00 204.00 553.00 -256.00 -1173.00 0
19771 6.96 28.52 4.87 -72.00 97.00 207.00 553.00 -256.00 -1173.00 0
19780 7.86 25.88 5.22 -68.00 97.00 201.00 553.00 -256.00 -1173.00 0
19789 7.37 24.14 5.15 -63.00 87.00 200.00 553.00 -256.00 -1173.00 0
19799 6.40 22.68 4.73 -64.00 93.00 195.00 337.00 -245.00 -1086.00 0
19808 5.57 21.70 4.24 -67.00 96.00 202.00 337.00 -245.00 -1086.00 0
19817 4.59 20.66 3.48 -72.00 90.00 203.00 337.00 -245.00 -1086.00 0
19826 3.13 19.06 2.43 -74.00 92.00 207.00 337.00 -245.00 -1086.00 0
19835 0.77 15.86 0.49 -81.00 96.00 210.00 337.00 -245.00 -1086.00 0
19845 0.07 14.26 -0.14 -86.00 99.00 210.00 337.00 -245.00 -1086.00 0
19854 -0.77 12.24 -0.42 -76.00 93.00 201.00 337.00 -245.00 -1086.00 0
19863 -1.53 10.02 -0.56 -74.00 93.00 201.00 340.00 -245.00 -1265.00 0
19872 -1.95 8.42 -0.70 -80.00 94.00 202.00 340.00 -245.00 -1265.00 0
19881 -2.02 7.51 -0.70 -79.00 91.00 203.00 340.00 -245.00 -1265.00 0
19891 -2.57 6.82 -0.77 -79.00 88.00 206.00 340.00 -245.00 -1265.00 0
19900 -2.57 6.54 -0.77 -79.00 88.00 204.00 340.00 -245.00 -1265.00 0
19909 -2.43 6.40 -0.77 -77.00 91.00 202.00 340.00 -245.00 -1265.00 0
19918 -2.09 6.82 -0.77 -76.00 87.00 203.00 340.00 -245.00 -1265.00 0
19928 -1.53 7.72 -0.77 -72.00 84.00 196.00 346.00 -246.00 -1334.00 0
19937 -0.90 9.18 -0.83 -66.00 86.00 194.00 346.00 -246.00 -1334.00 0
19946 1.32 13.91 -1.04 -67.00 92.00 194.00 346.00 -246.00 -1334.00 0
19955 2.71 16.97 -1.39 -80.00 98.00 203.00 346.00 -246.00 -1334.00 0
19964 3.69 20.03 -1.60 -89.00 101.00 209.00 346.00 -246.00 -1334.00 0
19974 4.24 22.33 -1.88 -93.00 102.00 214.00 346.00 -246.00 -1334.00 0
19984 4.10 23.72 -1.88 -91.00 99.00 208.00 346.00 -246.00 -1334.00 0
19993 3.62 23.65 -1.67 -85.00 94.00 202.00 365.00 -253.00 -1341.00 0
20002 2.09 21.01 -0.97 -81.00 94.00 196.00 365.00 -253.00 -1341.00 0
20012 1.53 19.55 -0.77 -91.00 98.00 207.00 365.00 -253.00 -1341.00 0
20021 1.04 17.67 -0.63 -93.00 99.00 203.00 365.00 -253.00 -1341.00 0
20030 0.35 15.23 -0.56 -88.00 98.00 196.00 365.00 -253.00 -1341.00 0
20039 -0.42 12.52 -0.56 -90.00 96.00 202.00 365.00 -253.00 -1341.00 0
20048 -0.97 10.16 -0.63 -95.00 99.00 203.00 365.00 -253.00 -1341.00 0
20058 -2.09 6.75 -0.49 -93.00 96.00 202.00 363.00 -253.00 -1163.00 0
20067 -2.85 5.15 -0.42 -92.00 97.00 205.00 363.00 -253.00 -1163.00 0
20076 -3.62 3.34 -0.21 -85.00 91.00 203.00 363.00 -253.00 -1163.00 0
20085 -4.31 1.25 0.00 -81.00 88.00 194.00 363.00 -253.00 -1163.00 0
20094 -4.80 -0.63 0.14 -74.00 87.00 196.00 363.00 -253.00 -1163.00 0
20104 -4.94 -1.88 0.21 -75.00 89.00 197.00 363.00 -253.00 -1163.00 0
20113 -3.97 -2.09 0.14 -72.00 95.00 193.00 363.00 -253.00 -1163.00 0
20122 -3.27 -1.32 -0.14 -82.00 100.00 195.00 363.00 -253.00 -1163.00 0
20131 -2.64 -0.07 -0.28 -93.00 107.00 199.00 363.00 -253.00 -1163.00 0
20141 -2.43 1.32 -0.42 -95.00 103.00 206.00 363.00 -253.00 -1163.00 0
20150 -2.85 2.37 -0.56 -92.00 97.00 203.00 363.00 -253.00 -1163.00 0
20159 -3.41 2.78 -0.77 -89.00 91.00 199.00 363.00 -253.00 -1163.00 0
20168 -4.24 2.50 -0.70 -85.00 89.00 201.00 363.00 -253.00 -1163.00 0
20177 -4.17 2.57 -0.56 -87.00 88.00 203.00 363.00 -253.00 -1163.00 0
20187 -4.03 2.43 -0.49 -89.00 90.00 196.00 363.00 -253.00 -1163.00 0
20196 -3.97 2.09 -0.42 -83.00 94.00 200.00 363.00 -253.00 -1163.00 0
20205 -3.55 1.74 -0.49 -84.00 92.00 197.00 363.00 -253.00 -1163.00 0
20214 -3.13 1.67 -0.77 -88.00 98.00 196.00 363.00 -253.00 -1163.00 0
20224 -1.81 2.02 -0.83 -89.00 105.00 195.00 363.00 -253.00 -1163.00 0
20233 -1.18 2.30 -0.97 -89.00 108.00 200.00 363.00 -253.00 -1163.00 0
20242 -1.11 2.57 -1.11 -90.00 101.00 201.00 363.00 -253.00 -1163.00 0
20252 -1.60 2.50 -1.18 -86.00 98.00 197.00 363.00 -253.00 -1163.00 0
20261 -2.16 2.23 -1.18 -83.00 93.00 194.00 363.00 -253.00 -1163.00 0
20271 -2.50 2.16 -1.11 -84.00 96.00 198.00 363.00 -253.00 -1163.00 0
20280 -2.92 2.37 -1.11 -87.00 93.00 202.00 363.00 -253.00 -1163.00 0
20289 -3.27 2.43 -1.04 -84.00 92.00 196.00 363.00 -253.00 -1163.00 0
20298 -3.55 2.50 -1.18 -88.00 93.00 200.00 363.00 -253.00 -1163.00 0
20307 -3.62 2.71 -1.32 -94.00 96.00 199.00 363.00 -253.00 -1163.00 0
20317 -3.55 2.85 -1.39 -92.00 99.00 201.00 363.00 -253.00 -1163.00 0
20326 -3.41 2.99 -1.39 -90.00 102.00 195.00 363.00 -253.00 -1163.00 0
20335 -3.34 3.13 -1.39 -93.00 97.00 198.00 363.00 -253.00 -1163.00 0
20344 -3.27 3.34 -1.32 -85.00 98.00 197.00 363.00 -253.00 -1163.00 0
20354 -3.13 3.55 -1.18 -82.00 95.00 195.00 363.00 -253.00 -1163.00 0
20363 -3.06 4.03 -1.11 -82.00 94.00 193.00 363.00 -253.00 -1163.00 0
20372 -3.13 4.80 -1.04 -79.00 93.00 195.00 363.00 -253.00 -1163.00 0
20381 -3.27 7.37 -1.18 -81.00 90.00 193.00 363.00 -253.00 -1163.00 0
20390 -3.90 9.11 -1.32 -80.00 94.00 188.00 363.00 -253.00 -1163.00 0
20400 -3.97 10.92 -1.60 -81.00 104.00 189.00 363.00 -253.00 -1163.00 0
20409 -4.17 13.22 -2.16 -79.00 125.00 188.00 363.00 -253.00 -1163.00 0
20418 -4.87 15.72 -2.64 -89.00 124.00 188.00 363.00 -253.00 -1163.00 0
20427 -7.30 18.43 -3.06 -105.00 91.00 198.00 363.00 -253.00 -1163.00 0
20436 -16.49 25.04 -4.38 -112.00 70.00 199.00 363.00 -253.00 -1163.00 0
20446 -19.34 26.71 -5.63 -111.00 76.00 202.00 363.00 -253.00 -1163.00 0
20456 -19.20 26.71 -6.40 -109.00 76.00 202.00 363.00 -253.00 -1163.00 0
20465 -17.32 25.60 -6.75 -111.00 79.00 204.00 363.00 -253.00 -1163.00 0
20474 -15.17 23.86 -6.89 -112.00 86.00 202.00 363.00 -253.00 -1163.00 0
20484 -12.87 21.57 -6.96 -101.00 78.00 196.00 363.00 -253.00 -1163.00 0
20493 -9.04 16.77 -6.82 -101.00 80.00 194.00 363.00 -253.00 -1163.00 0
20502 -6.82 15.10 -6.33 -96.00 86.00 189.00 363.00 -253.00 -1163.00 0
20511 -4.52 14.19 -5.98 -86.00 92.00 186.00 363.00 -253.00 -1163.00 0
20520 -2.37 14.19 -5.77 -82.00 95.00 180.00 363.00 -253.00 -1163.00 0
20531 -0.56 15.10 -5.63 -73.00 91.00 171.00 363.00 -253.00 -1163.00 0
20540 1.25 21.01 -6.12 -72.00 80.00 160.00 363.00 -253.00 -1163.00 0
20549 2.09 26.71 -7.17 -67.00 70.00 158.00 363.00 -253.00 -1163.00 0
20558 4.59 35.06 -8.21 -64.00 66.00 148.00 363.00 -253.00 -1163.00 0
20568 8.83 46.82 -9.25 -61.00 72.00 128.00 363.00 -253.00 -1163.00 0
20577 14.82 63.93 -10.50 -60.00 95.00 123.00 363.00 -253.00 -1163.00 0
20586 22.12 86.05 -11.69 -77.00 89.00 114.00 464.00 -257.00 -1181.00 0
20595 31.03 134.61 -17.11 -103.00 69.00 119.00 464.00 -257.00 -1181.00 0
20604 34.02 157.29 -21.77 -127.00 65.00 119.00 464.00 -257.00 -1181.00 0
20615 38.40 178.37 -26.85 -157.00 84.00 126.00 464.00 -257.00 -1181.00 0
20624 44.24 197.43 -31.65 -573.00 168.00 483.00 464.00 -257.00 -1181.00 0
20633 51.48 210.99 -35.48 -246.00 150.00 216.00 464.00 -257.00 -1181.00 0
20642 61.29 152.70 -30.61 -124.00 136.00 83.00 464.00 -257.00 -1181.00 0
20653 60.03 128.56 -24.21 -172.00 110.00 135.00 464.00 -257.00 -1181.00 0
20662 56.77 114.37 -19.34 -215.00 88.00 146.00 464.00 -257.00 -1181.00 0
20671 52.94 105.32 -16.00 -176.00 115.00 144.00 464.00 -257.00 -1181.00 0
20681 52.31 97.88 -13.01 -164.00 142.00 132.00 464.00 -257.00 -1181.00 0
20690 43.83 85.29 -10.99 -165.00 113.00 128.00 464.00 -257.00 -1181.00 0
20700 33.74 78.47 -11.27 -167.00 107.00 124.00 464.00 -257.00 -1181.00 0
20709 25.74 70.82 -11.27 -168.00 109.00 124.00 464.00 -257.00 -1181.00 0
20719 19.20 62.54 -11.76 -171.00 111.00 123.00 464.00 -257.00 -1181.00 0
20728 13.15 54.33 -12.45 -182.00 110.00 126.00 464.00 -257.00 -1181.00 0
20738 4.31 39.44 -12.59 -185.00 106.00 124.00 464.00 -257.00 -1181.00 0
20747 1.53 33.04 -12.31 -184.00 105.00 125.00 464.00 -257.00 -1181.00 0
20757 -0.21 27.20 -11.48 -180.00 114.00 122.00 464.00 -257.00 -1181.00 0
20766 -1.25 22.12 -10.02 -181.00 113.00 125.00 464.00 -257.00 -1181.00 0
20775 -2.43 17.95 -8.70 -184.00 113.00 120.00 464.00 -257.00 -1181.00 0
20785 -5.50 10.85 -6.96 -184.00 111.00 128.00 464.00 -257.00 -1181.00 0
20794 -7.72 7.72 -6.96 -180.00 95.00 125.00 464.00 -257.00 -1181.00 0
20803 -9.39 4.80 -7.10 -179.00 94.00 130.00 464.00 -257.00 -1181.00 0
20812 -10.30 2.09 -6.96 -180.00 95.00 127.00 464.00 -257.00 -1181.00 0
20823 -10.57 -0.42 -6.61 -173.00 89.00 119.00 464.00 -257.00 -1181.00 0
20832 -10.02 -2.23 -6.05 -175.00 97.00 122.00 464.00 -257.00 -1181.00 0
20841 -6.54 -2.85 -4.10 -178.00 100.00 126.00 464.00 -257.00 -1181.00 0
20850 -4.66 -2.64 -2.92 -178.00 104.00 126.00 464.00 -257.00 -1181.00 0
20859 -3.20 -2.23 -1.81 -178.00 112.00 123.00 464.00 -257.00 -1181.00 0
20869 -2.16 -2.02 -0.77 -174.00 106.00 124.00 464.00 -257.00 -1181.00 0
20878 -2.09 -1.74 -0.21 -175.00 103.00 120.00 464.00 -257.00 -1181.00 0
20887 -2.37 -1.32 0.07 -175.00 107.00 129.00 464.00 -257.00 -1181.00 0
20897 -2.78 -1.11 -0.07 -170.00 103.00 131.00 464.00 -257.00 -1181.00 0
20907 -3.20 -0.97 -0.42 -175.00 98.00 125.00 464.00 -257.00 -1181.00 0
20916 -3.83 -0.97 -0.90 -174.00 105.00 127.00 464.00 -257.00 -1181.00 0
20925 -3.62 -1.18 -1.11 -174.00 102.00 130.00 464.00 -257.00 -1181.00 0
20934 -3.55 -1.32 -1.04 -175.00 98.00 129.00 464.00 -257.00 -1181.00 0
20943 -4.03 -1.25 -1.18 -178.00 106.00 125.00 464.00 -257.00 -1181.00 0
20953 -3.83 -1.25 -1.25 -180.00 99.00 123.00 464.00 -257.00 -1181.00 0
20962 -4.03 -1.39 -1.39 -175.00 103.00 125.00 464.00 -257.00 -1181.00 0
20971 -4.17 -1.39 -1.67 -176.00 103.00 123.00 464.00 -257.00 -1181.00 0
20981 -4.73 -1.32 -1.88 -176.00 102.00 127.00 464.00 -257.00 -1181.00 0
20990 -5.15 -1.32 -2.30 -178.00 98.00 125.00 464.00 -257.00 -1181.00 0
21000 -5.50 -1.67 -2.57 -179.00 103.00 128.00 464.00 -257.00 -1181.00 0
21009 -5.15 -1.88 -2.71 -179.00 110.00 129.00 464.00 -257.00 -1181.00 0
21018 -4.87 -2.30 -2.71 -179.00 102.00 128.00 464.00 -257.00 -1181.00 0
21027 -5.08 -2.78 -2.64 -176.00 98.00 130.00 464.00 -257.00 -1181.00 0
21037 -5.43 -3.20 -2.37 -175.00 97.00 122.00 464.00 -257.00 -1181.00 0
21046 -4.87 -3.69 -1.46 -169.00 109.00 124.00 464.00 -257.00 -1181.00 0
21055 -4.52 -3.76 -1.32 -171.00 99.00 128.00 464.00 -257.00 -1181.00 0
21065 -5.36 -3.48 -1.53 -174.00 93.00 126.00 464.00 -257.00 -1181.00 0
21074 -6.12 -3.06 -1.95 -175.00 103.00 122.00 464.00 -257.00 -1181.00 0
21084 -6.05 -2.50 -2.09 -177.00 104.00 128.00 464.00 -257.00 -1181.00 0
21093 -5.84 -2.02 -2.09 -178.00 107.00 123.00 464.00 -257.00 -1181.00 0
21102 -6.33 -1.46 -2.16 -177.00 93.00 128.00 464.00 -257.00 -1181.00 0
21111 -6.12 -1.18 -1.88 -172.00 99.00 126.00 572.00 -276.00 -984.00 0
21121 -5.29 -0.83 -1.53 -177.00 101.00 125.00 572.00 -276.00 -984.00 0
21130 -4.38 -0.56 -1.32 -178.00 104.00 125.00 572.00 -276.00 -984.00 0
21139 -3.76 -0.35 -1.32 -176.00 107.00 128.00 572.00 -276.00 -984.00 0
21148 -3.69 -0.14 -1.74 -176.00 104.00 127.00 572.00 -276.00 -984.00 0
21157 -5.22 0.07 -2.02 -177.00 102.00 127.00 572.00 -276.00 -984.00 0
21168 -5.91 0.14 -2.09 -176.00 98.00 129.00 572.00 -276.00 -984.00 0
21177 -6.47 0.00 -2.02 -174.00 99.00 130.00 570.00 -274.00 -1237.00 0
21186 -6.68 -0.14 -2.23 -177.00 101.00 127.00 570.00 -274.00 -1237.00 0
21195 -6.61 -0.21 -2.30 -173.00 101.00 126.00 570.00 -274.00 -1237.00 0
21204 -6.12 -0.28 -2.23 -175.00 99.00 125.00 570.00 -274.00 -1237.00 0
21214 -5.84 -0.21 -2.02 -175.00 99.00 131.00 570.00 -274.00 -1237.00 0
21223 -5.29 -0.21 -1.88 -175.00 103.00 128.00 570.00 -274.00 -1237.00 0
21232 -4.94 -0.14 -1.81 -181.00 100.00 126.00 570.00 -274.00 -1237.00 0
21241 -4.80 -0.07 -1.67 -177.00 98.00 125.00 570.00 -277.00 -1159.00 0
21251 -4.94 0.00 -1.67 -181.00 101.00 126.00 570.00 -277.00 -1159.00 0
21260 -4.59 -0.21 -1.18 -178.00 105.00 128.00 570.00 -277.00 -1159.00 0
21269 -4.45 -0.56 -0.97 -175.00 96.00 128.00 570.00 -277.00 -1159.00 0
21279 -4.59 -0.90 -0.97 -175.00 98.00 125.00 570.00 -277.00 -1159.00 0
21288 -4.66 -1.11 -1.04 -175.00 104.00 123.00 570.00 -277.00 -1159.00 0
21298 -4.52 -1.11 -0.97 -176.00 101.00 124.00 570.00 -277.00 -1159.00 0
21307 -4.52 -1.04 -1.04 -182.00 102.00 129.00 569.00 -274.00 -1229.00 0
21316 -4.87 -1.25 -0.90 -186.00 105.00 128.00 569.00 -274.00 -1229.00 0
21325 -5.50 -1.67 -0.77 -184.00 106.00 129.00 569.00 -274.00 -1229.00 0
21335 -6.54 -2.71 -0.63 -181.00 102.00 126.00 569.00 -274.00 -1229.00 0
21344 -7.86 -4.80 -0.28 -182.00 101.00 127.00 569.00 -274.00 -1229.00 0
21354 -9.53 -8.35 0.21 -181.00 108.00 134.00 569.00 -274.00 -1229.00 0
21363 -14.19 -19.69 1.32 -180.00 108.00 133.00 569.00 -274.00 -1229.00 0
21372 -17.39 -23.93 1.67 -182.00 112.00 136.00 562.00 -267.00 -1214.00 0
21382 -21.08 -26.92 2.02 -172.00 119.00 132.00 562.00 -267.00 -1214.00 0
21391 -25.88 -29.57 2.37 -165.00 107.00 138.00 562.00 -267.00 -1214.00 0
21401 -31.58 -30.82 2.64 -166.00 96.00 134.00 562.00 -267.00 -1214.00 0
21410 -41.67 -29.50 2.23 -157.00 77.00 131.00 562.00 -267.00 -1214.00 0
21420 -44.17 -28.17 1.32 -164.00 76.00 139.00 562.00 -267.00 -1214.00 0
21429 -45.08 -27.27 0.14 -192.00 83.00 164.00 562.00 -267.00 -1214.00 0
21438 -44.80 -29.77 -0.97 -191.00 87.00 170.00 544.00 -248.00 -1027.00 0
21447 -43.41 -38.19 -1.60 -174.00 90.00 158.00 544.00 -248.00 -1027.00 0
21457 -41.39 -49.11 -1.60 -164.00 92.00 149.00 544.00 -248.00 -1027.00 0
21467 -35.83 -66.50 -0.07 -161.00 95.00 153.00 544.00 -248.00 -1027.00 0
21476 -34.23 -72.35 0.63 -169.00 88.00 160.00 544.00 -248.00 -1027.00 0
21485 -33.67 -79.44 1.04 -168.00 85.00 174.00 544.00 -248.00 -1027.00 0
21494 -32.77 -86.82 1.32 -162.00 84.00 176.00 544.00 -248.00 -1027.00 0
21504 -31.93 -93.36 1.46 -159.00 82.00 179.00 494.00 -237.00 -1027.00 0
21513 -29.43 -105.18 3.27 -169.00 92.00 190.00 494.00 -237.00 -1027.00 0
21523 -28.31 -111.79 4.59 -175.00 84.00 197.00 494.00 -237.00 -1027.00 0
21532 -27.97 -119.93 6.19 -157.00 85.00 196.00 494.00 -237.00 -1027.00 0
21541 -26.71 -129.60 8.07 -139.00 91.00 194.00 494.00 -237.00 -1027.00 0
21551 -24.90 -139.34 10.09 -128.00 95.00 191.00 494.00 -237.00 -1027.00 0
21561 -24.00 -155.76 13.43 -117.00 86.00 191.00 494.00 -237.00 -1027.00 0
21570 -24.42 -163.62 14.75 -104.00 83.00 199.00 398.00 -234.00 -1184.00 0
21579 -24.90 -169.88 14.96 -108.00 77.00 199.00 398.00 -234.00 -1184.00 0
21588 -26.37 -172.59 15.58 -101.00 89.00 208.00 398.00 -234.00 -1184.00 0
21599 -26.02 -172.66 17.32 -92.00 76.00 198.00 398.00 -234.00 -1184.00 0
21608 -25.32 -169.46 20.24 -71.00 78.00 194.00 398.00 -234.00 -1184.00 0
21617 -21.43 -166.40 21.57 -54.00 70.00 183.00 398.00 -234.00 -1184.00 0
21626 -20.17 -160.90 21.15 -48.00 68.00 183.00 398.00 -234.00 -1184.00 0
21636 -18.23 -153.88 20.94 -38.00 65.00 184.00 301.00 -230.00 -1157.00 0
21646 -14.75 -145.11 20.94 -33.00 68.00 187.00 301.00 -230.00 -1157.00 0
21655 -10.99 -133.70 20.31 -29.00 87.00 179.00 301.00 -230.00 -1157.00 0
21664 -2.85 -107.13 19.27 -21.00 92.00 170.00 301.00 -230.00 -1157.00 0
21673 -0.49 -95.65 18.09 -10.00 90.00 165.00 301.00 -230.00 -1157.00 0
21683 1.04 -83.62 16.00 -7.00 84.00 168.00 301.00 -230.00 -1157.00 0
21692 1.95 -69.84 13.08 -20.00 88.00 183.00 301.00 -230.00 -1157.00 0
21701 2.64 -54.47 9.88 -47.00 101.00 208.00 278.00 -239.00 -1185.00 0
21711 3.06 -24.83 4.31 -58.00 100.00 220.00 278.00 -239.00 -1185.00 0
21721 2.09 -13.84 2.23 -62.00 91.00 225.00 278.00 -239.00 -1185.00 0
21730 0.90 -5.84 0.70 -65.00 82.00 223.00 278.00 -239.00 -1185.00 0
21739 0.00 -0.07 -0.28 -65.00 78.00 228.00 278.00 -239.00 -1185.00 0
21748 -0.21 4.24 -0.70 -61.00 80.00 217.00 278.00 -239.00 -1185.00 0
21757 0.42 7.72 -0.63 -58.00 83.00 210.00 278.00 -239.00 -1185.00 0
21767 3.34 15.10 0.42 -63.00 95.00 209.00 296.00 -243.00 -1189.00 0
21776 4.73 18.23 1.11 -64.00 98.00 216.00 296.00 -243.00 -1189.00 0
21785 5.01 19.76 1.60 -63.00 100.00 215.00 296.00 -243.00 -1189.00 0
21794 4.73 20.10 1.81 -61.00 97.00 212.00 296.00 -243.00 -1189.00 0
21804 4.03 19.69 1.95 -62.00 94.00 206.00 296.00 -243.00 -1189.00 0
21813 3.06 18.78 1.95 -62.00 97.00 209.00 296.00 -243.00 -1189.00 0
21822 1.81 16.83 2.09 -62.00 99.00 211.00 296.00 -243.00 -1189.00 0
21831 0.97 16.14 2.02 -52.00 88.00 203.00 307.00 -248.00 -1264.00 0
21840 0.28 16.00 1.88 -51.00 83.00 204.00 307.00 -248.00 -1264.00 0
21850 -0.07 16.70 1.81 -56.00 85.00 199.00 307.00 -248.00 -1264.00 0
21859 0.07 18.23 1.74 -57.00 86.00 196.00 307.00 -248.00 -1264.00 0
21868 0.77 20.73 1.53 -64.00 91.00 204.00 307.00 -248.00 -1264.00 0
21877 2.99 26.50 0.77 -76.00 100.00 219.00 307.00 -248.00 -1264.00 0
21886 3.69 28.31 0.56 -89.00 107.00 219.00 307.00 -248.00 -1264.00 0
21896 3.55 27.76 0.49 -78.00 104.00 215.00 324.00 -255.00 -1373.00 0
21905 3.06 25.53 0.63 -76.00 99.00 208.00 324.00 -255.00 -1373.00 0
21915 2.43 23.03 0.83 -72.00 91.00 208.00 324.00 -255.00 -1373.00 0
21924 1.67 21.22 1.32 -73.00 90.00 208.00 324.00 -255.00 -1373.00 0
21934 1.11 19.41 1.81 -68.00 85.00 204.00 324.00 -255.00 -1373.00 0
21943 1.32 18.85 2.23 -67.00 87.00 208.00 324.00 -255.00 -1373.00 0
21952 1.74 18.16 2.43 -66.00 89.00 200.00 324.00 -255.00 -1373.00 0
21961 2.16 17.32 2.43 -61.00 96.00 199.00 334.00 -259.00 -1198.00 0
21970 2.64 16.42 2.43 -57.00 101.00 194.00 334.00 -259.00 -1198.00 0
21980 3.13 15.93 2.02 -57.00 102.00 195.00 334.00 -259.00 -1198.00 0
21989 3.90 17.11 1.74 -58.00 105.00 191.00 334.00 -259.00 -1198.00 0
21998 3.83 18.85 1.32 -65.00 112.00 200.00 334.00 -259.00 -1198.00 0
22007 3.41 20.52 0.97 -80.00 121.00 209.00 334.00 -259.00 -1198.00 0
22017 2.37 21.22 0.77 -75.00 109.00 207.00 334.00 -259.00 -1198.00 0
22026 0.42 20.66 0.49 -72.00 86.00 203.00 348.00 -261.00 -1072.00 0
22036 -3.83 18.23 -0.35 -75.00 83.00 204.00 348.00 -261.00 -1072.00 0
22045 -4.66 17.39 -0.83 -78.00 89.00 201.00 348.00 -261.00 -1072.00 0
22054 -4.59 16.63 -1.39 -87.00 101.00 202.00 348.00 -261.00 -1072.00 0
22064 -4.10 15.93 -1.88 -94.00 110.00 200.00 348.00 -261.00 -1072.00 0
22073 -3.76 15.30 -2.23 -102.00 104.00 195.00 348.00 -261.00 -1072.00 0
22082 -3.69 14.75 -2.37 -94.00 98.00 197.00 348.00 -261.00 -1072.00 0
22091 -4.03 13.57 -2.50 -91.00 101.00 194.00 348.00 -260.00 -1134.00 0
22100 -3.83 13.43 -2.37 -101.00 101.00 203.00 357.00 -260.00 -1134.00 0
22110 -3.62 13.29 -1.95 -107.00 104.00 208.00 357.00 -260.00 -1134.00 0
22120 -3.97 12.52 -1.46 -101.00 91.00 204.00 357.00 -260.00 -1134.00 0
22129 -4.87 11.06 -1.04 -99.00 84.00 202.00 357.00 -260.00 -1134.00 0
22138 -6.12 7.72 -0.63 -99.00 77.00 207.00 357.00 -260.00 -1134.00 0
22148 -5.84 6.47 -0.49 -97.00 76.00 208.00 357.00 -260.00 -1134.00 0
22157 -4.73 5.36 -0.21 -98.00 76.00 208.00 357.00 -260.00 -1134.00 0
22166 -3.13 4.10 0.14 -94.00 83.00 209.00 357.00 -260.00 -1134.00 0
22175 -1.39 2.78 0.42 -87.00 86.00 206.00 357.00 -260.00 -1134.00 0
22184 0.42 1.25 0.63 -82.00 97.00 202.00 357.00 -260.00 -1134.00 0
22194 3.97 -1.67 0.28 -73.00 104.00 201.00 357.00 -260.00 -1134.00 0
22203 5.15 -2.30 0.00 -71.00 102.00 198.00 357.00 -260.00 -1134.00 0
22212 6.05 -2.37 -0.42 -72.00 104.00 198.00 357.00 -260.00 -1134.00 0
22221 7.10 -1.95 -0.42 -65.00 114.00 193.00 357.00 -260.00 -1134.00 0
22231 7.93 -1.81 -0.35 -52.00 117.00 193.00 357.00 -260.00 -1134.00 0
22240 8.07 -1.88 -0.63 -48.00 118.00 184.00 357.00 -260.00 -1134.00 0
22249 6.26 -0.35 -1.95 -50.00 109.00 188.00 357.00 -260.00 -1134.00 0
22258 4.66 1.53 -2.99 -61.00 112.00 190.00 357.00 -260.00 -1134.00 0
22267 3.20 3.41 -4.17 -65.00 108.00 196.00 357.00 -260.00 -1134.00 0
22277 1.53 4.94 -5.36 -68.00 105.00 196.00 357.00 -260.00 -1134.00 0
22287 -0.42 6.33 -6.47 -87.00 106.00 197.00 357.00 -260.00 -1134.00 0
22296 -2.02 7.72 -7.37 -94.00 106.00 203.00 357.00 -260.00 -1134.00 0
22305 -5.01 9.04 -8.77 -98.00 106.00 198.00 357.00 -260.00 -1134.00 0
22315 -6.33 8.77 -9.25 -97.00 99.00 195.00 357.00 -260.00 -1134.00 0
22324 -7.30 8.35 -9.74 -100.00 98.00 200.00 357.00 -260.00 -1134.00 0
22333 -7.93 7.93 -10.02 -101.00 99.00 206.00 357.00 -260.00 -1134.00 0
22342 -8.21 7.23 -9.95 -100.00 97.00 204.00 357.00 -260.00 -1134.00 0
22351 -8.49 6.26 -9.25 -93.00 94.00 196.00 357.00 -260.00 -1134.00 0
22361 -8.63 3.69 -8.83 -85.00 92.00 197.00 357.00 -260.00 -1134.00 0
22370 -8.49 2.92 -8.56 -86.00 89.00 198.00 357.00 -260.00 -1134.00 0
22379 -8.21 2.50 -8.35 -89.00 91.00 197.00 357.00 -260.00 -1134.00 0
22388 -7.79 2.30 -8.21 -84.00 89.00 199.00 357.00 -260.00 -1134.00 0
22397 -7.23 2.16 -8.07 -85.00 94.00 199.00 357.00 -260.00 -1134.00 0
22407 -6.40 2.23 -7.72 -93.00 95.00 199.00 357.00 -260.00 -1134.00 0
22416 -5.01 2.78 -7.51 -100.00 103.00 203.00 357.00 -260.00 -1134.00 0
22425 -4.24 2.78 -7.10 -101.00 104.00 205.00 357.00 -260.00 -1134.00 0
22434 -3.83 2.43 -6.61 -99.00 99.00 204.00 357.00 -260.00 -1134.00 0
22444 -3.83 1.67 -6.05 -93.00 94.00 200.00 357.00 -260.00 -1134.00 0
22453 -3.76 0.77 -5.36 -90.00 97.00 198.00 357.00 -260.00 -1134.00 0
22463 -3.41 -1.04 -3.97 -81.00 95.00 204.00 357.00 -260.00 -1134.00 0
22472 -2.92 -1.74 -3.41 -82.00 95.00 199.00 357.00 -260.00 -1134.00 0
22481 -3.06 -2.23 -2.99 -80.00 95.00 196.00 357.00 -260.00 -1134.00 0
22491 -3.20 -2.57 -2.64 -75.00 96.00 193.00 357.00 -260.00 -1134.00 0
22500 -3.20 -2.57 -2.50 -78.00 103.00 194.00 357.00 -260.00 -1134.00 0
22509 -3.34 -2.30 -2.50 -85.00 100.00 197.00 357.00 -260.00 -1134.00 0
22518 -3.48 -0.83 -2.64 -84.00 96.00 197.00 357.00 -260.00 -1134.00 0
22528 -3.55 -0.07 -2.57 -89.00 102.00 198.00 357.00 -260.00 -1134.00 0
22537 -3.41 0.77 -2.50 -97.00 108.00 196.00 357.00 -260.00 -1134.00 0
22546 -3.34 1.39 -2.30 -102.00 110.00 195.00 357.00 -260.00 -1134.00 0
22555 -3.55 1.81 -2.02 -105.00 102.00 196.00 368.00 -259.00 -1325.00 0
22564 -4.03 1.88 -1.60 -100.00 106.00 192.00 368.00 -259.00 -1325.00 0
22574 -4.87 0.77 -0.56 -99.00 106.00 194.00 368.00 -259.00 -1325.00 0
22583 -5.01 0.21 0.28 -96.00 99.00 198.00 368.00 -259.00 -1325.00 0
22592 -5.29 -0.21 1.11 -91.00 97.00 198.00 368.00 -259.00 -1325.00 0
22601 -5.57 -0.83 2.16 -85.00 99.00 195.00 368.00 -259.00 -1325.00 0
22610 -5.63 -1.39 3.41 -76.00 90.00 199.00 368.00 -259.00 -1325.00 0
22620 -5.91 -1.53 4.59 -61.00 42.00 197.00 370.00 -261.00 -1052.00 0
22629 -7.51 -0.21 6.82 -73.00 89.00 190.00 370.00 -261.00 -1052.00 0
22638 -4.03 0.63 7.58 -77.00 114.00 200.00 370.00 -261.00 -1052.00 0
22648 -1.60 1.95 7.51 -94.00 95.00 205.00 370.00 -261.00 -1052.00 0
22658 -2.64 4.10 7.30 -95.00 71.00 206.00 370.00 -261.00 -1052.00 0
22667 -4.03 5.50 7.03 -92.00 101.00 198.00 370.00 -261.00 -1052.00 0
22676 -3.13 5.50 7.03 -87.00 119.00 198.00 370.00 -261.00 -1052.00 0
22685 0.70 4.10 7.93 -83.00 117.00 194.00 372.00 -264.00 -1065.00 0
22694 0.97 3.97 8.49 -79.00 122.00 192.00 372.00 -264.00 -1065.00 0
22704 0.56 4.03 9.04 -68.00 117.00 183.00 372.00 -264.00 -1065.00 0
22713 -0.42 3.97 9.18 -63.00 108.00 181.00 372.00 -264.00 -1065.00 0
22722 -1.95 4.24 8.90 -66.00 113.00 184.00 372.00 -264.00 -1065.00 0
22731 -3.48 5.29 8.35 -77.00 113.00 188.00 372.00 -264.00 -1065.00 0
22740 -6.47 8.42 6.75 -80.00 108.00 192.00 372.00 -264.00 -1065.00 0
22750 -8.21 9.60 5.70 -81.00 107.00 194.00 380.00 -265.00 -1290.00 0
22759 -9.95 10.57 4.52 -83.00 98.00 195.00 380.00 -265.00 -1290.00 0
22768 -11.76 11.48 3.48 -87.00 97.00 196.00 380.00 -265.00 -1290.00 0
22777 -13.15 12.31 2.43 -91.00 93.00 192.00 380.00 -265.00 -1290.00 0
22787 -14.26 13.84 0.56 -91.00 90.00 192.00 380.00 -265.00 -1290.00 0
22796 -15.03 14.68 -0.35 -99.00 95.00 193.00 380.00 -265.00 -1290.00 0
22806 -14.96 15.44 -1.18 -104.00 95.00 194.00 380.00 -265.00 -1290.00 0
22815 -14.68 16.00 -1.88 -108.00 98.00 199.00 390.00 -258.00 -1192.00 0
22824 -14.54 16.35 -2.57 -113.00 91.00 197.00 390.00 -258.00 -1192.00 0
22834 -14.54 16.42 -3.13 -110.00 87.00 202.00 390.00 -258.00 -1192.00 0
22843 -13.57 15.93 -3.06 -109.00 86.00 203.00 390.00 -258.00 -1192.00 0
22852 -12.31 15.30 -2.57 -104.00 88.00 206.00 390.00 -258.00 -1192.00 0
22862 -10.78 14.40 -1.88 -97.00 85.00 212.00 390.00 -258.00 -1192.00 0
22872 -9.53 13.43 -1.04 -97.00 81.00 208.00 390.00 -258.00 -1192.00 0
22881 -8.70 12.10 -0.14 -93.00 71.00 201.00 401.00 -253.00 -1063.00 0
22890 -8.21 9.60 1.53 -93.00 79.00 193.00 401.00 -253.00 -1063.00 0
22899 -5.22 8.70 2.16 -97.00 90.00 194.00 401.00 -253.00 -1063.00 0
22908 -3.20 7.93 2.50 -107.00 101.00 190.00 401.00 -253.00 -1063.00 0
22918 -1.74 7.30 2.64 -112.00 101.00 188.00 401.00 -253.00 -1063.00 0
22927 -1.39 6.54 2.57 -112.00 95.00 188.00 401.00 -253.00 -1063.00 0
22936 -1.32 5.77 2.50 -113.00 91.00 191.00 401.00 -253.00 -1063.00 0
22945 -1.04 4.24 2.23 -115.00 93.00 194.00 401.00 -258.00 -1143.00 0
22955 -0.56 3.62 2.30 -117.00 87.00 197.00 401.00 -258.00 -1143.00 0
22964 -0.14 2.85 2.50 -115.00 84.00 202.00 401.00 -258.00 -1143.00 0
22973 0.42 1.67 2.85 -111.00 81.00 200.00 401.00 -258.00 -1143.00 0
22982 1.18 0.14 3.34 -103.00 83.00 199.00 401.00 -258.00 -1143.00 0
22991 2.23 -1.67 3.76 -102.00 89.00 192.00 401.00 -258.00 -1143.00 0
23001 6.05 -4.80 3.76 -106.00 101.00 195.00 401.00 -258.00 -1143.00 0
23011 8.14 -6.12 3.41 -106.00 113.00 196.00 401.00 -270.00 -1041.00 0
23020 9.74 -7.58 2.92 -96.00 118.00 191.00 392.00 -270.00 -1041.00 0
23029 10.57 -8.97 2.43 -85.00 109.00 190.00 392.00 -270.00 -1041.00 0
23038 10.50 -10.09 1.81 -82.00 101.00 191.00 392.00 -270.00 -1041.00 0
23048 10.02 -10.57 1.18 -82.00 103.00 191.00 392.00 -270.00 -1041.00 0
23057 9.46 -10.50 -0.35 -84.00 110.00 186.00 392.00 -270.00 -1041.00 0