00 -32.00 221.00 521.00 -258.00 -1218.00 0
773 -3.69 -1.04 -1.60 -88.00 -30.00 222.00 521.00 -258.00 -1218.00 0
782 -3.62 -1.11 -1.60 -85.00 -30.00 219.00 521.00 -258.00 -1218.00 0
791 -3.48 -1.18 -1.60 -86.00 -34.00 223.00 521.00 -258.00 -1218.00 0
800 -3.62 -1.11 -1.67 -86.00 -35.00 221.00 521.00 -258.00 -1218.00 0
809 -3.48 -1.18 -1.74 -82.00 -27.00 219.00 521.00 -258.00 -1218.00 0
819 -3.13 -1.32 -1.53 -83.00 -27.00 220.00 521.00 -258.00 -1218.00 0
828 -2.78 -1.32 -1.32 -85.00 -34.00 217.00 521.00 -258.00 -1218.00 0
837 -2.85 -1.25 -1.18 -83.00 -32.00 216.00 521.00 -258.00 -1218.00 0
846 -2.78 -1.11 -1.25 -84.00 -28.00 216.00 521.00 -258.00 -1218.00 0
856 -2.37 -0.97 -1.11 -87.00 -34.00 209.00 521.00 -258.00 -1218.00 0
865 -2.23 -0.49 -1.04 -78.00 -36.00 214.00 521.00 -258.00 -1218.00 0
874 -1.95 0.00 -1.18 -80.00 -45.00 216.00 521.00 -258.00 -1218.00 0
882 -1.53 0.77 -1.11 -88.00 -34.00 223.00 521.00 -258.00 -1218.00 0
891 -0.42 1.74 -1.11 -91.00 -34.00 230.00 521.00 -258.00 -1218.00 0
901 0.83 2.78 -0.97 -93.00 -25.00 226.00 521.00 -258.00 -1218.00 0
910 1.88 3.13 -0.70 -91.00 -33.00 222.00 521.00 -258.00 -1218.00 0
919 2.37 2.43 0.07 -82.00 -34.00 215.00 521.00 -258.00 -1218.00 0
928 3.06 2.02 0.42 -86.00 -29.00 216.00 521.00 -258.00 -1218.00 0
937 4.45 1.74 0.63 -88.00 -22.00 218.00 521.00 -258.00 -1218.00 0
947 5.63 1.88 0.77 -88.00 -32.00 224.00 521.00 -258.00 -1218.00 0
956 6.40 2.23 0.63 -87.00 -24.00 224.00 521.00 -258.00 -1218.00 0
965 7.10 2.23 0.21 -83.00 -23.00 225.00 521.00 -258.00 -1218.00 0
974 7.10 2.02 -0.83 -88.00 -18.00 222.00 521.00 -258.00 -1218.00 0
984 6.61 1.74 -1.18 -83.00 -14.00 226.00 521.00 -258.00 -1218.00 0
993 5.98 1.60 -1.74 -78.00 -18.00 218.00 521.00 -258.00 -1218.00 0
1002 4.38 1.81 -2.50 -83.00 -17.00 222.00 521.00 -258.00 -1218.00 0
1011 2.78 1.88 -3.06 -89.00 -14.00 229.00 526.00 -266.00 -1116.00 0
1020 2.02 2.02 -3.34 -90.00 -16.00 227.00 526.00 -266.00 -1116.00 0
1030 0.90 1.95 -3.83 -91.00 -19.00 222.00 526.00 -266.00 -1116.00 0
1039 -2.02 2.02 -3.69 -96.00 -23.00 214.00 526.00 -266.00 -1116.00 0
1048 -2.85 2.23 -3.27 -93.00 -21.00 219.00 526.00 -266.00 -1116.00 0
1057 -3.34 2.16 -2.85 -94.00 -32.00 220.00 526.00 -266.00 -1116.00 0
1067 -4.45 2.37 -2.57 -94.00 -40.00 244.00 526.00 -266.00 -1116.00 0
1076 -5.57 2.78 -2.16 -101.00 -40.00 212.00 528.00 -265.00 -1081.00 0
1085 -6.19 4.31 -1.95 -90.00 -41.00 217.00 528.00 -265.00 -1081.00 0
1094 -5.36 2.92 -2.43 -83.00 -24.00 212.00 528.00 -265.00 -1081.00 0
1103 -3.90 2.78 -3.13 -88.00 -21.00 217.00 528.00 -265.00 -1081.00 0
1113 -2.92 2.16 -3.48 -83.00 -12.00 222.00 528.00 -265.00 -1081.00 0
1122 -1.74 0.77 -3.76 -97.00 -13.00 229.00 528.00 -265.00 -1081.00 0
1131 -1.88 0.35 -3.90 -100.00 -24.00 225.00 528.00 -265.00 -1081.00 0
1140 -3.55 0.07 -4.10 -96.00 -25.00 214.00 526.00 -263.00 -1065.00 0
1149 -5.70 -0.70 -4.94 -89.00 -26.00 214.00 526.00 -263.00 -1065.00 0
1159 -5.70 -0.90 -4.87 -87.00 -26.00 218.00 526.00 -263.00 -1065.00 0
1168 -5.98 -0.49 -4.87 -101.00 -28.00 213.00 526.00 -263.00 -1065.00 0
1177 -6.61 0.35 -4.73 -99.00 -22.00 220.00 526.00 -263.00 -1065.00 0
1186 -6.12 0.56 -4.17 -92.00 -21.00 225.00 526.00 -263.00 -1065.00 0
1196 -5.50 0.56 -3.27 -84.00 -24.00 221.00 526.00 -263.00 -1065.00 0
1205 -5.22 0.28 -2.23 -82.00 -20.00 227.00 527.00 -262.00 -1070.00 0
1214 -5.43 0.00 -2.16 -88.00 -18.00 228.00 527.00 -262.00 -1070.00 0
1223 -6.05 -0.56 -2.09 -79.00 -31.00 221.00 527.00 -262.00 -1070.00 0
1232 -7.30 -1.39 -2.16 -76.00 -34.00 211.00 527.00 -262.00 -1070.00 0
1242 -8.83 -1.74 -2.50 -83.00 -39.00 222.00 527.00 -262.00 -1070.00 0
1251 -9.81 -1.81 -3.06 -96.00 -32.00 231.00 527.00 -262.00 -1070.00 0
1260 -9.95 -1.67 -3.34 -98.00 -28.00 227.00 527.00 -262.00 -1070.00 0
1269 -9.88 -2.30 -3.27 -100.00 -16.00 227.00 527.00 -262.00 -1070.00 0
1278 -9.60 -3.06 -2.92 -106.00 -14.00 231.00 527.00 -262.00 -1070.00 0
1288 -10.09 -4.10 -2.30 -86.00 -25.00 221.00 527.00 -262.00 -1070.00 0
1297 -11.48 -5.50 -1.67 -93.00 -33.00 210.00 527.00 -262.00 -1070.00 0
1306 -12.94 -6.26 -1.04 -90.00 -37.00 211.00 527.00 -262.00 -1070.00 0
1315 -14.89 -6.68 -0.63 -86.00 -38.00 212.00 527.00 -262.00 -1070.00 0
1325 -14.61 -6.40 0.14 -93.00 -26.00 206.00 527.00 -262.00 -1070.00 0
1334 -13.63 -5.77 1.60 -84.00 -40.00 210.00 527.00 -262.00 -1070.00 0
1343 -13.08 -5.43 3.41 -93.00 -39.00 209.00 527.00 -262.00 -1070.00 0
1352 -12.31 -4.31 4.73 -83.00 -44.00 210.00 527.00 -262.00 -1070.00 0
1362 -11.48 -2.92 5.22 -85.00 -45.00 210.00 527.00 -262.00 -1070.00 0
1372 -7.86 1.04 5.36 -74.00 -41.00 212.00 527.00 -262.00 -1070.00 0
1381 -4.45 3.48 5.36 -82.00 -37.00 216.00 527.00 -262.00 -1070.00 0
1390 -1.60 6.54 5.29 -90.00 -26.00 227.00 527.00 -262.00 -1070.00 0
1399 1.18 9.04 5.50 -109.00 -16.00 250.00 527.00 -262.00 -1070.00 0
1409 3.20 10.30 5.29 -131.00 -31.00 252.00 530.00 -262.00 -1131.00 0
1418 2.37 9.60 4.31 -120.00 -34.00 239.00 530.00 -262.00 -1131.00 0
1427 -0.77 0.70 0.00 -113.00 -44.00 219.00 530.00 -262.00 -1131.00 0
1436 -2.02 -4.03 -2.02 -109.00 -45.00 221.00 530.00 -262.00 -1131.00 0
1445 -1.67 -8.21 -3.55 -104.00 -47.00 215.00 530.00 -262.00 -1131.00 0
1455 -1.74 -11.48 -5.29 -88.00 -50.00 208.00 530.00 -262.00 -1131.00 0
1464 -1.74 -13.91 -7.17 -91.00 -52.00 218.00 530.00 -262.00 -1131.00 0
1473 -0.90 -15.03 -8.56 -93.00 -29.00 235.00 530.00 -262.00 -1131.00 0
1482 5.15 -17.74 -8.77 -82.00 -22.00 220.00 530.00 -262.00 -1131.00 0
1491 6.68 -19.62 -9.04 -75.00 -20.00 215.00 530.00 -262.00 -1131.00 0
1501 6.89 -20.87 -9.18 -78.00 -20.00 209.00 530.00 -262.00 -1131.00 0
1510 7.17 -20.80 -8.07 -81.00 -29.00 213.00 530.00 -262.00 -1131.00 0
1519 7.86 -19.97 -6.05 -69.00 -22.00 195.00 530.00 -262.00 -1131.00 0
1528 8.70 -18.37 -2.37 -60.00 -5.00 193.00 530.00 -262.00 -1131.00 0
1538 11.62 -15.10 -0.77 -57.00 3.00 192.00 530.00 -262.00 -1131.00 0
1547 12.66 -11.83 1.04 -59.00 5.00 220.00 530.00 -262.00 -1131.00 0
1556 12.45 -7.65 2.78 -76.00 -12.00 226.00 530.00 -262.00 -1131.00 0
1565 9.95 -3.41 5.08 -76.00 -30.00 221.00 530.00 -262.00 -1131.00 0
1574 6.40 -0.28 7.44 -73.00 -47.00 216.00 530.00 -262.00 -1131.00 0
1584 2.16 1.95 10.64 -74.00 -57.00 220.00 530.00 -262.00 -1131.00 0
1594 -1.04 4.24 11.76 -74.00 -50.00 218.00 530.00 -262.00 -1131.00 0
1603 1.04 4.03 12.03 -73.00 -30.00 217.00 530.00 -262.00 -1131.00 0
1612 4.31 4.17 12.17 -66.00 -16.00 219.00 530.00 -262.00 -1131.00 0
1622 8.35 4.10 12.45 -73.00 9.00 216.00 530.00 -262.00 -1131.00 0
1631 11.34 4.59 12.31 -78.00 27.00 234.00 530.00 -262.00 -1131.00 0
1640 13.29 7.23 10.85 -93.00 29.00 246.00 530.00 -262.00 -1131.00 0
1649 13.63 9.04 11.13 -104.00 27.00 251.00 530.00 -262.00 -1131.00 0
1658 11.83 10.92 11.97 -111.00 8.00 260.00 530.00 -262.00 -1131.00 0
1668 8.21 12.10 12.73 -120.00 -15.00 256.00 523.00 -286.00 -1122.00 0
1677 3.62 11.41 13.36 -125.00 -32.00 250.00 523.00 -286.00 -1122.00 0
1686 -0.63 8.63 12.80 -105.00 -66.00 225.00 523.00 -286.00 -1122.00 0
1696 -8.77 -0.63 8.21 -99.00 -74.00 207.00 523.00 -286.00 -1122.00 0
1705 -8.90 -5.01 5.98 -92.00 -67.00 206.00 523.00 -286.00 -1122.00 0
1715 -6.40 -8.14 3.76 -88.00 -57.00 207.00 523.00 -286.00 -1122.00 0
1724 -3.34 -10.16 1.67 -93.00 -49.00 208.00 523.00 -286.00 -1122.00 0
1733 0.00 -11.48 -0.56 -100.00 -38.00 215.00 515.00 -285.00 -1287.00 0
1742 3.69 -12.38 -2.30 -110.00 -24.00 226.00 515.00 -285.00 -1287.00 0
1752 12.31 -13.77 -3.48 -109.00 -15.00 231.00 515.00 -285.00 -1287.00 0
1761 16.00 -14.68 -3.62 -103.00 -4.00 231.00 515.00 -285.00 -1287.00 0
1770 19.55 -16.28 -3.76 -99.00 17.00 233.00 515.00 -285.00 -1287.00 0
1779 22.75 -18.30 -4.03 -97.00 28.00 231.00 515.00 -285.00 -1287.00 0
1788 24.21 -20.31 -3.97 -87.00 29.00 223.00 515.00 -285.00 -1287.00 0
1798 24.07 -22.61 -3.69 -79.00 26.00 207.00 503.00 -299.00 -1233.00 0
1807 20.17 -26.23 -3.62 -63.00 19.00 203.00 503.00 -299.00 -1233.00 0
1816 17.67 -26.78 -3.13 -62.00 14.00 198.00 503.00 -299.00 -1233.00 0
1825 15.30 -26.23 -1.88 -55.00 8.00 196.00 503.00 -299.00 -1233.00 0
1835 12.66 -24.83 -0.28 -48.00 -12.00 190.00 503.00 -299.00 -1233.00 0
1845 9.11 -22.47 0.90 -57.00 -24.00 194.00 503.00 -299.00 -1233.00 0
1854 5.70 -18.92 1.88 -70.00 -40.00 205.00 503.00 -299.00 -1233.00 0
1863 2.02 -11.20 1.32 -74.00 -22.00 208.00 494.00 -300.00 -1301.00 0
1872 3.62 -8.28 0.42 -64.00 9.00 213.00 494.00 -300.00 -1301.00 0
1882 6.89 -6.47 -0.49 -66.00 25.00 217.00 494.00 -300.00 -1301.00 0
1891 9.39 -4.10 -0.83 -71.00 30.00 208.00 494.00 -300.00 -1301.00 0
1900 10.30 -1.18 -0.35 -78.00 48.00 224.00 494.00 -300.00 -1301.00 0
1909 10.71 1.88 0.97 -98.00 48.00 239.00 494.00 -300.00 -1301.00 0
1918 6.68 6.40 4.66 -100.00 42.00 234.00 494.00 -300.00 -1301.00 0
1928 1.88 7.03 6.33 -101.00 17.00 230.00 498.00 -307.00 -1089.00 0
1937 -3.27 7.17 8.14 -102.00 2.00 227.00 498.00 -307.00 -1089.00 0
1946 -7.93 7.17 9.81 -104.00 -14.00 216.00 498.00 -307.00 -1089.00 0
1955 -11.48 7.03 11.48 -101.00 -21.00 225.00 498.00 -307.00 -1089.00 0
1965 -13.84 6.96 13.84 -99.00 -26.00 220.00 498.00 -307.00 -1089.00 0
1974 -14.05 7.10 14.61 -93.00 -13.00 223.00 498.00 -307.00 -1089.00 0
1983 -12.24 6.89 15.30 -84.00 -5.00 217.00 498.00 -307.00 -1089.00 0
1992 -10.78 6.82 15.93 -86.00 -4.00 216.00 500.00 -311.00 -926.00 0
2001 -9.95 6.75 16.56 -84.00 -5.00 218.00 500.00 -311.00 -926.00 0
2011 -9.67 6.54 17.04 -80.00 -1.00 221.00 500.00 -311.00 -926.00 0
2020 -9.74 6.33 17.11 -78.00 -13.00 218.00 500.00 -311.00 -926.00 0
2029 -11.55 6.75 17.04 -72.00 -13.00 209.00 500.00 -311.00 -926.00 0
2038 -11.27 6.82 17.32 -63.00 -6.00 202.00 500.00 -311.00 -926.00 0
2048 -10.57 7.51 17.39 -61.00 -3.00 202.00 500.00 -311.00 -926.00 0
2057 -9.46 8.97 17.46 -61.00 0.00 190.00 500.00 -311.00 -926.00 0
2066 -8.42 10.85 17.60 -59.00 2.00 203.00 500.00 -311.00 -926.00 0
2075 -7.23 13.01 17.67 -60.00 -4.00 200.00 500.00 -311.00 -926.00 0
2084 -8.77 19.13 17.11 -70.00 -3.00 188.00 500.00 -311.00 -926.00 0
2094 -10.16 20.94 15.72 -79.00 -33.00 218.00 500.00 -311.00 -926.00 0
2103 -13.08 21.22 12.87 -99.00 -32.00 201.00 500.00 -311.00 -926.00 0
2112 -13.36 23.44 10.43 -95.00 -39.00 216.00 500.00 -311.00 -926.00 0
2121 -10.30 24.83 10.02 -103.00 -1.00 233.00 500.00 -311.00 -926.00 0
2130 -3.34 23.93 10.85 -138.00 -24.00 190.00 500.00 -311.00 -926.00 0
2140 10.09 15.30 5.98 -82.00 40.00 297.00 500.00 -311.00 -926.00 0
2149 6.05 13.22 -0.35 -77.00 -19.00 249.00 500.00 -311.00 -926.00 0
2158 -1.04 12.66 -2.43 -107.00 32.00 243.00 500.00 -311.00 -926.00 0
2167 -1.39 9.67 -0.49 -60.00 -21.00 219.00 500.00 -311.00 -926.00 0
2177 -5.01 5.36 0.28 -64.00 -2.00 208.00 500.00 -311.00 -926.00 0
2186 -8.83 2.43 0.42 -48.00 -28.00 192.00 500.00 -311.00 -926.00 0
2195 -16.35 0.42 -1.18 -54.00 -27.00 186.00 500.00 -311.00 -926.00 0
2204 -15.79 -0.21 -0.49 -61.00 -5.00 190.00 500.00 -311.00 -926.00 0
2213 -13.77 -1.04 -0.56 -61.00 -7.00 206.00 500.00 -311.00 -926.00 0
2223 -13.57 -0.70 -2.30 -80.00 -13.00 215.00 500.00 -311.00 -926.00 0
2232 -14.47 0.63 -4.17 -70.00 -14.00 242.00 500.00 -311.00 -926.00 0
2241 -14.05 2.78 -5.57 -71.00 -21.00 248.00 500.00 -311.00 -926.00 0
2250 -12.59 10.57 -5.43 -73.00 -29.00 245.00 500.00 -311.00 -926.00 0
2259 -10.02 14.19 -3.83 -71.00 -10.00 255.00 500.00 -311.00 -926.00 0
2269 -6.33 16.97 -2.02 -70.00 -10.00 264.00 500.00 -311.00 -926.00 0
2278 -4.59 19.06 -1.11 -78.00 -9.00 280.00 500.00 -311.00 -926.00 0
2287 -4.94 19.69 -1.04 -84.00 -6.00 293.00 500.00 -311.00 -926.00 0
2296 -6.33 17.53 -1.25 -79.00 -6.00 296.00 500.00 -311.00 -926.00 0
2306 -8.00 5.01 -1.67 -82.00 -12.00 267.00 500.00 -311.00 -926.00 0
2315 -12.66 -1.74 -1.60 -72.00 -17.00 222.00 500.00 -311.00 -926.00 0
2324 -15.17 -7.44 -1.60 -71.00 -22.00 192.00 513.00 -307.00 -1059.00 0
2333 -17.11 -10.85 -2.09 -73.00 -20.00 190.00 513.00 -307.00 -1059.00 0
2342 -17.95 -12.17 -2.92 -92.00 -22.00 182.00 513.00 -307.00 -1059.00 0
2352 -17.81 -11.62 -3.62 -96.00 -7.00 202.00 513.00 -307.00 -1059.00 0
2361 -15.51 -7.30 -3.62 -112.00 4.00 220.00 513.00 -307.00 -1059.00 0
2370 -10.78 -3.83 -3.83 -108.00 5.00 222.00 513.00 -307.00 -1059.00 0
2379 -10.16 -0.42 -3.55 -120.00 -1.00 230.00 513.00 -307.00 -1059.00 0
2388 -9.53 2.64 -1.81 -126.00 -15.00 231.00 512.00 -308.00 -1204.00 0
2398 -8.90 4.73 0.35 -126.00 -21.00 233.00 512.00 -308.00 -1204.00 0
2407 -8.49 5.84 2.16 -124.00 -15.00 231.00 512.00 -308.00 -1204.00 0
2416 -7.30 5.91 3.76 -120.00 -19.00 233.00 512.00 -308.00 -1204.00 0
2425 -5.63 4.80 3.55 -110.00 -23.00 224.00 512.00 -308.00 -1204.00 0
2435 -5.57 3.13 2.92 -108.00 -30.00 223.00 512.00 -308.00 -1204.00 0
2444 -5.36 1.74 1.81 -105.00 -23.00 226.00 512.00 -308.00 -1204.00 0
2453 -4.66 1.04 0.56 -101.00 -10.00 228.00 514.00 -311.00 -1204.00 0
2462 -3.34 0.35 -0.56 -92.00 -3.00 223.00 514.00 -311.00 -1204.00 0
2471 0.00 -3.06 -1.04 -84.00 -2.00 218.00 514.00 -311.00 -1204.00 0
2481 0.90 -5.01 -0.77 -73.00 -5.00 206.00 514.00 -311.00 -1204.00 0
2490 1.95 -6.19 -0.07 -70.00 -8.00 198.00 514.00 -311.00 -1204.00 0
2499 2.57 -6.26 0.70 -69.00 -11.00 201.00 514.00 -311.00 -1204.00 0
2508 2.78 -5.43 1.32 -65.00 -6.00 199.00 514.00 -311.00 -1204.00 0
2518 3.20 -4.03 1.81 -67.00 -1.00 209.00 511.00 -316.00 -1124.00 0
2527 3.69 -2.02 2.23 -72.00 -4.00 218.00 511.00 -316.00 -1124.00 0
2536 2.37 2.50 2.02 -83.00 -10.00 222.00 511.00 -316.00 -1124.00 0
2545 0.97 4.45 1.95 -90.00 -7.00 229.00 511.00 -316.00 -1124.00 0
2554 -0.07 6.54 1.18 -87.00 -19.00 231.00 511.00 -316.00 -1124.00 0
2564 -1.32 8.90 -0.07 -100.00 -14.00 238.00 511.00 -316.00 -1124.00 0
2573 -1.39 10.99 -0.63 -100.00 -10.00 241.00 511.00 -316.00 -1124.00 0
2582 -0.21 12.52 -0.21 -105.00 0.00 240.00 511.00 -316.00 -1124.00 0
2591 2.09 13.22 1.04 -99.00 0.00 230.00 511.00 -316.00 -1124.00 0
2600 1.53 12.03 0.97 -97.00 -4.00 214.00 511.00 -316.00 -1124.00 0
2610 0.97 10.16 0.97 -97.00 -5.00 206.00 511.00 -316.00 -1124.00 0
2619 0.56 8.49 0.70 -95.00 2.00 208.00 511.00 -316.00 -1124.00 0
2628 0.14 7.37 0.21 -98.00 1.00 207.00 511.00 -316.00 -1124.00 0
2637 -0.21 6.75 -0.49 -101.00 -2.00 204.00 511.00 -316.00 -1124.00 0
2647 -1.74 5.77 -1.04 -101.00 -1.00 207.00 511.00 -316.00 -1124.00 0
2656 -2.37 5.57 -1.04 -104.00 -7.00 195.00 511.00 -316.00 -1124.00 0
2665 -2.85 5.77 -0.83 -100.00 -12.00 198.00 511.00 -316.00 -1124.00 0
2674 -2.37 7.51 -0.21 -100.00 -12.00 209.00 511.00 -316.00 -1124.00 0
2683 -0.77 11.34 0.56 -110.00 -1.00 218.00 511.00 -316.00 -1124.00 0
2693 1.53 15.79 1.74 -108.00 -2.00 215.00 511.00 -316.00 -1124.00 0
2702 4.52 21.08 3.76 -126.00 -7.00 195.00 511.00 -316.00 -1124.00 0
2711 5.70 22.05 4.45 -92.00 -2.00 215.00 511.00 -316.00 -1124.00 0
2720 6.68 22.26 4.31 -102.00 -11.00 202.00 511.00 -316.00 -1124.00 0
2729 6.96 22.82 5.01 -97.00 1.00 205.00 511.00 -316.00 -1124.00 0
2739 8.28 23.65 5.57 -108.00 -3.00 208.00 511.00 -316.00 -1124.00 0
2748 8.56 24.07 5.77 -118.00 7.00 222.00 511.00 -316.00 -1124.00 0
2757 7.72 21.08 4.24 -121.00 7.00 225.00 511.00 -316.00 -1124.00 0
2766 5.29 18.02 3.48 -135.00 8.00 243.00 511.00 -316.00 -1124.00 0
2776 2.02 13.91 2.71 -139.00 9.00 242.00 511.00 -316.00 -1124.00 0
2785 -2.85 8.49 1.39 -130.00 4.00 226.00 511.00 -316.00 -1124.00 0
2794 -7.30 2.23 0.07 -127.00 1.00 209.00 511.00 -316.00 -1124.00 0
2803 -10.85 -3.27 -0.83 -124.00 -9.00 194.00 511.00 -316.00 -1124.00 0
2812 -14.89 -9.25 -1.67 -124.00 -15.00 187.00 511.00 -316.00 -1124.00 0
2822 -14.61 -9.88 -1.88 -116.00 -18.00 184.00 511.00 -316.00 -1124.00 0
2831 -12.80 -9.32 -2.16 -120.00 -13.00 194.00 511.00 -316.00 -1124.00 0
2841 -10.30 -7.86 -2.43 -121.00 -2.00 204.00 511.00 -316.00 -1124.00 0
2850 -7.72 -5.84 -2.99 -113.00 -3.00 218.00 511.00 -316.00 -1124.00 0
2860 -5.43 -3.76 -3.48 -117.00 -9.00 219.00 511.00 -316.00 -1124.00 0
2869 -1.88 0.00 -3.97 -109.00 -8.00 214.00 511.00 -316.00 -1124.00 0
2878 0.42 1.25 -3.90 -99.00 -15.00 215.00 511.00 -316.00 -1124.00 0
2887 2.99 3.55 -3.62 -105.00 -13.00 232.00 511.00 -316.00 -1124.00 0
2896 5.57 6.47 -3.20 -110.00 -5.00 230.00 511.00 -316.00 -1124.00 0
2906 8.14 10.02 -2.37 -119.00 1.00 237.00 511.00 -316.00 -1124.00 0
2915 11.06 13.84 -0.90 -109.00 1.00 227.00 539.00 -332.00 -1142.00 0
2924 12.94 13.36 -0.49 -100.00 0.00 199.00 539.00 -332.00 -1142.00 0
2933 13.01 12.52 -0.90 -102.00 3.00 191.00 539.00 -332.00 -1142.00 0
2942 12.94 11.90 -1.11 -98.00 11.00 191.00 539.00 -332.00 -1142.00 0
2952 12.45 11.62 -1.53 -102.00 14.00 191.00 539.00 -332.00 -1142.00 0
2961 10.85 11.20 -2.23 -103.00 17.00 197.00 539.00 -332.00 -1142.00 0
2970 8.77 9.60 -3.13 -112.00 16.00 210.00 539.00 -332.00 -1142.00 0
2979 3.34 4.38 -3.90 -121.00 14.00 218.00 541.00 -337.00 -1017.00 0
2989 0.28 2.16 -4.31 -118.00 1.00 209.00 541.00 -337.00 -1017.00 0
2998 -2.64 0.77 -4.66 -110.00 -9.00 206.00 541.00 -337.00 -1017.00 0
3007 -3.62 0.97 -4.52 -104.00 -12.00 223.00 541.00 -337.00 -1017.00 0
3016 -2.23 3.34 -3.48 -127.00 1.00 212.00 541.00 -337.00 -1017.00 0
3025 1.18 8.97 -1.25 -120.00 8.00 216.00 541.00 -337.00 -1017.00 0
3035 7.30 15.30 3.27 -115.00 10.00 208.00 541.00 -337.00 -1017.00 0
3044 8.00 16.35 4.10 -115.00 11.00 202.00 544.00 -339.00 -926.00 0
3053 7.30 17.11 4.73 -119.00 11.00 198.00 544.00 -339.00 -926.00 0
3062 6.12 17.39 5.08 -111.00 12.00 199.00 544.00 -339.00 -926.00 0
3072 4.73 16.77 5.29 -108.00 13.00 197.00 544.00 -339.00 -926.00 0
3081 3.48 15.58 5.63 -107.00 6.00 194.00 544.00 -339.00 -926.00 0
3090 0.42 12.66 5.50 -109.00 1.00 194.00 544.00 -339.00 -926.00 0
3099 -0.77 11.34 4.94 -116.00 2.00 198.00 544.00 -339.00 -926.00 0
3108 -1.18 9.81 4.03 -118.00 5.00 203.00 554.00 -345.00 -1187.00 0
3118 -1.39 8.42 3.06 -121.00 5.00 202.00 554.00 -345.00 -1187.00 0
3127 -1.74 8.00 2.16 -121.00 -1.00 198.00 554.00 -345.00 -1187.00 0
3136 -1.95 8.63 1.53 -129.00 -1.00 205.00 554.00 -345.00 -1187.00 0
3145 0.42 11.97 1.11 -136.00 5.00 218.00 554.00 -345.00 -1187.00 0
3154 2.09 13.57 1.18 -138.00 10.00 222.00 554.00 -345.00 -1187.00 0
3165 3.48 14.40 1.39 -133.00 14.00 221.00 554.00 -345.00 -1187.00 0
3174 4.31 13.91 1.67 -126.00 12.00 211.00 555.00 -347.00 -945.00 0
3183 4.52 12.52 1.95 -115.00 14.00 199.00 555.00 -347.00 -945.00 0
3192 4.31 10.85 2.16 -108.00 21.00 193.00 555.00 -347.00 -945.00 0
3202 3.34 8.35 2.92 -102.00 19.00 193.00 555.00 -347.00 -945.00 0
3211 1.74 8.14 3.34 -106.00 8.00 188.00 555.00 -347.00 -945.00 0
3220 -0.49 8.70 3.34 -117.00 4.00 200.00 555.00 -347.00 -945.00 0
3229 -2.09 9.88 3.13 -122.00 9.00 204.00 555.00 -347.00 -945.00 0
3237 -2.92 10.71 2.85 -127.00 19.00 207.00 555.00 -347.00 -945.00 0
3247 -3.13 10.99 2.78 -133.00 19.00 210.00 555.00 -347.00 -945.00 0
3257 -4.17 9.74 3.06 -132.00 11.00 207.00 555.00 -347.00 -945.00 0
3265 -5.15 8.49 3.20 -128.00 2.00 203.00 555.00 -347.00 -945.00 0
3274 -5.77 7.10 3.13 -127.00 5.00 202.00 555.00 -347.00 -945.00 0
3283 -5.70 5.84 2.99 -126.00 8.00 195.00 555.00 -347.00 -945.00 0
3293 -5.36 4.80 2.85 -125.00 6.00 196.00 555.00 -347.00 -945.00 0
3302 -5.22 4.10 2.64 -125.00 6.00 199.00 555.00 -347.00 -945.00 0
3311 -5.08 3.69 2.30 -126.00 3.00 198.00 560.00 -353.00 -986.00 0
3320 -4.66 2.92 1.39 -125.00 16.00 195.00 560.00 -353.00 -986.00 0
3330 -4.03 3.06 1.18 -120.00 34.00 192.00 560.00 -353.00 -986.00 0
3339 -3.34 3.76 1.74 -122.00 20.00 194.00 560.00 -353.00 -986.00 0
3348 -3.48 5.50 3.27 -124.00 14.00 192.00 560.00 -353.00 -986.00 0
3357 -4.45 8.21 4.80 -137.00 5.00 204.00 560.00 -353.00 -986.00 0
3366 -5.50 11.13 6.12 -137.00 4.00 211.00 560.00 -353.00 -986.00 0
3376 -6.12 14.19 7.37 -135.00 4.00 210.00 560.00 -353.00 -986.00 0
3385 -6.05 13.77 7.23 -136.00 5.00 202.00 560.00 -353.00 -986.00 0
3394 -5.91 12.52 6.61 -130.00 0.00 197.00 560.00 -353.00 -986.00 0
3403 -5.91 10.85 5.50 -131.00 1.00 191.00 560.00 -353.00 -986.00 0
3412 -5.84 9.39 4.24 -132.00 5.00 195.00 560.00 -353.00 -986.00 0
3422 -5.36 8.14 2.92 -129.00 1.00 197.00 560.00 -353.00 -986.00 0
3431 -3.76 5.98 0.90 -131.00 2.00 197.00 560.00 -353.00 -986.00 0
3440 -2.64 5.01 0.28 -129.00 11.00 201.00 564.00 -362.00 -901.00 0
3449 -1.39 4.03 -0.28 -131.00 20.00 202.00 564.00 -362.00 -901.00 0
3459 -0.56 2.99 -0.49 -130.00 25.00 201.00 564.00 -362.00 -901.00 0
3468 -0.42 1.95 -0.49 -129.00 24.00 202.00 564.00 -362.00 -901.00 0
3477 -1.04 0.90 -0.28 -131.00 13.00 196.00 564.00 -362.00 -901.00 0
3486 -2.43 -0.28 -0.07 -128.00 21.00 200.00 564.00 -362.00 -901.00 0
3495 -5.15 -0.70 0.21 -128.00 23.00 195.00 564.00 -362.00 -901.00 0
3505 -6.40 -0.97 0.97 -129.00 12.00 195.00 565.00 -359.00 -1132.00 0
3514 -8.56 -1.18 1.46 -124.00 -1.00 185.00 565.00 -359.00 -1132.00 0
3523 -10.50 -1.18 1.46 -126.00 -2.00 186.00 565.00 -359.00 -1132.00 0
3532 -10.64 -0.28 1.39 -133.00 5.00 195.00 565.00 -359.00 -1132.00 0
3542 -9.18 3.20 1.95 -136.00 13.00 205.00 565.00 -359.00 -1132.00 0
3551 -6.12 4.10 1.95 -140.00 11.00 205.00 565.00 -359.00 -1132.00 0
3560 -5.50 4.10 1.60 -135.00 12.00 200.00 565.00 -359.00 -1132.00 0
3569 -5.01 3.41 1.18 -131.00 14.00 190.00 566.00 -359.00 -1047.00 0
3578 -4.24 2.50 1.11 -128.00 13.00 201.00 566.00 -359.00 -1047.00 0
3588 -3.69 1.74 1.25 -130.00 9.00 194.00 566.00 -359.00 -1047.00 0
3597 -3.69 0.70 0.77 -131.00 7.00 199.00 566.00 -359.00 -1047.00 0
3606 -3.76 0.28 0.28 -132.00 10.00 202.00 566.00 -359.00 -1047.00 0
3615 -3.76 -0.07 -0.21 -136.00 9.00 196.00 566.00 -359.00 -1047.00 0
3624 -3.90 -0.56 -0.83 -132.00 14.00 199.00 566.00 -359.00 -1047.00 0
3634 -4.17 -1.11 -1.32 -138.00 10.00 203.00 570.00 -360.00 -1136.00 0
3643 -4.73 -1.74 -1.60 -134.00 18.00 207.00 570.00 -360.00 -1136.00 0
3652 -5.29 -3.76 -1.32 -136.00 26.00 210.00 570.00 -360.00 -1136.00 0
3661 -7.10 -5.29 -0.83 -138.00 19.00 200.00 570.00 -360.00 -1136.00 0
3671 -9.53 -8.35 -0.90 -125.00 1.00 201.00 570.00 -360.00 -1136.00 0
3680 -11.97 -10.92 -1.53 -129.00 3.00 199.00 570.00 -360.00 -1136.00 0
3689 -12.80 -12.10 -1.53 -128.00 7.00 195.00 570.00 -360.00 -1136.00 0
3699 -12.87 -13.01 -1.39 -125.00 2.00 191.00 560.00 -356.00 -1205.00 0
3708 -12.52 -13.50 -1.32 -127.00 2.00 195.00 560.00 -356.00 -1205.00 0
3718 -11.69 -13.22 -1.32 -127.00 8.00 198.00 560.00 -356.00 -1205.00 0
3727 -11.41 -13.22 -1.67 -125.00 5.00 196.00 560.00 -356.00 -1205.00 0
3736 -11.34 -13.50 -2.23 -124.00 8.00 195.00 560.00 -356.00 -1205.00 0
3745 -10.78 -13.77 -2.71 -121.00 8.00 197.00 560.00 -356.00 -1205.00 0
3755 -9.95 -13.84 -2.78 -122.00 18.00 198.00 560.00 -356.00 -1205.00 0
3764 -7.86 -13.22 -2.16 -118.00 23.00 202.00 560.00 -353.00 -1199.00 0
3773 -7.37 -12.45 -1.32 -128.00 19.00 205.00 558.00 -353.00 -1199.00 0
3782 -8.28 -11.97 -0.63 -133.00 4.00 206.00 558.00 -353.00 -1199.00 0
3791 -10.16 -12.17 -0.77 -131.00 -1.00 208.00 558.00 -353.00 -1199.00 0
3802 -11.69 -12.59 -1.25 -131.00 -1.00 211.00 558.00 -353.00 -1199.00 0
3811 -12.45 -13.01 -1.53 -131.00 3.00 206.00 558.00 -353.00 -1199.00 0
3820 -12.94 -15.30 -2.16 -126.00 3.00 209.00 558.00 -353.00 -1199.00 0
3829 -12.59 -16.90 -2.02 -118.00 9.00 208.00 558.00 -353.00 -1199.00 0
3838 -12.38 -18.78 -1.74 -115.00 10.00 197.00 558.00 -353.00 -1199.00 0
3848 -12.87 -20.66 -1.60 -104.00 1.00 194.00 558.00 -353.00 -1199.00 0
3857 -13.50 -21.84 -1.67 -103.00 3.00 190.00 558.00 -353.00 -1199.00 0
3866 -13.63 -21.36 -1.95 -109.00 3.00 195.00 558.00 -353.00 -1199.00 0
3875 -13.01 -20.10 -2.09 -112.00 5.00 198.00 558.00 -353.00 -1199.00 0
3885 -13.01 -19.20 -2.37 -113.00 4.00 203.00 558.00 -353.00 -1199.00 0
3894 -13.15 -18.30 -2.64 -120.00 -3.00 208.00 558.00 -353.00 -1199.00 0
3904 -13.70 -17.04 -2.92 -124.00 -14.00 207.00 558.00 -353.00 -1199.00 0
3913 -14.19 -15.65 -3.55 -123.00 -16.00 206.00 558.00 -353.00 -1199.00 0
3922 -13.36 -12.31 -5.01 -118.00 -2.00 205.00 558.00 -353.00 -1199.00 0
3932 -12.10 -10.64 -5.15 -102.00 27.00 185.00 558.00 -353.00 -1199.00 0
3941 -11.62 -9.32 -4.80 -77.00 39.00 159.00 558.00 -353.00 -1199.00 0
3950 -12.45 -7.30 -3.27 -35.00 11.00 102.00 558.00 -353.00 -1199.00 0
3959 -12.94 0.49 0.90 -67.00 0.00 114.00 558.00 -353.00 -1199.00 0
3969 -10.71 16.83 8.00 -89.00 3.00 155.00 558.00 -353.00 -1199.00 0
3978 -3.90 53.50 19.41 -96.00 1.00 163.00 558.00 -353.00 -1199.00 0
3987 0.56 70.40 22.89 -106.00 6.00 170.00 558.00 -353.00 -1199.00 0
3996 5.50 86.96 26.16 -123.00 1.00 160.00 558.00 -353.00 -1199.00 0
4005 9.11 102.54 28.59 -141.00 -4.00 169.00 558.00 -353.00 -1199.00 0
4016 12.31 115.83 29.63 -174.00 4.00 181.00 558.00 -353.00 -1199.00 1
4025 19.20 131.97 29.43 -254.00 35.00 314.00 558.00 -353.00 -1199.00 1
4036 20.17 132.10 27.69 -390.00 2.00 486.00 558.00 -353.00 -1199.00 1
4047 9.18 101.43 15.86 -135.00 -12.00 125.00 558.00 -353.00 -1199.00 1
4059 14.05 49.39 7.44 -211.00 35.00 224.00 558.00 -353.00 -1199.00 1
4069 18.92 39.30 8.49 -227.00 -6.00 251.00 558.00 -353.00 -1199.00 0
4078 18.85 31.37 5.29 -258.00 23.00 313.00 558.00 -353.00 -1199.00 0
4087 18.16 21.15 1.67 -216.00 27.00 269.00 558.00 -353.00 -1199.00 0
4097 8.97 -17.46 -8.90 -157.00 18.00 199.00 558.00 -353.00 -1199.00 0
4107 2.43 -37.43 -13.57 -128.00 11.00 153.00 558.00 -353.00 -1199.00 0
4116 -2.30 -54.05 -15.93 -99.00 17.00 136.00 558.00 -353.00 -1199.00 0
4125 -5.01 -66.78 -17.11 -83.00 4.00 130.00 558.00 -353.00 -1199.00 0
4134 -7.58 -74.92 -17.81 -83.00 2.00 133.00 558.00 -353.00 -1199.00 0
4144 -9.60 -78.40 -18.50 -76.00 3.00 133.00 558.00 -353.00 -1199.00 0
4153 -10.85 -74.23 -18.37 -76.00 17.00 143.00 558.00 -353.00 -1199.00 0
4162 -10.02 -68.24 -17.60 -82.00 18.00 152.00 560.00 -355.00 -1071.00 0
4171 -9.04 -59.97 -16.28 -88.00 20.00 158.00 560.00 -355.00 -1071.00 0
4180 -8.42 -49.81 -14.89 -109.00 10.00 181.00 560.00 -355.00 -1071.00 0
4190 -7.72 -38.68 -12.73 -140.00 9.00 219.00 560.00 -355.00 -1071.00 0
4199 -4.59 -20.45 -8.28 -159.00 15.00 237.00 560.00 -355.00 -1071.00 0
4209 -4.38 -16.00 -7.37 -162.00 9.00 234.00 560.00 -355.00 -1071.00 0
4218 -5.29 -14.19 -7.10 -160.00 6.00 230.00 560.00 -355.00 -1071.00 0
4228 -6.68 -14.68 -7.10 -152.00 1.00 214.00 560.00 -354.00 -956.00 0
4237 -8.00 -16.56 -7.44 -140.00 -5.00 203.00 560.00 -354.00 -956.00 0
4246 -9.04 -18.92 -8.07 -128.00 -5.00 192.00 560.00 -354.00 -956.00 0
4255 -8.77 -22.75 -9.32 -116.00 -6.00 180.00 560.00 -354.00 -956.00 0
4264 -7.51 -23.72 -10.02 -114.00 -1.00 180.00 560.00 -354.00 -956.00 0
4274 -5.57 -24.07 -10.37 -106.00 5.00 186.00 560.00 -354.00 -956.00 0
4283 -3.34 -23.65 -10.71 -102.00 14.00 191.00 560.00 -354.00 -956.00 0
4292 -1.32 -22.47 -10.78 -106.00 16.00 193.00 552.00 -351.00 -1016.00 0
4301 0.14 -20.59 -10.64 -105.00 16.00 196.00 552.00 -351.00 -1016.00 0
4311 0.35 -15.10 -9.74 -115.00 14.00 194.00 552.00 -351.00 -1016.00 0
4320 -0.07 -11.76 -9.11 -123.00 9.00 202.00 552.00 -351.00 -1016.00 0
4329 -0.21 -8.63 -8.14 -132.00 11.00 211.00 552.00 -351.00 -1016.00 0
4338 -0.28 -6.05 -7.03 -130.00 11.00 209.00 552.00 -351.00 -1016.00 0
4347 -0.49 -4.52 -5.91 -128.00 5.00 207.00 552.00 -351.00 -1016.00 0
4357 -0.83 -3.76 -4.94 -126.00 1.00 200.00 552.00 -352.00 -1219.00 0
4366 -1.74 -3.62 -3.69 -124.00 0.00 204.00 552.00 -352.00 -1219.00 0
4375 -2.02 -3.69 -3.62 -120.00 2.00 198.00 552.00 -352.00 -1219.00 0
4384 -2.16 -3.69 -3.69 -120.00 2.00 200.00 552.00 -352.00 -1219.00 0
4393 -2.02 -3.62 -3.76 -119.00 1.00 203.00 552.00 -352.00 -1219.00 0
4403 -1.88 -3.34 -3.90 -121.00 9.00 198.00 552.00 -352.00 -1219.00 0
4412 -1.81 -3.13 -4.03 -125.00 8.00 213.00 552.00 -352.00 -1219.00 0
4421 -1.88 -3.20 -4.24 -125.00 10.00 206.00 552.00 -348.00 -1151.00 0
4430 -2.37 -3.69 -4.38 -123.00 11.00 210.00 552.00 -348.00 -1151.00 0
4440 -2.99 -4.31 -4.52 -123.00 7.00 207.00 552.00 -348.00 -1151.00 0
4449 -3.48 -4.87 -4.45 -124.00 8.00 201.00 552.00 -348.00 -1151.00 0
4458 -3.76 -5.15 -4.24 -123.00 6.00 206.00 552.00 -348.00 -1151.00 0
4467 -3.76 -5.15 -3.90 -121.00 6.00 206.00 552.00 -348.00 -1151.00 0
4476 -4.10 -5.57 -3.48 -124.00 5.00 206.00 552.00 -348.00 -1151.00 0
4486 -4.52 -5.84 -3.55 -125.00 4.00 213.00 551.00 -350.00 -1187.00 0
4495 -5.29 -6.54 -3.62 -127.00 4.00 209.00 551.00 -350.00 -1187.00 0
4504 -6.19 -7.51 -3.76 -124.00 2.00 206.00 551.00 -350.00 -1187.00 0
4513 -6.89 -8.97 -3.97 -122.00 1.00 205.00 551.00 -350.00 -1187.00 0
4523 -7.30 -10.50 -4.17 -119.00 4.00 205.00 551.00 -350.00 -1187.00 0
4533 -6.89 -12.03 -4.17 -125.00 7.00 217.00 551.00 -350.00 -1187.00 0
4542 -6.96 -12.38 -4.31 -130.00 5.00 223.00 551.00 -350.00 -1187.00 0
4551 -8.00 -13.36 -4.73 -122.00 3.00 213.00 551.00 -350.00 -1187.00 0
4560 -9.18 -14.82 -5.29 -115.00 1.00 204.00 551.00 -350.00 -1187.00 0
4570 -10.09 -16.56 -5.70 -114.00 1.00 203.00 551.00 -350.00 -1187.00 0
4579 -10.50 -18.23 -5.98 -109.00 0.00 196.00 551.00 -350.00 -1187.00 0
4588 -10.57 -19.83 -6.33 -102.00 0.00 195.00 551.00 -350.00 -1187.00 0
4597 -9.95 -19.55 -6.33 -104.00 4.00 193.00 551.00 -350.00 -1187.00 0
4606 -9.18 -18.50 -6.26 -107.00 1.00 195.00 551.00 -350.00 -1187.00 0
4616 -8.56 -16.97 -6.19 -104.00 3.00 198.00 551.00 -350.00 -1187.00 0
4625 -7.86 -15.10 -6.05 -106.00 2.00 202.00 551.00 -350.00 -1187.00 0
4634 -7.03 -12.80 -5.84 -109.00 4.00 205.00 551.00 -350.00 -1187.00 0
4643 -5.43 -7.93 -5.22 -112.00 4.00 205.00 551.00 -350.00 -1187.00 0
4653 -4.73 -5.77 -4.94 -109.00 -1.00 207.00 551.00 -350.00 -1187.00 0
4662 -4.24 -4.03 -4.52 -107.00 0.00 204.00 551.00 -350.00 -1187.00 0
4671 -3.76 -2.50 -3.97 -105.00 -1.00 199.00 551.00 -350.00 -1187.00 0
4680 -3.13 -1.04 -3.55 -101.00 2.00 195.00 551.00 -350.00 -1187.00 0
4689 -2.57 0.42 -3.20 -99.00 4.00 192.00 543.00 -338.00 -1101.00 0
4699 -1.95 3.55 -2.50 -84.00 5.00 173.00 543.00 -338.00 -1101.00 0
4708 -1.67 5.98 -1.95 -55.00 2.00 108.00 543.00 -338.00 -1101.00 0
4717 -0.28 11.13 -0.90 -18.00 11.00 72.00 543.00 -338.00 -1101.00 0
4726 4.52 22.19 2.30 -25.00 29.00 58.00 543.00 -338.00 -1101.00 0
4736 12.24 41.39 8.42 -22.00 6.00 105.00 543.00 -338.00 -1101.00 0
4745 20.59 68.52 16.70 -109.00 24.00 78.00 543.00 -338.00 -1101.00 0
4754 38.12 148.10 36.73 -136.00 29.00 134.00 543.00 -338.00 -1101.00 0
4764 42.99 182.12 42.43 -200.00 35.00 197.00 543.00 -338.00 -1101.00 1
4774 42.71 205.50 44.80 -303.00 -63.00 459.00 543.00 -338.00 -1101.00 1
4786 2.37 124.38 16.70 -66.00 -34.00 -46.00 543.00 -338.00 -1101.00 1
4797 12.03 100.45 15.72 -228.00 76.00 220.00 543.00 -338.00 -1101.00 1
4808 19.41 80.90 18.23 -165.00 8.00 185.00 543.00 -338.00 -1101.00 1
4818 18.09 45.57 10.64 -182.00 27.00 206.00 599.00 -384.00 -1012.00 1
4830 19.97 39.37 9.67 -184.00 12.00 191.00 599.00 -384.00 -1012.00 1
4840 18.85 35.62 7.86 -201.00 26.00 234.00 599.00 -384.00 -1012.00 0
4850 12.94 19.20 2.23 -251.00 48.00 302.00 599.00 -384.00 -1012.00 0
4859 5.98 0.83 -3.27 -205.00 37.00 256.00 599.00 -384.00 -1012.00 0
4869 -4.24 -22.68 -9.67 -174.00 14.00 202.00 599.00 -384.00 -1012.00 0
4878 -14.61 -47.93 -15.17 -136.00 5.00 157.00 599.00 -384.00 -1012.00 0
4887 -22.82 -71.86 -19.48 -115.00 10.00 126.00 599.00 -384.00 -1012.00 0
4896 -27.41 -105.88 -25.25 -92.00 11.00 128.00 599.00 -384.00 -1012.00 0
4905 -30.26 -113.81 -27.76 -80.00 0.00 134.00 599.00 -384.00 -1012.00 0
4916 -29.77 -114.78 -28.31 -82.00 21.00 147.00 599.00 -384.00 -1012.00 0
4925 -27.55 -110.40 -28.17 -92.00 2.00 163.00 599.00 -384.00 -1012.00 0
4934 -26.64 -101.98 -27.27 -102.00 13.00 181.00 599.00 -384.00 -1012.00 0
4943 -24.90 -91.27 -25.46 -113.00 10.00 198.00 599.00 -384.00 -1012.00 0
4953 -20.52 -67.90 -20.38 -127.00 7.00 206.00 599.00 -384.00 -1012.00 0
4962 -18.30 -58.02 -17.88 -129.00 9.00 215.00 599.00 -384.00 -1012.00 0
4972 -16.56 -50.23 -15.72 -132.00 1.00 214.00 599.00 -384.00 -1012.00 0
4981 -15.44 -44.24 -13.98 -136.00 -1.00 212.00 599.00 -384.00 -1012.00 0
4990 -14.54 -39.93 -12.87 -130.00 -3.00 217.00 599.00 -384.00 -1012.00 0
5000 -12.03 -36.87 -11.97 -123.00 0.00 208.00 599.00 -384.00 -1012.00 0
5009 -10.50 -36.24 -11.90 -113.00 2.00 202.00 599.00 -384.00 -1012.00 0
5018 -9.25 -35.62 -11.69 -104.00 2.00 197.00 599.00 -384.00 -1012.00 0
5027 -7.93 -34.57 -11.06 -104.00 4.00 192.00 599.00 -384.00 -1012.00 0
5037 -6.82 -33.04 -10.30 -99.00 4.00 195.00 599.00 -384.00 -1012.00 0
5047 -6.05 -31.03 -9.81 -99.00 5.00 197.00 599.00 -384.00 -1012.00 0
5055 -5.77 -26.16 -9.11 -104.00 10.00 200.00 599.00 -384.00 -1012.00 0
5065 -5.63 -23.37 -8.42 -107.00 7.00 203.00 599.00 -384.00 -1012.00 0
5074 -5.43 -20.59 -7.30 -107.00 8.00 203.00 599.00 -384.00 -1012.00 0
5084 -5.63 -18.02 -6.33 -112.00 4.00 206.00 599.00 -384.00 -1012.00 0
5093 -6.05 -16.00 -5.57 -113.00 2.00 212.00 599.00 -384.00 -1012.00 0
5102 -6.47 -14.33 -5.01 -123.00 5.00 222.00 599.00 -384.00 -1012.00 0
5111 -7.93 -12.38 -4.10 -129.00 2.00 232.00 599.00 -384.00 -1012.00 0
5121 -9.11 -12.59 -4.03 -129.00 1.00 235.00 599.00 -384.00 -1012.00 0
5130 -10.37 -14.05 -4.17 -124.00 0.00 222.00 599.00 -384.00 -1012.00 0
5139 -11.62 -16.77 -4.45 -111.00 -3.00 214.00 599.00 -384.00 -1012.00 0
5148 -12.59 -19.90 -4.87 -100.00 -2.00 200.00 599.00 -384.00 -1012.00 0
5157 -12.94 -22.47 -5.22 -93.00 0.00 191.00 599.00 -384.00 -1012.00 0
5167 -12.10 -23.65 -5.15 -85.00 1.00 193.00 599.00 -384.00 -1012.00 0
5176 -11.27 -22.19 -4.80 -85.00 0.00 192.00 599.00 -384.00 -1012.00 0
5185 -10.30 -19.90 -4.24 -86.00 1.00 194.00 599.00 -384.00 -1012.00 0
5194 -9.32 -16.97 -3.62 -93.00 -5.00 202.00 599.00 -384.00 -1012.00 0
5203 -8.63 -13.63 -3.13 -97.00 -5.00 214.00 599.00 -384.00 -1012.00 0
5213 -7.79 -10.30 -2.71 -112.00 0.00 224.00 599.00 -384.00 -1012.00 0
5222 -6.40 -5.50 -1.95 -114.00 1.00 227.00 599.00 -384.00 -1012.00 0
5231 -6.40 -4.66 -1.88 -114.00 -3.00 221.00 599.00 -384.00 -1012.00 0
5240 -6.47 -4.45 -1.95 -116.00 -4.00 217.00 599.00 -384.00 -1012.00 0
5250 -6.61 -4.52 -2.02 -112.00 -9.00 216.00 599.00 -384.00 -1012.00 0
5259 -6.33 -4.66 -2.02 -106.00 -2.00 213.00 599.00 -384.00 -1012.00 0
5268 -5.50 -4.80 -1.95 -98.00 1.00 212.00 599.00 -384.00 -1012.00 0
5277 -3.55 -5.01 -1.67 -92.00 -1.00 204.00 527.00 -329.00 -1086.00 0
5286 -3.27 -4.59 -1.46 -95.00 0.00 203.00 527.00 -329.00 -1086.00 0
5296 -3.20 -3.69 -1.25 -89.00 -3.00 207.00 527.00 -329.00 -1086.00 0
5305 -3.20 -2.64 -1.11 -98.00 -1.00 209.00 527.00 -329.00 -1086.00 0
5314 -3.13 -1.53 -0.90 -103.00 -2.00 208.00 527.00 -329.00 -1086.00 0
5323 -3.20 -0.49 -0.83 -103.00 0.00 210.00 527.00 -329.00 -1086.00 0
5332 -3.27 0.90 -0.97 -113.00 1.00 220.00 527.00 -329.00 -1086.00 0
5342 -3.48 1.11 -1.11 -115.00 -2.00 230.00 529.00 -329.00 -1082.00 0
5351 -3.97 0.97 -1.46 -116.00 0.00 223.00 529.00 -329.00 -1082.00 0
5360 -4.38 0.49 -1.81 -114.00 1.00 225.00 529.00 -329.00 -1082.00 0
5369 -4.45 -0.35 -1.81 -111.00 1.00 223.00 529.00 -329.00 -1082.00 0
5379 -4.66 -1.46 -1.67 -107.00 -1.00 217.00 529.00 -329.00 -1082.00 0
5388 -5.08 -4.17 -1.39 -98.00 -2.00 206.00 529.00 -329.00 -1082.00 0
5397 -5.01 -5.08 -1.32 -90.00 -3.00 202.00 529.00 -329.00 -1082.00 0
5406 -4.80 -5.36 -1.25 -91.00 -1.00 200.00 530.00 -329.00 -1251.00 0
5415 -4.66 -4.87 -1.18 -94.00 -8.00 201.00 530.00 -329.00 -1251.00 0
5425 -4.52 -3.69 -1.18 -98.00 -11.00 208.00 530.00 -329.00 -1251.00 0
5434 -4.45 -2.23 -1.32 -105.00 -6.00 210.00 530.00 -329.00 -1251.00 0
5443 -4.24 0.56 -1.81 -102.00 -2.00 214.00 530.00 -329.00 -1251.00 0
5452 -2.85 1.46 -1.95 -105.00 1.00 215.00 530.00 -329.00 -1251.00 0
5462 -2.30 2.16 -2.02 -106.00 3.00 219.00 530.00 -329.00 -1251.00 0
5471 -2.02 2.43 -2.02 -104.00 2.00 216.00 527.00 -331.00 -872.00 0
5480 -1.95 2.16 -2.02 -104.00 -2.00 218.00 527.00 -331.00 -872.00 0
5489 -2.02 1.81 -1.88 -103.00 1.00 211.00 527.00 -331.00 -872.00 0
5498 -2.23 1.53 -1.46 -104.00 -2.00 213.00 527.00 -331.00 -872.00 0
5508 -2.85 1.74 -1.25 -105.00 -10.00 206.00 527.00 -331.00 -872.00 0
5517 -3.20 2.23 -1.18 -103.00 -8.00 207.00 527.00 -331.00 -872.00 0
5526 -3.27 2.92 -1.32 -102.00 -10.00 207.00 527.00 -331.00 -872.00 0
5535 -2.99 3.76 -1.60 -101.00 -3.00 203.00 527.00 -331.00 -872.00 0
5544 -2.57 4.66 -1.95 -98.00 -1.00 197.00 527.00 -331.00 -872.00 0
5554 -2.02 5.84 -2.30 -92.00 3.00 198.00 527.00 -331.00 -872.00 0
5563 -0.56 8.97 -2.37 -91.00 11.00 191.00 527.00 -331.00 -872.00 0
5572 -0.35 11.69 -1.60 -74.00 3.00 163.00 527.00 -331.00 -872.00 0
5581 0.07 16.21 -0.21 -43.00 -3.00 110.00 527.00 -331.00 -872.00 0
5591 2.37 24.63 2.37 -27.00 13.00 71.00 527.00 -331.00 -872.00 0
5599 8.14 38.89 7.03 -20.00 32.00 59.00 527.00 -331.00 -872.00 0
5608 17.39 60.03 14.12 -64.00 48.00 116.00 527.00 -331.00 -872.00 0
5617 27.97 123.34 34.16 -134.00 35.00 163.00 527.00 -331.00 -872.00 0
5627 39.17 157.84 43.34 -191.00 30.00 217.00 527.00 -331.00 -872.00 0
5637 38.05 182.75 48.35 -220.00 11.00 246.00 527.00 -331.00 -872.00 1
5647 33.60 197.08 49.53 -803.00 -54.00 827.00 527.00 -331.00 -872.00 1
5658 -0.21 147.69 29.08 -48.00 -57.00 56.00 527.00 -331.00 -872.00 1
5668 1.11 106.50 19.06 -200.00 28.00 173.00 598.00 -376.00 -1144.00 1
5680 9.88 85.15 21.29 -209.00 31.00 185.00 598.00 -376.00 -1144.00 1
5691 12.73 51.27 13.98 -172.00 13.00 201.00 598.00 -376.00 -1144.00 1
5701 14.26 40.35 12.03 -238.00 14.00 272.00 598.00 -376.00 -1144.00 0
5710 13.43 32.21 10.37 -283.00 25.00 344.00 598.00 -376.00 -1144.00 0
5720 7.72 16.42 4.52 -256.00 36.00 295.00 598.00 -376.00 -1144.00 0
5729 -11.62 -44.94 -13.50 -196.00 37.00 242.00 598.00 -376.00 -1144.00 0
5738 -22.33 -80.49 -21.22 -140.00 1.00 161.00 598.00 -376.00 -1144.00 0
5747 -32.28 -110.12 -27.55 -98.00 -20.00 123.00 598.00 -376.00 -1144.00 0
5757 -36.73 -130.92 -31.58 -65.00 -14.00 113.00 598.00 -376.00 -1144.00 0
5767 -35.83 -143.17 -34.09 -59.00 -4.00 123.00 598.00 -376.00 -1144.00 0
5776 -32.63 -145.88 -36.24 -71.00 -6.00 152.00 598.00 -376.00 -1144.00 0
5785 -27.90 -129.25 -36.31 -93.00 -2.00 175.00 598.00 -376.00 -1144.00 0
5794 -25.39 -117.36 -36.10 -103.00 -12.00 194.00 598.00 -376.00 -1144.00 0
5804 -23.10 -107.13 -36.03 -96.00 6.00 193.00 598.00 -376.00 -1144.00 0
5814 -18.71 -98.85 -35.34 -98.00 8.00 211.00 598.00 -376.00 -1144.00 0
5823 -13.84 -91.41 -34.09 -104.00 9.00 219.00 598.00 -376.00 -1144.00 0
5832 -8.00 -79.23 -30.75 -104.00 14.00 221.00 598.00 -376.00 -1144.00 0
5841 -6.33 -75.27 -29.22 -90.00 8.00 205.00 598.00 -376.00 -1144.00 0
5851 -5.22 -71.93 -27.69 -78.00 6.00 190.00 598.00 -376.00 -1144.00 0
5860 -4.66 -67.83 -26.09 -72.00 5.00 192.00 598.00 -376.00 -1144.00 0
5869 -4.24 -62.40 -23.72 -70.00 4.00 190.00 598.00 -376.00 -1144.00 0
5878 -3.55 -56.07 -21.43 -67.00 1.00 189.00 598.00 -376.00 -1144.00 0
5888 -2.85 -41.25 -16.63 -70.00 -1.00 189.00 598.00 -376.00 -1144.00 0
5897 -2.30 -33.11 -14.19 -73.00 -1.00 194.00 598.00 -376.00 -1144.00 0
5906 -1.46 -24.63 -11.76 -81.00 -3.00 199.00 598.00 -376.00 -1144.00 0
5915 -0.28 -16.07 -9.18 -85.00 -1.00 208.00 598.00 -376.00 -1144.00 0
5924 0.97 -8.07 -7.10 -99.00 0.00 221.00 598.00 -376.00 -1144.00 0
5934 2.09 -1.25 -5.43 -114.00 5.00 236.00 517.00 -325.00 -1199.00 0
5943 3.34 7.03 -3.06 -114.00 7.00 243.00 517.00 -325.00 -1199.00 0
5952 3.34 7.58 -2.43 -116.00 8.00 245.00 517.00 -325.00 -1199.00 0
5961 2.50 6.75 -1.88 -109.00 4.00 237.00 517.00 -325.00 -1199.00 0
5970 0.83 4.66 -1.46 -99.00 -3.00 219.00 517.00 -325.00 -1199.00 0
5980 -0.97 2.37 -1.11 -91.00 -5.00 208.00 517.00 -325.00 -1199.00 0
5989 -2.30 0.49 -0.70 -89.00 -3.00 204.00 517.00 -325.00 -1199.00 0
5998 -3.20 -1.04 -0.42 -88.00 -8.00 205.00 517.00 -324.00 -1220.00 0
6007 -3.13 -0.83 -0.63 -87.00 2.00 206.00 517.00 -324.00 -1220.00 0
6017 -2.78 -0.21 -0.77 -93.00 1.00 208.00 517.00 -324.00 -1220.00 0
6026 -2.57 0.63 -0.90 -91.00 -2.00 211.00 517.00 -324.00 -1220.00 0
6035 -2.30 1.46 -0.97 -92.00 2.00 216.00 517.00 -324.00 -1220.00 0
6044 -1.88 2.30 -0.90 -99.00 6.00 221.00 517.00 -324.00 -1220.00 0
6053 -1.46 2.99 -0.49 -103.00 3.00 221.00 517.00 -324.00 -1220.00 0
6063 -1.95 4.17 -0.28 -106.00 1.00 223.00 520.00 -325.00 -961.00 0
6072 -2.30 4.45 0.07 -108.00 0.00 223.00 520.00 -325.00 -961.00 0
6081 -2.50 4.31 0.49 -104.00 -3.00 218.00 520.00 -325.00 -961.00 0
6090 -2.71 3.62 0.63 -97.00 -4.00 212.00 520.00 -325.00 -961.00 0
6099 -2.92 2.64 0.49 -93.00 -5.00 209.00 520.00 -325.00 -961.00 0
6108 -2.92 1.88 0.28 -94.00 2.00 203.00 520.00 -325.00 -961.00 0
6117 -2.23 1.74 -0.21 -93.00 0.00 214.00 520.00 -325.00 -961.00 0
6126 -1.81 2.30 -0.49 -99.00 2.00 218.00 520.00 -325.00 -961.00 0
6135 -1.53 2.85 -0.70 -103.00 4.00 225.00 520.00 -325.00 -961.00 0
6145 -1.32 3.27 -0.83 -105.00 7.00 220.00 520.00 -325.00 -961.00 0
6154 -1.04 3.55 -0.83 -99.00 4.00 214.00 520.00 -325.00 -961.00 0
6163 -0.90 3.69 -0.49 -99.00 1.00 213.00 520.00 -325.00 -961.00 0
6172 -1.04 3.69 0.21 -98.00 1.00 213.00 520.00 -325.00 -961.00 0
6181 -1.67 3.76 0.42 -103.00 1.00 219.00 520.00 -325.00 -961.00 0
6191 -2.09 3.55 0.42 -107.00 -1.00 222.00 520.00 -325.00 -961.00 0
6200 -2.85 3.13 0.14 -106.00 -3.00 219.00 520.00 -325.00 -961.00 0
6208 -3.41 2.37 -0.28 -103.00 1.00 211.00 520.00 -325.00 -961.00 0
6217 -3.55 1.32 -0.63 -98.00 1.00 214.00 520.00 -325.00 -961.00 0
6226 -3.41 0.49 -0.90 -99.00 4.00 216.00 520.00 -325.00 -961.00 0
6236 -3.20 -0.70 -1.18 -101.00 9.00 222.00 520.00 -325.00 -961.00 0
6245 -3.55 -1.25 -1.32 -102.00 3.00 223.00 520.00 -325.00 -961.00 0
6254 -4.31 -1.74 -1.39 -106.00 4.00 222.00 520.00 -325.00 -961.00 0
6263 -4.94 -2.23 -1.25 -102.00 2.00 217.00 520.00 -325.00 -961.00 0
6273 -5.15 -2.71 -1.04 -97.00 1.00 214.00 520.00 -325.00 -961.00 0
6282 -5.08 -2.99 -0.83 -97.00 -1.00 211.00 520.00 -325.00 -961.00 0
6291 -4.94 -2.99 -0.63 -100.00 0.00 214.00 520.00 -325.00 -961.00 0
6300 -4.66 -2.78 -0.63 -100.00 0.00 216.00 520.00 -325.00 -961.00 0
6309 -4.94 -2.78 -0.70 -98.00 1.00 218.00 520.00 -325.00 -961.00 0
6319 -5.22 -2.92 -0.83 -98.00 -1.00 217.00 520.00 -325.00 -961.00 0
6328 -5.36 -3.27 -0.97 -96.00 1.00 213.00 522.00 -331.00 -1028.00 0
6336 -5.29 -3.69 -1.11 -93.00 2.00 211.00 522.00 -331.00 -1028.00 0
6345 -5.15 -4.10 -1.18 -101.00 3.00 216.00 522.00 -331.00 -1028.00 0
6354 -5.08 -4.10 -1.32 -100.00 4.00 218.00 522.00 -331.00 -1028.00 0
6364 -5.22 -3.83 -1.25 -96.00 3.00 218.00 522.00 -331.00 -1028.00 0
6373 -5.36 -3.62 -1.04 -99.00 4.00 212.00 522.00 -331.00 -1028.00 0
6382 -5.63 -3.13 -0.90 -94.00 0.00 210.00 522.00 -331.00 -1028.00 0
6391 -5.84 -2.50 -0.70 -95.00 -1.00 207.00 521.00 -328.00 -982.00 0
6401 -5.77 -1.74 -0.49 -95.00 0.00 203.00 521.00 -328.00 -982.00 0
6410 -5.57 -0.14 -0.35 -95.00 -2.00 207.00 521.00 -328.00 -982.00 0
6419 -5.15 0.90 -0.14 -88.00 7.00 204.00 521.00 -328.00 -982.00 0
6428 -4.80 2.16 0.28 -75.00 42.00 200.00 521.00 -328.00 -982.00 0
6437 -5.01 3.90 1.67 -60.00 59.00 186.00 521.00 -328.00 -982.00 0
6447 -6.82 6.96 5.15 -33.00 46.00 130.00 521.00 -328.00 -982.00 0
6456 -10.43 13.63 11.55 -29.00 -13.00 70.00 532.00 -335.00 -1101.00 0
6465 -14.05 26.43 19.90 -20.00 -45.00 49.00 532.00 -335.00 -1101.00 0
6474 -6.12 74.37 34.92 -60.00 -16.00 89.00 532.00 -335.00 -1101.00 0
6483 5.91 107.34 41.32 -99.00 14.00 133.00 532.00 -335.00 -1101.00 0
6493 18.23 140.10 46.82 -148.00 28.00 185.00 532.00 -335.00 -1101.00 0
6502 27.48 167.30 50.85 -186.00 22.00 216.00 532.00 -335.00 -1101.00 0
6511 32.77 186.99 52.87 -204.00 12.00 230.00 532.00 -335.00 -1101.00 0
6521 33.46 200.42 52.10 -240.00 18.00 308.00 597.00 -385.00 -975.00 1
6532 30.19 194.30 48.63 -467.00 17.00 428.00 597.00 -385.00 -975.00 1
6543 14.89 160.83 36.73 -121.00 2.00 55.00 597.00 -385.00 -975.00 1
6554 10.37 87.17 20.10 -218.00 43.00 199.00 597.00 -385.00 -975.00 1
6564 12.80 69.36 17.53 -195.00 31.00 178.00 597.00 -385.00 -975.00 1
6576 14.61 55.17 14.47 -199.00 16.00 200.00 597.00 -385.00 -975.00 1
6586 17.25 40.90 11.13 -234.00 26.00 271.00 597.00 -385.00 -975.00 0
6595 16.70 32.97 9.74 -313.00 38.00 387.00 597.00 -385.00 -975.00 0
6604 9.67 13.63 5.01 -256.00 43.00 307.00 597.00 -385.00 -975.00 0
6614 -2.78 -20.10 -3.90 -191.00 20.00 219.00 597.00 -385.00 -975.00 0
6623 -15.86 -60.38 -13.29 -125.00 -10.00 129.00 597.00 -385.00 -975.00 0
6632 -33.95 -122.09 -25.81 -70.00 -22.00 77.00 597.00 -385.00 -975.00 0
6641 -34.78 -138.37 -29.70 -35.00 -7.00 65.00 597.00 -385.00 -975.00 0
6650 -31.23 -143.86 -32.28 -23.00 3.00 83.00 597.00 -385.00 -975.00 0
6660 -25.88 -138.50 -32.28 -39.00 24.00 113.00 597.00 -385.00 -975.00 0
6670 -20.17 -124.73 -30.26 -56.00 15.00 126.00 597.00 -385.00 -975.00 0
6679 -16.70 -106.85 -27.97 -68.00 19.00 155.00 597.00 -385.00 -975.00 0
6688 -9.74 -70.61 -23.37 -82.00 19.00 175.00 597.00 -385.00 -975.00 0
6697 -6.26 -54.05 -20.24 -111.00 22.00 199.00 597.00 -385.00 -975.00 0
6707 -3.41 -38.75 -16.42 -133.00 22.00 233.00 597.00 -385.00 -975.00 0
6716 -1.39 -26.64 -13.15 -155.00 19.00 246.00 597.00 -385.00 -975.00 0
6725 -0.77 -18.43 -10.85 -171.00 18.00 248.00 597.00 -385.00 -975.00 0
6734 -1.53 -14.12 -8.35 -158.00 1.00 234.00 597.00 -385.00 -975.00 0
6744 -5.15 -14.75 -7.86 -145.00 -2.00 216.00 597.00 -385.00 -975.00 0
6753 -6.33 -16.90 -8.07 -129.00 -2.00 201.00 597.00 -385.00 -975.00 0
6762 -6.75 -18.71 -8.21 -115.00 0.00 186.00 597.00 -385.00 -975.00 0
6771 -5.98 -19.55 -8.00 -105.00 0.00 188.00 597.00 -385.00 -975.00 0
6780 -4.66 -19.48 -8.07 -98.00 7.00 187.00 597.00 -385.00 -975.00 0
6790 -3.55 -18.57 -8.28 -96.00 13.00 185.00 547.00 -352.00 -1317.00 0
6799 -0.70 -14.96 -8.00 -97.00 14.00 194.00 547.00 -352.00 -1317.00 0
6808 0.35 -12.38 -7.51 -101.00 22.00 194.00 547.00 -352.00 -1317.00 0
6817 1.32 -9.53 -6.82 -112.00 19.00 204.00 547.00 -352.00 -1317.00 0
6827 1.88 -6.26 -5.91 -122.00 19.00 219.00 547.00 -352.00 -1317.00 0
6836 1.67 -3.27 -4.80 -126.00 17.00 217.00 547.00 -352.00 -1317.00 0
6845 0.70 -1.46 -3.90 -130.00 9.00 208.00 547.00 -352.00 -1317.00 0
6854 -1.81 0.00 -2.64 -134.00 4.00 217.00 547.00 -352.00 -1317.00 0
6863 -2.43 0.07 -2.16 -132.00 -1.00 217.00 547.00 -352.00 -1317.00 0
6873 -2.85 -0.49 -1.88 -131.00 1.00 215.00 547.00 -352.00 -1317.00 0
6882 -2.92 -1.60 -1.81 -120.00 5.00 205.00 547.00 -352.00 -1317.00 0
6891 -2.85 -2.99 -2.09 -110.00 4.00 194.00 547.00 -352.00 -1317.00 0
6900 -2.78 -4.03 -2.30 -108.00 7.00 198.00 547.00 -352.00 -1317.00 0
6909 -1.88 -4.38 -2.64 -106.00 12.00 197.00 547.00 -352.00 -1317.00 0
6919 -1.46 -4.03 -2.78 -100.00 15.00 195.00 547.00 -352.00 -1317.00 0
6928 -1.11 -3.41 -2.64 -109.00 24.00 198.00 547.00 -352.00 -1317.00 0
6938 -0.97 -2.43 -2.23 -114.00 18.00 200.00 547.00 -352.00 -1317.00 0
6947 -1.25 -1.18 -1.67 -116.00 11.00 207.00 547.00 -352.00 -1317.00 0
6957 -1.81 0.07 -1.04 -121.00 9.00 211.00 547.00 -352.00 -1317.00 0
6966 -2.85 1.81 -0.21 -130.00 8.00 211.00 547.00 -352.00 -1317.00 0
6975 -3.69 1.88 -0.21 -129.00 1.00 208.00 547.00 -352.00 -1317.00 0
6984 -4.24 1.60 -0.56 -127.00 0.00 208.00 544.00 -352.00 -1084.00 0
6993 -4.24 0.97 -0.90 -125.00 4.00 200.00 544.00 -352.00 -1084.00 0
7003 -3.69 0.21 -1.25 -117.00 10.00 197.00 544.00 -352.00 -1084.00 0
7012 -2.99 -0.42 -1.60 -114.00 13.00 199.00 544.00 -352.00 -1084.00 0
7021 -1.88 -1.11 -2.16 -112.00 14.00 197.00 544.00 -352.00 -1084.00 0
7030 -1.39 -1.11 -2.30 -114.00 19.00 205.00 544.00 -352.00 -1084.00 0
7040 -1.11 -0.77 -2.23 -115.00 20.00 211.00 544.00 -352.00 -1084.00 0
7049 -1.18 -0.49 -1.95 -120.00 18.00 203.00 548.00 -355.00 -1159.00 0
7058 -1.74 -0.35 -1.60 -118.00 11.00 203.00 548.00 -355.00 -1159.00 0
7067 -2.50 -0.28 -1.32 -118.00 6.00 196.00 548.00 -355.00 -1159.00 0
7076 -3.83 -0.07 -0.90 -120.00 4.00 203.00 548.00 -355.00 -1159.00 0
7086 -3.97 0.21 -0.83 -122.00 3.00 207.00 548.00 -355.00 -1159.00 0
7095 -3.76 0.35 -1.04 -122.00 2.00 207.00 548.00 -355.00 -1159.00 0
7104 -3.55 0.28 -1.39 -124.00 5.00 207.00 548.00 -355.00 -1159.00 0
7113 -3.41 -0.07 -1.88 -123.00 7.00 206.00 549.00 -354.00 -1115.00 0
7122 -3.13 -0.63 -2.43 -123.00 8.00 215.00 549.00 -354.00 -1115.00 0
7132 -2.02 -1.88 -3.27 -125.00 12.00 214.00 549.00 -354.00 -1115.00 0
7141 -1.67 -2.64 -3.48 -120.00 16.00 210.00 549.00 -354.00 -1115.00 0
7150 -1.32 -3.55 -3.62 -113.00 18.00 203.00 549.00 -354.00 -1115.00 0
7159 -1.04 -4.31 -3.55 -108.00 16.00 196.00 549.00 -354.00 -1115.00 0
7169 -1.18 -4.45 -3.20 -110.00 6.00 199.00 549.00 -354.00 -1115.00 0
7178 -1.46 -3.83 -2.85 -114.00 9.00 194.00 545.00 -354.00 -1187.00 0
7187 -1.88 -1.32 -2.23 -114.00 6.00 202.00 545.00 -354.00 -1187.00 0
7196 -1.81 0.07 -2.02 -119.00 7.00 200.00 545.00 -354.00 -1187.00 0
7205 -1.53 1.46 -1.88 -120.00 8.00 206.00 545.00 -354.00 -1187.00 0
7215 -1.04 2.57 -1.81 -121.00 12.00 210.00 545.00 -354.00 -1187.00 0
7224 -0.49 3.41 -1.67 -121.00 10.00 210.00 545.00 -354.00 -1187.00 0
7233 -0.35 3.76 -1.53 -122.00 14.00 205.00 545.00 -354.00 -1187.00 0
7242 -0.49 3.90 -1.46 -120.00 16.00 204.00 545.00 -357.00 -1038.00 0
7251 -0.42 3.90 -1.25 -121.00 15.00 208.00 547.00 -357.00 -1038.00 0
7261 -0.42 4.03 -0.90 -120.00 15.00 202.00 547.00 -357.00 -1038.00 0
7270 -0.63 4.17 -0.63 -117.00 14.00 204.00 547.00 -357.00 -1038.00 0
7279 -0.70 4.17 -0.35 -115.00 13.00 199.00 547.00 -357.00 -1038.00 0
7288 -0.83 4.10 -0.07 -113.00 18.00 196.00 547.00 -357.00 -1038.00 0
7298 -1.32 4.87 0.70 -109.00 23.00 194.00 547.00 -357.00 -1038.00 0
7307 -2.30 5.77 1.53 -109.00 28.00 193.00 547.00 -357.00 -1038.00 0
7316 -3.90 7.23 2.78 -107.00 25.00 185.00 547.00 -357.00 -1038.00 0
7325 -6.33 9.32 4.38 -96.00 10.00 163.00 547.00 -357.00 -1038.00 0
7334 -8.83 12.31 6.26 -61.00 1.00 95.00 547.00 -357.00 -1038.00 0
7344 -9.88 17.74 8.77 -38.00 -15.00 60.00 547.00 -357.00 -1038.00 0
7353 -0.35 48.42 15.37 -52.00 -8.00 51.00 547.00 -357.00 -1038.00 0
7362 10.85 74.78 19.90 -77.00 19.00 85.00 547.00 -357.00 -1038.00 0
7371 24.21 104.63 24.97 -114.00 50.00 123.00 547.00 -357.00 -1038.00 0
7382 36.24 134.54 30.40 -161.00 59.00 171.00 547.00 -357.00 -1038.00 1
7391 45.08 161.04 35.76 -372.00 147.00 729.00 547.00 -357.00 -1038.00 1
7402 41.60 181.84 39.93 -373.00 5.00 364.00 547.00 -357.00 -1038.00 1
7413 15.93 139.97 28.24 -158.00 -29.00 49.00 547.00 -357.00 -1038.00 1
7424 3.69 105.67 16.07 -217.00 34.00 190.00 547.00 -357.00 -1038.00 1
7435 11.34 66.37 13.84 -199.00 36.00 192.00 547.00 -357.00 -1038.00 1
7446 15.23 49.39 11.55 -188.00 19.00 182.00 547.00 -357.00 -1038.00 1
7456 16.90 27.83 7.23 -189.00 24.00 213.00 547.00 -357.00 -1038.00 0
7465 14.82 17.04 4.17 -231.00 33.00 269.00 547.00 -357.00 -1038.00 0
7475 9.46 1.95 -0.07 -193.00 32.00 237.00 547.00 -357.00 -1038.00 0
7484 3.20 -18.43 -5.08 -164.00 38.00 190.00 547.00 -357.00 -1038.00 0
7493 -2.78 -39.86 -9.88 -136.00 23.00 158.00 547.00 -357.00 -1038.00 0
7502 -9.39 -59.20 -14.33 -123.00 24.00 147.00 547.00 -357.00 -1038.00 0
7512 -15.79 -85.01 -19.13 -111.00 33.00 140.00 547.00 -357.00 -1038.00 0
7522 -16.97 -90.37 -20.31 -105.00 25.00 138.00 547.00 -357.00 -1038.00 0
7531 -18.02 -91.27 -20.94 -107.00 30.00 151.00 547.00 -357.00 -1038.00 0
7540 -18.09 -88.63 -21.43 -111.00 24.00 168.00 547.00 -357.00 -1038.00 0
7549 -18.30 -83.20 -21.29 -123.00 24.00 171.00 547.00 -357.00 -1038.00 0
7559 -17.88 -66.99 -18.99 -132.00 20.00 183.00 547.00 -357.00 -1038.00 0
7568 -17.18 -58.37 -17.32 -136.00 22.00 193.00 547.00 -357.00 -1038.00 0
7578 -15.44 -50.85 -15.72 -135.00 20.00 196.00 547.00 -357.00 -1038.00 0
7587 -13.70 -44.94 -14.19 -136.00 21.00 199.00 547.00 -357.00 -1038.00 0
7597 -12.17 -40.49 -12.80 -143.00 16.00 209.00 547.00 -357.00 -1038.00 0
7606 -11.34 -37.36 -11.76 -144.00 14.00 205.00 547.00 -357.00 -1038.00 0
7615 -11.48 -35.62 -11.76 -133.00 21.00 198.00 547.00 -357.00 -1038.00 0
7625 -11.06 -36.52 -12.03 -124.00 21.00 191.00 547.00 -357.00 -1038.00 0
7634 -10.57 -37.15 -11.97 -119.00 23.00 185.00 547.00 -357.00 -1038.00 0
7644 -9.95 -36.94 -11.76 -112.00 18.00 185.00 547.00 -357.00 -1038.00 0
7653 -9.60 -35.69 -11.55 -112.00 17.00 188.00 547.00 -357.00 -1038.00 0
7662 -8.70 -30.40 -10.09 -115.00 14.00 192.00 547.00 -357.00 -1038.00 0
7671 -8.14 -27.13 -9.25 -118.00 15.00 194.00 547.00 -357.00 -1038.00 0
7681 -7.65 -23.93 -8.56 -119.00 16.00 197.00 547.00 -357.00 -1038.00 0
7690 -7.10 -21.01 -8.00 -124.00 17.00 196.00 547.00 -357.00 -1038.00 0
7700 -6.68 -18.30 -7.37 -128.00 20.00 210.00 547.00 -357.00 -1038.00 0
7709 -6.26 -15.86 -6.54 -132.00 14.00 212.00 547.00 -357.00 -1038.00 0
7718 -5.91 -12.87 -5.22 -130.00 14.00 204.00 547.00 -357.00 -1038.00 0
7728 -5.63 -12.45 -4.80 -124.00 16.00 199.00 547.00 -357.00 -1038.00 0
7737 -5.22 -12.17 -4.31 -115.00 16.00 199.00 547.00 -357.00 -1038.00 0
7746 -4.80 -11.76 -3.83 -111.00 15.00 194.00 547.00 -357.00 -1038.00 0
7755 -4.45 -10.85 -3.27 -110.00 12.00 191.00 547.00 -357.00 -1038.00 0
7764 -4.38 -8.00 -2.50 -110.00 14.00 189.00 547.00 -357.00 -1038.00 0
7774 -3.97 -6.12 -2.30 -118.00 16.00 198.00 547.00 -357.00 -1038.00 0
7783 -3.48 -4.17 -2.02 -124.00 21.00 203.00 547.00 -357.00 -1038.00 0
7792 -2.99 -2.30 -1.74 -130.00 14.00 212.00 547.00 -357.00 -1038.00 0
7801 -2.99 -0.77 -1.60 -136.00 19.00 215.00 547.00 -357.00 -1038.00 0
7811 -3.27 0.00 -1.46 -130.00 11.00 211.00 547.00 -357.00 -1038.00 0
7820 -3.76 -0.56 -1.32 -124.00 14.00 195.00 547.00 -357.00 -1038.00 0
7829 -3.83 -0.97 -1.32 -120.00 9.00 196.00 547.00 -357.00 -1038.00 0
7838 -3.76 -1.04 -1.32 -116.00 11.00 195.00 547.00 -357.00 -1038.00 0
7848 -3.34 -0.77 -1.39 -117.00 15.00 197.00 547.00 -357.00 -1038.00 0
7858 -2.78 -0.42 -1.39 -124.00 21.00 204.00 547.00 -357.00 -1038.00 0
7867 -2.37 0.00 -1.46 -124.00 20.00 213.00 547.00 -357.00 -1038.00 0
7876 -2.78 0.28 -1.39 -128.00 17.00 211.00 547.00 -357.00 -1038.00 0
7885 -3.41 -0.14 -1.32 -124.00 15.00 203.00 547.00 -357.00 -1038.00 0
7895 -4.03 -0.70 -1.18 -125.00 15.00 200.00 547.00 -357.00 -1038.00 0
7904 -4.52 -1.11 -1.11 -123.00 11.00 199.00 547.00 -357.00 -1038.00 0
7913 -4.80 -1.32 -1.04 -127.00 9.00 199.00 547.00 -357.00 -1038.00 0
7922 -4.94 -1.46 -1.11 -126.00 12.00 204.00 547.00 -357.00 -1038.00 0
7931 -5.01 -2.09 -1.53 -126.00 17.00 206.00 547.00 -357.00 -1038.00 0
7941 -5.15 -2.71 -1.67 -127.00 16.00 212.00 547.00 -357.00 -1038.00 0
7950 -5.50 -3.55 -1.74 -119.00 17.00 210.00 547.00 -357.00 -1038.00 0
7959 -5.98 -4.73 -1.81 -117.00 18.00 200.00 547.00 -357.00 -1038.00 0
7968 -6.47 -5.77 -1.81 -115.00 12.00 202.00 553.00 -359.00 -959.00 0
7977 -6.96 -6.19 -1.74 -118.00 14.00 202.00 553.00 -359.00 -959.00 0
7987 -7.44 -5.70 -1.60 -119.00 15.00 200.00 553.00 -359.00 -959.00 0
7996 -7.51 -5.36 -1.60 -126.00 18.00 205.00 553.00 -359.00 -959.00 0
8005 -7.65 -5.22 -1.53 -127.00 12.00 207.00 553.00 -359.00 -959.00 0
8014 -7.86 -5.22 -1.46 -123.00 13.00 202.00 553.00 -359.00 -959.00 0
8024 -7.93 -5.36 -1.39 -124.00 15.00 205.00 553.00 -359.00 -959.00 0
8033 -8.00 -5.50 -1.39 -123.00 14.00 204.00 555.00 -357.00 -1144.00 0
8042 -8.21 -5.43 -1.88 -123.00 11.00 202.00 555.00 -357.00 -1144.00 0
8051 -8.97 -4.94 -2.16 -122.00 6.00 202.00 555.00 -357.00 -1144.00 0
8060 -9.11 -4.31 -2.37 -116.00 11.00 205.00 555.00 -357.00 -1144.00 0
8070 -8.77 -4.10 -2.37 -109.00 20.00 199.00 555.00 -357.00 -1144.00 0
8079 -8.49 -4.24 -2.09 -105.00 16.00 195.00 555.00 -357.00 -1144.00 0
8088 -8.77 -4.24 -1.81 -106.00 15.00 188.00 555.00 -357.00 -1144.00 0
8097 -10.16 -3.20 -1.39 -109.00 13.00 174.00 552.00 -359.00 -906.00 0
8107 -10.64 -3.55 -1.60 -90.00 10.00 191.00 552.00 -359.00 -906.00 0
8116 -10.78 -4.17 -2.16 -95.00 9.00 186.00 552.00 -359.00 -906.00 0
8125 -9.95 -2.71 -1.88 -97.00 3.00 180.00 552.00 -359.00 -906.00 0
8134 -8.63 -0.28 -1.18 -90.00 8.00 182.00 552.00 -359.00 -906.00 0
8143 -7.51 3.13 -0.83 -87.00 12.00 149.00 552.00 -359.00 -906.00 0
8153 -6.68 7.93 1.11 -62.00 9.00 104.00 552.00 -359.00 -906.00 0
8162 -0.83 25.95 3.90 -37.00 26.00 71.00 559.00 -366.00 -1061.00 0
8171 5.84 43.83 8.97 -56.00 29.00 77.00 559.00 -366.00 -1061.00 0
8180 13.77 69.63 16.70 -89.00 16.00 109.00 559.00 -366.00 -1061.00 0
8189 21.70 102.47 25.46 -153.00 43.00 165.00 559.00 -366.00 -1061.00 0
8199 28.66 136.14 33.11 -205.00 50.00 224.00 559.00 -366.00 -1061.00 1
8210 27.83 175.58 37.98 -541.00 20.00 657.00 559.00 -366.00 -1061.00 1
8220 4.80 138.16 24.07 -78.00 -7.00 -27.00 559.00 -366.00 -1061.00 1
8231 -2.78 99.76 14.75 -220.00 63.00 201.00 597.00 -388.00 -1008.00 1
8242 9.67 65.04 15.86 -188.00 35.00 175.00 597.00 -388.00 -1008.00 1
8253 10.64 48.97 11.20 -177.00 25.00 191.00 597.00 -388.00 -1008.00 1
8263 12.31 38.89 9.46 -177.00 28.00 194.00 597.00 -388.00 -1008.00 1
8273 12.24 28.45 6.82 -184.00 12.00 202.00 597.00 -388.00 -1008.00 0
8283 9.04 20.94 4.24 -232.00 44.00 302.00 597.00 -388.00 -1008.00 0
8293 5.50 8.97 0.97 -208.00 46.00 253.00 597.00 -385.00 -966.00 0
8301 -2.30 -9.32 -4.52 -178.00 33.00 207.00 591.00 -385.00 -966.00 0
8311 -11.34 -32.07 -10.02 -157.00 15.00 175.00 591.00 -385.00 -966.00 0
8321 -27.55 -78.96 -18.37 -122.00 10.00 147.00 591.00 -385.00 -966.00 0
8330 -31.10 -96.14 -21.63 -104.00 7.00 137.00 591.00 -385.00 -966.00 0
8339 -31.65 -106.43 -23.86 -89.00 18.00 137.00 591.00 -385.00 -966.00 0
8348 -30.19 -109.50 -24.83 -91.00 17.00 144.00 591.00 -385.00 -966.00 0
8357 -28.66 -105.39 -25.11 -101.00 17.00 156.00 591.00 -385.00 -966.00 0
8367 -25.74 -84.17 -22.05 -104.00 9.00 173.00 591.00 -385.00 -966.00 0
8376 -23.23 -71.10 -19.34 -109.00 8.00 172.00 591.00 -385.00 -966.00 0
8386 -19.69 -58.09 -16.35 -115.00 6.00 186.00 591.00 -385.00 -966.00 0
8395 -15.17 -46.12 -13.50 -123.00 11.00 194.00 591.00 -385.00 -966.00 0
8404 -10.92 -35.62 -10.92 -123.00 14.00 198.00 591.00 -385.00 -966.00 0
8414 -7.30 -26.78 -9.04 -133.00 13.00 200.00 591.00 -385.00 -966.00 0
8423 -2.92 -14.19 -6.33 -142.00 16.00 220.00 591.00 -385.00 -966.00 0
8432 -2.37 -10.85 -5.77 -143.00 20.00 224.00 591.00 -385.00 -966.00 0
8441 -2.30 -9.53 -5.43 -142.00 13.00 218.00 591.00 -385.00 -966.00 0
8451 -2.85 -9.60 -5.29 -137.00 12.00 210.00 591.00 -385.00 -966.00 0
8460 -3.69 -10.50 -5.15 -130.00 14.00 196.00 591.00 -385.00 -966.00 0
8469 -4.24 -11.69 -4.94 -121.00 5.00 197.00 591.00 -385.00 -966.00 0
8478 -3.62 -14.05 -4.52 -115.00 14.00 192.00 591.00 -385.00 -966.00 0
8487 -2.85 -14.26 -4.10 -110.00 19.00 191.00 591.00 -385.00 -966.00 0
8497 -2.23 -13.50 -3.76 -112.00 18.00 187.00 591.00 -385.00 -966.00 0
8506 -2.37 -11.83 -3.34 -113.00 15.00 193.00 591.00 -385.00 -966.00 0
8515 -2.57 -10.09 -2.92 -123.00 15.00 196.00 591.00 -385.00 -966.00 0
8524 -2.78 -8.28 -2.71 -125.00 11.00 203.00 591.00 -385.00 -966.00 0
8534 -2.92 -4.87 -2.50 -127.00 15.00 204.00 591.00 -385.00 -966.00 0
8543 -2.92 -3.83 -2.30 -124.00 6.00 203.00 591.00 -385.00 -966.00 0
8552 -2.99 -3.06 -2.16 -119.00 7.00 195.00 591.00 -385.00 -966.00 0
8561 -2.99 -2.57 -2.09 -126.00 10.00 201.00 591.00 -385.00 -966.00 0
8570 -2.64 -2.23 -2.02 -129.00 14.00 204.00 591.00 -385.00 -966.00 0
8580 -2.30 -1.95 -2.02 -130.00 13.00 213.00 591.00 -385.00 -966.00 0
8589 -1.53 -1.74 -2.30 -127.00 20.00 204.00 591.00 -385.00 -966.00 0
8598 -1.18 -2.02 -2.37 -126.00 18.00 205.00 591.00 -385.00 -966.00 0
8607 -1.25 -2.30 -2.37 -124.00 18.00 206.00 591.00 -385.00 -966.00 0
8616 -1.46 -2.43 -2.16 -123.00 19.00 199.00 591.00 -385.00 -966.00 0
8626 -1.88 -2.57 -2.02 -121.00 15.00 199.00 591.00 -385.00 -966.00 0
8635 -2.30 -2.78 -1.74 -121.00 12.00 197.00 591.00 -385.00 -966.00 0
8644 -2.99 -2.64 -1.25 -126.00 7.00 197.00 591.00 -385.00 -966.00 0
8653 -3.41 -2.23 -1.18 -124.00 10.00 203.00 591.00 -385.00 -966.00 0
8663 -3.48 -1.81 -1.32 -126.00 9.00 204.00 591.00 -385.00 -966.00 0
8672 -3.48 -1.53 -1.53 -128.00 11.00 205.00 591.00 -385.00 -966.00 0
8681 -3.41 -1.53 -1.60 -128.00 12.00 206.00 591.00 -385.00 -966.00 0
8690 -3.34 -1.67 -1.81 -128.00 13.00 204.00 554.00 -360.00 -1008.00 0
8699 -3.06 -1.95 -2.09 -127.00 20.00 199.00 554.00 -360.00 -1008.00 0
8709 -2.99 -2.23 -2.02 -120.00 14.00 202.00 554.00 -360.00 -1008.00 0
8718 -2.85 -2.50 -1.95 -122.00 17.00 194.00 554.00 -360.00 -1008.00 0
8727 -2.78 -2.64 -1.74 -114.00 14.00 196.00 554.00 -360.00 -1008.00 0
8736 -2.57 -2.85 -1.46 -115.00 11.00 200.00 554.00 -360.00 -1008.00 0
8745 -2.23 -2.85 -1.32 -119.00 12.00 198.00 554.00 -360.00 -1008.00 0
8755 -2.50 -1.60 -1.25 -129.00 13.00 206.00 556.00 -359.00 -971.00 0
8764 -2.92 -1.04 -1.32 -131.00 13.00 212.00 556.00 -359.00 -971.00 0
8773 -3.34 -1.11 -1.39 -131.00 13.00 209.00 556.00 -359.00 -971.00 0
8782 -3.97 -1.81 -1.46 -128.00 10.00 199.00 556.00 -359.00 -971.00 0
8792 -4.59 -2.85 -1.53 -125.00 5.00 196.00 556.00 -359.00 -971.00 0
8801 -5.08 -3.69 -1.67 -124.00 9.00 198.00 556.00 -359.00 -971.00 0
8810 -5.01 -4.66 -1.95 -124.00 15.00 203.00 556.00 -359.00 -971.00 0
8819 -4.52 -4.80 -2.16 -124.00 17.00 204.00 551.00 -359.00 -1130.00 0
8828 -4.73 -5.01 -2.43 -120.00 18.00 202.00 551.00 -359.00 -1130.00 0
8838 -4.94 -5.22 -2.57 -121.00 16.00 202.00 551.00 -359.00 -1130.00 0
8847 -5.08 -5.36 -2.43 -122.00 14.00 202.00 551.00 -359.00 -1130.00 0
8857 -5.29 -5.36 -2.23 -121.00 14.00 205.00 551.00 -359.00 -1130.00 0
8866 -5.77 -5.63 -1.95 -125.00 17.00 199.00 551.00 -359.00 -1130.00 0
8876 -6.40 -5.84 -1.88 -119.00 5.00 198.00 551.00 -359.00 -1130.00 0
8885 -7.10 -5.84 -1.88 -118.00 1.00 199.00 551.00 -358.00 -1040.00 0
8894 -7.30 -5.57 -2.02 -123.00 2.00 200.00 551.00 -358.00 -1040.00 0
8903 -6.75 -4.94 -2.16 -120.00 5.00 199.00 551.00 -358.00 -1040.00 0
8912 -6.05 -4.10 -2.37 -123.00 10.00 201.00 551.00 -358.00 -1040.00 0
8922 -5.15 -2.37 -2.85 -119.00 14.00 202.00 551.00 -358.00 -1040.00 0
8931 -3.69 -1.67 -2.92 -116.00 15.00 198.00 551.00 -358.00 -1040.00 0
8940 -3.20 -0.90 -2.92 -117.00 11.00 199.00 551.00 -358.00 -1040.00 0
8949 -2.92 0.00 -2.99 -117.00 13.00 194.00 553.00 -359.00 -1005.00 0
8958 -2.71 1.04 -3.06 -116.00 8.00 195.00 553.00 -359.00 -1005.00 0
8968 -2.43 2.09 -3.13 -116.00 8.00 193.00 553.00 -359.00 -1005.00 0
8977 -2.23 4.38 -3.34 -105.00 2.00 178.00 553.00 -359.00 -1005.00 0
8986 -1.32 6.61 -3.34 -85.00 5.00 142.00 553.00 -359.00 -1005.00 0
8995 0.63 11.06 -2.85 -59.00 23.00 103.00 553.00 -359.00 -1005.00 0
9005 4.52 19.48 -0.70 -38.00 33.00 61.00 553.00 -359.00 -1005.00 0
9014 10.23 34.43 3.97 -27.00 14.00 138.00 553.00 -359.00 -1005.00 0
9023 16.90 58.02 11.20 -109.00 22.00 79.00 553.00 -359.00 -1005.00 0
9032 24.14 132.80 29.70 -136.00 26.00 146.00 553.00 -359.00 -1005.00 0
9041 34.43 163.06 34.23 -202.00 31.00 196.00 553.00 -359.00 -1005.00 1
9053 34.85 183.72 35.90 -507.00 68.00 642.00 553.00 -359.00 -1005.00 1
9063 20.24 162.85 28.52 -38.00 -55.00 -45.00 553.00 -359.00 -1005.00 1
9073 7.17 93.29 14.96 -224.00 90.00 219.00 553.00 -359.00 -1005.00 1
9084 12.87 75.06 16.00 -175.00 30.00 165.00 600.00 -389.00 -1130.00 1
9095 10.85 57.04 11.76 -200.00 38.00 193.00 600.00 -389.00 -1130.00 1
9105 10.57 34.64 7.65 -191.00 32.00 205.00 600.00 -389.00 -1130.00 1
9115 9.39 26.64 5.50 -224.00 23.00 266.00 600.00 -389.00 -1130.00 0
9124 4.80 15.86 1.53 -268.00 48.00 295.00 600.00 -389.00 -1130.00 0
9134 -2.16 -1.11 -3.06 -229.00 47.00 296.00 600.00 -389.00 -1130.00 0
9143 -11.13 -62.96 -18.43 -190.00 14.00 214.00 600.00 -389.00 -1130.00 0
9152 -33.18 -94.61 -24.70 -132.00 -2.00 148.00 581.00 -371.00 -1158.00 0
9162 -38.96 -120.77 -28.66 -106.00 2.00 101.00 581.00 -371.00 -1158.00 0
9171 -40.00 -138.30 -31.65 -58.00 -2.00 95.00 581.00 -371.00 -1158.00 0
9181 -38.96 -146.64 -34.50 -52.00 8.00 105.00 581.00 -371.00 -1158.00 0
9190 -35.83 -143.51 -35.20 -59.00 15.00 126.00 581.00 -371.00 -1158.00 0
9199 -28.80 -112.14 -31.10 -83.00 17.00 146.00 581.00 -371.00 -1158.00 0
9208 -24.77 -93.01 -27.90 -82.00 18.00 158.00 581.00 -371.00 -1158.00 0
9218 -19.83 -74.57 -23.93 -96.00 16.00 174.00 553.00 -352.00 -1069.00 0
9228 -14.05 -56.49 -19.20 -113.00 16.00 195.00 553.00 -352.00 -1069.00 0
9237 -8.90 -40.00 -14.54 -126.00 16.00 206.00 553.00 -352.00 -1069.00 0
9246 -0.90 -14.47 -7.86 -136.00 14.00 215.00 553.00 -352.00 -1069.00 0
9255 1.53 -6.19 -5.70 -139.00 11.00 217.00 553.00 -352.00 -1069.00 0
9265 2.92 -0.56 -4.10 -146.00 8.00 230.00 553.00 -352.00 -1069.00 0
9274 3.48 2.71 -3.06 -147.00 7.00 229.00 553.00 -352.00 -1069.00 0
9283 3.06 3.48 -2.71 -144.00 6.00 219.00 553.00 -352.00 -1069.00 0
9292 1.95 2.16 -2.78 -128.00 6.00 206.00 553.00 -352.00 -1069.00 0
9302 0.63 -2.50 -3.48 -121.00 5.00 191.00 553.00 -352.00 -1069.00 0
9311 -1.04 -3.90 -3.69 -118.00 13.00 196.00 553.00 -352.00 -1069.00 0
9320 -0.90 -4.59 -3.69 -117.00 18.00 197.00 553.00 -352.00 -1069.00 0
9329 -0.63 -4.87 -3.62 -110.00 24.00 192.00 553.00 -352.00 -1069.00 0
9338 -0.63 -4.94 -3.41 -114.00 19.00 190.00 553.00 -352.00 -1069.00 0
9348 -1.04 -4.59 -3.27 -117.00 14.00 192.00 553.00 -352.00 -1069.00 0
9357 -2.09 -2.30 -2.99 -119.00 11.00 197.00 553.00 -352.00 -1069.00 0
9366 -2.30 -0.63 -2.85 -126.00 7.00 205.00 553.00 -352.00 -1069.00 0
9375 -2.23 0.97 -2.78 -135.00 9.00 212.00 553.00 -352.00 -1069.00 0
9384 -1.95 2.30 -2.78 -137.00 11.00 218.00 553.00 -352.00 -1069.00 0
9394 -1.60 2.78 -2.78 -134.00 14.00 217.00 553.00 -352.00 -1069.00 0
9403 -1.18 2.23 -2.64 -128.00 13.00 203.00 553.00 -352.00 -1069.00 0
9412 -0.83 -0.21 -1.95 -119.00 16.00 190.00 557.00 -354.00 -1199.00 0
9421 -0.90 -1.04 -1.67 -118.00 11.00 192.00 557.00 -354.00 -1199.00 0
9431 -0.90 -1.18 -1.53 -121.00 17.00 191.00 557.00 -354.00 -1199.00 0
9440 -0.77 -0.77 -1.46 -121.00 18.00 195.00 557.00 -354.00 -1199.00 0
9450 -0.56 0.00 -1.32 -129.00 13.00 209.00 557.00 -354.00 -1199.00 0
9458 -0.70 0.83 -1.39 -139.00 15.00 215.00 557.00 -354.00 -1199.00 0
9468 -2.02 0.70 -1.88 -138.00 15.00 211.00 557.00 -354.00 -1199.00 0
9478 -2.92 -0.35 -2.16 -133.00 12.00 202.00 558.00 -360.00 -1146.00 0
9487 -3.69 -1.60 -2.30 -126.00 7.00 202.00 558.00 -360.00 -1146.00 0
9496 -4.24 -2.64 -2.43 -126.00 8.00 195.00 558.00 -360.00 -1146.00 0
9505 -4.10 -3.27 -2.37 -115.00 15.00 192.00 558.00 -360.00 -1146.00 0
9515 -3.62 -3.62 -2.23 -115.00 13.00 192.00 558.00 -360.00 -1146.00 0
9524 -2.71 -3.13 -1.60 -116.00 15.00 193.00 558.00 -360.00 -1146.00 0
9533 -2.43 -2.43 -1.39 -127.00 14.00 211.00 558.00 -360.00 -1146.00 0
9542 -2.43 -1.74 -1.25 -131.00 17.00 210.00 559.00 -357.00 -1107.00 0
9551 -2.85 -1.60 -1.32 -130.00 15.00 209.00 559.00 -357.00 -1107.00 0
9561 -3.27 -2.09 -1.53 -132.00 10.00 204.00 559.00 -357.00 -1107.00 0
9570 -3.97 -2.85 -1.60 -131.00 6.00 202.00 559.00 -357.00 -1107.00 0
9579 -5.29 -4.66 -1.81 -124.00 7.00 197.00 559.00 -357.00 -1107.00 0
9588 -5.15 -5.29 -1.88 -119.00 8.00 192.00 559.00 -357.00 -1107.00 0
9597 -4.87 -5.43 -1.88 -117.00 11.00 193.00 559.00 -357.00 -1107.00 0
9607 -4.38 -4.87 -1.95 -122.00 16.00 199.00 557.00 -357.00 -1093.00 0
9616 -3.69 -4.03 -1.88 -124.00 20.00 200.00 557.00 -357.00 -1093.00 0
9625 -3.20 -3.34 -1.67 -128.00 19.00 202.00 557.00 -357.00 -1093.00 0
9634 -3.48 -2.78 -1.32 -123.00 14.00 202.00 557.00 -357.00 -1093.00 0
9644 -3.69 -2.71 -1.25 -125.00 10.00 202.00 557.00 -357.00 -1093.00 0
9653 -3.76 -2.50 -1.11 -127.00 8.00 202.00 557.00 -357.00 -1093.00 0
9662 -3.90 -2.16 -0.97 -124.00 10.00 196.00 557.00 -357.00 -1093.00 0
9671 -4.10 -1.81 -1.18 -125.00 9.00 195.00 558.00 -356.00 -1017.00 0
9680 -4.17 -1.46 -1.32 -128.00 10.00 203.00 558.00 -356.00 -1017.00 0
9690 -3.62 -0.56 -1.53 -130.00 12.00 210.00 558.00 -356.00 -1017.00 0
9699 -3.27 -0.42 -1.67 -129.00 17.00 206.00 558.00 -356.00 -1017.00 0
9708 -2.92 -0.70 -1.81 -127.00 22.00 201.00 558.00 -356.00 -1017.00 0
9717 -2.78 -1.25 -1.74 -124.00 21.00 198.00 558.00 -356.00 -1017.00 0
9728 -2.92 -1.74 -1.53 -123.00 16.00 197.00 558.00 -356.00 -1017.00 0
9737 -3.06 -2.02 -1.25 -124.00 16.00 199.00 558.00 -359.00 -1104.00 0
9746 -3.27 -2.09 -0.63 -122.00 14.00 205.00 556.00 -359.00 -1104.00 0
9755 -3.55 -2.30 -0.49 -122.00 11.00 199.00 556.00 -359.00 -1104.00 0
9764 -4.10 -2.43 -0.49 -127.00 10.00 207.00 556.00 -359.00 -1104.00 0
9774 -4.59 -2.50 -0.63 -130.00 10.00 211.00 556.00 -359.00 -1104.00 0
9783 -5.15 -2.64 -0.83 -130.00 11.00 208.00 556.00 -359.00 -1104.00 0
9792 -5.77 -3.41 -1.11 -130.00 10.00 202.00 556.00 -359.00 -1104.00 0
9801 -6.89 -5.36 -1.81 -130.00 9.00 206.00 556.00 -359.00 -1104.00 0
9810 -7.17 -6.33 -2.16 -128.00 8.00 199.00 556.00 -359.00 -1104.00 0
9820 -7.03 -7.37 -2.43 -120.00 15.00 207.00 556.00 -359.00 -1104.00 0
9829 -6.12 -8.77 -2.50 -112.00 18.00 199.00 556.00 -359.00 -1104.00 0
9838 -5.15 -9.60 -2.16 -112.00 17.00 194.00 556.00 -359.00 -1104.00 0
9847 -4.73 -9.46 -1.81 -110.00 11.00 193.00 556.00 -359.00 -1104.00 0
9857 -5.15 -7.10 -1.39 -112.00 12.00 192.00 556.00 -359.00 -1104.00 0
9866 -4.94 -5.63 -1.18 -111.00 10.00 198.00 556.00 -359.00 -1104.00 0
9875 -4.73 -3.97 -1.04 -117.00 10.00 194.00 556.00 -359.00 -1104.00 0
9884 -4.52 -2.09 -0.90 -120.00 8.00 198.00 556.00 -359.00 -1104.00 0
9893 -4.24 -0.35 -0.83 -122.00 7.00 200.00 556.00 -359.00 -1104.00 0
9903 -3.83 1.18 -0.70 -125.00 12.00 197.00 556.00 -359.00 -1104.00 0
9912 -2.57 3.55 -0.70 -125.00 16.00 197.00 556.00 -359.00 -1104.00 0
9921 -1.95 4.66 -0.70 -122.00 15.00 200.00 556.00 -359.00 -1104.00 0
9930 -1.25 5.70 -0.49 -112.00 33.00 192.00 556.00 -359.00 -1104.00 0
9939 -0.49 6.68 0.14 -79.00 101.00 180.00 557.00 -358.00 -1297.00 0
9949 -0.14 8.00 2.16 -48.00 147.00 144.00 557.00 -358.00 -1297.00 0
9958 -2.37 11.34 8.97 -41.00 39.00 65.00 557.00 -358.00 -1297.00 0
9967 -24.56 41.18 33.46 -39.00 -100.00 -29.00 557.00 -358.00 -1297.00 0
9977 -31.03 73.04 42.23 -68.00 -82.00 -15.00 557.00 -358.00 -1297.00 0
9987 -20.38 113.74 49.18 -121.00 -8.00 76.00 557.00 -358.00 -1297.00 0
9996 3.06 156.59 56.21 -201.00 68.00 195.00 557.00 -358.00 -1297.00 1
10006 26.37 210.85 63.72 -421.00 10.00 556.00 557.00 -358.00 -1297.00 1
10017 10.85 165.63 46.82 -34.00 -62.00 -48.00 557.00 -358.00 -1297.00 1
10029 -1.25 123.83 33.81 -227.00 46.00 186.00 557.00 -358.00 -1297.00 1
10039 4.66 78.47 26.16 -182.00 22.00 166.00 557.00 -358.00 -1297.00 1
10050 5.84 57.18 20.10 -196.00 46.00 195.00 557.00 -358.00 -1297.00 1
10061 7.72 42.85 16.00 -196.00 7.00 196.00 557.00 -358.00 -1297.00 1
10072 4.87 21.08 5.22 -192.00 19.00 223.00 557.00 -358.00 -1297.00 0
10081 5.01 8.07 0.56 -253.00 35.00 301.00 557.00 -358.00 -1297.00 0
10090 2.99 -8.63 -4.59 -207.00 25.00 235.00 557.00 -358.00 -1297.00 0
10099 -2.37 -30.89 -11.69 -175.00 16.00 187.00 557.00 -358.00 -1297.00 0
10108 -7.37 -53.77 -18.02 -151.00 6.00 159.00 557.00 -358.00 -1297.00 0
10118 -13.98 -93.91 -26.43 -115.00 10.00 138.00 557.00 -358.00 -1297.00 0
10128 -13.29 -106.71 -28.59 -104.00 25.00 128.00 557.00 -358.00 -1297.00 0
10137 -11.69 -112.83 -30.05 -99.00 24.00 138.00 557.00 -358.00 -1297.00 0
10146 -10.99 -112.77 -30.89 -102.00 24.00 158.00 557.00 -358.00 -1297.00 0
10156 -11.13 -107.55 -31.10 -117.00 19.00 176.00 557.00 -358.00 -1297.00 0
10166 -13.15 -90.92 -29.98 -127.00 23.00 188.00 557.00 -358.00 -1297.00 0
10175 -12.87 -83.13 -28.59 -121.00 24.00 195.00 557.00 -358.00 -1297.00 0
10184 -12.10 -76.45 -26.99 -120.00 28.00 189.00 557.00 -358.00 -1297.00 0
10193 -11.06 -70.33 -24.83 -115.00 21.00 193.00 557.00 -358.00 -1297.00 0
10204 -10.30 -64.56 -22.61 -118.00 21.00 198.00 557.00 -358.00 -1297.00 0
10213 -9.60 -53.70 -17.46 -122.00 20.00 196.00 557.00 -358.00 -1297.00 0
10222 -9.46 -49.39 -15.30 -117.00 16.00 200.00 557.00 -358.00 -1297.00 0
10231 -10.02 -45.22 -13.63 -121.00 12.00 199.00 557.00 -358.00 -1297.00 0
10241 -10.92 -40.90 -12.03 -119.00 10.00 194.00 557.00 -358.00 -1297.00 0
10251 -11.41 -36.73 -10.43 -116.00 11.00 192.00 557.00 -358.00 -1297.00 0
10260 -10.16 -29.43 -7.03 -110.00 8.00 195.00 557.00 -358.00 -1297.00 0
10269 -8.83 -26.16 -5.63 -110.00 3.00 193.00 557.00 -358.00 -1297.00 0
10278 -7.37 -22.96 -4.24 -105.00 11.00 195.00 557.00 -358.00 -1297.00 0
10288 -5.29 -19.69 -2.78 -111.00 10.00 197.00 557.00 -358.00 -1297.00 0
10297 -3.69 -16.35 -1.74 -108.00 14.00 198.00 557.00 -358.00 -1297.00 0
10307 -2.57 -13.50 -1.11 -114.00 17.00 200.00 557.00 -358.00 -1297.00 0
10316 -0.56 -8.63 0.35 -117.00 20.00 212.00 557.00 -358.00 -1297.00 0
10326 -0.14 -6.68 1.25 -127.00 20.00 227.00 557.00 -358.00 -1297.00 0
10335 -0.28 -5.63 2.16 -125.00 22.00 228.00 557.00 -358.00 -1297.00 0
10344 -0.70 -5.91 2.71 -118.00 22.00 219.00 557.00 -358.00 -1297.00 0
10353 -1.32 -7.37 3.13 -119.00 24.00 216.00 557.00 -358.00 -1297.00 0
10362 -2.02 -9.11 5.22 -121.00 11.00 208.00 557.00 -358.00 -1297.00 0
10372 -3.97 -11.27 6.33 -120.00 9.00 205.00 557.00 -358.00 -1297.00 0
10381 -4.38 -11.97 7.03 -121.00 17.00 206.00 557.00 -358.00 -1297.00 0
10390 -4.17 -12.38 7.44 -123.00 23.00 212.00 557.00 -358.00 -1297.00 0
10400 -3.55 -12.66 7.72 -121.00 38.00 209.00 557.00 -358.00 -1297.00 0
10409 -3.20 -13.29 8.00 -114.00 48.00 207.00 557.00 -358.00 -1297.00 0
10419 -4.10 -15.03 10.23 -106.00 45.00 218.00 557.00 -358.00 -1297.00 0
10428 -5.63 -15.65 12.52 -104.00 53.00 212.00 557.00 -358.00 -1297.00 0
10437 -8.42 -16.07 15.37 -104.00 50.00 209.00 557.00 -358.00 -1297.00 0
10446 -12.66 -16.14 18.64 -112.00 37.00 195.00 557.00 -358.00 -1297.00 0
10457 -17.88 -16.00 22.12 -94.00 18.00 209.00 557.00 -358.00 -1297.00 0
10466 -22.61 -18.85 27.27 -104.00 0.00 203.00 557.00 -358.00 -1297.00 0
10475 -27.62 -17.18 29.08 -99.00 2.00 207.00 557.00 -358.00 -1297.00 0
10484 -26.50 -15.44 30.26 -95.00 16.00 210.00 557.00 -358.00 -1297.00 0
10493 -24.28 -14.19 30.82 -100.00 19.00 210.00 557.00 -358.00 -1297.00 0
10503 -22.26 -12.94 30.96 -105.00 20.00 219.00 557.00 -358.00 -1297.00 0
10513 -21.08 -11.76 31.10 -108.00 9.00 215.00 557.00 -358.00 -1297.00 0
10522 -22.68 -12.17 28.87 -112.00 4.00 216.00 557.00 -358.00 -1297.00 0
10531 -23.23 -13.50 27.20 -112.00 15.00 222.00 557.00 -358.00 -1297.00 0
10541 -23.30 -15.17 25.39 -103.00 36.00 226.00 557.00 -358.00 -1297.00 0
10550 -24.42 -17.11 24.35 -105.00 6.00 219.00 557.00 -358.00 -1297.00 0
10560 -27.27 -18.30 24.42 -112.00 -11.00 214.00 557.00 -358.00 -1297.00 0
10569 -33.46 -18.43 24.83 -105.00 -13.00 207.00 557.00 -358.00 -1297.00 0
10578 -33.32 -18.37 24.35 -88.00 -9.00 199.00 557.00 -358.00 -1297.00 0
10588 -32.14 -17.95 23.58 -92.00 9.00 195.00 557.00 -358.00 -1297.00 0
10597 -30.12 -17.32 22.89 -90.00 6.00 202.00 557.00 -358.00 -1297.00 0
10607 -28.94 -16.42 21.91 -95.00 -5.00 196.00 557.00 -358.00 -1297.00 0
10616 -29.01 -13.36 18.85 -95.00 -3.00 199.00 557.00 -358.00 -1297.00 0
10626 -27.62 -11.97 16.97 -99.00 -6.00 205.00 557.00 -358.00 -1297.00 0
10635 -26.09 -10.50 14.96 -92.00 1.00 215.00 557.00 -358.00 -1297.00 0
10644 -23.17 -8.07 13.15 -116.00 7.00 225.00 557.00 -358.00 -1297.00 0
10653 -21.29 -6.12 11.48 -111.00 -7.00 227.00 557.00 -358.00 -1297.00 0
10662 -21.29 -6.68 8.56 -96.00 8.00 214.00 557.00 -358.00 -1297.00 0
10672 -17.81 -8.63 4.45 -99.00 27.00 211.00 557.00 -358.00 -1297.00 0
10681 -15.51 -9.04 4.38 -116.00 22.00 207.00 557.00 -358.00 -1297.00 0
10691 -15.23 -9.60 3.97 -110.00 10.00 204.00 557.00 -358.00 -1297.00 0
10700 -15.86 -10.78 0.77 -95.00 -3.00 219.00 557.00 -358.00 -1297.00 0
10710 -14.89 -14.05 -5.22 -139.00 19.00 172.00 557.00 -358.00 -1297.00 0
10719 -9.81 -18.02 -10.50 -58.00 -25.00 232.00 557.00 -358.00 -1297.00 0
10728 17.32 -25.74 -10.50 -79.00 -27.00 186.00 557.00 -358.00 -1297.00 0
10737 33.18 -25.18 -7.30 -78.00 64.00 209.00 557.00 -358.00 -1297.00 0
10746 42.64 -22.75 -3.69 -121.00 -82.00 204.00 557.00 -358.00 -1297.00 0
10757 40.77 -19.13 -2.09 -140.00 -29.00 327.00 557.00 -358.00 -1297.00 0
10766 49.81 -18.57 -8.83 -104.00 52.00 262.00 557.00 -358.00 -1297.00 0
10775 78.47 -29.77 -1.95 -88.00 37.00 258.00 557.00 -358.00 -1297.00 0
10784 80.77 -32.77 -4.80 -72.00 19.00 246.00 557.00 -358.00 -1297.00 0
10793 76.17 -31.44 -12.24 -71.00 40.00 225.00 557.00 -358.00 -1297.00 0
10803 69.36 -28.24 -19.69 -65.00 54.00 221.00 557.00 -358.00 -1297.00 0
10813 62.12 -22.82 -27.34 -67.00 55.00 226.00 557.00 -358.00 -1297.00 0
10822 54.12 2.23 -50.78 -30.00 18.00 191.00 557.00 -358.00 -1297.00 0
10831 37.08 14.96 -64.97 319.00 -112.00 81.00 557.00 -358.00 -1297.00 0
10841 24.83 15.03 -74.71 -70.00 10.00 248.00 557.00 -358.00 -1297.00 0
10850 8.83 6.47 -77.22 -45.00 -2.00 204.00 557.00 -358.00 -1297.00 0
10859 -3.48 8.07 -82.50 -3.00 -5.00 227.00 557.00 -358.00 -1297.00 0
10868 -13.84 6.05 -85.29 -37.00 -14.00 244.00 557.00 -358.00 -1297.00 0
10878 -17.74 5.77 -79.23 -86.00 -2.00 233.00 557.00 -358.00 -1297.00 0
10888 -11.27 8.97 -70.40 -56.00 20.00 243.00 557.00 -358.00 -1297.00 0
10897 -2.85 9.11 -57.74 -80.00 21.00 241.00 557.00 -358.00 -1297.00 0
10906 5.77 8.63 -43.83 -79.00 50.00 208.00 557.00 -358.00 -1297.00 0
10915 12.87 9.32 -31.17 -60.00 25.00 208.00 557.00 -358.00 -1297.00 0
10925 17.46 13.01 -19.55 -53.00 6.00 178.00 519.00 -375.00 -1001.00 0
10934 25.53 13.84 -3.34 -59.00 -9.00 189.00 519.00 -375.00 -1001.00 0
10943 31.30 8.90 7.10 -62.00 4.00 165.00 519.00 -375.00 -1001.00 0
10952 36.31 -0.21 16.97 -34.00 9.00 234.00 519.00 -375.00 -1001.00 0
10961 36.94 -9.60 26.30 -44.00 13.00 241.00 519.00 -375.00 -1001.00 0
10971 34.50 -10.16 34.71 -28.00 -63.00 265.00 519.00 -375.00 -1001.00 0
10981 28.59 -16.28 36.03 -59.00 -32.00 266.00 519.00 -375.00 -1001.00 0
10990 5.29 -16.00 30.33 -41.00 -43.00 281.00 519.00 -375.00 -1001.00 0
10999 -3.83 -14.47 26.23 -55.00 -14.00 273.00 519.00 -375.00 -1001.00 0
11009 -7.44 -10.23 20.80 -18.00 -18.00 250.00 519.00 -375.00 -1001.00 0
11018 -8.28 -7.93 14.19 -121.00 44.00 199.00 519.00 -375.00 -1001.00 0
11027 -4.66 0.83 7.86 -91.00 25.00 205.00 519.00 -375.00 -1001.00 0
11036 10.09 0.97 -11.55 -111.00 67.00 126.00 519.00 -375.00 -1001.00 0
11046 15.30 -7.86 -31.03 -64.00 53.00 153.00 519.00 -375.00 -1001.00 0
11056 15.58 -23.51 -45.63 -41.00 28.00 161.00 519.00 -375.00 -1001.00 0
11065 14.40 -36.94 -57.60 2.00 9.00 172.00 519.00 -375.00 -1001.00 0
11074 14.33 -41.67 -64.35 -57.00 34.00 176.00 519.00 -375.00 -1001.00 0
11083 13.43 -44.31 -51.34 -102.00 71.00 183.00 519.00 -375.00 -1001.00 0
11092 3.27 -48.83 -46.33 -97.00 49.00 157.00 519.00 -375.00 -1001.00 0
11102 -5.15 -50.43 -44.24 -95.00 55.00 218.00 519.00 -375.00 -1001.00 0
11112 -12.03 -44.10 -42.50 -99.00 18.00 224.00 519.00 -375.00 -1001.00 0
11121 -17.67 -33.88 -41.46 -72.00 15.00 215.00 519.00 -375.00 -1001.00 0
11130 -21.08 -26.09 -42.78 -82.00 19.00 195.00 519.00 -375.00 -1001.00 0
11140 -18.43 -24.21 -44.03 -94.00 59.00 196.00 519.00 -375.00 -1001.00 0
11149 -18.23 -25.95 -48.63 -92.00 52.00 211.00 519.00 -375.00 -1001.00 0
11159 -19.97 -25.25 -56.28 -98.00 43.00 191.00 519.00 -375.00 -1001.00 0
11168 -21.01 -15.93 -70.47 -128.00 34.00 213.00 519.00 -375.00 -1001.00 0
11177 -20.59 -8.35 -84.24 -126.00 49.00 255.00 519.00 -375.00 -1001.00 0
11187 -21.50 8.97 -120.14 -128.00 65.00 250.00 519.00 -375.00 -1001.00 0
11196 -21.63 22.96 -140.38 -125.00 -1.00 225.00 519.00 -375.00 -1001.00 0
11206 -20.94 38.89 -149.29 -136.00 8.00 211.00 519.00 -375.00 -1001.00 0
11215 -14.61 53.01 -147.41 -125.00 6.00 215.00 519.00 -375.00 -1001.00 0
11225 -8.07 64.83 -144.35 -184.00 -10.00 173.00 519.00 -375.00 -1001.00 0
11234 -12.66 74.43 -150.05 -123.00 12.00 210.00 519.00 -375.00 -1001.00 0
11244 -15.86 74.09 -152.49 -210.00 -16.00 164.00 519.00 -375.00 -1001.00 0
11253 -16.83 73.11 -156.52 -139.00 -30.00 232.00 519.00 -375.00 -1001.00 0
11262 -20.73 65.53 -160.63 -204.00 -31.00 213.00 519.00 -375.00 -1001.00 0
11272 -20.45 65.67 -159.44 -222.00 1.00 218.00 519.00 -375.00 -1001.00 0
11282 -14.12 62.47 -154.92 -164.00 -66.00 228.00 519.00 -375.00 -1001.00 0
11291 -12.66 57.95 -153.25 -157.00 -53.00 211.00 519.00 -375.00 -1001.00 0
11300 -14.05 56.14 -146.50 -160.00 -36.00 187.00 519.00 -375.00 -1001.00 0
11311 -16.49 54.68 -137.18 -136.00 -43.00 189.00 519.00 -375.00 -1001.00 0
11320 -19.62 50.71 -132.03 -118.00 -67.00 183.00 519.00 -375.00 -1001.00 0
11329 -27.06 43.13 -125.50 -100.00 -89.00 171.00 519.00 -375.00 -1001.00 0
11338 -29.22 38.96 -120.63 -125.00 -46.00 205.00 519.00 -375.00 -1001.00 0
11348 -30.33 35.41 -121.74 -115.00 -46.00 186.00 519.00 -375.00 -1001.00 0
11358 -32.35 30.96 -125.77 -107.00 -60.00 190.00 519.00 -375.00 -1001.00 0
11367 -34.02 28.45 -130.78 -117.00 -88.00 174.00 519.00 -375.00 -1001.00 0
11377 -36.94 29.57 -137.11 -276.00 -296.00 281.00 519.00 -73.00 -1040.00 0
11386 -28.87 33.46 -128.90 -137.00 -80.00 219.00 633.00 -73.00 -1040.00 0
11396 -13.15 38.89 -101.43 -143.00 -74.00 210.00 633.00 -73.00 -1040.00 0
11405 -5.15 40.63 -72.42 -136.00 -45.00 210.00 633.00 -73.00 -1040.00 0
11414 -1.88 39.79 -48.97 -131.00 -62.00 199.00 633.00 -73.00 -1040.00 0
11424 -0.14 35.55 -29.15 -135.00 -46.00 209.00 633.00 -73.00 -1040.00 0
11433 -1.95 21.84 -27.69 -134.00 -57.00 205.00 633.00 -73.00 -1040.00 0
11443 -4.10 13.70 -28.73 -137.00 -61.00 202.00 633.00 -70.00 -1076.00 0
11452 -5.84 6.26 -31.72 -136.00 -60.00 201.00 643.00 -70.00 -1076.00 0
11461 -7.65 -1.11 -36.03 -128.00 -65.00 201.00 643.00 -70.00 -1076.00 0
11470 -9.67 -8.83 -41.25 -129.00 -66.00 200.00 643.00 -70.00 -1076.00 0
11480 -17.11 -16.28 -53.98 -125.00 -68.00 184.00 643.00 -70.00 -1076.00 0
11489 -20.94 -16.14 -60.87 -130.00 -74.00 178.00 643.00 -70.00 -1076.00 0
11499 -22.40 -15.86 -65.60 -97.00 -77.00 169.00 643.00 -70.00 -1076.00 0
11508 -21.08 -11.90 -69.08 -120.00 -66.00 181.00 643.00 -24.00 -1040.00 0
11517 -17.18 -7.30 -72.14 -111.00 -69.00 184.00 620.00 -24.00 -1040.00 0
11527 -10.37 -3.90 -73.25 -107.00 -76.00 201.00 620.00 -24.00 -1040.00 0
11536 7.93 12.03 -71.79 -130.00 -78.00 176.00 620.00 -24.00 -1040.00 0
11545 18.02 20.10 -71.17 -130.00 -81.00 178.00 620.00 -24.00 -1040.00 0
11554 28.66 22.40 -72.63 -137.00 -79.00 191.00 620.00 -24.00 -1040.00 0
11564 38.61 19.20 -74.64 -126.00 -72.00 192.00 620.00 -24.00 -1040.00 0
11574 46.05 14.33 -74.85 -122.00 -77.00 182.00 620.00 -24.00 -1040.00 0
11583 58.43 8.97 -73.60 -124.00 -79.00 191.00 620.00 -24.00 -1040.00 0
11592 65.53 7.93 -73.53 -98.00 -67.00 206.00 620.00 -24.00 -1040.00 0
11601 70.33 6.75 -72.28 -99.00 -66.00 215.00 620.00 -24.00 -1040.00 0
11611 71.10 6.40 -68.45 -103.00 -58.00 212.00 620.00 -24.00 -1040.00 0
11620 68.24 7.58 -61.91 -101.00 -55.00 211.00 620.00 -24.00 -1040.00 0
11629 62.75 9.74 -53.15 -108.00 -36.00 80.00 620.00 -24.00 -1040.00 0
11638 47.17 14.33 -36.73 -130.00 -60.00 217.00 620.00 -24.00 -1040.00 0
11649 37.63 14.54 -32.56 -107.00 -66.00 211.00 620.00 -24.00 -1040.00 0
11658 29.01 12.10 -28.87 -79.00 -75.00 193.00 620.00 -24.00 -1040.00 0
11667 21.01 9.81 -24.49 -30.00 -31.00 70.00 620.00 -24.00 -1040.00 0
11676 13.70 7.17 -19.20 -57.00 -41.00 167.00 620.00 -24.00 -1040.00 0
11685 6.40 4.94 -13.29 -80.00 -63.00 222.00 620.00 -24.00 -1040.00 0
11695 -19.48 -6.61 -0.77 -91.00 -111.00 181.00 620.00 -24.00 -1040.00 0
11704 -27.06 -12.45 1.11 -90.00 -86.00 163.00 620.00 -24.00 -1040.00 0
11713 -26.71 -14.61 2.02 -106.00 -93.00 207.00 620.00 -24.00 -1040.00 0
11722 -25.25 -15.93 2.71 -169.00 -132.00 204.00 620.00 -24.00 -1040.00 0
11731 -27.48 -18.02 3.34 -114.00 -89.00 203.00 620.00 -24.00 -1040.00 0
11741 -31.79 -12.45 -6.19 -122.00 -146.00 191.00 620.00 -24.00 -1040.00 0
11751 -49.39 -10.78 -13.63 -91.00 -77.00 160.00 620.00 -24.00 -1040.00 0
11760 -64.35 -11.41 -19.97 -105.00 -75.00 179.00 620.00 -24.00 -1040.00 0
11769 -65.39 -14.61 -21.50 -107.00 -87.00 191.00 620.00 -24.00 -1040.00 0
11779 -58.92 -17.74 -21.98 -102.00 -94.00 202.00 620.00 -24.00 -1040.00 0
11788 -51.13 -20.31 -23.17 -103.00 -102.00 201.00 620.00 -24.00 -1040.00 0
11797 -38.68 -21.63 -25.11 -96.00 -102.00 198.00 620.00 -24.00 -1040.00 0
11807 -36.45 -20.52 -24.90 -106.00 -95.00 193.00 620.00 -24.00 -1040.00 0
11816 -35.76 -18.50 -21.57 -76.00 -130.00 197.00 620.00 -24.00 -1040.00 0
11826 -35.62 -15.79 -17.60 -97.00 -92.00 192.00 620.00 -24.00 -1040.00 0
11835 -35.20 -13.70 -16.35 -101.00 -104.00 201.00 620.00 -24.00 -1040.00 0
11844 -32.90 -12.59 -14.75 -86.00 -116.00 199.00 620.00 -24.00 -1040.00 0
11853 -31.72 -12.94 -14.89 -88.00 -115.00 201.00 620.00 -24.00 -1040.00 0
11863 -31.23 -12.73 -14.75 -89.00 -111.00 209.00 620.00 -24.00 -1040.00 0
11873 -32.00 -11.55 -13.36 -91.00 -114.00 213.00 620.00 -24.00 -1040.00 0
11882 -33.60 -10.09 -11.20 -88.00 -106.00 205.00 620.00 -24.00 -1040.00 0
11891 -36.66 -8.28 -9.32 -103.00 -112.00 202.00 620.00 -24.00 -1040.00 0
11900 -44.03 -6.33 -9.60 -105.00 -113.00 192.00 620.00 -24.00 -1040.00 0
11910 -47.10 -6.05 -12.24 -95.00 -104.00 187.00 620.00 -24.00 -1040.00 0
11919 -48.97 -6.82 -15.65 -106.00 -106.00 184.00 620.00 -24.00 -1040.00 0
11928 -48.35 -8.42 -18.02 -87.00 -107.00 182.00 620.00 -24.00 -1040.00 0
11938 -44.24 -9.95 -20.45 -82.00 -119.00 194.00 620.00 -24.00 -1040.00 0
11948 -28.73 -11.76 -25.95 -97.00 -112.00 197.00 620.00 -24.00 -1040.00 0
11957 -20.73 -12.45 -29.57 -88.00 -102.00 197.00 620.00 -24.00 -1040.00 0
11966 -15.44 -14.75 -35.55 -87.00 -98.00 200.00 620.00 -24.00 -1040.00 0
11975 -11.13 -18.78 -43.34 -96.00 -97.00 200.00 620.00 -24.00 -1040.00 0
11984 -7.72 -22.33 -53.15 -113.00 -119.00 200.00 620.00 -24.00 -1040.00 0
11994 -5.57 -24.35 -64.42 -89.00 -125.00 182.00 620.00 -24.00 -1040.00 0
12004 -41.32 -8.77 -70.47 -101.00 13.00 12.00 620.00 -24.00 -1040.00 0
12013 -161.67 30.89 -51.41 87.00 70.00 160.00 620.00 -24.00 -1040.00 0
12022 -242.50 46.12 -68.03 -170.00 -382.00 305.00 620.00 -24.00 -1040.00 0
12032 -256.35 46.40 -73.81 -10.00 -140.00 154.00 620.00 -24.00 -1040.00 0
12041 -211.34 33.53 -72.00 -29.00 -201.00 202.00 620.00 -24.00 -1040.00 0
12050 -121.11 12.80 -51.20 -88.00 -149.00 170.00 620.00 -24.00 -1040.00 0
12060 -90.16 9.53 -32.35 -139.00 -146.00 139.00 620.00 -24.00 -1040.00 0
12069 -68.94 8.42 -17.18 -110.00 -181.00 155.00 620.00 -24.00 -1040.00 0
12079 -54.82 6.89 -9.74 -85.00 -178.00 152.00 620.00 -24.00 -1040.00 0
12088 -47.30 6.75 -3.69 -63.00 -159.00 139.00 620.00 -24.00 -1040.00 0
12097 -43.20 6.75 4.45 -49.00 -181.00 163.00 620.00 -24.00 -1040.00 0
12106 -34.09 2.09 20.03 -71.00 -176.00 157.00 620.00 -24.00 -1040.00 0
12115 -27.97 -1.25 24.63 -72.00 -147.00 130.00 620.00 -24.00 -1040.00 0
12125 -25.53 -4.31 24.97 -74.00 -169.00 159.00 620.00 -24.00 -1040.00 0
12135 -23.23 -6.89 22.12 -94.00 -175.00 156.00 620.00 -24.00 -1040.00 0
12144 -20.66 -7.03 18.50 -97.00 -165.00 151.00 620.00 -24.00 -1040.00 0
12153 -17.60 -4.45 12.87 -92.00 -153.00 146.00 620.00 -24.00 -1040.00 0
12163 -12.94 -4.03 10.57 -100.00 -185.00 176.00 620.00 -24.00 -1040.00 0
12172 -11.69 -3.90 7.17 -100.00 -185.00 201.00 620.00 -24.00 -1040.00 0
12181 -10.30 -4.03 2.02 -79.00 -165.00 170.00 620.00 -24.00 -1040.00 0
12190 -9.39 -4.80 -4.17 -76.00 -166.00 181.00 620.00 -24.00 -1040.00 0
12199 -9.46 -5.77 -10.43 -43.00 -143.00 106.00 620.00 -24.00 -1040.00 0
12209 -48.21 -4.10 -21.01 -127.00 -193.00 138.00 620.00 -24.00 -1040.00 0
12218 -88.42 -2.23 -28.10 -97.00 -136.00 144.00 620.00 -24.00 -1040.00 0
12228 -118.82 -0.97 -38.89 -92.00 -139.00 196.00 620.00 -24.00 -1040.00 0
12237 -146.16 -2.99 -50.23 -76.00 -374.00 -65.00 620.00 -24.00 -1040.00 0
12247 -172.31 -5.77 -60.59 -56.00 -192.00 152.00 620.00 -24.00 -1040.00 0
12256 -155.69 -7.51 -74.92 -49.00 -193.00 136.00 620.00 -24.00 -1040.00 0
12265 -154.71 -12.73 -69.70 -55.00 -149.00 181.00 620.00 -24.00 -1040.00 0
12274 -170.78 -15.10 -61.57 -91.00 -326.00 -21.00 620.00 -24.00 -1040.00 0
12284 -187.06 -17.11 -53.50 -67.00 -217.00 132.00 620.00 -24.00 -1040.00 0
12294 -189.77 -14.75 -49.67 -59.00 -205.00 131.00 620.00 -24.00 -1040.00 0
12303 -196.38 -14.26 -47.44 -55.00 -208.00 73.00 620.00 -24.00 -1040.00 0
12312 -221.01 -14.12 -46.89 -49.00 -220.00 39.00 620.00 -24.00 -1040.00 0
12321 -228.59 -15.17 -49.60 -44.00 -239.00 94.00 620.00 -24.00 -1040.00 0
12332 -202.43 -20.45 -64.83 -125.00 -409.00 230.00 620.00 -24.00 -1040.00 0
12341 -161.04 -25.74 -66.23 -144.00 -380.00 -128.00 620.00 -24.00 -1040.00 0
12350 -129.95 -30.05 -59.83 32.00 -180.00 45.00 620.00 -24.00 -1040.00 0
12359 -87.86 -44.80 -35.06 22.00 -120.00 -12.00 620.00 -24.00 -1040.00 0
12368 -72.77 -48.00 -18.57 -81.00 -262.00 -90.00 620.00 -24.00 -1040.00 0
12378 -60.24 -49.81 -4.10 -18.00 -210.00 69.00 620.00 -24.00 -1040.00 0
12388 -49.46 -50.09 7.03 -11.00 -157.00 -57.00 620.00 -24.00 -1040.00 0
12397 -42.09 -50.02 16.07 -66.00 -283.00 142.00 620.00 -24.00 -1040.00 0
12406 -35.48 -50.78 19.83 -24.00 -196.00 27.00 620.00 -24.00 -1040.00 0
12416 -29.22 -53.22 24.70 -44.00 -247.00 93.00 620.00 -24.00 -1040.00 0
12425 -22.75 -54.68 23.93 -85.00 -269.00 106.00 620.00 -24.00 -1040.00 0
12434 -25.39 -54.54 23.79 -59.00 -215.00 73.00 620.00 -24.00 -1040.00 0
12443 -24.77 -53.70 19.34 31.00 -116.00 -49.00 620.00 -24.00 -1040.00 0
12452 -21.36 -51.69 15.17 24.00 -115.00 -39.00 620.00 -24.00 -1040.00 0
12462 -18.92 -45.91 8.49 -1.00 -157.00 -64.00 620.00 -24.00 -1040.00 0
12471 -18.99 -43.34 7.30 -50.00 -254.00 11.00 620.00 -24.00 -1040.00 0
12481 -16.83 -40.63 7.72 24.00 -206.00 71.00 620.00 -24.00 -1040.00 0
12490 -15.44 -37.29 9.25 9.00 -183.00 -24.00 620.00 -24.00 -1040.00 0
12499 -14.26 -35.48 11.13 -18.00 -235.00 85.00 620.00 -24.00 -1040.00 0
12509 -13.50 -33.32 12.38 -54.00 -281.00 -26.00 620.00 -24.00 -1040.00 0
12518 -11.90 -27.83 11.06 -29.00 -259.00 -27.00 620.00 -24.00 -1040.00 0
12527 -10.78 -24.77 8.42 -23.00 -262.00 65.00 620.00 -24.00 -1040.00 0
12536 -9.95 -21.70 5.22 -48.00 -251.00 71.00 620.00 -24.00 -1040.00 0
12546 -8.70 -17.95 3.13 -48.00 -253.00 67.00 620.00 -24.00 -1040.00 0
12555 -7.65 -14.47 2.57 -53.00 -249.00 69.00 620.00 -24.00 -1040.00 0
12564 -6.75 -11.48 2.71 -55.00 -250.00 74.00 620.00 -24.00 -1040.00 0
12573 -5.36 -7.10 2.85 -54.00 -248.00 74.00 620.00 -24.00 -1040.00 0
12582 -5.01 -5.98 1.88 -53.00 -251.00 72.00 620.00 -24.00 -1040.00 0
12592 -4.80 -5.01 0.63 -51.00 -252.00 71.00 620.00 -24.00 -1040.00 0
12601 -4.52 -4.38 -0.49 -51.00 -251.00 70.00 620.00 -24.00 -1040.00 0
12610 -4.38 -3.90 -1.46 -49.00 -253.00 68.00 620.00 -24.00 -1040.00 0
12619 -4.24 -3.48 -2.23 -50.00 -248.00 67.00 620.00 -24.00 -1040.00 0
12628 -4.10 -2.71 -2.30 -50.00 -253.00 70.00 620.00 -24.00 -1040.00 0
12638 -3.83 -2.30 -1.95 -54.00 -249.00 68.00 620.00 -24.00 -1040.00 0
12647 -3.69 -1.95 -1.46 -53.00 -254.00 68.00 620.00 -24.00 -1040.00 0
12656 -3.62 -1.67 -1.18 -54.00 -251.00 73.00 620.00 -24.00 -1040.00 0
12665 -3.55 -1.53 -1.11 -56.00 -251.00 67.00 620.00 -24.00 -1040.00 0
12675 -3.55 -1.46 -1.25 -52.00 -250.00 71.00 620.00 -24.00 -1040.00 0
12684 -3.55 -1.53 -1.74 -49.00 -248.00 67.00 620.00 -24.00 -1040.00 0
12693 -3.55 -1.60 -2.71 -47.00 -252.00 70.00 499.00 183.00 -1153.00 0
12702 -3.62 -1.60 -2.92 -49.00 -250.00 73.00 499.00 183.00 -1153.00 0
12711 -3.62 -1.60 -2.85 -51.00 -251.00 70.00 499.00 183.00 -1153.00 0
12721 -3.62 -1.53 -2.50 -49.00 -253.00 71.00 499.00 183.00 -1153.00 0
12730 -3.55 -1.39 -2.23 -49.00 -254.00 71.00 499.00 183.00 -1153.00 0
12739 -3.62 -1.32 -1.95 -52.00 -249.00 70.00 499.00 183.00 -1153.00 0
12748 -3.55 -1.18 -1.74 -54.00 -252.00 71.00 499.00 183.00 -1153.00 0
12758 -3.55 -1.18 -1.88 -51.00 -249.00 73.00 499.00 189.00 -1088.00 0
12767 -3.62 -1.25 -2.02 -49.00 -251.00 72.00 499.00 189.00 -1088.00 0
12776 -3.62 -1.25 -2.23 -51.00 -251.00 71.00 499.00 189.00 -1088.00 0
12785 -3.62 -1.32 -2.37 -51.00 -248.00 69.00 499.00 189.00 -1088.00 0
12794 -3.69 -1.32 -2.43 -53.00 -251.00 68.00 499.00 189.00 -1088.00 0
12804 -3.62 -1.32 -2.23 -53.00 -250.00 68.00 499.00 189.00 -1088.00 0
12813 -3.62 -1.25 -2.16 -50.00 -250.00 69.00 499.00 189.00 -1088.00 0
12822 -3.62 -1.25 -2.09 -51.00 -253.00 73.00 500.00 188.00 -1015.00 0
12831 -3.62 -1.25 -2.02 -52.00 -251.00 72.00 500.00 188.00 -1015.00 0
12840 -3.55 -1.25 -1.95 -51.00 -249.00 71.00 500.00 188.00 -1015.00 0
12850 -3.55 -1.18 -1.95 -50.00 -254.00 73.00 500.00 188.00 -1015.00 0
12859 -3.55 -1.32 -2.02 -50.00 -251.00 71.00 500.00 188.00 -1015.00 0
12868 -3.55 -1.32 -2.16 -50.00 -254.00 70.00 500.00 188.00 -1015.00 0
12877 -3.55 -1.32 -2.23 -52.00 -252.00 68.00 500.00 188.00 -1015.00 0
12888 -3.55 -1.39 -2.37 -51.00 -252.00 66.00 499.00 186.00 -1075.00 0
12897 -3.55 -1.39 -2.43 -53.00 -252.00 73.00 499.00 186.00 -1075.00 0
12906 -3.55 -1.39 -2.43 -51.00 -248.00 68.00 499.00 186.00 -1075.00 0
12915 -3.55 -1.25 -2.16 -52.00 -247.00 68.00 499.00 186.00 -1075.00 0
12924 -3.55 -1.25 -2.02 -51.00 -250.00 70.00 499.00 186.00 -1075.00 0
12934 -3.55 -1.18 -1.95 -53.00 -249.00 70.00 499.00 186.00 -1075.00 0
12943 -3.62 -1.18 -1.95 -50.00 -251.00 71.00 499.00 186.00 -1075.00 0
12952 -3.55 -1.18 -1.95 -52.00 -248.00 68.00 499.00 186.00 -1062.00 0
12961 -3.55 -1.25 -2.02 -51.00 -252.00 72.00 500.00 186.00 -1062.00 0
12971 -3.48 -1.32 -2.09 -51.00 -253.00 68.00 500.00 186.00 -1062.00 0
12980 -3.48 -1.32 -2.09 -54.00 -254.00 68.00 500.00 186.00 -1062.00 0
12989 -3.48 -1.25 -2.02 -50.00 -250.00 69.00 500.00 186.00 -1062.00 0
12998 -3.55 -1.25 -1.88 -50.00 -251.00 68.00 500.00 186.00 -1062.00 0
13007 -3.55 -1.25 -1.88 -50.00 -250.00 70.00 500.00 186.00 -1062.00 0
13017 -3.55 -1.25 -1.88 -50.00 -248.00 69.00 500.00 186.00 -1062.00 0
13026 -3.55 -1.32 -2.02 -52.00 -249.00 68.00 500.00 186.00 -1062.00 0
13035 -3.55 -1.32 -2.02 -50.00 -251.00 68.00 500.00 186.00 -1062.00 0
13044 -3.62 -1.32 -2.02 -50.00 -253.00 72.00 500.00 186.00 -1062.00 0
13053 -3.62 -1.32 -2.02 -52.00 -250.00 69.00 500.00 186.00 -1062.00 0
13063 -3.62 -1.39 -1.95 -49.00 -253.00 73.00 500.00 186.00 -1062.00 0
13072 -3.55 -1.32 -1.88 -49.00 -253.00 70.00 500.00 186.00 -1062.00 0
13081 -3.55 -1.32 -1.95 -49.00 -251.00 70.00 500.00 186.00 -1062.00 0
13090 -3.55 -1.25 -1.95 -51.00 -252.00 72.00 500.00 186.00 -1062.00 0
13100 -3.55 -1.25 -2.02 -52.00 -252.00 70.00 500.00 186.00 -1062.00 0
13109 -3.55 -1.25 -2.02 -52.00 -251.00 71.00 500.00 186.00 -1062.00 0
13118 -3.55 -1.25 -1.95 -52.00 -251.00 70.00 500.00 186.00 -1062.00 0
13127 -3.55 -1.25 -1.95 -53.00 -251.00 69.00 500.00 186.00 -1062.00 0
13136 -3.55 -1.18 -1.95 -51.00 -254.00 73.00 500.00 186.00 -1062.00 0
13146 -3.55 -1.25 -1.95 -53.00 -253.00 73.00 500.00 186.00 -1062.00 0
13155 -3.62 -1.25 -1.95 -50.00 -253.00 69.00 500.00 186.00 -1062.00 0
13164 -3.62 -1.25 -1.95 -50.00 -250.00 67.00 500.00 186.00 -1062.00 0
13173 -3.62 -1.25 -1.95 -50.00 -253.00 71.00 500.00 186.00 -1062.00 0
13182 -3.55 -1.25 -1.95 -56.00 -251.00 72.00 500.00 186.00 -1062.00 0
13192 -3.48 -1.25 -1.88 -50.00 -249.00 66.00 500.00 186.00 -1062.00 0
13201 -3.48 -1.25 -1.95 -52.00 -252.00 71.00 500.00 186.00 -1062.00 0
13210 -3.55 -1.25 -1.95 -50.00 -251.00 71.00 500.00 186.00 -1062.00 0
13219 -3.55 -1.25 -1.88 -47.00 -249.00 67.00 500.00 186.00 -1062.00 0
13230 -3.62 -1.32 -1.95 -51.00 -249.00 67.00 500.00 186.00 -1062.00 0
13239 -3.55 -1.32 -1.95 -49.00 -253.00 72.00 500.00 186.00 -1062.00 0
13248 -3.48 -1.25 -1.95 -50.00 -251.00 68.00 500.00 186.00 -1062.00 0
13257 -3.48 -1.18 -1.88 -52.00 -252.00 71.00 500.00 186.00 -1062.00 0
13266 -3.48 -1.18 -1.88 -51.00 -251.00 67.00 500.00 186.00 -1062.00 0
13276 -3.55 -1.25 -1.88 -53.00 -250.00 69.00 500.00 186.00 -1062.00 0
13285 -3.55 -1.25 -2.02 -51.00 -250.00 69.00 500.00 186.00 -1062.00 0
13294 -3.55 -1.32 -2.16 -49.00 -251.00 69.00 500.00 186.00 -1062.00 0
13303 -3.48 -1.39 -2.43 -49.00 -250.00 66.00 500.00 186.00 -1062.00 0
13313 -3.48 -1.32 -2.30 -47.00 -252.00 68.00 500.00 186.00 -1062.00 0
13322 -3.48 -1.25 -1.95 -50.00 -250.00 68.00 500.00 186.00 -1062.00 0
13331 -3.48 -1.18 -1.74 -50.00 -251.00 70.00 500.00 186.00 -1062.00 0
13340 -3.48 -1.11 -1.67 -48.00 -251.00 70.00 500.00 186.00 -1062.00 0
13349 -3.48 -1.18 -1.67 -50.00 -254.00 71.00 498.00 183.00 -1180.00 0
13359 -3.48 -1.25 -1.88 -50.00 -252.00 69.00 498.00 183.00 -1180.00 0
13368 -3.48 -1.25 -1.95 -49.00 -251.00 68.00 498.00 183.00 -1180.00 0
13377 -3.48 -1.25 -1.95 -53.00 -250.00 73.00 498.00 183.00 -1180.00 0
13386 -3.48 -1.25 -1.95 -48.00 -250.00 70.00 498.00 183.00 -1180.00 0
13395 -3.48 -1.18 -1.74 -52.00 -247.00 70.00 498.00 183.00 -1180.00 0
13405 -3.55 -1.18 -1.67 -49.00 -249.00 69.00 498.00 183.00 -1180.00 0
13414 -3.55 -1.18 -1.67 -54.00 -249.00 70.00 496.00 189.00 -989.00 0
13423 -3.48 -1.25 -1.67 -49.00 -253.00 73.00 496.00 189.00 -989.00 0
13432 -3.55 -1.25 -1.74 -46.00 -251.00 70.00 496.00 189.00 -989.00 0
13442 -3.55 -1.25 -1.88 -51.00 -250.00 70.00 496.00 189.00 -989.00 0
13451 -3.55 -1.25 -1.95 -49.00 -253.00 70.00 496.00 189.00 -989.00 0
13460 -3.48 -1.25 -1.88 -50.00 -251.00 67.00 496.00 189.00 -989.00 0
13469 -3.41 -1.18 -1.81 -47.00 -251.00 69.00 496.00 189.00 -989.00 0
13478 -3.48 -1.18 -1.74 -52.00 -252.00 68.00 495.00 185.00 -1118.00 0
13488 -3.48 -1.25 -1.67 -47.00 -253.00 68.00 495.00 185.00 -1118.00 0
13497 -3.48 -1.18 -1.67 -51.00 -253.00 70.00 495.00 185.00 -1118.00 0
13506 -3.55 -1.25 -1.67 -51.00 -251.00 71.00 495.00 185.00 -1118.00 0
13515 -3.55 -1.25 -1.74 -50.00 -253.00 74.00 495.00 185.00 -1118.00 0
13524 -3.48 -1.18 -1.81 -48.00 -252.00 67.00 495.00 185.00 -1118.00 0
13534 -3.48 -1.18 -1.81 -52.00 -254.00 73.00 495.00 185.00 -1118.00 0
13543 -3.48 -1.11 -1.81 -50.00 -249.00 66.00 498.00 188.00 -1002.00 0
13552 -3.48 -1.11 -1.74 -48.00 -251.00 68.00 498.00 188.00 -1002.00 0
13561 -3.48 -1.11 -1.81 -50.00 -255.00 73.00 498.00 188.00 -1002.00 0
13571 -3.48 -1.18 -1.88 -53.00 -251.00 69.00 498.00 188.00 -1002.00 0
13581 -3.48 -1.18 -1.88 -53.00 -250.00 69.00 498.00 188.00 -1002.00 0
13590 -3.41 -1.25 -1.88 -50.00 -250.00 64.00 498.00 188.00 -1002.00 0
13599 -3.41 -1.25 -1.88 -49.00 -251.00 68.00 498.00 188.00 -1002.00 0
13608 -3.41 -1.25 -1.88 -50.00 -253.00 70.00 498.00 185.00 -952.00 0
13618 -3.41 -1.25 -1.81 -51.00 -251.00 69.00 495.00 185.00 -952.00 0
13627 -3.48 -1.25 -1.81 -51.00 -247.00 69.00 495.00 185.00 -952.00 0
13636 -3.55 -1.25 -1.81 -51.00 -254.00 74.00 495.00 185.00 -952.00 0
13645 -3.48 -1.32 -1.81 -49.00 -251.00 68.00 495.00 185.00 -952.00 0
13655 -3.48 -1.32 -1.74 -50.00 -252.00 71.00 495.00 185.00 -952.00 0
13664 -3.48 -1.25 -1.74 -50.00 -253.00 72.00 495.00 185.00 -952.00 0
13673 -3.48 -1.25 -1.67 -50.00 -249.00 68.00 495.00 185.00 -952.00 0
13681 -3.41 -1.25 -1.67 -53.00 -252.00 71.00 495.00 185.00 -952.00 0
13690 -3.48 -1.32 -1.81 -54.00 -247.00 68.00 495.00 185.00 -952.00 0
13700 -3.55 -1.46 -2.09 -53.00 -250.00 67.00 495.00 185.00 -952.00 0
13709 -3.55 -1.60 -2.57 -47.00 -252.00 68.00 495.00 185.00 -952.00 0
13718 -3.55 -1.67 -2.92 -49.00 -254.00 69.00 495.00 185.00 -952.00 0
13727 -3.62 -1.67 -3.06 -49.00 -252.00 69.00 495.00 185.00 -952.00 0
13736 -3.62 -1.53 -2.85 -47.00 -250.00 72.00 495.00 185.00 -952.00 0
13746 -3.55 -1.39 -1.81 -49.00 -254.00 72.00 498.00 186.00 -898.00 0
13755 -3.48 -1.11 -1.39 -53.00 -250.00 73.00 498.00 186.00 -898.00 0
13764 -3.48 -1.18 -1.32 -53.00 -252.00 69.00 498.00 186.00 -898.00 0
13773 -3.55 -1.25 -1.46 -50.00 -250.00 68.00 498.00 186.00 -898.00 0
13783 -3.62 -1.32 -1.74 -47.00 -252.00 70.00 498.00 186.00 -898.00 0
13792 -3.62 -1.39 -2.02 -47.00 -253.00 71.00 498.00 186.00 -898.00 0
13801 -3.62 -1.39 -2.16 -51.00 -252.00 70.00 498.00 186.00 -898.00 0
13810 -3.62 -1.32 -1.88 -49.00 -252.00 69.00 498.00 186.00 -898.00 0
13819 -3.55 -1.25 -1.60 -48.00 -248.00 66.00 498.00 186.00 -898.00 0
13829 -3.55 -1.18 -1.46 -49.00 -253.00 70.00 498.00 186.00 -898.00 0
13838 -3.55 -1.18 -1.46 -51.00 -250.00 68.00 498.00 186.00 -898.00 0
13847 -3.48 -1.18 -1.53 -52.00 -250.00 70.00 498.00 186.00 -898.00 0
13856 -3.48 -1.18 -1.67 -48.00 -251.00 70.00 498.00 186.00 -898.00 0
13865 -3.48 -1.18 -1.81 -46.00 -252.00 69.00 498.00 186.00 -898.00 0
13875 -3.55 -1.25 -1.88 -48.00 -253.00 70.00 498.00 186.00 -898.00 0
13884 -3.55 -1.25 -1.88 -51.00 -250.00 67.00 498.00 186.00 -898.00 0
13893 -3.48 -1.25 -1.88 -53.00 -253.00 66.00 498.00 186.00 -898.00 0
13902 -3.55 -1.18 -1.81 -48.00 -250.00 68.00 498.00 186.00 -898.00 0
13912 -3.48 -1.18 -1.74 -51.00 -252.00 68.00 498.00 186.00 -898.00 0
13921 -3.48 -1.18 -1.81 -48.00 -252.00 69.00 498.00 186.00 -898.00 0
13930 -3.48 -1.18 -1.88 -45.00 -249.00 69.00 498.00 186.00 -898.00 0
13939 -3.55 -1.18 -1.88 -52.00 -251.00 74.00 496.00 189.00 -981.00 0
13948 -3.55 -1.25 -1.88 -50.00 -250.00 69.00 496.00 189.00 -981.00 0
13958 -3.55 -1.25 -1.88 -50.00 -251.00 69.00 496.00 189.00 -981.00 0