399.00 -333.00 -1206.00 0
1367 -3.83 -2.16 -1.95 -46.00 -40.00 227.00 399.00 -333.00 -1206.00 0
1376 -3.41 -2.16 -2.02 -49.00 -36.00 231.00 399.00 -333.00 -1206.00 0
1385 -2.99 -1.95 -1.95 -51.00 -34.00 235.00 398.00 -333.00 -1036.00 0
1394 -2.43 -1.53 -1.81 -54.00 -34.00 236.00 398.00 -333.00 -1036.00 0
1403 -2.43 -1.46 -1.60 -52.00 -34.00 232.00 398.00 -333.00 -1036.00 0
1413 -2.64 -1.32 -1.46 -53.00 -39.00 236.00 398.00 -333.00 -1036.00 0
1422 -2.85 -1.25 -1.39 -55.00 -39.00 233.00 398.00 -333.00 -1036.00 0
1431 -3.13 -1.18 -1.39 -55.00 -42.00 233.00 398.00 -333.00 -1036.00 0
1440 -3.48 -1.04 -1.53 -52.00 -41.00 234.00 398.00 -333.00 -1036.00 0
1449 -3.76 -1.11 -1.88 -50.00 -37.00 231.00 398.00 -334.00 -1158.00 0
1459 -3.62 -1.18 -2.09 -49.00 -36.00 233.00 398.00 -334.00 -1158.00 0
1468 -3.48 -1.11 -2.16 -49.00 -37.00 229.00 398.00 -334.00 -1158.00 0
1477 -3.34 -1.18 -2.09 -47.00 -35.00 229.00 398.00 -334.00 -1158.00 0
1486 -3.34 -1.32 -1.88 -42.00 -40.00 228.00 398.00 -334.00 -1158.00 0
1496 -3.34 -1.32 -1.67 -46.00 -35.00 232.00 398.00 -334.00 -1158.00 0
1505 -3.13 -0.97 -1.32 -49.00 -36.00 231.00 398.00 -334.00 -1158.00 0
1514 -3.27 -0.77 -1.11 -49.00 -42.00 230.00 398.00 -334.00 -1081.00 0
1523 -3.55 -0.56 -1.04 -51.00 -41.00 227.00 398.00 -334.00 -1081.00 0
1532 -3.69 -0.35 -1.04 -54.00 -39.00 230.00 398.00 -334.00 -1081.00 0
1542 -3.62 0.00 -0.97 -61.00 -41.00 239.00 398.00 -334.00 -1081.00 0
1551 -3.41 0.42 -1.04 -62.00 -35.00 243.00 398.00 -334.00 -1081.00 0
1560 -3.06 0.00 -1.18 -56.00 -36.00 236.00 398.00 -334.00 -1081.00 0
1569 -2.92 -0.70 -1.18 -54.00 -45.00 235.00 398.00 -334.00 -1081.00 0
1579 -2.71 -1.32 -1.25 -48.00 -39.00 228.00 398.00 -334.00 -1081.00 0
1588 -2.30 -2.02 -1.39 -45.00 -40.00 225.00 398.00 -334.00 -1081.00 0
1597 -1.95 -2.57 -1.53 -41.00 -42.00 225.00 398.00 -334.00 -1081.00 0
1606 -1.74 -2.78 -1.60 -43.00 -37.00 227.00 398.00 -334.00 -1081.00 0
1615 -1.74 -2.16 -1.74 -45.00 -32.00 232.00 398.00 -334.00 -1081.00 0
1625 -2.02 -1.46 -1.67 -47.00 -34.00 235.00 398.00 -334.00 -1081.00 0
1634 -2.50 -0.97 -1.46 -48.00 -36.00 230.00 398.00 -334.00 -1081.00 0
1643 -3.13 -0.56 -1.25 -52.00 -37.00 235.00 398.00 -334.00 -1081.00 0
1652 -3.62 -0.21 -1.18 -53.00 -35.00 233.00 398.00 -334.00 -1081.00 0
1661 -3.90 -0.07 -0.97 -52.00 -36.00 227.00 398.00 -334.00 -1081.00 0
1671 -4.73 0.14 -0.90 -51.00 -35.00 229.00 398.00 -334.00 -1081.00 0
1680 -4.87 0.35 -1.04 -55.00 -33.00 226.00 398.00 -334.00 -1081.00 0
1689 -5.08 0.56 -1.18 -52.00 -37.00 232.00 398.00 -334.00 -1081.00 0
1698 -5.57 0.97 -1.46 -48.00 -34.00 236.00 398.00 -334.00 -1081.00 0
1708 -6.05 1.39 -1.95 -49.00 -35.00 233.00 398.00 -334.00 -1081.00 0
1717 -6.54 1.74 -2.37 -50.00 -43.00 232.00 398.00 -334.00 -1081.00 0
1726 -8.35 2.64 -3.76 -49.00 -38.00 228.00 398.00 -334.00 -1081.00 0
1735 -9.32 3.41 -4.87 -47.00 -32.00 231.00 398.00 -334.00 -1081.00 0
1744 -10.37 4.45 -6.19 -47.00 -29.00 229.00 398.00 -334.00 -1081.00 0
1754 -11.55 5.63 -7.37 -54.00 -27.00 229.00 398.00 -334.00 -1081.00 0
1763 -12.87 6.82 -8.14 -58.00 -22.00 241.00 398.00 -334.00 -1081.00 0
1772 -13.50 7.51 -7.93 -60.00 -45.00 237.00 398.00 -334.00 -1081.00 0
1781 -14.47 6.40 -4.17 -59.00 -65.00 220.00 398.00 -334.00 -1081.00 0
1790 -15.51 5.77 -2.57 -56.00 -75.00 213.00 398.00 -334.00 -1081.00 0
1800 -15.65 5.57 -1.81 -58.00 -68.00 217.00 398.00 -334.00 -1081.00 0
1810 -14.75 5.70 -1.74 -61.00 -62.00 226.00 398.00 -334.00 -1081.00 0
1819 -13.36 5.91 -2.23 -60.00 -55.00 226.00 398.00 -334.00 -1081.00 0
1828 -11.76 5.98 -2.99 -56.00 -45.00 228.00 398.00 -334.00 -1081.00 0
1838 -8.21 5.63 -4.66 -50.00 -38.00 236.00 398.00 -334.00 -1081.00 0
1847 -6.96 5.57 -5.57 -47.00 -32.00 232.00 408.00 -320.00 -1208.00 0
1856 -6.40 5.77 -6.54 -48.00 -34.00 233.00 408.00 -320.00 -1208.00 0
1865 -6.61 6.33 -7.51 -48.00 -36.00 230.00 408.00 -320.00 -1208.00 0
1874 -7.23 7.10 -8.35 -42.00 -34.00 235.00 408.00 -320.00 -1208.00 0
1884 -7.79 7.79 -8.83 -50.00 -38.00 226.00 408.00 -320.00 -1208.00 0
1893 -8.28 8.83 -8.35 -50.00 -44.00 223.00 408.00 -320.00 -1208.00 0
1902 -10.02 9.39 -7.86 -54.00 -46.00 222.00 408.00 -320.00 -1208.00 0
1911 -10.57 10.02 -7.17 -60.00 -47.00 227.00 412.00 -313.00 -1211.00 0
1921 -10.92 10.64 -6.47 -64.00 -46.00 232.00 412.00 -313.00 -1211.00 0
1930 -10.99 11.06 -5.63 -63.00 -51.00 233.00 412.00 -313.00 -1211.00 0
1939 -10.71 10.99 -4.73 -62.00 -50.00 227.00 412.00 -313.00 -1211.00 0
1948 -9.67 9.74 -2.85 -59.00 -50.00 226.00 412.00 -313.00 -1211.00 0
1957 -9.18 9.11 -2.37 -59.00 -54.00 229.00 412.00 -313.00 -1211.00 0
1967 -8.63 8.83 -2.09 -57.00 -41.00 227.00 412.00 -313.00 -1211.00 0
1976 -8.21 8.77 -2.02 -58.00 -43.00 231.00 419.00 -314.00 -1045.00 0
1985 -8.42 8.90 -1.95 -57.00 -44.00 230.00 419.00 -314.00 -1045.00 0
1994 -8.90 9.18 -1.74 -56.00 -41.00 235.00 419.00 -314.00 -1045.00 0
2003 -9.11 9.25 -0.77 -59.00 -45.00 228.00 419.00 -314.00 -1045.00 0
2013 -9.88 9.39 -0.14 -55.00 -50.00 218.00 419.00 -314.00 -1045.00 0
2022 -10.23 9.67 0.35 -54.00 -50.00 212.00 419.00 -314.00 -1045.00 0
2031 -10.09 10.16 0.97 -51.00 -44.00 214.00 419.00 -314.00 -1045.00 0
2040 -9.67 10.92 1.39 -44.00 -43.00 213.00 423.00 -312.00 -962.00 0
2050 -9.74 12.38 1.60 -49.00 -55.00 217.00 423.00 -312.00 -962.00 0
2059 -10.50 14.61 1.53 -60.00 -55.00 227.00 423.00 -312.00 -962.00 0
2068 -11.76 19.69 1.25 -63.00 -52.00 238.00 423.00 -312.00 -962.00 0
2077 -11.69 21.36 0.90 -64.00 -52.00 240.00 423.00 -312.00 -962.00 0
2086 -11.34 21.98 0.83 -64.00 -52.00 229.00 423.00 -312.00 -962.00 0
2096 -10.64 21.63 0.97 -55.00 -51.00 223.00 423.00 -312.00 -962.00 0
2105 -9.39 20.66 1.32 -49.00 -43.00 220.00 436.00 -315.00 -1073.00 0
2114 -7.51 19.48 2.23 -48.00 -36.00 215.00 436.00 -315.00 -1073.00 0
2123 -5.29 18.85 2.71 -55.00 -35.00 211.00 436.00 -315.00 -1073.00 0
2132 -5.50 19.83 3.13 -59.00 -26.00 208.00 436.00 -315.00 -1073.00 0
2142 -6.19 21.57 3.48 -65.00 -27.00 214.00 436.00 -315.00 -1073.00 0
2151 -7.51 24.00 3.90 -70.00 -27.00 213.00 436.00 -315.00 -1073.00 0
2160 -9.25 26.78 4.24 -81.00 -35.00 223.00 436.00 -315.00 -1073.00 0
2169 -11.13 32.83 5.01 -94.00 -34.00 244.00 436.00 -315.00 -1073.00 0
2179 -14.26 34.30 5.15 -94.00 -23.00 243.00 436.00 -315.00 -1073.00 0
2189 -16.14 33.39 5.22 -95.00 -27.00 236.00 436.00 -315.00 -1073.00 0
2198 -18.50 31.58 5.50 -100.00 -39.00 215.00 436.00 -315.00 -1073.00 0
2207 -21.22 29.50 5.77 -99.00 -43.00 208.00 436.00 -315.00 -1073.00 0
2216 -23.72 27.62 5.63 -102.00 -47.00 200.00 436.00 -315.00 -1073.00 0
2226 -30.19 25.74 3.90 -110.00 -47.00 192.00 436.00 -315.00 -1073.00 0
2235 -32.70 25.46 2.71 -92.00 -38.00 203.00 436.00 -315.00 -1073.00 0
2244 -33.25 24.97 2.78 -89.00 -45.00 210.00 436.00 -315.00 -1073.00 0
2253 -34.09 24.56 4.17 -83.00 -74.00 207.00 436.00 -315.00 -1073.00 0
2263 -37.22 24.63 5.98 -90.00 -108.00 197.00 436.00 -315.00 -1073.00 0
2273 -41.60 25.39 7.30 -105.00 -146.00 190.00 436.00 -315.00 -1073.00 0
2282 -49.39 29.63 7.17 -114.00 -157.00 198.00 436.00 -315.00 -1073.00 0
2291 -49.11 31.86 5.63 -127.00 -155.00 206.00 436.00 -315.00 -1073.00 0
2300 -46.19 33.53 3.48 -139.00 -144.00 229.00 436.00 -315.00 -1073.00 0
2310 -40.63 33.32 1.32 -138.00 -128.00 221.00 436.00 -315.00 -1073.00 0
2319 -33.88 30.82 -0.77 -131.00 -123.00 211.00 436.00 -315.00 -1073.00 0
2329 -20.38 22.40 -5.36 -130.00 -122.00 205.00 436.00 -315.00 -1073.00 0
2338 -14.12 18.30 -8.00 -128.00 -103.00 199.00 436.00 -315.00 -1073.00 0
2348 -7.65 14.75 -11.06 -118.00 -75.00 207.00 436.00 -315.00 -1073.00 0
2357 -0.56 11.48 -13.63 -112.00 -55.00 215.00 436.00 -315.00 -1073.00 0
2366 6.12 8.21 -15.03 -103.00 -51.00 213.00 436.00 -315.00 -1073.00 0
2375 10.85 5.08 -15.51 -88.00 -42.00 208.00 436.00 -315.00 -1073.00 0
2384 15.37 0.56 -16.00 -84.00 -51.00 206.00 436.00 -315.00 -1073.00 0
2395 14.75 0.07 -16.63 -85.00 -53.00 212.00 436.00 -315.00 -1073.00 0
2404 13.08 0.70 -17.67 -81.00 -46.00 217.00 436.00 -315.00 -1073.00 0
2413 11.13 2.02 -19.06 -85.00 -45.00 224.00 436.00 -315.00 -1073.00 0
2422 9.18 3.41 -20.17 -85.00 -45.00 218.00 436.00 -315.00 -1073.00 0
2432 7.44 4.66 -21.43 -88.00 -42.00 216.00 436.00 -315.00 -1073.00 0
2441 4.17 4.59 -21.08 -89.00 -56.00 213.00 436.00 -315.00 -1073.00 0
2450 1.67 4.73 -20.24 -95.00 -69.00 202.00 436.00 -315.00 -1073.00 0
2459 -0.49 4.87 -19.34 -107.00 -92.00 214.00 436.00 -315.00 -1073.00 0
2468 -2.02 5.01 -18.50 -125.00 -109.00 218.00 436.00 -315.00 -1073.00 0
2478 -3.20 4.80 -18.23 -132.00 -112.00 234.00 436.00 -315.00 -1073.00 0
2487 -3.34 1.53 -21.01 -145.00 -114.00 256.00 436.00 -315.00 -1073.00 0
2496 -3.34 -2.71 -23.79 -140.00 -115.00 246.00 436.00 -315.00 -1073.00 0
2506 -3.62 -9.32 -27.48 -123.00 -117.00 226.00 436.00 -315.00 -1073.00 0
2515 -3.27 -16.35 -31.44 -107.00 -120.00 198.00 436.00 -315.00 -1073.00 0
2525 -2.64 -21.84 -35.41 -93.00 -100.00 178.00 436.00 -315.00 -1073.00 0
2534 -1.53 -25.67 -39.51 -81.00 -73.00 183.00 436.00 -315.00 -1073.00 0
2543 5.29 -29.70 -44.87 -83.00 -58.00 202.00 436.00 -315.00 -1073.00 0
2552 8.77 -30.89 -45.22 -90.00 -62.00 230.00 436.00 -315.00 -1073.00 0
2562 10.50 -32.49 -44.73 -85.00 -78.00 226.00 436.00 -315.00 -1073.00 0
2571 10.85 -34.64 -44.24 -80.00 -82.00 216.00 436.00 -315.00 -1073.00 0
2581 11.06 -36.45 -44.38 -68.00 -67.00 217.00 436.00 -315.00 -1073.00 0
2590 13.22 -38.26 -46.26 -67.00 -56.00 217.00 436.00 -315.00 -1073.00 0
2599 13.91 -38.19 -47.58 -65.00 -58.00 217.00 436.00 -315.00 -1073.00 0
2609 14.33 -38.05 -48.42 -61.00 -50.00 211.00 436.00 -315.00 -1073.00 0
2618 15.30 -38.40 -48.90 -47.00 -47.00 195.00 436.00 -315.00 -1073.00 0
2627 15.72 -38.33 -49.04 -34.00 -25.00 193.00 436.00 -315.00 -1073.00 0
2636 16.21 -37.29 -48.35 -37.00 -14.00 192.00 445.00 -250.00 -1030.00 0
2646 19.13 -32.90 -41.53 -33.00 -10.00 198.00 445.00 -250.00 -1030.00 0
2656 19.20 -30.05 -35.83 -40.00 -24.00 202.00 445.00 -250.00 -1030.00 0
2665 18.37 -26.78 -29.57 -42.00 -32.00 214.00 445.00 -250.00 -1030.00 0
2674 16.77 -23.30 -23.65 -55.00 -46.00 232.00 445.00 -250.00 -1030.00 0
2683 14.12 -19.13 -18.50 -67.00 -58.00 248.00 445.00 -250.00 -1030.00 0
2693 10.64 -12.59 -11.83 -68.00 -66.00 240.00 445.00 -250.00 -1030.00 0
2702 2.37 -10.64 -10.43 -68.00 -70.00 229.00 445.00 -250.00 -1030.00 0
2711 -0.83 -9.11 -9.53 -74.00 -69.00 232.00 445.00 -250.00 -1030.00 0
2720 -3.41 -7.79 -8.97 -78.00 -80.00 231.00 445.00 -250.00 -1030.00 0
2729 -5.77 -6.54 -8.49 -76.00 -88.00 224.00 445.00 -250.00 -1030.00 0
2739 -7.58 -5.70 -8.21 -71.00 -85.00 217.00 445.00 -250.00 -1030.00 0
2748 -8.28 -6.68 -8.07 -63.00 -82.00 208.00 445.00 -250.00 -1030.00 0
2757 -7.65 -7.23 -8.14 -58.00 -77.00 212.00 445.00 -250.00 -1030.00 0
2766 -6.75 -7.30 -8.07 -55.00 -70.00 212.00 445.00 -250.00 -1030.00 0
2776 -5.50 -7.17 -7.65 -52.00 -67.00 210.00 445.00 -250.00 -1030.00 0
2785 -4.45 -7.03 -6.96 -54.00 -63.00 213.00 445.00 -250.00 -1030.00 0
2794 -3.90 -6.61 -6.12 -56.00 -64.00 220.00 445.00 -250.00 -1030.00 0
2803 -3.62 -6.05 -4.52 -61.00 -65.00 224.00 445.00 -250.00 -1030.00 0
2812 -2.85 -5.15 -3.69 -62.00 -69.00 228.00 445.00 -250.00 -1030.00 0
2822 -2.43 -5.29 -2.99 -61.00 -65.00 226.00 445.00 -250.00 -1030.00 0
2831 -2.09 -5.15 -2.30 -60.00 -67.00 221.00 445.00 -250.00 -1030.00 0
2840 -2.30 -4.59 -1.74 -60.00 -70.00 221.00 445.00 -250.00 -1030.00 0
2849 -2.78 -3.90 -1.25 -61.00 -72.00 218.00 445.00 -250.00 -1030.00 0
2859 -3.41 -2.99 -0.83 -58.00 -74.00 219.00 445.00 -250.00 -1030.00 0
2868 -4.45 -1.25 0.00 -59.00 -73.00 209.00 445.00 -250.00 -1030.00 0
2877 -4.31 -0.70 0.63 -59.00 -76.00 209.00 445.00 -250.00 -1030.00 0
2886 -3.97 -0.35 1.18 -59.00 -75.00 209.00 445.00 -250.00 -1030.00 0
2895 -3.41 -0.21 1.81 -59.00 -72.00 216.00 435.00 -250.00 -1146.00 0
2905 -2.43 -0.07 2.43 -65.00 -72.00 218.00 435.00 -250.00 -1146.00 0
2914 -1.04 -0.07 3.13 -61.00 -72.00 227.00 435.00 -250.00 -1146.00 0
2923 1.81 -0.77 4.31 -63.00 -76.00 220.00 435.00 -250.00 -1146.00 0
2932 2.78 -0.77 4.73 -64.00 -82.00 214.00 435.00 -250.00 -1146.00 0
2941 3.69 -0.56 4.73 -64.00 -72.00 220.00 435.00 -250.00 -1146.00 0
2951 4.80 0.07 4.45 -57.00 -62.00 216.00 435.00 -250.00 -1146.00 0
2960 5.57 0.97 3.97 -55.00 -58.00 217.00 438.00 -260.00 -1150.00 0
2969 5.50 2.30 3.48 -55.00 -60.00 213.00 438.00 -260.00 -1150.00 0
2978 4.31 5.77 3.76 -52.00 -64.00 202.00 438.00 -260.00 -1150.00 0
2988 3.55 7.72 4.24 -54.00 -79.00 193.00 438.00 -260.00 -1150.00 0
2997 2.43 10.50 4.45 -54.00 -86.00 191.00 438.00 -260.00 -1150.00 0
3006 2.16 14.05 4.31 -48.00 -67.00 184.00 438.00 -260.00 -1150.00 0
3015 3.90 17.95 4.24 -47.00 -46.00 191.00 438.00 -260.00 -1150.00 0
3024 6.89 22.05 5.08 -59.00 -30.00 210.00 452.00 -267.00 -1035.00 1
3036 12.24 27.97 9.88 -67.00 -51.00 208.00 452.00 -267.00 -1035.00 1
3046 11.41 29.08 12.38 -93.00 -42.00 251.00 452.00 -267.00 -1035.00 1
3056 10.71 29.22 13.77 -125.00 -73.00 307.00 452.00 -267.00 -1035.00 1
3067 3.27 31.65 11.90 -152.00 -65.00 347.00 452.00 -267.00 -1035.00 1
3078 1.11 29.63 9.53 -130.00 -54.00 324.00 452.00 -267.00 -1035.00 1
3088 -0.49 23.72 6.96 -91.00 -57.00 248.00 452.00 -267.00 -1035.00 0
3097 -6.12 6.19 4.73 -82.00 -72.00 212.00 452.00 -267.00 -1035.00 0
3106 -9.74 -0.35 4.52 -68.00 -75.00 188.00 452.00 -267.00 -1035.00 0
3116 -11.83 -4.52 4.45 -62.00 -69.00 196.00 452.00 -267.00 -1035.00 0
3125 -12.87 -6.54 4.45 -58.00 -65.00 198.00 452.00 -267.00 -1035.00 0
3134 -14.19 -7.17 4.45 -58.00 -63.00 200.00 452.00 -267.00 -1035.00 0
3143 -15.44 -7.65 4.87 -64.00 -71.00 206.00 452.00 -267.00 -1035.00 0
3152 -16.63 -9.11 6.33 -71.00 -75.00 207.00 452.00 -267.00 -1035.00 0
3162 -16.07 -9.81 6.68 -75.00 -72.00 219.00 452.00 -267.00 -1121.00 0
3171 -14.33 -10.64 6.68 -73.00 -71.00 222.00 452.00 -267.00 -1121.00 0
3180 -12.24 -11.76 6.47 -74.00 -72.00 218.00 452.00 -267.00 -1121.00 0
3189 -10.09 -12.80 6.19 -71.00 -75.00 213.00 452.00 -267.00 -1121.00 0
3198 -8.21 -13.22 5.84 -70.00 -66.00 220.00 452.00 -267.00 -1121.00 0
3208 -5.36 -11.83 5.57 -72.00 -68.00 216.00 452.00 -267.00 -1121.00 0
3218 -5.22 -10.78 5.29 -68.00 -70.00 211.00 452.00 -267.00 -1121.00 0
3227 -5.15 -10.09 5.01 -69.00 -79.00 204.00 452.00 -267.00 -1121.00 0
3236 -4.52 -9.32 4.80 -63.00 -81.00 202.00 452.00 -267.00 -1121.00 0
3246 -3.34 -8.35 4.38 -65.00 -73.00 212.00 452.00 -267.00 -1121.00 0
3255 -2.09 -6.82 3.62 -67.00 -68.00 215.00 452.00 -267.00 -1121.00 0
3264 -0.83 -3.48 1.46 -71.00 -69.00 221.00 452.00 -267.00 -1121.00 0
3273 -0.90 -1.95 0.28 -75.00 -66.00 225.00 452.00 -267.00 -1121.00 0
3282 -1.04 -0.83 -0.70 -79.00 -64.00 232.00 452.00 -267.00 -1121.00 0
3292 -1.11 -0.28 -1.46 -79.00 -63.00 231.00 452.00 -267.00 -1121.00 0
3301 -1.18 -0.28 -2.02 -76.00 -60.00 232.00 452.00 -267.00 -1121.00 0
3310 -0.90 -0.70 -2.37 -67.00 -56.00 222.00 452.00 -267.00 -1121.00 0
3319 -0.07 -2.78 -2.09 -70.00 -59.00 221.00 452.00 -267.00 -1121.00 0
3329 -0.28 -3.69 -1.74 -65.00 -63.00 217.00 452.00 -267.00 -1121.00 0
3338 -0.49 -4.24 -1.46 -63.00 -62.00 215.00 452.00 -267.00 -1121.00 0
3347 -0.63 -4.45 -1.32 -66.00 -61.00 209.00 452.00 -267.00 -1121.00 0
3356 -1.04 -4.10 -1.18 -67.00 -63.00 210.00 447.00 -273.00 -951.00 0
3364 -1.81 -3.27 -1.18 -67.00 -68.00 218.00 447.00 -273.00 -951.00 0
3374 -2.71 -2.16 -1.25 -75.00 -68.00 222.00 447.00 -273.00 -951.00 0
3383 -3.55 -0.28 -1.46 -76.00 -72.00 227.00 447.00 -273.00 -951.00 0
3392 -3.62 0.00 -1.74 -78.00 -69.00 231.00 447.00 -273.00 -951.00 0
3401 -3.41 -0.28 -2.09 -75.00 -66.00 227.00 447.00 -273.00 -951.00 0
3410 -2.99 -0.83 -2.37 -73.00 -64.00 222.00 447.00 -273.00 -951.00 0
3420 -2.57 -1.46 -2.57 -67.00 -65.00 212.00 447.00 -274.00 -1063.00 0
3429 -2.30 -2.02 -2.78 -66.00 -65.00 217.00 447.00 -274.00 -1063.00 0
3438 -1.60 -2.37 -3.27 -64.00 -64.00 212.00 447.00 -274.00 -1063.00 0
3447 -1.39 -2.02 -3.48 -63.00 -61.00 218.00 447.00 -274.00 -1063.00 0
3457 -1.39 -1.39 -3.69 -71.00 -63.00 219.00 447.00 -274.00 -1063.00 0
3466 -1.39 -0.63 -3.83 -66.00 -59.00 217.00 447.00 -274.00 -1063.00 0
3475 -1.46 0.07 -3.83 -70.00 -64.00 227.00 447.00 -274.00 -1063.00 0
3484 -1.53 0.63 -3.48 -71.00 -65.00 228.00 453.00 -274.00 -1070.00 0
3493 -1.74 0.83 -2.92 -69.00 -67.00 220.00 453.00 -274.00 -1070.00 0
3503 -1.74 0.70 -2.64 -70.00 -66.00 221.00 453.00 -274.00 -1070.00 0
3512 -1.88 0.63 -2.57 -73.00 -63.00 223.00 453.00 -274.00 -1070.00 0
3521 -1.81 0.42 -2.57 -72.00 -63.00 223.00 453.00 -274.00 -1070.00 0
3530 -1.74 0.28 -2.57 -71.00 -62.00 223.00 453.00 -274.00 -1070.00 0
3539 -1.74 0.00 -2.50 -66.00 -63.00 222.00 453.00 -274.00 -1070.00 0
3549 -1.74 -0.70 -2.16 -67.00 -65.00 219.00 449.00 -277.00 -1085.00 0
3558 -1.60 -0.90 -1.88 -67.00 -68.00 222.00 449.00 -277.00 -1085.00 0
3567 -1.46 -1.04 -1.67 -69.00 -69.00 221.00 449.00 -277.00 -1085.00 0
3576 -1.18 -1.25 -1.67 -63.00 -73.00 223.00 449.00 -277.00 -1085.00 0
3586 -0.83 -1.46 -1.81 -68.00 -65.00 217.00 449.00 -277.00 -1085.00 0
3595 -0.70 -1.39 -2.23 -68.00 -64.00 221.00 449.00 -277.00 -1085.00 0
3604 -0.77 -0.90 -3.34 -68.00 -60.00 217.00 449.00 -277.00 -1085.00 0
3613 -0.90 -0.56 -3.69 -69.00 -62.00 218.00 449.00 -277.00 -1085.00 0
3622 -1.25 -0.21 -4.03 -69.00 -62.00 213.00 449.00 -277.00 -1085.00 0
3632 -1.53 0.07 -4.24 -71.00 -59.00 223.00 449.00 -277.00 -1085.00 0
3641 -1.53 0.42 -4.31 -67.00 -59.00 228.00 449.00 -277.00 -1085.00 0
3650 -1.46 0.77 -4.45 -73.00 -59.00 229.00 449.00 -277.00 -1085.00 0
3659 -1.46 1.32 -4.38 -67.00 -54.00 231.00 449.00 -277.00 -1085.00 0
3668 -2.09 1.32 -4.31 -68.00 -53.00 230.00 449.00 -277.00 -1085.00 0
3678 -2.78 1.25 -3.76 -72.00 -58.00 225.00 449.00 -277.00 -1085.00 0
3687 -3.83 1.04 -3.20 -66.00 -61.00 214.00 449.00 -277.00 -1085.00 0
3696 -4.73 0.70 -2.64 -66.00 -67.00 212.00 449.00 -277.00 -1085.00 0
3705 -5.29 0.42 -2.23 -67.00 -69.00 216.00 449.00 -277.00 -1085.00 0
3715 -5.70 0.42 -1.88 -74.00 -71.00 212.00 449.00 -277.00 -1085.00 0
3724 -5.70 0.77 -1.95 -81.00 -66.00 218.00 449.00 -277.00 -1085.00 0
3733 -5.57 1.04 -2.23 -80.00 -68.00 220.00 449.00 -277.00 -1085.00 0
3742 -5.57 1.53 -2.71 -84.00 -63.00 223.00 449.00 -277.00 -1085.00 0
3751 -5.29 1.74 -3.13 -82.00 -60.00 224.00 449.00 -277.00 -1085.00 0
3761 -4.80 1.60 -3.34 -79.00 -50.00 216.00 449.00 -277.00 -1085.00 0
3770 -4.24 1.18 -3.41 -84.00 -56.00 214.00 449.00 -277.00 -1085.00 0
3779 -3.97 0.42 -2.99 -74.00 -60.00 220.00 449.00 -277.00 -1085.00 0
3788 -3.55 0.00 -2.85 -73.00 -61.00 222.00 449.00 -277.00 -1085.00 0
3798 -3.41 -0.21 -2.71 -71.00 -64.00 226.00 449.00 -277.00 -1085.00 0
3807 -3.55 -0.35 -2.57 -67.00 -63.00 229.00 449.00 -277.00 -1085.00 0
3816 -3.55 -0.63 -2.43 -66.00 -62.00 221.00 449.00 -277.00 -1085.00 0
3825 -3.55 -0.97 -2.23 -66.00 -63.00 219.00 449.00 -277.00 -1085.00 0
3834 -4.03 -1.18 -1.74 -69.00 -64.00 215.00 449.00 -277.00 -1085.00 0
3844 -4.31 -0.83 -1.67 -71.00 -67.00 215.00 449.00 -277.00 -1085.00 0
3853 -4.66 -0.14 -1.74 -70.00 -64.00 224.00 449.00 -277.00 -1085.00 0
3862 -4.87 0.63 -2.09 -74.00 -61.00 225.00 449.00 -277.00 -1085.00 0
3871 -4.94 1.39 -2.16 -74.00 -63.00 225.00 449.00 -277.00 -1085.00 0
3880 -5.15 1.81 -2.23 -73.00 -61.00 223.00 452.00 -273.00 -1126.00 0
3890 -4.94 1.25 -1.46 -71.00 -63.00 221.00 452.00 -273.00 -1126.00 0
3899 -4.80 0.42 -0.83 -68.00 -66.00 212.00 452.00 -273.00 -1126.00 0
3908 -4.66 -0.14 -0.21 -67.00 -65.00 211.00 452.00 -273.00 -1126.00 0
3917 -4.31 -0.49 0.35 -69.00 -62.00 213.00 452.00 -273.00 -1126.00 0
3927 -3.90 -0.56 0.83 -71.00 -70.00 215.00 452.00 -273.00 -1126.00 0
3936 -3.69 -0.63 1.04 -73.00 -76.00 211.00 452.00 -273.00 -1126.00 0
3945 -3.97 -0.70 0.49 -73.00 -78.00 211.00 451.00 -273.00 -991.00 0
3954 -3.83 -1.11 -0.42 -64.00 -72.00 201.00 451.00 -273.00 -991.00 0
3963 -3.34 -0.70 -1.18 -56.00 -66.00 189.00 451.00 -273.00 -991.00 0
3973 -2.64 0.14 -1.74 -60.00 -57.00 194.00 451.00 -273.00 -991.00 0
3982 -1.11 1.81 -1.53 -63.00 -52.00 195.00 451.00 -273.00 -991.00 1
3992 0.83 5.84 1.18 -64.00 -36.00 211.00 451.00 -273.00 -991.00 1
4002 4.17 6.96 2.99 -61.00 -26.00 226.00 451.00 -273.00 -991.00 1
4014 3.76 7.65 4.38 -106.00 -58.00 263.00 457.00 -278.00 -1166.00 1
4024 0.14 13.98 5.22 -108.00 -70.00 274.00 457.00 -278.00 -1166.00 1
4035 -6.96 13.57 3.97 -114.00 -64.00 281.00 457.00 -278.00 -1166.00 1
4045 -8.49 12.17 2.50 -106.00 -65.00 264.00 457.00 -278.00 -1166.00 1
4057 -10.71 5.43 -0.70 -77.00 -70.00 207.00 457.00 -278.00 -1166.00 1
4067 -11.06 0.97 -1.60 -65.00 -67.00 193.00 457.00 -278.00 -1166.00 1
4077 -10.23 -2.50 -1.67 -61.00 -72.00 196.00 458.00 -275.00 -1079.00 0
4086 -9.81 -4.10 -1.39 -70.00 -77.00 201.00 458.00 -275.00 -1079.00 0
4096 -10.37 -3.20 -0.21 -74.00 -78.00 212.00 458.00 -275.00 -1079.00 0
4105 -9.74 -2.85 0.21 -78.00 -62.00 228.00 458.00 -275.00 -1079.00 0
4114 -8.35 -2.50 0.70 -82.00 -63.00 236.00 458.00 -275.00 -1079.00 0
4123 -7.79 -2.43 0.97 -86.00 -60.00 230.00 458.00 -275.00 -1079.00 0
4132 -7.23 -3.13 1.25 -77.00 -60.00 225.00 458.00 -275.00 -1079.00 0
4142 -5.98 -4.45 1.67 -72.00 -53.00 221.00 457.00 -276.00 -882.00 0
4151 -4.80 -5.84 2.16 -75.00 -59.00 217.00 457.00 -276.00 -882.00 0
4160 -5.29 -6.33 2.16 -71.00 -63.00 207.00 457.00 -276.00 -882.00 0
4169 -6.05 -6.12 2.02 -69.00 -67.00 211.00 457.00 -276.00 -882.00 0
4178 -6.19 -5.91 1.95 -67.00 -70.00 211.00 457.00 -276.00 -882.00 0
4188 -6.12 -5.57 1.95 -69.00 -69.00 205.00 457.00 -276.00 -882.00 0
4196 -6.12 -4.94 1.88 -68.00 -69.00 203.00 457.00 -276.00 -882.00 0
4205 -5.84 -4.38 1.95 -73.00 -69.00 210.00 455.00 -276.00 -1141.00 0
4214 -5.15 -2.57 1.95 -78.00 -76.00 217.00 455.00 -276.00 -1141.00 0
4224 -5.08 -1.60 1.67 -80.00 -75.00 223.00 455.00 -276.00 -1141.00 0
4233 -4.66 -0.77 1.18 -84.00 -66.00 225.00 455.00 -276.00 -1141.00 0
4242 -3.97 -0.28 0.56 -81.00 -64.00 230.00 455.00 -276.00 -1141.00 0
4251 -3.34 -0.35 -0.07 -83.00 -65.00 223.00 455.00 -276.00 -1141.00 0
4260 -2.92 -0.83 -0.77 -72.00 -65.00 220.00 455.00 -276.00 -1141.00 0
4270 -1.95 -2.85 -1.74 -70.00 -61.00 218.00 455.00 -276.00 -1141.00 0
4279 -1.74 -3.13 -2.02 -70.00 -57.00 216.00 455.00 -276.00 -1141.00 0
4288 -1.74 -3.34 -2.16 -70.00 -57.00 217.00 455.00 -276.00 -1141.00 0
4297 -1.74 -3.41 -2.02 -70.00 -66.00 215.00 455.00 -276.00 -1141.00 0
4306 -2.02 -3.20 -1.88 -77.00 -67.00 219.00 455.00 -276.00 -1141.00 0
4316 -2.23 -2.78 -1.81 -74.00 -61.00 217.00 455.00 -276.00 -1141.00 0
4325 -2.37 -1.74 -2.23 -78.00 -65.00 224.00 455.00 -276.00 -1141.00 0
4334 -2.78 -1.25 -2.43 -83.00 -69.00 227.00 455.00 -276.00 -1141.00 0
4343 -3.48 -0.83 -2.78 -82.00 -72.00 226.00 455.00 -276.00 -1141.00 0
4353 -4.03 -0.77 -3.34 -77.00 -70.00 225.00 455.00 -276.00 -1141.00 0
4362 -4.24 -0.90 -3.97 -74.00 -66.00 218.00 455.00 -276.00 -1141.00 0
4371 -4.17 -1.04 -4.59 -73.00 -61.00 217.00 455.00 -276.00 -1141.00 0
4380 -3.83 -1.46 -5.36 -72.00 -61.00 224.00 455.00 -276.00 -1141.00 0
4389 -2.92 -1.81 -5.36 -68.00 -62.00 217.00 455.00 -276.00 -1141.00 0
4399 -2.78 -2.16 -5.01 -70.00 -62.00 218.00 455.00 -276.00 -1141.00 0
4408 -2.64 -2.43 -4.45 -71.00 -63.00 219.00 455.00 -276.00 -1141.00 0
4417 -2.43 -2.57 -3.83 -72.00 -64.00 218.00 455.00 -276.00 -1141.00 0
4426 -2.37 -2.50 -3.27 -72.00 -63.00 218.00 455.00 -276.00 -1141.00 0
4435 -2.37 -2.09 -2.64 -75.00 -62.00 223.00 455.00 -276.00 -1141.00 0
4445 -2.92 -1.74 -2.43 -76.00 -66.00 221.00 455.00 -276.00 -1141.00 0
4454 -3.55 -1.60 -2.43 -77.00 -68.00 228.00 455.00 -276.00 -1141.00 0
4463 -3.90 -1.74 -2.43 -76.00 -65.00 218.00 455.00 -276.00 -1141.00 0
4472 -4.17 -2.09 -2.57 -71.00 -68.00 224.00 455.00 -276.00 -1141.00 0
4482 -4.31 -2.37 -2.64 -73.00 -73.00 218.00 455.00 -276.00 -1141.00 0
4491 -4.38 -2.64 -2.92 -71.00 -67.00 222.00 455.00 -276.00 -1141.00 0
4500 -4.03 -2.92 -3.13 -68.00 -65.00 212.00 455.00 -276.00 -1141.00 0
4509 -3.83 -2.92 -3.20 -76.00 -66.00 222.00 455.00 -276.00 -1141.00 0
4518 -3.69 -2.71 -3.06 -77.00 -65.00 227.00 455.00 -276.00 -1141.00 0
4528 -3.69 -2.78 -3.06 -75.00 -64.00 225.00 455.00 -276.00 -1141.00 0
4537 -3.90 -2.99 -3.20 -75.00 -60.00 219.00 450.00 -273.00 -1104.00 0
4546 -4.31 -3.06 -3.55 -71.00 -63.00 225.00 450.00 -273.00 -1104.00 0
4555 -4.94 -3.13 -4.03 -70.00 -60.00 216.00 450.00 -273.00 -1104.00 0
4564 -5.29 -3.13 -3.90 -69.00 -64.00 209.00 450.00 -273.00 -1104.00 0
4574 -5.70 -3.06 -3.62 -69.00 -66.00 216.00 450.00 -273.00 -1104.00 0
4583 -5.91 -2.78 -3.48 -77.00 -71.00 219.00 450.00 -273.00 -1104.00 0
4592 -6.12 -2.37 -3.48 -74.00 -71.00 221.00 450.00 -273.00 -1104.00 0
4601 -6.26 -1.88 -3.69 -75.00 -72.00 220.00 453.00 -270.00 -1110.00 0
4611 -6.40 -1.11 -4.31 -70.00 -70.00 219.00 453.00 -270.00 -1110.00 0
4620 -5.91 -0.97 -4.45 -76.00 -65.00 218.00 453.00 -270.00 -1110.00 0
4629 -5.15 -1.18 -4.31 -70.00 -65.00 213.00 453.00 -270.00 -1110.00 0
4638 -4.38 -1.46 -4.10 -69.00 -67.00 215.00 453.00 -270.00 -1110.00 0
4647 -3.55 -1.67 -3.83 -70.00 -59.00 214.00 453.00 -270.00 -1110.00 0
4657 -2.78 -1.67 -3.62 -69.00 -59.00 225.00 453.00 -270.00 -1110.00 0
4666 -2.16 -1.53 -3.20 -71.00 -61.00 222.00 450.00 -273.00 -1244.00 0
4675 -2.50 -1.39 -2.78 -71.00 -67.00 220.00 450.00 -273.00 -1244.00 0
4684 -2.92 -1.32 -2.43 -72.00 -67.00 217.00 450.00 -273.00 -1244.00 0
4694 -3.20 -1.04 -2.16 -71.00 -64.00 217.00 450.00 -273.00 -1244.00 0
4703 -3.13 -0.83 -1.88 -73.00 -69.00 214.00 450.00 -273.00 -1244.00 0
4712 -3.13 -0.49 -1.60 -74.00 -72.00 215.00 450.00 -273.00 -1244.00 0
4721 -2.85 0.21 -0.97 -71.00 -68.00 210.00 450.00 -273.00 -1244.00 0
4730 -2.30 0.42 -0.70 -70.00 -71.00 214.00 453.00 -271.00 -1139.00 0
4740 -1.67 0.77 -0.56 -67.00 -64.00 212.00 453.00 -271.00 -1139.00 0
4749 -0.97 1.04 -0.56 -68.00 -62.00 213.00 453.00 -271.00 -1139.00 0
4758 -0.14 1.25 -0.49 -70.00 -69.00 210.00 453.00 -271.00 -1139.00 0
4767 0.28 1.39 -0.49 -74.00 -74.00 212.00 453.00 -271.00 -1139.00 0
4776 0.70 0.77 -0.83 -63.00 -70.00 204.00 453.00 -271.00 -1139.00 0
4786 3.69 0.00 -0.83 -62.00 -61.00 202.00 453.00 -271.00 -1139.00 0
4795 4.94 0.35 -0.42 -61.00 -57.00 206.00 453.00 -271.00 -1139.00 0
4804 5.70 1.46 0.42 -56.00 -43.00 200.00 453.00 -271.00 -1139.00 1
4814 6.19 2.78 1.53 -57.00 -42.00 195.00 453.00 -271.00 -1139.00 1
4825 5.70 6.75 4.66 -56.00 -31.00 216.00 453.00 -271.00 -1139.00 1
4836 4.66 9.60 5.77 -111.00 -57.00 257.00 453.00 -271.00 -1139.00 1
4846 1.53 14.89 6.96 -117.00 -81.00 268.00 453.00 -271.00 -1139.00 1
4857 -5.70 17.81 4.17 -116.00 -68.00 289.00 453.00 -271.00 -1139.00 1
4868 -6.40 15.86 2.43 -119.00 -65.00 284.00 453.00 -271.00 -1139.00 1
4878 -7.51 13.15 0.77 -100.00 -74.00 233.00 453.00 -271.00 -1139.00 1
4889 -9.60 2.50 -1.46 -67.00 -83.00 188.00 453.00 -271.00 -1139.00 1
4898 -9.04 -2.37 -1.88 -60.00 -73.00 192.00 453.00 -271.00 -1139.00 0
4908 -8.07 -4.73 -2.16 -65.00 -65.00 193.00 453.00 -271.00 -1139.00 0
4917 -7.44 -4.94 -2.23 -70.00 -61.00 211.00 453.00 -271.00 -1139.00 0
4926 -6.89 -4.38 -2.16 -73.00 -54.00 225.00 453.00 -271.00 -1139.00 0
4935 -4.87 -4.03 -1.18 -81.00 -58.00 230.00 453.00 -271.00 -1139.00 0
4944 -4.66 -4.10 -0.70 -82.00 -61.00 236.00 453.00 -271.00 -1139.00 0
4954 -4.10 -4.80 -0.35 -78.00 -58.00 240.00 453.00 -271.00 -1139.00 0
4963 -3.41 -5.84 -0.21 -80.00 -58.00 235.00 453.00 -271.00 -1139.00 0
4972 -3.13 -6.89 -0.21 -75.00 -58.00 228.00 453.00 -271.00 -1139.00 0
4981 -3.62 -7.72 -0.21 -75.00 -62.00 220.00 453.00 -271.00 -1139.00 0
4990 -4.59 -8.21 -0.28 -70.00 -65.00 210.00 453.00 -271.00 -1139.00 0
5000 -6.54 -8.07 -0.28 -68.00 -69.00 203.00 453.00 -271.00 -1139.00 0
5009 -7.10 -7.65 -0.21 -66.00 -70.00 200.00 453.00 -271.00 -1139.00 0
5018 -7.17 -7.10 -0.07 -65.00 -70.00 202.00 453.00 -271.00 -1139.00 0
5027 -6.82 -6.68 0.07 -66.00 -71.00 201.00 453.00 -271.00 -1139.00 0
5037 -6.12 -6.05 0.28 -71.00 -69.00 204.00 453.00 -271.00 -1139.00 0
5046 -5.15 -5.22 0.56 -74.00 -71.00 219.00 453.00 -271.00 -1139.00 0
5055 -3.34 -2.78 0.42 -80.00 -69.00 227.00 453.00 -271.00 -1139.00 0
5064 -2.85 -1.53 0.07 -82.00 -63.00 235.00 453.00 -271.00 -1139.00 0
5073 -2.85 -0.63 -0.49 -85.00 -64.00 239.00 453.00 -271.00 -1139.00 0
5083 -3.13 -0.28 -1.11 -81.00 -66.00 230.00 453.00 -271.00 -1139.00 0
5092 -3.34 -0.83 -1.81 -77.00 -63.00 221.00 453.00 -271.00 -1139.00 0
5101 -3.20 -1.88 -2.37 -74.00 -61.00 223.00 453.00 -271.00 -1139.00 0
5110 -3.13 -3.06 -2.92 -70.00 -62.00 217.00 453.00 -271.00 -1139.00 0
5120 -3.27 -3.34 -2.92 -67.00 -64.00 213.00 453.00 -271.00 -1139.00 0
5129 -3.34 -3.48 -2.71 -69.00 -65.00 210.00 453.00 -271.00 -1139.00 0
5138 -3.34 -3.34 -2.37 -73.00 -67.00 212.00 453.00 -271.00 -1139.00 0
5147 -3.27 -2.85 -2.16 -72.00 -63.00 212.00 453.00 -271.00 -1139.00 0
5156 -3.20 -2.23 -2.09 -76.00 -65.00 223.00 453.00 -271.00 -1139.00 0
5166 -3.83 -0.77 -2.30 -83.00 -66.00 226.00 453.00 -271.00 -1139.00 0
5175 -4.24 -0.07 -2.64 -82.00 -66.00 228.00 453.00 -271.00 -1139.00 0
5184 -4.66 0.28 -2.92 -81.00 -67.00 227.00 453.00 -271.00 -1139.00 0
5193 -4.73 0.21 -3.13 -79.00 -66.00 221.00 456.00 -277.00 -1203.00 0
5202 -4.59 -0.35 -3.27 -77.00 -66.00 217.00 456.00 -277.00 -1203.00 0
5212 -4.38 -1.04 -3.41 -72.00 -65.00 219.00 456.00 -277.00 -1203.00 0
5221 -3.83 -2.30 -3.55 -73.00 -64.00 220.00 456.00 -277.00 -1203.00 0
5230 -3.55 -2.71 -3.55 -72.00 -58.00 217.00 456.00 -277.00 -1203.00 0
5239 -3.48 -2.99 -3.41 -71.00 -61.00 214.00 456.00 -277.00 -1203.00 0
5249 -3.48 -2.99 -3.13 -64.00 -63.00 212.00 456.00 -277.00 -1203.00 0
5258 -3.62 -2.78 -2.92 -66.00 -64.00 216.00 457.00 -276.00 -1040.00 0
5267 -3.83 -2.37 -2.57 -70.00 -64.00 214.00 457.00 -276.00 -1040.00 0
5276 -4.38 -1.39 -2.16 -78.00 -67.00 223.00 457.00 -276.00 -1040.00 0
5285 -4.38 -1.04 -2.16 -79.00 -65.00 222.00 457.00 -276.00 -1040.00 0
5295 -4.31 -0.97 -2.23 -80.00 -65.00 222.00 457.00 -276.00 -1040.00 0
5304 -4.31 -1.11 -2.30 -80.00 -70.00 226.00 457.00 -276.00 -1040.00 0
5313 -4.38 -1.39 -2.50 -79.00 -66.00 222.00 457.00 -276.00 -1040.00 0
5322 -4.24 -1.74 -2.71 -76.00 -67.00 221.00 456.00 -278.00 -1088.00 0
5331 -3.83 -2.50 -3.13 -73.00 -64.00 216.00 456.00 -278.00 -1088.00 0
5341 -3.55 -2.78 -3.20 -67.00 -64.00 217.00 456.00 -278.00 -1088.00 0
5350 -3.13 -2.99 -3.20 -66.00 -63.00 217.00 456.00 -278.00 -1088.00 0
5359 -2.78 -3.06 -3.06 -65.00 -64.00 212.00 456.00 -278.00 -1088.00 0
5368 -2.64 -2.85 -2.92 -69.00 -59.00 217.00 456.00 -278.00 -1088.00 0
5378 -2.78 -2.23 -2.85 -70.00 -61.00 224.00 456.00 -278.00 -1088.00 0
5387 -3.55 -1.25 -2.43 -76.00 -68.00 222.00 456.00 -272.00 -1080.00 0
5396 -4.10 -0.83 -2.37 -78.00 -67.00 223.00 456.00 -272.00 -1080.00 0
5405 -4.52 -0.49 -2.37 -79.00 -67.00 223.00 456.00 -272.00 -1080.00 0
5414 -4.80 -0.35 -2.50 -76.00 -66.00 226.00 456.00 -272.00 -1080.00 0
5424 -4.80 -0.35 -2.64 -77.00 -67.00 216.00 456.00 -272.00 -1080.00 0
5433 -4.59 -0.63 -2.71 -74.00 -66.00 214.00 456.00 -272.00 -1080.00 0
5442 -4.10 -1.11 -2.64 -69.00 -65.00 211.00 456.00 -272.00 -1080.00 0
5451 -3.27 -0.97 -2.57 -70.00 -64.00 218.00 456.00 -272.00 -1080.00 0
5460 -3.06 -0.63 -2.50 -69.00 -63.00 217.00 456.00 -272.00 -1080.00 0
5470 -2.92 -0.35 -2.43 -72.00 -60.00 226.00 456.00 -272.00 -1080.00 0
5479 -2.85 -0.14 -2.37 -74.00 -61.00 225.00 456.00 -272.00 -1080.00 0
5488 -2.99 0.00 -2.09 -75.00 -69.00 228.00 456.00 -272.00 -1080.00 0
5497 -3.41 -0.14 -1.53 -72.00 -69.00 222.00 456.00 -272.00 -1080.00 0
5507 -4.10 -0.63 -1.46 -75.00 -65.00 215.00 456.00 -272.00 -1080.00 0
5516 -4.17 -0.77 -1.39 -75.00 -68.00 216.00 456.00 -272.00 -1080.00 0
5525 -4.10 -0.97 -1.32 -74.00 -68.00 217.00 456.00 -272.00 -1080.00 0
5534 -4.03 -1.18 -1.32 -76.00 -70.00 223.00 456.00 -272.00 -1080.00 0
5543 -3.97 -1.32 -1.39 -74.00 -65.00 220.00 456.00 -272.00 -1080.00 0
5553 -3.83 -1.39 -1.53 -71.00 -63.00 222.00 456.00 -272.00 -1080.00 0
5562 -3.34 -1.67 -1.60 -69.00 -61.00 215.00 456.00 -272.00 -1080.00 0
5571 -2.99 -1.81 -1.39 -66.00 -60.00 218.00 456.00 -272.00 -1080.00 0
5580 -2.64 -1.95 -1.04 -69.00 -61.00 216.00 456.00 -272.00 -1080.00 0
5590 -2.37 -2.09 -0.56 -69.00 -60.00 216.00 456.00 -272.00 -1080.00 0
5599 -2.09 -2.23 0.14 -69.00 -66.00 215.00 456.00 -272.00 -1080.00 0
5608 -1.88 -2.09 0.83 -73.00 -67.00 222.00 456.00 -272.00 -1080.00 0
5617 -1.95 -2.16 1.95 -73.00 -70.00 214.00 456.00 -272.00 -1080.00 0
5626 -1.95 -2.30 2.09 -73.00 -70.00 210.00 456.00 -272.00 -1080.00 0
5636 -1.39 -2.71 2.02 -71.00 -68.00 209.00 456.00 -272.00 -1080.00 0
5645 -0.42 -3.20 1.74 -72.00 -72.00 204.00 456.00 -272.00 -1080.00 0
5654 0.70 -3.62 1.60 -66.00 -74.00 206.00 456.00 -272.00 -1080.00 0
5663 1.46 -3.90 1.18 -68.00 -70.00 195.00 456.00 -272.00 -1080.00 1
5675 2.92 -1.67 0.77 -72.00 -63.00 200.00 456.00 -272.00 -1080.00 1
5685 4.45 -0.07 0.97 -56.00 -26.00 232.00 456.00 -272.00 -1080.00 1
5696 5.36 0.77 0.14 -109.00 -53.00 270.00 456.00 -272.00 -1080.00 1
5706 -2.02 6.26 -0.97 -101.00 -72.00 256.00 456.00 -272.00 -1080.00 1
5716 -5.36 5.84 -2.64 -82.00 -55.00 241.00 460.00 -280.00 -1062.00 1
5728 -6.19 3.55 -3.76 -81.00 -64.00 236.00 460.00 -280.00 -1062.00 1
5738 -8.42 1.39 -6.33 -72.00 -61.00 217.00 460.00 -280.00 -1062.00 1
5748 -8.90 0.35 -6.96 -61.00 -63.00 193.00 460.00 -280.00 -1062.00 1
5760 -9.04 -1.11 -6.68 -71.00 -80.00 201.00 460.00 -280.00 -1062.00 1
5769 -10.23 -0.21 -5.22 -79.00 -81.00 215.00 460.00 -280.00 -1062.00 0
5778 -9.67 0.63 -4.52 -85.00 -68.00 229.00 460.00 -280.00 -1062.00 0
5787 -7.58 0.42 -3.69 -88.00 -64.00 237.00 460.00 -280.00 -1062.00 0
5796 -5.15 -0.49 -2.99 -84.00 -55.00 243.00 460.00 -280.00 -1062.00 0
5806 -2.99 -2.16 -2.64 -78.00 -52.00 239.00 460.00 -280.00 -1062.00 0
5815 -0.42 -6.12 -1.04 -70.00 -52.00 229.00 460.00 -280.00 -1062.00 0
5824 -0.77 -7.44 -0.49 -68.00 -51.00 221.00 460.00 -280.00 -1062.00 0
5833 -1.46 -8.00 0.21 -66.00 -56.00 217.00 460.00 -280.00 -1062.00 0
5842 -2.30 -8.14 0.97 -64.00 -60.00 212.00 460.00 -280.00 -1062.00 0
5852 -3.34 -7.79 1.67 -64.00 -61.00 205.00 460.00 -280.00 -1062.00 0
5861 -4.52 -7.17 2.09 -62.00 -70.00 202.00 460.00 -280.00 -1062.00 0
5870 -6.47 -5.63 2.43 -61.00 -72.00 197.00 460.00 -280.00 -1062.00 0
5879 -6.47 -4.66 2.57 -63.00 -76.00 198.00 460.00 -280.00 -1062.00 0
5889 -6.40 -3.13 2.57 -74.00 -77.00 212.00 460.00 -280.00 -1062.00 0
5898 -6.05 -1.32 2.43 -83.00 -76.00 228.00 460.00 -280.00 -1062.00 0
5907 -5.63 0.42 2.09 -89.00 -72.00 237.00 460.00 -280.00 -1062.00 0
5916 -4.94 1.39 1.67 -85.00 -71.00 236.00 460.00 -280.00 -1062.00 0
5925 -4.10 1.39 1.25 -82.00 -66.00 227.00 460.00 -280.00 -1062.00 0
5935 -2.23 -0.56 0.97 -76.00 -61.00 224.00 460.00 -280.00 -1062.00 0
5944 -1.18 -1.81 0.63 -72.00 -56.00 225.00 460.00 -280.00 -1062.00 0
5953 -0.70 -2.78 0.21 -73.00 -58.00 224.00 460.00 -280.00 -1062.00 0
5962 -0.97 -3.27 -0.28 -72.00 -62.00 221.00 460.00 -280.00 -1062.00 0
5971 -1.74 -3.41 -0.77 -69.00 -61.00 217.00 460.00 -280.00 -1062.00 0
5981 -2.71 -3.34 -1.32 -68.00 -63.00 214.00 452.00 -278.00 -971.00 0
5990 -4.24 -2.30 -2.09 -70.00 -65.00 211.00 452.00 -278.00 -971.00 0
5999 -4.66 -1.60 -2.37 -72.00 -70.00 213.00 452.00 -278.00 -971.00 0
6008 -4.87 -0.90 -2.50 -71.00 -69.00 211.00 452.00 -278.00 -971.00 0
6018 -4.66 -0.14 -2.57 -75.00 -66.00 220.00 452.00 -278.00 -971.00 0
6027 -4.10 0.56 -2.57 -80.00 -69.00 231.00 452.00 -278.00 -971.00 0
6036 -3.55 1.04 -2.50 -79.00 -65.00 234.00 452.00 -278.00 -971.00 0
6045 -2.71 0.70 -2.37 -75.00 -65.00 224.00 452.00 -277.00 -1132.00 0
6054 -2.71 -0.14 -2.37 -73.00 -64.00 220.00 452.00 -277.00 -1132.00 0
6064 -2.99 -0.77 -2.43 -77.00 -67.00 219.00 452.00 -277.00 -1132.00 0
6073 -3.34 -1.18 -2.71 -70.00 -63.00 219.00 452.00 -277.00 -1132.00 0
6082 -3.27 -1.74 -3.13 -72.00 -64.00 216.00 452.00 -277.00 -1132.00 0
6091 -3.27 -1.95 -3.41 -68.00 -63.00 216.00 452.00 -277.00 -1132.00 0
6100 -3.62 -1.46 -3.97 -72.00 -66.00 215.00 452.00 -277.00 -1132.00 0
6110 -3.83 -0.97 -4.17 -69.00 -65.00 216.00 454.00 -275.00 -1199.00 0
6119 -3.62 -0.49 -4.24 -76.00 -68.00 218.00 454.00 -275.00 -1199.00 0
6128 -3.55 0.00 -4.31 -77.00 -74.00 221.00 454.00 -275.00 -1199.00 0
6137 -3.62 0.63 -4.59 -77.00 -75.00 228.00 454.00 -275.00 -1199.00 0
6147 -3.55 1.11 -5.08 -77.00 -63.00 222.00 454.00 -275.00 -1199.00 0
6156 -2.71 1.46 -6.19 -77.00 -61.00 223.00 454.00 -275.00 -1199.00 0
6165 -2.57 1.39 -6.54 -76.00 -63.00 222.00 454.00 -275.00 -1199.00 0
6174 -2.64 1.25 -6.89 -72.00 -65.00 216.00 455.00 -273.00 -1021.00 0
6183 -2.64 1.04 -7.10 -69.00 -62.00 218.00 455.00 -273.00 -1021.00 0
6193 -2.43 0.70 -7.30 -66.00 -56.00 217.00 455.00 -273.00 -1021.00 0
6202 -2.02 0.63 -7.23 -70.00 -56.00 219.00 455.00 -273.00 -1021.00 0
6211 -1.74 0.35 -6.40 -70.00 -61.00 227.00 455.00 -273.00 -1021.00 0
6220 -2.16 -0.14 -5.70 -70.00 -62.00 217.00 455.00 -273.00 -1021.00 0
6230 -2.50 -0.70 -5.08 -72.00 -68.00 218.00 455.00 -273.00 -1021.00 0
6239 -2.85 -0.83 -4.80 -76.00 -69.00 223.00 455.00 -273.00 -1021.00 0
6248 -3.27 -0.70 -4.73 -78.00 -74.00 225.00 455.00 -273.00 -1021.00 0
6257 -3.41 -0.77 -4.87 -78.00 -75.00 217.00 455.00 -273.00 -1021.00 0
6266 -3.41 -1.18 -6.33 -75.00 -73.00 217.00 455.00 -273.00 -1021.00 0
6276 -4.17 -0.77 -7.58 -80.00 -78.00 217.00 455.00 -273.00 -1021.00 0
6285 -4.73 -0.07 -9.04 -78.00 -77.00 222.00 455.00 -273.00 -1021.00 0
6294 -4.59 0.35 -10.64 -74.00 -64.00 218.00 455.00 -273.00 -1021.00 0
6303 -3.48 0.49 -11.90 -72.00 -61.00 224.00 455.00 -273.00 -1021.00 0
6312 -2.09 0.49 -12.52 -72.00 -60.00 224.00 455.00 -273.00 -1021.00 0
6322 -1.18 0.49 -12.38 -72.00 -66.00 221.00 455.00 -273.00 -1021.00 0
6331 -0.56 -0.35 -12.31 -67.00 -71.00 210.00 455.00 -273.00 -1021.00 0
6340 -0.49 -0.35 -12.52 -68.00 -72.00 215.00 455.00 -273.00 -1021.00 0
6349 -0.28 0.28 -12.80 -67.00 -73.00 229.00 455.00 -273.00 -1021.00 0
6359 0.07 1.60 -13.29 -92.00 -58.00 214.00 455.00 -273.00 -1021.00 0
6368 1.46 5.29 -12.80 -78.00 -60.00 223.00 455.00 -273.00 -1021.00 0
6378 3.34 8.14 -11.90 -70.00 -63.00 213.00 455.00 -273.00 -1021.00 0
6387 2.30 6.75 -12.24 -76.00 -65.00 225.00 455.00 -273.00 -1021.00 0
6396 1.74 6.61 -12.52 -79.00 -74.00 224.00 455.00 -273.00 -1021.00 0
6406 0.90 6.68 -13.08 -83.00 -72.00 229.00 455.00 -273.00 -1021.00 0
6415 0.63 6.75 -13.70 -92.00 -76.00 232.00 455.00 -273.00 -1021.00 0
6424 0.63 6.75 -14.61 -86.00 -74.00 230.00 455.00 -273.00 -1021.00 0
6433 1.39 6.26 -16.83 -89.00 -70.00 236.00 455.00 -273.00 -1021.00 0
6443 3.41 5.70 -18.23 -88.00 -69.00 240.00 455.00 -273.00 -1021.00 0
6452 4.17 5.22 -19.76 -82.00 -73.00 235.00 455.00 -273.00 -1021.00 0
6461 4.80 4.94 -21.01 -84.00 -70.00 219.00 455.00 -273.00 -1021.00 0
6470 5.77 4.80 -21.91 -79.00 -73.00 218.00 455.00 -273.00 -1021.00 0
6479 6.68 4.38 -23.10 -72.00 -65.00 219.00 455.00 -273.00 -1021.00 0
6489 7.30 3.34 -25.25 -79.00 -63.00 217.00 455.00 -273.00 -1021.00 0
6498 7.79 3.97 -25.74 -81.00 -66.00 223.00 455.00 -273.00 -1021.00 0
6507 7.86 4.45 -26.43 -82.00 -64.00 233.00 455.00 -273.00 -1021.00 0
6516 8.49 3.97 -26.92 -82.00 -62.00 232.00 455.00 -273.00 -1021.00 0
6525 9.11 3.13 -26.99 -84.00 -62.00 236.00 455.00 -273.00 -1021.00 0
6535 9.67 2.16 -26.78 -82.00 -70.00 233.00 455.00 -273.00 -1021.00 0
6544 10.16 -0.07 -24.97 -76.00 -66.00 223.00 455.00 -273.00 -1021.00 0
6553 11.83 -0.77 -24.00 -68.00 -62.00 210.00 455.00 -273.00 -1021.00 0
6562 12.94 -1.04 -23.23 -65.00 -51.00 211.00 455.00 -273.00 -1021.00 0
6572 13.50 -1.04 -22.54 -61.00 -50.00 205.00 463.00 -255.00 -950.00 0
6581 13.50 -1.32 -21.84 -56.00 -44.00 200.00 463.00 -255.00 -950.00 0
6590 13.15 -1.88 -20.87 -55.00 -45.00 199.00 463.00 -255.00 -950.00 0
6599 11.48 -2.30 -17.67 -55.00 -49.00 199.00 463.00 -255.00 -950.00 0
6608 10.16 -2.23 -16.21 -57.00 -52.00 201.00 463.00 -255.00 -950.00 0
6619 8.42 -1.74 -15.10 -59.00 -54.00 205.00 463.00 -255.00 -950.00 0
6628 6.89 -0.56 -14.19 -62.00 -54.00 207.00 463.00 -255.00 -950.00 0
6636 5.98 0.77 -13.36 -57.00 -41.00 208.00 465.00 -254.00 -976.00 0
6645 5.63 1.74 -12.52 -56.00 -32.00 205.00 465.00 -254.00 -976.00 0
6654 5.50 2.43 -9.39 -52.00 -33.00 197.00 465.00 -254.00 -976.00 0
6664 4.38 2.78 -7.10 -50.00 -39.00 198.00 465.00 -254.00 -976.00 0
6673 3.48 3.69 -4.59 -53.00 -42.00 198.00 465.00 -254.00 -976.00 0
6682 2.50 5.08 -2.09 -56.00 -46.00 202.00 465.00 -254.00 -976.00 0
6691 1.25 7.10 0.35 -55.00 -48.00 209.00 465.00 -254.00 -976.00 0
6701 -0.35 9.18 2.43 -61.00 -60.00 193.00 472.00 -256.00 -1165.00 0
6710 -3.20 11.13 4.10 -50.00 -78.00 162.00 472.00 -256.00 -1165.00 0
6719 -7.93 16.49 6.61 -35.00 -68.00 136.00 472.00 -256.00 -1165.00 0
6728 -5.77 21.08 8.56 -28.00 -44.00 135.00 472.00 -256.00 -1165.00 0
6737 -1.18 27.55 11.41 -41.00 -19.00 155.00 472.00 -256.00 -1165.00 1
6748 3.55 35.97 14.96 -115.00 -32.00 228.00 472.00 -256.00 -1165.00 1
6759 5.43 50.30 21.15 -147.00 -20.00 304.00 472.00 -256.00 -1165.00 1
6769 3.55 47.51 20.38 -190.00 -80.00 355.00 490.00 -269.00 -1010.00 1
6780 -1.04 41.18 18.09 -217.00 -97.00 386.00 490.00 -269.00 -1010.00 1
6791 -5.08 24.42 10.92 -204.00 -94.00 371.00 490.00 -269.00 -1010.00 1
6801 -4.94 13.22 6.47 -151.00 -73.00 295.00 490.00 -269.00 -1010.00 0
6810 -4.94 1.11 1.74 -94.00 -72.00 237.00 490.00 -269.00 -1010.00 0
6819 -5.77 -9.95 -2.64 -76.00 -64.00 197.00 490.00 -269.00 -1010.00 0
6829 -6.40 -15.93 -5.01 -62.00 -60.00 176.00 490.00 -269.00 -1010.00 0
6838 -9.46 -14.47 -6.26 -49.00 -59.00 167.00 490.00 -269.00 -1010.00 0
6847 -12.17 -11.69 -7.10 -41.00 -52.00 160.00 490.00 -269.00 -1010.00 0
6856 -14.54 -8.35 -7.03 -32.00 -45.00 155.00 490.00 -269.00 -1010.00 0
6865 -16.83 -5.01 -6.40 -37.00 -50.00 144.00 490.00 -269.00 -1010.00 0
6875 -18.50 -1.67 -5.29 -44.00 -64.00 156.00 490.00 -269.00 -1010.00 0
6884 -19.62 1.11 -3.83 -57.00 -64.00 169.00 490.00 -269.00 -1010.00 0
6893 -16.97 4.38 -1.11 -72.00 -58.00 190.00 490.00 -269.00 -1010.00 0
6902 -12.73 5.84 0.63 -83.00 -53.00 209.00 486.00 -261.00 -1031.00 0
6913 -8.42 6.61 2.23 -102.00 -64.00 227.00 486.00 -261.00 -1031.00 0
6922 -5.22 6.75 3.13 -110.00 -68.00 238.00 486.00 -261.00 -1031.00 0
6931 -2.43 5.91 3.34 -111.00 -72.00 246.00 486.00 -261.00 -1031.00 0
6940 0.42 3.83 2.78 -108.00 -67.00 242.00 486.00 -261.00 -1031.00 0
6949 5.91 -0.90 1.04 -105.00 -63.00 239.00 486.00 -261.00 -1031.00 0
6959 7.37 -2.71 0.28 -95.00 -60.00 229.00 486.00 -261.00 -1031.00 0
6968 7.65 -4.38 -0.63 -85.00 -58.00 214.00 486.00 -261.00 -1031.00 0
6977 7.23 -5.84 -1.32 -69.00 -59.00 207.00 486.00 -261.00 -1031.00 0
6986 6.47 -6.82 -1.67 -73.00 -54.00 202.00 486.00 -261.00 -1031.00 0
6995 5.29 -6.47 -1.67 -72.00 -54.00 209.00 486.00 -261.00 -1031.00 0
7005 1.39 -2.92 -2.23 -78.00 -50.00 207.00 486.00 -261.00 -1031.00 0
7014 -0.42 -0.97 -2.43 -82.00 -53.00 216.00 486.00 -261.00 -1031.00 0
7023 -2.23 1.11 -2.50 -85.00 -57.00 215.00 486.00 -261.00 -1031.00 0
7032 -3.97 3.27 -2.37 -92.00 -62.00 227.00 486.00 -261.00 -1031.00 0
7042 -5.15 4.87 -2.37 -94.00 -60.00 228.00 486.00 -261.00 -1031.00 0
7051 -5.70 5.63 -2.30 -102.00 -64.00 230.00 486.00 -261.00 -1031.00 0
7060 -6.96 5.91 -2.23 -104.00 -60.00 229.00 486.00 -261.00 -1031.00 0
7069 -7.10 5.01 -2.37 -97.00 -64.00 226.00 486.00 -261.00 -1031.00 0
7078 -6.68 3.55 -2.43 -96.00 -61.00 215.00 486.00 -261.00 -1031.00 0
7088 -5.98 1.81 -2.50 -84.00 -61.00 212.00 486.00 -261.00 -1031.00 0
7097 -5.01 0.14 -2.78 -82.00 -56.00 204.00 490.00 -266.00 -991.00 0
7106 -4.10 -1.11 -3.06 -80.00 -58.00 207.00 490.00 -266.00 -991.00 0
7115 -3.06 -1.88 -3.55 -82.00 -56.00 209.00 490.00 -266.00 -991.00 0
7124 -2.71 -1.67 -3.55 -84.00 -58.00 211.00 490.00 -266.00 -991.00 0
7134 -2.37 -1.46 -3.27 -90.00 -60.00 216.00 490.00 -266.00 -991.00 0
7143 -1.88 -1.32 -2.92 -92.00 -60.00 226.00 490.00 -266.00 -991.00 0
7151 -1.25 -1.53 -2.78 -98.00 -56.00 226.00 490.00 -266.00 -991.00 0
7160 -0.77 -1.88 -2.92 -96.00 -53.00 227.00 487.00 -267.00 -1177.00 0
7170 -0.97 -2.23 -3.83 -92.00 -61.00 227.00 487.00 -267.00 -1177.00 0
7179 -3.69 -2.02 -4.66 -94.00 -61.00 225.00 487.00 -267.00 -1177.00 0
7188 -5.22 -1.88 -5.43 -84.00 -57.00 213.00 487.00 -267.00 -1177.00 0
7197 -6.12 -2.02 -5.91 -84.00 -58.00 210.00 487.00 -267.00 -1177.00 0
7206 -6.89 -1.95 -5.98 -82.00 -59.00 206.00 487.00 -267.00 -1177.00 0
7216 -7.72 -1.67 -5.98 -76.00 -58.00 201.00 487.00 -267.00 -1177.00 0
7225 -8.42 -0.63 -5.43 -74.00 -58.00 200.00 487.00 -261.00 -1186.00 0
7234 -8.90 0.35 -4.94 -79.00 -58.00 206.00 487.00 -261.00 -1186.00 0
7243 -9.04 1.67 -4.24 -86.00 -60.00 210.00 487.00 -261.00 -1186.00 0
7252 -8.97 2.57 -3.62 -92.00 -63.00 213.00 487.00 -261.00 -1186.00 0
7262 -8.56 2.85 -3.13 -97.00 -59.00 220.00 487.00 -261.00 -1186.00 0
7271 -7.58 2.50 -2.85 -100.00 -63.00 227.00 487.00 -261.00 -1186.00 0
7280 -6.40 1.67 -2.50 -94.00 -61.00 230.00 487.00 -261.00 -1186.00 0
7289 -4.10 -1.18 -2.37 -94.00 -62.00 224.00 487.00 -259.00 -1216.00 0
7299 -3.48 -2.57 -2.23 -87.00 -64.00 217.00 488.00 -259.00 -1216.00 0
7308 -3.20 -3.62 -2.37 -82.00 -61.00 213.00 488.00 -259.00 -1216.00 0
7317 -2.99 -4.03 -2.37 -81.00 -55.00 211.00 488.00 -259.00 -1216.00 0
7326 -2.78 -3.97 -2.43 -79.00 -53.00 207.00 488.00 -259.00 -1216.00 0
7335 -2.85 -3.69 -2.43 -78.00 -61.00 210.00 488.00 -259.00 -1216.00 0
7345 -4.52 -1.67 -2.02 -81.00 -62.00 207.00 488.00 -259.00 -1216.00 0
7354 -5.36 -0.14 -1.67 -84.00 -63.00 210.00 488.00 -259.00 -1216.00 0
7363 -5.91 1.25 -1.32 -89.00 -64.00 213.00 488.00 -259.00 -1216.00 0
7372 -6.26 2.37 -0.97 -98.00 -65.00 224.00 488.00 -259.00 -1216.00 0
7382 -6.54 3.13 -0.90 -99.00 -63.00 223.00 488.00 -259.00 -1216.00 0
7391 -6.54 3.34 -0.97 -96.00 -66.00 223.00 488.00 -259.00 -1216.00 0
7400 -5.63 2.30 -1.11 -95.00 -65.00 217.00 488.00 -259.00 -1216.00 0
7409 -5.08 1.67 -1.53 -91.00 -65.00 219.00 488.00 -259.00 -1216.00 0
7418 -4.31 1.11 -2.02 -92.00 -57.00 214.00 488.00 -259.00 -1216.00 0
7428 -3.48 0.49 -2.30 -81.00 -56.00 202.00 489.00 -258.00 -1157.00 0
7437 -2.85 -0.14 -2.23 -76.00 -57.00 199.00 489.00 -258.00 -1157.00 0
7446 -2.23 -0.49 -1.88 -74.00 -59.00 195.00 489.00 -258.00 -1157.00 0
7455 -1.11 0.28 -0.35 -70.00 -65.00 191.00 489.00 -258.00 -1157.00 0
7464 -0.07 1.88 0.49 -71.00 -61.00 185.00 489.00 -258.00 -1157.00 0
7474 1.74 4.31 1.74 -73.00 -57.00 194.00 489.00 -258.00 -1157.00 0
7483 3.76 6.96 3.13 -71.00 -59.00 183.00 489.00 -258.00 -1157.00 0
7492 5.98 9.53 4.87 -64.00 -48.00 172.00 489.00 -258.00 -1157.00 0
7501 9.11 12.52 7.30 -59.00 -52.00 167.00 489.00 -258.00 -1157.00 0
7511 16.21 22.54 13.63 -59.00 -45.00 160.00 489.00 -258.00 -1157.00 0
7521 20.94 29.98 17.95 -71.00 -39.00 176.00 489.00 -258.00 -1157.00 0
7530 25.67 38.47 22.47 -101.00 -7.00 223.00 489.00 -258.00 -1157.00 0
7539 27.83 44.10 25.39 -112.00 3.00 246.00 489.00 -258.00 -1157.00 1
7548 26.16 45.36 26.30 -155.00 -18.00 277.00 489.00 -258.00 -1157.00 1
7559 14.82 40.35 26.50 -195.00 -30.00 305.00 489.00 -258.00 -1157.00 1
7569 7.72 33.39 24.21 -208.00 -33.00 369.00 489.00 -258.00 -1157.00 1
7579 1.04 23.30 20.17 -218.00 -56.00 369.00 489.00 -258.00 -1157.00 0
7588 -4.66 13.63 16.42 -173.00 -45.00 298.00 489.00 -258.00 -1157.00 0
7598 -11.55 -10.57 12.73 -110.00 -59.00 226.00 489.00 -258.00 -1157.00 0
7607 -14.82 -20.66 11.76 -76.00 -60.00 180.00 489.00 -258.00 -1157.00 0
7617 -17.74 -24.42 11.20 -73.00 -66.00 154.00 489.00 -258.00 -1157.00 0
7626 -21.70 -24.21 10.37 -58.00 -80.00 144.00 489.00 -258.00 -1157.00 0
7635 -26.37 -23.23 8.14 -55.00 -83.00 136.00 489.00 -258.00 -1157.00 0
7645 -29.77 -20.80 5.84 -63.00 -83.00 151.00 489.00 -258.00 -1157.00 0
7654 -31.93 -13.15 1.25 -72.00 -92.00 161.00 489.00 -258.00 -1157.00 0
7663 -30.96 -9.67 -0.63 -79.00 -82.00 172.00 489.00 -258.00 -1157.00 0
7672 -27.55 -6.68 -1.60 -86.00 -73.00 184.00 489.00 -258.00 -1157.00 0
7682 -22.75 -4.24 -1.81 -90.00 -71.00 190.00 489.00 -258.00 -1157.00 0
7691 -17.11 -2.71 -1.74 -96.00 -61.00 205.00 489.00 -258.00 -1157.00 0
7700 -11.06 -1.95 -1.88 -106.00 -50.00 214.00 489.00 -258.00 -1157.00 0
7709 -1.04 -1.60 -2.71 -114.00 -45.00 230.00 489.00 -258.00 -1157.00 0
7718 2.64 -2.02 -3.20 -110.00 -40.00 235.00 489.00 -258.00 -1157.00 0
7728 5.22 -3.20 -3.90 -105.00 -38.00 230.00 489.00 -258.00 -1157.00 0
7738 6.54 -4.66 -4.45 -99.00 -40.00 229.00 489.00 -258.00 -1157.00 0
7747 7.17 -5.70 -4.59 -94.00 -42.00 217.00 489.00 -258.00 -1157.00 0
7756 6.61 -5.98 -4.59 -91.00 -43.00 210.00 489.00 -258.00 -1157.00 0
7764 3.41 -5.43 -3.83 -95.00 -54.00 207.00 489.00 -258.00 -1157.00 0
7775 1.11 -4.45 -3.62 -98.00 -60.00 209.00 489.00 -258.00 -1157.00 0
7784 -0.90 -3.27 -3.69 -103.00 -59.00 208.00 489.00 -258.00 -1157.00 0
7793 -2.57 -1.95 -3.97 -104.00 -59.00 214.00 489.00 -258.00 -1157.00 0
7802 -3.90 -0.83 -4.31 -103.00 -59.00 213.00 489.00 -258.00 -1157.00 0
7812 -4.87 0.07 -4.66 -99.00 -59.00 210.00 489.00 -258.00 -1157.00 0
7821 -5.91 1.32 -5.15 -104.00 -59.00 215.00 489.00 -258.00 -1157.00 0
7830 -5.70 1.67 -5.22 -101.00 -55.00 211.00 489.00 -258.00 -1157.00 0
7839 -5.29 1.74 -5.22 -98.00 -56.00 211.00 489.00 -258.00 -1157.00 0
7848 -4.66 1.53 -5.15 -96.00 -53.00 206.00 489.00 -258.00 -1157.00 0
7858 -4.17 1.25 -5.08 -93.00 -57.00 209.00 489.00 -258.00 -1157.00 0
7867 -3.69 0.90 -5.01 -98.00 -53.00 209.00 489.00 -258.00 -1157.00 0
7876 -3.41 0.77 -5.50 -108.00 -58.00 216.00 489.00 -258.00 -1157.00 0
7885 -3.76 0.97 -6.19 -113.00 -65.00 222.00 489.00 -258.00 -1157.00 0
7895 -4.24 1.04 -7.30 -108.00 -63.00 225.00 489.00 -258.00 -1157.00 0
7904 -4.10 0.77 -8.70 -108.00 -53.00 223.00 489.00 -258.00 -1157.00 0
7913 -3.55 -0.07 -9.95 -102.00 -56.00 217.00 489.00 -258.00 -1157.00 0
7922 -3.20 -0.90 -10.78 -96.00 -50.00 210.00 489.00 -258.00 -1157.00 0
7931 -2.02 -2.85 -10.64 -90.00 -53.00 206.00 489.00 -258.00 -1157.00 0
7941 -1.25 -3.62 -9.81 -85.00 -55.00 205.00 489.00 -258.00 -1157.00 0
7950 -0.90 -3.97 -8.83 -93.00 -57.00 205.00 498.00 -276.00 -1044.00 0
7959 -0.97 -3.76 -8.21 -93.00 -52.00 210.00 498.00 -276.00 -1044.00 0
7968 -0.97 -3.41 -7.93 -97.00 -47.00 215.00 498.00 -276.00 -1044.00 0
7977 -0.97 -3.27 -7.65 -96.00 -46.00 218.00 498.00 -276.00 -1044.00 0
7987 -1.95 -2.92 -7.10 -99.00 -46.00 222.00 498.00 -276.00 -1044.00 0
7996 -2.92 -2.71 -6.82 -98.00 -47.00 216.00 498.00 -276.00 -1044.00 0
8005 -3.76 -2.50 -6.33 -95.00 -51.00 214.00 498.00 -276.00 -1044.00 0
8014 -4.73 -2.43 -5.84 -92.00 -59.00 213.00 500.00 -272.00 -1026.00 0
8024 -5.84 -2.16 -5.36 -90.00 -60.00 206.00 500.00 -272.00 -1026.00 0
8033 -6.82 -1.74 -5.01 -90.00 -59.00 208.00 500.00 -272.00 -1026.00 0
8042 -7.44 -1.18 -4.03 -94.00 -59.00 207.00 500.00 -272.00 -1026.00 0
8051 -7.30 -1.04 -3.55 -92.00 -56.00 202.00 500.00 -272.00 -1026.00 0
8060 -6.75 -0.90 -2.99 -94.00 -61.00 204.00 500.00 -272.00 -1026.00 0
8070 -5.91 -0.83 -2.43 -102.00 -62.00 212.00 500.00 -272.00 -1026.00 0
8079 -5.08 -0.77 -1.95 -103.00 -63.00 216.00 501.00 -275.00 -1135.00 0
8088 -4.17 -0.90 -1.74 -103.00 -58.00 223.00 501.00 -275.00 -1135.00 0
8097 -1.74 -1.60 -1.60 -101.00 -50.00 220.00 501.00 -275.00 -1135.00 0
8107 -1.18 -2.23 -1.74 -95.00 -51.00 217.00 501.00 -275.00 -1135.00 0
8116 -1.18 -2.71 -1.95 -94.00 -51.00 215.00 501.00 -275.00 -1135.00 0
8125 -1.39 -2.99 -2.09 -97.00 -49.00 212.00 501.00 -275.00 -1135.00 0
8134 -1.95 -3.06 -2.02 -92.00 -52.00 209.00 501.00 -275.00 -1135.00 0
8143 -2.92 -2.92 -2.02 -93.00 -56.00 209.00 499.00 -274.00 -1040.00 0
8153 -4.94 -2.02 -1.88 -94.00 -53.00 206.00 499.00 -274.00 -1040.00 0
8162 -5.63 -1.53 -1.53 -92.00 -56.00 205.00 499.00 -274.00 -1040.00 0
8171 -6.26 -1.11 -1.04 -94.00 -56.00 208.00 499.00 -274.00 -1040.00 0
8180 -6.68 -0.63 -0.56 -94.00 -58.00 203.00 499.00 -274.00 -1040.00 0
8189 -6.89 -0.21 0.07 -97.00 -65.00 208.00 499.00 -274.00 -1040.00 0
8199 -7.03 0.21 0.63 -103.00 -65.00 212.00 499.00 -274.00 -1040.00 0
8208 -6.61 1.11 0.83 -103.00 -59.00 213.00 499.00 -274.00 -1040.00 0
8217 -5.50 1.04 0.83 -99.00 -58.00 212.00 499.00 -274.00 -1040.00 0
8226 -4.38 0.70 0.97 -96.00 -56.00 206.00 499.00 -274.00 -1040.00 0
8236 -3.41 0.42 1.04 -94.00 -51.00 205.00 499.00 -274.00 -1040.00 0
8245 -2.37 0.35 1.39 -88.00 -52.00 203.00 499.00 -274.00 -1040.00 0
8254 -1.67 0.42 1.88 -83.00 -53.00 198.00 499.00 -274.00 -1040.00 0
8263 -1.46 1.39 2.99 -84.00 -46.00 199.00 499.00 -274.00 -1040.00 0
8272 -1.88 2.43 3.76 -85.00 -49.00 200.00 499.00 -274.00 -1040.00 0
8282 -2.30 3.41 4.80 -79.00 -48.00 192.00 499.00 -274.00 -1040.00 0
8291 -2.85 4.45 6.05 -83.00 -61.00 187.00 499.00 -274.00 -1040.00 0
8300 -3.20 6.47 7.37 -78.00 -69.00 182.00 499.00 -274.00 -1040.00 0
8309 -3.20 9.39 8.28 -82.00 -80.00 172.00 499.00 -274.00 -1040.00 0
8318 -3.55 13.22 8.21 -79.00 -94.00 157.00 499.00 -274.00 -1040.00 0
8328 -1.88 23.30 8.00 -92.00 -79.00 165.00 499.00 -274.00 -1040.00 1
8338 2.50 28.10 8.07 -114.00 -40.00 214.00 499.00 -274.00 -1040.00 1
8349 8.49 31.10 8.35 -131.00 -8.00 237.00 499.00 -274.00 -1040.00 1
8359 11.90 28.73 7.58 -169.00 -24.00 294.00 499.00 -274.00 -1040.00 1
8370 8.49 22.40 5.63 -179.00 -40.00 317.00 499.00 -274.00 -1040.00 1
8381 5.77 15.44 3.55 -178.00 -53.00 322.00 499.00 -274.00 -1040.00 1
8391 2.85 -0.97 0.97 -155.00 -45.00 288.00 499.00 -274.00 -1040.00 1
8401 1.46 -8.90 -0.83 -112.00 -42.00 234.00 499.00 -274.00 -1040.00 1
8413 -0.49 -16.28 -2.02 -84.00 -53.00 182.00 499.00 -274.00 -1040.00 1
8422 -6.33 -24.63 -3.34 -67.00 -48.00 163.00 499.00 -274.00 -1040.00 0
8431 -8.70 -24.49 -3.55 -68.00 -50.00 170.00 499.00 -274.00 -1040.00 0
8440 -11.27 -22.12 -3.76 -79.00 -54.00 176.00 499.00 -274.00 -1040.00 0
8451 -14.12 -18.71 -3.76 -81.00 -57.00 185.00 499.00 -274.00 -1040.00 0
8460 -16.07 -14.96 -3.69 -92.00 -65.00 200.00 499.00 -274.00 -1040.00 0
8469 -17.32 -11.13 -3.34 -104.00 -66.00 211.00 499.00 -274.00 -1040.00 0
8478 -17.11 -5.63 -2.30 -106.00 -63.00 216.00 499.00 -274.00 -1040.00 0
8487 -15.37 -4.45 -1.74 -113.00 -59.00 225.00 499.00 -274.00 -1040.00 0
8497 -12.80 -4.52 -1.04 -105.00 -51.00 224.00 499.00 -274.00 -1040.00 0
8506 -9.53 -5.84 -0.49 -103.00 -51.00 215.00 499.00 -274.00 -1040.00 0
8515 -6.82 -7.37 -0.14 -103.00 -54.00 213.00 499.00 -274.00 -1040.00 0
8524 -5.01 -8.56 0.00 -99.00 -53.00 213.00 499.00 -274.00 -1040.00 0
8534 -3.76 -10.16 -0.28 -90.00 -54.00 205.00 499.00 -274.00 -1040.00 0
8543 -3.83 -10.16 -0.49 -92.00 -52.00 202.00 499.00 -274.00 -1040.00 0
8552 -4.45 -9.46 -0.63 -91.00 -51.00 202.00 499.00 -274.00 -1040.00 0
8561 -5.22 -8.35 -0.56 -93.00 -52.00 202.00 499.00 -274.00 -1040.00 0
8570 -5.84 -7.23 -0.35 -91.00 -52.00 200.00 499.00 -274.00 -1040.00 0
8580 -6.12 -6.26 0.63 -92.00 -55.00 207.00 499.00 -274.00 -1040.00 0
8589 -6.26 -4.24 1.18 -97.00 -59.00 210.00 499.00 -274.00 -1040.00 0
8598 -6.26 -3.41 1.67 -99.00 -63.00 209.00 499.00 -274.00 -1040.00 0
8607 -6.19 -2.71 1.74 -106.00 -67.00 220.00 499.00 -274.00 -1040.00 0
8616 -6.05 -2.16 1.46 -111.00 -63.00 220.00 499.00 -274.00 -1040.00 0
8626 -5.63 -1.67 0.83 -103.00 -59.00 216.00 499.00 -274.00 -1040.00 0
8636 -5.08 -1.74 -0.63 -101.00 -58.00 211.00 499.00 -274.00 -1040.00 0
8645 -4.59 -2.30 -1.25 -96.00 -59.00 206.00 499.00 -274.00 -1040.00 0
8654 -4.38 -2.23 -1.81 -91.00 -53.00 208.00 499.00 -274.00 -1040.00 0
8664 -3.97 -2.09 -2.16 -92.00 -52.00 205.00 499.00 -274.00 -1040.00 0
8673 -3.69 -1.88 -2.37 -92.00 -51.00 201.00 499.00 -282.00 -1105.00 0
8682 -3.55 -1.32 -2.43 -97.00 -53.00 208.00 499.00 -282.00 -1105.00 0
8691 -3.62 -0.63 -2.37 -97.00 -55.00 214.00 499.00 -282.00 -1105.00 0
8700 -3.69 0.35 -2.09 -100.00 -54.00 215.00 499.00 -282.00 -1105.00 0
8710 -3.34 0.42 -1.95 -102.00 -57.00 213.00 499.00 -282.00 -1105.00 0
8719 -3.06 0.21 -1.95 -106.00 -63.00 213.00 499.00 -282.00 -1105.00 0
8728 -3.06 -0.07 -2.23 -114.00 -63.00 220.00 499.00 -282.00 -1105.00 0
8737 -3.13 -0.63 -2.99 -108.00 -62.00 223.00 498.00 -278.00 -1012.00 0
8747 -3.13 -1.46 -4.80 -106.00 -59.00 219.00 498.00 -278.00 -1012.00 0
8756 -2.71 -3.34 -5.57 -103.00 -58.00 217.00 498.00 -278.00 -1012.00 0
8765 -2.57 -4.03 -6.12 -101.00 -57.00 207.00 498.00 -278.00 -1012.00 0
8774 -2.23 -4.52 -6.40 -96.00 -52.00 213.00 498.00 -278.00 -1012.00 0
8783 -1.60 -4.59 -6.61 -95.00 -49.00 219.00 498.00 -278.00 -1012.00 0
8793 -1.67 -4.45 -6.89 -90.00 -48.00 213.00 498.00 -278.00 -1012.00 0
8802 -2.09 -4.73 -7.17 -90.00 -54.00 208.00 497.00 -280.00 -1036.00 0
8811 -4.73 -5.22 -7.37 -95.00 -59.00 205.00 497.00 -280.00 -1036.00 0
8820 -5.91 -4.59 -7.79 -97.00 -57.00 215.00 497.00 -280.00 -1036.00 0
8829 -6.68 -3.76 -8.28 -97.00 -59.00 217.00 497.00 -280.00 -1036.00 0
8839 -7.17 -3.06 -8.49 -99.00 -61.00 215.00 497.00 -280.00 -1036.00 0
8848 -7.58 -2.57 -8.56 -92.00 -60.00 208.00 497.00 -280.00 -1036.00 0
8857 -7.51 -2.37 -8.35 -89.00 -58.00 204.00 497.00 -280.00 -1036.00 0
8866 -6.40 -2.23 -7.65 -89.00 -57.00 203.00 497.00 -273.00 -1176.00 0
8876 -5.63 -2.30 -7.17 -85.00 -59.00 206.00 497.00 -273.00 -1176.00 0
8885 -5.01 -2.23 -6.68 -91.00 -57.00 205.00 497.00 -273.00 -1176.00 0
8894 -4.38 -2.23 -6.26 -94.00 -53.00 207.00 497.00 -273.00 -1176.00 0
8903 -3.69 -2.16 -5.77 -93.00 -53.00 210.00 497.00 -273.00 -1176.00 0
8912 -3.20 -2.16 -5.22 -88.00 -55.00 205.00 497.00 -273.00 -1176.00 0
8922 -2.71 -2.23 -3.83 -83.00 -57.00 198.00 497.00 -273.00 -1176.00 0
8931 -2.57 -1.88 -3.06 -85.00 -57.00 199.00 498.00 -275.00 -1015.00 0
8940 -2.37 -1.04 -2.37 -83.00 -56.00 201.00 498.00 -275.00 -1015.00 0
8949 -2.02 -0.07 -1.60 -86.00 -51.00 204.00 498.00 -275.00 -1015.00 0
8958 -1.67 1.11 -0.77 -87.00 -58.00 201.00 498.00 -275.00 -1015.00 0
8968 -1.46 2.30 0.14 -88.00 -65.00 200.00 498.00 -275.00 -1015.00 0
8977 -2.02 5.22 0.90 -83.00 -77.00 191.00 498.00 -275.00 -1015.00 0
8986 -2.64 6.89 0.83 -80.00 -72.00 172.00 498.00 -275.00 -1015.00 0
8995 -2.37 8.56 0.97 -70.00 -65.00 163.00 498.00 -275.00 -1015.00 0
9005 0.35 10.09 2.37 -66.00 -46.00 160.00 498.00 -275.00 -1015.00 1
9015 5.29 12.17 5.36 -78.00 -11.00 197.00 498.00 -275.00 -1015.00 1
9025 14.68 16.14 12.80 -115.00 4.00 229.00 498.00 -275.00 -1015.00 1
9036 12.80 14.40 13.77 -149.00 -31.00 286.00 498.00 -275.00 -1015.00 1
9047 8.14 10.64 12.45 -171.00 -64.00 308.00 498.00 -275.00 -1015.00 1
9058 -0.63 5.22 8.35 -174.00 -52.00 328.00 498.00 -275.00 -1015.00 1
9068 -1.60 1.25 6.40 -162.00 -52.00 296.00 498.00 -275.00 -1015.00 1
9079 -3.41 -3.13 2.30 -116.00 -67.00 225.00 498.00 -275.00 -1015.00 1
9090 -8.97 -13.63 0.63 -81.00 -73.00 191.00 498.00 -275.00 -1015.00 0
9099 -10.09 -16.00 0.35 -82.00 -60.00 171.00 498.00 -275.00 -1015.00 0
9108 -10.64 -14.33 0.90 -76.00 -59.00 162.00 498.00 -275.00 -1015.00 0
9117 -12.87 -11.83 0.77 -76.00 -69.00 177.00 498.00 -275.00 -1015.00 0
9126 -15.72 -9.67 -0.07 -80.00 -60.00 186.00 498.00 -275.00 -1015.00 0
9136 -18.37 -6.05 -0.42 -82.00 -60.00 186.00 498.00 -275.00 -1015.00 0
9145 -18.50 -4.80 0.00 -84.00 -61.00 189.00 498.00 -275.00 -1015.00 0
9154 -17.39 -3.90 0.70 -88.00 -57.00 191.00 498.00 -275.00 -1015.00 0
9163 -14.89 -3.41 1.74 -94.00 -55.00 202.00 498.00 -275.00 -1015.00 0
9172 -11.97 -3.27 2.43 -102.00 -53.00 211.00 498.00 -275.00 -1015.00 0
9182 -9.04 -3.27 2.85 -99.00 -53.00 216.00 498.00 -275.00 -1015.00 0
9191 -3.62 -4.10 2.78 -103.00 -49.00 215.00 498.00 -275.00 -1015.00 0
9200 -1.95 -4.45 2.50 -100.00 -54.00 217.00 498.00 -275.00 -1015.00 0
9209 -0.97 -4.73 2.16 -99.00 -60.00 215.00 498.00 -275.00 -1015.00 0
9219 -0.63 -4.87 1.95 -97.00 -64.00 208.00 498.00 -275.00 -1015.00 0
9228 -0.83 -4.73 1.67 -96.00 -59.00 205.00 498.00 -275.00 -1015.00 0
9237 -0.97 -4.45 1.46 -93.00 -58.00 204.00 498.00 -275.00 -1015.00 0
9246 -1.53 -3.06 0.83 -96.00 -58.00 212.00 498.00 -275.00 -1015.00 0
9255 -1.81 -2.50 0.49 -96.00 -56.00 212.00 498.00 -275.00 -1015.00 0
9265 -1.95 -2.16 0.21 -99.00 -58.00 210.00 498.00 -275.00 -1015.00 0
9274 -2.09 -1.88 0.00 -101.00 -58.00 210.00 498.00 -275.00 -1015.00 0
9283 -2.02 -1.60 -0.14 -103.00 -55.00 214.00 498.00 -275.00 -1015.00 0
9292 -2.16 -1.46 -0.49 -101.00 -55.00 219.00 498.00 -275.00 -1015.00 0
9302 -2.57 -0.83 -1.74 -102.00 -56.00 219.00 498.00 -275.00 -1015.00 0
9311 -2.99 -0.56 -2.37 -103.00 -54.00 210.00 498.00 -275.00 -1015.00 0
9320 -3.62 -0.21 -2.99 -104.00 -59.00 214.00 498.00 -275.00 -1015.00 0
9329 -4.31 0.21 -3.62 -103.00 -58.00 217.00 498.00 -275.00 -1015.00 0
9339 -4.73 0.42 -4.24 -98.00 -59.00 214.00 498.00 -275.00 -1015.00 0
9348 -5.01 0.14 -4.73 -100.00 -55.00 207.00 498.00 -275.00 -1015.00 0
9358 -5.08 -0.83 -5.50 -100.00 -54.00 212.00 498.00 -275.00 -1015.00 0
9367 -4.87 -1.39 -5.70 -98.00 -57.00 215.00 498.00 -275.00 -1015.00 0
9376 -4.66 -1.88 -5.77 -99.00 -57.00 211.00 498.00 -275.00 -1015.00 0
9385 -4.45 -2.50 -5.63 -97.00 -60.00 209.00 498.00 -275.00 -1015.00 0
9395 -4.10 -3.20 -5.63 -95.00 -59.00 211.00 496.00 -281.00 -1131.00 0
9404 -3.48 -3.69 -5.63 -98.00 -52.00 210.00 496.00 -281.00 -1131.00 0
9413 -2.30 -4.59 -5.98 -95.00 -59.00 213.00 496.00 -281.00 -1131.00 0
9422 -2.16 -5.01 -6.19 -101.00 -59.00 214.00 496.00 -281.00 -1131.00 0
9432 -2.02 -5.22 -6.54 -95.00 -51.00 210.00 496.00 -281.00 -1131.00 0
9441 -1.88 -5.43 -6.82 -96.00 -52.00 216.00 496.00 -281.00 -1131.00 0
9450 -1.81 -5.63 -6.82 -94.00 -58.00 211.00 496.00 -281.00 -1131.00 0
9459 -2.16 -5.70 -6.61 -94.00 -60.00 214.00 495.00 -282.00 -1155.00 0
9468 -3.34 -5.22 -6.47 -96.00 -55.00 211.00 495.00 -282.00 -1155.00 0
9478 -3.69 -5.01 -6.61 -92.00 -52.00 206.00 495.00 -282.00 -1155.00 0
9487 -3.97 -4.66 -6.68 -89.00 -56.00 209.00 495.00 -282.00 -1155.00 0
9496 -4.45 -4.17 -6.75 -88.00 -55.00 203.00 495.00 -282.00 -1155.00 0
9505 -4.87 -3.48 -6.82 -94.00 -54.00 210.00 495.00 -282.00 -1155.00 0
9515 -5.08 -2.78 -6.75 -95.00 -58.00 215.00 495.00 -282.00 -1155.00 0
9524 -5.43 -1.39 -6.68 -96.00 -57.00 214.00 492.00 -276.00 -1152.00 0
9533 -5.36 -1.18 -6.61 -94.00 -52.00 216.00 492.00 -276.00 -1152.00 0
9542 -4.94 -1.32 -6.12 -94.00 -53.00 213.00 492.00 -276.00 -1152.00 0
9551 -4.45 -1.74 -5.50 -93.00 -58.00 211.00 492.00 -276.00 -1152.00 0
9561 -4.10 -2.09 -4.87 -90.00 -57.00 209.00 492.00 -276.00 -1152.00 0
9570 -3.62 -2.37 -4.38 -89.00 -56.00 209.00 492.00 -276.00 -1152.00 0
9579 -2.99 -2.43 -3.48 -93.00 -59.00 211.00 492.00 -276.00 -1152.00 0
9588 -3.20 -1.95 -3.34 -98.00 -62.00 213.00 496.00 -275.00 -1102.00 0
9597 -3.41 -1.32 -3.41 -99.00 -63.00 220.00 496.00 -275.00 -1102.00 0
9607 -3.34 -0.77 -3.62 -99.00 -59.00 214.00 496.00 -275.00 -1102.00 0
9616 -3.48 -0.35 -4.03 -96.00 -59.00 211.00 496.00 -275.00 -1102.00 0
9625 -3.69 -0.14 -4.52 -96.00 -56.00 212.00 496.00 -275.00 -1102.00 0
9634 -3.69 0.63 -4.87 -87.00 -49.00 205.00 496.00 -275.00 -1102.00 0
9644 -3.62 0.97 -4.45 -86.00 -52.00 205.00 496.00 -275.00 -1102.00 0
9653 -3.55 1.46 -3.76 -87.00 -58.00 207.00 496.00 -272.00 -1219.00 0
9662 -3.48 1.88 -2.99 -89.00 -60.00 210.00 495.00 -272.00 -1219.00 0
9671 -3.13 2.16 -2.16 -90.00 -48.00 208.00 495.00 -272.00 -1219.00 0
9680 -2.43 2.30 -1.32 -94.00 -53.00 212.00 495.00 -272.00 -1219.00 0
9690 -2.30 2.71 0.14 -92.00 -55.00 208.00 495.00 -272.00 -1219.00 0
9699 -2.02 2.78 1.04 -91.00 -56.00 206.00 495.00 -272.00 -1219.00 0
9708 -1.46 2.92 1.95 -88.00 -50.00 204.00 495.00 -272.00 -1219.00 0
9717 -0.97 2.99 2.85 -88.00 -56.00 203.00 495.00 -272.00 -1219.00 0
9726 -0.70 3.06 3.97 -89.00 -60.00 200.00 495.00 -272.00 -1219.00 0
9736 -1.18 3.13 5.08 -86.00 -74.00 193.00 495.00 -272.00 -1219.00 0
9745 -2.30 3.13 8.00 -73.00 -51.00 181.00 495.00 -272.00 -1219.00 1
9755 2.37 0.63 10.99 -86.00 -46.00 182.00 495.00 -272.00 -1219.00 1
9765 4.17 -0.21 13.43 -118.00 2.00 208.00 495.00 -272.00 -1219.00 1
9777 0.49 -0.14 10.78 -142.00 -66.00 290.00 495.00 -272.00 -1219.00 1
9787 -5.91 -1.04 6.19 -150.00 -44.00 311.00 497.00 -284.00 -1016.00 1
9798 -6.75 -3.27 4.03 -136.00 -41.00 288.00 497.00 -284.00 -1016.00 1
9808 -9.74 -8.35 2.09 -117.00 -50.00 250.00 497.00 -284.00 -1016.00 1
9820 -12.10 -10.85 1.81 -94.00 -63.00 209.00 497.00 -284.00 -1016.00 1
9831 -14.19 -13.57 2.50 -77.00 -66.00 187.00 497.00 -284.00 -1016.00 1
9841 -18.16 -15.86 3.48 -80.00 -80.00 183.00 497.00 -284.00 -1016.00 1
9852 -19.76 -14.40 3.48 -78.00 -76.00 192.00 491.00 -279.00 -922.00 1
9863 -20.03 -12.52 3.48 -83.00 -75.00 194.00 491.00 -279.00 -922.00 1
9874 -18.23 -9.18 3.76 -89.00 -74.00 203.00 491.00 -279.00 -922.00 0
9883 -16.35 -7.79 3.90 -107.00 -61.00 220.00 491.00 -279.00 -922.00 0
9892 -13.36 -7.17 4.31 -113.00 -52.00 226.00 491.00 -279.00 -922.00 0
9902 -9.88 -7.93 5.01 -119.00 -40.00 240.00 491.00 -279.00 -922.00 0
9911 -6.54 -9.60 5.84 -121.00 -56.00 242.00 491.00 -279.00 -922.00 0
9920 -1.88 -14.54 7.65 -102.00 -60.00 220.00 491.00 -279.00 -922.00 0
9929 -0.07 -17.32 8.07 -94.00 -67.00 217.00 491.00 -279.00 -922.00 0
9938 1.60 -18.85 7.86 -92.00 -58.00 214.00 491.00 -279.00 -922.00 0
9948 3.20 -19.41 7.44 -78.00 -50.00 214.00 491.00 -279.00 -922.00 0
9957 4.45 -19.41 6.89 -73.00 -45.00 214.00 491.00 -279.00 -922.00 0
9966 5.22 -18.92 6.75 -74.00 -44.00 207.00 491.00 -279.00 -922.00 0
9975 4.94 -16.35 8.07 -77.00 -53.00 207.00 491.00 -279.00 -922.00 0
9985 3.90 -14.82 8.97 -74.00 -50.00 197.00 480.00 -289.00 -1154.00 0
9994 2.99 -13.57 9.88 -76.00 -47.00 201.00 480.00 -289.00 -1154.00 0
10003 2.50 -12.59 10.92 -81.00 -50.00 204.00 480.00 -289.00 -1154.00 0
10012 2.37 -11.55 12.17 -87.00 -57.00 210.00 480.00 -289.00 -1154.00 0
10021 2.50 -10.71 13.57 -87.00 -58.00 220.00 480.00 -289.00 -1154.00 0
10031 4.59 -9.67 15.86 -97.00 -61.00 222.00 480.00 -289.00 -1154.00 0
10040 6.47 -9.25 16.70 -98.00 -57.00 231.00 480.00 -289.00 -1154.00 0
10049 8.83 -8.97 17.32 -99.00 -52.00 231.00 477.00 -306.00 -1030.00 0
10058 11.20 -8.97 17.74 -96.00 -48.00 231.00 477.00 -306.00 -1030.00 0
10068 13.22 -9.25 17.95 -97.00 -50.00 225.00 477.00 -306.00 -1030.00 0
10078 16.35 -10.57 18.50 -92.00 -51.00 222.00 477.00 -306.00 -1030.00 0
10087 17.95 -11.27 18.85 -88.00 -51.00 215.00 477.00 -306.00 -1030.00 0
10096 19.55 -11.90 19.27 -88.00 -46.00 214.00 477.00 -306.00 -1030.00 0
10105 21.15 -12.24 19.90 -88.00 -49.00 220.00 477.00 -306.00 -1030.00 0
10115 23.17 -12.45 20.87 -93.00 -45.00 223.00 465.00 -329.00 -1284.00 0
10125 25.81 -12.80 22.33 -93.00 -38.00 228.00 465.00 -329.00 -1284.00 0
10134 32.35 -13.70 25.39 -98.00 -30.00 231.00 465.00 -329.00 -1284.00 0
10143 36.03 -14.26 26.99 -99.00 -31.00 234.00 465.00 -329.00 -1284.00 0
10152 39.30 -14.75 28.59 -101.00 -27.00 240.00 465.00 -329.00 -1284.00 0
10162 42.50 -15.17 30.19 -97.00 -17.00 236.00 465.00 -329.00 -1284.00 0
10171 45.01 -15.65 31.37 -90.00 -6.00 232.00 465.00 -329.00 -1284.00 0
10181 47.30 -16.97 32.83 -76.00 4.00 222.00 458.00 -363.00 -1233.00 0
10190 46.54 -17.11 33.74 -65.00 22.00 214.00 458.00 -363.00 -1233.00 0
10200 44.80 -16.07 35.97 -60.00 33.00 221.00 458.00 -363.00 -1233.00 0
10209 42.09 -13.43 40.00 -64.00 21.00 219.00 458.00 -363.00 -1233.00 0
10218 37.43 -9.32 44.80 -69.00 4.00 216.00 458.00 -363.00 -1233.00 0
10227 31.23 -4.59 53.36 -76.00 -4.00 208.00 458.00 -363.00 -1233.00 0
10236 19.20 4.03 56.07 -79.00 -16.00 223.00 458.00 -363.00 -1233.00 0
10246 14.54 6.68 57.39 -85.00 -28.00 219.00 452.00 -393.00 -986.00 0
10256 10.23 7.58 56.97 -81.00 -25.00 212.00 452.00 -393.00 -986.00 0
10265 7.30 6.47 55.30 -77.00 -21.00 206.00 452.00 -393.00 -986.00 0
10274 6.05 4.10 53.15 -67.00 -9.00 206.00 452.00 -393.00 -986.00 0
10284 6.05 1.67 48.21 -65.00 -6.00 209.00 452.00 -393.00 -986.00 0
10293 6.82 -0.63 45.43 -69.00 4.00 228.00 452.00 -393.00 -986.00 0
10302 6.68 -1.11 42.43 -65.00 22.00 226.00 452.00 -393.00 -986.00 0
10311 5.63 -2.23 40.07 -70.00 22.00 225.00 445.00 -412.00 -1070.00 0
10320 3.06 -3.83 39.17 -77.00 -19.00 228.00 445.00 -412.00 -1070.00 0
10330 -1.60 -6.12 38.54 -84.00 -32.00 226.00 445.00 -412.00 -1070.00 0
10339 -6.47 -10.43 34.16 -89.00 -25.00 241.00 445.00 -412.00 -1070.00 0
10348 -10.92 -12.94 30.82 -88.00 -21.00 239.00 445.00 -412.00 -1070.00 0
10357 -12.31 -15.44 26.85 -81.00 -8.00 237.00 445.00 -412.00 -1070.00 0
10366 -12.73 -17.88 23.03 -75.00 2.00 239.00 445.00 -412.00 -1070.00 0
10376 -13.70 -20.52 19.69 -72.00 0.00 224.00 435.00 -412.00 -1093.00 0
10386 -15.72 -23.37 16.63 -80.00 -12.00 227.00 435.00 -412.00 -1093.00 0
10395 -18.37 -26.71 11.62 -78.00 -20.00 231.00 435.00 -412.00 -1093.00 0
10404 -17.88 -28.24 9.04 -78.00 -30.00 237.00 435.00 -412.00 -1093.00 0
10414 -16.49 -30.40 6.19 -96.00 -8.00 248.00 435.00 -412.00 -1093.00 0
10423 -14.89 -34.43 2.85 -41.00 34.00 225.00 435.00 -412.00 -1093.00 0
10432 -13.91 -40.07 -0.83 -19.00 -2.00 88.00 435.00 -412.00 -1093.00 0
10441 -16.00 -43.76 4.31 -149.00 -56.00 99.00 412.00 -412.00 -1286.00 0
10450 9.11 -49.25 -1.11 4.00 27.00 327.00 412.00 -412.00 -1286.00 0
10460 24.21 -61.50 -12.52 -73.00 5.00 314.00 412.00 -412.00 -1286.00 0
10470 17.81 -60.73 -17.81 -77.00 1.00 257.00 412.00 -412.00 -1286.00 0
10479 10.02 -59.20 -19.83 -38.00 0.00 225.00 412.00 -412.00 -1286.00 0
10488 5.84 -60.52 -21.22 -29.00 -3.00 217.00 412.00 -412.00 -1286.00 0
10498 1.11 -54.96 -14.96 -42.00 -9.00 206.00 412.00 -412.00 -1286.00 0
10507 0.97 -48.00 -11.20 -34.00 -19.00 212.00 388.00 -407.00 -904.00 0
10516 2.50 -40.77 -8.07 -43.00 -14.00 218.00 388.00 -407.00 -904.00 0
10525 5.50 -33.04 -5.15 -42.00 0.00 225.00 388.00 -407.00 -904.00 0
10534 9.46 -26.16 -3.34 -39.00 12.00 226.00 388.00 -407.00 -904.00 0
10544 13.91 -20.52 -2.71 -44.00 20.00 233.00 388.00 -407.00 -904.00 0
10553 20.73 -8.97 -1.74 -57.00 6.00 253.00 388.00 -407.00 -904.00 0
10562 20.45 -2.64 -3.20 -81.00 6.00 282.00 388.00 -407.00 -904.00 0
10571 17.81 2.23 -6.33 -77.00 9.00 286.00 397.00 -419.00 -1194.00 0
10580 12.31 4.59 -11.48 -20.00 -22.00 216.00 397.00 -419.00 -1194.00 0
10590 6.54 5.70 -17.74 -41.00 37.00 245.00 397.00 -419.00 -1194.00 0
10599 5.70 8.07 -20.10 -51.00 45.00 232.00 397.00 -419.00 -1194.00 0
10609 2.50 8.90 -18.64 -43.00 2.00 214.00 397.00 -419.00 -1194.00 0
10618 3.83 6.05 -19.48 -35.00 -10.00 203.00 397.00 -419.00 -1194.00 0
10628 8.83 1.95 -22.12 -38.00 2.00 207.00 397.00 -419.00 -1194.00 0
10637 16.90 -2.71 -25.95 -34.00 13.00 232.00 397.00 -417.00 -1125.00 0
10646 24.77 -6.82 -30.47 31.00 52.00 272.00 400.00 -417.00 -1125.00 0
10655 28.80 -9.46 -34.85 1.00 17.00 215.00 400.00 -417.00 -1125.00 0
10664 3.13 3.27 -29.01 -3.00 38.00 240.00 400.00 -417.00 -1125.00 0
10674 -9.25 11.69 -23.72 -57.00 -12.00 231.00 400.00 -417.00 -1125.00 0
10683 -20.45 20.94 -18.37 -102.00 8.00 245.00 400.00 -417.00 -1125.00 0
10692 -25.46 28.38 -14.19 -101.00 4.00 236.00 400.00 -417.00 -1125.00 0
10701 -27.34 31.17 -13.43 -75.00 39.00 217.00 400.00 -417.00 -1125.00 0
10712 -20.66 24.90 -15.79 -55.00 34.00 226.00 400.00 -417.00 -1125.00 0
10721 -13.36 20.10 -14.12 -146.00 -206.00 149.00 400.00 -417.00 -1125.00 0
10730 -2.43 15.17 -11.48 -116.00 28.00 308.00 400.00 -417.00 -1125.00 0
10739 22.40 2.50 -10.71 -78.00 10.00 266.00 400.00 -417.00 -1125.00 0
10748 37.50 -10.02 -14.61 -75.00 36.00 263.00 400.00 -417.00 -1125.00 0
10759 52.38 -17.11 -13.57 -47.00 47.00 244.00 400.00 -417.00 -1125.00 0
10768 59.62 -14.26 -14.47 -61.00 55.00 236.00 400.00 -417.00 -1125.00 0
10777 56.63 -3.90 -13.77 -61.00 43.00 223.00 400.00 -417.00 -1125.00 0
10786 49.25 10.37 -14.61 -42.00 19.00 205.00 400.00 -417.00 -1125.00 0
10796 38.40 27.13 -17.25 -68.00 -15.00 217.00 400.00 -417.00 -1125.00 0
10805 31.86 47.93 -18.92 -99.00 40.00 204.00 400.00 -417.00 -1125.00 0
10815 46.05 93.22 -28.38 -11.00 -73.00 228.00 400.00 -417.00 -1125.00 0
10824 47.10 92.73 -33.46 104.00 -20.00 193.00 400.00 -417.00 -1125.00 0
10833 37.22 69.98 -37.36 -62.00 35.00 211.00 400.00 -428.00 -1089.00 0
10843 28.03 46.75 -40.70 -42.00 7.00 279.00 456.00 -428.00 -1089.00 0
10852 19.90 22.89 -42.16 -71.00 -21.00 303.00 456.00 -428.00 -1089.00 0
10861 13.57 -22.82 -41.60 -20.00 -8.00 291.00 456.00 -428.00 -1089.00 0
10871 15.93 -28.73 -40.21 -80.00 -27.00 280.00 456.00 -428.00 -1089.00 0
10881 27.76 -17.39 -32.83 -48.00 4.00 258.00 456.00 -428.00 -1089.00 0
10890 33.46 -9.74 -30.26 -55.00 -29.00 240.00 456.00 -428.00 -1089.00 0
10899 36.24 -2.16 -27.34 -25.00 -48.00 239.00 456.00 -430.00 -983.00 0
10908 36.24 -2.02 -25.74 -38.00 -114.00 456.00 447.00 -430.00 -983.00 0
10917 19.97 -40.42 -27.27 34.00 -17.00 223.00 447.00 -430.00 -983.00 0
10927 0.63 -61.98 -29.08 13.00 -42.00 223.00 447.00 -430.00 -983.00 0
10936 -13.63 -61.70 -26.78 7.00 -37.00 228.00 447.00 -430.00 -983.00 0
10946 -26.78 -55.72 -23.23 26.00 -30.00 220.00 447.00 -430.00 -983.00 0
10955 -39.72 -49.04 -20.38 -8.00 -19.00 228.00 447.00 -430.00 -983.00 0
10964 -49.60 -38.82 -19.90 -10.00 -15.00 220.00 447.00 -430.00 -983.00 0
10974 -49.04 -24.35 -21.77 0.00 -29.00 203.00 447.00 -430.00 -983.00 0
10983 -41.04 -22.05 -23.93 -24.00 -13.00 209.00 447.00 -430.00 -983.00 0
10992 -29.57 -18.71 -25.88 -14.00 -13.00 178.00 447.00 -430.00 -983.00 0
11001 -20.59 -18.50 -29.43 6.00 -25.00 193.00 447.00 -430.00 -983.00 0
11011 -19.06 -22.61 -35.13 -1.00 -23.00 212.00 447.00 -430.00 -983.00 0
11020 -38.96 -35.76 -43.55 -29.00 -11.00 248.00 447.00 -430.00 -983.00 0
11030 -51.90 -41.39 -48.97 -25.00 0.00 251.00 447.00 -430.00 -983.00 0
11039 -62.26 -46.12 -52.03 -22.00 12.00 236.00 447.00 -430.00 -983.00 0
11048 -69.50 -47.10 -52.24 -33.00 14.00 240.00 447.00 -430.00 -983.00 0
11058 -73.46 -44.38 -50.43 -41.00 12.00 215.00 447.00 -430.00 -983.00 0
11067 -75.97 -39.17 -48.14 -38.00 10.00 195.00 447.00 -430.00 -983.00 0
11076 -80.42 -31.17 -42.92 -49.00 1.00 191.00 447.00 -430.00 -983.00 0
11085 -82.02 -29.22 -41.25 -59.00 -4.00 193.00 447.00 -430.00 -983.00 0
11095 -83.48 -28.45 -42.16 -69.00 -14.00 199.00 447.00 -430.00 -983.00 0
11104 -86.19 -29.63 -46.54 -68.00 -23.00 196.00 447.00 -430.00 -983.00 0
11114 -91.41 -31.72 -55.03 -104.00 0.00 126.00 447.00 -430.00 -983.00 0
11123 -97.04 -20.24 -80.28 -60.00 -23.00 166.00 447.00 -430.00 -983.00 0
11132 -88.83 -2.85 -92.38 -43.00 -36.00 193.00 447.00 -430.00 -983.00 0
11142 -77.98 12.52 -101.36 -39.00 -53.00 189.00 447.00 -430.00 -983.00 0
11151 -65.18 23.03 -106.23 -37.00 -56.00 191.00 447.00 -430.00 -983.00 0
11160 -54.26 33.53 -110.96 -47.00 -67.00 207.00 447.00 -430.00 -983.00 0
11169 -49.95 42.43 -116.59 -32.00 -64.00 205.00 447.00 -430.00 -983.00 0
11180 -51.06 55.58 -122.43 -46.00 -53.00 188.00 447.00 -430.00 -983.00 0
11189 -55.17 61.91 -122.43 -52.00 -53.00 198.00 447.00 -430.00 -983.00 0
11198 -65.95 66.23 -121.88 -58.00 -40.00 207.00 447.00 -430.00 -983.00 0
11207 -80.56 68.52 -124.52 -76.00 -56.00 217.00 447.00 -430.00 -983.00 0
11216 -98.50 71.10 -129.11 -91.00 -80.00 209.00 447.00 -430.00 -983.00 0
11227 -115.76 73.60 -130.09 -115.00 -87.00 220.00 447.00 -430.00 -983.00 0
11236 -109.70 70.96 -124.80 -106.00 -93.00 211.00 447.00 -430.00 -983.00 0
11245 -102.82 64.42 -123.34 -104.00 -94.00 230.00 447.00 -430.00 -983.00 0
11254 -94.96 53.63 -121.46 -65.00 -98.00 253.00 447.00 -430.00 -983.00 0
11264 -82.99 41.81 -116.31 -78.00 -119.00 241.00 447.00 -430.00 -983.00 0
11274 -72.42 43.90 -100.31 -122.00 -132.00 250.00 447.00 -430.00 -983.00 0
11283 -69.15 50.78 -95.86 -122.00 -146.00 240.00 447.00 -430.00 -983.00 0
11292 -73.04 64.07 -96.07 -90.00 -150.00 233.00 447.00 -430.00 -983.00 0
11301 -82.92 73.18 -102.19 -82.00 -163.00 186.00 447.00 -430.00 -983.00 0
11312 -94.47 80.14 -112.00 -94.00 -165.00 175.00 447.00 -430.00 -983.00 0
11321 -104.42 87.72 -130.78 -78.00 -124.00 176.00 447.00 -430.00 -983.00 0
11330 -112.90 106.64 -139.06 -93.00 -127.00 167.00 447.00 -430.00 -983.00 0
11339 -110.75 120.90 -146.16 -132.00 -148.00 168.00 447.00 -430.00 -983.00 0
11350 -102.54 130.43 -145.04 -157.00 -161.00 198.00 447.00 -430.00 -983.00 0
11359 -88.70 140.59 -136.14 -156.00 -196.00 203.00 611.00 62.00 -1065.00 0
11368 -73.53 157.15 -119.65 -137.00 -209.00 184.00 611.00 62.00 -1065.00 0
11378 -54.05 157.70 -116.24 -103.00 -206.00 206.00 611.00 62.00 -1065.00 0
11387 -49.18 156.45 -114.71 -84.00 -188.00 174.00 611.00 62.00 -1065.00 0
11397 -48.14 152.70 -115.20 -70.00 -177.00 176.00 611.00 62.00 -1065.00 0
11407 -50.16 150.33 -119.17 -63.00 -169.00 164.00 611.00 62.00 -1065.00 0
11416 -53.01 137.39 -134.26 -113.00 -162.00 165.00 611.00 62.00 -1065.00 0
11425 -55.44 130.02 -140.52 -165.00 -187.00 110.00 611.00 178.00 -1142.00 0
11435 -59.90 123.55 -143.72 -190.00 -197.00 120.00 611.00 178.00 -1142.00 0
11445 -65.81 121.81 -140.87 -159.00 -201.00 107.00 611.00 178.00 -1142.00 0
11454 -71.17 122.78 -132.80 -118.00 -207.00 136.00 611.00 178.00 -1142.00 0
11464 -66.64 114.78 -111.44 -114.00 -186.00 122.00 611.00 178.00 -1142.00 0
11473 -63.23 109.98 -99.48 -80.00 -186.00 148.00 611.00 178.00 -1142.00 0
11483 -61.22 105.46 -87.79 -61.00 -194.00 145.00 611.00 178.00 -1142.00 0
11492 -61.29 99.83 -76.17 -37.00 -186.00 162.00 600.00 243.00 -1147.00 0
11502 -59.62 90.57 -66.85 -33.00 -183.00 138.00 600.00 243.00 -1147.00 0
11511 -58.50 74.57 -59.97 -37.00 -208.00 148.00 600.00 243.00 -1147.00 0
11521 -57.60 68.73 -59.97 -53.00 -197.00 128.00 600.00 243.00 -1147.00 0
11530 -52.10 63.51 -64.49 -95.00 -169.00 117.00 600.00 243.00 -1147.00 0
11539 -45.15 59.34 -66.78 -94.00 -173.00 103.00 600.00 243.00 -1147.00 0
11549 -44.24 60.10 -63.51 -124.00 -192.00 78.00 600.00 243.00 -1147.00 0
11558 -43.62 62.54 -49.95 -110.00 -211.00 96.00 595.00 303.00 -1094.00 0
11568 -40.00 66.30 -42.16 -109.00 -222.00 87.00 595.00 303.00 -1094.00 0
11577 -38.96 69.29 -33.67 -104.00 -221.00 94.00 595.00 303.00 -1094.00 0
11586 -37.22 71.86 -25.81 -99.00 -225.00 99.00 595.00 303.00 -1094.00 0
11596 -35.41 73.95 -18.99 -104.00 -233.00 93.00 595.00 303.00 -1094.00 0
11606 -33.46 75.48 -13.29 -103.00 -209.00 118.00 595.00 303.00 -1094.00 0
11615 -29.84 76.17 -8.21 -95.00 -217.00 90.00 595.00 303.00 -1094.00 0
11624 -27.20 74.64 -9.32 -77.00 -223.00 120.00 622.00 328.00 -918.00 0
11633 -19.48 72.77 -12.03 -186.00 -127.00 98.00 622.00 328.00 -918.00 0
11643 5.15 70.33 -7.23 -121.00 -236.00 184.00 622.00 328.00 -918.00 0
11653 23.79 67.27 6.54 -125.00 -210.00 121.00 622.00 328.00 -918.00 0
11662 17.60 67.41 22.05 -129.00 -215.00 120.00 622.00 328.00 -918.00 0
11671 8.14 65.11 21.84 -106.00 -202.00 118.00 622.00 328.00 -918.00 0
11680 0.49 61.57 15.86 -131.00 -212.00 98.00 622.00 328.00 -918.00 0
11689 -5.70 56.21 8.07 -121.00 -191.00 94.00 634.00 327.00 -1120.00 0
11699 -12.66 49.95 4.17 -103.00 -198.00 87.00 634.00 327.00 -1120.00 0
11708 -15.23 42.64 3.90 -110.00 -193.00 97.00 634.00 327.00 -1120.00 0
11718 -11.13 26.37 10.23 -92.00 -201.00 106.00 634.00 327.00 -1120.00 0
11727 -6.61 18.43 15.10 -100.00 -209.00 110.00 634.00 327.00 -1120.00 0
11737 -1.53 10.85 20.80 -96.00 -226.00 105.00 634.00 327.00 -1120.00 0
11746 4.24 3.90 25.11 -103.00 -216.00 102.00 634.00 327.00 -1120.00 0
11755 15.65 0.28 24.63 -114.00 -202.00 92.00 656.00 321.00 -927.00 0
11764 57.11 7.10 4.73 -106.00 -167.00 13.00 656.00 321.00 -927.00 0
11774 66.09 18.16 -10.64 -117.00 -197.00 -6.00 656.00 321.00 -927.00 0
11784 62.26 24.77 -20.31 -124.00 -270.00 201.00 656.00 321.00 -927.00 0
11793 50.57 27.90 -23.44 -98.00 -194.00 52.00 656.00 321.00 -927.00 0
11802 36.52 32.70 -21.63 -70.00 -199.00 100.00 656.00 321.00 -927.00 0
11811 25.60 36.45 -18.78 -157.00 -269.00 210.00 656.00 321.00 -927.00 0
11821 6.47 37.57 -9.81 -137.00 -240.00 191.00 644.00 324.00 -1104.00 0
11830 -3.41 35.34 -4.17 -72.00 -160.00 36.00 644.00 324.00 -1104.00 0
11840 -11.20 31.03 0.70 -109.00 -195.00 118.00 644.00 324.00 -1104.00 0
11849 -10.37 27.97 0.77 -19.00 -261.00 -8.00 644.00 324.00 -1104.00 0
11858 -5.29 27.41 -9.32 -172.00 86.00 131.00 644.00 324.00 -1104.00 0
11868 -81.74 9.25 -42.30 -177.00 -200.00 181.00 644.00 324.00 -1104.00 0
11877 -83.20 1.53 -45.63 -64.00 -240.00 84.00 644.00 324.00 -1104.00 0
11886 -56.28 -1.74 -35.69 -77.00 -243.00 97.00 618.00 336.00 -1057.00 0
11895 -37.63 -1.74 -29.84 -90.00 -207.00 101.00 618.00 336.00 -1057.00 0
11906 -25.88 -0.21 -26.99 -136.00 -106.00 84.00 618.00 336.00 -1057.00 0
11915 -20.80 1.67 -25.04 -120.00 -258.00 120.00 618.00 336.00 -1057.00 0
11924 -61.36 8.77 -36.31 -127.00 -308.00 135.00 618.00 336.00 -1057.00 0
11933 -66.09 11.20 -41.53 -101.00 -259.00 74.00 618.00 336.00 -1057.00 0
11942 -53.84 14.96 -43.20 -62.00 -221.00 100.00 618.00 336.00 -1057.00 0
11953 -37.08 18.71 -41.74 -96.00 -225.00 70.00 590.00 346.00 -1034.00 0
11962 -27.97 18.64 -34.78 -96.00 -210.00 91.00 590.00 346.00 -1034.00 0
11971 -19.20 17.04 -25.88 -92.00 -232.00 80.00 590.00 346.00 -1034.00 0
11980 -13.57 15.58 -25.60 -95.00 -216.00 88.00 590.00 346.00 -1034.00 0
11990 -10.50 13.01 -25.04 -97.00 -232.00 96.00 590.00 346.00 -1034.00 0
11999 -11.90 10.64 -22.26 -126.00 -232.00 64.00 590.00 346.00 -1034.00 0
12008 -13.57 6.26 -18.02 -88.00 -198.00 26.00 590.00 346.00 -1034.00 0
12018 -15.58 5.29 -7.86 -105.00 -233.00 90.00 584.00 349.00 -1078.00 0
12027 -18.99 7.51 -4.66 -50.00 -173.00 18.00 584.00 349.00 -1078.00 0
12037 -19.48 12.31 -3.06 -77.00 -227.00 82.00 584.00 349.00 -1078.00 0
12046 -23.79 17.39 -3.41 -66.00 -181.00 55.00 584.00 349.00 -1078.00 0
12055 -30.54 20.45 -6.12 -147.00 -231.00 96.00 584.00 349.00 -1078.00 0
12064 -42.02 18.23 -10.23 -59.00 -162.00 137.00 584.00 349.00 -1078.00 0
12073 -52.73 10.02 -25.39 -59.00 -207.00 85.00 584.00 349.00 -1078.00 0
12083 -41.67 1.39 -43.55 -23.00 -287.00 64.00 553.00 349.00 -1098.00 0
12093 -35.55 -9.53 -59.20 -73.00 -249.00 79.00 553.00 349.00 -1098.00 0
12102 -30.54 -16.83 -72.07 -101.00 -236.00 105.00 553.00 349.00 -1098.00 0
12111 -28.59 -19.90 -85.08 -94.00 -207.00 83.00 553.00 349.00 -1098.00 0
12121 -36.24 -21.01 -92.03 -86.00 -235.00 14.00 553.00 349.00 -1098.00 0
12130 -32.42 -24.14 -80.07 -79.00 -292.00 112.00 553.00 349.00 -1098.00 0
12139 -15.86 -26.30 -70.61 -50.00 -266.00 111.00 553.00 349.00 -1098.00 0
12149 -18.02 -28.80 -61.36 -63.00 -253.00 0.00 503.00 368.00 -968.00 0
12158 -28.24 -26.30 -56.77 -20.00 -255.00 71.00 503.00 368.00 -968.00 0
12168 -27.27 -22.47 -56.49 -28.00 -254.00 76.00 503.00 368.00 -968.00 0
12177 -23.37 -17.04 -52.03 -25.00 -249.00 70.00 503.00 368.00 -968.00 0
12186 -21.57 -15.86 -47.30 -36.00 -263.00 83.00 503.00 368.00 -968.00 0
12195 -18.02 -12.45 -43.90 -57.00 -251.00 61.00 503.00 368.00 -968.00 0
12205 -16.63 -7.93 -40.07 -72.00 -252.00 52.00 503.00 368.00 -968.00 0
12214 -18.85 -7.58 -37.08 -81.00 -243.00 71.00 478.00 375.00 -1105.00 0
12223 -19.69 -5.77 -32.49 -62.00 -244.00 73.00 478.00 375.00 -1105.00 0
12233 -32.77 -1.32 -30.12 -61.00 -226.00 58.00 478.00 375.00 -1105.00 0
12242 -43.13 -1.81 -28.45 -71.00 -271.00 45.00 478.00 375.00 -1105.00 0
12252 -48.90 -2.09 -28.38 -21.00 -254.00 63.00 478.00 375.00 -1105.00 0
12261 -52.03 -3.83 -29.77 -12.00 -271.00 79.00 478.00 375.00 -1105.00 0
12270 -53.08 -5.22 -32.28 -40.00 -263.00 55.00 478.00 375.00 -1105.00 0
12279 -58.57 -4.52 -28.59 -39.00 -263.00 52.00 463.00 366.00 -751.00 0
12289 -59.90 -4.17 -26.02 -27.00 -259.00 19.00 463.00 366.00 -751.00 0
12298 -56.49 -5.43 -23.51 -31.00 -268.00 17.00 463.00 366.00 -751.00 0
12307 -45.22 -7.30 -21.70 -38.00 -268.00 27.00 463.00 366.00 -751.00 0
12316 -30.89 -7.86 -18.85 -48.00 -269.00 26.00 463.00 366.00 -751.00 0
12326 -16.42 -7.37 -15.44 -39.00 -274.00 5.00 463.00 366.00 -751.00 0
12336 11.76 -4.24 -5.70 -34.00 -276.00 59.00 463.00 366.00 -751.00 0
12345 26.50 -3.55 0.21 -52.00 -249.00 45.00 473.00 375.00 -994.00 0
12354 42.64 -2.99 9.25 -56.00 -261.00 50.00 473.00 375.00 -994.00 0
12363 64.42 -2.64 20.45 -37.00 -240.00 67.00 473.00 375.00 -994.00 0
12372 78.26 -1.88 30.82 -69.00 -237.00 102.00 473.00 375.00 -994.00 0
12382 81.95 -3.34 37.63 -88.00 -231.00 96.00 473.00 375.00 -994.00 0
12391 59.06 -8.77 39.86 -73.00 -225.00 102.00 473.00 375.00 -994.00 0
12400 44.31 -9.25 32.77 -63.00 -227.00 93.00 473.00 375.00 -994.00 0
12409 32.56 -9.11 23.30 -53.00 -235.00 100.00 496.00 367.00 -1026.00 0
12419 21.91 -9.81 13.36 -72.00 -237.00 92.00 496.00 367.00 -1026.00 0
12428 9.04 -12.38 4.45 -92.00 -251.00 77.00 496.00 367.00 -1026.00 0
12437 -10.09 -16.14 -6.40 5.00 -156.00 93.00 496.00 367.00 -1026.00 0
12446 -28.24 -22.33 -8.77 56.00 -79.00 115.00 496.00 367.00 -1026.00 0
12455 -24.97 -26.64 -9.53 43.00 -169.00 140.00 496.00 367.00 -1026.00 0
12466 -22.61 -32.21 -8.21 -78.00 -267.00 109.00 496.00 367.00 -1026.00 0
12475 -21.70 -37.77 -4.17 -154.00 -424.00 49.00 521.00 364.00 -863.00 0
12484 -21.84 -42.50 0.83 -43.00 -255.00 101.00 521.00 364.00 -863.00 0
12493 -10.64 -55.23 13.15 -153.00 -285.00 65.00 521.00 364.00 -863.00 0
12503 -4.31 -61.77 19.97 8.00 -193.00 82.00 521.00 364.00 -863.00 0
12512 0.77 -67.13 27.48 -109.00 -325.00 281.00 521.00 364.00 -863.00 0
12521 3.41 -71.86 33.18 11.00 -95.00 27.00 521.00 364.00 -863.00 0
12530 -10.43 -74.85 36.03 -63.00 -264.00 36.00 521.00 364.00 -863.00 0
12539 -7.93 -77.84 35.83 -144.00 -389.00 36.00 521.00 324.00 -1044.00 0
12550 -15.51 -80.42 30.26 -139.00 -375.00 13.00 583.00 324.00 -1044.00 0
12559 -18.85 -80.63 24.83 59.00 -141.00 54.00 583.00 324.00 -1044.00 0
12568 -20.31 -80.00 19.62 -53.00 -280.00 27.00 583.00 324.00 -1044.00 0
12577 -23.10 -78.40 16.07 -178.00 -488.00 37.00 583.00 324.00 -1044.00 0
12587 -29.91 -76.59 13.29 -18.00 -246.00 134.00 583.00 324.00 -1044.00 0
12597 -16.97 -73.74 13.43 39.00 -172.00 50.00 583.00 324.00 -1044.00 0
12606 -20.38 -72.28 14.19 -104.00 -354.00 111.00 595.00 291.00 -1036.00 0
12615 -16.70 -69.84 14.40 -40.00 -292.00 63.00 595.00 291.00 -1036.00 0
12624 -16.49 -66.09 16.35 -22.00 -181.00 75.00 595.00 291.00 -1036.00 0
12634 -16.63 -62.89 17.67 25.00 -178.00 27.00 595.00 291.00 -1036.00 0
12643 -16.14 -58.85 18.30 19.00 -201.00 25.00 595.00 291.00 -1036.00 0
12653 -16.07 -53.63 17.88 -70.00 -298.00 89.00 595.00 291.00 -1036.00 0
12662 -16.07 -51.62 15.65 9.00 -192.00 17.00 595.00 291.00 -1036.00 0
12672 -13.98 -45.43 12.66 -6.00 -251.00 76.00 595.00 271.00 -1116.00 0
12681 -11.97 -38.19 9.60 -37.00 -270.00 65.00 601.00 271.00 -1116.00 0
12690 -10.64 -32.21 6.82 -15.00 -271.00 35.00 601.00 271.00 -1116.00 0
12699 -8.56 -22.75 1.88 -41.00 -257.00 68.00 601.00 271.00 -1116.00 0
12708 -7.44 -17.88 1.39 -46.00 -256.00 65.00 601.00 271.00 -1116.00 0
12718 -6.40 -13.57 2.37 -49.00 -250.00 69.00 601.00 271.00 -1116.00 0
12727 -5.70 -10.57 3.20 -49.00 -249.00 69.00 601.00 271.00 -1116.00 0
12736 -5.22 -8.49 3.62 -52.00 -251.00 70.00 601.00 271.00 -1116.00 0
12745 -4.87 -6.89 3.48 -53.00 -251.00 69.00 601.00 271.00 -1116.00 0
12754 -4.31 -4.45 1.95 -46.00 -251.00 67.00 601.00 271.00 -1116.00 0
12764 -4.17 -3.69 1.25 -51.00 -253.00 73.00 601.00 271.00 -1116.00 0
12774 -4.03 -3.13 0.70 -49.00 -250.00 68.00 601.00 271.00 -1116.00 0
12783 -4.03 -2.92 0.07 -50.00 -252.00 71.00 601.00 271.00 -1116.00 0
12792 -4.03 -2.78 -0.49 -54.00 -250.00 68.00 601.00 271.00 -1116.00 0
12802 -3.97 -2.50 -1.25 -52.00 -252.00 70.00 601.00 271.00 -1116.00 0
12811 -3.90 -2.30 -2.50 -46.00 -252.00 69.00 601.00 271.00 -1116.00 0
12820 -3.83 -2.09 -2.78 -48.00 -252.00 70.00 601.00 271.00 -1116.00 0
12829 -3.83 -1.95 -2.78 -48.00 -250.00 70.00 601.00 271.00 -1116.00 0
12838 -3.69 -1.74 -2.43 -49.00 -252.00 69.00 601.00 271.00 -1116.00 0
12848 -3.62 -1.53 -1.95 -50.00 -250.00 66.00 601.00 271.00 -1116.00 0
12857 -3.55 -1.25 -1.39 -49.00 -252.00 68.00 601.00 271.00 -1116.00 0
12866 -3.41 -0.97 -0.77 -51.00 -250.00 68.00 601.00 271.00 -1116.00 0
12875 -3.48 -0.97 -0.90 -52.00 -251.00 72.00 603.00 263.00 -993.00 0
12884 -3.48 -1.04 -1.25 -52.00 -248.00 67.00 603.00 263.00 -993.00 0
12894 -3.55 -1.18 -1.81 -50.00 -253.00 71.00 603.00 263.00 -993.00 0
12903 -3.62 -1.32 -2.37 -49.00 -252.00 68.00 603.00 263.00 -993.00 0
12912 -3.62 -1.39 -2.78 -48.00 -255.00 70.00 603.00 263.00 -993.00 0
12921 -3.62 -1.39 -2.78 -49.00 -255.00 71.00 603.00 263.00 -993.00 0
12931 -3.62 -1.32 -2.37 -51.00 -251.00 69.00 603.00 263.00 -993.00 0
12940 -3.62 -1.18 -1.95 -50.00 -250.00 68.00 603.00 263.00 -993.00 0
12948 -3.55 -1.11 -1.53 -49.00 -252.00 71.00 603.00 263.00 -993.00 0
12957 -3.55 -1.11 -1.39 -51.00 -248.00 67.00 603.00 263.00 -993.00 0
12966 -3.55 -1.11 -1.46 -47.00 -252.00 68.00 603.00 263.00 -993.00 0
12976 -3.62 -1.11 -1.74 -50.00 -252.00 67.00 603.00 263.00 -993.00 0
12985 -3.62 -1.18 -1.88 -47.00 -253.00 69.00 603.00 263.00 -993.00 0
12994 -3.62 -1.18 -2.02 -53.00 -250.00 66.00 603.00 263.00 -993.00 0
13003 -3.62 -1.25 -2.09 -53.00 -253.00 71.00 603.00 271.00 -1061.00 0
13012 -3.69 -1.25 -2.16 -48.00 -252.00 68.00 603.00 271.00 -1061.00 0
13022 -3.69 -1.25 -2.16 -50.00 -251.00 72.00 603.00 271.00 -1061.00 0
13031 -3.69 -1.25 -2.16 -48.00 -252.00 72.00 603.00 271.00 -1061.00 0
13040 -3.55 -1.25 -2.02 -49.00 -254.00 69.00 603.00 271.00 -1061.00 0
13050 -3.62 -1.18 -1.88 -50.00 -254.00 67.00 603.00 271.00 -1061.00 0
13060 -3.55 -1.11 -1.67 -49.00 -253.00 70.00 603.00 271.00 -1061.00 0
13069 -3.55 -1.11 -1.60 -51.00 -250.00 68.00 599.00 270.00 -847.00 0
13078 -3.55 -1.11 -1.60 -46.00 -253.00 66.00 599.00 270.00 -847.00 0
13087 -3.48 -1.11 -1.81 -48.00 -253.00 67.00 599.00 270.00 -847.00 0
13096 -3.62 -1.18 -1.95 -48.00 -252.00 71.00 599.00 270.00 -847.00 0
13105 -3.62 -1.18 -2.09 -51.00 -254.00 69.00 599.00 270.00 -847.00 0
13114 -3.62 -1.18 -2.09 -48.00 -254.00 72.00 599.00 270.00 -847.00 0
13123 -3.55 -1.25 -2.02 -49.00 -251.00 68.00 599.00 270.00 -847.00 0
13132 -3.55 -1.18 -2.02 -47.00 -251.00 69.00 597.00 270.00 -969.00 0
13142 -3.55 -1.18 -1.88 -49.00 -250.00 66.00 597.00 270.00 -969.00 0
13151 -3.48 -1.11 -1.81 -51.00 -252.00 70.00 597.00 270.00 -969.00 0
13160 -3.48 -1.11 -1.88 -50.00 -251.00 69.00 597.00 270.00 -969.00 0
13169 -3.55 -1.18 -1.88 -51.00 -251.00 68.00 597.00 270.00 -969.00 0
13178 -3.48 -1.11 -1.81 -52.00 -252.00 67.00 597.00 270.00 -969.00 0
13188 -3.48 -1.11 -1.81 -53.00 -254.00 69.00 597.00 270.00 -969.00 0
13197 -3.55 -1.18 -1.88 -48.00 -250.00 71.00 599.00 274.00 -982.00 0
13206 -3.55 -1.25 -2.02 -49.00 -248.00 67.00 599.00 274.00 -982.00 0
13215 -3.55 -1.25 -2.02 -49.00 -253.00 72.00 599.00 274.00 -982.00 0
13224 -3.55 -1.25 -2.02 -47.00 -251.00 69.00 599.00 274.00 -982.00 0
13234 -3.62 -1.25 -2.02 -48.00 -250.00 69.00 599.00 274.00 -982.00 0
13243 -3.62 -1.25 -1.95 -52.00 -252.00 67.00 599.00 274.00 -982.00 0
13252 -3.62 -1.18 -1.88 -52.00 -251.00 69.00 599.00 274.00 -982.00 0
13261 -3.62 -1.11 -1.81 -45.00 -250.00 72.00 599.00 274.00 -982.00 0
13271 -3.62 -1.11 -1.81 -50.00 -253.00 71.00 599.00 274.00 -982.00 0
13280 -3.69 -1.11 -1.88 -47.00 -250.00 69.00 599.00 274.00 -982.00 0
13289 -3.62 -1.18 -1.88 -48.00 -251.00 68.00 599.00 274.00 -982.00 0
13298 -3.62 -1.18 -1.88 -48.00 -253.00 71.00 599.00 274.00 -982.00 0
13307 -3.62 -1.18 -1.88 -50.00 -253.00 66.00 599.00 274.00 -982.00 0
13317 -3.62 -1.18 -1.88 -49.00 -251.00 69.00 599.00 274.00 -982.00 0
13326 -3.62 -1.18 -1.88 -48.00 -251.00 67.00 599.00 274.00 -982.00 0
13335 -3.62 -1.11 -1.88 -46.00 -254.00 70.00 599.00 274.00 -982.00 0
13344 -3.62 -1.11 -1.81 -51.00 -252.00 69.00 599.00 274.00 -982.00 0
13353 -3.55 -1.11 -1.81 -51.00 -252.00 69.00 599.00 274.00 -982.00 0
13363 -3.55 -1.18 -1.74 -47.00 -253.00 69.00 599.00 274.00 -982.00 0
13372 -3.62 -1.18 -1.74 -49.00 -253.00 73.00 599.00 274.00 -982.00 0
13381 -3.62 -1.18 -1.74 -51.00 -252.00 70.00 599.00 274.00 -982.00 0
13390 -3.62 -1.11 -1.74 -50.00 -253.00 70.00 599.00 274.00 -982.00 0
13400 -3.62 -1.18 -1.74 -48.00 -251.00 65.00 599.00 274.00 -982.00 0
13409 -3.62 -1.11 -1.81 -47.00 -252.00 72.00 599.00 274.00 -982.00 0
13418 -3.55 -1.18 -1.81 -48.00 -251.00 68.00 599.00 274.00 -982.00 0
13427 -3.55 -1.18 -1.81 -49.00 -252.00 69.00 599.00 274.00 -982.00 0
13436 -3.55 -1.18 -1.81 -47.00 -251.00 68.00 599.00 274.00 -982.00 0
13446 -3.55 -1.11 -1.74 -51.00 -253.00 70.00 599.00 274.00 -982.00 0
13455 -3.55 -1.11 -1.81 -51.00 -253.00 72.00 599.00 274.00 -982.00 0
13464 -3.55 -1.18 -1.81 -48.00 -252.00 67.00 599.00 274.00 -982.00 0
13473 -3.55 -1.11 -1.81 -48.00 -253.00 70.00 599.00 274.00 -982.00 0