482.00 -334.00 -967.00 0
1367 -3.06 -1.39 -1.88 -63.00 52.00 221.00 482.00 -334.00 -967.00 0
1376 -3.06 -1.25 -1.81 -65.00 45.00 220.00 482.00 -334.00 -967.00 0
1385 -3.27 -0.97 -1.81 -65.00 44.00 223.00 482.00 -334.00 -967.00 0
1394 -3.20 -0.42 -1.74 -68.00 43.00 225.00 482.00 -334.00 -967.00 0
1403 -2.85 -0.21 -1.67 -67.00 46.00 224.00 482.00 -334.00 -967.00 0
1413 -2.37 -0.21 -1.60 -67.00 48.00 225.00 482.00 -334.00 -967.00 0
1422 -1.95 -0.28 -1.60 -67.00 47.00 225.00 482.00 -334.00 -967.00 0
1431 -1.53 -0.35 -1.53 -65.00 54.00 224.00 482.00 -334.00 -967.00 0
1440 -1.04 -0.49 -1.60 -61.00 58.00 224.00 482.00 -334.00 -967.00 0
1449 0.00 -0.77 -1.39 -62.00 53.00 224.00 482.00 -334.00 -967.00 0
1459 0.00 -0.77 -1.25 -64.00 50.00 226.00 482.00 -334.00 -967.00 0
1467 -0.35 -0.56 -1.18 -65.00 51.00 222.00 482.00 -334.00 -967.00 0
1476 -0.83 -0.49 -1.11 -69.00 49.00 223.00 482.00 -334.00 -967.00 0
1485 -1.32 -0.42 -1.18 -73.00 45.00 226.00 476.00 -336.00 -1116.00 0
1495 -1.67 -0.42 -1.25 -68.00 43.00 225.00 476.00 -336.00 -1116.00 0
1504 -1.88 -0.42 -1.18 -72.00 34.00 226.00 476.00 -336.00 -1116.00 0
1513 -1.95 -0.63 -1.25 -65.00 34.00 217.00 476.00 -336.00 -1116.00 0
1522 -1.25 -0.83 -1.25 -65.00 37.00 220.00 476.00 -336.00 -1116.00 0
1531 0.14 -1.04 -1.18 -65.00 40.00 220.00 476.00 -336.00 -1116.00 0
1541 1.81 -1.32 -1.04 -57.00 48.00 217.00 476.00 -336.00 -1116.00 0
1550 3.62 -1.53 -1.04 -55.00 47.00 215.00 479.00 -339.00 -1187.00 0
1559 5.22 -1.53 -1.11 -56.00 50.00 220.00 479.00 -339.00 -1187.00 0
1568 7.58 -1.18 -1.60 -55.00 57.00 214.00 479.00 -339.00 -1187.00 0
1577 8.77 -0.90 -1.67 -60.00 67.00 214.00 479.00 -339.00 -1187.00 0
1587 9.81 -0.42 -1.53 -60.00 67.00 219.00 479.00 -339.00 -1187.00 0
1596 10.43 0.21 -1.25 -67.00 75.00 229.00 479.00 -339.00 -1187.00 0
1605 10.64 0.77 -0.77 -69.00 68.00 231.00 479.00 -339.00 -1187.00 0
1614 9.81 1.18 -0.21 -76.00 61.00 226.00 483.00 -348.00 -1133.00 0
1624 6.54 1.88 0.21 -78.00 46.00 227.00 483.00 -348.00 -1133.00 0
1633 5.15 1.88 0.35 -74.00 41.00 225.00 483.00 -348.00 -1133.00 0
1642 5.15 1.53 0.56 -66.00 47.00 218.00 483.00 -348.00 -1133.00 0
1651 6.40 0.97 1.04 -65.00 41.00 219.00 483.00 -348.00 -1133.00 0
1660 8.21 0.49 1.67 -66.00 45.00 223.00 483.00 -348.00 -1133.00 0
1670 10.57 0.00 2.37 -67.00 48.00 222.00 483.00 -348.00 -1133.00 0
1679 15.37 -0.56 3.41 -64.00 56.00 220.00 483.00 -348.00 -1133.00 0
1688 17.53 -0.70 3.41 -60.00 64.00 217.00 483.00 -348.00 -1133.00 0
1697 18.85 -0.56 3.13 -57.00 70.00 218.00 483.00 -348.00 -1133.00 0
1707 19.27 -0.14 2.43 -59.00 79.00 213.00 483.00 -348.00 -1133.00 0
1716 18.78 0.56 1.88 -59.00 79.00 211.00 483.00 -348.00 -1133.00 0
1725 17.88 1.46 1.53 -57.00 79.00 213.00 483.00 -348.00 -1133.00 0
1734 15.03 3.41 1.11 -58.00 75.00 211.00 483.00 -348.00 -1133.00 0
1743 13.50 4.24 0.77 -57.00 73.00 213.00 483.00 -348.00 -1133.00 0
1753 12.17 5.15 0.56 -63.00 71.00 222.00 483.00 -348.00 -1133.00 0
1762 10.99 5.98 0.42 -70.00 67.00 226.00 483.00 -348.00 -1133.00 0
1772 9.88 6.61 0.28 -76.00 54.00 219.00 483.00 -348.00 -1133.00 0
1780 8.77 6.75 0.07 -74.00 47.00 219.00 483.00 -348.00 -1133.00 0
1789 9.11 6.40 0.14 -80.00 45.00 219.00 483.00 -348.00 -1133.00 0
1799 11.20 5.84 0.63 -80.00 49.00 219.00 483.00 -348.00 -1133.00 0
1808 13.50 5.29 1.25 -81.00 42.00 217.00 483.00 -348.00 -1133.00 0
1817 15.51 4.87 1.67 -76.00 37.00 217.00 483.00 -348.00 -1133.00 0
1826 17.39 4.80 1.88 -69.00 39.00 219.00 483.00 -348.00 -1133.00 0
1837 19.62 4.59 1.95 -68.00 46.00 218.00 483.00 -348.00 -1133.00 0
1846 24.90 4.45 1.95 -72.00 54.00 220.00 483.00 -348.00 -1133.00 0
1855 27.62 4.52 1.39 -65.00 64.00 225.00 483.00 -348.00 -1133.00 0
1864 29.57 4.03 0.14 -61.00 69.00 222.00 483.00 -348.00 -1133.00 0
1873 30.89 3.55 -1.39 -65.00 66.00 224.00 483.00 -348.00 -1133.00 0
1883 31.65 3.13 -2.64 -76.00 75.00 217.00 483.00 -348.00 -1133.00 0
1892 32.35 2.71 -3.69 -74.00 73.00 213.00 483.00 -348.00 -1133.00 0
1901 34.37 1.60 -6.05 -60.00 90.00 209.00 483.00 -348.00 -1133.00 0
1910 35.62 1.18 -7.44 -64.00 97.00 205.00 483.00 -348.00 -1133.00 0
1920 35.76 1.39 -8.83 -63.00 95.00 204.00 483.00 -348.00 -1133.00 0
1929 35.13 1.74 -10.23 -56.00 111.00 206.00 483.00 -348.00 -1133.00 0
1938 34.50 1.81 -12.59 -51.00 103.00 204.00 483.00 -348.00 -1133.00 0
1947 31.93 2.43 -15.72 -59.00 105.00 200.00 483.00 -348.00 -1133.00 0
1956 26.43 4.17 -20.17 -52.00 118.00 208.00 483.00 -348.00 -1133.00 0
1966 24.56 5.01 -20.87 -57.00 125.00 206.00 483.00 -348.00 -1133.00 0
1975 22.40 5.70 -20.52 -68.00 125.00 217.00 483.00 -348.00 -1133.00 0
1985 19.62 6.12 -19.41 -80.00 110.00 221.00 483.00 -348.00 -1133.00 0
1994 15.65 6.75 -18.09 -77.00 101.00 210.00 483.00 -348.00 -1133.00 0
2003 11.27 6.47 -15.72 -82.00 110.00 209.00 483.00 -348.00 -1133.00 0
2013 6.75 5.15 -14.75 -86.00 114.00 201.00 483.00 -348.00 -1133.00 0
2022 4.80 4.66 -14.12 -75.00 103.00 194.00 483.00 -348.00 -1133.00 0
2031 2.37 4.59 -13.57 -81.00 93.00 189.00 483.00 -348.00 -1133.00 0
2040 0.49 5.08 -12.31 -71.00 88.00 192.00 483.00 -348.00 -1133.00 0
2050 -0.28 5.70 -11.13 -75.00 90.00 197.00 483.00 -348.00 -1133.00 0
2059 -0.49 6.68 -10.30 -76.00 89.00 196.00 483.00 -348.00 -1133.00 0
2068 0.07 7.65 -10.23 -91.00 90.00 194.00 483.00 -348.00 -1133.00 0
2077 -0.49 8.83 -10.09 -95.00 96.00 198.00 504.00 -395.00 -1017.00 0
2086 -0.35 9.25 -10.09 -103.00 105.00 208.00 504.00 -395.00 -1017.00 0
2096 -0.35 9.39 -10.02 -117.00 107.00 220.00 504.00 -395.00 -1017.00 0
2106 -1.18 9.32 -9.67 -120.00 103.00 220.00 504.00 -395.00 -1017.00 0
2115 -5.22 7.51 -8.83 -111.00 96.00 219.00 504.00 -395.00 -1017.00 0
2124 -7.44 6.19 -8.42 -95.00 96.00 215.00 504.00 -395.00 -1017.00 0
2134 -8.90 5.01 -7.79 -84.00 93.00 212.00 504.00 -395.00 -1017.00 0
2143 -10.23 4.17 -7.10 -82.00 90.00 211.00 507.00 -388.00 -1144.00 0
2152 -11.34 3.41 -6.33 -69.00 84.00 202.00 507.00 -388.00 -1144.00 0
2161 -12.31 2.64 -5.70 -70.00 73.00 199.00 507.00 -388.00 -1144.00 0
2170 -13.63 2.09 -5.84 -64.00 68.00 203.00 507.00 -388.00 -1144.00 0
2180 -13.43 1.67 -7.30 -66.00 63.00 204.00 507.00 -388.00 -1144.00 0
2189 -13.50 1.74 -9.25 -68.00 65.00 197.00 507.00 -388.00 -1144.00 0
2198 -13.01 1.95 -10.92 -67.00 68.00 203.00 507.00 -388.00 -1144.00 0
2207 -11.69 2.50 -12.45 -67.00 80.00 214.00 511.00 -382.00 -1030.00 0
2216 -9.67 3.06 -13.50 -73.00 86.00 207.00 511.00 -382.00 -1030.00 0
2226 -6.19 4.38 -14.61 -75.00 81.00 208.00 511.00 -382.00 -1030.00 0
2235 -5.01 5.08 -14.12 -80.00 81.00 210.00 511.00 -382.00 -1030.00 0
2244 -3.83 5.57 -13.50 -88.00 70.00 213.00 511.00 -382.00 -1030.00 0
2253 -2.78 5.77 -13.08 -91.00 82.00 217.00 511.00 -382.00 -1030.00 0
2263 -0.83 5.36 -12.59 -91.00 91.00 216.00 511.00 -382.00 -1030.00 0
2272 1.67 4.66 -11.83 -90.00 94.00 219.00 511.00 -381.00 -1189.00 0
2281 4.87 2.85 -10.37 -87.00 91.00 209.00 511.00 -381.00 -1189.00 0
2290 5.22 2.02 -9.81 -88.00 87.00 213.00 511.00 -381.00 -1189.00 0
2299 5.22 1.11 -9.46 -87.00 83.00 208.00 511.00 -381.00 -1189.00 0
2309 4.66 0.35 -9.53 -89.00 82.00 210.00 511.00 -381.00 -1189.00 0
2318 3.83 -0.35 -9.81 -85.00 93.00 208.00 511.00 -381.00 -1189.00 0
2327 3.34 -1.11 -9.95 -86.00 116.00 214.00 511.00 -381.00 -1189.00 0
2336 3.34 -3.13 -7.37 -94.00 117.00 214.00 514.00 -379.00 -952.00 0
2345 2.16 -4.17 -4.73 -102.00 113.00 217.00 514.00 -379.00 -952.00 0
2355 1.25 -5.50 -1.18 -107.00 112.00 216.00 514.00 -379.00 -952.00 0
2365 0.83 -7.03 3.34 -116.00 90.00 223.00 514.00 -379.00 -952.00 0
2373 0.00 -8.35 7.44 -108.00 92.00 217.00 514.00 -379.00 -952.00 0
2382 -0.83 -9.88 10.43 -101.00 101.00 217.00 514.00 -379.00 -952.00 0
2393 -1.81 -13.36 13.43 -90.00 108.00 207.00 514.00 -379.00 -952.00 0
2402 -2.92 -14.61 14.05 -76.00 106.00 208.00 258.00 -391.00 -1110.00 0
2411 -4.87 -15.37 14.40 -85.00 101.00 222.00 502.00 -391.00 -1110.00 0
2420 -7.37 -16.07 14.47 -79.00 87.00 224.00 502.00 -391.00 -1110.00 0
2429 -10.85 -17.81 13.01 -66.00 72.00 207.00 502.00 -391.00 -1110.00 0
2439 -15.44 -19.69 11.55 -61.00 69.00 204.00 502.00 -391.00 -1110.00 0
2448 -20.52 -23.10 9.11 -51.00 57.00 194.00 502.00 -391.00 -1110.00 0
2457 -22.05 -23.65 6.89 -45.00 52.00 187.00 502.00 -391.00 -1110.00 0
2466 -21.36 -23.23 5.22 -48.00 63.00 192.00 502.00 -391.00 -1110.00 0
2476 -18.92 -21.98 3.62 -68.00 57.00 199.00 502.00 -391.00 -1110.00 0
2485 -17.04 -20.31 1.46 -74.00 45.00 207.00 502.00 -391.00 -1110.00 0
2495 -16.42 -18.71 -3.69 -91.00 44.00 216.00 502.00 -391.00 -1110.00 0
2504 -13.43 -16.97 -6.75 -92.00 67.00 232.00 502.00 -391.00 -1110.00 0
2513 -11.27 -17.25 -9.95 -92.00 83.00 230.00 502.00 -391.00 -1110.00 0
2523 -9.88 -18.43 -12.66 -85.00 97.00 221.00 502.00 -391.00 -1110.00 0
2532 -9.18 -20.24 -14.54 -85.00 97.00 219.00 502.00 -391.00 -1110.00 0
2541 -9.53 -21.70 -15.65 -83.00 97.00 217.00 502.00 -391.00 -1110.00 0
2550 -10.99 -23.72 -15.93 -78.00 97.00 223.00 502.00 -391.00 -1110.00 0
2560 -12.10 -24.42 -15.72 -68.00 101.00 207.00 502.00 -391.00 -1110.00 0
2569 -13.36 -24.97 -15.51 -59.00 100.00 203.00 502.00 -391.00 -1110.00 0
2579 -14.68 -24.97 -15.23 -53.00 98.00 200.00 502.00 -391.00 -1110.00 0
2588 -16.14 -24.28 -14.82 -47.00 101.00 200.00 502.00 -391.00 -1110.00 0
2597 -17.25 -23.30 -14.26 -51.00 97.00 198.00 502.00 -391.00 -1110.00 0
2607 -19.69 -19.90 -11.90 -54.00 90.00 212.00 502.00 -391.00 -1110.00 0
2616 -21.70 -17.88 -10.16 -79.00 90.00 221.00 502.00 -391.00 -1110.00 0
2625 -23.79 -16.35 -8.28 -74.00 91.00 227.00 502.00 -391.00 -1110.00 0
2634 -26.37 -16.21 -7.37 -62.00 80.00 214.00 502.00 -391.00 -1110.00 0
2643 -29.57 -16.70 -6.89 -60.00 72.00 205.00 502.00 -391.00 -1110.00 0
2654 -32.14 -17.11 -4.94 -47.00 57.00 210.00 502.00 -391.00 -1110.00 0
2663 -33.46 -16.63 -3.41 -39.00 58.00 205.00 502.00 -391.00 -1110.00 0
2672 -31.79 -15.72 -2.23 -45.00 42.00 199.00 502.00 -391.00 -1110.00 0
2681 -29.98 -14.33 -0.90 -41.00 46.00 200.00 502.00 -391.00 -1110.00 0
2691 -26.43 -12.59 0.70 -42.00 62.00 199.00 502.00 -391.00 -1110.00 0
2700 -21.98 -10.30 1.95 -49.00 63.00 215.00 502.00 -391.00 -1110.00 0
2709 -15.37 -5.01 3.48 -53.00 66.00 217.00 502.00 -391.00 -1110.00 0
2718 -13.22 -2.78 3.90 -58.00 66.00 225.00 502.00 -391.00 -1110.00 0
2727 -11.97 -1.11 4.03 -74.00 62.00 241.00 502.00 -391.00 -1110.00 0
2737 -11.76 -0.35 3.76 -65.00 65.00 234.00 467.00 -342.00 -1113.00 0
2746 -12.03 -0.83 2.99 -66.00 67.00 232.00 467.00 -342.00 -1113.00 0
2755 -12.03 -1.60 2.37 -65.00 69.00 232.00 467.00 -342.00 -1113.00 0
2764 -11.69 -3.48 2.23 -63.00 64.00 228.00 467.00 -342.00 -1113.00 0
2774 -11.83 -4.24 2.57 -58.00 53.00 215.00 467.00 -342.00 -1113.00 0
2783 -11.55 -4.73 3.13 -49.00 41.00 208.00 467.00 -342.00 -1113.00 0
2792 -10.57 -4.73 3.62 -45.00 47.00 203.00 467.00 -342.00 -1113.00 0
2801 -8.70 -4.24 3.76 -44.00 53.00 199.00 467.00 -342.00 -1113.00 0
2810 -6.12 -3.13 3.69 -46.00 50.00 209.00 467.00 -342.00 -1113.00 0
2820 -2.37 0.21 3.06 -61.00 54.00 218.00 467.00 -342.00 -1113.00 0
2829 -1.39 1.60 2.02 -55.00 62.00 218.00 467.00 -342.00 -1113.00 0
2838 -0.35 2.50 0.70 -57.00 63.00 221.00 467.00 -342.00 -1113.00 0
2847 0.49 3.48 -0.49 -58.00 60.00 219.00 467.00 -342.00 -1113.00 0
2856 1.04 4.52 -1.67 -62.00 61.00 216.00 467.00 -342.00 -1113.00 0
2866 1.53 5.57 -2.71 -57.00 61.00 209.00 467.00 -342.00 -1113.00 0
2875 2.37 7.03 -4.73 -51.00 64.00 207.00 467.00 -342.00 -1113.00 0
2884 2.71 7.79 -5.98 -36.00 63.00 198.00 467.00 -342.00 -1113.00 0
2893 2.16 8.83 -7.37 -25.00 65.00 187.00 467.00 -342.00 -1113.00 0
2903 0.90 9.81 -8.97 -15.00 61.00 167.00 467.00 -342.00 -1113.00 0
2912 -1.88 11.06 -10.92 -18.00 41.00 147.00 467.00 -342.00 -1113.00 0
2921 -5.57 13.57 -13.08 -1.00 26.00 136.00 467.00 -342.00 -1113.00 0
2930 -9.53 25.46 -20.17 -1.00 20.00 110.00 483.00 -335.00 -1174.00 0
2939 -15.86 35.48 -25.32 -17.00 26.00 119.00 483.00 -335.00 -1174.00 0
2950 -16.63 48.07 -30.47 -49.00 30.00 144.00 483.00 -335.00 -1174.00 0
2959 -15.17 61.15 -34.78 -88.00 52.00 182.00 483.00 -335.00 -1174.00 1
2969 -11.41 74.43 -37.84 -159.00 73.00 254.00 483.00 -335.00 -1174.00 1
2979 4.03 96.77 -37.57 -270.00 58.00 338.00 483.00 -335.00 -1174.00 1
2990 17.88 103.51 -32.83 -314.00 118.00 442.00 483.00 -335.00 -1174.00 1
3001 34.23 100.66 -27.06 -250.00 193.00 403.00 483.00 -335.00 -1174.00 1
3011 41.46 65.04 -20.52 -184.00 181.00 325.00 483.00 -335.00 -1174.00 1
3021 33.60 41.11 -15.51 -135.00 134.00 248.00 483.00 -335.00 -1174.00 0
3032 21.84 19.48 -9.25 -92.00 89.00 195.00 483.00 -335.00 -1174.00 0
3041 9.60 0.97 -2.71 -69.00 63.00 172.00 483.00 -335.00 -1174.00 0
3050 -3.62 -22.33 10.57 -61.00 63.00 174.00 483.00 -335.00 -1174.00 0
3059 -3.06 -28.45 17.32 -71.00 51.00 185.00 517.00 -350.00 -1031.00 0
3068 -1.67 -31.58 23.03 -63.00 41.00 180.00 517.00 -350.00 -1031.00 0
3078 -0.97 -33.25 25.95 -56.00 44.00 176.00 517.00 -350.00 -1031.00 0
3087 -0.28 -34.09 26.37 -61.00 53.00 177.00 517.00 -350.00 -1031.00 0
3096 0.28 -33.74 24.97 -58.00 58.00 186.00 517.00 -350.00 -1031.00 0
3105 -2.16 -30.19 18.85 -61.00 41.00 190.00 517.00 -350.00 -1031.00 0
3115 -4.38 -27.06 15.37 -65.00 43.00 188.00 517.00 -350.00 -1031.00 0
3124 -5.50 -23.65 11.97 -64.00 45.00 192.00 501.00 -355.00 -1140.00 0
3133 -5.36 -20.17 8.90 -62.00 58.00 198.00 501.00 -355.00 -1140.00 0
3143 -3.69 -16.77 6.68 -66.00 64.00 201.00 501.00 -355.00 -1140.00 0
3152 -1.46 -13.08 4.73 -77.00 75.00 213.00 501.00 -355.00 -1140.00 0
3162 1.81 -6.33 1.95 -79.00 85.00 212.00 501.00 -355.00 -1140.00 0
3171 1.81 -4.17 0.21 -89.00 84.00 220.00 501.00 -355.00 -1140.00 0
3180 1.53 -2.64 -1.11 -100.00 85.00 230.00 501.00 -355.00 -1140.00 0
3189 0.83 -1.95 -2.30 -101.00 84.00 232.00 501.00 -356.00 -1201.00 0
3198 0.00 -2.09 -2.99 -100.00 81.00 234.00 503.00 -356.00 -1201.00 0
3208 -0.77 -3.06 -3.27 -87.00 77.00 221.00 503.00 -356.00 -1201.00 0
3217 -1.74 -6.26 -2.64 -78.00 73.00 209.00 503.00 -356.00 -1201.00 0
3226 -1.81 -7.44 -1.88 -69.00 69.00 205.00 503.00 -356.00 -1201.00 0
3235 -1.46 -8.07 -0.83 -70.00 70.00 207.00 503.00 -356.00 -1201.00 0
3245 -0.97 -8.35 0.07 -65.00 66.00 198.00 503.00 -356.00 -1201.00 0
3254 -0.83 -8.35 0.56 -72.00 68.00 208.00 503.00 -356.00 -1201.00 0
3263 -0.97 -8.07 0.49 -80.00 70.00 210.00 503.00 -356.00 -1201.00 0
3272 -1.95 -7.03 -1.11 -79.00 74.00 211.00 503.00 -356.00 -1201.00 0
3281 -2.50 -6.68 -1.95 -85.00 74.00 222.00 503.00 -356.00 -1201.00 0
3291 -2.99 -6.61 -2.57 -87.00 76.00 219.00 503.00 -356.00 -1201.00 0
3300 -3.13 -6.89 -2.85 -83.00 74.00 219.00 503.00 -356.00 -1201.00 0
3309 -3.13 -7.37 -2.85 -77.00 75.00 215.00 503.00 -356.00 -1201.00 0
3318 -3.13 -7.93 -2.57 -80.00 75.00 212.00 503.00 -356.00 -1201.00 0
3328 -3.27 -8.42 -2.30 -76.00 74.00 216.00 497.00 -356.00 -1109.00 0
3337 -3.41 -8.49 -2.30 -68.00 77.00 211.00 497.00 -356.00 -1109.00 0
3346 -3.83 -8.49 -2.30 -74.00 75.00 210.00 497.00 -356.00 -1109.00 0
3355 -4.45 -8.35 -2.30 -75.00 70.00 214.00 497.00 -356.00 -1109.00 0
3364 -5.01 -8.35 -2.37 -73.00 74.00 215.00 497.00 -356.00 -1109.00 0
3374 -5.43 -8.49 -2.37 -74.00 74.00 213.00 497.00 -356.00 -1109.00 0
3383 -6.26 -8.63 -2.50 -75.00 74.00 213.00 497.00 -356.00 -1109.00 0
3392 -6.33 -8.49 -2.23 -77.00 73.00 214.00 497.00 -356.00 -1109.00 0
3401 -6.33 -8.35 -1.88 -77.00 70.00 211.00 497.00 -356.00 -1109.00 0
3410 -6.12 -8.35 -1.39 -72.00 75.00 217.00 497.00 -356.00 -1109.00 0
3420 -5.43 -8.42 -0.90 -73.00 70.00 214.00 497.00 -356.00 -1109.00 0
3429 -5.36 -8.49 -0.49 -76.00 71.00 219.00 497.00 -356.00 -1109.00 0
3438 -5.63 -8.56 -0.14 -73.00 74.00 213.00 497.00 -356.00 -1109.00 0
3447 -5.70 -8.70 -0.07 -73.00 71.00 215.00 497.00 -356.00 -1109.00 0
3457 -5.70 -8.77 0.07 -75.00 70.00 215.00 497.00 -356.00 -1109.00 0
3466 -5.91 -8.83 0.14 -73.00 70.00 218.00 497.00 -356.00 -1109.00 0
3475 -6.19 -9.04 0.00 -73.00 66.00 220.00 497.00 -356.00 -1109.00 0
3483 -6.33 -9.39 -0.21 -80.00 67.00 222.00 497.00 -356.00 -1109.00 0
3492 -6.26 -10.43 -0.77 -77.00 74.00 221.00 497.00 -356.00 -1109.00 0
3503 -6.05 -11.34 -0.97 -73.00 78.00 223.00 497.00 -356.00 -1109.00 0
3512 -5.98 -12.45 -1.18 -74.00 73.00 218.00 497.00 -356.00 -1109.00 0
3521 -6.12 -13.36 -1.25 -76.00 71.00 224.00 484.00 -352.00 -1204.00 0
3530 -5.98 -13.98 -0.97 -73.00 76.00 228.00 484.00 -352.00 -1204.00 0
3539 -5.70 -14.82 -0.70 -76.00 77.00 225.00 484.00 -352.00 -1204.00 0
3549 -5.43 -16.97 -0.07 -67.00 76.00 226.00 484.00 -352.00 -1204.00 0
3558 -5.77 -18.50 0.14 -63.00 75.00 220.00 484.00 -352.00 -1204.00 0
3567 -5.98 -20.03 0.14 -54.00 70.00 209.00 484.00 -352.00 -1204.00 0
3576 -6.54 -21.15 0.35 -52.00 68.00 202.00 484.00 -352.00 -1204.00 0
3586 -6.89 -21.43 0.70 -46.00 63.00 195.00 469.00 -350.00 -1142.00 0
3595 -7.51 -20.87 0.56 -44.00 55.00 192.00 469.00 -350.00 -1142.00 0
3604 -8.00 -17.39 -0.28 -48.00 63.00 197.00 469.00 -350.00 -1142.00 0
3613 -7.51 -14.89 -1.25 -59.00 65.00 208.00 469.00 -350.00 -1142.00 0
3622 -7.37 -12.59 -2.43 -59.00 67.00 210.00 469.00 -350.00 -1142.00 0
3632 -7.23 -10.37 -3.55 -55.00 67.00 211.00 469.00 -350.00 -1142.00 0
3641 -7.37 -8.14 -4.73 -58.00 64.00 213.00 469.00 -350.00 -1142.00 0
3650 -7.58 -5.84 -5.91 -61.00 66.00 217.00 473.00 -347.00 -1178.00 0
3659 -7.10 -1.53 -6.96 -58.00 68.00 213.00 473.00 -347.00 -1178.00 0
3668 -5.15 0.28 -6.75 -57.00 76.00 211.00 473.00 -347.00 -1178.00 0
3678 -3.62 1.67 -5.70 -46.00 72.00 200.00 473.00 -347.00 -1178.00 0
3687 -2.16 3.13 -4.10 -34.00 65.00 187.00 473.00 -347.00 -1178.00 0
3696 -1.60 4.94 -3.06 -27.00 55.00 178.00 473.00 -347.00 -1178.00 0
3705 -2.57 7.44 -3.69 -4.00 40.00 138.00 473.00 -347.00 -1178.00 0
3715 -5.57 10.92 -6.12 24.00 25.00 93.00 480.00 -339.00 -1091.00 0
3724 -14.89 24.07 -16.07 32.00 13.00 62.00 480.00 -339.00 -1091.00 1
3734 -17.53 36.03 -21.70 -34.00 36.00 123.00 480.00 -339.00 -1091.00 1
3744 -14.54 53.15 -24.49 -143.00 0.00 213.00 480.00 -339.00 -1091.00 1
3755 15.51 91.90 -16.00 -222.00 59.00 325.00 480.00 -339.00 -1091.00 1
3765 37.70 103.23 -10.23 -262.00 137.00 391.00 480.00 -339.00 -1091.00 1
3775 51.34 105.04 -9.39 -222.00 194.00 397.00 480.00 -339.00 -1091.00 1
3786 55.17 75.27 -14.40 -187.00 195.00 344.00 480.00 -339.00 -1091.00 1
3796 38.40 52.52 -13.29 -130.00 145.00 246.00 480.00 -339.00 -1091.00 1
3807 23.79 29.91 -10.92 -76.00 120.00 195.00 480.00 -339.00 -1091.00 1
3818 10.78 9.32 -4.10 -46.00 126.00 166.00 480.00 -339.00 -1091.00 0
3827 -5.91 -19.62 -0.28 -30.00 98.00 142.00 480.00 -339.00 -1091.00 0
3836 -13.84 -25.88 2.50 -41.00 60.00 153.00 480.00 -339.00 -1091.00 0
3846 -20.03 -27.83 5.36 -60.00 40.00 169.00 510.00 -353.00 -1045.00 0
3855 -23.17 -26.30 8.42 -85.00 39.00 193.00 510.00 -353.00 -1045.00 0
3864 -23.10 -23.37 10.43 -98.00 20.00 211.00 510.00 -353.00 -1045.00 0
3873 -20.73 -17.81 9.32 -102.00 39.00 220.00 510.00 -353.00 -1045.00 0
3883 -16.90 -16.42 8.77 -102.00 51.00 228.00 510.00 -353.00 -1045.00 0
3893 -14.05 -15.65 7.17 -97.00 55.00 230.00 510.00 -353.00 -1045.00 0
3902 -12.10 -15.65 5.22 -93.00 62.00 225.00 510.00 -353.00 -1045.00 0
3911 -10.09 -16.42 3.90 -85.00 64.00 209.00 510.00 -352.00 -1136.00 0
3920 -8.14 -17.39 2.85 -70.00 71.00 199.00 502.00 -352.00 -1136.00 0
3930 -3.83 -18.23 1.74 -61.00 78.00 192.00 502.00 -352.00 -1136.00 0
3939 -2.02 -17.53 1.60 -56.00 77.00 187.00 502.00 -352.00 -1136.00 0
3948 -0.77 -15.93 1.53 -50.00 74.00 184.00 502.00 -352.00 -1136.00 0
3957 0.14 -13.43 1.39 -59.00 79.00 181.00 502.00 -352.00 -1136.00 0
3966 0.70 -10.30 1.25 -65.00 84.00 197.00 502.00 -352.00 -1136.00 0
3976 0.70 -6.96 0.70 -73.00 82.00 208.00 502.00 -352.00 -1136.00 0
3985 -1.11 -1.25 -1.11 -88.00 80.00 222.00 502.00 -352.00 -1136.00 0
3994 -2.43 0.35 -1.88 -93.00 73.00 234.00 502.00 -352.00 -1136.00 0
4003 -3.76 0.83 -2.43 -108.00 69.00 243.00 502.00 -352.00 -1136.00 0
4013 -4.66 0.28 -2.57 -106.00 70.00 241.00 502.00 -352.00 -1136.00 0
4022 -4.94 -1.46 -2.43 -101.00 71.00 234.00 502.00 -352.00 -1136.00 0
4031 -5.08 -4.03 -2.30 -87.00 67.00 222.00 502.00 -352.00 -1136.00 0
4040 -4.87 -8.97 -1.67 -72.00 69.00 210.00 502.00 -352.00 -1136.00 0
4049 -4.10 -10.92 -0.90 -71.00 72.00 208.00 502.00 -352.00 -1136.00 0
4059 -3.34 -12.38 -0.14 -68.00 72.00 204.00 502.00 -352.00 -1136.00 0
4068 -2.78 -13.50 0.49 -70.00 75.00 206.00 502.00 -352.00 -1136.00 0
4077 -2.57 -14.26 0.70 -75.00 81.00 217.00 502.00 -352.00 -1136.00 0
4086 -2.37 -14.89 0.63 -74.00 89.00 218.00 502.00 -352.00 -1136.00 0
4096 -3.06 -16.42 0.28 -79.00 85.00 224.00 502.00 -352.00 -1136.00 0
4105 -4.17 -17.32 0.35 -82.00 84.00 225.00 502.00 -352.00 -1136.00 0
4114 -5.15 -18.43 0.70 -72.00 83.00 218.00 502.00 -352.00 -1136.00 0
4123 -5.84 -19.55 1.32 -75.00 75.00 219.00 502.00 -352.00 -1136.00 0
4132 -6.40 -20.52 2.16 -69.00 66.00 214.00 502.00 -352.00 -1136.00 0
4142 -6.96 -21.15 2.85 -71.00 70.00 212.00 502.00 -352.00 -1136.00 0
4152 -6.68 -22.33 4.03 -68.00 63.00 217.00 502.00 -352.00 -1136.00 0
4161 -6.19 -22.82 4.38 -66.00 71.00 212.00 502.00 -352.00 -1136.00 0
4170 -5.84 -23.10 4.31 -59.00 76.00 215.00 502.00 -352.00 -1136.00 0
4179 -5.43 -23.30 4.45 -66.00 72.00 215.00 502.00 -352.00 -1136.00 0
4189 -5.08 -23.17 4.45 -67.00 72.00 214.00 502.00 -352.00 -1136.00 0
4198 -5.36 -23.03 4.52 -62.00 78.00 217.00 502.00 -352.00 -1136.00 0
4207 -4.24 -23.23 4.66 -53.00 76.00 208.00 502.00 -352.00 -1136.00 0
4216 -4.38 -22.82 5.01 -54.00 78.00 206.00 502.00 -352.00 -1136.00 0
4226 -4.52 -22.12 5.22 -52.00 76.00 211.00 502.00 -352.00 -1136.00 0
4235 -4.80 -21.15 5.08 -55.00 71.00 209.00 502.00 -352.00 -1136.00 0
4244 -5.70 -20.03 4.80 -55.00 68.00 213.00 502.00 -352.00 -1136.00 0
4253 -6.26 -18.92 4.45 -62.00 63.00 216.00 502.00 -352.00 -1136.00 0
4262 -7.23 -16.56 3.55 -62.00 65.00 219.00 502.00 -352.00 -1136.00 0
4272 -7.23 -15.86 2.92 -61.00 71.00 213.00 502.00 -352.00 -1136.00 0
4281 -6.96 -15.17 2.16 -55.00 65.00 214.00 502.00 -352.00 -1136.00 0
4290 -6.75 -14.40 1.67 -56.00 68.00 212.00 502.00 -352.00 -1136.00 0
4299 -6.12 -13.29 1.53 -56.00 69.00 215.00 502.00 -352.00 -1136.00 0
4308 -5.29 -12.17 1.39 -55.00 72.00 219.00 457.00 -359.00 -1105.00 0
4318 -3.69 -9.88 0.83 -58.00 74.00 217.00 457.00 -359.00 -1105.00 0
4327 -3.69 -8.77 0.28 -61.00 73.00 225.00 457.00 -359.00 -1105.00 0
4336 -3.90 -8.14 -0.35 -59.00 74.00 225.00 457.00 -359.00 -1105.00 0
4345 -4.38 -8.00 -1.25 -59.00 79.00 223.00 457.00 -359.00 -1105.00 0
4355 -4.73 -8.07 -2.02 -54.00 74.00 213.00 457.00 -359.00 -1105.00 0
4364 -5.08 -8.21 -2.43 -43.00 72.00 204.00 457.00 -359.00 -1105.00 0
4373 -5.57 -7.17 -2.50 -45.00 69.00 205.00 456.00 -352.00 -1039.00 0
4382 -5.50 -5.91 -2.30 -47.00 66.00 206.00 456.00 -352.00 -1039.00 0
4391 -5.36 -4.38 -2.16 -43.00 68.00 204.00 456.00 -352.00 -1039.00 0
4401 -5.08 -2.71 -2.16 -45.00 67.00 206.00 456.00 -352.00 -1039.00 0
4410 -4.94 -0.77 -2.30 -43.00 68.00 209.00 456.00 -352.00 -1039.00 0
4419 -4.94 1.32 -2.57 -46.00 66.00 204.00 456.00 -352.00 -1039.00 0
4428 -4.66 5.91 -3.20 -45.00 63.00 201.00 456.00 -352.00 -1039.00 0
4438 -4.17 8.35 -3.55 -45.00 64.00 197.00 460.00 -351.00 -1048.00 0
4447 -3.41 11.06 -3.97 -30.00 62.00 185.00 460.00 -351.00 -1048.00 0
4456 -2.30 14.26 -4.17 -11.00 66.00 158.00 460.00 -351.00 -1048.00 0
4465 -0.70 18.37 -4.24 4.00 72.00 136.00 460.00 -351.00 -1048.00 0
4474 1.39 23.93 -4.10 14.00 69.00 120.00 460.00 -351.00 -1048.00 0
4484 2.64 41.81 -4.80 25.00 51.00 97.00 460.00 -351.00 -1048.00 0
4493 0.83 54.19 -6.82 15.00 23.00 81.00 460.00 -351.00 -1048.00 1
4503 -1.53 68.52 -9.53 -80.00 40.00 127.00 505.00 -355.00 -1206.00 1
4513 -1.81 85.57 -12.73 -212.00 -12.00 266.00 505.00 -355.00 -1206.00 1
4524 13.36 115.55 -11.69 -345.00 55.00 452.00 505.00 -355.00 -1206.00 1
4535 32.56 116.73 -9.11 -324.00 190.00 497.00 505.00 -355.00 -1206.00 1
4545 45.22 103.72 -11.97 -216.00 244.00 400.00 505.00 -355.00 -1206.00 1
4556 40.70 49.25 -15.03 -138.00 207.00 282.00 505.00 -355.00 -1206.00 1
4567 27.41 23.17 -11.27 -84.00 131.00 188.00 505.00 -355.00 -1206.00 1
4577 12.59 2.37 -6.19 -37.00 92.00 138.00 505.00 -355.00 -1206.00 0
4586 0.42 -13.84 -0.42 -12.00 79.00 108.00 505.00 -355.00 -1206.00 0
4595 -13.63 -30.12 10.92 -13.00 75.00 117.00 505.00 -355.00 -1206.00 0
4604 -17.04 -31.58 13.57 -38.00 47.00 162.00 505.00 -355.00 -1206.00 0
4614 -19.34 -30.12 14.33 -67.00 36.00 183.00 505.00 -355.00 -1206.00 0
4624 -19.90 -28.10 14.61 -80.00 45.00 207.00 505.00 -355.00 -1206.00 0
4633 -19.06 -26.09 13.43 -96.00 50.00 220.00 505.00 -364.00 -1101.00 0
4642 -17.67 -22.82 8.63 -100.00 60.00 238.00 501.00 -364.00 -1101.00 0
4652 -16.70 -22.40 6.19 -101.00 62.00 238.00 501.00 -364.00 -1101.00 0
4661 -15.93 -22.75 4.03 -82.00 60.00 222.00 501.00 -364.00 -1101.00 0
4670 -14.96 -23.51 2.57 -70.00 56.00 207.00 501.00 -364.00 -1101.00 0
4679 -13.63 -23.79 1.81 -64.00 61.00 197.00 501.00 -364.00 -1101.00 0
4688 -11.62 -23.37 1.25 -59.00 64.00 192.00 501.00 -364.00 -1101.00 0
4698 -6.61 -20.03 0.35 -58.00 74.00 187.00 501.00 -364.00 -1101.00 0
4708 -3.62 -17.53 -0.14 -50.00 85.00 186.00 501.00 -364.00 -1101.00 0
4717 -1.11 -14.61 -0.63 -66.00 91.00 204.00 501.00 -364.00 -1101.00 0
4726 0.42 -11.41 -1.11 -76.00 96.00 222.00 501.00 -364.00 -1101.00 0
4736 0.77 -8.77 -1.88 -73.00 102.00 226.00 501.00 -364.00 -1101.00 0
4745 0.21 -7.30 -2.43 -73.00 94.00 219.00 501.00 -364.00 -1101.00 0
4754 -2.71 -6.12 -2.30 -79.00 79.00 222.00 501.00 -364.00 -1101.00 0
4763 -4.03 -5.70 -1.53 -80.00 71.00 218.00 501.00 -364.00 -1101.00 0
4772 -4.66 -5.57 -0.70 -78.00 68.00 215.00 501.00 -364.00 -1101.00 0
4782 -4.66 -5.63 0.14 -71.00 64.00 209.00 501.00 -364.00 -1101.00 0
4791 -4.59 -5.77 0.63 -70.00 63.00 204.00 501.00 -364.00 -1101.00 0
4800 -4.38 -5.57 0.70 -75.00 64.00 213.00 501.00 -364.00 -1101.00 0
4809 -2.99 -4.80 0.28 -83.00 73.00 226.00 501.00 -364.00 -1101.00 0
4818 -2.37 -4.94 -0.56 -76.00 83.00 224.00 501.00 -364.00 -1101.00 0
4828 -1.95 -5.84 -1.39 -78.00 90.00 222.00 501.00 -364.00 -1101.00 0
4837 -1.74 -6.89 -1.81 -76.00 87.00 219.00 485.00 -363.00 -1143.00 0
4846 -1.81 -7.86 -1.88 -67.00 87.00 216.00 485.00 -363.00 -1143.00 0
4855 -1.95 -9.04 -1.60 -69.00 89.00 210.00 485.00 -363.00 -1143.00 0
4865 -2.23 -10.85 -0.28 -64.00 81.00 204.00 485.00 -363.00 -1143.00 0
4874 -2.30 -11.34 0.42 -62.00 79.00 210.00 485.00 -363.00 -1143.00 0
4883 -2.30 -11.20 1.11 -64.00 72.00 209.00 485.00 -363.00 -1143.00 0
4892 -2.78 -10.85 1.46 -69.00 77.00 217.00 485.00 -363.00 -1143.00 0
4901 -3.06 -10.64 1.60 -66.00 78.00 217.00 485.00 -363.00 -1143.00 0
4911 -3.27 -10.43 1.46 -75.00 80.00 217.00 485.00 -363.00 -1143.00 0
4920 -4.10 -10.09 1.46 -71.00 80.00 220.00 485.00 -363.00 -1143.00 0
4929 -4.24 -10.23 1.53 -71.00 79.00 220.00 485.00 -363.00 -1143.00 0
4938 -4.31 -10.57 1.74 -75.00 80.00 219.00 485.00 -363.00 -1143.00 0
4947 -4.03 -11.27 2.09 -67.00 88.00 217.00 485.00 -363.00 -1143.00 0
4957 -3.41 -12.10 2.43 -70.00 83.00 219.00 485.00 -363.00 -1143.00 0
4966 -3.13 -12.59 2.99 -68.00 80.00 216.00 485.00 -363.00 -1143.00 0
4975 -2.92 -13.77 4.03 -66.00 81.00 218.00 485.00 -363.00 -1143.00 0
4984 -2.85 -14.47 4.45 -68.00 76.00 218.00 485.00 -363.00 -1143.00 0
4994 -2.30 -15.37 4.87 -64.00 86.00 218.00 485.00 -363.00 -1143.00 0
5003 -2.02 -15.93 5.08 -62.00 77.00 215.00 485.00 -363.00 -1143.00 0
5012 -2.57 -16.07 5.22 -55.00 76.00 207.00 485.00 -363.00 -1143.00 0
5021 -2.57 -16.28 5.29 -47.00 77.00 201.00 485.00 -363.00 -1143.00 0
5030 -2.43 -15.58 4.87 -39.00 67.00 203.00 465.00 -371.00 -983.00 0
5040 -2.57 -14.26 4.80 -48.00 68.00 207.00 465.00 -371.00 -983.00 0
5049 -2.16 -12.52 4.73 -53.00 76.00 202.00 465.00 -371.00 -983.00 0
5058 -1.88 -11.13 4.24 -52.00 78.00 213.00 465.00 -371.00 -983.00 0
5067 -1.81 -9.95 3.55 -54.00 77.00 214.00 465.00 -371.00 -983.00 0
5076 -2.23 -8.83 2.71 -64.00 83.00 220.00 465.00 -371.00 -983.00 0
5086 -3.20 -6.96 1.18 -64.00 81.00 225.00 465.00 -371.00 -983.00 0
5095 -3.62 -6.40 0.77 -61.00 80.00 217.00 461.00 -369.00 -1088.00 0
5104 -3.76 -5.98 0.56 -56.00 78.00 207.00 461.00 -369.00 -1088.00 0
5113 -3.97 -5.43 0.35 -54.00 77.00 209.00 461.00 -369.00 -1088.00 0
5123 -4.03 -4.73 0.21 -56.00 76.00 211.00 461.00 -369.00 -1088.00 0
5132 -3.97 -4.03 0.07 -56.00 78.00 213.00 461.00 -369.00 -1088.00 0
5141 -3.83 -3.34 -0.70 -49.00 83.00 206.00 461.00 -369.00 -1088.00 0
5150 -3.62 -1.60 -1.11 -52.00 82.00 210.00 461.00 -369.00 -1088.00 0
5159 -3.55 -0.49 -1.32 -55.00 83.00 212.00 465.00 -371.00 -1002.00 0
5169 -3.34 0.70 -1.25 -57.00 78.00 209.00 465.00 -371.00 -1002.00 0
5178 -3.34 1.88 -1.25 -55.00 75.00 210.00 465.00 -371.00 -1002.00 0
5187 -3.20 3.20 -1.25 -51.00 80.00 208.00 465.00 -371.00 -1002.00 0
5196 -2.57 4.52 -1.25 -54.00 77.00 208.00 465.00 -371.00 -1002.00 0
5206 -2.02 7.44 -1.60 -51.00 76.00 204.00 465.00 -371.00 -1002.00 0
5215 -2.16 9.11 -2.23 -41.00 76.00 193.00 465.00 -371.00 -1002.00 0
5224 -2.37 10.99 -2.85 -42.00 74.00 192.00 471.00 -373.00 -1178.00 0
5233 -2.30 13.43 -3.48 -31.00 70.00 182.00 471.00 -373.00 -1178.00 0
5242 -2.23 16.42 -4.10 -26.00 73.00 170.00 471.00 -373.00 -1178.00 0
5252 -2.23 20.17 -4.94 -15.00 68.00 152.00 471.00 -373.00 -1178.00 0
5261 -2.78 30.61 -7.51 -18.00 67.00 150.00 471.00 -373.00 -1178.00 0
5270 -3.20 37.77 -8.97 -40.00 62.00 171.00 471.00 -373.00 -1178.00 0
5279 -3.55 45.50 -10.50 -51.00 65.00 168.00 471.00 -373.00 -1178.00 0
5288 -3.41 52.45 -12.45 -42.00 77.00 185.00 471.00 -373.00 -1178.00 0
5298 -2.78 59.06 -15.10 -67.00 62.00 178.00 471.00 -373.00 -1178.00 0
5307 -3.48 66.50 -19.83 -102.00 63.00 200.00 471.00 -373.00 -1178.00 0
5316 -4.31 77.43 -22.89 -113.00 49.00 218.00 471.00 -373.00 -1178.00 0
5326 -7.58 80.42 -27.83 -125.00 51.00 223.00 471.00 -373.00 -1178.00 1
5336 -10.78 80.83 -34.02 -151.00 42.00 217.00 471.00 -373.00 -1178.00 1
5347 -14.33 80.14 -39.86 -171.00 112.00 306.00 471.00 -373.00 -1178.00 1
5357 -6.54 72.97 -41.67 -275.00 72.00 360.00 543.00 -353.00 -1036.00 1
5368 4.45 66.64 -34.09 -240.00 190.00 390.00 543.00 -353.00 -1036.00 1
5379 28.66 44.24 -17.11 -170.00 186.00 300.00 543.00 -353.00 -1036.00 1
5390 23.10 25.60 -11.76 -106.00 135.00 219.00 543.00 -353.00 -1036.00 1
5400 13.15 8.14 -7.03 -86.00 98.00 189.00 543.00 -353.00 -1036.00 1
5410 -3.55 -15.58 5.84 -56.00 72.00 158.00 543.00 -353.00 -1036.00 0
5420 -9.74 -22.96 10.92 -55.00 71.00 146.00 543.00 -353.00 -1036.00 0
5429 -14.47 -27.55 13.57 -53.00 59.00 153.00 543.00 -353.00 -1036.00 0
5439 -17.88 -29.91 14.26 -62.00 58.00 168.00 543.00 -353.00 -1036.00 0
5448 -19.62 -29.98 13.84 -88.00 48.00 182.00 543.00 -353.00 -1036.00 0
5457 -20.24 -28.87 13.22 -97.00 58.00 219.00 543.00 -353.00 -1036.00 0
5467 -19.13 -27.34 9.74 -106.00 47.00 223.00 543.00 -353.00 -1036.00 0
5476 -18.99 -27.55 7.79 -111.00 59.00 225.00 543.00 -353.00 -1036.00 0
5485 -18.02 -27.97 6.26 -102.00 49.00 218.00 543.00 -353.00 -1036.00 0
5494 -16.77 -28.52 5.01 -96.00 53.00 213.00 543.00 -353.00 -1036.00 0
5505 -14.33 -28.66 4.38 -91.00 70.00 209.00 543.00 -353.00 -1036.00 0
5514 -10.78 -28.31 3.48 -75.00 74.00 202.00 543.00 -353.00 -1036.00 0
5523 -5.22 -28.24 2.92 -73.00 80.00 200.00 543.00 -353.00 -1036.00 0
5532 -3.41 -27.97 2.37 -62.00 90.00 190.00 543.00 -353.00 -1036.00 0
5541 -2.50 -27.41 1.74 -62.00 92.00 189.00 543.00 -353.00 -1036.00 0
5551 -2.30 -26.50 1.04 -61.00 91.00 191.00 543.00 -353.00 -1036.00 0
5560 -2.50 -24.90 0.70 -72.00 84.00 199.00 543.00 -353.00 -1036.00 0
5569 -3.34 -20.87 1.25 -74.00 82.00 206.00 543.00 -353.00 -1036.00 0
5578 -3.06 -19.20 1.88 -69.00 85.00 216.00 543.00 -353.00 -1036.00 0
5587 -2.85 -17.95 2.50 -75.00 75.00 212.00 543.00 -353.00 -1036.00 0
5597 -3.55 -16.56 2.85 -82.00 72.00 216.00 543.00 -353.00 -1036.00 0
5606 -3.97 -15.51 3.06 -84.00 66.00 218.00 543.00 -353.00 -1036.00 0
5615 -4.66 -14.82 2.99 -77.00 67.00 212.00 543.00 -353.00 -1036.00 0
5624 -5.50 -14.61 1.95 -70.00 66.00 211.00 543.00 -353.00 -1036.00 0
5634 -5.43 -14.54 1.53 -70.00 67.00 215.00 543.00 -353.00 -1036.00 0
5643 -4.87 -14.47 1.11 -70.00 70.00 205.00 543.00 -353.00 -1036.00 0
5652 -4.59 -13.98 0.77 -66.00 73.00 202.00 543.00 -353.00 -1036.00 0
5661 -3.97 -13.43 0.49 -65.00 72.00 201.00 543.00 -353.00 -1036.00 0
5670 -3.41 -12.45 0.21 -65.00 74.00 209.00 543.00 -353.00 -1036.00 0
5680 -2.30 -9.81 0.14 -68.00 78.00 205.00 543.00 -353.00 -1036.00 0
5689 -1.81 -8.56 0.14 -70.00 79.00 211.00 543.00 -353.00 -1036.00 0
5698 -1.53 -7.30 0.00 -75.00 82.00 215.00 543.00 -353.00 -1036.00 0
5707 -1.74 -6.26 -0.35 -70.00 80.00 216.00 543.00 -353.00 -1036.00 0
5716 -2.30 -5.63 -0.70 -73.00 76.00 212.00 543.00 -353.00 -1036.00 0
5726 -3.20 -5.22 -1.04 -81.00 71.00 223.00 543.00 -353.00 -1036.00 0
5735 -4.10 -5.08 -1.60 -83.00 74.00 224.00 543.00 -353.00 -1036.00 0
5744 -4.73 -5.77 -1.88 -83.00 80.00 226.00 543.00 -353.00 -1036.00 0
5753 -4.59 -6.75 -1.95 -81.00 78.00 223.00 543.00 -353.00 -1036.00 0
5763 -4.45 -8.14 -1.67 -80.00 85.00 225.00 543.00 -353.00 -1036.00 0
5772 -4.03 -9.67 -1.18 -74.00 85.00 221.00 543.00 -353.00 -1036.00 0
5781 -3.90 -11.06 -0.42 -69.00 76.00 217.00 543.00 -353.00 -1036.00 0
5790 -3.97 -12.94 1.39 -63.00 75.00 210.00 543.00 -353.00 -1036.00 0
5799 -3.48 -13.29 2.09 -63.00 70.00 205.00 543.00 -353.00 -1036.00 0
5809 -3.48 -13.22 2.50 -60.00 72.00 208.00 543.00 -353.00 -1036.00 0
5819 -3.48 -13.01 2.43 -64.00 75.00 206.00 482.00 -364.00 -1089.00 0
5828 -3.76 -12.73 2.09 -70.00 73.00 221.00 482.00 -364.00 -1089.00 0
5837 -4.03 -12.45 1.46 -73.00 83.00 221.00 482.00 -364.00 -1089.00 0
5847 -4.24 -12.59 0.49 -75.00 83.00 224.00 482.00 -364.00 -1089.00 0
5856 -5.22 -13.08 0.35 -72.00 81.00 223.00 482.00 -364.00 -1089.00 0
5865 -5.22 -13.84 0.49 -64.00 77.00 218.00 482.00 -364.00 -1089.00 0
5874 -4.87 -14.61 0.97 -63.00 77.00 214.00 482.00 -364.00 -1089.00 0
5883 -4.45 -15.03 1.60 -63.00 74.00 209.00 475.00 -363.00 -1068.00 0
5893 -4.52 -15.10 1.95 -59.00 73.00 206.00 475.00 -363.00 -1068.00 0
5902 -4.73 -14.61 1.53 -56.00 70.00 207.00 475.00 -363.00 -1068.00 0
5911 -5.22 -13.91 0.97 -54.00 77.00 197.00 475.00 -363.00 -1068.00 0
5920 -5.36 -13.15 0.42 -50.00 81.00 205.00 475.00 -363.00 -1068.00 0
5929 -5.36 -12.10 -0.21 -51.00 76.00 201.00 475.00 -363.00 -1068.00 0
5939 -5.70 -10.64 -0.49 -58.00 75.00 202.00 475.00 -363.00 -1068.00 0
5948 -5.84 -8.83 -0.42 -60.00 76.00 209.00 468.00 -361.00 -1214.00 0
5957 -5.63 -5.50 -0.42 -59.00 77.00 218.00 468.00 -361.00 -1214.00 0
5966 -5.29 -4.03 -0.83 -63.00 80.00 218.00 468.00 -361.00 -1214.00 0
5976 -5.50 -2.85 -1.18 -62.00 78.00 218.00 468.00 -361.00 -1214.00 0
5985 -6.05 -1.88 -1.53 -64.00 78.00 216.00 468.00 -361.00 -1214.00 0
5994 -6.89 -0.97 -2.09 -61.00 69.00 216.00 468.00 -361.00 -1214.00 0
6003 -7.72 -0.42 -2.71 -58.00 67.00 211.00 468.00 -361.00 -1214.00 0
6012 -8.49 0.21 -3.62 -58.00 70.00 209.00 471.00 -361.00 -881.00 0
6022 -9.04 1.95 -4.03 -55.00 70.00 203.00 471.00 -361.00 -881.00 0
6031 -8.83 3.06 -4.38 -58.00 66.00 204.00 471.00 -361.00 -881.00 0
6040 -8.49 4.52 -4.73 -54.00 66.00 207.00 471.00 -361.00 -881.00 0
6049 -8.07 6.19 -5.15 -57.00 69.00 202.00 471.00 -361.00 -881.00 0
6059 -7.65 8.00 -5.77 -57.00 67.00 209.00 471.00 -361.00 -881.00 0
6067 -7.58 9.81 -6.54 -55.00 64.00 202.00 471.00 -361.00 -881.00 0
6076 -7.44 13.50 -8.28 -55.00 62.00 200.00 471.00 -361.00 -881.00 0
6085 -7.10 15.72 -9.04 -50.00 62.00 196.00 471.00 -361.00 -881.00 0
6094 -6.47 18.30 -9.88 -51.00 64.00 191.00 471.00 -361.00 -881.00 0
6104 -5.84 21.15 -10.92 -47.00 64.00 185.00 471.00 -361.00 -881.00 0
6113 -5.36 24.28 -12.10 -42.00 62.00 175.00 471.00 -361.00 -881.00 0
6122 -4.94 27.76 -13.29 -36.00 61.00 165.00 471.00 -361.00 -881.00 0
6131 -5.57 36.73 -16.70 -27.00 51.00 147.00 471.00 -361.00 -881.00 0
6141 -6.89 42.85 -19.34 -41.00 47.00 152.00 471.00 -361.00 -881.00 0
6151 -8.35 50.16 -22.33 -73.00 40.00 182.00 471.00 -361.00 -881.00 1
6160 -9.39 57.32 -25.11 -110.00 54.00 218.00 471.00 -361.00 -881.00 1
6170 -9.11 62.54 -28.73 -162.00 55.00 271.00 471.00 -361.00 -881.00 1
6180 -3.69 69.50 -31.51 -226.00 73.00 345.00 471.00 -361.00 -881.00 1
6192 7.17 68.24 -26.92 -223.00 140.00 361.00 471.00 -361.00 -881.00 1
6202 17.74 61.22 -21.57 -175.00 174.00 320.00 471.00 -361.00 -881.00 1
6212 19.97 33.81 -14.12 -144.00 134.00 273.00 530.00 -347.00 -970.00 1
6222 13.57 19.27 -9.53 -126.00 126.00 247.00 530.00 -347.00 -970.00 0
6232 8.49 5.08 -3.83 -84.00 105.00 195.00 530.00 -347.00 -970.00 0
6241 3.69 -8.21 2.16 -47.00 87.00 178.00 530.00 -347.00 -970.00 0
6250 -0.97 -19.20 11.83 -79.00 68.00 160.00 530.00 -347.00 -970.00 0
6259 -8.70 -29.77 14.47 -50.00 41.00 184.00 530.00 -347.00 -970.00 0
6268 -10.57 -32.14 15.79 -69.00 47.00 180.00 530.00 -347.00 -970.00 0
6278 -11.83 -31.93 16.28 -68.00 43.00 184.00 508.00 -353.00 -898.00 0
6287 -12.59 -31.23 15.72 -69.00 43.00 196.00 508.00 -353.00 -898.00 0
6296 -12.03 -29.91 13.84 -71.00 35.00 203.00 508.00 -353.00 -898.00 0
6305 -11.13 -26.23 10.02 -76.00 58.00 203.00 508.00 -353.00 -898.00 0
6316 -8.97 -24.07 8.63 -78.00 51.00 214.00 508.00 -353.00 -898.00 0
6325 -7.79 -22.05 6.82 -89.00 60.00 225.00 508.00 -353.00 -898.00 0
6334 -6.12 -20.52 5.63 -95.00 69.00 234.00 508.00 -353.00 -898.00 0
6343 -3.83 -20.03 4.87 -85.00 77.00 217.00 496.00 -353.00 -1072.00 0
6352 -2.09 -20.38 4.03 -84.00 94.00 215.00 496.00 -353.00 -1072.00 0
6362 0.42 -21.50 2.99 -79.00 99.00 212.00 496.00 -353.00 -1072.00 0
6371 0.56 -22.05 2.85 -73.00 94.00 211.00 496.00 -353.00 -1072.00 0
6380 0.07 -22.54 3.06 -67.00 87.00 206.00 496.00 -353.00 -1072.00 0
6389 -0.70 -22.89 3.69 -74.00 79.00 213.00 496.00 -353.00 -1072.00 0
6398 -1.18 -22.89 4.45 -74.00 74.00 212.00 496.00 -353.00 -1072.00 0
6408 -1.81 -22.82 5.22 -63.00 77.00 207.00 487.00 -355.00 -1070.00 0
6417 -2.99 -23.10 5.98 -58.00 65.00 198.00 487.00 -355.00 -1070.00 0
6426 -3.83 -22.54 5.98 -63.00 63.00 199.00 487.00 -355.00 -1070.00 0
6435 -4.31 -21.36 5.77 -61.00 58.00 210.00 487.00 -355.00 -1070.00 0
6445 -4.80 -20.10 5.08 -63.00 62.00 201.00 487.00 -355.00 -1070.00 0
6454 -5.08 -18.78 4.31 -64.00 66.00 210.00 487.00 -355.00 -1070.00 0
6463 -4.52 -17.39 3.48 -69.00 67.00 217.00 487.00 -355.00 -1070.00 0
6472 -3.41 -14.33 2.23 -72.00 76.00 223.00 479.00 -358.00 -1122.00 0
6481 -2.57 -13.63 2.23 -76.00 86.00 223.00 479.00 -358.00 -1122.00 0
6491 -1.95 -13.43 2.09 -82.00 85.00 227.00 479.00 -358.00 -1122.00 0
6500 -1.95 -13.57 1.95 -72.00 76.00 227.00 479.00 -358.00 -1122.00 0
6509 -2.16 -14.26 2.09 -65.00 80.00 221.00 479.00 -358.00 -1122.00 0
6518 -1.88 -14.96 2.43 -53.00 72.00 210.00 479.00 -358.00 -1122.00 0
6528 -2.02 -15.58 2.99 -55.00 76.00 200.00 479.00 -358.00 -1122.00 0
6537 -2.23 -15.10 3.34 -48.00 69.00 199.00 471.00 -359.00 -1017.00 0
6546 -2.57 -14.33 3.27 -49.00 70.00 203.00 471.00 -359.00 -1017.00 0
6555 -2.99 -13.15 2.85 -55.00 68.00 204.00 471.00 -359.00 -1017.00 0
6564 -3.69 -11.83 2.37 -62.00 70.00 211.00 471.00 -359.00 -1017.00 0
6574 -4.10 -10.50 1.67 -62.00 80.00 216.00 471.00 -359.00 -1017.00 0
6583 -4.17 -8.21 -0.21 -62.00 77.00 216.00 471.00 -359.00 -1017.00 0
6592 -4.24 -7.17 -0.42 -66.00 76.00 221.00 471.00 -359.00 -1017.00 0
6601 -4.17 -6.26 -0.42 -68.00 69.00 222.00 471.00 -359.00 -1235.00 0
6610 -3.97 -5.77 -0.42 -62.00 77.00 215.00 469.00 -359.00 -1235.00 0
6620 -3.41 -5.63 -0.42 -59.00 77.00 218.00 469.00 -359.00 -1235.00 0
6629 -2.99 -5.36 -0.35 -62.00 76.00 219.00 469.00 -359.00 -1235.00 0
6638 -3.20 -5.08 -0.42 -67.00 77.00 222.00 469.00 -359.00 -1235.00 0
6647 -3.69 -5.29 -0.70 -63.00 79.00 219.00 469.00 -359.00 -1235.00 0
6657 -4.24 -5.57 -1.11 -64.00 74.00 221.00 469.00 -359.00 -1235.00 0
6666 -4.73 -5.84 -1.53 -61.00 70.00 221.00 469.00 -359.00 -1235.00 0
6675 -5.15 -6.26 -1.74 -55.00 74.00 213.00 469.00 -359.00 -1235.00 0
6684 -5.29 -6.61 -1.81 -59.00 69.00 213.00 469.00 -359.00 -1235.00 0
6693 -5.29 -6.40 -1.39 -63.00 71.00 219.00 469.00 -359.00 -1235.00 0
6703 -4.45 -6.19 -1.25 -60.00 76.00 216.00 469.00 -359.00 -1235.00 0
6712 -3.97 -6.05 -1.04 -56.00 79.00 209.00 469.00 -359.00 -1235.00 0
6721 -3.76 -5.70 -0.90 -52.00 75.00 209.00 469.00 -359.00 -1235.00 0
6730 -3.55 -5.01 -0.83 -54.00 77.00 212.00 469.00 -359.00 -1235.00 0
6739 -3.48 -4.17 -0.77 -59.00 74.00 216.00 465.00 -357.00 -942.00 0
6749 -3.55 -3.34 -1.32 -61.00 76.00 214.00 465.00 -357.00 -942.00 0
6758 -4.31 -2.16 -1.81 -60.00 79.00 220.00 465.00 -357.00 -942.00 0
6767 -4.52 -1.67 -2.16 -63.00 77.00 222.00 465.00 -357.00 -942.00 0
6776 -5.01 -1.18 -2.37 -64.00 75.00 219.00 465.00 -357.00 -942.00 0
6786 -5.36 -0.90 -2.50 -63.00 73.00 218.00 465.00 -357.00 -942.00 0
6795 -5.50 -0.77 -2.50 -63.00 70.00 213.00 465.00 -357.00 -942.00 0
6804 -5.63 -0.49 -2.50 -64.00 69.00 213.00 465.00 -357.00 -942.00 0
6813 -5.22 0.00 -2.30 -55.00 69.00 215.00 465.00 -357.00 -942.00 0
6822 -4.52 0.28 -2.23 -55.00 72.00 210.00 465.00 -357.00 -942.00 0
6832 -4.10 0.77 -2.23 -56.00 72.00 205.00 465.00 -357.00 -942.00 0
6841 -3.97 1.39 -2.37 -57.00 69.00 210.00 465.00 -357.00 -942.00 0
6850 -4.03 2.30 -2.78 -53.00 76.00 206.00 465.00 -357.00 -942.00 0
6859 -4.10 3.27 -3.41 -54.00 70.00 208.00 465.00 -357.00 -942.00 0
6868 -4.24 5.70 -4.80 -52.00 66.00 207.00 469.00 -354.00 -1115.00 0
6878 -4.94 7.17 -5.63 -54.00 66.00 200.00 469.00 -354.00 -1115.00 0
6887 -5.22 8.70 -6.54 -48.00 67.00 196.00 469.00 -354.00 -1115.00 0
6896 -5.43 10.57 -7.51 -46.00 64.00 195.00 469.00 -354.00 -1115.00 0
6905 -5.50 12.94 -8.49 -41.00 60.00 186.00 469.00 -354.00 -1115.00 0
6915 -5.50 15.65 -9.53 -26.00 59.00 171.00 469.00 -354.00 -1115.00 0
6924 -5.70 23.03 -12.52 -18.00 64.00 154.00 469.00 -354.00 -1115.00 0
6933 -5.43 28.52 -13.77 -12.00 61.00 149.00 484.00 -349.00 -1138.00 0
6942 -5.29 35.48 -15.10 -22.00 53.00 138.00 484.00 -349.00 -1138.00 0
6951 -6.05 44.03 -16.97 -33.00 55.00 167.00 484.00 -349.00 -1138.00 0
6961 -6.26 53.22 -19.27 -82.00 47.00 198.00 484.00 -349.00 -1138.00 0
6970 -7.03 62.96 -21.84 -121.00 50.00 237.00 484.00 -349.00 -1138.00 1
6980 -9.39 73.88 -30.89 -155.00 66.00 258.00 484.00 -349.00 -1138.00 1
6990 -7.93 74.09 -33.88 -232.00 78.00 348.00 484.00 -349.00 -1138.00 1
7001 -4.17 72.63 -33.88 -271.00 94.00 387.00 526.00 -341.00 -971.00 1
7011 14.33 56.90 -21.29 -211.00 165.00 363.00 526.00 -341.00 -971.00 1
7021 20.10 39.51 -15.37 -135.00 156.00 284.00 526.00 -341.00 -971.00 0
7031 16.35 21.57 -11.55 -94.00 116.00 237.00 526.00 -341.00 -971.00 0
7041 8.97 5.77 -6.96 -76.00 93.00 201.00 526.00 -341.00 -971.00 0
7050 2.85 -7.10 -0.70 -64.00 78.00 173.00 526.00 -341.00 -971.00 0
7059 -5.22 -25.04 9.32 -59.00 67.00 174.00 526.00 -341.00 -971.00 0
7068 -7.23 -30.12 11.83 -43.00 58.00 178.00 526.00 -341.00 -971.00 0
7077 -8.07 -32.49 13.84 -63.00 45.00 187.00 526.00 -341.00 -971.00 0
7087 -8.83 -32.90 15.44 -65.00 50.00 187.00 526.00 -341.00 -971.00 0
7096 -8.70 -32.63 15.72 -68.00 57.00 193.00 526.00 -341.00 -971.00 0
7105 -8.56 -31.65 12.73 -66.00 53.00 198.00 526.00 -341.00 -971.00 0
7114 -9.04 -28.31 10.99 -78.00 56.00 205.00 526.00 -341.00 -971.00 0
7123 -9.11 -26.78 9.18 -71.00 56.00 209.00 526.00 -341.00 -971.00 0
7133 -8.77 -25.39 7.37 -79.00 58.00 211.00 526.00 -341.00 -971.00 0
7142 -7.65 -24.14 6.19 -75.00 66.00 212.00 526.00 -341.00 -971.00 0
7151 -5.91 -22.89 5.22 -73.00 76.00 212.00 526.00 -341.00 -971.00 0
7160 -4.03 -21.77 4.52 -72.00 87.00 208.00 526.00 -341.00 -971.00 0
7170 -1.60 -20.10 3.83 -65.00 86.00 205.00 526.00 -341.00 -971.00 0
7179 -1.60 -19.62 3.62 -60.00 86.00 202.00 526.00 -341.00 -971.00 0
7188 -1.81 -18.99 3.34 -61.00 80.00 205.00 526.00 -341.00 -971.00 0
7197 -2.43 -18.02 3.34 -65.00 75.00 204.00 526.00 -341.00 -971.00 0
7206 -3.13 -16.97 3.27 -67.00 74.00 205.00 526.00 -341.00 -971.00 0
7216 -3.69 -15.72 3.20 -65.00 72.00 215.00 526.00 -341.00 -971.00 0
7225 -4.10 -13.36 3.34 -70.00 66.00 215.00 526.00 -341.00 -971.00 0
7234 -4.52 -12.17 3.41 -73.00 65.00 212.00 526.00 -341.00 -971.00 0
7243 -4.87 -11.41 3.20 -70.00 65.00 216.00 526.00 -341.00 -971.00 0
7252 -4.80 -10.92 2.85 -71.00 67.00 216.00 526.00 -341.00 -971.00 0
7262 -4.73 -10.37 2.37 -71.00 66.00 214.00 479.00 -352.00 -1009.00 0
7271 -4.66 -9.95 1.88 -63.00 74.00 208.00 479.00 -352.00 -1009.00 0
7280 -4.31 -9.39 1.11 -63.00 69.00 211.00 479.00 -352.00 -1009.00 0
7289 -4.03 -8.63 0.90 -63.00 74.00 208.00 479.00 -352.00 -1009.00 0
7299 -3.62 -7.79 0.83 -65.00 74.00 211.00 479.00 -352.00 -1009.00 0
7308 -3.20 -6.96 0.77 -67.00 80.00 211.00 479.00 -352.00 -1009.00 0
7317 -2.85 -6.19 0.70 -65.00 81.00 215.00 479.00 -352.00 -1009.00 0
7326 -2.78 -5.43 0.56 -67.00 73.00 218.00 481.00 -356.00 -1036.00 0
7335 -3.41 -4.31 0.28 -67.00 75.00 221.00 481.00 -356.00 -1036.00 0
7345 -3.76 -4.03 0.14 -71.00 73.00 219.00 481.00 -356.00 -1036.00 0
7354 -3.90 -3.97 0.00 -69.00 75.00 223.00 481.00 -356.00 -1036.00 0
7363 -3.97 -4.17 -0.14 -67.00 72.00 218.00 481.00 -356.00 -1036.00 0
7372 -4.10 -4.52 -0.28 -67.00 72.00 214.00 481.00 -356.00 -1036.00 0
7382 -4.10 -4.80 -0.42 -63.00 71.00 213.00 481.00 -356.00 -1036.00 0
7391 -4.17 -4.94 -0.28 -65.00 75.00 208.00 479.00 -353.00 -1154.00 0
7400 -4.10 -4.59 -0.35 -64.00 72.00 207.00 479.00 -353.00 -1154.00 0
7409 -4.10 -4.10 -0.49 -64.00 72.00 211.00 479.00 -353.00 -1154.00 0
7418 -4.10 -3.55 -0.63 -67.00 77.00 215.00 479.00 -353.00 -1154.00 0
7428 -4.17 -3.06 -0.70 -69.00 75.00 224.00 479.00 -353.00 -1154.00 0
7437 -4.17 -2.92 -0.77 -68.00 79.00 223.00 479.00 -353.00 -1154.00 0
7446 -4.24 -2.99 -0.77 -67.00 77.00 218.00 479.00 -353.00 -1154.00 0
7455 -4.45 -3.69 -0.56 -68.00 75.00 219.00 477.00 -357.00 -995.00 0
7464 -4.52 -3.97 -0.42 -64.00 76.00 215.00 477.00 -357.00 -995.00 0
7474 -4.66 -4.31 -0.35 -60.00 71.00 208.00 477.00 -357.00 -995.00 0
7483 -4.87 -4.45 -0.35 -60.00 70.00 211.00 477.00 -357.00 -995.00 0
7492 -5.01 -4.17 -0.35 -61.00 66.00 215.00 477.00 -357.00 -995.00 0
7501 -5.08 -3.69 -0.49 -62.00 67.00 206.00 477.00 -357.00 -995.00 0
7511 -5.50 -2.57 -1.25 -66.00 69.00 214.00 477.00 -357.00 -995.00 0
7520 -5.63 -1.95 -1.60 -68.00 70.00 220.00 477.00 -357.00 -995.00 0
7529 -5.63 -1.46 -2.09 -72.00 75.00 219.00 477.00 -357.00 -995.00 0
7538 -5.43 -1.18 -2.43 -75.00 77.00 227.00 477.00 -357.00 -995.00 0
7547 -5.29 -1.11 -2.64 -77.00 76.00 231.00 477.00 -357.00 -995.00 0
7557 -5.15 -1.46 -2.57 -71.00 79.00 226.00 477.00 -357.00 -995.00 0
7566 -4.87 -3.62 -2.09 -65.00 79.00 215.00 477.00 -357.00 -995.00 0
7574 -5.08 -4.80 -1.81 -63.00 72.00 213.00 477.00 -357.00 -995.00 0
7583 -5.29 -5.77 -1.67 -57.00 72.00 211.00 477.00 -357.00 -995.00 0
7592 -5.36 -6.40 -1.60 -58.00 67.00 205.00 471.00 -353.00 -1069.00 0
7602 -5.36 -6.54 -1.53 -55.00 66.00 206.00 471.00 -353.00 -1069.00 0
7611 -5.36 -6.12 -1.46 -59.00 68.00 209.00 471.00 -353.00 -1069.00 0
7620 -5.22 -5.15 -1.67 -61.00 69.00 214.00 471.00 -353.00 -1069.00 0
7629 -5.08 -2.78 -1.95 -63.00 69.00 215.00 471.00 -353.00 -1069.00 0
7639 -4.87 -1.60 -2.16 -63.00 72.00 219.00 471.00 -353.00 -1069.00 0
7648 -4.59 -0.56 -2.30 -66.00 71.00 225.00 471.00 -353.00 -1069.00 0
7657 -4.38 0.28 -2.37 -69.00 75.00 219.00 471.00 -353.00 -1069.00 0
7666 -4.10 0.70 -2.30 -67.00 77.00 218.00 471.00 -353.00 -1069.00 0
7675 -3.76 0.83 -1.88 -67.00 72.00 220.00 471.00 -353.00 -1069.00 0
7685 -3.62 1.04 -1.53 -63.00 70.00 214.00 471.00 -353.00 -1069.00 0
7694 -3.48 1.04 -1.39 -57.00 71.00 207.00 471.00 -353.00 -1069.00 0
7703 -3.34 1.32 -1.25 -56.00 70.00 203.00 471.00 -353.00 -1069.00 0
7712 -3.41 2.02 -1.18 -50.00 69.00 203.00 471.00 -353.00 -1069.00 0
7721 -3.34 2.99 -1.39 -46.00 71.00 198.00 476.00 -351.00 -1164.00 0
7731 -3.34 4.31 -1.60 -45.00 68.00 191.00 476.00 -351.00 -1164.00 0
7740 -4.17 7.93 -2.50 -41.00 71.00 187.00 476.00 -351.00 -1164.00 0
7749 -4.17 10.57 -2.92 -37.00 71.00 185.00 476.00 -351.00 -1164.00 0
7758 -3.83 13.91 -2.92 -40.00 65.00 170.00 476.00 -351.00 -1164.00 0
7768 -3.69 18.37 -2.71 -30.00 60.00 156.00 476.00 -351.00 -1164.00 0
7777 -3.62 23.86 -3.06 -16.00 58.00 137.00 476.00 -351.00 -1164.00 0
7787 -3.20 30.47 -3.90 -7.00 54.00 131.00 496.00 -351.00 -1073.00 0
7796 -1.11 49.04 -5.63 -34.00 48.00 139.00 496.00 -351.00 -1073.00 0
7805 -0.49 61.29 -7.10 -78.00 41.00 181.00 496.00 -351.00 -1073.00 0
7815 0.28 72.63 -10.02 -127.00 46.00 230.00 496.00 -351.00 -1073.00 1
7824 1.25 81.46 -13.98 -151.00 83.00 255.00 496.00 -351.00 -1073.00 1
7834 2.99 85.43 -17.88 -195.00 118.00 314.00 496.00 -351.00 -1073.00 1
7844 6.33 80.83 -21.77 -274.00 74.00 379.00 496.00 -351.00 -1073.00 1
7855 9.74 74.37 -17.32 -238.00 151.00 393.00 496.00 -351.00 -1073.00 1
7866 18.99 60.73 -10.23 -168.00 156.00 290.00 496.00 -351.00 -1073.00 1
7876 14.26 24.63 -3.13 -120.00 137.00 251.00 496.00 -351.00 -1073.00 1
7886 7.17 8.49 0.35 -94.00 104.00 198.00 496.00 -351.00 -1073.00 1
7897 -0.83 -4.31 4.94 -61.00 77.00 160.00 496.00 -351.00 -1073.00 0
7906 -7.79 -14.82 12.03 -51.00 63.00 155.00 496.00 -351.00 -1073.00 0
7915 -16.21 -26.30 14.26 -50.00 58.00 160.00 519.00 -356.00 -898.00 0
7924 -18.02 -27.97 15.23 -67.00 39.00 165.00 519.00 -356.00 -898.00 0
7933 -19.06 -27.83 15.17 -69.00 33.00 188.00 519.00 -356.00 -898.00 0
7943 -17.95 -27.69 14.82 -87.00 31.00 196.00 519.00 -356.00 -898.00 0
7952 -16.70 -25.67 13.43 -93.00 46.00 211.00 519.00 -356.00 -898.00 0
7961 -14.26 -22.68 8.97 -97.00 49.00 217.00 519.00 -356.00 -898.00 0
7970 -13.50 -21.84 6.33 -106.00 58.00 230.00 519.00 -356.00 -898.00 0
7980 -12.03 -21.84 4.24 -97.00 65.00 223.00 263.00 -358.00 -935.00 0
7990 -10.37 -22.75 2.30 -85.00 75.00 206.00 508.00 -358.00 -935.00 0
7999 -9.11 -23.72 0.56 -76.00 77.00 200.00 508.00 -358.00 -935.00 0
8008 -7.58 -24.00 -0.35 -72.00 83.00 203.00 508.00 -358.00 -935.00 0
8017 -3.97 -22.54 -0.56 -74.00 86.00 204.00 508.00 -358.00 -935.00 0
8027 -3.20 -21.43 -0.56 -66.00 90.00 199.00 508.00 -358.00 -935.00 0
8036 -2.71 -20.38 -0.35 -66.00 87.00 198.00 508.00 -358.00 -935.00 0
8045 -2.85 -19.20 -0.07 -62.00 77.00 194.00 508.00 -358.00 -935.00 0
8054 -3.55 -17.53 0.35 -65.00 74.00 202.00 508.00 -358.00 -935.00 0
8064 -4.03 -15.72 0.90 -74.00 63.00 214.00 508.00 -358.00 -935.00 0
8073 -4.52 -12.73 1.04 -83.00 63.00 215.00 508.00 -358.00 -935.00 0
8082 -5.84 -12.10 0.56 -88.00 71.00 222.00 508.00 -358.00 -935.00 0
8091 -6.12 -11.90 0.00 -90.00 72.00 231.00 508.00 -358.00 -935.00 0
8099 -6.33 -11.97 -0.35 -89.00 72.00 226.00 508.00 -358.00 -935.00 0
8109 -6.26 -12.66 -0.42 -84.00 69.00 221.00 508.00 -358.00 -935.00 0
8118 -5.77 -13.70 0.00 -83.00 72.00 218.00 508.00 -358.00 -935.00 0
8127 -5.08 -14.96 0.70 -74.00 70.00 218.00 508.00 -358.00 -935.00 0
8136 -3.55 -16.70 1.53 -71.00 81.00 205.00 508.00 -358.00 -935.00 0
8145 -2.85 -17.04 1.81 -66.00 75.00 203.00 508.00 -358.00 -935.00 0
8155 -2.71 -17.18 2.02 -62.00 75.00 202.00 508.00 -358.00 -935.00 0
8164 -2.78 -17.18 1.88 -58.00 75.00 195.00 508.00 -358.00 -935.00 0
8173 -3.27 -16.49 1.60 -58.00 70.00 198.00 508.00 -358.00 -935.00 0
8182 -3.62 -15.37 1.39 -63.00 67.00 204.00 508.00 -358.00 -935.00 0
8192 -4.24 -12.31 0.56 -65.00 72.00 214.00 508.00 -358.00 -935.00 0
8201 -4.38 -10.92 0.42 -69.00 72.00 221.00 508.00 -358.00 -935.00 0
8210 -4.24 -9.81 0.28 -75.00 77.00 225.00 508.00 -358.00 -935.00 0
8219 -4.17 -8.90 0.14 -80.00 72.00 224.00 508.00 -358.00 -935.00 0
8228 -4.31 -8.28 0.07 -75.00 72.00 220.00 508.00 -358.00 -935.00 0
8238 -4.17 -8.14 0.21 -70.00 73.00 216.00 508.00 -358.00 -935.00 0
8247 -3.83 -8.42 0.63 -65.00 70.00 213.00 480.00 -361.00 -832.00 0
8256 -3.69 -8.49 0.63 -64.00 68.00 213.00 480.00 -361.00 -832.00 0
8265 -3.48 -8.56 0.56 -64.00 70.00 213.00 480.00 -361.00 -832.00 0
8274 -3.55 -8.28 0.28 -64.00 71.00 207.00 480.00 -361.00 -832.00 0
8284 -3.83 -7.93 0.00 -61.00 75.00 209.00 480.00 -361.00 -832.00 0
8293 -3.55 -7.72 -0.28 -65.00 78.00 212.00 480.00 -361.00 -832.00 0
8302 -3.48 -7.23 -0.90 -68.00 75.00 215.00 480.00 -361.00 -832.00 0
8311 -3.90 -5.84 -1.11 -65.00 76.00 223.00 477.00 -356.00 -1117.00 0
8321 -4.10 -5.50 -1.25 -67.00 78.00 216.00 477.00 -356.00 -1117.00 0
8330 -4.52 -5.15 -1.46 -66.00 72.00 213.00 477.00 -356.00 -1117.00 0
8339 -4.73 -4.73 -1.46 -63.00 68.00 213.00 477.00 -356.00 -1117.00 0
8348 -4.59 -4.31 -1.25 -64.00 69.00 215.00 477.00 -356.00 -1117.00 0
8357 -3.97 -3.83 -0.90 -65.00 68.00 218.00 477.00 -356.00 -1117.00 0
8367 -3.69 -3.06 -0.77 -69.00 72.00 221.00 477.00 -356.00 -1117.00 0
8376 -3.76 -3.06 -1.04 -70.00 77.00 221.00 478.00 -356.00 -1130.00 0
8385 -3.83 -3.34 -1.39 -71.00 77.00 222.00 478.00 -356.00 -1130.00 0
8394 -4.10 -3.69 -1.60 -71.00 76.00 222.00 478.00 -356.00 -1130.00 0
8403 -4.17 -4.17 -1.60 -63.00 77.00 214.00 478.00 -356.00 -1130.00 0
8413 -4.10 -4.80 -1.53 -62.00 73.00 206.00 478.00 -356.00 -1130.00 0
8422 -3.97 -5.15 -0.90 -60.00 71.00 211.00 478.00 -356.00 -1130.00 0
8431 -3.90 -4.66 -0.70 -58.00 68.00 213.00 478.00 -356.00 -1130.00 0
8440 -3.90 -3.97 -0.63 -63.00 67.00 215.00 475.00 -354.00 -1092.00 0
8450 -4.17 -3.27 -0.70 -65.00 74.00 215.00 475.00 -354.00 -1092.00 0
8459 -4.45 -2.78 -0.97 -69.00 71.00 225.00 475.00 -354.00 -1092.00 0
8468 -4.52 -2.43 -1.18 -68.00 74.00 218.00 475.00 -354.00 -1092.00 0
8477 -4.66 -2.23 -1.53 -68.00 75.00 219.00 475.00 -354.00 -1092.00 0
8486 -4.52 -2.23 -1.60 -70.00 68.00 218.00 475.00 -354.00 -1092.00 0
8496 -4.52 -2.30 -1.60 -66.00 70.00 213.00 475.00 -354.00 -1092.00 0
8505 -4.59 -2.37 -1.67 -64.00 74.00 215.00 475.00 -354.00 -1092.00 0
8514 -4.38 -2.50 -1.81 -63.00 75.00 211.00 475.00 -354.00 -1092.00 0
8523 -4.17 -2.50 -1.88 -64.00 73.00 213.00 475.00 -354.00 -1092.00 0
8532 -3.90 -2.02 -1.74 -60.00 71.00 211.00 475.00 -354.00 -1092.00 0
8542 -3.62 -1.67 -1.60 -62.00 72.00 212.00 475.00 -354.00 -1092.00 0
8551 -3.41 -1.18 -1.46 -62.00 74.00 208.00 475.00 -354.00 -1092.00 0
8560 -3.41 -0.63 -1.39 -63.00 70.00 209.00 475.00 -354.00 -1092.00 0
8569 -3.34 0.07 -1.39 -61.00 69.00 210.00 475.00 -354.00 -1092.00 0
8579 -3.27 0.83 -1.39 -64.00 70.00 213.00 475.00 -354.00 -1092.00 0
8588 -3.34 2.57 -1.74 -67.00 69.00 215.00 475.00 -354.00 -1092.00 0
8597 -3.55 3.13 -2.16 -63.00 68.00 213.00 475.00 -354.00 -1092.00 0
8606 -3.69 3.69 -2.71 -65.00 67.00 215.00 475.00 -354.00 -1092.00 0
8615 -3.83 4.24 -3.20 -66.00 72.00 213.00 475.00 -354.00 -1092.00 0
8625 -3.69 4.80 -3.69 -63.00 76.00 213.00 475.00 -354.00 -1092.00 0
8634 -3.34 5.22 -3.97 -63.00 73.00 214.00 475.00 -354.00 -1092.00 0
8643 -2.99 6.40 -3.83 -62.00 74.00 210.00 475.00 -354.00 -1092.00 0
8652 -2.43 7.10 -3.62 -57.00 76.00 206.00 475.00 -354.00 -1092.00 0
8662 -2.16 7.93 -3.34 -51.00 82.00 197.00 475.00 -354.00 -1092.00 0
8671 -1.88 8.97 -2.85 -31.00 91.00 183.00 475.00 -354.00 -1092.00 0
8680 -1.32 10.09 -2.16 -25.00 81.00 168.00 475.00 -354.00 -1092.00 0
8689 -1.46 12.17 -1.04 -21.00 67.00 150.00 475.00 -354.00 -1092.00 0
8698 -2.85 15.86 -0.49 -21.00 54.00 145.00 475.00 -354.00 -1092.00 0
8708 -5.98 28.31 -1.25 -33.00 34.00 142.00 475.00 -354.00 -1092.00 0
8717 -7.79 37.01 -3.48 -38.00 31.00 148.00 475.00 -354.00 -1092.00 0
8726 -9.11 46.47 -6.96 -79.00 30.00 183.00 475.00 -354.00 -1092.00 1
8736 -9.46 55.86 -11.13 -155.00 71.00 270.00 475.00 -354.00 -1092.00 1
8747 -2.85 68.17 -17.32 -241.00 62.00 351.00 475.00 -354.00 -1092.00 1
8757 7.44 67.83 -14.05 -236.00 124.00 388.00 475.00 -354.00 -1092.00 1
8767 19.27 61.36 -9.32 -162.00 184.00 324.00 731.00 -363.00 -1085.00 1
8778 22.12 32.97 -3.20 -106.00 142.00 250.00 520.00 -363.00 -1085.00 1
8788 13.43 18.64 0.35 -86.00 109.00 200.00 520.00 -363.00 -1085.00 0
8798 4.52 6.96 4.38 -69.00 82.00 179.00 520.00 -363.00 -1085.00 0
8807 -3.48 -2.09 6.89 -68.00 83.00 183.00 520.00 -363.00 -1085.00 0
8816 -8.63 -8.63 9.11 -78.00 80.00 197.00 520.00 -363.00 -1085.00 0
8825 -12.52 -16.70 13.70 -84.00 67.00 199.00 520.00 -363.00 -1085.00 0
8835 -14.68 -19.27 13.98 -75.00 57.00 202.00 507.00 -364.00 -1107.00 0
8844 -15.79 -21.84 12.94 -77.00 51.00 202.00 507.00 -364.00 -1107.00 0
8854 -16.83 -22.89 12.17 -86.00 45.00 206.00 507.00 -364.00 -1107.00 0
8863 -16.90 -22.89 11.55 -86.00 42.00 213.00 507.00 -364.00 -1107.00 0
8872 -16.07 -22.75 9.46 -86.00 43.00 217.00 507.00 -364.00 -1107.00 0
8882 -11.90 -22.61 8.56 -77.00 60.00 211.00 507.00 -364.00 -1107.00 0
8891 -9.46 -22.75 7.37 -69.00 57.00 199.00 507.00 -364.00 -1107.00 0
8900 -7.44 -22.54 6.19 -64.00 69.00 200.00 496.00 -363.00 -965.00 0
8909 -5.22 -21.84 5.15 -60.00 75.00 194.00 496.00 -363.00 -965.00 0
8919 -3.62 -20.52 4.31 -56.00 79.00 195.00 496.00 -363.00 -965.00 0
8928 -1.74 -18.99 2.57 -57.00 83.00 190.00 496.00 -363.00 -965.00 0
8937 -0.28 -14.61 1.88 -70.00 84.00 209.00 496.00 -363.00 -965.00 0
8946 -0.70 -12.38 1.18 -66.00 85.00 211.00 496.00 -363.00 -965.00 0
8955 -1.60 -10.85 0.35 -70.00 87.00 213.00 496.00 -363.00 -965.00 0
8965 -2.57 -9.67 -0.35 -74.00 72.00 218.00 496.00 -365.00 -1087.00 0
8974 -3.90 -8.56 -0.70 -78.00 70.00 216.00 493.00 -365.00 -1087.00 0
8983 -5.01 -7.86 -0.97 -81.00 66.00 220.00 493.00 -365.00 -1087.00 0
8992 -5.77 -7.37 -1.53 -80.00 64.00 217.00 493.00 -365.00 -1087.00 0
9001 -5.84 -7.44 -1.81 -72.00 66.00 214.00 493.00 -365.00 -1087.00 0
9011 -5.29 -7.72 -1.95 -71.00 69.00 214.00 493.00 -365.00 -1087.00 0
9020 -4.45 -7.79 -1.88 -70.00 75.00 212.00 493.00 -365.00 -1087.00 0
9029 -3.69 -8.00 -1.88 -65.00 77.00 211.00 493.00 -365.00 -1087.00 0
9038 -2.92 -8.00 -1.88 -65.00 76.00 215.00 493.00 -365.00 -1087.00 0
9048 -2.23 -7.51 -1.81 -65.00 83.00 208.00 493.00 -365.00 -1087.00 0
9057 -2.16 -7.17 -1.74 -67.00 79.00 209.00 493.00 -365.00 -1087.00 0
9066 -2.50 -6.68 -1.67 -69.00 79.00 212.00 493.00 -365.00 -1087.00 0
9075 -3.20 -6.19 -1.74 -72.00 71.00 219.00 493.00 -365.00 -1087.00 0
9084 -3.69 -5.77 -1.95 -74.00 72.00 219.00 493.00 -365.00 -1087.00 0
9094 -3.97 -5.50 -1.95 -73.00 73.00 217.00 493.00 -365.00 -1087.00 0
9103 -4.03 -5.57 -1.74 -71.00 70.00 212.00 487.00 -364.00 -614.00 0
9112 -4.03 -5.77 -1.60 -69.00 73.00 212.00 487.00 -364.00 -614.00 0
9121 -4.03 -5.77 -1.46 -68.00 70.00 218.00 487.00 -364.00 -614.00 0
9131 -4.03 -5.77 -1.39 -71.00 74.00 215.00 487.00 -364.00 -614.00 0
9140 -4.17 -5.84 -1.46 -76.00 75.00 222.00 487.00 -364.00 -614.00 0
9149 -4.24 -5.98 -1.67 -78.00 74.00 221.00 487.00 -364.00 -614.00 0
9158 -4.38 -7.03 -1.81 -77.00 76.00 230.00 487.00 -364.00 -614.00 0
9166 -4.38 -7.93 -1.74 -73.00 74.00 221.00 487.00 -364.00 -614.00 0
9176 -4.45 -8.97 -1.53 -68.00 76.00 215.00 487.00 -364.00 -614.00 0
9185 -4.38 -9.95 -1.25 -67.00 69.00 215.00 487.00 -364.00 -614.00 0
9194 -4.45 -10.57 -0.90 -67.00 70.00 211.00 487.00 -364.00 -614.00 0
9203 -4.38 -10.92 -0.56 -62.00 71.00 206.00 487.00 -364.00 -614.00 0
9212 -3.97 -11.13 -0.21 -60.00 73.00 209.00 487.00 -364.00 -614.00 0
9222 -3.55 -10.64 -0.21 -67.00 73.00 217.00 487.00 -364.00 -614.00 0
9231 -3.69 -10.02 -0.35 -66.00 75.00 220.00 476.00 -364.00 -1194.00 0
9240 -3.62 -9.74 -0.63 -63.00 78.00 212.00 476.00 -364.00 -1194.00 0
9249 -3.62 -9.46 -0.83 -63.00 77.00 211.00 476.00 -364.00 -1194.00 0
9259 -3.62 -9.18 -0.97 -62.00 75.00 214.00 476.00 -364.00 -1194.00 0
9268 -3.62 -8.77 -1.11 -64.00 72.00 211.00 476.00 -364.00 -1194.00 0
9277 -4.24 -8.00 -1.32 -63.00 72.00 213.00 476.00 -364.00 -1194.00 0
9286 -4.24 -7.51 -1.25 -63.00 73.00 218.00 476.00 -364.00 -1194.00 0
9295 -4.31 -7.03 -1.53 -57.00 75.00 208.00 474.00 -364.00 -1187.00 0
9305 -4.38 -6.47 -1.67 -61.00 77.00 209.00 474.00 -364.00 -1187.00 0
9314 -4.17 -5.70 -1.53 -60.00 72.00 207.00 474.00 -364.00 -1187.00 0
9323 -4.24 -4.66 -1.46 -62.00 66.00 212.00 474.00 -364.00 -1187.00 0
9332 -4.45 -2.43 -1.53 -64.00 72.00 211.00 474.00 -364.00 -1187.00 0
9341 -4.31 -1.60 -1.74 -67.00 74.00 220.00 474.00 -364.00 -1187.00 0
9351 -4.24 -0.83 -2.02 -67.00 68.00 220.00 474.00 -364.00 -1187.00 0
9360 -4.59 -0.14 -2.43 -64.00 71.00 215.00 475.00 -361.00 -1027.00 0
9369 -4.87 0.14 -2.99 -62.00 72.00 212.00 475.00 -361.00 -1027.00 0
9378 -5.01 0.35 -3.55 -65.00 70.00 211.00 475.00 -361.00 -1027.00 0
9388 -4.94 0.90 -4.52 -63.00 72.00 212.00 475.00 -361.00 -1027.00 0
9397 -4.52 1.32 -4.80 -63.00 67.00 211.00 475.00 -361.00 -1027.00 0
9406 -4.24 1.81 -5.15 -63.00 68.00 214.00 475.00 -361.00 -1027.00 0
9415 -4.10 2.43 -5.43 -58.00 72.00 205.00 475.00 -361.00 -1027.00 0
9424 -3.69 3.06 -5.57 -61.00 79.00 212.00 480.00 -359.00 -1034.00 0
9434 -3.13 3.76 -5.43 -62.00 72.00 208.00 480.00 -359.00 -1034.00 0
9443 -2.30 5.22 -4.52 -55.00 67.00 195.00 480.00 -359.00 -1034.00 0
9452 -2.43 6.12 -4.73 -43.00 72.00 192.00 480.00 -359.00 -1034.00 0
9461 -2.43 7.44 -5.22 -36.00 64.00 185.00 480.00 -359.00 -1034.00 0
9470 -2.92 9.11 -5.91 -25.00 57.00 155.00 480.00 -359.00 -1034.00 0
9480 -5.01 11.48 -7.86 -16.00 46.00 141.00 480.00 -359.00 -1034.00 0
9489 -8.35 14.96 -10.92 -23.00 40.00 140.00 480.00 -352.00 -1127.00 0
9499 -11.34 27.97 -17.67 -47.00 41.00 151.00 492.00 -352.00 -1127.00 1
9509 -11.76 36.31 -21.70 -84.00 67.00 186.00 492.00 -352.00 -1127.00 1
9520 -10.37 44.73 -25.32 -173.00 54.00 261.00 492.00 -352.00 -1127.00 1
9530 -4.38 54.54 -24.63 -258.00 107.00 381.00 492.00 -352.00 -1127.00 1
9540 24.00 62.54 -10.02 -207.00 166.00 382.00 492.00 -352.00 -1127.00 1
9551 28.59 52.73 -7.72 -123.00 134.00 268.00 492.00 -352.00 -1127.00 1
9562 14.19 22.05 -4.87 -91.00 102.00 214.00 492.00 -352.00 -1127.00 1
9573 6.54 9.46 -1.46 -64.00 86.00 184.00 492.00 -352.00 -1127.00 1
9582 0.07 -0.49 0.83 -42.00 76.00 169.00 492.00 -352.00 -1127.00 0
9591 -5.01 -7.65 2.92 -49.00 78.00 182.00 492.00 -352.00 -1127.00 0
9601 -7.44 -12.03 5.01 -67.00 62.00 194.00 492.00 -352.00 -1127.00 0
9610 -11.76 -14.40 6.61 -80.00 58.00 203.00 492.00 -352.00 -1127.00 0
9619 -12.87 -14.61 6.68 -90.00 62.00 208.00 492.00 -352.00 -1127.00 0
9628 -13.08 -15.17 6.05 -84.00 59.00 214.00 492.00 -352.00 -1127.00 0
9637 -13.63 -15.37 4.66 -92.00 54.00 224.00 492.00 -352.00 -1127.00 0
9648 -13.91 -15.23 4.17 -88.00 60.00 225.00 492.00 -352.00 -1127.00 0
9657 -12.94 -15.51 3.62 -87.00 62.00 217.00 492.00 -352.00 -1127.00 0
9666 -10.64 -16.28 2.57 -81.00 68.00 214.00 492.00 -352.00 -1127.00 0
9675 -8.90 -16.77 2.64 -70.00 72.00 207.00 492.00 -352.00 -1127.00 0
9684 -7.44 -17.18 2.64 -68.00 76.00 203.00 492.00 -352.00 -1127.00 0
9694 -6.26 -17.32 2.64 -63.00 69.00 196.00 492.00 -352.00 -1127.00 0
9703 -5.84 -17.11 2.43 -61.00 70.00 204.00 492.00 -352.00 -1127.00 0
9712 -5.57 -16.83 1.95 -59.00 80.00 198.00 492.00 -352.00 -1127.00 0
9721 -4.52 -14.96 1.95 -69.00 72.00 201.00 492.00 -352.00 -1127.00 0
9731 -4.38 -13.57 2.09 -72.00 69.00 210.00 492.00 -352.00 -1127.00 0
9740 -4.45 -12.17 1.95 -73.00 73.00 211.00 492.00 -352.00 -1127.00 0
9749 -4.59 -11.13 1.53 -73.00 76.00 219.00 492.00 -352.00 -1127.00 0
9758 -4.45 -10.16 1.04 -78.00 71.00 216.00 492.00 -352.00 -1127.00 0
9767 -4.73 -9.32 0.63 -80.00 67.00 221.00 492.00 -352.00 -1127.00 0
9777 -4.94 -8.42 0.56 -77.00 74.00 224.00 492.00 -352.00 -1127.00 0
9786 -4.31 -8.77 0.63 -77.00 75.00 228.00 492.00 -352.00 -1127.00 0
9795 -3.76 -9.46 0.70 -78.00 70.00 219.00 492.00 -352.00 -1127.00 0
9804 -3.83 -10.16 0.63 -73.00 74.00 217.00 492.00 -352.00 -1127.00 0
9814 -3.69 -10.85 0.63 -67.00 76.00 212.00 492.00 -352.00 -1127.00 0
9823 -3.48 -11.55 0.70 -63.00 68.00 210.00 492.00 -352.00 -1127.00 0
9832 -4.03 -12.31 0.77 -62.00 68.00 209.00 492.00 -352.00 -1127.00 0
9841 -4.10 -12.03 0.83 -62.00 71.00 206.00 492.00 -352.00 -1127.00 0
9851 -3.97 -11.48 0.83 -63.00 73.00 207.00 492.00 -352.00 -1127.00 0
9861 -3.90 -10.78 0.63 -65.00 74.00 213.00 492.00 -352.00 -1127.00 0
9870 -3.97 -10.16 0.21 -65.00 77.00 211.00 492.00 -352.00 -1127.00 0
9879 -4.03 -9.53 -0.35 -69.00 72.00 215.00 492.00 -352.00 -1127.00 0
9888 -4.31 -8.28 -0.56 -67.00 70.00 220.00 492.00 -352.00 -1127.00 0
9897 -4.17 -7.86 -0.49 -69.00 72.00 221.00 492.00 -352.00 -1127.00 0
9907 -3.97 -7.51 -0.42 -68.00 68.00 219.00 492.00 -352.00 -1127.00 0
9916 -3.69 -7.51 -0.28 -67.00 67.00 218.00 492.00 -352.00 -1127.00 0
9925 -3.13 -7.44 -0.07 -65.00 75.00 216.00 492.00 -352.00 -1127.00 0
9934 -2.78 -7.37 0.07 -63.00 70.00 211.00 492.00 -352.00 -1127.00 0
9944 -2.43 -7.30 -0.07 -60.00 70.00 213.00 492.00 -352.00 -1127.00 0
9953 -2.30 -6.96 -0.14 -61.00 66.00 203.00 475.00 -358.00 -1095.00 0
9962 -2.16 -6.40 -0.28 -60.00 64.00 204.00 475.00 -358.00 -1095.00 0
9971 -1.81 -5.63 -0.56 -62.00 71.00 208.00 475.00 -358.00 -1095.00 0
9980 -1.25 -4.73 -0.83 -63.00 70.00 212.00 475.00 -358.00 -1095.00 0
9990 -0.21 -3.97 -0.97 -67.00 81.00 220.00 475.00 -358.00 -1095.00 0
9999 1.88 -2.57 -1.11 -71.00 77.00 226.00 475.00 -358.00 -1095.00 0
10007 2.23 -2.16 -1.11 -69.00 84.00 227.00 475.00 -358.00 -1095.00 0
10017 2.23 -2.02 -1.11 -71.00 83.00 225.00 475.00 -365.00 -1097.00 0
10027 1.60 -2.16 -1.18 -68.00 84.00 217.00 475.00 -365.00 -1097.00 0
10036 0.49 -2.64 -1.46 -63.00 78.00 215.00 475.00 -365.00 -1097.00 0
10045 -0.56 -3.13 -1.67 -61.00 79.00 211.00 475.00 -365.00 -1097.00 0
10054 -2.16 -3.69 -1.67 -61.00 73.00 210.00 475.00 -365.00 -1097.00 0
10063 -2.64 -3.69 -1.60 -61.00 70.00 209.00 475.00 -365.00 -1097.00 0
10073 -3.13 -3.48 -1.46 -58.00 72.00 211.00 475.00 -365.00 -1097.00 0
10082 -3.20 -3.06 -1.39 -61.00 75.00 211.00 477.00 -361.00 -981.00 0
10091 -3.13 -2.43 -1.32 -63.00 73.00 212.00 477.00 -361.00 -981.00 0
10100 -3.20 -1.67 -1.32 -68.00 75.00 221.00 477.00 -361.00 -981.00 0
10109 -3.55 -0.70 -1.74 -66.00 76.00 217.00 477.00 -361.00 -981.00 0
10119 -3.62 -0.56 -2.02 -68.00 78.00 221.00 477.00 -361.00 -981.00 0
10128 -3.83 -0.42 -2.02 -69.00 77.00 220.00 477.00 -361.00 -981.00 0
10137 -4.10 -0.35 -2.09 -64.00 79.00 219.00 477.00 -361.00 -981.00 0
10146 -4.17 -0.63 -2.09 -64.00 79.00 212.00 475.00 -363.00 -1077.00 0
10156 -4.10 -0.83 -1.95 -63.00 74.00 215.00 475.00 -363.00 -1077.00 0
10165 -4.31 -0.77 -1.81 -59.00 69.00 210.00 475.00 -363.00 -1077.00 0
10174 -4.10 -0.42 -1.67 -56.00 74.00 207.00 475.00 -363.00 -1077.00 0
10183 -3.83 0.14 -1.46 -55.00 75.00 204.00 475.00 -363.00 -1077.00 0
10192 -3.62 0.97 -1.46 -55.00 74.00 202.00 475.00 -363.00 -1077.00 0
10202 -3.27 2.16 -1.60 -57.00 78.00 205.00 475.00 -363.00 -1077.00 0
10211 -2.57 3.76 -1.81 -58.00 84.00 206.00 475.00 -363.00 -1077.00 0
10220 -1.88 6.89 -2.23 -57.00 76.00 202.00 475.00 -363.00 -1077.00 0
10229 -2.30 8.21 -2.50 -57.00 73.00 202.00 475.00 -363.00 -1077.00 0
10238 -2.37 10.02 -2.78 -52.00 84.00 199.00 475.00 -363.00 -1077.00 0
10248 -1.81 12.17 -2.50 -50.00 74.00 194.00 475.00 -363.00 -1077.00 0
10257 -0.90 14.61 -1.60 -40.00 60.00 174.00 475.00 -363.00 -1077.00 0
10266 -1.25 17.88 -1.39 -26.00 60.00 163.00 475.00 -363.00 -1077.00 0
10276 -1.67 26.99 -2.85 -20.00 58.00 145.00 475.00 -363.00 -1077.00 0
10286 -0.90 33.46 -3.48 -44.00 57.00 156.00 475.00 -363.00 -1077.00 0
10295 0.49 41.60 -3.76 -73.00 50.00 195.00 475.00 -363.00 -1077.00 0
10304 1.25 50.43 -4.73 -88.00 30.00 208.00 475.00 -363.00 -1077.00 1
10314 0.14 57.81 -7.93 -115.00 52.00 204.00 475.00 -363.00 -1077.00 1
10324 0.49 64.35 -17.39 -172.00 63.00 273.00 475.00 -363.00 -1077.00 1
10335 5.70 67.06 -17.74 -235.00 80.00 329.00 475.00 -363.00 -1077.00 1
10345 17.32 68.94 -12.24 -209.00 146.00 356.00 530.00 -373.00 -1025.00 1
10355 34.30 54.68 -5.36 -149.00 153.00 290.00 530.00 -373.00 -1025.00 1
10366 29.57 40.00 -5.43 -105.00 132.00 225.00 530.00 -373.00 -1025.00 1
10377 21.84 25.39 -3.41 -69.00 117.00 184.00 530.00 -373.00 -1025.00 1
10387 6.54 2.57 1.60 -48.00 87.00 167.00 530.00 -373.00 -1025.00 0
10396 -0.35 -4.94 3.06 -44.00 85.00 161.00 530.00 -373.00 -1025.00 0
10405 -5.15 -9.95 4.45 -56.00 83.00 171.00 530.00 -373.00 -1025.00 0
10415 -9.25 -12.45 4.94 -76.00 75.00 194.00 530.00 -373.00 -1025.00 0
10424 -12.94 -13.15 4.59 -106.00 59.00 215.00 530.00 -373.00 -1025.00 0
10434 -17.74 -12.66 3.55 -126.00 66.00 230.00 530.00 -373.00 -1025.00 0
10443 -17.74 -13.50 3.55 -119.00 67.00 243.00 530.00 -373.00 -1025.00 0
10452 -17.25 -15.58 3.27 -114.00 71.00 228.00 530.00 -373.00 -1025.00 0
10462 -16.00 -18.64 3.34 -95.00 79.00 224.00 530.00 -373.00 -1025.00 0
10471 -14.54 -21.70 3.41 -90.00 71.00 206.00 530.00 -373.00 -1025.00 0
10481 -13.91 -23.65 4.31 -77.00 72.00 205.00 506.00 -373.00 -1103.00 0
10490 -10.02 -26.16 7.17 -69.00 78.00 193.00 506.00 -373.00 -1103.00 0
10500 -8.42 -26.50 8.14 -63.00 81.00 192.00 506.00 -373.00 -1103.00 0
10509 -6.61 -26.43 9.25 -62.00 93.00 195.00 506.00 -373.00 -1103.00 0
10518 -5.01 -25.46 10.30 -65.00 102.00 192.00 506.00 -373.00 -1103.00 0
10527 -4.17 -23.86 11.34 -68.00 102.00 204.00 506.00 -373.00 -1103.00 0
10536 -3.69 -20.38 13.77 -73.00 102.00 211.00 506.00 -373.00 -1103.00 0
10547 -4.10 -18.92 15.44 -73.00 98.00 205.00 506.00 -373.00 -1103.00 0
10556 -4.66 -18.02 17.53 -78.00 92.00 211.00 506.00 -373.00 -1103.00 0
10565 -5.08 -17.25 19.69 -72.00 80.00 217.00 506.00 -373.00 -1103.00 0
10574 -5.77 -16.70 21.29 -75.00 89.00 219.00 506.00 -373.00 -1103.00 0
10584 -5.70 -16.07 22.47 -71.00 94.00 222.00 506.00 -373.00 -1103.00 0
10593 -3.83 -15.03 25.25 -66.00 101.00 217.00 506.00 -373.00 -1103.00 0
10602 -3.06 -14.68 26.64 -60.00 96.00 213.00 506.00 -373.00 -1103.00 0
10611 -2.64 -14.54 28.10 -59.00 97.00 200.00 506.00 -373.00 -1103.00 0
10621 -2.16 -13.98 30.12 -52.00 110.00 200.00 506.00 -373.00 -1103.00 0
10631 -1.11 -12.73 32.77 -56.00 118.00 204.00 506.00 -373.00 -1103.00 0
10640 -0.42 -8.21 39.65 -61.00 128.00 212.00 506.00 -373.00 -1103.00 0
10649 -0.97 -5.36 44.38 -64.00 128.00 218.00 506.00 -373.00 -1103.00 0
10658 -2.57 -2.71 49.39 -63.00 114.00 218.00 506.00 -373.00 -1103.00 0
10668 -5.91 0.00 53.70 -58.00 100.00 208.00 506.00 -373.00 -1103.00 0
10677 -9.53 2.50 56.90 -56.00 99.00 203.00 506.00 -373.00 -1103.00 0
10687 -12.10 4.87 59.20 -44.00 116.00 196.00 506.00 -373.00 -1103.00 0
10696 -12.17 10.37 62.68 -36.00 125.00 200.00 506.00 -373.00 -1103.00 0
10705 -10.85 13.63 64.49 -35.00 129.00 207.00 506.00 -373.00 -1103.00 0
10715 -9.95 17.46 66.71 -54.00 119.00 225.00 506.00 -373.00 -1103.00 0
10724 -9.88 21.08 69.15 -60.00 110.00 225.00 506.00 -373.00 -1103.00 0
10733 -10.37 23.93 71.37 -58.00 105.00 213.00 506.00 -373.00 -1103.00 0
10743 -12.03 26.85 73.39 -44.00 112.00 197.00 506.00 -373.00 -1103.00 0
10753 -12.03 27.48 72.77 -33.00 126.00 188.00 506.00 -373.00 -1103.00 0
10762 -12.24 28.52 72.28 -33.00 142.00 191.00 506.00 -373.00 -1103.00 0
10771 -12.59 31.10 72.63 -52.00 137.00 203.00 506.00 -373.00 -1103.00 0
10781 -15.17 35.34 73.46 -80.00 126.00 236.00 506.00 -373.00 -1103.00 0
10790 -27.20 42.50 73.60 -98.00 109.00 245.00 506.00 -373.00 -1103.00 0
10800 -35.13 42.78 72.00 -88.00 89.00 226.00 506.00 -373.00 -1103.00 0
10809 -42.99 40.70 69.50 -71.00 84.00 206.00 477.00 -464.00 -1130.00 0
10818 -49.25 37.50 67.34 -67.00 67.00 196.00 477.00 -464.00 -1130.00 0
10828 -53.43 34.78 66.57 -66.00 52.00 194.00 477.00 -464.00 -1130.00 0
10838 -55.72 33.46 66.23 -60.00 63.00 190.00 477.00 -464.00 -1130.00 0
10847 -53.22 33.74 65.81 -64.00 81.00 196.00 477.00 -464.00 -1130.00 0
10856 -49.67 35.34 65.88 -72.00 83.00 214.00 477.00 -464.00 -1130.00 0
10865 -47.23 37.91 65.04 -84.00 79.00 231.00 477.00 -464.00 -1130.00 0
10874 -45.84 39.65 63.72 -90.00 74.00 226.00 475.00 -477.00 -1082.00 0
10885 -45.36 39.93 62.19 -91.00 76.00 230.00 475.00 -477.00 -1082.00 0
10894 -45.84 36.10 56.83 -90.00 65.00 228.00 475.00 -477.00 -1082.00 0
10903 -45.84 32.42 53.84 -82.00 63.00 213.00 475.00 -477.00 -1082.00 0
10912 -45.22 28.38 50.78 -72.00 64.00 206.00 475.00 -477.00 -1082.00 0
10921 -43.90 24.83 47.93 -68.00 62.00 202.00 475.00 -477.00 -1082.00 0
10931 -42.78 22.68 45.50 -66.00 54.00 199.00 475.00 -477.00 -1082.00 0
10941 -42.09 21.98 41.18 -65.00 50.00 197.00 475.00 -477.00 -1082.00 0
10950 -41.18 23.03 38.96 -61.00 46.00 194.00 475.00 -477.00 -1082.00 0
10959 -39.79 24.77 36.80 -65.00 34.00 190.00 475.00 -477.00 -1082.00 0
10969 -37.98 27.06 34.43 -70.00 32.00 197.00 475.00 -477.00 -1082.00 0
10978 -34.92 29.29 31.79 -74.00 49.00 203.00 475.00 -477.00 -1082.00 0
10987 -30.33 30.89 28.94 -93.00 66.00 223.00 475.00 -477.00 -1082.00 0
10997 -20.31 31.30 24.42 -103.00 71.00 234.00 475.00 -477.00 -1082.00 0
11006 -16.97 29.08 22.19 -97.00 71.00 229.00 475.00 -477.00 -1082.00 0
11016 -14.61 25.53 20.17 -95.00 80.00 232.00 475.00 -477.00 -1082.00 0
11025 -12.31 21.36 18.64 -77.00 122.00 207.00 475.00 -477.00 -1082.00 0
11034 -11.20 17.18 17.67 -59.00 49.00 182.00 475.00 -477.00 -1082.00 0
11044 5.43 9.04 15.51 -86.00 31.00 207.00 475.00 -477.00 -1082.00 0
11054 20.17 6.82 12.66 -82.00 73.00 219.00 475.00 -477.00 -1082.00 0
11063 29.84 6.12 9.46 -87.00 87.00 194.00 475.00 -477.00 -1082.00 0
11072 33.39 5.57 6.26 -61.00 134.00 224.00 475.00 -477.00 -1082.00 0
11081 36.59 4.31 1.74 -69.00 109.00 203.00 475.00 -477.00 -1082.00 0
11090 32.63 3.76 -2.71 -74.00 109.00 230.00 475.00 -477.00 -1082.00 0
11100 7.03 5.91 -12.52 -109.00 60.00 193.00 475.00 -477.00 -1082.00 0
11109 -5.77 5.84 -16.63 -49.00 106.00 232.00 475.00 -477.00 -1082.00 0
11118 -14.68 4.59 -19.41 -54.00 79.00 178.00 475.00 -477.00 -1082.00 0
11128 -21.29 4.73 -17.25 -99.00 165.00 234.00 475.00 -477.00 -1082.00 0
11138 -21.36 7.10 -11.76 -38.00 88.00 249.00 475.00 -477.00 -1082.00 0
11147 -48.63 11.55 -4.38 -94.00 45.00 213.00 475.00 -477.00 -1082.00 0
11156 -59.41 9.18 0.56 -81.00 43.00 204.00 475.00 -477.00 -1082.00 0
11165 -61.01 9.18 5.36 -85.00 56.00 218.00 475.00 -477.00 -1082.00 0
11174 -55.03 9.95 7.65 -75.00 73.00 218.00 475.00 -477.00 -1082.00 0
11184 -46.89 9.04 7.03 -102.00 -108.00 146.00 475.00 -477.00 -1082.00 0
11193 -40.28 5.91 6.19 -106.00 49.00 191.00 475.00 -477.00 -1082.00 0
11203 -9.25 -8.14 2.57 -128.00 106.00 268.00 477.00 -482.00 -1188.00 0
11212 -0.49 -14.61 -6.47 -120.00 84.00 265.00 477.00 -482.00 -1188.00 0
11222 6.12 -19.41 -10.64 -127.00 71.00 254.00 477.00 -482.00 -1188.00 0
11231 9.95 -20.87 -15.03 -72.00 103.00 222.00 477.00 -482.00 -1188.00 0
11240 8.42 -20.94 -25.39 -60.00 70.00 219.00 477.00 -482.00 -1188.00 0
11249 6.61 -19.06 -34.02 -65.00 62.00 213.00 477.00 -482.00 -1188.00 0
11259 5.36 -15.30 -33.53 -61.00 45.00 204.00 477.00 -482.00 -1188.00 0
11269 6.96 -8.35 -34.23 -71.00 68.00 188.00 484.00 -469.00 -1137.00 0
11278 14.26 1.88 -35.90 -24.00 61.00 182.00 484.00 -469.00 -1137.00 0
11287 18.30 4.31 -39.23 -42.00 35.00 217.00 484.00 -469.00 -1137.00 0
11296 11.55 -12.45 -45.29 -14.00 38.00 204.00 484.00 -469.00 -1137.00 0
11305 -5.91 -29.70 -58.30 -35.00 3.00 247.00 484.00 -469.00 -1137.00 0
11315 -12.66 -38.96 -60.31 -44.00 15.00 256.00 484.00 -469.00 -1137.00 0
11324 -16.83 -45.43 -59.48 -34.00 18.00 260.00 484.00 -469.00 -1137.00 0
11334 -16.90 -48.90 -54.19 -78.00 46.00 246.00 484.00 -469.00 -1137.00 0
11343 -15.72 -50.85 -45.98 -70.00 49.00 234.00 484.00 -469.00 -1137.00 0
11353 -14.47 -47.17 -20.24 -56.00 91.00 246.00 484.00 -469.00 -1137.00 0
11362 -6.12 -42.85 -8.77 -69.00 84.00 221.00 484.00 -469.00 -1137.00 0
11371 -2.57 -36.59 0.21 -67.00 112.00 214.00 484.00 -469.00 -1137.00 0
11380 -0.21 -31.93 5.84 -60.00 110.00 235.00 484.00 -469.00 -1137.00 0
11389 0.14 -30.33 7.93 -81.00 81.00 214.00 484.00 -469.00 -1137.00 0
11399 2.23 -27.69 10.37 -71.00 88.00 241.00 484.00 -469.00 -1137.00 0
11409 8.21 -19.06 11.90 -65.00 73.00 250.00 484.00 -469.00 -1137.00 0
11418 9.95 -16.42 12.24 -57.00 63.00 253.00 484.00 -469.00 -1137.00 0
11427 9.74 -15.37 10.16 -45.00 37.00 271.00 484.00 -469.00 -1137.00 0
11437 6.19 -15.93 4.45 -27.00 8.00 278.00 484.00 -469.00 -1137.00 0
11446 -0.49 -18.23 -3.69 -20.00 -48.00 327.00 484.00 -469.00 -1137.00 0
11455 -12.80 -26.57 -15.23 0.00 -4.00 285.00 484.00 -469.00 -1137.00 0
11464 -43.76 -31.10 -33.04 -17.00 12.00 268.00 484.00 -469.00 -1137.00 0
11473 -55.72 -27.20 -33.95 -15.00 23.00 251.00 484.00 -469.00 -1137.00 0
11483 -60.73 -21.70 -31.10 -2.00 34.00 227.00 484.00 -469.00 -1137.00 0
11493 -59.27 -15.03 -25.46 -5.00 33.00 203.00 484.00 -469.00 -1137.00 0
11502 -54.40 -8.49 -18.85 -25.00 33.00 200.00 484.00 -469.00 -1137.00 0
11511 -42.37 4.59 -9.11 -1.00 26.00 201.00 484.00 -469.00 -1137.00 0
11521 -37.43 11.27 -6.33 -32.00 32.00 182.00 484.00 -469.00 -1137.00 0
11530 -37.08 16.90 -8.21 -38.00 22.00 190.00 484.00 -469.00 -1137.00 0
11539 -43.48 19.34 -16.00 -76.00 45.00 232.00 484.00 -469.00 -1137.00 0
11548 -55.10 19.13 -28.66 -23.00 12.00 193.00 484.00 -469.00 -1137.00 0
11557 -72.14 15.93 -45.29 -33.00 16.00 197.00 484.00 -469.00 -1137.00 0
11568 -108.52 5.91 -79.23 -48.00 20.00 201.00 484.00 -469.00 -1137.00 0
11577 -123.69 2.64 -94.75 -30.00 60.00 169.00 484.00 -469.00 -1137.00 0
11586 -136.70 0.42 -107.06 -35.00 37.00 164.00 484.00 -469.00 -1137.00 0
11595 -144.97 -1.39 -109.57 -28.00 17.00 167.00 484.00 -469.00 -1137.00 0
11604 -144.49 -3.83 -103.79 -32.00 5.00 153.00 484.00 -469.00 -1137.00 0
11614 -125.22 -6.47 -85.01 -15.00 -7.00 160.00 484.00 -469.00 -1137.00 0
11624 -108.87 -7.37 -75.69 -64.00 1.00 196.00 484.00 -469.00 -1137.00 0
11633 -96.63 -7.65 -67.76 -61.00 -19.00 212.00 484.00 -469.00 -1137.00 0
11642 -91.13 -9.53 -64.83 -58.00 -27.00 227.00 484.00 -469.00 -1137.00 0
11652 -88.83 -10.78 -66.99 -44.00 -55.00 214.00 484.00 -469.00 -1137.00 0
11661 -85.70 -12.10 -71.79 -46.00 -55.00 207.00 484.00 -469.00 -1137.00 0
11670 -72.70 -13.43 -82.71 -53.00 -38.00 229.00 484.00 -469.00 -1137.00 0
11679 -64.63 -14.68 -87.72 -49.00 -15.00 217.00 484.00 -469.00 -1137.00 0
11689 -58.71 -17.53 -92.59 -68.00 -6.00 198.00 484.00 -469.00 -1137.00 0
11699 -56.83 -21.22 -97.32 -44.00 -16.00 183.00 484.00 -469.00 -1137.00 0
11708 -58.23 -24.35 -101.08 -27.00 -27.00 192.00 484.00 -469.00 -1137.00 0
11717 -66.57 -35.55 -104.70 -34.00 -52.00 193.00 484.00 -469.00 -1137.00 0
11726 -76.45 -41.67 -109.57 -41.00 -57.00 207.00 484.00 -469.00 -1137.00 0
11737 -87.72 -46.12 -117.43 -50.00 -57.00 208.00 484.00 -469.00 -1137.00 0
11746 -98.57 -49.25 -126.89 -44.00 -58.00 204.00 484.00 -469.00 -1137.00 0
11755 -107.76 -54.05 -135.58 -29.00 -62.00 208.00 484.00 -469.00 -1137.00 0
11764 -127.44 -65.81 -158.05 -37.00 -75.00 208.00 484.00 -469.00 -1137.00 0
11774 -134.75 -72.97 -170.99 -24.00 -82.00 210.00 484.00 -469.00 -1137.00 0
11784 -136.56 -80.49 -179.90 -34.00 -127.00 218.00 484.00 -469.00 -1137.00 0
11793 -136.56 -85.50 -186.43 -32.00 -139.00 219.00 484.00 -469.00 -1137.00 0
11802 -130.64 -92.03 -189.36 -23.00 -136.00 205.00 484.00 -469.00 -1137.00 0
11812 -107.06 -104.90 -188.45 -100.00 -147.00 156.00 484.00 -469.00 -1137.00 0
11822 -90.43 -102.40 -185.46 -49.00 -127.00 320.00 484.00 -469.00 -1137.00 0
11832 -77.43 -87.03 -183.30 -74.00 -161.00 276.00 484.00 -469.00 -1137.00 0
11841 -79.23 -46.47 -183.10 -67.00 -167.00 230.00 484.00 -469.00 -1137.00 0
11850 -83.97 -11.20 -182.47 -37.00 -127.00 168.00 484.00 -469.00 -1137.00 0
11859 -99.34 53.43 -176.21 -5.00 -112.00 147.00 484.00 -469.00 -1137.00 0
11870 -108.24 92.03 -178.78 18.00 -127.00 105.00 484.00 -469.00 -1137.00 0
11879 -111.93 123.48 -174.61 31.00 -122.00 160.00 484.00 -469.00 -1137.00 0
11888 -109.98 138.64 -158.40 60.00 -165.00 173.00 484.00 -469.00 -1137.00 0
11898 -103.93 141.91 -143.72 -2.00 -144.00 172.00 484.00 -469.00 -1137.00 0
11908 -82.43 132.03 -118.40 -36.00 -180.00 171.00 484.00 -469.00 -1137.00 0
11917 -70.82 131.41 -103.93 -89.00 -227.00 245.00 484.00 -469.00 -1137.00 0
11927 -58.78 131.69 -87.37 -127.00 -260.00 221.00 484.00 -469.00 -1137.00 0
11936 -51.90 130.37 -73.74 -73.00 -247.00 235.00 484.00 -469.00 -1137.00 0
11945 -45.15 127.10 -66.09 -17.00 -230.00 249.00 484.00 -469.00 -1137.00 0
11955 -25.39 129.74 -49.46 -27.00 -197.00 244.00 484.00 -469.00 -1137.00 0
11965 -19.83 131.48 -36.10 -16.00 -169.00 223.00 484.00 -469.00 -1137.00 0
11974 -21.63 128.00 -27.06 -7.00 -146.00 174.00 484.00 -469.00 -1137.00 0
11983 -26.23 120.35 -24.83 -57.00 -126.00 36.00 490.00 257.00 -1108.00 0
11993 -32.56 125.57 -24.28 -112.00 -131.00 169.00 490.00 257.00 -1108.00 0
12003 -67.41 222.61 -18.64 -90.00 -180.00 171.00 490.00 257.00 -1108.00 0
12012 -68.38 231.65 -12.59 -113.00 -221.00 155.00 490.00 257.00 -1108.00 0
12021 -56.90 222.33 -8.83 -136.00 -222.00 170.00 490.00 257.00 -1108.00 0
12032 -43.76 216.56 -9.46 -131.00 -258.00 180.00 490.00 257.00 -1108.00 0
12041 -33.81 216.28 -15.37 -150.00 -255.00 200.00 490.00 257.00 -1108.00 0
12050 -14.68 200.90 -35.13 -119.00 -237.00 201.00 581.00 335.00 -941.00 0
12059 -11.20 182.54 -44.80 -101.00 -215.00 181.00 581.00 335.00 -941.00 0
12069 -8.63 165.63 -52.87 -106.00 -192.00 153.00 581.00 335.00 -941.00 0
12079 -6.26 154.57 -58.43 -126.00 -160.00 125.00 581.00 335.00 -941.00 0
12088 -6.26 147.13 -60.66 -103.00 -141.00 105.00 581.00 335.00 -941.00 0
12097 -18.02 133.43 -50.16 -90.00 -117.00 110.00 581.00 335.00 -941.00 0
12106 -29.15 128.77 -39.44 -81.00 -131.00 140.00 581.00 335.00 -941.00 0
12116 -38.47 121.39 -26.43 -83.00 -154.00 166.00 601.00 397.00 -1027.00 0
12126 -43.34 110.61 -13.08 88.00 75.00 -150.00 601.00 397.00 -1027.00 0
12135 -71.03 80.77 -24.35 -523.00 -331.00 244.00 601.00 397.00 -1027.00 0
12144 -111.03 52.73 -53.84 -330.00 -369.00 145.00 601.00 397.00 -1027.00 0
12154 -150.05 41.53 -67.90 -197.00 -370.00 435.00 601.00 397.00 -1027.00 0
12164 -139.83 39.17 -81.88 -141.00 -258.00 316.00 601.00 397.00 -1027.00 0
12173 -125.84 35.13 -90.30 -94.00 -253.00 106.00 601.00 397.00 -1027.00 0
12183 -120.90 35.90 -88.97 -134.00 -301.00 199.00 513.00 476.00 -939.00 0
12192 -117.15 45.91 -68.52 -120.00 -249.00 134.00 513.00 476.00 -939.00 0
12201 -110.26 46.75 -54.61 -89.00 -217.00 64.00 513.00 476.00 -939.00 0
12211 -107.20 49.53 -38.54 -93.00 -295.00 197.00 513.00 476.00 -939.00 0
12221 -105.53 53.01 -23.37 -14.00 -180.00 75.00 513.00 476.00 -939.00 0
12230 -97.88 54.82 -10.57 -76.00 -183.00 38.00 513.00 476.00 -939.00 0
12239 -90.43 56.49 0.14 -131.00 -245.00 104.00 513.00 476.00 -939.00 0
12249 -71.65 47.03 4.73 -125.00 -230.00 68.00 523.00 477.00 -992.00 0
12258 -54.75 35.90 -2.30 -107.00 -218.00 89.00 523.00 477.00 -992.00 0
12267 -38.19 24.42 -12.80 -89.00 -204.00 95.00 523.00 477.00 -992.00 0
12276 -25.04 14.19 -24.90 -166.00 -261.00 137.00 523.00 477.00 -992.00 0
12286 -20.66 11.55 -35.48 -66.00 -191.00 48.00 523.00 477.00 -992.00 0
12296 -19.41 10.92 -57.18 -135.00 -304.00 180.00 523.00 477.00 -992.00 0
12305 -16.00 10.71 -61.98 11.00 -186.00 13.00 523.00 477.00 -992.00 0
12314 -16.49 11.55 -59.97 -86.00 -281.00 150.00 469.00 505.00 -857.00 0
12323 -16.70 12.87 -52.24 -97.00 -253.00 129.00 469.00 505.00 -857.00 0
12333 -16.70 12.31 -44.31 -60.00 -151.00 97.00 469.00 505.00 -857.00 0
12342 -23.93 8.83 -35.27 -93.00 -194.00 143.00 469.00 505.00 -857.00 0
12351 -79.86 1.81 -24.90 -87.00 -205.00 41.00 469.00 505.00 -857.00 0
12360 -104.14 -0.77 -29.50 -168.00 -447.00 79.00 469.00 505.00 -857.00 0
12370 -87.72 -2.71 -46.05 -50.00 -282.00 148.00 469.00 505.00 -857.00 0
12380 -69.91 -6.12 -55.72 -58.00 -253.00 -21.00 434.00 529.00 -1219.00 0
12389 -56.42 -11.20 -61.50 -148.00 -306.00 59.00 434.00 529.00 -1219.00 0
12398 -47.23 -16.83 -57.67 -45.00 -249.00 26.00 434.00 529.00 -1219.00 0
12407 -34.43 -26.78 -52.73 5.00 -161.00 37.00 434.00 529.00 -1219.00 0
12417 -30.19 -31.10 -47.37 77.00 -137.00 90.00 434.00 529.00 -1219.00 0
12427 -28.10 -36.38 -41.25 -60.00 -306.00 212.00 434.00 529.00 -1219.00 0
12436 -26.09 -39.37 -33.53 -39.00 -202.00 176.00 434.00 529.00 -1219.00 0
12445 -23.03 -37.98 -23.17 -283.00 -330.00 139.00 450.00 537.00 -1037.00 0
12454 -21.01 -42.43 -0.90 -140.00 -414.00 105.00 450.00 537.00 -1037.00 0
12464 -20.94 -45.91 4.66 -55.00 -162.00 131.00 450.00 537.00 -1037.00 0
12474 -20.80 -49.81 7.23 25.00 -130.00 26.00 450.00 537.00 -1037.00 0
12483 -20.59 -50.23 8.63 -4.00 -126.00 76.00 450.00 537.00 -1037.00 0
12492 -19.27 -48.35 7.58 -29.00 -307.00 1.00 450.00 537.00 -1037.00 0
12502 -19.13 -45.98 8.00 -222.00 -442.00 -45.00 450.00 537.00 -1037.00 0
12511 -18.37 -43.41 7.65 -71.00 -348.00 345.00 502.00 534.00 -982.00 0
12520 -15.51 -43.76 6.33 -21.00 -237.00 242.00 502.00 534.00 -982.00 0
12529 -17.81 -47.51 5.63 54.00 -116.00 25.00 502.00 534.00 -982.00 0
12538 -20.24 -49.53 3.83 11.00 -197.00 11.00 502.00 534.00 -982.00 0
12548 -18.30 -51.76 2.23 -96.00 -317.00 95.00 502.00 534.00 -982.00 0
12557 -19.13 -54.40 2.16 -192.00 -450.00 -29.00 502.00 534.00 -982.00 0
12567 -18.30 -53.77 4.45 -123.00 -354.00 9.00 502.00 534.00 -982.00 0
12576 -17.53 -53.36 8.28 -32.00 -221.00 56.00 547.00 509.00 -962.00 0
12585 -17.46 -53.43 12.17 18.00 -86.00 6.00 547.00 509.00 -962.00 0
12595 -18.16 -54.26 15.44 -5.00 -208.00 -36.00 547.00 509.00 -962.00 0
12604 -19.62 -52.52 16.90 9.00 -177.00 103.00 547.00 509.00 -962.00 0
12613 -13.50 -43.90 15.44 -103.00 -267.00 64.00 547.00 509.00 -962.00 0
12622 -14.19 -39.65 13.50 -50.00 -269.00 69.00 547.00 509.00 -962.00 0
12632 -13.43 -37.08 9.67 -28.00 -265.00 76.00 547.00 509.00 -962.00 0
12641 -13.15 -33.88 6.61 -15.00 -226.00 136.00 569.00 492.00 -833.00 0
12650 -11.13 -30.47 3.55 -37.00 -258.00 83.00 569.00 492.00 -833.00 0
12659 -10.64 -27.48 -0.07 -47.00 -265.00 5.00 569.00 492.00 -833.00 0
12668 -9.32 -21.29 -0.70 -46.00 -274.00 55.00 569.00 492.00 -833.00 0
12678 -8.07 -17.39 -1.32 -54.00 -253.00 66.00 569.00 492.00 -833.00 0
12687 -7.10 -13.98 -0.83 -50.00 -252.00 68.00 569.00 492.00 -833.00 0
12696 -6.33 -11.34 0.42 -56.00 -250.00 70.00 569.00 492.00 -833.00 0
12705 -5.77 -9.32 1.81 -56.00 -251.00 73.00 575.00 488.00 -918.00 0
12715 -5.36 -7.79 2.64 -56.00 -248.00 67.00 575.00 488.00 -918.00 0
12724 -4.73 -5.22 2.30 -56.00 -253.00 71.00 575.00 488.00 -918.00 0
12733 -4.45 -4.24 1.46 -56.00 -251.00 72.00 575.00 488.00 -918.00 0
12742 -4.38 -3.55 0.49 -54.00 -251.00 70.00 575.00 488.00 -918.00 0
12751 -4.24 -3.06 -0.56 -54.00 -252.00 70.00 575.00 488.00 -918.00 0
12761 -4.17 -2.78 -1.53 -50.00 -249.00 68.00 575.00 488.00 -918.00 0
12770 -4.17 -2.57 -2.30 -54.00 -251.00 67.00 575.00 488.00 -918.00 0
12779 -4.03 -2.09 -3.13 -54.00 -252.00 65.00 575.00 488.00 -918.00 0
12788 -3.90 -1.67 -3.20 -52.00 -254.00 71.00 575.00 488.00 -918.00 0
12797 -3.83 -1.32 -3.06 -54.00 -249.00 67.00 575.00 488.00 -918.00 0
12807 -3.76 -1.18 -2.85 -51.00 -254.00 69.00 575.00 488.00 -918.00 0
12816 -3.76 -1.11 -2.57 -52.00 -251.00 71.00 575.00 488.00 -918.00 0
12825 -3.76 -1.11 -2.23 -54.00 -250.00 67.00 575.00 488.00 -918.00 0
12834 -3.76 -1.11 -1.74 -53.00 -254.00 75.00 575.00 488.00 -918.00 0
12844 -3.76 -1.04 -1.74 -52.00 -251.00 70.00 577.00 487.00 -1242.00 0
12853 -3.76 -1.04 -1.74 -53.00 -251.00 68.00 577.00 487.00 -1242.00 0
12862 -3.83 -1.11 -1.88 -51.00 -250.00 69.00 577.00 487.00 -1242.00 0
12871 -3.83 -1.11 -2.09 -55.00 -253.00 74.00 577.00 487.00 -1242.00 0
12880 -3.83 -1.11 -2.30 -53.00 -251.00 73.00 577.00 487.00 -1242.00 0
12890 -3.83 -0.97 -2.71 -51.00 -251.00 68.00 577.00 487.00 -1242.00 0
12899 -3.76 -0.90 -2.85 -53.00 -252.00 71.00 577.00 487.00 -1242.00 0
12908 -3.76 -0.83 -2.85 -50.00 -248.00 65.00 577.00 487.00 -1242.00 0
12917 -3.76 -0.83 -2.71 -52.00 -252.00 69.00 577.00 487.00 -1242.00 0
12926 -3.76 -0.83 -2.50 -52.00 -250.00 71.00 577.00 487.00 -1242.00 0
12936 -3.69 -0.83 -2.23 -52.00 -251.00 77.00 577.00 487.00 -1242.00 0
12945 -3.69 -0.90 -1.95 -51.00 -249.00 68.00 577.00 487.00 -1242.00 0
12954 -3.69 -0.90 -1.95 -54.00 -246.00 69.00 577.00 487.00 -1242.00 0
12963 -3.69 -0.97 -2.09 -55.00 -252.00 70.00 577.00 487.00 -1242.00 0
12973 -3.76 -0.97 -2.23 -50.00 -251.00 70.00 577.00 487.00 -1242.00 0
12982 -3.76 -1.04 -2.30 -50.00 -252.00 69.00 577.00 487.00 -1242.00 0
12991 -3.76 -1.04 -2.37 -49.00 -254.00 75.00 577.00 487.00 -1242.00 0
13001 -3.76 -0.97 -2.37 -52.00 -251.00 69.00 577.00 487.00 -1242.00 0
13010 -3.69 -0.83 -2.43 -55.00 -250.00 70.00 577.00 487.00 -1242.00 0
13020 -3.69 -0.83 -2.43 -53.00 -249.00 70.00 577.00 487.00 -1242.00 0
13029 -3.76 -0.90 -2.37 -48.00 -249.00 67.00 577.00 487.00 -1242.00 0
13038 -3.69 -0.97 -2.30 -48.00 -253.00 70.00 570.00 492.00 -1057.00 0
13047 -3.76 -0.90 -2.16 -50.00 -252.00 71.00 570.00 492.00 -1057.00 0
13057 -3.69 -0.90 -2.09 -49.00 -252.00 70.00 570.00 492.00 -1057.00 0
13066 -3.69 -0.97 -2.09 -50.00 -251.00 68.00 570.00 492.00 -1057.00 0
13075 -3.69 -0.90 -2.09 -55.00 -248.00 67.00 570.00 492.00 -1057.00 0
13084 -3.69 -0.90 -2.23 -51.00 -250.00 69.00 570.00 492.00 -1057.00 0
13093 -3.69 -0.90 -2.23 -50.00 -251.00 72.00 570.00 492.00 -1057.00 0
13103 -3.62 -0.90 -2.23 -52.00 -251.00 71.00 571.00 491.00 -1061.00 0
13112 -3.62 -0.90 -2.30 -49.00 -254.00 74.00 571.00 491.00 -1061.00 0
13121 -3.62 -0.90 -2.30 -51.00 -253.00 68.00 571.00 491.00 -1061.00 0
13130 -3.62 -0.90 -2.23 -52.00 -249.00 71.00 571.00 491.00 -1061.00 0
13139 -3.62 -0.90 -2.16 -52.00 -249.00 68.00 571.00 491.00 -1061.00 0
13149 -3.62 -0.97 -2.16 -53.00 -254.00 73.00 571.00 491.00 -1061.00 0
13158 -3.62 -0.97 -2.23 -52.00 -252.00 69.00 571.00 491.00 -1061.00 0
13167 -3.62 -0.97 -2.30 -52.00 -250.00 70.00 574.00 490.00 -1043.00 0
13176 -3.55 -0.83 -2.37 -51.00 -251.00 72.00 574.00 490.00 -1043.00 0
13186 -3.55 -0.83 -2.30 -50.00 -249.00 71.00 574.00 490.00 -1043.00 0
13195 -3.55 -0.83 -2.23 -49.00 -252.00 67.00 574.00 490.00 -1043.00 0
13204 -3.55 -0.90 -2.23 -53.00 -254.00 69.00 574.00 490.00 -1043.00 0
13213 -3.55 -0.90 -2.16 -54.00 -251.00 72.00 574.00 490.00 -1043.00 0
13222 -3.62 -0.90 -2.02 -51.00 -252.00 70.00 574.00 490.00 -1043.00 0
13232 -3.62 -0.97 -2.02 -52.00 -251.00 72.00 568.00 492.00 -1078.00 0
13241 -3.62 -0.97 -2.02 -50.00 -252.00 73.00 568.00 492.00 -1078.00 0
13250 -3.62 -1.04 -2.09 -51.00 -251.00 69.00 568.00 492.00 -1078.00 0
13259 -3.55 -1.04 -2.09 -53.00 -252.00 70.00 568.00 492.00 -1078.00 0
13268 -3.55 -0.97 -2.09 -50.00 -253.00 70.00 568.00 492.00 -1078.00 0
13278 -3.62 -0.90 -2.09 -52.00 -251.00 71.00 568.00 492.00 -1078.00 0
13287 -3.69 -0.90 -2.09 -51.00 -251.00 68.00 568.00 492.00 -1078.00 0
13296 -3.69 -0.90 -2.09 -50.00 -252.00 71.00 568.00 491.00 -1165.00 0
13305 -3.62 -0.90 -2.09 -50.00 -252.00 68.00 569.00 491.00 -1165.00 0
13315 -3.69 -0.90 -2.09 -50.00 -253.00 72.00 569.00 491.00 -1165.00 0
13324 -3.76 -0.97 -2.09 -49.00 -251.00 71.00 569.00 491.00 -1165.00 0
13333 -3.83 -0.97 -2.02 -50.00 -253.00 73.00 569.00 491.00 -1165.00 0
13342 -3.76 -1.04 -1.95 -53.00 -250.00 72.00 569.00 491.00 -1165.00 0
13351 -3.76 -1.04 -1.95 -49.00 -252.00 72.00 569.00 491.00 -1165.00 0
13361 -3.69 -1.04 -2.02 -51.00 -253.00 69.00 569.00 491.00 -1165.00 0
13370 -3.69 -1.04 -2.02 -52.00 -252.00 69.00 569.00 491.00 -1165.00 0
13379 -3.69 -0.97 -1.95 -49.00 -251.00 73.00 569.00 491.00 -1165.00 0
13388 -3.69 -0.97 -1.95 -54.00 -250.00 72.00 569.00 491.00 -1165.00 0
13398 -3.69 -0.97 -1.95 -50.00 -252.00 69.00 569.00 491.00 -1165.00 0
13407 -3.69 -1.04 -2.02 -48.00 -254.00 71.00 569.00 491.00 -1165.00 0
13416 -3.69 -1.04 -2.09 -52.00 -252.00 70.00 569.00 491.00 -1165.00 0
13425 -3.69 -1.04 -2.09 -51.00 -251.00 69.00 569.00 491.00 -1165.00 0
13434 -3.76 -1.04 -2.02 -51.00 -252.00 67.00 569.00 491.00 -1165.00 0
13444 -3.76 -1.04 -1.95 -50.00 -252.00 73.00 569.00 491.00 -1165.00 0
13453 -3.69 -1.04 -1.88 -51.00 -250.00 65.00 569.00 491.00 -1165.00 0
13462 -3.76 -1.04 -1.88 -51.00 -249.00 69.00 569.00 491.00 -1165.00 0
13471 -3.76 -0.97 -1.81 -53.00 -250.00 67.00 569.00 491.00 -1165.00 0
13481 -3.76 -0.90 -1.81 -52.00 -252.00 72.00 569.00 491.00 -1165.00 0
13491 -3.76 -0.90 -1.81 -52.00 -253.00 70.00 569.00 491.00 -1165.00 0
13500 -3.69 -0.97 -1.88 -50.00 -251.00 69.00 569.00 491.00 -1165.00 0
13509 -3.69 -1.04 -1.88 -51.00 -249.00 67.00 569.00 491.00 -1165.00 0
13518 -3.62 -1.04 -1.95 -49.00 -255.00 72.00 569.00 491.00 -1165.00 0
13528 -3.69 -1.04 -1.95 -51.00 -250.00 70.00 569.00 491.00 -1165.00 0
13537 -3.62 -1.04 -1.88 -51.00 -250.00 66.00 569.00 491.00 -1165.00 0
13546 -3.69 -0.97 -1.88 -52.00 -250.00 66.00 569.00 491.00 -1165.00 0
13555 -3.76 -0.97 -1.88 -47.00 -253.00 70.00 569.00 491.00 -1165.00 0
13564 -3.76 -1.04 -1.81 -50.00 -250.00 69.00 569.00 491.00 -1165.00 0
13574 -3.76 -1.04 -1.88 -53.00 -251.00 70.00 569.00 491.00 -1165.00 0
13583 -3.76 -0.97 -1.95 -49.00 -251.00 70.00 569.00 491.00 -1165.00 0
13592 -3.76 -0.90 -1.95 -49.00 -251.00 70.00 569.00 491.00 -1165.00 0
13601 -3.76 -0.90 -1.95 -50.00 -251.00 72.00 569.00 491.00 -1165.00 0
13611 -3.83 -0.90 -1.88 -47.00 -254.00 70.00 569.00 491.00 -1165.00 0
13620 -3.76 -0.90 -1.88 -53.00 -250.00 67.00 569.00 491.00 -1165.00 0
13629 -3.76 -0.90 -1.95 -49.00 -254.00 68.00 568.00 492.00 -1070.00 0
13638 -3.69 -0.83 -1.95 -49.00 -251.00 69.00 568.00 492.00 -1070.00 0
13647 -3.69 -0.83 -1.95 -52.00 -249.00 70.00 568.00 492.00 -1070.00 0
13657 -3.76 -0.90 -1.95 -48.00 -251.00 73.00 568.00 492.00 -1070.00 0
13666 -3.76 -0.97 -1.95 -50.00 -248.00 67.00 568.00 492.00 -1070.00 0
13675 -3.76 -0.90 -1.88 -53.00 -250.00 67.00 568.00 492.00 -1070.00 0
13684 -3.69 -0.90 -1.88 -50.00 -252.00 70.00 568.00 492.00 -1070.00 0
13693 -3.69 -0.90 -1.81 -51.00 -251.00 70.00 568.00 494.00 -1047.00 0
13703 -3.69 -0.97 -1.81 -51.00 -250.00 69.00 568.00 494.00 -1047.00 0
13712 -3.69 -0.97 -1.81 -50.00 -254.00 73.00 568.00 494.00 -1047.00 0
13721 -3.69 -0.97 -1.88 -50.00 -250.00 67.00 568.00 494.00 -1047.00 0
13730 -3.76 -1.04 -1.88 -50.00 -251.00 71.00 568.00 494.00 -1047.00 0
13740 -3.76 -1.04 -1.88 -49.00 -250.00 72.00 568.00 494.00 -1047.00 0
13749 -3.76 -1.04 -1.81 -49.00 -251.00 72.00 568.00 494.00 -1047.00 0
13758 -3.69 -1.04 -1.74 -54.00 -251.00 67.00 569.00 493.00 -1096.00 0
13767 -3.76 -1.04 -1.74 -49.00 -253.00 70.00 569.00 493.00 -1096.00 0
13776 -3.76 -1.04 -1.81 -46.00 -252.00 70.00 569.00 493.00 -1096.00 0
13786 -3.69 -0.97 -1.81 -47.00 -254.00 71.00 569.00 493.00 -1096.00 0
13795 -3.69 -0.90 -1.81 -53.00 -252.00 69.00 569.00 493.00 -1096.00 0
13804 -3.69 -0.90 -1.81 -50.00 -253.00 70.00 569.00 493.00 -1096.00 0
13813 -3.69 -0.90 -1.88 -53.00 -252.00 69.00 569.00 493.00 -1096.00 0
13822 -3.69 -0.90 -1.88 -49.00 -252.00 71.00 569.00 493.00 -1223.00 0
13832 -3.69 -0.97 -1.95 -51.00 -252.00 69.00 569.00 493.00 -1223.00 0
13841 -3.69 -1.04 -1.95 -51.00 -253.00 70.00 569.00 493.00 -1223.00 0
13850 -3.69 -1.04 -1.88 -51.00 -253.00 68.00 569.00 493.00 -1223.00 0
13859 -3.69 -0.97 -1.88 -49.00 -252.00 70.00 569.00 493.00 -1223.00 0
13869 -3.69 -0.97 -1.81 -50.00 -249.00 66.00 569.00 493.00 -1223.00 0
13878 -3.69 -0.97 -1.81 -50.00 -249.00 71.00 569.00 493.00 -1223.00 0
13887 -3.69 -0.97 -1.81 -52.00 -250.00 68.00 566.00 494.00 -1023.00 0
13896 -3.69 -1.04 -1.74 -52.00 -254.00 66.00 566.00 494.00 -1023.00 0