492.00 -434.00 -934.00 0
658 -3.62 -2.02 -1.88 -82.00 58.00 213.00 492.00 -434.00 -934.00 0
667 -3.48 -2.23 -1.95 -82.00 58.00 211.00 492.00 -434.00 -934.00 0
676 -3.27 -2.23 -1.95 -81.00 58.00 214.00 492.00 -434.00 -934.00 0
686 -3.13 -2.23 -2.02 -80.00 57.00 214.00 492.00 -434.00 -934.00 0
695 -3.06 -2.16 -2.09 -81.00 61.00 215.00 492.00 -434.00 -934.00 0
703 -3.06 -2.09 -2.09 -83.00 59.00 215.00 492.00 -434.00 -934.00 0
712 -3.13 -1.88 -2.09 -83.00 56.00 217.00 492.00 -434.00 -934.00 0
721 -3.55 -1.67 -2.16 -84.00 58.00 211.00 492.00 -434.00 -934.00 0
731 -3.62 -1.60 -2.16 -83.00 57.00 215.00 493.00 -433.00 -968.00 0
740 -3.62 -1.46 -2.09 -89.00 57.00 215.00 493.00 -433.00 -968.00 0
749 -3.69 -1.32 -2.09 -90.00 57.00 214.00 493.00 -433.00 -968.00 0
758 -3.76 -1.25 -2.23 -83.00 57.00 215.00 493.00 -433.00 -968.00 0
768 -3.69 -1.25 -2.37 -86.00 57.00 213.00 493.00 -433.00 -968.00 0
777 -3.55 -1.46 -2.50 -87.00 58.00 211.00 493.00 -433.00 -968.00 0
785 -3.20 -1.53 -2.64 -83.00 58.00 213.00 493.00 -433.00 -968.00 0
794 -2.99 -1.60 -2.71 -85.00 60.00 215.00 492.00 -431.00 -1167.00 0
803 -2.78 -1.60 -2.92 -83.00 55.00 216.00 492.00 -431.00 -1167.00 0
813 -2.64 -1.60 -3.13 -88.00 63.00 212.00 492.00 -431.00 -1167.00 0
822 -2.50 -1.53 -3.41 -87.00 58.00 217.00 492.00 -431.00 -1167.00 0
831 -2.37 -1.39 -3.55 -85.00 51.00 220.00 492.00 -431.00 -1167.00 0
840 -2.71 -1.18 -4.24 -83.00 52.00 213.00 492.00 -431.00 -1167.00 0
849 -2.85 -1.18 -4.94 -84.00 52.00 210.00 492.00 -431.00 -1167.00 0
859 -2.71 -1.18 -5.70 -88.00 48.00 211.00 492.00 -431.00 -1167.00 0
868 -2.71 -1.04 -6.61 -87.00 49.00 214.00 492.00 -431.00 -1167.00 0
877 -2.64 -0.77 -7.58 -87.00 47.00 212.00 492.00 -431.00 -1167.00 0
886 -2.43 -0.63 -8.70 -87.00 42.00 213.00 492.00 -431.00 -1167.00 0
896 -2.30 -0.35 -11.48 -94.00 44.00 215.00 492.00 -431.00 -1167.00 0
905 -1.67 -0.07 -13.15 -91.00 48.00 212.00 492.00 -431.00 -1167.00 0
914 -1.11 -0.07 -14.96 -87.00 53.00 205.00 492.00 -431.00 -1167.00 0
923 -0.35 -0.07 -16.56 -83.00 56.00 207.00 492.00 -431.00 -1167.00 0
932 0.49 0.07 -17.81 -77.00 60.00 204.00 492.00 -431.00 -1167.00 0
942 1.46 0.42 -18.57 -82.00 66.00 211.00 492.00 -431.00 -1167.00 0
951 2.71 1.04 -19.06 -86.00 64.00 218.00 492.00 -431.00 -1167.00 0
960 3.83 2.78 -19.48 -95.00 54.00 227.00 492.00 -431.00 -1167.00 0
969 3.20 3.34 -19.90 -93.00 59.00 224.00 492.00 -431.00 -1167.00 0
978 2.71 3.27 -20.66 -90.00 63.00 217.00 492.00 -431.00 -1167.00 0
988 2.30 2.92 -21.36 -93.00 62.00 215.00 492.00 -431.00 -1167.00 0
996 1.95 2.43 -21.77 -92.00 57.00 206.00 492.00 -431.00 -1167.00 0
1005 1.53 2.09 -22.05 -93.00 44.00 206.00 492.00 -431.00 -1167.00 0
1014 0.42 1.67 -23.23 -98.00 37.00 203.00 492.00 -431.00 -1167.00 0
1025 0.21 1.60 -24.14 -98.00 34.00 207.00 492.00 -431.00 -1167.00 0
1034 0.83 1.46 -24.97 -100.00 29.00 210.00 492.00 -431.00 -1167.00 0
1043 1.74 1.39 -25.74 -92.00 30.00 209.00 492.00 -431.00 -1167.00 0
1052 3.06 1.18 -26.57 -90.00 33.00 206.00 492.00 -431.00 -1167.00 0
1061 4.59 1.04 -27.34 -93.00 42.00 213.00 492.00 -431.00 -1167.00 0
1071 8.28 0.70 -28.03 -91.00 47.00 215.00 492.00 -431.00 -1167.00 0
1080 10.23 0.14 -27.76 -97.00 54.00 222.00 492.00 -431.00 -1167.00 0
1089 11.76 -0.35 -27.27 -107.00 45.00 222.00 492.00 -431.00 -1167.00 0
1098 12.38 -0.77 -26.92 -103.00 76.00 239.00 492.00 -431.00 -1167.00 0
1107 13.57 -1.67 -27.13 -101.00 51.00 223.00 492.00 -431.00 -1167.00 0
1117 13.57 -2.43 -29.84 -101.00 53.00 216.00 492.00 -431.00 -1167.00 0
1126 12.03 -3.34 -31.93 -89.00 70.00 213.00 492.00 -431.00 -1167.00 0
1135 13.01 -4.73 -32.00 -82.00 71.00 209.00 492.00 -431.00 -1167.00 0
1144 13.50 -5.57 -32.00 -76.00 75.00 202.00 492.00 -431.00 -1167.00 0
1155 13.57 -5.91 -31.58 -77.00 71.00 195.00 492.00 -431.00 -1167.00 0
1164 13.15 -6.12 -30.89 -77.00 70.00 196.00 492.00 -431.00 -1167.00 0
1173 12.73 -5.70 -28.03 -89.00 90.00 214.00 492.00 -431.00 -1167.00 0
1182 12.94 -5.50 -27.13 -85.00 78.00 212.00 492.00 -431.00 -1167.00 0
1191 10.99 -4.66 -27.34 -90.00 65.00 210.00 515.00 -394.00 -1129.00 0
1201 8.90 -3.76 -26.92 -90.00 68.00 217.00 515.00 -394.00 -1129.00 0
1210 8.00 -3.48 -26.23 -87.00 60.00 218.00 515.00 -394.00 -1129.00 0
1219 7.10 -3.34 -25.74 -94.00 55.00 209.00 515.00 -394.00 -1129.00 0
1228 5.63 -2.78 -25.18 -93.00 56.00 210.00 515.00 -394.00 -1129.00 0
1238 5.77 -2.71 -24.97 -94.00 59.00 207.00 515.00 -394.00 -1129.00 0
1247 6.19 -2.64 -24.77 -89.00 63.00 209.00 515.00 -394.00 -1129.00 0
1256 6.82 -2.43 -24.35 -94.00 65.00 212.00 519.00 -388.00 -954.00 0
1265 7.10 -2.30 -23.72 -96.00 66.00 205.00 519.00 -388.00 -954.00 0
1274 6.89 -2.16 -23.10 -109.00 51.00 207.00 519.00 -388.00 -954.00 0
1284 4.59 -1.18 -22.82 -115.00 42.00 206.00 519.00 -388.00 -954.00 0
1293 3.76 -1.04 -23.17 -117.00 42.00 212.00 519.00 -388.00 -954.00 0
1302 3.48 -1.25 -23.72 -113.00 49.00 218.00 519.00 -388.00 -954.00 0
1311 3.83 -1.88 -24.14 -110.00 57.00 216.00 519.00 -388.00 -954.00 0
1320 4.45 -2.71 -24.21 -96.00 66.00 211.00 521.00 -376.00 -1042.00 0
1330 5.43 -3.76 -23.72 -85.00 66.00 213.00 521.00 -376.00 -1042.00 0
1339 6.96 -5.43 -21.15 -80.00 63.00 210.00 521.00 -376.00 -1042.00 0
1348 6.75 -5.36 -19.83 -79.00 63.00 205.00 521.00 -376.00 -1042.00 0
1358 6.54 -5.15 -18.92 -73.00 64.00 206.00 521.00 -376.00 -1042.00 0
1368 6.19 -4.80 -18.37 -78.00 64.00 204.00 521.00 -376.00 -1042.00 0
1377 6.05 -4.10 -18.02 -74.00 76.00 204.00 521.00 -376.00 -1042.00 0
1386 6.12 -3.48 -17.32 -74.00 84.00 205.00 525.00 -376.00 -1101.00 0
1395 6.33 -2.30 -14.96 -78.00 84.00 208.00 525.00 -376.00 -1101.00 0
1404 5.50 -1.25 -13.29 -91.00 65.00 216.00 525.00 -376.00 -1101.00 0
1414 4.52 -0.42 -11.62 -98.00 68.00 214.00 525.00 -376.00 -1101.00 0
1423 3.76 -0.07 -10.09 -105.00 64.00 224.00 525.00 -376.00 -1101.00 0
1432 3.20 -0.28 -8.90 -111.00 65.00 221.00 525.00 -376.00 -1101.00 0
1441 2.78 -0.70 -8.07 -113.00 65.00 218.00 525.00 -376.00 -1101.00 0
1451 1.11 -2.71 -7.03 -111.00 63.00 219.00 525.00 -375.00 -985.00 0
1460 0.07 -3.97 -6.54 -119.00 65.00 218.00 525.00 -375.00 -985.00 0
1469 -1.25 -5.22 -5.77 -118.00 59.00 214.00 525.00 -375.00 -985.00 0
1478 -2.50 -6.82 -5.01 -106.00 61.00 207.00 525.00 -375.00 -985.00 0
1487 -3.06 -8.70 -4.03 -99.00 59.00 204.00 525.00 -375.00 -985.00 0
1497 -3.27 -10.02 -2.92 -95.00 46.00 209.00 525.00 -375.00 -985.00 0
1506 -3.69 -10.71 -1.53 -92.00 38.00 204.00 525.00 -375.00 -985.00 0
1515 -4.66 -11.27 -1.46 -95.00 38.00 207.00 525.00 -375.00 -985.00 0
1524 -4.52 -11.55 -1.60 -92.00 44.00 207.00 525.00 -375.00 -985.00 0
1533 -4.03 -11.76 -1.88 -98.00 55.00 222.00 525.00 -375.00 -985.00 0
1543 -3.27 -11.97 -1.95 -103.00 60.00 237.00 525.00 -375.00 -985.00 0
1552 -2.57 -12.73 -2.02 -94.00 64.00 234.00 525.00 -375.00 -985.00 0
1561 -2.02 -14.26 -2.09 -79.00 61.00 219.00 525.00 -375.00 -985.00 0
1570 -1.25 -17.81 -1.74 -66.00 55.00 213.00 525.00 -375.00 -985.00 0
1580 -1.11 -18.50 -1.46 -65.00 46.00 204.00 525.00 -375.00 -985.00 0
1589 -1.32 -18.30 -1.53 -62.00 40.00 203.00 525.00 -375.00 -985.00 0
1598 -1.32 -17.81 -2.23 -63.00 50.00 206.00 525.00 -375.00 -985.00 0
1607 -0.49 -17.18 -3.41 -62.00 57.00 204.00 525.00 -375.00 -985.00 0
1616 0.83 -16.56 -4.80 -66.00 77.00 208.00 525.00 -375.00 -985.00 0
1626 3.55 -15.30 -7.23 -68.00 95.00 216.00 525.00 -375.00 -985.00 0
1635 4.38 -14.89 -7.58 -77.00 98.00 219.00 525.00 -375.00 -985.00 0
1644 4.17 -14.47 -7.17 -76.00 94.00 217.00 525.00 -375.00 -985.00 0
1653 3.27 -14.33 -6.12 -84.00 92.00 217.00 525.00 -375.00 -985.00 0
1662 2.16 -14.12 -4.66 -89.00 88.00 210.00 525.00 -375.00 -985.00 0
1671 0.63 -13.70 -2.71 -85.00 72.00 206.00 525.00 -375.00 -985.00 0
1680 -3.20 -12.59 0.56 -91.00 72.00 203.00 525.00 -375.00 -985.00 0
1689 -5.15 -11.41 2.09 -95.00 64.00 202.00 525.00 -375.00 -985.00 0
1698 -7.23 -10.16 3.34 -97.00 54.00 205.00 525.00 -375.00 -985.00 0
1708 -9.11 -9.11 4.31 -95.00 53.00 196.00 525.00 -375.00 -985.00 0
1717 -10.50 -8.14 5.29 -93.00 46.00 196.00 525.00 -375.00 -985.00 0
1726 -11.34 -7.03 6.40 -96.00 31.00 203.00 525.00 -375.00 -985.00 0
1735 -12.10 -5.50 7.17 -92.00 20.00 201.00 525.00 -375.00 -985.00 0
1744 -13.63 -1.88 6.89 -95.00 13.00 206.00 525.00 -375.00 -985.00 0
1754 -13.57 -0.21 6.47 -95.00 4.00 212.00 525.00 -375.00 -985.00 0
1763 -13.15 1.18 5.50 -87.00 15.00 215.00 525.00 -375.00 -985.00 0
1772 -11.27 2.09 4.31 -85.00 37.00 218.00 525.00 -375.00 -985.00 0
1781 -8.21 2.30 3.06 -93.00 52.00 226.00 505.00 -374.00 -1030.00 0
1790 -5.01 2.02 1.81 -93.00 66.00 221.00 505.00 -374.00 -1030.00 0
1800 -0.35 -0.07 -1.39 -88.00 79.00 227.00 505.00 -374.00 -1030.00 0
1809 0.56 -1.18 -2.99 -82.00 82.00 225.00 505.00 -374.00 -1030.00 0
1818 0.97 -2.30 -3.62 -72.00 83.00 212.00 505.00 -374.00 -1030.00 0
1827 0.49 -3.13 -3.69 -64.00 80.00 208.00 505.00 -374.00 -1030.00 0
1837 -0.56 -3.41 -3.34 -58.00 67.00 195.00 505.00 -374.00 -1030.00 0
1846 -2.09 -2.99 -2.71 -51.00 58.00 194.00 501.00 -376.00 -1028.00 0
1855 -5.50 -0.42 -1.67 -51.00 52.00 188.00 501.00 -376.00 -1028.00 0
1864 -7.30 1.60 -1.53 -57.00 46.00 186.00 501.00 -376.00 -1028.00 0
1873 -9.11 4.10 -1.88 -71.00 35.00 196.00 501.00 -376.00 -1028.00 0
1883 -10.78 7.23 -2.85 -83.00 29.00 200.00 501.00 -376.00 -1028.00 0
1892 -11.90 10.43 -4.31 -93.00 24.00 209.00 501.00 -376.00 -1028.00 0
1901 -12.03 13.15 -6.26 -98.00 30.00 215.00 501.00 -376.00 -1028.00 0
1910 -9.46 17.11 -10.23 -96.00 40.00 212.00 516.00 -372.00 -1184.00 0
1920 -7.23 17.88 -11.83 -92.00 63.00 191.00 516.00 -372.00 -1184.00 0
1930 -5.84 16.21 -13.84 -79.00 48.00 200.00 516.00 -372.00 -1184.00 0
1939 -5.22 14.47 -15.79 -116.00 59.00 226.00 516.00 -372.00 -1184.00 0
1948 -3.06 15.93 -15.58 -79.00 84.00 201.00 516.00 -372.00 -1184.00 0
1957 -0.97 16.56 -15.10 -57.00 93.00 183.00 516.00 -372.00 -1184.00 0
1967 1.25 20.52 -13.70 -79.00 78.00 191.00 516.00 -372.00 -1184.00 0
1976 -2.09 25.53 -13.22 -104.00 58.00 208.00 526.00 -367.00 -1236.00 0
1985 -5.77 30.12 -13.50 -121.00 59.00 233.00 526.00 -367.00 -1236.00 1
1995 -7.93 32.97 -13.84 -151.00 67.00 262.00 526.00 -367.00 -1236.00 1
2007 -8.07 32.42 -11.83 -199.00 56.00 295.00 526.00 -367.00 -1236.00 1
2017 -6.47 27.90 -9.46 -165.00 73.00 299.00 526.00 -367.00 -1236.00 0
2026 -2.92 20.87 -6.54 -137.00 81.00 245.00 526.00 -367.00 -1236.00 0
2035 -1.18 11.20 -3.41 -107.00 62.00 225.00 526.00 -367.00 -1236.00 0
2044 -2.78 1.46 0.70 -113.00 56.00 234.00 526.00 -367.00 -1236.00 0
2054 -3.90 -11.62 3.97 -92.00 59.00 211.00 526.00 -367.00 -1236.00 0
2063 -3.55 -17.25 6.89 -65.00 44.00 178.00 526.00 -367.00 -1236.00 0
2072 -3.90 -21.29 8.63 -55.00 35.00 169.00 526.00 -367.00 -1236.00 0
2081 -4.45 -22.75 9.46 -52.00 37.00 159.00 526.00 -367.00 -1236.00 0
2092 -4.52 -21.77 9.53 -48.00 44.00 162.00 526.00 -367.00 -1236.00 0
2101 -4.38 -18.85 7.51 -55.00 37.00 169.00 526.00 -367.00 -1236.00 0
2110 -4.80 -10.37 5.57 -74.00 34.00 189.00 519.00 -369.00 -962.00 0
2119 -4.45 -5.70 3.48 -86.00 36.00 200.00 519.00 -369.00 -962.00 0
2128 -3.69 -1.39 1.32 -96.00 44.00 212.00 519.00 -369.00 -962.00 0
2137 -2.64 2.43 -0.77 -99.00 46.00 218.00 519.00 -369.00 -962.00 0
2146 -1.81 5.57 -2.64 -106.00 44.00 220.00 519.00 -369.00 -962.00 0
2155 -1.32 7.93 -4.45 -119.00 48.00 230.00 519.00 -369.00 -962.00 0
2164 -0.42 9.95 -7.30 -116.00 59.00 232.00 519.00 -369.00 -962.00 0
2173 0.56 9.04 -8.28 -120.00 65.00 233.00 526.00 -368.00 -860.00 0
2183 1.39 7.30 -8.56 -116.00 66.00 232.00 526.00 -368.00 -860.00 0
2192 1.74 5.15 -8.42 -113.00 70.00 226.00 526.00 -368.00 -860.00 0
2201 1.81 2.85 -7.93 -100.00 71.00 212.00 526.00 -368.00 -860.00 0
2210 1.53 0.77 -7.03 -86.00 64.00 200.00 526.00 -368.00 -860.00 0
2220 -0.35 -2.37 -5.29 -83.00 55.00 198.00 526.00 -368.00 -860.00 0
2229 -1.32 -2.85 -4.80 -82.00 54.00 200.00 526.00 -368.00 -860.00 0
2238 -1.95 -2.99 -4.38 -82.00 53.00 204.00 524.00 -370.00 -1097.00 0
2247 -2.37 -2.64 -4.17 -91.00 44.00 204.00 524.00 -370.00 -1097.00 0
2256 -2.85 -2.09 -4.24 -99.00 48.00 206.00 524.00 -370.00 -1097.00 0
2266 -3.20 -1.39 -4.59 -98.00 53.00 209.00 524.00 -370.00 -1097.00 0
2275 -3.13 -0.07 -5.36 -99.00 54.00 214.00 524.00 -370.00 -1097.00 0
2284 -2.50 0.21 -5.50 -103.00 54.00 218.00 524.00 -370.00 -1097.00 0
2293 -2.37 0.28 -5.50 -105.00 55.00 216.00 524.00 -370.00 -1097.00 0
2302 -2.09 0.07 -5.50 -104.00 58.00 218.00 524.00 -371.00 -1218.00 0
2312 -1.74 -0.35 -5.29 -101.00 58.00 215.00 528.00 -371.00 -1218.00 0
2321 -1.67 -1.04 -5.22 -97.00 58.00 209.00 528.00 -371.00 -1218.00 0
2330 -1.81 -2.02 -5.36 -91.00 51.00 207.00 528.00 -371.00 -1218.00 0
2339 -2.30 -2.16 -5.70 -93.00 44.00 201.00 528.00 -371.00 -1218.00 0
2349 -2.57 -1.88 -6.26 -88.00 46.00 197.00 528.00 -371.00 -1218.00 0
2358 -2.64 -1.39 -7.03 -94.00 49.00 197.00 528.00 -371.00 -1218.00 0
2367 -2.37 -0.70 -7.79 -99.00 44.00 210.00 528.00 -371.00 -1218.00 0
2376 -2.02 -0.07 -8.56 -97.00 51.00 211.00 528.00 -371.00 -1218.00 0
2385 -1.67 0.42 -9.88 -100.00 57.00 219.00 528.00 -371.00 -1218.00 0
2395 -0.14 0.63 -9.88 -111.00 62.00 221.00 528.00 -371.00 -1218.00 0
2404 0.28 0.35 -9.53 -108.00 63.00 223.00 528.00 -371.00 -1218.00 0
2413 0.42 -0.35 -9.25 -107.00 68.00 224.00 528.00 -371.00 -1218.00 0
2422 0.49 -1.39 -8.97 -108.00 69.00 224.00 528.00 -371.00 -1218.00 0
2433 0.49 -2.78 -8.42 -103.00 63.00 216.00 528.00 -371.00 -1218.00 0
2442 0.07 -4.31 -6.89 -95.00 60.00 213.00 528.00 -371.00 -1218.00 0
2451 -1.04 -7.17 -6.05 -93.00 61.00 210.00 528.00 -371.00 -1218.00 0
2460 -1.74 -8.07 -5.15 -90.00 52.00 207.00 528.00 -371.00 -1218.00 0
2468 -2.78 -8.70 -4.59 -83.00 48.00 197.00 528.00 -371.00 -1218.00 0
2478 -3.62 -8.83 -4.24 -82.00 54.00 196.00 528.00 -371.00 -1218.00 0
2487 -3.83 -8.56 -3.97 -76.00 48.00 198.00 528.00 -371.00 -1218.00 0
2496 -3.90 -8.07 -3.83 -83.00 52.00 198.00 528.00 -371.00 -1218.00 0
2505 -3.69 -6.12 -3.83 -85.00 53.00 206.00 528.00 -371.00 -1218.00 0
2514 -3.55 -4.94 -3.76 -94.00 54.00 214.00 528.00 -371.00 -1218.00 0
2524 -3.41 -3.76 -3.76 -100.00 58.00 217.00 528.00 -371.00 -1218.00 0
2534 -3.34 -2.78 -3.76 -101.00 61.00 222.00 528.00 -371.00 -1218.00 0
2543 -3.27 -2.23 -3.69 -104.00 61.00 219.00 528.00 -371.00 -1218.00 0
2552 -3.27 -2.02 -3.55 -105.00 52.00 214.00 528.00 -371.00 -1218.00 0
2562 -4.17 -2.64 -3.41 -96.00 54.00 211.00 528.00 -371.00 -1218.00 0
2571 -4.45 -3.13 -3.48 -96.00 51.00 212.00 528.00 -371.00 -1218.00 0
2580 -4.45 -3.62 -3.41 -94.00 51.00 210.00 528.00 -371.00 -1218.00 0
2589 -4.45 -4.10 -3.41 -85.00 51.00 206.00 528.00 -371.00 -1218.00 0
2598 -4.31 -4.45 -3.48 -84.00 56.00 197.00 528.00 -371.00 -1218.00 0
2608 -4.03 -4.38 -3.48 -84.00 53.00 203.00 528.00 -371.00 -1218.00 0
2617 -3.97 -2.71 -3.27 -85.00 51.00 202.00 528.00 -371.00 -1218.00 0
2626 -4.10 -1.39 -3.34 -95.00 43.00 210.00 528.00 -371.00 -1218.00 0
2635 -4.38 -0.21 -3.55 -102.00 49.00 218.00 523.00 -359.00 -1014.00 0
2644 -4.38 0.56 -3.97 -102.00 54.00 224.00 523.00 -359.00 -1014.00 0
2654 -4.17 0.83 -4.38 -107.00 57.00 221.00 523.00 -359.00 -1014.00 0
2663 -3.97 0.70 -4.45 -101.00 57.00 220.00 523.00 -359.00 -1014.00 0
2672 -3.76 -0.63 -4.10 -99.00 57.00 217.00 523.00 -359.00 -1014.00 0
2681 -3.48 -1.46 -3.62 -91.00 60.00 207.00 523.00 -359.00 -1014.00 0
2691 -3.41 -2.23 -3.06 -91.00 57.00 204.00 523.00 -359.00 -1014.00 0
2700 -3.69 -2.43 -2.64 -82.00 52.00 198.00 525.00 -359.00 -1029.00 0
2709 -4.24 -2.30 -2.43 -84.00 57.00 196.00 525.00 -359.00 -1029.00 0
2718 -4.52 -1.88 -2.30 -90.00 54.00 209.00 525.00 -359.00 -1029.00 0
2727 -5.15 -0.56 -2.09 -98.00 51.00 214.00 525.00 -359.00 -1029.00 0
2737 -5.50 -0.28 -2.30 -96.00 54.00 210.00 525.00 -359.00 -1029.00 0
2746 -5.50 -0.28 -2.43 -95.00 52.00 212.00 525.00 -359.00 -1029.00 0
2755 -5.22 -0.28 -2.37 -101.00 51.00 210.00 525.00 -359.00 -1029.00 0
2764 -5.08 -0.07 -2.30 -100.00 49.00 214.00 526.00 -358.00 -1040.00 0
2774 -5.08 0.28 -2.23 -101.00 49.00 213.00 526.00 -358.00 -1040.00 0
2783 -5.01 0.83 -2.30 -97.00 51.00 212.00 526.00 -358.00 -1040.00 0
2792 -4.66 0.90 -2.37 -89.00 50.00 207.00 526.00 -358.00 -1040.00 0
2801 -4.38 0.97 -2.43 -84.00 54.00 207.00 526.00 -358.00 -1040.00 0
2810 -4.24 1.04 -2.43 -82.00 54.00 201.00 526.00 -358.00 -1040.00 0
2820 -4.10 1.32 -2.50 -82.00 60.00 198.00 526.00 -358.00 -1040.00 0
2829 -4.17 1.81 -2.50 -83.00 53.00 201.00 529.00 -357.00 -1218.00 0
2838 -4.66 2.43 -2.85 -91.00 54.00 202.00 529.00 -357.00 -1218.00 0
2847 -5.50 4.59 -2.85 -97.00 53.00 209.00 529.00 -357.00 -1218.00 0
2856 -4.87 6.26 -2.37 -82.00 63.00 199.00 529.00 -357.00 -1218.00 0
2866 -4.17 7.65 -1.81 -63.00 60.00 172.00 529.00 -357.00 -1218.00 0
2875 -5.22 9.67 -1.88 -64.00 30.00 162.00 529.00 -357.00 -1218.00 0
2884 -8.49 13.77 -2.85 -74.00 19.00 168.00 529.00 -357.00 -1218.00 0
2893 -11.41 19.41 -4.45 -88.00 28.00 182.00 529.00 -357.00 -1218.00 1
2904 -11.69 31.86 -7.10 -150.00 59.00 244.00 529.00 -357.00 -1218.00 1
2915 -10.02 36.73 -7.17 -226.00 51.00 281.00 529.00 -357.00 -1218.00 1
2926 -4.87 34.64 -4.94 -174.00 67.00 295.00 529.00 -357.00 -1218.00 1
2937 -1.53 26.23 -4.17 -131.00 65.00 233.00 529.00 -357.00 -1218.00 1
2949 -0.70 17.32 -2.71 -133.00 55.00 224.00 529.00 -357.00 -1218.00 1
2960 -2.64 4.80 -2.16 -111.00 49.00 212.00 539.00 -354.00 -1009.00 1
2970 -3.97 -0.70 -1.74 -107.00 53.00 210.00 539.00 -354.00 -1009.00 0
2979 -4.80 -5.91 -1.04 -113.00 56.00 223.00 539.00 -354.00 -1009.00 0
2989 -4.66 -10.43 0.00 -108.00 66.00 240.00 539.00 -354.00 -1009.00 0
2998 -2.37 -18.92 3.34 -98.00 54.00 211.00 539.00 -354.00 -1009.00 0
3007 -1.88 -22.61 5.15 -75.00 47.00 195.00 539.00 -354.00 -1009.00 0
3016 -1.95 -24.70 5.91 -73.00 32.00 179.00 539.00 -354.00 -1009.00 0
3025 -3.20 -24.70 5.98 -67.00 29.00 182.00 529.00 -359.00 -1303.00 0
3035 -3.48 -23.93 5.43 -61.00 33.00 179.00 529.00 -359.00 -1303.00 0
3044 -3.27 -22.33 4.03 -58.00 37.00 183.00 529.00 -359.00 -1303.00 0
3053 -1.88 -16.49 -0.07 -63.00 40.00 191.00 529.00 -359.00 -1303.00 0
3062 -0.77 -12.52 -1.95 -74.00 45.00 197.00 529.00 -359.00 -1303.00 0
3072 0.49 -8.49 -3.62 -89.00 50.00 215.00 529.00 -359.00 -1303.00 0
3081 1.53 -4.94 -5.29 -106.00 57.00 219.00 529.00 -359.00 -1303.00 0
3090 2.37 -2.50 -6.89 -117.00 62.00 232.00 529.00 -356.00 -1086.00 0
3099 3.13 -0.90 -8.14 -118.00 64.00 240.00 531.00 -356.00 -1086.00 0
3108 4.80 -1.39 -9.18 -104.00 69.00 239.00 531.00 -356.00 -1086.00 0
3118 5.77 -2.78 -8.90 -110.00 76.00 233.00 531.00 -356.00 -1086.00 0
3127 6.12 -4.24 -8.21 -105.00 72.00 226.00 531.00 -356.00 -1086.00 0
3136 5.63 -5.63 -7.37 -102.00 63.00 202.00 531.00 -356.00 -1086.00 0
3145 4.45 -6.75 -6.26 -96.00 64.00 202.00 531.00 -356.00 -1086.00 0
3154 3.62 -7.58 -4.87 -88.00 59.00 195.00 531.00 -356.00 -1086.00 0
3164 2.23 -7.65 -2.57 -92.00 57.00 192.00 531.00 -356.00 -1086.00 0
3173 1.25 -7.10 -1.67 -93.00 55.00 191.00 531.00 -356.00 -1086.00 0
3182 0.35 -6.54 -1.04 -97.00 52.00 189.00 531.00 -356.00 -1086.00 0
3191 -0.70 -5.57 -0.49 -102.00 42.00 187.00 531.00 -356.00 -1086.00 0
3201 -1.88 -4.17 0.00 -112.00 43.00 194.00 531.00 -356.00 -1086.00 0
3210 -2.57 -2.78 0.56 -123.00 37.00 196.00 531.00 -356.00 -1086.00 0
3219 -3.83 0.14 0.90 -127.00 29.00 207.00 531.00 -356.00 -1086.00 0
3228 -4.80 1.46 0.35 -120.00 25.00 212.00 531.00 -356.00 -1086.00 0
3237 -4.94 2.02 -0.28 -118.00 32.00 227.00 531.00 -356.00 -1086.00 0
3247 -3.90 1.88 -0.90 -110.00 49.00 227.00 531.00 -356.00 -1086.00 0
3256 -2.37 1.11 -1.88 -100.00 62.00 218.00 531.00 -356.00 -1086.00 0
3265 -0.63 -0.07 -2.78 -94.00 68.00 222.00 531.00 -356.00 -1086.00 0
3274 1.81 -2.43 -3.55 -89.00 76.00 210.00 531.00 -356.00 -1086.00 0
3283 1.81 -3.27 -3.76 -85.00 74.00 206.00 531.00 -356.00 -1086.00 0
3293 1.32 -3.97 -3.55 -86.00 67.00 198.00 531.00 -356.00 -1086.00 0
3302 0.49 -4.31 -3.06 -80.00 60.00 197.00 531.00 -356.00 -1086.00 0
3311 -0.83 -4.10 -2.43 -82.00 56.00 195.00 531.00 -356.00 -1086.00 0
3320 -2.02 -3.34 -2.02 -90.00 49.00 199.00 531.00 -356.00 -1086.00 0
3330 -3.69 -1.04 -1.46 -98.00 45.00 208.00 531.00 -356.00 -1086.00 0
3339 -3.97 0.14 -1.39 -104.00 44.00 211.00 531.00 -356.00 -1086.00 0
3348 -4.03 0.83 -1.53 -114.00 47.00 223.00 531.00 -356.00 -1086.00 0
3357 -3.69 1.04 -1.88 -120.00 51.00 235.00 531.00 -356.00 -1086.00 0
3366 -3.13 0.63 -2.16 -115.00 62.00 226.00 531.00 -356.00 -1086.00 0
3377 -2.43 -0.56 -2.30 -109.00 58.00 224.00 531.00 -356.00 -1086.00 0
3386 -1.88 -4.03 -2.30 -98.00 57.00 210.00 531.00 -356.00 -1086.00 0
3395 -1.95 -5.43 -2.23 -90.00 54.00 200.00 531.00 -356.00 -1086.00 0
3404 -1.81 -6.33 -2.09 -82.00 55.00 196.00 531.00 -356.00 -1086.00 0
3414 -1.67 -6.54 -1.88 -91.00 59.00 208.00 531.00 -356.00 -1086.00 0
3423 -1.32 -6.26 -1.60 -93.00 56.00 212.00 526.00 -360.00 -1098.00 0
3432 -1.11 -5.98 -1.32 -91.00 59.00 209.00 526.00 -360.00 -1098.00 0
3441 -1.32 -6.26 -1.04 -95.00 62.00 212.00 526.00 -360.00 -1098.00 0
3450 -1.11 -6.40 -0.77 -97.00 57.00 213.00 526.00 -360.00 -1098.00 0
3460 -0.90 -6.47 -0.35 -100.00 53.00 209.00 526.00 -360.00 -1098.00 0
3469 -1.04 -6.33 -0.07 -96.00 46.00 211.00 526.00 -360.00 -1098.00 0
3478 -0.77 -5.98 0.21 -97.00 53.00 208.00 526.00 -360.00 -1098.00 0
3487 -0.07 -5.50 0.63 -91.00 53.00 209.00 524.00 -364.00 -980.00 0
3496 0.56 -4.94 0.70 -90.00 56.00 201.00 524.00 -364.00 -980.00 0
3505 0.28 -4.87 0.35 -88.00 56.00 206.00 524.00 -364.00 -980.00 0
3514 0.07 -4.73 -0.21 -88.00 57.00 210.00 524.00 -364.00 -980.00 0
3523 -0.35 -4.38 -0.70 -92.00 59.00 209.00 524.00 -364.00 -980.00 0
3532 -0.63 -3.97 -1.04 -93.00 60.00 212.00 524.00 -364.00 -980.00 0
3542 -0.56 -3.62 -1.18 -96.00 61.00 215.00 524.00 -364.00 -980.00 0
3551 -0.42 -3.34 -1.18 -92.00 65.00 211.00 522.00 -363.00 -1254.00 0
3560 -0.49 -3.06 -1.04 -89.00 61.00 210.00 522.00 -363.00 -1254.00 0
3569 -0.83 -2.85 -0.90 -89.00 60.00 210.00 522.00 -363.00 -1254.00 0
3578 -1.25 -2.57 -0.83 -90.00 56.00 211.00 522.00 -363.00 -1254.00 0
3588 -1.67 -2.16 -0.90 -91.00 60.00 206.00 522.00 -363.00 -1254.00 0
3597 -1.88 -1.81 -0.90 -90.00 56.00 206.00 522.00 -363.00 -1254.00 0
3606 -2.16 -1.53 -0.97 -86.00 56.00 206.00 522.00 -363.00 -1254.00 0
3615 -2.64 -0.77 -1.11 -89.00 58.00 205.00 523.00 -370.00 -1041.00 0
3624 -2.64 -0.21 -1.18 -89.00 52.00 209.00 523.00 -370.00 -1041.00 0
3634 -2.78 0.21 -1.39 -93.00 57.00 207.00 523.00 -370.00 -1041.00 0
3643 -2.92 0.63 -1.81 -94.00 59.00 211.00 523.00 -370.00 -1041.00 0
3652 -2.99 1.11 -2.30 -91.00 54.00 213.00 523.00 -370.00 -1041.00 0
3661 -3.20 1.53 -2.78 -94.00 58.00 209.00 523.00 -370.00 -1041.00 0
3671 -3.55 2.43 -3.76 -95.00 57.00 205.00 523.00 -370.00 -1041.00 0
3680 -3.62 2.71 -4.10 -91.00 64.00 207.00 523.00 -370.00 -1041.00 0
3689 -3.69 2.92 -4.31 -88.00 61.00 204.00 523.00 -370.00 -1041.00 0
3698 -3.69 3.20 -4.17 -91.00 56.00 202.00 523.00 -370.00 -1041.00 0
3707 -3.90 3.76 -4.10 -94.00 52.00 199.00 523.00 -370.00 -1041.00 0
3717 -4.24 4.52 -4.24 -101.00 51.00 215.00 523.00 -370.00 -1041.00 0
3726 -3.55 6.96 -4.87 -104.00 54.00 214.00 523.00 -370.00 -1041.00 0
3735 -1.81 7.72 -4.52 -73.00 80.00 193.00 523.00 -370.00 -1041.00 0
3744 -0.14 8.07 -4.24 -57.00 67.00 172.00 523.00 -370.00 -1041.00 0
3753 -1.60 9.88 -4.66 -65.00 43.00 160.00 523.00 -370.00 -1041.00 0
3763 -5.36 13.84 -6.12 -73.00 39.00 176.00 523.00 -370.00 -1041.00 1
3774 -9.18 24.90 -8.14 -159.00 62.00 250.00 523.00 -370.00 -1041.00 1
3785 -7.58 29.63 -7.30 -232.00 60.00 284.00 523.00 -370.00 -1041.00 1
3796 -4.73 30.12 -5.08 -150.00 76.00 268.00 523.00 -370.00 -1041.00 1
3807 1.74 20.31 -2.57 -109.00 62.00 202.00 523.00 -370.00 -1041.00 1
3818 0.42 13.29 -2.30 -110.00 56.00 204.00 523.00 -370.00 -1041.00 1
3829 -2.37 5.77 -1.53 -102.00 52.00 196.00 523.00 -370.00 -1041.00 1
3841 -3.69 2.57 -1.39 -94.00 58.00 195.00 523.00 -370.00 -1041.00 0
3850 -4.38 -0.49 -1.46 -104.00 65.00 209.00 523.00 -370.00 -1041.00 0
3859 -4.45 -2.85 -1.39 -117.00 66.00 231.00 523.00 -370.00 -1041.00 0
3868 -4.03 -5.50 -0.70 -122.00 72.00 236.00 523.00 -370.00 -1041.00 0
3877 -1.18 -12.24 1.88 -107.00 70.00 222.00 523.00 -366.00 -1146.00 0
3887 -0.63 -15.58 3.27 -94.00 63.00 198.00 533.00 -366.00 -1146.00 0
3896 -1.81 -17.67 4.31 -89.00 50.00 191.00 533.00 -366.00 -1146.00 0
3905 -3.27 -18.50 5.08 -84.00 43.00 186.00 533.00 -366.00 -1146.00 0
3914 -3.90 -18.57 5.43 -77.00 43.00 182.00 533.00 -366.00 -1146.00 0
3923 -4.45 -17.74 5.22 -79.00 41.00 187.00 533.00 -366.00 -1146.00 0
3933 -4.87 -13.91 3.13 -80.00 43.00 191.00 533.00 -366.00 -1146.00 0
3942 -4.59 -11.27 1.88 -86.00 53.00 196.00 533.00 -366.00 -1146.00 0
3951 -3.97 -8.49 0.63 -89.00 57.00 203.00 533.00 -366.00 -1146.00 0
3960 -3.41 -5.91 -0.42 -94.00 59.00 206.00 533.00 -366.00 -1146.00 0
3970 -2.92 -3.62 -1.46 -107.00 64.00 220.00 533.00 -366.00 -1146.00 0
3979 -2.30 -1.88 -2.30 -118.00 65.00 226.00 533.00 -366.00 -1146.00 0
3988 -1.67 -0.70 -2.99 -121.00 65.00 228.00 533.00 -366.00 -1146.00 0
3997 -1.67 -1.60 -3.13 -114.00 64.00 230.00 533.00 -366.00 -1146.00 0
4006 -1.81 -3.13 -2.99 -108.00 65.00 218.00 533.00 -366.00 -1146.00 0
4017 -2.09 -4.73 -2.43 -102.00 61.00 216.00 533.00 -366.00 -1146.00 0
4026 -2.57 -6.05 -1.81 -93.00 58.00 205.00 533.00 -366.00 -1146.00 0
4035 -2.99 -7.23 -1.18 -84.00 50.00 197.00 533.00 -366.00 -1146.00 0
4044 -3.62 -8.77 -0.42 -81.00 52.00 191.00 533.00 -366.00 -1146.00 0
4054 -3.83 -8.56 -0.42 -77.00 50.00 189.00 533.00 -366.00 -1146.00 0
4063 -3.62 -7.79 -0.70 -79.00 54.00 193.00 533.00 -366.00 -1146.00 0
4072 -3.20 -6.54 -1.11 -86.00 56.00 200.00 533.00 -366.00 -1146.00 0
4081 -2.85 -5.01 -1.53 -96.00 61.00 204.00 533.00 -366.00 -1146.00 0
4090 -2.64 -3.48 -1.95 -101.00 61.00 212.00 533.00 -366.00 -1146.00 0
4100 -2.57 -0.90 -2.43 -110.00 62.00 227.00 533.00 -366.00 -1146.00 0
4109 -2.64 -0.28 -2.43 -118.00 63.00 229.00 533.00 -366.00 -1146.00 0
4118 -2.85 -0.49 -2.30 -115.00 63.00 226.00 533.00 -366.00 -1146.00 0
4127 -3.06 -1.60 -1.88 -106.00 58.00 220.00 533.00 -366.00 -1146.00 0
4136 -3.41 -3.20 -1.53 -97.00 60.00 210.00 533.00 -366.00 -1146.00 0
4146 -3.62 -4.80 -1.18 -89.00 60.00 201.00 533.00 -366.00 -1146.00 0
4155 -3.90 -6.96 -0.28 -85.00 56.00 195.00 533.00 -366.00 -1146.00 0
4164 -4.17 -7.17 -0.07 -80.00 54.00 196.00 533.00 -366.00 -1146.00 0
4173 -4.17 -6.68 0.00 -84.00 53.00 197.00 533.00 -366.00 -1146.00 0
4183 -4.03 -5.84 -0.14 -90.00 56.00 199.00 533.00 -366.00 -1146.00 0
4192 -3.97 -4.87 -0.42 -98.00 59.00 211.00 533.00 -366.00 -1146.00 0
4201 -3.62 -3.83 -0.70 -102.00 60.00 219.00 533.00 -366.00 -1146.00 0
4210 -2.92 -2.57 -0.77 -108.00 60.00 223.00 524.00 -365.00 -1080.00 0
4219 -2.92 -2.71 -0.90 -104.00 62.00 216.00 524.00 -365.00 -1080.00 0
4229 -2.85 -3.20 -0.97 -103.00 61.00 215.00 524.00 -365.00 -1080.00 0
4238 -2.99 -3.83 -0.90 -102.00 59.00 218.00 524.00 -365.00 -1080.00 0
4247 -3.34 -4.59 -0.97 -97.00 61.00 207.00 524.00 -365.00 -1080.00 0
4256 -3.69 -5.50 -1.04 -91.00 62.00 209.00 524.00 -365.00 -1080.00 0
4265 -3.62 -7.17 -0.77 -89.00 60.00 208.00 524.00 -365.00 -1080.00 0
4275 -3.62 -7.65 -0.56 -86.00 57.00 210.00 522.00 -367.00 -1098.00 0
4284 -3.55 -7.79 -0.35 -85.00 58.00 202.00 522.00 -367.00 -1098.00 0
4293 -3.41 -7.65 -0.07 -85.00 58.00 200.00 522.00 -367.00 -1098.00 0
4302 -3.34 -7.23 0.21 -87.00 55.00 199.00 522.00 -367.00 -1098.00 0
4312 -3.48 -6.47 0.28 -86.00 57.00 200.00 522.00 -367.00 -1098.00 0
4321 -3.55 -4.38 -0.07 -93.00 54.00 210.00 522.00 -367.00 -1098.00 0
4330 -3.69 -3.41 -0.42 -92.00 59.00 210.00 522.00 -367.00 -1098.00 0
4339 -3.55 -2.64 -0.83 -95.00 60.00 211.00 520.00 -366.00 -1053.00 0
4348 -3.27 -2.02 -0.97 -97.00 59.00 216.00 520.00 -366.00 -1053.00 0
4358 -3.13 -1.60 -0.97 -91.00 60.00 207.00 520.00 -366.00 -1053.00 0
4367 -3.13 -1.39 -0.97 -92.00 62.00 207.00 520.00 -366.00 -1053.00 0
4376 -3.13 -1.25 -0.97 -92.00 61.00 208.00 520.00 -366.00 -1053.00 0
4385 -3.27 -0.70 -0.77 -94.00 59.00 210.00 520.00 -366.00 -1053.00 0
4395 -3.48 -0.49 -0.77 -86.00 58.00 211.00 520.00 -366.00 -1053.00 0
4404 -3.62 -0.28 -0.83 -91.00 58.00 212.00 520.00 -369.00 -1078.00 0
4413 -3.69 -0.07 -0.83 -93.00 59.00 209.00 520.00 -369.00 -1078.00 0
4422 -3.76 0.28 -0.83 -89.00 54.00 208.00 520.00 -369.00 -1078.00 0
4431 -3.90 0.70 -0.90 -89.00 56.00 205.00 520.00 -369.00 -1078.00 0
4441 -4.17 1.67 -1.46 -90.00 53.00 207.00 520.00 -369.00 -1078.00 0
4450 -4.38 2.30 -1.88 -92.00 53.00 203.00 520.00 -369.00 -1078.00 0
4459 -4.45 2.99 -2.37 -92.00 57.00 206.00 520.00 -369.00 -1078.00 0
4468 -4.31 3.76 -2.71 -92.00 59.00 211.00 520.00 -369.00 -1078.00 0
4477 -3.76 4.45 -2.85 -97.00 58.00 211.00 520.00 -369.00 -1078.00 0
4487 -3.20 5.15 -2.71 -93.00 59.00 206.00 520.00 -369.00 -1078.00 0
4496 -2.57 6.68 -2.78 -84.00 61.00 195.00 520.00 -369.00 -1078.00 0
4505 -2.99 7.72 -3.20 -67.00 47.00 172.00 520.00 -369.00 -1078.00 0
4513 -4.45 9.53 -4.59 -60.00 40.00 168.00 520.00 -369.00 -1078.00 0
4523 -6.05 12.59 -6.40 -77.00 50.00 183.00 520.00 -369.00 -1078.00 0
4533 -6.89 16.70 -8.14 -91.00 58.00 202.00 520.00 -369.00 -1078.00 0
4542 -6.54 20.80 -9.32 -114.00 68.00 222.00 520.00 -369.00 -1078.00 1
4552 -4.45 26.16 -9.53 -145.00 72.00 273.00 520.00 -369.00 -1078.00 1
4563 -3.06 26.64 -7.93 -172.00 59.00 281.00 520.00 -369.00 -1078.00 1
4575 -1.60 19.48 -3.06 -129.00 78.00 232.00 520.00 -369.00 -1078.00 1
4585 -0.83 13.01 -1.74 -111.00 58.00 219.00 520.00 -369.00 -1078.00 1
4596 -2.92 7.58 -1.18 -114.00 57.00 215.00 520.00 -369.00 -1078.00 0
4605 -4.03 3.27 -0.14 -98.00 53.00 205.00 520.00 -369.00 -1078.00 0
4615 -6.26 -4.24 1.32 -102.00 55.00 202.00 520.00 -369.00 -1078.00 0
4624 -5.43 -7.44 2.30 -102.00 54.00 211.00 520.00 -369.00 -1078.00 0
4633 -4.31 -10.16 2.99 -94.00 60.00 205.00 520.00 -369.00 -1078.00 0
4642 -3.48 -12.52 3.41 -92.00 60.00 202.00 520.00 -369.00 -1078.00 0
4652 -2.85 -13.98 3.41 -94.00 56.00 195.00 520.00 -369.00 -1078.00 0
4661 -2.92 -14.47 3.41 -90.00 50.00 195.00 520.00 -369.00 -1078.00 0
4670 -3.34 -14.54 2.37 -87.00 51.00 194.00 520.00 -369.00 -1078.00 0
4679 -3.20 -14.19 1.46 -83.00 58.00 196.00 520.00 -369.00 -1078.00 0
4688 -2.78 -13.36 0.70 -89.00 59.00 200.00 520.00 -369.00 -1078.00 0
4698 -2.64 -12.10 0.07 -85.00 58.00 203.00 520.00 -369.00 -1078.00 0
4707 -2.50 -10.64 -0.42 -85.00 61.00 200.00 520.00 -369.00 -1078.00 0
4716 -2.43 -9.11 -0.83 -91.00 60.00 204.00 520.00 -369.00 -1078.00 0
4725 -3.06 -5.84 -1.39 -96.00 61.00 211.00 520.00 -369.00 -1078.00 0
4734 -3.55 -4.80 -1.81 -107.00 61.00 214.00 527.00 -369.00 -999.00 0
4744 -3.69 -4.38 -2.16 -106.00 62.00 220.00 527.00 -369.00 -999.00 0
4753 -3.76 -4.66 -2.37 -110.00 63.00 223.00 527.00 -369.00 -999.00 0
4762 -3.90 -5.57 -2.37 -103.00 61.00 219.00 527.00 -369.00 -999.00 0
4771 -3.97 -6.68 -2.23 -100.00 57.00 218.00 527.00 -369.00 -999.00 0
4781 -3.76 -9.25 -1.46 -97.00 61.00 208.00 527.00 -369.00 -999.00 0
4790 -3.62 -10.30 -1.18 -88.00 60.00 204.00 527.00 -369.00 -999.00 0
4799 -3.48 -10.85 -0.90 -82.00 58.00 201.00 522.00 -371.00 -1239.00 0
4808 -3.34 -10.92 -0.63 -83.00 55.00 197.00 522.00 -371.00 -1239.00 0
4817 -3.41 -10.37 -0.35 -76.00 55.00 197.00 522.00 -371.00 -1239.00 0
4827 -3.48 -9.32 -0.28 -82.00 56.00 199.00 522.00 -371.00 -1239.00 0
4836 -3.55 -6.40 -0.83 -88.00 58.00 207.00 522.00 -371.00 -1239.00 0
4845 -3.62 -4.94 -1.25 -97.00 57.00 217.00 522.00 -371.00 -1239.00 0
4854 -3.62 -3.97 -1.74 -101.00 61.00 216.00 522.00 -371.00 -1239.00 0
4864 -3.41 -3.34 -1.95 -110.00 60.00 228.00 519.00 -371.00 -1090.00 0
4873 -3.27 -3.41 -2.02 -105.00 59.00 225.00 519.00 -371.00 -1090.00 0
4882 -3.27 -3.97 -2.09 -99.00 60.00 221.00 519.00 -371.00 -1090.00 0
4891 -3.06 -6.05 -1.95 -94.00 62.00 214.00 519.00 -371.00 -1090.00 0
4900 -2.99 -7.03 -1.67 -88.00 61.00 205.00 519.00 -371.00 -1090.00 0
4910 -2.99 -7.72 -1.32 -83.00 59.00 203.00 519.00 -371.00 -1090.00 0
4919 -3.13 -7.93 -1.11 -82.00 56.00 204.00 519.00 -371.00 -1090.00 0
4928 -3.20 -7.79 -0.97 -82.00 60.00 202.00 518.00 -368.00 -1169.00 0
4937 -3.34 -7.51 -0.97 -87.00 63.00 208.00 518.00 -368.00 -1169.00 0
4946 -3.34 -6.96 -0.83 -95.00 58.00 213.00 518.00 -368.00 -1169.00 0
4956 -3.69 -5.84 -0.97 -94.00 57.00 215.00 518.00 -368.00 -1169.00 0
4965 -3.62 -5.50 -1.11 -97.00 60.00 215.00 518.00 -368.00 -1169.00 0
4974 -3.55 -5.29 -1.04 -96.00 55.00 213.00 518.00 -368.00 -1169.00 0
4983 -3.62 -5.08 -0.97 -89.00 56.00 209.00 518.00 -368.00 -1169.00 0
4993 -3.62 -4.94 -0.97 -89.00 56.00 208.00 518.00 -367.00 -1043.00 0
5002 -3.55 -4.80 -0.97 -91.00 57.00 211.00 515.00 -367.00 -1043.00 0
5011 -3.13 -4.80 -1.18 -94.00 61.00 211.00 515.00 -367.00 -1043.00 0
5020 -3.06 -4.80 -1.46 -93.00 63.00 212.00 515.00 -367.00 -1043.00 0
5029 -3.06 -4.94 -1.60 -92.00 60.00 213.00 515.00 -367.00 -1043.00 0
5039 -3.27 -5.01 -1.67 -90.00 63.00 212.00 515.00 -367.00 -1043.00 0
5048 -3.41 -5.08 -1.60 -91.00 60.00 211.00 515.00 -367.00 -1043.00 0
5057 -3.48 -5.08 -1.53 -84.00 55.00 208.00 515.00 -367.00 -1043.00 0
5066 -3.55 -4.94 -1.32 -84.00 59.00 206.00 515.00 -367.00 -1043.00 0
5075 -3.41 -4.59 -1.32 -83.00 55.00 205.00 515.00 -367.00 -1043.00 0
5085 -3.27 -4.17 -1.32 -80.00 58.00 206.00 515.00 -367.00 -1043.00 0
5094 -3.13 -3.69 -1.39 -84.00 58.00 203.00 515.00 -367.00 -1043.00 0
5103 -2.99 -2.99 -1.46 -84.00 58.00 206.00 515.00 -367.00 -1043.00 0
5112 -2.92 -2.30 -1.53 -89.00 59.00 209.00 515.00 -367.00 -1043.00 0
5122 -2.99 -0.70 -1.95 -94.00 62.00 216.00 515.00 -367.00 -1043.00 0
5131 -2.99 -0.14 -2.23 -101.00 64.00 221.00 513.00 -367.00 -1182.00 0
5140 -2.92 0.14 -2.37 -99.00 62.00 222.00 513.00 -367.00 -1182.00 0
5149 -2.99 -0.07 -2.30 -95.00 58.00 217.00 513.00 -367.00 -1182.00 0
5158 -3.27 -0.56 -2.30 -89.00 58.00 207.00 513.00 -367.00 -1182.00 0
5168 -3.48 -1.11 -2.23 -87.00 59.00 207.00 513.00 -367.00 -1182.00 0
5177 -3.41 -1.88 -2.09 -86.00 56.00 209.00 513.00 -367.00 -1182.00 0
5186 -3.20 -2.09 -2.09 -82.00 60.00 208.00 513.00 -367.00 -1182.00 0
5195 -2.85 -2.16 -1.95 -83.00 62.00 204.00 513.00 -367.00 -1182.00 0
5204 -2.64 -2.02 -1.81 -85.00 62.00 205.00 513.00 -367.00 -1182.00 0
5214 -2.64 -1.74 -1.67 -86.00 63.00 207.00 513.00 -367.00 -1182.00 0
5223 -2.78 -1.25 -1.67 -89.00 60.00 212.00 513.00 -367.00 -1182.00 0
5232 -3.20 -0.07 -1.39 -91.00 59.00 210.00 513.00 -367.00 -1182.00 0
5241 -3.55 0.35 -1.46 -91.00 58.00 215.00 513.00 -367.00 -1182.00 0
5251 -3.55 0.70 -1.53 -93.00 56.00 217.00 513.00 -367.00 -1182.00 0
5260 -3.62 0.83 -1.60 -94.00 60.00 218.00 513.00 -367.00 -1182.00 0
5269 -3.69 0.90 -1.74 -91.00 57.00 212.00 513.00 -367.00 -1182.00 0
5278 -3.69 0.90 -1.88 -92.00 57.00 208.00 513.00 -367.00 -1182.00 0
5287 -3.69 0.90 -2.02 -86.00 61.00 208.00 513.00 -367.00 -1182.00 0
5297 -3.48 0.97 -2.02 -81.00 62.00 204.00 513.00 -367.00 -1182.00 0
5306 -3.41 1.25 -2.02 -81.00 60.00 204.00 513.00 -367.00 -1182.00 0
5315 -3.48 1.60 -2.09 -78.00 59.00 203.00 513.00 -367.00 -1182.00 0
5324 -3.69 2.30 -2.16 -80.00 61.00 199.00 519.00 -369.00 -1232.00 0
5334 -3.97 3.20 -2.23 -83.00 59.00 206.00 519.00 -369.00 -1232.00 0
5343 -4.31 4.17 -2.30 -87.00 63.00 203.00 519.00 -369.00 -1232.00 0
5352 -4.52 6.54 -2.43 -85.00 66.00 208.00 519.00 -369.00 -1232.00 0
5361 -4.38 7.79 -1.95 -90.00 58.00 207.00 519.00 -369.00 -1232.00 0
5370 -4.87 9.11 -1.60 -77.00 51.00 191.00 519.00 -369.00 -1232.00 0
5380 -5.50 10.50 -1.74 -74.00 53.00 190.00 519.00 -369.00 -1232.00 0
5389 -5.43 12.52 -1.95 -70.00 63.00 180.00 527.00 -366.00 -1216.00 0
5398 -5.08 15.10 -1.95 -62.00 54.00 174.00 527.00 -366.00 -1216.00 0
5407 -7.23 22.82 -2.99 -76.00 52.00 185.00 527.00 -366.00 -1216.00 0
5416 -8.70 28.31 -3.48 -110.00 55.00 201.00 527.00 -366.00 -1216.00 1
5428 -9.95 33.67 -3.76 -129.00 37.00 277.00 527.00 -366.00 -1216.00 1
5439 -7.03 37.50 -2.09 -192.00 61.00 305.00 527.00 -366.00 -1216.00 1
5450 -3.69 33.04 -0.14 -139.00 78.00 247.00 527.00 -366.00 -1216.00 1
5462 -1.67 24.21 0.63 -123.00 60.00 216.00 527.00 -366.00 -1216.00 1
5473 -3.69 9.18 0.77 -125.00 67.00 224.00 527.00 -366.00 -1216.00 1
5483 -3.76 3.69 1.74 -97.00 54.00 199.00 527.00 -366.00 -1216.00 0
5492 -5.08 -1.81 2.02 -95.00 53.00 208.00 527.00 -366.00 -1216.00 0
5501 -5.77 -6.47 3.34 -110.00 55.00 217.00 527.00 -366.00 -1216.00 0
5511 -4.10 -13.70 4.38 -109.00 59.00 223.00 527.00 -366.00 -1216.00 0
5520 -2.99 -16.97 5.08 -92.00 61.00 202.00 526.00 -372.00 -976.00 0
5529 -2.16 -19.69 5.43 -76.00 50.00 184.00 526.00 -372.00 -976.00 0
5538 -2.64 -21.01 5.22 -76.00 47.00 182.00 526.00 -372.00 -976.00 0
5548 -3.20 -21.01 4.87 -74.00 41.00 184.00 526.00 -372.00 -976.00 0
5557 -3.69 -19.76 4.17 -76.00 42.00 187.00 526.00 -372.00 -976.00 0
5566 -3.90 -15.10 1.46 -77.00 50.00 191.00 526.00 -372.00 -976.00 0
5575 -3.27 -12.52 0.21 -82.00 57.00 199.00 526.00 -372.00 -976.00 0
5584 -2.37 -9.95 -0.83 -88.00 62.00 213.00 524.00 -369.00 -1043.00 0
5594 -1.46 -7.58 -1.53 -104.00 64.00 220.00 524.00 -369.00 -1043.00 0
5603 -1.11 -5.70 -2.23 -105.00 65.00 220.00 524.00 -369.00 -1043.00 0
5612 -1.18 -4.52 -2.85 -102.00 65.00 223.00 524.00 -369.00 -1043.00 0
5621 -1.04 -3.90 -3.06 -106.00 68.00 220.00 524.00 -369.00 -1043.00 0
5630 -1.25 -4.31 -2.78 -101.00 62.00 211.00 524.00 -369.00 -1043.00 0
5641 -1.88 -5.01 -2.50 -98.00 55.00 211.00 524.00 -369.00 -1043.00 0
5649 -2.50 -5.57 -2.37 -94.00 59.00 205.00 522.00 -371.00 -916.00 0
5658 -2.99 -6.05 -2.23 -84.00 57.00 203.00 522.00 -371.00 -916.00 0
5667 -3.13 -6.40 -2.09 -88.00 52.00 205.00 522.00 -371.00 -916.00 0
5677 -3.06 -6.19 -2.09 -86.00 56.00 201.00 522.00 -371.00 -916.00 0
5686 -2.92 -5.70 -2.30 -86.00 57.00 205.00 522.00 -371.00 -916.00 0
5695 -2.71 -5.08 -2.57 -87.00 62.00 203.00 522.00 -371.00 -916.00 0
5704 -2.57 -4.31 -2.71 -93.00 64.00 207.00 522.00 -371.00 -916.00 0
5713 -2.50 -3.48 -2.85 -96.00 65.00 212.00 522.00 -371.00 -916.00 0
5723 -2.50 -2.85 -2.85 -99.00 61.00 216.00 522.00 -371.00 -916.00 0
5732 -2.50 -2.23 -2.64 -104.00 60.00 216.00 522.00 -371.00 -916.00 0
5741 -2.99 -2.50 -2.71 -105.00 60.00 219.00 522.00 -371.00 -916.00 0
5750 -3.20 -3.06 -2.71 -98.00 59.00 216.00 522.00 -371.00 -916.00 0
5760 -3.34 -3.76 -2.71 -94.00 58.00 209.00 522.00 -371.00 -916.00 0
5769 -3.41 -4.45 -2.71 -89.00 55.00 206.00 522.00 -371.00 -916.00 0
5778 -3.27 -5.08 -2.50 -86.00 58.00 201.00 522.00 -371.00 -916.00 0
5787 -3.06 -5.43 -2.37 -82.00 59.00 202.00 522.00 -371.00 -916.00 0
5796 -2.64 -5.22 -2.23 -84.00 61.00 204.00 522.00 -371.00 -916.00 0
5806 -2.50 -4.66 -2.30 -87.00 63.00 205.00 522.00 -371.00 -916.00 0
5815 -2.64 -4.03 -2.30 -90.00 64.00 211.00 522.00 -371.00 -916.00 0
5824 -2.78 -3.34 -2.30 -95.00 64.00 214.00 522.00 -371.00 -916.00 0
5832 -2.92 -2.71 -2.37 -97.00 63.00 217.00 522.00 -371.00 -916.00 0
5841 -3.13 -2.37 -2.16 -100.00 58.00 221.00 522.00 -371.00 -916.00 0
5851 -3.62 -2.43 -1.74 -100.00 58.00 217.00 522.00 -371.00 -916.00 0
5860 -3.62 -2.85 -1.60 -98.00 57.00 213.00 522.00 -371.00 -916.00 0
5869 -3.69 -3.55 -1.46 -93.00 54.00 213.00 522.00 -371.00 -916.00 0
5878 -3.76 -4.31 -1.53 -92.00 56.00 208.00 522.00 -371.00 -916.00 0
5888 -3.62 -4.94 -1.81 -88.00 61.00 205.00 522.00 -371.00 -916.00 0
5897 -3.27 -5.43 -2.02 -86.00 62.00 208.00 522.00 -371.00 -916.00 0
5906 -2.99 -5.63 -2.30 -82.00 62.00 205.00 522.00 -371.00 -916.00 0
5915 -2.78 -5.36 -2.30 -83.00 62.00 208.00 518.00 -369.00 -1161.00 0
5924 -2.85 -4.87 -2.23 -88.00 60.00 207.00 518.00 -369.00 -1161.00 0
5934 -3.20 -4.31 -2.16 -90.00 60.00 209.00 518.00 -369.00 -1161.00 0
5943 -3.55 -3.90 -2.16 -90.00 58.00 209.00 518.00 -369.00 -1161.00 0
5952 -3.83 -3.41 -2.09 -92.00 55.00 218.00 518.00 -369.00 -1161.00 0
5961 -3.90 -2.92 -2.02 -95.00 56.00 212.00 518.00 -369.00 -1161.00 0
5970 -3.83 -2.23 -1.95 -96.00 60.00 216.00 518.00 -369.00 -1161.00 0
5980 -3.55 -2.23 -1.88 -94.00 59.00 214.00 522.00 -369.00 -1085.00 0
5989 -3.41 -2.37 -1.88 -89.00 63.00 207.00 522.00 -369.00 -1085.00 0
5998 -3.34 -2.71 -1.88 -93.00 62.00 216.00 522.00 -369.00 -1085.00 0
6007 -3.20 -2.85 -1.95 -90.00 61.00 214.00 522.00 -369.00 -1085.00 0
6017 -3.20 -3.06 -1.88 -88.00 65.00 209.00 522.00 -369.00 -1085.00 0
6026 -3.27 -3.55 -1.74 -88.00 58.00 212.00 522.00 -369.00 -1085.00 0
6035 -3.20 -3.55 -1.67 -92.00 57.00 208.00 522.00 -369.00 -1085.00 0
6044 -3.20 -3.55 -1.67 -84.00 61.00 205.00 519.00 -371.00 -1188.00 0
6053 -3.13 -3.34 -1.74 -86.00 60.00 208.00 519.00 -371.00 -1188.00 0
6063 -3.13 -3.06 -1.74 -88.00 58.00 211.00 519.00 -371.00 -1188.00 0
6072 -3.27 -2.64 -1.74 -87.00 57.00 216.00 519.00 -371.00 -1188.00 0
6081 -3.27 -1.81 -2.09 -88.00 61.00 209.00 519.00 -371.00 -1188.00 0
6090 -3.27 -1.46 -2.16 -86.00 59.00 207.00 519.00 -371.00 -1188.00 0
6099 -3.41 -1.04 -2.23 -87.00 59.00 200.00 519.00 -371.00 -1188.00 0
6109 -3.55 -0.42 -2.30 -83.00 60.00 208.00 515.00 -369.00 -1197.00 0
6118 -3.48 0.28 -2.37 -85.00 57.00 206.00 515.00 -369.00 -1197.00 0
6127 -3.48 0.97 -2.43 -84.00 56.00 205.00 515.00 -369.00 -1197.00 0
6136 -3.34 2.37 -2.57 -90.00 61.00 212.00 515.00 -369.00 -1197.00 0
6146 -3.27 3.13 -2.50 -87.00 61.00 210.00 515.00 -369.00 -1197.00 0
6155 -3.41 3.76 -2.57 -89.00 57.00 209.00 515.00 -369.00 -1197.00 0
6164 -3.62 4.31 -2.71 -87.00 59.00 202.00 515.00 -369.00 -1197.00 0
6173 -3.83 4.87 -2.78 -91.00 54.00 208.00 515.00 -369.00 -1197.00 0
6182 -3.90 5.50 -2.85 -97.00 59.00 219.00 515.00 -369.00 -1197.00 0
6192 -2.71 7.10 -2.23 -82.00 66.00 200.00 515.00 -369.00 -1197.00 0
6201 -1.81 7.51 -1.74 -58.00 90.00 174.00 515.00 -369.00 -1197.00 0
6210 -1.25 8.70 -1.32 -43.00 89.00 168.00 515.00 -369.00 -1197.00 0
6219 -2.37 12.45 -0.42 -47.00 68.00 164.00 515.00 -369.00 -1197.00 0
6228 -5.91 19.06 0.77 -62.00 42.00 165.00 515.00 -369.00 -1197.00 0
6238 -11.48 27.34 1.46 -94.00 20.00 177.00 515.00 -369.00 -1197.00 1
6249 -19.90 44.87 0.83 -133.00 14.00 294.00 515.00 -369.00 -1197.00 1
6260 -17.04 49.74 2.09 -212.00 41.00 314.00 515.00 -369.00 -1197.00 1
6272 -5.22 40.35 3.27 -146.00 89.00 263.00 515.00 -369.00 -1197.00 1
6283 -2.30 28.59 2.64 -120.00 66.00 208.00 515.00 -369.00 -1197.00 1
6294 -3.06 19.13 2.16 -108.00 55.00 201.00 515.00 -369.00 -1197.00 1
6305 -5.29 6.54 0.97 -89.00 51.00 186.00 515.00 -369.00 -1197.00 0
6315 -6.12 1.88 0.42 -92.00 63.00 206.00 515.00 -369.00 -1197.00 0
6324 -5.36 -1.95 0.49 -116.00 61.00 230.00 515.00 -369.00 -1197.00 0
6333 -4.52 -5.50 1.11 -126.00 57.00 238.00 515.00 -369.00 -1197.00 0
6342 -2.78 -9.18 1.32 -122.00 66.00 236.00 515.00 -369.00 -1197.00 0
6351 -1.04 -19.06 0.70 -109.00 59.00 208.00 515.00 -369.00 -1197.00 0
6361 -1.81 -23.72 -0.21 -88.00 54.00 191.00 515.00 -369.00 -1197.00 0
6370 -1.81 -27.55 -0.63 -79.00 52.00 190.00 515.00 -369.00 -1197.00 0
6379 -1.46 -29.43 -0.77 -78.00 48.00 191.00 515.00 -369.00 -1197.00 0
6388 -1.53 -29.22 -1.11 -80.00 42.00 193.00 515.00 -369.00 -1197.00 0
6397 -1.95 -27.69 -2.43 -82.00 46.00 193.00 515.00 -369.00 -1197.00 0
6407 -1.60 -23.30 -3.13 -80.00 57.00 198.00 515.00 -369.00 -1197.00 0
6416 -0.83 -21.15 -3.90 -80.00 63.00 200.00 515.00 -369.00 -1197.00 0
6425 -0.21 -18.92 -4.52 -86.00 64.00 205.00 515.00 -369.00 -1197.00 0
6434 0.21 -16.42 -4.80 -94.00 71.00 206.00 515.00 -369.00 -1197.00 0
6444 0.42 -14.05 -4.66 -102.00 68.00 215.00 515.00 -369.00 -1197.00 0
6453 0.35 -12.10 -3.48 -102.00 66.00 220.00 515.00 -369.00 -1197.00 0
6462 -0.70 -9.81 -2.78 -98.00 67.00 216.00 515.00 -369.00 -1197.00 0
6471 -1.32 -9.32 -2.09 -93.00 65.00 211.00 515.00 -369.00 -1197.00 0
6480 -1.88 -9.04 -1.46 -92.00 59.00 212.00 515.00 -369.00 -1197.00 0
6490 -2.50 -8.83 -0.83 -92.00 53.00 207.00 515.00 -369.00 -1197.00 0
6499 -3.13 -8.70 -0.42 -87.00 52.00 206.00 515.00 -369.00 -1197.00 0
6508 -3.48 -8.56 -0.28 -89.00 50.00 208.00 515.00 -369.00 -1197.00 0
6517 -3.48 -7.93 -0.42 -82.00 54.00 202.00 515.00 -369.00 -1197.00 0
6526 -3.48 -7.44 -0.77 -84.00 56.00 205.00 515.00 -369.00 -1197.00 0
6536 -3.13 -6.96 -1.04 -85.00 59.00 207.00 515.00 -369.00 -1197.00 0
6545 -2.78 -6.40 -1.32 -93.00 60.00 210.00 515.00 -369.00 -1197.00 0
6554 -2.30 -5.84 -1.53 -91.00 65.00 216.00 515.00 -369.00 -1197.00 0
6563 -2.02 -5.43 -1.74 -96.00 68.00 216.00 515.00 -369.00 -1197.00 0
6573 -1.95 -5.22 -1.88 -94.00 65.00 214.00 515.00 -369.00 -1197.00 0
6582 -2.30 -5.43 -1.81 -92.00 60.00 219.00 515.00 -369.00 -1197.00 0
6591 -2.64 -5.63 -1.60 -95.00 57.00 216.00 515.00 -369.00 -1197.00 0
6600 -3.13 -5.98 -1.39 -94.00 61.00 217.00 515.00 -369.00 -1197.00 0
6609 -3.55 -6.54 -1.32 -93.00 59.00 214.00 515.00 -369.00 -1197.00 0
6619 -3.55 -7.10 -1.11 -90.00 63.00 215.00 515.00 -369.00 -1197.00 0
6628 -3.06 -8.28 -0.42 -87.00 64.00 209.00 515.00 -369.00 -1197.00 0
6637 -2.71 -8.83 0.00 -87.00 64.00 212.00 512.00 -376.00 -1028.00 0
6646 -2.57 -9.11 0.49 -86.00 58.00 209.00 512.00 -376.00 -1028.00 0
6656 -2.78 -9.25 0.90 -85.00 57.00 213.00 512.00 -376.00 -1028.00 0
6665 -2.99 -9.11 1.18 -85.00 60.00 207.00 512.00 -376.00 -1028.00 0
6674 -2.92 -8.97 1.25 -84.00 58.00 211.00 512.00 -376.00 -1028.00 0
6683 -3.13 -8.21 0.90 -85.00 59.00 206.00 512.00 -376.00 -1028.00 0
6692 -3.41 -7.79 0.35 -80.00 57.00 208.00 512.00 -376.00 -1028.00 0
6702 -3.48 -7.23 -0.21 -87.00 57.00 207.00 509.00 -374.00 -1035.00 0
6711 -3.41 -6.54 -0.63 -85.00 58.00 211.00 509.00 -374.00 -1035.00 0
6720 -3.20 -6.05 -1.04 -85.00 64.00 213.00 509.00 -374.00 -1035.00 0
6729 -2.78 -5.63 -1.39 -90.00 65.00 215.00 509.00 -374.00 -1035.00 0
6738 -2.37 -5.08 -1.39 -88.00 65.00 217.00 509.00 -374.00 -1035.00 0
6748 -2.43 -5.15 -1.53 -86.00 62.00 212.00 509.00 -374.00 -1035.00 0
6757 -2.57 -5.36 -1.60 -86.00 62.00 212.00 509.00 -374.00 -1035.00 0
6766 -2.57 -5.57 -1.60 -89.00 61.00 215.00 506.00 -372.00 -1178.00 0
6775 -2.71 -5.70 -1.60 -89.00 60.00 212.00 506.00 -372.00 -1178.00 0
6785 -3.06 -5.91 -1.74 -81.00 64.00 207.00 506.00 -372.00 -1178.00 0
6794 -3.20 -6.12 -2.16 -81.00 62.00 211.00 506.00 -372.00 -1178.00 0
6803 -3.48 -5.84 -2.16 -79.00 59.00 204.00 506.00 -372.00 -1178.00 0
6812 -3.76 -5.57 -2.16 -73.00 59.00 202.00 506.00 -372.00 -1178.00 0
6821 -3.83 -4.94 -2.09 -73.00 61.00 200.00 506.00 -372.00 -1178.00 0
6831 -3.69 -3.97 -1.88 -78.00 58.00 205.00 507.00 -376.00 -989.00 0
6840 -3.55 -2.64 -1.88 -79.00 60.00 208.00 507.00 -376.00 -989.00 0
6849 -3.41 -1.32 -1.95 -84.00 62.00 210.00 507.00 -376.00 -989.00 0
6858 -3.34 1.11 -2.43 -89.00 57.00 217.00 507.00 -376.00 -989.00 0
6867 -3.55 2.09 -2.64 -91.00 59.00 217.00 507.00 -376.00 -989.00 0
6877 -3.76 2.71 -2.99 -90.00 62.00 216.00 507.00 -376.00 -989.00 0
6886 -3.62 3.06 -3.27 -91.00 62.00 217.00 507.00 -376.00 -989.00 0
6895 -3.41 3.27 -3.34 -83.00 60.00 212.00 507.00 -376.00 -989.00 0
6904 -3.27 3.34 -3.27 -77.00 60.00 204.00 507.00 -376.00 -989.00 0
6914 -3.34 3.55 -3.20 -76.00 61.00 198.00 507.00 -376.00 -989.00 0
6923 -3.41 4.10 -3.27 -73.00 62.00 195.00 507.00 -376.00 -989.00 0
6932 -3.62 5.15 -3.41 -71.00 61.00 192.00 507.00 -376.00 -989.00 0
6941 -3.76 6.54 -3.62 -69.00 56.00 195.00 507.00 -376.00 -989.00 0
6950 -3.97 8.21 -3.90 -74.00 60.00 195.00 507.00 -376.00 -989.00 0
6959 -3.97 10.37 -4.10 -78.00 57.00 200.00 507.00 -376.00 -989.00 0
6968 -3.55 13.08 -3.97 -74.00 63.00 178.00 518.00 -373.00 -946.00 0
6977 -2.43 20.10 -3.13 -21.00 115.00 155.00 518.00 -373.00 -946.00 0
6986 -0.42 25.95 -0.90 -23.00 115.00 151.00 518.00 -373.00 -946.00 0
6996 -2.92 35.20 2.37 -56.00 55.00 158.00 518.00 -373.00 -946.00 0
7005 -11.27 47.17 4.24 -102.00 5.00 173.00 518.00 -373.00 -946.00 0
7015 -20.73 59.62 4.17 -137.00 -4.00 204.00 518.00 -373.00 -946.00 1
7025 -26.85 75.90 0.07 -227.00 33.00 292.00 518.00 -373.00 -946.00 1
7036 -20.52 78.05 -0.42 -259.00 64.00 343.00 518.00 -373.00 -946.00 1
7048 -10.92 73.32 3.76 -201.00 86.00 303.00 518.00 -373.00 -946.00 1
7059 -1.74 48.63 4.80 -130.00 65.00 206.00 518.00 -373.00 -946.00 1
7070 -3.97 34.64 3.27 -115.00 39.00 193.00 518.00 -373.00 -946.00 1
7080 -6.26 15.72 2.37 -107.00 53.00 191.00 518.00 -373.00 -946.00 1
7092 -5.77 8.00 2.30 -96.00 61.00 196.00 518.00 -373.00 -946.00 0
7101 -5.57 1.04 1.32 -124.00 48.00 219.00 518.00 -373.00 -946.00 0
7110 -5.43 -4.66 0.28 -125.00 64.00 230.00 518.00 -373.00 -946.00 0
7119 -4.52 -10.71 -0.21 -115.00 60.00 214.00 518.00 -373.00 -946.00 0
7129 -0.28 -23.30 -0.77 -98.00 72.00 197.00 518.00 -373.00 -946.00 0
7138 0.77 -27.55 -0.77 -84.00 61.00 180.00 518.00 -373.00 -946.00 0
7147 0.28 -29.22 -0.63 -80.00 51.00 178.00 518.00 -373.00 -946.00 0
7156 -0.35 -28.52 -0.35 -86.00 44.00 186.00 518.00 -373.00 -946.00 0
7165 -1.18 -26.09 -0.21 -86.00 47.00 186.00 518.00 -373.00 -946.00 0
7175 -1.74 -23.44 -0.70 -82.00 51.00 192.00 518.00 -373.00 -946.00 0
7184 -0.83 -18.85 -2.78 -88.00 58.00 195.00 518.00 -373.00 -946.00 0
7193 0.00 -16.42 -3.83 -93.00 64.00 200.00 518.00 -373.00 -946.00 0
7201 0.56 -13.57 -4.38 -107.00 60.00 217.00 518.00 -373.00 -946.00 0
7212 0.35 -10.99 -4.66 -120.00 64.00 225.00 518.00 -373.00 -946.00 0
7221 0.00 -9.81 -5.22 -118.00 67.00 225.00 518.00 -373.00 -946.00 0
7229 0.00 -9.95 -5.50 -113.00 69.00 223.00 518.00 -373.00 -946.00 0
7238 0.83 -12.73 -4.80 -111.00 67.00 214.00 518.00 -373.00 -946.00 0
7247 0.42 -13.91 -4.17 -100.00 62.00 209.00 518.00 -373.00 -946.00 0
7257 -0.28 -14.75 -3.48 -98.00 61.00 204.00 518.00 -373.00 -946.00 0
7266 -0.97 -15.30 -2.92 -89.00 57.00 199.00 518.00 -373.00 -946.00 0
7275 -1.81 -15.58 -2.57 -84.00 57.00 196.00 518.00 -373.00 -946.00 0
7284 -2.23 -15.44 -2.30 -85.00 58.00 191.00 518.00 -373.00 -946.00 0
7293 -2.57 -13.70 -1.88 -83.00 54.00 195.00 529.00 -374.00 -1120.00 0
7303 -2.71 -12.24 -1.95 -81.00 54.00 191.00 529.00 -374.00 -1120.00 0
7313 -2.64 -10.57 -2.23 -78.00 57.00 192.00 529.00 -374.00 -1120.00 0
7322 -2.43 -8.56 -2.37 -80.00 63.00 193.00 529.00 -374.00 -1120.00 0
7331 -2.16 -6.19 -2.57 -90.00 58.00 204.00 529.00 -374.00 -1120.00 0
7341 -2.16 -3.76 -2.71 -98.00 59.00 211.00 529.00 -374.00 -1120.00 0
7350 -2.37 0.49 -3.13 -105.00 59.00 214.00 529.00 -374.00 -1120.00 0
7359 -2.50 1.74 -3.34 -111.00 61.00 224.00 529.00 -374.00 -1109.00 0
7368 -2.43 2.30 -3.41 -115.00 60.00 224.00 529.00 -374.00 -1109.00 0
7377 -2.43 2.02 -3.55 -110.00 61.00 218.00 529.00 -374.00 -1109.00 0
7387 -2.50 1.25 -3.62 -99.00 64.00 213.00 529.00 -374.00 -1109.00 0
7396 -2.50 0.28 -3.48 -97.00 62.00 208.00 529.00 -374.00 -1109.00 0
7405 -2.64 -1.25 -2.92 -91.00 58.00 204.00 529.00 -374.00 -1109.00 0
7414 -3.13 -1.67 -2.78 -85.00 59.00 195.00 529.00 -374.00 -1109.00 0
7424 -3.13 -1.81 -2.64 -91.00 58.00 199.00 529.00 -375.00 -1192.00 0
7433 -3.13 -1.60 -2.64 -101.00 58.00 210.00 529.00 -375.00 -1192.00 0
7442 -3.34 -1.25 -2.64 -104.00 63.00 210.00 529.00 -375.00 -1192.00 0
7451 -3.55 -1.04 -2.85 -101.00 60.00 212.00 529.00 -375.00 -1192.00 0
7460 -3.55 -1.11 -2.85 -104.00 61.00 216.00 529.00 -375.00 -1192.00 0
7470 -3.34 -1.81 -2.71 -104.00 60.00 213.00 529.00 -375.00 -1192.00 0
7479 -3.27 -2.43 -2.64 -100.00 61.00 213.00 529.00 -375.00 -1192.00 0
7488 -3.06 -3.13 -2.57 -94.00 61.00 211.00 527.00 -373.00 -1328.00 0
7497 -2.85 -3.69 -2.37 -91.00 56.00 203.00 527.00 -373.00 -1328.00 0
7506 -2.92 -4.03 -2.09 -89.00 60.00 203.00 527.00 -373.00 -1328.00 0
7516 -3.06 -4.10 -1.81 -89.00 60.00 204.00 527.00 -373.00 -1328.00 0
7525 -3.20 -3.41 -1.81 -93.00 54.00 205.00 527.00 -373.00 -1328.00 0
7534 -3.41 -2.78 -1.95 -91.00 58.00 202.00 527.00 -373.00 -1328.00 0
7543 -3.48 -2.23 -2.16 -94.00 56.00 204.00 527.00 -373.00 -1328.00 0
7553 -3.48 -1.53 -2.30 -94.00 60.00 202.00 525.00 -374.00 -1250.00 0
7562 -3.48 -0.83 -2.43 -95.00 60.00 205.00 525.00 -374.00 -1250.00 0
7571 -3.55 -0.07 -2.50 -98.00 63.00 206.00 525.00 -374.00 -1250.00 0
7580 -3.34 1.04 -2.57 -107.00 63.00 211.00 525.00 -374.00 -1250.00 0
7589 -3.34 1.39 -2.50 -107.00 60.00 217.00 525.00 -374.00 -1250.00 0
7599 -3.41 1.39 -2.50 -105.00 65.00 213.00 525.00 -374.00 -1250.00 0
7608 -3.34 0.83 -2.50 -106.00 62.00 216.00 525.00 -374.00 -1250.00 0
7617 -3.27 0.07 -2.43 -95.00 62.00 209.00 525.00 -374.00 -1250.00 0
7626 -3.41 -0.70 -2.23 -89.00 60.00 200.00 525.00 -374.00 -1250.00 0
7635 -4.10 -1.67 -2.16 -85.00 55.00 198.00 525.00 -374.00 -1250.00 0
7645 -4.45 -1.53 -2.23 -83.00 59.00 193.00 525.00 -374.00 -1250.00 0
7654 -4.66 -0.90 -2.30 -85.00 54.00 193.00 525.00 -374.00 -1250.00 0
7663 -4.66 0.14 -2.50 -88.00 56.00 196.00 525.00 -374.00 -1250.00 0
7672 -4.66 1.53 -2.78 -92.00 61.00 196.00 525.00 -374.00 -1250.00 0
7682 -4.52 3.06 -3.13 -89.00 57.00 202.00 525.00 -374.00 -1250.00 0
7691 -4.31 6.12 -3.83 -88.00 55.00 194.00 525.00 -374.00 -1250.00 0
7700 -4.10 7.79 -4.17 -83.00 54.00 188.00 525.00 -374.00 -1250.00 0
7709 -3.69 9.95 -4.24 -83.00 52.00 186.00 525.00 -374.00 -1250.00 0
7718 -3.34 12.80 -4.38 -90.00 52.00 187.00 525.00 -374.00 -1250.00 0
7728 -3.13 16.07 -4.80 -92.00 54.00 194.00 525.00 -374.00 -1250.00 0
7737 -2.99 19.41 -5.36 -101.00 64.00 198.00 525.00 -374.00 -1250.00 0
7746 -1.32 25.46 -5.77 -113.00 65.00 202.00 525.00 -374.00 -1250.00 0
7755 -0.63 28.24 -5.36 -121.00 61.00 213.00 525.00 -374.00 -1250.00 0
7764 -0.21 30.75 -4.87 -123.00 59.00 221.00 525.00 -374.00 -1250.00 0
7774 -0.14 32.63 -4.45 -122.00 65.00 209.00 525.00 -374.00 -1250.00 0
7783 -0.35 33.39 -4.17 -115.00 65.00 206.00 525.00 -374.00 -1250.00 0
7793 -0.42 33.32 -3.97 -111.00 65.00 199.00 525.00 -374.00 -1250.00 0
7802 -0.97 32.83 -2.64 -110.00 71.00 200.00 525.00 -374.00 -1250.00 1
7813 -1.32 32.97 -1.67 -132.00 65.00 219.00 525.00 -374.00 -1250.00 1
7824 -2.16 33.39 -0.49 -162.00 52.00 232.00 525.00 -374.00 -1250.00 1
7834 -3.34 31.86 1.53 -152.00 61.00 241.00 525.00 -374.00 -1250.00 1
7845 -2.23 28.38 2.37 -137.00 50.00 208.00 525.00 -374.00 -1250.00 1
7857 -3.27 22.68 1.60 -128.00 48.00 208.00 525.00 -374.00 -1250.00 1
7867 -3.55 11.34 0.42 -125.00 63.00 202.00 525.00 -374.00 -1250.00 1
7878 -3.34 6.54 -0.07 -125.00 62.00 202.00 525.00 -374.00 -1250.00 0
7887 -3.48 2.16 -0.63 -129.00 68.00 216.00 525.00 -374.00 -1250.00 0
7897 -3.13 -5.15 -0.42 -132.00 64.00 224.00 525.00 -374.00 -1250.00 0
7906 -3.20 -8.97 -0.14 -128.00 70.00 225.00 525.00 -374.00 -1250.00 0
7915 -3.13 -13.01 0.35 -118.00 71.00 203.00 525.00 -374.00 -1250.00 0
7924 -3.20 -16.77 1.11 -104.00 62.00 192.00 525.00 -374.00 -1250.00 0
7933 -3.76 -19.27 1.95 -102.00 55.00 187.00 525.00 -374.00 -1250.00 0
7943 -4.73 -20.59 2.64 -94.00 50.00 183.00 525.00 -374.00 -1250.00 0
7952 -5.50 -20.59 2.43 -90.00 49.00 179.00 525.00 -374.00 -1250.00 0
7961 -5.43 -19.48 1.95 -95.00 53.00 193.00 525.00 -374.00 -1250.00 0
7970 -5.22 -18.16 1.25 -111.00 49.00 204.00 525.00 -374.00 -1250.00 0
7980 -5.29 -16.90 0.28 -114.00 59.00 209.00 525.00 -374.00 -1250.00 0
7989 -4.80 -16.28 -0.63 -117.00 64.00 211.00 525.00 -374.00 -1250.00 0
7998 -3.76 -16.35 -1.25 -117.00 63.00 216.00 525.00 -374.00 -1250.00 0
8008 -2.71 -17.25 -1.88 -115.00 61.00 218.00 525.00 -374.00 -1250.00 0
8017 -2.37 -18.23 -2.16 -110.00 64.00 206.00 525.00 -374.00 -1250.00 0
8027 -2.16 -19.20 -2.09 -105.00 66.00 200.00 525.00 -374.00 -1250.00 0
8036 -2.09 -19.76 -1.67 -96.00 57.00 198.00 525.00 -374.00 -1250.00 0
8045 -2.30 -19.90 -1.25 -96.00 59.00 196.00 525.00 -374.00 -1250.00 0
8054 -2.57 -19.83 -1.04 -88.00 57.00 191.00 525.00 -374.00 -1250.00 0
8064 -3.20 -18.37 -1.04 -82.00 54.00 187.00 525.00 -374.00 -1250.00 0
8073 -3.62 -16.70 -1.32 -80.00 57.00 182.00 525.00 -374.00 -1250.00 0
8082 -3.76 -14.40 -1.53 -83.00 55.00 187.00 525.00 -374.00 -1250.00 0
8091 -3.34 -11.76 -1.67 -88.00 58.00 192.00 525.00 -374.00 -1250.00 0
8100 -2.92 -8.90 -1.74 -98.00 61.00 197.00 525.00 -374.00 -1250.00 0
8110 -2.64 -6.12 -1.81 -99.00 61.00 204.00 525.00 -374.00 -1250.00 0
8119 -2.50 -1.25 -2.16 -112.00 57.00 208.00 525.00 -374.00 -1250.00 0
8128 -2.64 0.70 -2.43 -118.00 61.00 215.00 525.00 -374.00 -1250.00 0
8137 -2.78 1.81 -2.71 -125.00 63.00 223.00 525.00 -374.00 -1250.00 0
8146 -2.85 1.74 -3.06 -119.00 67.00 223.00 540.00 -377.00 -1082.00 0
8156 -2.64 0.83 -3.13 -115.00 64.00 217.00 540.00 -377.00 -1082.00 0
8165 -2.57 -0.49 -2.78 -108.00 61.00 208.00 540.00 -377.00 -1082.00 0
8174 -2.99 -3.34 -1.88 -98.00 63.00 196.00 540.00 -377.00 -1082.00 0
8183 -3.13 -4.38 -1.46 -88.00 59.00 197.00 540.00 -377.00 -1082.00 0
8193 -3.13 -4.87 -1.18 -94.00 56.00 195.00 540.00 -377.00 -1082.00 0
8202 -3.27 -4.87 -1.04 -92.00 60.00 197.00 540.00 -377.00 -1082.00 0
8211 -3.27 -4.52 -1.11 -95.00 62.00 203.00 535.00 -376.00 -932.00 0
8220 -3.13 -3.76 -1.25 -101.00 57.00 209.00 535.00 -376.00 -932.00 0
8229 -3.20 -2.09 -1.39 -111.00 64.00 211.00 535.00 -376.00 -932.00 0
8239 -3.41 -1.60 -1.53 -117.00 64.00 213.00 535.00 -376.00 -932.00 0
8248 -3.34 -1.67 -1.53 -113.00 64.00 211.00 535.00 -376.00 -932.00 0
8257 -3.13 -2.02 -1.39 -109.00 61.00 214.00 535.00 -376.00 -932.00 0
8266 -3.06 -2.64 -1.11 -103.00 62.00 209.00 535.00 -376.00 -932.00 0
8275 -3.06 -3.34 -1.04 -100.00 61.00 199.00 538.00 -377.00 -1115.00 0
8285 -3.06 -4.31 -0.83 -93.00 59.00 199.00 538.00 -377.00 -1115.00 0
8294 -3.27 -4.38 -0.77 -94.00 58.00 192.00 538.00 -377.00 -1115.00 0
8303 -3.48 -4.10 -0.83 -90.00 62.00 194.00 538.00 -377.00 -1115.00 0
8312 -3.41 -3.27 -0.97 -92.00 60.00 196.00 538.00 -377.00 -1115.00 0
8322 -3.34 -2.16 -1.18 -94.00 58.00 198.00 538.00 -377.00 -1115.00 0
8331 -3.34 -0.97 -1.39 -96.00 64.00 192.00 538.00 -377.00 -1115.00 0
8340 -3.41 1.67 -2.09 -96.00 61.00 202.00 534.00 -377.00 -1056.00 0
8349 -3.62 2.99 -2.37 -97.00 57.00 198.00 534.00 -377.00 -1056.00 0
8358 -3.83 4.38 -2.64 -97.00 57.00 198.00 534.00 -377.00 -1056.00 0
8368 -3.90 5.70 -2.99 -98.00 63.00 196.00 534.00 -377.00 -1056.00 0
8377 -3.90 7.03 -3.27 -98.00 63.00 193.00 534.00 -377.00 -1056.00 0
8386 -3.90 8.42 -3.55 -98.00 62.00 192.00 534.00 -377.00 -1056.00 0
8395 -3.90 9.88 -4.03 -99.00 56.00 193.00 534.00 -377.00 -1056.00 0
8404 -3.55 13.43 -4.03 -96.00 59.00 193.00 534.00 -377.00 -1056.00 0
8414 -2.92 15.72 -3.97 -91.00 59.00 177.00 534.00 -377.00 -1056.00 0
8423 -2.71 18.43 -4.03 -66.00 55.00 153.00 534.00 -377.00 -1056.00 0
8432 -2.92 22.12 -4.45 -66.00 70.00 161.00 534.00 -377.00 -1056.00 0
8442 -2.23 27.34 -4.59 -87.00 70.00 176.00 534.00 -377.00 -1056.00 1
8453 -3.55 40.83 -4.10 -187.00 72.00 229.00 534.00 -377.00 -1056.00 1
8464 -5.15 47.03 -3.48 -248.00 61.00 278.00 534.00 -377.00 -1056.00 1
8475 -4.38 49.39 -1.46 -194.00 85.00 292.00 567.00 -377.00 -1105.00 1
8486 2.23 40.63 -0.14 -158.00 82.00 234.00 567.00 -377.00 -1105.00 1
8497 1.53 29.98 0.28 -118.00 59.00 197.00 567.00 -377.00 -1105.00 1
8508 -2.30 13.43 1.04 -109.00 63.00 182.00 567.00 -377.00 -1105.00 1
8519 -3.90 8.28 1.46 -99.00 42.00 171.00 567.00 -377.00 -1105.00 1
8530 -5.63 4.45 1.25 -99.00 53.00 185.00 567.00 -377.00 -1105.00 1
8541 -5.08 0.14 0.42 -116.00 61.00 194.00 561.00 -377.00 -1207.00 1
8552 -4.45 -0.70 -0.21 -126.00 63.00 208.00 561.00 -377.00 -1207.00 0
8561 -3.83 -1.39 -0.77 -129.00 60.00 205.00 561.00 -377.00 -1207.00 0
8570 -3.62 -2.37 -1.39 -129.00 61.00 213.00 561.00 -377.00 -1207.00 0
8580 -2.71 -5.36 -1.39 -131.00 61.00 206.00 561.00 -377.00 -1207.00 0
8589 -2.37 -7.23 -1.04 -129.00 66.00 213.00 561.00 -377.00 -1207.00 0
8598 -1.81 -9.11 -0.83 -124.00 67.00 201.00 561.00 -377.00 -1207.00 0
8607 -2.23 -10.71 -0.83 -112.00 66.00 195.00 561.00 -377.00 -1207.00 0
8616 -2.64 -12.17 -0.97 -102.00 62.00 188.00 561.00 -377.00 -1207.00 0
8626 -3.20 -13.63 -0.83 -97.00 61.00 181.00 561.00 -377.00 -1207.00 0
8635 -4.17 -13.01 -0.63 -98.00 63.00 184.00 561.00 -377.00 -1207.00 0
8644 -4.45 -11.83 -0.70 -103.00 59.00 183.00 561.00 -377.00 -1207.00 0
8653 -4.59 -10.43 -0.90 -110.00 58.00 193.00 561.00 -377.00 -1207.00 0
8663 -4.45 -9.25 -1.11 -124.00 63.00 209.00 561.00 -377.00 -1207.00 0
8672 -4.03 -8.35 -1.25 -123.00 61.00 214.00 554.00 -378.00 -937.00 0
8681 -3.55 -8.49 -1.95 -121.00 64.00 210.00 554.00 -378.00 -937.00 0
8690 -3.20 -9.67 -2.09 -125.00 62.00 213.00 554.00 -378.00 -937.00 0
8699 -3.13 -10.92 -1.95 -124.00 63.00 211.00 554.00 -378.00 -937.00 0
8709 -3.41 -12.38 -1.81 -116.00 63.00 202.00 554.00 -378.00 -937.00 0
8719 -3.76 -13.77 -1.81 -111.00 62.00 198.00 554.00 -378.00 -937.00 0
8728 -4.03 -15.03 -1.74 -100.00 58.00 189.00 554.00 -378.00 -937.00 0
8737 -4.03 -15.79 -1.67 -94.00 57.00 188.00 552.00 -380.00 -1164.00 0
8747 -3.62 -14.96 -1.53 -95.00 60.00 183.00 552.00 -380.00 -1164.00 0
8756 -3.34 -13.36 -1.46 -100.00 61.00 191.00 552.00 -380.00 -1164.00 0
8765 -3.27 -11.13 -1.53 -101.00 60.00 194.00 552.00 -380.00 -1164.00 0
8774 -3.27 -8.90 -1.81 -102.00 61.00 197.00 552.00 -380.00 -1164.00 0
8783 -3.13 -6.82 -2.02 -113.00 62.00 200.00 552.00 -380.00 -1164.00 0
8793 -3.13 -3.41 -2.43 -113.00 59.00 205.00 552.00 -380.00 -1164.00 0
8802 -3.13 -2.30 -2.64 -117.00 61.00 207.00 552.00 -376.00 -1100.00 0
8811 -2.78 -1.60 -2.64 -112.00 62.00 204.00 552.00 -376.00 -1100.00 0
8820 -2.57 -1.39 -2.43 -106.00 63.00 198.00 552.00 -376.00 -1100.00 0
8829 -2.50 -1.39 -2.37 -105.00 60.00 193.00 552.00 -376.00 -1100.00 0
8839 -2.43 -1.11 -2.30 -106.00 62.00 195.00 552.00 -376.00 -1100.00 0
8848 -2.57 0.07 -2.37 -109.00 61.00 196.00 552.00 -376.00 -1100.00 0
8857 -2.85 0.77 -2.64 -111.00 60.00 201.00 552.00 -376.00 -1100.00 0
8866 -2.92 1.18 -3.06 -113.00 61.00 200.00 549.00 -380.00 -1108.00 0
8876 -2.92 1.46 -3.48 -118.00 64.00 206.00 549.00 -380.00 -1108.00 0
8885 -2.78 1.46 -3.76 -117.00 64.00 209.00 549.00 -380.00 -1108.00 0
8894 -2.71 1.18 -3.83 -117.00 67.00 206.00 549.00 -380.00 -1108.00 0
8904 -2.92 0.07 -3.62 -120.00 63.00 209.00 549.00 -380.00 -1108.00 0
8913 -2.99 -0.83 -3.20 -120.00 64.00 208.00 549.00 -380.00 -1108.00 0
8923 -2.99 -1.88 -2.71 -116.00 65.00 206.00 549.00 -380.00 -1108.00 0
8932 -3.06 -3.13 -2.30 -114.00 61.00 201.00 548.00 -377.00 -1105.00 0
8941 -3.34 -4.38 -1.81 -105.00 59.00 196.00 548.00 -377.00 -1105.00 0
8950 -3.83 -5.43 -1.67 -102.00 62.00 194.00 548.00 -377.00 -1105.00 0
8960 -3.97 -6.47 -1.39 -100.00 60.00 189.00 548.00 -377.00 -1105.00 0
8969 -4.10 -6.33 -1.32 -108.00 55.00 202.00 548.00 -377.00 -1105.00 0
8978 -4.24 -5.91 -1.39 -114.00 62.00 204.00 548.00 -377.00 -1105.00 0
8987 -4.17 -5.84 -1.53 -113.00 62.00 207.00 548.00 -377.00 -1105.00 0
8996 -3.83 -5.98 -1.74 -111.00 63.00 205.00 547.00 -377.00 -1023.00 0
9006 -3.55 -6.26 -1.81 -116.00 64.00 210.00 547.00 -377.00 -1023.00 0
9015 -3.48 -7.37 -1.88 -113.00 67.00 207.00 547.00 -377.00 -1023.00 0
9024 -3.41 -8.21 -1.74 -110.00 64.00 206.00 547.00 -377.00 -1023.00 0
9033 -3.41 -8.97 -1.53 -106.00 62.00 202.00 547.00 -377.00 -1023.00 0
9042 -3.69 -9.60 -1.32 -99.00 63.00 191.00 547.00 -377.00 -1023.00 0
9052 -3.90 -9.95 -1.25 -99.00 59.00 194.00 547.00 -377.00 -1023.00 0
9061 -4.10 -9.74 -1.11 -100.00 57.00 192.00 547.00 -377.00 -1023.00 0
9070 -4.45 -8.21 -1.11 -95.00 56.00 194.00 547.00 -377.00 -1023.00 0
9079 -4.24 -6.96 -1.18 -100.00 60.00 196.00 547.00 -377.00 -1023.00 0
9089 -3.97 -5.57 -1.18 -105.00 59.00 203.00 547.00 -377.00 -1023.00 0
9098 -3.62 -4.24 -1.18 -104.00 60.00 202.00 547.00 -377.00 -1023.00 0
9107 -3.27 -2.99 -1.18 -106.00 64.00 202.00 547.00 -377.00 -1023.00 0
9116 -2.78 -1.95 -1.11 -107.00 63.00 201.00 547.00 -377.00 -1023.00 0
9126 -2.02 -0.35 -0.70 -104.00 60.00 205.00 547.00 -377.00 -1023.00 0
9136 -1.95 0.35 -0.56 -103.00 60.00 195.00 547.00 -377.00 -1023.00 0
9145 -1.88 1.04 -0.63 -101.00 64.00 194.00 547.00 -377.00 -1023.00 0
9154 -1.67 1.74 -0.77 -98.00 65.00 196.00 547.00 -377.00 -1023.00 0
9163 -1.74 2.37 -0.97 -91.00 61.00 191.00 547.00 -377.00 -1023.00 0
9172 -2.16 2.99 -1.18 -86.00 63.00 184.00 547.00 -377.00 -1023.00 0
9182 -3.13 5.01 -1.39 -88.00 67.00 190.00 547.00 -377.00 -1023.00 0
9191 -3.20 6.89 -1.11 -81.00 65.00 179.00 547.00 -377.00 -1023.00 0
9200 -3.97 8.97 -0.97 -76.00 68.00 173.00 549.00 -377.00 -1217.00 0
9209 -4.73 11.62 -1.04 -81.00 72.00 176.00 549.00 -377.00 -1217.00 0
9219 -5.15 15.23 -0.77 -89.00 52.00 169.00 549.00 -377.00 -1217.00 0
9228 -6.47 19.41 -0.90 -89.00 38.00 170.00 549.00 -377.00 -1217.00 0
9237 -10.50 28.73 -3.83 -117.00 33.00 187.00 549.00 -377.00 -1217.00 0
9246 -11.48 33.11 -5.70 -141.00 43.00 206.00 549.00 -377.00 -1217.00 1
9256 -11.06 36.38 -7.79 -183.00 72.00 244.00 549.00 -377.00 -1217.00 1
9268 -9.74 38.26 -8.90 -250.00 79.00 291.00 549.00 -377.00 -1217.00 1
9279 -4.10 34.50 -7.37 -190.00 71.00 277.00 549.00 -377.00 -1217.00 1
9290 -2.02 28.24 -5.22 -135.00 71.00 202.00 549.00 -377.00 -1217.00 1
9302 -4.31 11.27 -3.55 -133.00 51.00 201.00 549.00 -377.00 -1217.00 1
9312 -5.77 5.63 -2.99 -115.00 59.00 196.00 549.00 -377.00 -1217.00 1
9323 -5.77 0.21 -1.88 -96.00 59.00 180.00 549.00 -377.00 -1217.00 1
9333 -6.12 -7.93 -1.67 -105.00 58.00 181.00 549.00 -377.00 -1217.00 0
9342 -5.70 -9.81 -1.46 -112.00 59.00 194.00 549.00 -377.00 -1217.00 0
9352 -4.94 -10.78 -1.39 -116.00 62.00 202.00 549.00 -377.00 -1217.00 0
9361 -3.83 -11.55 -1.11 -119.00 55.00 192.00 549.00 -377.00 -1217.00 0
9370 -3.27 -11.55 -0.97 -119.00 62.00 197.00 549.00 -377.00 -1217.00 0
9379 -2.50 -11.83 -0.14 -118.00 57.00 197.00 549.00 -377.00 -1217.00 0
9389 -2.57 -11.62 -0.21 -116.00 59.00 192.00 549.00 -377.00 -1217.00 0
9399 -2.23 -11.62 -0.21 -110.00 61.00 188.00 549.00 -377.00 -1217.00 0
9408 -1.95 -11.13 -0.35 -105.00 60.00 188.00 549.00 -377.00 -1217.00 0
9417 -2.09 -10.30 -0.42 -104.00 62.00 186.00 549.00 -377.00 -1217.00 0
9426 -1.95 -9.11 -0.42 -104.00 64.00 184.00 549.00 -377.00 -1217.00 0
9436 -1.74 -5.63 -0.56 -105.00 66.00 193.00 549.00 -377.00 -1217.00 0
9445 -1.60 -3.83 -0.42 -114.00 64.00 196.00 549.00 -377.00 -1217.00 0
9454 -1.74 -2.16 -0.28 -120.00 62.00 201.00 549.00 -377.00 -1217.00 0
9463 -1.67 -0.83 -0.14 -117.00 66.00 206.00 549.00 -377.00 -1217.00 0
9473 -1.46 0.00 0.21 -117.00 67.00 204.00 549.00 -377.00 -1217.00 0
9482 -1.32 0.42 0.56 -122.00 66.00 208.00 549.00 -377.00 -1217.00 0
9491 -2.23 0.35 1.39 -119.00 63.00 202.00 549.00 -377.00 -1217.00 0
9500 -2.92 -0.35 1.81 -118.00 63.00 203.00 549.00 -377.00 -1217.00 0
9509 -3.48 -1.04 2.23 -122.00 63.00 199.00 549.00 -377.00 -1217.00 0
9519 -4.10 -1.67 2.71 -124.00 57.00 198.00 549.00 -377.00 -1217.00 0
9528 -4.45 -2.30 2.99 -121.00 55.00 197.00 555.00 -379.00 -1190.00 0
9537 -4.45 -2.92 3.27 -121.00 60.00 195.00 555.00 -379.00 -1190.00 0
9546 -3.83 -4.24 3.69 -118.00 62.00 197.00 555.00 -379.00 -1190.00 0
9555 -3.13 -4.80 3.83 -120.00 71.00 197.00 555.00 -379.00 -1190.00 0
9565 -2.09 -5.29 4.17 -124.00 81.00 211.00 555.00 -379.00 -1190.00 0
9574 -0.90 -5.77 5.01 -124.00 93.00 217.00 555.00 -379.00 -1190.00 0
9583 0.56 -6.33 6.54 -123.00 99.00 218.00 555.00 -379.00 -1190.00 0
9593 1.74 -7.17 12.03 -114.00 96.00 222.00 555.00 -379.00 -1190.00 0
9603 1.88 -9.25 15.65 -110.00 83.00 212.00 555.00 -379.00 -1190.00 0
9612 0.35 -10.16 19.27 -109.00 70.00 206.00 555.00 -379.00 -1190.00 0
9621 -1.81 -10.85 22.40 -108.00 64.00 198.00 555.00 -379.00 -1190.00 0
9630 -3.83 -11.48 25.04 -112.00 63.00 194.00 555.00 -379.00 -1190.00 0
9639 -5.22 -12.10 27.13 -115.00 70.00 201.00 555.00 -379.00 -1190.00 0
9649 -4.10 -13.50 31.17 -112.00 76.00 206.00 555.00 -379.00 -1190.00 0
9658 -2.30 -14.47 33.53 -109.00 83.00 205.00 555.00 -379.00 -1190.00 0
9667 -0.07 -15.44 36.38 -107.00 85.00 203.00 555.00 -379.00 -1190.00 0
9677 2.30 -16.14 39.93 -104.00 91.00 209.00 555.00 -379.00 -1190.00 0
9687 5.15 -16.42 43.90 -92.00 97.00 208.00 555.00 -379.00 -1190.00 0
9696 8.28 -16.49 48.14 -81.00 104.00 198.00 555.00 -379.00 -1190.00 0
9705 11.13 -15.86 55.65 -70.00 110.00 192.00 555.00 -379.00 -1190.00 0
9714 10.43 -14.26 58.43 -63.00 113.00 185.00 555.00 -379.00 -1190.00 0
9723 7.93 -11.76 60.73 -65.00 103.00 189.00 555.00 -379.00 -1190.00 0
9733 3.69 -8.00 62.33 -71.00 92.00 188.00 555.00 -379.00 -1190.00 0
9742 -1.95 -3.41 63.17 -88.00 76.00 181.00 555.00 -379.00 -1190.00 0
9751 -7.93 1.46 61.91 -88.00 82.00 190.00 555.00 -379.00 -1190.00 0
9760 -14.96 9.88 61.01 -80.00 92.00 201.00 555.00 -379.00 -1190.00 0
9771 -15.10 12.66 60.66 -93.00 108.00 202.00 555.00 -379.00 -1190.00 0
9780 -14.40 14.61 61.01 -92.00 88.00 195.00 555.00 -379.00 -1190.00 0
9789 -13.98 15.51 62.40 -89.00 98.00 209.00 555.00 -379.00 -1190.00 0
9798 -11.69 15.37 64.14 -88.00 88.00 201.00 555.00 -379.00 -1190.00 0
9807 -10.99 15.30 64.00 -75.00 99.00 206.00 555.00 -379.00 -1190.00 0
9817 -10.78 14.68 62.96 -65.00 130.00 205.00 555.00 -379.00 -1190.00 0
9826 -11.55 14.12 62.54 -73.00 126.00 209.00 555.00 -379.00 -1190.00 0
9836 -15.65 14.89 62.68 -89.00 76.00 200.00 555.00 -379.00 -1190.00 0
9845 -22.96 16.70 62.54 -108.00 46.00 200.00 555.00 -379.00 -1190.00 0
9854 -29.70 18.99 61.29 -117.00 22.00 202.00 555.00 -379.00 -1190.00 0
9864 -35.27 22.33 55.51 -125.00 30.00 222.00 555.00 -379.00 -1190.00 0
9873 -32.49 21.43 51.62 -123.00 43.00 228.00 555.00 -379.00 -1190.00 0
9882 -27.69 18.57 47.03 -110.00 66.00 224.00 555.00 -379.00 -1190.00 0
9892 -21.57 13.70 42.37 -73.00 132.00 210.00 555.00 -379.00 -1190.00 0
9902 -14.75 8.07 39.10 -62.00 143.00 200.00 555.00 -379.00 -1190.00 0
9911 -11.27 2.23 39.44 -77.00 104.00 193.00 555.00 -379.00 -1190.00 0
9920 -15.51 3.69 39.51 -82.00 80.00 195.00 555.00 -379.00 -1190.00 0
9929 -19.48 6.40 38.33 -86.00 76.00 199.00 555.00 -379.00 -1190.00 0
9938 -21.36 8.97 36.52 -89.00 86.00 197.00 555.00 -379.00 -1190.00 0
9948 -21.22 10.85 34.64 -90.00 88.00 202.00 555.00 -379.00 -1190.00 0
9957 -20.45 12.45 32.42 -95.00 103.00 202.00 555.00 -379.00 -1190.00 0
9966 -21.36 14.40 26.85 -99.00 87.00 204.00 555.00 -379.00 -1190.00 0
9976 -22.89 14.68 23.93 -60.00 39.00 150.00 555.00 -379.00 -1190.00 0
9986 -8.07 13.50 17.74 -67.00 150.00 274.00 555.00 -379.00 -1190.00 0
9995 10.64 12.38 14.61 -121.00 145.00 242.00 555.00 -379.00 -1190.00 0
10004 -2.50 16.49 15.93 -115.00 94.00 172.00 555.00 -379.00 -1190.00 0
10013 -24.56 12.17 14.12 -86.00 33.00 187.00 555.00 -379.00 -1190.00 0
10022 -44.87 8.14 12.10 -112.00 17.00 163.00 555.00 -379.00 -1190.00 0
10033 -45.29 7.37 11.55 -113.00 -59.00 -29.00 555.00 -379.00 -1190.00 0
10042 -35.34 3.13 8.70 -13.00 111.00 153.00 555.00 -379.00 -1190.00 0
10051 2.99 -8.56 1.04 -121.00 89.00 273.00 555.00 -379.00 -1190.00 0
10060 21.63 -12.24 -1.53 -148.00 85.00 262.00 555.00 -379.00 -1190.00 0
10070 -4.94 -3.76 -5.70 -114.00 80.00 233.00 555.00 -379.00 -1190.00 0
10079 -15.37 -3.55 -8.97 -104.00 87.00 201.00 555.00 -379.00 -1190.00 0
10088 -25.46 -2.78 -10.50 -106.00 102.00 197.00 555.00 -379.00 -1190.00 0
10098 -35.34 -0.77 -10.64 -111.00 56.00 198.00 555.00 -379.00 -1190.00 0
10107 -41.95 1.53 -11.90 -122.00 66.00 209.00 555.00 -379.00 -1190.00 0
10117 -41.46 5.01 -9.88 -127.00 32.00 212.00 555.00 -379.00 -1190.00 0
10126 -37.77 5.57 -6.96 -141.00 96.00 234.00 555.00 -379.00 -1190.00 0
10135 -27.20 3.62 -3.06 -88.00 119.00 191.00 555.00 -379.00 -1190.00 0
10144 -20.66 0.77 1.25 -90.00 107.00 194.00 555.00 -379.00 -1190.00 0
10153 -18.50 0.49 4.24 -114.00 97.00 211.00 555.00 -379.00 -1190.00 0
10164 -17.95 2.30 3.13 -93.00 97.00 196.00 555.00 -379.00 -1190.00 0
10173 -28.73 8.28 -9.81 -98.00 87.00 201.00 555.00 -379.00 -1190.00 0
10182 -34.64 11.55 -16.83 -102.00 77.00 218.00 555.00 -379.00 -1190.00 0
10191 -38.96 15.23 -25.11 -93.00 24.00 237.00 555.00 -379.00 -1190.00 0
10201 -40.42 20.45 -36.59 -227.00 -13.00 267.00 555.00 -379.00 -1190.00 0
10210 -40.97 18.57 -47.79 24.00 -43.00 205.00 555.00 -379.00 -1190.00 0
10220 -46.19 -6.05 -62.61 -17.00 -32.00 201.00 555.00 -379.00 -1190.00 0
10229 -41.67 -13.70 -66.99 -17.00 23.00 210.00 555.00 -379.00 -1190.00 0
10238 -35.55 -17.95 -64.63 -135.00 68.00 226.00 555.00 -379.00 -1190.00 0
10248 -28.24 -21.84 -55.79 -74.00 99.00 223.00 555.00 -379.00 -1190.00 0
10257 -15.86 -20.73 -41.32 -112.00 89.00 242.00 555.00 -379.00 -1190.00 0
10267 0.83 -9.11 -27.41 -55.00 110.00 207.00 555.00 -379.00 -1190.00 0
10276 32.56 14.75 -14.54 -184.00 79.00 213.00 555.00 -379.00 -1190.00 0
10286 40.35 16.28 -11.27 -78.00 67.00 192.00 555.00 -379.00 -1190.00 0
10295 46.68 20.17 -10.64 -47.00 56.00 157.00 555.00 -379.00 -1190.00 0
10304 49.18 23.23 -13.08 -90.00 36.00 181.00 555.00 -379.00 -1190.00 0
10313 45.22 12.38 -15.44 -53.00 16.00 213.00 555.00 -379.00 -1190.00 0
10323 27.27 -36.31 -17.81 -33.00 8.00 280.00 555.00 -379.00 -1190.00 0
10333 15.93 -65.39 -17.81 -9.00 50.00 251.00 555.00 -379.00 -1190.00 0
10342 3.76 -79.44 -15.44 -39.00 58.00 256.00 555.00 -379.00 -1190.00 0
10351 -8.90 -77.36 -8.28 -57.00 71.00 259.00 555.00 -379.00 -1190.00 0
10360 -18.92 -71.44 0.42 -69.00 71.00 254.00 555.00 -379.00 -1190.00 0
10370 -22.47 -58.57 8.56 -39.00 82.00 272.00 555.00 -379.00 -1190.00 0
10379 -19.06 -34.64 14.61 -70.00 58.00 259.00 555.00 -379.00 -1190.00 0
10389 -15.23 -16.63 14.54 -12.00 66.00 219.00 555.00 -379.00 -1190.00 0
10398 -16.42 -8.63 5.57 -40.00 52.00 205.00 555.00 -379.00 -1190.00 0
10407 -22.19 -11.97 -5.77 -14.00 24.00 215.00 555.00 -379.00 -1190.00 0
10417 -28.66 -18.92 -16.00 -29.00 28.00 206.00 555.00 -379.00 -1190.00 0
10426 -32.70 -12.03 -30.19 -183.00 127.00 174.00 555.00 -379.00 -1190.00 0
10435 -29.15 -3.55 -35.27 -51.00 42.00 195.00 555.00 -379.00 -1190.00 0
10445 -25.88 -0.70 -41.67 -47.00 46.00 196.00 555.00 -379.00 -1190.00 0
10455 -20.38 -1.60 -43.62 -58.00 44.00 198.00 555.00 -379.00 -1190.00 0
10464 -14.26 -0.77 -43.06 -60.00 36.00 209.00 555.00 -379.00 -1190.00 0
10473 -8.07 0.07 -39.93 -83.00 34.00 206.00 555.00 -379.00 -1190.00 0
10482 -1.46 -0.90 -32.77 -67.00 35.00 216.00 555.00 -379.00 -1190.00 0
10491 -3.41 -6.12 -31.17 -80.00 41.00 213.00 555.00 -379.00 -1190.00 0
10501 -8.07 -12.31 -31.65 -92.00 51.00 217.00 555.00 -379.00 -1190.00 0
10510 -14.12 -19.69 -34.99 -88.00 57.00 208.00 555.00 -379.00 -1190.00 0
10519 -20.45 -26.16 -40.77 -98.00 59.00 191.00 555.00 -379.00 -1190.00 0
10529 -29.84 -38.05 -55.93 -88.00 54.00 189.00 555.00 -379.00 -1190.00 0
10539 -33.04 -42.64 -64.14 -84.00 42.00 189.00 555.00 -379.00 -1190.00 0
10548 -36.80 -45.57 -72.42 -63.00 31.00 190.00 555.00 -379.00 -1190.00 0
10557 -44.66 -44.94 -80.83 -60.00 22.00 208.00 555.00 -379.00 -1190.00 0
10566 -54.68 -39.30 -87.72 -67.00 27.00 210.00 555.00 -379.00 -1190.00 0
10575 -61.98 -31.65 -91.27 -78.00 16.00 215.00 555.00 -379.00 -1190.00 0
10586 -54.89 -20.03 -79.30 -89.00 21.00 235.00 555.00 -379.00 -1190.00 0
10595 -43.83 -13.57 -67.41 -94.00 19.00 237.00 555.00 -379.00 -1190.00 0
10604 -34.92 -5.63 -56.77 -96.00 16.00 231.00 555.00 -379.00 -1190.00 0
10613 -28.73 2.30 -49.32 -91.00 14.00 225.00 555.00 -379.00 -1190.00 0
10622 -25.46 9.04 -45.08 -92.00 6.00 235.00 555.00 -379.00 -1190.00 0
10632 -26.50 17.18 -41.95 -97.00 5.00 233.00 555.00 -379.00 -1190.00 0
10641 -29.01 20.03 -41.81 -97.00 3.00 228.00 555.00 -379.00 -1190.00 0
10650 -33.88 22.89 -41.67 -91.00 -13.00 212.00 555.00 -379.00 -1190.00 0
10660 -43.34 25.74 -42.78 -100.00 -14.00 194.00 555.00 -379.00 -1190.00 0
10670 -56.77 28.66 -47.37 -105.00 -7.00 178.00 555.00 -379.00 -1190.00 0
10679 -73.39 31.03 -56.63 -126.00 -3.00 170.00 555.00 -379.00 -1190.00 0
10688 -117.22 31.93 -85.98 -128.00 -3.00 171.00 555.00 -379.00 -1190.00 0
10697 -135.93 30.96 -102.33 -128.00 -24.00 165.00 555.00 -379.00 -1190.00 0
10707 -143.93 28.66 -114.50 -118.00 -39.00 162.00 555.00 -379.00 -1190.00 0
10717 -143.37 23.93 -121.67 -120.00 -50.00 173.00 555.00 -379.00 -1190.00 0
10726 -136.70 14.96 -122.50 -116.00 -70.00 195.00 555.00 -379.00 -1190.00 0
10736 -115.34 -4.66 -112.77 -125.00 -81.00 208.00 555.00 -379.00 -1190.00 0
10745 -104.49 -12.80 -108.10 -120.00 -85.00 211.00 555.00 -379.00 -1190.00 0
10755 -96.07 -20.87 -106.50 -127.00 -80.00 214.00 555.00 -379.00 -1190.00 0
10765 -90.43 -28.59 -107.97 -129.00 -88.00 204.00 555.00 -379.00 -1190.00 0
10774 -88.56 -35.69 -112.28 -128.00 -85.00 188.00 555.00 -379.00 -1190.00 0
10783 -90.71 -48.90 -126.54 -114.00 -85.00 179.00 555.00 -379.00 -1190.00 0
10792 -93.63 -55.30 -135.65 -107.00 -80.00 158.00 555.00 -379.00 -1190.00 0
10803 -97.67 -61.01 -147.20 -95.00 -98.00 178.00 555.00 -379.00 -1190.00 0
10812 -100.59 -64.42 -159.23 -73.00 -117.00 188.00 555.00 -379.00 -1190.00 0
10821 -101.57 -65.25 -168.63 -66.00 -137.00 198.00 555.00 -379.00 -1190.00 0
10830 -88.97 -61.63 -172.66 -64.00 -114.00 241.00 555.00 -379.00 -1190.00 0
10841 -73.88 -61.63 -165.29 -77.00 -156.00 224.00 555.00 -379.00 -1190.00 0
10850 -61.63 -55.10 -153.81 -94.00 -146.00 220.00 555.00 -379.00 -1190.00 0
10859 -55.58 -40.70 -141.15 -102.00 -126.00 222.00 555.00 -379.00 -1190.00 0
10869 -51.55 -24.70 -128.63 -73.00 -114.00 186.00 555.00 -379.00 -1190.00 0
10878 -66.23 24.97 -124.52 -58.00 -112.00 170.00 555.00 -379.00 -1190.00 0
10888 -72.97 43.97 -128.49 -34.00 -110.00 172.00 555.00 -379.00 -1190.00 0
10897 -74.02 54.12 -132.80 -54.00 -120.00 172.00 555.00 -379.00 -1190.00 0
10907 -72.83 64.77 -132.80 -78.00 -130.00 166.00 555.00 -379.00 -1190.00 0
10916 -71.44 80.90 -127.30 -73.00 -147.00 183.00 555.00 -379.00 -1190.00 0
10926 -63.44 109.36 -109.57 -63.00 -156.00 176.00 555.00 -379.00 -1190.00 0
10935 -58.64 118.05 -100.10 -60.00 -159.00 183.00 555.00 -379.00 -1190.00 0
10945 -54.61 126.26 -90.71 -59.00 -160.00 176.00 555.00 -379.00 -1190.00 0
10954 -50.78 132.59 -81.81 -62.00 -159.00 198.00 555.00 -379.00 -1190.00 0
10963 -44.45 133.36 -72.97 -45.00 -168.00 196.00 555.00 -379.00 -1190.00 0
10974 -35.76 126.96 -63.30 -14.00 -158.00 204.00 555.00 -379.00 -1190.00 0
10983 -30.75 123.55 -62.33 -54.00 -142.00 190.00 555.00 -379.00 -1190.00 0
10992 -26.92 122.09 -64.28 -96.00 -143.00 163.00 555.00 -379.00 -1190.00 0
11001 -24.56 124.73 -67.62 -109.00 -157.00 172.00 555.00 -379.00 -1190.00 0
11012 -21.22 129.46 -69.84 -92.00 -167.00 153.00 555.00 -379.00 -1190.00 0
11021 -18.37 140.80 -69.70 -111.00 -180.00 148.00 555.00 -379.00 -1190.00 0
11030 -16.21 140.73 -66.09 -102.00 -167.00 172.00 555.00 219.00 -1153.00 0
11040 -14.96 137.74 -59.90 -63.00 -175.00 186.00 674.00 219.00 -1153.00 0
11049 -17.18 141.77 -52.59 -92.00 -161.00 182.00 674.00 219.00 -1153.00 0
11059 -19.90 144.49 -46.26 -70.00 -169.00 193.00 674.00 219.00 -1153.00 0
11068 -22.89 129.39 -53.70 86.00 -288.00 360.00 674.00 219.00 -1153.00 0
11078 -29.01 98.92 -79.37 -269.00 -338.00 438.00 674.00 219.00 -1153.00 0
11087 -58.16 86.19 -86.68 -249.00 -209.00 339.00 674.00 219.00 -1153.00 0
11097 -91.27 83.62 -94.12 -6.00 -58.00 -81.00 666.00 329.00 -986.00 0
11106 -114.37 78.19 -96.70 -136.00 -225.00 163.00 666.00 329.00 -986.00 0
11115 -126.96 63.30 -100.10 -160.00 -238.00 258.00 666.00 329.00 -986.00 0
11125 -125.63 55.37 -101.91 -16.00 -151.00 37.00 666.00 329.00 -986.00 0
11134 -122.02 45.84 -101.77 -74.00 -258.00 147.00 666.00 329.00 -986.00 0
11144 -113.60 36.10 -98.78 -92.00 -272.00 206.00 666.00 329.00 -986.00 0
11153 -100.52 27.62 -92.24 -79.00 -249.00 146.00 666.00 329.00 -986.00 0
11163 -86.61 18.43 -69.57 -79.00 -217.00 145.00 619.00 395.00 -1181.00 0
11172 -66.50 7.51 -56.97 -55.00 -183.00 70.00 619.00 395.00 -1181.00 0
11182 -66.30 11.20 -45.91 -62.00 -195.00 82.00 619.00 395.00 -1181.00 0
11191 -64.70 15.23 -39.10 -59.00 -213.00 118.00 619.00 395.00 -1181.00 0
11200 -60.03 19.76 -36.87 -52.00 -186.00 106.00 619.00 395.00 -1181.00 0
11209 -52.94 23.10 -40.28 -173.00 -226.00 107.00 619.00 395.00 -1181.00 0
11219 -50.23 26.57 -47.10 -84.00 -243.00 116.00 619.00 395.00 -1181.00 0
11229 -48.42 25.18 -52.38 -90.00 -222.00 143.00 588.00 433.00 -1021.00 0
11238 -50.37 20.24 -54.40 12.00 -256.00 65.00 588.00 433.00 -1021.00 0
11247 -50.23 16.49 -54.47 -63.00 -235.00 108.00 588.00 433.00 -1021.00 0
11257 -46.12 14.89 -49.67 -55.00 -235.00 96.00 588.00 433.00 -1021.00 0
11267 -32.63 12.45 -32.83 -72.00 -222.00 86.00 588.00 433.00 -1021.00 0
11276 -25.74 10.78 -25.81 -65.00 -251.00 83.00 588.00 433.00 -1021.00 0
11285 -18.16 8.35 -20.45 -72.00 -252.00 61.00 588.00 433.00 -1021.00 0
11294 -11.83 7.51 -14.75 -111.00 -257.00 141.00 577.00 437.00 -1122.00 0
11303 -9.32 8.90 -9.74 -77.00 -194.00 136.00 577.00 437.00 -1122.00 0
11313 -6.61 10.02 -5.36 -83.00 -201.00 63.00 577.00 437.00 -1122.00 0
11322 -16.42 14.47 -5.01 -81.00 -218.00 153.00 577.00 437.00 -1122.00 0
11332 -26.92 16.49 -7.93 -2.00 -112.00 -32.00 577.00 437.00 -1122.00 0
11341 -46.54 18.23 -11.83 -90.00 -246.00 132.00 577.00 437.00 -1122.00 0
11351 -69.15 17.25 -15.93 -41.00 -221.00 62.00 577.00 437.00 -1122.00 0
11360 -83.27 12.59 -21.15 -55.00 -244.00 90.00 561.00 442.00 -1195.00 0
11369 -89.04 9.88 -29.98 -43.00 -238.00 95.00 561.00 442.00 -1195.00 0
11378 -91.27 10.30 -31.23 -57.00 -244.00 109.00 561.00 442.00 -1195.00 0
11388 -97.67 11.27 -31.58 -86.00 -262.00 79.00 561.00 442.00 -1195.00 0
11398 -105.04 11.76 -31.93 -53.00 -306.00 30.00 561.00 442.00 -1195.00 0
11407 -91.97 8.70 -34.85 -46.00 -261.00 73.00 561.00 442.00 -1195.00 0
11416 -72.00 7.37 -33.53 -62.00 -252.00 65.00 561.00 442.00 -1195.00 0
11425 -44.73 5.15 -24.35 -55.00 -250.00 66.00 545.00 451.00 -1108.00 0
11435 -35.69 3.55 -19.90 -62.00 -240.00 66.00 545.00 451.00 -1108.00 0
11444 -28.66 2.30 -16.49 -61.00 -246.00 72.00 545.00 451.00 -1108.00 0
11453 -23.30 0.97 -15.17 -58.00 -249.00 74.00 545.00 451.00 -1108.00 0
11463 -19.13 0.21 -15.37 -52.00 -253.00 71.00 545.00 451.00 -1108.00 0
11472 -15.37 2.02 -16.70 -51.00 -249.00 68.00 545.00 451.00 -1108.00 0
11482 -10.16 1.81 -16.35 -47.00 -254.00 68.00 545.00 451.00 -1108.00 0
11491 -8.77 0.97 -15.17 -48.00 -253.00 69.00 539.00 457.00 -1009.00 0
11500 -7.65 0.21 -13.08 -50.00 -249.00 70.00 539.00 457.00 -1009.00 0
11509 -6.75 -0.07 -10.37 -54.00 -250.00 70.00 539.00 457.00 -1009.00 0
11518 -5.98 -0.07 -7.79 -56.00 -245.00 68.00 539.00 457.00 -1009.00 0
11528 -4.87 -0.21 -4.45 -54.00 -249.00 67.00 539.00 457.00 -1009.00 0
11537 -4.66 -0.42 -3.97 -54.00 -249.00 67.00 539.00 457.00 -1009.00 0
11546 -4.45 -0.70 -3.90 -53.00 -251.00 66.00 539.00 457.00 -1009.00 0
11555 -4.31 -0.97 -3.97 -54.00 -252.00 74.00 539.00 455.00 -1155.00 0
11565 -4.17 -1.18 -3.97 -50.00 -250.00 73.00 541.00 455.00 -1155.00 0
11574 -4.10 -1.32 -3.97 -56.00 -250.00 70.00 541.00 455.00 -1155.00 0
11583 -3.90 -1.39 -3.97 -54.00 -250.00 73.00 541.00 455.00 -1155.00 0
11592 -3.76 -1.18 -3.97 -53.00 -250.00 71.00 541.00 455.00 -1155.00 0
11601 -3.62 -0.70 -4.03 -53.00 -247.00 67.00 541.00 455.00 -1155.00 0
11611 -3.55 -0.49 -4.31 -55.00 -248.00 70.00 541.00 455.00 -1155.00 0
11620 -3.55 -0.70 -4.66 -53.00 -252.00 69.00 541.00 455.00 -1155.00 0
11629 -3.62 -0.97 -4.87 -51.00 -254.00 69.00 541.00 455.00 -1155.00 0
11638 -3.55 -0.97 -4.52 -52.00 -246.00 69.00 541.00 455.00 -1155.00 0
11648 -3.48 -0.97 -4.10 -53.00 -252.00 67.00 541.00 455.00 -1155.00 0
11657 -3.48 -0.90 -3.62 -52.00 -252.00 68.00 541.00 455.00 -1155.00 0
11666 -3.48 -0.97 -3.20 -52.00 -250.00 72.00 541.00 455.00 -1155.00 0
11675 -3.48 -0.97 -2.92 -54.00 -250.00 71.00 541.00 455.00 -1155.00 0
11685 -3.48 -1.04 -2.71 -56.00 -250.00 71.00 541.00 455.00 -1155.00 0
11695 -3.48 -1.25 -2.78 -52.00 -248.00 70.00 541.00 455.00 -1155.00 0
11704 -3.62 -1.25 -2.92 -51.00 -251.00 72.00 541.00 455.00 -1155.00 0
11713 -3.55 -1.25 -2.99 -51.00 -251.00 71.00 541.00 455.00 -1155.00 0
11722 -3.48 -1.04 -3.13 -54.00 -254.00 74.00 541.00 455.00 -1155.00 0
11731 -3.48 -0.90 -3.20 -53.00 -250.00 68.00 541.00 455.00 -1155.00 0
11741 -3.48 -0.90 -3.34 -51.00 -251.00 70.00 541.00 455.00 -1155.00 0
11750 -3.55 -1.04 -3.41 -54.00 -250.00 70.00 541.00 455.00 -1155.00 0
11759 -3.55 -1.04 -3.34 -52.00 -252.00 71.00 541.00 455.00 -1155.00 0
11768 -3.55 -1.11 -3.27 -53.00 -250.00 66.00 541.00 455.00 -1155.00 0
11778 -3.55 -1.11 -3.06 -49.00 -252.00 68.00 541.00 455.00 -1155.00 0
11787 -3.55 -1.11 -2.85 -52.00 -251.00 69.00 541.00 455.00 -1155.00 0
11796 -3.55 -1.11 -2.71 -53.00 -249.00 69.00 541.00 455.00 -1155.00 0
11805 -3.48 -1.18 -2.50 -52.00 -249.00 70.00 541.00 455.00 -1155.00 0
11814 -3.48 -1.25 -2.50 -51.00 -250.00 67.00 541.00 455.00 -1155.00 0
11824 -3.48 -1.25 -2.57 -50.00 -253.00 72.00 541.00 455.00 -1155.00 0
11833 -3.48 -1.25 -2.64 -51.00 -251.00 69.00 541.00 455.00 -1155.00 0
11842 -3.41 -1.11 -2.57 -49.00 -251.00 68.00 541.00 455.00 -1155.00 0
11851 -3.48 -1.11 -2.64 -47.00 -250.00 72.00 541.00 455.00 -1155.00 0
11860 -3.48 -1.11 -2.64 -51.00 -253.00 72.00 541.00 455.00 -1155.00 0
11870 -3.55 -1.18 -2.71 -51.00 -252.00 73.00 541.00 455.00 -1155.00 0
11879 -3.55 -1.18 -2.64 -54.00 -249.00 69.00 541.00 455.00 -1155.00 0
11888 -3.55 -1.11 -2.57 -52.00 -250.00 68.00 528.00 458.00 -1072.00 0
11897 -3.55 -1.18 -2.50 -52.00 -248.00 67.00 528.00 458.00 -1072.00 0
11907 -3.55 -1.11 -2.50 -50.00 -252.00 71.00 528.00 458.00 -1072.00 0
11916 -3.55 -1.11 -2.37 -51.00 -250.00 70.00 528.00 458.00 -1072.00 0
11925 -3.48 -1.04 -2.37 -52.00 -252.00 73.00 528.00 458.00 -1072.00 0
11934 -3.48 -1.04 -2.30 -50.00 -247.00 64.00 528.00 458.00 -1072.00 0
11943 -3.48 -1.11 -2.30 -51.00 -250.00 70.00 528.00 458.00 -1072.00 0
11953 -3.48 -1.11 -2.30 -50.00 -250.00 69.00 530.00 457.00 -995.00 0
11962 -3.48 -1.11 -2.30 -51.00 -254.00 70.00 530.00 457.00 -995.00 0
11971 -3.55 -1.11 -2.30 -49.00 -252.00 71.00 530.00 457.00 -995.00 0
11980 -3.55 -1.04 -2.37 -52.00 -251.00 72.00 530.00 457.00 -995.00 0
11990 -3.48 -1.04 -2.37 -53.00 -248.00 68.00 530.00 457.00 -995.00 0
11999 -3.48 -1.04 -2.30 -54.00 -251.00 68.00 530.00 457.00 -995.00 0
12008 -3.55 -1.11 -2.37 -52.00 -253.00 70.00 530.00 457.00 -995.00 0
12017 -3.55 -1.11 -2.50 -53.00 -247.00 68.00 527.00 460.00 -1104.00 0
12026 -3.48 -0.83 -2.71 -52.00 -254.00 70.00 527.00 460.00 -1104.00 0
12036 -3.34 -0.63 -3.06 -53.00 -253.00 71.00 527.00 460.00 -1104.00 0
12045 -3.41 -0.77 -3.27 -48.00 -249.00 68.00 527.00 460.00 -1104.00 0
12054 -3.48 -0.83 -3.27 -50.00 -253.00 69.00 527.00 460.00 -1104.00 0
12063 -3.48 -0.90 -3.13 -49.00 -253.00 71.00 527.00 460.00 -1104.00 0
12072 -3.48 -0.90 -2.85 -52.00 -251.00 68.00 527.00 460.00 -1104.00 0
12082 -3.48 -0.90 -2.64 -52.00 -251.00 70.00 525.00 461.00 -892.00 0
12091 -3.48 -1.04 -2.50 -48.00 -253.00 70.00 525.00 461.00 -892.00 0
12100 -3.48 -1.04 -2.50 -49.00 -252.00 68.00 525.00 461.00 -892.00 0
12109 -3.48 -1.11 -2.37 -52.00 -251.00 72.00 525.00 461.00 -892.00 0
12119 -3.48 -1.04 -2.23 -50.00 -249.00 68.00 525.00 461.00 -892.00 0
12128 -3.48 -1.04 -2.16 -54.00 -251.00 71.00 525.00 461.00 -892.00 0
12137 -3.55 -1.11 -2.09 -49.00 -254.00 70.00 525.00 461.00 -892.00 0
12146 -3.62 -1.18 -2.09 -49.00 -252.00 70.00 525.00 463.00 -1089.00 0
12155 -3.62 -1.18 -2.09 -49.00 -251.00 70.00 529.00 463.00 -1089.00 0
12165 -3.62 -1.18 -2.09 -48.00 -250.00 72.00 529.00 463.00 -1089.00 0
12174 -3.62 -1.18 -2.09 -51.00 -252.00 72.00 529.00 463.00 -1089.00 0
12183 -3.62 -1.18 -2.02 -50.00 -252.00 71.00 529.00 463.00 -1089.00 0
12192 -3.62 -1.18 -2.02 -50.00 -251.00 68.00 529.00 463.00 -1089.00 0
12201 -3.55 -1.18 -2.02 -49.00 -249.00 68.00 529.00 463.00 -1089.00 0
12211 -3.62 -1.18 -1.95 -48.00 -250.00 70.00 529.00 463.00 -1089.00 0
12220 -3.55 -1.18 -1.95 -51.00 -249.00 71.00 529.00 463.00 -1089.00 0
12229 -3.55 -1.18 -1.95 -50.00 -253.00 71.00 529.00 463.00 -1089.00 0
12238 -3.62 -1.18 -1.88 -52.00 -253.00 72.00 529.00 463.00 -1089.00 0
12248 -3.62 -1.18 -1.95 -51.00 -251.00 67.00 529.00 463.00 -1089.00 0
12257 -3.55 -1.18 -1.95 -52.00 -253.00 71.00 529.00 463.00 -1089.00 0
12267 -3.62 -1.18 -1.95 -47.00 -251.00 70.00 529.00 463.00 -1089.00 0
12276 -3.62 -1.18 -2.02 -53.00 -250.00 69.00 529.00 463.00 -1089.00 0
12285 -3.62 -1.18 -2.02 -50.00 -248.00 71.00 529.00 463.00 -1089.00 0
12295 -3.62 -1.11 -1.95 -51.00 -251.00 67.00 529.00 463.00 -1089.00 0
12304 -3.55 -1.11 -1.95 -52.00 -250.00 67.00 529.00 463.00 -1089.00 0
12313 -3.55 -1.11 -1.95 -49.00 -254.00 69.00 529.00 463.00 -1089.00 0
12322 -3.62 -1.11 -1.95 -53.00 -253.00 74.00 529.00 463.00 -1089.00 0
12332 -3.55 -1.11 -1.95 -51.00 -254.00 68.00 529.00 463.00 -1089.00 0
12341 -3.55 -1.11 -1.88 -50.00 -251.00 69.00 529.00 463.00 -1089.00 0
12350 -3.55 -1.11 -1.88 -50.00 -251.00 71.00 529.00 463.00 -1089.00 0
12359 -3.55 -1.11 -1.95 -50.00 -250.00 71.00 529.00 463.00 -1089.00 0
12368 -3.55 -1.04 -1.95 -49.00 -252.00 69.00 529.00 463.00 -1089.00 0
12378 -3.55 -1.11 -1.95 -48.00 -250.00 69.00 529.00 463.00 -1089.00 0
12387 -3.55 -1.11 -1.95 -51.00 -252.00 69.00 529.00 463.00 -1089.00 0
12396 -3.55 -1.11 -1.95 -51.00 -251.00 71.00 529.00 463.00 -1089.00 0
12405 -3.48 -1.04 -1.88 -51.00 -247.00 64.00 529.00 463.00 -1089.00 0
12414 -3.48 -1.04 -1.95 -54.00 -250.00 70.00 529.00 463.00 -1089.00 0
12424 -3.48 -1.11 -1.95 -52.00 -251.00 66.00 529.00 463.00 -1089.00 0
12433 -3.55 -1.04 -1.88 -51.00 -253.00 70.00 529.00 463.00 -1089.00 0
12442 -3.55 -1.04 -1.81 -52.00 -252.00 72.00 529.00 463.00 -1089.00 0
12451 -3.55 -1.11 -1.81 -49.00 -251.00 70.00 529.00 463.00 -1089.00 0
12461 -3.55 -1.11 -1.81 -52.00 -252.00 69.00 529.00 463.00 -1089.00 0
12470 -3.55 -1.18 -1.88 -54.00 -253.00 70.00 529.00 463.00 -1089.00 0
12479 -3.55 -1.18 -1.88 -50.00 -253.00 69.00 529.00 463.00 -1089.00 0
12488 -3.55 -1.11 -1.88 -52.00 -252.00 71.00 529.00 463.00 -1089.00 0
12497 -3.48 -1.11 -1.88 -52.00 -253.00 73.00 529.00 463.00 -1089.00 0
12507 -3.48 -1.11 -1.88 -49.00 -250.00 69.00 529.00 463.00 -1089.00 0
12516 -3.48 -1.11 -1.81 -50.00 -251.00 70.00 529.00 463.00 -1089.00 0
12525 -3.55 -1.11 -1.81 -46.00 -252.00 71.00 529.00 463.00 -1089.00 0
12534 -3.48 -1.18 -1.88 -53.00 -253.00 74.00 529.00 463.00 -1089.00 0
12544 -3.48 -1.18 -1.81 -48.00 -252.00 69.00 527.00 462.00 -946.00 0
12553 -3.48 -1.18 -1.81 -50.00 -251.00 68.00 527.00 462.00 -946.00 0
12562 -3.55 -1.11 -1.81 -51.00 -254.00 72.00 527.00 462.00 -946.00 0
12571 -3.62 -1.18 -1.81 -47.00 -253.00 71.00 527.00 462.00 -946.00 0
12580 -3.62 -1.18 -1.81 -50.00 -250.00 69.00 527.00 462.00 -946.00 0
12590 -3.55 -1.25 -1.81 -49.00 -248.00 71.00 527.00 462.00 -946.00 0
12599 -3.62 -1.18 -1.81 -51.00 -252.00 71.00 527.00 462.00 -946.00 0
12608 -3.55 -1.25 -1.81 -49.00 -252.00 75.00 525.00 463.00 -1001.00 0
12617 -3.55 -1.18 -1.88 -51.00 -253.00 73.00 525.00 463.00 -1001.00 0
12626 -3.55 -1.18 -1.88 -49.00 -251.00 67.00 525.00 463.00 -1001.00 0
12636 -3.55 -1.18 -1.88 -51.00 -250.00 71.00 525.00 463.00 -1001.00 0
12645 -3.55 -1.18 -2.02 -54.00 -251.00 70.00 525.00 463.00 -1001.00 0
12654 -3.48 -1.04 -2.16 -50.00 -253.00 70.00 525.00 463.00 -1001.00 0
12663 -3.41 -0.97 -2.23 -51.00 -251.00 68.00 525.00 463.00 -1001.00 0
12673 -3.41 -0.90 -2.37 -50.00 -251.00 70.00 525.00 461.00 -984.00 0
12682 -3.41 -1.04 -2.37 -48.00 -253.00 70.00 525.00 461.00 -984.00 0
12691 -3.48 -1.04 -2.30 -52.00 -251.00 66.00 525.00 461.00 -984.00 0
12700 -3.41 -1.11 -2.16 -50.00 -253.00 70.00 525.00 461.00 -984.00 0
12709 -3.41 -1.11 -1.95 -49.00 -252.00 69.00 525.00 461.00 -984.00 0
12719 -3.48 -1.11 -1.88 -50.00 -250.00 69.00 525.00 461.00 -984.00 0
12728 -3.48 -1.11 -1.88 -49.00 -252.00 73.00 525.00 461.00 -984.00 0
12737 -3.55 -1.18 -1.81 -52.00 -252.00 69.00 528.00 462.00 -968.00 0
12746 -3.55 -1.11 -1.74 -50.00 -250.00 69.00 528.00 462.00 -968.00 0
12755 -3.55 -1.04 -1.67 -53.00 -250.00 67.00 528.00 462.00 -968.00 0
12765 -3.62 -1.11 -1.67 -49.00 -253.00 69.00 528.00 462.00 -968.00 0
12774 -3.62 -1.11 -1.74 -49.00 -252.00 68.00 528.00 462.00 -968.00 0
12783 -3.55 -1.11 -1.81 -49.00 -255.00 69.00 528.00 462.00 -968.00 0
12792 -3.62 -1.18 -1.81 -52.00 -246.00 69.00 528.00 462.00 -968.00 0
12802 -3.62 -1.18 -1.81 -52.00 -253.00 68.00 528.00 462.00 -968.00 0
12811 -3.55 -1.11 -1.74 -48.00 -253.00 68.00 528.00 462.00 -968.00 0
12820 -3.55 -1.11 -1.81 -47.00 -254.00 66.00 528.00 462.00 -968.00 0
12829 -3.48 -1.18 -1.81 -49.00 -256.00 70.00 528.00 462.00 -968.00 0
12838 -3.48 -1.18 -1.81 -51.00 -251.00 68.00 528.00 462.00 -968.00 0
12848 -3.48 -1.18 -1.81 -49.00 -250.00 71.00 528.00 462.00 -968.00 0
12857 -3.55 -1.11 -1.74 -49.00 -253.00 67.00 528.00 462.00 -968.00 0
12866 -3.48 -1.18 -1.74 -50.00 -253.00 72.00 528.00 462.00 -968.00 0
12875 -3.55 -1.18 -1.67 -52.00 -253.00 74.00 528.00 462.00 -968.00 0
12884 -3.55 -1.18 -1.74 -49.00 -251.00 69.00 528.00 462.00 -968.00 0
12894 -3.69 -1.18 -1.81 -52.00 -253.00 72.00 528.00 462.00 -968.00 0
12903 -4.03 -1.25 -1.88 -51.00 -251.00 68.00 528.00 462.00 -968.00 0
12912 -4.52 -1.25 -1.88 -48.00 -251.00 72.00 528.00 462.00 -968.00 0
12921 -5.01 -1.25 -1.95 -49.00 -252.00 69.00 528.00 462.00 -968.00 0
12931 -5.43 -1.25 -2.23 -48.00 -252.00 70.00 528.00 462.00 -968.00 0
12940 -5.98 -1.25 -2.43 -49.00 -252.00 72.00 528.00 462.00 -968.00 0
12949 -6.19 -1.25 -2.57 -50.00 -251.00 67.00 528.00 462.00 -968.00 0
12958 -6.47 -1.32 -2.64 -50.00 -251.00 66.00 528.00 462.00 -968.00 0
12967 -6.68 -1.32 -2.64 -47.00 -255.00 68.00 528.00 462.00 -968.00 0
12977 -6.75 -1.32 -2.64 -49.00 -253.00 67.00 528.00 462.00 -968.00 0
12986 -6.75 -1.32 -2.64 -50.00 -251.00 65.00 528.00 462.00 -968.00 0
12995 -6.26 -1.18 -2.64 -51.00 -250.00 67.00 528.00 462.00 -968.00 0
13004 -6.05 -1.11 -2.64 -49.00 -253.00 68.00 528.00 462.00 -968.00 0
13014 -6.05 -1.11 -2.64 -47.00 -251.00 68.00 528.00 462.00 -968.00 0
13023 -6.19 -1.18 -2.57 -49.00 -255.00 70.00 528.00 462.00 -968.00 0
13032 -6.40 -1.18 -2.50 -48.00 -254.00 70.00 528.00 462.00 -968.00 0
13041 -6.47 -1.18 -2.43 -50.00 -252.00 69.00 528.00 462.00 -968.00 0
13050 -6.40 -1.25 -2.50 -50.00 -252.00 72.00 528.00 462.00 -968.00 0
13060 -6.26 -1.25 -2.57 -50.00 -249.00 67.00 528.00 462.00 -968.00 0
13069 -6.26 -1.32 -2.57 -51.00 -253.00 68.00 525.00 461.00 -1210.00 0
13078 -6.33 -1.32 -2.50 -47.00 -253.00 67.00 525.00 461.00 -1210.00 0
13087 -6.33 -1.32 -2.43 -49.00 -252.00 66.00 525.00 461.00 -1210.00 0
13096 -6.26 -1.32 -2.37 -47.00 -255.00 67.00 525.00 461.00 -1210.00 0
13106 -5.98 -1.32 -2.43 -45.00 -255.00 70.00 525.00 461.00 -1210.00 0
13115 -5.84 -1.25 -2.43 -50.00 -254.00 71.00 525.00 461.00 -1210.00 0
13124 -5.77 -1.32 -2.37 -50.00 -255.00 67.00 525.00 461.00 -1210.00 0
13133 -5.84 -1.32 -2.37 -49.00 -251.00 66.00 523.00 464.00 -926.00 0
13143 -5.91 -1.32 -2.30 -50.00 -253.00 70.00 523.00 464.00 -926.00 0
13152 -6.05 -1.32 -2.23 -48.00 -252.00 66.00 523.00 464.00 -926.00 0
13161 -6.05 -1.25 -2.30 -47.00 -253.00 66.00 523.00 464.00 -926.00 0
13170 -5.98 -1.18 -2.30 -51.00 -254.00 70.00 523.00 464.00 -926.00 0
13179 -5.98 -1.18 -2.30 -50.00 -253.00 67.00 523.00 464.00 -926.00 0
13189 -6.05 -1.18 -2.37 -51.00 -253.00 68.00 523.00 464.00 -926.00 0
13198 -6.19 -1.18 -2.30 -47.00 -252.00 64.00 523.00 462.00 -847.00 0
13207 -6.33 -1.25 -2.37 -47.00 -251.00 66.00 523.00 462.00 -847.00 0
13216 -6.40 -1.25 -2.43 -47.00 -252.00 64.00 523.00 462.00 -847.00 0
13224 -6.40 -1.32 -2.50 -50.00 -252.00 65.00 523.00 462.00 -847.00 0
13234 -6.40 -1.32 -2.50 -50.00 -253.00 68.00 523.00 462.00 -847.00 0
13243 -6.33 -1.32 -2.50 -49.00 -254.00 65.00 523.00 462.00 -847.00 0
13252 -6.40 -1.32 -2.43 -48.00 -249.00 63.00 523.00 462.00 -847.00 0
13261 -6.40 -1.32 -2.37 -49.00 -252.00 67.00 523.00 464.00 -1051.00 0
13271 -6.26 -1.32 -2.30 -48.00 -255.00 64.00 523.00 464.00 -1051.00 0
13280 -6.05 -1.32 -2.30 -51.00 -252.00 64.00 523.00 464.00 -1051.00 0
13289 -6.05 -1.32 -2.30 -48.00 -251.00 62.00 523.00 464.00 -1051.00 0
13298 -6.12 -1.32 -2.30 -50.00 -255.00 66.00 523.00 464.00 -1051.00 0
13307 -6.19 -1.32 -2.30 -50.00 -253.00 64.00 523.00 464.00 -1051.00 0
13317 -6.19 -1.32 -2.37 -49.00 -252.00 63.00 523.00 464.00 -1051.00 0
13327 -6.12 -1.25 -2.43 -45.00 -253.00 67.00 523.00 464.00 -1051.00 0
13336 -6.40 -1.32 -2.57 -49.00 -255.00 63.00 523.00 464.00 -1051.00 0
13345 -6.54 -1.32 -2.43 -49.00 -255.00 64.00 523.00 464.00 -1051.00 0
13355 -6.68 -1.32 -2.37 -45.00 -254.00 65.00 523.00 464.00 -1051.00 0
13364 -6.61 -1.32 -2.43 -49.00 -253.00 64.00 523.00 464.00 -1051.00 0
13373 -6.47 -1.32 -2.43 -48.00 -254.00 65.00 523.00 464.00 -1051.00 0
13382 -6.33 -1.25 -2.50 -49.00 -254.00 64.00 523.00 464.00 -1051.00 0
13391 -6.26 -1.32 -2.43 -48.00 -256.00 63.00 523.00 464.00 -1051.00 0
13401 -6.26 -1.32 -2.37 -48.00 -254.00 65.00 523.00 464.00 -1051.00 0
13410 -6.26 -1.32 -2.30 -46.00 -252.00 63.00 523.00 464.00 -1051.00 0
13419 -6.19 -1.32 -2.30 -47.00 -255.00 67.00 523.00 464.00 -1051.00 0
13428 -6.12 -1.32 -2.23 -50.00 -252.00 63.00 523.00 464.00 -1051.00 0
13437 -5.98 -1.32 -2.23 -48.00 -257.00 66.00 523.00 464.00 -1051.00 0
13447 -5.91 -1.32 -2.23 -46.00 -254.00 65.00 523.00 464.00 -1051.00 0
13456 -5.98 -1.32 -2.23 -52.00 -256.00 64.00 523.00 464.00 -1051.00 0
13465 -5.91 -1.32 -2.23 -49.00 -252.00 64.00 523.00 464.00 -1051.00 0
13474 -5.91 -1.32 -2.30 -46.00 -254.00 63.00 523.00 464.00 -1051.00 0
13484 -5.98 -1.32 -2.30 -45.00 -253.00 65.00 523.00 464.00 -1051.00 0
13493 -6.05 -1.32 -2.30 -49.00 -254.00 64.00 523.00 464.00 -1051.00 0
13502 -6.26 -1.39 -2.37 -46.00 -255.00 63.00 523.00 464.00 -1051.00 0
13511 -6.33 -1.39 -2.37 -46.00 -256.00 65.00 523.00 464.00 -1051.00 0
13520 -6.33 -1.39 -2.37 -49.00 -256.00 65.00 523.00 464.00 -1051.00 0
13530 -6.40 -1.46 -2.43 -44.00 -256.00 66.00 523.00 464.00 -1051.00 0
13539 -6.33 -1.39 -2.50 -50.00 -255.00 63.00 523.00 464.00 -1051.00 0
13548 -6.12 -1.25 -2.64 -48.00 -255.00 62.00 523.00 464.00 -1051.00 0
13557 -5.91 -1.18 -2.85 -48.00 -254.00 63.00 523.00 464.00 -1051.00 0
13566 -6.19 -1.25 -2.85 -45.00 -254.00 64.00 523.00 464.00 -1051.00 0