-1.46 -2.09 -44.00 5.00 235.00 424.00 -324.00 -1047.00 0
2028 -3.48 -1.88 -1.67 -40.00 0.00 233.00 428.00 -325.00 -1158.00 0
2037 -3.34 -1.95 -1.46 -40.00 -10.00 234.00 428.00 -325.00 -1158.00 0
2046 -3.48 -1.81 -1.39 -44.00 -11.00 232.00 428.00 -325.00 -1158.00 0
2056 -3.55 -1.67 -1.60 -44.00 -8.00 230.00 428.00 -325.00 -1158.00 0
2065 -3.13 -1.53 -1.88 -46.00 -4.00 234.00 428.00 -325.00 -1158.00 0
2074 -2.23 -1.46 -2.02 -43.00 1.00 233.00 428.00 -325.00 -1158.00 0
2083 -0.97 -1.46 -2.02 -37.00 7.00 234.00 428.00 -325.00 -1158.00 0
2093 1.53 -1.53 -1.95 -33.00 11.00 235.00 425.00 -323.00 -1134.00 0
2102 2.37 -1.46 -1.81 -35.00 19.00 232.00 425.00 -323.00 -1134.00 0
2111 2.57 -1.11 -1.67 -38.00 22.00 235.00 425.00 -323.00 -1134.00 0
2120 2.37 -0.63 -1.25 -44.00 14.00 235.00 425.00 -323.00 -1134.00 0
2129 1.60 -0.14 -0.83 -44.00 11.00 233.00 425.00 -323.00 -1134.00 0
2139 0.77 0.49 -0.21 -47.00 7.00 230.00 425.00 -323.00 -1134.00 0
2148 -0.42 1.32 0.56 -39.00 10.00 227.00 425.00 -323.00 -1134.00 0
2157 -0.70 1.67 0.83 -48.00 9.00 232.00 425.00 -331.00 -998.00 0
2166 -0.90 2.02 1.25 -50.00 9.00 243.00 428.00 -331.00 -998.00 0
2176 -1.18 2.09 1.46 -50.00 11.00 248.00 428.00 -331.00 -998.00 0
2184 -1.88 1.95 1.81 -50.00 12.00 246.00 428.00 -331.00 -998.00 0
2193 -2.78 1.60 2.09 -46.00 5.00 243.00 428.00 -331.00 -998.00 0
2202 -4.17 1.11 2.43 -42.00 7.00 242.00 428.00 -331.00 -998.00 0
2211 -7.30 0.97 2.30 -39.00 0.00 235.00 428.00 -331.00 -998.00 0
2221 -8.63 0.83 2.23 -36.00 1.00 232.00 428.00 -331.00 -998.00 0
2230 -9.32 0.83 2.23 -33.00 4.00 232.00 428.00 -331.00 -998.00 0
2239 -9.74 0.97 2.30 -38.00 -3.00 223.00 428.00 -331.00 -998.00 0
2248 -10.16 1.39 2.37 -38.00 -4.00 225.00 428.00 -331.00 -998.00 0
2257 -10.43 2.09 2.43 -39.00 -1.00 228.00 428.00 -331.00 -998.00 0
2267 -10.71 3.90 2.43 -36.00 -4.00 223.00 428.00 -331.00 -998.00 0
2276 -10.99 5.08 2.43 -42.00 -11.00 224.00 428.00 -331.00 -998.00 0
2285 -10.92 6.33 2.43 -39.00 -13.00 224.00 428.00 -331.00 -998.00 0
2294 -10.43 7.51 2.23 -41.00 -10.00 228.00 428.00 -331.00 -998.00 0
2304 -9.11 8.49 2.09 -49.00 -4.00 230.00 428.00 -331.00 -998.00 0
2312 -7.51 9.32 1.88 -60.00 -4.00 241.00 428.00 -331.00 -998.00 0
2321 -6.26 9.95 0.70 -61.00 -5.00 238.00 428.00 -331.00 -998.00 0
2330 -5.08 9.95 -0.14 -58.00 -1.00 237.00 428.00 -331.00 -998.00 0
2339 -4.45 9.60 -1.04 -56.00 -5.00 237.00 428.00 -331.00 -998.00 0
2349 -3.83 9.25 -1.74 -56.00 -7.00 238.00 428.00 -331.00 -998.00 0
2358 -2.99 8.97 -2.30 -51.00 -8.00 241.00 439.00 -329.00 -1020.00 0
2367 -1.81 8.63 -2.64 -45.00 -13.00 231.00 439.00 -329.00 -1020.00 0
2376 -0.70 8.21 -2.64 -45.00 -19.00 229.00 439.00 -329.00 -1020.00 0
2385 0.97 8.28 -2.71 -47.00 -20.00 224.00 439.00 -329.00 -1020.00 0
2395 1.81 8.97 -3.06 -42.00 -22.00 221.00 439.00 -329.00 -1020.00 0
2404 3.06 9.95 -3.41 -44.00 -24.00 219.00 439.00 -329.00 -1020.00 0
2413 4.66 11.27 -3.97 -49.00 -23.00 221.00 439.00 -329.00 -1020.00 0
2422 6.33 12.80 -4.66 -53.00 -24.00 216.00 444.00 -331.00 -858.00 0
2432 8.00 14.40 -5.70 -64.00 -19.00 230.00 444.00 -331.00 -858.00 0
2441 11.90 16.77 -8.49 -69.00 -11.00 238.00 444.00 -331.00 -858.00 0
2450 14.40 16.49 -10.02 -55.00 5.00 236.00 444.00 -331.00 -858.00 0
2459 17.46 15.51 -11.34 -56.00 25.00 236.00 444.00 -331.00 -858.00 0
2468 20.52 14.47 -11.97 -53.00 34.00 235.00 444.00 -331.00 -858.00 0
2478 23.30 13.57 -11.90 -50.00 39.00 240.00 444.00 -331.00 -858.00 0
2487 25.53 12.80 -11.13 -48.00 45.00 228.00 453.00 -345.00 -1081.00 0
2496 27.41 11.97 -8.97 -47.00 50.00 225.00 453.00 -345.00 -1081.00 0
2505 26.71 12.10 -8.14 -49.00 51.00 226.00 453.00 -345.00 -1081.00 0
2514 24.97 12.59 -7.58 -55.00 50.00 228.00 453.00 -345.00 -1081.00 0
2524 22.26 13.29 -7.23 -66.00 45.00 236.00 453.00 -345.00 -1081.00 0
2533 18.92 13.98 -7.10 -65.00 37.00 240.00 453.00 -345.00 -1081.00 0
2542 15.23 14.40 -7.17 -68.00 32.00 242.00 453.00 -345.00 -1081.00 0
2552 8.97 13.98 -7.03 -71.00 28.00 246.00 463.00 -347.00 -1140.00 0
2562 6.40 13.43 -6.82 -72.00 26.00 247.00 463.00 -347.00 -1140.00 0
2571 4.38 12.45 -6.40 -70.00 29.00 247.00 463.00 -347.00 -1140.00 0
2580 3.06 11.13 -5.50 -62.00 27.00 239.00 463.00 -347.00 -1140.00 0
2589 2.02 9.67 -4.17 -56.00 16.00 228.00 463.00 -347.00 -1140.00 0
2598 0.77 8.56 -2.78 -62.00 10.00 222.00 463.00 -347.00 -1140.00 0
2608 -1.81 7.17 -0.49 -59.00 8.00 224.00 463.00 -347.00 -1140.00 0
2617 -2.64 6.96 0.21 -60.00 1.00 217.00 463.00 -349.00 -1202.00 0
2626 -3.76 7.17 0.35 -68.00 5.00 231.00 469.00 -349.00 -1202.00 0
2634 -4.52 7.65 0.28 -75.00 -4.00 237.00 469.00 -349.00 -1202.00 0
2643 -5.36 8.07 -0.21 -68.00 -8.00 230.00 469.00 -349.00 -1202.00 0
2653 -5.77 8.00 -1.25 -65.00 -3.00 222.00 469.00 -349.00 -1202.00 0
2662 -5.08 6.96 -3.34 -65.00 1.00 218.00 469.00 -349.00 -1202.00 0
2671 -1.46 6.68 -4.03 -57.00 14.00 217.00 469.00 -349.00 -1202.00 0
2680 1.60 6.54 -4.24 -56.00 28.00 219.00 469.00 -349.00 -1202.00 0
2690 4.66 6.54 -3.90 -54.00 26.00 220.00 469.00 -349.00 -1202.00 0
2699 6.75 6.96 -3.48 -58.00 21.00 228.00 469.00 -349.00 -1202.00 0
2708 7.65 7.65 -3.06 -65.00 12.00 235.00 469.00 -349.00 -1202.00 0
2717 7.65 8.35 -3.76 -67.00 16.00 227.00 469.00 -349.00 -1202.00 0
2726 6.61 9.25 -4.80 -71.00 14.00 226.00 469.00 -349.00 -1202.00 0
2736 6.05 9.53 -6.05 -75.00 13.00 226.00 469.00 -349.00 -1202.00 0
2745 5.77 9.95 -7.37 -78.00 18.00 221.00 469.00 -349.00 -1202.00 0
2754 5.77 10.23 -8.56 -83.00 20.00 228.00 476.00 -351.00 -968.00 0
2763 6.05 10.37 -9.67 -78.00 30.00 225.00 476.00 -351.00 -968.00 0
2772 6.05 10.30 -10.85 -78.00 34.00 227.00 476.00 -351.00 -968.00 0
2782 5.36 10.16 -13.08 -82.00 42.00 232.00 476.00 -351.00 -968.00 0
2791 4.52 9.95 -13.77 -76.00 38.00 239.00 476.00 -351.00 -968.00 0
2800 3.48 9.39 -13.84 -76.00 38.00 236.00 476.00 -351.00 -968.00 0
2809 2.23 8.77 -13.36 -81.00 31.00 238.00 476.00 -351.00 -968.00 0
2819 0.70 8.35 -12.73 -83.00 22.00 237.00 476.00 -351.00 -968.00 0
2828 -1.04 8.00 -11.97 -88.00 9.00 231.00 476.00 -351.00 -968.00 0
2837 -4.73 7.44 -10.85 -93.00 -8.00 233.00 476.00 -351.00 -968.00 0
2846 -7.17 7.17 -11.62 -94.00 -21.00 230.00 476.00 -351.00 -968.00 0
2855 -8.90 6.54 -13.08 -91.00 -14.00 222.00 476.00 -351.00 -968.00 0
2865 -8.90 5.50 -15.03 -74.00 1.00 217.00 476.00 -351.00 -968.00 0
2874 -7.44 4.24 -17.04 -66.00 23.00 218.00 476.00 -351.00 -968.00 0
2883 -4.73 3.20 -18.37 -62.00 31.00 222.00 487.00 -341.00 -1191.00 0
2892 1.67 1.95 -16.97 -61.00 31.00 221.00 487.00 -341.00 -1191.00 0
2902 3.55 1.81 -15.10 -67.00 21.00 223.00 487.00 -341.00 -1191.00 0
2911 4.52 2.23 -13.08 -71.00 18.00 223.00 487.00 -341.00 -1191.00 0
2920 5.57 2.43 -11.20 -68.00 23.00 226.00 487.00 -341.00 -1191.00 0
2929 6.40 2.64 -9.81 -68.00 28.00 225.00 487.00 -341.00 -1191.00 0
2938 6.82 2.92 -9.04 -73.00 16.00 223.00 487.00 -341.00 -1191.00 0
2948 4.80 4.59 -8.28 -79.00 9.00 221.00 490.00 -341.00 -1110.00 0
2957 3.13 5.63 -8.70 -83.00 2.00 209.00 490.00 -341.00 -1110.00 0
2966 1.95 6.82 -9.25 -84.00 6.00 211.00 490.00 -341.00 -1110.00 0
2975 1.60 8.07 -9.88 -92.00 11.00 212.00 490.00 -341.00 -1110.00 0
2984 1.67 9.39 -10.50 -93.00 22.00 226.00 490.00 -341.00 -1110.00 0
2994 2.50 10.23 -10.64 -100.00 27.00 236.00 490.00 -341.00 -1110.00 0
3003 5.63 8.97 -8.70 -97.00 29.00 231.00 490.00 -341.00 -1110.00 0
3012 7.23 7.37 -7.30 -93.00 23.00 233.00 495.00 -342.00 -1089.00 0
3021 8.70 5.63 -6.40 -99.00 14.00 234.00 495.00 -342.00 -1089.00 0
3031 8.90 4.38 -6.05 -90.00 22.00 226.00 495.00 -342.00 -1089.00 0
3040 8.70 3.27 -6.54 -82.00 33.00 212.00 495.00 -342.00 -1089.00 0
3049 8.56 1.95 -7.30 -85.00 41.00 218.00 495.00 -342.00 -1089.00 0
3058 8.28 0.21 -8.83 -83.00 54.00 211.00 495.00 -342.00 -1089.00 0
3067 7.10 -0.35 -9.46 -79.00 62.00 211.00 495.00 -342.00 -1089.00 0
3077 5.63 -0.35 -9.53 -80.00 65.00 215.00 495.00 -345.00 -1356.00 0
3086 3.48 0.21 -9.25 -79.00 57.00 216.00 495.00 -345.00 -1356.00 0
3095 0.14 1.25 -8.70 -74.00 51.00 220.00 495.00 -345.00 -1356.00 0
3104 -3.55 2.57 -7.65 -80.00 40.00 222.00 495.00 -345.00 -1356.00 0
3113 -7.03 4.03 -4.73 -79.00 27.00 225.00 495.00 -345.00 -1356.00 0
3123 -13.57 6.40 -3.48 -75.00 22.00 224.00 495.00 -345.00 -1356.00 0
3132 -15.23 6.89 -2.09 -77.00 14.00 229.00 495.00 -345.00 -1356.00 0
3141 -16.35 7.23 -0.70 -84.00 19.00 232.00 495.00 -334.00 -1052.00 0
3150 -16.90 7.23 0.28 -77.00 26.00 231.00 494.00 -334.00 -1052.00 0
3160 -17.11 6.96 1.11 -79.00 13.00 220.00 494.00 -334.00 -1052.00 0
3169 -17.67 6.61 2.57 -84.00 9.00 210.00 494.00 -334.00 -1052.00 0
3178 -19.76 6.82 2.92 -84.00 15.00 207.00 494.00 -334.00 -1052.00 0
3187 -19.83 7.30 3.34 -83.00 7.00 213.00 494.00 -334.00 -1052.00 0
3196 -19.62 7.86 3.69 -90.00 10.00 215.00 494.00 -334.00 -1052.00 0
3206 -19.34 8.56 4.03 -87.00 9.00 216.00 494.00 -334.00 -1052.00 0
3215 -18.85 8.90 4.38 -79.00 10.00 215.00 494.00 -334.00 -1052.00 0
3224 -17.88 8.97 4.87 -78.00 10.00 220.00 494.00 -334.00 -1052.00 0
3233 -15.23 9.04 5.43 -79.00 12.00 224.00 494.00 -334.00 -1052.00 0
3243 -13.91 9.18 6.05 -77.00 13.00 222.00 494.00 -334.00 -1052.00 0
3252 -13.22 9.46 6.75 -75.00 7.00 222.00 494.00 -334.00 -1052.00 0
3261 -12.87 10.02 7.37 -79.00 6.00 224.00 494.00 -334.00 -1052.00 0
3270 -12.52 10.71 7.86 -92.00 3.00 230.00 494.00 -334.00 -1052.00 0
3280 -12.38 11.48 8.28 -93.00 2.00 228.00 494.00 -334.00 -1052.00 0
3290 -12.38 12.17 7.79 -92.00 6.00 228.00 494.00 -334.00 -1052.00 0
3299 -11.76 11.69 7.17 -88.00 9.00 230.00 494.00 -334.00 -1052.00 0
3308 -10.64 10.92 6.68 -83.00 15.00 227.00 494.00 -334.00 -1052.00 0
3317 -9.60 10.16 6.47 -77.00 11.00 224.00 494.00 -334.00 -1052.00 0
3326 -8.70 9.53 6.40 -79.00 11.00 215.00 494.00 -334.00 -1052.00 0
3336 -8.07 9.32 6.40 -81.00 7.00 216.00 494.00 -334.00 -1052.00 0
3345 -7.10 9.46 6.26 -80.00 11.00 215.00 494.00 -334.00 -1052.00 0
3354 -6.40 9.81 6.05 -83.00 14.00 222.00 494.00 -334.00 -1052.00 0
3363 -5.77 9.95 5.77 -80.00 18.00 229.00 494.00 -334.00 -1052.00 0
3373 -4.87 9.60 5.50 -74.00 21.00 224.00 494.00 -334.00 -1052.00 0
3382 -4.24 8.83 5.22 -79.00 20.00 236.00 494.00 -334.00 -1052.00 0
3391 -3.76 8.07 5.15 -78.00 23.00 237.00 494.00 -334.00 -1052.00 0
3400 -3.69 6.33 4.80 -76.00 24.00 238.00 494.00 -334.00 -1052.00 0
3408 -3.97 5.22 4.52 -79.00 14.00 257.00 494.00 -334.00 -1052.00 0
3418 -4.73 3.76 3.97 -73.00 15.00 251.00 494.00 -334.00 -1052.00 0
3427 -5.57 1.67 3.20 -62.00 21.00 248.00 494.00 -334.00 -1052.00 0
3436 -6.05 -0.70 2.43 -66.00 22.00 249.00 494.00 -334.00 -1052.00 0
3445 -6.96 -2.92 1.95 -71.00 22.00 238.00 494.00 -334.00 -1052.00 0
3454 -10.99 -7.44 1.32 -82.00 20.00 215.00 494.00 -334.00 -1052.00 0
3464 -13.70 -9.46 1.32 -83.00 4.00 196.00 494.00 -334.00 -1052.00 0
3473 -15.93 -10.92 1.60 -84.00 3.00 195.00 500.00 -330.00 -1115.00 0
3483 -17.11 -12.10 1.95 -113.00 3.00 225.00 500.00 -330.00 -1115.00 0
3492 -18.37 -14.61 1.60 -113.00 -6.00 243.00 500.00 -330.00 -1115.00 0
3502 -19.83 -20.03 -0.21 -106.00 9.00 257.00 500.00 -330.00 -1115.00 0
3511 -17.18 -32.42 -2.92 -94.00 19.00 247.00 500.00 -330.00 -1115.00 0
3520 -15.37 -37.84 -3.83 -84.00 16.00 241.00 500.00 -330.00 -1115.00 0
3529 -14.40 -41.81 -4.31 -85.00 9.00 231.00 500.00 -330.00 -1115.00 0
3538 -13.98 -43.76 -4.38 -77.00 6.00 220.00 477.00 -324.00 -1057.00 0
3548 -13.57 -44.31 -4.03 -65.00 4.00 209.00 477.00 -324.00 -1057.00 0
3557 -12.87 -43.34 -3.48 -54.00 0.00 193.00 477.00 -324.00 -1057.00 0
3566 -10.78 -36.87 -2.23 -48.00 2.00 191.00 477.00 -324.00 -1057.00 0
3575 -9.32 -32.07 -1.88 -43.00 7.00 193.00 477.00 -324.00 -1057.00 0
3585 -8.14 -26.64 -1.60 -48.00 4.00 195.00 477.00 -324.00 -1057.00 0
3594 -7.65 -20.80 -1.53 -52.00 2.00 204.00 477.00 -324.00 -1057.00 0
3603 -7.44 -14.82 -1.67 -69.00 1.00 222.00 473.00 -324.00 -1073.00 0
3612 -7.30 -9.25 -1.67 -80.00 -1.00 236.00 473.00 -324.00 -1073.00 0
3621 -6.61 -2.92 -1.81 -82.00 2.00 243.00 473.00 -324.00 -1073.00 0
3631 -5.22 -2.30 -1.74 -93.00 5.00 246.00 473.00 -324.00 -1073.00 0
3640 -3.48 -2.71 -1.60 -93.00 8.00 247.00 473.00 -324.00 -1073.00 0
3649 -1.67 -3.83 -1.60 -86.00 12.00 237.00 473.00 -324.00 -1073.00 0
3658 0.28 -5.29 -1.67 -75.00 12.00 233.00 473.00 -324.00 -1073.00 0
3667 1.81 -6.33 -1.81 -72.00 8.00 223.00 470.00 -324.00 -1145.00 0
3677 2.37 -6.19 -2.57 -65.00 6.00 217.00 470.00 -324.00 -1145.00 0
3686 2.16 -5.22 -3.27 -56.00 14.00 210.00 470.00 -324.00 -1145.00 0
3695 1.95 -3.97 -3.97 -62.00 13.00 218.00 470.00 -324.00 -1145.00 0
3704 1.60 -2.57 -4.45 -62.00 12.00 224.00 470.00 -324.00 -1145.00 0
3714 1.18 -1.46 -4.87 -61.00 15.00 221.00 470.00 -324.00 -1145.00 0
3723 0.90 -0.83 -5.08 -65.00 14.00 222.00 470.00 -324.00 -1145.00 0
3732 0.70 -0.14 -4.66 -71.00 15.00 236.00 470.00 -327.00 -1003.00 0
3741 0.83 0.56 -4.17 -74.00 17.00 235.00 473.00 -327.00 -1003.00 0
3750 0.97 0.28 -3.55 -79.00 17.00 237.00 473.00 -327.00 -1003.00 0
3760 0.70 -0.28 -3.06 -89.00 11.00 244.00 473.00 -327.00 -1003.00 0
3769 -0.07 -1.39 -2.92 -80.00 14.00 233.00 473.00 -327.00 -1003.00 0
3778 -0.70 -2.99 -3.20 -71.00 17.00 224.00 473.00 -327.00 -1003.00 0
3787 -0.90 -4.66 -3.62 -65.00 14.00 222.00 473.00 -327.00 -1003.00 0
3796 -2.23 -5.57 -4.03 -63.00 12.00 209.00 473.00 -327.00 -1003.00 0
3806 -3.20 -5.01 -4.03 -50.00 12.00 200.00 473.00 -327.00 -1003.00 0
3815 -4.17 -3.97 -3.90 -47.00 7.00 198.00 473.00 -327.00 -1003.00 0
3824 -5.22 -2.23 -3.62 -46.00 7.00 194.00 473.00 -327.00 -1003.00 0
3833 -6.19 0.35 -3.13 -54.00 1.00 194.00 473.00 -327.00 -1003.00 0
3843 -6.75 3.41 -2.50 -54.00 -7.00 189.00 473.00 -327.00 -1003.00 0
3851 -5.15 10.78 -1.25 -48.00 -25.00 172.00 473.00 -327.00 -1003.00 0
3861 -2.30 16.14 -0.77 -43.00 -28.00 155.00 473.00 -327.00 -1003.00 0
3870 2.99 23.72 0.00 -8.00 -39.00 143.00 473.00 -327.00 -1003.00 0
3879 11.55 35.27 1.74 -29.00 -17.00 116.00 473.00 -327.00 -1003.00 0
3889 25.32 57.04 6.05 -64.00 -1.00 139.00 473.00 -327.00 -1003.00 1
3898 39.03 82.37 13.57 -125.00 48.00 174.00 473.00 -327.00 -1003.00 1
3909 53.57 122.64 14.33 -217.00 107.00 359.00 473.00 -327.00 -1003.00 1
3920 49.18 123.97 11.20 -274.00 96.00 452.00 473.00 -327.00 -1003.00 1
3931 25.95 103.23 -1.11 -224.00 106.00 391.00 532.00 -354.00 -1231.00 1
3942 13.29 77.98 -5.22 -155.00 65.00 282.00 532.00 -354.00 -1231.00 1
3953 2.02 50.71 -7.17 -143.00 56.00 245.00 532.00 -354.00 -1231.00 0
3962 -10.37 7.58 -4.03 -120.00 13.00 225.00 532.00 -354.00 -1231.00 0
3972 -15.58 -8.56 -2.71 -109.00 12.00 205.00 532.00 -354.00 -1231.00 0
3981 -18.71 -21.29 -1.25 -98.00 15.00 205.00 532.00 -354.00 -1231.00 0
3990 -20.31 -31.17 -0.35 -83.00 21.00 206.00 532.00 -354.00 -1231.00 0
3999 -20.87 -38.68 0.07 -71.00 17.00 189.00 532.00 -354.00 -1231.00 0
4008 -22.26 -43.69 0.28 -63.00 7.00 185.00 532.00 -354.00 -1231.00 0
4018 -24.77 -47.03 2.57 -62.00 -6.00 174.00 532.00 -354.00 -1231.00 0
4027 -25.67 -45.77 3.69 -64.00 -20.00 176.00 532.00 -354.00 -1231.00 0
4036 -25.11 -43.55 4.45 -66.00 -18.00 170.00 532.00 -354.00 -1231.00 0
4045 -22.75 -40.83 4.87 -67.00 -11.00 175.00 532.00 -354.00 -1231.00 0
4055 -19.20 -38.26 4.80 -65.00 -8.00 189.00 532.00 -354.00 -1231.00 0
4064 -15.17 -35.97 4.03 -85.00 7.00 206.00 495.00 -340.00 -1204.00 0
4073 -5.84 -29.43 1.46 -83.00 18.00 222.00 495.00 -340.00 -1204.00 0
4083 -2.23 -26.78 0.07 -85.00 23.00 239.00 495.00 -340.00 -1204.00 0
4092 0.14 -24.70 -1.25 -91.00 29.00 242.00 495.00 -340.00 -1204.00 0
4102 1.11 -22.68 -2.23 -100.00 24.00 249.00 495.00 -340.00 -1204.00 0
4111 0.97 -20.66 -2.99 -97.00 25.00 248.00 495.00 -340.00 -1204.00 0
4120 0.28 -19.34 -3.48 -86.00 23.00 233.00 495.00 -340.00 -1204.00 0
4129 -1.11 -18.09 -4.24 -76.00 26.00 223.00 486.00 -342.00 -1067.00 0
4139 -1.81 -17.39 -4.52 -68.00 26.00 214.00 486.00 -342.00 -1067.00 0
4148 -2.50 -16.35 -4.59 -64.00 27.00 210.00 486.00 -342.00 -1067.00 0
4157 -3.34 -14.96 -4.31 -61.00 19.00 206.00 486.00 -342.00 -1067.00 0
4166 -4.45 -13.08 -3.90 -67.00 9.00 199.00 486.00 -342.00 -1067.00 0
4175 -5.77 -10.64 -3.48 -67.00 4.00 206.00 486.00 -342.00 -1067.00 0
4185 -7.10 -5.15 -2.71 -79.00 7.00 214.00 486.00 -342.00 -1067.00 0
4194 -6.75 -2.85 -2.37 -79.00 6.00 215.00 489.00 -340.00 -1180.00 0
4203 -5.84 -1.04 -2.02 -88.00 9.00 224.00 489.00 -340.00 -1180.00 0
4212 -4.59 0.21 -1.74 -91.00 8.00 233.00 489.00 -340.00 -1180.00 0
4221 -3.27 1.04 -1.60 -94.00 11.00 238.00 489.00 -340.00 -1180.00 0
4231 -1.88 1.32 -1.74 -93.00 12.00 244.00 489.00 -340.00 -1180.00 0
4240 0.70 -0.07 -2.23 -85.00 20.00 235.00 489.00 -340.00 -1180.00 0
4249 1.53 -1.25 -2.37 -83.00 24.00 230.00 489.00 -340.00 -1180.00 0
4258 2.16 -2.23 -2.37 -75.00 23.00 226.00 487.00 -340.00 -1332.00 0
4268 2.30 -2.92 -2.37 -71.00 22.00 213.00 487.00 -340.00 -1332.00 0
4277 2.02 -2.99 -2.37 -70.00 16.00 213.00 487.00 -340.00 -1332.00 0
4286 1.25 -2.43 -2.50 -73.00 18.00 212.00 487.00 -340.00 -1332.00 0
4295 0.49 -0.07 -2.99 -75.00 17.00 221.00 487.00 -340.00 -1332.00 0
4304 -1.25 1.18 -3.27 -79.00 18.00 224.00 487.00 -340.00 -1332.00 0
4314 -1.74 2.23 -3.41 -84.00 23.00 228.00 487.00 -340.00 -1332.00 0
4323 -2.09 2.85 -3.41 -81.00 19.00 226.00 487.00 -340.00 -1332.00 0
4332 -2.50 3.20 -3.34 -83.00 17.00 230.00 487.00 -340.00 -1332.00 0
4341 -2.64 3.20 -3.20 -93.00 16.00 234.00 487.00 -340.00 -1332.00 0
4350 -2.78 2.99 -3.13 -92.00 14.00 231.00 487.00 -340.00 -1332.00 0
4360 -2.57 0.77 -3.34 -88.00 19.00 231.00 487.00 -340.00 -1332.00 0
4368 -2.09 -0.83 -3.55 -89.00 22.00 227.00 487.00 -340.00 -1332.00 0
4377 -1.81 -2.30 -3.69 -85.00 20.00 227.00 487.00 -340.00 -1332.00 0
4386 -1.88 -3.62 -3.90 -81.00 16.00 224.00 487.00 -340.00 -1332.00 0
4396 -2.02 -4.66 -4.10 -82.00 20.00 226.00 487.00 -340.00 -1332.00 0
4405 -2.43 -5.36 -4.10 -77.00 17.00 223.00 487.00 -340.00 -1332.00 0
4414 -3.13 -6.61 -4.38 -78.00 18.00 224.00 487.00 -340.00 -1332.00 0
4423 -3.20 -7.17 -4.52 -81.00 22.00 222.00 487.00 -340.00 -1332.00 0
4432 -3.13 -7.79 -4.52 -80.00 21.00 234.00 487.00 -340.00 -1332.00 0
4442 -2.85 -8.70 -4.38 -80.00 25.00 235.00 487.00 -340.00 -1332.00 0
4451 -2.64 -9.67 -4.10 -84.00 25.00 232.00 487.00 -340.00 -1332.00 0
4460 -2.64 -10.64 -3.90 -85.00 20.00 234.00 487.00 -340.00 -1332.00 0
4470 -3.62 -13.08 -3.69 -78.00 21.00 225.00 487.00 -340.00 -1332.00 0
4480 -4.24 -14.40 -3.76 -79.00 13.00 227.00 487.00 -340.00 -1332.00 0
4489 -5.15 -15.51 -3.76 -74.00 13.00 221.00 487.00 -340.00 -1332.00 0
4498 -5.98 -16.49 -3.97 -69.00 14.00 213.00 487.00 -340.00 -1332.00 0
4507 -6.61 -17.18 -4.38 -74.00 11.00 221.00 487.00 -340.00 -1332.00 0
4516 -6.89 -17.25 -4.80 -76.00 13.00 226.00 487.00 -340.00 -1332.00 0
4526 -7.37 -17.25 -5.36 -70.00 16.00 224.00 487.00 -340.00 -1332.00 0
4535 -7.51 -17.60 -5.43 -74.00 17.00 229.00 487.00 -340.00 -1332.00 0
4544 -7.79 -18.43 -5.29 -77.00 21.00 206.00 487.00 -340.00 -1332.00 0
4553 -8.07 -19.97 -5.15 -61.00 7.00 217.00 487.00 -340.00 -1332.00 0
4562 -10.30 -25.81 -6.12 -65.00 19.00 221.00 487.00 -340.00 -1332.00 0
4572 -11.41 -30.47 -7.37 -65.00 10.00 231.00 487.00 -340.00 -1332.00 0
4581 -10.92 -34.64 -7.37 -67.00 9.00 224.00 487.00 -340.00 -1332.00 0
4590 -10.78 -34.64 -7.51 -64.00 10.00 225.00 487.00 -340.00 -1332.00 0
4599 -10.78 -33.46 -7.37 -56.00 7.00 224.00 487.00 -340.00 -1332.00 0
4609 -11.34 -31.58 -7.51 -48.00 6.00 215.00 487.00 -340.00 -1332.00 0
4618 -11.34 -29.57 -7.51 -48.00 4.00 207.00 487.00 -340.00 -1332.00 0
4627 -10.78 -26.23 -6.89 -50.00 5.00 209.00 487.00 -340.00 -1332.00 0
4636 -8.28 -17.25 -5.77 -60.00 8.00 222.00 487.00 -340.00 -1332.00 0
4645 -6.89 -12.94 -5.63 -58.00 6.00 221.00 487.00 -340.00 -1332.00 0
4655 -5.91 -9.46 -5.63 -54.00 11.00 217.00 457.00 -327.00 -981.00 0
4664 -5.29 -6.33 -5.84 -55.00 11.00 219.00 457.00 -327.00 -981.00 0
4673 -4.66 -2.78 -5.77 -55.00 6.00 214.00 457.00 -327.00 -981.00 0
4682 -4.03 0.77 -5.50 -52.00 11.00 211.00 457.00 -327.00 -981.00 0
4691 -2.57 7.72 -5.15 -46.00 12.00 203.00 457.00 -327.00 -981.00 0
4701 -1.46 11.76 -4.80 -34.00 20.00 182.00 457.00 -327.00 -981.00 0
4710 -0.56 17.60 -4.31 -25.00 0.00 151.00 457.00 -327.00 -981.00 0
4719 0.83 26.85 -3.41 5.00 -38.00 130.00 477.00 -332.00 -1096.00 0
4728 4.66 41.67 -2.02 -10.00 -24.00 113.00 477.00 -332.00 -1096.00 0
4738 14.75 68.52 1.95 -59.00 0.00 141.00 477.00 -332.00 -1096.00 1
4748 39.58 134.82 12.17 -79.00 20.00 142.00 477.00 -332.00 -1096.00 1
4759 48.21 161.81 15.03 -223.00 115.00 344.00 477.00 -332.00 -1096.00 1
4769 48.00 171.83 15.58 -272.00 61.00 409.00 477.00 -332.00 -1096.00 1
4781 27.06 152.21 5.50 -242.00 95.00 404.00 477.00 -332.00 -1096.00 1
4792 18.64 126.33 2.57 -182.00 44.00 296.00 477.00 -332.00 -1096.00 1
4803 -3.48 61.36 -1.18 -145.00 35.00 239.00 477.00 -332.00 -1096.00 1
4813 -10.57 35.27 -2.37 -121.00 15.00 211.00 477.00 -332.00 -1096.00 0
4823 -16.07 13.36 -3.48 -106.00 44.00 208.00 477.00 -332.00 -1096.00 0
4832 -19.27 -6.89 -3.27 -96.00 15.00 196.00 477.00 -332.00 -1096.00 0
4841 -24.35 -25.74 -3.83 -95.00 15.00 201.00 477.00 -332.00 -1096.00 0
4850 -30.19 -52.87 -6.05 -86.00 13.00 199.00 515.00 -342.00 -1040.00 0
4859 -30.40 -61.22 -6.19 -77.00 7.00 196.00 515.00 -342.00 -1040.00 0
4869 -29.01 -66.50 -5.63 -74.00 7.00 194.00 515.00 -342.00 -1040.00 0
4878 -26.71 -68.59 -4.80 -68.00 3.00 189.00 515.00 -342.00 -1040.00 0
4887 -23.65 -67.83 -3.97 -67.00 0.00 193.00 515.00 -342.00 -1040.00 0
4896 -19.83 -65.11 -2.64 -72.00 2.00 194.00 515.00 -342.00 -1040.00 0
4905 -12.38 -56.21 -0.49 -86.00 1.00 221.00 515.00 -342.00 -1040.00 0
4916 -9.67 -51.76 -0.90 -87.00 1.00 220.00 493.00 -336.00 -945.00 0
4924 -7.86 -48.14 -2.23 -76.00 10.00 222.00 493.00 -336.00 -945.00 0
4933 -5.91 -44.94 -3.69 -73.00 14.00 216.00 493.00 -336.00 -945.00 0
4942 -4.80 -41.18 -5.01 -75.00 14.00 215.00 493.00 -336.00 -945.00 0
4952 -4.52 -36.66 -5.84 -78.00 14.00 220.00 493.00 -336.00 -945.00 0
4961 -4.24 -26.92 -5.70 -76.00 13.00 221.00 493.00 -336.00 -945.00 0
4970 -4.17 -22.47 -5.22 -70.00 16.00 216.00 493.00 -336.00 -945.00 0
4979 -4.10 -18.64 -4.73 -74.00 19.00 215.00 486.00 -336.00 -1029.00 0
4988 -4.03 -15.23 -4.31 -68.00 20.00 213.00 486.00 -336.00 -1029.00 0
4999 -4.10 -12.31 -4.10 -66.00 19.00 209.00 486.00 -336.00 -1029.00 0
5008 -4.24 -9.60 -4.10 -69.00 22.00 216.00 486.00 -336.00 -1029.00 0
5017 -4.24 -4.17 -3.97 -72.00 16.00 225.00 486.00 -336.00 -1029.00 0
5026 -4.24 -2.02 -3.55 -78.00 16.00 228.00 486.00 -336.00 -1029.00 0
5036 -4.31 -0.56 -3.13 -91.00 10.00 232.00 486.00 -336.00 -1029.00 0
5045 -4.24 0.00 -2.64 -88.00 11.00 239.00 486.00 -336.00 -1029.00 0
5053 -3.69 -0.56 -2.30 -88.00 18.00 236.00 486.00 -336.00 -1029.00 0
5062 -2.85 -1.60 -1.95 -80.00 11.00 231.00 486.00 -336.00 -1029.00 0
5071 -2.02 -3.76 -1.32 -76.00 12.00 228.00 486.00 -336.00 -1029.00 0
5081 -1.81 -4.52 -1.39 -71.00 9.00 218.00 486.00 -336.00 -1029.00 0
5090 -1.95 -4.66 -1.46 -65.00 12.00 212.00 486.00 -336.00 -1029.00 0
5099 -1.95 -4.31 -1.46 -68.00 17.00 208.00 486.00 -336.00 -1029.00 0
5108 -2.30 -3.41 -1.60 -77.00 13.00 222.00 486.00 -336.00 -1029.00 0
5117 -2.92 -2.16 -1.74 -90.00 14.00 240.00 486.00 -336.00 -1029.00 0
5127 -3.97 -1.39 -2.37 -90.00 22.00 242.00 486.00 -336.00 -1029.00 0
5136 -4.10 -2.37 -2.64 -91.00 23.00 252.00 486.00 -336.00 -1029.00 0
5145 -4.10 -4.10 -2.85 -87.00 18.00 242.00 486.00 -336.00 -1029.00 0
5154 -4.59 -6.47 -2.99 -86.00 13.00 240.00 486.00 -336.00 -1029.00 0
5164 -5.43 -8.77 -3.13 -79.00 12.00 234.00 486.00 -336.00 -1029.00 0
5173 -5.98 -10.99 -3.20 -71.00 13.00 224.00 486.00 -336.00 -1029.00 0
5182 -6.26 -14.89 -3.83 -66.00 13.00 211.00 486.00 -336.00 -1029.00 0
5191 -6.68 -15.86 -4.17 -56.00 9.00 203.00 486.00 -336.00 -1029.00 0
5200 -6.82 -15.86 -4.31 -56.00 6.00 198.00 486.00 -336.00 -1029.00 0
5210 -6.68 -14.68 -4.24 -57.00 11.00 198.00 486.00 -336.00 -1029.00 0
5220 -6.33 -12.45 -4.03 -65.00 15.00 213.00 486.00 -336.00 -1029.00 0
5229 -5.57 -9.53 -3.83 -80.00 17.00 234.00 486.00 -336.00 -1029.00 0
5238 -4.59 -4.87 -3.06 -85.00 15.00 247.00 486.00 -336.00 -1029.00 0
5248 -3.41 -4.24 -2.92 -96.00 18.00 254.00 486.00 -336.00 -1029.00 0
5257 -2.92 -5.01 -2.85 -89.00 19.00 253.00 486.00 -336.00 -1029.00 0
5266 -2.43 -7.17 -2.92 -78.00 19.00 239.00 486.00 -336.00 -1029.00 0
5275 -2.02 -10.02 -3.13 -70.00 17.00 231.00 486.00 -336.00 -1029.00 0
5284 -2.16 -12.45 -3.34 -65.00 13.00 221.00 486.00 -336.00 -1029.00 0
5294 -2.85 -13.70 -3.20 -59.00 9.00 213.00 486.00 -336.00 -1029.00 0
5303 -4.17 -13.70 -3.34 -60.00 9.00 210.00 486.00 -336.00 -1029.00 0
5312 -4.94 -12.38 -3.55 -60.00 10.00 217.00 486.00 -336.00 -1029.00 0
5321 -5.70 -10.71 -3.76 -67.00 14.00 225.00 486.00 -336.00 -1029.00 0
5330 -6.12 -9.18 -3.90 -67.00 16.00 229.00 486.00 -336.00 -1029.00 0
5340 -6.33 -8.21 -3.97 -78.00 12.00 236.00 486.00 -336.00 -1029.00 0
5349 -6.40 -7.79 -3.69 -75.00 11.00 237.00 486.00 -336.00 -1029.00 0
5358 -5.98 -8.42 -3.48 -75.00 15.00 233.00 486.00 -336.00 -1029.00 0
5367 -5.43 -9.25 -3.34 -74.00 12.00 232.00 486.00 -336.00 -1029.00 0
5377 -5.01 -10.16 -3.27 -67.00 9.00 229.00 467.00 -327.00 -1004.00 0
5386 -4.66 -10.78 -3.34 -66.00 13.00 230.00 467.00 -327.00 -1004.00 0
5395 -4.38 -11.13 -3.55 -61.00 17.00 221.00 467.00 -327.00 -1004.00 0
5404 -4.17 -11.27 -3.83 -54.00 16.00 213.00 467.00 -327.00 -1004.00 0
5413 -4.45 -9.81 -3.97 -56.00 9.00 215.00 467.00 -327.00 -1004.00 0
5423 -4.87 -8.14 -3.76 -54.00 10.00 211.00 467.00 -327.00 -1004.00 0
5432 -5.08 -6.05 -3.55 -56.00 12.00 209.00 467.00 -327.00 -1004.00 0
5441 -5.01 -3.69 -3.20 -65.00 5.00 224.00 466.00 -329.00 -1027.00 0
5450 -4.87 -1.32 -2.78 -70.00 9.00 229.00 466.00 -329.00 -1027.00 0
5459 -4.66 0.56 -2.50 -67.00 11.00 223.00 466.00 -329.00 -1027.00 0
5469 -3.20 2.50 -2.30 -68.00 16.00 230.00 466.00 -329.00 -1027.00 0
5478 -2.43 3.20 -2.09 -64.00 14.00 226.00 466.00 -329.00 -1027.00 0
5487 -2.23 4.17 -1.95 -61.00 7.00 218.00 466.00 -329.00 -1027.00 0
5496 -2.23 5.43 -1.88 -56.00 8.00 207.00 466.00 -329.00 -1027.00 0
5505 -2.09 6.96 -1.95 -54.00 10.00 196.00 473.00 -328.00 -989.00 0
5514 -1.74 9.04 -2.02 -36.00 6.00 179.00 473.00 -328.00 -989.00 0
5523 0.42 16.00 -1.46 -24.00 4.00 151.00 473.00 -328.00 -989.00 0
5532 2.71 22.05 -0.35 -16.00 -3.00 125.00 473.00 -328.00 -989.00 0
5541 5.57 31.30 1.11 -12.00 -5.00 103.00 473.00 -328.00 -989.00 0
5551 8.90 44.38 2.57 -20.00 -5.00 92.00 473.00 -328.00 -989.00 1
5561 12.94 61.43 3.90 -77.00 15.00 205.00 473.00 -328.00 -989.00 1
5572 20.73 99.27 6.19 -203.00 62.00 348.00 518.00 -345.00 -922.00 1
5583 20.94 112.28 5.29 -257.00 54.00 451.00 518.00 -345.00 -922.00 1
5594 17.88 116.03 3.13 -251.00 53.00 417.00 518.00 -345.00 -922.00 1
5605 5.22 81.32 -1.74 -188.00 57.00 324.00 518.00 -345.00 -922.00 1
5615 0.83 52.59 -3.48 -139.00 53.00 277.00 518.00 -345.00 -922.00 0
5624 -1.39 24.90 -4.10 -112.00 17.00 226.00 518.00 -345.00 -922.00 0
5634 -4.73 1.18 -2.64 -98.00 14.00 218.00 518.00 -345.00 -922.00 0
5643 -10.16 -32.14 -1.74 -82.00 10.00 206.00 518.00 -345.00 -922.00 0
5652 -13.08 -41.67 -1.81 -71.00 13.00 193.00 518.00 -345.00 -922.00 0
5661 -15.30 -47.44 -1.60 -56.00 18.00 179.00 518.00 -345.00 -922.00 0
5670 -16.49 -50.43 -0.83 -42.00 18.00 163.00 518.00 -345.00 -922.00 0
5680 -16.90 -50.92 0.63 -37.00 10.00 157.00 518.00 -345.00 -922.00 0
5689 -16.42 -49.32 3.76 -31.00 1.00 154.00 518.00 -345.00 -922.00 0
5698 -14.05 -40.77 4.94 -45.00 0.00 161.00 518.00 -345.00 -922.00 0
5707 -12.38 -34.37 5.63 -66.00 1.00 193.00 488.00 -338.00 -1055.00 0
5716 -10.92 -27.97 5.43 -83.00 3.00 220.00 488.00 -338.00 -1055.00 0
5726 -9.81 -22.68 4.45 -86.00 8.00 229.00 488.00 -338.00 -1055.00 0
5735 -8.49 -19.20 3.13 -96.00 6.00 242.00 488.00 -338.00 -1055.00 0
5744 -7.10 -16.97 1.88 -110.00 2.00 259.00 488.00 -338.00 -1055.00 0
5753 -3.83 -15.30 -0.63 -106.00 15.00 257.00 488.00 -338.00 -1055.00 0
5764 -1.67 -16.14 -1.74 -92.00 19.00 241.00 488.00 -338.00 -1055.00 0
5773 0.14 -17.67 -2.43 -74.00 26.00 228.00 488.00 -338.00 -1055.00 0
5782 0.83 -18.99 -3.20 -65.00 17.00 213.00 488.00 -338.00 -1055.00 0
5791 -0.14 -18.92 -3.62 -61.00 23.00 206.00 488.00 -338.00 -1055.00 0
5800 -0.63 -18.02 -3.55 -56.00 22.00 205.00 488.00 -338.00 -1055.00 0
5810 -3.13 -13.77 -4.03 -56.00 24.00 202.00 488.00 -338.00 -1055.00 0
5819 -4.24 -10.92 -4.10 -60.00 19.00 206.00 488.00 -338.00 -1055.00 0
5828 -5.08 -7.86 -3.69 -71.00 16.00 216.00 488.00 -338.00 -1055.00 0
5837 -5.70 -4.73 -3.06 -83.00 10.00 234.00 488.00 -338.00 -1055.00 0
5847 -5.91 -2.30 -2.43 -91.00 15.00 241.00 488.00 -338.00 -1055.00 0
5856 -5.63 -1.25 -1.95 -91.00 11.00 250.00 488.00 -338.00 -1055.00 0
5865 -4.24 -2.64 -1.32 -97.00 15.00 252.00 488.00 -338.00 -1055.00 0
5874 -3.34 -4.52 -1.32 -85.00 15.00 246.00 488.00 -338.00 -1055.00 0
5883 -2.57 -7.10 -1.39 -76.00 12.00 224.00 488.00 -338.00 -1055.00 0
5893 -2.09 -9.46 -1.60 -68.00 15.00 214.00 488.00 -338.00 -1055.00 0
5902 -1.74 -10.85 -1.88 -64.00 13.00 213.00 475.00 -337.00 -1223.00 0
5911 -1.53 -11.20 -2.16 -56.00 15.00 209.00 475.00 -337.00 -1223.00 0
5920 -1.60 -9.81 -2.50 -60.00 16.00 207.00 475.00 -337.00 -1223.00 0
5929 -1.88 -8.21 -2.43 -64.00 17.00 215.00 475.00 -337.00 -1223.00 0
5939 -2.02 -6.33 -2.43 -70.00 20.00 226.00 475.00 -337.00 -1223.00 0
5948 -2.09 -4.66 -2.30 -80.00 24.00 232.00 475.00 -337.00 -1223.00 0
5957 -2.30 -3.48 -2.30 -81.00 20.00 236.00 475.00 -337.00 -1223.00 0
5966 -2.85 -2.78 -2.16 -85.00 18.00 240.00 477.00 -334.00 -881.00 0
5976 -4.10 -2.99 -2.02 -78.00 11.00 235.00 477.00 -334.00 -881.00 0
5985 -4.38 -3.62 -2.02 -80.00 12.00 237.00 477.00 -334.00 -881.00 0
5994 -4.38 -4.45 -2.23 -78.00 11.00 236.00 477.00 -334.00 -881.00 0
6003 -4.31 -5.29 -2.57 -78.00 13.00 231.00 477.00 -334.00 -881.00 0
6012 -4.45 -6.26 -2.99 -74.00 13.00 228.00 477.00 -334.00 -881.00 0
6021 -4.59 -7.51 -3.55 -68.00 19.00 225.00 477.00 -334.00 -881.00 0
6030 -4.38 -9.88 -4.45 -64.00 19.00 216.00 471.00 -332.00 -1130.00 0
6039 -3.76 -10.37 -4.45 -60.00 18.00 213.00 471.00 -332.00 -1130.00 0
6048 -3.41 -10.09 -4.17 -59.00 20.00 206.00 471.00 -332.00 -1130.00 0
6059 -2.99 -9.25 -3.76 -64.00 20.00 211.00 471.00 -332.00 -1130.00 0
6068 -2.71 -8.14 -3.34 -69.00 17.00 224.00 471.00 -332.00 -1130.00 0
6077 -2.64 -6.96 -3.06 -76.00 17.00 234.00 471.00 -332.00 -1130.00 0
6086 -2.92 -5.98 -3.34 -78.00 15.00 237.00 471.00 -332.00 -1130.00 0
6094 -3.41 -5.50 -3.62 -77.00 15.00 239.00 471.00 -334.00 -1217.00 0
6104 -3.48 -5.70 -3.83 -72.00 18.00 235.00 469.00 -334.00 -1217.00 0
6113 -3.41 -5.98 -3.90 -64.00 16.00 223.00 469.00 -334.00 -1217.00 0
6122 -3.27 -6.12 -3.76 -61.00 17.00 218.00 469.00 -334.00 -1217.00 0
6131 -3.13 -5.98 -3.55 -61.00 14.00 213.00 469.00 -334.00 -1217.00 0
6140 -3.06 -5.36 -3.27 -54.00 11.00 206.00 469.00 -334.00 -1217.00 0
6150 -2.85 -2.78 -2.50 -60.00 11.00 205.00 469.00 -334.00 -1217.00 0
6159 -2.37 -0.83 -2.09 -62.00 12.00 214.00 469.00 -334.00 -1217.00 0
6168 -1.53 1.32 -1.74 -65.00 14.00 220.00 469.00 -334.00 -1217.00 0
6177 -0.70 3.48 -1.39 -73.00 12.00 230.00 469.00 -334.00 -1217.00 0
6187 0.14 5.15 -1.11 -78.00 8.00 237.00 469.00 -334.00 -1217.00 0
6196 1.04 6.26 -0.90 -92.00 10.00 253.00 469.00 -334.00 -1217.00 0
6205 2.92 5.84 -1.04 -89.00 18.00 251.00 469.00 -334.00 -1217.00 0
6214 4.03 3.62 -1.46 -78.00 31.00 243.00 469.00 -334.00 -1217.00 0
6223 4.94 1.04 -1.67 -77.00 24.00 240.00 469.00 -334.00 -1217.00 0
6233 4.87 -0.97 -1.74 -76.00 22.00 234.00 473.00 -340.00 -841.00 0
6242 4.03 -2.50 -1.95 -64.00 26.00 230.00 473.00 -340.00 -841.00 0
6251 3.20 -3.76 -2.23 -64.00 29.00 219.00 473.00 -340.00 -841.00 0
6260 0.77 -4.73 -2.71 -60.00 21.00 215.00 473.00 -340.00 -841.00 0
6269 -0.63 -4.59 -2.92 -60.00 24.00 215.00 473.00 -340.00 -841.00 0
6279 -1.81 -4.10 -3.06 -66.00 19.00 223.00 473.00 -340.00 -841.00 0
6288 -2.71 -3.62 -3.06 -71.00 20.00 225.00 473.00 -340.00 -841.00 0
6297 -3.48 -3.13 -2.92 -69.00 20.00 229.00 473.00 -340.00 -841.00 0
6306 -3.83 -2.64 -2.78 -76.00 13.00 230.00 473.00 -340.00 -841.00 0
6316 -4.10 -2.23 -2.30 -84.00 9.00 235.00 473.00 -340.00 -841.00 0
6325 -4.73 -2.09 -2.37 -74.00 16.00 237.00 473.00 -340.00 -841.00 0
6334 -4.45 -2.78 -2.78 -71.00 17.00 230.00 473.00 -340.00 -841.00 0
6343 -4.10 -3.55 -3.13 -69.00 18.00 221.00 473.00 -340.00 -841.00 0
6352 -3.83 -3.97 -3.41 -63.00 19.00 216.00 473.00 -340.00 -841.00 0
6362 -3.62 -3.97 -3.48 -58.00 14.00 208.00 469.00 -337.00 -1177.00 0
6371 -3.34 -3.48 -3.55 -54.00 13.00 201.00 469.00 -337.00 -1177.00 0
6380 -2.57 -0.28 -3.83 -55.00 15.00 209.00 469.00 -337.00 -1177.00 0
6389 -1.81 2.30 -3.97 -61.00 21.00 212.00 469.00 -337.00 -1177.00 0
6398 -0.97 5.15 -3.90 -58.00 17.00 202.00 469.00 -337.00 -1177.00 0
6408 -0.35 8.07 -3.55 -54.00 8.00 190.00 469.00 -337.00 -1177.00 0
6416 0.70 11.41 -3.06 -46.00 -11.00 166.00 469.00 -337.00 -1177.00 0
6425 2.85 16.14 -2.37 -12.00 -27.00 157.00 485.00 -342.00 -947.00 0
6434 14.68 35.97 0.70 -18.00 -3.00 121.00 485.00 -342.00 -947.00 0
6444 25.81 55.72 4.87 -19.00 11.00 108.00 485.00 -342.00 -947.00 0
6453 35.97 77.77 8.77 -29.00 47.00 123.00 485.00 -342.00 -947.00 1
6463 44.31 100.87 11.69 -86.00 74.00 152.00 485.00 -342.00 -947.00 1
6474 48.42 122.85 15.44 -197.00 98.00 311.00 485.00 -342.00 -947.00 1
6484 38.12 140.87 12.45 -256.00 70.00 392.00 485.00 -342.00 -947.00 1
6495 28.31 138.57 8.42 -311.00 92.00 451.00 485.00 -342.00 -947.00 1
6506 19.20 124.17 1.11 -239.00 74.00 375.00 485.00 -342.00 -947.00 1
6516 -0.35 59.27 -2.16 -169.00 78.00 269.00 485.00 -342.00 -947.00 1
6526 -6.68 25.60 -3.06 -121.00 37.00 218.00 485.00 -342.00 -947.00 0
6536 -13.01 -2.64 -3.27 -106.00 1.00 193.00 485.00 -342.00 -947.00 0
6545 -18.78 -23.86 -2.37 -94.00 5.00 185.00 485.00 -342.00 -947.00 0
6554 -21.98 -48.49 -0.21 -82.00 20.00 192.00 485.00 -342.00 -947.00 0
6563 -21.50 -55.37 -0.70 -68.00 27.00 185.00 485.00 -342.00 -947.00 0
6573 -21.91 -58.99 -0.77 -63.00 10.00 174.00 485.00 -342.00 -947.00 0
6582 -22.68 -60.17 0.07 -57.00 6.00 164.00 485.00 -342.00 -947.00 0
6591 -22.82 -59.41 1.18 -58.00 4.00 168.00 485.00 -342.00 -947.00 0
6600 -22.12 -56.97 1.81 -62.00 7.00 178.00 485.00 -342.00 -947.00 0
6609 -17.95 -49.46 1.74 -60.00 14.00 184.00 485.00 -342.00 -947.00 0
6619 -15.79 -45.43 0.97 -62.00 22.00 188.00 485.00 -342.00 -947.00 0
6628 -13.29 -41.39 0.00 -65.00 23.00 194.00 485.00 -342.00 -947.00 0
6637 -10.85 -36.80 -1.04 -69.00 25.00 201.00 485.00 -342.00 -947.00 0
6646 -8.77 -31.72 -1.88 -82.00 25.00 219.00 485.00 -342.00 -947.00 0
6656 -6.96 -26.30 -2.37 -93.00 22.00 238.00 485.00 -342.00 -947.00 0
6665 -5.50 -16.83 -2.99 -103.00 25.00 247.00 485.00 -342.00 -947.00 0
6674 -5.57 -14.26 -3.34 -99.00 26.00 248.00 485.00 -342.00 -947.00 0
6683 -5.84 -13.70 -3.83 -94.00 29.00 238.00 485.00 -342.00 -947.00 0
6692 -6.05 -14.19 -4.31 -84.00 29.00 225.00 493.00 -349.00 -1312.00 0
6702 -6.19 -14.75 -4.52 -85.00 23.00 226.00 493.00 -349.00 -1312.00 0
6711 -6.40 -14.96 -4.45 -82.00 19.00 220.00 493.00 -349.00 -1312.00 0
6720 -6.61 -15.23 -4.80 -68.00 27.00 211.00 493.00 -349.00 -1312.00 0
6729 -6.47 -15.17 -5.01 -66.00 29.00 202.00 493.00 -349.00 -1312.00 0
6738 -6.33 -14.33 -4.87 -64.00 22.00 201.00 493.00 -349.00 -1312.00 0
6748 -6.26 -12.52 -4.45 -68.00 15.00 209.00 493.00 -349.00 -1312.00 0
6757 -5.98 -10.23 -3.90 -70.00 26.00 213.00 493.00 -349.00 -1312.00 0
6766 -5.22 -8.00 -3.27 -79.00 25.00 221.00 493.00 -349.00 -1312.00 0
6775 -3.76 -4.17 -2.09 -95.00 23.00 241.00 493.00 -349.00 -1312.00 0
6785 -3.55 -2.92 -1.74 -99.00 25.00 250.00 493.00 -349.00 -1312.00 0
6794 -3.69 -2.99 -1.88 -100.00 24.00 253.00 493.00 -349.00 -1312.00 0
6803 -3.90 -4.38 -2.30 -93.00 23.00 247.00 493.00 -349.00 -1312.00 0
6812 -4.31 -6.61 -2.71 -85.00 22.00 228.00 493.00 -349.00 -1312.00 0
6821 -4.94 -9.18 -3.20 -73.00 16.00 219.00 493.00 -349.00 -1312.00 0
6831 -5.57 -12.24 -4.10 -68.00 18.00 210.00 493.00 -349.00 -1312.00 0
6840 -5.15 -12.38 -4.31 -63.00 27.00 206.00 493.00 -349.00 -1312.00 0
6849 -4.87 -11.76 -4.38 -60.00 22.00 203.00 493.00 -349.00 -1312.00 0
6858 -5.01 -10.50 -4.17 -63.00 23.00 205.00 493.00 -349.00 -1312.00 0
6867 -5.22 -8.56 -3.97 -66.00 23.00 213.00 493.00 -349.00 -1312.00 0
6877 -5.29 -6.40 -3.62 -80.00 29.00 224.00 493.00 -349.00 -1312.00 0
6886 -4.73 -3.06 -2.99 -86.00 32.00 237.00 482.00 -345.00 -1193.00 0
6895 -4.52 -2.50 -2.78 -97.00 29.00 252.00 482.00 -345.00 -1193.00 0
6904 -4.45 -2.99 -2.64 -94.00 27.00 249.00 482.00 -345.00 -1193.00 0
6914 -4.52 -4.59 -2.64 -79.00 26.00 234.00 482.00 -345.00 -1193.00 0
6923 -4.59 -6.82 -2.71 -74.00 17.00 225.00 482.00 -345.00 -1193.00 0
6932 -4.73 -8.77 -2.71 -69.00 16.00 223.00 482.00 -345.00 -1193.00 0
6941 -4.87 -10.43 -2.78 -65.00 19.00 215.00 482.00 -345.00 -1193.00 0
6950 -4.73 -10.50 -2.85 -61.00 21.00 210.00 478.00 -344.00 -1145.00 0
6960 -5.01 -9.95 -2.92 -66.00 14.00 219.00 478.00 -344.00 -1145.00 0
6969 -5.43 -8.97 -2.99 -66.00 20.00 213.00 478.00 -344.00 -1145.00 0
6978 -5.70 -7.86 -3.13 -71.00 26.00 218.00 478.00 -344.00 -1145.00 0
6987 -5.77 -6.75 -3.20 -77.00 23.00 233.00 478.00 -344.00 -1145.00 0
6996 -5.84 -4.94 -3.06 -83.00 23.00 239.00 478.00 -344.00 -1145.00 0
7006 -5.63 -5.15 -3.06 -78.00 28.00 232.00 478.00 -344.00 -1145.00 0
7015 -5.22 -5.98 -2.92 -80.00 26.00 233.00 476.00 -344.00 -992.00 0
7024 -5.01 -6.96 -2.78 -76.00 21.00 235.00 476.00 -344.00 -992.00 0
7033 -5.08 -7.93 -2.78 -70.00 23.00 228.00 476.00 -344.00 -992.00 0
7043 -5.36 -8.83 -2.99 -65.00 22.00 218.00 476.00 -344.00 -992.00 0
7052 -5.84 -9.32 -3.20 -63.00 18.00 213.00 476.00 -344.00 -992.00 0
7061 -7.17 -8.14 -3.34 -64.00 14.00 208.00 476.00 -344.00 -992.00 0
7070 -7.44 -6.75 -3.34 -58.00 11.00 205.00 476.00 -344.00 -992.00 0
7079 -7.30 -5.01 -3.27 -66.00 14.00 211.00 475.00 -341.00 -1109.00 0
7089 -6.75 -2.92 -3.20 -72.00 18.00 223.00 475.00 -341.00 -1109.00 0
7098 -5.84 -0.97 -3.13 -72.00 18.00 228.00 475.00 -341.00 -1109.00 0
7107 -4.87 0.49 -3.06 -77.00 19.00 230.00 475.00 -341.00 -1109.00 0
7116 -3.06 2.02 -2.71 -77.00 22.00 233.00 475.00 -341.00 -1109.00 0
7126 -2.16 2.16 -2.43 -81.00 28.00 241.00 475.00 -341.00 -1109.00 0
7135 -1.32 1.88 -2.09 -82.00 27.00 237.00 475.00 -341.00 -1109.00 0
7144 -0.90 1.18 -1.88 -68.00 27.00 226.00 475.00 -341.00 -1109.00 0
7153 -0.97 0.28 -1.67 -62.00 22.00 215.00 475.00 -341.00 -1109.00 0
7162 -1.39 -0.28 -1.60 -63.00 15.00 213.00 475.00 -341.00 -1109.00 0
7172 -2.16 0.56 -1.39 -66.00 17.00 214.00 475.00 -341.00 -1109.00 0
7181 -2.37 1.60 -1.46 -69.00 16.00 214.00 475.00 -341.00 -1109.00 0
7190 -2.37 2.85 -1.60 -70.00 16.00 215.00 475.00 -341.00 -1109.00 0
7199 -2.37 4.24 -1.74 -69.00 16.00 220.00 475.00 -341.00 -1109.00 0
7208 -2.30 5.77 -1.88 -71.00 20.00 223.00 475.00 -341.00 -1109.00 0
7218 -2.09 7.23 -2.09 -79.00 22.00 226.00 475.00 -341.00 -1109.00 0
7227 -1.32 9.46 -2.23 -82.00 26.00 229.00 475.00 -341.00 -1109.00 0
7236 -1.04 10.09 -2.30 -81.00 26.00 232.00 475.00 -341.00 -1109.00 0
7245 -0.83 10.16 -2.37 -72.00 27.00 229.00 475.00 -341.00 -1109.00 0
7255 -0.49 9.81 -2.23 -70.00 28.00 223.00 475.00 -341.00 -1109.00 0
7264 -0.21 9.60 -1.95 -69.00 26.00 212.00 475.00 -341.00 -1109.00 0
7273 -0.14 9.74 -1.60 -65.00 18.00 200.00 475.00 -341.00 -1109.00 0
7282 0.14 12.94 -0.83 -51.00 12.00 185.00 475.00 -341.00 -1109.00 0
7291 1.04 16.83 -0.56 -40.00 11.00 161.00 475.00 -341.00 -1109.00 0
7301 2.92 22.96 0.00 -24.00 1.00 126.00 475.00 -341.00 -1109.00 0
7310 6.12 32.28 0.90 -1.00 1.00 94.00 475.00 -341.00 -1109.00 0
7319 10.92 45.70 2.50 1.00 -4.00 82.00 475.00 -341.00 -1109.00 0
7328 17.81 64.70 5.29 -32.00 24.00 99.00 475.00 -341.00 -1109.00 1
7339 34.57 118.68 13.98 -128.00 53.00 243.00 475.00 -341.00 -1109.00 1
7350 34.99 137.39 15.17 -239.00 83.00 327.00 475.00 -341.00 -1109.00 1
7361 31.44 143.65 12.31 -312.00 87.00 442.00 475.00 -341.00 -1109.00 1
7371 19.69 129.32 2.37 -302.00 94.00 442.00 475.00 -341.00 -1109.00 1
7383 11.76 100.31 -1.18 -222.00 82.00 329.00 475.00 -341.00 -1109.00 1
7394 -1.39 35.69 -3.13 -127.00 51.00 218.00 475.00 -341.00 -1109.00 1
7404 -7.30 10.23 -2.85 -103.00 18.00 189.00 475.00 -341.00 -1109.00 1
7415 -11.97 -7.44 -0.97 -119.00 8.00 189.00 475.00 -341.00 -1109.00 0
7425 -14.82 -17.25 1.32 -119.00 10.00 203.00 475.00 -341.00 -1109.00 0
7434 -18.99 -33.18 0.56 -111.00 14.00 216.00 475.00 -341.00 -1109.00 0
7443 -19.97 -42.78 -1.95 -116.00 36.00 232.00 475.00 -341.00 -1109.00 0
7452 -19.97 -52.80 -3.90 -99.00 48.00 219.00 475.00 -341.00 -1109.00 0
7461 -20.17 -62.19 -5.50 -86.00 43.00 202.00 475.00 -341.00 -1109.00 0
7472 -21.22 -69.43 -6.33 -78.00 31.00 191.00 475.00 -341.00 -1109.00 0
7481 -22.47 -74.30 -4.10 -73.00 24.00 185.00 475.00 -341.00 -1109.00 0
7490 -21.98 -72.21 -1.95 -65.00 16.00 178.00 475.00 -341.00 -1109.00 0
7499 -20.80 -67.90 0.21 -63.00 11.00 174.00 475.00 -341.00 -1109.00 0
7508 -18.92 -62.40 1.95 -55.00 13.00 178.00 475.00 -341.00 -1109.00 0
7518 -16.35 -56.42 2.92 -51.00 15.00 174.00 475.00 -341.00 -1109.00 0
7527 -13.84 -49.88 3.27 -55.00 9.00 179.00 475.00 -341.00 -1109.00 0
7536 -11.13 -34.16 2.43 -85.00 4.00 216.00 475.00 -341.00 -1109.00 0
7545 -10.85 -26.78 1.32 -100.00 16.00 234.00 498.00 -352.00 -1279.00 0
7555 -10.92 -22.05 -0.35 -96.00 22.00 247.00 498.00 -352.00 -1279.00 0
7564 -10.85 -21.08 -2.09 -97.00 23.00 243.00 498.00 -352.00 -1279.00 0
7573 -10.37 -21.36 -3.20 -100.00 22.00 236.00 498.00 -352.00 -1279.00 0
7583 -9.11 -21.84 -3.48 -94.00 21.00 232.00 498.00 -352.00 -1279.00 0
7592 -6.12 -23.65 -3.76 -78.00 28.00 219.00 498.00 -352.00 -1279.00 0
7602 -4.87 -24.35 -4.03 -67.00 29.00 209.00 498.00 -352.00 -1279.00 0
7611 -4.17 -24.28 -4.31 -63.00 28.00 204.00 498.00 -352.00 -1279.00 0
7620 -4.03 -23.17 -4.38 -69.00 27.00 207.00 498.00 -352.00 -1279.00 0
7629 -4.31 -20.94 -4.17 -64.00 20.00 212.00 498.00 -352.00 -1279.00 0
7639 -4.73 -18.37 -3.83 -63.00 29.00 205.00 498.00 -352.00 -1279.00 0
7648 -5.15 -13.08 -3.34 -68.00 25.00 214.00 498.00 -352.00 -1279.00 0
7657 -5.36 -9.88 -2.85 -86.00 20.00 230.00 498.00 -352.00 -1279.00 0
7666 -5.70 -6.96 -2.50 -90.00 15.00 236.00 498.00 -352.00 -1279.00 0
7675 -5.91 -5.57 -2.57 -86.00 21.00 239.00 498.00 -352.00 -1279.00 0
7685 -5.63 -5.50 -2.71 -93.00 22.00 243.00 498.00 -352.00 -1279.00 0
7694 -5.15 -6.19 -2.78 -91.00 24.00 241.00 498.00 -352.00 -1279.00 0
7703 -4.17 -9.11 -2.85 -79.00 17.00 235.00 498.00 -352.00 -1279.00 0
7712 -3.76 -10.78 -2.92 -72.00 22.00 218.00 498.00 -352.00 -1279.00 0
7721 -3.55 -11.83 -3.13 -64.00 28.00 212.00 498.00 -352.00 -1279.00 0
7731 -3.62 -11.90 -3.34 -61.00 24.00 209.00 498.00 -352.00 -1279.00 0
7740 -3.97 -10.99 -3.48 -63.00 24.00 213.00 478.00 -345.00 -950.00 0
7749 -4.52 -9.46 -3.55 -61.00 28.00 211.00 478.00 -345.00 -950.00 0
7758 -5.70 -5.36 -3.48 -64.00 23.00 212.00 478.00 -345.00 -950.00 0
7768 -6.12 -2.99 -3.27 -70.00 22.00 216.00 478.00 -345.00 -950.00 0
7777 -6.47 -0.77 -2.99 -80.00 13.00 234.00 478.00 -345.00 -950.00 0
7786 -6.68 1.04 -2.85 -88.00 16.00 237.00 478.00 -345.00 -950.00 0
7795 -6.61 2.09 -2.99 -87.00 18.00 236.00 478.00 -345.00 -950.00 0
7804 -6.26 2.16 -3.27 -91.00 21.00 242.00 482.00 -343.00 -1058.00 0
7814 -5.01 0.42 -3.27 -93.00 23.00 243.00 482.00 -343.00 -1058.00 0
7823 -4.24 -1.04 -3.06 -84.00 22.00 236.00 482.00 -343.00 -1058.00 0
7832 -3.34 -2.92 -2.78 -75.00 24.00 224.00 482.00 -343.00 -1058.00 0
7841 -2.57 -4.45 -2.64 -66.00 26.00 216.00 482.00 -343.00 -1058.00 0
7851 -2.16 -5.43 -2.50 -64.00 27.00 211.00 482.00 -343.00 -1058.00 0
7860 -2.09 -5.70 -2.30 -65.00 22.00 213.00 482.00 -343.00 -1058.00 0
7869 -2.37 -4.17 -2.09 -66.00 23.00 209.00 480.00 -345.00 -975.00 0
7878 -3.69 -2.99 -2.23 -66.00 24.00 215.00 480.00 -345.00 -975.00 0
7886 -4.17 -1.60 -2.37 -86.00 15.00 237.00 480.00 -345.00 -975.00 0
7896 -4.73 -0.42 -2.37 -89.00 23.00 243.00 480.00 -345.00 -975.00 0
7905 -5.36 -0.42 -2.64 -90.00 28.00 248.00 480.00 -345.00 -975.00 0
7914 -5.63 -1.39 -2.99 -85.00 26.00 240.00 480.00 -345.00 -975.00 0
7923 -5.98 -2.99 -3.20 -80.00 17.00 233.00 480.00 -345.00 -975.00 0
7932 -6.82 -6.75 -3.34 -69.00 18.00 219.00 477.00 -341.00 -1276.00 0
7942 -6.82 -8.00 -3.34 -64.00 20.00 214.00 477.00 -341.00 -1276.00 0
7951 -6.47 -8.56 -3.27 -60.00 18.00 207.00 477.00 -341.00 -1276.00 0
7960 -6.12 -8.28 -3.13 -58.00 16.00 203.00 477.00 -341.00 -1276.00 0
7969 -5.84 -7.17 -2.99 -65.00 16.00 207.00 477.00 -341.00 -1276.00 0
7979 -5.70 -5.22 -2.85 -79.00 12.00 230.00 477.00 -341.00 -1276.00 0
7988 -5.70 -1.53 -3.13 -81.00 18.00 234.00 477.00 -341.00 -1276.00 0
7997 -5.43 -1.18 -3.69 -93.00 20.00 245.00 477.00 -341.00 -1276.00 0
8006 -5.22 -1.46 -4.31 -99.00 23.00 250.00 477.00 -341.00 -1276.00 0
8015 -5.01 -2.85 -4.94 -85.00 23.00 244.00 477.00 -341.00 -1276.00 0
8025 -4.87 -5.08 -5.63 -78.00 26.00 237.00 477.00 -341.00 -1276.00 0
8034 -4.66 -7.44 -6.19 -69.00 24.00 230.00 477.00 -341.00 -1276.00 0
8043 -4.52 -10.85 -6.89 -62.00 28.00 225.00 477.00 -341.00 -1276.00 0
8052 -4.87 -11.55 -6.89 -55.00 28.00 211.00 477.00 -341.00 -1276.00 0
8061 -5.70 -11.41 -6.75 -49.00 23.00 200.00 477.00 -341.00 -1276.00 0
8071 -7.10 -10.30 -6.61 -49.00 19.00 199.00 477.00 -341.00 -1276.00 0
8080 -8.35 -8.07 -6.26 -50.00 18.00 199.00 477.00 -341.00 -1276.00 0
8089 -9.39 -5.08 -5.70 -55.00 6.00 205.00 477.00 -341.00 -1276.00 0
8098 -10.50 2.02 -4.52 -69.00 4.00 216.00 477.00 -341.00 -1276.00 0
8108 -10.37 5.08 -4.17 -85.00 -1.00 234.00 477.00 -341.00 -1276.00 0
8117 -9.74 7.17 -4.17 -89.00 5.00 237.00 477.00 -341.00 -1276.00 0
8126 -8.49 7.72 -4.52 -94.00 17.00 250.00 477.00 -341.00 -1276.00 0
8135 -6.89 7.30 -4.87 -94.00 23.00 253.00 477.00 -341.00 -1276.00 0
8144 -5.22 5.91 -5.01 -82.00 25.00 247.00 477.00 -341.00 -1276.00 0
8154 -2.09 1.11 -4.24 -68.00 21.00 225.00 477.00 -341.00 -1276.00 0
8163 -1.18 -0.70 -3.55 -64.00 21.00 215.00 477.00 -341.00 -1276.00 0
8172 -0.77 -1.46 -2.99 -61.00 22.00 209.00 477.00 -341.00 -1276.00 0
8181 -0.63 -1.39 -2.64 -56.00 18.00 201.00 477.00 -341.00 -1276.00 0
8190 -0.90 -0.42 -2.50 -47.00 11.00 193.00 477.00 -341.00 -1276.00 0
8200 -1.53 1.67 -2.71 -44.00 3.00 171.00 477.00 -341.00 -1276.00 0
8209 -2.09 10.50 -4.03 -27.00 -7.00 145.00 477.00 -341.00 -1276.00 0
8218 0.35 18.85 -4.59 -17.00 -10.00 128.00 477.00 -341.00 -1276.00 0
8227 4.87 30.96 -4.66 5.00 -28.00 122.00 477.00 -341.00 -1276.00 0
8237 13.08 49.88 -2.78 -19.00 8.00 108.00 477.00 -341.00 -1276.00 0
8246 24.63 76.59 2.23 -52.00 1.00 122.00 477.00 -341.00 -1276.00 1
8257 32.56 102.96 8.90 -129.00 45.00 238.00 477.00 -341.00 -1276.00 1
8267 36.31 134.82 9.25 -267.00 82.00 365.00 477.00 -341.00 -1276.00 1
8279 32.56 134.82 5.98 -278.00 103.00 436.00 477.00 -341.00 -1276.00 1
8290 24.56 107.20 -1.60 -242.00 108.00 375.00 477.00 -341.00 -1276.00 1
8300 16.77 80.56 -2.43 -173.00 88.00 283.00 477.00 -341.00 -1276.00 1
8311 8.00 53.29 -2.16 -121.00 50.00 217.00 477.00 -341.00 -1276.00 1
8323 -8.49 12.03 -0.70 -96.00 15.00 181.00 477.00 -341.00 -1276.00 1
8333 -13.57 -0.35 1.74 -103.00 9.00 196.00 477.00 -341.00 -1276.00 0
8342 -16.28 -8.90 3.97 -112.00 2.00 218.00 477.00 -341.00 -1276.00 0
8351 -18.30 -16.21 4.66 -129.00 11.00 241.00 477.00 -341.00 -1276.00 0
8360 -20.80 -32.49 3.62 -131.00 16.00 245.00 477.00 -341.00 -1276.00 0
8370 -21.57 -42.09 2.57 -116.00 25.00 227.00 477.00 -341.00 -1276.00 0
8379 -21.98 -50.78 1.39 -97.00 21.00 207.00 477.00 -341.00 -1276.00 0
8388 -22.26 -57.39 0.63 -85.00 21.00 197.00 477.00 -341.00 -1276.00 0
8397 -21.50 -61.50 0.83 -67.00 8.00 185.00 477.00 -341.00 -1276.00 0
8407 -20.03 -63.30 1.60 -63.00 8.00 179.00 477.00 -341.00 -1276.00 0
8416 -14.61 -58.09 3.69 -57.00 8.00 178.00 477.00 -341.00 -1276.00 0
8425 -11.69 -52.66 4.17 -50.00 17.00 176.00 477.00 -341.00 -1276.00 0
8435 -9.25 -46.47 4.17 -45.00 19.00 173.00 477.00 -341.00 -1276.00 0
8444 -7.79 -39.51 3.62 -52.00 14.00 174.00 477.00 -341.00 -1276.00 0
8454 -7.58 -31.58 2.71 -74.00 10.00 196.00 477.00 -341.00 -1276.00 0
8463 -8.14 -22.96 1.60 -100.00 15.00 231.00 477.00 -341.00 -1276.00 0
8472 -9.11 -9.95 -1.11 -104.00 22.00 244.00 477.00 -341.00 -1276.00 0
8481 -8.83 -7.51 -2.09 -109.00 24.00 248.00 477.00 -341.00 -1276.00 0
8491 -8.63 -8.21 -2.78 -97.00 16.00 242.00 477.00 -341.00 -1276.00 0
8500 -7.79 -10.16 -3.27 -102.00 24.00 242.00 477.00 -341.00 -1276.00 0
8509 -5.50 -10.92 -2.71 -98.00 21.00 235.00 477.00 -341.00 -1276.00 0
8518 -3.97 -11.62 -2.16 -87.00 24.00 227.00 477.00 -341.00 -1276.00 0
8527 -2.50 -14.26 -2.43 -78.00 27.00 219.00 492.00 -347.00 -1176.00 0
8537 -2.16 -15.30 -2.57 -71.00 22.00 219.00 492.00 -347.00 -1176.00 0
8546 -2.09 -15.79 -2.50 -68.00 25.00 213.00 492.00 -347.00 -1176.00 0
8555 -2.16 -15.58 -2.30 -63.00 27.00 207.00 492.00 -347.00 -1176.00 0
8564 -2.30 -14.47 -2.02 -64.00 29.00 207.00 492.00 -347.00 -1176.00 0
8573 -2.43 -12.80 -1.39 -72.00 20.00 214.00 492.00 -347.00 -1176.00 0
8583 -4.45 -8.21 -1.46 -85.00 22.00 222.00 492.00 -347.00 -1176.00 0
8592 -5.22 -6.82 -1.81 -86.00 21.00 228.00 491.00 -345.00 -1374.00 0
8601 -5.50 -6.68 -2.30 -96.00 22.00 240.00 491.00 -345.00 -1374.00 0
8610 -5.91 -8.00 -2.71 -92.00 17.00 244.00 491.00 -345.00 -1374.00 0
8620 -6.47 -10.43 -3.27 -91.00 16.00 237.00 491.00 -345.00 -1374.00 0
8629 -6.40 -12.66 -3.76 -78.00 14.00 224.00 491.00 -345.00 -1374.00 0
8638 -6.05 -14.89 -3.97 -76.00 12.00 222.00 491.00 -345.00 -1374.00 0
8647 -5.84 -14.61 -4.38 -69.00 20.00 216.00 491.00 -345.00 -1374.00 0
8656 -5.70 -13.70 -4.66 -65.00 22.00 215.00 484.00 -343.00 -1202.00 0
8666 -5.57 -12.45 -4.80 -64.00 23.00 213.00 484.00 -343.00 -1202.00 0
8675 -5.57 -11.06 -4.80 -71.00 24.00 216.00 484.00 -343.00 -1202.00 0
8685 -5.63 -9.32 -4.66 -77.00 23.00 226.00 484.00 -343.00 -1202.00 0
8694 -6.05 -6.54 -4.87 -80.00 26.00 228.00 484.00 -343.00 -1202.00 0
8704 -6.40 -5.98 -5.15 -86.00 24.00 239.00 484.00 -343.00 -1202.00 0
8712 -6.89 -5.98 -5.50 -84.00 21.00 235.00 484.00 -343.00 -1202.00 0
8721 -7.30 -6.89 -5.77 -82.00 18.00 231.00 482.00 -340.00 -1194.00 0
8730 -7.37 -8.07 -5.77 -79.00 14.00 229.00 482.00 -340.00 -1194.00 0
8739 -7.17 -8.97 -5.43 -72.00 13.00 226.00 482.00 -340.00 -1194.00 0
8749 -6.40 -10.30 -5.01 -67.00 18.00 222.00 482.00 -340.00 -1194.00 0
8759 -5.84 -10.50 -4.80 -63.00 22.00 212.00 482.00 -340.00 -1194.00 0
8768 -5.36 -10.23 -4.45 -61.00 18.00 210.00 482.00 -340.00 -1194.00 0
8777 -5.22 -9.32 -3.97 -62.00 18.00 207.00 482.00 -340.00 -1194.00 0
8786 -5.08 -7.58 -3.41 -64.00 19.00 210.00 480.00 -338.00 -1060.00 0
8796 -4.87 -5.36 -2.99 -71.00 18.00 219.00 480.00 -338.00 -1060.00 0
8805 -4.73 -0.77 -2.78 -81.00 18.00 233.00 480.00 -338.00 -1060.00 0
8814 -4.87 0.90 -2.92 -85.00 19.00 238.00 480.00 -338.00 -1060.00 0
8823 -5.08 1.60 -3.20 -89.00 22.00 236.00 480.00 -338.00 -1060.00 0
8833 -5.01 1.53 -3.41 -85.00 21.00 242.00 480.00 -338.00 -1060.00 0
8842 -4.66 0.97 -3.34 -80.00 19.00 232.00 480.00 -338.00 -1060.00 0
8851 -4.45 -0.07 -3.20 -75.00 22.00 228.00 480.00 -338.00 -1060.00 0
8860 -3.76 -2.37 -2.64 -65.00 23.00 216.00 480.00 -338.00 -1060.00 0
8869 -3.62 -2.85 -2.30 -70.00 16.00 217.00 480.00 -338.00 -1060.00 0
8879 -3.76 -2.92 -2.09 -67.00 20.00 217.00 480.00 -338.00 -1060.00 0
8887 -3.97 -2.71 -2.16 -66.00 23.00 214.00 480.00 -338.00 -1060.00 0
8896 -4.03 -2.30 -2.23 -68.00 18.00 216.00 480.00 -338.00 -1060.00 0
8905 -4.31 -1.46 -2.23 -70.00 16.00 217.00 480.00 -338.00 -1060.00 0
8914 -4.45 0.90 -2.09 -71.00 14.00 216.00 480.00 -338.00 -1060.00 0
8924 -4.24 1.95 -2.02 -74.00 15.00 221.00 480.00 -338.00 -1060.00 0
8933 -4.03 2.85 -2.02 -80.00 11.00 229.00 480.00 -338.00 -1060.00 0
8942 -3.90 3.34 -2.16 -75.00 17.00 224.00 480.00 -338.00 -1060.00 0
8951 -3.55 3.27 -2.50 -73.00 25.00 225.00 480.00 -338.00 -1060.00 0
8961 -2.92 2.99 -2.71 -72.00 21.00 224.00 480.00 -338.00 -1060.00 0
8970 -2.43 3.20 -2.43 -67.00 20.00 212.00 480.00 -338.00 -1060.00 0
8979 -2.09 3.69 -2.23 -64.00 12.00 209.00 480.00 -338.00 -1060.00 0
8988 -2.02 4.66 -2.23 -64.00 10.00 199.00 480.00 -338.00 -1060.00 0
8997 -2.09 6.33 -2.57 -55.00 6.00 192.00 480.00 -338.00 -1060.00 0
9007 -1.74 9.04 -3.13 -39.00 2.00 163.00 480.00 -338.00 -1060.00 0
9016 -0.70 13.01 -3.62 -30.00 -9.00 139.00 480.00 -338.00 -1060.00 0
9025 1.04 19.34 -3.83 -12.00 -9.00 115.00 480.00 -338.00 -1060.00 0
9034 8.97 42.50 -3.27 0.00 -18.00 112.00 480.00 -338.00 -1060.00 0
9043 16.21 62.40 -1.25 -17.00 10.00 83.00 480.00 -338.00 -1060.00 0
9053 24.28 87.23 1.88 -36.00 16.00 83.00 480.00 -338.00 -1060.00 1
9064 29.91 113.04 3.83 -119.00 60.00 193.00 480.00 -338.00 -1060.00 1
9074 32.83 151.44 4.52 -257.00 94.00 322.00 480.00 -338.00 -1060.00 1
9084 31.23 162.02 2.30 -406.00 161.00 643.00 480.00 -338.00 -1060.00 1
9096 25.81 159.03 -0.35 -218.00 42.00 378.00 480.00 -338.00 -1060.00 1
9106 1.46 84.80 -5.57 -145.00 104.00 199.00 480.00 -338.00 -1060.00 1
9117 -1.18 62.54 -0.70 -169.00 32.00 268.00 551.00 -356.00 -1146.00 1
9127 -7.65 41.11 4.24 -176.00 -23.00 261.00 551.00 -356.00 -1146.00 0
9137 -25.74 4.03 8.00 -163.00 -10.00 218.00 551.00 -356.00 -1146.00 0
9146 -30.75 -13.91 5.57 -113.00 -20.00 191.00 551.00 -356.00 -1146.00 0
9155 -31.30 -32.35 1.95 -99.00 6.00 181.00 551.00 -356.00 -1146.00 0
9164 -29.08 -47.03 -0.07 -92.00 14.00 187.00 551.00 -356.00 -1146.00 0
9174 -27.06 -57.11 -2.02 -91.00 19.00 190.00 551.00 -356.00 -1146.00 0
9184 -24.35 -63.86 -4.17 -89.00 17.00 191.00 525.00 -344.00 -982.00 0
9193 -19.62 -68.24 -5.15 -80.00 23.00 196.00 525.00 -344.00 -982.00 0
9202 -16.49 -67.83 -4.10 -71.00 22.00 186.00 525.00 -344.00 -982.00 0
9211 -14.54 -65.25 -2.50 -67.00 17.00 185.00 525.00 -344.00 -982.00 0
9221 -12.87 -61.70 -0.97 -73.00 14.00 189.00 525.00 -344.00 -982.00 0
9230 -10.78 -57.95 0.21 -75.00 14.00 189.00 525.00 -344.00 -982.00 0
9239 -8.83 -53.84 0.70 -78.00 8.00 200.00 525.00 -344.00 -982.00 0
9248 -6.05 -44.66 -0.21 -93.00 14.00 220.00 502.00 -343.00 -1097.00 0
9257 -6.12 -40.42 -1.32 -101.00 12.00 227.00 502.00 -343.00 -1097.00 0
9267 -6.82 -37.29 -2.71 -102.00 19.00 231.00 502.00 -343.00 -1097.00 0
9276 -7.58 -35.34 -4.17 -88.00 20.00 220.00 502.00 -343.00 -1097.00 0
9285 -8.21 -34.30 -5.22 -84.00 23.00 216.00 502.00 -343.00 -1097.00 0
9294 -8.21 -33.39 -5.63 -82.00 24.00 215.00 502.00 -343.00 -1097.00 0
9304 -7.10 -30.33 -5.01 -73.00 18.00 210.00 502.00 -343.00 -1097.00 0
9313 -6.40 -28.38 -4.59 -75.00 22.00 209.00 494.00 -341.00 -1042.00 0
9322 -5.77 -26.16 -4.10 -73.00 22.00 208.00 494.00 -341.00 -1042.00 0
9331 -5.43 -23.93 -3.69 -72.00 18.00 206.00 494.00 -341.00 -1042.00 0
9340 -5.29 -21.63 -3.13 -79.00 18.00 217.00 494.00 -341.00 -1042.00 0
9350 -4.80 -19.34 -2.43 -93.00 18.00 229.00 494.00 -341.00 -1042.00 0
9359 -4.31 -16.21 -1.46 -87.00 17.00 231.00 494.00 -341.00 -1042.00 0
9368 -4.03 -16.14 -1.53 -87.00 22.00 229.00 494.00 -341.00 -1042.00 0
9377 -3.90 -16.42 -1.74 -85.00 19.00 226.00 489.00 -340.00 -1020.00 0
9387 -4.03 -16.70 -1.95 -79.00 18.00 222.00 489.00 -340.00 -1020.00 0
9396 -4.10 -16.77 -2.09 -74.00 13.00 221.00 489.00 -340.00 -1020.00 0
9405 -4.17 -16.42 -2.09 -65.00 18.00 210.00 489.00 -340.00 -1020.00 0
9414 -3.76 -14.40 -1.95 -63.00 19.00 204.00 489.00 -340.00 -1020.00 0
9424 -3.48 -12.52 -1.60 -67.00 15.00 209.00 489.00 -340.00 -1020.00 0
9434 -3.62 -10.16 -1.25 -78.00 14.00 216.00 489.00 -340.00 -1020.00 0
9443 -3.83 -7.86 -1.11 -83.00 16.00 227.00 487.00 -343.00 -1055.00 0
9452 -4.03 -6.26 -1.39 -84.00 20.00 238.00 487.00 -343.00 -1055.00 0
9461 -4.17 -5.50 -1.95 -90.00 24.00 240.00 487.00 -343.00 -1055.00 0
9470 -4.87 -5.77 -2.64 -102.00 20.00 246.00 487.00 -343.00 -1055.00 0
9480 -5.70 -7.37 -2.85 -92.00 14.00 236.00 487.00 -343.00 -1055.00 0
9489 -6.12 -9.88 -3.27 -77.00 19.00 230.00 487.00 -343.00 -1055.00 0
9498 -5.63 -12.03 -3.48 -75.00 16.00 222.00 487.00 -343.00 -1055.00 0
9507 -5.22 -13.43 -3.48 -72.00 16.00 221.00 487.00 -343.00 -1055.00 0
9517 -5.08 -14.12 -3.55 -69.00 15.00 224.00 487.00 -343.00 -1055.00 0
9526 -4.52 -15.10 -3.76 -64.00 21.00 220.00 487.00 -343.00 -1055.00 0
9535 -4.10 -15.65 -3.62 -62.00 24.00 209.00 487.00 -343.00 -1055.00 0
9544 -3.76 -15.65 -3.34 -61.00 19.00 210.00 487.00 -343.00 -1055.00 0
9553 -3.41 -14.75 -2.71 -58.00 17.00 211.00 487.00 -343.00 -1055.00 0
9563 -3.20 -13.01 -2.09 -63.00 16.00 207.00 487.00 -343.00 -1055.00 0
9572 -3.06 -10.78 -1.53 -74.00 14.00 227.00 487.00 -343.00 -1055.00 0
9581 -3.41 -6.12 -1.32 -81.00 16.00 237.00 487.00 -343.00 -1055.00 0
9590 -3.62 -4.94 -1.81 -85.00 19.00 241.00 487.00 -343.00 -1055.00 0
9600 -3.76 -4.94 -2.30 -86.00 18.00 246.00 487.00 -343.00 -1055.00 0
9609 -3.83 -5.77 -2.71 -78.00 22.00 236.00 487.00 -343.00 -1055.00 0
9618 -3.62 -7.17 -2.92 -71.00 18.00 230.00 487.00 -343.00 -1055.00 0
9627 -3.27 -8.56 -2.85 -65.00 15.00 223.00 487.00 -343.00 -1055.00 0
9636 -2.71 -9.46 -2.37 -66.00 18.00 217.00 487.00 -343.00 -1055.00 0
9646 -2.50 -9.46 -2.16 -63.00 19.00 219.00 487.00 -343.00 -1055.00 0
9655 -2.71 -9.25 -2.23 -65.00 20.00 220.00 487.00 -343.00 -1055.00 0
9664 -3.20 -8.83 -2.43 -61.00 16.00 218.00 487.00 -343.00 -1055.00 0
9673 -3.62 -8.21 -2.57 -65.00 18.00 219.00 487.00 -343.00 -1055.00 0
9682 -3.97 -7.30 -2.64 -67.00 16.00 228.00 487.00 -343.00 -1055.00 0
9692 -4.17 -5.84 -2.71 -69.00 17.00 222.00 487.00 -343.00 -1055.00 0
9701 -3.90 -5.50 -2.71 -68.00 14.00 226.00 487.00 -343.00 -1055.00 0
9710 -3.76 -5.15 -2.71 -70.00 21.00 225.00 487.00 -343.00 -1055.00 0
9719 -3.62 -4.66 -2.64 -70.00 19.00 232.00 487.00 -343.00 -1055.00 0
9729 -3.48 -4.10 -2.57 -67.00 16.00 225.00 487.00 -343.00 -1055.00 0
9738 -3.48 -3.41 -2.50 -66.00 14.00 221.00 487.00 -343.00 -1055.00 0
9747 -3.34 -1.95 -2.16 -68.00 14.00 218.00 487.00 -343.00 -1055.00 0
9756 -3.27 -1.18 -2.16 -62.00 12.00 216.00 487.00 -343.00 -1055.00 0
9765 -3.13 -0.35 -2.43 -60.00 15.00 210.00 487.00 -343.00 -1055.00 0
9775 -3.13 0.83 -2.78 -60.00 15.00 209.00 472.00 -335.00 -1146.00 0
9784 -3.13 2.37 -3.06 -59.00 13.00 205.00 472.00 -335.00 -1146.00 0
9793 -3.20 4.38 -3.48 -56.00 10.00 201.00 472.00 -335.00 -1146.00 0
9802 -3.27 9.81 -4.45 -48.00 10.00 188.00 472.00 -335.00 -1146.00 0
9811 -2.37 14.12 -4.94 -35.00 3.00 166.00 472.00 -335.00 -1146.00 0
9821 -1.39 20.59 -5.15 -10.00 -7.00 126.00 472.00 -335.00 -1146.00 0
9830 0.70 30.19 -5.01 6.00 -10.00 84.00 472.00 -335.00 -1146.00 0
9839 4.31 43.83 -4.24 2.00 -9.00 79.00 499.00 -338.00 -923.00 0
9848 9.46 62.33 -2.78 -22.00 -1.00 84.00 499.00 -338.00 -923.00 1
9859 22.96 112.70 1.95 -84.00 36.00 191.00 499.00 -338.00 -923.00 1
9869 26.16 134.89 2.99 -214.00 75.00 306.00 499.00 -338.00 -923.00 1
9880 26.99 151.44 2.50 -299.00 83.00 445.00 499.00 -338.00 -923.00 1
9891 15.86 152.00 -3.06 -319.00 82.00 470.00 499.00 -338.00 -923.00 1
9902 5.57 124.73 -7.03 -257.00 83.00 379.00 547.00 -345.00 -1146.00 1
9913 -2.23 55.86 -8.97 -176.00 66.00 267.00 547.00 -345.00 -1146.00 1
9924 -11.83 24.07 -7.30 -127.00 24.00 213.00 547.00 -345.00 -1146.00 1
9934 -16.28 -1.95 -4.38 -93.00 -2.00 175.00 547.00 -345.00 -1146.00 1
9945 -20.45 -30.89 1.11 -81.00 -15.00 165.00 547.00 -345.00 -1146.00 0
9955 -19.90 -36.03 2.43 -84.00 -13.00 172.00 547.00 -345.00 -1146.00 0
9964 -20.24 -40.00 2.71 -98.00 -6.00 198.00 547.00 -345.00 -1146.00 0
9973 -20.59 -44.31 1.81 -109.00 4.00 224.00 547.00 -345.00 -1146.00 0
9982 -19.48 -48.63 0.49 -111.00 15.00 224.00 547.00 -345.00 -1146.00 0
9992 -18.16 -53.43 -1.04 -90.00 21.00 218.00 547.00 -345.00 -1146.00 0
10001 -14.26 -63.37 -3.06 -74.00 28.00 193.00 547.00 -345.00 -1146.00 0
10010 -12.45 -65.04 -2.78 -60.00 20.00 186.00 547.00 -345.00 -1146.00 0
10019 -10.92 -63.86 -1.95 -56.00 18.00 179.00 547.00 -345.00 -1146.00 0
10029 -9.32 -60.10 -0.63 -53.00 9.00 173.00 547.00 -345.00 -1146.00 0
10038 -7.79 -54.33 0.70 -56.00 9.00 177.00 547.00 -345.00 -1146.00 0
10047 -6.12 -47.03 2.02 -65.00 14.00 192.00 547.00 -345.00 -1146.00 0
10056 -3.97 -31.51 1.81 -80.00 12.00 217.00 547.00 -345.00 -1146.00 0
10066 -4.17 -25.04 0.97 -88.00 14.00 229.00 547.00 -345.00 -1146.00 0
10076 -5.01 -20.24 -0.28 -97.00 18.00 235.00 547.00 -345.00 -1146.00 0
10085 -5.84 -17.04 -1.39 -123.00 14.00 264.00 547.00 -345.00 -1146.00 0
10094 -6.47 -15.44 -2.30 -116.00 16.00 261.00 547.00 -345.00 -1146.00 0
10103 -6.12 -19.34 -3.97 -92.00 23.00 235.00 547.00 -345.00 -1146.00 0
10113 -5.43 -23.23 -4.52 -78.00 24.00 217.00 547.00 -345.00 -1146.00 0
10122 -4.87 -26.16 -4.73 -67.00 21.00 205.00 547.00 -345.00 -1146.00 0
10131 -4.24 -27.34 -4.52 -63.00 16.00 208.00 547.00 -345.00 -1146.00 0
10140 -3.69 -26.71 -3.90 -62.00 21.00 207.00 547.00 -345.00 -1146.00 0
10149 -3.13 -24.83 -3.13 -59.00 17.00 199.00 547.00 -345.00 -1146.00 0
10160 -3.13 -19.34 -1.74 -62.00 16.00 201.00 547.00 -345.00 -1146.00 0
10169 -3.55 -16.07 -1.32 -67.00 14.00 208.00 547.00 -345.00 -1146.00 0
10178 -3.90 -12.94 -1.18 -82.00 17.00 227.00 547.00 -345.00 -1146.00 0
10187 -4.10 -10.64 -1.32 -90.00 17.00 243.00 547.00 -345.00 -1146.00 0
10196 -4.17 -9.53 -1.67 -96.00 15.00 250.00 547.00 -345.00 -1146.00 0
10206 -4.24 -9.67 -2.09 -93.00 15.00 254.00 547.00 -345.00 -1146.00 0
10215 -4.10 -13.01 -2.92 -85.00 15.00 235.00 547.00 -345.00 -1146.00 0
10224 -3.69 -15.30 -3.13 -77.00 16.00 226.00 547.00 -345.00 -1146.00 0
10233 -3.20 -17.04 -3.34 -67.00 18.00 224.00 477.00 -335.00 -1252.00 0
10243 -2.57 -18.16 -3.34 -65.00 22.00 219.00 477.00 -335.00 -1252.00 0
10252 -1.88 -18.64 -3.06 -57.00 26.00 210.00 477.00 -335.00 -1252.00 0
10261 -1.60 -18.30 -1.95 -57.00 22.00 207.00 477.00 -335.00 -1252.00 0
10271 -2.78 -15.44 -1.53 -61.00 18.00 210.00 477.00 -335.00 -1252.00 0
10280 -3.69 -13.50 -1.39 -67.00 17.00 218.00 477.00 -335.00 -1252.00 0
10290 -4.31 -11.69 -1.46 -68.00 17.00 222.00 477.00 -335.00 -1252.00 0
10299 -4.73 -10.23 -1.67 -74.00 13.00 227.00 474.00 -334.00 -1242.00 0
10308 -5.01 -9.32 -1.88 -79.00 14.00 237.00 474.00 -334.00 -1242.00 0
10317 -4.80 -9.04 -2.16 -77.00 16.00 240.00 474.00 -334.00 -1242.00 0
10327 -3.34 -9.60 -2.09 -69.00 19.00 231.00 474.00 -334.00 -1242.00 0
10336 -2.50 -10.30 -2.02 -64.00 17.00 219.00 474.00 -334.00 -1242.00 0
10345 -1.88 -10.50 -1.88 -64.00 15.00 222.00 474.00 -334.00 -1242.00 0
10354 -1.39 -10.16 -1.74 -67.00 16.00 221.00 474.00 -334.00 -1242.00 0
10363 -1.11 -9.60 -1.53 -60.00 21.00 215.00 470.00 -336.00 -1061.00 0
10373 -1.11 -7.93 -1.88 -62.00 19.00 215.00 470.00 -336.00 -1061.00 0
10382 -1.39 -6.61 -2.23 -68.00 22.00 222.00 470.00 -336.00 -1061.00 0
10391 -1.81 -5.36 -2.57 -65.00 25.00 225.00 470.00 -336.00 -1061.00 0
10400 -2.30 -4.31 -2.85 -68.00 20.00 226.00 470.00 -336.00 -1061.00 0
10409 -2.85 -3.20 -2.92 -65.00 16.00 228.00 470.00 -336.00 -1061.00 0
10420 -3.34 -2.16 -2.99 -67.00 16.00 227.00 470.00 -336.00 -1061.00 0
10429 -3.69 -0.42 -2.85 -69.00 10.00 225.00 470.00 -335.00 -1117.00 0
10438 -3.97 0.28 -2.92 -81.00 5.00 232.00 470.00 -335.00 -1117.00 0
10447 -4.38 0.70 -3.55 -73.00 14.00 231.00 470.00 -335.00 -1117.00 0
10457 -4.24 0.35 -4.38 -66.00 28.00 229.00 470.00 -335.00 -1117.00 0
10466 -3.55 -0.28 -4.80 -65.00 22.00 228.00 470.00 -335.00 -1117.00 0
10475 -3.13 -0.63 -4.59 -66.00 17.00 218.00 470.00 -335.00 -1117.00 0
10484 -3.20 -0.42 -3.76 -61.00 17.00 216.00 470.00 -335.00 -1117.00 0
10493 -2.99 -0.07 -3.48 -60.00 15.00 214.00 469.00 -335.00 -1036.00 0
10503 -2.78 0.56 -3.20 -60.00 15.00 210.00 469.00 -335.00 -1036.00 0
10512 -2.78 1.53 -3.13 -63.00 13.00 214.00 469.00 -335.00 -1036.00 0
10521 -2.92 2.99 -3.13 -62.00 7.00 211.00 469.00 -335.00 -1036.00 0
10530 -2.92 4.52 -3.27 -63.00 11.00 215.00 469.00 -335.00 -1036.00 0
10540 -1.88 8.00 -3.62 -63.00 13.00 208.00 469.00 -335.00 -1036.00 0
10549 -1.25 10.16 -3.83 -52.00 9.00 195.00 469.00 -335.00 -1036.00 0
10558 -0.42 13.01 -3.83 -41.00 3.00 170.00 480.00 -338.00 -1286.00 0
10567 0.90 17.39 -3.55 -23.00 -7.00 138.00 480.00 -338.00 -1286.00 0
10576 3.34 24.21 -2.85 -2.00 -11.00 100.00 480.00 -338.00 -1286.00 0
10586 7.10 34.23 -1.74 -1.00 -14.00 80.00 480.00 -338.00 -1286.00 0
10595 18.92 67.62 1.67 -29.00 2.00 100.00 480.00 -338.00 -1286.00 1
10605 26.64 89.95 3.48 -121.00 35.00 241.00 480.00 -338.00 -1286.00 1
10616 32.83 110.40 5.01 -273.00 113.00 411.00 480.00 -338.00 -1286.00 1
10628 35.48 121.25 1.88 -262.00 120.00 456.00 532.00 -357.00 -1151.00 1
10639 27.90 109.36 -1.74 -219.00 111.00 379.00 532.00 -357.00 -1151.00 1
10649 17.74 86.61 -3.06 -174.00 70.00 293.00 532.00 -357.00 -1151.00 1
10660 -4.24 36.24 -1.74 -134.00 14.00 225.00 532.00 -357.00 -1151.00 1
10672 -12.94 14.82 -0.70 -106.00 -17.00 190.00 532.00 -357.00 -1151.00 1
10682 -18.23 -2.64 1.11 -89.00 -9.00 184.00 532.00 -357.00 -1151.00 0
10691 -18.16 -26.50 1.39 -74.00 9.00 188.00 514.00 -345.00 -1060.00 0
10700 -16.21 -34.09 1.32 -79.00 30.00 201.00 514.00 -345.00 -1060.00 0
10710 -15.03 -39.23 1.04 -78.00 25.00 211.00 514.00 -345.00 -1060.00 0
10719 -15.37 -42.57 0.97 -71.00 21.00 201.00 514.00 -345.00 -1060.00 0
10728 -16.63 -44.80 1.11 -66.00 12.00 190.00 514.00 -345.00 -1060.00 0
10737 -18.64 -45.08 2.09 -62.00 10.00 185.00 514.00 -345.00 -1060.00 0
10746 -17.95 -42.99 2.50 -61.00 12.00 175.00 514.00 -345.00 -1060.00 0
10756 -16.28 -39.58 2.64 -59.00 11.00 184.00 498.00 -345.00 -1312.00 0
10766 -13.77 -35.34 2.50 -67.00 12.00 193.00 498.00 -345.00 -1312.00 0
10775 -11.06 -30.40 2.16 -73.00 17.00 206.00 498.00 -345.00 -1312.00 0
10784 -8.49 -24.90 1.60 -83.00 23.00 222.00 498.00 -345.00 -1312.00 0
10793 -4.59 -15.17 0.35 -98.00 22.00 235.00 498.00 -345.00 -1312.00 0
10803 -4.24 -11.83 -0.21 -103.00 16.00 238.00 498.00 -345.00 -1312.00 0
10812 -4.38 -9.81 -0.90 -101.00 25.00 240.00 498.00 -345.00 -1312.00 0
10821 -4.38 -9.04 -1.39 -91.00 24.00 231.00 493.00 -348.00 -1046.00 0
10830 -4.10 -9.18 -1.60 -96.00 26.00 232.00 493.00 -348.00 -1046.00 0
10840 -3.97 -9.53 -1.74 -105.00 17.00 250.00 493.00 -348.00 -1046.00 0
10849 -4.31 -12.24 -2.43 -90.00 27.00 238.00 493.00 -348.00 -1046.00 0
10858 -4.17 -15.37 -3.27 -80.00 31.00 223.00 493.00 -348.00 -1046.00 0
10868 -4.45 -18.30 -4.03 -70.00 29.00 213.00 493.00 -348.00 -1046.00 0
10877 -5.15 -20.24 -4.52 -65.00 23.00 206.00 493.00 -348.00 -1046.00 0
10887 -5.70 -20.73 -4.38 -62.00 21.00 196.00 489.00 -345.00 -1156.00 0
10896 -6.12 -17.81 -2.78 -60.00 17.00 192.00 489.00 -345.00 -1156.00 0
10905 -6.19 -14.89 -1.81 -64.00 12.00 201.00 489.00 -345.00 -1156.00 0
10914 -6.12 -11.48 -1.18 -76.00 10.00 216.00 489.00 -345.00 -1156.00 0
10924 -6.05 -8.35 -0.83 -89.00 13.00 234.00 489.00 -345.00 -1156.00 0
10933 -5.57 -6.47 -0.90 -93.00 27.00 235.00 489.00 -345.00 -1156.00 0
10942 -4.80 -5.91 -1.32 -96.00 24.00 248.00 489.00 -345.00 -1156.00 0
10951 -3.62 -7.23 -1.74 -98.00 24.00 250.00 489.00 -343.00 -1209.00 0
10960 -3.55 -8.83 -1.95 -95.00 22.00 244.00 484.00 -343.00 -1209.00 0
10970 -3.55 -11.06 -2.23 -79.00 23.00 232.00 484.00 -343.00 -1209.00 0
10979 -3.62 -13.15 -2.57 -66.00 22.00 218.00 484.00 -343.00 -1209.00 0
10989 -3.69 -14.61 -2.71 -63.00 25.00 208.00 484.00 -343.00 -1209.00 0
10998 -3.83 -15.10 -2.50 -55.00 24.00 200.00 484.00 -343.00 -1209.00 0
11008 -4.24 -12.94 -1.53 -52.00 21.00 194.00 484.00 -343.00 -1209.00 0
11017 -4.45 -10.43 -0.90 -54.00 19.00 198.00 484.00 -343.00 -1209.00 0
11026 -4.66 -7.30 -0.56 -65.00 15.00 213.00 484.00 -343.00 -1209.00 0
11035 -5.01 -3.97 -0.42 -94.00 22.00 242.00 484.00 -343.00 -1209.00 0
11044 -5.29 -1.25 -0.56 -96.00 26.00 248.00 484.00 -343.00 -1209.00 0
11054 -5.63 -0.42 -1.11 -92.00 28.00 246.00 484.00 -343.00 -1209.00 0
11063 -5.70 -2.92 -2.37 -85.00 21.00 238.00 484.00 -343.00 -1209.00 0
11072 -5.50 -4.80 -2.43 -77.00 15.00 226.00 484.00 -343.00 -1209.00 0
11081 -4.94 -6.40 -2.30 -69.00 19.00 216.00 484.00 -343.00 -1209.00 0
11090 -4.10 -7.44 -1.95 -66.00 13.00 215.00 484.00 -343.00 -1209.00 0
11100 -3.41 -7.72 -1.81 -63.00 20.00 212.00 484.00 -343.00 -1209.00 0
11109 -2.85 -7.37 -1.88 -63.00 22.00 208.00 484.00 -343.00 -1209.00 0
11118 -2.78 -5.08 -2.23 -64.00 23.00 211.00 484.00 -343.00 -1209.00 0
11127 -2.92 -3.55 -2.30 -73.00 24.00 228.00 484.00 -343.00 -1209.00 0
11137 -3.06 -2.09 -2.23 -80.00 24.00 238.00 484.00 -343.00 -1209.00 0
11146 -3.13 -1.39 -2.23 -80.00 29.00 232.00 484.00 -343.00 -1209.00 0
11155 -3.13 -1.39 -2.23 -82.00 27.00 235.00 478.00 -342.00 -1109.00 0
11164 -3.20 -1.67 -2.02 -84.00 21.00 237.00 478.00 -342.00 -1109.00 0
11174 -3.76 -3.13 -1.60 -76.00 16.00 229.00 478.00 -342.00 -1109.00 0
11184 -4.24 -4.24 -1.74 -74.00 15.00 222.00 478.00 -342.00 -1109.00 0
11193 -4.59 -5.15 -2.16 -68.00 18.00 221.00 478.00 -342.00 -1109.00 0
11202 -4.52 -5.84 -2.64 -66.00 19.00 216.00 478.00 -342.00 -1109.00 0
11211 -4.24 -6.12 -2.78 -63.00 19.00 213.00 478.00 -342.00 -1109.00 0
11220 -4.17 -5.77 -2.78 -65.00 18.00 212.00 478.00 -342.00 -1109.00 0
11230 -3.83 -3.34 -2.50 -65.00 17.00 223.00 478.00 -342.00 -1109.00 0
11239 -3.69 -2.02 -2.30 -73.00 25.00 223.00 478.00 -342.00 -1109.00 0
11248 -3.55 -0.77 -2.23 -92.00 25.00 249.00 478.00 -342.00 -1109.00 0
11257 -3.55 -0.14 -2.16 -91.00 26.00 252.00 478.00 -342.00 -1109.00 0
11267 -3.55 -0.97 -2.37 -86.00 28.00 245.00 478.00 -342.00 -1109.00 0
11276 -3.34 -2.78 -2.50 -83.00 26.00 235.00 478.00 -342.00 -1109.00 0
11285 -3.55 -6.47 -2.50 -75.00 14.00 231.00 478.00 -342.00 -1109.00 0
11294 -3.90 -7.79 -2.64 -65.00 19.00 221.00 478.00 -342.00 -1109.00 0
11303 -4.10 -8.70 -2.85 -62.00 24.00 213.00 478.00 -342.00 -1109.00 0
11313 -4.03 -8.97 -2.92 -57.00 20.00 203.00 478.00 -342.00 -1109.00 0
11322 -4.31 -8.42 -2.78 -55.00 13.00 202.00 478.00 -342.00 -1109.00 0
11331 -4.87 -5.08 -2.71 -61.00 14.00 209.00 478.00 -342.00 -1109.00 0
11340 -5.36 -2.71 -2.71 -63.00 20.00 212.00 478.00 -342.00 -1109.00 0
11350 -5.15 -0.42 -2.71 -68.00 21.00 221.00 478.00 -342.00 -1109.00 0
11359 -4.80 1.81 -2.50 -75.00 20.00 229.00 478.00 -342.00 -1109.00 0
11368 -4.45 3.48 -2.23 -74.00 18.00 226.00 478.00 -342.00 -1109.00 0
11378 -3.97 4.45 -2.09 -70.00 22.00 224.00 478.00 -342.00 -1109.00 0
11387 -2.99 5.50 -1.60 -67.00 18.00 221.00 478.00 -342.00 -1109.00 0
11397 -1.39 6.40 -1.32 -63.00 12.00 213.00 478.00 -342.00 -1109.00 0
11406 -0.83 7.72 -1.11 -61.00 12.00 202.00 478.00 -342.00 -1109.00 0
11415 -0.14 9.81 -0.90 -55.00 3.00 185.00 478.00 -341.00 -1294.00 0
11424 0.90 13.22 -1.11 -40.00 -1.00 155.00 478.00 -341.00 -1294.00 0
11433 2.78 18.78 -1.46 -11.00 -13.00 124.00 478.00 -341.00 -1294.00 0
11443 6.12 39.72 -1.46 8.00 -26.00 92.00 478.00 -341.00 -1294.00 0
11452 16.28 55.86 -0.42 7.00 -34.00 52.00 478.00 -341.00 -1294.00 0
11461 23.93 78.68 2.02 -12.00 -11.00 64.00 478.00 -341.00 -1294.00 1
11471 31.72 103.72 4.31 -119.00 60.00 186.00 478.00 -341.00 -1294.00 1
11482 37.01 141.70 2.50 -228.00 118.00 313.00 538.00 -364.00 -1123.00 1
11493 42.50 152.49 -0.70 -310.00 152.00 476.00 538.00 -364.00 -1123.00 1
11504 38.12 147.27 -4.38 -319.00 142.00 506.00 538.00 -364.00 -1123.00 1
11515 17.53 96.14 -8.21 -247.00 149.00 397.00 538.00 -364.00 -1123.00 1
11526 6.61 63.58 -5.91 -155.00 72.00 252.00 538.00 -364.00 -1123.00 1
11537 -7.51 31.72 -2.99 -121.00 15.00 192.00 538.00 -364.00 -1123.00 1
11547 -30.05 -12.73 5.29 -104.00 -28.00 152.00 533.00 -356.00 -1016.00 1
11557 -33.88 -21.70 8.42 -92.00 -38.00 147.00 533.00 -356.00 -1016.00 1
11568 -34.71 -27.13 9.88 -86.00 -26.00 151.00 533.00 -356.00 -1016.00 0
11577 -33.11 -35.55 9.81 -98.00 -5.00 195.00 533.00 -356.00 -1016.00 0
11586 -23.79 -39.37 9.25 -118.00 5.00 229.00 533.00 -356.00 -1016.00 0
11595 -20.31 -43.76 7.93 -114.00 16.00 234.00 533.00 -356.00 -1016.00 0
11606 -17.74 -49.32 6.19 -95.00 21.00 214.00 533.00 -356.00 -1016.00 0
11615 -15.51 -55.30 4.59 -72.00 28.00 190.00 533.00 -356.00 -1016.00 0
11624 -13.08 -60.17 3.48 -64.00 31.00 186.00 533.00 -356.00 -1016.00 0
11633 -7.10 -61.77 4.10 -66.00 32.00 196.00 533.00 -356.00 -1016.00 0
11642 -4.10 -58.99 5.36 -65.00 33.00 201.00 533.00 -356.00 -1016.00 0
11652 -1.46 -55.30 6.61 -70.00 35.00 207.00 533.00 -356.00 -1016.00 0
11661 0.42 -51.27 7.79 -73.00 32.00 212.00 533.00 -356.00 -1016.00 0
11670 1.25 -46.96 8.70 -70.00 36.00 213.00 533.00 -356.00 -1016.00 0
11679 0.83 -42.30 9.25 -73.00 38.00 207.00 533.00 -356.00 -1016.00 0
11689 -2.09 -32.97 10.50 -82.00 35.00 221.00 533.00 -356.00 -1016.00 0
11699 -3.83 -28.73 11.48 -88.00 31.00 232.00 533.00 -356.00 -1016.00 0
11708 -5.22 -25.53 12.31 -83.00 34.00 227.00 533.00 -356.00 -1016.00 0
11717 -5.91 -23.51 13.08 -80.00 35.00 226.00 533.00 -356.00 -1016.00 0
11726 -5.70 -21.98 13.98 -87.00 44.00 233.00 533.00 -356.00 -1016.00 0
11736 -4.73 -20.52 17.04 -75.00 48.00 229.00 533.00 -356.00 -1016.00 0
11745 -2.64 -20.80 18.92 -75.00 46.00 221.00 533.00 -356.00 -1016.00 0
11754 -1.88 -20.80 21.29 -72.00 50.00 223.00 533.00 -356.00 -1016.00 0
11764 -1.18 -20.10 23.93 -74.00 42.00 222.00 533.00 -356.00 -1016.00 0
11773 -1.39 -18.99 26.43 -67.00 45.00 209.00 533.00 -356.00 -1016.00 0
11783 -2.43 -18.09 28.24 -55.00 62.00 210.00 533.00 -356.00 -1016.00 0
11792 -4.31 -15.10 31.37 -57.00 62.00 218.00 533.00 -356.00 -1016.00 0
11801 -6.96 -11.97 33.60 -74.00 43.00 220.00 533.00 -356.00 -1016.00 0
11810 -11.06 -8.14 35.76 -100.00 25.00 244.00 533.00 -356.00 -1016.00 0
11820 -14.33 -4.80 37.43 -100.00 23.00 250.00 533.00 -356.00 -1016.00 0
11830 -16.00 -3.48 38.54 -92.00 19.00 239.00 533.00 -356.00 -1016.00 0
11839 -16.49 -5.84 38.47 -82.00 13.00 226.00 533.00 -356.00 -1016.00 0
11848 -13.91 -7.37 38.47 -85.00 14.00 231.00 533.00 -356.00 -1016.00 0
11857 -10.09 -8.56 39.03 -87.00 29.00 231.00 533.00 -356.00 -1016.00 0
11867 -5.57 -9.67 39.72 -71.00 42.00 226.00 533.00 -356.00 -1016.00 0
11876 -0.83 -10.99 40.35 -60.00 63.00 218.00 533.00 -356.00 -1016.00 0
11885 3.69 -11.97 41.39 -57.00 71.00 219.00 533.00 -356.00 -1016.00 0
11894 9.25 -10.16 44.94 -49.00 77.00 224.00 533.00 -356.00 -1016.00 0
11904 10.57 -7.51 47.58 -48.00 74.00 221.00 533.00 -356.00 -1016.00 0
11914 9.74 -3.90 50.43 -52.00 65.00 223.00 533.00 -356.00 -1016.00 0
11923 7.58 0.56 53.57 -63.00 54.00 227.00 533.00 -356.00 -1016.00 0
11932 4.66 4.94 56.70 -69.00 45.00 223.00 533.00 -356.00 -1016.00 0
11941 1.11 8.35 59.20 -69.00 42.00 224.00 533.00 -356.00 -1016.00 0
11951 -3.90 11.34 60.66 -59.00 52.00 223.00 533.00 -356.00 -1016.00 0
11960 -5.08 11.34 60.45 -57.00 53.00 218.00 533.00 -356.00 -1016.00 0
11969 -6.26 11.41 60.31 -62.00 52.00 226.00 533.00 -356.00 -1016.00 0
11978 -7.44 11.97 59.97 -63.00 40.00 224.00 533.00 -356.00 -1016.00 0
11987 -8.97 12.66 59.13 -62.00 33.00 222.00 533.00 -356.00 -1016.00 0
11997 -11.06 13.77 55.23 -64.00 22.00 217.00 533.00 -356.00 -1016.00 0
12007 -13.08 13.98 52.87 -54.00 23.00 211.00 533.00 -356.00 -1016.00 0
12016 -12.52 14.47 50.43 -47.00 55.00 216.00 533.00 -356.00 -1016.00 0
12025 -11.55 15.37 48.77 -63.00 41.00 227.00 533.00 -356.00 -1016.00 0
12035 -12.94 16.07 47.30 -76.00 18.00 226.00 533.00 -356.00 -1016.00 0
12044 -15.44 16.90 45.43 -87.00 19.00 234.00 533.00 -356.00 -1016.00 0
12053 -15.72 14.82 39.17 -78.00 38.00 237.00 533.00 -356.00 -1016.00 0
12063 -12.94 11.90 35.34 -66.00 62.00 224.00 533.00 -356.00 -1016.00 0
12072 -9.11 8.63 31.30 162.00 119.00 344.00 533.00 -356.00 -1016.00 0
12082 6.61 0.90 19.69 -187.00 61.00 351.00 533.00 -356.00 -1016.00 0
12091 -9.32 5.08 17.39 -119.00 -32.00 209.00 533.00 -356.00 -1016.00 0
12100 -69.15 12.87 13.43 -57.00 -1.00 171.00 533.00 -356.00 -1016.00 0
12109 -61.43 4.59 10.92 -13.00 -29.00 154.00 533.00 -356.00 -1016.00 0
12120 -42.85 -1.53 10.85 -67.00 7.00 202.00 533.00 -356.00 -1016.00 0
12129 -18.92 -3.41 13.98 -62.00 33.00 226.00 533.00 -356.00 -1016.00 0
12138 3.69 -4.73 16.28 -74.00 37.00 221.00 533.00 -356.00 -1016.00 0
12147 22.47 -5.84 18.30 -74.00 45.00 220.00 533.00 -356.00 -1016.00 0
12156 51.69 -10.43 20.66 -79.00 63.00 231.00 533.00 -356.00 -1016.00 0
12166 60.45 -12.24 18.16 -80.00 64.00 239.00 533.00 -356.00 -1016.00 0
12175 62.75 -12.24 15.30 -89.00 66.00 242.00 533.00 -356.00 -1016.00 0
12184 61.98 -12.45 14.33 -81.00 44.00 222.00 533.00 -356.00 -1016.00 0
12194 61.08 -14.33 14.40 -67.00 38.00 199.00 533.00 -356.00 -1016.00 0
12204 62.26 -22.05 11.48 -51.00 48.00 191.00 533.00 -356.00 -1016.00 0
12213 74.43 -25.60 7.86 -31.00 80.00 182.00 533.00 -356.00 -1016.00 0
12222 83.90 -27.69 4.73 -23.00 145.00 191.00 533.00 -356.00 -1016.00 0
12231 90.64 -27.62 2.71 -95.00 105.00 243.00 533.00 -356.00 -1016.00 0
12240 90.30 -24.77 0.49 -106.00 38.00 265.00 533.00 -356.00 -1016.00 0
12251 77.08 -19.41 -3.90 -120.00 111.00 295.00 533.00 -356.00 -1016.00 0
12260 33.25 -19.27 -16.07 -82.00 109.00 255.00 533.00 -356.00 -1016.00 0
12269 18.30 -20.73 -16.49 -66.00 68.00 219.00 533.00 -356.00 -1016.00 0
12278 7.44 -21.84 -13.70 -58.00 73.00 210.00 533.00 -356.00 -1016.00 0
12288 0.14 -21.84 -11.27 -51.00 72.00 197.00 533.00 -356.00 -1016.00 0
12297 -5.98 -19.55 -9.60 -44.00 72.00 193.00 533.00 -356.00 -1016.00 0
12307 -19.76 -11.83 -12.73 -45.00 83.00 188.00 533.00 -356.00 -1016.00 0
12316 -24.35 -7.86 -16.90 -61.00 109.00 192.00 533.00 -356.00 -1016.00 0
12325 -24.56 -4.10 -21.63 -63.00 113.00 204.00 533.00 -356.00 -1016.00 0
12335 -23.03 -1.95 -27.62 -77.00 88.00 216.00 533.00 -356.00 -1016.00 0
12344 -20.94 -0.83 -35.27 0.00 4.00 264.00 533.00 -356.00 -1016.00 0
12353 -17.11 2.92 -44.45 354.00 -28.00 185.00 533.00 -356.00 -1016.00 0
12362 -2.30 7.79 -63.65 -119.00 41.00 291.00 533.00 -356.00 -1016.00 0
12371 -11.06 -7.79 -64.07 -5.00 8.00 236.00 533.00 -356.00 -1016.00 0
12382 -18.57 -14.75 -60.80 31.00 2.00 207.00 533.00 -356.00 -1016.00 0
12391 -26.64 -18.57 -54.19 32.00 5.00 177.00 533.00 -356.00 -1016.00 0
12400 -33.11 -25.67 -46.40 26.00 13.00 164.00 433.00 -464.00 -999.00 0
12409 -36.80 -52.10 -25.88 -9.00 39.00 168.00 433.00 -464.00 -999.00 0
12419 -39.10 -65.67 -15.93 -15.00 77.00 217.00 433.00 -464.00 -999.00 0
12428 -40.21 -76.17 -7.10 -33.00 94.00 213.00 433.00 -464.00 -999.00 0
12437 -39.03 -76.73 -0.83 -23.00 87.00 224.00 433.00 -464.00 -999.00 0
12446 -36.80 -72.07 3.76 -22.00 96.00 225.00 433.00 -464.00 -999.00 0
12455 -32.90 -66.57 7.44 70.00 102.00 127.00 433.00 -464.00 -999.00 0
12465 -13.36 -46.61 14.33 -56.00 81.00 215.00 398.00 -464.00 -1051.00 0
12475 -4.24 -37.84 17.60 90.00 35.00 219.00 398.00 -464.00 -1051.00 0
12484 2.37 -32.77 20.38 -69.00 -54.00 277.00 398.00 -464.00 -1051.00 0
12493 3.34 -34.16 24.00 -11.00 -26.00 282.00 398.00 -464.00 -1051.00 0
12503 -4.73 -43.27 25.81 14.00 -28.00 308.00 398.00 -464.00 -1051.00 0
12512 -16.14 -46.89 25.95 -4.00 -5.00 295.00 398.00 -464.00 -1051.00 0
12521 -36.03 -24.83 23.79 -20.00 -8.00 281.00 398.00 -464.00 -1051.00 0
12530 -44.52 -13.70 17.39 -106.00 17.00 180.00 390.00 -456.00 -1068.00 0
12540 -50.85 -11.06 2.16 14.00 60.00 243.00 390.00 -456.00 -1068.00 0
12550 -59.90 -22.26 -21.15 -16.00 40.00 242.00 390.00 -456.00 -1068.00 0
12559 -75.48 -30.33 -39.79 -12.00 32.00 238.00 390.00 -456.00 -1068.00 0
12568 -98.43 -30.05 -63.79 -27.00 29.00 218.00 390.00 -456.00 -1068.00 0
12577 -103.93 -25.53 -76.80 9.00 6.00 223.00 390.00 -456.00 -1068.00 0
12587 -107.20 -24.70 -88.56 6.00 -11.00 231.00 390.00 -456.00 -1068.00 0
12596 -106.43 -23.10 -94.05 16.00 -23.00 233.00 400.00 -367.00 -1043.00 0
12606 -102.54 -19.83 -93.50 4.00 -14.00 238.00 400.00 -367.00 -1043.00 0
12615 -97.53 -12.31 -88.42 6.00 -35.00 231.00 400.00 -367.00 -1043.00 0
12624 -94.33 0.77 -83.48 4.00 -24.00 202.00 400.00 -367.00 -1043.00 0
12634 -95.37 5.01 -78.12 -24.00 3.00 199.00 400.00 -367.00 -1043.00 0
12643 -100.24 8.97 -74.92 -32.00 2.00 183.00 400.00 -367.00 -1043.00 0
12652 -108.10 9.81 -73.81 -40.00 -2.00 197.00 400.00 -367.00 -1043.00 0
12661 -110.61 8.21 -74.43 -31.00 -2.00 198.00 419.00 -298.00 -1074.00 0
12672 -88.63 -1.95 -73.11 -41.00 -13.00 204.00 419.00 -298.00 -1074.00 0
12681 -69.43 -7.44 -71.23 -28.00 -31.00 229.00 419.00 -298.00 -1074.00 0
12690 -48.21 -13.43 -70.12 -38.00 -40.00 225.00 419.00 -298.00 -1074.00 0
12699 -27.34 -17.32 -69.98 12.00 -54.00 232.00 419.00 -298.00 -1074.00 0
12708 -8.56 -14.19 -71.17 19.00 -64.00 247.00 419.00 -298.00 -1074.00 0
12718 3.06 -10.85 -71.93 11.00 -68.00 252.00 419.00 -298.00 -1074.00 0
12727 -0.21 -4.73 -77.91 7.00 -51.00 262.00 426.00 -285.00 -1250.00 0
12736 -9.95 -1.18 -81.81 -17.00 -7.00 253.00 426.00 -285.00 -1250.00 0
12745 -23.79 3.97 -85.57 -49.00 31.00 235.00 426.00 -285.00 -1250.00 0
12755 -40.49 10.02 -88.83 -57.00 27.00 227.00 426.00 -285.00 -1250.00 0
12765 -55.10 16.56 -89.95 -45.00 12.00 228.00 426.00 -285.00 -1250.00 0
12774 -62.40 25.53 -78.89 -33.00 -22.00 228.00 426.00 -285.00 -1250.00 0
12783 -54.89 28.24 -67.41 -27.00 -39.00 237.00 426.00 -285.00 -1250.00 0
12792 -42.64 29.15 -54.26 -8.00 -60.00 246.00 451.00 -238.00 -1190.00 0
12802 -31.58 29.36 -42.99 -3.00 -70.00 237.00 451.00 -238.00 -1190.00 0
12811 -25.60 29.70 -35.48 -7.00 -65.00 230.00 451.00 -238.00 -1190.00 0
12821 -25.46 30.05 -31.72 -18.00 -66.00 220.00 451.00 -238.00 -1190.00 0
12830 -44.24 33.74 -34.92 -48.00 -39.00 192.00 451.00 -238.00 -1190.00 0
12839 -57.25 38.40 -38.68 -84.00 -8.00 184.00 451.00 -238.00 -1190.00 0
12849 -69.91 41.11 -44.52 -96.00 -11.00 186.00 451.00 -238.00 -1190.00 0
12858 -81.95 44.94 -51.76 -108.00 -16.00 190.00 486.00 -183.00 -917.00 0
12867 -89.60 49.53 -59.13 -131.00 -35.00 198.00 486.00 -183.00 -917.00 0
12876 -91.06 55.23 -73.39 -120.00 -65.00 207.00 486.00 -183.00 -917.00 0
12887 -82.16 54.75 -77.77 -85.00 -84.00 203.00 486.00 -183.00 -917.00 0
12896 -75.69 52.52 -78.40 -66.00 -92.00 197.00 486.00 -183.00 -917.00 0
12905 -69.98 51.41 -77.84 -56.00 -102.00 193.00 486.00 -183.00 -917.00 0
12914 -68.38 51.62 -78.96 -55.00 -98.00 182.00 486.00 -183.00 -917.00 0
12923 -73.25 55.10 -82.43 -66.00 -102.00 183.00 522.00 -101.00 -1229.00 0
12933 -95.10 68.45 -98.09 -58.00 -103.00 166.00 522.00 -101.00 -1229.00 0
12942 -104.42 73.74 -104.28 -67.00 -71.00 138.00 522.00 -101.00 -1229.00 0
12952 -108.10 79.03 -108.45 -93.00 -55.00 133.00 522.00 -101.00 -1229.00 0
12961 -107.55 89.04 -114.16 -106.00 -72.00 119.00 522.00 -101.00 -1229.00 0
12971 -105.74 102.89 -122.23 -132.00 -84.00 137.00 522.00 -101.00 -1229.00 0
12981 -88.07 124.59 -136.14 -206.00 -153.00 139.00 522.00 -101.00 -1229.00 0
12990 -71.93 125.70 -138.85 -171.00 -155.00 167.00 565.00 10.00 -1121.00 0
12999 -61.01 122.02 -134.54 -179.00 -160.00 181.00 565.00 10.00 -1121.00 0
13009 -49.04 114.16 -129.46 -145.00 -165.00 191.00 565.00 10.00 -1121.00 0
13019 -40.21 104.14 -127.44 -109.00 -158.00 203.00 565.00 10.00 -1121.00 0
13028 -30.82 80.00 -130.23 -87.00 -157.00 200.00 565.00 10.00 -1121.00 0
13037 -27.20 67.34 -129.67 -65.00 -148.00 191.00 565.00 10.00 -1121.00 0
13047 -24.97 55.58 -125.91 -54.00 -128.00 184.00 565.00 10.00 -1121.00 0
13057 -22.40 44.52 -118.96 -65.00 -120.00 165.00 565.00 10.00 -1121.00 0
13066 -19.55 35.41 -109.15 -83.00 -122.00 162.00 565.00 10.00 -1121.00 0
13075 -15.79 27.97 -86.61 -81.00 -137.00 196.00 565.00 10.00 -1121.00 0
13084 -14.82 30.05 -75.41 -102.00 -166.00 194.00 565.00 10.00 -1121.00 0
13094 -22.47 49.11 -63.03 -106.00 -208.00 223.00 565.00 10.00 -1121.00 0
13104 -36.73 74.30 -44.87 -89.00 -175.00 212.00 565.00 10.00 -1121.00 0
13113 -49.18 87.03 -25.53 -60.00 -147.00 240.00 565.00 10.00 -1121.00 0
13122 -59.48 93.91 -13.70 -61.00 -178.00 222.00 565.00 10.00 -1121.00 0
13131 -64.97 112.49 -22.68 -77.00 -189.00 201.00 565.00 10.00 -1121.00 0
13140 -59.48 118.05 -28.17 -130.00 -201.00 169.00 565.00 10.00 -1121.00 0
13151 -49.32 118.68 -32.21 -146.00 -185.00 171.00 565.00 10.00 -1121.00 0
13160 -39.79 119.10 -37.70 -153.00 -185.00 146.00 565.00 10.00 -1121.00 0
13169 -35.34 122.23 -46.05 -157.00 -172.00 162.00 565.00 10.00 -1121.00 0
13178 -42.85 122.71 -58.37 -148.00 -226.00 152.00 565.00 10.00 -1121.00 0
13189 -45.91 116.52 -55.93 -130.00 -210.00 151.00 565.00 10.00 -1121.00 0
13198 -44.10 107.55 -54.61 -112.00 -188.00 184.00 565.00 10.00 -1121.00 0
13207 -38.05 99.06 -53.63 -125.00 -189.00 133.00 565.00 10.00 -1121.00 0
13216 -30.82 87.86 -52.31 -88.00 -174.00 163.00 565.00 10.00 -1121.00 0
13227 -12.10 58.92 -50.43 -84.00 -170.00 184.00 565.00 10.00 -1121.00 0
13236 -4.73 48.70 -48.07 -96.00 -185.00 152.00 565.00 10.00 -1121.00 0
13245 -4.38 49.67 -42.85 -126.00 -169.00 120.00 565.00 10.00 -1121.00 0
13254 -5.91 51.69 -33.81 -109.00 -157.00 147.00 565.00 10.00 -1121.00 0
13263 -6.40 50.92 -24.28 -97.00 -160.00 163.00 565.00 10.00 -1121.00 0
13273 -6.12 47.86 -13.22 -96.00 -169.00 178.00 565.00 10.00 -1121.00 0
13282 -5.22 41.11 -12.52 -118.00 -185.00 159.00 565.00 10.00 -1121.00 0
13291 -5.08 39.93 -14.47 -118.00 -189.00 151.00 565.00 10.00 -1121.00 0
13301 -6.75 42.30 -18.23 -120.00 -285.00 143.00 565.00 10.00 -1121.00 0
13310 -2.09 50.02 -19.48 -112.00 -191.00 163.00 565.00 10.00 -1121.00 0
13320 -0.97 61.22 -18.78 -116.00 -200.00 129.00 565.00 10.00 -1121.00 0
13329 -30.19 56.83 -25.95 -125.00 -185.00 137.00 565.00 10.00 -1121.00 0
13338 -49.95 47.10 -32.14 -194.00 -151.00 108.00 565.00 10.00 -1121.00 0
13347 -64.97 36.17 -40.42 -116.00 -159.00 139.00 565.00 10.00 -1121.00 0
13358 -63.72 27.13 -54.47 -81.00 -194.00 150.00 565.00 10.00 -1121.00 0
13367 -58.16 19.20 -69.36 -67.00 -181.00 136.00 565.00 10.00 -1121.00 0
13376 -56.42 8.21 -92.66 -86.00 -181.00 116.00 565.00 10.00 -1121.00 0
13385 -55.72 3.76 -97.11 -96.00 -134.00 108.00 565.00 10.00 -1121.00 0
13394 -62.12 0.28 -96.28 -104.00 -177.00 113.00 565.00 10.00 -1121.00 0
13404 -71.30 -0.70 -91.48 -80.00 -432.00 69.00 565.00 10.00 -1121.00 0
13413 -74.16 2.43 -87.10 -78.00 -191.00 109.00 565.00 10.00 -1121.00 0
13423 -60.52 5.98 -88.63 -99.00 -192.00 107.00 565.00 10.00 -1121.00 0
13432 -38.54 12.03 -76.24 -88.00 -225.00 93.00 565.00 10.00 -1121.00 0
13442 -27.83 14.05 -67.48 -80.00 -202.00 97.00 565.00 10.00 -1121.00 0
13451 -20.66 14.33 -60.03 -116.00 -163.00 106.00 565.00 10.00 -1121.00 0
13460 -19.69 14.40 -50.02 -66.00 -204.00 123.00 565.00 10.00 -1121.00 0
13469 -20.24 15.23 -40.77 -24.00 -308.00 109.00 565.00 10.00 -1121.00 0
13478 -25.81 15.30 -31.86 -66.00 -150.00 138.00 565.00 10.00 -1121.00 0
13488 -31.30 18.64 -11.90 105.00 -294.00 -67.00 565.00 10.00 -1121.00 0
13498 -42.57 14.82 -12.94 -111.00 -286.00 234.00 565.00 10.00 -1121.00 0
13507 -50.30 9.67 -19.90 -77.00 -215.00 123.00 565.00 10.00 -1121.00 0
13516 -48.97 5.91 -28.94 -84.00 -225.00 106.00 565.00 10.00 -1121.00 0
13526 -41.32 5.70 -35.76 -72.00 -238.00 88.00 565.00 10.00 -1121.00 0
13535 -20.45 2.37 -35.34 -77.00 -220.00 113.00 565.00 10.00 -1121.00 0
13544 -14.19 2.85 -33.04 -86.00 -233.00 110.00 565.00 10.00 -1121.00 0
13553 -9.11 4.17 -29.70 -118.00 -258.00 130.00 565.00 10.00 -1121.00 0
13562 -6.12 5.57 -26.43 -78.00 -208.00 80.00 565.00 10.00 -1121.00 0
13572 -5.57 5.91 -24.63 -66.00 -204.00 68.00 565.00 10.00 -1121.00 0
13581 -6.54 6.68 -24.14 -43.00 -191.00 48.00 624.00 420.00 -975.00 0
13590 -9.74 8.28 -19.90 -66.00 -228.00 106.00 624.00 420.00 -975.00 0
13599 -9.25 6.54 -16.63 -62.00 -221.00 118.00 624.00 420.00 -975.00 0
13609 -8.49 2.16 -14.54 -63.00 -198.00 62.00 624.00 420.00 -975.00 0
13619 -8.56 -1.74 -13.36 -61.00 -217.00 74.00 624.00 420.00 -975.00 0
13628 -12.38 -2.92 -12.52 -40.00 -184.00 73.00 624.00 420.00 -975.00 0
13637 -18.02 -1.67 -13.36 -85.00 -192.00 125.00 624.00 420.00 -975.00 0
13646 -34.02 -3.48 -20.66 -61.00 -191.00 154.00 617.00 423.00 -994.00 0
13656 -50.99 -7.79 -23.30 -75.00 -226.00 101.00 617.00 423.00 -994.00 0
13665 -61.22 -12.38 -24.35 -58.00 -215.00 118.00 617.00 423.00 -994.00 0
13674 -71.58 -16.83 -26.50 -74.00 -246.00 68.00 617.00 423.00 -994.00 0
13683 -87.72 -20.24 -29.29 -65.00 -183.00 128.00 617.00 423.00 -994.00 0
13692 -103.79 -21.84 -42.43 -64.00 -198.00 102.00 617.00 423.00 -994.00 0
13703 -152.56 -23.51 -53.08 -216.00 -463.00 -39.00 617.00 423.00 -994.00 0
13712 -134.12 -25.95 -69.22 -176.00 -350.00 115.00 578.00 451.00 -1028.00 0
13721 -105.11 -29.50 -72.63 -85.00 -419.00 -51.00 578.00 451.00 -1028.00 0
13730 -86.61 -31.44 -67.13 -81.00 -386.00 114.00 578.00 451.00 -1028.00 0
13741 -67.76 -30.61 -56.83 -20.00 -272.00 88.00 578.00 451.00 -1028.00 0
13750 -43.90 -24.97 -39.03 -212.00 -422.00 -22.00 578.00 451.00 -1028.00 0
13759 -35.20 -21.57 -28.59 -73.00 -287.00 8.00 578.00 451.00 -1028.00 0
13768 -28.59 -18.92 -18.16 -56.00 -295.00 84.00 578.00 451.00 -1028.00 0
13777 -23.86 -18.99 -8.90 -29.00 -247.00 -24.00 588.00 429.00 -921.00 0
13787 -21.15 -21.43 -2.02 -59.00 -298.00 185.00 588.00 429.00 -921.00 0
13796 -15.65 -20.94 7.23 -42.00 -249.00 63.00 588.00 429.00 -921.00 0
13806 -13.98 -19.97 9.53 -40.00 -264.00 11.00 588.00 429.00 -921.00 0
13815 -12.24 -19.41 8.97 -49.00 -257.00 40.00 588.00 429.00 -921.00 0
13825 -11.06 -17.81 7.03 -38.00 -252.00 70.00 588.00 429.00 -921.00 0
13834 -10.02 -15.30 4.24 -46.00 -251.00 69.00 588.00 429.00 -921.00 0
13843 -8.83 -11.90 0.56 -48.00 -252.00 68.00 591.00 425.00 -914.00 0
13852 -6.47 -6.26 -6.26 -40.00 -255.00 69.00 591.00 425.00 -914.00 0
13861 -5.98 -5.57 -8.49 -40.00 -254.00 69.00 591.00 425.00 -914.00 0
13871 -5.63 -4.94 -9.32 -37.00 -257.00 69.00 591.00 425.00 -914.00 0
13880 -5.22 -4.03 -8.77 -44.00 -255.00 70.00 591.00 425.00 -914.00 0
13889 -4.87 -3.34 -7.17 -43.00 -252.00 67.00 591.00 425.00 -914.00 0
13898 -4.52 -2.64 -5.15 -45.00 -253.00 69.00 591.00 425.00 -914.00 0
13907 -3.97 -1.39 -1.32 -46.00 -251.00 69.00 592.00 423.00 -1113.00 0
13917 -3.83 -1.11 -0.42 -48.00 -253.00 70.00 592.00 423.00 -1113.00 0
13926 -3.90 -1.32 -0.35 -46.00 -247.00 70.00 592.00 423.00 -1113.00 0
13935 -4.03 -1.81 -1.11 -43.00 -254.00 69.00 592.00 423.00 -1113.00 0
13944 -4.10 -2.02 -2.37 -45.00 -253.00 73.00 592.00 423.00 -1113.00 0
13954 -4.10 -2.16 -3.55 -46.00 -256.00 72.00 592.00 423.00 -1113.00 0
13963 -4.03 -1.25 -4.52 -45.00 -255.00 69.00 592.00 423.00 -1113.00 0
13972 -3.76 -0.90 -4.31 -43.00 -255.00 70.00 587.00 425.00 -1096.00 0
13981 -3.69 -1.04 -3.97 -45.00 -252.00 68.00 587.00 425.00 -1096.00 0
13990 -3.69 -1.11 -3.55 -45.00 -254.00 69.00 587.00 425.00 -1096.00 0
14000 -3.69 -1.11 -3.13 -47.00 -253.00 66.00 587.00 425.00 -1096.00 0
14009 -3.69 -1.11 -2.85 -43.00 -252.00 69.00 587.00 425.00 -1096.00 0
14018 -3.69 -1.11 -2.57 -44.00 -251.00 67.00 587.00 425.00 -1096.00 0
14027 -3.62 -1.11 -2.43 -46.00 -253.00 70.00 587.00 425.00 -1096.00 0
14036 -3.69 -1.11 -2.30 -45.00 -252.00 70.00 587.00 425.00 -1062.00 0
14046 -3.69 -1.11 -2.16 -46.00 -251.00 70.00 587.00 425.00 -1062.00 0
14055 -3.69 -1.18 -2.30 -43.00 -253.00 69.00 587.00 425.00 -1062.00 0
14064 -3.69 -1.18 -2.50 -45.00 -250.00 68.00 587.00 425.00 -1062.00 0
14073 -3.69 -1.32 -2.85 -42.00 -253.00 70.00 587.00 425.00 -1062.00 0
14083 -3.76 -1.32 -2.85 -45.00 -250.00 69.00 587.00 425.00 -1062.00 0
14092 -3.76 -1.32 -2.71 -43.00 -253.00 68.00 587.00 425.00 -1062.00 0
14101 -3.69 -1.32 -2.57 -45.00 -253.00 71.00 587.00 425.00 -1062.00 0
14110 -3.69 -1.25 -2.43 -46.00 -251.00 72.00 587.00 425.00 -1062.00 0
14119 -3.69 -1.18 -2.37 -45.00 -253.00 67.00 587.00 425.00 -1062.00 0
14129 -3.62 -1.11 -2.30 -44.00 -253.00 69.00 587.00 425.00 -1062.00 0
14138 -3.62 -1.11 -2.30 -47.00 -252.00 71.00 587.00 425.00 -1062.00 0
14147 -3.69 -1.18 -2.37 -44.00 -253.00 75.00 587.00 425.00 -1062.00 0
14156 -3.76 -1.18 -2.37 -43.00 -254.00 68.00 587.00 425.00 -1062.00 0
14166 -3.76 -1.18 -2.37 -43.00 -255.00 72.00 587.00 425.00 -1062.00 0
14175 -3.83 -1.25 -2.43 -47.00 -253.00 67.00 587.00 425.00 -1062.00 0
14184 -3.76 -1.25 -2.43 -45.00 -254.00 71.00 587.00 425.00 -1062.00 0
14193 -3.83 -1.25 -2.43 -46.00 -254.00 69.00 587.00 425.00 -1062.00 0
14202 -3.83 -1.25 -2.37 -40.00 -255.00 71.00 587.00 425.00 -1062.00 0
14213 -3.83 -1.18 -2.30 -44.00 -255.00 72.00 587.00 425.00 -1062.00 0
14222 -3.76 -1.18 -2.23 -46.00 -251.00 67.00 587.00 425.00 -1062.00 0
14231 -3.76 -1.18 -2.23 -42.00 -252.00 68.00 587.00 425.00 -1062.00 0
14240 -3.76 -1.18 -2.16 -42.00 -254.00 70.00 583.00 424.00 -926.00 0
14249 -3.76 -1.11 -2.09 -43.00 -253.00 66.00 583.00 424.00 -926.00 0
14259 -3.76 -1.18 -2.09 -43.00 -252.00 67.00 583.00 424.00 -926.00 0
14268 -3.76 -1.11 -2.09 -46.00 -251.00 67.00 583.00 424.00 -926.00 0
14276 -3.76 -1.11 -2.23 -45.00 -254.00 69.00 583.00 424.00 -926.00 0
14285 -3.76 -1.11 -2.23 -45.00 -253.00 70.00 583.00 424.00 -926.00 0
14295 -3.76 -1.18 -2.23 -44.00 -253.00 71.00 583.00 424.00 -926.00 0
14304 -3.76 -1.11 -2.23 -42.00 -254.00 71.00 583.00 424.00 -926.00 0
14313 -3.76 -1.11 -2.16 -44.00 -254.00 67.00 583.00 424.00 -926.00 0
14322 -3.76 -1.18 -2.09 -45.00 -252.00 65.00 583.00 424.00 -926.00 0
14331 -3.76 -1.18 -2.02 -46.00 -253.00 69.00 583.00 424.00 -926.00 0
14341 -3.69 -1.18 -2.02 -43.00 -251.00 67.00 583.00 424.00 -926.00 0
14350 -3.69 -1.18 -2.09 -44.00 -253.00 71.00 583.00 424.00 -926.00 0
14359 -3.76 -1.18 -2.09 -44.00 -253.00 68.00 583.00 424.00 -926.00 0
14368 -3.76 -1.18 -2.02 -43.00 -255.00 72.00 585.00 428.00 -1013.00 0
14377 -3.76 -1.18 -2.02 -44.00 -258.00 67.00 585.00 428.00 -1013.00 0
14387 -3.76 -1.18 -2.02 -43.00 -254.00 72.00 585.00 428.00 -1013.00 0
14396 -3.76 -1.18 -1.95 -46.00 -253.00 74.00 585.00 428.00 -1013.00 0
14405 -3.69 -1.11 -2.02 -44.00 -254.00 69.00 585.00 428.00 -1013.00 0
14414 -3.69 -1.18 -2.09 -43.00 -252.00 71.00 585.00 428.00 -1013.00 0
14424 -3.69 -1.11 -2.09 -45.00 -252.00 67.00 585.00 428.00 -1013.00 0
14433 -3.62 -1.11 -2.02 -44.00 -249.00 68.00 582.00 428.00 -1100.00 0
14442 -3.62 -1.18 -1.95 -46.00 -254.00 69.00 582.00 428.00 -1100.00 0
14452 -3.62 -1.18 -1.95 -45.00 -254.00 70.00 582.00 428.00 -1100.00 0
14461 -3.55 -1.18 -1.88 -44.00 -254.00 69.00 582.00 428.00 -1100.00 0
14471 -3.55 -1.18 -2.02 -42.00 -253.00 68.00 582.00 428.00 -1100.00 0
14480 -3.62 -1.18 -2.02 -45.00 -256.00 72.00 582.00 428.00 -1100.00 0
14489 -3.69 -1.18 -2.02 -43.00 -254.00 70.00 582.00 428.00 -1100.00 0
14498 -3.62 -1.18 -2.02 -45.00 -252.00 70.00 585.00 427.00 -1069.00 0
14508 -3.62 -1.18 -2.02 -41.00 -254.00 69.00 585.00 427.00 -1069.00 0
14517 -3.62 -1.11 -1.95 -47.00 -254.00 72.00 585.00 427.00 -1069.00 0
14526 -3.69 -1.11 -1.95 -46.00 -252.00 69.00 585.00 427.00 -1069.00 0
14535 -3.69 -1.11 -1.95 -44.00 -254.00 69.00 585.00 427.00 -1069.00 0
14544 -3.69 -1.04 -1.88 -42.00 -252.00 68.00 585.00 427.00 -1069.00 0
14554 -3.62 -1.04 -1.95 -39.00 -252.00 66.00 585.00 427.00 -1069.00 0
14563 -3.62 -0.97 -1.88 -46.00 -254.00 68.00 582.00 429.00 -1211.00 0
14572 -3.62 -0.97 -1.88 -39.00 -253.00 68.00 582.00 429.00 -1211.00 0
14581 -3.69 -0.97 -1.95 -43.00 -253.00 71.00 582.00 429.00 -1211.00 0
14590 -3.69 -1.04 -1.95 -46.00 -254.00 69.00 582.00 429.00 -1211.00 0
14600 -3.62 -1.04 -1.95 -46.00 -255.00 70.00 582.00 429.00 -1211.00 0
14609 -3.62 -1.04 -1.95 -42.00 -254.00 68.00 582.00 429.00 -1211.00 0
14618 -3.62 -1.11 -1.88 -44.00 -256.00 69.00 582.00 429.00 -1211.00 0
14627 -3.62 -1.11 -1.88 -45.00 -255.00 69.00 583.00 427.00 -1042.00 0
14637 -3.62 -1.11 -1.88 -43.00 -254.00 72.00 583.00 427.00 -1042.00 0
14646 -3.69 -1.11 -1.95 -44.00 -252.00 67.00 583.00 427.00 -1042.00 0
14655 -3.62 -1.11 -1.95 -44.00 -252.00 69.00 583.00 427.00 -1042.00 0
14664 -3.69 -1.11 -1.95 -45.00 -253.00 66.00 583.00 427.00 -1042.00 0
14673 -3.69 -1.11 -1.88 -43.00 -255.00 69.00 583.00 427.00 -1042.00 0
14683 -3.76 -1.04 -1.88 -43.00 -252.00 68.00 583.00 427.00 -1042.00 0
14692 -3.76 -1.04 -1.88 -44.00 -253.00 72.00 583.00 427.00 -1042.00 0
14701 -3.76 -1.04 -1.95 -43.00 -253.00 68.00 583.00 427.00 -1042.00 0
14710 -3.69 -1.04 -1.95 -41.00 -254.00 70.00 583.00 427.00 -1042.00 0
14720 -3.69 -1.11 -1.95 -42.00 -249.00 68.00 583.00 427.00 -1042.00 0
14729 -3.69 -1.11 -1.95 -43.00 -252.00 70.00 583.00 427.00 -1042.00 0
14738 -3.76 -1.04 -1.88 -44.00 -256.00 69.00 583.00 427.00 -1042.00 0
14747 -3.69 -0.97 -1.88 -46.00 -255.00 69.00 583.00 427.00 -1042.00 0
14756 -3.69 -0.97 -1.95 -45.00 -251.00 68.00 583.00 427.00 -1042.00 0
14766 -3.62 -0.97 -1.95 -43.00 -253.00 71.00 583.00 427.00 -1042.00 0
14775 -3.62 -0.97 -1.88 -41.00 -255.00 66.00 583.00 427.00 -1042.00 0
14784 -3.62 -0.97 -1.81 -43.00 -252.00 69.00 583.00 427.00 -1042.00 0
14793 -3.62 -1.04 -1.81 -43.00 -252.00 67.00 583.00 427.00 -1042.00 0
14802 -3.69 -1.04 -1.81 -41.00 -256.00 72.00 583.00 427.00 -1042.00 0
14812 -3.69 -1.04 -1.81 -43.00 -255.00 68.00 583.00 427.00 -1042.00 0
14821 -3.69 -1.04 -1.81 -43.00 -254.00 73.00 583.00 427.00 -1042.00 0
14831 -3.76 -1.04 -1.88 -43.00 -255.00 73.00 581.00 427.00 -1002.00 0
14840 -3.69 -1.04 -1.81 -47.00 -251.00 68.00 581.00 427.00 -1002.00 0
14850 -3.69 -1.11 -1.81 -45.00 -254.00 67.00 581.00 427.00 -1002.00 0
14859 -3.69 -0.97 -1.74 -42.00 -256.00 68.00 581.00 427.00 -1002.00 0
14868 -3.76 -0.97 -1.74 -46.00 -255.00 67.00 581.00 427.00 -1002.00 0
14877 -3.69 -0.97 -1.81 -48.00 -255.00 74.00 581.00 427.00 -1002.00 0
14886 -3.69 -1.04 -1.81 -42.00 -255.00 65.00 581.00 427.00 -1002.00 0
14896 -3.62 -1.04 -1.81 -42.00 -254.00 71.00 581.00 427.00 -1002.00 0
14905 -3.69 -1.04 -1.81 -42.00 -251.00 69.00 581.00 427.00 -1002.00 0
14914 -3.76 -0.97 -1.67 -41.00 -250.00 68.00 581.00 427.00 -1002.00 0
14923 -3.76 -0.97 -1.67 -43.00 -253.00 68.00 581.00 427.00 -1002.00 0
14932 -3.69 -0.97 -1.67 -44.00 -252.00 68.00 581.00 427.00 -1002.00 0
14942 -3.69 -1.04 -1.81 -43.00 -253.00 67.00 581.00 427.00 -1002.00 0
14951 -3.69 -1.04 -1.81 -43.00 -254.00 69.00 581.00 427.00 -1002.00 0
14960 -3.69 -0.97 -1.81 -41.00 -255.00 67.00 581.00 427.00 -1002.00 0
14969 -3.69 -1.04 -1.74 -43.00 -253.00 69.00 581.00 427.00 -1002.00 0
14979 -3.62 -1.11 -1.74 -44.00 -254.00 67.00 581.00 427.00 -1002.00 0